[A](2019-11-05  12:00:42 am)[037] 자동결선 잔여 WIRE 처리 실패!!
[I](2019-11-05  12:01:37 am)작업중 정지 [d:26][t:00:38:22]
[I](2019-11-05  12:01:37 am)    [LNo:0008] 000165/000226
[I](2019-11-05  12:14:00 am)작업중 정지 [d:38][t:00:50:45]
[I](2019-11-05  12:14:00 am)    [LNo:0008] 000190/000226
[I](2019-11-05  12:14:22 am)작업 재시작
[I](2019-11-05  12:14:27 am)작업중 정지 [d:38][t:00:51:12]
[I](2019-11-05  12:14:27 am)    [LNo:0008] 000192/000226
[I](2019-11-05  12:14:27 am)작업중 M코드정지 [d:38][t:00:51:13]
[I](2019-11-05  12:18:47 am)작업중 정지 [d:42][t:00:55:32]
[I](2019-11-05  12:18:47 am)    [LNo:0008] 000222/000226
[I](2019-11-05  12:18:47 am)작업중 M코드정지 [d:42][t:00:55:32]
[A](2019-11-05  12:18:58 am)[084] Work Tank Fluid Sensor Abnormal
[A](2019-11-05  12:18:58 am)[084] Work Tank Fluid Sensor Abnormal
[A](2019-11-05  12:18:58 am)[084] Work Tank Fluid Sensor Abnormal
[A](2019-11-05  12:18:59 am)[084] Work Tank Fluid Sensor Abnormal
[A](2019-11-05  12:19:00 am)[084] Work Tank Fluid Sensor Abnormal
[I](2019-11-05  12:19:28 am)Reset
[I](2019-11-05  12:19:49 am)Reset
[I](2019-11-05  12:23:05 am)Reset
[I](2019-11-05  12:24:22 am)Reset
[I](2019-11-05  12:24:29 am)Reset
[I](2019-11-05  12:24:49 am)Reset
[I](2019-11-05  12:24:57 am)Reset
[A](2019-11-05  12:25:21 am)[037] 자동결선 잔여 WIRE 처리 실패!!
[I](2019-11-05  12:25:39 am)Reset
[I](2019-11-05  12:26:06 am)작업 시작 [Start d:150]
[I](2019-11-05  12:26:06 am)Nc File: [No.0007-586.NC]
[I](2019-11-05  12:26:06 am)  * Start Machine Position
[I](2019-11-05  12:26:06 am)    X:    124.0641
[I](2019-11-05  12:26:06 am)    Y:   -295.0009
[I](2019-11-05  12:26:06 am)    U:      0.0000
[I](2019-11-05  12:26:06 am)    V:      0.0000
[I](2019-11-05  12:26:06 am)    Z:     22.6281
[I](2019-11-05  12:26:06 am)  * Angle
[I](2019-11-05  12:26:06 am)    Ar:      0.2709,Kr:      0.0000
[I](2019-11-05  12:26:06 am)    Taper_Ar:      0.0000
[I](2019-11-05  12:40:41 am)작업중 정지 [d:13][t:00:14:34]
[I](2019-11-05  12:40:41 am)    [LNo:0007] 000093/000282
[I](2019-11-05  12:40:41 am)작업중 M코드정지 [d:13][t:00:14:34]
[I](2019-11-05  12:45:51 am)작업중 정지 [d:14][t:00:19:44]
[I](2019-11-05  12:45:51 am)    [LNo:0007] 000094/000282
[I](2019-11-05  12:46:11 am)작업 재시작
[I](2019-11-05  12:46:17 am)작업중 정지 [d:14][t:00:20:10]
[I](2019-11-05  12:46:17 am)    [LNo:0007] 000096/000282
[I](2019-11-05  12:46:17 am)작업중 M코드정지 [d:14][t:00:20:10]
[I](2019-11-05  12:50:59 am)작업중 정지 [d:18][t:00:24:52]
[I](2019-11-05  12:50:59 am)    [LNo:0007] 000129/000282
[A](2019-11-05  12:50:59 am)[009] 자동결선 Error(M20-삽입실패)
[A](2019-11-05  12:56:00 am)[001] 와이어 미동작
[A](2019-11-05  12:56:01 am)[001] 와이어 미동작
[A](2019-11-05  12:56:02 am)[001] 와이어 미동작
[A](2019-11-05  12:56:03 am)[001] 와이어 미동작
[A](2019-11-05  12:56:07 am)[001] 와이어 미동작
[A](2019-11-05  12:56:07 am)[001] 와이어 미동작
[A](2019-11-05  12:56:22 am)[001] 와이어 미동작
[A](2019-11-05  12:56:23 am)[001] 와이어 미동작
[A](2019-11-05  12:56:28 am)[001] 와이어 미동작
[A](2019-11-05  12:56:31 am)[001] 와이어 미동작
[A](2019-11-05  12:56:34 am)[038] 자동결선 FEED MOTOR ALARM !!
[A](2019-11-05  12:56:39 am)[001] 와이어 미동작
[A](2019-11-05  12:56:40 am)[038] 자동결선 FEED MOTOR ALARM !!
[A](2019-11-05  12:56:44 am)[038] 자동결선 FEED MOTOR ALARM !!
[A](2019-11-05  12:56:44 am)[038] 자동결선 FEED MOTOR ALARM !!
[A](2019-11-05  12:56:45 am)[038] 자동결선 FEED MOTOR ALARM !!
[A](2019-11-05  12:56:46 am)[038] 자동결선 FEED MOTOR ALARM !!
[A](2019-11-05  12:56:46 am)[038] 자동결선 FEED MOTOR ALARM !!
[A](2019-11-05  12:56:47 am)[038] 자동결선 FEED MOTOR ALARM !!
[A](2019-11-05  12:56:48 am)[038] 자동결선 FEED MOTOR ALARM !!
[A](2019-11-05  12:56:49 am)[038] 자동결선 FEED MOTOR ALARM !!
[A](2019-11-05  12:56:49 am)[038] 자동결선 FEED MOTOR ALARM !!
[I](2019-11-05  12:56:57 am)Reset
[I](2019-11-05  12:56:57 am)Reset
[I](2019-11-05  12:57:19 am)작업 시작 [Start d:168]
[I](2019-11-05  12:57:19 am)Nc File: [No.0007-586.NC]
[I](2019-11-05  12:57:19 am)  * Start Machine Position
[I](2019-11-05  12:57:19 am)    X:     44.5063
[I](2019-11-05  12:57:19 am)    Y:   -388.6981
[I](2019-11-05  12:57:19 am)    U:      0.0000
[I](2019-11-05  12:57:19 am)    V:      0.0000
[I](2019-11-05  12:57:19 am)    Z:     22.6281
[I](2019-11-05  12:57:19 am)  * Angle
[I](2019-11-05  12:57:19 am)    Ar:      0.2709,Kr:      0.0000
[I](2019-11-05  12:57:19 am)    Taper_Ar:      0.0000
[I](2019-11-05  01:11:02 am)작업중 정지 [d:14][t:00:13:42]
[I](2019-11-05  01:11:02 am)    [LNo:0007] 000153/000282
[I](2019-11-05  01:11:02 am)작업중 M코드정지 [d:14][t:00:13:42]
[I](2019-11-05  01:20:06 am)작업중 정지 [d:14][t:00:22:47]
[I](2019-11-05  01:20:06 am)    [LNo:0007] 000154/000282
[I](2019-11-05  01:20:07 am)작업중 30sec 접촉 정지 [d:14][t:00:22:47]
[I](2019-11-05  01:20:30 am)작업 재시작
[I](2019-11-05  01:20:39 am)작업중 정지 [d:14][t:00:23:19]
[I](2019-11-05  01:20:39 am)    [LNo:0007] 000156/000282
[I](2019-11-05  01:20:39 am)작업중 M코드정지 [d:14][t:00:23:19]
[A](2019-11-05  01:20:43 am)[001] 와이어 미동작
[I](2019-11-05  01:30:36 am)작업중 정지 [d:22][t:00:33:16]
[I](2019-11-05  01:30:36 am)    [LNo:0007] 000206/000282
[I](2019-11-05  01:30:36 am)작업중 M코드정지 [d:22][t:00:33:16]
[I](2019-11-05  01:36:57 am)작업중 정지 [d:22][t:00:39:38]
[I](2019-11-05  01:36:57 am)    [LNo:0007] 000207/000282
[I](2019-11-05  01:36:57 am)작업중 30sec 접촉 정지 [d:22][t:00:39:38]
[I](2019-11-05  01:37:14 am)작업 재시작
[I](2019-11-05  01:44:58 am)작업중 정지 [d:29][t:00:47:38]
[I](2019-11-05  01:44:58 am)    [LNo:0007] 000252/000282
[I](2019-11-05  01:44:58 am)작업중 M코드정지 [d:29][t:00:47:38]
[I](2019-11-05  01:47:21 am)작업중 정지 [d:29][t:00:50:01]
[I](2019-11-05  01:47:21 am)    [LNo:0007] 000253/000282
[I](2019-11-05  01:47:21 am)작업중 30sec 접촉 정지 [d:29][t:00:50:01]
[I](2019-11-05  01:47:35 am)작업 재시작
[I](2019-11-05  01:47:44 am)작업중 정지 [d:29][t:00:50:24]
[I](2019-11-05  01:47:44 am)    [LNo:0007] 000255/000282
[I](2019-11-05  01:47:44 am)작업중 M코드정지 [d:29][t:00:50:24]
[I](2019-11-05  01:49:47 am)작업중 정지 [d:30][t:00:52:27]
[I](2019-11-05  01:49:47 am)    [LNo:0007] 000278/000282
[I](2019-11-05  01:49:47 am)작업중 M코드정지 [d:30][t:00:52:27]
[I](2019-11-05  01:49:49 am)Reset
[I](2019-11-05  01:49:49 am)Reset
[I](2019-11-05  01:49:50 am)Reset
[I](2019-11-05  01:49:51 am)작업 시작 [Start d:198]
[I](2019-11-05  01:49:51 am)Nc File: [No.0007-586.NC]
[I](2019-11-05  01:49:51 am)  * Start Machine Position
[I](2019-11-05  01:49:51 am)    X:    124.0641
[I](2019-11-05  01:49:51 am)    Y:   -295.0009
[I](2019-11-05  01:49:51 am)    U:      0.0000
[I](2019-11-05  01:49:51 am)    V:      0.0000
[I](2019-11-05  01:49:51 am)    Z:     22.6281
[I](2019-11-05  01:49:51 am)  * Angle
[I](2019-11-05  01:49:51 am)    Ar:      0.2709,Kr:      0.0000
[I](2019-11-05  01:49:51 am)    Taper_Ar:      0.0000
[I](2019-11-05  03:02:57 am)작업중 정지 [d:73][t:01:13:06]
[I](2019-11-05  03:02:57 am)    [LNo:0007] 000035/000282
[I](2019-11-05  03:02:57 am)작업중 M코드정지 [d:73][t:01:13:06]
[I](2019-11-05  03:12:52 am)작업중 정지 [d:74][t:01:23:01]
[I](2019-11-05  03:12:52 am)    [LNo:0007] 000038/000282
[I](2019-11-05  03:12:52 am)작업중 M코드정지 [d:74][t:01:23:01]
[I](2019-11-05  03:34:20 am)작업중 정지 [d:95][t:01:44:28]
[I](2019-11-05  03:34:20 am)    [LNo:0007] 000066/000282
[I](2019-11-05  03:40:49 am)Reset
[I](2019-11-05  03:42:56 am)Reset
[I](2019-11-05  03:43:43 am)Reset
[I](2019-11-05  03:43:51 am)Reset
[I](2019-11-05  03:44:20 am)Reset
[I](2019-11-05  03:44:30 am)Reset
[I](2019-11-05  03:45:23 am)작업 시작 [Start d:293]
[I](2019-11-05  03:45:23 am)Nc File: [No.0005-280.NC]
[I](2019-11-05  03:45:23 am)  * Start Machine Position
[I](2019-11-05  03:45:23 am)    X:    204.8214
[I](2019-11-05  03:45:23 am)    Y:   -358.2598
[I](2019-11-05  03:45:23 am)    U:     -0.2601
[I](2019-11-05  03:45:23 am)    V:      0.0032
[I](2019-11-05  03:45:23 am)    Z:     81.9966
[I](2019-11-05  03:45:23 am)  * Angle
[I](2019-11-05  03:45:23 am)    Ar:      1.4799,Kr:      0.0000
[I](2019-11-05  03:45:23 am)    Taper_Ar:      0.0000
[I](2019-11-05  03:45:29 am)작업중 정지 [d:0][t:00:00:05]
[I](2019-11-05  03:45:29 am)    [LNo:0005] 000010/000307
[I](2019-11-05  03:45:29 am)작업중 M코드정지 [d:0][t:00:00:05]
[I](2019-11-05  03:45:32 am)작업중 정지 [d:0][t:00:00:08]
[I](2019-11-05  03:45:32 am)    [LNo:0005] 000012/000307
[I](2019-11-05  03:45:32 am)작업중 M코드정지 [d:0][t:00:00:08]
[I](2019-11-05  03:45:35 am)작업중 정지 [d:0][t:00:00:11]
[I](2019-11-05  03:45:35 am)    [LNo:0005] 000014/000307
[I](2019-11-05  03:45:35 am)작업중 M코드정지 [d:0][t:00:00:11]
[I](2019-11-05  03:45:51 am)작업중 정지 [d:0][t:00:00:27]
[I](2019-11-05  03:45:51 am)    [LNo:0005] 000017/000307
[I](2019-11-05  03:45:51 am)작업중 M코드정지 [d:0][t:00:00:27]
[I](2019-11-05  03:56:51 am)작업중 정지 [d:11][t:00:11:27]
[I](2019-11-05  03:56:51 am)    [LNo:0005] 000036/000307
[I](2019-11-05  03:56:51 am)작업중 M코드정지 [d:11][t:00:11:27]
[I](2019-11-05  03:58:43 am)작업중 정지 [d:12][t:00:13:19]
[I](2019-11-05  03:58:43 am)    [LNo:0005] 000062/000307
[I](2019-11-05  03:58:43 am)작업중 M코드정지 [d:12][t:00:13:19]
[I](2019-11-05  04:01:43 am)Reset
[I](2019-11-05  04:02:12 am)Reset
[I](2019-11-05  04:02:27 am)작업 시작 [Start d:305]
[I](2019-11-05  04:02:27 am)Nc File: [No.0005-280.NC]
[I](2019-11-05  04:02:27 am)  * Start Machine Position
[I](2019-11-05  04:02:27 am)    X:    306.8297
[I](2019-11-05  04:02:27 am)    Y:   -115.7685
[I](2019-11-05  04:02:27 am)    U:      0.0000
[I](2019-11-05  04:02:27 am)    V:      0.0000
[I](2019-11-05  04:02:27 am)    Z:     81.9966
[I](2019-11-05  04:02:27 am)  * Angle
[I](2019-11-05  04:02:27 am)    Ar:      0.0000,Kr:      0.0000
[I](2019-11-05  04:02:27 am)    Taper_Ar:      0.0000
[I](2019-11-05  04:02:27 am)작업중 정지 [d:0][t:00:00:00]
[I](2019-11-05  04:02:27 am)    [LNo:0005] 000069/000307
[I](2019-11-05  04:02:27 am)작업중 M코드정지 [d:0][t:00:00:00]
[I](2019-11-05  04:02:37 am)작업중 정지 [d:0][t:00:00:09]
[I](2019-11-05  04:02:37 am)    [LNo:0005] 000082/000307
[I](2019-11-05  04:02:37 am)작업중 M코드정지 [d:0][t:00:00:09]
[I](2019-11-05  04:02:39 am)작업중 정지 [d:0][t:00:00:12]
[I](2019-11-05  04:02:39 am)    [LNo:0005] 000085/000307
[I](2019-11-05  04:02:39 am)작업중 M코드정지 [d:0][t:00:00:12]
[I](2019-11-05  04:02:40 am)작업중 정지 [d:0][t:00:00:13]
[I](2019-11-05  04:02:40 am)    [LNo:0005] 000087/000307
[I](2019-11-05  04:02:40 am)작업중 M코드정지 [d:0][t:00:00:13]
[I](2019-11-05  04:02:44 am)작업중 정지 [d:0][t:00:00:17]
[I](2019-11-05  04:02:44 am)    [LNo:0005] 000091/000307
[I](2019-11-05  04:02:46 am)Reset
[I](2019-11-05  04:10:02 am)Reset
[I](2019-11-05  04:14:22 am)Reset
[I](2019-11-05  04:14:32 am)Reset
[I](2019-11-05  04:15:10 am)Reset
[I](2019-11-05  04:15:23 am)Reset
[I](2019-11-05  04:15:54 am)작업 시작 [Start d:305]
[I](2019-11-05  04:15:54 am)Nc File: [No.0005-280.NC]
[I](2019-11-05  04:15:54 am)  * Start Machine Position
[I](2019-11-05  04:15:54 am)    X:    246.5818
[I](2019-11-05  04:15:54 am)    Y:   -345.0509
[I](2019-11-05  04:15:54 am)    U:     -0.1754
[I](2019-11-05  04:15:54 am)    V:      0.0766
[I](2019-11-05  04:15:54 am)    Z:     81.9966
[I](2019-11-05  04:15:54 am)  * Angle
[I](2019-11-05  04:15:54 am)    Ar:      1.1129,Kr:      0.0000
[I](2019-11-05  04:15:54 am)    Taper_Ar:      0.0000
[I](2019-11-05  04:15:54 am)작업중 정지 [d:0][t:00:00:00]
[I](2019-11-05  04:15:54 am)    [LNo:0005] 000148/000307
[I](2019-11-05  04:15:54 am)작업중 M코드정지 [d:0][t:00:00:00]
[I](2019-11-05  04:16:21 am)작업중 정지 [d:0][t:00:00:26]
[I](2019-11-05  04:16:21 am)    [LNo:0005] 000161/000307
[I](2019-11-05  04:16:21 am)작업중 M코드정지 [d:0][t:00:00:26]
[I](2019-11-05  04:16:23 am)작업중 정지 [d:0][t:00:00:29]
[I](2019-11-05  04:16:23 am)    [LNo:0005] 000164/000307
[I](2019-11-05  04:16:23 am)작업중 M코드정지 [d:0][t:00:00:29]
[I](2019-11-05  04:16:24 am)작업중 정지 [d:0][t:00:00:30]
[I](2019-11-05  04:16:24 am)    [LNo:0005] 000166/000307
[I](2019-11-05  04:16:24 am)작업중 M코드정지 [d:0][t:00:00:30]
[I](2019-11-05  04:16:43 am)작업중 정지 [d:0][t:00:00:48]
[I](2019-11-05  04:16:43 am)    [LNo:0005] 000172/000307
[I](2019-11-05  04:16:43 am)작업중 M코드정지 [d:0][t:00:00:49]
[I](2019-11-05  05:06:17 am)작업중 정지 [d:24][t:00:50:23]
[I](2019-11-05  05:06:17 am)    [LNo:0005] 000193/000307
[I](2019-11-05  05:06:17 am)작업중 30sec 접촉 정지 [d:24][t:00:50:23]
[I](2019-11-05  06:04:25 am)작업 재시작
[I](2019-11-05  06:04:38 am)작업중 정지 [d:24][t:01:48:44]
[I](2019-11-05  06:04:38 am)    [LNo:0005] 000194/000307
[I](2019-11-05  06:04:38 am)작업중 M코드정지 [d:24][t:01:48:44]
[I](2019-11-05  06:07:49 am)작업중 정지 [d:28][t:01:51:55]
[I](2019-11-05  06:07:49 am)    [LNo:0005] 000221/000307
[I](2019-11-05  06:07:49 am)작업중 M코드정지 [d:28][t:01:51:55]
[I](2019-11-05  06:15:06 am)Reset
[I](2019-11-05  06:23:22 am)Reset
[I](2019-11-05  06:41:13 am)Reset
[I](2019-11-05  06:42:33 am)Reset
[I](2019-11-05  06:42:43 am)Reset
[I](2019-11-05  06:43:11 am)Reset
[I](2019-11-05  06:43:20 am)Reset
[I](2019-11-05  06:44:17 am)작업 시작 [Start d:333]
[I](2019-11-05  06:44:17 am)Nc File: [No.0005-280.NC]
[I](2019-11-05  06:44:17 am)  * Start Machine Position
[I](2019-11-05  06:44:17 am)    X:    242.9496
[I](2019-11-05  06:44:17 am)    Y:   -347.5622
[I](2019-11-05  06:44:17 am)    U:      0.0799
[I](2019-11-05  06:44:17 am)    V:     -0.0005
[I](2019-11-05  06:44:17 am)    Z:     81.9966
[I](2019-11-05  06:44:17 am)  * Angle
[I](2019-11-05  06:44:17 am)    Ar:     -0.3668,Kr:      0.0000
[I](2019-11-05  06:44:17 am)    Taper_Ar:      0.0000
[I](2019-11-05  06:44:17 am)작업중 정지 [d:0][t:00:00:00]
[I](2019-11-05  06:44:17 am)    [LNo:0005] 000069/000307
[I](2019-11-05  06:44:17 am)작업중 M코드정지 [d:0][t:00:00:00]
[I](2019-11-05  06:44:28 am)작업중 정지 [d:0][t:00:00:11]
[I](2019-11-05  06:44:28 am)    [LNo:0005] 000087/000307
[I](2019-11-05  06:44:28 am)작업중 M코드정지 [d:0][t:00:00:11]
[I](2019-11-05  06:44:37 am)작업중 정지 [d:0][t:00:00:20]
[I](2019-11-05  06:44:37 am)    [LNo:0005] 000093/000307
[I](2019-11-05  06:44:37 am)작업중 M코드정지 [d:0][t:00:00:20]
[I](2019-11-05  07:09:27 am)작업중 정지 [d:24][t:00:25:10]
[I](2019-11-05  07:09:27 am)    [LNo:0005] 000115/000307
[I](2019-11-05  07:09:27 am)작업중 M코드정지 [d:24][t:00:25:10]
[I](2019-11-05  07:15:48 am)작업중 정지 [d:26][t:00:31:31]
[I](2019-11-05  07:15:49 am)    [LNo:0005] 000141/000307
[I](2019-11-05  07:15:49 am)작업중 M코드정지 [d:26][t:00:31:31]
[A](2019-11-05  07:17:08 am)[084] Work Tank Fluid Sensor Abnormal
[A](2019-11-05  07:17:08 am)[084] Work Tank Fluid Sensor Abnormal
[A](2019-11-05  07:17:08 am)[084] Work Tank Fluid Sensor Abnormal
[A](2019-11-05  07:17:09 am)[084] Work Tank Fluid Sensor Abnormal
[A](2019-11-05  07:17:09 am)[084] Work Tank Fluid Sensor Abnormal
[A](2019-11-05  07:17:09 am)[084] Work Tank Fluid Sensor Abnormal
[A](2019-11-05  07:17:09 am)[084] Work Tank Fluid Sensor Abnormal
[A](2019-11-05  07:17:10 am)[084] Work Tank Fluid Sensor Abnormal
[A](2019-11-05  07:17:10 am)[084] Work Tank Fluid Sensor Abnormal
[A](2019-11-05  07:17:10 am)[084] Work Tank Fluid Sensor Abnormal
[A](2019-11-05  07:17:10 am)[084] Work Tank Fluid Sensor Abnormal
[A](2019-11-05  07:17:11 am)[084] Work Tank Fluid Sensor Abnormal
[A](2019-11-05  07:17:11 am)[084] Work Tank Fluid Sensor Abnormal
[A](2019-11-05  07:17:11 am)[084] Work Tank Fluid Sensor Abnormal
[A](2019-11-05  07:17:11 am)[084] Work Tank Fluid Sensor Abnormal
[A](2019-11-05  07:17:12 am)[084] Work Tank Fluid Sensor Abnormal
[A](2019-11-05  07:17:12 am)[084] Work Tank Fluid Sensor Abnormal
[A](2019-11-05  07:17:12 am)[084] Work Tank Fluid Sensor Abnormal
[A](2019-11-05  07:17:12 am)[084] Work Tank Fluid Sensor Abnormal
[A](2019-11-05  07:17:13 am)[084] Work Tank Fluid Sensor Abnormal
[A](2019-11-05  07:17:13 am)[084] Work Tank Fluid Sensor Abnormal
[A](2019-11-05  07:17:13 am)[084] Work Tank Fluid Sensor Abnormal
[A](2019-11-05  07:17:13 am)[084] Work Tank Fluid Sensor Abnormal
[A](2019-11-05  07:17:14 am)[084] Work Tank Fluid Sensor Abnormal
[I](2019-11-05  07:19:02 am)Reset
[I](2019-11-05  07:19:53 am)Reset
[I](2019-11-05  07:21:21 am)Reset
[I](2019-11-05  07:21:31 am)Reset
[I](2019-11-05  07:22:06 am)Reset
[I](2019-11-05  07:22:16 am)Reset
[I](2019-11-05  08:04:27 am)Reset
[I](2019-11-05  08:04:35 am)Reset
[I](2019-11-05  08:05:05 am)Reset
[I](2019-11-05  08:05:15 am)Reset
[I](2019-11-05  08:05:55 am)작업 시작 [Start d:359]
[I](2019-11-05  08:05:55 am)Nc File: [No.0005-280.NC]
[I](2019-11-05  08:05:55 am)  * Start Machine Position
[I](2019-11-05  08:05:55 am)    X:    212.1108
[I](2019-11-05  08:05:55 am)    Y:   -357.0497
[I](2019-11-05  08:05:55 am)    U:      0.0903
[I](2019-11-05  08:05:55 am)    V:      0.0177
[I](2019-11-05  08:05:55 am)    Z:     81.9966
[I](2019-11-05  08:05:55 am)  * Angle
[I](2019-11-05  08:05:55 am)    Ar:     -1.4389,Kr:      0.0000
[I](2019-11-05  08:05:55 am)    Taper_Ar:      0.0000
[I](2019-11-05  08:05:55 am)작업중 정지 [d:0][t:00:00:00]
[I](2019-11-05  08:05:55 am)    [LNo:0005] 000227/000307
[I](2019-11-05  08:05:55 am)작업중 M코드정지 [d:0][t:00:00:00]
[I](2019-11-05  08:06:06 am)작업중 정지 [d:0][t:00:00:10]
[I](2019-11-05  08:06:06 am)    [LNo:0005] 000245/000307
[I](2019-11-05  08:06:06 am)작업중 M코드정지 [d:0][t:00:00:10]
[I](2019-11-05  08:06:17 am)작업중 정지 [d:0][t:00:00:21]
[I](2019-11-05  08:06:17 am)    [LNo:0005] 000254/000307
[I](2019-11-05  08:06:17 am)작업중 M코드정지 [d:0][t:00:00:21]
[I](2019-11-05  08:20:24 am)작업중 정지 [d:11][t:00:14:28]
[I](2019-11-05  08:20:24 am)    [LNo:0005] 000273/000307
[I](2019-11-05  08:20:24 am)작업중 M코드정지 [d:11][t:00:14:28]
[I](2019-11-05  08:31:10 am)작업중 정지 [d:12][t:00:25:14]
[I](2019-11-05  08:31:10 am)    [LNo:0005] 000300/000307
[I](2019-11-05  08:31:10 am)작업중 M코드정지 [d:12][t:00:25:14]
[I](2019-11-05  08:36:23 am)Reset
[I](2019-11-05  08:39:36 am)Reset
[I](2019-11-05  08:42:42 am)Reset
[I](2019-11-05  08:43:27 am)Reset
[I](2019-11-05  08:44:08 am)Reset
[I](2019-11-05  08:45:09 am)Reset
[I](2019-11-05  08:45:10 am)Reset
[I](2019-11-05  08:46:38 am)작업 시작 [Start d:371]
[I](2019-11-05  08:46:38 am)Nc File: [No.0001-285.NC *]
[I](2019-11-05  08:46:38 am)  * Start Machine Position
[I](2019-11-05  08:46:38 am)    X:    230.1573
[I](2019-11-05  08:46:38 am)    Y:   -341.1063
[I](2019-11-05  08:46:38 am)    U:      0.0012
[I](2019-11-05  08:46:38 am)    V:      0.0699
[I](2019-11-05  08:46:38 am)    Z:     30.6416
[I](2019-11-05  08:46:38 am)  * Angle
[I](2019-11-05  08:46:38 am)    Ar:     -0.9938,Kr:      0.0000
[I](2019-11-05  08:46:38 am)    Taper_Ar:      0.0000
[I](2019-11-05  08:46:39 am)작업중 정지 [d:0][t:00:00:00]
[I](2019-11-05  08:46:39 am)    [LNo:0001] 000164/000341
[I](2019-11-05  08:46:48 am)작업중 정지 [d:0][t:00:00:09]
[I](2019-11-05  08:46:48 am)    [LNo:0001] 000188/000341
[I](2019-11-05  08:55:08 am)작업중 정지 [d:8][t:00:08:29]
[I](2019-11-05  08:55:08 am)    [LNo:0001] 000236/000341
[I](2019-11-05  08:55:08 am)작업중 M코드정지 [d:8][t:00:08:29]
[I](2019-11-05  09:03:19 am)작업중 정지 [d:8][t:00:16:40]
[I](2019-11-05  09:03:19 am)    [LNo:0001] 000239/000341
[I](2019-11-05  09:03:19 am)작업중 M코드정지 [d:8][t:00:16:40]
[I](2019-11-05  09:09:04 am)작업중 정지 [d:14][t:00:22:25]
[I](2019-11-05  09:09:04 am)    [LNo:0001] 000265/000341
[I](2019-11-05  09:12:25 am)작업중 정지 [d:14][t:00:25:46]
[I](2019-11-05  09:12:25 am)    [LNo:0001] 000188/000341
[I](2019-11-05  09:16:26 am)작업중 정지 [d:17][t:00:29:47]
[I](2019-11-05  09:16:26 am)    [LNo:0001] 000236/000341
[I](2019-11-05  09:16:26 am)작업중 M코드정지 [d:17][t:00:29:47]
[I](2019-11-05  09:21:59 am)작업중 정지 [d:18][t:00:35:20]
[I](2019-11-05  09:21:59 am)    [LNo:0001] 000239/000341
[I](2019-11-05  09:21:59 am)작업중 M코드정지 [d:18][t:00:35:20]
[I](2019-11-05  09:24:39 am)작업중 정지 [d:20][t:00:38:00]
[I](2019-11-05  09:24:39 am)    [LNo:0001] 000268/000341
[I](2019-11-05  09:33:00 am)Reset
[I](2019-11-05  09:33:00 am)Reset
[I](2019-11-05  09:38:05 am)Reset
[I](2019-11-05  09:39:44 am)Reset
[I](2019-11-05  09:40:46 am)Reset
[I](2019-11-05  09:40:47 am)Reset
[I](2019-11-05  09:41:30 am)Reset
[I](2019-11-05  09:42:32 am)Reset
[I](2019-11-05  09:42:32 am)Reset
[I](2019-11-05  09:46:02 am)Reset
[I](2019-11-05  09:49:42 am)Reset
[I](2019-11-05  09:49:43 am)Reset
[I](2019-11-05  09:49:57 am)Reset
[I](2019-11-05  10:01:38 am)Reset
[I](2019-11-05  10:01:39 am)Reset
[I](2019-11-05  10:01:42 am)Reset
[I](2019-11-05  10:03:07 am)작업 시작 [Start d:391]
[I](2019-11-05  10:03:07 am)Nc File: [No.0003-531.NC]
[I](2019-11-05  10:03:07 am)  * Start Machine Position
[I](2019-11-05  10:03:07 am)    X:    187.5344
[I](2019-11-05  10:03:07 am)    Y:   -292.1764
[I](2019-11-05  10:03:07 am)    U:      0.0000
[I](2019-11-05  10:03:07 am)    V:      0.0000
[I](2019-11-05  10:03:07 am)    Z:     27.7355
[I](2019-11-05  10:03:07 am)  * Angle
[I](2019-11-05  10:03:07 am)    Ar:      0.0000,Kr:      0.0000
[I](2019-11-05  10:03:07 am)    Taper_Ar:      0.0000
[I](2019-11-05  10:10:25 am)작업중 정지 [d:7][t:00:07:17]
[I](2019-11-05  10:10:25 am)    [LNo:0003] 000427/000834
[I](2019-11-05  10:10:25 am)작업중 M코드정지 [d:7][t:00:07:17]
[I](2019-11-05  10:15:58 am)작업중 정지 [d:8][t:00:12:50]
[I](2019-11-05  10:15:58 am)    [LNo:0003] 000430/000834
[I](2019-11-05  10:15:58 am)작업중 M코드정지 [d:8][t:00:12:50]
[I](2019-11-05  10:17:47 am)작업중 정지 [d:9][t:00:14:39]
[I](2019-11-05  10:17:47 am)    [LNo:0003] 000450/000834
[I](2019-11-05  10:17:47 am)작업중 M코드정지 [d:9][t:00:14:39]
[I](2019-11-05  10:20:58 am)Reset
[I](2019-11-05  10:22:06 am)작업 시작 [Start d:400]
[I](2019-11-05  10:22:06 am)Nc File: [No.0003-531.NC *]
[I](2019-11-05  10:22:06 am)  * Start Machine Position
[I](2019-11-05  10:22:06 am)    X:    191.1104
[I](2019-11-05  10:22:06 am)    Y:   -280.3644
[I](2019-11-05  10:22:06 am)    U:      0.0000
[I](2019-11-05  10:22:06 am)    V:      0.0000
[I](2019-11-05  10:22:06 am)    Z:     27.7355
[I](2019-11-05  10:22:06 am)  * Angle
[I](2019-11-05  10:22:06 am)    Ar:      0.0000,Kr:      0.0000
[I](2019-11-05  10:22:06 am)    Taper_Ar:      0.0000
[I](2019-11-05  10:22:36 am)작업중 정지 [d:0][t:00:00:29]
[I](2019-11-05  10:22:36 am)    [LNo:0003] 000422/000833
[I](2019-11-05  10:22:36 am)작업중 30sec 접촉 정지 [d:0][t:00:00:30]
[I](2019-11-05  10:22:54 am)작업 재시작
[I](2019-11-05  10:22:59 am)작업중 정지 [d:0][t:00:00:53]
[I](2019-11-05  10:22:59 am)    [LNo:0003] 000422/000833
[I](2019-11-05  10:22:59 am)작업중 30sec 접촉 정지 [d:0][t:00:00:53]
[I](2019-11-05  10:23:06 am)작업 재시작
[I](2019-11-05  10:29:25 am)작업중 정지 [d:6][t:00:07:19]
[I](2019-11-05  10:29:25 am)    [LNo:0003] 000428/000833
[A](2019-11-05  10:32:01 am)[002] 가공액 미동작
[I](2019-11-05  10:32:19 am)작업 재시작
[I](2019-11-05  10:32:25 am)작업중 정지 [d:6][t:00:10:19]
[I](2019-11-05  10:32:25 am)    [LNo:0003] 000430/000833
[I](2019-11-05  10:32:25 am)작업중 M코드정지 [d:6][t:00:10:19]
[I](2019-11-05  10:34:15 am)작업중 정지 [d:8][t:00:12:09]
[I](2019-11-05  10:34:15 am)    [LNo:0003] 000449/000833
[I](2019-11-05  10:34:15 am)작업중 M코드정지 [d:8][t:00:12:09]
[I](2019-11-05  10:34:34 am)작업중 정지 [d:8][t:00:12:27]
[I](2019-11-05  10:34:34 am)    [LNo:0003] 000453/000833
[I](2019-11-05  10:39:21 am)Reset
[I](2019-11-05  10:40:20 am)Reset
[I](2019-11-05  10:40:20 am)Reset
[I](2019-11-05  10:40:21 am)Reset
[I](2019-11-05  10:43:25 am)Reset
[I](2019-11-05  10:43:25 am)Reset
[I](2019-11-05  10:44:38 am)Reset
[I](2019-11-05  10:45:43 am)작업 시작 [Start d:408]
[I](2019-11-05  10:45:43 am)Nc File: [No.0001-285.NC *]
[I](2019-11-05  10:45:43 am)  * Start Machine Position
[I](2019-11-05  10:45:43 am)    X:    220.1101
[I](2019-11-05  10:45:43 am)    Y:   -340.6155
[I](2019-11-05  10:45:43 am)    U:      0.0000
[I](2019-11-05  10:45:43 am)    V:      0.0000
[I](2019-11-05  10:45:43 am)    Z:     30.5950
[I](2019-11-05  10:45:43 am)  * Angle
[I](2019-11-05  10:45:43 am)    Ar:     -0.0415,Kr:      0.0000
[I](2019-11-05  10:45:43 am)    Taper_Ar:      0.0000
[I](2019-11-05  10:45:47 am)작업중 정지 [d:0][t:00:00:04]
[I](2019-11-05  10:45:47 am)    [LNo:0001] 000164/000341
[I](2019-11-05  10:45:56 am)작업중 정지 [d:0][t:00:00:13]
[I](2019-11-05  10:45:56 am)    [LNo:0001] 000188/000341
[I](2019-11-05  10:50:01 am)작업중 정지 [d:4][t:00:04:17]
[I](2019-11-05  10:50:01 am)    [LNo:0001] 000236/000341
[I](2019-11-05  10:50:01 am)작업중 M코드정지 [d:4][t:00:04:17]
[A](2019-11-05  10:52:00 am)[001] 와이어 미동작
[I](2019-11-05  10:52:17 am)작업중 정지 [d:4][t:00:06:33]
[I](2019-11-05  10:52:17 am)    [LNo:0001] 000239/000341
[I](2019-11-05  10:52:17 am)작업중 M코드정지 [d:4][t:00:06:33]
[I](2019-11-05  10:54:07 am)작업중 정지 [d:6][t:00:08:24]
[I](2019-11-05  10:54:07 am)    [LNo:0001] 000291/000341
[I](2019-11-05  10:54:08 am)작업중 M코드정지 [d:6][t:00:08:24]
[I](2019-11-05  10:57:52 am)작업중 정지 [d:6][t:00:12:09]
[I](2019-11-05  10:57:52 am)    [LNo:0001] 000298/000341
[I](2019-11-05  10:58:02 am)Reset
[I](2019-11-05  10:58:03 am)Reset
[I](2019-11-05  10:58:09 am)작업 시작 [Start d:414]
[I](2019-11-05  10:58:09 am)Nc File: [No.0001-285.NC *]
[I](2019-11-05  10:58:09 am)  * Start Machine Position
[I](2019-11-05  10:58:09 am)    X:    170.1355
[I](2019-11-05  10:58:09 am)    Y:   -371.8783
[I](2019-11-05  10:58:09 am)    U:      0.0000
[I](2019-11-05  10:58:09 am)    V:      0.0000
[I](2019-11-05  10:58:09 am)    Z:     30.5950
[I](2019-11-05  10:58:09 am)  * Angle
[I](2019-11-05  10:58:09 am)    Ar:     -0.0415,Kr:      0.0000
[I](2019-11-05  10:58:09 am)    Taper_Ar:      0.0000
[I](2019-11-05  11:00:24 am)작업중 정지 [d:2][t:00:02:14]
[I](2019-11-05  11:00:24 am)    [LNo:0001] 000312/000341
[I](2019-11-05  11:00:24 am)작업중 M코드정지 [d:2][t:00:02:14]
[I](2019-11-05  11:00:49 am)작업중 정지 [d:2][t:00:02:39]
[I](2019-11-05  11:00:49 am)    [LNo:0001] 000315/000341
[I](2019-11-05  11:00:49 am)작업중 M코드정지 [d:2][t:00:02:39]
[I](2019-11-05  11:01:48 am)작업중 정지 [d:2][t:00:03:38]
[I](2019-11-05  11:01:48 am)    [LNo:0001] 000334/000341
[I](2019-11-05  11:01:48 am)작업중 M코드정지 [d:2][t:00:03:38]
[I](2019-11-05  11:06:05 am)Reset
[I](2019-11-05  11:07:56 am)Reset
[I](2019-11-05  11:08:36 am)Reset
[I](2019-11-05  11:08:36 am)Reset
[I](2019-11-05  11:09:28 am)작업 시작 [Start d:416]
[I](2019-11-05  11:09:28 am)Nc File: [No.0001-285.NC *]
[I](2019-11-05  11:09:28 am)  * Start Machine Position
[I](2019-11-05  11:09:28 am)    X:    221.3537
[I](2019-11-05  11:09:28 am)    Y:   -344.9592
[I](2019-11-05  11:09:28 am)    U:      0.0099
[I](2019-11-05  11:09:28 am)    V:      0.0000
[I](2019-11-05  11:09:28 am)    Z:     30.5950
[I](2019-11-05  11:09:28 am)  * Angle
[I](2019-11-05  11:09:28 am)    Ar:      0.4538,Kr:      0.0000
[I](2019-11-05  11:09:28 am)    Taper_Ar:      0.0000
[I](2019-11-05  11:09:35 am)작업중 정지 [d:0][t:00:00:06]
[I](2019-11-05  11:09:35 am)    [LNo:0001] 000010/000341
[I](2019-11-05  11:09:35 am)작업중 M코드정지 [d:0][t:00:00:06]
[I](2019-11-05  11:18:16 am)작업중 정지 [d:8][t:00:08:47]
[I](2019-11-05  11:18:16 am)    [LNo:0001] 000059/000341
[I](2019-11-05  11:18:16 am)작업중 M코드정지 [d:8][t:00:08:47]
[I](2019-11-05  11:23:20 am)작업중 정지 [d:12][t:00:13:52]
[I](2019-11-05  11:23:20 am)    [LNo:0001] 000135/000341
[I](2019-11-05  11:23:21 am)작업중 M코드정지 [d:12][t:00:13:52]
[I](2019-11-05  11:24:47 am)작업중 정지 [d:12][t:00:15:18]
[I](2019-11-05  11:24:47 am)    [LNo:0001] 000138/000341
[I](2019-11-05  11:24:47 am)작업중 M코드정지 [d:12][t:00:15:18]
[I](2019-11-05  11:25:03 am)작업중 정지 [d:12][t:00:15:34]
[I](2019-11-05  11:25:03 am)    [LNo:0001] 000145/000341
[A](2019-11-05  11:25:26 am)[084] Work Tank Fluid Sensor Abnormal
[I](2019-11-05  11:27:43 am)Reset
[I](2019-11-05  11:27:43 am)Reset
[I](2019-11-05  11:32:26 am)Reset
[I](2019-11-05  11:32:26 am)Reset
[I](2019-11-05  11:33:07 am)작업 시작 [Start d:428]
[I](2019-11-05  11:33:07 am)Nc File: [No.0002-283.NC *]
[I](2019-11-05  11:33:07 am)  * Start Machine Position
[I](2019-11-05  11:33:07 am)    X:    183.4459
[I](2019-11-05  11:33:07 am)    Y:   -348.9307
[I](2019-11-05  11:33:07 am)    U:      0.0000
[I](2019-11-05  11:33:07 am)    V:      0.0000
[I](2019-11-05  11:33:07 am)    Z:     30.5950
[I](2019-11-05  11:33:07 am)  * Angle
[I](2019-11-05  11:33:07 am)    Ar:      0.3713,Kr:      0.0000
[I](2019-11-05  11:33:07 am)    Taper_Ar:      0.0000
[I](2019-11-05  11:33:10 am)작업중 정지 [d:0][t:00:00:03]
[I](2019-11-05  11:33:10 am)    [LNo:0002] 000121/000523
[I](2019-11-05  11:33:20 am)작업중 정지 [d:0][t:00:00:13]
[I](2019-11-05  11:33:20 am)    [LNo:0002] 000145/000523
[I](2019-11-05  11:42:11 am)작업중 정지 [d:8][t:00:09:04]
[I](2019-11-05  11:42:11 am)    [LNo:0002] 000193/000523
[I](2019-11-05  11:42:11 am)작업중 M코드정지 [d:8][t:00:09:04]
[I](2019-11-05  11:45:07 am)작업중 정지 [d:10][t:00:12:00]
[I](2019-11-05  11:45:07 am)    [LNo:0002] 000248/000523
[I](2019-11-05  11:45:07 am)작업중 M코드정지 [d:10][t:00:12:00]
[A](2019-11-05  11:49:09 am)[036] 자동결선 절단 공정 실패!!
[I](2019-11-05  11:51:58 am)Reset
[I](2019-11-05  11:56:09 am)Reset
[I](2019-11-05  11:57:01 am)작업 시작 [Start d:438]
[I](2019-11-05  11:57:01 am)Nc File: [No.0002-283.NC *]
[I](2019-11-05  11:57:01 am)  * Start Machine Position
[I](2019-11-05  11:57:01 am)    X:    175.7102
[I](2019-11-05  11:57:01 am)    Y:   -342.8889
[I](2019-11-05  11:57:01 am)    U:      0.0000
[I](2019-11-05  11:57:01 am)    V:      0.0000
[I](2019-11-05  11:57:01 am)    Z:     30.5950
[I](2019-11-05  11:57:01 am)  * Angle
[I](2019-11-05  11:57:01 am)    Ar:      1.1991,Kr:      0.0000
[I](2019-11-05  11:57:01 am)    Taper_Ar:      0.0000
[I](2019-11-05  11:57:04 am)작업중 정지 [d:0][t:00:00:02]
[I](2019-11-05  11:57:04 am)    [LNo:0002] 000255/000523
[I](2019-11-05  11:57:13 am)작업중 정지 [d:0][t:00:00:12]
[I](2019-11-05  11:57:13 am)    [LNo:0002] 000279/000523
[I](2019-11-05  12:06:00 pm)작업중 정지 [d:8][t:00:08:58]
[I](2019-11-05  12:06:00 pm)    [LNo:0002] 000327/000523
[I](2019-11-05  12:06:00 pm)작업중 M코드정지 [d:8][t:00:08:58]
[I](2019-11-05  12:53:45 pm)작업중 정지 [d:9][t:00:56:43]
[I](2019-11-05  12:53:45 pm)    [LNo:0002] 000382/000523
[I](2019-11-05  12:53:45 pm)작업중 M코드정지 [d:9][t:00:56:43]
[I](2019-11-05  01:00:14 pm)Reset
[I](2019-11-05  01:01:03 pm)Reset
[I](2019-11-05  01:01:03 pm)Reset
[I](2019-11-05  01:01:43 pm)Reset
[I](2019-11-05  01:02:16 pm)Reset
[I](2019-11-05  01:03:38 pm)Reset
[I](2019-11-05  01:03:58 pm)Reset
[I](2019-11-05  01:03:58 pm)Reset
[I](2019-11-05  01:05:17 pm)Reset
[I](2019-11-05  01:05:18 pm)Reset
[I](2019-11-05  01:05:18 pm)Reset
[I](2019-11-05  01:05:19 pm)Reset
[I](2019-11-05  01:05:52 pm)작업 시작 [Start d:447]
[I](2019-11-05  01:05:52 pm)Nc File: [No.0003-292.NC *]
[I](2019-11-05  01:05:52 pm)  * Start Machine Position
[I](2019-11-05  01:05:52 pm)    X:    219.9342
[I](2019-11-05  01:05:52 pm)    Y:   -354.9603
[I](2019-11-05  01:05:52 pm)    U:      0.0000
[I](2019-11-05  01:05:52 pm)    V:      0.0000
[I](2019-11-05  01:05:52 pm)    Z:     37.4445
[I](2019-11-05  01:05:52 pm)  * Angle
[I](2019-11-05  01:05:52 pm)    Ar:      1.5743,Kr:      0.0000
[I](2019-11-05  01:05:52 pm)    Taper_Ar:      0.0000
[I](2019-11-05  01:05:54 pm)작업중 정지 [d:0][t:00:00:02]
[I](2019-11-05  01:05:54 pm)    [LNo:0003] 000010/000036
[I](2019-11-05  01:05:54 pm)작업중 M코드정지 [d:0][t:00:00:02]
[I](2019-11-05  01:13:06 pm)작업중 정지 [d:7][t:00:07:13]
[I](2019-11-05  01:13:06 pm)    [LNo:0003] 000026/000036
[I](2019-11-05  01:13:06 pm)작업중 M코드정지 [d:7][t:00:07:13]
[I](2019-11-05  01:16:32 pm)작업중 정지 [d:7][t:00:10:40]
[I](2019-11-05  01:16:32 pm)    [LNo:0003] 000028/000036
[I](2019-11-05  01:16:32 pm)작업중 M코드정지 [d:7][t:00:10:40]
[I](2019-11-05  01:17:07 pm)Reset
[I](2019-11-05  01:17:08 pm)Reset
[I](2019-11-05  01:19:02 pm)Reset
[I](2019-11-05  01:19:56 pm)Reset
[I](2019-11-05  01:20:34 pm)Reset
[I](2019-11-05  01:21:19 pm)Reset
[I](2019-11-05  01:22:05 pm)Reset
[I](2019-11-05  01:24:05 pm)Reset
[I](2019-11-05  01:24:06 pm)Reset
[I](2019-11-05  01:24:29 pm)작업 시작 [Start d:454]
[I](2019-11-05  01:24:29 pm)Nc File: [No.0003-292.NC *]
[I](2019-11-05  01:24:29 pm)  * Start Machine Position
[I](2019-11-05  01:24:29 pm)    X:    220.6489
[I](2019-11-05  01:24:29 pm)    Y:   -357.7604
[I](2019-11-05  01:24:29 pm)    U:      0.0000
[I](2019-11-05  01:24:29 pm)    V:      0.0000
[I](2019-11-05  01:24:29 pm)    Z:     37.4445
[I](2019-11-05  01:24:29 pm)  * Angle
[I](2019-11-05  01:24:29 pm)    Ar:      0.2185,Kr:      0.0000
[I](2019-11-05  01:24:29 pm)    Taper_Ar:      0.0000
[I](2019-11-05  01:24:31 pm)작업중 정지 [d:0][t:00:00:01]
[I](2019-11-05  01:24:31 pm)    [LNo:0003] 000010/000036
[I](2019-11-05  01:24:31 pm)작업중 M코드정지 [d:0][t:00:00:02]
[I](2019-11-05  01:32:00 pm)작업중 정지 [d:7][t:00:07:31]
[I](2019-11-05  01:32:00 pm)    [LNo:0003] 000030/000036
[I](2019-11-05  01:32:00 pm)작업중 M코드정지 [d:7][t:00:07:31]
[I](2019-11-05  01:34:14 pm)Reset
[I](2019-11-05  01:34:15 pm)Reset
[I](2019-11-05  01:36:06 pm)Reset
[I](2019-11-05  01:36:54 pm)Reset
[I](2019-11-05  01:37:24 pm)Reset
[I](2019-11-05  01:37:56 pm)Reset
[I](2019-11-05  01:39:20 pm)Reset
[I](2019-11-05  01:39:21 pm)Reset
[I](2019-11-05  01:41:55 pm)작업 시작 [Start d:461]
[I](2019-11-05  01:41:55 pm)Nc File: [No.0003-292.NC *]
[I](2019-11-05  01:41:55 pm)  * Start Machine Position
[I](2019-11-05  01:41:55 pm)    X:    228.2174
[I](2019-11-05  01:41:55 pm)    Y:   -357.4304
[I](2019-11-05  01:41:55 pm)    U:      0.0000
[I](2019-11-05  01:41:55 pm)    V:      0.0000
[I](2019-11-05  01:41:55 pm)    Z:     37.4445
[I](2019-11-05  01:41:55 pm)  * Angle
[I](2019-11-05  01:41:55 pm)    Ar:      0.5697,Kr:      0.0000
[I](2019-11-05  01:41:55 pm)    Taper_Ar:      0.0000
[I](2019-11-05  01:41:57 pm)작업중 정지 [d:0][t:00:00:01]
[I](2019-11-05  01:41:57 pm)    [LNo:0003] 000013/000036
[I](2019-11-05  01:50:46 pm)작업중 정지 [d:6][t:00:08:51]
[I](2019-11-05  01:50:46 pm)    [LNo:0003] 000030/000036
[I](2019-11-05  01:50:46 pm)작업중 M코드정지 [d:6][t:00:08:51]
[I](2019-11-05  02:02:47 pm)Reset
[I](2019-11-05  02:02:47 pm)Reset
[I](2019-11-05  02:03:45 pm)Reset
[I](2019-11-05  02:03:45 pm)Reset
[I](2019-11-05  02:03:46 pm)Reset
[I](2019-11-05  02:04:54 pm)Reset
[I](2019-11-05  02:04:54 pm)Reset
[I](2019-11-05  02:04:55 pm)Reset
[I](2019-11-05  02:07:10 pm)Reset
[I](2019-11-05  02:07:45 pm)Reset
[I](2019-11-05  02:08:14 pm)Reset
[I](2019-11-05  02:08:15 pm)Reset
[I](2019-11-05  02:08:35 pm)Reset
[I](2019-11-05  02:08:35 pm)Reset
[I](2019-11-05  02:10:28 pm)Reset
[I](2019-11-05  02:10:44 pm)작업 시작 [Start d:467]
[I](2019-11-05  02:10:44 pm)Nc File: [No.0003-292.NC *]
[I](2019-11-05  02:10:44 pm)  * Start Machine Position
[I](2019-11-05  02:10:44 pm)    X:    228.6871
[I](2019-11-05  02:10:44 pm)    Y:   -348.3950
[I](2019-11-05  02:10:44 pm)    U:      0.0000
[I](2019-11-05  02:10:44 pm)    V:      0.0000
[I](2019-11-05  02:10:44 pm)    Z:     37.4445
[I](2019-11-05  02:10:44 pm)  * Angle
[I](2019-11-05  02:10:44 pm)    Ar:      0.7788,Kr:      0.0000
[I](2019-11-05  02:10:44 pm)    Taper_Ar:      0.0000
[I](2019-11-05  02:10:46 pm)작업중 정지 [d:0][t:00:00:02]
[I](2019-11-05  02:10:46 pm)    [LNo:0003] 000013/000036
[I](2019-11-05  02:18:28 pm)작업중 정지 [d:7][t:00:07:44]
[I](2019-11-05  02:18:28 pm)    [LNo:0003] 000030/000036
[I](2019-11-05  02:18:28 pm)작업중 M코드정지 [d:7][t:00:07:44]
[I](2019-11-05  02:19:48 pm)Reset
[I](2019-11-05  02:19:49 pm)Reset
[I](2019-11-05  02:22:16 pm)Reset
[I](2019-11-05  02:22:17 pm)Reset
[I](2019-11-05  02:23:41 pm)Reset
[I](2019-11-05  02:24:03 pm)작업 시작 [Start d:474]
[I](2019-11-05  02:24:03 pm)Nc File: [No.0003-292.NC *]
[I](2019-11-05  02:24:03 pm)  * Start Machine Position
[I](2019-11-05  02:24:03 pm)    X:    224.7614
[I](2019-11-05  02:24:03 pm)    Y:   -344.9867
[I](2019-11-05  02:24:03 pm)    U:      0.0000
[I](2019-11-05  02:24:03 pm)    V:      0.0000
[I](2019-11-05  02:24:03 pm)    Z:     37.4445
[I](2019-11-05  02:24:03 pm)  * Angle
[I](2019-11-05  02:24:03 pm)    Ar:      0.4991,Kr:      0.0000
[I](2019-11-05  02:24:03 pm)    Taper_Ar:      0.0000
[I](2019-11-05  02:24:06 pm)작업중 정지 [d:0][t:00:00:02]
[I](2019-11-05  02:24:06 pm)    [LNo:0003] 000013/000036
[I](2019-11-05  02:31:41 pm)작업중 정지 [d:7][t:00:07:37]
[I](2019-11-05  02:31:41 pm)    [LNo:0003] 000030/000036
[I](2019-11-05  02:31:41 pm)작업중 M코드정지 [d:7][t:00:07:37]
[I](2019-11-05  02:55:13 pm)Reset
[I](2019-11-05  02:55:13 pm)Reset
[I](2019-11-05  02:56:48 pm)Reset
[I](2019-11-05  02:57:54 pm)Reset
[I](2019-11-05  02:58:31 pm)Reset
[I](2019-11-05  02:58:32 pm)Reset
[I](2019-11-05  02:59:28 pm)Reset
[I](2019-11-05  02:59:29 pm)Reset
[I](2019-11-05  02:59:40 pm)작업 시작 [Start d:481]
[I](2019-11-05  02:59:40 pm)Nc File: [No.0003-292.NC *]
[I](2019-11-05  02:59:40 pm)  * Start Machine Position
[I](2019-11-05  02:59:40 pm)    X:    222.8459
[I](2019-11-05  02:59:40 pm)    Y:   -349.0886
[I](2019-11-05  02:59:40 pm)    U:      0.0000
[I](2019-11-05  02:59:40 pm)    V:      0.0000
[I](2019-11-05  02:59:40 pm)    Z:     37.4445
[I](2019-11-05  02:59:40 pm)  * Angle
[I](2019-11-05  02:59:40 pm)    Ar:      0.0089,Kr:      0.0000
[I](2019-11-05  02:59:40 pm)    Taper_Ar:      0.0000
[I](2019-11-05  02:59:42 pm)작업중 정지 [d:0][t:00:00:01]
[I](2019-11-05  02:59:42 pm)    [LNo:0003] 000013/000036
[I](2019-11-05  03:07:25 pm)작업중 정지 [d:7][t:00:07:45]
[I](2019-11-05  03:07:25 pm)    [LNo:0003] 000030/000036
[I](2019-11-05  03:07:25 pm)작업중 M코드정지 [d:7][t:00:07:45]
[I](2019-11-05  03:11:32 pm)Reset
[I](2019-11-05  03:11:33 pm)Reset
[I](2019-11-05  03:12:08 pm)Reset
[I](2019-11-05  03:12:47 pm)Reset
[I](2019-11-05  03:12:47 pm)Reset
[I](2019-11-05  03:13:43 pm)Reset
[I](2019-11-05  03:13:43 pm)Reset
[I](2019-11-05  03:13:48 pm)작업 시작 [Start d:488]
[I](2019-11-05  03:13:48 pm)Nc File: [No.0003-292.NC *]
[I](2019-11-05  03:13:48 pm)  * Start Machine Position
[I](2019-11-05  03:13:48 pm)    X:    221.5947
[I](2019-11-05  03:13:48 pm)    Y:   -341.0730
[I](2019-11-05  03:13:48 pm)    U:      0.0000
[I](2019-11-05  03:13:48 pm)    V:      0.0000
[I](2019-11-05  03:13:48 pm)    Z:     37.4445
[I](2019-11-05  03:13:48 pm)  * Angle
[I](2019-11-05  03:13:48 pm)    Ar:      0.6185,Kr:      0.0000
[I](2019-11-05  03:13:48 pm)    Taper_Ar:      0.0000
[I](2019-11-05  03:13:56 pm)작업중 정지 [d:0][t:00:00:08]
[I](2019-11-05  03:13:56 pm)    [LNo:0003] 000016/000036
[I](2019-11-05  03:21:37 pm)작업중 정지 [d:7][t:00:07:49]
[I](2019-11-05  03:21:37 pm)    [LNo:0003] 000030/000036
[I](2019-11-05  03:21:38 pm)작업중 M코드정지 [d:7][t:00:07:49]
[I](2019-11-05  03:24:03 pm)Reset
[I](2019-11-05  03:25:27 pm)Reset
[I](2019-11-05  03:25:27 pm)Reset
[I](2019-11-05  03:25:32 pm)Reset
[I](2019-11-05  03:26:16 pm)Reset
[I](2019-11-05  03:27:37 pm)Reset
[I](2019-11-05  03:27:38 pm)Reset
[I](2019-11-05  03:28:30 pm)작업 시작 [Start d:495]
[I](2019-11-05  03:28:30 pm)Nc File: [No.0003-292.NC *]
[I](2019-11-05  03:28:30 pm)  * Start Machine Position
[I](2019-11-05  03:28:30 pm)    X:    224.0808
[I](2019-11-05  03:28:30 pm)    Y:   -342.4557
[I](2019-11-05  03:28:30 pm)    U:      0.0000
[I](2019-11-05  03:28:30 pm)    V:      0.0000
[I](2019-11-05  03:28:30 pm)    Z:     37.4445
[I](2019-11-05  03:28:30 pm)  * Angle
[I](2019-11-05  03:28:30 pm)    Ar:      0.6530,Kr:      0.0000
[I](2019-11-05  03:28:30 pm)    Taper_Ar:      0.0000
[I](2019-11-05  03:35:42 pm)작업중 정지 [d:7][t:00:07:11]
[I](2019-11-05  03:35:42 pm)    [LNo:0003] 000030/000036
[I](2019-11-05  03:35:42 pm)작업중 M코드정지 [d:7][t:00:07:11]
[I](2019-11-05  03:36:45 pm)Reset
[I](2019-11-05  03:38:18 pm)Reset
[I](2019-11-05  03:39:23 pm)Reset
[I](2019-11-05  03:39:23 pm)Reset
[I](2019-11-05  03:39:24 pm)Reset
[I](2019-11-05  03:40:05 pm)Reset
[I](2019-11-05  03:41:08 pm)Reset
[I](2019-11-05  03:41:09 pm)Reset
[I](2019-11-05  03:42:09 pm)작업 시작 [Start d:502]
[I](2019-11-05  03:42:09 pm)Nc File: [No.0003-292.NC *]
[I](2019-11-05  03:42:09 pm)  * Start Machine Position
[I](2019-11-05  03:42:09 pm)    X:    231.8787
[I](2019-11-05  03:42:09 pm)    Y:   -339.2146
[I](2019-11-05  03:42:09 pm)    U:      0.0000
[I](2019-11-05  03:42:09 pm)    V:      0.0000
[I](2019-11-05  03:42:09 pm)    Z:     37.4445
[I](2019-11-05  03:42:09 pm)  * Angle
[I](2019-11-05  03:42:09 pm)    Ar:      1.1138,Kr:      0.0000
[I](2019-11-05  03:42:09 pm)    Taper_Ar:      0.0000
[I](2019-11-05  03:49:23 pm)작업중 정지 [d:7][t:00:07:13]
[I](2019-11-05  03:49:23 pm)    [LNo:0003] 000031/000036
[I](2019-11-05  03:49:23 pm)작업중 M코드정지 [d:7][t:00:07:13]
[I](2019-11-05  03:53:26 pm)Reset
[I](2019-11-05  03:54:23 pm)Reset
[I](2019-11-05  03:54:24 pm)Reset
[I](2019-11-05  03:56:18 pm)Reset
[I](2019-11-05  03:56:51 pm)Reset
[I](2019-11-05  03:57:57 pm)Reset
[I](2019-11-05  03:57:57 pm)Reset
[I](2019-11-05  03:58:10 pm)작업 시작 [Start d:509]
[I](2019-11-05  03:58:10 pm)Nc File: [No.0003-292.NC *]
[I](2019-11-05  03:58:10 pm)  * Start Machine Position
[I](2019-11-05  03:58:10 pm)    X:    225.8564
[I](2019-11-05  03:58:10 pm)    Y:   -360.3351
[I](2019-11-05  03:58:10 pm)    U:      0.0000
[I](2019-11-05  03:58:10 pm)    V:      0.0000
[I](2019-11-05  03:58:10 pm)    Z:     37.4445
[I](2019-11-05  03:58:10 pm)  * Angle
[I](2019-11-05  03:58:10 pm)    Ar:      0.7518,Kr:      0.0000
[I](2019-11-05  03:58:10 pm)    Taper_Ar:      0.0000
[I](2019-11-05  03:58:12 pm)작업중 정지 [d:0][t:00:00:02]
[I](2019-11-05  03:58:12 pm)    [LNo:0003] 000013/000036
[I](2019-11-05  04:05:31 pm)작업중 정지 [d:7][t:00:07:20]
[I](2019-11-05  04:05:31 pm)    [LNo:0003] 000030/000036
[I](2019-11-05  04:05:31 pm)작업중 M코드정지 [d:7][t:00:07:20]
[I](2019-11-05  04:07:52 pm)Reset
[I](2019-11-05  04:12:38 pm)Reset
[I](2019-11-05  04:12:38 pm)Reset
[I](2019-11-05  04:13:18 pm)Reset
[I](2019-11-05  04:13:22 pm)작업 시작 [Start d:516]
[I](2019-11-05  04:13:22 pm)Nc File: [No.0003-292.NC *]
[I](2019-11-05  04:13:22 pm)  * Start Machine Position
[I](2019-11-05  04:13:22 pm)    X:    228.5642
[I](2019-11-05  04:13:22 pm)    Y:   -361.1119
[I](2019-11-05  04:13:22 pm)    U:      0.0000
[I](2019-11-05  04:13:22 pm)    V:      0.0000
[I](2019-11-05  04:13:22 pm)    Z:     37.4445
[I](2019-11-05  04:13:22 pm)  * Angle
[I](2019-11-05  04:13:22 pm)    Ar:      0.5710,Kr:      0.0000
[I](2019-11-05  04:13:22 pm)    Taper_Ar:      0.0000
[I](2019-11-05  04:13:24 pm)작업중 정지 [d:0][t:00:00:01]
[I](2019-11-05  04:13:24 pm)    [LNo:0003] 000013/000036
[I](2019-11-05  04:20:53 pm)작업중 정지 [d:7][t:00:07:30]
[I](2019-11-05  04:20:53 pm)    [LNo:0003] 000030/000036
[I](2019-11-05  04:20:53 pm)작업중 M코드정지 [d:7][t:00:07:30]
[I](2019-11-05  04:22:18 pm)Reset
[I](2019-11-05  04:24:17 pm)Reset
[I](2019-11-05  04:25:05 pm)Reset
[I](2019-11-05  04:25:05 pm)Reset
[I](2019-11-05  04:25:49 pm)Reset
[I](2019-11-05  04:25:50 pm)Reset
[I](2019-11-05  04:25:54 pm)작업 시작 [Start d:523]
[I](2019-11-05  04:25:54 pm)Nc File: [No.0003-292.NC *]
[I](2019-11-05  04:25:54 pm)  * Start Machine Position
[I](2019-11-05  04:25:54 pm)    X:    230.4729
[I](2019-11-05  04:25:54 pm)    Y:   -359.5475
[I](2019-11-05  04:25:54 pm)    U:      0.0000
[I](2019-11-05  04:25:54 pm)    V:      0.0000
[I](2019-11-05  04:25:54 pm)    Z:     37.4445
[I](2019-11-05  04:25:54 pm)  * Angle
[I](2019-11-05  04:25:54 pm)    Ar:      0.8087,Kr:      0.0000
[I](2019-11-05  04:25:54 pm)    Taper_Ar:      0.0000
[I](2019-11-05  04:25:56 pm)작업중 정지 [d:0][t:00:00:02]
[I](2019-11-05  04:25:56 pm)    [LNo:0003] 000013/000036
[I](2019-11-05  04:33:27 pm)작업중 정지 [d:7][t:00:07:33]
[I](2019-11-05  04:33:27 pm)    [LNo:0003] 000030/000036
[I](2019-11-05  04:33:27 pm)작업중 M코드정지 [d:7][t:00:07:33]
[I](2019-11-05  04:37:56 pm)Reset
[I](2019-11-05  04:45:38 pm)Reset
[I](2019-11-05  04:46:30 pm)Reset
[I](2019-11-05  04:47:24 pm)SPM Device Closed.
[I](2019-11-05  04:47:32 pm)SPM Device Open Succeeded.
[I](2019-11-05  04:47:32 pm)Initialization is completed.
[I](2019-11-05  04:47:39 pm)작업 시작 [Start d:530]
[I](2019-11-05  04:47:39 pm)Nc File: [No.0004-309.NC]
[I](2019-11-05  04:47:39 pm)  * Start Machine Position
[I](2019-11-05  04:47:39 pm)    X:    144.0112
[I](2019-11-05  04:47:39 pm)    Y:   -384.2477
[I](2019-11-05  04:47:39 pm)    U:      0.0000
[I](2019-11-05  04:47:39 pm)    V:      0.0000
[I](2019-11-05  04:47:39 pm)    Z:     26.8814
[I](2019-11-05  04:47:39 pm)  * Angle
[I](2019-11-05  04:47:39 pm)    Ar:     -2.4039,Kr:      0.0000
[I](2019-11-05  04:47:39 pm)    Taper_Ar:      0.0000
[I](2019-11-05  04:47:51 pm)작업중 정지 [d:1][t:00:00:11]
[I](2019-11-05  04:47:51 pm)    [LNo:0004] 000012/000258
[I](2019-11-05  04:47:53 pm)Reset
[I](2019-11-05  04:48:43 pm)작업 시작 [Start d:531]
[I](2019-11-05  04:48:43 pm)Nc File: [No.0004-309.NC *]
[I](2019-11-05  04:48:43 pm)  * Start Machine Position
[I](2019-11-05  04:48:43 pm)    X:    144.0112
[I](2019-11-05  04:48:43 pm)    Y:   -384.2477
[I](2019-11-05  04:48:43 pm)    U:      0.0000
[I](2019-11-05  04:48:43 pm)    V:      0.0000
[I](2019-11-05  04:48:43 pm)    Z:     26.8814
[I](2019-11-05  04:48:43 pm)  * Angle
[I](2019-11-05  04:48:43 pm)    Ar:     -2.4039,Kr:      0.0000
[I](2019-11-05  04:48:43 pm)    Taper_Ar:      0.0000
[I](2019-11-05  04:53:29 pm)작업중 정지 [d:5][t:00:04:46]
[I](2019-11-05  04:53:29 pm)    [LNo:0004] 000023/000257
[I](2019-11-05  04:53:29 pm)작업중 M코드정지 [d:5][t:00:04:46]
[I](2019-11-05  04:53:49 pm)작업중 정지 [d:5][t:00:05:06]
[I](2019-11-05  04:53:49 pm)    [LNo:0004] 000025/000257
[I](2019-11-05  04:54:15 pm)작업 재시작
[I](2019-11-05  04:54:19 pm)작업중 정지 [d:5][t:00:05:36]
[I](2019-11-05  04:54:19 pm)    [LNo:0004] 000027/000257
[I](2019-11-05  04:54:19 pm)작업중 M코드정지 [d:5][t:00:05:36]
[I](2019-11-05  04:56:38 pm)작업중 정지 [d:7][t:00:07:54]
[I](2019-11-05  04:56:38 pm)    [LNo:0004] 000066/000257
[I](2019-11-05  04:56:38 pm)작업중 M코드정지 [d:7][t:00:07:54]
[I](2019-11-05  04:57:46 pm)작업중 정지 [d:7][t:00:09:02]
[I](2019-11-05  04:57:46 pm)    [LNo:0004] 000049/000257
[I](2019-11-05  04:58:57 pm)작업중 정지 [d:8][t:00:10:13]
[I](2019-11-05  04:58:57 pm)    [LNo:0004] 000065/000257
[I](2019-11-05  04:58:57 pm)작업중 M코드정지 [d:8][t:00:10:13]
[I](2019-11-05  05:00:07 pm)작업중 정지 [d:8][t:00:11:24]
[I](2019-11-05  05:00:07 pm)    [LNo:0004] 000049/000257
[I](2019-11-05  05:01:21 pm)작업중 정지 [d:9][t:00:12:37]
[I](2019-11-05  05:01:21 pm)    [LNo:0004] 000066/000257
[I](2019-11-05  05:01:21 pm)작업중 M코드정지 [d:9][t:00:12:37]
[I](2019-11-05  05:24:13 pm)작업중 정지 [d:31][t:00:35:29]
[I](2019-11-05  05:24:13 pm)    [LNo:0004] 000121/000257
[I](2019-11-05  05:24:13 pm)작업중 M코드정지 [d:31][t:00:35:29]
[I](2019-11-05  05:24:31 pm)작업중 정지 [d:31][t:00:35:47]
[I](2019-11-05  05:24:31 pm)    [LNo:0004] 000123/000257
[I](2019-11-05  05:24:31 pm)작업중 M코드정지 [d:31][t:00:35:47]
[I](2019-11-05  05:25:12 pm)작업중 정지 [d:31][t:00:36:29]
[I](2019-11-05  05:25:12 pm)    [LNo:0004] 000126/000257
[I](2019-11-05  05:25:12 pm)작업중 M코드정지 [d:31][t:00:36:29]
[I](2019-11-05  05:31:45 pm)작업중 정지 [d:35][t:00:43:01]
[I](2019-11-05  05:31:45 pm)    [LNo:0004] 000148/000257
[I](2019-11-05  05:31:45 pm)작업중 M코드정지 [d:35][t:00:43:01]
[I](2019-11-05  05:32:07 pm)작업중 정지 [d:35][t:00:43:24]
[I](2019-11-05  05:32:07 pm)    [LNo:0004] 000152/000257
[I](2019-11-05  05:32:07 pm)작업중 M코드정지 [d:35][t:00:43:24]
[I](2019-11-05  05:34:41 pm)작업중 정지 [d:37][t:00:45:57]
[I](2019-11-05  05:34:41 pm)    [LNo:0004] 000191/000257
[I](2019-11-05  05:34:41 pm)작업중 M코드정지 [d:37][t:00:45:57]
[I](2019-11-05  05:58:54 pm)작업중 정지 [d:60][t:01:10:10]
[I](2019-11-05  05:58:54 pm)    [LNo:0004] 000246/000257
[I](2019-11-05  05:58:54 pm)작업중 M코드정지 [d:60][t:01:10:10]
[I](2019-11-05  06:31:51 pm)작업중 정지 [d:61][t:01:43:07]
[I](2019-11-05  06:31:51 pm)    [LNo:0004] 000248/000257
[I](2019-11-05  06:31:51 pm)작업중 M코드정지 [d:61][t:01:43:08]
[I](2019-11-05  06:34:00 pm)Reset
[I](2019-11-05  06:34:15 pm)작업 시작 [Start d:592]
[I](2019-11-05  06:34:15 pm)Nc File: [No.0005-308.NC]
[I](2019-11-05  06:34:15 pm)  * Start Machine Position
[I](2019-11-05  06:34:15 pm)    X:    212.2058
[I](2019-11-05  06:34:15 pm)    Y:   -391.4818
[I](2019-11-05  06:34:15 pm)    U:      0.0000
[I](2019-11-05  06:34:15 pm)    V:      0.0000
[I](2019-11-05  06:34:15 pm)    Z:     26.8814
[I](2019-11-05  06:34:15 pm)  * Angle
[I](2019-11-05  06:34:15 pm)    Ar:     -2.4039,Kr:      0.0000
[I](2019-11-05  06:34:15 pm)    Taper_Ar:      0.0000
[I](2019-11-05  06:34:18 pm)작업중 정지 [d:0][t:00:00:03]
[I](2019-11-05  06:34:18 pm)    [LNo:0005] 000010/000107
[I](2019-11-05  06:34:22 pm)Reset
[I](2019-11-05  06:34:22 pm)Reset
[I](2019-11-05  06:34:47 pm)작업 시작 [Start d:592]
[I](2019-11-05  06:34:47 pm)Nc File: [No.0005-308.NC]
[I](2019-11-05  06:34:47 pm)  * Start Machine Position
[I](2019-11-05  06:34:47 pm)    X:    212.2058
[I](2019-11-05  06:34:47 pm)    Y:   -391.4818
[I](2019-11-05  06:34:47 pm)    U:      0.0000
[I](2019-11-05  06:34:47 pm)    V:      0.0000
[I](2019-11-05  06:34:47 pm)    Z:     26.8814
[I](2019-11-05  06:34:47 pm)  * Angle
[I](2019-11-05  06:34:47 pm)    Ar:     -2.4039,Kr:      0.0000
[I](2019-11-05  06:34:47 pm)    Taper_Ar:      0.0000
[I](2019-11-05  07:24:03 pm)작업중 정지 [d:49][t:00:49:16]
[I](2019-11-05  07:24:03 pm)    [LNo:0005] 000095/000107
[I](2019-11-05  07:24:03 pm)작업중 M코드정지 [d:49][t:00:49:16]
[I](2019-11-05  07:40:37 pm)작업중 정지 [d:49][t:01:05:50]
[I](2019-11-05  07:40:37 pm)    [LNo:0005] 000097/000107
[I](2019-11-05  07:40:37 pm)작업중 M코드정지 [d:49][t:01:05:50]
[I](2019-11-05  07:45:39 pm)Reset
[I](2019-11-05  07:46:01 pm)Reset
[I](2019-11-05  07:47:00 pm)작업 시작 [Start d:641]
[I](2019-11-05  07:47:00 pm)Nc File: [No.0006-291.NC]
[I](2019-11-05  07:47:00 pm)  * Start Machine Position
[I](2019-11-05  07:47:00 pm)    X:    459.4241
[I](2019-11-05  07:47:00 pm)    Y:   -230.3433
[I](2019-11-05  07:47:00 pm)    U:      0.0000
[I](2019-11-05  07:47:00 pm)    V:      0.0000
[I](2019-11-05  07:47:00 pm)    Z:     40.9114
[I](2019-11-05  07:47:00 pm)  * Angle
[I](2019-11-05  07:47:00 pm)    Ar:     -2.4039,Kr:      0.0000
[I](2019-11-05  07:47:00 pm)    Taper_Ar:      0.0000
[I](2019-11-05  07:58:42 pm)작업중 정지 [d:11][t:00:11:42]
[I](2019-11-05  07:58:42 pm)    [LNo:0006] 000024/000042
[A](2019-11-05  07:58:42 pm)[093] 보빈 와이어 단선
[I](2019-11-05  07:58:42 pm)작업중 Wire 단선 [d:11][t:00:11:42]
[A](2019-11-05  08:44:59 pm)[036] 자동결선 절단 공정 실패!!
[A](2019-11-05  08:48:15 pm)[037] 자동결선 잔여 WIRE 처리 실패!!
[A](2019-11-05  08:49:50 pm)[002] 가공액 미동작
[I](2019-11-05  08:49:54 pm)작업 재시작
[I](2019-11-05  08:57:21 pm)작업중 정지 [d:18][t:01:10:20]
[I](2019-11-05  08:57:21 pm)    [LNo:0006] 000032/000042
[I](2019-11-05  08:57:21 pm)작업중 M코드정지 [d:18][t:01:10:20]
[I](2019-11-05  08:59:09 pm)작업중 정지 [d:19][t:01:12:09]
[I](2019-11-05  08:59:09 pm)    [LNo:0006] 000033/000042
[I](2019-11-05  09:14:52 pm)Reset
[I](2019-11-05  09:16:17 pm)Reset
[I](2019-11-05  09:19:51 pm)Reset
[I](2019-11-05  09:21:45 pm)작업 시작 [Start d:660]
[I](2019-11-05  09:21:45 pm)Nc File: [No.0007-310.NC]
[I](2019-11-05  09:21:45 pm)  * Start Machine Position
[I](2019-11-05  09:21:45 pm)    X:     32.3496
[I](2019-11-05  09:21:45 pm)    Y:   -279.9942
[I](2019-11-05  09:21:45 pm)    U:      0.0000
[I](2019-11-05  09:21:45 pm)    V:      0.0000
[I](2019-11-05  09:21:45 pm)    Z:     30.4099
[I](2019-11-05  09:21:45 pm)  * Angle
[I](2019-11-05  09:21:45 pm)    Ar:      0.2951,Kr:      0.0000
[I](2019-11-05  09:21:45 pm)    Taper_Ar:      0.0000
[I](2019-11-05  09:39:15 pm)작업중 정지 [d:18][t:00:17:30]
[I](2019-11-05  09:39:15 pm)    [LNo:0007] 000026/000208
[I](2019-11-05  09:39:16 pm)작업중 M코드정지 [d:18][t:00:17:30]
[I](2019-11-05  09:39:39 pm)작업중 정지 [d:18][t:00:17:54]
[I](2019-11-05  09:39:39 pm)    [LNo:0007] 000029/000208
[I](2019-11-05  09:39:39 pm)작업중 M코드정지 [d:18][t:00:17:54]
[I](2019-11-05  09:41:06 pm)작업중 정지 [d:19][t:00:19:21]
[I](2019-11-05  09:41:06 pm)    [LNo:0007] 000043/000208
[I](2019-11-05  09:41:06 pm)작업중 30sec 접촉 정지 [d:19][t:00:19:21]
[I](2019-11-05  09:42:42 pm)작업 재시작
[I](2019-11-05  09:44:42 pm)작업중 정지 [d:21][t:00:22:56]
[I](2019-11-05  09:44:42 pm)    [LNo:0007] 000048/000208
[I](2019-11-05  09:44:42 pm)작업중 30sec 접촉 정지 [d:21][t:00:22:57]
[I](2019-11-05  09:45:31 pm)작업 재시작
[I](2019-11-05  09:46:25 pm)작업중 정지 [d:22][t:00:24:39]
[I](2019-11-05  09:46:25 pm)    [LNo:0007] 000049/000208
[I](2019-11-05  09:46:25 pm)작업중 30sec 접촉 정지 [d:22][t:00:24:40]
[I](2019-11-05  09:47:08 pm)작업 재시작
[I](2019-11-05  09:48:57 pm)작업중 정지 [d:22][t:00:27:12]
[I](2019-11-05  09:48:57 pm)    [LNo:0007] 000068/000208
[I](2019-11-05  09:48:57 pm)작업중 30sec 접촉 정지 [d:22][t:00:27:12]
[I](2019-11-05  09:49:34 pm)작업 재시작
[I](2019-11-05  10:01:45 pm)작업중 정지 [d:34][t:00:40:00]
[I](2019-11-05  10:01:45 pm)    [LNo:0007] 000082/000208
[I](2019-11-05  10:01:45 pm)작업중 M코드정지 [d:34][t:00:40:00]
[I](2019-11-05  10:02:55 pm)작업중 정지 [d:35][t:00:41:10]
[I](2019-11-05  10:02:55 pm)    [LNo:0007] 000085/000208
[I](2019-11-05  10:02:55 pm)작업중 M코드정지 [d:35][t:00:41:10]
[I](2019-11-05  10:11:33 pm)작업중 정지 [d:42][t:00:49:48]
[I](2019-11-05  10:11:33 pm)    [LNo:0007] 000110/000208
[I](2019-11-05  10:11:33 pm)작업중 M코드정지 [d:42][t:00:49:48]
[I](2019-11-05  10:12:14 pm)작업중 정지 [d:42][t:00:50:29]
[I](2019-11-05  10:12:14 pm)    [LNo:0007] 000113/000208
[I](2019-11-05  10:12:14 pm)작업중 M코드정지 [d:42][t:00:50:29]
[I](2019-11-05  10:13:52 pm)작업중 정지 [d:43][t:00:52:07]
[I](2019-11-05  10:13:52 pm)    [LNo:0007] 000130/000208
[I](2019-11-05  10:13:52 pm)작업중 30sec 접촉 정지 [d:43][t:00:52:07]
[I](2019-11-05  10:15:02 pm)작업 재시작
[I](2019-11-05  11:11:12 pm)작업중 정지 [d:99][t:01:49:27]
[I](2019-11-05  11:11:12 pm)    [LNo:0007] 000196/000208
[I](2019-11-05  11:11:12 pm)작업중 M코드정지 [d:99][t:01:49:27]
[I](2019-11-05  11:14:37 pm)작업중 정지 [d:99][t:01:52:52]
[I](2019-11-05  11:14:37 pm)    [LNo:0007] 000198/000208
[I](2019-11-05  11:14:38 pm)작업중 M코드정지 [d:99][t:01:52:52]
[A](2019-11-05  11:15:56 pm)[037] 자동결선 잔여 WIRE 처리 실패!!
[I](2019-11-05  11:18:38 pm)Reset
[A](2019-11-05  11:25:22 pm)[034] 자동결선 하부 뭉치 WIRE CONTACT!!
[A](2019-11-05  11:25:34 pm)[034] 자동결선 하부 뭉치 WIRE CONTACT!!
[I](2019-11-05  11:28:28 pm)Reset
[I](2019-11-05  11:31:08 pm)Reset
[I](2019-11-05  11:35:00 pm)Reset
[I](2019-11-05  11:37:11 pm)작업 시작 [Start d:759]
[I](2019-11-05  11:37:11 pm)Nc File: [No.0008-302.NC]
[I](2019-11-05  11:37:11 pm)  * Start Machine Position
[I](2019-11-05  11:37:11 pm)    X:    513.4816
[I](2019-11-05  11:37:11 pm)    Y:   -324.1981
[I](2019-11-05  11:37:11 pm)    U:      0.0000
[I](2019-11-05  11:37:11 pm)    V:      0.0000
[I](2019-11-05  11:37:11 pm)    Z:     32.5914
[I](2019-11-05  11:37:11 pm)  * Angle
[I](2019-11-05  11:37:11 pm)    Ar:      0.5344,Kr:      0.0000
[I](2019-11-05  11:37:11 pm)    Taper_Ar:      0.0000
[I](2019-11-05  11:42:56 pm)작업중 정지 [d:6][t:00:05:44]
[I](2019-11-05  11:42:56 pm)    [LNo:0008] 000020/000329
[I](2019-11-05  11:42:56 pm)작업중 M코드정지 [d:6][t:00:05:44]
[I](2019-11-05  11:44:20 pm)작업중 정지 [d:6][t:00:07:08]
[I](2019-11-05  11:44:20 pm)    [LNo:0008] 000023/000329
[I](2019-11-05  11:44:20 pm)작업중 M코드정지 [d:6][t:00:07:09]
