[A](2019-12-06  12:07:19 am)[037] 자동결선 잔여 WIRE 처리 실패!!
[A](2019-12-06  12:12:45 am)[034] 자동결선 하부 뭉치 WIRE CONTACT!!
[A](2019-12-06  12:12:48 am)[034] 자동결선 하부 뭉치 WIRE CONTACT!!
[I](2019-12-06  12:12:57 am)Reset
[I](2019-12-06  12:12:58 am)Reset
[I](2019-12-06  12:13:01 am)Reset
[I](2019-12-06  12:20:38 am)Reset
[I](2019-12-06  12:20:49 am)Reset
[I](2019-12-06  12:21:27 am)Reset
[I](2019-12-06  12:21:47 am)작업 시작 [Start d:338]
[I](2019-12-06  12:21:47 am)Nc File: [No.0002-266.NC]
[I](2019-12-06  12:21:47 am)  * Start Machine Position
[I](2019-12-06  12:21:47 am)    X:    298.3914
[I](2019-12-06  12:21:47 am)    Y:   -303.2345
[I](2019-12-06  12:21:47 am)    U:      0.0000
[I](2019-12-06  12:21:47 am)    V:      0.0000
[I](2019-12-06  12:21:47 am)    Z:     55.6123
[I](2019-12-06  12:21:47 am)  * Angle
[I](2019-12-06  12:21:47 am)    Ar:      0.0000,Kr:      0.0000
[I](2019-12-06  12:21:47 am)    Taper_Ar:      0.0000
[I](2019-12-06  12:21:53 am)작업중 정지 [d:0][t:00:00:06]
[I](2019-12-06  12:21:53 am)    [LNo:0002] 000010/000061
[I](2019-12-06  12:21:54 am)작업중 M코드정지 [d:0][t:00:00:06]
[I](2019-12-06  12:21:59 am)작업중 정지 [d:0][t:00:00:11]
[I](2019-12-06  12:21:59 am)    [LNo:0002] 000023/000061
[I](2019-12-06  12:22:16 am)작업중 정지 [d:0][t:00:00:29]
[I](2019-12-06  12:22:16 am)    [LNo:0002] 000012/000061
[I](2019-12-06  12:22:18 am)Reset
[I](2019-12-06  12:22:19 am)Reset
[I](2019-12-06  12:26:15 am)Reset
[I](2019-12-06  12:26:49 am)Reset
[I](2019-12-06  12:28:19 am)Reset
[I](2019-12-06  12:28:54 am)Reset
[I](2019-12-06  12:29:49 am)Reset
[I](2019-12-06  12:30:23 am)Reset
[I](2019-12-06  12:30:24 am)Reset
[I](2019-12-06  12:30:45 am)Reset
[I](2019-12-06  12:30:50 am)Reset
[I](2019-12-06  12:30:51 am)Reset
[I](2019-12-06  12:31:29 am)Reset
[I](2019-12-06  12:31:43 am)Reset
[I](2019-12-06  12:31:53 am)Reset
[I](2019-12-06  12:31:55 am)Reset
[I](2019-12-06  12:31:58 am)Reset
[I](2019-12-06  12:31:58 am)Reset
[I](2019-12-06  12:32:58 am)작업 시작 [Start d:338]
[I](2019-12-06  12:32:58 am)Nc File: [No.0002-266.NC]
[I](2019-12-06  12:32:58 am)  * Start Machine Position
[I](2019-12-06  12:32:58 am)    X:    388.5829
[I](2019-12-06  12:32:58 am)    Y:   -381.4261
[I](2019-12-06  12:32:58 am)    U:     -0.0720
[I](2019-12-06  12:32:58 am)    V:      0.0296
[I](2019-12-06  12:32:58 am)    Z:     55.6123
[I](2019-12-06  12:32:58 am)  * Angle
[I](2019-12-06  12:32:58 am)    Ar:      0.2538,Kr:      0.0000
[I](2019-12-06  12:32:58 am)    Taper_Ar:      0.0000
[I](2019-12-06  12:33:05 am)작업중 정지 [d:0][t:00:00:06]
[I](2019-12-06  12:33:05 am)    [LNo:0002] 000010/000061
[I](2019-12-06  12:33:05 am)작업중 M코드정지 [d:0][t:00:00:06]
[I](2019-12-06  12:35:27 am)작업중 정지 [d:1][t:00:02:29]
[I](2019-12-06  12:35:27 am)    [LNo:0002] 000023/000061
[A](2019-12-06  12:35:27 am)[008] 작업중 단선(AWF Feed Motor Stop )
[I](2019-12-06  12:35:27 am)작업중 Wire 단선 [d:1][t:00:02:29]
[I](2019-12-06  12:38:06 am)작업 재시작
[I](2019-12-06  01:55:49 am)작업중 정지 [d:79][t:01:22:50]
[I](2019-12-06  01:55:49 am)    [LNo:0002] 000024/000061
[I](2019-12-06  01:55:49 am)작업중 30sec 접촉 정지 [d:79][t:01:22:50]
[I](2019-12-06  01:56:34 am)작업 재시작
[I](2019-12-06  01:56:46 am)작업중 정지 [d:80][t:01:23:48]
[I](2019-12-06  01:56:46 am)    [LNo:0002] 000025/000061
[I](2019-12-06  01:56:46 am)작업중 M코드정지 [d:80][t:01:23:48]
[I](2019-12-06  01:57:04 am)작업중 정지 [d:80][t:01:24:06]
[I](2019-12-06  01:57:04 am)    [LNo:0002] 000027/000061
[I](2019-12-06  01:57:05 am)작업중 M코드정지 [d:80][t:01:24:06]
[I](2019-12-06  01:57:08 am)작업중 정지 [d:80][t:01:24:09]
[I](2019-12-06  01:57:08 am)    [LNo:0002] 000029/000061
[I](2019-12-06  01:57:17 am)작업중 정지 [d:80][t:01:24:19]
[I](2019-12-06  01:57:17 am)    [LNo:0002] 000012/000061
[I](2019-12-06  01:57:28 am)작업중 정지 [d:80][t:01:24:30]
[I](2019-12-06  01:57:28 am)    [LNo:0002] 000035/000061
[I](2019-12-06  04:16:05 am)작업중 정지 [d:219][t:03:43:07]
[I](2019-12-06  04:16:05 am)    [LNo:0002] 000048/000061
[I](2019-12-06  04:16:05 am)작업중 30sec 접촉 정지 [d:219][t:03:43:07]
[I](2019-12-06  04:18:54 am)작업 재시작
[I](2019-12-06  04:19:03 am)작업중 정지 [d:219][t:03:46:05]
[I](2019-12-06  04:19:03 am)    [LNo:0002] 000049/000061
[I](2019-12-06  04:19:03 am)작업중 M코드정지 [d:219][t:03:46:05]
[I](2019-12-06  04:19:28 am)작업중 정지 [d:219][t:03:46:29]
[I](2019-12-06  04:19:28 am)    [LNo:0002] 000051/000061
[I](2019-12-06  04:19:28 am)작업중 M코드정지 [d:219][t:03:46:29]
[I](2019-12-06  04:19:43 am)작업중 정지 [d:219][t:03:46:44]
[I](2019-12-06  04:19:43 am)    [LNo:0002] 000053/000061
[I](2019-12-06  04:19:43 am)작업중 M코드정지 [d:219][t:03:46:44]
[I](2019-12-06  04:39:28 am)Reset
[I](2019-12-06  04:39:28 am)Reset
[I](2019-12-06  04:39:28 am)Reset
[I](2019-12-06  05:56:15 am)Reset
[I](2019-12-06  05:56:15 am)Reset
[I](2019-12-06  05:56:18 am)Reset
[I](2019-12-06  05:56:18 am)Reset
[I](2019-12-06  05:56:21 am)Reset
[I](2019-12-06  05:56:36 am)Reset
[I](2019-12-06  05:56:36 am)Reset
[I](2019-12-06  05:57:44 am)Reset
[I](2019-12-06  05:57:44 am)Reset
[I](2019-12-06  06:01:16 am)Reset
[I](2019-12-06  06:01:16 am)Reset
[I](2019-12-06  06:01:54 am)Reset
[I](2019-12-06  06:01:55 am)Reset
[I](2019-12-06  06:04:04 am)Reset
[I](2019-12-06  06:04:08 am)Reset
[I](2019-12-06  06:04:31 am)Reset
[I](2019-12-06  06:04:36 am)Reset
[I](2019-12-06  06:04:36 am)Reset
[I](2019-12-06  06:04:37 am)Reset
[I](2019-12-06  06:05:14 am)Reset
[I](2019-12-06  06:05:31 am)Reset
[I](2019-12-06  06:05:36 am)Reset
[I](2019-12-06  06:05:36 am)Reset
[I](2019-12-06  06:07:54 am)작업 시작 [Start d:557]
[I](2019-12-06  06:07:54 am)Nc File: [No.0003-485.NC]
[I](2019-12-06  06:07:54 am)  * Start Machine Position
[I](2019-12-06  06:07:54 am)    X:    198.7432
[I](2019-12-06  06:07:54 am)    Y:   -390.2398
[I](2019-12-06  06:07:54 am)    U:     -0.0204
[I](2019-12-06  06:07:54 am)    V:     -0.0427
[I](2019-12-06  06:07:54 am)    Z:     71.3278
[I](2019-12-06  06:07:54 am)  * Angle
[I](2019-12-06  06:07:54 am)    Ar:     -0.6017,Kr:      0.0000
[I](2019-12-06  06:07:54 am)    Taper_Ar:      0.0000
[I](2019-12-06  06:08:02 am)작업중 정지 [d:0][t:00:00:07]
[I](2019-12-06  06:08:02 am)    [LNo:0003] 000010/000125
[I](2019-12-06  06:08:02 am)작업중 M코드정지 [d:0][t:00:00:07]
[I](2019-12-06  08:10:51 am)작업중 정지 [d:122][t:02:02:56]
[I](2019-12-06  08:10:51 am)    [LNo:0003] 000072/000125
[I](2019-12-06  08:10:51 am)작업중 M코드정지 [d:122][t:02:02:56]
[I](2019-12-06  08:13:07 am)작업중 정지 [d:122][t:02:05:13]
[I](2019-12-06  08:13:07 am)    [LNo:0003] 000074/000125
[I](2019-12-06  08:13:07 am)작업중 M코드정지 [d:122][t:02:05:13]
[I](2019-12-06  08:25:26 am)작업중 정지 [d:134][t:02:17:31]
[I](2019-12-06  08:25:26 am)    [LNo:0003] 000117/000125
[I](2019-12-06  08:25:26 am)작업중 M코드정지 [d:134][t:02:17:31]
[I](2019-12-06  08:37:08 am)Reset
[I](2019-12-06  08:43:17 am)Reset
[I](2019-12-06  08:44:11 am)Reset
[I](2019-12-06  08:45:20 am)Reset
[I](2019-12-06  08:45:20 am)Reset
[I](2019-12-06  08:45:49 am)작업 시작 [Start d:691]
[I](2019-12-06  08:45:49 am)Nc File: [No.0004-487.NC]
[I](2019-12-06  08:45:49 am)  * Start Machine Position
[I](2019-12-06  08:45:49 am)    X:    212.3659
[I](2019-12-06  08:45:49 am)    Y:   -390.4809
[I](2019-12-06  08:45:49 am)    U:     -0.0189
[I](2019-12-06  08:45:49 am)    V:      0.0109
[I](2019-12-06  08:45:49 am)    Z:     61.0100
[I](2019-12-06  08:45:49 am)  * Angle
[I](2019-12-06  08:45:49 am)    Ar:      0.0461,Kr:      0.0000
[I](2019-12-06  08:45:49 am)    Taper_Ar:      0.0000
[I](2019-12-06  08:45:57 am)작업중 정지 [d:0][t:00:00:07]
[I](2019-12-06  08:45:57 am)    [LNo:0004] 000010/000091
[I](2019-12-06  08:45:57 am)작업중 M코드정지 [d:0][t:00:00:07]
[I](2019-12-06  08:59:40 am)작업중 정지 [d:13][t:00:13:50]
[I](2019-12-06  08:59:40 am)    [LNo:0004] 000032/000091
[A](2019-12-06  08:59:40 am)[008] 작업중 단선(AWF Feed Motor Stop )
[I](2019-12-06  08:59:40 am)작업중 Wire 단선 [d:14][t:00:13:50]
[I](2019-12-06  09:04:41 am)작업 재시작
[I](2019-12-06  09:55:48 am)작업중 정지 [d:65][t:01:09:58]
[I](2019-12-06  09:55:48 am)    [LNo:0004] 000044/000091
[A](2019-12-06  09:56:47 am)[001] 와이어 미동작
[I](2019-12-06  09:56:52 am)작업 재시작
[I](2019-12-06  09:57:10 am)작업중 정지 [d:65][t:01:11:20]
[I](2019-12-06  09:57:10 am)    [LNo:0004] 000045/000091
[I](2019-12-06  09:57:10 am)작업중 M코드정지 [d:65][t:01:11:20]
[I](2019-12-06  09:58:37 am)작업중 정지 [d:65][t:01:12:47]
[I](2019-12-06  09:58:37 am)    [LNo:0004] 000046/000091
[I](2019-12-06  09:58:49 am)작업 재시작
[I](2019-12-06  09:58:56 am)작업중 정지 [d:65][t:01:13:06]
[I](2019-12-06  09:58:56 am)    [LNo:0004] 000048/000091
[I](2019-12-06  09:58:56 am)작업중 M코드정지 [d:65][t:01:13:06]
[I](2019-12-06  10:05:27 am)작업중 정지 [d:71][t:01:19:37]
[I](2019-12-06  10:05:27 am)    [LNo:0004] 000084/000091
[I](2019-12-06  10:05:27 am)작업중 M코드정지 [d:71][t:01:19:37]
[I](2019-12-06  10:06:12 am)Reset
[I](2019-12-06  10:06:13 am)Reset
[I](2019-12-06  10:17:08 am)Reset
[I](2019-12-06  10:17:08 am)Reset
[I](2019-12-06  10:18:15 am)Reset
[I](2019-12-06  10:19:51 am)Reset
[A](2019-12-06  10:20:56 am)[036] 자동결선 절단 공정 실패!!
[I](2019-12-06  10:21:28 am)Reset
[I](2019-12-06  10:25:38 am)Reset
[I](2019-12-06  10:25:38 am)Reset
[I](2019-12-06  10:26:01 am)작업 시작 [Start d:762]
[I](2019-12-06  10:26:01 am)Nc File: [No.0005-274.NC]
[I](2019-12-06  10:26:01 am)  * Start Machine Position
[I](2019-12-06  10:26:01 am)    X:    118.5560
[I](2019-12-06  10:26:01 am)    Y:   -356.1811
[I](2019-12-06  10:26:01 am)    U:     -0.1308
[I](2019-12-06  10:26:01 am)    V:     -0.0023
[I](2019-12-06  10:26:01 am)    Z:     80.6785
[I](2019-12-06  10:26:01 am)  * Angle
[I](2019-12-06  10:26:01 am)    Ar:     -0.7336,Kr:      0.0000
[I](2019-12-06  10:26:01 am)    Taper_Ar:      0.0000
[I](2019-12-06  10:26:10 am)작업중 정지 [d:0][t:00:00:08]
[I](2019-12-06  10:26:10 am)    [LNo:0005] 000029/000107
[I](2019-12-06  10:26:11 am)작업 재시작
[I](2019-12-06  10:26:41 am)작업중 정지 [d:0][t:00:00:39]
[I](2019-12-06  10:26:41 am)    [LNo:0005] 000055/000107
[I](2019-12-06  10:26:41 am)작업중 M코드정지 [d:0][t:00:00:39]
[I](2019-12-06  10:27:02 am)작업중 정지 [d:0][t:00:01:01]
[I](2019-12-06  10:27:02 am)    [LNo:0005] 000012/000107
[I](2019-12-06  12:59:07 pm)작업중 정지 [d:150][t:02:33:06]
[I](2019-12-06  12:59:07 pm)    [LNo:0005] 000049/000107
[I](2019-12-06  01:00:02 pm)작업 재시작
[I](2019-12-06  01:28:20 pm)작업중 정지 [d:178][t:03:02:19]
[I](2019-12-06  01:28:20 pm)    [LNo:0005] 000054/000107
[I](2019-12-06  01:29:11 pm)작업 재시작
[I](2019-12-06  01:29:18 pm)작업중 정지 [d:178][t:03:03:16]
[I](2019-12-06  01:29:18 pm)    [LNo:0005] 000055/000107
[I](2019-12-06  01:29:18 pm)작업중 M코드정지 [d:178][t:03:03:16]
[I](2019-12-06  01:29:27 pm)작업중 정지 [d:178][t:03:03:26]
[I](2019-12-06  01:29:27 pm)    [LNo:0005] 000057/000107
[I](2019-12-06  01:29:27 pm)작업중 M코드정지 [d:178][t:03:03:26]
[I](2019-12-06  01:39:20 pm)작업중 정지 [d:188][t:03:13:19]
[I](2019-12-06  01:39:20 pm)    [LNo:0005] 000100/000107
[I](2019-12-06  01:39:20 pm)작업중 M코드정지 [d:188][t:03:13:19]
[I](2019-12-06  01:44:49 pm)Reset
[I](2019-12-06  01:44:50 pm)작업 시작 [Start d:950]
[I](2019-12-06  01:44:50 pm)Nc File: [No.0005-274.NC]
[I](2019-12-06  01:44:50 pm)  * Start Machine Position
[I](2019-12-06  01:44:50 pm)    X:    164.2959
[I](2019-12-06  01:44:50 pm)    Y:   -263.0736
[I](2019-12-06  01:44:50 pm)    U:     -0.1308
[I](2019-12-06  01:44:50 pm)    V:     -0.0023
[I](2019-12-06  01:44:50 pm)    Z:     80.6785
[I](2019-12-06  01:44:50 pm)  * Angle
[I](2019-12-06  01:44:50 pm)    Ar:     -0.7336,Kr:      0.0000
[I](2019-12-06  01:44:50 pm)    Taper_Ar:      0.0000
[I](2019-12-06  01:44:56 pm)작업중 정지 [d:0][t:00:00:05]
[I](2019-12-06  01:44:56 pm)    [LNo:0005] 000010/000107
[I](2019-12-06  01:44:56 pm)작업중 M코드정지 [d:0][t:00:00:05]
[I](2019-12-06  01:44:59 pm)작업중 정지 [d:0][t:00:00:09]
[I](2019-12-06  01:44:59 pm)    [LNo:0005] 000023/000107
[I](2019-12-06  01:46:50 pm)Reset
[I](2019-12-06  01:46:51 pm)Reset
[I](2019-12-06  01:48:29 pm)Reset
[I](2019-12-06  01:50:48 pm)Reset
[I](2019-12-06  01:50:49 pm)Reset
[I](2019-12-06  01:51:28 pm)Reset
[I](2019-12-06  01:56:01 pm)작업 시작 [Start d:950]
[I](2019-12-06  01:56:01 pm)Nc File: [No.0006-282.NC]
[I](2019-12-06  01:56:01 pm)  * Start Machine Position
[I](2019-12-06  01:56:01 pm)    X:     91.8286
[I](2019-12-06  01:56:01 pm)    Y:   -302.7115
[I](2019-12-06  01:56:01 pm)    U:      0.0000
[I](2019-12-06  01:56:01 pm)    V:      0.0000
[I](2019-12-06  01:56:01 pm)    Z:     24.3355
[I](2019-12-06  01:56:01 pm)  * Angle
[I](2019-12-06  01:56:01 pm)    Ar:     -0.1825,Kr:      0.0000
[I](2019-12-06  01:56:01 pm)    Taper_Ar:      0.0000
[I](2019-12-06  01:56:13 pm)작업중 정지 [d:0][t:00:00:12]
[I](2019-12-06  01:56:13 pm)    [LNo:0006] 000010/000149
[I](2019-12-06  01:56:13 pm)작업중 M코드정지 [d:0][t:00:00:12]
[I](2019-12-06  02:26:34 pm)작업중 정지 [d:29][t:00:30:33]
[I](2019-12-06  02:26:34 pm)    [LNo:0006] 000033/000149
[I](2019-12-06  02:26:34 pm)작업중 M코드정지 [d:29][t:00:30:33]
[I](2019-12-06  02:26:48 pm)작업중 정지 [d:29][t:00:30:47]
[I](2019-12-06  02:26:48 pm)    [LNo:0006] 000034/000149
[I](2019-12-06  02:27:33 pm)작업 재시작
[I](2019-12-06  02:27:38 pm)작업중 정지 [d:29][t:00:31:37]
[I](2019-12-06  02:27:38 pm)    [LNo:0006] 000036/000149
[I](2019-12-06  02:27:38 pm)작업중 M코드정지 [d:29][t:00:31:37]
[I](2019-12-06  02:37:54 pm)작업중 정지 [d:39][t:00:41:53]
[I](2019-12-06  02:37:54 pm)    [LNo:0006] 000061/000149
[I](2019-12-06  02:37:54 pm)작업중 M코드정지 [d:39][t:00:41:53]
[A](2019-12-06  02:40:42 pm)[037] 자동결선 잔여 WIRE 처리 실패!!
[I](2019-12-06  02:43:54 pm)Reset
[I](2019-12-06  02:45:43 pm)Reset
[I](2019-12-06  02:46:26 pm)Reset
[I](2019-12-06  02:46:34 pm)Reset
[I](2019-12-06  02:46:53 pm)Reset
[I](2019-12-06  02:47:06 pm)Reset
[I](2019-12-06  02:48:11 pm)작업 시작 [Start d:989]
[I](2019-12-06  02:48:11 pm)Nc File: [No.0006-282.NC]
[I](2019-12-06  02:48:11 pm)  * Start Machine Position
[I](2019-12-06  02:48:11 pm)    X:    120.7361
[I](2019-12-06  02:48:11 pm)    Y:   -317.7416
[I](2019-12-06  02:48:11 pm)    U:      0.0000
[I](2019-12-06  02:48:11 pm)    V:      0.0299
[I](2019-12-06  02:48:11 pm)    Z:     27.3355
[I](2019-12-06  02:48:11 pm)  * Angle
[I](2019-12-06  02:48:11 pm)    Ar:     -0.1339,Kr:      0.0000
[I](2019-12-06  02:48:11 pm)    Taper_Ar:      0.0000
[I](2019-12-06  03:17:55 pm)작업중 정지 [d:29][t:00:29:44]
[I](2019-12-06  03:17:55 pm)    [LNo:0006] 000113/000149
[I](2019-12-06  03:17:55 pm)작업중 M코드정지 [d:29][t:00:29:44]
[I](2019-12-06  03:18:08 pm)작업중 정지 [d:29][t:00:29:57]
[I](2019-12-06  03:18:08 pm)    [LNo:0006] 000114/000149
[I](2019-12-06  03:18:33 pm)작업 재시작
[I](2019-12-06  03:18:37 pm)작업중 정지 [d:29][t:00:30:25]
[I](2019-12-06  03:18:37 pm)    [LNo:0006] 000116/000149
[I](2019-12-06  03:18:37 pm)작업중 M코드정지 [d:29][t:00:30:25]
[I](2019-12-06  03:28:44 pm)작업중 정지 [d:39][t:00:40:33]
[I](2019-12-06  03:28:44 pm)    [LNo:0006] 000141/000149
[I](2019-12-06  03:28:44 pm)작업중 M코드정지 [d:39][t:00:40:33]
[I](2019-12-06  03:30:43 pm)Reset
[I](2019-12-06  03:32:10 pm)Reset
[I](2019-12-06  03:32:30 pm)Reset
[I](2019-12-06  03:32:30 pm)Reset
[I](2019-12-06  03:42:06 pm)Reset
[I](2019-12-06  03:42:06 pm)Reset
[I](2019-12-06  03:42:06 pm)Reset
[I](2019-12-06  03:42:34 pm)Reset
[I](2019-12-06  03:42:35 pm)Reset
[I](2019-12-06  03:43:31 pm)작업 시작 [Start d:1028]
[I](2019-12-06  03:43:32 pm)Nc File: [No.0007-281.NC]
[I](2019-12-06  03:43:32 pm)  * Start Machine Position
[I](2019-12-06  03:43:32 pm)    X:     11.1178
[I](2019-12-06  03:43:32 pm)    Y:   -343.6265
[I](2019-12-06  03:43:32 pm)    U:      0.0000
[I](2019-12-06  03:43:32 pm)    V:      0.0000
[I](2019-12-06  03:43:32 pm)    Z:     36.1055
[I](2019-12-06  03:43:32 pm)  * Angle
[I](2019-12-06  03:43:32 pm)    Ar:      0.0000,Kr:      0.0000
[I](2019-12-06  03:43:32 pm)    Taper_Ar:      0.0000
[I](2019-12-06  03:57:53 pm)작업중 정지 [d:15][t:00:14:21]
[I](2019-12-06  03:57:53 pm)    [LNo:0007] 000044/000049
[I](2019-12-06  03:57:53 pm)작업중 M코드정지 [d:15][t:00:14:21]
[I](2019-12-06  04:03:23 pm)Reset
[I](2019-12-06  04:03:23 pm)Reset
[I](2019-12-06  04:04:55 pm)Reset
[I](2019-12-06  04:04:56 pm)Reset
[I](2019-12-06  04:06:10 pm)Reset
[I](2019-12-06  04:06:11 pm)Reset
[I](2019-12-06  04:06:11 pm)Reset
[I](2019-12-06  04:07:04 pm)Reset
[I](2019-12-06  04:07:04 pm)Reset
[I](2019-12-06  04:07:52 pm)작업 시작 [Start d:1043]
[I](2019-12-06  04:07:52 pm)Nc File: [No.0001-280.NC]
[I](2019-12-06  04:07:52 pm)  * Start Machine Position
[I](2019-12-06  04:07:52 pm)    X:     27.0486
[I](2019-12-06  04:07:52 pm)    Y:   -324.3889
[I](2019-12-06  04:07:52 pm)    U:      0.0000
[I](2019-12-06  04:07:52 pm)    V:      0.0049
[I](2019-12-06  04:07:52 pm)    Z:     31.6455
[I](2019-12-06  04:07:52 pm)  * Angle
[I](2019-12-06  04:07:52 pm)    Ar:      0.6916,Kr:      0.0000
[I](2019-12-06  04:07:52 pm)    Taper_Ar:      0.0000
[I](2019-12-06  04:07:55 pm)작업중 정지 [d:0][t:00:00:03]
[I](2019-12-06  04:07:55 pm)    [LNo:0001] 000062/000139
[I](2019-12-06  04:08:03 pm)작업중 정지 [d:0][t:00:00:10]
[I](2019-12-06  04:08:03 pm)    [LNo:0001] 000086/000139
[I](2019-12-06  04:15:21 pm)작업중 정지 [d:6][t:00:07:29]
[I](2019-12-06  04:15:21 pm)    [LNo:0001] 000105/000139
[I](2019-12-06  04:15:21 pm)작업중 M코드정지 [d:6][t:00:07:29]
[I](2019-12-06  04:18:47 pm)작업중 정지 [d:7][t:00:10:55]
[I](2019-12-06  04:18:47 pm)    [LNo:0001] 000108/000139
[I](2019-12-06  04:18:48 pm)작업중 M코드정지 [d:7][t:00:10:55]
[I](2019-12-06  04:20:47 pm)작업중 정지 [d:9][t:00:12:55]
[I](2019-12-06  04:20:47 pm)    [LNo:0001] 000131/000139
[I](2019-12-06  04:20:47 pm)작업중 M코드정지 [d:9][t:00:12:55]
[I](2019-12-06  04:43:27 pm)Reset
[I](2019-12-06  04:43:28 pm)Reset
[I](2019-12-06  04:45:15 pm)Reset
[I](2019-12-06  04:49:22 pm)Reset
[I](2019-12-06  04:49:23 pm)Reset
[I](2019-12-06  04:49:51 pm)Reset
[I](2019-12-06  04:49:51 pm)Reset
[I](2019-12-06  04:50:20 pm)Reset
[I](2019-12-06  04:50:21 pm)Reset
[I](2019-12-06  04:50:34 pm)Reset
[A](2019-12-06  04:50:36 pm)[002] 가공액 미동작
[I](2019-12-06  04:51:29 pm)Reset
[I](2019-12-06  04:51:29 pm)Reset
[I](2019-12-06  04:52:39 pm)작업 시작 [Start d:1052]
[I](2019-12-06  04:52:39 pm)Nc File: [No.0001-280.NC *]
[I](2019-12-06  04:52:39 pm)  * Start Machine Position
[I](2019-12-06  04:52:39 pm)    X:    198.4812
[I](2019-12-06  04:52:39 pm)    Y:   -377.7591
[I](2019-12-06  04:52:39 pm)    U:     -0.0269
[I](2019-12-06  04:52:39 pm)    V:      0.0149
[I](2019-12-06  04:52:39 pm)    Z:     25.4455
[I](2019-12-06  04:52:39 pm)  * Angle
[I](2019-12-06  04:52:39 pm)    Ar:      0.2090,Kr:      0.0000
[I](2019-12-06  04:52:39 pm)    Taper_Ar:      0.0000
[I](2019-12-06  05:00:35 pm)작업중 정지 [d:7][t:00:07:56]
[I](2019-12-06  05:00:35 pm)    [LNo:0001] 000055/000138
[I](2019-12-06  05:00:35 pm)작업중 M코드정지 [d:7][t:00:07:56]
[I](2019-12-06  05:01:01 pm)Reset
[I](2019-12-06  05:01:01 pm)Reset
[I](2019-12-06  05:01:04 pm)Reset
[I](2019-12-06  05:04:19 pm)Reset
[I](2019-12-06  05:04:20 pm)Reset
[I](2019-12-06  05:05:26 pm)Reset
[I](2019-12-06  05:08:00 pm)Reset
[I](2019-12-06  05:08:01 pm)Reset
[I](2019-12-06  05:08:40 pm)작업 시작 [Start d:1059]
[I](2019-12-06  05:08:40 pm)Nc File: [No.0002-278.NC]
[I](2019-12-06  05:08:40 pm)  * Start Machine Position
[I](2019-12-06  05:08:40 pm)    X:     54.0105
[I](2019-12-06  05:08:40 pm)    Y:   -354.8511
[I](2019-12-06  05:08:40 pm)    U:      0.0000
[I](2019-12-06  05:08:40 pm)    V:      0.0000
[I](2019-12-06  05:08:40 pm)    Z:     30.4015
[I](2019-12-06  05:08:40 pm)  * Angle
[I](2019-12-06  05:08:40 pm)    Ar:     -0.2067,Kr:      0.0000
[I](2019-12-06  05:08:40 pm)    Taper_Ar:      0.0000
[I](2019-12-06  05:30:01 pm)작업중 정지 [d:21][t:00:21:20]
[I](2019-12-06  05:30:01 pm)    [LNo:0002] 000027/000142
[I](2019-12-06  05:30:01 pm)작업중 M코드정지 [d:21][t:00:21:21]
[I](2019-12-06  05:30:30 pm)작업중 정지 [d:21][t:00:21:50]
[I](2019-12-06  05:30:30 pm)    [LNo:0002] 000028/000142
[I](2019-12-06  05:30:50 pm)작업 재시작
[I](2019-12-06  05:30:59 pm)작업중 정지 [d:21][t:00:22:19]
[I](2019-12-06  05:30:59 pm)    [LNo:0002] 000030/000142
[I](2019-12-06  05:31:00 pm)작업중 M코드정지 [d:21][t:00:22:19]
[A](2019-12-06  05:31:00 pm)[001] 와이어 미동작
[I](2019-12-06  05:38:35 pm)작업중 정지 [d:27][t:00:29:54]
[I](2019-12-06  05:38:35 pm)    [LNo:0002] 000072/000142
[I](2019-12-06  05:38:35 pm)작업중 30sec 접촉 정지 [d:27][t:00:29:55]
[I](2019-12-06  05:38:50 pm)작업 재시작
[I](2019-12-06  06:25:21 pm)작업중 정지 [d:73][t:01:16:41]
[I](2019-12-06  06:25:21 pm)    [LNo:0002] 000130/000142
[I](2019-12-06  06:25:21 pm)작업중 M코드정지 [d:73][t:01:16:41]
[I](2019-12-06  06:40:46 pm)작업중 정지 [d:74][t:01:32:05]
[I](2019-12-06  06:40:46 pm)    [LNo:0002] 000132/000142
[I](2019-12-06  06:40:46 pm)작업중 M코드정지 [d:74][t:01:32:06]
[I](2019-12-06  06:51:03 pm)Reset
[I](2019-12-06  06:51:10 pm)Reset
[I](2019-12-06  06:51:10 pm)Reset
[I](2019-12-06  06:54:54 pm)Reset
[I](2019-12-06  06:54:55 pm)Reset
[I](2019-12-06  06:55:43 pm)Reset
[I](2019-12-06  06:55:44 pm)Reset
[I](2019-12-06  06:56:44 pm)작업 시작 [Start d:1133]
[I](2019-12-06  06:56:44 pm)Nc File: [No.0003-296.NC]
[I](2019-12-06  06:56:44 pm)  * Start Machine Position
[I](2019-12-06  06:56:44 pm)    X:    297.0185
[I](2019-12-06  06:56:44 pm)    Y:   -388.9076
[I](2019-12-06  06:56:44 pm)    U:     -0.0248
[I](2019-12-06  06:56:44 pm)    V:      0.0706
[I](2019-12-06  06:56:44 pm)    Z:     85.9640
[I](2019-12-06  06:56:44 pm)  * Angle
[I](2019-12-06  06:56:44 pm)    Ar:      0.7773,Kr:      0.0000
[I](2019-12-06  06:56:44 pm)    Taper_Ar:      0.0000
[I](2019-12-06  06:56:53 pm)작업중 정지 [d:0][t:00:00:08]
[I](2019-12-06  06:56:53 pm)    [LNo:0003] 000010/000102
[I](2019-12-06  06:56:53 pm)작업중 M코드정지 [d:0][t:00:00:08]
[I](2019-12-06  06:57:04 pm)작업중 정지 [d:0][t:00:00:19]
[I](2019-12-06  06:57:04 pm)    [LNo:0003] 000034/000102
[I](2019-12-06  06:57:20 pm)Reset
[I](2019-12-06  06:57:20 pm)Reset
[I](2019-12-06  06:57:45 pm)작업 시작 [Start d:1133]
[I](2019-12-06  06:57:45 pm)Nc File: [No.0003-296.NC]
[I](2019-12-06  06:57:45 pm)  * Start Machine Position
[I](2019-12-06  06:57:45 pm)    X:    297.0185
[I](2019-12-06  06:57:45 pm)    Y:   -388.9076
[I](2019-12-06  06:57:45 pm)    U:     -0.0248
[I](2019-12-06  06:57:45 pm)    V:      0.0706
[I](2019-12-06  06:57:45 pm)    Z:     85.9640
[I](2019-12-06  06:57:45 pm)  * Angle
[I](2019-12-06  06:57:45 pm)    Ar:      0.7773,Kr:      0.0000
[I](2019-12-06  06:57:45 pm)    Taper_Ar:      0.0000
[I](2019-12-06  06:57:50 pm)작업중 정지 [d:0][t:00:00:05]
[I](2019-12-06  06:57:50 pm)    [LNo:0003] 000016/000102
[I](2019-12-06  07:37:52 pm)작업중 정지 [d:40][t:00:40:07]
[I](2019-12-06  07:37:52 pm)    [LNo:0003] 000094/000102
[I](2019-12-06  07:37:52 pm)작업중 M코드정지 [d:40][t:00:40:07]
[I](2019-12-06  07:38:33 pm)Reset
[I](2019-12-06  07:38:33 pm)Reset
[I](2019-12-06  07:43:10 pm)Reset
[I](2019-12-06  07:44:22 pm)Reset
[I](2019-12-06  07:44:22 pm)Reset
[I](2019-12-06  07:46:09 pm)Reset
[I](2019-12-06  07:46:09 pm)Reset
[I](2019-12-06  07:46:10 pm)Reset
[I](2019-12-06  07:46:10 pm)Reset
[I](2019-12-06  07:47:17 pm)Reset
[I](2019-12-06  07:47:17 pm)Reset
[I](2019-12-06  07:48:11 pm)작업 시작 [Start d:1173]
[I](2019-12-06  07:48:11 pm)Nc File: [No.0004-298.NC]
[I](2019-12-06  07:48:11 pm)  * Start Machine Position
[I](2019-12-06  07:48:11 pm)    X:    460.4975
[I](2019-12-06  07:48:11 pm)    Y:   -369.9315
[I](2019-12-06  07:48:11 pm)    U:     -0.0606
[I](2019-12-06  07:48:11 pm)    V:      0.0305
[I](2019-12-06  07:48:11 pm)    Z:     97.1900
[I](2019-12-06  07:48:11 pm)  * Angle
[I](2019-12-06  07:48:11 pm)    Ar:     -0.5793,Kr:      0.0000
[I](2019-12-06  07:48:11 pm)    Taper_Ar:      0.0000
[I](2019-12-06  07:48:29 pm)작업중 정지 [d:0][t:00:00:18]
[I](2019-12-06  07:48:29 pm)    [LNo:0004] 000010/000197
[I](2019-12-06  07:48:29 pm)작업중 M코드정지 [d:0][t:00:00:18]
[I](2019-12-06  07:49:11 pm)작업중 정지 [d:0][t:00:00:59]
[I](2019-12-06  07:49:11 pm)    [LNo:0004] 000036/000197
[I](2019-12-06  07:49:11 pm)작업중 M코드정지 [d:0][t:00:00:59]
[I](2019-12-06  07:49:16 pm)작업중 정지 [d:0][t:00:01:04]
[I](2019-12-06  07:49:16 pm)    [LNo:0004] 000042/000197
[I](2019-12-06  07:49:16 pm)작업중 M코드정지 [d:0][t:00:01:04]
[A](2019-12-06  07:49:34 pm)[033] 자동결선 회수 롤러 WIRE CONTACT!!
[I](2019-12-06  07:49:34 pm)작업중 정지 [d:0][t:00:01:23]
[I](2019-12-06  07:49:34 pm)    [LNo:0004] 000048/000197
[A](2019-12-06  07:49:34 pm)[009] 자동결선 Error(M20-삽입실패)
[I](2019-12-06  07:49:55 pm)작업중 정지 [d:0][t:00:01:43]
[I](2019-12-06  07:49:55 pm)    [LNo:0004] 000067/000197
[I](2019-12-06  07:49:55 pm)작업중 M코드정지 [d:0][t:00:01:43]
[I](2019-12-06  07:49:57 pm)작업중 정지 [d:0][t:00:01:46]
[I](2019-12-06  07:49:57 pm)    [LNo:0004] 000073/000197
[I](2019-12-06  07:49:57 pm)작업중 M코드정지 [d:0][t:00:01:46]
[I](2019-12-06  07:50:00 pm)작업중 정지 [d:0][t:00:01:48]
[I](2019-12-06  07:50:00 pm)    [LNo:0004] 000079/000197
[I](2019-12-06  08:00:08 pm)작업중 정지 [d:9][t:00:11:57]
[I](2019-12-06  08:00:08 pm)    [LNo:0004] 000099/000197
[I](2019-12-06  08:00:08 pm)작업중 M코드정지 [d:9][t:00:11:57]
[I](2019-12-06  08:00:52 pm)작업중 정지 [d:9][t:00:12:41]
[I](2019-12-06  08:00:52 pm)    [LNo:0004] 000102/000197
[I](2019-12-06  08:00:53 pm)작업중 M코드정지 [d:9][t:00:12:41]
[I](2019-12-06  08:05:41 pm)작업중 정지 [d:14][t:00:17:30]
[I](2019-12-06  08:05:41 pm)    [LNo:0004] 000129/000197
[I](2019-12-06  08:05:41 pm)작업중 M코드정지 [d:14][t:00:17:30]
[I](2019-12-06  08:06:01 pm)작업중 정지 [d:14][t:00:17:50]
[I](2019-12-06  08:06:01 pm)    [LNo:0004] 000078/000197
[I](2019-12-06  08:06:14 pm)작업중 정지 [d:14][t:00:18:03]
[I](2019-12-06  08:06:14 pm)    [LNo:0004] 000087/000197
[I](2019-12-06  08:06:16 pm)작업 재시작
[I](2019-12-06  08:06:28 pm)작업중 정지 [d:14][t:00:18:17]
[I](2019-12-06  08:06:28 pm)    [LNo:0004] 000099/000197
[I](2019-12-06  08:06:28 pm)작업중 M코드정지 [d:14][t:00:18:17]
[I](2019-12-06  08:06:41 pm)작업중 정지 [d:14][t:00:18:30]
[I](2019-12-06  08:06:41 pm)    [LNo:0004] 000102/000197
[I](2019-12-06  08:06:41 pm)작업중 M코드정지 [d:14][t:00:18:30]
[I](2019-12-06  08:07:18 pm)작업중 정지 [d:14][t:00:19:06]
[I](2019-12-06  08:07:18 pm)    [LNo:0004] 000128/000197
[I](2019-12-06  08:07:18 pm)작업중 M코드정지 [d:14][t:00:19:06]
[I](2019-12-06  08:07:55 pm)작업중 정지 [d:14][t:00:19:43]
[I](2019-12-06  08:07:55 pm)    [LNo:0004] 000138/000197
[I](2019-12-06  08:28:05 pm)작업중 정지 [d:33][t:00:39:54]
[I](2019-12-06  08:28:05 pm)    [LNo:0004] 000157/000197
[I](2019-12-06  08:28:05 pm)작업중 M코드정지 [d:33][t:00:39:54]
[I](2019-12-06  08:33:44 pm)작업중 정지 [d:33][t:00:45:33]
[I](2019-12-06  08:33:44 pm)    [LNo:0004] 000160/000197
[I](2019-12-06  08:33:44 pm)작업중 M코드정지 [d:33][t:00:45:33]
[I](2019-12-06  08:43:02 pm)작업중 정지 [d:41][t:00:54:51]
[I](2019-12-06  08:43:02 pm)    [LNo:0004] 000190/000197
[I](2019-12-06  08:43:02 pm)작업중 M코드정지 [d:41][t:00:54:51]
[I](2019-12-06  09:01:02 pm)Reset
[I](2019-12-06  09:01:05 pm)Reset
[I](2019-12-06  09:01:05 pm)Reset
[I](2019-12-06  09:11:14 pm)Reset
[I](2019-12-06  09:11:53 pm)Reset
[I](2019-12-06  09:11:53 pm)Reset
[I](2019-12-06  09:16:32 pm)Reset
[I](2019-12-06  09:16:32 pm)Reset
[I](2019-12-06  09:16:59 pm)Reset
[I](2019-12-06  09:16:59 pm)Reset
[I](2019-12-06  09:17:20 pm)Reset
[I](2019-12-06  09:17:20 pm)Reset
[I](2019-12-06  09:19:13 pm)Reset
[I](2019-12-06  09:20:09 pm)Reset
[I](2019-12-06  09:20:17 pm)Reset
[I](2019-12-06  09:20:28 pm)Reset
[I](2019-12-06  09:20:31 pm)Reset
[I](2019-12-06  09:22:14 pm)Reset
[I](2019-12-06  09:22:14 pm)Reset
[I](2019-12-06  09:22:45 pm)작업 시작 [Start d:1214]
[I](2019-12-06  09:22:45 pm)Nc File: [No.0005-303.NC]
[I](2019-12-06  09:22:45 pm)  * Start Machine Position
[I](2019-12-06  09:22:45 pm)    X:    336.8984
[I](2019-12-06  09:22:45 pm)    Y:   -364.5119
[I](2019-12-06  09:22:45 pm)    U:      0.0150
[I](2019-12-06  09:22:45 pm)    V:      0.3678
[I](2019-12-06  09:22:45 pm)    Z:     97.1900
[I](2019-12-06  09:22:45 pm)  * Angle
[I](2019-12-06  09:22:45 pm)    Ar:     -0.7890,Kr:      0.0000
[I](2019-12-06  09:22:45 pm)    Taper_Ar:      0.0000
[I](2019-12-06  09:22:45 pm)작업중 정지 [d:0][t:00:00:00]
[I](2019-12-06  09:22:45 pm)    [LNo:0005] 000200/000405
[I](2019-12-06  09:22:54 pm)작업중 정지 [d:0][t:00:00:09]
[I](2019-12-06  09:22:54 pm)    [LNo:0005] 000209/000405
[I](2019-12-06  09:22:54 pm)작업중 M코드정지 [d:0][t:00:00:09]
[I](2019-12-06  09:22:59 pm)작업중 정지 [d:0][t:00:00:14]
[I](2019-12-06  09:22:59 pm)    [LNo:0005] 000212/000405
[I](2019-12-06  09:22:59 pm)작업중 M코드정지 [d:0][t:00:00:14]
[I](2019-12-06  09:23:13 pm)작업중 정지 [d:0][t:00:00:28]
[I](2019-12-06  09:23:13 pm)    [LNo:0005] 000214/000405
[I](2019-12-06  09:23:13 pm)작업중 M코드정지 [d:0][t:00:00:28]
[I](2019-12-06  09:23:18 pm)작업중 정지 [d:0][t:00:00:33]
[I](2019-12-06  09:23:18 pm)    [LNo:0005] 000218/000405
[I](2019-12-06  09:24:07 pm)작업 재시작
[I](2019-12-06  09:24:39 pm)작업중 정지 [d:0][t:00:01:53]
[I](2019-12-06  09:24:39 pm)    [LNo:0005] 000240/000405
[I](2019-12-06  09:24:39 pm)작업중 M코드정지 [d:0][t:00:01:53]
[I](2019-12-06  09:24:40 pm)작업중 정지 [d:0][t:00:01:55]
[I](2019-12-06  09:24:40 pm)    [LNo:0005] 000243/000405
[I](2019-12-06  09:24:40 pm)작업중 M코드정지 [d:0][t:00:01:55]
[I](2019-12-06  09:24:42 pm)작업중 정지 [d:0][t:00:01:57]
[I](2019-12-06  09:24:42 pm)    [LNo:0005] 000245/000405
[I](2019-12-06  09:24:42 pm)작업중 M코드정지 [d:0][t:00:01:57]
[I](2019-12-06  09:25:02 pm)작업중 정지 [d:0][t:00:02:17]
[I](2019-12-06  09:25:02 pm)    [LNo:0005] 000249/000405
[I](2019-12-06  09:25:10 pm)작업 재시작
[I](2019-12-06  09:25:28 pm)작업중 정지 [d:0][t:00:02:42]
[I](2019-12-06  09:25:28 pm)    [LNo:0005] 000275/000405
[I](2019-12-06  09:25:28 pm)작업중 M코드정지 [d:0][t:00:02:42]
[I](2019-12-06  09:25:29 pm)작업중 정지 [d:0][t:00:02:44]
[I](2019-12-06  09:25:29 pm)    [LNo:0005] 000278/000405
[I](2019-12-06  09:25:29 pm)작업중 M코드정지 [d:0][t:00:02:44]
[I](2019-12-06  09:34:58 pm)작업중 정지 [d:0][t:00:12:13]
[I](2019-12-06  09:34:58 pm)    [LNo:0005] 000281/000405
[I](2019-12-06  09:34:58 pm)작업중 M코드정지 [d:0][t:00:12:13]
[I](2019-12-06  09:46:21 pm)작업중 정지 [d:11][t:00:23:36]
[I](2019-12-06  09:46:21 pm)    [LNo:0005] 000309/000405
[I](2019-12-06  09:46:21 pm)작업중 M코드정지 [d:11][t:00:23:36]
[I](2019-12-06  09:47:19 pm)작업중 정지 [d:11][t:00:24:34]
[I](2019-12-06  09:47:19 pm)    [LNo:0005] 000312/000405
[I](2019-12-06  09:47:20 pm)작업중 M코드정지 [d:11][t:00:24:34]
[I](2019-12-06  09:57:15 pm)작업중 정지 [d:20][t:00:34:30]
[I](2019-12-06  09:57:15 pm)    [LNo:0005] 000342/000405
[I](2019-12-06  09:57:15 pm)작업중 M코드정지 [d:20][t:00:34:30]
[I](2019-12-06  09:58:02 pm)작업중 정지 [d:20][t:00:35:17]
[I](2019-12-06  09:58:02 pm)    [LNo:0005] 000286/000405
[I](2019-12-06  09:58:17 pm)작업중 정지 [d:20][t:00:35:32]
[I](2019-12-06  09:58:17 pm)    [LNo:0005] 000295/000405
[I](2019-12-06  09:58:17 pm)작업 재시작
[I](2019-12-06  09:58:32 pm)작업중 정지 [d:20][t:00:35:47]
[I](2019-12-06  09:58:32 pm)    [LNo:0005] 000309/000405
[I](2019-12-06  09:58:32 pm)작업중 M코드정지 [d:20][t:00:35:47]
[I](2019-12-06  09:58:34 pm)작업중 정지 [d:20][t:00:35:49]
[I](2019-12-06  09:58:34 pm)    [LNo:0005] 000312/000405
[I](2019-12-06  09:58:34 pm)작업중 M코드정지 [d:20][t:00:35:49]
[I](2019-12-06  09:59:22 pm)작업중 정지 [d:20][t:00:36:36]
[I](2019-12-06  09:59:22 pm)    [LNo:0005] 000341/000405
[I](2019-12-06  09:59:22 pm)작업중 M코드정지 [d:20][t:00:36:36]
[I](2019-12-06  10:03:13 pm)작업중 정지 [d:20][t:00:40:28]
[I](2019-12-06  10:03:13 pm)    [LNo:0005] 000348/000405
[A](2019-12-06  10:03:13 pm)[033] 자동결선 회수 롤러 WIRE CONTACT!!
[I](2019-12-06  10:20:30 pm)작업중 정지 [d:35][t:00:57:45]
[I](2019-12-06  10:20:30 pm)    [LNo:0005] 000368/000405
[I](2019-12-06  10:20:30 pm)작업중 M코드정지 [d:35][t:00:57:45]
[I](2019-12-06  10:22:58 pm)작업중 정지 [d:35][t:01:00:13]
[I](2019-12-06  10:22:58 pm)    [LNo:0005] 000371/000405
[I](2019-12-06  10:22:58 pm)작업중 M코드정지 [d:35][t:01:00:13]
[I](2019-12-06  10:28:07 pm)작업중 정지 [d:40][t:01:05:22]
[I](2019-12-06  10:28:07 pm)    [LNo:0005] 000398/000405
[I](2019-12-06  10:28:07 pm)작업중 M코드정지 [d:40][t:01:05:22]
[I](2019-12-06  10:29:15 pm)작업중 정지 [d:40][t:01:06:30]
[I](2019-12-06  10:29:15 pm)    [LNo:0005] 000345/000405
[I](2019-12-06  10:29:45 pm)작업중 정지 [d:41][t:01:07:00]
[I](2019-12-06  10:29:45 pm)    [LNo:0005] 000368/000405
[I](2019-12-06  10:29:45 pm)작업중 M코드정지 [d:41][t:01:07:00]
[I](2019-12-06  10:29:46 pm)작업중 정지 [d:41][t:01:07:01]
[I](2019-12-06  10:29:46 pm)    [LNo:0005] 000371/000405
[I](2019-12-06  10:29:46 pm)작업중 M코드정지 [d:41][t:01:07:01]
[I](2019-12-06  10:30:29 pm)작업중 정지 [d:41][t:01:07:44]
[I](2019-12-06  10:30:29 pm)    [LNo:0005] 000397/000405
[I](2019-12-06  10:30:29 pm)작업중 M코드정지 [d:41][t:01:07:44]
[I](2019-12-06  10:36:55 pm)Reset
[I](2019-12-06  10:36:58 pm)Reset
[I](2019-12-06  10:36:58 pm)Reset
[A](2019-12-06  10:42:53 pm)[036] 자동결선 절단 공정 실패!!
[I](2019-12-06  10:46:34 pm)Reset
[I](2019-12-06  10:46:38 pm)Reset
[I](2019-12-06  10:59:36 pm)Reset
[I](2019-12-06  10:59:59 pm)Reset
[I](2019-12-06  11:03:20 pm)Reset
[I](2019-12-06  11:03:49 pm)Reset
[I](2019-12-06  11:07:12 pm)작업 시작 [Start d:1255]
[I](2019-12-06  11:07:12 pm)Nc File: [No.0006-305.NC]
[I](2019-12-06  11:07:12 pm)  * Start Machine Position
[I](2019-12-06  11:07:12 pm)    X:    421.7071
[I](2019-12-06  11:07:12 pm)    Y:   -341.3660
[I](2019-12-06  11:07:12 pm)    U:      0.0000
[I](2019-12-06  11:07:12 pm)    V:      0.0000
[I](2019-12-06  11:07:12 pm)    Z:     30.5485
[I](2019-12-06  11:07:12 pm)  * Angle
[I](2019-12-06  11:07:12 pm)    Ar:      0.2596,Kr:      0.0000
[I](2019-12-06  11:07:12 pm)    Taper_Ar:      0.0000
[I](2019-12-06  11:15:19 pm)작업중 정지 [d:8][t:00:08:06]
[I](2019-12-06  11:15:19 pm)    [LNo:0006] 000021/000849
[I](2019-12-06  11:15:19 pm)작업중 M코드정지 [d:8][t:00:08:06]
[I](2019-12-06  11:20:02 pm)작업중 정지 [d:8][t:00:12:49]
[I](2019-12-06  11:20:02 pm)    [LNo:0006] 000022/000849
[I](2019-12-06  11:20:34 pm)작업 재시작
[I](2019-12-06  11:20:38 pm)작업중 정지 [d:8][t:00:13:26]
[I](2019-12-06  11:20:38 pm)    [LNo:0006] 000024/000849
[I](2019-12-06  11:20:38 pm)작업중 M코드정지 [d:8][t:00:13:26]
[I](2019-12-06  11:47:52 pm)작업중 정지 [d:34][t:00:40:40]
[I](2019-12-06  11:47:52 pm)    [LNo:0006] 000105/000849
[I](2019-12-06  11:47:52 pm)작업중 30sec 접촉 정지 [d:34][t:00:40:40]
[I](2019-12-06  11:54:25 pm)작업 재시작
[I](2019-12-06  11:57:31 pm)작업중 정지 [d:37][t:00:50:18]
[I](2019-12-06  11:57:31 pm)    [LNo:0006] 000122/000849
[I](2019-12-06  11:57:31 pm)작업중 M코드정지 [d:37][t:00:50:18]
