[I](2019-12-12  12:06:30 am)작업중 정지 [d:38][t:00:46:20]
[I](2019-12-12  12:06:30 am)    [LNo:0004] 000056/000128
[I](2019-12-12  12:06:30 am)작업중 M코드정지 [d:38][t:00:46:20]
[I](2019-12-12  12:13:28 am)작업중 정지 [d:38][t:00:53:18]
[I](2019-12-12  12:13:28 am)    [LNo:0004] 000057/000128
[I](2019-12-12  12:13:28 am)Wire Contact Auto Stop(M52)
[I](2019-12-12  12:14:10 am)Reset
[I](2019-12-12  12:14:11 am)Reset
[I](2019-12-12  12:14:11 am)Reset
[I](2019-12-12  12:14:22 am)작업 시작 [Start d:239]
[I](2019-12-12  12:14:22 am)Nc File: [No.0004-368.NC]
[I](2019-12-12  12:14:22 am)  * Start Machine Position
[I](2019-12-12  12:14:22 am)    X:    333.8607
[I](2019-12-12  12:14:22 am)    Y:   -254.6126
[I](2019-12-12  12:14:22 am)    U:      0.0000
[I](2019-12-12  12:14:22 am)    V:      0.0000
[I](2019-12-12  12:14:22 am)    Z:     30.9034
[I](2019-12-12  12:14:22 am)  * Angle
[I](2019-12-12  12:14:22 am)    Ar:      0.0311,Kr:      0.0000
[I](2019-12-12  12:14:22 am)    Taper_Ar:      0.0000
[I](2019-12-12  12:37:52 am)작업중 정지 [d:23][t:00:23:29]
[I](2019-12-12  12:37:52 am)    [LNo:0004] 000086/000128
[I](2019-12-12  12:37:52 am)작업중 M코드정지 [d:23][t:00:23:29]
[I](2019-12-12  12:59:12 am)작업중 정지 [d:23][t:00:44:49]
[I](2019-12-12  12:59:12 am)    [LNo:0004] 000087/000128
[I](2019-12-12  12:59:12 am)Wire Contact Auto Stop(M52)
[I](2019-12-12  12:59:38 am)작업중 정지 [d:23][t:00:45:15]
[I](2019-12-12  12:59:38 am)    [LNo:0004] 000096/000128
[I](2019-12-12  01:23:10 am)작업중 정지 [d:46][t:01:08:47]
[I](2019-12-12  01:23:10 am)    [LNo:0004] 000116/000128
[I](2019-12-12  01:23:10 am)작업중 M코드정지 [d:46][t:01:08:47]
[I](2019-12-12  01:23:38 am)작업중 정지 [d:46][t:01:09:15]
[I](2019-12-12  01:23:38 am)    [LNo:0004] 000117/000128
[I](2019-12-12  01:23:38 am)Wire Contact Auto Stop(M52)
[I](2019-12-12  01:28:02 am)Reset
[I](2019-12-12  01:28:02 am)Reset
[I](2019-12-12  01:30:02 am)Reset
[I](2019-12-12  01:31:00 am)Reset
[I](2019-12-12  01:31:01 am)Reset
[I](2019-12-12  01:31:01 am)Reset
[I](2019-12-12  01:32:09 am)작업 시작 [Start d:285]
[I](2019-12-12  01:32:09 am)Nc File: [No.0006-367.NC]
[I](2019-12-12  01:32:09 am)  * Start Machine Position
[I](2019-12-12  01:32:09 am)    X:    184.9730
[I](2019-12-12  01:32:09 am)    Y:   -351.3332
[I](2019-12-12  01:32:09 am)    U:      0.0000
[I](2019-12-12  01:32:09 am)    V:      0.0000
[I](2019-12-12  01:32:09 am)    Z:     10.3404
[I](2019-12-12  01:32:09 am)  * Angle
[I](2019-12-12  01:32:09 am)    Ar:      0.2320,Kr:      0.0000
[I](2019-12-12  01:32:09 am)    Taper_Ar:      0.0000
[I](2019-12-12  01:54:24 am)작업중 정지 [d:23][t:00:22:14]
[I](2019-12-12  01:54:24 am)    [LNo:0006] 000023/000272
[I](2019-12-12  01:54:24 am)Wire Contact Auto Stop(M52)
[I](2019-12-12  02:00:44 am)작업 재시작
[I](2019-12-12  02:10:06 am)작업중 정지 [d:32][t:00:37:56]
[I](2019-12-12  02:10:06 am)    [LNo:0006] 000061/000272
[I](2019-12-12  02:10:06 am)Wire Contact Auto Stop(M52)
[I](2019-12-12  02:15:02 am)작업 재시작
[I](2019-12-12  02:15:06 am)작업중 정지 [d:32][t:00:42:56]
[I](2019-12-12  02:15:06 am)    [LNo:0006] 000062/000272
[I](2019-12-12  02:15:06 am)작업중 M코드정지 [d:32][t:00:42:56]
[I](2019-12-12  02:15:14 am)작업중 정지 [d:32][t:00:43:04]
[I](2019-12-12  02:15:14 am)    [LNo:0006] 000063/000272
[I](2019-12-12  02:15:14 am)Wire Contact Auto Stop(M52)
[I](2019-12-12  02:15:38 am)작업 재시작
[I](2019-12-12  02:15:59 am)작업중 정지 [d:32][t:00:43:49]
[I](2019-12-12  02:15:59 am)    [LNo:0006] 000064/000272
[I](2019-12-12  02:15:59 am)작업중 M코드정지 [d:32][t:00:43:49]
[I](2019-12-12  02:39:29 am)작업중 정지 [d:55][t:01:07:19]
[I](2019-12-12  02:39:29 am)    [LNo:0006] 000089/000272
[I](2019-12-12  02:39:29 am)Wire Contact Auto Stop(M52)
[I](2019-12-12  02:40:34 am)작업 재시작
[I](2019-12-12  02:50:06 am)작업중 정지 [d:64][t:01:17:56]
[I](2019-12-12  02:50:06 am)    [LNo:0006] 000127/000272
[I](2019-12-12  02:50:06 am)Wire Contact Auto Stop(M52)
[I](2019-12-12  02:51:59 am)작업 재시작
[I](2019-12-12  02:52:05 am)작업중 정지 [d:64][t:01:19:55]
[I](2019-12-12  02:52:05 am)    [LNo:0006] 000129/000272
[I](2019-12-12  02:52:05 am)Wire Contact Auto Stop(M52)
[I](2019-12-12  02:52:37 am)작업 재시작
[I](2019-12-12  02:52:40 am)작업중 정지 [d:64][t:01:20:30]
[I](2019-12-12  02:52:40 am)    [LNo:0006] 000129/000272
[A](2019-12-12  02:52:40 am)[008] 작업중 단선(AWF Feed Motor Stop )
[I](2019-12-12  02:52:40 am)작업중 Wire 단선 [d:64][t:01:20:30]
[I](2019-12-12  02:53:27 am)작업 재시작
[I](2019-12-12  02:53:38 am)작업중 정지 [d:64][t:01:21:28]
[I](2019-12-12  02:53:38 am)    [LNo:0006] 000130/000272
[I](2019-12-12  02:53:39 am)작업중 M코드정지 [d:64][t:01:21:29]
[I](2019-12-12  02:53:48 am)작업중 정지 [d:64][t:01:21:38]
[I](2019-12-12  02:53:48 am)    [LNo:0006] 000133/000272
[A](2019-12-12  02:53:48 am)[010] 자동결선 Error(M21-절단실패)
[I](2019-12-12  03:14:48 am)작업중 정지 [d:84][t:01:42:38]
[I](2019-12-12  03:14:48 am)    [LNo:0006] 000155/000272
[I](2019-12-12  03:14:48 am)Wire Contact Auto Stop(M52)
[I](2019-12-12  03:16:23 am)작업 재시작
[I](2019-12-12  03:25:00 am)작업중 정지 [d:92][t:01:52:50]
[I](2019-12-12  03:25:00 am)    [LNo:0006] 000193/000272
[I](2019-12-12  03:25:00 am)Wire Contact Auto Stop(M52)
[I](2019-12-12  03:28:12 am)작업 재시작
[I](2019-12-12  03:28:19 am)작업중 정지 [d:93][t:01:56:09]
[I](2019-12-12  03:28:19 am)    [LNo:0006] 000195/000272
[I](2019-12-12  03:28:20 am)Wire Contact Auto Stop(M52)
[I](2019-12-12  03:28:39 am)작업 재시작
[I](2019-12-12  03:28:45 am)작업중 정지 [d:93][t:01:56:35]
[I](2019-12-12  03:28:45 am)    [LNo:0006] 000196/000272
[I](2019-12-12  03:28:45 am)작업중 M코드정지 [d:93][t:01:56:35]
[I](2019-12-12  03:56:27 am)작업중 정지 [d:120][t:02:24:17]
[I](2019-12-12  03:56:27 am)    [LNo:0006] 000259/000272
[I](2019-12-12  03:56:27 am)Wire Contact Auto Stop(M52)
[I](2019-12-12  03:58:13 am)작업 재시작
[I](2019-12-12  03:58:17 am)작업중 정지 [d:120][t:02:26:07]
[I](2019-12-12  03:58:17 am)    [LNo:0006] 000261/000272
[I](2019-12-12  03:58:17 am)Wire Contact Auto Stop(M52)
[I](2019-12-12  03:59:10 am)작업 재시작
[I](2019-12-12  03:59:17 am)작업중 정지 [d:120][t:02:27:07]
[I](2019-12-12  03:59:17 am)    [LNo:0006] 000261/000272
[I](2019-12-12  03:59:22 am)작업 재시작
[I](2019-12-12  03:59:35 am)작업중 정지 [d:120][t:02:27:25]
[I](2019-12-12  03:59:35 am)    [LNo:0006] 000261/000272
[I](2019-12-12  04:03:05 am)Reset
[I](2019-12-12  04:06:11 am)Reset
[I](2019-12-12  04:07:01 am)작업 시작 [Start d:405]
[I](2019-12-12  04:07:01 am)Nc File: [No.0007-401.NC]
[I](2019-12-12  04:07:01 am)  * Start Machine Position
[I](2019-12-12  04:07:01 am)    X:     43.2835
[I](2019-12-12  04:07:01 am)    Y:   -369.4582
[I](2019-12-12  04:07:01 am)    U:      0.0000
[I](2019-12-12  04:07:01 am)    V:      0.0000
[I](2019-12-12  04:07:01 am)    Z:     30.4299
[I](2019-12-12  04:07:01 am)  * Angle
[I](2019-12-12  04:07:01 am)    Ar:     -0.9903,Kr:      0.0000
[I](2019-12-12  04:07:01 am)    Taper_Ar:      0.0000
[I](2019-12-12  04:17:22 am)작업중 정지 [d:11][t:00:10:20]
[I](2019-12-12  04:17:22 am)    [LNo:0007] 000022/000252
[I](2019-12-12  04:17:39 am)작업 재시작
[I](2019-12-12  04:17:48 am)작업중 정지 [d:11][t:00:10:46]
[I](2019-12-12  04:17:48 am)    [LNo:0007] 000024/000252
[I](2019-12-12  04:17:48 am)작업중 M코드정지 [d:11][t:00:10:46]
[I](2019-12-12  04:59:31 am)작업중 정지 [d:52][t:00:52:30]
[I](2019-12-12  04:59:31 am)    [LNo:0007] 000117/000252
[I](2019-12-12  04:59:31 am)Wire Contact Auto Stop(M52)
[I](2019-12-12  04:59:53 am)작업 재시작
[I](2019-12-12  04:59:54 am)작업중 정지 [d:52][t:00:52:53]
[I](2019-12-12  04:59:54 am)    [LNo:0007] 000118/000252
[I](2019-12-12  04:59:54 am)작업중 M코드정지 [d:52][t:00:52:53]
[I](2019-12-12  05:00:11 am)작업중 정지 [d:52][t:00:53:10]
[I](2019-12-12  05:00:11 am)    [LNo:0007] 000120/000252
[I](2019-12-12  05:00:11 am)작업중 M코드정지 [d:52][t:00:53:10]
[I](2019-12-12  05:11:55 am)작업중 정지 [d:62][t:01:04:53]
[I](2019-12-12  05:11:55 am)    [LNo:0007] 000143/000252
[I](2019-12-12  05:11:55 am)작업중 M코드정지 [d:62][t:01:04:53]
[I](2019-12-12  05:45:18 am)작업중 정지 [d:63][t:01:38:17]
[I](2019-12-12  05:45:18 am)    [LNo:0007] 000144/000252
[I](2019-12-12  05:45:42 am)작업 재시작
[I](2019-12-12  05:45:49 am)작업중 정지 [d:63][t:01:38:47]
[I](2019-12-12  05:45:49 am)    [LNo:0007] 000146/000252
[I](2019-12-12  05:45:49 am)작업중 M코드정지 [d:63][t:01:38:47]
[I](2019-12-12  06:28:17 am)작업중 정지 [d:103][t:02:21:15]
[I](2019-12-12  06:28:17 am)    [LNo:0007] 000239/000252
[I](2019-12-12  06:28:17 am)Wire Contact Auto Stop(M52)
[I](2019-12-12  06:33:11 am)작업 재시작
[I](2019-12-12  06:33:12 am)작업중 정지 [d:103][t:02:26:10]
[I](2019-12-12  06:33:12 am)    [LNo:0007] 000240/000252
[I](2019-12-12  06:33:12 am)작업중 M코드정지 [d:103][t:02:26:10]
[I](2019-12-12  06:33:15 am)작업중 정지 [d:103][t:02:26:14]
[I](2019-12-12  06:33:15 am)    [LNo:0007] 000241/000252
[I](2019-12-12  06:33:15 am)Wire Contact Auto Stop(M52)
[I](2019-12-12  06:36:20 am)Reset
[I](2019-12-12  06:36:20 am)Reset
[I](2019-12-12  06:39:47 am)Reset
[I](2019-12-12  06:46:35 am)Reset
[I](2019-12-12  06:47:54 am)Reset
[I](2019-12-12  06:48:16 am)Reset
[I](2019-12-12  06:49:44 am)Reset
[I](2019-12-12  06:50:38 am)Reset
[I](2019-12-12  06:50:55 am)Reset
[I](2019-12-12  06:50:55 am)Reset
[I](2019-12-12  06:50:56 am)Reset
[I](2019-12-12  06:51:34 am)작업 시작 [Start d:508]
[I](2019-12-12  06:51:34 am)Nc File: [No.0008-409.NC]
[I](2019-12-12  06:51:34 am)  * Start Machine Position
[I](2019-12-12  06:51:34 am)    X:     70.2896
[I](2019-12-12  06:51:34 am)    Y:   -390.2959
[I](2019-12-12  06:51:34 am)    U:      0.0000
[I](2019-12-12  06:51:34 am)    V:      0.0000
[I](2019-12-12  06:51:34 am)    Z:     23.4344
[I](2019-12-12  06:51:34 am)  * Angle
[I](2019-12-12  06:51:34 am)    Ar:     -0.1046,Kr:      0.0000
[I](2019-12-12  06:51:34 am)    Taper_Ar:      0.0000
[I](2019-12-12  06:51:50 am)작업중 정지 [d:0][t:00:00:16]
[I](2019-12-12  06:51:50 am)    [LNo:0008] 000010/000980
[I](2019-12-12  06:51:50 am)작업중 M코드정지 [d:0][t:00:00:16]
[I](2019-12-12  07:59:19 am)작업중 정지 [d:62][t:01:07:45]
[I](2019-12-12  07:59:19 am)    [LNo:0008] 000084/000980
[I](2019-12-12  07:59:19 am)작업중 M코드정지 [d:62][t:01:07:45]
[I](2019-12-12  08:03:00 am)작업중 정지 [d:62][t:01:11:26]
[I](2019-12-12  08:03:00 am)    [LNo:0008] 000088/000980
[I](2019-12-12  08:03:00 am)작업중 M코드정지 [d:62][t:01:11:26]
[A](2019-12-12  08:20:09 am)[032] 자동결선 상부 센서 WIRE CONTACT!!
[I](2019-12-12  08:20:09 am)작업중 정지 [d:77][t:01:28:35]
[I](2019-12-12  08:20:09 am)    [LNo:0008] 000163/000980
[A](2019-12-12  08:20:09 am)[009] 자동결선 Error(M20-삽입실패)
[A](2019-12-12  08:33:35 am)[032] 자동결선 상부 센서 WIRE CONTACT!!
[A](2019-12-12  08:33:36 am)[032] 자동결선 상부 센서 WIRE CONTACT!!
[A](2019-12-12  08:35:16 am)[037] 자동결선 잔여 WIRE 처리 실패!!
[I](2019-12-12  08:47:40 am)작업중 정지 [d:89][t:01:56:06]
[I](2019-12-12  08:47:40 am)    [LNo:0008] 000208/000980
[I](2019-12-12  08:47:40 am)작업중 M코드정지 [d:89][t:01:56:06]
[I](2019-12-12  08:52:23 am)작업중 정지 [d:90][t:02:00:49]
[I](2019-12-12  08:52:23 am)    [LNo:0008] 000212/000980
[I](2019-12-12  08:52:23 am)작업중 M코드정지 [d:90][t:02:00:49]
[I](2019-12-12  08:56:50 am)작업중 정지 [d:93][t:02:05:15]
[I](2019-12-12  08:56:50 am)    [LNo:0008] 000252/000980
[A](2019-12-12  08:56:50 am)[009] 자동결선 Error(M20-삽입실패)
[I](2019-12-12  09:09:51 am)작업중 정지 [d:101][t:02:18:17]
[I](2019-12-12  09:09:51 am)    [LNo:0008] 000267/000980
[I](2019-12-12  09:09:51 am)작업중 M코드정지 [d:101][t:02:18:17]
[I](2019-12-12  09:10:14 am)작업중 정지 [d:101][t:02:18:40]
[I](2019-12-12  09:10:14 am)    [LNo:0008] 000271/000980
[I](2019-12-12  09:10:14 am)작업중 M코드정지 [d:101][t:02:18:40]
[I](2019-12-12  09:13:26 am)작업중 정지 [d:103][t:02:21:51]
[I](2019-12-12  09:13:26 am)    [LNo:0008] 000293/000980
[I](2019-12-12  09:13:48 am)작업 재시작
[I](2019-12-12  09:14:21 am)작업중 정지 [d:103][t:02:22:47]
[I](2019-12-12  09:14:21 am)    [LNo:0008] 000296/000980
[A](2019-12-12  09:14:50 am)[037] 자동결선 잔여 WIRE 처리 실패!!
[I](2019-12-12  09:19:41 am)작업중 정지 [d:107][t:02:28:07]
[I](2019-12-12  09:19:41 am)    [LNo:0008] 000311/000980
[I](2019-12-12  09:19:41 am)작업중 M코드정지 [d:107][t:02:28:07]
[I](2019-12-12  09:20:30 am)작업중 정지 [d:108][t:02:28:56]
[I](2019-12-12  09:20:30 am)    [LNo:0008] 000315/000980
[I](2019-12-12  09:20:30 am)작업중 M코드정지 [d:108][t:02:28:56]
[I](2019-12-12  09:27:58 am)작업중 정지 [d:114][t:02:36:24]
[I](2019-12-12  09:27:58 am)    [LNo:0008] 000355/000980
[I](2019-12-12  09:27:58 am)작업중 M코드정지 [d:114][t:02:36:24]
[I](2019-12-12  09:28:21 am)작업중 정지 [d:115][t:02:36:47]
[I](2019-12-12  09:28:21 am)    [LNo:0008] 000359/000980
[I](2019-12-12  09:28:22 am)작업중 M코드정지 [d:115][t:02:36:47]
[I](2019-12-12  09:38:51 am)작업중 정지 [d:123][t:02:47:17]
[I](2019-12-12  09:38:51 am)    [LNo:0008] 000405/000980
[I](2019-12-12  09:38:51 am)작업중 M코드정지 [d:123][t:02:47:17]
[I](2019-12-12  09:39:24 am)작업중 정지 [d:124][t:02:47:50]
[I](2019-12-12  09:39:24 am)    [LNo:0008] 000407/000980
[I](2019-12-12  09:39:46 am)작업 재시작
[I](2019-12-12  09:39:52 am)작업중 정지 [d:124][t:02:48:18]
[I](2019-12-12  09:39:52 am)    [LNo:0008] 000409/000980
[I](2019-12-12  09:39:52 am)작업중 M코드정지 [d:124][t:02:48:18]
[I](2019-12-12  10:16:10 am)작업중 정지 [d:158][t:03:24:36]
[I](2019-12-12  10:16:10 am)    [LNo:0008] 000470/000980
[I](2019-12-12  10:16:10 am)작업중 M코드정지 [d:158][t:03:24:36]
[I](2019-12-12  10:16:53 am)작업중 정지 [d:158][t:03:25:19]
[I](2019-12-12  10:16:53 am)    [LNo:0008] 000471/000980
[I](2019-12-12  10:17:15 am)작업 재시작
[I](2019-12-12  10:17:22 am)작업중 정지 [d:159][t:03:25:48]
[I](2019-12-12  10:17:22 am)    [LNo:0008] 000474/000980
[I](2019-12-12  10:17:22 am)작업중 M코드정지 [d:159][t:03:25:48]
[I](2019-12-12  10:26:19 am)작업중 정지 [d:167][t:03:34:45]
[I](2019-12-12  10:26:19 am)    [LNo:0008] 000510/000980
[A](2019-12-12  10:26:20 am)[009] 자동결선 Error(M20-삽입실패)
[I](2019-12-12  10:50:16 am)작업중 정지 [d:185][t:03:58:42]
[I](2019-12-12  10:50:16 am)    [LNo:0008] 000539/000980
[I](2019-12-12  10:50:16 am)작업중 M코드정지 [d:185][t:03:58:42]
[I](2019-12-12  10:51:15 am)작업중 정지 [d:185][t:03:59:41]
[I](2019-12-12  10:51:15 am)    [LNo:0008] 000540/000980
[I](2019-12-12  10:51:38 am)작업 재시작
[I](2019-12-12  10:51:45 am)작업중 정지 [d:185][t:04:00:10]
[I](2019-12-12  10:51:45 am)    [LNo:0008] 000543/000980
[I](2019-12-12  10:51:45 am)작업중 M코드정지 [d:185][t:04:00:11]
[I](2019-12-12  11:08:21 am)작업중 정지 [d:201][t:04:16:47]
[I](2019-12-12  11:08:21 am)    [LNo:0008] 000608/000980
[I](2019-12-12  11:08:21 am)작업중 M코드정지 [d:201][t:04:16:47]
[I](2019-12-12  11:09:27 am)작업중 정지 [d:201][t:04:17:53]
[I](2019-12-12  11:09:27 am)    [LNo:0008] 000610/000980
[I](2019-12-12  11:09:27 am)작업중 M코드정지 [d:201][t:04:17:53]
[I](2019-12-12  11:10:15 am)작업중 정지 [d:201][t:04:18:41]
[I](2019-12-12  11:10:15 am)    [LNo:0008] 000625/000980
[I](2019-12-12  11:10:15 am)작업중 30sec 접촉 정지 [d:201][t:04:18:41]
[I](2019-12-12  11:17:11 am)작업 재시작
[I](2019-12-12  11:17:14 am)작업중 정지 [d:201][t:04:25:40]
[I](2019-12-12  11:17:14 am)    [LNo:0008] 000625/000980
[I](2019-12-12  11:17:18 am)작업 재시작
[I](2019-12-12  11:17:24 am)작업중 정지 [d:201][t:04:25:50]
[I](2019-12-12  11:17:24 am)    [LNo:0008] 000626/000980
[I](2019-12-12  11:17:27 am)작업 재시작
[I](2019-12-12  11:17:31 am)작업중 정지 [d:201][t:04:25:57]
[I](2019-12-12  11:17:31 am)    [LNo:0008] 000626/000980
[I](2019-12-12  11:17:35 am)작업 재시작
[I](2019-12-12  11:17:46 am)작업중 정지 [d:201][t:04:26:11]
[I](2019-12-12  11:17:46 am)    [LNo:0008] 000626/000980
[I](2019-12-12  11:17:49 am)작업 재시작
[I](2019-12-12  11:19:15 am)작업중 정지 [d:202][t:04:27:41]
[I](2019-12-12  11:19:15 am)    [LNo:0008] 000633/000980
[I](2019-12-12  11:19:15 am)작업중 30sec 접촉 정지 [d:202][t:04:27:41]
[I](2019-12-12  11:20:51 am)작업 재시작
[I](2019-12-12  11:20:58 am)작업중 정지 [d:202][t:04:29:24]
[I](2019-12-12  11:20:58 am)    [LNo:0008] 000634/000980
[I](2019-12-12  11:21:01 am)작업 재시작
[I](2019-12-12  11:34:50 am)작업중 정지 [d:215][t:04:43:16]
[I](2019-12-12  11:34:50 am)    [LNo:0008] 000660/000980
[I](2019-12-12  11:34:50 am)작업중 M코드정지 [d:215][t:04:43:16]
[I](2019-12-12  11:35:05 am)작업중 정지 [d:215][t:04:43:31]
[I](2019-12-12  11:35:05 am)    [LNo:0008] 000661/000980
[I](2019-12-12  11:35:26 am)작업 재시작
[I](2019-12-12  11:35:32 am)작업중 정지 [d:215][t:04:43:58]
[I](2019-12-12  11:35:32 am)    [LNo:0008] 000663/000980
[I](2019-12-12  11:35:32 am)작업중 M코드정지 [d:215][t:04:43:58]
[I](2019-12-12  11:56:47 am)작업중 정지 [d:235][t:05:05:13]
[I](2019-12-12  11:56:47 am)    [LNo:0008] 000705/000980
[I](2019-12-12  11:56:47 am)작업중 M코드정지 [d:235][t:05:05:13]
[I](2019-12-12  11:57:54 am)작업중 정지 [d:235][t:05:06:20]
[I](2019-12-12  11:57:54 am)    [LNo:0008] 000708/000980
[I](2019-12-12  11:57:55 am)작업중 M코드정지 [d:235][t:05:06:20]
[I](2019-12-12  12:23:04 pm)작업중 정지 [d:259][t:05:31:30]
[I](2019-12-12  12:23:04 pm)    [LNo:0008] 000767/000980
[I](2019-12-12  12:23:04 pm)작업중 M코드정지 [d:259][t:05:31:30]
[I](2019-12-12  12:28:43 pm)작업중 정지 [d:259][t:05:37:09]
[I](2019-12-12  12:28:43 pm)    [LNo:0008] 000770/000980
[I](2019-12-12  12:28:43 pm)작업중 M코드정지 [d:259][t:05:37:09]
[I](2019-12-12  12:49:24 pm)작업중 정지 [d:278][t:05:57:49]
[I](2019-12-12  12:49:24 pm)    [LNo:0008] 000829/000980
[I](2019-12-12  12:49:24 pm)작업중 M코드정지 [d:278][t:05:57:50]
[I](2019-12-12  12:52:36 pm)작업중 정지 [d:278][t:06:01:02]
[I](2019-12-12  12:52:36 pm)    [LNo:0008] 000830/000980
[I](2019-12-12  12:52:36 pm)작업중 30sec 접촉 정지 [d:278][t:06:01:02]
[I](2019-12-12  12:53:04 pm)작업 재시작
[I](2019-12-12  12:53:13 pm)작업중 정지 [d:278][t:06:01:39]
[I](2019-12-12  12:53:13 pm)    [LNo:0008] 000832/000980
[I](2019-12-12  12:53:13 pm)작업중 M코드정지 [d:278][t:06:01:39]
[I](2019-12-12  01:13:38 pm)작업중 정지 [d:296][t:06:22:04]
[I](2019-12-12  01:13:38 pm)    [LNo:0008] 000873/000980
[I](2019-12-12  01:13:38 pm)작업중 M코드정지 [d:296][t:06:22:04]
[I](2019-12-12  01:20:47 pm)작업중 정지 [d:296][t:06:29:13]
[I](2019-12-12  01:20:47 pm)    [LNo:0008] 000876/000980
[I](2019-12-12  01:20:48 pm)작업중 M코드정지 [d:296][t:06:29:13]
[I](2019-12-12  01:46:46 pm)작업중 정지 [d:319][t:06:55:12]
[I](2019-12-12  01:46:46 pm)    [LNo:0008] 000933/000980
[I](2019-12-12  01:46:46 pm)작업중 M코드정지 [d:319][t:06:55:12]
[I](2019-12-12  01:48:15 pm)작업중 정지 [d:319][t:06:56:41]
[I](2019-12-12  01:48:15 pm)    [LNo:0008] 000936/000980
[I](2019-12-12  01:48:15 pm)작업중 M코드정지 [d:319][t:06:56:41]
[I](2019-12-12  01:57:25 pm)작업중 정지 [d:326][t:07:05:50]
[I](2019-12-12  01:57:25 pm)    [LNo:0008] 000976/000980
[I](2019-12-12  01:57:25 pm)작업중 M코드정지 [d:326][t:07:05:51]
[I](2019-12-12  02:05:35 pm)Reset
[I](2019-12-12  02:05:50 pm)Reset
[I](2019-12-12  02:18:52 pm)Reset
[I](2019-12-12  02:18:56 pm)Reset
[I](2019-12-12  02:18:56 pm)Reset
[I](2019-12-12  02:21:39 pm)Reset
[I](2019-12-12  02:26:03 pm)Reset
[I](2019-12-12  02:30:00 pm)Reset
[I](2019-12-12  02:31:21 pm)Reset
[I](2019-12-12  02:34:12 pm)작업 시작 [Start d:834]
[I](2019-12-12  02:34:12 pm)Nc File: [No.0009-430.NC]
[I](2019-12-12  02:34:12 pm)  * Start Machine Position
[I](2019-12-12  02:34:12 pm)    X:    154.0667
[I](2019-12-12  02:34:12 pm)    Y:   -355.9457
[I](2019-12-12  02:34:12 pm)    U:     -0.0044
[I](2019-12-12  02:34:12 pm)    V:      0.2399
[I](2019-12-12  02:34:12 pm)    Z:     65.5699
[I](2019-12-12  02:34:12 pm)  * Angle
[I](2019-12-12  02:34:12 pm)    Ar:      1.0714,Kr:      0.0000
[I](2019-12-12  02:34:12 pm)    Taper_Ar:      0.0000
[I](2019-12-12  02:34:15 pm)작업중 정지 [d:0][t:00:00:03]
[I](2019-12-12  02:34:15 pm)    [LNo:0009] 000137/000287
[I](2019-12-12  02:34:19 pm)작업중 정지 [d:0][t:00:00:07]
[I](2019-12-12  02:34:19 pm)    [LNo:0009] 000150/000287
[I](2019-12-12  02:34:19 pm)작업중 M코드정지 [d:0][t:00:00:07]
[I](2019-12-12  02:34:41 pm)작업중 정지 [d:0][t:00:00:29]
[I](2019-12-12  02:34:41 pm)    [LNo:0009] 000162/000287
[I](2019-12-12  02:49:25 pm)작업중 정지 [d:-821][t:00:15:13]
[I](2019-12-12  02:49:25 pm)    [LNo:0009] 000225/000287
[I](2019-12-12  02:49:25 pm)작업중 M코드정지 [d:-821][t:00:15:13]
[I](2019-12-12  02:49:43 pm)작업중 정지 [d:-821][t:00:15:31]
[I](2019-12-12  02:49:43 pm)    [LNo:0009] 000227/000287
[I](2019-12-12  02:49:43 pm)작업중 M코드정지 [d:-821][t:00:15:31]
[I](2019-12-12  02:51:52 pm)작업중 정지 [d:-819][t:00:17:40]
[I](2019-12-12  02:51:52 pm)    [LNo:0009] 000244/000287
[I](2019-12-12  02:51:52 pm)작업중 M코드정지 [d:-819][t:00:17:40]
[I](2019-12-12  03:05:01 pm)작업중 정지 [d:-806][t:00:30:48]
[I](2019-12-12  03:05:01 pm)    [LNo:0009] 000261/000287
[I](2019-12-12  03:05:01 pm)작업중 M코드정지 [d:-806][t:00:30:49]
[I](2019-12-12  03:06:10 pm)작업중 정지 [d:-806][t:00:31:58]
[I](2019-12-12  03:06:10 pm)    [LNo:0009] 000263/000287
[I](2019-12-12  03:06:10 pm)작업중 M코드정지 [d:-806][t:00:31:58]
[I](2019-12-12  03:08:14 pm)작업중 정지 [d:-805][t:00:34:01]
[I](2019-12-12  03:08:14 pm)    [LNo:0009] 000279/000287
[I](2019-12-12  03:08:14 pm)작업중 M코드정지 [d:-805][t:00:34:01]
[I](2019-12-12  03:10:41 pm)Reset
[I](2019-12-12  03:10:42 pm)Reset
[I](2019-12-12  03:13:29 pm)Reset
[A](2019-12-12  03:16:24 pm)[001] 와이어 미동작
[I](2019-12-12  03:21:39 pm)Reset
[I](2019-12-12  03:25:41 pm)Reset
[I](2019-12-12  03:27:43 pm)Reset
[I](2019-12-12  03:27:57 pm)작업 시작 [Start d:29]
[I](2019-12-12  03:27:57 pm)Nc File: [No.0009-430.NC]
[I](2019-12-12  03:27:57 pm)  * Start Machine Position
[I](2019-12-12  03:27:57 pm)    X:    152.2263
[I](2019-12-12  03:27:57 pm)    Y:   -358.9163
[I](2019-12-12  03:27:57 pm)    U:      0.0149
[I](2019-12-12  03:27:57 pm)    V:      0.1705
[I](2019-12-12  03:27:57 pm)    Z:     65.5699
[I](2019-12-12  03:27:57 pm)  * Angle
[I](2019-12-12  03:27:57 pm)    Ar:      1.6941,Kr:      0.0000
[I](2019-12-12  03:27:57 pm)    Taper_Ar:      0.0000
[I](2019-12-12  03:28:14 pm)작업중 정지 [d:0][t:00:00:16]
[I](2019-12-12  03:28:14 pm)    [LNo:0009] 000013/000287
[I](2019-12-12  03:42:28 pm)작업중 정지 [d:13][t:00:14:31]
[I](2019-12-12  03:42:28 pm)    [LNo:0009] 000076/000287
[I](2019-12-12  03:42:28 pm)작업중 M코드정지 [d:13][t:00:14:31]
[I](2019-12-12  03:44:07 pm)작업중 정지 [d:13][t:00:16:10]
[I](2019-12-12  03:44:07 pm)    [LNo:0009] 000078/000287
[I](2019-12-12  03:44:07 pm)작업중 M코드정지 [d:13][t:00:16:10]
[I](2019-12-12  03:46:12 pm)작업중 정지 [d:15][t:00:18:15]
[I](2019-12-12  03:46:12 pm)    [LNo:0009] 000094/000287
[I](2019-12-12  03:46:12 pm)작업중 M코드정지 [d:15][t:00:18:15]
[I](2019-12-12  03:59:09 pm)작업중 정지 [d:27][t:00:31:12]
[I](2019-12-12  03:59:09 pm)    [LNo:0009] 000112/000287
[I](2019-12-12  03:59:09 pm)작업중 M코드정지 [d:27][t:00:31:12]
[I](2019-12-12  04:00:14 pm)작업중 정지 [d:27][t:00:32:17]
[I](2019-12-12  04:00:14 pm)    [LNo:0009] 000114/000287
[I](2019-12-12  04:00:14 pm)작업중 M코드정지 [d:27][t:00:32:17]
[I](2019-12-12  04:02:14 pm)작업중 정지 [d:28][t:00:34:17]
[I](2019-12-12  04:02:14 pm)    [LNo:0009] 000130/000287
[I](2019-12-12  04:02:14 pm)작업중 M코드정지 [d:28][t:00:34:17]
[I](2019-12-12  04:05:42 pm)Reset
[I](2019-12-12  04:09:02 pm)Reset
[I](2019-12-12  04:09:12 pm)Reset
[I](2019-12-12  04:09:13 pm)Reset
[I](2019-12-12  04:12:23 pm)Reset
[I](2019-12-12  04:12:27 pm)Reset
[I](2019-12-12  04:13:29 pm)Reset
[I](2019-12-12  04:20:24 pm)Reset
[I](2019-12-12  04:23:53 pm)Reset
[I](2019-12-12  04:23:56 pm)Reset
[I](2019-12-12  04:25:25 pm)Reset
[I](2019-12-12  04:25:58 pm)작업 시작 [Start d:0]
[I](2019-12-12  04:25:58 pm)Nc File: [No.0010-415.NC]
[I](2019-12-12  04:25:58 pm)  * Start Machine Position
[I](2019-12-12  04:25:58 pm)    X:    154.8411
[I](2019-12-12  04:25:58 pm)    Y:   -357.2908
[I](2019-12-12  04:25:58 pm)    U:      0.0740
[I](2019-12-12  04:25:58 pm)    V:      0.1923
[I](2019-12-12  04:25:58 pm)    Z:     78.8649
[I](2019-12-12  04:25:58 pm)  * Angle
[I](2019-12-12  04:25:58 pm)    Ar:      1.7697,Kr:      0.0000
[I](2019-12-12  04:25:58 pm)    Taper_Ar:      0.0000
[I](2019-12-12  04:26:02 pm)작업중 정지 [d:0][t:00:00:04]
[I](2019-12-12  04:26:02 pm)    [LNo:0010] 000010/000183
[I](2019-12-12  04:26:02 pm)작업중 M코드정지 [d:0][t:00:00:04]
[I](2019-12-12  04:45:18 pm)작업중 정지 [d:19][t:00:19:19]
[I](2019-12-12  04:45:18 pm)    [LNo:0010] 000024/000183
[I](2019-12-12  04:45:18 pm)작업중 M코드정지 [d:19][t:00:19:20]
[I](2019-12-12  04:47:24 pm)작업중 정지 [d:19][t:00:21:26]
[I](2019-12-12  04:47:24 pm)    [LNo:0010] 000026/000183
[I](2019-12-12  04:47:24 pm)작업중 M코드정지 [d:19][t:00:21:26]
[I](2019-12-12  04:51:46 pm)작업중 정지 [d:21][t:00:25:48]
[I](2019-12-12  04:51:46 pm)    [LNo:0010] 000042/000183
[I](2019-12-12  04:51:46 pm)작업중 M코드정지 [d:21][t:00:25:48]
[I](2019-12-12  05:10:57 pm)작업중 정지 [d:38][t:00:44:59]
[I](2019-12-12  05:10:57 pm)    [LNo:0010] 000060/000183
[I](2019-12-12  05:10:57 pm)작업중 M코드정지 [d:38][t:00:44:59]
[I](2019-12-12  05:15:15 pm)작업중 정지 [d:38][t:00:49:17]
[I](2019-12-12  05:15:15 pm)    [LNo:0010] 000062/000183
[I](2019-12-12  05:15:15 pm)작업중 M코드정지 [d:38][t:00:49:17]
[I](2019-12-12  05:17:24 pm)작업중 정지 [d:40][t:00:51:26]
[I](2019-12-12  05:17:24 pm)    [LNo:0010] 000078/000183
[I](2019-12-12  05:17:24 pm)작업중 M코드정지 [d:40][t:00:51:26]
[A](2019-12-12  05:19:51 pm)[084] Work Tank Fluid Sensor Abnormal
[A](2019-12-12  05:19:51 pm)[084] Work Tank Fluid Sensor Abnormal
[A](2019-12-12  05:19:51 pm)[084] Work Tank Fluid Sensor Abnormal
[A](2019-12-12  05:19:52 pm)[084] Work Tank Fluid Sensor Abnormal
[A](2019-12-12  05:19:52 pm)[084] Work Tank Fluid Sensor Abnormal
[A](2019-12-12  05:19:52 pm)[084] Work Tank Fluid Sensor Abnormal
[A](2019-12-12  05:19:52 pm)[084] Work Tank Fluid Sensor Abnormal
[A](2019-12-12  05:19:53 pm)[084] Work Tank Fluid Sensor Abnormal
[A](2019-12-12  05:19:53 pm)[084] Work Tank Fluid Sensor Abnormal
[A](2019-12-12  05:19:53 pm)[084] Work Tank Fluid Sensor Abnormal
[A](2019-12-12  05:19:53 pm)[084] Work Tank Fluid Sensor Abnormal
[A](2019-12-12  05:19:54 pm)[084] Work Tank Fluid Sensor Abnormal
[A](2019-12-12  05:19:54 pm)[084] Work Tank Fluid Sensor Abnormal
[A](2019-12-12  05:19:54 pm)[084] Work Tank Fluid Sensor Abnormal
[A](2019-12-12  05:19:54 pm)[084] Work Tank Fluid Sensor Abnormal
[A](2019-12-12  05:19:55 pm)[084] Work Tank Fluid Sensor Abnormal
[A](2019-12-12  05:19:55 pm)[084] Work Tank Fluid Sensor Abnormal
[A](2019-12-12  05:19:55 pm)[084] Work Tank Fluid Sensor Abnormal
[A](2019-12-12  05:19:55 pm)[084] Work Tank Fluid Sensor Abnormal
[I](2019-12-12  05:20:31 pm)Reset
[I](2019-12-12  05:20:32 pm)Reset
[I](2019-12-12  05:20:42 pm)Reset
[I](2019-12-12  05:20:43 pm)Reset
[I](2019-12-12  05:22:14 pm)Reset
[I](2019-12-12  05:34:37 pm)Reset
[I](2019-12-12  05:38:33 pm)Reset
[I](2019-12-12  05:42:50 pm)Reset
[I](2019-12-12  05:51:46 pm)Reset
[I](2019-12-12  05:52:13 pm)작업 시작 [Start d:40]
[I](2019-12-12  05:52:13 pm)Nc File: [No.0010-415.NC]
[I](2019-12-12  05:52:13 pm)  * Start Machine Position
[I](2019-12-12  05:52:13 pm)    X:    155.3065
[I](2019-12-12  05:52:13 pm)    Y:   -358.4708
[I](2019-12-12  05:52:13 pm)    U:      0.0902
[I](2019-12-12  05:52:13 pm)    V:      0.2299
[I](2019-12-12  05:52:13 pm)    Z:     78.8649
[I](2019-12-12  05:52:13 pm)  * Angle
[I](2019-12-12  05:52:13 pm)    Ar:     -0.0500,Kr:      0.0000
[I](2019-12-12  05:52:13 pm)    Taper_Ar:      0.0000
[I](2019-12-12  05:52:21 pm)작업중 정지 [d:0][t:00:00:08]
[I](2019-12-12  05:52:21 pm)    [LNo:0010] 000103/000183
[I](2019-12-12  05:52:21 pm)작업중 M코드정지 [d:0][t:00:00:08]
[I](2019-12-12  05:52:51 pm)작업중 정지 [d:0][t:00:00:38]
[I](2019-12-12  05:52:51 pm)    [LNo:0010] 000107/000183
[I](2019-12-12  05:53:00 pm)작업 재시작
[I](2019-12-12  06:11:48 pm)작업중 정지 [d:19][t:00:19:35]
[I](2019-12-12  06:11:48 pm)    [LNo:0010] 000121/000183
[I](2019-12-12  06:11:48 pm)작업중 M코드정지 [d:19][t:00:19:35]
[I](2019-12-12  06:22:33 pm)작업중 정지 [d:19][t:00:30:19]
[I](2019-12-12  06:22:33 pm)    [LNo:0010] 000123/000183
[I](2019-12-12  06:22:33 pm)작업중 M코드정지 [d:19][t:00:30:20]
[I](2019-12-12  06:24:57 pm)작업중 정지 [d:21][t:00:32:44]
[I](2019-12-12  06:24:57 pm)    [LNo:0010] 000140/000183
[I](2019-12-12  06:24:57 pm)작업중 M코드정지 [d:21][t:00:32:44]
[I](2019-12-12  06:26:12 pm)작업중 정지 [d:21][t:00:33:59]
[I](2019-12-12  06:26:12 pm)    [LNo:0010] 000146/000183
[A](2019-12-12  06:26:12 pm)[009] 자동결선 Error(M20-삽입실패)
[I](2019-12-12  06:29:29 pm)작업중 정지 [d:21][t:00:37:16]
[I](2019-12-12  06:29:29 pm)    [LNo:0010] 000149/000183
[I](2019-12-12  06:38:01 pm)작업중 정지 [d:21][t:00:45:48]
[I](2019-12-12  06:38:01 pm)    [LNo:0010] 000154/000183
[I](2019-12-12  06:38:36 pm)작업 재시작
[I](2019-12-12  06:52:54 pm)작업중 정지 [d:35][t:01:00:40]
[I](2019-12-12  06:52:54 pm)    [LNo:0010] 000157/000183
[I](2019-12-12  06:52:54 pm)작업중 M코드정지 [d:35][t:01:00:40]
[I](2019-12-12  06:57:34 pm)작업중 정지 [d:35][t:01:05:21]
[I](2019-12-12  06:57:34 pm)    [LNo:0010] 000159/000183
[I](2019-12-12  06:57:34 pm)작업중 M코드정지 [d:35][t:01:05:21]
[A](2019-12-12  06:59:24 pm)[001] 와이어 미동작
[I](2019-12-12  07:01:35 pm)작업중 정지 [d:37][t:01:09:22]
[I](2019-12-12  07:01:35 pm)    [LNo:0010] 000176/000183
[I](2019-12-12  07:01:35 pm)작업중 M코드정지 [d:37][t:01:09:22]
[A](2019-12-12  07:04:05 pm)[091] Auto Door Sensor Abnormal
[A](2019-12-12  07:04:05 pm)[084] Work Tank Fluid Sensor Abnormal
[A](2019-12-12  07:04:06 pm)[084] Work Tank Fluid Sensor Abnormal
[A](2019-12-12  07:04:06 pm)[084] Work Tank Fluid Sensor Abnormal
[A](2019-12-12  07:04:06 pm)[084] Work Tank Fluid Sensor Abnormal
[A](2019-12-12  07:04:06 pm)[084] Work Tank Fluid Sensor Abnormal
[A](2019-12-12  07:04:07 pm)[084] Work Tank Fluid Sensor Abnormal
[A](2019-12-12  07:04:07 pm)[084] Work Tank Fluid Sensor Abnormal
[A](2019-12-12  07:04:07 pm)[084] Work Tank Fluid Sensor Abnormal
[A](2019-12-12  07:04:07 pm)[084] Work Tank Fluid Sensor Abnormal
[A](2019-12-12  07:04:07 pm)[084] Work Tank Fluid Sensor Abnormal
[A](2019-12-12  07:04:08 pm)[084] Work Tank Fluid Sensor Abnormal
[A](2019-12-12  07:04:08 pm)[084] Work Tank Fluid Sensor Abnormal
[A](2019-12-12  07:04:08 pm)[084] Work Tank Fluid Sensor Abnormal
[A](2019-12-12  07:04:08 pm)[084] Work Tank Fluid Sensor Abnormal
[A](2019-12-12  07:04:09 pm)[084] Work Tank Fluid Sensor Abnormal
[A](2019-12-12  07:04:09 pm)[084] Work Tank Fluid Sensor Abnormal
[A](2019-12-12  07:04:09 pm)[084] Work Tank Fluid Sensor Abnormal
[I](2019-12-12  07:05:47 pm)Reset
[I](2019-12-12  07:06:06 pm)Reset
[I](2019-12-12  07:14:09 pm)Reset
[I](2019-12-12  07:14:30 pm)Reset
[I](2019-12-12  07:16:32 pm)Reset
[I](2019-12-12  07:16:36 pm)Reset
[I](2019-12-12  07:16:36 pm)Reset
[I](2019-12-12  07:16:38 pm)Reset
[I](2019-12-12  07:16:39 pm)Reset
[I](2019-12-12  07:16:39 pm)Reset
[I](2019-12-12  07:16:39 pm)Reset
[I](2019-12-12  07:16:40 pm)Reset
[I](2019-12-12  07:16:40 pm)Reset
[A](2019-12-12  07:17:36 pm)[037] 자동결선 잔여 WIRE 처리 실패!!
[I](2019-12-12  07:22:29 pm)Reset
[I](2019-12-12  07:29:20 pm)Reset
[I](2019-12-12  07:29:49 pm)Reset
[I](2019-12-12  07:30:44 pm)작업 시작 [Start d:77]
[I](2019-12-12  07:30:44 pm)Nc File: [No.0011-380.NC]
[I](2019-12-12  07:30:44 pm)  * Start Machine Position
[I](2019-12-12  07:30:44 pm)    X:    270.8330
[I](2019-12-12  07:30:44 pm)    Y:   -376.3580
[I](2019-12-12  07:30:44 pm)    U:      0.0000
[I](2019-12-12  07:30:44 pm)    V:      0.0000
[I](2019-12-12  07:30:44 pm)    Z:     44.8994
[I](2019-12-12  07:30:44 pm)  * Angle
[I](2019-12-12  07:30:44 pm)    Ar:      4.5063,Kr:      0.0000
[I](2019-12-12  07:30:44 pm)    Taper_Ar:      0.0000
[I](2019-12-12  07:30:50 pm)작업중 정지 [d:0][t:00:00:05]
[I](2019-12-12  07:30:50 pm)    [LNo:0011] 000009/000156
[A](2019-12-12  07:31:15 pm)[037] 자동결선 잔여 WIRE 처리 실패!!
[I](2019-12-12  07:31:34 pm)작업 재시작
[I](2019-12-12  07:31:37 pm)작업중 정지 [d:0][t:00:00:53]
[I](2019-12-12  07:31:37 pm)    [LNo:0011] 000010/000156
[I](2019-12-12  07:31:37 pm)작업중 M코드정지 [d:0][t:00:00:53]
[I](2019-12-12  07:48:56 pm)작업중 정지 [d:-60][t:00:18:11]
[I](2019-12-12  07:48:56 pm)    [LNo:0011] 000032/000156
[I](2019-12-12  07:48:56 pm)작업중 M코드정지 [d:-60][t:00:18:11]
[I](2019-12-12  07:50:27 pm)작업중 정지 [d:-60][t:00:19:42]
[I](2019-12-12  07:50:27 pm)    [LNo:0011] 000034/000156
[I](2019-12-12  07:50:27 pm)작업중 M코드정지 [d:-60][t:00:19:42]
[I](2019-12-12  07:52:52 pm)작업중 정지 [d:-58][t:00:22:07]
[I](2019-12-12  07:52:52 pm)    [LNo:0011] 000054/000156
[I](2019-12-12  07:52:52 pm)작업중 M코드정지 [d:-58][t:00:22:07]
[I](2019-12-12  08:11:37 pm)작업중 정지 [d:-41][t:00:40:52]
[I](2019-12-12  08:11:37 pm)    [LNo:0011] 000080/000156
[I](2019-12-12  08:11:37 pm)작업중 M코드정지 [d:-41][t:00:40:52]
[I](2019-12-12  08:29:00 pm)작업중 정지 [d:-41][t:00:58:15]
[I](2019-12-12  08:29:00 pm)    [LNo:0011] 000082/000156
[I](2019-12-12  08:29:00 pm)작업중 M코드정지 [d:-41][t:00:58:15]
[I](2019-12-12  08:31:32 pm)작업중 정지 [d:-39][t:01:00:47]
[I](2019-12-12  08:31:32 pm)    [LNo:0011] 000102/000156
[I](2019-12-12  08:31:32 pm)작업중 M코드정지 [d:-39][t:01:00:47]
[I](2019-12-12  08:34:01 pm)작업중 정지 [d:-39][t:01:03:16]
[I](2019-12-12  08:34:01 pm)    [LNo:0011] 000117/000156
[I](2019-12-12  08:34:01 pm)작업중 30sec 접촉 정지 [d:-39][t:01:03:16]
[I](2019-12-12  08:35:03 pm)작업 재시작
[I](2019-12-12  08:35:06 pm)작업중 정지 [d:-39][t:01:04:21]
[I](2019-12-12  08:35:06 pm)    [LNo:0011] 000117/000156
[I](2019-12-12  08:35:18 pm)작업 재시작
[I](2019-12-12  08:35:21 pm)작업중 정지 [d:-39][t:01:04:36]
[I](2019-12-12  08:35:21 pm)    [LNo:0011] 000117/000156
[I](2019-12-12  08:35:33 pm)작업 재시작
[I](2019-12-12  08:35:36 pm)작업중 정지 [d:-39][t:01:04:51]
[I](2019-12-12  08:35:36 pm)    [LNo:0011] 000117/000156
[I](2019-12-12  08:35:49 pm)작업 재시작
[I](2019-12-12  08:53:34 pm)작업중 정지 [d:-21][t:01:22:49]
[I](2019-12-12  08:53:34 pm)    [LNo:0011] 000124/000156
[I](2019-12-12  08:53:34 pm)작업중 M코드정지 [d:-21][t:01:22:49]
[I](2019-12-12  08:58:28 pm)작업중 정지 [d:-21][t:01:27:43]
[I](2019-12-12  08:58:28 pm)    [LNo:0011] 000125/000156
[I](2019-12-12  08:58:54 pm)작업 재시작
[I](2019-12-12  08:59:01 pm)작업중 정지 [d:-21][t:01:28:16]
[I](2019-12-12  08:59:01 pm)    [LNo:0011] 000127/000156
[I](2019-12-12  08:59:01 pm)작업중 M코드정지 [d:-21][t:01:28:16]
[I](2019-12-12  09:03:18 pm)작업중 정지 [d:-17][t:01:32:33]
[I](2019-12-12  09:03:18 pm)    [LNo:0011] 000152/000156
[I](2019-12-12  09:03:18 pm)작업중 M코드정지 [d:-17][t:01:32:33]
[I](2019-12-12  09:21:51 pm)Reset
[I](2019-12-12  09:21:51 pm)Reset
[I](2019-12-12  09:22:18 pm)Reset
[I](2019-12-12  09:22:18 pm)Reset
[I](2019-12-12  09:34:57 pm)Reset
[I](2019-12-12  09:35:22 pm)Reset
[I](2019-12-12  09:35:23 pm)Reset
[I](2019-12-12  09:36:00 pm)Reset
[I](2019-12-12  09:36:01 pm)Reset
[I](2019-12-12  09:36:12 pm)Reset
[I](2019-12-12  09:37:15 pm)Reset
[I](2019-12-12  09:38:08 pm)Reset
[I](2019-12-12  09:38:37 pm)Reset
[I](2019-12-12  09:38:38 pm)Reset
[I](2019-12-12  09:38:54 pm)Reset
[I](2019-12-12  09:38:54 pm)Reset
[I](2019-12-12  09:39:02 pm)Reset
[I](2019-12-12  09:39:03 pm)Reset
[I](2019-12-12  09:40:49 pm)작업 시작 [Start d:60]
[I](2019-12-12  09:40:49 pm)Nc File: [No.0012-379.NC]
[I](2019-12-12  09:40:49 pm)  * Start Machine Position
[I](2019-12-12  09:40:49 pm)    X:     55.9761
[I](2019-12-12  09:40:49 pm)    Y:   -355.9215
[I](2019-12-12  09:40:49 pm)    U:      0.0000
[I](2019-12-12  09:40:49 pm)    V:      0.0000
[I](2019-12-12  09:40:49 pm)    Z:     44.8994
[I](2019-12-12  09:40:49 pm)  * Angle
[I](2019-12-12  09:40:49 pm)    Ar:    -12.1017,Kr:      0.0000
[I](2019-12-12  09:40:49 pm)    Taper_Ar:      0.0000
[I](2019-12-12  09:40:50 pm)작업중 정지 [d:0][t:00:00:01]
[I](2019-12-12  09:40:50 pm)    [LNo:0012] 000009/000487
[I](2019-12-12  09:40:56 pm)작업 재시작
[I](2019-12-12  09:41:00 pm)작업중 정지 [d:0][t:00:00:10]
[I](2019-12-12  09:41:00 pm)    [LNo:0012] 000010/000487
[I](2019-12-12  09:41:00 pm)작업중 M코드정지 [d:0][t:00:00:11]
[I](2019-12-12  09:41:10 pm)작업중 정지 [d:0][t:00:00:21]
[I](2019-12-12  09:41:10 pm)    [LNo:0012] 000110/000487
[I](2019-12-12  09:42:34 pm)작업 재시작
[I](2019-12-12  09:42:35 pm)작업중 정지 [d:0][t:00:01:46]
[I](2019-12-12  09:42:35 pm)    [LNo:0012] 000110/000487
[I](2019-12-12  09:43:02 pm)작업중 정지 [d:0][t:00:02:12]
[I](2019-12-12  09:43:02 pm)    [LNo:0012] 000302/000487
[I](2019-12-12  09:43:15 pm)작업 재시작
[I](2019-12-12  09:43:21 pm)작업중 정지 [d:0][t:00:02:32]
[I](2019-12-12  09:43:21 pm)    [LNo:0012] 000319/000487
[I](2019-12-12  09:43:21 pm)작업중 M코드정지 [d:0][t:00:02:32]
[I](2019-12-12  09:43:23 pm)작업중 정지 [d:0][t:00:02:34]
[I](2019-12-12  09:43:23 pm)    [LNo:0012] 000322/000487
[I](2019-12-12  09:43:23 pm)작업중 M코드정지 [d:0][t:00:02:34]
[I](2019-12-12  09:43:34 pm)작업중 정지 [d:0][t:00:02:45]
[I](2019-12-12  09:43:34 pm)    [LNo:0012] 000361/000487
[I](2019-12-12  09:43:34 pm)작업중 M코드정지 [d:0][t:00:02:45]
[I](2019-12-12  09:43:36 pm)작업중 정지 [d:0][t:00:02:47]
[I](2019-12-12  09:43:36 pm)    [LNo:0012] 000364/000487
[I](2019-12-12  09:43:36 pm)작업중 M코드정지 [d:0][t:00:02:47]
[I](2019-12-12  09:43:45 pm)작업중 정지 [d:0][t:00:02:56]
[I](2019-12-12  09:43:45 pm)    [LNo:0012] 000404/000487
[I](2019-12-12  09:43:45 pm)작업중 M코드정지 [d:0][t:00:02:56]
[I](2019-12-12  09:43:46 pm)작업중 정지 [d:0][t:00:02:57]
[I](2019-12-12  09:43:46 pm)    [LNo:0012] 000407/000487
[I](2019-12-12  09:43:46 pm)작업중 M코드정지 [d:0][t:00:02:57]
[I](2019-12-12  09:43:57 pm)작업중 정지 [d:0][t:00:03:07]
[I](2019-12-12  09:43:57 pm)    [LNo:0012] 000446/000487
[I](2019-12-12  09:43:58 pm)작업 재시작
[I](2019-12-12  09:44:02 pm)작업중 정지 [d:0][t:00:03:13]
[I](2019-12-12  09:44:02 pm)    [LNo:0012] 000452/000487
[I](2019-12-12  09:44:03 pm)작업중 M코드정지 [d:0][t:00:03:13]
[I](2019-12-12  09:44:04 pm)작업중 정지 [d:0][t:00:03:14]
[I](2019-12-12  09:44:04 pm)    [LNo:0012] 000455/000487
[I](2019-12-12  09:44:04 pm)작업중 M코드정지 [d:0][t:00:03:14]
[I](2019-12-12  09:44:15 pm)작업중 정지 [d:0][t:00:03:26]
[I](2019-12-12  09:44:15 pm)    [LNo:0012] 000483/000487
[I](2019-12-12  09:44:15 pm)작업중 M코드정지 [d:0][t:00:03:26]
[I](2019-12-12  09:44:45 pm)Reset
[I](2019-12-12  09:44:45 pm)Reset
[I](2019-12-12  09:44:48 pm)작업 시작 [Start d:60]
[I](2019-12-12  09:44:48 pm)Nc File: [No.0012-379.NC]
[I](2019-12-12  09:44:48 pm)  * Start Machine Position
[I](2019-12-12  09:44:48 pm)    X:     55.9761
[I](2019-12-12  09:44:48 pm)    Y:   -355.9215
[I](2019-12-12  09:44:48 pm)    U:      0.0000
[I](2019-12-12  09:44:48 pm)    V:      0.0000
[I](2019-12-12  09:44:48 pm)    Z:     44.8994
[I](2019-12-12  09:44:48 pm)  * Angle
[I](2019-12-12  09:44:48 pm)    Ar:    -12.1017,Kr:      0.0000
[I](2019-12-12  09:44:48 pm)    Taper_Ar:      0.0000
[I](2019-12-12  09:44:52 pm)작업중 정지 [d:0][t:00:00:04]
[I](2019-12-12  09:44:52 pm)    [LNo:0012] 000010/000487
[I](2019-12-12  09:44:52 pm)작업중 M코드정지 [d:0][t:00:00:04]
[I](2019-12-12  10:04:52 pm)작업중 정지 [d:18][t:00:20:04]
[I](2019-12-12  10:04:52 pm)    [LNo:0012] 000023/000487
[I](2019-12-12  10:04:52 pm)작업중 30sec 접촉 정지 [d:18][t:00:20:04]
[A](2019-12-12  10:05:33 pm)[001] 와이어 미동작
[I](2019-12-12  10:05:35 pm)작업 재시작
[I](2019-12-12  10:05:40 pm)작업중 정지 [d:18][t:00:20:52]
[I](2019-12-12  10:05:40 pm)    [LNo:0012] 000023/000487
[I](2019-12-12  10:05:40 pm)작업중 30sec 접촉 정지 [d:18][t:00:20:52]
[I](2019-12-12  10:05:45 pm)작업 재시작
[I](2019-12-12  10:05:49 pm)작업중 정지 [d:18][t:00:21:01]
[I](2019-12-12  10:05:49 pm)    [LNo:0012] 000023/000487
[I](2019-12-12  10:05:50 pm)작업중 30sec 접촉 정지 [d:18][t:00:21:02]
[A](2019-12-12  10:05:52 pm)[002] 가공액 미동작
[I](2019-12-12  10:05:56 pm)작업 재시작
[I](2019-12-12  10:06:02 pm)작업중 정지 [d:18][t:00:21:13]
[I](2019-12-12  10:06:02 pm)    [LNo:0012] 000023/000487
[I](2019-12-12  10:06:09 pm)작업중 정지 [d:18][t:00:21:21]
[I](2019-12-12  10:06:09 pm)    [LNo:0012] 000012/000487
[I](2019-12-12  10:06:24 pm)작업중 정지 [d:18][t:00:21:36]
[I](2019-12-12  10:06:24 pm)    [LNo:0012] 000021/000487
[I](2019-12-12  10:06:45 pm)작업 재시작
[I](2019-12-12  10:09:59 pm)작업중 정지 [d:21][t:00:25:11]
[I](2019-12-12  10:09:59 pm)    [LNo:0012] 000024/000487
[I](2019-12-12  10:09:59 pm)작업중 M코드정지 [d:21][t:00:25:11]
[I](2019-12-12  10:11:20 pm)작업중 정지 [d:22][t:00:26:32]
[I](2019-12-12  10:11:20 pm)    [LNo:0012] 000029/000487
[I](2019-12-12  10:11:20 pm)작업중 M코드정지 [d:22][t:00:26:32]
[I](2019-12-12  10:29:56 pm)작업중 정지 [d:40][t:00:45:08]
[I](2019-12-12  10:29:56 pm)    [LNo:0012] 000047/000487
[I](2019-12-12  10:29:56 pm)작업중 30sec 접촉 정지 [d:40][t:00:45:08]
[I](2019-12-12  10:33:49 pm)작업 재시작
[I](2019-12-12  10:33:58 pm)작업중 정지 [d:40][t:00:49:10]
[I](2019-12-12  10:33:58 pm)    [LNo:0012] 000048/000487
[I](2019-12-12  10:33:58 pm)작업중 M코드정지 [d:40][t:00:49:10]
[I](2019-12-12  10:36:27 pm)작업중 정지 [d:43][t:00:51:39]
[I](2019-12-12  10:36:27 pm)    [LNo:0012] 000066/000487
[I](2019-12-12  10:36:27 pm)작업중 M코드정지 [d:43][t:00:51:39]
[I](2019-12-12  11:01:14 pm)작업중 정지 [d:61][t:01:16:26]
[I](2019-12-12  11:01:14 pm)    [LNo:0012] 000086/000487
[I](2019-12-12  11:01:14 pm)작업중 M코드정지 [d:61][t:01:16:26]
[I](2019-12-12  11:09:35 pm)작업중 정지 [d:63][t:01:24:47]
[I](2019-12-12  11:09:35 pm)    [LNo:0012] 000119/000487
[I](2019-12-12  11:09:35 pm)작업중 30sec 접촉 정지 [d:63][t:01:24:47]
[I](2019-12-12  11:16:26 pm)작업 재시작
[I](2019-12-12  11:29:40 pm)작업중 정지 [d:75][t:01:44:52]
[I](2019-12-12  11:29:40 pm)    [LNo:0012] 000314/000487
[I](2019-12-12  11:29:40 pm)작업중 30sec 접촉 정지 [d:75][t:01:44:52]
[I](2019-12-12  11:32:04 pm)작업 재시작
[I](2019-12-12  11:47:28 pm)작업중 정지 [d:91][t:02:02:40]
[I](2019-12-12  11:47:28 pm)    [LNo:0012] 000319/000487
[I](2019-12-12  11:47:28 pm)작업중 M코드정지 [d:91][t:02:02:40]
[I](2019-12-12  11:49:47 pm)작업중 정지 [d:91][t:02:04:59]
[I](2019-12-12  11:49:47 pm)    [LNo:0012] 000322/000487
[I](2019-12-12  11:49:47 pm)작업중 M코드정지 [d:91][t:02:04:59]
