[I](2020-08-30  08:21:01 am)Ready On
[I](2020-08-30  08:33:20 am)작업 재시작
[I](2020-08-30  08:33:57 am)작업중 정지 [d:250][t:17:05:45]
[I](2020-08-30  08:33:57 am)    [LNo:0008] 000895/000907
[I](2020-08-30  08:33:57 am)작업중 M코드정지 [d:250][t:17:05:45]
[I](2020-08-30  08:40:30 am)작업중 정지 [d:251][t:17:12:17]
[I](2020-08-30  08:40:30 am)    [LNo:0008] 000896/000907
[I](2020-08-30  08:40:30 am)Wire Contact Auto Stop(M52)
[I](2020-08-30  09:37:39 am)Reset
[I](2020-08-30  09:37:40 am)Reset
[I](2020-08-30  09:37:47 am)Reset
[I](2020-08-30  09:37:47 am)Reset
[I](2020-08-30  09:40:04 am)Reset
[I](2020-08-30  09:40:09 am)Reset
[I](2020-08-30  09:42:06 am)Reset
[I](2020-08-30  09:44:08 am)Reset
[I](2020-08-30  09:44:08 am)Reset
[I](2020-08-30  09:45:26 am)Reset
[I](2020-08-30  09:46:54 am)Reset
[I](2020-08-30  09:52:29 am)작업 시작 [Start d:251]
[I](2020-08-30  09:52:29 am)Nc File: [No.0009-347.NC]
[I](2020-08-30  09:52:29 am)  * Start Machine Position
[I](2020-08-30  09:52:29 am)    X:    103.0072
[I](2020-08-30  09:52:29 am)    Y:   -377.0723
[I](2020-08-30  09:52:29 am)    U:      0.0000
[I](2020-08-30  09:52:29 am)    V:      0.0000
[I](2020-08-30  09:52:29 am)    Z:     31.0880
[I](2020-08-30  09:52:29 am)  * Angle
[I](2020-08-30  09:52:29 am)    Ar:     -0.1136,Kr:      0.0000
[I](2020-08-30  09:52:29 am)    Taper_Ar:      0.0000
[I](2020-08-30  09:52:43 am)작업중 정지 [d:0][t:00:00:14]
[I](2020-08-30  09:52:43 am)    [LNo:0009] 000386/000975
[I](2020-08-30  09:53:38 am)작업중 정지 [d:0][t:00:01:09]
[I](2020-08-30  09:53:38 am)    [LNo:0009] 000388/000975
[A](2020-08-30  09:53:43 am)[091] Auto Door Sensor Abnormal
[A](2020-08-30  09:53:44 am)[091] Auto Door Sensor Abnormal
[A](2020-08-30  09:53:45 am)[091] Auto Door Sensor Abnormal
[A](2020-08-30  09:53:45 am)[091] Auto Door Sensor Abnormal
[I](2020-08-30  09:54:48 am)Reset
[I](2020-08-30  09:54:48 am)Reset
[I](2020-08-30  09:56:33 am)작업 시작 [Start d:251]
[I](2020-08-30  09:56:33 am)Nc File: [No.0009-347.NC]
[I](2020-08-30  09:56:33 am)  * Start Machine Position
[I](2020-08-30  09:56:33 am)    X:    103.0072
[I](2020-08-30  09:56:33 am)    Y:   -377.0723
[I](2020-08-30  09:56:33 am)    U:      0.0000
[I](2020-08-30  09:56:33 am)    V:      0.0000
[I](2020-08-30  09:56:33 am)    Z:     31.0880
[I](2020-08-30  09:56:33 am)  * Angle
[I](2020-08-30  09:56:33 am)    Ar:     -0.1136,Kr:      0.0000
[I](2020-08-30  09:56:33 am)    Taper_Ar:      0.0000
[I](2020-08-30  11:09:02 am)작업중 정지 [d:69][t:01:12:28]
[I](2020-08-30  11:09:02 am)    [LNo:0009] 000101/000975
[A](2020-08-30  11:09:02 am)[008] 작업중 단선(AWF Feed Motor Stop )
[I](2020-08-30  11:09:02 am)작업중 Wire 단선 [d:69][t:01:12:28]
[I](2020-08-30  11:10:24 am)작업 재시작
[I](2020-08-30  11:10:29 am)작업중 정지 [d:70][t:01:13:55]
[I](2020-08-30  11:10:29 am)    [LNo:0009] 000101/000975
[I](2020-08-30  11:10:29 am)작업중 30sec 접촉 정지 [d:70][t:01:13:55]
[I](2020-08-30  11:14:42 am)작업 재시작
[I](2020-08-30  11:14:45 am)작업중 정지 [d:70][t:01:18:11]
[I](2020-08-30  11:14:45 am)    [LNo:0009] 000101/000975
[I](2020-08-30  11:14:52 am)작업 재시작
[I](2020-08-30  02:51:35 pm)작업중 정지 [d:-117][t:04:55:01]
[I](2020-08-30  02:51:35 pm)    [LNo:0009] 000333/000975
[I](2020-08-30  02:51:35 pm)작업중 M코드정지 [d:-117][t:04:55:01]
[I](2020-08-30  02:56:11 pm)Reset
[I](2020-08-30  02:56:11 pm)Reset
[I](2020-08-30  02:58:07 pm)작업 시작 [Start d:134]
[I](2020-08-30  02:58:07 pm)Nc File: [No.0010-352.NC]
[I](2020-08-30  02:58:07 pm)  * Start Machine Position
[I](2020-08-30  02:58:07 pm)    X:    103.0072
[I](2020-08-30  02:58:07 pm)    Y:   -377.0723
[I](2020-08-30  02:58:07 pm)    U:      0.0000
[I](2020-08-30  02:58:07 pm)    V:      0.0000
[I](2020-08-30  02:58:07 pm)    Z:     31.0880
[I](2020-08-30  02:58:07 pm)  * Angle
[I](2020-08-30  02:58:07 pm)    Ar:     -0.1136,Kr:      0.0000
[I](2020-08-30  02:58:07 pm)    Taper_Ar:      0.0000
[I](2020-08-30  02:58:22 pm)작업중 정지 [d:0][t:00:00:14]
[I](2020-08-30  02:58:22 pm)    [LNo:0010] 000539/000848
[I](2020-08-30  02:59:07 pm)작업중 정지 [d:0][t:00:00:59]
[I](2020-08-30  02:59:07 pm)    [LNo:0010] 000553/000848
[A](2020-08-30  02:59:07 pm)[008] 작업중 단선(AWF Feed Motor Stop )
[I](2020-08-30  02:59:07 pm)작업중 Wire 단선 [d:0][t:00:00:59]
[I](2020-08-30  02:59:44 pm)작업 재시작
[I](2020-08-30  03:00:30 pm)작업중 정지 [d:1][t:00:02:22]
[I](2020-08-30  03:00:30 pm)    [LNo:0010] 000561/000848
[I](2020-08-30  03:00:59 pm)작업 재시작
[I](2020-08-30  03:01:02 pm)작업중 정지 [d:1][t:00:02:54]
[I](2020-08-30  03:01:02 pm)    [LNo:0010] 000572/000848
[I](2020-08-30  03:01:26 pm)작업중 정지 [d:1][t:00:03:18]
[I](2020-08-30  03:01:26 pm)    [LNo:0010] 000062/000848
[I](2020-08-30  03:01:41 pm)Reset
[I](2020-08-30  03:01:41 pm)Reset
[I](2020-08-30  03:02:01 pm)Reset
[I](2020-08-30  03:05:39 pm)Reset
[I](2020-08-30  03:05:56 pm)작업 시작 [Start d:135]
[I](2020-08-30  03:05:56 pm)Nc File: [No.0010-352.NC]
[I](2020-08-30  03:05:56 pm)  * Start Machine Position
[I](2020-08-30  03:05:56 pm)    X:    103.0072
[I](2020-08-30  03:05:56 pm)    Y:   -377.0723
[I](2020-08-30  03:05:56 pm)    U:      0.0000
[I](2020-08-30  03:05:56 pm)    V:      0.0000
[I](2020-08-30  03:05:56 pm)    Z:     31.0880
[I](2020-08-30  03:05:56 pm)  * Angle
[I](2020-08-30  03:05:56 pm)    Ar:     -0.1136,Kr:      0.0000
[I](2020-08-30  03:05:56 pm)    Taper_Ar:      0.0000
[I](2020-08-30  03:06:12 pm)작업중 정지 [d:0][t:00:00:16]
[I](2020-08-30  03:06:12 pm)    [LNo:0010] 000645/000848
[A](2020-08-30  03:06:28 pm)[041] AWF 명령끝날때까지 센서감지(타임아웃) 안됨
[I](2020-08-30  03:06:29 pm)작업중 정지 [d:0][t:00:00:33]
[I](2020-08-30  03:06:29 pm)    [LNo:0010] 000649/000848
[I](2020-08-30  03:10:10 pm)Reset
[I](2020-08-30  03:10:10 pm)Reset
[I](2020-08-30  03:10:22 pm)Reset
[I](2020-08-30  03:10:23 pm)작업 시작 [Start d:135]
[I](2020-08-30  03:10:23 pm)Nc File: [No.0010-352.NC]
[I](2020-08-30  03:10:23 pm)  * Start Machine Position
[I](2020-08-30  03:10:23 pm)    X:    103.0072
[I](2020-08-30  03:10:23 pm)    Y:   -377.0723
[I](2020-08-30  03:10:23 pm)    U:      0.0000
[I](2020-08-30  03:10:23 pm)    V:      0.0000
[I](2020-08-30  03:10:23 pm)    Z:     31.0880
[I](2020-08-30  03:10:23 pm)  * Angle
[I](2020-08-30  03:10:23 pm)    Ar:     -0.1136,Kr:      0.0000
[I](2020-08-30  03:10:23 pm)    Taper_Ar:      0.0000
[I](2020-08-30  03:10:25 pm)작업중 정지 [d:0][t:00:00:01]
[I](2020-08-30  03:10:25 pm)    [LNo:0010] 000010/000848
[I](2020-08-30  03:10:25 pm)작업중 M코드정지 [d:0][t:00:00:01]
