[I](2020-01-22  08:28:23 am)작업중 정지 [d:232][t:15:34:51]
[I](2020-01-22  08:28:23 am)    [LNo:0003] 000230/000526
[I](2020-01-22  08:28:29 am)작업중 정지 [d:232][t:15:34:57]
[I](2020-01-22  08:28:29 am)    [LNo:0003] 000231/000526
[A](2020-01-22  08:28:29 am)[001] 와이어 미동작
[I](2020-01-22  08:29:53 am)작업중 정지 [d:232][t:15:36:21]
[I](2020-01-22  08:29:53 am)    [LNo:0003] 000240/000526
[I](2020-01-22  08:29:53 am)작업중 M코드정지 [d:232][t:15:36:21]
[I](2020-01-22  08:30:17 am)작업중 정지 [d:232][t:15:36:45]
[I](2020-01-22  08:30:17 am)    [LNo:0003] 000244/000526
[I](2020-01-22  08:33:39 am)작업중 정지 [d:233][t:15:40:07]
[I](2020-01-22  08:33:39 am)    [LNo:0003] 000263/000526
[I](2020-01-22  08:33:39 am)작업중 M코드정지 [d:233][t:15:40:07]
[I](2020-01-22  08:33:55 am)작업중 정지 [d:234][t:15:40:24]
[I](2020-01-22  08:33:55 am)    [LNo:0003] 000264/000526
[I](2020-01-22  08:34:36 am)작업 재시작
[I](2020-01-22  08:36:53 am)작업중 정지 [d:234][t:15:43:21]
[I](2020-01-22  08:36:53 am)    [LNo:0003] 000286/000526
[I](2020-01-22  08:36:53 am)작업중 M코드정지 [d:234][t:15:43:21]
[I](2020-01-22  08:37:34 am)작업중 정지 [d:234][t:15:44:02]
[I](2020-01-22  08:37:34 am)    [LNo:0003] 000287/000526
[I](2020-01-22  08:38:08 am)작업 재시작
[I](2020-01-22  08:40:31 am)작업중 정지 [d:235][t:15:46:59]
[I](2020-01-22  08:40:31 am)    [LNo:0003] 000309/000526
[I](2020-01-22  08:40:31 am)작업중 M코드정지 [d:235][t:15:46:59]
[I](2020-01-22  08:42:02 am)작업중 정지 [d:235][t:15:48:31]
[I](2020-01-22  08:42:02 am)    [LNo:0003] 000310/000526
[I](2020-01-22  08:42:35 am)작업 재시작
[I](2020-01-22  08:45:10 am)작업중 정지 [d:236][t:15:51:38]
[I](2020-01-22  08:45:10 am)    [LNo:0003] 000332/000526
[I](2020-01-22  08:45:10 am)작업중 M코드정지 [d:236][t:15:51:38]
[I](2020-01-22  08:46:07 am)작업중 정지 [d:236][t:15:52:36]
[I](2020-01-22  08:46:07 am)    [LNo:0003] 000333/000526
[I](2020-01-22  08:46:38 am)작업 재시작
[I](2020-01-22  08:59:39 am)작업중 정지 [d:246][t:16:06:08]
[I](2020-01-22  08:59:39 am)    [LNo:0003] 000383/000526
[I](2020-01-22  09:00:29 am)작업중 정지 [d:246][t:16:06:58]
[I](2020-01-22  09:00:29 am)    [LNo:0003] 000385/000526
[I](2020-01-22  10:00:21 am)작업중 정지 [d:302][t:17:06:49]
[I](2020-01-22  10:00:21 am)    [LNo:0003] 000519/000526
[A](2020-01-22  10:00:21 am)[011] 자동결선 Error(M21-잔여와이어 처리실패)
[I](2020-01-22  10:01:02 am)작업중 정지 [d:302][t:17:07:30]
[I](2020-01-22  10:01:02 am)    [LNo:0003] 000273/000526
[I](2020-01-22  10:01:51 am)Reset
[I](2020-01-22  10:01:51 am)Reset
[I](2020-01-22  10:02:00 am)작업 시작 [Start d:771]
[I](2020-01-22  10:02:00 am)Nc File: [No.0002-450.NC]
[I](2020-01-22  10:02:00 am)  * Start Machine Position
[I](2020-01-22  10:02:00 am)    X:     97.1809
[I](2020-01-22  10:02:00 am)    Y:   -376.7259
[I](2020-01-22  10:02:00 am)    U:      0.0000
[I](2020-01-22  10:02:00 am)    V:      0.0000
[I](2020-01-22  10:02:00 am)    Z:     23.3752
[I](2020-01-22  10:02:00 am)  * Angle
[I](2020-01-22  10:02:00 am)    Ar:      0.1400,Kr:      0.0000
[I](2020-01-22  10:02:00 am)    Taper_Ar:      0.0000
[I](2020-01-22  10:02:07 am)작업중 정지 [d:0][t:00:00:06]
[I](2020-01-22  10:02:07 am)    [LNo:0002] 000010/000940
[I](2020-01-22  10:02:07 am)작업중 M코드정지 [d:0][t:00:00:07]
[I](2020-01-22  10:02:54 am)작업중 정지 [d:0][t:00:00:54]
[I](2020-01-22  10:02:54 am)    [LNo:0002] 000690/000940
[I](2020-01-22  10:03:34 am)Reset
[I](2020-01-22  10:03:49 am)작업 시작 [Start d:771]
[I](2020-01-22  10:03:49 am)Nc File: [No.0002-450.NC]
[I](2020-01-22  10:03:49 am)  * Start Machine Position
[I](2020-01-22  10:03:49 am)    X:    316.2311
[I](2020-01-22  10:03:49 am)    Y:   -234.9453
[I](2020-01-22  10:03:49 am)    U:      0.0000
[I](2020-01-22  10:03:49 am)    V:      0.0000
[I](2020-01-22  10:03:49 am)    Z:     23.3752
[I](2020-01-22  10:03:49 am)  * Angle
[I](2020-01-22  10:03:49 am)    Ar:      0.1400,Kr:      0.0000
[I](2020-01-22  10:03:49 am)    Taper_Ar:      0.0000
[I](2020-01-22  10:03:49 am)작업중 정지 [d:0][t:00:00:00]
[I](2020-01-22  10:03:49 am)    [LNo:0002] 000691/000940
[I](2020-01-22  10:04:08 am)작업중 정지 [d:0][t:00:00:18]
[I](2020-01-22  10:04:08 am)    [LNo:0002] 000698/000940
[I](2020-01-22  10:23:23 am)작업중 정지 [d:19][t:00:19:33]
[I](2020-01-22  10:23:23 am)    [LNo:0002] 000707/000940
[I](2020-01-22  10:23:23 am)작업중 M코드정지 [d:19][t:00:19:33]
[I](2020-01-22  10:25:52 am)작업중 정지 [d:19][t:00:22:02]
[I](2020-01-22  10:25:52 am)    [LNo:0002] 000710/000940
[I](2020-01-22  10:25:52 am)작업중 M코드정지 [d:19][t:00:22:02]
[I](2020-01-22  10:55:37 am)작업중 정지 [d:46][t:00:51:48]
[I](2020-01-22  10:55:37 am)    [LNo:0002] 000767/000940
[I](2020-01-22  10:55:37 am)작업중 M코드정지 [d:46][t:00:51:48]
[I](2020-01-22  11:01:44 am)작업중 정지 [d:46][t:00:57:54]
[I](2020-01-22  11:01:44 am)    [LNo:0002] 000768/000940
[I](2020-01-22  11:02:23 am)작업 재시작
[I](2020-01-22  11:02:31 am)작업중 정지 [d:46][t:00:58:41]
[I](2020-01-22  11:02:31 am)    [LNo:0002] 000770/000940
[I](2020-01-22  11:02:31 am)작업중 M코드정지 [d:46][t:00:58:41]
[I](2020-01-22  11:31:17 am)작업중 정지 [d:73][t:01:27:28]
[I](2020-01-22  11:31:17 am)    [LNo:0002] 000829/000940
[I](2020-01-22  11:31:17 am)작업중 M코드정지 [d:73][t:01:27:28]
[I](2020-01-22  11:33:10 am)작업중 정지 [d:73][t:01:29:20]
[I](2020-01-22  11:33:10 am)    [LNo:0002] 000830/000940
[I](2020-01-22  11:33:45 am)작업 재시작
[I](2020-01-22  11:33:51 am)작업중 정지 [d:73][t:01:30:01]
[I](2020-01-22  11:33:51 am)    [LNo:0002] 000832/000940
[I](2020-01-22  11:33:51 am)작업중 M코드정지 [d:73][t:01:30:01]
[I](2020-01-22  12:03:11 pm)작업중 정지 [d:101][t:01:59:21]
[I](2020-01-22  12:03:11 pm)    [LNo:0002] 000893/000940
[I](2020-01-22  12:03:11 pm)작업중 M코드정지 [d:101][t:01:59:21]
[I](2020-01-22  12:03:43 pm)작업중 정지 [d:101][t:01:59:53]
[I](2020-01-22  12:03:43 pm)    [LNo:0002] 000895/000940
[I](2020-01-22  12:04:12 pm)작업 재시작
[I](2020-01-22  12:04:15 pm)작업중 정지 [d:101][t:02:00:26]
[I](2020-01-22  12:04:15 pm)    [LNo:0002] 000896/000940
[I](2020-01-22  12:04:15 pm)작업중 M코드정지 [d:101][t:02:00:26]
[I](2020-01-22  12:14:35 pm)작업중 정지 [d:110][t:02:10:45]
[I](2020-01-22  12:14:35 pm)    [LNo:0002] 000936/000940
[I](2020-01-22  12:14:35 pm)작업중 M코드정지 [d:110][t:02:10:45]
[I](2020-01-22  12:49:17 pm)Reset
[I](2020-01-22  12:49:48 pm)Reset
[I](2020-01-22  12:49:53 pm)Reset
[I](2020-01-22  12:50:43 pm)작업 시작 [Start d:881]
[I](2020-01-22  12:50:43 pm)Nc File: [No.0005-MDI0005.NC]
[I](2020-01-22  12:50:43 pm)  * Start Machine Position
[I](2020-01-22  12:50:43 pm)    X:    203.8965
[I](2020-01-22  12:50:43 pm)    Y:   -295.9421
[I](2020-01-22  12:50:43 pm)    U:      0.0000
[I](2020-01-22  12:50:43 pm)    V:      0.0000
[I](2020-01-22  12:50:43 pm)    Z:     18.6327
[I](2020-01-22  12:50:43 pm)  * Angle
[I](2020-01-22  12:50:43 pm)    Ar:      0.0000,Kr:      0.0000
[I](2020-01-22  12:50:43 pm)    Taper_Ar:      0.0000
[I](2020-01-22  12:50:43 pm)
[I](2020-01-22  12:50:43 pm)Work completed.
[I](2020-01-22  12:50:43 pm)
[I](2020-01-22  12:50:43 pm)Work completed.
[I](2020-01-22  12:52:16 pm)작업중 정지 [d:2][t:00:01:33]
[I](2020-01-22  12:52:16 pm)    [LNo:0005] 000001/000001
[I](2020-01-22  12:52:53 pm)Reset
[I](2020-01-22  12:53:10 pm)Reset
[I](2020-01-22  12:53:15 pm)작업 시작 [Start d:883]
[I](2020-01-22  12:53:15 pm)Nc File: [No.0005-MDI0005.NC *]
[I](2020-01-22  12:53:15 pm)  * Start Machine Position
[I](2020-01-22  12:53:15 pm)    X:    203.8965
[I](2020-01-22  12:53:15 pm)    Y:   -226.9895
[I](2020-01-22  12:53:15 pm)    U:      0.0000
[I](2020-01-22  12:53:15 pm)    V:      0.0000
[I](2020-01-22  12:53:15 pm)    Z:     18.6327
[I](2020-01-22  12:53:15 pm)  * Angle
[I](2020-01-22  12:53:15 pm)    Ar:      0.0000,Kr:      0.0000
[I](2020-01-22  12:53:15 pm)    Taper_Ar:      0.0000
[I](2020-01-22  12:53:15 pm)
[I](2020-01-22  12:53:15 pm)Work completed.
[I](2020-01-22  12:53:15 pm)
[I](2020-01-22  12:53:15 pm)Work completed.
[I](2020-01-22  12:56:51 pm)작업 끝.(M02) [d:3][t:00:03:36]
[I](2020-01-22  12:57:49 pm)Reset
[I](2020-01-22  12:57:52 pm)Reset
[I](2020-01-22  12:58:01 pm)작업 시작 [Start d:886]
[I](2020-01-22  12:58:01 pm)Nc File: [No.0005-MDI0005.NC *]
[I](2020-01-22  12:58:01 pm)  * Start Machine Position
[I](2020-01-22  12:58:01 pm)    X:    260.1085
[I](2020-01-22  12:58:01 pm)    Y:   -297.6615
[I](2020-01-22  12:58:01 pm)    U:      0.0000
[I](2020-01-22  12:58:01 pm)    V:      0.0000
[I](2020-01-22  12:58:01 pm)    Z:     18.6327
[I](2020-01-22  12:58:01 pm)  * Angle
[I](2020-01-22  12:58:01 pm)    Ar:      0.0000,Kr:      0.0000
[I](2020-01-22  12:58:01 pm)    Taper_Ar:      0.0000
[I](2020-01-22  12:58:01 pm)
[I](2020-01-22  12:58:01 pm)Work completed.
[I](2020-01-22  12:58:01 pm)
[I](2020-01-22  12:58:01 pm)Work completed.
[I](2020-01-22  01:02:18 pm)작업 끝.(M02) [d:4][t:00:04:17]
[A](2020-01-22  01:02:56 pm)[084] Work Tank Fluid Sensor Abnormal
[A](2020-01-22  01:02:57 pm)[084] Work Tank Fluid Sensor Abnormal
[A](2020-01-22  01:03:00 pm)[084] Work Tank Fluid Sensor Abnormal
[A](2020-01-22  01:03:00 pm)[084] Work Tank Fluid Sensor Abnormal
[A](2020-01-22  01:03:00 pm)[084] Work Tank Fluid Sensor Abnormal
[A](2020-01-22  01:03:01 pm)[084] Work Tank Fluid Sensor Abnormal
[A](2020-01-22  01:03:01 pm)[084] Work Tank Fluid Sensor Abnormal
[A](2020-01-22  01:03:02 pm)[084] Work Tank Fluid Sensor Abnormal
[A](2020-01-22  01:03:03 pm)[084] Work Tank Fluid Sensor Abnormal
[A](2020-01-22  01:03:04 pm)[084] Work Tank Fluid Sensor Abnormal
[A](2020-01-22  01:03:04 pm)[084] Work Tank Fluid Sensor Abnormal
[A](2020-01-22  01:03:04 pm)[084] Work Tank Fluid Sensor Abnormal
[A](2020-01-22  01:03:04 pm)[084] Work Tank Fluid Sensor Abnormal
[A](2020-01-22  01:03:05 pm)[084] Work Tank Fluid Sensor Abnormal
[A](2020-01-22  01:03:05 pm)[084] Work Tank Fluid Sensor Abnormal
[I](2020-01-22  01:42:12 pm)Reset
[I](2020-01-22  01:47:33 pm)Reset
[I](2020-01-22  01:47:45 pm)Reset
[I](2020-01-22  01:49:30 pm)Reset
[I](2020-01-22  01:49:55 pm)Reset
[I](2020-01-22  01:50:08 pm)Reset
[I](2020-01-22  01:50:23 pm)Reset
[I](2020-01-22  01:50:30 pm)Reset
[I](2020-01-22  01:50:33 pm)Reset
[I](2020-01-22  01:50:33 pm)Reset
[I](2020-01-22  01:53:17 pm)작업 시작 [Start d:890]
[I](2020-01-22  01:53:17 pm)Nc File: [No.0006-462.NC]
[I](2020-01-22  01:53:17 pm)  * Start Machine Position
[I](2020-01-22  01:53:17 pm)    X:     47.9726
[I](2020-01-22  01:53:17 pm)    Y:   -350.7498
[I](2020-01-22  01:53:17 pm)    U:      0.0000
[I](2020-01-22  01:53:17 pm)    V:      0.0000
[I](2020-01-22  01:53:17 pm)    Z:     44.0582
[I](2020-01-22  01:53:17 pm)  * Angle
[I](2020-01-22  01:53:17 pm)    Ar:     -0.6882,Kr:      0.0000
[I](2020-01-22  01:53:17 pm)    Taper_Ar:      0.0000
[I](2020-01-22  02:28:13 pm)작업중 정지 [d:34][t:00:34:55]
[I](2020-01-22  02:28:13 pm)    [LNo:0006] 000158/000170
[I](2020-01-22  02:28:13 pm)작업중 M코드정지 [d:34][t:00:34:56]
[I](2020-01-22  02:36:56 pm)작업중 정지 [d:35][t:00:43:39]
[I](2020-01-22  02:36:56 pm)    [LNo:0006] 000160/000170
[I](2020-01-22  02:36:56 pm)작업중 M코드정지 [d:35][t:00:43:39]
[I](2020-01-22  02:41:54 pm)Reset
[I](2020-01-22  02:42:01 pm)Reset
[I](2020-01-22  02:43:28 pm)Reset
[I](2020-01-22  02:43:33 pm)Reset
[I](2020-01-22  02:43:46 pm)Reset
[I](2020-01-22  02:44:00 pm)Reset
[I](2020-01-22  02:44:08 pm)Reset
[I](2020-01-22  02:44:21 pm)Reset
[I](2020-01-22  02:44:41 pm)Reset
[I](2020-01-22  02:44:44 pm)Reset
[I](2020-01-22  02:46:04 pm)작업 시작 [Start d:925]
[I](2020-01-22  02:46:04 pm)Nc File: [No.0006-462.NC]
[I](2020-01-22  02:46:04 pm)  * Start Machine Position
[I](2020-01-22  02:46:04 pm)    X:     27.0844
[I](2020-01-22  02:46:04 pm)    Y:   -357.6794
[I](2020-01-22  02:46:04 pm)    U:      0.0000
[I](2020-01-22  02:46:04 pm)    V:      0.0000
[I](2020-01-22  02:46:04 pm)    Z:     44.0582
[I](2020-01-22  02:46:04 pm)  * Angle
[I](2020-01-22  02:46:04 pm)    Ar:      0.0000,Kr:      0.0000
[I](2020-01-22  02:46:04 pm)    Taper_Ar:      0.0000
[I](2020-01-22  02:55:18 pm)작업중 정지 [d:9][t:00:09:13]
[I](2020-01-22  02:55:18 pm)    [LNo:0006] 000105/000170
[I](2020-01-22  02:55:18 pm)작업중 M코드정지 [d:9][t:00:09:13]
[A](2020-01-22  02:56:06 pm)[037] 자동결선 잔여 WIRE 처리 실패!!
[I](2020-01-22  02:56:23 pm)작업중 정지 [d:9][t:00:10:18]
[I](2020-01-22  02:56:23 pm)    [LNo:0006] 000112/000170
[A](2020-01-22  02:56:52 pm)[002] 가공액 미동작
[I](2020-01-22  03:26:22 pm)작업중 정지 [d:38][t:00:40:17]
[I](2020-01-22  03:26:22 pm)    [LNo:0006] 000158/000170
[I](2020-01-22  03:26:22 pm)작업중 M코드정지 [d:38][t:00:40:17]
[I](2020-01-22  03:27:16 pm)작업중 정지 [d:38][t:00:41:11]
[I](2020-01-22  03:27:16 pm)    [LNo:0006] 000159/000170
[I](2020-01-22  03:27:16 pm)Wire Contact Auto Stop(M52)
[I](2020-01-22  04:31:45 pm)Reset
[I](2020-01-22  04:32:08 pm)Reset
[I](2020-01-22  04:35:48 pm)Reset
[I](2020-01-22  04:37:45 pm)Reset
[I](2020-01-22  04:38:51 pm)Reset
[I](2020-01-22  04:43:11 pm)Reset
[I](2020-01-22  04:43:56 pm)Reset
[I](2020-01-22  04:47:37 pm)Reset
[I](2020-01-22  04:50:06 pm)Reset
[I](2020-01-22  04:53:37 pm)Reset
[A](2020-01-22  04:54:50 pm)[037] 자동결선 잔여 WIRE 처리 실패!!
[I](2020-01-22  04:56:40 pm)Reset
[I](2020-01-22  04:57:55 pm)Reset
[I](2020-01-22  04:59:36 pm)Reset
[I](2020-01-22  04:59:37 pm)Reset
[I](2020-01-22  04:59:38 pm)Reset
[I](2020-01-22  05:07:26 pm)작업 시작 [Start d:963]
[I](2020-01-22  05:07:26 pm)Nc File: [No.0009-475.NC]
[I](2020-01-22  05:07:26 pm)  * Start Machine Position
[I](2020-01-22  05:07:26 pm)    X:    125.9605
[I](2020-01-22  05:07:26 pm)    Y:   -371.6387
[I](2020-01-22  05:07:26 pm)    U:      0.0000
[I](2020-01-22  05:07:26 pm)    V:      0.0000
[I](2020-01-22  05:07:26 pm)    Z:     30.3587
[I](2020-01-22  05:07:26 pm)  * Angle
[I](2020-01-22  05:07:26 pm)    Ar:     -0.4523,Kr:      0.0000
[I](2020-01-22  05:07:26 pm)    Taper_Ar:      0.0000
[I](2020-01-22  05:09:52 pm)작업중 정지 [d:2][t:00:02:25]
[I](2020-01-22  05:09:52 pm)    [LNo:0009] 000040/000450
[I](2020-01-22  05:09:52 pm)작업중 30sec 접촉 정지 [d:2][t:00:02:25]
[I](2020-01-22  05:14:12 pm)작업 재시작
[I](2020-01-22  05:14:17 pm)작업중 정지 [d:2][t:00:06:50]
[I](2020-01-22  05:14:17 pm)    [LNo:0009] 000040/000450
[I](2020-01-22  05:14:17 pm)작업중 30sec 접촉 정지 [d:2][t:00:06:50]
[I](2020-01-22  05:17:34 pm)작업 재시작
[I](2020-01-22  05:18:58 pm)작업중 정지 [d:4][t:00:11:31]
[I](2020-01-22  05:18:58 pm)    [LNo:0009] 000044/000450
[I](2020-01-22  05:18:58 pm)작업중 30sec 접촉 정지 [d:4][t:00:11:32]
[I](2020-01-22  05:29:13 pm)작업 재시작
[I](2020-01-22  05:29:18 pm)작업중 정지 [d:4][t:00:21:51]
[I](2020-01-22  05:29:18 pm)    [LNo:0009] 000044/000450
[I](2020-01-22  05:29:18 pm)작업중 30sec 접촉 정지 [d:4][t:00:21:51]
[I](2020-01-22  05:29:38 pm)작업 재시작
[I](2020-01-22  05:29:39 pm)작업중 정지 [d:4][t:00:22:12]
[I](2020-01-22  05:29:39 pm)    [LNo:0009] 000044/000450
[I](2020-01-22  05:30:12 pm)작업 재시작
[I](2020-01-22  05:36:35 pm)작업중 정지 [d:10][t:00:29:08]
[I](2020-01-22  05:36:35 pm)    [LNo:0009] 000140/000450
[I](2020-01-22  05:36:35 pm)작업중 M코드정지 [d:10][t:00:29:08]
[I](2020-01-22  05:39:22 pm)작업중 정지 [d:10][t:00:31:56]
[I](2020-01-22  05:39:22 pm)    [LNo:0009] 000148/000450
[I](2020-01-22  05:44:33 pm)작업중 정지 [d:13][t:00:37:06]
[I](2020-01-22  05:44:33 pm)    [LNo:0009] 000183/000450
[I](2020-01-22  05:44:33 pm)작업중 30sec 접촉 정지 [d:13][t:00:37:06]
[I](2020-01-22  05:48:44 pm)작업 재시작
[I](2020-01-22  05:48:49 pm)작업중 정지 [d:13][t:00:41:22]
[I](2020-01-22  05:48:49 pm)    [LNo:0009] 000183/000450
[I](2020-01-22  05:49:15 pm)작업 재시작
[I](2020-01-22  05:49:18 pm)작업중 정지 [d:13][t:00:41:51]
[I](2020-01-22  05:49:18 pm)    [LNo:0009] 000183/000450
[I](2020-01-22  05:51:27 pm)작업 재시작
[I](2020-01-22  05:59:17 pm)작업중 정지 [d:20][t:00:51:51]
[I](2020-01-22  05:59:17 pm)    [LNo:0009] 000294/000450
[I](2020-01-22  05:59:18 pm)작업중 30sec 접촉 정지 [d:20][t:00:51:51]
[I](2020-01-22  05:59:54 pm)작업 재시작
[I](2020-01-22  06:03:05 pm)작업중 정지 [d:23][t:00:55:38]
[I](2020-01-22  06:03:05 pm)    [LNo:0009] 000299/000450
[I](2020-01-22  06:03:05 pm)작업중 M코드정지 [d:23][t:00:55:38]
[I](2020-01-22  06:03:28 pm)작업중 정지 [d:23][t:00:56:01]
[I](2020-01-22  06:03:28 pm)    [LNo:0009] 000300/000450
[I](2020-01-22  06:04:10 pm)작업 재시작
[I](2020-01-22  06:04:22 pm)작업중 정지 [d:23][t:00:56:55]
[I](2020-01-22  06:04:22 pm)    [LNo:0009] 000302/000450
[I](2020-01-22  06:04:22 pm)작업중 M코드정지 [d:23][t:00:56:55]
[I](2020-01-22  06:07:46 pm)작업중 정지 [d:24][t:01:00:19]
[I](2020-01-22  06:07:46 pm)    [LNo:0009] 000353/000450
[I](2020-01-22  06:07:46 pm)작업중 30sec 접촉 정지 [d:24][t:01:00:20]
[A](2020-01-22  06:23:26 pm)[001] 와이어 미동작
[A](2020-01-22  06:26:47 pm)[001] 와이어 미동작
[I](2020-01-22  06:46:09 pm)작업 재시작
[I](2020-01-22  07:27:10 pm)작업중 정지 [d:65][t:02:19:43]
[I](2020-01-22  07:27:10 pm)    [LNo:0009] 000438/000450
[I](2020-01-22  07:27:10 pm)작업중 M코드정지 [d:65][t:02:19:43]
[I](2020-01-22  07:31:31 pm)작업중 정지 [d:65][t:02:24:04]
[I](2020-01-22  07:31:31 pm)    [LNo:0009] 000439/000450
[I](2020-01-22  07:31:31 pm)Wire Contact Auto Stop(M52)
[I](2020-01-22  07:35:12 pm)Reset
[I](2020-01-22  07:35:15 pm)Reset
[I](2020-01-22  07:35:16 pm)Reset
[I](2020-01-22  07:35:21 pm)Reset
[I](2020-01-22  07:38:35 pm)Reset
[I](2020-01-22  07:38:59 pm)Reset
[I](2020-01-22  07:44:58 pm)Reset
[I](2020-01-22  07:45:23 pm)Reset
[I](2020-01-22  07:45:27 pm)Reset
[I](2020-01-22  07:46:11 pm)Reset
[I](2020-01-22  07:47:59 pm)작업 시작 [Start d:1028]
[I](2020-01-22  07:47:59 pm)Nc File: [No.0001-479.NC]
[I](2020-01-22  07:47:59 pm)  * Start Machine Position
[I](2020-01-22  07:47:59 pm)    X:     55.1980
[I](2020-01-22  07:47:59 pm)    Y:   -342.2853
[I](2020-01-22  07:47:59 pm)    U:      0.0000
[I](2020-01-22  07:47:59 pm)    V:      0.0000
[I](2020-01-22  07:47:59 pm)    Z:     30.5347
[I](2020-01-22  07:47:59 pm)  * Angle
[I](2020-01-22  07:47:59 pm)    Ar:     -0.7151,Kr:      0.0000
[I](2020-01-22  07:47:59 pm)    Taper_Ar:      0.0000
[I](2020-01-22  08:32:31 pm)작업중 정지 [d:44][t:00:44:32]
[I](2020-01-22  08:32:31 pm)    [LNo:0001] 000022/000079
[I](2020-01-22  08:32:31 pm)작업중 M코드정지 [d:44][t:00:44:32]
[I](2020-01-22  08:33:41 pm)작업중 정지 [d:44][t:00:45:42]
[I](2020-01-22  08:33:41 pm)    [LNo:0001] 000024/000079
[I](2020-01-22  08:34:04 pm)작업 재시작
[I](2020-01-22  08:34:10 pm)작업중 정지 [d:44][t:00:46:11]
[I](2020-01-22  08:34:10 pm)    [LNo:0001] 000026/000079
[I](2020-01-22  08:34:10 pm)작업중 M코드정지 [d:44][t:00:46:11]
[I](2020-01-22  08:46:32 pm)작업중 정지 [d:55][t:00:58:33]
[I](2020-01-22  08:46:32 pm)    [LNo:0001] 000064/000079
[I](2020-01-22  08:46:44 pm)작업 재시작
[I](2020-01-22  08:47:32 pm)작업중 정지 [d:56][t:00:59:33]
[I](2020-01-22  08:47:32 pm)    [LNo:0001] 000065/000079
[I](2020-01-22  08:47:32 pm)Wire Contact Auto Stop(M52)
[I](2020-01-22  08:48:00 pm)작업 재시작
[I](2020-01-22  08:48:03 pm)작업중 정지 [d:56][t:01:00:04]
[I](2020-01-22  08:48:03 pm)    [LNo:0001] 000066/000079
[I](2020-01-22  08:48:03 pm)작업중 M코드정지 [d:56][t:01:00:04]
[I](2020-01-22  08:48:11 pm)작업중 정지 [d:56][t:01:00:12]
[I](2020-01-22  08:48:11 pm)    [LNo:0001] 000069/000079
[I](2020-01-22  08:48:11 pm)작업중 M코드정지 [d:56][t:01:00:12]
[I](2020-01-22  08:48:13 pm)작업중 정지 [d:56][t:01:00:14]
[I](2020-01-22  08:48:13 pm)    [LNo:0001] 000071/000079
[I](2020-01-22  08:48:13 pm)작업중 M코드정지 [d:56][t:01:00:14]
[I](2020-01-22  08:50:07 pm)Reset
[I](2020-01-22  08:50:27 pm)작업 시작 [Start d:1084]
[I](2020-01-22  08:50:27 pm)Nc File: [No.0001-479.NC]
[I](2020-01-22  08:50:27 pm)  * Start Machine Position
[I](2020-01-22  08:50:27 pm)    X:     55.1980
[I](2020-01-22  08:50:27 pm)    Y:   -342.2853
[I](2020-01-22  08:50:27 pm)    U:      0.0000
[I](2020-01-22  08:50:27 pm)    V:      0.0000
[I](2020-01-22  08:50:27 pm)    Z:     30.5347
[I](2020-01-22  08:50:27 pm)  * Angle
[I](2020-01-22  08:50:27 pm)    Ar:     -0.7151,Kr:      0.0000
[I](2020-01-22  08:50:27 pm)    Taper_Ar:      0.0000
[I](2020-01-22  08:54:46 pm)작업중 정지 [d:4][t:00:04:18]
[I](2020-01-22  08:54:46 pm)    [LNo:0001] 000045/000079
[I](2020-01-22  08:54:46 pm)작업중 M코드정지 [d:4][t:00:04:19]
[I](2020-01-22  09:42:59 pm)Reset
[A](2020-01-22  11:19:02 pm)[036] 자동결선 절단 공정 실패!!
[I](2020-01-22  11:19:12 pm)Reset
[I](2020-01-22  11:19:13 pm)Reset
[I](2020-01-22  11:21:14 pm)Reset
[I](2020-01-22  11:21:14 pm)Reset
[I](2020-01-22  11:23:25 pm)Reset
[I](2020-01-22  11:23:26 pm)Reset
[I](2020-01-22  11:24:37 pm)작업 시작 [Start d:1088]
[I](2020-01-22  11:24:37 pm)Nc File: [No.0001-485.NC *]
[I](2020-01-22  11:24:37 pm)  * Start Machine Position
[I](2020-01-22  11:24:37 pm)    X:     61.0558
[I](2020-01-22  11:24:37 pm)    Y:   -343.8246
[I](2020-01-22  11:24:37 pm)    U:      0.0000
[I](2020-01-22  11:24:37 pm)    V:      0.0000
[I](2020-01-22  11:24:37 pm)    Z:     15.5797
[I](2020-01-22  11:24:37 pm)  * Angle
[I](2020-01-22  11:24:37 pm)    Ar:      0.2055,Kr:      0.0000
[I](2020-01-22  11:24:37 pm)    Taper_Ar:      0.0000
