[I](2020-08-25  12:03:39 am)Reset
[I](2020-08-25  12:03:39 am)Reset
[I](2020-08-25  12:03:47 am)Reset
[I](2020-08-25  12:03:48 am)Reset
[I](2020-08-25  12:03:48 am)Reset
[I](2020-08-25  12:15:39 am)Reset
[I](2020-08-25  12:15:39 am)Reset
[I](2020-08-25  12:32:59 am)Reset
[I](2020-08-25  12:33:00 am)Reset
[I](2020-08-25  12:36:56 am)Reset
[I](2020-08-25  12:42:23 am)Reset
[I](2020-08-25  12:42:23 am)Reset
[I](2020-08-25  12:47:23 am)Reset
[I](2020-08-25  12:47:23 am)Reset
[I](2020-08-25  12:51:07 am)Reset
[I](2020-08-25  12:51:07 am)Reset
[I](2020-08-25  12:51:07 am)Reset
[I](2020-08-25  12:52:05 am)Reset
[I](2020-08-25  12:53:17 am)작업 시작 [Start d:880]
[I](2020-08-25  12:53:17 am)Nc File: [No.0013-665.NC]
[I](2020-08-25  12:53:17 am)  * Start Machine Position
[I](2020-08-25  12:53:17 am)    X:    240.9963
[I](2020-08-25  12:53:17 am)    Y:   -130.7674
[I](2020-08-25  12:53:17 am)    U:      0.0000
[I](2020-08-25  12:53:17 am)    V:      0.0000
[I](2020-08-25  12:53:17 am)    Z:     30.4952
[I](2020-08-25  12:53:17 am)  * Angle
[I](2020-08-25  12:53:17 am)    Ar:      0.1528,Kr:      0.0000
[I](2020-08-25  12:53:17 am)    Taper_Ar:      0.0000
[I](2020-08-25  12:53:34 am)작업중 정지 [d:0][t:00:00:16]
[I](2020-08-25  12:53:34 am)    [LNo:0013] 000010/000454
[I](2020-08-25  12:53:34 am)작업중 M코드정지 [d:0][t:00:00:16]
[I](2020-08-25  12:57:36 am)Reset
[I](2020-08-25  12:58:23 am)Reset
[I](2020-08-25  12:58:24 am)Reset
[I](2020-08-25  12:58:24 am)Reset
[I](2020-08-25  12:58:47 am)작업 시작 [Start d:880]
[I](2020-08-25  12:58:47 am)Nc File: [No.0013-665.NC]
[I](2020-08-25  12:58:47 am)  * Start Machine Position
[I](2020-08-25  12:58:47 am)    X:    240.9963
[I](2020-08-25  12:58:47 am)    Y:   -130.7673
[I](2020-08-25  12:58:47 am)    U:      0.0000
[I](2020-08-25  12:58:47 am)    V:      0.0000
[I](2020-08-25  12:58:47 am)    Z:     23.4852
[I](2020-08-25  12:58:47 am)  * Angle
[I](2020-08-25  12:58:47 am)    Ar:      0.1528,Kr:      0.0000
[I](2020-08-25  12:58:47 am)    Taper_Ar:      0.0000
[I](2020-08-25  12:59:04 am)작업중 정지 [d:0][t:00:00:17]
[I](2020-08-25  12:59:04 am)    [LNo:0013] 000010/000454
[I](2020-08-25  12:59:04 am)작업중 M코드정지 [d:0][t:00:00:17]
[I](2020-08-25  12:59:38 am)작업중 정지 [d:0][t:00:00:51]
[I](2020-08-25  12:59:38 am)    [LNo:0013] 000016/000454
[I](2020-08-25  01:00:18 am)작업중 정지 [d:1][t:00:01:31]
[I](2020-08-25  01:00:18 am)    [LNo:0013] 000027/000454
[I](2020-08-25  01:00:18 am)작업중 M코드정지 [d:1][t:00:01:31]
[I](2020-08-25  01:00:26 am)작업중 정지 [d:1][t:00:01:39]
[I](2020-08-25  01:00:26 am)    [LNo:0013] 000028/000454
[I](2020-08-25  01:00:37 am)작업 재시작
[I](2020-08-25  01:00:43 am)작업중 정지 [d:1][t:00:01:55]
[I](2020-08-25  01:00:43 am)    [LNo:0013] 000030/000454
[I](2020-08-25  01:00:43 am)작업중 M코드정지 [d:1][t:00:01:56]
[I](2020-08-25  01:00:58 am)작업중 정지 [d:1][t:00:02:11]
[I](2020-08-25  01:00:58 am)    [LNo:0013] 000033/000454
[I](2020-08-25  01:00:58 am)작업중 M코드정지 [d:1][t:00:02:11]
[I](2020-08-25  01:05:15 am)작업중 정지 [d:5][t:00:06:28]
[I](2020-08-25  01:05:15 am)    [LNo:0013] 000055/000454
[I](2020-08-25  01:05:15 am)작업중 M코드정지 [d:5][t:00:06:28]
[I](2020-08-25  01:12:24 am)작업중 정지 [d:5][t:00:13:37]
[I](2020-08-25  01:12:24 am)    [LNo:0013] 000058/000454
[I](2020-08-25  01:12:24 am)작업중 M코드정지 [d:5][t:00:13:37]
[I](2020-08-25  01:33:07 am)작업중 정지 [d:24][t:00:34:20]
[I](2020-08-25  01:33:07 am)    [LNo:0013] 000087/000454
[I](2020-08-25  01:33:07 am)작업중 30sec 접촉 정지 [d:24][t:00:34:20]
[I](2020-08-25  01:33:30 am)작업 재시작
[I](2020-08-25  01:33:32 am)작업중 정지 [d:24][t:00:34:45]
[I](2020-08-25  01:33:32 am)    [LNo:0013] 000087/000454
[I](2020-08-25  01:34:38 am)작업 재시작
[I](2020-08-25  01:34:59 am)작업중 정지 [d:25][t:00:36:12]
[I](2020-08-25  01:34:59 am)    [LNo:0013] 000088/000454
[I](2020-08-25  01:34:59 am)작업중 M코드정지 [d:25][t:00:36:12]
[I](2020-08-25  01:35:44 am)작업중 정지 [d:25][t:00:36:57]
[I](2020-08-25  01:35:44 am)    [LNo:0013] 000091/000454
[I](2020-08-25  01:35:44 am)작업중 M코드정지 [d:25][t:00:36:57]
[I](2020-08-25  01:49:46 am)작업중 정지 [d:37][t:00:50:59]
[I](2020-08-25  01:49:46 am)    [LNo:0013] 000136/000454
[I](2020-08-25  01:49:46 am)작업중 M코드정지 [d:37][t:00:50:59]
[I](2020-08-25  01:50:43 am)작업중 정지 [d:37][t:00:51:56]
[I](2020-08-25  01:50:43 am)    [LNo:0013] 000139/000454
[I](2020-08-25  01:50:43 am)작업중 M코드정지 [d:37][t:00:51:56]
[I](2020-08-25  01:53:13 am)작업중 정지 [d:38][t:00:54:26]
[I](2020-08-25  01:53:13 am)    [LNo:0013] 000163/000454
[I](2020-08-25  01:53:13 am)작업중 M코드정지 [d:38][t:00:54:26]
[I](2020-08-25  01:53:43 am)작업중 정지 [d:38][t:00:54:56]
[I](2020-08-25  01:53:43 am)    [LNo:0013] 000166/000454
[I](2020-08-25  01:53:43 am)작업중 M코드정지 [d:38][t:00:54:56]
[I](2020-08-25  01:58:09 am)작업중 정지 [d:39][t:00:59:22]
[I](2020-08-25  01:58:09 am)    [LNo:0013] 000191/000454
[I](2020-08-25  01:58:09 am)작업중 M코드정지 [d:39][t:00:59:22]
[I](2020-08-25  01:58:43 am)작업중 정지 [d:39][t:00:59:55]
[I](2020-08-25  01:58:43 am)    [LNo:0013] 000194/000454
[I](2020-08-25  01:58:43 am)작업중 M코드정지 [d:39][t:00:59:55]
[I](2020-08-25  02:02:04 am)작업중 정지 [d:40][t:01:03:16]
[I](2020-08-25  02:02:04 am)    [LNo:0013] 000216/000454
[A](2020-08-25  02:02:04 am)[008] 작업중 단선(AWF Feed Motor Stop )
[I](2020-08-25  02:02:04 am)작업중 Wire 단선 [d:40][t:01:03:17]
[I](2020-08-25  02:02:15 am)작업 재시작
[I](2020-08-25  02:06:04 am)작업중 정지 [d:44][t:01:07:17]
[I](2020-08-25  02:06:04 am)    [LNo:0013] 000218/000454
[I](2020-08-25  02:06:04 am)작업중 M코드정지 [d:44][t:01:07:17]
[I](2020-08-25  02:08:31 am)작업중 정지 [d:44][t:01:09:44]
[I](2020-08-25  02:08:31 am)    [LNo:0013] 000221/000454
[I](2020-08-25  02:08:31 am)작업중 M코드정지 [d:44][t:01:09:44]
[I](2020-08-25  02:20:04 am)작업중 정지 [d:55][t:01:21:17]
[I](2020-08-25  02:20:04 am)    [LNo:0013] 000265/000454
[I](2020-08-25  02:20:04 am)작업중 M코드정지 [d:55][t:01:21:17]
[I](2020-08-25  02:21:13 am)작업중 정지 [d:55][t:01:22:26]
[I](2020-08-25  02:21:13 am)    [LNo:0013] 000268/000454
[I](2020-08-25  02:21:13 am)작업중 M코드정지 [d:55][t:01:22:26]
[I](2020-08-25  02:31:21 am)작업중 정지 [d:64][t:01:32:34]
[I](2020-08-25  02:31:21 am)    [LNo:0013] 000312/000454
[I](2020-08-25  02:31:21 am)작업중 M코드정지 [d:64][t:01:32:34]
[I](2020-08-25  02:31:45 am)작업중 정지 [d:64][t:01:32:58]
[I](2020-08-25  02:31:45 am)    [LNo:0013] 000315/000454
[I](2020-08-25  02:31:45 am)작업중 M코드정지 [d:64][t:01:32:58]
[I](2020-08-25  02:39:17 am)작업중 정지 [d:70][t:01:40:30]
[I](2020-08-25  02:39:17 am)    [LNo:0013] 000341/000454
[I](2020-08-25  02:39:17 am)작업중 30sec 접촉 정지 [d:70][t:01:40:30]
[I](2020-08-25  02:40:14 am)작업 재시작
[I](2020-08-25  02:40:23 am)작업중 정지 [d:70][t:01:41:36]
[I](2020-08-25  02:40:23 am)    [LNo:0013] 000342/000454
[I](2020-08-25  02:40:24 am)작업중 M코드정지 [d:70][t:01:41:36]
[I](2020-08-25  02:40:39 am)작업중 정지 [d:70][t:01:41:52]
[I](2020-08-25  02:40:39 am)    [LNo:0013] 000345/000454
[I](2020-08-25  02:40:39 am)작업중 M코드정지 [d:70][t:01:41:52]
[I](2020-08-25  02:45:55 am)작업중 정지 [d:74][t:01:47:08]
[I](2020-08-25  02:45:55 am)    [LNo:0013] 000371/000454
[I](2020-08-25  02:45:55 am)작업중 M코드정지 [d:74][t:01:47:08]
[I](2020-08-25  03:01:04 am)작업중 정지 [d:87][t:02:02:17]
[I](2020-08-25  03:01:04 am)    [LNo:0013] 000382/000454
[I](2020-08-25  03:01:04 am)작업중 M코드정지 [d:87][t:02:02:17]
[I](2020-08-25  03:09:15 am)작업중 정지 [d:95][t:02:10:28]
[I](2020-08-25  03:09:15 am)    [LNo:0013] 000392/000454
[I](2020-08-25  03:09:15 am)작업중 M코드정지 [d:95][t:02:10:28]
[I](2020-08-25  03:13:15 am)작업중 정지 [d:99][t:02:14:28]
[I](2020-08-25  03:13:15 am)    [LNo:0013] 000398/000454
[I](2020-08-25  03:13:15 am)작업중 M코드정지 [d:99][t:02:14:28]
[I](2020-08-25  03:14:29 am)작업중 정지 [d:99][t:02:15:42]
[I](2020-08-25  03:14:29 am)    [LNo:0013] 000400/000454
[I](2020-08-25  03:14:29 am)작업중 M코드정지 [d:99][t:02:15:42]
[I](2020-08-25  03:37:43 am)작업중 정지 [d:121][t:02:38:56]
[I](2020-08-25  03:37:43 am)    [LNo:0013] 000450/000454
[I](2020-08-25  03:37:43 am)작업중 M코드정지 [d:121][t:02:38:56]
[I](2020-08-25  04:16:52 am)Reset
[I](2020-08-25  04:16:52 am)Reset
[I](2020-08-25  04:17:00 am)Reset
[I](2020-08-25  04:17:01 am)Reset
[A](2020-08-25  04:24:15 am)[041] AWF 명령끝날때까지 센서감지(타임아웃) 안됨
[I](2020-08-25  04:24:49 am)Reset
[I](2020-08-25  04:26:44 am)Reset
[I](2020-08-25  04:26:49 am)Reset
[I](2020-08-25  04:26:49 am)Reset
[I](2020-08-25  04:28:23 am)Reset
[I](2020-08-25  04:32:11 am)Reset
[I](2020-08-25  04:36:14 am)Reset
[I](2020-08-25  04:41:19 am)Reset
[I](2020-08-25  04:47:09 am)Reset
[I](2020-08-25  04:47:09 am)Reset
[I](2020-08-25  04:54:41 am)Reset
[I](2020-08-25  04:54:42 am)Reset
[I](2020-08-25  04:57:10 am)Reset
[I](2020-08-25  04:57:46 am)Reset
[I](2020-08-25  04:58:46 am)작업 시작 [Start d:1001]
[I](2020-08-25  04:58:46 am)Nc File: [No.0014-656.NC]
[I](2020-08-25  04:58:46 am)  * Start Machine Position
[I](2020-08-25  04:58:46 am)    X:    347.5082
[I](2020-08-25  04:58:46 am)    Y:   -371.8416
[I](2020-08-25  04:58:46 am)    U:      0.0000
[I](2020-08-25  04:58:46 am)    V:      0.0000
[I](2020-08-25  04:58:46 am)    Z:     26.4537
[I](2020-08-25  04:58:46 am)  * Angle
[I](2020-08-25  04:58:46 am)    Ar:     -0.1317,Kr:      0.0000
[I](2020-08-25  04:58:46 am)    Taper_Ar:      0.0000
[I](2020-08-25  04:59:06 am)작업중 정지 [d:0][t:00:00:19]
[I](2020-08-25  04:59:06 am)    [LNo:0014] 000010/000105
[I](2020-08-25  04:59:06 am)작업중 M코드정지 [d:0][t:00:00:19]
[I](2020-08-25  05:03:12 am)작업중 정지 [d:0][t:00:04:25]
[I](2020-08-25  05:03:12 am)    [LNo:0014] 000013/000105
[I](2020-08-25  05:03:12 am)작업중 M코드정지 [d:0][t:00:04:25]
[I](2020-08-25  05:03:20 am)작업중 정지 [d:0][t:00:04:33]
[I](2020-08-25  05:03:20 am)    [LNo:0014] 000026/000105
[I](2020-08-25  05:03:20 am)작업중 M코드정지 [d:0][t:00:04:34]
[I](2020-08-25  05:03:21 am)작업중 정지 [d:0][t:00:04:35]
[I](2020-08-25  05:03:21 am)    [LNo:0014] 000029/000105
[I](2020-08-25  05:03:22 am)작업중 M코드정지 [d:0][t:00:04:35]
[I](2020-08-25  05:03:30 am)작업중 정지 [d:0][t:00:04:43]
[I](2020-08-25  05:03:30 am)    [LNo:0014] 000038/000105
[I](2020-08-25  05:03:30 am)작업중 M코드정지 [d:0][t:00:04:43]
[I](2020-08-25  05:53:22 am)작업중 정지 [d:47][t:00:54:35]
[I](2020-08-25  05:53:22 am)    [LNo:0014] 000064/000105
[I](2020-08-25  05:53:22 am)작업중 M코드정지 [d:47][t:00:54:35]
[I](2020-08-25  05:54:01 am)작업중 정지 [d:47][t:00:55:15]
[I](2020-08-25  05:54:01 am)    [LNo:0014] 000066/000105
[I](2020-08-25  05:54:39 am)작업 재시작
[I](2020-08-25  05:54:44 am)작업중 정지 [d:47][t:00:55:57]
[I](2020-08-25  05:54:44 am)    [LNo:0014] 000068/000105
[I](2020-08-25  05:54:44 am)작업중 M코드정지 [d:47][t:00:55:57]
[I](2020-08-25  06:13:34 am)작업중 정지 [d:65][t:01:14:47]
[I](2020-08-25  06:13:34 am)    [LNo:0014] 000097/000105
[I](2020-08-25  06:13:34 am)작업중 M코드정지 [d:65][t:01:14:47]
[I](2020-08-25  06:20:08 am)Reset
[I](2020-08-25  06:20:08 am)Reset
[I](2020-08-25  06:20:17 am)Reset
[I](2020-08-25  06:20:17 am)Reset
[I](2020-08-25  06:34:17 am)Reset
[I](2020-08-25  06:37:37 am)Reset
[I](2020-08-25  06:37:37 am)Reset
[I](2020-08-25  06:41:28 am)Reset
[I](2020-08-25  06:41:28 am)Reset
[I](2020-08-25  06:48:13 am)Reset
[I](2020-08-25  06:48:13 am)Reset
[I](2020-08-25  06:51:52 am)Reset
[I](2020-08-25  06:51:56 am)Reset
[I](2020-08-25  06:52:51 am)Reset
[I](2020-08-25  06:53:08 am)작업 시작 [Start d:1066]
[I](2020-08-25  06:53:08 am)Nc File: [No.0015-660.NC]
[I](2020-08-25  06:53:08 am)  * Start Machine Position
[I](2020-08-25  06:53:08 am)    X:    273.4975
[I](2020-08-25  06:53:08 am)    Y:   -135.0330
[I](2020-08-25  06:53:08 am)    U:      0.0000
[I](2020-08-25  06:53:08 am)    V:      0.0000
[I](2020-08-25  06:53:08 am)    Z:     36.0117
[I](2020-08-25  06:53:08 am)  * Angle
[I](2020-08-25  06:53:08 am)    Ar:      0.0944,Kr:      0.0000
[I](2020-08-25  06:53:08 am)    Taper_Ar:      0.0000
[I](2020-08-25  06:53:33 am)작업중 정지 [d:0][t:00:00:25]
[I](2020-08-25  06:53:33 am)    [LNo:0015] 000010/000329
[I](2020-08-25  06:53:33 am)작업중 M코드정지 [d:0][t:00:00:25]
[I](2020-08-25  06:55:38 am)작업중 정지 [d:1][t:00:02:29]
[I](2020-08-25  06:55:38 am)    [LNo:0015] 000030/000329
[I](2020-08-25  06:55:38 am)작업중 30sec 접촉 정지 [d:1][t:00:02:29]
[I](2020-08-25  06:55:49 am)작업 재시작
[I](2020-08-25  06:56:11 am)작업중 정지 [d:1][t:00:03:03]
[I](2020-08-25  06:56:11 am)    [LNo:0015] 000035/000329
[I](2020-08-25  06:56:11 am)작업중 M코드정지 [d:1][t:00:03:03]
[I](2020-08-25  06:56:15 am)작업중 정지 [d:1][t:00:03:06]
[I](2020-08-25  06:56:15 am)    [LNo:0015] 000038/000329
[I](2020-08-25  06:56:15 am)작업중 M코드정지 [d:1][t:00:03:06]
[I](2020-08-25  06:56:17 am)작업중 정지 [d:1][t:00:03:09]
[I](2020-08-25  06:56:17 am)    [LNo:0015] 000040/000329
[I](2020-08-25  06:56:17 am)작업중 M코드정지 [d:1][t:00:03:09]
[I](2020-08-25  06:57:22 am)Reset
[I](2020-08-25  06:57:22 am)Reset
[I](2020-08-25  06:58:01 am)Reset
[I](2020-08-25  06:58:01 am)Reset
[I](2020-08-25  06:58:02 am)Reset
[I](2020-08-25  06:59:18 am)작업 시작 [Start d:1067]
[I](2020-08-25  06:59:18 am)Nc File: [No.0015-660.NC]
[I](2020-08-25  06:59:18 am)  * Start Machine Position
[I](2020-08-25  06:59:18 am)    X:    273.4975
[I](2020-08-25  06:59:18 am)    Y:   -135.0331
[I](2020-08-25  06:59:18 am)    U:      0.0000
[I](2020-08-25  06:59:18 am)    V:      0.0000
[I](2020-08-25  06:59:18 am)    Z:     26.5217
[I](2020-08-25  06:59:18 am)  * Angle
[I](2020-08-25  06:59:18 am)    Ar:      0.0944,Kr:      0.0000
[I](2020-08-25  06:59:18 am)    Taper_Ar:      0.0000
[I](2020-08-25  06:59:27 am)작업중 정지 [d:0][t:00:00:08]
[I](2020-08-25  06:59:27 am)    [LNo:0015] 000046/000329
[I](2020-08-25  07:25:54 am)작업중 정지 [d:14][t:00:26:36]
[I](2020-08-25  07:25:54 am)    [LNo:0015] 000068/000329
[I](2020-08-25  07:26:23 am)작업 재시작
[I](2020-08-25  07:29:15 am)작업중 정지 [d:17][t:00:29:56]
[I](2020-08-25  07:29:15 am)    [LNo:0015] 000072/000329
[I](2020-08-25  07:29:15 am)Wire Contact Auto Stop(M52)
[I](2020-08-25  07:39:46 am)작업 재시작
[I](2020-08-25  07:39:49 am)작업중 정지 [d:17][t:00:40:31]
[I](2020-08-25  07:39:49 am)    [LNo:0015] 000073/000329
[I](2020-08-25  07:39:49 am)작업중 M코드정지 [d:17][t:00:40:31]
[I](2020-08-25  08:22:15 am)작업중 정지 [d:48][t:01:22:57]
[I](2020-08-25  08:22:15 am)    [LNo:0015] 000100/000329
[I](2020-08-25  08:22:15 am)작업중 M코드정지 [d:48][t:01:22:57]
[I](2020-08-25  08:24:01 am)작업중 정지 [d:49][t:01:24:43]
[I](2020-08-25  08:24:01 am)    [LNo:0015] 000106/000329
[I](2020-08-25  08:24:55 am)작업 재시작
[I](2020-08-25  08:24:57 am)작업중 정지 [d:49][t:01:25:39]
[I](2020-08-25  08:24:57 am)    [LNo:0015] 000107/000329
[I](2020-08-25  08:24:58 am)작업중 M코드정지 [d:49][t:01:25:39]
[I](2020-08-25  08:54:38 am)작업중 정지 [d:73][t:01:55:20]
[I](2020-08-25  08:54:38 am)    [LNo:0015] 000157/000329
[I](2020-08-25  08:54:38 am)작업중 M코드정지 [d:73][t:01:55:20]
[I](2020-08-25  08:59:05 am)작업중 정지 [d:75][t:01:59:47]
[I](2020-08-25  08:59:05 am)    [LNo:0015] 000176/000329
[I](2020-08-25  08:59:05 am)작업중 M코드정지 [d:75][t:01:59:47]
[I](2020-08-25  08:59:34 am)작업중 정지 [d:75][t:02:00:16]
[I](2020-08-25  08:59:34 am)    [LNo:0015] 000178/000329
[I](2020-08-25  08:59:34 am)작업중 M코드정지 [d:75][t:02:00:16]
[I](2020-08-25  09:00:51 am)작업중 정지 [d:77][t:02:01:32]
[I](2020-08-25  09:00:51 am)    [LNo:0015] 000196/000329
[I](2020-08-25  09:00:51 am)작업중 M코드정지 [d:77][t:02:01:32]
[I](2020-08-25  09:00:58 am)Reset
[I](2020-08-25  09:01:13 am)작업 시작 [Start d:1144]
[I](2020-08-25  09:01:13 am)Nc File: [No.0015-660.NC]
[I](2020-08-25  09:01:13 am)  * Start Machine Position
[I](2020-08-25  09:01:13 am)    X:    110.7853
[I](2020-08-25  09:01:13 am)    Y:   -210.2622
[I](2020-08-25  09:01:13 am)    U:      0.0000
[I](2020-08-25  09:01:13 am)    V:      0.0000
[I](2020-08-25  09:01:13 am)    Z:     26.5217
[I](2020-08-25  09:01:13 am)  * Angle
[I](2020-08-25  09:01:13 am)    Ar:      0.0944,Kr:      0.0000
[I](2020-08-25  09:01:13 am)    Taper_Ar:      0.0000
[I](2020-08-25  09:01:57 am)작업중 정지 [d:1][t:00:00:44]
[I](2020-08-25  09:01:57 am)    [LNo:0015] 000196/000329
[I](2020-08-25  09:01:57 am)작업중 M코드정지 [d:1][t:00:00:44]
[I](2020-08-25  09:04:26 am)작업중 정지 [d:2][t:00:03:13]
[I](2020-08-25  09:04:26 am)    [LNo:0015] 000220/000329
[I](2020-08-25  09:04:26 am)작업중 M코드정지 [d:2][t:00:03:13]
[I](2020-08-25  09:04:46 am)작업중 정지 [d:2][t:00:03:33]
[I](2020-08-25  09:04:46 am)    [LNo:0015] 000222/000329
[I](2020-08-25  09:04:46 am)작업중 M코드정지 [d:2][t:00:03:33]
[I](2020-08-25  09:13:39 am)작업중 정지 [d:10][t:00:12:26]
[I](2020-08-25  09:13:39 am)    [LNo:0015] 000261/000329
[I](2020-08-25  09:13:39 am)작업중 M코드정지 [d:10][t:00:12:26]
[I](2020-08-25  09:14:48 am)작업중 정지 [d:10][t:00:13:35]
[I](2020-08-25  09:14:48 am)    [LNo:0015] 000263/000329
[I](2020-08-25  09:14:48 am)작업중 M코드정지 [d:10][t:00:13:35]
[I](2020-08-25  09:23:02 am)작업중 정지 [d:17][t:00:21:49]
[I](2020-08-25  09:23:02 am)    [LNo:0015] 000301/000329
[I](2020-08-25  09:23:02 am)작업중 M코드정지 [d:17][t:00:21:49]
[I](2020-08-25  09:30:14 am)작업중 정지 [d:20][t:00:29:01]
[I](2020-08-25  09:30:14 am)    [LNo:0015] 000325/000329
[I](2020-08-25  09:30:14 am)작업중 M코드정지 [d:20][t:00:29:01]
[A](2020-08-25  09:31:13 am)[084] Work Tank Fluid Sensor Abnormal
[A](2020-08-25  09:31:14 am)[084] Work Tank Fluid Sensor Abnormal
[A](2020-08-25  09:31:14 am)[084] Work Tank Fluid Sensor Abnormal
[A](2020-08-25  09:31:14 am)[084] Work Tank Fluid Sensor Abnormal
[A](2020-08-25  09:31:15 am)[084] Work Tank Fluid Sensor Abnormal
[A](2020-08-25  09:31:15 am)[084] Work Tank Fluid Sensor Abnormal
[A](2020-08-25  09:31:15 am)[084] Work Tank Fluid Sensor Abnormal
[A](2020-08-25  09:31:15 am)[084] Work Tank Fluid Sensor Abnormal
[A](2020-08-25  09:31:16 am)[084] Work Tank Fluid Sensor Abnormal
[A](2020-08-25  09:31:16 am)[084] Work Tank Fluid Sensor Abnormal
[A](2020-08-25  09:31:17 am)[084] Work Tank Fluid Sensor Abnormal
[A](2020-08-25  09:31:17 am)[084] Work Tank Fluid Sensor Abnormal
[A](2020-08-25  09:31:17 am)[084] Work Tank Fluid Sensor Abnormal
[A](2020-08-25  09:31:18 am)[084] Work Tank Fluid Sensor Abnormal
[A](2020-08-25  09:31:18 am)[084] Work Tank Fluid Sensor Abnormal
[A](2020-08-25  09:31:18 am)[084] Work Tank Fluid Sensor Abnormal
[A](2020-08-25  09:31:18 am)[084] Work Tank Fluid Sensor Abnormal
[A](2020-08-25  09:31:19 am)[084] Work Tank Fluid Sensor Abnormal
[A](2020-08-25  09:31:19 am)[084] Work Tank Fluid Sensor Abnormal
[A](2020-08-25  09:31:19 am)[084] Work Tank Fluid Sensor Abnormal
[A](2020-08-25  09:31:20 am)[084] Work Tank Fluid Sensor Abnormal
[A](2020-08-25  09:31:20 am)[084] Work Tank Fluid Sensor Abnormal
[A](2020-08-25  09:31:21 am)[084] Work Tank Fluid Sensor Abnormal
[A](2020-08-25  09:31:21 am)[084] Work Tank Fluid Sensor Abnormal
[A](2020-08-25  09:31:21 am)[084] Work Tank Fluid Sensor Abnormal
[A](2020-08-25  09:31:22 am)[084] Work Tank Fluid Sensor Abnormal
[A](2020-08-25  09:31:23 am)[084] Work Tank Fluid Sensor Abnormal
[I](2020-08-25  09:41:11 am)Reset
[I](2020-08-25  09:41:20 am)Reset
[I](2020-08-25  09:41:20 am)Reset
[I](2020-08-25  09:42:43 am)Reset
[I](2020-08-25  09:44:12 am)Reset
[I](2020-08-25  09:44:16 am)Reset
[I](2020-08-25  09:44:16 am)Reset
[I](2020-08-25  09:44:48 am)Reset
[I](2020-08-25  09:44:59 am)Reset
[I](2020-08-25  09:45:23 am)Reset
[I](2020-08-25  09:45:33 am)Reset
[I](2020-08-25  09:45:47 am)Reset
[I](2020-08-25  09:47:35 am)작업 시작 [Start d:1164]
[I](2020-08-25  09:47:35 am)Nc File: [No.0001-627.NC]
[I](2020-08-25  09:47:35 am)  * Start Machine Position
[I](2020-08-25  09:47:35 am)    X:    229.3451
[I](2020-08-25  09:47:35 am)    Y:   -376.9500
[I](2020-08-25  09:47:35 am)    U:     -0.0205
[I](2020-08-25  09:47:35 am)    V:      0.1699
[I](2020-08-25  09:47:35 am)    Z:     45.7757
[I](2020-08-25  09:47:35 am)  * Angle
[I](2020-08-25  09:47:35 am)    Ar:      0.1841,Kr:      0.0000
[I](2020-08-25  09:47:35 am)    Taper_Ar:      0.0000
[I](2020-08-25  10:21:06 am)작업중 정지 [d:33][t:00:33:31]
[I](2020-08-25  10:21:06 am)    [LNo:0001] 000029/000060
[I](2020-08-25  10:21:06 am)작업중 M코드정지 [d:33][t:00:33:31]
[I](2020-08-25  10:22:08 am)작업중 정지 [d:33][t:00:34:33]
[I](2020-08-25  10:22:08 am)    [LNo:0001] 000031/000060
[I](2020-08-25  10:22:08 am)작업중 M코드정지 [d:33][t:00:34:33]
[I](2020-08-25  10:23:30 am)작업중 정지 [d:34][t:00:35:54]
[I](2020-08-25  10:23:30 am)    [LNo:0001] 000052/000060
[I](2020-08-25  10:23:30 am)작업중 M코드정지 [d:34][t:00:35:54]
[I](2020-08-25  10:23:41 am)Reset
[I](2020-08-25  10:23:51 am)작업 시작 [Start d:1198]
[I](2020-08-25  10:23:51 am)Nc File: [No.0001-627.NC]
[I](2020-08-25  10:23:51 am)  * Start Machine Position
[I](2020-08-25  10:23:51 am)    X:    159.1559
[I](2020-08-25  10:23:51 am)    Y:   -318.1753
[I](2020-08-25  10:23:51 am)    U:     -0.0205
[I](2020-08-25  10:23:51 am)    V:      0.1699
[I](2020-08-25  10:23:51 am)    Z:     45.7757
[I](2020-08-25  10:23:51 am)  * Angle
[I](2020-08-25  10:23:51 am)    Ar:      0.1841,Kr:      0.0000
[I](2020-08-25  10:23:51 am)    Taper_Ar:      0.0000
[I](2020-08-25  10:28:48 am)작업중 정지 [d:4][t:00:04:56]
[I](2020-08-25  10:28:48 am)    [LNo:0001] 000052/000060
[I](2020-08-25  10:28:48 am)작업중 M코드정지 [d:4][t:00:04:56]
[I](2020-08-25  10:47:00 am)Reset
[I](2020-08-25  10:47:18 am)Reset
[I](2020-08-25  10:47:30 am)Reset
[I](2020-08-25  10:54:11 am)Reset
[I](2020-08-25  10:54:16 am)Reset
[I](2020-08-25  10:57:44 am)Reset
[I](2020-08-25  10:59:22 am)Reset
[I](2020-08-25  11:00:01 am)Reset
[I](2020-08-25  11:00:27 am)Reset
[I](2020-08-25  11:00:47 am)Reset
[I](2020-08-25  11:01:27 am)Reset
[I](2020-08-25  11:01:41 am)Reset
[I](2020-08-25  11:02:04 am)Reset
[I](2020-08-25  11:02:11 am)Reset
[I](2020-08-25  11:02:18 am)Reset
[I](2020-08-25  11:03:29 am)작업 시작 [Start d:1202]
[I](2020-08-25  11:03:29 am)Nc File: [No.0002-628.NC *]
[I](2020-08-25  11:03:29 am)  * Start Machine Position
[I](2020-08-25  11:03:29 am)    X:     77.7377
[I](2020-08-25  11:03:29 am)    Y:   -328.0937
[I](2020-08-25  11:03:29 am)    U:      0.0000
[I](2020-08-25  11:03:29 am)    V:      0.0000
[I](2020-08-25  11:03:29 am)    Z:     60.6837
[I](2020-08-25  11:03:29 am)  * Angle
[I](2020-08-25  11:03:29 am)    Ar:      0.0010,Kr:      0.0000
[I](2020-08-25  11:03:29 am)    Taper_Ar:      0.0000
[I](2020-08-25  11:03:32 am)작업중 정지 [d:0][t:00:00:03]
[I](2020-08-25  11:03:32 am)    [LNo:0002] 000010/000101
[I](2020-08-25  11:03:32 am)작업중 M코드정지 [d:0][t:00:00:03]
[I](2020-08-25  11:22:41 am)작업중 정지 [d:19][t:00:19:12]
[I](2020-08-25  11:22:41 am)    [LNo:0002] 000028/000101
[I](2020-08-25  11:22:41 am)작업중 M코드정지 [d:19][t:00:19:12]
[I](2020-08-25  11:24:53 am)작업중 정지 [d:20][t:00:21:24]
[I](2020-08-25  11:24:53 am)    [LNo:0002] 000030/000101
[I](2020-08-25  11:24:53 am)작업중 M코드정지 [d:20][t:00:21:24]
[I](2020-08-25  11:30:31 am)작업중 정지 [d:25][t:00:27:02]
[I](2020-08-25  11:30:31 am)    [LNo:0002] 000050/000101
[I](2020-08-25  11:30:31 am)작업중 M코드정지 [d:25][t:00:27:02]
[I](2020-08-25  11:36:20 am)Reset
[I](2020-08-25  11:36:31 am)작업 시작 [Start d:1227]
[I](2020-08-25  11:36:31 am)Nc File: [No.0002-628.NC *]
[I](2020-08-25  11:36:31 am)  * Start Machine Position
[I](2020-08-25  11:36:31 am)    X:     94.7377
[I](2020-08-25  11:36:31 am)    Y:   -331.9934
[I](2020-08-25  11:36:31 am)    U:      0.0000
[I](2020-08-25  11:36:31 am)    V:      0.0000
[I](2020-08-25  11:36:31 am)    Z:     60.6837
[I](2020-08-25  11:36:31 am)  * Angle
[I](2020-08-25  11:36:31 am)    Ar:      0.0010,Kr:      0.0000
[I](2020-08-25  11:36:31 am)    Taper_Ar:      0.0000
[I](2020-08-25  11:37:07 am)작업중 정지 [d:1][t:00:00:36]
[I](2020-08-25  11:37:07 am)    [LNo:0002] 000050/000101
[I](2020-08-25  11:37:07 am)작업중 M코드정지 [d:1][t:00:00:36]
[I](2020-08-25  11:56:17 am)작업중 정지 [d:20][t:00:19:46]
[I](2020-08-25  11:56:17 am)    [LNo:0002] 000072/000101
[I](2020-08-25  11:56:17 am)작업중 M코드정지 [d:20][t:00:19:46]
[I](2020-08-25  11:57:31 am)작업중 정지 [d:20][t:00:21:00]
[I](2020-08-25  11:57:31 am)    [LNo:0002] 000074/000101
[I](2020-08-25  11:57:31 am)작업중 M코드정지 [d:20][t:00:21:00]
[I](2020-08-25  12:03:35 pm)작업중 정지 [d:26][t:00:27:04]
[I](2020-08-25  12:03:35 pm)    [LNo:0002] 000094/000101
[I](2020-08-25  12:03:35 pm)작업중 M코드정지 [d:26][t:00:27:04]
[I](2020-08-25  12:03:48 pm)Reset
[I](2020-08-25  12:03:59 pm)작업 시작 [Start d:1253]
[I](2020-08-25  12:03:59 pm)Nc File: [No.0002-628.NC *]
[I](2020-08-25  12:03:59 pm)  * Start Machine Position
[I](2020-08-25  12:03:59 pm)    X:     60.7378
[I](2020-08-25  12:03:59 pm)    Y:   -331.9939
[I](2020-08-25  12:03:59 pm)    U:      0.0000
[I](2020-08-25  12:03:59 pm)    V:      0.0000
[I](2020-08-25  12:03:59 pm)    Z:     60.6837
[I](2020-08-25  12:03:59 pm)  * Angle
[I](2020-08-25  12:03:59 pm)    Ar:      0.0010,Kr:      0.0000
[I](2020-08-25  12:03:59 pm)    Taper_Ar:      0.0000
[I](2020-08-25  12:04:37 pm)작업중 정지 [d:0][t:00:00:37]
[I](2020-08-25  12:04:37 pm)    [LNo:0002] 000094/000101
[I](2020-08-25  12:04:37 pm)작업중 M코드정지 [d:0][t:00:00:38]
[A](2020-08-25  12:04:54 pm)[084] Work Tank Fluid Sensor Abnormal
[A](2020-08-25  12:04:55 pm)[084] Work Tank Fluid Sensor Abnormal
[A](2020-08-25  12:04:55 pm)[084] Work Tank Fluid Sensor Abnormal
[A](2020-08-25  12:04:56 pm)[084] Work Tank Fluid Sensor Abnormal
[A](2020-08-25  12:04:56 pm)[084] Work Tank Fluid Sensor Abnormal
[A](2020-08-25  12:04:56 pm)[084] Work Tank Fluid Sensor Abnormal
[A](2020-08-25  12:04:56 pm)[084] Work Tank Fluid Sensor Abnormal
[A](2020-08-25  12:04:56 pm)[084] Work Tank Fluid Sensor Abnormal
[A](2020-08-25  12:04:57 pm)[084] Work Tank Fluid Sensor Abnormal
[A](2020-08-25  12:04:57 pm)[084] Work Tank Fluid Sensor Abnormal
[A](2020-08-25  12:04:57 pm)[084] Work Tank Fluid Sensor Abnormal
[A](2020-08-25  12:04:57 pm)[084] Work Tank Fluid Sensor Abnormal
[A](2020-08-25  12:04:57 pm)[084] Work Tank Fluid Sensor Abnormal
[A](2020-08-25  12:04:58 pm)[084] Work Tank Fluid Sensor Abnormal
[A](2020-08-25  12:04:58 pm)[084] Work Tank Fluid Sensor Abnormal
[A](2020-08-25  12:04:58 pm)[084] Work Tank Fluid Sensor Abnormal
[A](2020-08-25  12:04:58 pm)[084] Work Tank Fluid Sensor Abnormal
[A](2020-08-25  12:04:59 pm)[084] Work Tank Fluid Sensor Abnormal
[A](2020-08-25  12:04:59 pm)[084] Work Tank Fluid Sensor Abnormal
[A](2020-08-25  12:04:59 pm)[084] Work Tank Fluid Sensor Abnormal
[A](2020-08-25  12:04:59 pm)[084] Work Tank Fluid Sensor Abnormal
[A](2020-08-25  12:04:59 pm)[084] Work Tank Fluid Sensor Abnormal
[A](2020-08-25  12:05:00 pm)[084] Work Tank Fluid Sensor Abnormal
[A](2020-08-25  12:05:00 pm)[084] Work Tank Fluid Sensor Abnormal
[A](2020-08-25  12:05:00 pm)[084] Work Tank Fluid Sensor Abnormal
[A](2020-08-25  12:05:00 pm)[084] Work Tank Fluid Sensor Abnormal
[A](2020-08-25  12:05:01 pm)[084] Work Tank Fluid Sensor Abnormal
[A](2020-08-25  12:05:01 pm)[084] Work Tank Fluid Sensor Abnormal
[A](2020-08-25  12:05:01 pm)[084] Work Tank Fluid Sensor Abnormal
[A](2020-08-25  12:05:01 pm)[084] Work Tank Fluid Sensor Abnormal
[A](2020-08-25  12:05:01 pm)[084] Work Tank Fluid Sensor Abnormal
[A](2020-08-25  12:05:02 pm)[084] Work Tank Fluid Sensor Abnormal
[A](2020-08-25  12:05:02 pm)[084] Work Tank Fluid Sensor Abnormal
[A](2020-08-25  12:05:02 pm)[084] Work Tank Fluid Sensor Abnormal
[A](2020-08-25  12:05:02 pm)[084] Work Tank Fluid Sensor Abnormal
[A](2020-08-25  12:05:03 pm)[084] Work Tank Fluid Sensor Abnormal
[A](2020-08-25  12:05:03 pm)[084] Work Tank Fluid Sensor Abnormal
[A](2020-08-25  12:05:03 pm)[084] Work Tank Fluid Sensor Abnormal
[A](2020-08-25  12:05:04 pm)[084] Work Tank Fluid Sensor Abnormal
[A](2020-08-25  12:05:04 pm)[084] Work Tank Fluid Sensor Abnormal
[A](2020-08-25  12:05:04 pm)[084] Work Tank Fluid Sensor Abnormal
[A](2020-08-25  12:05:05 pm)[084] Work Tank Fluid Sensor Abnormal
[A](2020-08-25  12:05:05 pm)[084] Work Tank Fluid Sensor Abnormal
[A](2020-08-25  12:05:06 pm)[084] Work Tank Fluid Sensor Abnormal
[A](2020-08-25  12:05:06 pm)[084] Work Tank Fluid Sensor Abnormal
[A](2020-08-25  12:05:07 pm)[084] Work Tank Fluid Sensor Abnormal
[A](2020-08-25  12:05:07 pm)[084] Work Tank Fluid Sensor Abnormal
[A](2020-08-25  12:05:07 pm)[084] Work Tank Fluid Sensor Abnormal
[A](2020-08-25  12:07:48 pm)[037] 자동결선 잔여 WIRE 처리 실패!!
[I](2020-08-25  12:07:49 pm)Reset
[I](2020-08-25  12:58:06 pm)Reset
[I](2020-08-25  01:01:27 pm)Reset
[I](2020-08-25  01:03:35 pm)Reset
[I](2020-08-25  01:03:47 pm)Reset
[I](2020-08-25  01:04:28 pm)작업 시작 [Start d:1253]
[I](2020-08-25  01:04:28 pm)Nc File: [No.0005-668.NC]
[I](2020-08-25  01:04:28 pm)  * Start Machine Position
[I](2020-08-25  01:04:28 pm)    X:    228.2336
[I](2020-08-25  01:04:28 pm)    Y:   -333.8807
[I](2020-08-25  01:04:28 pm)    U:      0.0000
[I](2020-08-25  01:04:28 pm)    V:      0.0000
[I](2020-08-25  01:04:28 pm)    Z:     24.7427
[I](2020-08-25  01:04:28 pm)  * Angle
[I](2020-08-25  01:04:28 pm)    Ar:     -0.4283,Kr:      0.0000
[I](2020-08-25  01:04:28 pm)    Taper_Ar:      0.0000
[I](2020-08-25  01:10:29 pm)작업중 정지 [d:5][t:00:06:00]
[I](2020-08-25  01:10:29 pm)    [LNo:0005] 000031/000044
[I](2020-08-25  01:10:29 pm)작업중 M코드정지 [d:5][t:00:06:00]
[I](2020-08-25  01:13:20 pm)작업중 정지 [d:5][t:00:08:51]
[I](2020-08-25  01:13:20 pm)    [LNo:0005] 000034/000044
[I](2020-08-25  01:13:20 pm)작업중 M코드정지 [d:5][t:00:08:51]
[I](2020-08-25  01:13:52 pm)Reset
[I](2020-08-25  01:13:59 pm)작업 시작 [Start d:1258]
[I](2020-08-25  01:13:59 pm)Nc File: [No.0005-668.NC]
[I](2020-08-25  01:13:59 pm)  * Start Machine Position
[I](2020-08-25  01:13:59 pm)    X:    224.9462
[I](2020-08-25  01:13:59 pm)    Y:   -352.3926
[I](2020-08-25  01:13:59 pm)    U:      0.0000
[I](2020-08-25  01:13:59 pm)    V:      0.0000
[I](2020-08-25  01:13:59 pm)    Z:     24.7427
[I](2020-08-25  01:13:59 pm)  * Angle
[I](2020-08-25  01:13:59 pm)    Ar:     -0.4283,Kr:      0.0000
[I](2020-08-25  01:13:59 pm)    Taper_Ar:      0.0000
[I](2020-08-25  01:18:28 pm)작업중 정지 [d:4][t:00:04:29]
[I](2020-08-25  01:18:28 pm)    [LNo:0005] 000031/000044
[I](2020-08-25  01:18:28 pm)작업중 M코드정지 [d:4][t:00:04:29]
[I](2020-08-25  01:23:19 pm)작업중 정지 [d:4][t:00:09:20]
[I](2020-08-25  01:23:19 pm)    [LNo:0005] 000034/000044
[I](2020-08-25  01:23:19 pm)작업중 M코드정지 [d:4][t:00:09:20]
[I](2020-08-25  01:27:17 pm)Reset
[I](2020-08-25  01:30:21 pm)Reset
[I](2020-08-25  01:37:59 pm)Reset
[I](2020-08-25  01:38:05 pm)Reset
[I](2020-08-25  01:38:09 pm)Reset
[I](2020-08-25  01:38:09 pm)Reset
[I](2020-08-25  01:38:40 pm)Reset
[I](2020-08-25  01:43:24 pm)Reset
[I](2020-08-25  01:50:22 pm)Reset
[I](2020-08-25  01:50:25 pm)Reset
[A](2020-08-25  01:50:47 pm)[037] 자동결선 잔여 WIRE 처리 실패!!
[I](2020-08-25  01:56:13 pm)Reset
[I](2020-08-25  02:01:09 pm)Reset
[I](2020-08-25  02:01:09 pm)Reset
[I](2020-08-25  02:01:39 pm)Reset
[I](2020-08-25  02:02:09 pm)Reset
[I](2020-08-25  02:06:13 pm)Reset
[I](2020-08-25  02:06:13 pm)Reset
[I](2020-08-25  02:06:57 pm)작업 시작 [Start d:1262]
[I](2020-08-25  02:06:57 pm)Nc File: [No.0003-675.NC]
[I](2020-08-25  02:06:57 pm)  * Start Machine Position
[I](2020-08-25  02:06:57 pm)    X:    219.2756
[I](2020-08-25  02:06:57 pm)    Y:    -23.6287
[I](2020-08-25  02:06:57 pm)    U:      0.0000
[I](2020-08-25  02:06:57 pm)    V:      0.0000
[I](2020-08-25  02:06:57 pm)    Z:     30.5697
[I](2020-08-25  02:06:57 pm)  * Angle
[I](2020-08-25  02:06:57 pm)    Ar:     -0.0761,Kr:      0.0000
[I](2020-08-25  02:06:57 pm)    Taper_Ar:      0.0000
[I](2020-08-25  02:07:37 pm)작업중 정지 [d:0][t:00:00:39]
[I](2020-08-25  02:07:37 pm)    [LNo:0003] 000013/000347
[A](2020-08-25  02:07:49 pm)[041] AWF 명령끝날때까지 센서감지(타임아웃) 안됨
[A](2020-08-25  02:08:30 pm)[037] 자동결선 잔여 WIRE 처리 실패!!
[I](2020-08-25  02:10:30 pm)작업중 정지 [d:1][t:00:03:32]
[I](2020-08-25  02:10:30 pm)    [LNo:0003] 000042/000347
[I](2020-08-25  02:10:36 pm)작업 재시작
[I](2020-08-25  02:36:17 pm)작업중 정지 [d:26][t:00:29:20]
[I](2020-08-25  02:36:17 pm)    [LNo:0003] 000070/000347
[I](2020-08-25  02:36:17 pm)Wire Contact Auto Stop(M52)
[I](2020-08-25  02:37:23 pm)작업 재시작
[I](2020-08-25  02:37:27 pm)작업중 정지 [d:26][t:00:30:29]
[I](2020-08-25  02:37:27 pm)    [LNo:0003] 000071/000347
[I](2020-08-25  02:37:27 pm)작업중 M코드정지 [d:26][t:00:30:29]
[I](2020-08-25  03:15:16 pm)작업중 정지 [d:63][t:01:08:18]
[I](2020-08-25  03:15:16 pm)    [LNo:0003] 000110/000347
[I](2020-08-25  03:15:16 pm)작업중 M코드정지 [d:63][t:01:08:18]
[I](2020-08-25  03:17:09 pm)작업중 정지 [d:63][t:01:10:11]
[I](2020-08-25  03:17:09 pm)    [LNo:0003] 000114/000347
[I](2020-08-25  03:17:09 pm)작업중 M코드정지 [d:63][t:01:10:11]
[I](2020-08-25  03:35:48 pm)작업중 정지 [d:80][t:01:28:50]
[I](2020-08-25  03:35:48 pm)    [LNo:0003] 000166/000347
[I](2020-08-25  03:35:48 pm)작업중 M코드정지 [d:80][t:01:28:50]
[I](2020-08-25  03:35:51 pm)Reset
[I](2020-08-25  03:36:12 pm)Reset
[I](2020-08-25  03:36:18 pm)작업 시작 [Start d:1342]
[I](2020-08-25  03:36:18 pm)Nc File: [No.0003-675.NC]
[I](2020-08-25  03:36:18 pm)  * Start Machine Position
[I](2020-08-25  03:36:18 pm)    X:    252.4440
[I](2020-08-25  03:36:18 pm)    Y:   -322.9510
[I](2020-08-25  03:36:18 pm)    U:      0.0000
[I](2020-08-25  03:36:18 pm)    V:      0.0000
[I](2020-08-25  03:36:18 pm)    Z:     30.5697
[I](2020-08-25  03:36:18 pm)  * Angle
[I](2020-08-25  03:36:18 pm)    Ar:     -0.0761,Kr:      0.0000
[I](2020-08-25  03:36:18 pm)    Taper_Ar:      0.0000
[I](2020-08-25  03:45:21 pm)작업중 정지 [d:8][t:00:09:03]
[I](2020-08-25  03:45:21 pm)    [LNo:0003] 000186/000347
[I](2020-08-25  03:45:21 pm)작업중 M코드정지 [d:8][t:00:09:03]
[I](2020-08-25  03:45:44 pm)작업중 정지 [d:8][t:00:09:26]
[I](2020-08-25  03:45:44 pm)    [LNo:0003] 000189/000347
[I](2020-08-25  03:45:44 pm)작업중 M코드정지 [d:8][t:00:09:26]
[I](2020-08-25  03:50:10 pm)작업중 정지 [d:11][t:00:13:52]
[I](2020-08-25  03:50:10 pm)    [LNo:0003] 000231/000347
[I](2020-08-25  03:50:10 pm)작업중 M코드정지 [d:11][t:00:13:52]
[I](2020-08-25  03:54:52 pm)작업중 정지 [d:12][t:00:18:33]
[I](2020-08-25  03:54:52 pm)    [LNo:0003] 000233/000347
[I](2020-08-25  03:54:52 pm)작업중 M코드정지 [d:12][t:00:18:33]
[I](2020-08-25  03:56:06 pm)작업중 정지 [d:13][t:00:19:47]
[I](2020-08-25  03:56:06 pm)    [LNo:0003] 000255/000347
[I](2020-08-25  03:56:06 pm)작업중 M코드정지 [d:13][t:00:19:47]
[A](2020-08-25  03:56:34 pm)[084] Work Tank Fluid Sensor Abnormal
[I](2020-08-25  04:03:42 pm)작업중 정지 [d:13][t:00:27:23]
[I](2020-08-25  04:03:42 pm)    [LNo:0003] 000258/000347
[I](2020-08-25  04:03:42 pm)작업중 M코드정지 [d:13][t:00:27:23]
[A](2020-08-25  04:05:11 pm)[001] 와이어 미동작
[A](2020-08-25  04:05:11 pm)[001] 와이어 미동작
[A](2020-08-25  04:05:12 pm)[001] 와이어 미동작
[A](2020-08-25  04:05:12 pm)[001] 와이어 미동작
[I](2020-08-25  04:25:58 pm)작업중 정지 [d:34][t:00:49:40]
[I](2020-08-25  04:25:58 pm)    [LNo:0003] 000275/000347
[I](2020-08-25  04:25:58 pm)작업중 M코드정지 [d:34][t:00:49:40]
[I](2020-08-25  04:26:49 pm)작업중 정지 [d:34][t:00:50:31]
[I](2020-08-25  04:26:49 pm)    [LNo:0003] 000277/000347
[I](2020-08-25  04:26:50 pm)작업중 M코드정지 [d:34][t:00:50:31]
[I](2020-08-25  04:35:46 pm)작업중 정지 [d:42][t:00:59:27]
[I](2020-08-25  04:35:46 pm)    [LNo:0003] 000298/000347
[I](2020-08-25  04:35:46 pm)작업중 M코드정지 [d:42][t:00:59:27]
[I](2020-08-25  04:35:49 pm)Reset
[I](2020-08-25  04:36:12 pm)Reset
[I](2020-08-25  04:36:16 pm)작업 시작 [Start d:1384]
[I](2020-08-25  04:36:16 pm)Nc File: [No.0003-675.NC]
[I](2020-08-25  04:36:16 pm)  * Start Machine Position
[I](2020-08-25  04:36:16 pm)    X:    365.0768
[I](2020-08-25  04:36:16 pm)    Y:   -298.3006
[I](2020-08-25  04:36:16 pm)    U:      0.0000
[I](2020-08-25  04:36:16 pm)    V:      0.0000
[I](2020-08-25  04:36:16 pm)    Z:     42.2692
[I](2020-08-25  04:36:16 pm)  * Angle
[I](2020-08-25  04:36:16 pm)    Ar:     -0.0761,Kr:      0.0000
[I](2020-08-25  04:36:16 pm)    Taper_Ar:      0.0000
[I](2020-08-25  04:36:16 pm)작업중 정지 [d:0][t:00:00:00]
[I](2020-08-25  04:36:16 pm)    [LNo:0003] 000261/000347
[I](2020-08-25  04:36:16 pm)작업중 M코드정지 [d:0][t:00:00:00]
[I](2020-08-25  04:36:18 pm)작업중 정지 [d:0][t:00:00:02]
[I](2020-08-25  04:36:18 pm)    [LNo:0003] 000264/000347
[I](2020-08-25  04:36:21 pm)작업중 정지 [d:0][t:00:00:05]
[I](2020-08-25  04:36:21 pm)    [LNo:0003] 000264/000347
[I](2020-08-25  04:36:25 pm)작업중 정지 [d:0][t:00:00:09]
[I](2020-08-25  04:36:25 pm)    [LNo:0003] 000265/000347
[A](2020-08-25  04:36:26 pm)[001] 와이어 미동작
[I](2020-08-25  04:36:28 pm)작업중 정지 [d:0][t:00:00:12]
[I](2020-08-25  04:36:28 pm)    [LNo:0003] 000266/000347
[I](2020-08-25  04:36:50 pm)작업중 정지 [d:0][t:00:00:34]
[I](2020-08-25  04:36:50 pm)    [LNo:0003] 000275/000347
[I](2020-08-25  04:36:50 pm)작업중 M코드정지 [d:0][t:00:00:34]
[I](2020-08-25  04:36:55 pm)작업중 정지 [d:0][t:00:00:38]
[I](2020-08-25  04:36:55 pm)    [LNo:0003] 000277/000347
[I](2020-08-25  04:36:55 pm)작업중 M코드정지 [d:0][t:00:00:38]
[I](2020-08-25  04:38:12 pm)작업중 정지 [d:1][t:00:01:56]
[I](2020-08-25  04:38:12 pm)    [LNo:0003] 000298/000347
[I](2020-08-25  04:38:12 pm)작업중 M코드정지 [d:1][t:00:01:56]
[I](2020-08-25  04:47:41 pm)작업중 정지 [d:8][t:00:11:24]
[I](2020-08-25  04:47:41 pm)    [LNo:0003] 000318/000347
[I](2020-08-25  04:47:41 pm)작업중 M코드정지 [d:8][t:00:11:24]
[I](2020-08-25  04:49:57 pm)작업중 정지 [d:8][t:00:13:40]
[I](2020-08-25  04:49:57 pm)    [LNo:0003] 000320/000347
[I](2020-08-25  04:49:57 pm)작업중 M코드정지 [d:8][t:00:13:41]
[I](2020-08-25  04:57:33 pm)작업중 정지 [d:15][t:00:21:16]
[I](2020-08-25  04:57:33 pm)    [LNo:0003] 000339/000347
[I](2020-08-25  04:57:33 pm)작업중 M코드정지 [d:15][t:00:21:16]
[I](2020-08-25  05:00:00 pm)Reset
[I](2020-08-25  05:00:11 pm)작업 시작 [Start d:1399]
[I](2020-08-25  05:00:11 pm)Nc File: [No.0003-675.NC]
[I](2020-08-25  05:00:11 pm)  * Start Machine Position
[I](2020-08-25  05:00:11 pm)    X:    457.9202
[I](2020-08-25  05:00:11 pm)    Y:   -328.8779
[I](2020-08-25  05:00:11 pm)    U:      0.0000
[I](2020-08-25  05:00:11 pm)    V:      0.0000
[I](2020-08-25  05:00:11 pm)    Z:     42.2692
[I](2020-08-25  05:00:11 pm)  * Angle
[I](2020-08-25  05:00:11 pm)    Ar:     -0.0761,Kr:      0.0000
[I](2020-08-25  05:00:11 pm)    Taper_Ar:      0.0000
[I](2020-08-25  05:01:55 pm)작업중 정지 [d:2][t:00:01:44]
[I](2020-08-25  05:01:55 pm)    [LNo:0003] 000339/000347
[I](2020-08-25  05:01:55 pm)작업중 M코드정지 [d:2][t:00:01:44]
[I](2020-08-25  05:16:52 pm)Reset
[I](2020-08-25  05:17:00 pm)Reset
[I](2020-08-25  05:22:39 pm)Reset
[I](2020-08-25  05:24:01 pm)작업 시작 [Start d:1401]
[I](2020-08-25  05:24:01 pm)Nc File: [No.0006-618.NC]
[I](2020-08-25  05:24:01 pm)  * Start Machine Position
[I](2020-08-25  05:24:01 pm)    X:     87.6272
[I](2020-08-25  05:24:01 pm)    Y:   -147.1561
[I](2020-08-25  05:24:01 pm)    U:      0.0000
[I](2020-08-25  05:24:01 pm)    V:      0.0000
[I](2020-08-25  05:24:01 pm)    Z:     30.4252
[I](2020-08-25  05:24:01 pm)  * Angle
[I](2020-08-25  05:24:01 pm)    Ar:      0.0367,Kr:      0.0000
[I](2020-08-25  05:24:01 pm)    Taper_Ar:      0.0000
[I](2020-08-25  05:28:44 pm)작업중 정지 [d:4][t:00:04:43]
[I](2020-08-25  05:28:44 pm)    [LNo:0006] 000021/001570
[I](2020-08-25  05:28:44 pm)작업중 M코드정지 [d:4][t:00:04:43]
[I](2020-08-25  05:30:29 pm)작업중 정지 [d:4][t:00:06:27]
[I](2020-08-25  05:30:29 pm)    [LNo:0006] 000024/001570
[I](2020-08-25  05:30:29 pm)작업중 M코드정지 [d:4][t:00:06:27]
[I](2020-08-25  05:54:29 pm)작업중 정지 [d:26][t:00:30:27]
[I](2020-08-25  05:54:29 pm)    [LNo:0006] 000163/001570
[I](2020-08-25  05:54:29 pm)작업중 M코드정지 [d:26][t:00:30:27]
[I](2020-08-25  05:54:58 pm)작업중 정지 [d:27][t:00:30:57]
[I](2020-08-25  05:54:58 pm)    [LNo:0006] 000165/001570
[I](2020-08-25  05:54:58 pm)작업중 M코드정지 [d:27][t:00:30:57]
[I](2020-08-25  06:01:30 pm)작업중 정지 [d:32][t:00:37:28]
[I](2020-08-25  06:01:30 pm)    [LNo:0006] 000188/001570
[I](2020-08-25  06:01:30 pm)작업중 M코드정지 [d:32][t:00:37:28]
[I](2020-08-25  06:03:18 pm)작업중 정지 [d:32][t:00:39:16]
[I](2020-08-25  06:03:18 pm)    [LNo:0006] 000191/001570
[I](2020-08-25  06:03:18 pm)작업중 M코드정지 [d:32][t:00:39:16]
[A](2020-08-25  06:07:36 pm)[037] 자동결선 잔여 WIRE 처리 실패!!
[I](2020-08-25  06:32:26 pm)작업중 정지 [d:55][t:01:08:24]
[I](2020-08-25  06:32:26 pm)    [LNo:0006] 000330/001570
[I](2020-08-25  06:32:26 pm)작업중 M코드정지 [d:55][t:01:08:24]
[I](2020-08-25  06:33:50 pm)작업중 정지 [d:56][t:01:09:48]
[I](2020-08-25  06:33:50 pm)    [LNo:0006] 000332/001570
[I](2020-08-25  06:33:50 pm)작업중 M코드정지 [d:56][t:01:09:48]
[I](2020-08-25  06:40:13 pm)작업중 정지 [d:61][t:01:16:12]
[I](2020-08-25  06:40:13 pm)    [LNo:0006] 000355/001570
[I](2020-08-25  06:40:13 pm)작업중 M코드정지 [d:61][t:01:16:12]
[I](2020-08-25  06:46:02 pm)작업중 정지 [d:61][t:01:22:01]
[I](2020-08-25  06:46:02 pm)    [LNo:0006] 000356/001570
[A](2020-08-25  06:46:34 pm)[001] 와이어 미동작
[I](2020-08-25  06:46:37 pm)작업 재시작
[I](2020-08-25  06:46:44 pm)작업중 정지 [d:61][t:01:22:42]
[I](2020-08-25  06:46:44 pm)    [LNo:0006] 000358/001570
[I](2020-08-25  06:46:44 pm)작업중 M코드정지 [d:61][t:01:22:43]
[I](2020-08-25  07:11:40 pm)작업중 정지 [d:83][t:01:47:38]
[I](2020-08-25  07:11:40 pm)    [LNo:0006] 000497/001570
[I](2020-08-25  07:11:40 pm)작업중 M코드정지 [d:83][t:01:47:38]
[I](2020-08-25  07:13:47 pm)작업중 정지 [d:83][t:01:49:45]
[I](2020-08-25  07:13:47 pm)    [LNo:0006] 000499/001570
[I](2020-08-25  07:13:47 pm)작업중 M코드정지 [d:83][t:01:49:45]
[I](2020-08-25  07:20:10 pm)작업중 정지 [d:88][t:01:56:08]
[I](2020-08-25  07:20:10 pm)    [LNo:0006] 000522/001570
[I](2020-08-25  07:20:10 pm)작업중 M코드정지 [d:88][t:01:56:08]
[I](2020-08-25  07:25:27 pm)작업중 정지 [d:88][t:02:01:25]
[I](2020-08-25  07:25:27 pm)    [LNo:0006] 000525/001570
[I](2020-08-25  07:25:27 pm)작업중 M코드정지 [d:88][t:02:01:25]
[I](2020-08-25  07:50:03 pm)작업중 정지 [d:111][t:02:26:01]
[I](2020-08-25  07:50:03 pm)    [LNo:0006] 000664/001570
[I](2020-08-25  07:50:03 pm)작업중 M코드정지 [d:111][t:02:26:01]
[I](2020-08-25  07:50:47 pm)작업중 정지 [d:111][t:02:26:45]
[I](2020-08-25  07:50:47 pm)    [LNo:0006] 000665/001570
[I](2020-08-25  07:50:47 pm)Wire Contact Auto Stop(M52)
[I](2020-08-25  07:51:06 pm)작업 재시작
[I](2020-08-25  07:51:14 pm)작업중 정지 [d:111][t:02:27:12]
[I](2020-08-25  07:51:14 pm)    [LNo:0006] 000666/001570
[I](2020-08-25  07:51:14 pm)작업중 M코드정지 [d:111][t:02:27:12]
[I](2020-08-25  07:57:33 pm)작업중 정지 [d:116][t:02:33:32]
[I](2020-08-25  07:57:33 pm)    [LNo:0006] 000689/001570
[I](2020-08-25  07:57:33 pm)작업중 M코드정지 [d:116][t:02:33:32]
[I](2020-08-25  08:10:32 pm)작업중 정지 [d:116][t:02:46:30]
[I](2020-08-25  08:10:32 pm)    [LNo:0006] 000692/001570
[I](2020-08-25  08:10:32 pm)작업중 M코드정지 [d:116][t:02:46:30]
[I](2020-08-25  08:38:23 pm)작업중 정지 [d:142][t:03:14:22]
[I](2020-08-25  08:38:23 pm)    [LNo:0006] 000813/001570
[I](2020-08-25  08:38:23 pm)작업중 M코드정지 [d:142][t:03:14:22]
[I](2020-08-25  08:44:53 pm)작업중 정지 [d:143][t:03:20:51]
[I](2020-08-25  08:44:53 pm)    [LNo:0006] 000814/001570
[I](2020-08-25  08:44:53 pm)Wire Contact Auto Stop(M52)
[I](2020-08-25  08:45:33 pm)작업 재시작
[I](2020-08-25  08:45:36 pm)작업중 정지 [d:143][t:03:21:34]
[I](2020-08-25  08:45:36 pm)    [LNo:0006] 000815/001570
[I](2020-08-25  08:45:36 pm)작업중 M코드정지 [d:143][t:03:21:35]
[I](2020-08-25  08:49:25 pm)작업중 정지 [d:145][t:03:25:23]
[I](2020-08-25  08:49:25 pm)    [LNo:0006] 000835/001570
[A](2020-08-25  08:49:25 pm)[008] 작업중 단선(AWF Feed Motor Stop )
[I](2020-08-25  08:49:25 pm)작업중 Wire 단선 [d:145][t:03:25:23]
[I](2020-08-25  08:49:36 pm)작업 재시작
[I](2020-08-25  08:49:38 pm)작업중 정지 [d:145][t:03:25:36]
[I](2020-08-25  08:49:38 pm)    [LNo:0006] 000835/001570
[I](2020-08-25  08:50:12 pm)작업 재시작
[I](2020-08-25  08:51:35 pm)작업중 정지 [d:146][t:03:27:33]
[I](2020-08-25  08:51:35 pm)    [LNo:0006] 000836/001570
[I](2020-08-25  08:55:11 pm)작업 재시작
[I](2020-08-25  08:55:42 pm)작업중 정지 [d:146][t:03:31:41]
[I](2020-08-25  08:55:42 pm)    [LNo:0006] 000836/001570
[I](2020-08-25  08:56:48 pm)작업 재시작
[I](2020-08-25  08:58:14 pm)작업중 정지 [d:148][t:03:34:13]
[I](2020-08-25  08:58:14 pm)    [LNo:0006] 000838/001570
[I](2020-08-25  08:58:14 pm)작업중 M코드정지 [d:148][t:03:34:13]
[I](2020-08-25  09:00:34 pm)작업중 정지 [d:148][t:03:36:32]
[I](2020-08-25  09:00:34 pm)    [LNo:0006] 000841/001570
[I](2020-08-25  09:00:34 pm)작업중 M코드정지 [d:148][t:03:36:33]
[I](2020-08-25  09:28:30 pm)작업중 정지 [d:173][t:04:04:28]
[I](2020-08-25  09:28:30 pm)    [LNo:0006] 000962/001570
[I](2020-08-25  09:28:30 pm)작업중 M코드정지 [d:173][t:04:04:28]
[I](2020-08-25  09:28:53 pm)작업중 정지 [d:174][t:04:04:51]
[I](2020-08-25  09:28:53 pm)    [LNo:0006] 000964/001570
[I](2020-08-25  09:28:53 pm)작업중 M코드정지 [d:174][t:04:04:51]
[I](2020-08-25  09:35:38 pm)작업중 정지 [d:179][t:04:11:36]
[I](2020-08-25  09:35:38 pm)    [LNo:0006] 000987/001570
[I](2020-08-25  09:35:38 pm)작업중 M코드정지 [d:179][t:04:11:37]
[I](2020-08-25  09:36:19 pm)작업중 정지 [d:179][t:04:12:18]
[I](2020-08-25  09:36:19 pm)    [LNo:0006] 000990/001570
[I](2020-08-25  09:36:19 pm)작업중 M코드정지 [d:179][t:04:12:18]
[I](2020-08-25  10:03:58 pm)작업중 정지 [d:206][t:04:39:57]
[I](2020-08-25  10:03:58 pm)    [LNo:0006] 001111/001570
[I](2020-08-25  10:03:58 pm)작업중 M코드정지 [d:206][t:04:39:57]
[I](2020-08-25  10:06:47 pm)작업중 정지 [d:206][t:04:42:45]
[I](2020-08-25  10:06:47 pm)    [LNo:0006] 001112/001570
[I](2020-08-25  10:06:47 pm)Wire Contact Auto Stop(M52)
[I](2020-08-25  10:07:19 pm)작업 재시작
[I](2020-08-25  10:07:22 pm)작업중 정지 [d:206][t:04:43:21]
[I](2020-08-25  10:07:22 pm)    [LNo:0006] 001113/001570
[I](2020-08-25  10:07:22 pm)작업중 M코드정지 [d:206][t:04:43:21]
[I](2020-08-25  10:13:51 pm)작업중 정지 [d:212][t:04:49:49]
[I](2020-08-25  10:13:51 pm)    [LNo:0006] 001136/001570
[I](2020-08-25  10:13:51 pm)작업중 M코드정지 [d:212][t:04:49:49]
[I](2020-08-25  10:14:32 pm)작업중 정지 [d:212][t:04:50:31]
[I](2020-08-25  10:14:32 pm)    [LNo:0006] 001137/001570
[I](2020-08-25  10:15:00 pm)작업 재시작
[I](2020-08-25  10:15:05 pm)작업중 정지 [d:212][t:04:51:03]
[I](2020-08-25  10:15:05 pm)    [LNo:0006] 001139/001570
[I](2020-08-25  10:15:05 pm)작업중 M코드정지 [d:212][t:04:51:03]
[I](2020-08-25  10:42:39 pm)작업중 정지 [d:238][t:05:18:37]
[I](2020-08-25  10:42:39 pm)    [LNo:0006] 001260/001570
[I](2020-08-25  10:42:39 pm)작업중 M코드정지 [d:238][t:05:18:38]
[I](2020-08-25  10:47:26 pm)작업중 정지 [d:238][t:05:23:25]
[I](2020-08-25  10:47:26 pm)    [LNo:0006] 001262/001570
[I](2020-08-25  10:47:26 pm)작업중 M코드정지 [d:238][t:05:23:25]
[I](2020-08-25  10:54:21 pm)작업중 정지 [d:243][t:05:30:19]
[I](2020-08-25  10:54:21 pm)    [LNo:0006] 001285/001570
[I](2020-08-25  10:54:21 pm)작업중 M코드정지 [d:243][t:05:30:19]
[I](2020-08-25  10:54:58 pm)작업중 정지 [d:244][t:05:30:56]
[I](2020-08-25  10:54:58 pm)    [LNo:0006] 001288/001570
[I](2020-08-25  10:54:58 pm)작업중 M코드정지 [d:244][t:05:30:56]
[I](2020-08-25  11:22:42 pm)작업중 정지 [d:270][t:05:58:40]
[I](2020-08-25  11:22:42 pm)    [LNo:0006] 001409/001570
[I](2020-08-25  11:22:42 pm)작업중 M코드정지 [d:270][t:05:58:40]
[I](2020-08-25  11:23:30 pm)작업중 정지 [d:270][t:05:59:29]
[I](2020-08-25  11:23:30 pm)    [LNo:0006] 001411/001570
[I](2020-08-25  11:23:30 pm)작업중 M코드정지 [d:270][t:05:59:29]
[I](2020-08-25  11:30:29 pm)작업중 정지 [d:275][t:06:06:28]
[I](2020-08-25  11:30:29 pm)    [LNo:0006] 001434/001570
[I](2020-08-25  11:30:29 pm)작업중 M코드정지 [d:275][t:06:06:28]
[I](2020-08-25  11:30:59 pm)작업중 정지 [d:276][t:06:06:58]
[I](2020-08-25  11:30:59 pm)    [LNo:0006] 001437/001570
[I](2020-08-25  11:31:00 pm)작업중 M코드정지 [d:276][t:06:06:58]
