[I](2020-06-20  12:04:19 am)작업중 정지 [d:118][t:02:43:53]
[I](2020-06-20  12:04:19 am)    [LNo:0009] 000337/000411
[I](2020-06-20  12:04:19 am)작업중 M코드정지 [d:118][t:02:43:53]
[I](2020-06-20  12:05:26 am)작업중 정지 [d:118][t:02:45:00]
[I](2020-06-20  12:05:26 am)    [LNo:0009] 000338/000411
[I](2020-06-20  12:06:02 am)작업 재시작
[I](2020-06-20  12:06:09 am)작업중 정지 [d:118][t:02:45:44]
[I](2020-06-20  12:06:09 am)    [LNo:0009] 000340/000411
[I](2020-06-20  12:06:09 am)작업중 M코드정지 [d:118][t:02:45:44]
[I](2020-06-20  12:10:28 am)작업중 정지 [d:122][t:02:50:03]
[I](2020-06-20  12:10:28 am)    [LNo:0009] 000368/000411
[I](2020-06-20  12:10:28 am)작업중 M코드정지 [d:122][t:02:50:03]
[I](2020-06-20  12:29:40 am)작업중 정지 [d:136][t:03:09:14]
[I](2020-06-20  12:29:40 am)    [LNo:0009] 000399/000411
[I](2020-06-20  12:29:40 am)작업중 M코드정지 [d:136][t:03:09:14]
[I](2020-06-20  12:31:21 am)작업중 정지 [d:136][t:03:10:55]
[I](2020-06-20  12:31:21 am)    [LNo:0009] 000401/000411
[I](2020-06-20  12:31:21 am)작업중 M코드정지 [d:136][t:03:10:55]
[I](2020-06-20  12:36:50 am)작업중 정지 [d:137][t:03:16:24]
[I](2020-06-20  12:36:50 am)    [LNo:0009] 000403/000411
[I](2020-06-20  12:36:50 am)작업중 M코드정지 [d:137][t:03:16:24]
[I](2020-06-20  02:03:37 am)Reset
[I](2020-06-20  02:03:50 am)Reset
[I](2020-06-20  02:11:23 am)Reset
[I](2020-06-20  02:13:27 am)Reset
[I](2020-06-20  02:13:28 am)Reset
[I](2020-06-20  02:13:28 am)Reset
[I](2020-06-20  02:15:18 am)작업 시작 [Start d:324]
[I](2020-06-20  02:15:18 am)Nc File: [No.0010-675.NC]
[I](2020-06-20  02:15:18 am)  * Start Machine Position
[I](2020-06-20  02:15:18 am)    X:     55.7651
[I](2020-06-20  02:15:18 am)    Y:   -378.4029
[I](2020-06-20  02:15:18 am)    U:      0.0000
[I](2020-06-20  02:15:18 am)    V:      0.0000
[I](2020-06-20  02:15:18 am)    Z:     43.9910
[I](2020-06-20  02:15:18 am)  * Angle
[I](2020-06-20  02:15:18 am)    Ar:     -0.2010,Kr:      0.0000
[I](2020-06-20  02:15:18 am)    Taper_Ar:      0.0000
[I](2020-06-20  02:51:05 am)작업중 정지 [d:-308][t:00:35:47]
[I](2020-06-20  02:51:05 am)    [LNo:0010] 000027/000332
[I](2020-06-20  02:51:05 am)작업중 M코드정지 [d:-308][t:00:35:47]
[I](2020-06-20  02:59:32 am)작업중 정지 [d:-308][t:00:44:14]
[I](2020-06-20  02:59:32 am)    [LNo:0010] 000028/000332
[I](2020-06-20  03:05:34 am)작업 재시작
[I](2020-06-20  03:05:44 am)작업중 정지 [d:-308][t:00:50:26]
[I](2020-06-20  03:05:44 am)    [LNo:0010] 000030/000332
[I](2020-06-20  03:05:44 am)작업중 M코드정지 [d:-308][t:00:50:26]
[I](2020-06-20  03:49:19 am)작업중 정지 [d:-266][t:01:34:01]
[I](2020-06-20  03:49:19 am)    [LNo:0010] 000082/000332
[I](2020-06-20  03:49:19 am)작업중 M코드정지 [d:-266][t:01:34:01]
[I](2020-06-20  04:09:53 am)작업중 정지 [d:-265][t:01:54:35]
[I](2020-06-20  04:09:53 am)    [LNo:0010] 000083/000332
[I](2020-06-20  04:12:00 am)작업 재시작
[I](2020-06-20  04:12:11 am)작업중 정지 [d:-265][t:01:56:53]
[I](2020-06-20  04:12:11 am)    [LNo:0010] 000085/000332
[I](2020-06-20  04:12:11 am)작업중 M코드정지 [d:-265][t:01:56:53]
[I](2020-06-20  04:55:59 am)작업중 정지 [d:-222][t:02:40:41]
[I](2020-06-20  04:55:59 am)    [LNo:0010] 000137/000332
[I](2020-06-20  04:55:59 am)작업중 M코드정지 [d:-222][t:02:40:41]
[I](2020-06-20  05:05:38 am)작업중 정지 [d:-222][t:02:50:20]
[I](2020-06-20  05:05:38 am)    [LNo:0010] 000138/000332
[I](2020-06-20  05:05:38 am)작업중 30sec 접촉 정지 [d:-222][t:02:50:20]
[I](2020-06-20  05:07:35 am)작업 재시작
[I](2020-06-20  05:07:49 am)작업중 정지 [d:-221][t:02:52:31]
[I](2020-06-20  05:07:49 am)    [LNo:0010] 000140/000332
[I](2020-06-20  05:07:49 am)작업중 M코드정지 [d:-221][t:02:52:31]
[I](2020-06-20  05:16:25 am)작업중 정지 [d:-214][t:03:01:07]
[I](2020-06-20  05:16:25 am)    [LNo:0010] 000181/000332
[A](2020-06-20  05:16:25 am)[008] 작업중 단선(AWF Feed Motor Stop )
[I](2020-06-20  05:16:25 am)작업중 Wire 단선 [d:-214][t:03:01:07]
[I](2020-06-20  05:17:35 am)작업 재시작
[I](2020-06-20  05:52:05 am)작업중 정지 [d:-179][t:03:36:46]
[I](2020-06-20  05:52:05 am)    [LNo:0010] 000192/000332
[I](2020-06-20  05:52:05 am)작업중 M코드정지 [d:-179][t:03:36:47]
[I](2020-06-20  05:59:13 am)작업중 정지 [d:-179][t:03:43:55]
[I](2020-06-20  05:59:13 am)    [LNo:0010] 000193/000332
[I](2020-06-20  06:02:18 am)작업 재시작
[I](2020-06-20  06:02:23 am)작업중 정지 [d:-179][t:03:47:05]
[I](2020-06-20  06:02:23 am)    [LNo:0010] 000195/000332
[I](2020-06-20  06:02:23 am)작업중 M코드정지 [d:-179][t:03:47:05]
[I](2020-06-20  07:04:53 am)작업중 정지 [d:-118][t:04:49:35]
[I](2020-06-20  07:04:53 am)    [LNo:0010] 000257/000332
[I](2020-06-20  07:09:21 am)작업 재시작
[I](2020-06-20  08:54:56 am)작업중 정지 [d:-12][t:06:39:38]
[I](2020-06-20  08:54:56 am)    [LNo:0010] 000295/000332
[I](2020-06-20  08:54:56 am)작업중 M코드정지 [d:-12][t:06:39:38]
[I](2020-06-20  08:56:45 am)작업중 정지 [d:-12][t:06:41:27]
[I](2020-06-20  08:56:45 am)    [LNo:0010] 000297/000332
[I](2020-06-20  08:56:45 am)작업중 M코드정지 [d:-12][t:06:41:27]
[A](2020-06-20  08:57:17 am)[037] 자동결선 잔여 WIRE 처리 실패!!
[I](2020-06-20  08:58:18 am)작업중 정지 [d:-12][t:06:43:00]
[I](2020-06-20  08:58:18 am)    [LNo:0010] 000300/000332
[I](2020-06-20  08:58:21 am)작업중 정지 [d:-12][t:06:43:02]
[I](2020-06-20  08:58:21 am)    [LNo:0010] 000300/000332
[A](2020-06-20  08:58:21 am)[010] 자동결선 Error(M21-절단실패)
[I](2020-06-20  08:58:47 am)작업중 정지 [d:-12][t:06:43:29]
[I](2020-06-20  08:58:47 am)    [LNo:0010] 000306/000332
[I](2020-06-20  08:58:48 am)Reset
[I](2020-06-20  08:58:48 am)Reset
[I](2020-06-20  08:58:49 am)Reset
[I](2020-06-20  08:59:00 am)작업 시작 [Start d:312]
[I](2020-06-20  08:59:00 am)Nc File: [No.0010-675.NC]
[I](2020-06-20  08:59:00 am)  * Start Machine Position
[I](2020-06-20  08:59:00 am)    X:     93.6208
[I](2020-06-20  08:59:00 am)    Y:   -378.5357
[I](2020-06-20  08:59:00 am)    U:      0.0000
[I](2020-06-20  08:59:00 am)    V:      0.0000
[I](2020-06-20  08:59:00 am)    Z:     43.9910
[I](2020-06-20  08:59:00 am)  * Angle
[I](2020-06-20  08:59:00 am)    Ar:     -0.2010,Kr:      0.0000
[I](2020-06-20  08:59:00 am)    Taper_Ar:      0.0000
[I](2020-06-20  09:30:56 am)작업중 정지 [d:-288][t:00:31:56]
[I](2020-06-20  09:30:56 am)    [LNo:0010] 000027/000332
[I](2020-06-20  09:30:56 am)작업중 M코드정지 [d:-288][t:00:31:56]
[I](2020-06-20  09:44:18 am)작업중 정지 [d:-288][t:00:45:17]
[I](2020-06-20  09:44:18 am)    [LNo:0010] 000028/000332
[I](2020-06-20  09:44:18 am)작업중 30sec 접촉 정지 [d:-288][t:00:45:17]
[I](2020-06-20  09:45:33 am)작업 재시작
[I](2020-06-20  09:45:43 am)작업중 정지 [d:-288][t:00:46:42]
[I](2020-06-20  09:45:43 am)    [LNo:0010] 000030/000332
[I](2020-06-20  09:45:43 am)작업중 M코드정지 [d:-288][t:00:46:42]
[I](2020-06-20  10:25:44 am)작업중 정지 [d:-250][t:01:26:43]
[I](2020-06-20  10:25:44 am)    [LNo:0010] 000082/000332
[I](2020-06-20  10:25:44 am)작업중 M코드정지 [d:-250][t:01:26:43]
[A](2020-06-20  10:25:58 am)[001] 와이어 미동작
[I](2020-06-20  10:26:16 am)작업중 정지 [d:-250][t:01:27:16]
[I](2020-06-20  10:26:16 am)    [LNo:0010] 000083/000332
[I](2020-06-20  10:27:25 am)작업 재시작
[I](2020-06-20  10:27:33 am)작업중 정지 [d:-250][t:01:28:33]
[I](2020-06-20  10:27:33 am)    [LNo:0010] 000085/000332
[I](2020-06-20  10:27:34 am)작업중 M코드정지 [d:-250][t:01:28:33]
[I](2020-06-20  11:06:54 am)작업중 정지 [d:-211][t:02:07:53]
[I](2020-06-20  11:06:54 am)    [LNo:0010] 000137/000332
[I](2020-06-20  11:06:54 am)작업중 M코드정지 [d:-211][t:02:07:53]
[I](2020-06-20  11:07:52 am)작업중 정지 [d:-210][t:02:08:52]
[I](2020-06-20  11:07:52 am)    [LNo:0010] 000138/000332
[I](2020-06-20  11:09:14 am)작업 재시작
[I](2020-06-20  11:09:22 am)작업중 정지 [d:-210][t:02:10:22]
[I](2020-06-20  11:09:22 am)    [LNo:0010] 000140/000332
[I](2020-06-20  11:09:22 am)작업중 M코드정지 [d:-210][t:02:10:22]
[I](2020-06-20  11:51:03 am)작업중 정지 [d:-169][t:02:52:02]
[I](2020-06-20  11:51:03 am)    [LNo:0010] 000192/000332
[I](2020-06-20  11:51:03 am)작업중 M코드정지 [d:-169][t:02:52:02]
[I](2020-06-20  11:53:35 am)작업중 정지 [d:-169][t:02:54:35]
[I](2020-06-20  11:53:35 am)    [LNo:0010] 000193/000332
[A](2020-06-20  11:55:10 am)[037] 자동결선 잔여 WIRE 처리 실패!!
[I](2020-06-20  11:56:03 am)작업 재시작
[I](2020-06-20  11:56:09 am)작업중 정지 [d:-169][t:02:57:09]
[I](2020-06-20  11:56:09 am)    [LNo:0010] 000195/000332
[I](2020-06-20  11:56:09 am)작업중 M코드정지 [d:-169][t:02:57:09]
[I](2020-06-20  02:51:24 pm)작업중 정지 [d:5][t:05:52:24]
[I](2020-06-20  02:51:24 pm)    [LNo:0010] 000295/000332
[I](2020-06-20  02:51:24 pm)작업중 M코드정지 [d:5][t:05:52:24]
[I](2020-06-20  03:00:04 pm)작업중 정지 [d:5][t:06:01:03]
[I](2020-06-20  03:00:04 pm)    [LNo:0010] 000297/000332
[I](2020-06-20  03:00:04 pm)작업중 M코드정지 [d:5][t:06:01:03]
[I](2020-06-20  03:02:13 pm)Reset
[I](2020-06-20  03:30:26 pm)Reset
[I](2020-06-20  03:34:12 pm)Reset
[I](2020-06-20  03:40:38 pm)작업 시작 [Start d:317]
[I](2020-06-20  03:40:38 pm)Nc File: [No.0011-626.NC]
[I](2020-06-20  03:40:38 pm)  * Start Machine Position
[I](2020-06-20  03:40:38 pm)    X:     64.4357
[I](2020-06-20  03:40:38 pm)    Y:   -261.5170
[I](2020-06-20  03:40:38 pm)    U:      0.0000
[I](2020-06-20  03:40:38 pm)    V:      0.0000
[I](2020-06-20  03:40:38 pm)    Z:     29.3739
[I](2020-06-20  03:40:38 pm)  * Angle
[I](2020-06-20  03:40:38 pm)    Ar:      0.0035,Kr:      0.0000
[I](2020-06-20  03:40:38 pm)    Taper_Ar:      0.0000
[I](2020-06-20  03:50:24 pm)작업중 정지 [d:10][t:00:09:46]
[I](2020-06-20  03:50:24 pm)    [LNo:0011] 000020/000170
[I](2020-06-20  03:50:24 pm)작업중 M코드정지 [d:10][t:00:09:46]
[I](2020-06-20  03:50:54 pm)작업중 정지 [d:11][t:00:10:16]
[I](2020-06-20  03:50:54 pm)    [LNo:0011] 000021/000170
[I](2020-06-20  03:51:17 pm)작업 재시작
[I](2020-06-20  03:51:26 pm)작업중 정지 [d:11][t:00:10:48]
[I](2020-06-20  03:51:26 pm)    [LNo:0011] 000023/000170
[I](2020-06-20  03:51:26 pm)작업중 M코드정지 [d:11][t:00:10:48]
[I](2020-06-20  03:59:04 pm)작업중 정지 [d:19][t:00:18:25]
[I](2020-06-20  03:59:04 pm)    [LNo:0011] 000081/000170
[I](2020-06-20  03:59:04 pm)작업중 M코드정지 [d:19][t:00:18:26]
[I](2020-06-20  04:11:02 pm)작업중 정지 [d:29][t:00:30:24]
[I](2020-06-20  04:11:02 pm)    [LNo:0011] 000101/000170
[I](2020-06-20  04:11:02 pm)작업중 M코드정지 [d:29][t:00:30:24]
[I](2020-06-20  04:11:25 pm)작업중 정지 [d:29][t:00:30:47]
[I](2020-06-20  04:11:25 pm)    [LNo:0011] 000102/000170
[I](2020-06-20  04:11:47 pm)작업 재시작
[I](2020-06-20  04:11:55 pm)작업중 정지 [d:29][t:00:31:16]
[I](2020-06-20  04:11:55 pm)    [LNo:0011] 000104/000170
[I](2020-06-20  04:11:55 pm)작업중 M코드정지 [d:29][t:00:31:16]
[I](2020-06-20  04:20:15 pm)작업중 정지 [d:36][t:00:39:37]
[I](2020-06-20  04:20:15 pm)    [LNo:0011] 000166/000170
[I](2020-06-20  04:20:15 pm)작업중 M코드정지 [d:36][t:00:39:37]
[I](2020-06-20  04:23:32 pm)Reset
[I](2020-06-20  04:23:43 pm)Reset
[I](2020-06-20  04:24:26 pm)작업 시작 [Start d:353]
[I](2020-06-20  04:24:26 pm)Nc File: [No.0012-619.NC]
[I](2020-06-20  04:24:26 pm)  * Start Machine Position
[I](2020-06-20  04:24:26 pm)    X:     69.7159
[I](2020-06-20  04:24:26 pm)    Y:   -266.4066
[I](2020-06-20  04:24:26 pm)    U:      0.0000
[I](2020-06-20  04:24:26 pm)    V:      0.0000
[I](2020-06-20  04:24:26 pm)    Z:     29.3739
[I](2020-06-20  04:24:26 pm)  * Angle
[I](2020-06-20  04:24:26 pm)    Ar:      0.0035,Kr:      0.0000
[I](2020-06-20  04:24:26 pm)    Taper_Ar:      0.0000
[I](2020-06-20  04:44:25 pm)작업중 정지 [d:20][t:00:19:59]
[I](2020-06-20  04:44:25 pm)    [LNo:0012] 000020/000908
[I](2020-06-20  04:44:25 pm)작업중 M코드정지 [d:20][t:00:19:59]
[I](2020-06-20  04:46:17 pm)작업중 정지 [d:20][t:00:21:51]
[I](2020-06-20  04:46:17 pm)    [LNo:0012] 000021/000908
[I](2020-06-20  04:46:50 pm)작업 재시작
[I](2020-06-20  04:46:58 pm)작업중 정지 [d:20][t:00:22:32]
[I](2020-06-20  04:46:58 pm)    [LNo:0012] 000023/000908
[I](2020-06-20  04:46:58 pm)작업중 M코드정지 [d:20][t:00:22:32]
[I](2020-06-20  06:07:18 pm)작업중 정지 [d:99][t:01:42:52]
[I](2020-06-20  06:07:18 pm)    [LNo:0012] 000151/000908
[I](2020-06-20  06:07:18 pm)작업중 M코드정지 [d:99][t:01:42:52]
[I](2020-06-20  06:07:34 pm)작업중 정지 [d:99][t:01:43:07]
[I](2020-06-20  06:07:34 pm)    [LNo:0012] 000152/000908
[I](2020-06-20  06:07:34 pm)Wire Contact Auto Stop(M52)
[I](2020-06-20  06:08:08 pm)작업 재시작
[I](2020-06-20  06:08:10 pm)작업중 정지 [d:99][t:01:43:44]
[I](2020-06-20  06:08:10 pm)    [LNo:0012] 000153/000908
[I](2020-06-20  06:08:10 pm)작업중 M코드정지 [d:99][t:01:43:44]
[I](2020-06-20  06:29:04 pm)작업중 정지 [d:119][t:02:04:37]
[I](2020-06-20  06:29:04 pm)    [LNo:0012] 000175/000908
[I](2020-06-20  06:29:04 pm)작업중 M코드정지 [d:119][t:02:04:37]
[I](2020-06-20  07:16:55 pm)작업중 정지 [d:119][t:02:52:28]
[I](2020-06-20  07:16:55 pm)    [LNo:0012] 000176/000908
[I](2020-06-20  07:17:21 pm)작업 재시작
[I](2020-06-20  08:28:27 pm)작업중 정지 [d:189][t:04:04:01]
[I](2020-06-20  08:28:27 pm)    [LNo:0012] 000303/000908
[I](2020-06-20  08:28:27 pm)작업중 30sec 접촉 정지 [d:189][t:04:04:01]
