[I](2020-01-13  08:30:23 am)작업 재시작
[I](2020-01-13  08:30:42 am)작업중 정지 [d:236][t:16:58:11]
[I](2020-01-13  08:30:42 am)    [LNo:0005] 000224/000801
[I](2020-01-13  08:30:42 am)작업중 30sec 접촉 정지 [d:236][t:16:58:11]
[I](2020-01-13  08:35:39 am)작업 재시작
[I](2020-01-13  08:56:21 am)작업중 정지 [d:256][t:17:23:50]
[I](2020-01-13  08:56:21 am)    [LNo:0005] 000247/000801
[A](2020-01-13  08:56:22 am)[011] 자동결선 Error(M21-잔여와이어 처리실패)
[I](2020-01-13  08:57:30 am)작업중 정지 [d:256][t:17:24:59]
[I](2020-01-13  08:57:30 am)    [LNo:0005] 000629/000801
[I](2020-01-13  08:57:34 am)작업중 정지 [d:256][t:17:25:03]
[I](2020-01-13  08:57:34 am)    [LNo:0005] 000632/000801
[I](2020-01-13  09:04:47 am)작업중 정지 [d:263][t:17:32:16]
[I](2020-01-13  09:04:47 am)    [LNo:0005] 000641/000801
[I](2020-01-13  09:04:47 am)작업중 M코드정지 [d:263][t:17:32:16]
[I](2020-01-13  09:05:16 am)작업중 정지 [d:263][t:17:32:45]
[I](2020-01-13  09:05:16 am)    [LNo:0005] 000643/000801
[I](2020-01-13  09:05:17 am)작업중 M코드정지 [d:263][t:17:32:45]
[I](2020-01-13  09:27:24 am)작업중 정지 [d:283][t:17:54:53]
[I](2020-01-13  09:27:24 am)    [LNo:0005] 000669/000801
[I](2020-01-13  09:27:24 am)작업중 M코드정지 [d:283][t:17:54:53]
[I](2020-01-13  09:27:56 am)작업중 정지 [d:284][t:17:55:24]
[I](2020-01-13  09:27:56 am)    [LNo:0005] 000671/000801
[I](2020-01-13  09:27:56 am)작업중 M코드정지 [d:284][t:17:55:25]
[I](2020-01-13  09:32:10 am)작업중 정지 [d:287][t:17:59:39]
[I](2020-01-13  09:32:10 am)    [LNo:0005] 000691/000801
[I](2020-01-13  09:32:10 am)작업중 M코드정지 [d:287][t:17:59:39]
[I](2020-01-13  09:33:57 am)작업중 정지 [d:288][t:18:01:26]
[I](2020-01-13  09:33:57 am)    [LNo:0005] 000710/000801
[I](2020-01-13  09:33:57 am)Wire Contact Auto Stop(M52)
[I](2020-01-13  09:34:03 am)작업 재시작
[I](2020-01-13  09:37:19 am)작업중 정지 [d:291][t:18:04:48]
[I](2020-01-13  09:37:19 am)    [LNo:0005] 000714/000801
[I](2020-01-13  09:41:34 am)작업중 정지 [d:291][t:18:09:03]
[I](2020-01-13  09:41:34 am)    [LNo:0005] 000249/000801
[I](2020-01-13  09:41:42 am)작업중 정지 [d:291][t:18:09:11]
[I](2020-01-13  09:41:42 am)    [LNo:0005] 000251/000801
[I](2020-01-13  09:41:43 am)Reset
[I](2020-01-13  09:41:43 am)Reset
[I](2020-01-13  09:41:54 am)작업 시작 [Start d:1039]
[I](2020-01-13  09:41:54 am)Nc File: [No.0003-296.NC]
[I](2020-01-13  09:41:54 am)  * Start Machine Position
[I](2020-01-13  09:41:54 am)    X:    186.5808
[I](2020-01-13  09:41:54 am)    Y:   -285.0829
[I](2020-01-13  09:41:54 am)    U:      0.0000
[I](2020-01-13  09:41:54 am)    V:      0.0000
[I](2020-01-13  09:41:54 am)    Z:     68.5792
[I](2020-01-13  09:41:54 am)  * Angle
[I](2020-01-13  09:41:54 am)    Ar:     -0.2430,Kr:      0.0000
[I](2020-01-13  09:41:54 am)    Taper_Ar:      0.0000
[I](2020-01-13  12:07:07 pm)작업중 정지 [d:141][t:02:25:12]
[I](2020-01-13  12:07:07 pm)    [LNo:0003] 001173/001422
[I](2020-01-13  12:07:07 pm)작업중 30sec 접촉 정지 [d:141][t:02:25:12]
[I](2020-01-13  12:28:17 pm)작업 재시작
[I](2020-01-13  12:30:15 pm)작업중 정지 [d:143][t:02:48:20]
[I](2020-01-13  12:30:15 pm)    [LNo:0003] 001176/001422
[I](2020-01-13  12:30:15 pm)작업중 M코드정지 [d:143][t:02:48:20]
[I](2020-01-13  12:31:51 pm)작업중 정지 [d:144][t:02:49:56]
[I](2020-01-13  12:31:51 pm)    [LNo:0003] 001178/001422
[I](2020-01-13  12:31:51 pm)작업중 M코드정지 [d:144][t:02:49:56]
[I](2020-01-13  12:32:42 pm)작업중 정지 [d:144][t:02:50:47]
[I](2020-01-13  12:32:42 pm)    [LNo:0003] 001187/001422
[A](2020-01-13  12:32:42 pm)[009] 자동결선 Error(M20-삽입실패)
[I](2020-01-13  12:38:43 pm)작업중 정지 [d:147][t:02:56:48]
[I](2020-01-13  12:38:43 pm)    [LNo:0003] 001198/001422
[I](2020-01-13  12:38:43 pm)작업중 M코드정지 [d:147][t:02:56:48]
[I](2020-01-13  12:39:11 pm)작업중 정지 [d:147][t:02:57:16]
[I](2020-01-13  12:39:11 pm)    [LNo:0003] 001200/001422
[I](2020-01-13  12:39:11 pm)작업중 M코드정지 [d:147][t:02:57:16]
[I](2020-01-13  12:40:58 pm)작업중 정지 [d:147][t:02:59:03]
[I](2020-01-13  12:40:58 pm)    [LNo:0003] 001203/001422
[I](2020-01-13  12:41:00 pm)작업중 정지 [d:147][t:02:59:05]
[I](2020-01-13  12:41:00 pm)    [LNo:0003] 001203/001422
[A](2020-01-13  12:41:00 pm)[010] 자동결선 Error(M21-절단실패)
[I](2020-01-13  03:59:01 pm)작업중 정지 [d:341][t:06:17:06]
[I](2020-01-13  03:59:01 pm)    [LNo:0003] 001377/001422
[A](2020-01-13  03:59:01 pm)[009] 자동결선 Error(M20-삽입실패)
[I](2020-01-13  04:05:31 pm)작업중 정지 [d:345][t:06:23:36]
[I](2020-01-13  04:05:31 pm)    [LNo:0003] 001388/001422
[I](2020-01-13  04:05:32 pm)작업중 M코드정지 [d:345][t:06:23:37]
[I](2020-01-13  04:21:33 pm)작업중 정지 [d:359][t:06:39:38]
[I](2020-01-13  04:21:33 pm)    [LNo:0003] 001411/001422
[I](2020-01-13  04:21:33 pm)Wire Contact Auto Stop(M52)
[I](2020-01-13  04:27:01 pm)Reset
[I](2020-01-13  04:27:01 pm)Reset
[I](2020-01-13  04:30:20 pm)Reset
[I](2020-01-13  04:30:20 pm)Reset
[I](2020-01-13  04:31:11 pm)작업 시작 [Start d:1398]
[I](2020-01-13  04:31:11 pm)Nc File: [No.0003-296.NC]
[I](2020-01-13  04:31:11 pm)  * Start Machine Position
[I](2020-01-13  04:31:11 pm)    X:     86.7329
[I](2020-01-13  04:31:11 pm)    Y:   -193.9732
[I](2020-01-13  04:31:12 pm)    U:      0.0000
[I](2020-01-13  04:31:12 pm)    V:      0.0000
[I](2020-01-13  04:31:12 pm)    Z:     70.4457
[I](2020-01-13  04:31:12 pm)  * Angle
[I](2020-01-13  04:31:12 pm)    Ar:      0.0452,Kr:      0.0000
[I](2020-01-13  04:31:12 pm)    Taper_Ar:      0.0000
[I](2020-01-13  06:16:45 pm)작업중 정지 [d:104][t:01:45:33]
[I](2020-01-13  06:16:45 pm)    [LNo:0003] 000902/001422
[I](2020-01-13  06:16:45 pm)작업중 M코드정지 [d:104][t:01:45:33]
[I](2020-01-13  06:35:34 pm)작업중 정지 [d:104][t:02:04:22]
[I](2020-01-13  06:35:34 pm)    [LNo:0003] 000904/001422
[I](2020-01-13  06:35:34 pm)작업중 M코드정지 [d:104][t:02:04:22]
[I](2020-01-13  06:44:07 pm)작업중 정지 [d:111][t:02:12:55]
[I](2020-01-13  06:44:07 pm)    [LNo:0003] 000924/001422
[I](2020-01-13  06:44:07 pm)작업중 M코드정지 [d:111][t:02:12:55]
[I](2020-01-13  06:48:22 pm)작업중 정지 [d:111][t:02:17:10]
[I](2020-01-13  06:48:22 pm)    [LNo:0003] 000926/001422
[I](2020-01-13  06:48:22 pm)작업중 M코드정지 [d:111][t:02:17:10]
[I](2020-01-13  06:54:42 pm)Reset
[I](2020-01-13  06:54:42 pm)Reset
[I](2020-01-13  06:54:43 pm)Reset
[I](2020-01-13  06:54:43 pm)Reset
[A](2020-01-13  07:02:26 pm)[091] Auto Door Sensor Abnormal
[I](2020-01-13  07:03:21 pm)Reset
[I](2020-01-13  07:03:21 pm)Reset
[I](2020-01-13  07:04:10 pm)Reset
[I](2020-01-13  07:04:11 pm)Reset
[I](2020-01-13  07:04:11 pm)Reset
[I](2020-01-13  07:05:00 pm)Reset
[I](2020-01-13  07:05:25 pm)Reset
[I](2020-01-13  07:05:25 pm)Reset
[I](2020-01-13  07:05:44 pm)Reset
[I](2020-01-13  07:07:00 pm)Reset
[I](2020-01-13  07:07:01 pm)Reset
[I](2020-01-13  07:07:01 pm)Reset
[I](2020-01-13  07:07:01 pm)Reset
[I](2020-01-13  07:07:08 pm)Reset
[I](2020-01-13  07:08:02 pm)Reset
[I](2020-01-13  07:08:02 pm)Reset
[I](2020-01-13  07:08:33 pm)작업 시작 [Start d:1509]
[I](2020-01-13  07:08:33 pm)Nc File: [No.0006-335.NC]
[I](2020-01-13  07:08:33 pm)  * Start Machine Position
[I](2020-01-13  07:08:33 pm)    X:    337.5227
[I](2020-01-13  07:08:33 pm)    Y:   -364.6724
[I](2020-01-13  07:08:33 pm)    U:     -0.0190
[I](2020-01-13  07:08:33 pm)    V:      0.0230
[I](2020-01-13  07:08:33 pm)    Z:     30.6762
[I](2020-01-13  07:08:33 pm)  * Angle
[I](2020-01-13  07:08:33 pm)    Ar:      0.0000,Kr:      0.0000
[I](2020-01-13  07:08:33 pm)    Taper_Ar:      0.0000
[I](2020-01-13  07:08:38 pm)작업중 정지 [d:0][t:00:00:05]
[I](2020-01-13  07:08:38 pm)    [LNo:0006] 000010/000059
[I](2020-01-13  07:08:38 pm)작업중 M코드정지 [d:0][t:00:00:05]
[I](2020-01-13  07:10:36 pm)작업중 정지 [d:2][t:00:02:03]
[I](2020-01-13  07:10:36 pm)    [LNo:0006] 000028/000059
[I](2020-01-13  07:10:36 pm)작업중 M코드정지 [d:2][t:00:02:03]
[I](2020-01-13  07:12:50 pm)작업중 정지 [d:2][t:00:04:17]
[I](2020-01-13  07:12:50 pm)    [LNo:0006] 000032/000059
[I](2020-01-13  07:12:50 pm)작업중 M코드정지 [d:2][t:00:04:17]
[I](2020-01-13  07:14:05 pm)작업중 정지 [d:3][t:00:05:31]
[I](2020-01-13  07:14:05 pm)    [LNo:0006] 000052/000059
[I](2020-01-13  07:14:05 pm)작업중 M코드정지 [d:3][t:00:05:31]
[I](2020-01-13  07:22:18 pm)작업중 정지 [d:3][t:00:13:45]
[I](2020-01-13  07:22:18 pm)    [LNo:0006] 000036/000059
[I](2020-01-13  07:22:58 pm)작업중 정지 [d:4][t:00:14:24]
[I](2020-01-13  07:22:58 pm)    [LNo:0006] 000051/000059
[I](2020-01-13  07:22:58 pm)작업중 M코드정지 [d:4][t:00:14:24]
[I](2020-01-13  07:26:31 pm)작업중 정지 [d:4][t:00:17:57]
[I](2020-01-13  07:26:31 pm)    [LNo:0006] 000036/000059
[I](2020-01-13  07:26:58 pm)작업중 정지 [d:4][t:00:18:25]
[I](2020-01-13  07:26:58 pm)    [LNo:0006] 000052/000059
[I](2020-01-13  07:26:58 pm)작업중 M코드정지 [d:4][t:00:18:25]
[I](2020-01-13  07:27:55 pm)Reset
[I](2020-01-13  07:27:56 pm)Reset
[I](2020-01-13  07:28:02 pm)Reset
[I](2020-01-13  07:28:02 pm)Reset
[I](2020-01-13  07:28:24 pm)작업 시작 [Start d:1513]
[I](2020-01-13  07:28:24 pm)Nc File: [No.0004-589.NC]
[I](2020-01-13  07:28:24 pm)  * Start Machine Position
[I](2020-01-13  07:28:24 pm)    X:    150.2302
[I](2020-01-13  07:28:24 pm)    Y:   -376.3664
[I](2020-01-13  07:28:24 pm)    U:      0.0540
[I](2020-01-13  07:28:24 pm)    V:     -0.1810
[I](2020-01-13  07:28:24 pm)    Z:     30.6762
[I](2020-01-13  07:28:24 pm)  * Angle
[I](2020-01-13  07:28:24 pm)    Ar:      0.0000,Kr:      0.0000
[I](2020-01-13  07:28:24 pm)    Taper_Ar:      0.0000
[I](2020-01-13  07:28:28 pm)작업중 정지 [d:0][t:00:00:03]
[I](2020-01-13  07:28:28 pm)    [LNo:0004] 000010/000064
[I](2020-01-13  07:28:28 pm)작업중 M코드정지 [d:0][t:00:00:03]
[I](2020-01-13  07:47:38 pm)작업중 정지 [d:9][t:00:19:13]
[I](2020-01-13  07:47:38 pm)    [LNo:0004] 000031/000064
[I](2020-01-13  07:47:38 pm)작업중 M코드정지 [d:9][t:00:19:14]
[I](2020-01-13  07:48:34 pm)작업중 정지 [d:9][t:00:20:09]
[I](2020-01-13  07:48:34 pm)    [LNo:0004] 000033/000064
[I](2020-01-13  07:48:34 pm)작업중 M코드정지 [d:9][t:00:20:09]
[I](2020-01-13  07:52:10 pm)작업중 정지 [d:12][t:00:23:45]
[I](2020-01-13  07:52:10 pm)    [LNo:0004] 000057/000064
[I](2020-01-13  07:52:10 pm)작업중 M코드정지 [d:12][t:00:23:45]
[I](2020-01-13  07:52:42 pm)Reset
[I](2020-01-13  07:52:42 pm)Reset
[I](2020-01-13  07:53:19 pm)Reset
[I](2020-01-13  07:58:45 pm)Reset
[I](2020-01-13  07:58:45 pm)Reset
[I](2020-01-13  07:59:49 pm)Reset
[I](2020-01-13  07:59:51 pm)작업 시작 [Start d:1525]
[I](2020-01-13  07:59:51 pm)Nc File: [No.0007-289.NC]
[I](2020-01-13  07:59:51 pm)  * Start Machine Position
[I](2020-01-13  07:59:51 pm)    X:    280.6752
[I](2020-01-13  07:59:51 pm)    Y:   -287.7124
[I](2020-01-13  07:59:51 pm)    U:      0.0000
[I](2020-01-13  07:59:51 pm)    V:      0.0000
[I](2020-01-13  07:59:51 pm)    Z:     75.3492
[I](2020-01-13  07:59:51 pm)  * Angle
[I](2020-01-13  07:59:51 pm)    Ar:      0.0000,Kr:      0.0000
[I](2020-01-13  07:59:51 pm)    Taper_Ar:      0.0000
[I](2020-01-13  10:07:18 pm)작업중 정지 [d:127][t:02:07:27]
[I](2020-01-13  10:07:18 pm)    [LNo:0007] 000096/000108
[I](2020-01-13  10:07:18 pm)작업중 M코드정지 [d:127][t:02:07:27]
[I](2020-01-13  10:11:04 pm)작업중 정지 [d:127][t:02:11:12]
[I](2020-01-13  10:11:04 pm)    [LNo:0007] 000098/000108
[I](2020-01-13  10:11:04 pm)작업중 M코드정지 [d:127][t:02:11:12]
[I](2020-01-13  10:46:52 pm)Reset
[I](2020-01-13  10:46:52 pm)Reset
[I](2020-01-13  10:46:55 pm)Reset
[I](2020-01-13  10:46:59 pm)Reset
[I](2020-01-13  11:00:35 pm)Reset
[I](2020-01-13  11:01:03 pm)Reset
[I](2020-01-13  11:01:03 pm)Reset
[I](2020-01-13  11:05:16 pm)Reset
[I](2020-01-13  11:05:24 pm)Reset
[I](2020-01-13  11:05:24 pm)Reset
[I](2020-01-13  11:08:11 pm)작업 시작 [Start d:1652]
[I](2020-01-13  11:08:11 pm)Nc File: [No.0001-338.NC]
[I](2020-01-13  11:08:11 pm)  * Start Machine Position
[I](2020-01-13  11:08:11 pm)    X:    116.2740
[I](2020-01-13  11:08:11 pm)    Y:   -301.1787
[I](2020-01-13  11:08:11 pm)    U:      0.0000
[I](2020-01-13  11:08:11 pm)    V:      0.0000
[I](2020-01-13  11:08:11 pm)    Z:     48.4182
[I](2020-01-13  11:08:11 pm)  * Angle
[I](2020-01-13  11:08:11 pm)    Ar:     -0.7256,Kr:      0.0000
[I](2020-01-13  11:08:11 pm)    Taper_Ar:      0.0000
[I](2020-01-13  11:09:34 pm)작업중 정지 [d:1][t:00:01:23]
[I](2020-01-13  11:09:34 pm)    [LNo:0001] 000016/000082
[I](2020-01-13  11:09:34 pm)작업중 Single Block Stop [d:1][t:00:01:23]
[I](2020-01-13  11:09:45 pm)Reset
[I](2020-01-13  11:09:46 pm)Reset
[I](2020-01-13  11:09:49 pm)작업 시작 [Start d:1653]
[I](2020-01-13  11:09:49 pm)Nc File: [No.0001-338.NC]
[I](2020-01-13  11:09:49 pm)  * Start Machine Position
[I](2020-01-13  11:09:49 pm)    X:    116.2423
[I](2020-01-13  11:09:49 pm)    Y:   -303.6853
[I](2020-01-13  11:09:49 pm)    U:      0.0000
[I](2020-01-13  11:09:49 pm)    V:      0.0000
[I](2020-01-13  11:09:49 pm)    Z:     48.4182
[I](2020-01-13  11:09:49 pm)  * Angle
[I](2020-01-13  11:09:49 pm)    Ar:     -0.7256,Kr:      0.0000
[I](2020-01-13  11:09:49 pm)    Taper_Ar:      0.0000
[I](2020-01-13  11:09:49 pm)작업중 정지 [d:0][t:00:00:00]
[I](2020-01-13  11:09:49 pm)    [LNo:0001] 000006/000082
[I](2020-01-13  11:09:49 pm)작업중 Single Block Stop [d:0][t:00:00:00]
[I](2020-01-13  11:10:07 pm)작업중 정지 [d:0][t:00:00:18]
[I](2020-01-13  11:10:07 pm)    [LNo:0001] 000016/000082
[I](2020-01-13  11:10:07 pm)작업중 30sec 접촉 정지 [d:0][t:00:00:18]
[I](2020-01-13  11:10:14 pm)Reset
[I](2020-01-13  11:10:14 pm)Reset
[I](2020-01-13  11:10:15 pm)Reset
[I](2020-01-13  11:10:16 pm)작업 시작 [Start d:1653]
[I](2020-01-13  11:10:16 pm)Nc File: [No.0001-338.NC]
[I](2020-01-13  11:10:16 pm)  * Start Machine Position
[I](2020-01-13  11:10:16 pm)    X:    116.2432
[I](2020-01-13  11:10:16 pm)    Y:   -303.6074
[I](2020-01-13  11:10:16 pm)    U:      0.0000
[I](2020-01-13  11:10:16 pm)    V:      0.0000
[I](2020-01-13  11:10:16 pm)    Z:     48.4182
[I](2020-01-13  11:10:16 pm)  * Angle
[I](2020-01-13  11:10:16 pm)    Ar:     -0.7256,Kr:      0.0000
[I](2020-01-13  11:10:16 pm)    Taper_Ar:      0.0000
[I](2020-01-13  11:10:16 pm)작업중 정지 [d:0][t:00:00:00]
[I](2020-01-13  11:10:16 pm)    [LNo:0001] 000007/000082
