[A](2020-08-13  02:04:06 am)[032] 자동결선 상부 센서 WIRE CONTACT!!
[I](2020-08-13  02:04:06 am)작업중 정지 [d:305][t:05:22:50]
[I](2020-08-13  02:04:06 am)    [LNo:0002] 000445/001902
[A](2020-08-13  02:04:06 am)[009] 자동결선 Error(M20-삽입실패)
[I](2020-08-13  08:47:32 am)작업중 정지 [d:305][t:12:06:16]
[I](2020-08-13  08:47:32 am)    [LNo:0002] 000455/001902
[A](2020-08-13  08:58:29 am)[091] Auto Door Sensor Abnormal
[A](2020-08-13  08:58:30 am)[091] Auto Door Sensor Abnormal
[A](2020-08-13  08:58:30 am)[091] Auto Door Sensor Abnormal
[A](2020-08-13  08:58:31 am)[091] Auto Door Sensor Abnormal
[A](2020-08-13  08:58:31 am)[091] Auto Door Sensor Abnormal
[I](2020-08-13  09:05:23 am)작업 재시작
[I](2020-08-13  11:53:56 am)작업중 정지 [d:461][t:15:12:40]
[I](2020-08-13  11:53:56 am)    [LNo:0002] 000849/001902
[I](2020-08-13  11:53:56 am)작업중 M코드정지 [d:461][t:15:12:40]
[I](2020-08-13  12:01:18 pm)작업중 정지 [d:461][t:15:20:02]
[I](2020-08-13  12:01:18 pm)    [LNo:0002] 000854/001902
[I](2020-08-13  12:01:18 pm)작업중 M코드정지 [d:461][t:15:20:02]
[I](2020-08-13  12:03:57 pm)작업중 정지 [d:462][t:15:22:41]
[I](2020-08-13  12:03:57 pm)    [LNo:0002] 000869/001902
[I](2020-08-13  12:03:57 pm)작업중 M코드정지 [d:462][t:15:22:41]
[I](2020-08-13  12:04:12 pm)작업중 정지 [d:462][t:15:22:56]
[I](2020-08-13  12:04:12 pm)    [LNo:0002] 000870/001902
[I](2020-08-13  12:04:42 pm)작업 재시작
[I](2020-08-13  12:07:08 pm)작업중 정지 [d:463][t:15:25:52]
[I](2020-08-13  12:07:08 pm)    [LNo:0002] 000892/001902
[I](2020-08-13  12:07:08 pm)작업중 M코드정지 [d:463][t:15:25:52]
[I](2020-08-13  12:07:24 pm)작업중 정지 [d:463][t:15:26:08]
[I](2020-08-13  12:07:24 pm)    [LNo:0002] 000893/001902
[I](2020-08-13  12:07:48 pm)작업 재시작
[I](2020-08-13  12:12:38 pm)작업중 정지 [d:463][t:15:31:22]
[I](2020-08-13  12:12:38 pm)    [LNo:0002] 000900/001902
[A](2020-08-13  12:12:39 pm)[009] 자동결선 Error(M20-삽입실패)
[I](2020-08-13  12:40:02 pm)작업중 정지 [d:464][t:15:58:46]
[I](2020-08-13  12:40:02 pm)    [LNo:0002] 000910/001902
[I](2020-08-13  12:40:02 pm)작업중 30sec 접촉 정지 [d:464][t:15:58:46]
[I](2020-08-13  12:40:42 pm)작업 재시작
[I](2020-08-13  12:41:30 pm)작업중 정지 [d:464][t:16:00:14]
[I](2020-08-13  12:41:30 pm)    [LNo:0002] 000915/001902
[I](2020-08-13  12:41:30 pm)작업중 M코드정지 [d:464][t:16:00:14]
[I](2020-08-13  12:42:44 pm)작업중 정지 [d:465][t:16:01:28]
[I](2020-08-13  12:42:44 pm)    [LNo:0002] 000916/001902
[I](2020-08-13  12:42:44 pm)Wire Contact Auto Stop(M52)
[I](2020-08-13  12:43:06 pm)작업 재시작
[I](2020-08-13  12:44:39 pm)작업중 정지 [d:465][t:16:03:23]
[I](2020-08-13  12:44:39 pm)    [LNo:0002] 000933/001902
[I](2020-08-13  12:44:39 pm)작업중 30sec 접촉 정지 [d:465][t:16:03:23]
[I](2020-08-13  12:44:55 pm)작업 재시작
[I](2020-08-13  12:45:44 pm)작업중 정지 [d:466][t:16:04:28]
[I](2020-08-13  12:45:44 pm)    [LNo:0002] 000938/001902
[I](2020-08-13  12:45:44 pm)작업중 M코드정지 [d:466][t:16:04:28]
[I](2020-08-13  12:46:00 pm)작업중 정지 [d:466][t:16:04:44]
[I](2020-08-13  12:46:00 pm)    [LNo:0002] 000939/001902
[I](2020-08-13  12:46:21 pm)작업 재시작
[I](2020-08-13  12:48:28 pm)작업중 정지 [d:467][t:16:07:12]
[I](2020-08-13  12:48:28 pm)    [LNo:0002] 000961/001902
[I](2020-08-13  12:48:28 pm)작업중 M코드정지 [d:467][t:16:07:12]
[I](2020-08-13  12:48:46 pm)작업중 정지 [d:468][t:16:07:30]
[I](2020-08-13  12:48:46 pm)    [LNo:0002] 000962/001902
[I](2020-08-13  12:49:08 pm)작업 재시작
[I](2020-08-13  12:51:34 pm)작업중 정지 [d:469][t:16:10:18]
[I](2020-08-13  12:51:34 pm)    [LNo:0002] 000984/001902
[I](2020-08-13  12:51:34 pm)작업중 M코드정지 [d:469][t:16:10:18]
[A](2020-08-13  12:53:08 pm)[001] 와이어 미동작
[I](2020-08-13  12:53:19 pm)작업중 정지 [d:469][t:16:12:03]
[I](2020-08-13  12:53:19 pm)    [LNo:0002] 000986/001902
[I](2020-08-13  12:53:40 pm)작업 재시작
[I](2020-08-13  12:56:15 pm)작업중 정지 [d:470][t:16:14:59]
[I](2020-08-13  12:56:15 pm)    [LNo:0002] 001008/001902
[I](2020-08-13  12:56:15 pm)작업중 M코드정지 [d:470][t:16:14:59]
[I](2020-08-13  01:03:18 pm)작업중 정지 [d:471][t:16:22:02]
[I](2020-08-13  01:03:18 pm)    [LNo:0002] 001031/001902
[I](2020-08-13  01:03:19 pm)작업중 M코드정지 [d:471][t:16:22:02]
[I](2020-08-13  01:03:34 pm)작업중 정지 [d:471][t:16:22:18]
[I](2020-08-13  01:03:34 pm)    [LNo:0002] 001036/001902
[I](2020-08-13  01:03:56 pm)작업 재시작
[I](2020-08-13  01:05:57 pm)작업중 정지 [d:472][t:16:24:41]
[I](2020-08-13  01:05:57 pm)    [LNo:0002] 001057/001902
[I](2020-08-13  01:05:57 pm)작업중 M코드정지 [d:472][t:16:24:41]
[I](2020-08-13  01:07:07 pm)작업중 정지 [d:472][t:16:25:51]
[I](2020-08-13  01:07:07 pm)    [LNo:0002] 001059/001902
[I](2020-08-13  01:07:31 pm)작업 재시작
[I](2020-08-13  01:09:53 pm)작업중 정지 [d:473][t:16:28:37]
[I](2020-08-13  01:09:53 pm)    [LNo:0002] 001081/001902
[I](2020-08-13  01:09:53 pm)작업중 M코드정지 [d:473][t:16:28:37]
[I](2020-08-13  01:12:19 pm)작업중 정지 [d:473][t:16:31:03]
[I](2020-08-13  01:12:19 pm)    [LNo:0002] 001082/001902
[I](2020-08-13  01:12:53 pm)작업 재시작
[I](2020-08-13  01:15:11 pm)작업중 정지 [d:474][t:16:33:55]
[I](2020-08-13  01:15:11 pm)    [LNo:0002] 001104/001902
[I](2020-08-13  01:15:11 pm)작업중 M코드정지 [d:474][t:16:33:55]
[I](2020-08-13  01:15:38 pm)작업중 정지 [d:474][t:16:34:22]
[I](2020-08-13  01:15:38 pm)    [LNo:0002] 001105/001902
[I](2020-08-13  01:15:59 pm)작업 재시작
[I](2020-08-13  01:18:42 pm)작업중 정지 [d:476][t:16:37:26]
[I](2020-08-13  01:18:42 pm)    [LNo:0002] 001127/001902
[I](2020-08-13  01:18:42 pm)작업중 M코드정지 [d:476][t:16:37:26]
[I](2020-08-13  01:30:16 pm)작업중 정지 [d:476][t:16:49:00]
[I](2020-08-13  01:30:16 pm)    [LNo:0002] 001130/001902
[I](2020-08-13  01:30:40 pm)작업 재시작
[I](2020-08-13  01:33:17 pm)작업중 정지 [d:477][t:16:52:01]
[I](2020-08-13  01:33:17 pm)    [LNo:0002] 001150/001902
[I](2020-08-13  01:33:17 pm)작업중 M코드정지 [d:477][t:16:52:01]
[I](2020-08-13  01:33:53 pm)작업중 정지 [d:477][t:16:52:37]
[I](2020-08-13  01:33:53 pm)    [LNo:0002] 001153/001902
[I](2020-08-13  01:36:41 pm)작업중 정지 [d:478][t:16:55:25]
[I](2020-08-13  01:36:41 pm)    [LNo:0002] 001173/001902
[I](2020-08-13  01:36:41 pm)작업중 M코드정지 [d:478][t:16:55:25]
[I](2020-08-13  01:38:10 pm)작업중 정지 [d:478][t:16:56:54]
[I](2020-08-13  01:38:10 pm)    [LNo:0002] 001174/001902
[I](2020-08-13  01:38:10 pm)Wire Contact Auto Stop(M52)
[I](2020-08-13  01:38:31 pm)작업 재시작
[I](2020-08-13  01:41:31 pm)작업중 정지 [d:479][t:17:00:15]
[I](2020-08-13  01:41:31 pm)    [LNo:0002] 001196/001902
[I](2020-08-13  01:41:31 pm)작업중 M코드정지 [d:479][t:17:00:15]
[I](2020-08-13  01:44:20 pm)작업중 정지 [d:479][t:17:03:04]
[I](2020-08-13  01:44:20 pm)    [LNo:0002] 001197/001902
[I](2020-08-13  01:44:43 pm)작업 재시작
[I](2020-08-13  04:32:09 pm)작업중 정지 [d:619][t:19:50:53]
[I](2020-08-13  04:32:09 pm)    [LNo:0002] 001897/001902
[A](2020-08-13  04:32:50 pm)[084] Work Tank Fluid Sensor Abnormal
[I](2020-08-13  05:03:25 pm)Reset
[I](2020-08-13  05:03:32 pm)Reset
[I](2020-08-13  05:03:36 pm)Reset
[I](2020-08-13  05:05:53 pm)Reset
[I](2020-08-13  05:05:53 pm)Reset
[I](2020-08-13  05:05:53 pm)Reset
[I](2020-08-13  05:05:55 pm)Reset
[I](2020-08-13  05:06:00 pm)Reset
[I](2020-08-13  05:06:00 pm)Reset
[I](2020-08-13  05:06:02 pm)Reset
[I](2020-08-13  05:06:03 pm)Reset
[I](2020-08-13  05:06:36 pm)Reset
[I](2020-08-13  05:06:44 pm)Reset
[I](2020-08-13  05:07:02 pm)Reset
[I](2020-08-13  05:07:12 pm)Reset
[I](2020-08-13  05:09:54 pm)작업 시작 [Start d:868]
[I](2020-08-13  05:09:54 pm)Nc File: [No.0003-379.NC *]
[I](2020-08-13  05:09:54 pm)  * Start Machine Position
[I](2020-08-13  05:09:54 pm)    X:     39.7369
[I](2020-08-13  05:09:54 pm)    Y:   -368.3099
[I](2020-08-13  05:09:54 pm)    U:      0.0007
[I](2020-08-13  05:09:54 pm)    V:     -0.0299
[I](2020-08-13  05:09:54 pm)    Z:     33.4521
[I](2020-08-13  05:09:54 pm)  * Angle
[I](2020-08-13  05:09:54 pm)    Ar:      1.4834,Kr:      0.0000
[I](2020-08-13  05:09:54 pm)    Taper_Ar:      0.0000
[I](2020-08-13  05:12:27 pm)작업중 정지 [d:2][t:00:02:32]
[I](2020-08-13  05:12:27 pm)    [LNo:0003] 000175/000258
[I](2020-08-13  05:12:27 pm)작업중 M코드정지 [d:2][t:00:02:32]
[I](2020-08-13  05:13:52 pm)작업중 정지 [d:4][t:00:03:57]
[I](2020-08-13  05:13:52 pm)    [LNo:0003] 000202/000258
[I](2020-08-13  05:13:52 pm)작업중 M코드정지 [d:4][t:00:03:57]
[I](2020-08-13  05:38:40 pm)작업중 정지 [d:6][t:00:28:45]
[I](2020-08-13  05:38:40 pm)    [LNo:0003] 000252/000258
[I](2020-08-13  05:38:40 pm)작업중 M코드정지 [d:6][t:00:28:45]
[I](2020-08-13  05:42:36 pm)Reset
[I](2020-08-13  05:42:44 pm)Reset
[I](2020-08-13  05:43:13 pm)Reset
[A](2020-08-13  05:44:02 pm)[037] 자동결선 잔여 WIRE 처리 실패!!
[I](2020-08-13  05:46:22 pm)Reset
[I](2020-08-13  05:46:30 pm)Reset
[I](2020-08-13  05:47:04 pm)Reset
[I](2020-08-13  05:47:13 pm)Reset
[I](2020-08-13  05:48:05 pm)작업 시작 [Start d:874]
[I](2020-08-13  05:48:05 pm)Nc File: [No.0003-379.NC *]
[I](2020-08-13  05:48:05 pm)  * Start Machine Position
[I](2020-08-13  05:48:05 pm)    X:     33.8373
[I](2020-08-13  05:48:05 pm)    Y:   -342.6205
[I](2020-08-13  05:48:05 pm)    U:      0.0499
[I](2020-08-13  05:48:05 pm)    V:      0.0009
[I](2020-08-13  05:48:05 pm)    Z:     33.4521
[I](2020-08-13  05:48:05 pm)  * Angle
[I](2020-08-13  05:48:05 pm)    Ar:      1.1319,Kr:      0.0000
[I](2020-08-13  05:48:05 pm)    Taper_Ar:      0.0000
[I](2020-08-13  05:52:00 pm)작업중 정지 [d:3][t:00:03:55]
[I](2020-08-13  05:52:00 pm)    [LNo:0003] 000076/000258
[I](2020-08-13  05:52:00 pm)작업중 M코드정지 [d:3][t:00:03:55]
[I](2020-08-13  05:55:30 pm)작업중 정지 [d:5][t:00:07:24]
[I](2020-08-13  05:55:30 pm)    [LNo:0003] 000116/000258
[I](2020-08-13  05:55:30 pm)작업중 30sec 접촉 정지 [d:5][t:00:07:24]
[I](2020-08-13  05:56:38 pm)작업 재시작
[I](2020-08-13  05:56:41 pm)작업중 정지 [d:5][t:00:08:35]
[I](2020-08-13  05:56:41 pm)    [LNo:0003] 000116/000258
[I](2020-08-13  05:56:44 pm)작업 재시작
[I](2020-08-13  05:56:45 pm)작업중 정지 [d:5][t:00:08:39]
[I](2020-08-13  05:56:45 pm)    [LNo:0003] 000116/000258
[I](2020-08-13  05:56:50 pm)작업 재시작
[I](2020-08-13  05:56:56 pm)작업중 정지 [d:5][t:00:08:50]
[I](2020-08-13  05:56:56 pm)    [LNo:0003] 000117/000258
[I](2020-08-13  05:57:01 pm)작업 재시작
[I](2020-08-13  05:57:04 pm)작업중 정지 [d:5][t:00:08:58]
[I](2020-08-13  05:57:04 pm)    [LNo:0003] 000117/000258
[I](2020-08-13  05:57:09 pm)작업 재시작
[I](2020-08-13  05:57:11 pm)작업중 정지 [d:5][t:00:09:05]
[I](2020-08-13  05:57:11 pm)    [LNo:0003] 000117/000258
[I](2020-08-13  05:57:32 pm)Reset
[I](2020-08-13  05:57:57 pm)작업 시작 [Start d:879]
[I](2020-08-13  05:57:57 pm)Nc File: [No.0003-379.NC *]
[I](2020-08-13  05:57:57 pm)  * Start Machine Position
[I](2020-08-13  05:57:57 pm)    X:     72.5550
[I](2020-08-13  05:57:57 pm)    Y:   -375.0320
[I](2020-08-13  05:57:57 pm)    U:      0.0499
[I](2020-08-13  05:57:57 pm)    V:      0.0009
[I](2020-08-13  05:57:57 pm)    Z:     33.4521
[I](2020-08-13  05:57:57 pm)  * Angle
[I](2020-08-13  05:57:57 pm)    Ar:      1.1319,Kr:      0.0000
[I](2020-08-13  05:57:57 pm)    Taper_Ar:      0.0000
[I](2020-08-13  05:57:58 pm)작업중 정지 [d:0][t:00:00:01]
[I](2020-08-13  05:57:58 pm)    [LNo:0003] 000110/000258
[I](2020-08-13  05:58:11 pm)작업중 정지 [d:0][t:00:00:14]
[I](2020-08-13  05:58:11 pm)    [LNo:0003] 000111/000258
[I](2020-08-13  05:58:41 pm)작업중 정지 [d:1][t:00:00:44]
[I](2020-08-13  05:58:41 pm)    [LNo:0003] 000120/000258
[A](2020-08-13  05:59:26 pm)[037] 자동결선 잔여 WIRE 처리 실패!!
[I](2020-08-13  05:59:40 pm)Reset
[I](2020-08-13  05:59:50 pm)Reset
[I](2020-08-13  05:59:50 pm)Reset
[I](2020-08-13  05:59:59 pm)작업 시작 [Start d:880]
[I](2020-08-13  05:59:59 pm)Nc File: [No.0003-379.NC *]
[I](2020-08-13  05:59:59 pm)  * Start Machine Position
[I](2020-08-13  05:59:59 pm)    X:     33.8371
[I](2020-08-13  05:59:59 pm)    Y:   -342.6206
[I](2020-08-13  05:59:59 pm)    U:      0.0499
[I](2020-08-13  05:59:59 pm)    V:      0.0009
[I](2020-08-13  05:59:59 pm)    Z:     33.4521
[I](2020-08-13  05:59:59 pm)  * Angle
[I](2020-08-13  05:59:59 pm)    Ar:      1.1319,Kr:      0.0000
[I](2020-08-13  05:59:59 pm)    Taper_Ar:      0.0000
[I](2020-08-13  06:00:28 pm)작업중 정지 [d:0][t:00:00:29]
[I](2020-08-13  06:00:28 pm)    [LNo:0003] 000083/000258
[I](2020-08-13  06:00:53 pm)작업중 정지 [d:1][t:00:00:53]
[I](2020-08-13  06:00:53 pm)    [LNo:0003] 000100/000258
[I](2020-08-13  06:00:53 pm)작업중 M코드정지 [d:1][t:00:00:53]
[I](2020-08-13  06:01:20 pm)작업중 정지 [d:1][t:00:01:20]
[I](2020-08-13  06:01:20 pm)    [LNo:0003] 000103/000258
[I](2020-08-13  06:01:20 pm)작업중 M코드정지 [d:1][t:00:01:20]
[I](2020-08-13  06:01:24 pm)작업중 정지 [d:1][t:00:01:25]
[I](2020-08-13  06:01:24 pm)    [LNo:0003] 000103/000258
[I](2020-08-13  06:01:26 pm)작업중 정지 [d:1][t:00:01:26]
[I](2020-08-13  06:01:26 pm)    [LNo:0003] 000105/000258
[I](2020-08-13  06:01:33 pm)작업 재시작
[I](2020-08-13  06:01:35 pm)작업중 정지 [d:1][t:00:01:35]
[I](2020-08-13  06:01:35 pm)    [LNo:0003] 000105/000258
[I](2020-08-13  06:01:49 pm)작업 재시작
[I](2020-08-13  06:01:51 pm)작업중 정지 [d:1][t:00:01:51]
[I](2020-08-13  06:01:51 pm)    [LNo:0003] 000105/000258
[I](2020-08-13  06:01:54 pm)작업 재시작
[I](2020-08-13  06:01:56 pm)작업중 정지 [d:1][t:00:01:56]
[I](2020-08-13  06:01:56 pm)    [LNo:0003] 000105/000258
[I](2020-08-13  06:01:57 pm)작업 재시작
[I](2020-08-13  06:02:06 pm)작업중 정지 [d:1][t:00:02:06]
[I](2020-08-13  06:02:06 pm)    [LNo:0003] 000110/000258
[I](2020-08-13  06:02:08 pm)작업중 정지 [d:1][t:00:02:08]
[I](2020-08-13  06:02:08 pm)    [LNo:0003] 000110/000258
[I](2020-08-13  06:02:10 pm)작업중 정지 [d:1][t:00:02:10]
[I](2020-08-13  06:02:10 pm)    [LNo:0003] 000110/000258
[I](2020-08-13  06:02:12 pm)작업중 정지 [d:1][t:00:02:12]
[I](2020-08-13  06:02:12 pm)    [LNo:0003] 000111/000258
[I](2020-08-13  06:02:14 pm)작업중 정지 [d:1][t:00:02:14]
[I](2020-08-13  06:02:14 pm)    [LNo:0003] 000111/000258
[A](2020-08-13  06:02:14 pm)[001] 와이어 미동작
[I](2020-08-13  06:02:16 pm)작업중 정지 [d:1][t:00:02:17]
[I](2020-08-13  06:02:16 pm)    [LNo:0003] 000112/000258
[I](2020-08-13  06:02:19 pm)작업중 정지 [d:1][t:00:02:20]
[I](2020-08-13  06:02:19 pm)    [LNo:0003] 000116/000258
[I](2020-08-13  06:02:20 pm)작업 재시작
[I](2020-08-13  06:02:27 pm)작업중 정지 [d:1][t:00:02:27]
[I](2020-08-13  06:02:27 pm)    [LNo:0003] 000117/000258
[I](2020-08-13  06:02:31 pm)작업 재시작
[I](2020-08-13  06:02:36 pm)작업중 정지 [d:1][t:00:02:37]
[I](2020-08-13  06:02:36 pm)    [LNo:0003] 000117/000258
[I](2020-08-13  06:02:36 pm)작업중 30sec 접촉 정지 [d:1][t:00:02:37]
[I](2020-08-13  06:02:40 pm)작업 재시작
[I](2020-08-13  06:02:42 pm)작업중 정지 [d:2][t:00:02:42]
[I](2020-08-13  06:02:42 pm)    [LNo:0003] 000117/000258
[I](2020-08-13  06:02:44 pm)작업 재시작
[I](2020-08-13  06:02:44 pm)작업중 정지 [d:2][t:00:02:45]
[I](2020-08-13  06:02:44 pm)    [LNo:0003] 000117/000258
[I](2020-08-13  06:02:49 pm)작업 재시작
[I](2020-08-13  06:02:55 pm)작업중 정지 [d:2][t:00:02:56]
[I](2020-08-13  06:02:55 pm)    [LNo:0003] 000118/000258
[I](2020-08-13  06:02:56 pm)작업 재시작
[I](2020-08-13  06:02:57 pm)작업중 정지 [d:2][t:00:02:57]
[I](2020-08-13  06:02:57 pm)    [LNo:0003] 000118/000258
[I](2020-08-13  06:04:03 pm)Reset
[I](2020-08-13  06:04:15 pm)작업 시작 [Start d:882]
[I](2020-08-13  06:04:15 pm)Nc File: [No.0003-379.NC *]
[I](2020-08-13  06:04:15 pm)  * Start Machine Position
[I](2020-08-13  06:04:15 pm)    X:     33.8371
[I](2020-08-13  06:04:15 pm)    Y:   -342.6206
[I](2020-08-13  06:04:15 pm)    U:      0.0499
[I](2020-08-13  06:04:15 pm)    V:      0.0009
[I](2020-08-13  06:04:15 pm)    Z:     33.4521
[I](2020-08-13  06:04:15 pm)  * Angle
[I](2020-08-13  06:04:15 pm)    Ar:      1.1319,Kr:      0.0000
[I](2020-08-13  06:04:15 pm)    Taper_Ar:      0.0000
[A](2020-08-13  06:04:42 pm)[032] 자동결선 상부 센서 WIRE CONTACT!!
[I](2020-08-13  06:04:42 pm)작업중 정지 [d:0][t:00:00:27]
[I](2020-08-13  06:04:42 pm)    [LNo:0003] 000083/000258
[A](2020-08-13  06:04:42 pm)[009] 자동결선 Error(M20-삽입실패)
[A](2020-08-13  06:05:22 pm)[037] 자동결선 잔여 WIRE 처리 실패!!
[A](2020-08-13  06:05:55 pm)[002] 가공액 미동작
[I](2020-08-13  06:06:40 pm)작업중 정지 [d:0][t:00:02:25]
[I](2020-08-13  06:06:40 pm)    [LNo:0003] 000100/000258
[I](2020-08-13  06:06:40 pm)작업중 M코드정지 [d:0][t:00:02:25]
[I](2020-08-13  06:06:57 pm)작업중 정지 [d:0][t:00:02:41]
[I](2020-08-13  06:06:57 pm)    [LNo:0003] 000102/000258
[I](2020-08-13  06:08:01 pm)Reset
[I](2020-08-13  06:08:15 pm)Reset
[I](2020-08-13  06:53:19 pm)Reset
[I](2020-08-13  06:53:32 pm)Reset
[I](2020-08-13  06:55:39 pm)Reset
[I](2020-08-13  06:55:45 pm)Reset
[I](2020-08-13  06:55:48 pm)Reset
[I](2020-08-13  07:06:53 pm)Reset
[I](2020-08-13  07:06:57 pm)Reset
[I](2020-08-13  07:10:59 pm)Reset
[I](2020-08-13  07:12:32 pm)Reset
[I](2020-08-13  07:12:35 pm)Reset
[I](2020-08-13  07:12:35 pm)Reset
[I](2020-08-13  07:13:03 pm)Reset
[I](2020-08-13  07:13:23 pm)Reset
[I](2020-08-13  07:13:35 pm)Reset
[I](2020-08-13  07:13:57 pm)Reset
[I](2020-08-13  07:14:22 pm)Reset
[I](2020-08-13  07:14:31 pm)Reset
[I](2020-08-13  07:18:50 pm)Reset
[I](2020-08-13  07:18:57 pm)Reset
[I](2020-08-13  07:18:58 pm)Reset
[I](2020-08-13  07:19:45 pm)Reset
[I](2020-08-13  07:19:46 pm)작업 시작 [Start d:882]
[I](2020-08-13  07:19:46 pm)Nc File: [No.0005-381.NC]
[I](2020-08-13  07:19:46 pm)  * Start Machine Position
[I](2020-08-13  07:19:46 pm)    X:    238.9597
[I](2020-08-13  07:19:46 pm)    Y:   -357.8549
[I](2020-08-13  07:19:46 pm)    U:      0.0000
[I](2020-08-13  07:19:46 pm)    V:      0.0000
[I](2020-08-13  07:19:46 pm)    Z:     30.5235
[I](2020-08-13  07:19:46 pm)  * Angle
[I](2020-08-13  07:19:46 pm)    Ar:     -0.1548,Kr:      0.0000
[I](2020-08-13  07:19:46 pm)    Taper_Ar:      0.0000
[I](2020-08-13  08:19:21 pm)작업중 정지 [d:59][t:00:59:34]
[I](2020-08-13  08:19:21 pm)    [LNo:0005] 000059/000072
[I](2020-08-13  08:19:21 pm)작업중 M코드정지 [d:59][t:00:59:34]
[I](2020-08-13  08:24:11 pm)작업중 정지 [d:59][t:01:04:24]
[I](2020-08-13  08:24:11 pm)    [LNo:0005] 000062/000072
[I](2020-08-13  08:24:11 pm)작업중 M코드정지 [d:59][t:01:04:24]
[I](2020-08-13  08:24:47 pm)작업중 정지 [d:59][t:01:05:01]
[I](2020-08-13  08:24:47 pm)    [LNo:0005] 000065/000072
[I](2020-08-13  08:24:48 pm)작업중 M코드정지 [d:59][t:01:05:01]
[A](2020-08-13  08:45:36 pm)[091] Auto Door Sensor Abnormal
[I](2020-08-13  08:54:42 pm)Reset
[I](2020-08-13  08:54:48 pm)Reset
[I](2020-08-13  08:54:53 pm)Reset
[I](2020-08-13  08:55:00 pm)Reset
[I](2020-08-13  09:00:58 pm)Reset
[I](2020-08-13  09:01:04 pm)Reset
[I](2020-08-13  09:01:09 pm)Reset
[I](2020-08-13  09:01:09 pm)Reset
[I](2020-08-13  09:01:09 pm)Reset
[I](2020-08-13  09:03:20 pm)Reset
[I](2020-08-13  09:03:21 pm)Reset
[I](2020-08-13  09:03:21 pm)Reset
[I](2020-08-13  09:16:09 pm)Reset
[I](2020-08-13  09:16:10 pm)Reset
[I](2020-08-13  09:59:44 pm)Reset
[I](2020-08-13  09:59:45 pm)Reset
[I](2020-08-13  09:59:45 pm)Reset
[I](2020-08-13  10:02:22 pm)Reset
[I](2020-08-13  10:02:22 pm)Reset
[I](2020-08-13  10:02:23 pm)Reset
[I](2020-08-13  10:03:07 pm)작업 시작 [Start d:941]
[I](2020-08-13  10:03:07 pm)Nc File: [No.0006-679.NC]
[I](2020-08-13  10:03:07 pm)  * Start Machine Position
[I](2020-08-13  10:03:07 pm)    X:     48.7342
[I](2020-08-13  10:03:07 pm)    Y:   -368.4038
[I](2020-08-13  10:03:07 pm)    U:      0.0000
[I](2020-08-13  10:03:07 pm)    V:      0.0000
[I](2020-08-13  10:03:07 pm)    Z:     30.4755
[I](2020-08-13  10:03:07 pm)  * Angle
[I](2020-08-13  10:03:07 pm)    Ar:      0.2438,Kr:      0.0000
[I](2020-08-13  10:03:07 pm)    Taper_Ar:      0.0000
[I](2020-08-13  10:03:41 pm)작업중 정지 [d:0][t:00:00:33]
[I](2020-08-13  10:03:41 pm)    [LNo:0006] 001463/002266
[I](2020-08-13  10:09:16 pm)Reset
[I](2020-08-13  10:09:16 pm)Reset
[I](2020-08-13  10:10:23 pm)작업 시작 [Start d:0]
[I](2020-08-13  10:10:23 pm)Nc File: [No.0006-679.NC]
[I](2020-08-13  10:10:23 pm)  * Start Machine Position
[I](2020-08-13  10:10:23 pm)    X:     48.7342
[I](2020-08-13  10:10:23 pm)    Y:   -368.4038
[I](2020-08-13  10:10:23 pm)    U:      0.0000
[I](2020-08-13  10:10:23 pm)    V:      0.0000
[I](2020-08-13  10:10:23 pm)    Z:     30.4755
[I](2020-08-13  10:10:23 pm)  * Angle
[I](2020-08-13  10:10:23 pm)    Ar:      0.2438,Kr:      0.0000
[I](2020-08-13  10:10:23 pm)    Taper_Ar:      0.0000
[I](2020-08-13  10:18:51 pm)작업중 정지 [d:9][t:00:08:28]
[I](2020-08-13  10:18:51 pm)    [LNo:0006] 000021/002266
[I](2020-08-13  10:18:51 pm)작업중 M코드정지 [d:9][t:00:08:28]
[I](2020-08-13  10:19:31 pm)작업중 정지 [d:9][t:00:09:08]
[I](2020-08-13  10:19:31 pm)    [LNo:0006] 000022/002266
[I](2020-08-13  10:20:03 pm)작업 재시작
[I](2020-08-13  10:20:07 pm)작업중 정지 [d:9][t:00:09:44]
[I](2020-08-13  10:20:07 pm)    [LNo:0006] 000024/002266
[I](2020-08-13  10:20:08 pm)작업중 M코드정지 [d:9][t:00:09:44]
[I](2020-08-13  10:46:53 pm)작업중 정지 [d:35][t:00:36:30]
[I](2020-08-13  10:46:53 pm)    [LNo:0006] 000088/002266
[I](2020-08-13  10:46:53 pm)작업중 30sec 접촉 정지 [d:35][t:00:36:30]
[I](2020-08-13  10:49:13 pm)작업 재시작
[I](2020-08-13  11:01:24 pm)작업중 정지 [d:47][t:00:51:01]
[I](2020-08-13  11:01:24 pm)    [LNo:0006] 000118/002266
[I](2020-08-13  11:01:24 pm)작업중 M코드정지 [d:47][t:00:51:01]
[I](2020-08-13  11:01:54 pm)작업중 정지 [d:47][t:00:51:30]
[I](2020-08-13  11:01:54 pm)    [LNo:0006] 000119/002266
[I](2020-08-13  11:01:54 pm)Wire Contact Auto Stop(M52)
[I](2020-08-13  11:02:04 pm)작업 재시작
[I](2020-08-13  11:02:05 pm)작업중 정지 [d:47][t:00:51:42]
[I](2020-08-13  11:02:05 pm)    [LNo:0006] 000119/002266
[I](2020-08-13  11:04:15 pm)작업 재시작
[I](2020-08-13  11:04:22 pm)작업중 정지 [d:47][t:00:53:59]
[I](2020-08-13  11:04:22 pm)    [LNo:0006] 000120/002266
[I](2020-08-13  11:04:22 pm)작업중 M코드정지 [d:47][t:00:53:59]
[I](2020-08-13  11:13:20 pm)작업중 정지 [d:54][t:01:02:57]
[I](2020-08-13  11:13:20 pm)    [LNo:0006] 000143/002266
[I](2020-08-13  11:13:21 pm)작업중 M코드정지 [d:54][t:01:02:57]
[I](2020-08-13  11:16:00 pm)작업중 정지 [d:54][t:01:05:37]
[I](2020-08-13  11:16:00 pm)    [LNo:0006] 000144/002266
[I](2020-08-13  11:16:28 pm)작업 재시작
[I](2020-08-13  11:16:34 pm)작업중 정지 [d:54][t:01:06:11]
[I](2020-08-13  11:16:34 pm)    [LNo:0006] 000146/002266
[I](2020-08-13  11:16:34 pm)작업중 M코드정지 [d:54][t:01:06:11]
[I](2020-08-13  11:54:27 pm)작업중 정지 [d:87][t:01:44:04]
[I](2020-08-13  11:54:27 pm)    [LNo:0006] 000241/002266
[I](2020-08-13  11:54:27 pm)작업중 M코드정지 [d:87][t:01:44:04]
[I](2020-08-13  11:54:42 pm)작업중 정지 [d:88][t:01:44:19]
[I](2020-08-13  11:54:42 pm)    [LNo:0006] 000242/002266
[I](2020-08-13  11:54:42 pm)Wire Contact Auto Stop(M52)
[I](2020-08-13  11:56:05 pm)작업 재시작
[I](2020-08-13  11:56:10 pm)작업중 정지 [d:88][t:01:45:47]
[I](2020-08-13  11:56:10 pm)    [LNo:0006] 000243/002266
[I](2020-08-13  11:56:11 pm)작업중 M코드정지 [d:88][t:01:45:47]
