[I](2020-09-08  12:20:16 am)작업중 정지 [d:56][t:01:03:18]
[I](2020-09-08  12:20:16 am)    [LNo:0002] 000162/000174
[I](2020-09-08  12:20:16 am)작업중 M코드정지 [d:56][t:01:03:18]
[I](2020-09-08  12:20:45 am)작업중 정지 [d:56][t:01:03:48]
[I](2020-09-08  12:20:45 am)    [LNo:0002] 000164/000174
[I](2020-09-08  12:20:45 am)작업중 M코드정지 [d:56][t:01:03:48]
[I](2020-09-08  12:26:30 am)Reset
[I](2020-09-08  12:26:30 am)Reset
[I](2020-09-08  12:26:31 am)Reset
[I](2020-09-08  12:26:38 am)Reset
[I](2020-09-08  12:28:56 am)Reset
[I](2020-09-08  12:28:57 am)Reset
[I](2020-09-08  12:30:42 am)작업 시작 [Start d:60]
[I](2020-09-08  12:30:42 am)Nc File: [No.0003-641.NC]
[I](2020-09-08  12:30:42 am)  * Start Machine Position
[I](2020-09-08  12:30:42 am)    X:    174.9662
[I](2020-09-08  12:30:42 am)    Y:   -301.8650
[I](2020-09-08  12:30:42 am)    U:      0.0000
[I](2020-09-08  12:30:42 am)    V:      0.0000
[I](2020-09-08  12:30:42 am)    Z:     30.4697
[I](2020-09-08  12:30:42 am)  * Angle
[I](2020-09-08  12:30:42 am)    Ar:      0.0448,Kr:      0.0000
[I](2020-09-08  12:30:42 am)    Taper_Ar:      0.0000
[I](2020-09-08  12:35:29 am)작업중 정지 [d:5][t:00:04:46]
[I](2020-09-08  12:35:29 am)    [LNo:0003] 000021/000215
[I](2020-09-08  12:35:29 am)작업중 M코드정지 [d:5][t:00:04:46]
[I](2020-09-08  12:35:58 am)작업중 정지 [d:5][t:00:05:16]
[I](2020-09-08  12:35:58 am)    [LNo:0003] 000024/000215
[I](2020-09-08  12:35:58 am)작업중 M코드정지 [d:5][t:00:05:16]
[I](2020-09-08  12:58:31 am)작업중 정지 [d:26][t:00:27:49]
[I](2020-09-08  12:58:31 am)    [LNo:0003] 000107/000215
[I](2020-09-08  12:58:31 am)작업중 M코드정지 [d:26][t:00:27:49]
[I](2020-09-08  12:59:04 am)작업중 정지 [d:26][t:00:28:21]
[I](2020-09-08  12:59:04 am)    [LNo:0003] 000108/000215
[I](2020-09-08  12:59:04 am)Wire Contact Auto Stop(M52)
[I](2020-09-08  12:59:36 am)작업 재시작
[I](2020-09-08  12:59:38 am)작업중 정지 [d:26][t:00:28:55]
[I](2020-09-08  12:59:38 am)    [LNo:0003] 000109/000215
[I](2020-09-08  12:59:38 am)작업중 M코드정지 [d:26][t:00:28:55]
[I](2020-09-08  02:14:52 am)작업중 정지 [d:100][t:01:44:09]
[I](2020-09-08  02:14:52 am)    [LNo:0003] 000203/000215
[I](2020-09-08  02:14:52 am)작업중 M코드정지 [d:100][t:01:44:09]
[I](2020-09-08  02:15:33 am)작업중 정지 [d:100][t:01:44:50]
[I](2020-09-08  02:15:33 am)    [LNo:0003] 000205/000215
[I](2020-09-08  02:15:33 am)작업중 M코드정지 [d:100][t:01:44:51]
[I](2020-09-08  02:17:51 am)Reset
[I](2020-09-08  02:17:52 am)Reset
[I](2020-09-08  02:17:52 am)Reset
[I](2020-09-08  02:18:03 am)Reset
[I](2020-09-08  02:20:02 am)Reset
[I](2020-09-08  02:20:02 am)Reset
[I](2020-09-08  02:21:51 am)작업 시작 [Start d:160]
[I](2020-09-08  02:21:51 am)Nc File: [No.0004-667.NC]
[I](2020-09-08  02:21:51 am)  * Start Machine Position
[I](2020-09-08  02:21:51 am)    X:     75.0420
[I](2020-09-08  02:21:51 am)    Y:   -343.9543
[I](2020-09-08  02:21:51 am)    U:      0.0000
[I](2020-09-08  02:21:51 am)    V:      0.0000
[I](2020-09-08  02:21:51 am)    Z:     30.4697
[I](2020-09-08  02:21:51 am)  * Angle
[I](2020-09-08  02:21:51 am)    Ar:      0.0448,Kr:      0.0000
[I](2020-09-08  02:21:51 am)    Taper_Ar:      0.0000
[I](2020-09-08  02:22:47 am)작업중 정지 [d:1][t:00:00:56]
[I](2020-09-08  02:22:47 am)    [LNo:0004] 000018/000181
[A](2020-09-08  02:22:47 am)[008] 작업중 단선(AWF Feed Motor Stop )
[I](2020-09-08  02:22:47 am)작업중 Wire 단선 [d:1][t:00:00:56]
[I](2020-09-08  02:26:08 am)작업 재시작
[I](2020-09-08  02:53:38 am)작업중 정지 [d:28][t:00:31:46]
[I](2020-09-08  02:53:38 am)    [LNo:0004] 000035/000181
[I](2020-09-08  02:53:38 am)작업중 M코드정지 [d:28][t:00:31:46]
[I](2020-09-08  02:57:01 am)작업중 정지 [d:28][t:00:35:10]
[I](2020-09-08  02:57:01 am)    [LNo:0004] 000038/000181
[I](2020-09-08  02:57:01 am)작업중 M코드정지 [d:28][t:00:35:10]
[I](2020-09-08  03:41:54 am)작업중 정지 [d:71][t:01:20:03]
[I](2020-09-08  03:41:54 am)    [LNo:0004] 000169/000181
[I](2020-09-08  03:41:54 am)작업중 M코드정지 [d:71][t:01:20:03]
[I](2020-09-08  03:55:37 am)작업중 정지 [d:71][t:01:33:46]
[I](2020-09-08  03:55:37 am)    [LNo:0004] 000171/000181
[I](2020-09-08  03:55:37 am)작업중 M코드정지 [d:71][t:01:33:46]
[I](2020-09-08  04:01:41 am)Reset
[I](2020-09-08  04:01:41 am)Reset
[I](2020-09-08  04:01:50 am)Reset
[I](2020-09-08  04:01:51 am)Reset
[I](2020-09-08  04:02:59 am)Reset
[I](2020-09-08  04:13:12 am)Reset
[I](2020-09-08  04:13:12 am)Reset
[I](2020-09-08  04:13:55 am)Reset
[I](2020-09-08  04:13:56 am)Reset
[I](2020-09-08  04:14:25 am)Reset
[I](2020-09-08  04:14:52 am)Reset
[I](2020-09-08  04:15:08 am)Reset
[I](2020-09-08  04:15:08 am)Reset
[I](2020-09-08  04:16:04 am)작업 시작 [Start d:231]
[I](2020-09-08  04:16:04 am)Nc File: [No.0006-643.NC]
[I](2020-09-08  04:16:04 am)  * Start Machine Position
[I](2020-09-08  04:16:04 am)    X:    553.0027
[I](2020-09-08  04:16:04 am)    Y:   -360.3656
[I](2020-09-08  04:16:04 am)    U:     -0.3367
[I](2020-09-08  04:16:04 am)    V:      0.0236
[I](2020-09-08  04:16:04 am)    Z:     65.1622
[I](2020-09-08  04:16:04 am)  * Angle
[I](2020-09-08  04:16:04 am)    Ar:     -0.6147,Kr:      0.0000
[I](2020-09-08  04:16:04 am)    Taper_Ar:      0.0000
[I](2020-09-08  04:16:07 am)작업중 정지 [d:0][t:00:00:02]
[I](2020-09-08  04:16:07 am)    [LNo:0006] 000010/000073
[I](2020-09-08  04:16:07 am)작업중 M코드정지 [d:0][t:00:00:02]
[I](2020-09-08  04:42:48 am)작업중 정지 [d:26][t:00:26:43]
[I](2020-09-08  04:42:48 am)    [LNo:0006] 000034/000073
[I](2020-09-08  04:42:48 am)작업중 M코드정지 [d:26][t:00:26:43]
[I](2020-09-08  04:44:11 am)작업중 정지 [d:26][t:00:28:06]
[I](2020-09-08  04:44:11 am)    [LNo:0006] 000037/000073
[I](2020-09-08  04:44:11 am)작업중 M코드정지 [d:26][t:00:28:06]
[I](2020-09-08  04:55:12 am)작업중 정지 [d:36][t:00:39:07]
[I](2020-09-08  04:55:12 am)    [LNo:0006] 000069/000073
[I](2020-09-08  04:55:12 am)작업중 M코드정지 [d:36][t:00:39:07]
[I](2020-09-08  05:00:59 am)Reset
[I](2020-09-08  05:00:59 am)Reset
[I](2020-09-08  05:01:00 am)Reset
[I](2020-09-08  05:01:07 am)Reset
[I](2020-09-08  05:01:07 am)Reset
[I](2020-09-08  05:01:17 am)Reset
[I](2020-09-08  05:15:25 am)Reset
[I](2020-09-08  05:18:32 am)작업 시작 [Start d:267]
[I](2020-09-08  05:18:32 am)Nc File: [No.0005-655.NC]
[I](2020-09-08  05:18:32 am)  * Start Machine Position
[I](2020-09-08  05:18:32 am)    X:     79.0746
[I](2020-09-08  05:18:32 am)    Y:   -308.3734
[I](2020-09-08  05:18:32 am)    U:      0.0000
[I](2020-09-08  05:18:32 am)    V:      0.0000
[I](2020-09-08  05:18:32 am)    Z:     30.4282
[I](2020-09-08  05:18:32 am)  * Angle
[I](2020-09-08  05:18:32 am)    Ar:      0.0448,Kr:      0.0000
[I](2020-09-08  05:18:32 am)    Taper_Ar:      0.0000
[I](2020-09-08  05:23:58 am)작업중 정지 [d:6][t:00:05:25]
[I](2020-09-08  05:23:58 am)    [LNo:0005] 000020/000300
[I](2020-09-08  05:23:58 am)작업중 M코드정지 [d:6][t:00:05:25]
[I](2020-09-08  05:24:53 am)작업중 정지 [d:6][t:00:06:21]
[I](2020-09-08  05:24:53 am)    [LNo:0005] 000021/000300
[I](2020-09-08  05:25:57 am)작업 재시작
[I](2020-09-08  05:26:08 am)작업중 정지 [d:6][t:00:07:36]
[I](2020-09-08  05:26:08 am)    [LNo:0005] 000023/000300
[I](2020-09-08  05:26:08 am)작업중 M코드정지 [d:6][t:00:07:36]
[I](2020-09-08  05:33:05 am)작업중 정지 [d:11][t:00:14:33]
[I](2020-09-08  05:33:05 am)    [LNo:0005] 000045/000300
[I](2020-09-08  05:33:05 am)작업중 M코드정지 [d:11][t:00:14:33]
[I](2020-09-08  05:33:42 am)작업중 정지 [d:11][t:00:15:10]
[I](2020-09-08  05:33:42 am)    [LNo:0005] 000048/000300
[I](2020-09-08  05:33:42 am)작업중 M코드정지 [d:11][t:00:15:10]
[I](2020-09-08  05:44:04 am)작업중 정지 [d:20][t:00:25:31]
[I](2020-09-08  05:44:04 am)    [LNo:0005] 000075/000300
[I](2020-09-08  05:51:06 am)작업 재시작
[I](2020-09-08  06:57:43 am)작업중 정지 [d:86][t:01:39:11]
[I](2020-09-08  06:57:43 am)    [LNo:0005] 000142/000300
[I](2020-09-08  06:57:43 am)작업중 M코드정지 [d:86][t:01:39:11]
[I](2020-09-08  07:05:18 am)작업중 정지 [d:86][t:01:46:45]
[I](2020-09-08  07:05:18 am)    [LNo:0005] 000144/000300
[I](2020-09-08  07:05:18 am)작업중 M코드정지 [d:86][t:01:46:45]
[I](2020-09-08  07:14:18 am)작업중 정지 [d:91][t:01:55:45]
[I](2020-09-08  07:14:18 am)    [LNo:0005] 000166/000300
[I](2020-09-08  07:14:18 am)작업중 M코드정지 [d:91][t:01:55:45]
[I](2020-09-08  07:17:11 am)작업중 정지 [d:91][t:01:58:39]
[I](2020-09-08  07:17:11 am)    [LNo:0005] 000169/000300
[I](2020-09-08  07:17:11 am)작업중 M코드정지 [d:91][t:01:58:39]
[I](2020-09-08  07:24:43 am)작업중 정지 [d:96][t:02:06:10]
[I](2020-09-08  07:24:43 am)    [LNo:0005] 000191/000300
[I](2020-09-08  07:24:43 am)작업중 M코드정지 [d:96][t:02:06:10]
[I](2020-09-08  07:29:58 am)작업중 정지 [d:97][t:02:11:26]
[I](2020-09-08  07:29:58 am)    [LNo:0005] 000194/000300
[I](2020-09-08  07:29:58 am)작업중 M코드정지 [d:97][t:02:11:26]
[I](2020-09-08  08:46:50 am)작업중 정지 [d:173][t:03:28:18]
[I](2020-09-08  08:46:50 am)    [LNo:0005] 000288/000300
[I](2020-09-08  08:46:50 am)작업중 M코드정지 [d:173][t:03:28:18]
[I](2020-09-08  08:55:01 am)작업중 정지 [d:173][t:03:36:29]
[I](2020-09-08  08:55:01 am)    [LNo:0005] 000290/000300
[I](2020-09-08  08:55:01 am)작업중 M코드정지 [d:173][t:03:36:29]
[I](2020-09-08  09:01:21 am)Reset
[I](2020-09-08  09:01:29 am)Reset
[I](2020-09-08  09:01:45 am)Reset
[I](2020-09-08  09:13:35 am)Reset
[I](2020-09-08  09:13:44 am)Reset
[I](2020-09-08  09:14:08 am)Reset
[I](2020-09-08  09:14:27 am)Reset
[I](2020-09-08  09:14:34 am)Reset
[I](2020-09-08  09:14:51 am)Reset
[I](2020-09-08  09:15:15 am)Reset
[I](2020-09-08  09:15:24 am)Reset
[I](2020-09-08  09:18:07 am)Reset
[I](2020-09-08  09:18:52 am)Reset
[I](2020-09-08  09:19:01 am)작업 시작 [Start d:440]
[I](2020-09-08  09:19:01 am)Nc File: [No.0007-657.NC]
[I](2020-09-08  09:19:01 am)  * Start Machine Position
[I](2020-09-08  09:19:01 am)    X:    156.0264
[I](2020-09-08  09:19:01 am)    Y:   -188.1253
[I](2020-09-08  09:19:01 am)    U:      0.0000
[I](2020-09-08  09:19:01 am)    V:      0.0000
[I](2020-09-08  09:19:01 am)    Z:     30.6242
[I](2020-09-08  09:19:01 am)  * Angle
[I](2020-09-08  09:19:01 am)    Ar:     -0.3007,Kr:      0.0000
[I](2020-09-08  09:19:01 am)    Taper_Ar:      0.0000
[I](2020-09-08  09:19:21 am)작업중 정지 [d:0][t:00:00:20]
[I](2020-09-08  09:19:21 am)    [LNo:0007] 000013/000219
[A](2020-09-08  09:19:31 am)[041] AWF 명령끝날때까지 센서감지(타임아웃) 안됨
[I](2020-09-08  09:20:09 am)작업중 정지 [d:0][t:00:01:08]
[I](2020-09-08  09:20:09 am)    [LNo:0007] 000016/000219
[A](2020-09-08  09:20:09 am)[001] 와이어 미동작
[A](2020-09-08  09:21:35 am)[037] 자동결선 잔여 WIRE 처리 실패!!
[I](2020-09-08  09:22:50 am)작업중 정지 [d:1][t:00:03:48]
[I](2020-09-08  09:22:50 am)    [LNo:0007] 000039/000219
[I](2020-09-08  09:22:50 am)작업중 M코드정지 [d:1][t:00:03:48]
[I](2020-09-08  09:22:53 am)작업중 정지 [d:1][t:00:03:51]
[I](2020-09-08  09:22:53 am)    [LNo:0007] 000041/000219
[I](2020-09-08  09:22:53 am)작업중 M코드정지 [d:1][t:00:03:51]
[I](2020-09-08  09:22:56 am)작업중 정지 [d:1][t:00:03:55]
[I](2020-09-08  09:22:56 am)    [LNo:0007] 000044/000219
[I](2020-09-08  09:22:57 am)작업중 정지 [d:1][t:00:03:56]
[I](2020-09-08  09:22:57 am)    [LNo:0007] 000044/000219
[A](2020-09-08  09:22:57 am)[010] 자동결선 Error(M21-절단실패)
[I](2020-09-08  09:23:04 am)작업중 정지 [d:1][t:00:04:03]
[I](2020-09-08  09:23:04 am)    [LNo:0007] 000050/000219
[I](2020-09-08  09:23:27 am)작업중 정지 [d:1][t:00:04:26]
[I](2020-09-08  09:23:27 am)    [LNo:0007] 000057/000219
[I](2020-09-08  09:56:42 am)작업중 정지 [d:34][t:00:37:41]
[I](2020-09-08  09:56:42 am)    [LNo:0007] 000091/000219
[I](2020-09-08  09:56:42 am)작업중 M코드정지 [d:34][t:00:37:41]
[I](2020-09-08  09:57:38 am)작업중 정지 [d:34][t:00:38:36]
[I](2020-09-08  09:57:38 am)    [LNo:0007] 000094/000219
[I](2020-09-08  09:57:38 am)작업중 M코드정지 [d:34][t:00:38:36]
[I](2020-09-08  10:41:38 am)작업중 정지 [d:76][t:01:22:37]
[I](2020-09-08  10:41:38 am)    [LNo:0007] 000173/000219
[I](2020-09-08  10:41:38 am)작업중 M코드정지 [d:76][t:01:22:37]
[I](2020-09-08  10:43:32 am)작업중 정지 [d:76][t:01:24:31]
[I](2020-09-08  10:43:32 am)    [LNo:0007] 000176/000219
[I](2020-09-08  10:43:32 am)작업중 M코드정지 [d:76][t:01:24:31]
[I](2020-09-08  10:53:00 am)작업중 정지 [d:84][t:01:33:58]
[I](2020-09-08  10:53:00 am)    [LNo:0007] 000215/000219
[I](2020-09-08  10:53:00 am)작업중 M코드정지 [d:84][t:01:33:58]
[I](2020-09-08  11:02:44 am)Reset
[I](2020-09-08  11:03:41 am)Reset
[I](2020-09-08  11:03:55 am)작업 시작 [Start d:524]
[I](2020-09-08  11:03:55 am)Nc File: [No.0009-678.NC]
[I](2020-09-08  11:03:55 am)  * Start Machine Position
[I](2020-09-08  11:03:55 am)    X:    156.5563
[I](2020-09-08  11:03:55 am)    Y:   -239.3187
[I](2020-09-08  11:03:55 am)    U:      0.0000
[I](2020-09-08  11:03:55 am)    V:      0.0000
[I](2020-09-08  11:03:55 am)    Z:      8.2251
[I](2020-09-08  11:03:55 am)  * Angle
[I](2020-09-08  11:03:55 am)    Ar:      0.0000,Kr:      0.0000
[I](2020-09-08  11:03:55 am)    Taper_Ar:      0.0000
[I](2020-09-08  11:04:08 am)작업중 정지 [d:0][t:00:00:13]
[I](2020-09-08  11:04:08 am)    [LNo:0009] 000037/000202
[I](2020-09-08  11:04:10 am)Reset
[I](2020-09-08  11:04:10 am)Reset
[I](2020-09-08  11:04:10 am)Reset
[I](2020-09-08  11:04:11 am)Reset
[I](2020-09-08  11:12:35 am)Reset
[I](2020-09-08  11:13:59 am)Reset
[I](2020-09-08  11:14:05 am)작업 시작 [Start d:524]
[I](2020-09-08  11:14:05 am)Nc File: [No.0010-MDI0010.NC *]
[I](2020-09-08  11:14:05 am)  * Start Machine Position
[I](2020-09-08  11:14:05 am)    X:    157.1013
[I](2020-09-08  11:14:05 am)    Y:   -343.6962
[I](2020-09-08  11:14:05 am)    U:      0.0000
[I](2020-09-08  11:14:05 am)    V:      0.0000
[I](2020-09-08  11:14:05 am)    Z:     14.3196
[I](2020-09-08  11:14:05 am)  * Angle
[I](2020-09-08  11:14:05 am)    Ar:      0.0000,Kr:      0.0000
[I](2020-09-08  11:14:05 am)    Taper_Ar:      0.0000
[I](2020-09-08  11:14:09 am)
[I](2020-09-08  11:14:09 am)Work completed.
[I](2020-09-08  11:14:09 am)
[I](2020-09-08  11:14:09 am)Work completed.
[I](2020-09-08  11:17:34 am)작업 끝.(M02) [d:3][t:00:03:29]
[I](2020-09-08  11:17:55 am)Reset
[I](2020-09-08  11:18:17 am)작업 시작 [Start d:527]
[I](2020-09-08  11:18:17 am)Nc File: [No.0011-679.NC]
[I](2020-09-08  11:18:17 am)  * Start Machine Position
[I](2020-09-08  11:18:17 am)    X:    144.1013
[I](2020-09-08  11:18:17 am)    Y:   -343.6962
[I](2020-09-08  11:18:17 am)    U:      0.0000
[I](2020-09-08  11:18:17 am)    V:      0.0000
[I](2020-09-08  11:18:17 am)    Z:     14.3196
[I](2020-09-08  11:18:17 am)  * Angle
[I](2020-09-08  11:18:17 am)    Ar:      0.0000,Kr:      0.0000
[I](2020-09-08  11:18:17 am)    Taper_Ar:      0.0000
[I](2020-09-08  11:18:20 am)작업중 정지 [d:0][t:00:00:03]
[I](2020-09-08  11:18:20 am)    [LNo:0011] 000015/000079
[I](2020-09-08  11:18:33 am)작업 재시작
[I](2020-09-08  11:47:27 am)작업중 정지 [d:29][t:00:29:10]
[I](2020-09-08  11:47:27 am)    [LNo:0011] 000067/000079
[I](2020-09-08  11:47:27 am)작업중 M코드정지 [d:29][t:00:29:10]
[I](2020-09-08  11:47:58 am)작업중 정지 [d:29][t:00:29:41]
[I](2020-09-08  11:47:58 am)    [LNo:0011] 000068/000079
[I](2020-09-08  11:47:58 am)Wire Contact Auto Stop(M52)
[I](2020-09-08  11:50:36 am)Reset
[I](2020-09-08  11:50:59 am)작업 시작 [Start d:556]
[I](2020-09-08  11:50:59 am)Nc File: [No.0012-682.NC]
[I](2020-09-08  11:50:59 am)  * Start Machine Position
[I](2020-09-08  11:50:59 am)    X:    109.6843
[I](2020-09-08  11:50:59 am)    Y:   -344.3955
[I](2020-09-08  11:50:59 am)    U:      0.0000
[I](2020-09-08  11:50:59 am)    V:      0.0000
[I](2020-09-08  11:50:59 am)    Z:     14.3196
[I](2020-09-08  11:50:59 am)  * Angle
[I](2020-09-08  11:50:59 am)    Ar:      0.0000,Kr:      0.0000
[I](2020-09-08  11:50:59 am)    Taper_Ar:      0.0000
[I](2020-09-08  11:51:54 am)작업중 정지 [d:1][t:00:00:55]
[I](2020-09-08  11:51:54 am)    [LNo:0012] 000015/000079
[I](2020-09-08  11:51:55 am)Reset
[I](2020-09-08  11:52:02 am)작업 시작 [Start d:557]
[I](2020-09-08  11:52:02 am)Nc File: [No.0012-682.NC]
[I](2020-09-08  11:52:02 am)  * Start Machine Position
[I](2020-09-08  11:52:02 am)    X:    105.9657
[I](2020-09-08  11:52:02 am)    Y:   -344.3955
[I](2020-09-08  11:52:02 am)    U:      0.0000
[I](2020-09-08  11:52:02 am)    V:      0.0000
[I](2020-09-08  11:52:02 am)    Z:     14.3196
[I](2020-09-08  11:52:02 am)  * Angle
[I](2020-09-08  11:52:02 am)    Ar:      0.0000,Kr:      0.0000
[I](2020-09-08  11:52:02 am)    Taper_Ar:      0.0000
[I](2020-09-08  11:52:07 am)작업중 정지 [d:0][t:00:00:05]
[I](2020-09-08  11:52:07 am)    [LNo:0012] 000015/000079
[I](2020-09-08  11:52:20 am)작업 재시작
[I](2020-09-08  12:21:31 pm)작업중 정지 [d:29][t:00:29:29]
[I](2020-09-08  12:21:31 pm)    [LNo:0012] 000067/000079
[I](2020-09-08  12:21:31 pm)작업중 M코드정지 [d:29][t:00:29:29]
[I](2020-09-08  12:34:28 pm)작업중 정지 [d:29][t:00:42:26]
[I](2020-09-08  12:34:28 pm)    [LNo:0012] 000068/000079
[I](2020-09-08  12:34:28 pm)Wire Contact Auto Stop(M52)
[A](2020-09-08  12:43:03 pm)[001] 와이어 미동작
[I](2020-09-08  12:43:04 pm)작업 재시작
[I](2020-09-08  12:43:04 pm)작업중 정지 [d:29][t:00:51:02]
[I](2020-09-08  12:43:04 pm)    [LNo:0012] 000068/000079
[I](2020-09-08  12:52:52 pm)Reset
[I](2020-09-08  12:52:55 pm)Reset
[I](2020-09-08  12:56:17 pm)Reset
[I](2020-09-08  12:56:21 pm)Reset
[A](2020-09-08  12:56:50 pm)[037] 자동결선 잔여 WIRE 처리 실패!!
[I](2020-09-08  12:59:14 pm)Reset
[I](2020-09-08  01:00:11 pm)작업 시작 [Start d:586]
[I](2020-09-08  01:00:11 pm)Nc File: [No.0009-678.NC]
[I](2020-09-08  01:00:11 pm)  * Start Machine Position
[I](2020-09-08  01:00:11 pm)    X:     99.3104
[I](2020-09-08  01:00:11 pm)    Y:   -267.9588
[I](2020-09-08  01:00:11 pm)    U:      0.0000
[I](2020-09-08  01:00:11 pm)    V:      0.0000
[I](2020-09-08  01:00:11 pm)    Z:      9.6526
[I](2020-09-08  01:00:11 pm)  * Angle
[I](2020-09-08  01:00:11 pm)    Ar:      0.4120,Kr:      0.0000
[I](2020-09-08  01:00:11 pm)    Taper_Ar:      0.0000
[I](2020-09-08  01:50:46 pm)작업중 정지 [d:51][t:00:50:35]
[I](2020-09-08  01:50:46 pm)    [LNo:0009] 000093/000202
[I](2020-09-08  01:50:46 pm)작업중 M코드정지 [d:51][t:00:50:35]
[I](2020-09-08  01:51:15 pm)작업중 정지 [d:51][t:00:51:04]
[I](2020-09-08  01:51:15 pm)    [LNo:0009] 000094/000202
[I](2020-09-08  01:51:15 pm)Wire Contact Auto Stop(M52)
[I](2020-09-08  01:51:41 pm)작업 재시작
[I](2020-09-08  01:52:06 pm)작업중 정지 [d:51][t:00:51:55]
[I](2020-09-08  01:52:06 pm)    [LNo:0009] 000095/000202
[I](2020-09-08  01:52:06 pm)작업중 M코드정지 [d:51][t:00:51:55]
[I](2020-09-08  02:43:08 pm)작업중 정지 [d:101][t:01:42:57]
[I](2020-09-08  02:43:08 pm)    [LNo:0009] 000191/000202
[I](2020-09-08  02:43:08 pm)Wire Contact Auto Stop(M52)
[A](2020-09-08  02:44:07 pm)[037] 자동결선 잔여 WIRE 처리 실패!!
[I](2020-09-08  02:44:21 pm)Reset
[I](2020-09-08  02:44:26 pm)Reset
[I](2020-09-08  02:47:22 pm)Reset
[I](2020-09-08  02:47:25 pm)Reset
[I](2020-09-08  02:47:25 pm)Reset
[I](2020-09-08  02:47:25 pm)Reset
[I](2020-09-08  02:47:26 pm)Reset
[I](2020-09-08  02:47:26 pm)Reset
[I](2020-09-08  02:48:54 pm)Reset
[I](2020-09-08  02:48:55 pm)Reset
[I](2020-09-08  02:48:55 pm)Reset
[I](2020-09-08  02:51:34 pm)Reset
[I](2020-09-08  02:52:28 pm)Reset
[I](2020-09-08  02:52:39 pm)Reset
[I](2020-09-08  02:52:56 pm)Reset
[I](2020-09-08  02:53:08 pm)Reset
[I](2020-09-08  02:54:11 pm)작업 시작 [Start d:687]
[I](2020-09-08  02:54:11 pm)Nc File: [No.0013-685.NC]
[I](2020-09-08  02:54:11 pm)  * Start Machine Position
[I](2020-09-08  02:54:11 pm)    X:    296.1387
[I](2020-09-08  02:54:11 pm)    Y:   -349.1962
[I](2020-09-08  02:54:11 pm)    U:      0.0000
[I](2020-09-08  02:54:11 pm)    V:      0.0899
[I](2020-09-08  02:54:11 pm)    Z:     30.6836
[I](2020-09-08  02:54:11 pm)  * Angle
[I](2020-09-08  02:54:11 pm)    Ar:      0.0476,Kr:      0.0000
[I](2020-09-08  02:54:11 pm)    Taper_Ar:      0.0000
[I](2020-09-08  02:58:28 pm)작업중 정지 [d:3][t:00:04:17]
[I](2020-09-08  02:58:28 pm)    [LNo:0013] 000030/000156
[I](2020-09-08  02:58:28 pm)작업중 M코드정지 [d:3][t:00:04:17]
[I](2020-09-08  02:59:15 pm)작업중 정지 [d:4][t:00:05:04]
[I](2020-09-08  02:59:15 pm)    [LNo:0013] 000033/000156
[I](2020-09-08  02:59:15 pm)작업중 M코드정지 [d:4][t:00:05:04]
[I](2020-09-08  03:02:20 pm)작업중 정지 [d:7][t:00:08:09]
[I](2020-09-08  03:02:20 pm)    [LNo:0013] 000077/000156
[I](2020-09-08  03:02:20 pm)작업중 M코드정지 [d:7][t:00:08:09]
[I](2020-09-08  03:06:13 pm)작업중 정지 [d:10][t:00:12:02]
[I](2020-09-08  03:06:13 pm)    [LNo:0013] 000101/000156
[I](2020-09-08  03:06:13 pm)작업중 M코드정지 [d:10][t:00:12:02]
[I](2020-09-08  03:06:55 pm)작업중 정지 [d:11][t:00:12:44]
[I](2020-09-08  03:06:55 pm)    [LNo:0013] 000104/000156
[I](2020-09-08  03:06:55 pm)작업중 M코드정지 [d:11][t:00:12:44]
[I](2020-09-08  03:10:09 pm)작업중 정지 [d:14][t:00:15:58]
[I](2020-09-08  03:10:09 pm)    [LNo:0013] 000148/000156
[I](2020-09-08  03:10:10 pm)작업중 M코드정지 [d:14][t:00:15:58]
[I](2020-09-08  03:15:40 pm)Reset
[I](2020-09-08  03:18:04 pm)Reset
[I](2020-09-08  03:18:11 pm)Reset
[I](2020-09-08  03:20:12 pm)Reset
[I](2020-09-08  03:21:24 pm)Reset
[I](2020-09-08  03:21:24 pm)Reset
[I](2020-09-08  03:21:36 pm)Reset
[I](2020-09-08  03:22:14 pm)Reset
[I](2020-09-08  03:22:34 pm)Reset
[I](2020-09-08  03:23:26 pm)작업 시작 [Start d:701]
[I](2020-09-08  03:23:26 pm)Nc File: [No.0014-683.NC]
[I](2020-09-08  03:23:26 pm)  * Start Machine Position
[I](2020-09-08  03:23:26 pm)    X:    136.8862
[I](2020-09-08  03:23:26 pm)    Y:   -340.2176
[I](2020-09-08  03:23:26 pm)    U:     -0.0444
[I](2020-09-08  03:23:26 pm)    V:      0.0801
[I](2020-09-08  03:23:26 pm)    Z:     35.6426
[I](2020-09-08  03:23:26 pm)  * Angle
[I](2020-09-08  03:23:26 pm)    Ar:     -0.3724,Kr:      0.0000
[I](2020-09-08  03:23:26 pm)    Taper_Ar:      0.0000
[I](2020-09-08  03:38:07 pm)작업중 정지 [d:14][t:00:14:41]
[I](2020-09-08  03:38:07 pm)    [LNo:0014] 000045/000693
[A](2020-09-08  03:38:07 pm)[008] 작업중 단선(AWF Feed Motor Stop )
[I](2020-09-08  03:38:07 pm)작업중 Wire 단선 [d:14][t:00:14:41]
[I](2020-09-08  03:40:41 pm)작업 재시작
[I](2020-09-08  03:44:40 pm)작업중 정지 [d:18][t:00:21:13]
[I](2020-09-08  03:44:40 pm)    [LNo:0014] 000049/000693
[I](2020-09-08  03:44:40 pm)작업중 M코드정지 [d:18][t:00:21:13]
[I](2020-09-08  03:48:41 pm)작업중 정지 [d:18][t:00:25:15]
[I](2020-09-08  03:48:41 pm)    [LNo:0014] 000053/000693
[I](2020-09-08  03:48:41 pm)작업중 M코드정지 [d:18][t:00:25:15]
[I](2020-09-08  03:56:27 pm)작업중 정지 [d:25][t:00:33:01]
[I](2020-09-08  03:56:27 pm)    [LNo:0014] 000136/000693
[I](2020-09-08  04:16:15 pm)작업중 정지 [d:43][t:00:52:48]
[I](2020-09-08  04:16:15 pm)    [LNo:0014] 000178/000693
[I](2020-09-08  04:16:15 pm)작업중 M코드정지 [d:43][t:00:52:48]
[I](2020-09-08  04:17:12 pm)작업중 정지 [d:44][t:00:53:46]
[I](2020-09-08  04:17:12 pm)    [LNo:0014] 000182/000693
[I](2020-09-08  04:17:12 pm)작업중 M코드정지 [d:44][t:00:53:46]
[I](2020-09-08  04:25:42 pm)작업중 정지 [d:51][t:01:02:15]
[I](2020-09-08  04:25:42 pm)    [LNo:0014] 000271/000693
[I](2020-09-08  04:33:00 pm)Reset
[I](2020-09-08  04:34:31 pm)Reset
[I](2020-09-08  04:34:37 pm)Reset
[I](2020-09-08  04:35:33 pm)Reset
[I](2020-09-08  04:35:43 pm)Reset
[I](2020-09-08  04:36:05 pm)Reset
[I](2020-09-08  04:36:26 pm)Reset
[I](2020-09-08  04:37:39 pm)작업 시작 [Start d:752]
[I](2020-09-08  04:37:39 pm)Nc File: [No.0014-683.NC]
[I](2020-09-08  04:37:39 pm)  * Start Machine Position
[I](2020-09-08  04:37:39 pm)    X:    307.8231
[I](2020-09-08  04:37:39 pm)    Y:   -327.3032
[I](2020-09-08  04:37:39 pm)    U:     -0.0003
[I](2020-09-08  04:37:39 pm)    V:     -0.0299
[I](2020-09-08  04:37:39 pm)    Z:     35.6426
[I](2020-09-08  04:37:39 pm)  * Angle
[I](2020-09-08  04:37:39 pm)    Ar:     -0.7251,Kr:      0.0000
[I](2020-09-08  04:37:39 pm)    Taper_Ar:      0.0000
[I](2020-09-08  04:37:42 pm)작업중 정지 [d:0][t:00:00:02]
[I](2020-09-08  04:37:42 pm)    [LNo:0014] 000284/000693
[I](2020-09-08  04:37:42 pm)작업중 M코드정지 [d:0][t:00:00:02]
[I](2020-09-08  04:37:43 pm)작업중 정지 [d:0][t:00:00:03]
[I](2020-09-08  04:37:43 pm)    [LNo:0014] 000287/000693
[I](2020-09-08  04:37:43 pm)작업중 M코드정지 [d:0][t:00:00:03]
[I](2020-09-08  05:19:07 pm)작업중 정지 [d:40][t:00:41:27]
[I](2020-09-08  05:19:07 pm)    [LNo:0014] 000356/000693
[I](2020-09-08  05:19:07 pm)작업중 M코드정지 [d:40][t:00:41:27]
[I](2020-09-08  05:20:33 pm)작업중 정지 [d:40][t:00:42:53]
[I](2020-09-08  05:20:33 pm)    [LNo:0014] 000359/000693
[I](2020-09-08  05:20:33 pm)작업중 M코드정지 [d:40][t:00:42:53]
[I](2020-09-08  06:08:16 pm)작업중 정지 [d:87][t:01:30:36]
[I](2020-09-08  06:08:16 pm)    [LNo:0014] 000553/000693
[I](2020-09-08  06:08:16 pm)작업중 30sec 접촉 정지 [d:87][t:01:30:36]
[A](2020-09-08  06:23:38 pm)[036] 자동결선 절단 공정 실패!!
[A](2020-09-08  06:23:46 pm)[036] 자동결선 절단 공정 실패!!
[A](2020-09-08  06:23:51 pm)[036] 자동결선 절단 공정 실패!!
[A](2020-09-08  06:24:23 pm)[037] 자동결선 잔여 WIRE 처리 실패!!
[I](2020-09-08  06:25:16 pm)작업 재시작
[I](2020-09-08  06:25:47 pm)작업중 정지 [d:88][t:01:48:08]
[I](2020-09-08  06:25:47 pm)    [LNo:0014] 000554/000693
[I](2020-09-08  06:25:47 pm)작업중 M코드정지 [d:88][t:01:48:08]
[I](2020-09-08  06:28:19 pm)작업중 정지 [d:89][t:01:50:39]
[I](2020-09-08  06:28:19 pm)    [LNo:0014] 000557/000693
[I](2020-09-08  06:28:19 pm)작업중 M코드정지 [d:89][t:01:50:39]
[I](2020-09-08  06:36:03 pm)작업중 정지 [d:97][t:01:58:23]
[I](2020-09-08  06:36:03 pm)    [LNo:0014] 000685/000693
[I](2020-09-08  06:36:03 pm)작업중 M코드정지 [d:97][t:01:58:23]
[A](2020-09-08  06:36:35 pm)[037] 자동결선 잔여 WIRE 처리 실패!!
[I](2020-09-08  06:41:29 pm)Reset
[I](2020-09-08  06:42:51 pm)Reset
[I](2020-09-08  06:43:46 pm)Reset
[A](2020-09-08  06:43:55 pm)[001] 와이어 미동작
[I](2020-09-08  06:45:03 pm)Reset
[I](2020-09-08  06:45:11 pm)Reset
[I](2020-09-08  06:45:41 pm)Reset
[I](2020-09-08  06:45:52 pm)Reset
[I](2020-09-08  06:46:57 pm)작업 시작 [Start d:849]
[I](2020-09-08  06:46:57 pm)Nc File: [No.0015-680.NC]
[I](2020-09-08  06:46:57 pm)  * Start Machine Position
[I](2020-09-08  06:46:57 pm)    X:     22.9310
[I](2020-09-08  06:46:57 pm)    Y:   -370.6627
[I](2020-09-08  06:46:57 pm)    U:     -0.0199
[I](2020-09-08  06:46:57 pm)    V:      0.0199
[I](2020-09-08  06:46:57 pm)    Z:     76.1691
[I](2020-09-08  06:46:57 pm)  * Angle
[I](2020-09-08  06:46:57 pm)    Ar:      0.2342,Kr:      0.0000
[I](2020-09-08  06:46:57 pm)    Taper_Ar:      0.0000
[I](2020-09-08  06:47:00 pm)작업중 정지 [d:0][t:00:00:02]
[I](2020-09-08  06:47:00 pm)    [LNo:0015] 000010/000145
[I](2020-09-08  06:47:00 pm)작업중 M코드정지 [d:0][t:00:00:02]
[I](2020-09-08  06:47:41 pm)작업중 정지 [d:0][t:00:00:44]
[I](2020-09-08  06:47:41 pm)    [LNo:0015] 000029/000145
[I](2020-09-08  06:47:41 pm)작업중 M코드정지 [d:0][t:00:00:44]
[I](2020-09-08  06:48:00 pm)작업중 정지 [d:0][t:00:01:02]
[I](2020-09-08  06:48:00 pm)    [LNo:0015] 000030/000145
[I](2020-09-08  06:48:13 pm)작업 재시작
[I](2020-09-08  06:48:26 pm)작업중 정지 [d:0][t:00:01:29]
[I](2020-09-08  06:48:26 pm)    [LNo:0015] 000032/000145
[I](2020-09-08  06:48:26 pm)작업중 M코드정지 [d:0][t:00:01:29]
[I](2020-09-08  06:48:37 pm)작업중 정지 [d:0][t:00:01:39]
[I](2020-09-08  06:48:37 pm)    [LNo:0015] 000035/000145
[I](2020-09-08  06:48:37 pm)작업중 M코드정지 [d:0][t:00:01:39]
[A](2020-09-08  06:48:45 pm)[033] 자동결선 회수 롤러 WIRE CONTACT!!
[I](2020-09-08  06:48:45 pm)작업중 정지 [d:0][t:00:01:47]
[I](2020-09-08  06:48:45 pm)    [LNo:0015] 000041/000145
[A](2020-09-08  06:48:45 pm)[009] 자동결선 Error(M20-삽입실패)
[I](2020-09-08  06:57:26 pm)작업중 정지 [d:8][t:00:10:29]
[I](2020-09-08  06:57:26 pm)    [LNo:0015] 000056/000145
[I](2020-09-08  06:57:26 pm)작업중 30sec 접촉 정지 [d:8][t:00:10:29]
[I](2020-09-08  07:03:53 pm)작업 재시작
[I](2020-09-08  07:03:56 pm)작업중 정지 [d:8][t:00:16:58]
[I](2020-09-08  07:03:56 pm)    [LNo:0015] 000056/000145
[I](2020-09-08  07:04:20 pm)작업 재시작
[I](2020-09-08  07:25:24 pm)작업중 정지 [d:29][t:00:38:27]
[I](2020-09-08  07:25:24 pm)    [LNo:0015] 000068/000145
[I](2020-09-08  07:25:24 pm)작업중 M코드정지 [d:29][t:00:38:27]
[I](2020-09-08  07:45:41 pm)작업중 정지 [d:48][t:00:58:43]
[I](2020-09-08  07:45:41 pm)    [LNo:0015] 000137/000145
[I](2020-09-08  07:45:41 pm)작업중 M코드정지 [d:48][t:00:58:43]
[A](2020-09-08  07:46:08 pm)[084] Work Tank Fluid Sensor Abnormal
[A](2020-09-08  07:46:08 pm)[084] Work Tank Fluid Sensor Abnormal
[A](2020-09-08  07:46:08 pm)[084] Work Tank Fluid Sensor Abnormal
[A](2020-09-08  07:46:08 pm)[084] Work Tank Fluid Sensor Abnormal
[A](2020-09-08  07:46:09 pm)[084] Work Tank Fluid Sensor Abnormal
[A](2020-09-08  07:46:09 pm)[084] Work Tank Fluid Sensor Abnormal
[A](2020-09-08  07:46:09 pm)[084] Work Tank Fluid Sensor Abnormal
[A](2020-09-08  07:46:09 pm)[084] Work Tank Fluid Sensor Abnormal
[A](2020-09-08  07:46:09 pm)[084] Work Tank Fluid Sensor Abnormal
[A](2020-09-08  07:46:10 pm)[084] Work Tank Fluid Sensor Abnormal
[A](2020-09-08  07:46:10 pm)[084] Work Tank Fluid Sensor Abnormal
[A](2020-09-08  07:46:10 pm)[084] Work Tank Fluid Sensor Abnormal
[A](2020-09-08  07:46:10 pm)[084] Work Tank Fluid Sensor Abnormal
[A](2020-09-08  07:46:10 pm)[084] Work Tank Fluid Sensor Abnormal
[I](2020-09-08  07:47:24 pm)Reset
[I](2020-09-08  07:49:13 pm)Reset
[I](2020-09-08  07:49:21 pm)Reset
[I](2020-09-08  07:49:49 pm)Reset
[I](2020-09-08  07:50:02 pm)Reset
[I](2020-09-08  07:50:14 pm)작업 시작 [Start d:897]
[I](2020-09-08  07:50:14 pm)Nc File: [No.0015-680.NC]
[I](2020-09-08  07:50:14 pm)  * Start Machine Position
[I](2020-09-08  07:50:14 pm)    X:     22.4256
[I](2020-09-08  07:50:14 pm)    Y:   -375.1014
[I](2020-09-08  07:50:14 pm)    U:     -0.0533
[I](2020-09-08  07:50:14 pm)    V:      0.1390
[I](2020-09-08  07:50:14 pm)    Z:     76.1691
[I](2020-09-08  07:50:14 pm)  * Angle
[I](2020-09-08  07:50:14 pm)    Ar:      1.6827,Kr:      0.0000
[I](2020-09-08  07:50:14 pm)    Taper_Ar:      0.0000
[I](2020-09-08  07:50:16 pm)작업중 정지 [d:0][t:00:00:02]
[I](2020-09-08  07:50:16 pm)    [LNo:0015] 000010/000145
[I](2020-09-08  07:50:16 pm)작업중 M코드정지 [d:0][t:00:00:02]
[I](2020-09-08  07:50:40 pm)작업중 정지 [d:0][t:00:00:26]
[I](2020-09-08  07:50:40 pm)    [LNo:0015] 000029/000145
[I](2020-09-08  07:50:40 pm)작업중 M코드정지 [d:0][t:00:00:26]
[I](2020-09-08  07:51:07 pm)작업중 정지 [d:0][t:00:00:53]
[I](2020-09-08  07:51:07 pm)    [LNo:0015] 000032/000145
[I](2020-09-08  07:51:07 pm)작업중 M코드정지 [d:0][t:00:00:53]
[I](2020-09-08  07:51:11 pm)작업중 정지 [d:0][t:00:00:57]
[I](2020-09-08  07:51:11 pm)    [LNo:0015] 000034/000145
[I](2020-09-08  07:51:11 pm)작업중 M코드정지 [d:0][t:00:00:57]
[I](2020-09-08  07:51:21 pm)작업중 정지 [d:0][t:00:01:07]
[I](2020-09-08  07:51:21 pm)    [LNo:0015] 000044/000145
[A](2020-09-08  07:51:21 pm)[001] 와이어 미동작
[I](2020-09-08  08:03:11 pm)작업중 정지 [d:12][t:00:12:57]
[I](2020-09-08  08:03:11 pm)    [LNo:0015] 000056/000145
[I](2020-09-08  08:03:11 pm)작업중 30sec 접촉 정지 [d:12][t:00:12:57]
[I](2020-09-08  08:06:16 pm)작업 재시작
[I](2020-09-08  08:06:36 pm)작업중 정지 [d:12][t:00:16:22]
[I](2020-09-08  08:06:36 pm)    [LNo:0015] 000056/000145
[I](2020-09-08  08:06:36 pm)작업중 30sec 접촉 정지 [d:12][t:00:16:22]
[I](2020-09-08  08:06:39 pm)작업 재시작
[I](2020-09-08  08:06:45 pm)작업중 정지 [d:13][t:00:16:31]
[I](2020-09-08  08:06:45 pm)    [LNo:0015] 000056/000145
[I](2020-09-08  08:06:45 pm)작업중 30sec 접촉 정지 [d:13][t:00:16:31]
[I](2020-09-08  08:07:31 pm)작업 재시작
[I](2020-09-08  08:07:37 pm)작업중 정지 [d:13][t:00:17:23]
[I](2020-09-08  08:07:37 pm)    [LNo:0015] 000056/000145
[I](2020-09-08  08:08:47 pm)작업 재시작
[I](2020-09-08  08:23:08 pm)작업중 정지 [d:27][t:00:32:54]
[I](2020-09-08  08:23:08 pm)    [LNo:0015] 000068/000145
[I](2020-09-08  08:23:08 pm)작업중 M코드정지 [d:27][t:00:32:54]
[I](2020-09-08  08:26:06 pm)작업중 정지 [d:27][t:00:35:52]
[I](2020-09-08  08:26:06 pm)    [LNo:0015] 000071/000145
[I](2020-09-08  08:26:06 pm)작업중 M코드정지 [d:27][t:00:35:52]
[I](2020-09-08  08:47:35 pm)작업중 정지 [d:48][t:00:57:21]
[I](2020-09-08  08:47:35 pm)    [LNo:0015] 000137/000145
[I](2020-09-08  08:47:35 pm)작업중 M코드정지 [d:48][t:00:57:21]
[I](2020-09-08  08:57:20 pm)Reset
[I](2020-09-08  08:57:20 pm)Reset
[I](2020-09-08  08:59:25 pm)Reset
[I](2020-09-08  08:59:26 pm)Reset
[I](2020-09-08  09:01:42 pm)Reset
[I](2020-09-08  09:01:42 pm)Reset
[I](2020-09-08  09:01:42 pm)Reset
[I](2020-09-08  09:03:16 pm)Reset
[I](2020-09-08  09:03:39 pm)Reset
[I](2020-09-08  09:03:40 pm)Reset
[I](2020-09-08  09:04:12 pm)Reset
[I](2020-09-08  09:04:42 pm)Reset
[I](2020-09-08  09:04:42 pm)Reset
[I](2020-09-08  09:05:51 pm)Reset
[I](2020-09-08  09:06:05 pm)Reset
[I](2020-09-08  09:06:05 pm)Reset
[I](2020-09-08  09:10:09 pm)작업 시작 [Start d:945]
[I](2020-09-08  09:10:09 pm)Nc File: [No.0016-656.NC]
[I](2020-09-08  09:10:09 pm)  * Start Machine Position
[I](2020-09-08  09:10:09 pm)    X:     33.1586
[I](2020-09-08  09:10:09 pm)    Y:   -352.3055
[I](2020-09-08  09:10:09 pm)    U:      0.3175
[I](2020-09-08  09:10:09 pm)    V:      0.0327
[I](2020-09-08  09:10:09 pm)    Z:     78.4671
[I](2020-09-08  09:10:09 pm)  * Angle
[I](2020-09-08  09:10:09 pm)    Ar:      0.8606,Kr:      0.0000
[I](2020-09-08  09:10:09 pm)    Taper_Ar:      0.0000
[I](2020-09-08  09:10:12 pm)작업중 정지 [d:0][t:00:00:03]
[I](2020-09-08  09:10:12 pm)    [LNo:0016] 000010/000127
[I](2020-09-08  09:10:12 pm)작업중 M코드정지 [d:0][t:00:00:03]
[I](2020-09-08  09:38:18 pm)작업중 정지 [d:25][t:00:28:09]
[I](2020-09-08  09:38:18 pm)    [LNo:0016] 000027/000127
[I](2020-09-08  09:38:18 pm)작업중 30sec 접촉 정지 [d:25][t:00:28:09]
[I](2020-09-08  09:39:52 pm)작업 재시작
[I](2020-09-08  09:40:03 pm)작업중 정지 [d:25][t:00:29:54]
[I](2020-09-08  09:40:03 pm)    [LNo:0016] 000028/000127
[I](2020-09-08  09:40:03 pm)작업중 M코드정지 [d:25][t:00:29:54]
[I](2020-09-08  09:40:47 pm)작업중 정지 [d:26][t:00:30:37]
[I](2020-09-08  09:40:47 pm)    [LNo:0016] 000030/000127
[I](2020-09-08  09:40:47 pm)작업중 M코드정지 [d:26][t:00:30:38]
[I](2020-09-08  09:47:08 pm)작업중 정지 [d:30][t:00:36:58]
[I](2020-09-08  09:47:08 pm)    [LNo:0016] 000051/000127
[I](2020-09-08  09:47:08 pm)작업중 M코드정지 [d:30][t:00:36:58]
[I](2020-09-08  10:24:10 pm)Reset
[I](2020-09-08  10:24:10 pm)Reset
[I](2020-09-08  10:24:20 pm)Reset
[I](2020-09-08  10:24:21 pm)Reset
[I](2020-09-08  10:25:35 pm)Reset
[I](2020-09-08  10:25:35 pm)Reset
[I](2020-09-08  10:25:36 pm)Reset
[I](2020-09-08  10:28:33 pm)Reset
[I](2020-09-08  10:32:06 pm)Reset
[I](2020-09-08  10:34:31 pm)Reset
[I](2020-09-08  10:34:53 pm)Reset
[I](2020-09-08  10:36:52 pm)Reset
[I](2020-09-08  10:36:53 pm)Reset
[I](2020-09-08  10:37:09 pm)Reset
[I](2020-09-08  10:37:36 pm)Reset
[I](2020-09-08  10:38:27 pm)작업 시작 [Start d:975]
[I](2020-09-08  10:38:27 pm)Nc File: [No.0016-656.NC]
[I](2020-09-08  10:38:27 pm)  * Start Machine Position
[I](2020-09-08  10:38:27 pm)    X:    560.8379
[I](2020-09-08  10:38:27 pm)    Y:   -331.7593
[I](2020-09-08  10:38:27 pm)    U:      0.9999
[I](2020-09-08  10:38:27 pm)    V:      0.0229
[I](2020-09-08  10:38:27 pm)    Z:     78.4671
[I](2020-09-08  10:38:27 pm)  * Angle
[I](2020-09-08  10:38:27 pm)    Ar:      0.1678,Kr:      0.0000
[I](2020-09-08  10:38:27 pm)    Taper_Ar:      0.0000
[I](2020-09-08  10:38:34 pm)작업중 정지 [d:0][t:00:00:07]
[I](2020-09-08  10:38:34 pm)    [LNo:0016] 000070/000127
[I](2020-09-08  10:38:34 pm)작업중 M코드정지 [d:0][t:00:00:07]
[I](2020-09-08  10:38:36 pm)작업중 정지 [d:0][t:00:00:09]
[I](2020-09-08  10:38:36 pm)    [LNo:0016] 000073/000127
[I](2020-09-08  10:38:36 pm)작업중 M코드정지 [d:0][t:00:00:09]
[I](2020-09-08  10:38:39 pm)작업중 정지 [d:0][t:00:00:11]
[I](2020-09-08  10:38:39 pm)    [LNo:0016] 000076/000127
[I](2020-09-08  10:38:39 pm)작업중 M코드정지 [d:0][t:00:00:11]
[I](2020-09-08  10:38:49 pm)작업중 정지 [d:0][t:00:00:21]
[I](2020-09-08  10:38:49 pm)    [LNo:0016] 000085/000127
[I](2020-09-08  11:03:42 pm)작업중 정지 [d:22][t:00:25:14]
[I](2020-09-08  11:03:42 pm)    [LNo:0016] 000096/000127
[I](2020-09-08  11:03:42 pm)작업중 30sec 접촉 정지 [d:22][t:00:25:14]
[I](2020-09-08  11:05:24 pm)작업 재시작
[I](2020-09-08  11:05:31 pm)작업중 정지 [d:22][t:00:27:04]
[I](2020-09-08  11:05:31 pm)    [LNo:0016] 000097/000127
[I](2020-09-08  11:05:31 pm)작업중 M코드정지 [d:22][t:00:27:04]
[I](2020-09-08  11:05:50 pm)작업중 정지 [d:22][t:00:27:23]
[I](2020-09-08  11:05:50 pm)    [LNo:0016] 000099/000127
[I](2020-09-08  11:05:50 pm)작업중 M코드정지 [d:22][t:00:27:23]
[I](2020-09-08  11:13:00 pm)작업중 정지 [d:26][t:00:34:33]
[I](2020-09-08  11:13:00 pm)    [LNo:0016] 000119/000127
[I](2020-09-08  11:13:00 pm)작업중 M코드정지 [d:26][t:00:34:33]
[I](2020-09-08  11:32:31 pm)Reset
[I](2020-09-08  11:32:31 pm)Reset
[I](2020-09-08  11:32:40 pm)Reset
[I](2020-09-08  11:32:41 pm)Reset
[I](2020-09-08  11:32:46 pm)Reset
[I](2020-09-08  11:46:59 pm)Reset
[I](2020-09-08  11:47:00 pm)Reset
[I](2020-09-08  11:52:13 pm)Reset
