[I](2020-12-20  08:23:34 am)Ready On
[I](2020-12-20  08:38:50 am)작업중 정지 [d:177][t:15:57:17]
[I](2020-12-20  08:38:50 am)    [LNo:0013] 000055/000131
[I](2020-12-20  08:38:50 am)작업중 M코드정지 [d:177][t:15:57:17]
[I](2020-12-20  08:41:24 am)작업중 정지 [d:178][t:15:59:50]
[I](2020-12-20  08:41:24 am)    [LNo:0013] 000057/000131
[I](2020-12-20  08:41:55 am)작업 재시작
[I](2020-12-20  08:41:57 am)작업중 정지 [d:178][t:16:00:24]
[I](2020-12-20  08:41:57 am)    [LNo:0013] 000059/000131
[I](2020-12-20  08:41:57 am)작업중 M코드정지 [d:178][t:16:00:24]
[I](2020-12-20  08:59:56 am)작업중 정지 [d:190][t:16:18:23]
[I](2020-12-20  08:59:56 am)    [LNo:0013] 000100/000131
[I](2020-12-20  08:59:57 am)작업중 M코드정지 [d:190][t:16:18:23]
[I](2020-12-20  09:00:26 am)작업중 정지 [d:191][t:16:18:52]
[I](2020-12-20  09:00:26 am)    [LNo:0013] 000102/000131
[I](2020-12-20  09:01:09 am)작업 재시작
[I](2020-12-20  09:01:12 am)작업중 정지 [d:191][t:16:19:39]
[I](2020-12-20  09:01:12 am)    [LNo:0013] 000104/000131
[I](2020-12-20  09:01:12 am)작업중 M코드정지 [d:191][t:16:19:39]
[I](2020-12-20  09:05:08 am)작업중 정지 [d:194][t:16:23:34]
[I](2020-12-20  09:05:08 am)    [LNo:0013] 000127/000131
[I](2020-12-20  09:05:08 am)작업중 M코드정지 [d:194][t:16:23:34]
[A](2020-12-20  09:26:47 am)[041] AWF 명령끝날때까지 센서감지(타임아웃) 안됨
[I](2020-12-20  09:27:34 am)Reset
[I](2020-12-20  09:27:35 am)Reset
[I](2020-12-20  09:27:54 am)Reset
[I](2020-12-20  09:27:55 am)Reset
[I](2020-12-20  09:37:18 am)Reset
[I](2020-12-20  09:37:18 am)Reset
[I](2020-12-20  09:38:27 am)Reset
[I](2020-12-20  09:38:28 am)Reset
[I](2020-12-20  09:42:28 am)Reset
[I](2020-12-20  09:42:28 am)Reset
[I](2020-12-20  09:45:16 am)Reset
[I](2020-12-20  09:45:29 am)Reset
[I](2020-12-20  09:48:58 am)Reset
[I](2020-12-20  09:48:59 am)Reset
[I](2020-12-20  09:53:48 am)Reset
[I](2020-12-20  09:53:49 am)Reset
[I](2020-12-20  09:59:35 am)Reset
[I](2020-12-20  10:01:47 am)작업 시작 [Start d:246]
[I](2020-12-20  10:01:47 am)Nc File: [No.0014-572.NC]
[I](2020-12-20  10:01:47 am)  * Start Machine Position
[I](2020-12-20  10:01:47 am)    X:    299.0832
[I](2020-12-20  10:01:47 am)    Y:   -160.4400
[I](2020-12-20  10:01:47 am)    U:      0.0000
[I](2020-12-20  10:01:47 am)    V:      0.0000
[I](2020-12-20  10:01:47 am)    Z:     49.4730
[I](2020-12-20  10:01:47 am)  * Angle
[I](2020-12-20  10:01:47 am)    Ar:     -0.0281,Kr:      0.0000
[I](2020-12-20  10:01:47 am)    Taper_Ar:      0.0000
[I](2020-12-20  10:02:15 am)작업중 정지 [d:0][t:00:00:28]
[I](2020-12-20  10:02:15 am)    [LNo:0014] 000010/000163
[I](2020-12-20  10:02:15 am)작업중 M코드정지 [d:0][t:00:00:28]
[I](2020-12-20  10:03:34 am)작업중 정지 [d:1][t:00:01:47]
[I](2020-12-20  10:03:34 am)    [LNo:0014] 000032/000163
[I](2020-12-20  10:03:34 am)작업중 M코드정지 [d:1][t:00:01:47]
[I](2020-12-20  10:04:54 am)작업중 정지 [d:1][t:00:03:07]
[I](2020-12-20  10:04:54 am)    [LNo:0014] 000035/000163
[I](2020-12-20  10:04:54 am)작업중 M코드정지 [d:1][t:00:03:07]
[I](2020-12-20  10:11:56 am)작업중 정지 [d:5][t:00:10:09]
[I](2020-12-20  10:11:56 am)    [LNo:0014] 000058/000163
[I](2020-12-20  10:11:56 am)작업중 30sec 접촉 정지 [d:5][t:00:10:09]
[I](2020-12-20  10:15:51 am)작업 재시작
[I](2020-12-20  10:16:12 am)작업중 정지 [d:5][t:00:14:25]
[I](2020-12-20  10:16:12 am)    [LNo:0014] 000061/000163
[I](2020-12-20  10:16:13 am)작업중 M코드정지 [d:5][t:00:14:25]
[I](2020-12-20  10:17:27 am)작업중 정지 [d:6][t:00:15:40]
[I](2020-12-20  10:17:27 am)    [LNo:0014] 000063/000163
[I](2020-12-20  10:17:27 am)작업중 M코드정지 [d:6][t:00:15:40]
[I](2020-12-20  10:17:49 am)작업중 정지 [d:6][t:00:16:02]
[I](2020-12-20  10:17:49 am)    [LNo:0014] 000043/000163
[I](2020-12-20  10:19:49 am)작업중 정지 [d:8][t:00:18:02]
[I](2020-12-20  10:19:49 am)    [LNo:0014] 000061/000163
[I](2020-12-20  10:19:49 am)작업중 M코드정지 [d:8][t:00:18:02]
[I](2020-12-20  10:20:05 am)작업중 정지 [d:8][t:00:18:18]
[I](2020-12-20  10:20:05 am)    [LNo:0014] 000063/000163
[I](2020-12-20  10:20:05 am)작업중 M코드정지 [d:8][t:00:18:18]
[I](2020-12-20  10:32:43 am)작업중 정지 [d:17][t:00:30:55]
[I](2020-12-20  10:32:43 am)    [LNo:0014] 000117/000163
[I](2020-12-20  10:32:43 am)작업중 M코드정지 [d:17][t:00:30:55]
[I](2020-12-20  10:33:50 am)작업중 정지 [d:17][t:00:32:03]
[I](2020-12-20  10:33:50 am)    [LNo:0014] 000120/000163
[I](2020-12-20  10:33:50 am)작업중 M코드정지 [d:17][t:00:32:03]
[I](2020-12-20  10:38:17 am)작업중 정지 [d:20][t:00:36:30]
[I](2020-12-20  10:38:17 am)    [LNo:0014] 000155/000163
[I](2020-12-20  10:38:17 am)작업중 M코드정지 [d:20][t:00:36:30]
[I](2020-12-20  10:40:18 am)작업중 정지 [d:20][t:00:38:31]
[I](2020-12-20  10:40:18 am)    [LNo:0014] 000088/000163
[I](2020-12-20  10:40:30 am)작업중 정지 [d:20][t:00:38:43]
[I](2020-12-20  10:40:30 am)    [LNo:0014] 000117/000163
[I](2020-12-20  10:40:30 am)작업중 M코드정지 [d:20][t:00:38:43]
[I](2020-12-20  10:40:44 am)작업중 정지 [d:20][t:00:38:56]
[I](2020-12-20  10:40:44 am)    [LNo:0014] 000120/000163
[I](2020-12-20  10:40:44 am)작업중 M코드정지 [d:20][t:00:38:57]
[I](2020-12-20  10:45:23 am)작업중 정지 [d:25][t:00:43:36]
[I](2020-12-20  10:45:23 am)    [LNo:0014] 000155/000163
[I](2020-12-20  10:45:23 am)작업중 M코드정지 [d:25][t:00:43:36]
[A](2020-12-20  10:46:29 am)[033] 자동결선 회수 롤러 WIRE CONTACT!!
[I](2020-12-20  10:55:58 am)Reset
[I](2020-12-20  10:56:05 am)Reset
[I](2020-12-20  10:59:32 am)Reset
[I](2020-12-20  10:59:32 am)Reset
[I](2020-12-20  11:02:12 am)Reset
[I](2020-12-20  11:08:50 am)작업 시작 [Start d:271]
[I](2020-12-20  11:08:50 am)Nc File: [No.0015-553.NC]
[I](2020-12-20  11:08:50 am)  * Start Machine Position
[I](2020-12-20  11:08:50 am)    X:    239.0743
[I](2020-12-20  11:08:50 am)    Y:   -174.7653
[I](2020-12-20  11:08:50 am)    U:      0.0000
[I](2020-12-20  11:08:50 am)    V:      0.0000
[I](2020-12-20  11:08:50 am)    Z:     30.4240
[I](2020-12-20  11:08:50 am)  * Angle
[I](2020-12-20  11:08:50 am)    Ar:      0.0181,Kr:      0.0000
[I](2020-12-20  11:08:50 am)    Taper_Ar:      0.0000
[I](2020-12-20  11:09:37 am)작업중 정지 [d:0][t:00:00:46]
[I](2020-12-20  11:09:37 am)    [LNo:0015] 002566/002872
[A](2020-12-20  11:09:44 am)[036] 자동결선 절단 공정 실패!!
[I](2020-12-20  11:12:26 am)작업중 정지 [d:0][t:00:03:35]
[I](2020-12-20  11:12:26 am)    [LNo:0015] 001078/002872
[I](2020-12-20  11:13:54 am)작업중 정지 [d:0][t:00:05:03]
[I](2020-12-20  11:13:54 am)    [LNo:0015] 002023/002872
[A](2020-12-20  11:14:40 am)[033] 자동결선 회수 롤러 WIRE CONTACT!!
[A](2020-12-20  11:15:03 am)[036] 자동결선 절단 공정 실패!!
[I](2020-12-20  11:15:30 am)작업중 정지 [d:0][t:00:06:39]
[I](2020-12-20  11:15:30 am)    [LNo:0015] 002027/002872
[I](2020-12-20  11:18:48 am)작업중 정지 [d:0][t:00:09:57]
[I](2020-12-20  11:18:48 am)    [LNo:0015] 000535/002872
[I](2020-12-20  11:38:02 am)작업중 정지 [d:18][t:00:29:12]
[I](2020-12-20  11:38:02 am)    [LNo:0015] 000575/002872
[I](2020-12-20  11:38:02 am)작업중 30sec 접촉 정지 [d:18][t:00:29:12]
[I](2020-12-20  11:38:23 am)작업 재시작
[I](2020-12-20  11:48:11 am)작업중 정지 [d:27][t:00:39:20]
[I](2020-12-20  11:48:11 am)    [LNo:0015] 000605/002872
[I](2020-12-20  11:48:11 am)작업중 M코드정지 [d:27][t:00:39:21]
[I](2020-12-20  11:48:58 am)작업중 정지 [d:27][t:00:40:07]
[I](2020-12-20  11:48:58 am)    [LNo:0015] 000607/002872
[I](2020-12-20  11:48:58 am)작업중 M코드정지 [d:27][t:00:40:07]
[I](2020-12-20  11:50:41 am)작업중 정지 [d:27][t:00:41:50]
[I](2020-12-20  11:50:41 am)    [LNo:0015] 000616/002872
[I](2020-12-20  11:50:58 am)작업중 정지 [d:27][t:00:42:07]
[I](2020-12-20  11:50:58 am)    [LNo:0015] 000455/002872
[I](2020-12-20  12:20:25 pm)작업중 정지 [d:56][t:01:11:35]
[I](2020-12-20  12:20:25 pm)    [LNo:0015] 000525/002872
[I](2020-12-20  12:20:25 pm)작업중 M코드정지 [d:56][t:01:11:35]
[I](2020-12-20  12:20:39 pm)작업중 정지 [d:56][t:01:11:49]
[I](2020-12-20  12:20:39 pm)    [LNo:0015] 000526/002872
[I](2020-12-20  12:20:39 pm)Wire Contact Auto Stop(M52)
[I](2020-12-20  12:21:32 pm)작업 재시작
[I](2020-12-20  12:21:38 pm)작업중 정지 [d:56][t:01:12:47]
[I](2020-12-20  12:21:38 pm)    [LNo:0015] 000527/002872
[I](2020-12-20  12:21:38 pm)작업중 M코드정지 [d:56][t:01:12:47]
[I](2020-12-20  12:22:15 pm)작업중 정지 [d:56][t:01:13:24]
[I](2020-12-20  12:22:15 pm)    [LNo:0015] 000615/002872
[I](2020-12-20  12:51:01 pm)작업중 정지 [d:84][t:01:42:10]
[I](2020-12-20  12:51:01 pm)    [LNo:0015] 000685/002872
[I](2020-12-20  12:51:01 pm)작업중 M코드정지 [d:84][t:01:42:10]
[I](2020-12-20  12:51:14 pm)작업중 정지 [d:84][t:01:42:23]
[I](2020-12-20  12:51:14 pm)    [LNo:0015] 000686/002872
[I](2020-12-20  12:51:14 pm)Wire Contact Auto Stop(M52)
[I](2020-12-20  12:51:44 pm)작업 재시작
[I](2020-12-20  12:51:50 pm)작업중 정지 [d:84][t:01:42:59]
[I](2020-12-20  12:51:50 pm)    [LNo:0015] 000687/002872
[I](2020-12-20  12:51:50 pm)작업중 M코드정지 [d:84][t:01:42:59]
[I](2020-12-20  01:22:03 pm)작업중 정지 [d:113][t:02:13:12]
[I](2020-12-20  01:22:03 pm)    [LNo:0015] 000765/002872
[I](2020-12-20  01:22:03 pm)작업중 M코드정지 [d:113][t:02:13:12]
[I](2020-12-20  01:22:25 pm)작업중 정지 [d:113][t:02:13:34]
[I](2020-12-20  01:22:25 pm)    [LNo:0015] 000766/002872
[I](2020-12-20  01:22:25 pm)Wire Contact Auto Stop(M52)
[I](2020-12-20  01:22:55 pm)작업 재시작
[I](2020-12-20  01:23:01 pm)작업중 정지 [d:113][t:02:14:11]
[I](2020-12-20  01:23:01 pm)    [LNo:0015] 000767/002872
[I](2020-12-20  01:23:01 pm)작업중 M코드정지 [d:113][t:02:14:11]
[I](2020-12-20  01:51:53 pm)작업중 정지 [d:140][t:02:43:03]
[I](2020-12-20  01:51:53 pm)    [LNo:0015] 000845/002872
[I](2020-12-20  01:51:54 pm)작업중 M코드정지 [d:140][t:02:43:03]
[I](2020-12-20  01:52:53 pm)작업중 정지 [d:140][t:02:44:02]
[I](2020-12-20  01:52:53 pm)    [LNo:0015] 000846/002872
[I](2020-12-20  01:52:53 pm)Wire Contact Auto Stop(M52)
[I](2020-12-20  01:53:22 pm)작업 재시작
[I](2020-12-20  01:53:29 pm)작업중 정지 [d:140][t:02:44:38]
[I](2020-12-20  01:53:29 pm)    [LNo:0015] 000847/002872
[I](2020-12-20  01:53:29 pm)작업중 M코드정지 [d:140][t:02:44:38]
[I](2020-12-20  02:01:35 pm)작업중 정지 [d:147][t:02:52:44]
[I](2020-12-20  02:01:35 pm)    [LNo:0015] 000870/002872
[I](2020-12-20  02:01:35 pm)작업중 M코드정지 [d:147][t:02:52:45]
[I](2020-12-20  02:04:38 pm)작업중 정지 [d:147][t:02:55:47]
[I](2020-12-20  02:04:38 pm)    [LNo:0015] 000871/002872
[I](2020-12-20  02:05:16 pm)작업 재시작
[I](2020-12-20  02:05:22 pm)작업중 정지 [d:148][t:02:56:32]
[I](2020-12-20  02:05:22 pm)    [LNo:0015] 000873/002872
[I](2020-12-20  02:05:23 pm)작업중 M코드정지 [d:148][t:02:56:32]
[I](2020-12-20  02:31:23 pm)작업중 정지 [d:173][t:03:22:32]
[I](2020-12-20  02:31:23 pm)    [LNo:0015] 000957/002872
[I](2020-12-20  02:31:23 pm)작업중 M코드정지 [d:173][t:03:22:32]
[I](2020-12-20  02:33:21 pm)작업중 정지 [d:173][t:03:24:31]
[I](2020-12-20  02:33:21 pm)    [LNo:0015] 000958/002872
[I](2020-12-20  02:33:22 pm)Wire Contact Auto Stop(M52)
[I](2020-12-20  02:33:52 pm)작업 재시작
[I](2020-12-20  02:33:55 pm)작업중 정지 [d:174][t:03:25:04]
[I](2020-12-20  02:33:55 pm)    [LNo:0015] 000959/002872
[I](2020-12-20  02:33:55 pm)작업중 M코드정지 [d:174][t:03:25:04]
[I](2020-12-20  02:42:33 pm)작업중 정지 [d:182][t:03:33:42]
[I](2020-12-20  02:42:33 pm)    [LNo:0015] 000982/002872
[I](2020-12-20  02:42:33 pm)작업중 M코드정지 [d:182][t:03:33:42]
[I](2020-12-20  02:44:34 pm)작업중 정지 [d:182][t:03:35:43]
[I](2020-12-20  02:44:34 pm)    [LNo:0015] 000983/002872
[I](2020-12-20  02:45:05 pm)작업 재시작
[I](2020-12-20  02:45:12 pm)작업중 정지 [d:182][t:03:36:21]
[I](2020-12-20  02:45:12 pm)    [LNo:0015] 000985/002872
[I](2020-12-20  02:45:12 pm)작업중 M코드정지 [d:182][t:03:36:21]
[I](2020-12-20  03:10:36 pm)작업중 정지 [d:206][t:04:01:45]
[I](2020-12-20  03:10:36 pm)    [LNo:0015] 001068/002872
[I](2020-12-20  03:10:36 pm)작업중 M코드정지 [d:206][t:04:01:45]
[I](2020-12-20  03:11:01 pm)작업중 정지 [d:206][t:04:02:11]
[I](2020-12-20  03:11:01 pm)    [LNo:0015] 001069/002872
[I](2020-12-20  03:11:02 pm)Wire Contact Auto Stop(M52)
[I](2020-12-20  03:11:39 pm)작업 재시작
[I](2020-12-20  03:11:41 pm)작업중 정지 [d:206][t:04:02:51]
[I](2020-12-20  03:11:41 pm)    [LNo:0015] 001070/002872
[I](2020-12-20  03:11:42 pm)작업중 M코드정지 [d:206][t:04:02:51]
[I](2020-12-20  03:13:58 pm)Reset
[I](2020-12-20  03:14:16 pm)Reset
[I](2020-12-20  03:14:44 pm)Reset
[I](2020-12-20  03:14:45 pm)Reset
[I](2020-12-20  03:14:46 pm)Reset
[A](2020-12-20  03:16:21 pm)[036] 자동결선 절단 공정 실패!!
[I](2020-12-20  03:23:07 pm)Reset
[I](2020-12-20  03:23:08 pm)Reset
[I](2020-12-20  03:24:32 pm)작업 시작 [Start d:477]
[I](2020-12-20  03:24:32 pm)Nc File: [No.0016-579.NC]
[I](2020-12-20  03:24:32 pm)  * Start Machine Position
[I](2020-12-20  03:24:32 pm)    X:    239.1213
[I](2020-12-20  03:24:32 pm)    Y:   -174.6389
[I](2020-12-20  03:24:32 pm)    U:      0.0000
[I](2020-12-20  03:24:32 pm)    V:      0.0000
[I](2020-12-20  03:24:32 pm)    Z:     30.4240
[I](2020-12-20  03:24:32 pm)  * Angle
[I](2020-12-20  03:24:32 pm)    Ar:      0.0181,Kr:      0.0000
[I](2020-12-20  03:24:32 pm)    Taper_Ar:      0.0000
[I](2020-12-20  03:25:22 pm)작업중 정지 [d:0][t:00:00:50]
[I](2020-12-20  03:25:22 pm)    [LNo:0016] 000015/001359
[I](2020-12-20  03:26:00 pm)작업중 정지 [d:0][t:00:01:28]
[I](2020-12-20  03:26:00 pm)    [LNo:0016] 000125/001359
[I](2020-12-20  03:27:16 pm)작업중 정지 [d:0][t:00:02:44]
[I](2020-12-20  03:27:16 pm)    [LNo:0016] 000223/001359
[I](2020-12-20  03:28:20 pm)작업중 정지 [d:0][t:00:03:47]
[I](2020-12-20  03:28:20 pm)    [LNo:0016] 000321/001359
[I](2020-12-20  03:29:41 pm)작업중 정지 [d:0][t:00:05:08]
[I](2020-12-20  03:29:41 pm)    [LNo:0016] 000379/001359
[I](2020-12-20  03:31:36 pm)작업중 정지 [d:0][t:00:07:04]
[I](2020-12-20  03:31:36 pm)    [LNo:0016] 000455/001359
[I](2020-12-20  03:32:55 pm)Reset
[I](2020-12-20  03:32:55 pm)Reset
[I](2020-12-20  03:38:46 pm)Reset
[I](2020-12-20  03:38:46 pm)Reset
[I](2020-12-20  03:39:05 pm)작업 시작 [Start d:477]
[I](2020-12-20  03:39:05 pm)Nc File: [No.0016-579.NC]
[I](2020-12-20  03:39:05 pm)  * Start Machine Position
[I](2020-12-20  03:39:05 pm)    X:    239.1213
[I](2020-12-20  03:39:05 pm)    Y:   -174.6389
[I](2020-12-20  03:39:05 pm)    U:      0.0000
[I](2020-12-20  03:39:05 pm)    V:      0.0000
[I](2020-12-20  03:39:05 pm)    Z:     30.4240
[I](2020-12-20  03:39:05 pm)  * Angle
[I](2020-12-20  03:39:05 pm)    Ar:      0.0181,Kr:      0.0000
[I](2020-12-20  03:39:05 pm)    Taper_Ar:      0.0000
[I](2020-12-20  07:23:17 pm)작업중 정지 [d:222][t:03:44:12]
[I](2020-12-20  07:23:17 pm)    [LNo:0016] 000148/001359
[I](2020-12-20  07:23:18 pm)작업중 30sec 접촉 정지 [d:222][t:03:44:12]
