[I](2020-06-11  01:57:38 am)작업중 정지 [d:365][t:08:06:48]
[I](2020-06-11  01:57:38 am)    [LNo:0005] 000990/001027
[I](2020-06-11  01:57:38 am)작업중 M코드정지 [d:365][t:08:06:48]
[I](2020-06-11  08:29:56 am)작업중 정지 [d:365][t:14:39:06]
[I](2020-06-11  08:29:56 am)    [LNo:0005] 000992/001027
[I](2020-06-11  08:29:56 am)작업중 M코드정지 [d:365][t:14:39:06]
[I](2020-06-11  08:35:34 am)작업중 정지 [d:370][t:14:44:43]
[I](2020-06-11  08:35:34 am)    [LNo:0005] 001015/001027
[I](2020-06-11  08:35:34 am)작업중 M코드정지 [d:370][t:14:44:44]
[I](2020-06-11  08:38:02 am)작업중 정지 [d:370][t:14:47:12]
[I](2020-06-11  08:38:02 am)    [LNo:0005] 001016/001027
[I](2020-06-11  08:38:02 am)Wire Contact Auto Stop(M52)
[I](2020-06-11  08:39:03 am)작업 재시작
[I](2020-06-11  08:39:12 am)작업중 정지 [d:370][t:14:48:22]
[I](2020-06-11  08:39:12 am)    [LNo:0005] 001017/001027
[I](2020-06-11  08:39:12 am)작업중 M코드정지 [d:370][t:14:48:22]
[I](2020-06-11  08:39:15 am)작업중 정지 [d:370][t:14:48:25]
[I](2020-06-11  08:39:15 am)    [LNo:0005] 001020/001027
[I](2020-06-11  08:39:17 am)작업중 정지 [d:370][t:14:48:27]
[I](2020-06-11  08:39:17 am)    [LNo:0005] 001020/001027
[A](2020-06-11  08:39:17 am)[010] 자동결선 Error(M21-절단실패)
[I](2020-06-11  08:39:24 am)작업중 정지 [d:370][t:14:48:34]
[I](2020-06-11  08:39:24 am)    [LNo:0005] 001023/001027
[I](2020-06-11  08:39:24 am)작업중 M코드정지 [d:370][t:14:48:34]
[I](2020-06-11  08:39:32 am)Reset
[I](2020-06-11  08:39:46 am)작업 시작 [Start d:382]
[I](2020-06-11  08:39:46 am)Nc File: [No.0005-398.NC]
[I](2020-06-11  08:39:46 am)  * Start Machine Position
[I](2020-06-11  08:39:46 am)    X:     84.7693
[I](2020-06-11  08:39:46 am)    Y:   -307.6997
[I](2020-06-11  08:39:46 am)    U:      0.0000
[I](2020-06-11  08:39:46 am)    V:      0.0000
[I](2020-06-11  08:39:46 am)    Z:     29.6089
[I](2020-06-11  08:39:46 am)  * Angle
[I](2020-06-11  08:39:46 am)    Ar:      0.1868,Kr:      0.0000
[I](2020-06-11  08:39:46 am)    Taper_Ar:      0.0000
[I](2020-06-11  08:51:05 am)작업중 정지 [d:8][t:00:11:18]
[I](2020-06-11  08:51:05 am)    [LNo:0005] 000664/001027
[I](2020-06-11  08:51:05 am)작업중 M코드정지 [d:8][t:00:11:18]
[I](2020-06-11  08:51:35 am)작업중 정지 [d:8][t:00:11:48]
[I](2020-06-11  08:51:35 am)    [LNo:0005] 000665/001027
[I](2020-06-11  08:51:35 am)Wire Contact Auto Stop(M52)
[I](2020-06-11  09:04:06 am)Reset
[I](2020-06-11  09:26:56 am)Reset
[I](2020-06-11  09:27:03 am)Reset
[I](2020-06-11  09:27:03 am)Reset
[I](2020-06-11  11:52:00 am)Reset
[I](2020-06-11  11:54:29 am)Reset
[I](2020-06-11  11:56:32 am)Reset
[I](2020-06-11  11:56:35 am)Reset
[I](2020-06-11  11:58:10 am)작업 시작 [Start d:0]
[I](2020-06-11  11:58:10 am)Nc File: [No.0006-403.NC]
[I](2020-06-11  11:58:10 am)  * Start Machine Position
[I](2020-06-11  11:58:10 am)    X:    145.1318
[I](2020-06-11  11:58:10 am)    Y:   -303.6600
[I](2020-06-11  11:58:10 am)    U:      0.0000
[I](2020-06-11  11:58:10 am)    V:      0.0000
[I](2020-06-11  11:58:10 am)    Z:     29.4844
[I](2020-06-11  11:58:10 am)  * Angle
[I](2020-06-11  11:58:10 am)    Ar:      0.0529,Kr:      0.0000
[I](2020-06-11  11:58:10 am)    Taper_Ar:      0.0000
[I](2020-06-11  12:03:47 pm)작업중 정지 [d:6][t:00:05:36]
[I](2020-06-11  12:03:47 pm)    [LNo:0006] 000020/000434
[I](2020-06-11  12:03:47 pm)작업중 M코드정지 [d:6][t:00:05:36]
[I](2020-06-11  12:04:53 pm)작업중 정지 [d:6][t:00:06:43]
[I](2020-06-11  12:04:53 pm)    [LNo:0006] 000021/000434
[I](2020-06-11  12:05:11 pm)작업 재시작
[I](2020-06-11  12:05:21 pm)작업중 정지 [d:6][t:00:07:10]
[I](2020-06-11  12:05:21 pm)    [LNo:0006] 000023/000434
[I](2020-06-11  12:05:21 pm)작업중 M코드정지 [d:6][t:00:07:10]
[I](2020-06-11  12:12:06 pm)작업중 정지 [d:11][t:00:13:56]
[I](2020-06-11  12:12:06 pm)    [LNo:0006] 000045/000434
[I](2020-06-11  12:12:06 pm)작업중 M코드정지 [d:11][t:00:13:56]
[I](2020-06-11  12:12:37 pm)작업중 정지 [d:12][t:00:14:27]
[I](2020-06-11  12:12:37 pm)    [LNo:0006] 000046/000434
[I](2020-06-11  12:12:57 pm)작업 재시작
[I](2020-06-11  12:13:06 pm)작업중 정지 [d:12][t:00:14:56]
[I](2020-06-11  12:13:06 pm)    [LNo:0006] 000048/000434
[I](2020-06-11  12:13:06 pm)작업중 M코드정지 [d:12][t:00:14:56]
[I](2020-06-11  12:19:57 pm)작업중 정지 [d:18][t:00:21:46]
[I](2020-06-11  12:19:57 pm)    [LNo:0006] 000070/000434
[I](2020-06-11  12:19:57 pm)작업중 M코드정지 [d:18][t:00:21:47]
[I](2020-06-11  12:21:08 pm)작업중 정지 [d:18][t:00:22:58]
[I](2020-06-11  12:21:08 pm)    [LNo:0006] 000073/000434
[I](2020-06-11  12:21:08 pm)작업중 M코드정지 [d:18][t:00:22:58]
[I](2020-06-11  01:04:31 pm)작업중 정지 [d:60][t:01:06:21]
[I](2020-06-11  01:04:31 pm)    [LNo:0006] 000116/000434
[I](2020-06-11  01:04:31 pm)작업중 M코드정지 [d:60][t:01:06:21]
[I](2020-06-11  01:04:45 pm)작업중 정지 [d:60][t:01:06:35]
[I](2020-06-11  01:04:45 pm)    [LNo:0006] 000117/000434
[A](2020-06-11  01:04:45 pm)[008] 작업중 단선(AWF Feed Motor Stop )
[I](2020-06-11  01:04:45 pm)작업중 Wire 단선 [d:60][t:01:06:35]
[A](2020-06-11  01:05:31 pm)[037] 자동결선 잔여 WIRE 처리 실패!!
[I](2020-06-11  01:08:24 pm)작업 재시작
[I](2020-06-11  01:08:26 pm)작업중 정지 [d:60][t:01:10:16]
[I](2020-06-11  01:08:26 pm)    [LNo:0006] 000117/000434
[I](2020-06-11  01:08:27 pm)작업 재시작
[I](2020-06-11  01:08:29 pm)작업중 정지 [d:60][t:01:10:18]
[I](2020-06-11  01:08:29 pm)    [LNo:0006] 000117/000434
[I](2020-06-11  01:08:33 pm)작업 재시작
[I](2020-06-11  03:17:46 pm)작업중 정지 [d:186][t:03:19:36]
[I](2020-06-11  03:17:46 pm)    [LNo:0006] 000397/000434
[I](2020-06-11  03:17:46 pm)작업중 M코드정지 [d:186][t:03:19:36]
[I](2020-06-11  03:18:16 pm)작업중 정지 [d:186][t:03:20:06]
[I](2020-06-11  03:18:16 pm)    [LNo:0006] 000399/000434
[I](2020-06-11  03:18:16 pm)작업중 M코드정지 [d:186][t:03:20:06]
[I](2020-06-11  03:24:21 pm)작업중 정지 [d:190][t:03:26:11]
[I](2020-06-11  03:24:21 pm)    [LNo:0006] 000422/000434
[I](2020-06-11  03:24:21 pm)작업중 M코드정지 [d:190][t:03:26:11]
[I](2020-06-11  03:24:44 pm)작업중 정지 [d:190][t:03:26:34]
[I](2020-06-11  03:24:44 pm)    [LNo:0006] 000424/000434
[I](2020-06-11  03:24:44 pm)작업중 M코드정지 [d:190][t:03:26:34]
[I](2020-06-11  03:52:56 pm)Reset
[I](2020-06-11  03:52:57 pm)Reset
[I](2020-06-11  03:53:05 pm)Reset
[I](2020-06-11  03:53:05 pm)Reset
[I](2020-06-11  04:09:47 pm)Reset
[I](2020-06-11  04:09:47 pm)Reset
[I](2020-06-11  04:10:09 pm)작업 시작 [Start d:190]
[I](2020-06-11  04:10:09 pm)Nc File: [No.0001-407.NC]
[I](2020-06-11  04:10:09 pm)  * Start Machine Position
[I](2020-06-11  04:10:09 pm)    X:    115.1585
[I](2020-06-11  04:10:09 pm)    Y:   -314.2635
[I](2020-06-11  04:10:09 pm)    U:      0.0000
[I](2020-06-11  04:10:09 pm)    V:      0.0000
[I](2020-06-11  04:10:09 pm)    Z:     29.4844
[I](2020-06-11  04:10:09 pm)  * Angle
[I](2020-06-11  04:10:09 pm)    Ar:      0.3438,Kr:      0.0000
[I](2020-06-11  04:10:09 pm)    Taper_Ar:      0.0000
[I](2020-06-11  04:15:16 pm)작업중 정지 [d:5][t:00:05:07]
[I](2020-06-11  04:15:16 pm)    [LNo:0001] 000020/000407
[I](2020-06-11  04:15:16 pm)작업중 M코드정지 [d:5][t:00:05:07]
[I](2020-06-11  04:16:00 pm)작업중 정지 [d:5][t:00:05:51]
[I](2020-06-11  04:16:00 pm)    [LNo:0001] 000023/000407
[I](2020-06-11  04:16:00 pm)작업중 M코드정지 [d:5][t:00:05:51]
[I](2020-06-11  04:22:43 pm)작업중 정지 [d:10][t:00:12:34]
[I](2020-06-11  04:22:43 pm)    [LNo:0001] 000045/000407
[I](2020-06-11  04:22:43 pm)작업중 M코드정지 [d:10][t:00:12:34]
[I](2020-06-11  04:23:05 pm)작업중 정지 [d:10][t:00:12:56]
[I](2020-06-11  04:23:05 pm)    [LNo:0001] 000046/000407
[I](2020-06-11  04:24:10 pm)작업 재시작
[I](2020-06-11  04:24:17 pm)작업중 정지 [d:10][t:00:14:08]
[I](2020-06-11  04:24:17 pm)    [LNo:0001] 000048/000407
[I](2020-06-11  04:24:17 pm)작업중 M코드정지 [d:10][t:00:14:08]
[I](2020-06-11  04:30:50 pm)작업중 정지 [d:15][t:00:20:41]
[I](2020-06-11  04:30:50 pm)    [LNo:0001] 000070/000407
[I](2020-06-11  04:30:51 pm)작업중 M코드정지 [d:15][t:00:20:41]
[I](2020-06-11  04:31:11 pm)작업중 정지 [d:15][t:00:21:02]
[I](2020-06-11  04:31:11 pm)    [LNo:0001] 000071/000407
[I](2020-06-11  04:32:01 pm)작업 재시작
[I](2020-06-11  04:32:09 pm)작업중 정지 [d:15][t:00:22:00]
[I](2020-06-11  04:32:09 pm)    [LNo:0001] 000073/000407
[I](2020-06-11  04:32:09 pm)작업중 M코드정지 [d:15][t:00:22:00]
[I](2020-06-11  05:16:46 pm)작업중 정지 [d:59][t:01:06:37]
[I](2020-06-11  05:16:46 pm)    [LNo:0001] 000110/000407
[I](2020-06-11  05:16:46 pm)작업중 M코드정지 [d:59][t:01:06:37]
[I](2020-06-11  05:17:24 pm)작업중 정지 [d:59][t:01:07:15]
[I](2020-06-11  05:17:24 pm)    [LNo:0001] 000111/000407
[A](2020-06-11  05:17:24 pm)[008] 작업중 단선(AWF Feed Motor Stop )
[I](2020-06-11  05:17:24 pm)작업중 Wire 단선 [d:59][t:01:07:15]
[I](2020-06-11  05:20:12 pm)작업 재시작
[I](2020-06-11  05:20:22 pm)작업중 정지 [d:59][t:01:10:13]
[I](2020-06-11  05:20:22 pm)    [LNo:0001] 000113/000407
[I](2020-06-11  05:20:22 pm)작업중 M코드정지 [d:59][t:01:10:13]
[I](2020-06-11  07:26:58 pm)작업중 정지 [d:181][t:03:16:48]
[I](2020-06-11  07:26:58 pm)    [LNo:0001] 000370/000407
[I](2020-06-11  07:26:58 pm)작업중 M코드정지 [d:181][t:03:16:49]
[I](2020-06-11  07:27:21 pm)작업중 정지 [d:181][t:03:17:12]
[I](2020-06-11  07:27:21 pm)    [LNo:0001] 000372/000407
[I](2020-06-11  07:27:21 pm)작업중 M코드정지 [d:181][t:03:17:12]
[I](2020-06-11  07:33:14 pm)작업중 정지 [d:185][t:03:23:05]
[I](2020-06-11  07:33:14 pm)    [LNo:0001] 000395/000407
[I](2020-06-11  07:33:14 pm)작업중 M코드정지 [d:185][t:03:23:05]
[I](2020-06-11  07:35:33 pm)작업중 정지 [d:186][t:03:25:24]
[I](2020-06-11  07:35:33 pm)    [LNo:0001] 000397/000407
[I](2020-06-11  07:35:33 pm)작업중 M코드정지 [d:186][t:03:25:24]
[I](2020-06-11  07:51:02 pm)Reset
[I](2020-06-11  07:51:02 pm)Reset
[I](2020-06-11  07:51:10 pm)Reset
[I](2020-06-11  08:11:03 pm)Reset
[I](2020-06-11  08:11:04 pm)Reset
[I](2020-06-11  08:11:37 pm)Reset
[I](2020-06-11  08:15:16 pm)Reset
[I](2020-06-11  08:18:34 pm)작업 시작 [Start d:376]
[I](2020-06-11  08:18:34 pm)Nc File: [No.0002-436.NC]
[I](2020-06-11  08:18:34 pm)  * Start Machine Position
[I](2020-06-11  08:18:34 pm)    X:    108.5586
[I](2020-06-11  08:18:34 pm)    Y:   -342.3977
[I](2020-06-11  08:18:34 pm)    U:      0.0000
[I](2020-06-11  08:18:34 pm)    V:      0.0000
[I](2020-06-11  08:18:34 pm)    Z:     30.3234
[I](2020-06-11  08:18:34 pm)  * Angle
[I](2020-06-11  08:18:34 pm)    Ar:     -0.3016,Kr:      0.0000
[I](2020-06-11  08:18:34 pm)    Taper_Ar:      0.0000
[I](2020-06-11  08:39:54 pm)작업중 정지 [d:20][t:00:21:19]
[I](2020-06-11  08:39:54 pm)    [LNo:0002] 000170/000484
[I](2020-06-11  08:40:25 pm)작업 재시작
[I](2020-06-11  08:53:27 pm)작업중 정지 [d:33][t:00:34:53]
[I](2020-06-11  08:53:27 pm)    [LNo:0002] 000234/000484
[I](2020-06-11  08:53:27 pm)작업중 M코드정지 [d:33][t:00:34:53]
[I](2020-06-11  08:55:47 pm)작업중 정지 [d:33][t:00:37:13]
[I](2020-06-11  08:55:47 pm)    [LNo:0002] 000235/000484
[I](2020-06-11  08:55:47 pm)Wire Contact Auto Stop(M52)
[I](2020-06-11  08:56:34 pm)작업 재시작
[I](2020-06-11  08:56:35 pm)작업중 정지 [d:33][t:00:38:01]
[I](2020-06-11  08:56:35 pm)    [LNo:0002] 000236/000484
[I](2020-06-11  08:56:36 pm)작업중 M코드정지 [d:33][t:00:38:01]
[I](2020-06-11  09:33:58 pm)작업중 정지 [d:67][t:01:15:23]
[I](2020-06-11  09:33:58 pm)    [LNo:0002] 000472/000484
[I](2020-06-11  09:33:58 pm)작업중 M코드정지 [d:67][t:01:15:24]
[I](2020-06-11  09:35:00 pm)작업중 정지 [d:67][t:01:16:25]
[I](2020-06-11  09:35:00 pm)    [LNo:0002] 000473/000484
[I](2020-06-11  09:35:00 pm)Wire Contact Auto Stop(M52)
[I](2020-06-11  09:59:09 pm)Reset
[I](2020-06-11  09:59:09 pm)Reset
[I](2020-06-11  09:59:16 pm)Reset
[I](2020-06-11  09:59:20 pm)Reset
[I](2020-06-11  09:59:21 pm)Reset
[I](2020-06-11  10:01:43 pm)Reset
[I](2020-06-11  10:01:43 pm)Reset
[I](2020-06-11  10:04:21 pm)Reset
[I](2020-06-11  10:04:22 pm)Reset
[A](2020-06-11  10:04:49 pm)[033] 자동결선 회수 롤러 WIRE CONTACT!!
[I](2020-06-11  10:10:54 pm)Reset
[I](2020-06-11  10:10:54 pm)Reset
[I](2020-06-11  10:12:42 pm)Reset
[I](2020-06-11  10:12:42 pm)Reset
[I](2020-06-11  10:13:10 pm)Reset
[I](2020-06-11  10:13:10 pm)Reset
[I](2020-06-11  10:13:34 pm)Reset
[I](2020-06-11  10:13:34 pm)Reset
[I](2020-06-11  10:13:34 pm)Reset
[I](2020-06-11  10:14:31 pm)Reset
[I](2020-06-11  10:14:56 pm)Reset
[I](2020-06-11  10:14:57 pm)Reset
[I](2020-06-11  10:15:12 pm)Reset
[I](2020-06-11  10:15:13 pm)Reset
[I](2020-06-11  10:15:24 pm)Reset
[I](2020-06-11  10:15:24 pm)Reset
[I](2020-06-11  10:16:14 pm)Reset
[I](2020-06-11  10:16:37 pm)Reset
[I](2020-06-11  10:16:37 pm)Reset
[I](2020-06-11  10:16:47 pm)Reset
[I](2020-06-11  10:16:47 pm)Reset
[I](2020-06-11  10:16:48 pm)Reset
[I](2020-06-11  10:19:33 pm)작업 시작 [Start d:443]
[I](2020-06-11  10:19:33 pm)Nc File: [No.0003-435.NC]
[I](2020-06-11  10:19:33 pm)  * Start Machine Position
[I](2020-06-11  10:19:33 pm)    X:     85.7951
[I](2020-06-11  10:19:33 pm)    Y:   -370.3762
[I](2020-06-11  10:19:33 pm)    U:      0.0099
[I](2020-06-11  10:19:33 pm)    V:      0.0001
[I](2020-06-11  10:19:33 pm)    Z:     48.3059
[I](2020-06-11  10:19:33 pm)  * Angle
[I](2020-06-11  10:19:33 pm)    Ar:      0.7811,Kr:      0.0000
[I](2020-06-11  10:19:33 pm)    Taper_Ar:      0.0000
[I](2020-06-11  10:19:42 pm)작업중 정지 [d:0][t:00:00:09]
[I](2020-06-11  10:19:42 pm)    [LNo:0003] 000010/000060
[I](2020-06-11  10:19:42 pm)작업중 M코드정지 [d:0][t:00:00:09]
[I](2020-06-11  10:20:26 pm)작업중 정지 [d:0][t:00:00:52]
[I](2020-06-11  10:20:26 pm)    [LNo:0003] 000017/000060
[I](2020-06-11  11:06:06 pm)작업중 정지 [d:45][t:00:46:32]
[I](2020-06-11  11:06:06 pm)    [LNo:0003] 000028/000060
[I](2020-06-11  11:07:05 pm)작업 재시작
[I](2020-06-11  11:07:09 pm)작업중 정지 [d:45][t:00:47:35]
[I](2020-06-11  11:07:09 pm)    [LNo:0003] 000029/000060
[I](2020-06-11  11:07:09 pm)작업중 M코드정지 [d:45][t:00:47:35]
[I](2020-06-11  11:07:24 pm)작업중 정지 [d:45][t:00:47:50]
[I](2020-06-11  11:07:24 pm)    [LNo:0003] 000031/000060
[I](2020-06-11  11:07:24 pm)작업중 M코드정지 [d:45][t:00:47:51]
[I](2020-06-11  11:08:30 pm)작업중 정지 [d:46][t:00:48:57]
[I](2020-06-11  11:08:30 pm)    [LNo:0003] 000045/000060
[I](2020-06-11  11:08:30 pm)작업중 30sec 접촉 정지 [d:46][t:00:48:57]
[I](2020-06-11  11:12:55 pm)작업 재시작
[I](2020-06-11  11:24:27 pm)작업중 정지 [d:57][t:01:04:54]
[I](2020-06-11  11:24:27 pm)    [LNo:0003] 000053/000060
[I](2020-06-11  11:40:00 pm)Reset
[I](2020-06-11  11:40:08 pm)Reset
[I](2020-06-11  11:40:09 pm)Reset
[I](2020-06-11  11:40:16 pm)Reset
