[I](2020-12-28  08:28:24 am)Ready On
[A](2020-12-28  08:28:47 am)[037] 자동결선 잔여 WIRE 처리 실패!!
[I](2020-12-28  08:36:18 am)작업 재시작
[I](2020-12-28  08:36:19 am)작업중 정지 [d:595][t:23:46:37]
[I](2020-12-28  08:36:19 am)    [LNo:0002] 001691/001734
[I](2020-12-28  08:36:19 am)작업 재시작
[I](2020-12-28  08:36:20 am)작업중 정지 [d:595][t:23:46:38]
[I](2020-12-28  08:36:20 am)    [LNo:0002] 001691/001734
[I](2020-12-28  08:36:21 am)작업 재시작
[I](2020-12-28  08:36:36 am)작업중 정지 [d:595][t:23:46:54]
[I](2020-12-28  08:36:36 am)    [LNo:0002] 001695/001734
[I](2020-12-28  08:36:38 am)작업중 정지 [d:595][t:23:46:56]
[I](2020-12-28  08:36:38 am)    [LNo:0002] 001695/001734
[I](2020-12-28  08:36:39 am)작업중 정지 [d:595][t:23:46:57]
[I](2020-12-28  08:36:39 am)    [LNo:0002] 001695/001734
[A](2020-12-28  08:36:39 am)[010] 자동결선 Error(M21-절단실패)
[I](2020-12-28  08:36:57 am)작업중 정지 [d:595][t:23:47:15]
[I](2020-12-28  08:36:57 am)    [LNo:0002] 001701/001734
[A](2020-12-28  08:36:57 am)[009] 자동결선 Error(M20-삽입실패)
[I](2020-12-28  09:20:52 am)작업중 정지 [d:613][t:00:31:10]
[I](2020-12-28  09:20:52 am)    [LNo:0002] 001727/001734
[A](2020-12-28  09:20:52 am)[011] 자동결선 Error(M21-잔여와이어 처리실패)
[I](2020-12-28  09:24:24 am)Reset
[I](2020-12-28  09:24:32 am)Reset
[I](2020-12-28  09:27:29 am)Reset
[I](2020-12-28  09:27:30 am)Reset
[I](2020-12-28  09:27:30 am)Reset
[I](2020-12-28  09:27:31 am)Reset
[I](2020-12-28  09:27:31 am)Reset
[I](2020-12-28  09:28:46 am)Reset
[I](2020-12-28  09:28:50 am)Reset
[A](2020-12-28  09:29:10 am)[037] 자동결선 잔여 WIRE 처리 실패!!
[I](2020-12-28  09:30:27 am)Reset
[I](2020-12-28  11:48:57 am)Reset
[I](2020-12-28  11:49:31 am)Reset
[I](2020-12-28  11:55:43 am)Reset
[I](2020-12-28  11:58:34 am)Reset
[I](2020-12-28  12:03:51 pm)Reset
[I](2020-12-28  12:06:01 pm)작업 시작 [Start d:0]
[I](2020-12-28  12:06:01 pm)Nc File: [No.0003-688.NC]
[I](2020-12-28  12:06:01 pm)  * Start Machine Position
[I](2020-12-28  12:06:01 pm)    X:    538.9588
[I](2020-12-28  12:06:01 pm)    Y:   -280.2318
[I](2020-12-28  12:06:01 pm)    U:      0.0000
[I](2020-12-28  12:06:01 pm)    V:      0.0000
[I](2020-12-28  12:06:01 pm)    Z:     26.5367
[I](2020-12-28  12:06:01 pm)  * Angle
[I](2020-12-28  12:06:01 pm)    Ar:      0.3405,Kr:      0.0000
[I](2020-12-28  12:06:01 pm)    Taper_Ar:      0.0000
[I](2020-12-28  12:06:20 pm)작업중 정지 [d:0][t:00:00:18]
[I](2020-12-28  12:06:20 pm)    [LNo:0003] 000010/000040
[I](2020-12-28  12:06:20 pm)작업중 M코드정지 [d:0][t:00:00:18]
[I](2020-12-28  12:09:18 pm)작업중 정지 [d:2][t:00:03:16]
[I](2020-12-28  12:09:18 pm)    [LNo:0003] 000028/000040
[I](2020-12-28  12:09:18 pm)작업중 M코드정지 [d:2][t:00:03:16]
[I](2020-12-28  12:09:35 pm)작업중 정지 [d:3][t:00:03:34]
[I](2020-12-28  12:09:35 pm)    [LNo:0003] 000030/000040
[I](2020-12-28  12:09:35 pm)작업중 M코드정지 [d:3][t:00:03:34]
[I](2020-12-28  12:10:16 pm)작업중 정지 [d:3][t:00:04:15]
[I](2020-12-28  12:10:16 pm)    [LNo:0003] 000035/000040
[I](2020-12-28  01:12:44 pm)Reset
[I](2020-12-28  01:14:28 pm)Reset
[I](2020-12-28  01:14:58 pm)Reset
[I](2020-12-28  01:23:20 pm)Reset
[I](2020-12-28  01:26:06 pm)Reset
[I](2020-12-28  01:27:50 pm)작업 시작 [Start d:3]
[I](2020-12-28  01:27:50 pm)Nc File: [No.0004-689.NC]
[I](2020-12-28  01:27:50 pm)  * Start Machine Position
[I](2020-12-28  01:27:50 pm)    X:    559.0126
[I](2020-12-28  01:27:50 pm)    Y:   -155.6723
[I](2020-12-28  01:27:50 pm)    U:      0.0000
[I](2020-12-28  01:27:50 pm)    V:      0.0000
[I](2020-12-28  01:27:50 pm)    Z:     30.4737
[I](2020-12-28  01:27:50 pm)  * Angle
[I](2020-12-28  01:27:50 pm)    Ar:      0.0173,Kr:      0.0000
[I](2020-12-28  01:27:50 pm)    Taper_Ar:      0.0000
[I](2020-12-28  01:28:14 pm)작업중 정지 [d:0][t:00:00:23]
[I](2020-12-28  01:28:14 pm)    [LNo:0004] 000010/000055
[I](2020-12-28  01:28:14 pm)작업중 M코드정지 [d:0][t:00:00:23]
[I](2020-12-28  01:32:46 pm)작업중 정지 [d:2][t:00:04:55]
[I](2020-12-28  01:32:46 pm)    [LNo:0004] 000028/000055
[I](2020-12-28  01:32:46 pm)작업중 M코드정지 [d:2][t:00:04:55]
[I](2020-12-28  01:33:30 pm)작업중 정지 [d:2][t:00:05:39]
[I](2020-12-28  01:33:30 pm)    [LNo:0004] 000030/000055
[I](2020-12-28  01:33:30 pm)작업중 M코드정지 [d:2][t:00:05:40]
[I](2020-12-28  01:35:18 pm)작업중 정지 [d:2][t:00:07:27]
[I](2020-12-28  01:35:18 pm)    [LNo:0004] 000051/000055
[I](2020-12-28  01:35:18 pm)작업중 M코드정지 [d:2][t:00:07:27]
[I](2020-12-28  01:45:19 pm)Reset
[I](2020-12-28  01:52:26 pm)Reset
[I](2020-12-28  01:54:24 pm)Reset
[I](2020-12-28  01:54:24 pm)Reset
[I](2020-12-28  01:55:50 pm)Reset
[I](2020-12-28  02:03:58 pm)Reset
[I](2020-12-28  02:07:23 pm)Reset
[I](2020-12-28  02:09:07 pm)작업 시작 [Start d:5]
[I](2020-12-28  02:09:07 pm)Nc File: [No.0005-686.NC]
[I](2020-12-28  02:09:07 pm)  * Start Machine Position
[I](2020-12-28  02:09:07 pm)    X:     24.4329
[I](2020-12-28  02:09:07 pm)    Y:   -260.2328
[I](2020-12-28  02:09:07 pm)    U:      0.0000
[I](2020-12-28  02:09:07 pm)    V:      0.0000
[I](2020-12-28  02:09:07 pm)    Z:     26.6187
[I](2020-12-28  02:09:07 pm)  * Angle
[I](2020-12-28  02:09:07 pm)    Ar:      0.0437,Kr:      0.0000
[I](2020-12-28  02:09:07 pm)    Taper_Ar:      0.0000
[I](2020-12-28  02:09:20 pm)작업중 정지 [d:0][t:00:00:13]
[I](2020-12-28  02:09:20 pm)    [LNo:0005] 000010/000190
[I](2020-12-28  02:09:21 pm)작업중 M코드정지 [d:0][t:00:00:13]
[I](2020-12-28  02:15:53 pm)작업중 정지 [d:6][t:00:06:45]
[I](2020-12-28  02:15:53 pm)    [LNo:0005] 000028/000190
[I](2020-12-28  02:15:53 pm)작업중 M코드정지 [d:6][t:00:06:45]
[I](2020-12-28  02:16:15 pm)작업중 정지 [d:6][t:00:07:07]
[I](2020-12-28  02:16:15 pm)    [LNo:0005] 000032/000190
[I](2020-12-28  02:16:15 pm)작업중 M코드정지 [d:6][t:00:07:07]
[I](2020-12-28  02:18:28 pm)작업중 정지 [d:7][t:00:09:20]
[I](2020-12-28  02:18:28 pm)    [LNo:0005] 000050/000190
[I](2020-12-28  02:18:28 pm)작업중 M코드정지 [d:7][t:00:09:20]
[I](2020-12-28  02:27:12 pm)작업중 정지 [d:13][t:00:18:05]
[I](2020-12-28  02:27:12 pm)    [LNo:0005] 000072/000190
[I](2020-12-28  02:27:12 pm)작업중 M코드정지 [d:13][t:00:18:05]
[I](2020-12-28  02:34:09 pm)작업중 정지 [d:13][t:00:25:01]
[I](2020-12-28  02:34:09 pm)    [LNo:0005] 000076/000190
[I](2020-12-28  02:34:09 pm)작업중 M코드정지 [d:13][t:00:25:01]
[I](2020-12-28  02:43:38 pm)작업중 정지 [d:20][t:00:34:31]
[I](2020-12-28  02:43:38 pm)    [LNo:0005] 000116/000190
[I](2020-12-28  02:43:38 pm)작업중 M코드정지 [d:20][t:00:34:31]
[I](2020-12-28  02:44:02 pm)작업중 정지 [d:20][t:00:34:54]
[I](2020-12-28  02:44:02 pm)    [LNo:0005] 000120/000190
[I](2020-12-28  02:44:02 pm)작업중 M코드정지 [d:20][t:00:34:54]
[I](2020-12-28  02:47:13 pm)작업중 정지 [d:21][t:00:38:05]
[I](2020-12-28  02:47:13 pm)    [LNo:0005] 000145/000190
[A](2020-12-28  02:47:13 pm)[009] 자동결선 Error(M20-삽입실패)
[I](2020-12-28  02:57:14 pm)작업중 정지 [d:27][t:00:48:06]
[I](2020-12-28  02:57:14 pm)    [LNo:0005] 000160/000190
[I](2020-12-28  02:57:14 pm)작업중 M코드정지 [d:27][t:00:48:06]
[I](2020-12-28  02:57:37 pm)작업중 정지 [d:28][t:00:48:29]
[I](2020-12-28  02:57:37 pm)    [LNo:0005] 000164/000190
[I](2020-12-28  02:57:37 pm)작업중 M코드정지 [d:28][t:00:48:29]
[I](2020-12-28  03:00:35 pm)작업중 정지 [d:30][t:00:51:28]
[I](2020-12-28  03:00:35 pm)    [LNo:0005] 000185/000190
[I](2020-12-28  04:24:39 pm)Reset
[A](2020-12-28  04:26:02 pm)[036] 자동결선 절단 공정 실패!!
[I](2020-12-28  04:26:17 pm)Reset
[I](2020-12-28  04:27:00 pm)Reset
[I](2020-12-28  04:27:48 pm)Reset
[I](2020-12-28  04:28:20 pm)Reset
[I](2020-12-28  04:42:34 pm)Reset
[I](2020-12-28  04:43:20 pm)Reset
[I](2020-12-28  04:44:36 pm)Reset
[I](2020-12-28  04:45:17 pm)Reset
[I](2020-12-28  04:45:51 pm)Reset
[I](2020-12-28  04:46:19 pm)Reset
[I](2020-12-28  04:46:52 pm)Reset
[I](2020-12-28  04:47:17 pm)Reset
[I](2020-12-28  04:51:20 pm)작업 시작 [Start d:35]
[I](2020-12-28  04:51:20 pm)Nc File: [No.0007-695.NC]
[I](2020-12-28  04:51:20 pm)  * Start Machine Position
[I](2020-12-28  04:51:20 pm)    X:     41.0456
[I](2020-12-28  04:51:20 pm)    Y:   -288.7130
[I](2020-12-28  04:51:20 pm)    U:     -0.0620
[I](2020-12-28  04:51:20 pm)    V:      0.0087
[I](2020-12-28  04:51:20 pm)    Z:     73.6072
[I](2020-12-28  04:51:20 pm)  * Angle
[I](2020-12-28  04:51:20 pm)    Ar:      0.1969,Kr:      0.0000
[I](2020-12-28  04:51:20 pm)    Taper_Ar:      0.0000
[I](2020-12-28  04:51:30 pm)작업중 정지 [d:0][t:00:00:09]
[I](2020-12-28  04:51:30 pm)    [LNo:0007] 000010/000068
[I](2020-12-28  04:51:30 pm)작업중 M코드정지 [d:0][t:00:00:09]
[I](2020-12-28  05:07:29 pm)작업중 정지 [d:15][t:00:16:08]
[I](2020-12-28  05:07:29 pm)    [LNo:0007] 000033/000068
[I](2020-12-28  05:07:29 pm)작업중 M코드정지 [d:15][t:00:16:08]
[I](2020-12-28  05:13:06 pm)작업중 정지 [d:15][t:00:21:45]
[I](2020-12-28  05:13:06 pm)    [LNo:0007] 000035/000068
[I](2020-12-28  05:13:06 pm)작업중 M코드정지 [d:15][t:00:21:46]
[I](2020-12-28  05:17:05 pm)작업중 정지 [d:19][t:00:25:44]
[I](2020-12-28  05:17:05 pm)    [LNo:0007] 000061/000068
[I](2020-12-28  05:17:05 pm)작업중 M코드정지 [d:19][t:00:25:44]
[I](2020-12-28  05:41:07 pm)Reset
[I](2020-12-28  05:41:16 pm)Reset
[I](2020-12-28  05:58:31 pm)Reset
[I](2020-12-28  06:03:06 pm)Reset
[I](2020-12-28  06:03:07 pm)Reset
[I](2020-12-28  06:04:58 pm)Reset
[I](2020-12-28  06:05:23 pm)Reset
[I](2020-12-28  06:11:08 pm)작업 시작 [Start d:54]
[I](2020-12-28  06:11:08 pm)Nc File: [No.0008-679.NC]
[I](2020-12-28  06:11:08 pm)  * Start Machine Position
[I](2020-12-28  06:11:08 pm)    X:     21.9757
[I](2020-12-28  06:11:08 pm)    Y:   -367.3263
[I](2020-12-28  06:11:08 pm)    U:      0.0000
[I](2020-12-28  06:11:08 pm)    V:      0.0000
[I](2020-12-28  06:11:08 pm)    Z:     36.9652
[I](2020-12-28  06:11:08 pm)  * Angle
[I](2020-12-28  06:11:08 pm)    Ar:      0.0953,Kr:      0.0000
[I](2020-12-28  06:11:08 pm)    Taper_Ar:      0.0000
[I](2020-12-28  06:49:05 pm)작업중 정지 [d:37][t:00:37:56]
[I](2020-12-28  06:49:05 pm)    [LNo:0008] 000065/000544
[A](2020-12-28  06:49:05 pm)[008] 작업중 단선(AWF Feed Motor Stop )
[I](2020-12-28  06:49:05 pm)작업중 Wire 단선 [d:37][t:00:37:56]
[I](2020-12-28  06:49:16 pm)작업 재시작
[I](2020-12-28  07:12:32 pm)작업중 정지 [d:60][t:01:01:23]
[I](2020-12-28  07:12:32 pm)    [LNo:0008] 000108/000544
[I](2020-12-28  07:12:32 pm)작업중 30sec 접촉 정지 [d:60][t:01:01:23]
[I](2020-12-28  07:45:18 pm)작업 재시작
[I](2020-12-28  07:45:23 pm)작업중 정지 [d:60][t:01:34:15]
[I](2020-12-28  07:45:23 pm)    [LNo:0008] 000108/000544
[I](2020-12-28  07:45:23 pm)작업중 30sec 접촉 정지 [d:60][t:01:34:15]
[I](2020-12-28  07:46:11 pm)작업 재시작
[I](2020-12-28  09:45:24 pm)작업중 정지 [d:173][t:03:34:15]
[I](2020-12-28  09:45:24 pm)    [LNo:0008] 000263/000544
[I](2020-12-28  09:45:24 pm)Wire Contact Auto Stop(M52)
[I](2020-12-28  09:46:53 pm)작업 재시작
[I](2020-12-28  09:47:06 pm)작업중 정지 [d:173][t:03:35:57]
[I](2020-12-28  09:47:06 pm)    [LNo:0008] 000269/000544
[I](2020-12-28  09:47:06 pm)작업중 M코드정지 [d:173][t:03:35:57]
[I](2020-12-28  09:51:35 pm)Reset
[I](2020-12-28  09:51:52 pm)Reset
[I](2020-12-28  09:55:04 pm)Reset
[I](2020-12-28  09:55:04 pm)Reset
[I](2020-12-28  09:55:04 pm)Reset
[I](2020-12-28  09:56:44 pm)작업 시작 [Start d:227]
[I](2020-12-28  09:56:44 pm)Nc File: [No.0008-679.NC]
[I](2020-12-28  09:56:44 pm)  * Start Machine Position
[I](2020-12-28  09:56:44 pm)    X:     25.7256
[I](2020-12-28  09:56:44 pm)    Y:   -367.7210
[I](2020-12-28  09:56:44 pm)    U:      0.0000
[I](2020-12-28  09:56:44 pm)    V:      0.0000
[I](2020-12-28  09:56:44 pm)    Z:     36.9652
[I](2020-12-28  09:56:44 pm)  * Angle
[I](2020-12-28  09:56:44 pm)    Ar:      0.3421,Kr:      0.0000
[I](2020-12-28  09:56:44 pm)    Taper_Ar:      0.0000
[I](2020-12-28  10:13:21 pm)작업중 정지 [d:16][t:00:16:37]
[I](2020-12-28  10:13:21 pm)    [LNo:0008] 000289/000544
[I](2020-12-28  10:13:21 pm)작업중 30sec 접촉 정지 [d:16][t:00:16:37]
[I](2020-12-28  10:13:37 pm)작업 재시작
[I](2020-12-28  10:13:37 pm)작업중 정지 [d:16][t:00:16:53]
[I](2020-12-28  10:13:37 pm)    [LNo:0008] 000289/000544
[I](2020-12-28  10:14:05 pm)작업 재시작
[I](2020-12-28  11:24:07 pm)작업중 정지 [d:82][t:01:27:22]
[I](2020-12-28  11:24:07 pm)    [LNo:0008] 000412/000544
[A](2020-12-28  11:24:07 pm)[008] 작업중 단선(AWF Feed Motor Stop )
[I](2020-12-28  11:24:07 pm)작업중 Wire 단선 [d:82][t:01:27:22]
[I](2020-12-28  11:24:18 pm)작업 재시작
