[I](2020-08-08  01:32:26 am)
[I](2020-08-08  01:32:26 am)Work completed.
[I](2020-08-08  01:32:26 am)작업 끝.(M02) [d:289][t:08:35:00]
[I](2020-08-08  01:33:14 am)Reset
[I](2020-08-08  01:33:29 am)작업 시작 [Start d:858]
[I](2020-08-08  01:33:29 am)Nc File: [No.0008-607.NC]
[I](2020-08-08  01:33:29 am)  * Start Machine Position
[I](2020-08-08  01:33:29 am)    X:    160.0793
[I](2020-08-08  01:33:29 am)    Y:   -385.4940
[I](2020-08-08  01:33:29 am)    U:      0.0000
[I](2020-08-08  01:33:29 am)    V:      0.0000
[I](2020-08-08  01:33:29 am)    Z:     22.1745
[I](2020-08-08  01:33:29 am)  * Angle
[I](2020-08-08  01:33:29 am)    Ar:     -0.0095,Kr:      0.0000
[I](2020-08-08  01:33:29 am)    Taper_Ar:      0.0000
[I](2020-08-08  01:46:18 am)작업중 정지 [d:12][t:00:12:49]
[I](2020-08-08  01:46:18 am)    [LNo:0008] 000079/000164
[I](2020-08-08  01:46:18 am)작업중 M코드정지 [d:12][t:00:12:49]
[I](2020-08-08  01:59:36 am)작업중 정지 [d:24][t:00:26:07]
[I](2020-08-08  01:59:36 am)    [LNo:0008] 000101/000164
[I](2020-08-08  01:59:36 am)작업중 M코드정지 [d:24][t:00:26:07]
[I](2020-08-08  02:00:25 am)작업중 정지 [d:24][t:00:26:56]
[I](2020-08-08  02:00:25 am)    [LNo:0008] 000104/000164
[I](2020-08-08  02:00:25 am)작업중 M코드정지 [d:24][t:00:26:56]
[I](2020-08-08  02:14:34 am)작업중 정지 [d:36][t:00:41:05]
[I](2020-08-08  02:14:34 am)    [LNo:0008] 000126/000164
[I](2020-08-08  02:14:34 am)작업중 M코드정지 [d:36][t:00:41:05]
[I](2020-08-08  02:15:26 am)작업중 정지 [d:36][t:00:41:57]
[I](2020-08-08  02:15:26 am)    [LNo:0008] 000129/000164
[I](2020-08-08  02:15:26 am)작업중 M코드정지 [d:36][t:00:41:57]
[I](2020-08-08  02:29:09 am)작업중 정지 [d:48][t:00:55:40]
[I](2020-08-08  02:29:09 am)    [LNo:0008] 000151/000164
[I](2020-08-08  02:29:10 am)작업중 M코드정지 [d:48][t:00:55:40]
[I](2020-08-08  02:31:04 am)작업중 정지 [d:48][t:00:57:34]
[I](2020-08-08  02:31:04 am)    [LNo:0008] 000154/000164
[I](2020-08-08  02:31:04 am)작업중 M코드정지 [d:48][t:00:57:34]
[I](2020-08-08  02:35:30 am)Reset
[I](2020-08-08  02:36:21 am)Reset
[I](2020-08-08  02:43:27 am)Reset
[I](2020-08-08  02:46:41 am)Reset
[I](2020-08-08  02:46:41 am)Reset
[I](2020-08-08  02:49:30 am)Reset
[I](2020-08-08  02:49:34 am)Reset
[I](2020-08-08  02:49:35 am)Reset
[I](2020-08-08  02:51:21 am)작업 시작 [Start d:0]
[I](2020-08-08  02:51:21 am)Nc File: [No.0009-618.NC]
[I](2020-08-08  02:51:21 am)  * Start Machine Position
[I](2020-08-08  02:51:21 am)    X:    174.1576
[I](2020-08-08  02:51:21 am)    Y:   -311.2636
[I](2020-08-08  02:51:21 am)    U:      0.0000
[I](2020-08-08  02:51:21 am)    V:      0.0000
[I](2020-08-08  02:51:21 am)    Z:     30.4294
[I](2020-08-08  02:51:21 am)  * Angle
[I](2020-08-08  02:51:21 am)    Ar:      0.5379,Kr:      0.0000
[I](2020-08-08  02:51:21 am)    Taper_Ar:      0.0000
[I](2020-08-08  02:58:47 am)작업중 정지 [d:7][t:00:07:26]
[I](2020-08-08  02:58:47 am)    [LNo:0009] 000020/000394
[I](2020-08-08  02:58:47 am)작업중 M코드정지 [d:7][t:00:07:26]
[I](2020-08-08  03:00:41 am)작업중 정지 [d:7][t:00:09:19]
[I](2020-08-08  03:00:41 am)    [LNo:0009] 000021/000394
[I](2020-08-08  03:00:41 am)작업중 30sec 접촉 정지 [d:7][t:00:09:19]
[I](2020-08-08  03:01:21 am)작업 재시작
[I](2020-08-08  03:01:35 am)작업중 정지 [d:7][t:00:10:14]
[I](2020-08-08  03:01:35 am)    [LNo:0009] 000023/000394
[I](2020-08-08  03:01:36 am)작업중 M코드정지 [d:7][t:00:10:14]
[I](2020-08-08  03:09:51 am)작업중 정지 [d:14][t:00:18:30]
[I](2020-08-08  03:09:51 am)    [LNo:0009] 000045/000394
[I](2020-08-08  03:09:52 am)작업중 M코드정지 [d:14][t:00:18:30]
[I](2020-08-08  03:10:14 am)작업중 정지 [d:14][t:00:18:52]
[I](2020-08-08  03:10:14 am)    [LNo:0009] 000046/000394
[I](2020-08-08  03:10:38 am)작업 재시작
[I](2020-08-08  03:10:44 am)작업중 정지 [d:14][t:00:19:22]
[I](2020-08-08  03:10:44 am)    [LNo:0009] 000048/000394
[I](2020-08-08  03:10:44 am)작업중 M코드정지 [d:14][t:00:19:22]
[I](2020-08-08  03:19:05 am)작업중 정지 [d:21][t:00:27:44]
[I](2020-08-08  03:19:05 am)    [LNo:0009] 000070/000394
[I](2020-08-08  03:19:05 am)작업중 M코드정지 [d:21][t:00:27:44]
[I](2020-08-08  03:19:47 am)작업중 정지 [d:21][t:00:28:25]
[I](2020-08-08  03:19:47 am)    [LNo:0009] 000071/000394
[I](2020-08-08  03:19:59 am)작업 재시작
[I](2020-08-08  04:03:21 am)작업중 정지 [d:63][t:01:12:00]
[I](2020-08-08  04:03:21 am)    [LNo:0009] 000106/000394
[I](2020-08-08  04:03:21 am)작업중 M코드정지 [d:63][t:01:12:00]
[I](2020-08-08  04:05:48 am)작업중 정지 [d:63][t:01:14:27]
[I](2020-08-08  04:05:48 am)    [LNo:0009] 000109/000394
[I](2020-08-08  04:05:48 am)작업중 M코드정지 [d:63][t:01:14:27]
[A](2020-08-08  04:06:11 am)[037] 자동결선 잔여 WIRE 처리 실패!!
[I](2020-08-08  04:07:00 am)작업중 정지 [d:63][t:01:15:39]
[I](2020-08-08  04:07:00 am)    [LNo:0009] 000116/000394
[I](2020-08-08  04:31:57 am)작업중 정지 [d:87][t:01:40:36]
[I](2020-08-08  04:31:57 am)    [LNo:0009] 000165/000394
[I](2020-08-08  04:32:38 am)작업 재시작
[I](2020-08-08  04:38:09 am)작업중 정지 [d:92][t:01:46:47]
[I](2020-08-08  04:38:09 am)    [LNo:0009] 000192/000394
[I](2020-08-08  04:38:09 am)작업중 M코드정지 [d:92][t:01:46:47]
[I](2020-08-08  04:38:56 am)Reset
[I](2020-08-08  04:39:19 am)작업 시작 [Start d:92]
[I](2020-08-08  04:39:19 am)Nc File: [No.0009-618.NC]
[I](2020-08-08  04:39:19 am)  * Start Machine Position
[I](2020-08-08  04:39:19 am)    X:    161.7318
[I](2020-08-08  04:39:19 am)    Y:   -256.1639
[I](2020-08-08  04:39:19 am)    U:      0.0000
[I](2020-08-08  04:39:19 am)    V:      0.0000
[I](2020-08-08  04:39:19 am)    Z:     30.4294
[I](2020-08-08  04:39:19 am)  * Angle
[I](2020-08-08  04:39:19 am)    Ar:      0.5379,Kr:      0.0000
[I](2020-08-08  04:39:19 am)    Taper_Ar:      0.0000
[I](2020-08-08  06:27:42 am)작업중 정지 [d:104][t:01:48:22]
[I](2020-08-08  06:27:42 am)    [LNo:0009] 000357/000394
[I](2020-08-08  06:27:42 am)작업중 M코드정지 [d:104][t:01:48:22]
[I](2020-08-08  06:58:11 am)작업중 정지 [d:109][t:02:18:52]
[I](2020-08-08  06:58:11 am)    [LNo:0009] 000382/000394
[I](2020-08-08  06:58:11 am)작업중 M코드정지 [d:109][t:02:18:52]
[I](2020-08-08  07:01:06 am)작업중 정지 [d:109][t:02:21:47]
[I](2020-08-08  07:01:06 am)    [LNo:0009] 000384/000394
[I](2020-08-08  07:01:06 am)작업중 M코드정지 [d:109][t:02:21:47]
[I](2020-08-08  07:03:44 am)Reset
[A](2020-08-08  07:04:00 am)[036] 자동결선 절단 공정 실패!!
[A](2020-08-08  07:05:10 am)[037] 자동결선 잔여 WIRE 처리 실패!!
[I](2020-08-08  07:07:30 am)작업 시작 [Start d:201]
[I](2020-08-08  07:07:30 am)Nc File: [No.0007-591.NC]
[I](2020-08-08  07:07:30 am)  * Start Machine Position
[I](2020-08-08  07:07:30 am)    X:    214.4037
[I](2020-08-08  07:07:30 am)    Y:   -245.6849
[I](2020-08-08  07:07:30 am)    U:      0.0000
[I](2020-08-08  07:07:30 am)    V:      0.0000
[I](2020-08-08  07:07:30 am)    Z:     30.4294
[I](2020-08-08  07:07:30 am)  * Angle
[I](2020-08-08  07:07:30 am)    Ar:      0.5379,Kr:      0.0000
[I](2020-08-08  07:07:30 am)    Taper_Ar:      0.0000
[I](2020-08-08  07:17:39 am)작업중 정지 [d:10][t:00:10:08]
[I](2020-08-08  07:17:39 am)    [LNo:0007] 000023/000670
[I](2020-08-08  07:17:39 am)작업중 M코드정지 [d:10][t:00:10:08]
[I](2020-08-08  07:18:27 am)작업중 정지 [d:10][t:00:10:57]
[I](2020-08-08  07:18:27 am)    [LNo:0007] 000024/000670
[I](2020-08-08  07:19:12 am)작업 재시작
[I](2020-08-08  07:19:19 am)작업중 정지 [d:11][t:00:11:49]
[I](2020-08-08  07:19:19 am)    [LNo:0007] 000024/000670
[I](2020-08-08  07:19:57 am)작업 재시작
[I](2020-08-08  07:20:06 am)작업중 정지 [d:11][t:00:12:35]
[I](2020-08-08  07:20:06 am)    [LNo:0007] 000026/000670
[I](2020-08-08  07:20:06 am)작업중 M코드정지 [d:11][t:00:12:35]
[I](2020-08-08  07:55:54 am)작업중 정지 [d:45][t:00:48:23]
[I](2020-08-08  07:55:54 am)    [LNo:0007] 000166/000670
[I](2020-08-08  07:55:54 am)작업중 M코드정지 [d:45][t:00:48:23]
[I](2020-08-08  07:58:21 am)작업중 정지 [d:46][t:00:50:50]
[I](2020-08-08  07:58:21 am)    [LNo:0007] 000168/000670
[I](2020-08-08  07:58:21 am)Wire Contact Auto Stop(M52)
[A](2020-08-08  07:59:07 am)[001] 와이어 미동작
[I](2020-08-08  07:59:09 am)작업 재시작
[I](2020-08-08  07:59:12 am)작업중 정지 [d:46][t:00:51:42]
[I](2020-08-08  07:59:12 am)    [LNo:0007] 000169/000670
[I](2020-08-08  07:59:12 am)작업중 M코드정지 [d:46][t:00:51:42]
[I](2020-08-08  08:34:40 am)작업중 정지 [d:76][t:01:27:09]
[I](2020-08-08  08:34:40 am)    [LNo:0007] 000214/000670
[I](2020-08-08  08:34:40 am)작업중 M코드정지 [d:76][t:01:27:09]
[I](2020-08-08  09:06:57 am)작업중 정지 [d:76][t:01:59:26]
[I](2020-08-08  09:06:57 am)    [LNo:0007] 000218/000670
[I](2020-08-08  09:06:57 am)작업중 M코드정지 [d:76][t:01:59:26]
[I](2020-08-08  10:18:40 am)작업중 정지 [d:145][t:03:11:09]
[I](2020-08-08  10:18:40 am)    [LNo:0007] 000408/000670
[I](2020-08-08  10:18:40 am)작업중 M코드정지 [d:145][t:03:11:09]
[I](2020-08-08  11:11:23 am)작업중 정지 [d:145][t:04:03:53]
[I](2020-08-08  11:11:23 am)    [LNo:0007] 000410/000670
[I](2020-08-08  11:11:24 am)작업중 M코드정지 [d:145][t:04:03:53]
[I](2020-08-08  11:42:54 am)작업중 정지 [d:174][t:04:35:23]
[I](2020-08-08  11:42:54 am)    [LNo:0007] 000458/000670
[I](2020-08-08  11:42:54 am)작업중 M코드정지 [d:174][t:04:35:23]
[I](2020-08-08  11:49:23 am)작업중 정지 [d:175][t:04:41:52]
[I](2020-08-08  11:49:23 am)    [LNo:0007] 000462/000670
[I](2020-08-08  11:49:23 am)작업중 M코드정지 [d:175][t:04:41:53]
[I](2020-08-08  12:27:34 pm)작업중 정지 [d:211][t:05:20:03]
[I](2020-08-08  12:27:34 pm)    [LNo:0007] 000570/000670
[A](2020-08-08  12:27:34 pm)[093] 보빈 와이어 단선
[I](2020-08-08  12:27:34 pm)작업중 Wire 단선 [d:211][t:05:20:03]
[A](2020-08-08  12:29:01 pm)[041] AWF 명령끝날때까지 센서감지(타임아웃) 안됨
[A](2020-08-08  12:29:01 pm)[036] 자동결선 절단 공정 실패!!
[I](2020-08-08  12:30:43 pm)작업 재시작
[I](2020-08-08  01:04:09 pm)작업중 정지 [d:244][t:05:56:39]
[I](2020-08-08  01:04:09 pm)    [LNo:0007] 000658/000670
[I](2020-08-08  01:04:09 pm)작업중 M코드정지 [d:244][t:05:56:39]
[I](2020-08-08  01:05:05 pm)작업중 정지 [d:244][t:05:57:34]
[I](2020-08-08  01:05:05 pm)    [LNo:0007] 000660/000670
[I](2020-08-08  01:05:05 pm)작업중 M코드정지 [d:244][t:05:57:34]
[I](2020-08-08  01:31:11 pm)Reset
[I](2020-08-08  01:31:11 pm)Reset
[I](2020-08-08  01:31:24 pm)Reset
[I](2020-08-08  01:31:47 pm)Reset
[I](2020-08-08  01:31:47 pm)Reset
[I](2020-08-08  02:21:34 pm)Reset
[I](2020-08-08  02:21:39 pm)Reset
[I](2020-08-08  02:22:16 pm)Reset
[I](2020-08-08  02:27:46 pm)Reset
[I](2020-08-08  02:27:46 pm)Reset
[I](2020-08-08  02:30:59 pm)Reset
[I](2020-08-08  02:32:14 pm)Reset
[I](2020-08-08  02:32:37 pm)Reset
[I](2020-08-08  02:40:38 pm)Reset
[I](2020-08-08  02:40:39 pm)Reset
[I](2020-08-08  02:41:05 pm)작업 시작 [Start d:445]
[I](2020-08-08  02:41:05 pm)Nc File: [No.0010-621.NC]
[I](2020-08-08  02:41:05 pm)  * Start Machine Position
[I](2020-08-08  02:41:05 pm)    X:    175.0515
[I](2020-08-08  02:41:05 pm)    Y:   -327.8540
[I](2020-08-08  02:41:05 pm)    U:     -0.0736
[I](2020-08-08  02:41:05 pm)    V:      0.0725
[I](2020-08-08  02:41:05 pm)    Z:     82.6159
[I](2020-08-08  02:41:05 pm)  * Angle
[I](2020-08-08  02:41:05 pm)    Ar:     -1.9258,Kr:      0.0000
[I](2020-08-08  02:41:05 pm)    Taper_Ar:      0.0000
[I](2020-08-08  02:41:12 pm)작업중 정지 [d:0][t:00:00:07]
[I](2020-08-08  02:41:12 pm)    [LNo:0010] 000010/000050
[I](2020-08-08  02:41:13 pm)작업중 M코드정지 [d:0][t:00:00:07]
[I](2020-08-08  03:06:40 pm)작업중 정지 [d:24][t:00:25:35]
[I](2020-08-08  03:06:40 pm)    [LNo:0010] 000024/000050
[I](2020-08-08  03:06:40 pm)작업중 M코드정지 [d:24][t:00:25:35]
[I](2020-08-08  03:08:30 pm)작업중 정지 [d:25][t:00:27:25]
[I](2020-08-08  03:08:30 pm)    [LNo:0010] 000026/000050
[I](2020-08-08  03:08:30 pm)작업중 M코드정지 [d:25][t:00:27:25]
[I](2020-08-08  03:50:03 pm)작업중 정지 [d:36][t:01:08:58]
[I](2020-08-08  03:50:03 pm)    [LNo:0010] 000046/000050
[I](2020-08-08  03:50:03 pm)작업중 M코드정지 [d:36][t:01:08:58]
[A](2020-08-08  04:13:20 pm)[053] Emergency Stop
[A](2020-08-08  04:13:21 pm)[005] READY Off(Alarm)
[I](2020-08-08  04:13:21 pm)    X:    179.4031
[I](2020-08-08  04:13:21 pm)    Y:   -198.4352
[I](2020-08-08  04:13:21 pm)    U:     -0.0736
[I](2020-08-08  04:13:21 pm)    V:      0.0725
[I](2020-08-08  04:13:21 pm)    Z:     82.6159
[I](2020-08-08  05:03:40 pm)Ready On
[I](2020-08-08  05:06:11 pm)Reset
[I](2020-08-08  05:06:12 pm)Reset
[I](2020-08-08  05:10:52 pm)Reset
[I](2020-08-08  05:10:53 pm)Reset
[I](2020-08-08  05:10:58 pm)Reset
[I](2020-08-08  05:10:59 pm)Reset
[I](2020-08-08  05:26:19 pm)Reset
[I](2020-08-08  05:26:19 pm)Reset
[I](2020-08-08  05:30:47 pm)Reset
[I](2020-08-08  05:30:47 pm)Reset
[I](2020-08-08  05:39:25 pm)Reset
[I](2020-08-08  05:42:29 pm)Reset
[I](2020-08-08  05:44:35 pm)Reset
[I](2020-08-08  05:44:35 pm)Reset
[I](2020-08-08  05:44:36 pm)Reset
[I](2020-08-08  05:44:48 pm)Reset
[I](2020-08-08  05:56:18 pm)Reset
[I](2020-08-08  05:56:18 pm)Reset
[I](2020-08-08  06:07:11 pm)Reset
[I](2020-08-08  06:08:50 pm)Reset
[I](2020-08-08  06:10:02 pm)작업 시작 [Start d:481]
[I](2020-08-08  06:10:02 pm)Nc File: [No.0001-636.NC]
[I](2020-08-08  06:10:02 pm)  * Start Machine Position
[I](2020-08-08  06:10:02 pm)    X:    178.2827
[I](2020-08-08  06:10:02 pm)    Y:   -392.7771
[I](2020-08-08  06:10:02 pm)    U:      0.0000
[I](2020-08-08  06:10:02 pm)    V:      0.0000
[I](2020-08-08  06:10:02 pm)    Z:     20.2074
[I](2020-08-08  06:10:02 pm)  * Angle
[I](2020-08-08  06:10:02 pm)    Ar:      0.5489,Kr:      0.0000
[I](2020-08-08  06:10:02 pm)    Taper_Ar:      0.0000
[I](2020-08-08  06:10:17 pm)작업중 정지 [d:0][t:00:00:14]
[I](2020-08-08  06:10:17 pm)    [LNo:0001] 000010/034595
[I](2020-08-08  06:10:17 pm)작업중 M코드정지 [d:0][t:00:00:14]
[I](2020-08-08  06:10:44 pm)작업중 정지 [d:0][t:00:00:41]
[I](2020-08-08  06:10:44 pm)    [LNo:0001] 000013/034595
