[I](2020-08-04  12:28:39 am)작업중 정지 [d:458][t:08:17:12]
[I](2020-08-04  12:28:39 am)    [LNo:0001] 001034/002274
[I](2020-08-04  12:28:39 am)작업중 M코드정지 [d:458][t:08:17:12]
[I](2020-08-04  12:28:59 am)작업중 정지 [d:458][t:08:17:31]
[I](2020-08-04  12:28:59 am)    [LNo:0001] 001035/002274
[I](2020-08-04  12:28:59 am)Wire Contact Auto Stop(M52)
[I](2020-08-04  12:29:21 am)작업 재시작
[I](2020-08-04  12:29:32 am)작업중 정지 [d:458][t:08:18:04]
[I](2020-08-04  12:29:32 am)    [LNo:0001] 001036/002274
[I](2020-08-04  12:29:32 am)작업중 M코드정지 [d:458][t:08:18:05]
[I](2020-08-04  12:46:05 am)작업중 정지 [d:471][t:08:34:38]
[I](2020-08-04  12:46:05 am)    [LNo:0001] 001065/002274
[I](2020-08-04  12:46:06 am)작업중 M코드정지 [d:471][t:08:34:38]
[I](2020-08-04  12:52:47 am)작업중 정지 [d:472][t:08:41:20]
[I](2020-08-04  12:52:47 am)    [LNo:0001] 001067/002274
[I](2020-08-04  12:53:06 am)작업 재시작
[I](2020-08-04  12:53:09 am)작업중 정지 [d:472][t:08:41:42]
[I](2020-08-04  12:53:09 am)    [LNo:0001] 001068/002274
[I](2020-08-04  12:53:09 am)작업중 M코드정지 [d:472][t:08:41:42]
[I](2020-08-04  01:30:28 am)작업중 정지 [d:508][t:09:19:01]
[I](2020-08-04  01:30:28 am)    [LNo:0001] 001168/002274
[I](2020-08-04  01:30:28 am)작업중 M코드정지 [d:508][t:09:19:01]
[I](2020-08-04  01:37:37 am)작업중 정지 [d:508][t:09:26:10]
[I](2020-08-04  01:37:37 am)    [LNo:0001] 001169/002274
[I](2020-08-04  01:37:37 am)Wire Contact Auto Stop(M52)
[I](2020-08-04  01:38:05 am)작업 재시작
[I](2020-08-04  01:46:29 am)작업중 정지 [d:515][t:09:35:01]
[I](2020-08-04  01:46:29 am)    [LNo:0001] 001194/002274
[I](2020-08-04  01:46:29 am)작업중 M코드정지 [d:515][t:09:35:01]
[I](2020-08-04  01:58:15 am)작업중 정지 [d:515][t:09:46:48]
[I](2020-08-04  01:58:15 am)    [LNo:0001] 001196/002274
[I](2020-08-04  01:58:15 am)작업중 M코드정지 [d:515][t:09:46:48]
[I](2020-08-04  02:30:03 am)작업중 정지 [d:546][t:10:18:35]
[I](2020-08-04  02:30:03 am)    [LNo:0001] 001292/002274
[I](2020-08-04  02:30:03 am)작업중 M코드정지 [d:546][t:10:18:36]
[I](2020-08-04  02:44:11 am)작업중 정지 [d:546][t:10:32:44]
[I](2020-08-04  02:44:11 am)    [LNo:0001] 001293/002274
[I](2020-08-04  02:44:11 am)Wire Contact Auto Stop(M52)
[I](2020-08-04  02:44:37 am)작업 재시작
[I](2020-08-04  02:55:02 am)작업중 정지 [d:555][t:10:43:35]
[I](2020-08-04  02:55:02 am)    [LNo:0001] 001317/002274
[I](2020-08-04  02:55:02 am)작업중 M코드정지 [d:555][t:10:43:35]
[I](2020-08-04  03:02:59 am)작업중 정지 [d:555][t:10:51:32]
[I](2020-08-04  03:02:59 am)    [LNo:0001] 001320/002274
[I](2020-08-04  03:02:59 am)작업중 M코드정지 [d:555][t:10:51:32]
[I](2020-08-04  03:36:56 am)작업중 정지 [d:588][t:11:25:29]
[I](2020-08-04  03:36:56 am)    [LNo:0001] 001414/002274
[I](2020-08-04  03:36:56 am)작업중 M코드정지 [d:588][t:11:25:29]
[I](2020-08-04  03:40:17 am)작업중 정지 [d:588][t:11:28:50]
[I](2020-08-04  03:40:17 am)    [LNo:0001] 001416/002274
[I](2020-08-04  03:40:17 am)작업중 M코드정지 [d:588][t:11:28:50]
[I](2020-08-04  03:50:24 am)작업중 정지 [d:596][t:11:38:57]
[I](2020-08-04  03:50:24 am)    [LNo:0001] 001439/002274
[I](2020-08-04  03:50:24 am)작업중 M코드정지 [d:596][t:11:38:57]
[I](2020-08-04  03:51:44 am)작업중 정지 [d:597][t:11:40:17]
[I](2020-08-04  03:51:44 am)    [LNo:0001] 001442/002274
[I](2020-08-04  03:51:44 am)작업중 M코드정지 [d:597][t:11:40:17]
[I](2020-08-04  04:26:23 am)작업중 정지 [d:629][t:12:14:56]
[I](2020-08-04  04:26:23 am)    [LNo:0001] 001536/002274
[I](2020-08-04  04:26:23 am)작업중 M코드정지 [d:629][t:12:14:56]
[I](2020-08-04  04:27:13 am)작업중 정지 [d:629][t:12:15:46]
[I](2020-08-04  04:27:13 am)    [LNo:0001] 001537/002274
[I](2020-08-04  04:27:13 am)Wire Contact Auto Stop(M52)
[I](2020-08-04  04:27:54 am)작업 재시작
[I](2020-08-04  04:27:59 am)작업중 정지 [d:629][t:12:16:32]
[I](2020-08-04  04:27:59 am)    [LNo:0001] 001538/002274
[I](2020-08-04  04:27:59 am)작업중 M코드정지 [d:629][t:12:16:32]
[I](2020-08-04  06:00:46 am)작업중 정지 [d:718][t:13:49:19]
[I](2020-08-04  06:00:46 am)    [LNo:0001] 001623/002274
[I](2020-08-04  06:00:46 am)작업중 M코드정지 [d:718][t:13:49:19]
[I](2020-08-04  06:33:26 am)작업중 정지 [d:718][t:14:21:59]
[I](2020-08-04  06:33:26 am)    [LNo:0001] 001626/002274
[I](2020-08-04  06:33:26 am)작업중 M코드정지 [d:718][t:14:21:59]
[I](2020-08-04  07:55:19 am)작업중 정지 [d:798][t:15:43:52]
[I](2020-08-04  07:55:19 am)    [LNo:0001] 001819/002274
[I](2020-08-04  07:55:19 am)작업중 M코드정지 [d:798][t:15:43:52]
[I](2020-08-04  08:08:20 am)작업중 정지 [d:798][t:15:56:53]
[I](2020-08-04  08:08:20 am)    [LNo:0001] 001821/002274
[I](2020-08-04  08:08:20 am)작업중 M코드정지 [d:798][t:15:56:53]
[I](2020-08-04  08:17:36 am)작업중 정지 [d:805][t:16:06:08]
[I](2020-08-04  08:17:36 am)    [LNo:0001] 001844/002274
[I](2020-08-04  08:17:36 am)작업중 M코드정지 [d:805][t:16:06:08]
[I](2020-08-04  08:18:37 am)작업중 정지 [d:806][t:16:07:10]
[I](2020-08-04  08:18:37 am)    [LNo:0001] 001847/002274
[I](2020-08-04  08:18:37 am)작업중 M코드정지 [d:806][t:16:07:10]
[I](2020-08-04  08:52:15 am)작업중 정지 [d:838][t:16:40:48]
[I](2020-08-04  08:52:15 am)    [LNo:0001] 001942/002274
[I](2020-08-04  08:52:15 am)작업중 M코드정지 [d:838][t:16:40:48]
[I](2020-08-04  08:53:54 am)작업중 정지 [d:838][t:16:42:27]
[I](2020-08-04  08:53:54 am)    [LNo:0001] 001944/002274
[I](2020-08-04  08:53:54 am)작업중 M코드정지 [d:838][t:16:42:27]
[I](2020-08-04  09:01:16 am)작업중 정지 [d:843][t:16:49:48]
[I](2020-08-04  09:01:16 am)    [LNo:0001] 001969/002274
[I](2020-08-04  09:01:16 am)작업중 M코드정지 [d:843][t:16:49:48]
[I](2020-08-04  09:02:31 am)작업중 정지 [d:843][t:16:51:04]
[I](2020-08-04  09:02:31 am)    [LNo:0001] 001972/002274
[I](2020-08-04  09:02:31 am)작업중 M코드정지 [d:843][t:16:51:04]
[I](2020-08-04  09:11:13 am)작업중 정지 [d:850][t:16:59:46]
[I](2020-08-04  09:11:13 am)    [LNo:0001] 002014/002274
[I](2020-08-04  09:11:13 am)작업중 M코드정지 [d:850][t:16:59:46]
[I](2020-08-04  09:14:00 am)작업중 정지 [d:850][t:17:02:33]
[I](2020-08-04  09:14:00 am)    [LNo:0001] 002017/002274
[I](2020-08-04  09:14:01 am)작업중 M코드정지 [d:850][t:17:02:33]
[I](2020-08-04  10:47:20 am)작업중 정지 [d:942][t:18:35:53]
[I](2020-08-04  10:47:20 am)    [LNo:0001] 002128/002274
[I](2020-08-04  10:47:20 am)작업중 M코드정지 [d:942][t:18:35:53]
[I](2020-08-04  10:56:07 am)작업중 정지 [d:942][t:18:44:40]
[I](2020-08-04  10:56:07 am)    [LNo:0001] 002129/002274
[I](2020-08-04  10:56:07 am)Wire Contact Auto Stop(M52)
[I](2020-08-04  10:56:31 am)작업 재시작
[I](2020-08-04  10:56:40 am)작업중 정지 [d:943][t:18:45:12]
[I](2020-08-04  10:56:40 am)    [LNo:0001] 002130/002274
[I](2020-08-04  10:56:40 am)작업중 M코드정지 [d:943][t:18:45:12]
[I](2020-08-04  10:59:08 am)작업중 정지 [d:943][t:18:47:41]
[I](2020-08-04  10:59:08 am)    [LNo:0001] 002132/002274
[I](2020-08-04  10:59:21 am)작업 재시작
[I](2020-08-04  10:59:27 am)작업중 정지 [d:943][t:18:48:00]
[I](2020-08-04  10:59:27 am)    [LNo:0001] 002133/002274
[A](2020-08-04  11:00:21 am)[053] Emergency Stop
[A](2020-08-04  11:00:21 am)[005] READY Off(Alarm)
[I](2020-08-04  11:00:21 am)    X:    276.4667
[I](2020-08-04  11:00:21 am)    Y:   -360.0788
[I](2020-08-04  11:00:21 am)    U:      0.0000
[I](2020-08-04  11:00:21 am)    V:      0.0000
[I](2020-08-04  11:00:21 am)    Z:     30.4900
[I](2020-08-04  11:06:05 am)Ready On
[I](2020-08-04  11:47:30 am)작업중 정지 [d:981][t:19:36:03]
[I](2020-08-04  11:47:30 am)    [LNo:0001] 002195/002274
[I](2020-08-04  11:47:30 am)작업중 M코드정지 [d:981][t:19:36:03]
[I](2020-08-04  11:48:24 am)작업중 정지 [d:981][t:19:36:56]
[I](2020-08-04  11:48:24 am)    [LNo:0001] 002196/002274
[I](2020-08-04  11:48:24 am)Wire Contact Auto Stop(M52)
[I](2020-08-04  11:49:16 am)작업 재시작
[I](2020-08-04  11:49:18 am)작업중 정지 [d:981][t:19:37:51]
[I](2020-08-04  11:49:18 am)    [LNo:0001] 002197/002274
[I](2020-08-04  11:49:18 am)작업중 M코드정지 [d:981][t:19:37:51]
[I](2020-08-04  12:28:54 pm)작업중 정지 [d:1019][t:20:17:27]
[I](2020-08-04  12:28:54 pm)    [LNo:0001] 002262/002274
[I](2020-08-04  12:28:54 pm)작업중 M코드정지 [d:1019][t:20:17:27]
[I](2020-08-04  12:40:21 pm)작업중 정지 [d:1019][t:20:28:54]
[I](2020-08-04  12:40:21 pm)    [LNo:0001] 002263/002274
[I](2020-08-04  12:40:21 pm)Wire Contact Auto Stop(M52)
[I](2020-08-04  12:49:43 pm)Reset
[I](2020-08-04  12:49:47 pm)Reset
[I](2020-08-04  12:49:47 pm)Reset
[I](2020-08-04  12:52:46 pm)작업 시작 [Start d:1080]
[I](2020-08-04  12:52:46 pm)Nc File: [No.0002-446.NC]
[I](2020-08-04  12:52:46 pm)  * Start Machine Position
[I](2020-08-04  12:52:46 pm)    X:    356.8604
[I](2020-08-04  12:52:46 pm)    Y:   -338.6145
[I](2020-08-04  12:52:46 pm)    U:      0.0000
[I](2020-08-04  12:52:46 pm)    V:      0.0000
[I](2020-08-04  12:52:46 pm)    Z:     30.4900
[I](2020-08-04  12:52:46 pm)  * Angle
[I](2020-08-04  12:52:46 pm)    Ar:      0.0551,Kr:      0.0000
[I](2020-08-04  12:52:46 pm)    Taper_Ar:      0.0000
[I](2020-08-04  01:15:37 pm)작업중 정지 [d:23][t:00:22:50]
[I](2020-08-04  01:15:37 pm)    [LNo:0002] 000029/000348
[I](2020-08-04  01:15:37 pm)작업중 M코드정지 [d:23][t:00:22:50]
[I](2020-08-04  01:19:15 pm)작업중 정지 [d:23][t:00:26:29]
[I](2020-08-04  01:19:15 pm)    [LNo:0002] 000032/000348
[I](2020-08-04  01:19:15 pm)작업중 M코드정지 [d:23][t:00:26:29]
[I](2020-08-04  02:12:32 pm)작업중 정지 [d:74][t:01:19:45]
[I](2020-08-04  02:12:32 pm)    [LNo:0002] 000163/000348
[I](2020-08-04  02:12:32 pm)작업중 M코드정지 [d:74][t:01:19:45]
[I](2020-08-04  02:22:52 pm)작업중 정지 [d:74][t:01:30:05]
[I](2020-08-04  02:22:52 pm)    [LNo:0002] 000164/000348
[I](2020-08-04  02:23:02 pm)작업 재시작
[I](2020-08-04  02:23:10 pm)작업중 정지 [d:74][t:01:30:24]
[I](2020-08-04  02:23:10 pm)    [LNo:0002] 000164/000348
[I](2020-08-04  02:23:43 pm)작업 재시작
[I](2020-08-04  02:23:45 pm)작업중 정지 [d:74][t:01:30:58]
[I](2020-08-04  02:23:45 pm)    [LNo:0002] 000165/000348
[I](2020-08-04  02:23:45 pm)작업중 M코드정지 [d:74][t:01:30:58]
[I](2020-08-04  02:58:14 pm)작업중 정지 [d:107][t:02:05:27]
[I](2020-08-04  02:58:14 pm)    [LNo:0002] 000259/000348
[I](2020-08-04  02:58:14 pm)작업중 M코드정지 [d:107][t:02:05:27]
[I](2020-08-04  02:59:11 pm)작업중 정지 [d:107][t:02:06:25]
[I](2020-08-04  02:59:11 pm)    [LNo:0002] 000261/000348
[I](2020-08-04  02:59:11 pm)작업중 M코드정지 [d:107][t:02:06:25]
[I](2020-08-04  04:28:03 pm)작업중 정지 [d:194][t:03:35:16]
[I](2020-08-04  04:28:03 pm)    [LNo:0002] 000336/000348
[I](2020-08-04  04:28:03 pm)작업중 M코드정지 [d:194][t:03:35:16]
[I](2020-08-04  04:35:50 pm)작업중 정지 [d:194][t:03:43:03]
[I](2020-08-04  04:35:50 pm)    [LNo:0002] 000337/000348
[I](2020-08-04  04:35:50 pm)Wire Contact Auto Stop(M52)
[I](2020-08-04  04:50:06 pm)Reset
[I](2020-08-04  04:50:06 pm)Reset
[I](2020-08-04  04:50:14 pm)Reset
[I](2020-08-04  04:50:15 pm)Reset
[I](2020-08-04  05:04:48 pm)Reset
[I](2020-08-04  05:04:53 pm)Reset
[I](2020-08-04  05:07:24 pm)Reset
[I](2020-08-04  05:07:24 pm)Reset
[I](2020-08-04  05:09:14 pm)Reset
[I](2020-08-04  05:09:15 pm)Reset
[I](2020-08-04  05:09:15 pm)Reset
[I](2020-08-04  05:09:22 pm)Reset
[I](2020-08-04  05:09:22 pm)Reset
[I](2020-08-04  05:11:42 pm)Reset
[I](2020-08-04  05:11:42 pm)Reset
[I](2020-08-04  05:11:43 pm)Reset
[I](2020-08-04  05:12:19 pm)Reset
[I](2020-08-04  05:12:19 pm)Reset
[I](2020-08-04  05:12:47 pm)Reset
[I](2020-08-04  05:12:48 pm)Reset
[I](2020-08-04  05:12:48 pm)Reset
[I](2020-08-04  05:13:27 pm)Reset
[I](2020-08-04  05:13:27 pm)Reset
[I](2020-08-04  05:13:50 pm)Reset
[I](2020-08-04  05:13:51 pm)Reset
[I](2020-08-04  05:14:08 pm)Reset
[I](2020-08-04  05:14:09 pm)Reset
[I](2020-08-04  05:19:05 pm)작업 시작 [Start d:0]
[I](2020-08-04  05:19:05 pm)Nc File: [No.0003-495.NC]
[I](2020-08-04  05:19:05 pm)  * Start Machine Position
[I](2020-08-04  05:19:05 pm)    X:    124.0479
[I](2020-08-04  05:19:05 pm)    Y:   -349.7602
[I](2020-08-04  05:19:05 pm)    U:     -0.0168
[I](2020-08-04  05:19:05 pm)    V:      0.3701
[I](2020-08-04  05:19:05 pm)    Z:     42.6360
[I](2020-08-04  05:19:05 pm)  * Angle
[I](2020-08-04  05:19:05 pm)    Ar:     -0.4824,Kr:      0.0000
[I](2020-08-04  05:19:05 pm)    Taper_Ar:      0.0000
[I](2020-08-04  05:19:08 pm)작업중 정지 [d:0][t:00:00:03]
[I](2020-08-04  05:19:08 pm)    [LNo:0003] 000010/000121
[I](2020-08-04  05:19:08 pm)작업중 M코드정지 [d:0][t:00:00:03]
[I](2020-08-04  05:32:16 pm)작업중 정지 [d:12][t:00:13:10]
[I](2020-08-04  05:32:16 pm)    [LNo:0003] 000026/000121
[I](2020-08-04  05:32:16 pm)작업중 M코드정지 [d:12][t:00:13:10]
[I](2020-08-04  05:39:39 pm)작업중 정지 [d:13][t:00:20:33]
[I](2020-08-04  05:39:39 pm)    [LNo:0003] 000028/000121
[I](2020-08-04  05:39:39 pm)작업중 M코드정지 [d:13][t:00:20:33]
[I](2020-08-04  05:40:19 pm)Reset
[I](2020-08-04  05:40:19 pm)Reset
[I](2020-08-04  05:40:24 pm)작업 시작 [Start d:13]
[I](2020-08-04  05:40:24 pm)Nc File: [No.0003-495.NC]
[I](2020-08-04  05:40:24 pm)  * Start Machine Position
[I](2020-08-04  05:40:24 pm)    X:    124.0479
[I](2020-08-04  05:40:24 pm)    Y:   -349.7602
[I](2020-08-04  05:40:24 pm)    U:     -0.0168
[I](2020-08-04  05:40:24 pm)    V:      0.3701
[I](2020-08-04  05:40:24 pm)    Z:     42.6360
[I](2020-08-04  05:40:24 pm)  * Angle
[I](2020-08-04  05:40:24 pm)    Ar:     -0.4824,Kr:      0.0000
[I](2020-08-04  05:40:24 pm)    Taper_Ar:      0.0000
[I](2020-08-04  05:40:27 pm)작업중 정지 [d:0][t:00:00:03]
[I](2020-08-04  05:40:27 pm)    [LNo:0003] 000010/000121
[I](2020-08-04  05:40:27 pm)작업중 M코드정지 [d:0][t:00:00:03]
[I](2020-08-04  05:44:37 pm)작업중 정지 [d:4][t:00:04:12]
[I](2020-08-04  05:44:37 pm)    [LNo:0003] 000026/000121
[I](2020-08-04  05:44:37 pm)작업중 M코드정지 [d:4][t:00:04:12]
[I](2020-08-04  05:46:53 pm)작업중 정지 [d:4][t:00:06:28]
[I](2020-08-04  05:46:53 pm)    [LNo:0003] 000028/000121
[I](2020-08-04  05:46:53 pm)작업중 M코드정지 [d:4][t:00:06:28]
[I](2020-08-04  05:53:20 pm)작업중 정지 [d:10][t:00:12:56]
[I](2020-08-04  05:53:20 pm)    [LNo:0003] 000046/000121
[I](2020-08-04  05:53:20 pm)작업중 M코드정지 [d:10][t:00:12:56]
[I](2020-08-04  05:57:09 pm)Reset
[I](2020-08-04  05:57:16 pm)Reset
[I](2020-08-04  05:57:21 pm)Reset
[I](2020-08-04  06:00:49 pm)Reset
[I](2020-08-04  06:00:50 pm)Reset
[I](2020-08-04  06:02:14 pm)Reset
[I](2020-08-04  06:02:14 pm)Reset
[I](2020-08-04  06:02:52 pm)Reset
[I](2020-08-04  06:05:16 pm)Reset
[I](2020-08-04  06:05:40 pm)Reset
[I](2020-08-04  06:05:40 pm)Reset
[I](2020-08-04  06:06:03 pm)Reset
[I](2020-08-04  06:06:42 pm)Reset
[I](2020-08-04  06:06:43 pm)Reset
[I](2020-08-04  06:07:06 pm)Reset
[I](2020-08-04  06:07:23 pm)Reset
[I](2020-08-04  06:07:23 pm)Reset
[I](2020-08-04  06:08:08 pm)작업 시작 [Start d:23]
[I](2020-08-04  06:08:08 pm)Nc File: [No.0003-495.NC]
[I](2020-08-04  06:08:08 pm)  * Start Machine Position
[I](2020-08-04  06:08:08 pm)    X:    113.3784
[I](2020-08-04  06:08:08 pm)    Y:   -367.1056
[I](2020-08-04  06:08:08 pm)    U:      0.0274
[I](2020-08-04  06:08:08 pm)    V:      0.7667
[I](2020-08-04  06:08:08 pm)    Z:     57.7455
[I](2020-08-04  06:08:08 pm)  * Angle
[I](2020-08-04  06:08:08 pm)    Ar:     -0.5572,Kr:      0.0000
[I](2020-08-04  06:08:08 pm)    Taper_Ar:      0.0000
[I](2020-08-04  06:08:15 pm)작업중 정지 [d:0][t:00:00:07]
[I](2020-08-04  06:08:15 pm)    [LNo:0003] 000066/000121
[I](2020-08-04  06:08:15 pm)작업중 M코드정지 [d:0][t:00:00:07]
[I](2020-08-04  06:08:19 pm)작업중 정지 [d:0][t:00:00:10]
[I](2020-08-04  06:08:19 pm)    [LNo:0003] 000069/000121
[I](2020-08-04  06:08:19 pm)작업중 M코드정지 [d:0][t:00:00:10]
[I](2020-08-04  06:08:20 pm)작업중 정지 [d:0][t:00:00:11]
[I](2020-08-04  06:08:20 pm)    [LNo:0003] 000071/000121
[I](2020-08-04  06:08:20 pm)작업중 M코드정지 [d:0][t:00:00:11]
[I](2020-08-04  06:08:29 pm)작업중 정지 [d:0][t:00:00:21]
[I](2020-08-04  06:08:29 pm)    [LNo:0003] 000081/000121
[I](2020-08-04  06:30:24 pm)작업중 정지 [d:21][t:00:22:16]
[I](2020-08-04  06:30:24 pm)    [LNo:0003] 000092/000121
[I](2020-08-04  06:30:24 pm)작업중 M코드정지 [d:21][t:00:22:16]
[I](2020-08-04  06:50:16 pm)작업중 정지 [d:21][t:00:42:07]
[I](2020-08-04  06:50:16 pm)    [LNo:0003] 000094/000121
[I](2020-08-04  06:50:16 pm)작업중 M코드정지 [d:21][t:00:42:07]
[I](2020-08-04  06:50:53 pm)Reset
[I](2020-08-04  06:51:07 pm)작업 시작 [Start d:44]
[I](2020-08-04  06:51:07 pm)Nc File: [No.0003-495.NC]
[I](2020-08-04  06:51:07 pm)  * Start Machine Position
[I](2020-08-04  06:51:07 pm)    X:    113.3784
[I](2020-08-04  06:51:07 pm)    Y:   -367.1056
[I](2020-08-04  06:51:07 pm)    U:      0.0274
[I](2020-08-04  06:51:07 pm)    V:      0.7667
[I](2020-08-04  06:51:07 pm)    Z:     57.7455
[I](2020-08-04  06:51:07 pm)  * Angle
[I](2020-08-04  06:51:07 pm)    Ar:     -0.5572,Kr:      0.0000
[I](2020-08-04  06:51:07 pm)    Taper_Ar:      0.0000
[I](2020-08-04  06:51:10 pm)작업중 정지 [d:0][t:00:00:03]
[I](2020-08-04  06:51:10 pm)    [LNo:0003] 000052/000121
[I](2020-08-04  06:51:30 pm)Reset
[I](2020-08-04  06:51:41 pm)작업 시작 [Start d:44]
[I](2020-08-04  06:51:41 pm)Nc File: [No.0003-495.NC]
[I](2020-08-04  06:51:41 pm)  * Start Machine Position
[I](2020-08-04  06:51:41 pm)    X:    113.3784
[I](2020-08-04  06:51:41 pm)    Y:   -367.1056
[I](2020-08-04  06:51:41 pm)    U:      0.0274
[I](2020-08-04  06:51:41 pm)    V:      0.7667
[I](2020-08-04  06:51:41 pm)    Z:     57.7455
[I](2020-08-04  06:51:41 pm)  * Angle
[I](2020-08-04  06:51:41 pm)    Ar:     -0.5572,Kr:      0.0000
[I](2020-08-04  06:51:41 pm)    Taper_Ar:      0.0000
[I](2020-08-04  06:51:43 pm)작업중 정지 [d:0][t:00:00:02]
[I](2020-08-04  06:51:43 pm)    [LNo:0003] 000066/000121
[I](2020-08-04  06:51:43 pm)작업중 M코드정지 [d:0][t:00:00:02]
[I](2020-08-04  06:51:45 pm)작업중 정지 [d:0][t:00:00:04]
[I](2020-08-04  06:51:45 pm)    [LNo:0003] 000069/000121
[I](2020-08-04  06:51:46 pm)작업중 M코드정지 [d:0][t:00:00:04]
[I](2020-08-04  06:51:46 pm)작업중 정지 [d:0][t:00:00:05]
[I](2020-08-04  06:51:46 pm)    [LNo:0003] 000071/000121
[I](2020-08-04  06:51:46 pm)작업중 M코드정지 [d:0][t:00:00:05]
[I](2020-08-04  06:56:09 pm)작업중 정지 [d:4][t:00:04:28]
[I](2020-08-04  06:56:09 pm)    [LNo:0003] 000092/000121
[I](2020-08-04  06:56:09 pm)작업중 M코드정지 [d:4][t:00:04:28]
[I](2020-08-04  06:56:34 pm)작업중 정지 [d:4][t:00:04:52]
[I](2020-08-04  06:56:34 pm)    [LNo:0003] 000094/000121
[I](2020-08-04  06:56:34 pm)작업중 M코드정지 [d:4][t:00:04:52]
[I](2020-08-04  07:08:33 pm)작업중 정지 [d:15][t:00:16:51]
[I](2020-08-04  07:08:33 pm)    [LNo:0003] 000113/000121
[I](2020-08-04  07:08:33 pm)작업중 M코드정지 [d:15][t:00:16:51]
[I](2020-08-04  07:32:51 pm)Reset
[I](2020-08-04  07:32:52 pm)Reset
[I](2020-08-04  07:33:03 pm)Reset
[I](2020-08-04  07:39:25 pm)Reset
[I](2020-08-04  07:39:25 pm)Reset
[I](2020-08-04  07:40:49 pm)Reset
[I](2020-08-04  07:40:49 pm)Reset
[I](2020-08-04  07:42:14 pm)Reset
[I](2020-08-04  07:42:14 pm)Reset
[I](2020-08-04  07:42:16 pm)Reset
[I](2020-08-04  07:50:13 pm)Reset
[I](2020-08-04  07:50:14 pm)Reset
[I](2020-08-04  07:50:14 pm)Reset
[I](2020-08-04  07:50:23 pm)Reset
[I](2020-08-04  07:50:48 pm)Reset
[I](2020-08-04  07:50:49 pm)Reset
[I](2020-08-04  07:51:12 pm)Reset
[I](2020-08-04  07:51:13 pm)Reset
[I](2020-08-04  07:51:13 pm)Reset
[I](2020-08-04  07:52:15 pm)Reset
[I](2020-08-04  07:52:56 pm)Reset
[I](2020-08-04  07:52:57 pm)Reset
[I](2020-08-04  07:53:06 pm)Reset
[I](2020-08-04  07:53:53 pm)Reset
[I](2020-08-04  07:54:40 pm)Reset
[I](2020-08-04  07:54:41 pm)Reset
[I](2020-08-04  07:55:08 pm)Reset
[I](2020-08-04  07:55:08 pm)Reset
[I](2020-08-04  07:55:32 pm)Reset
[I](2020-08-04  07:55:32 pm)Reset
[I](2020-08-04  07:55:56 pm)Reset
[I](2020-08-04  07:55:57 pm)Reset
[I](2020-08-04  07:56:32 pm)Reset
[I](2020-08-04  07:56:59 pm)Reset
[I](2020-08-04  07:57:14 pm)Reset
[I](2020-08-04  07:57:15 pm)Reset
[I](2020-08-04  07:59:24 pm)작업 시작 [Start d:59]
[I](2020-08-04  07:59:24 pm)Nc File: [No.0004-493.NC]
[I](2020-08-04  07:59:24 pm)  * Start Machine Position
[I](2020-08-04  07:59:24 pm)    X:     28.0234
[I](2020-08-04  07:59:24 pm)    Y:   -376.7943
[I](2020-08-04  07:59:24 pm)    U:      0.1199
[I](2020-08-04  07:59:24 pm)    V:     -0.0100
[I](2020-08-04  07:59:24 pm)    Z:     39.5695
[I](2020-08-04  07:59:24 pm)  * Angle
[I](2020-08-04  07:59:24 pm)    Ar:     -0.0078,Kr:      0.0000
[I](2020-08-04  07:59:24 pm)    Taper_Ar:      0.0000
[I](2020-08-04  07:59:28 pm)작업중 정지 [d:0][t:00:00:04]
[I](2020-08-04  07:59:28 pm)    [LNo:0004] 000010/000280
[I](2020-08-04  07:59:28 pm)작업중 M코드정지 [d:0][t:00:00:04]
[I](2020-08-04  08:04:21 pm)작업중 정지 [d:4][t:00:04:57]
[I](2020-08-04  08:04:21 pm)    [LNo:0004] 000031/000280
[I](2020-08-04  08:04:21 pm)작업중 M코드정지 [d:4][t:00:04:57]
[I](2020-08-04  08:10:25 pm)작업중 정지 [d:4][t:00:11:00]
[I](2020-08-04  08:10:25 pm)    [LNo:0004] 000034/000280
[I](2020-08-04  08:10:25 pm)작업중 M코드정지 [d:4][t:00:11:00]
[I](2020-08-04  08:14:02 pm)작업중 정지 [d:6][t:00:14:38]
[I](2020-08-04  08:14:02 pm)    [LNo:0004] 000060/000280
[I](2020-08-04  08:14:02 pm)작업중 M코드정지 [d:6][t:00:14:38]
[I](2020-08-04  08:21:54 pm)Reset
[I](2020-08-04  08:21:54 pm)Reset
[I](2020-08-04  08:22:02 pm)Reset
[I](2020-08-04  08:22:02 pm)Reset
[I](2020-08-04  08:32:43 pm)Reset
[I](2020-08-04  08:33:02 pm)Reset
[I](2020-08-04  08:33:49 pm)Reset
[I](2020-08-04  08:33:56 pm)Reset
[I](2020-08-04  08:34:38 pm)Reset
[I](2020-08-04  08:34:44 pm)Reset
[I](2020-08-04  08:35:12 pm)Reset
[I](2020-08-04  08:35:22 pm)Reset
[I](2020-08-04  08:36:22 pm)작업 시작 [Start d:65]
[I](2020-08-04  08:36:22 pm)Nc File: [No.0005-492.NC]
[I](2020-08-04  08:36:22 pm)  * Start Machine Position
[I](2020-08-04  08:36:22 pm)    X:     38.6594
[I](2020-08-04  08:36:22 pm)    Y:   -345.9288
[I](2020-08-04  08:36:22 pm)    U:     -0.0519
[I](2020-08-04  08:36:22 pm)    V:     -0.0005
[I](2020-08-04  08:36:22 pm)    Z:     79.2515
[I](2020-08-04  08:36:22 pm)  * Angle
[I](2020-08-04  08:36:22 pm)    Ar:      0.6017,Kr:      0.0000
[I](2020-08-04  08:36:22 pm)    Taper_Ar:      0.0000
[I](2020-08-04  08:36:27 pm)작업중 정지 [d:0][t:00:00:05]
[I](2020-08-04  08:36:27 pm)    [LNo:0005] 000010/000054
[I](2020-08-04  08:36:28 pm)작업중 M코드정지 [d:0][t:00:00:05]
[I](2020-08-04  08:56:04 pm)작업중 정지 [d:19][t:00:19:41]
[I](2020-08-04  08:56:04 pm)    [LNo:0005] 000026/000054
[I](2020-08-04  08:56:04 pm)작업중 M코드정지 [d:19][t:00:19:41]
[I](2020-08-04  08:56:28 pm)작업중 정지 [d:19][t:00:20:05]
[I](2020-08-04  08:56:28 pm)    [LNo:0005] 000028/000054
[I](2020-08-04  08:56:28 pm)작업중 M코드정지 [d:19][t:00:20:05]
[I](2020-08-04  08:58:04 pm)작업중 정지 [d:21][t:00:21:41]
[I](2020-08-04  08:58:04 pm)    [LNo:0005] 000042/000054
[I](2020-08-04  08:58:32 pm)작업 재시작
[I](2020-08-04  09:04:01 pm)작업중 정지 [d:27][t:00:27:39]
[I](2020-08-04  09:04:01 pm)    [LNo:0005] 000046/000054
[I](2020-08-04  09:04:01 pm)작업중 M코드정지 [d:27][t:00:27:39]
[I](2020-08-04  09:04:32 pm)Reset
[I](2020-08-04  09:04:42 pm)작업 시작 [Start d:92]
[I](2020-08-04  09:04:42 pm)Nc File: [No.0005-492.NC]
[I](2020-08-04  09:04:42 pm)  * Start Machine Position
[I](2020-08-04  09:04:42 pm)    X:     21.0879
[I](2020-08-04  09:04:42 pm)    Y:   -345.0143
[I](2020-08-04  09:04:42 pm)    U:     -0.0519
[I](2020-08-04  09:04:42 pm)    V:     -0.0005
[I](2020-08-04  09:04:42 pm)    Z:     79.2515
[I](2020-08-04  09:04:42 pm)  * Angle
[I](2020-08-04  09:04:42 pm)    Ar:      0.6017,Kr:      0.0000
[I](2020-08-04  09:04:42 pm)    Taper_Ar:      0.0000
[I](2020-08-04  09:13:11 pm)작업중 정지 [d:8][t:00:08:29]
[I](2020-08-04  09:13:11 pm)    [LNo:0005] 000046/000054
[I](2020-08-04  09:13:11 pm)작업중 M코드정지 [d:8][t:00:08:29]
[I](2020-08-04  09:19:52 pm)Reset
[I](2020-08-04  09:20:03 pm)Reset
[I](2020-08-04  09:28:39 pm)Reset
[I](2020-08-04  09:28:44 pm)Reset
[I](2020-08-04  09:30:03 pm)Reset
[I](2020-08-04  09:30:07 pm)Reset
[I](2020-08-04  09:30:12 pm)Reset
[I](2020-08-04  09:30:32 pm)Reset
[I](2020-08-04  09:30:45 pm)Reset
[I](2020-08-04  09:32:02 pm)Reset
[I](2020-08-04  09:32:11 pm)Reset
[I](2020-08-04  09:32:30 pm)Reset
[I](2020-08-04  09:32:41 pm)Reset
[I](2020-08-04  09:33:36 pm)Reset
[I](2020-08-04  09:33:43 pm)Reset
[I](2020-08-04  09:34:08 pm)Reset
[I](2020-08-04  09:34:16 pm)Reset
[I](2020-08-04  09:34:43 pm)Reset
[I](2020-08-04  09:35:04 pm)작업 시작 [Start d:100]
[I](2020-08-04  09:35:04 pm)Nc File: [No.0004-493.NC]
[I](2020-08-04  09:35:04 pm)  * Start Machine Position
[I](2020-08-04  09:35:04 pm)    X:    156.6999
[I](2020-08-04  09:35:04 pm)    Y:   -392.9136
[I](2020-08-04  09:35:04 pm)    U:     -0.0200
[I](2020-08-04  09:35:04 pm)    V:     -0.3900
[I](2020-08-04  09:35:04 pm)    Z:     57.0470
[I](2020-08-04  09:35:04 pm)  * Angle
[I](2020-08-04  09:35:04 pm)    Ar:      0.0000,Kr:      0.0000
[I](2020-08-04  09:35:04 pm)    Taper_Ar:      0.0000
[I](2020-08-04  09:35:11 pm)작업중 정지 [d:0][t:00:00:07]
[I](2020-08-04  09:35:11 pm)    [LNo:0004] 000080/000280
[I](2020-08-04  09:35:11 pm)작업중 M코드정지 [d:0][t:00:00:07]
[I](2020-08-04  09:35:12 pm)작업중 정지 [d:0][t:00:00:08]
[I](2020-08-04  09:35:12 pm)    [LNo:0004] 000082/000280
[I](2020-08-04  09:35:13 pm)작업중 M코드정지 [d:0][t:00:00:08]
[I](2020-08-04  09:35:13 pm)작업중 정지 [d:0][t:00:00:09]
[I](2020-08-04  09:35:13 pm)    [LNo:0004] 000085/000280
[I](2020-08-04  09:35:14 pm)작업중 M코드정지 [d:0][t:00:00:09]
[I](2020-08-04  09:35:31 pm)작업중 정지 [d:0][t:00:00:27]
[I](2020-08-04  09:35:31 pm)    [LNo:0004] 000094/000280
[I](2020-08-04  09:49:43 pm)작업중 정지 [d:14][t:00:14:39]
[I](2020-08-04  09:49:43 pm)    [LNo:0004] 000107/000280
[I](2020-08-04  09:49:43 pm)작업중 M코드정지 [d:14][t:00:14:39]
[I](2020-08-04  09:50:45 pm)작업중 정지 [d:15][t:00:15:41]
[I](2020-08-04  09:50:45 pm)    [LNo:0004] 000109/000280
[I](2020-08-04  09:50:45 pm)작업중 M코드정지 [d:15][t:00:15:41]
[I](2020-08-04  09:54:27 pm)작업중 정지 [d:18][t:00:19:23]
[I](2020-08-04  09:54:27 pm)    [LNo:0004] 000131/000280
[I](2020-08-04  09:54:27 pm)작업중 M코드정지 [d:18][t:00:19:23]
[I](2020-08-04  09:55:43 pm)Reset
[I](2020-08-04  09:55:53 pm)작업 시작 [Start d:118]
[I](2020-08-04  09:55:53 pm)Nc File: [No.0004-493.NC]
[I](2020-08-04  09:55:53 pm)  * Start Machine Position
[I](2020-08-04  09:55:53 pm)    X:    308.2509
[I](2020-08-04  09:55:53 pm)    Y:   -392.3546
[I](2020-08-04  09:55:53 pm)    U:     -0.0700
[I](2020-08-04  09:55:53 pm)    V:      0.0500
[I](2020-08-04  09:55:53 pm)    Z:     57.0470
[I](2020-08-04  09:55:53 pm)  * Angle
[I](2020-08-04  09:55:53 pm)    Ar:      0.0000,Kr:      0.0000
[I](2020-08-04  09:55:53 pm)    Taper_Ar:      0.0000
[I](2020-08-04  09:56:01 pm)작업중 정지 [d:0][t:00:00:08]
[I](2020-08-04  09:56:01 pm)    [LNo:0004] 000155/000280
[I](2020-08-04  09:56:01 pm)작업중 M코드정지 [d:0][t:00:00:08]
[I](2020-08-04  10:10:15 pm)작업중 정지 [d:14][t:00:14:22]
[I](2020-08-04  10:10:15 pm)    [LNo:0004] 000178/000280
[I](2020-08-04  10:10:15 pm)작업중 M코드정지 [d:14][t:00:14:22]
[I](2020-08-04  10:10:49 pm)작업중 정지 [d:14][t:00:14:56]
[I](2020-08-04  10:10:49 pm)    [LNo:0004] 000180/000280
[I](2020-08-04  10:10:49 pm)작업중 M코드정지 [d:14][t:00:14:56]
[I](2020-08-04  10:14:31 pm)작업중 정지 [d:17][t:00:18:37]
[I](2020-08-04  10:14:31 pm)    [LNo:0004] 000201/000280
[I](2020-08-04  10:14:31 pm)작업중 M코드정지 [d:17][t:00:18:37]
[I](2020-08-04  10:14:59 pm)Reset
[I](2020-08-04  10:15:11 pm)작업 시작 [Start d:135]
[I](2020-08-04  10:15:11 pm)Nc File: [No.0004-493.NC]
[I](2020-08-04  10:15:11 pm)  * Start Machine Position
[I](2020-08-04  10:15:11 pm)    X:    459.3839
[I](2020-08-04  10:15:11 pm)    Y:   -389.8536
[I](2020-08-04  10:15:11 pm)    U:     -0.1400
[I](2020-08-04  10:15:11 pm)    V:     -0.2700
[I](2020-08-04  10:15:11 pm)    Z:     57.0470
[I](2020-08-04  10:15:11 pm)  * Angle
[I](2020-08-04  10:15:11 pm)    Ar:      0.0000,Kr:      0.0000
[I](2020-08-04  10:15:11 pm)    Taper_Ar:      0.0000
[I](2020-08-04  10:15:19 pm)작업중 정지 [d:0][t:00:00:08]
[I](2020-08-04  10:15:19 pm)    [LNo:0004] 000226/000280
[I](2020-08-04  10:15:19 pm)작업중 M코드정지 [d:0][t:00:00:08]
[I](2020-08-04  10:29:23 pm)작업중 정지 [d:14][t:00:14:12]
[I](2020-08-04  10:29:23 pm)    [LNo:0004] 000249/000280
[I](2020-08-04  10:29:23 pm)작업중 M코드정지 [d:14][t:00:14:12]
[I](2020-08-04  10:33:57 pm)작업중 정지 [d:18][t:00:18:46]
[I](2020-08-04  10:33:57 pm)    [LNo:0004] 000272/000280
[I](2020-08-04  10:33:57 pm)작업중 M코드정지 [d:18][t:00:18:46]
[I](2020-08-04  10:37:32 pm)Reset
[I](2020-08-04  10:44:17 pm)Reset
[I](2020-08-04  10:45:10 pm)Reset
[A](2020-08-04  10:45:23 pm)[001] 와이어 미동작
[I](2020-08-04  10:45:58 pm)Reset
[I](2020-08-04  10:46:07 pm)Reset
[I](2020-08-04  10:46:23 pm)Reset
[I](2020-08-04  10:46:32 pm)Reset
[I](2020-08-04  10:47:40 pm)작업 시작 [Start d:153]
[I](2020-08-04  10:47:40 pm)Nc File: [No.0006-469.NC *]
[I](2020-08-04  10:47:40 pm)  * Start Machine Position
[I](2020-08-04  10:47:40 pm)    X:    247.1440
[I](2020-08-04  10:47:40 pm)    Y:   -332.4848
[I](2020-08-04  10:47:40 pm)    U:      0.0002
[I](2020-08-04  10:47:40 pm)    V:     -0.0299
[I](2020-08-04  10:47:40 pm)    Z:     45.7594
[I](2020-08-04  10:47:40 pm)  * Angle
[I](2020-08-04  10:47:40 pm)    Ar:      0.4254,Kr:      0.0000
[I](2020-08-04  10:47:40 pm)    Taper_Ar:      0.0000
[I](2020-08-04  10:47:42 pm)작업중 정지 [d:0][t:00:00:02]
[I](2020-08-04  10:47:42 pm)    [LNo:0006] 000010/000145
[I](2020-08-04  10:47:42 pm)작업중 M코드정지 [d:0][t:00:00:02]
[I](2020-08-04  10:56:06 pm)작업중 정지 [d:8][t:00:08:25]
[I](2020-08-04  10:56:06 pm)    [LNo:0006] 000028/000145
[I](2020-08-04  10:56:06 pm)작업중 M코드정지 [d:8][t:00:08:26]
[A](2020-08-04  11:02:22 pm)[036] 자동결선 절단 공정 실패!!
[I](2020-08-04  11:43:16 pm)작업중 정지 [d:44][t:00:55:36]
[I](2020-08-04  11:43:16 pm)    [LNo:0006] 000139/000145
[A](2020-08-04  11:43:35 pm)[084] Work Tank Fluid Sensor Abnormal
[A](2020-08-04  11:43:35 pm)[084] Work Tank Fluid Sensor Abnormal
[A](2020-08-04  11:43:36 pm)[084] Work Tank Fluid Sensor Abnormal
[A](2020-08-04  11:43:36 pm)[084] Work Tank Fluid Sensor Abnormal
[A](2020-08-04  11:43:36 pm)[084] Work Tank Fluid Sensor Abnormal
[A](2020-08-04  11:43:36 pm)[084] Work Tank Fluid Sensor Abnormal
[A](2020-08-04  11:43:37 pm)[084] Work Tank Fluid Sensor Abnormal
[A](2020-08-04  11:43:38 pm)[084] Work Tank Fluid Sensor Abnormal
[A](2020-08-04  11:43:38 pm)[084] Work Tank Fluid Sensor Abnormal
[A](2020-08-04  11:43:38 pm)[084] Work Tank Fluid Sensor Abnormal
[A](2020-08-04  11:43:38 pm)[084] Work Tank Fluid Sensor Abnormal
[A](2020-08-04  11:43:39 pm)[084] Work Tank Fluid Sensor Abnormal
[A](2020-08-04  11:43:39 pm)[084] Work Tank Fluid Sensor Abnormal
[I](2020-08-04  11:45:22 pm)Reset
[I](2020-08-04  11:47:19 pm)Reset
[I](2020-08-04  11:47:23 pm)Reset
[I](2020-08-04  11:48:15 pm)Reset
[I](2020-08-04  11:48:19 pm)Reset
[I](2020-08-04  11:49:15 pm)Reset
[I](2020-08-04  11:49:24 pm)Reset
[I](2020-08-04  11:49:41 pm)Reset
[I](2020-08-04  11:49:47 pm)Reset
[I](2020-08-04  11:50:52 pm)작업 시작 [Start d:197]
[I](2020-08-04  11:50:52 pm)Nc File: [No.0007-470.NC *]
[I](2020-08-04  11:50:52 pm)  * Start Machine Position
[I](2020-08-04  11:50:52 pm)    X:    267.4313
[I](2020-08-04  11:50:52 pm)    Y:   -354.9825
[I](2020-08-04  11:50:52 pm)    U:      0.0023
[I](2020-08-04  11:50:52 pm)    V:     -0.2899
[I](2020-08-04  11:50:52 pm)    Z:     47.1424
[I](2020-08-04  11:50:52 pm)  * Angle
[I](2020-08-04  11:50:52 pm)    Ar:      0.4672,Kr:      0.0000
[I](2020-08-04  11:50:52 pm)    Taper_Ar:      0.0000
