[I](2020-12-25  12:15:08 am)작업중 정지 [d:242][t:04:48:16]
[I](2020-12-25  12:15:08 am)    [LNo:0001] 000384/001124
[I](2020-12-25  12:15:08 am)작업중 M코드정지 [d:242][t:04:48:16]
[I](2020-12-25  12:15:48 am)작업중 정지 [d:242][t:04:48:57]
[I](2020-12-25  12:15:48 am)    [LNo:0001] 000388/001124
[I](2020-12-25  12:15:48 am)작업중 M코드정지 [d:242][t:04:48:57]
[I](2020-12-25  12:17:53 am)작업중 정지 [d:242][t:04:51:02]
[I](2020-12-25  12:17:53 am)    [LNo:0001] 000405/001124
[I](2020-12-25  12:17:53 am)작업중 30sec 접촉 정지 [d:242][t:04:51:02]
[I](2020-12-25  12:19:00 am)작업 재시작
[I](2020-12-25  12:48:40 am)작업중 정지 [d:271][t:05:21:49]
[I](2020-12-25  12:48:40 am)    [LNo:0001] 000420/001124
[I](2020-12-25  12:48:40 am)작업중 M코드정지 [d:271][t:05:21:49]
[I](2020-12-25  12:51:00 am)작업중 정지 [d:272][t:05:24:09]
[I](2020-12-25  12:51:00 am)    [LNo:0001] 000424/001124
[I](2020-12-25  12:51:00 am)작업중 M코드정지 [d:272][t:05:24:09]
[I](2020-12-25  01:11:19 am)작업중 정지 [d:291][t:05:44:28]
[I](2020-12-25  01:11:19 am)    [LNo:0001] 000456/001124
[I](2020-12-25  01:11:19 am)작업중 M코드정지 [d:291][t:05:44:28]
[I](2020-12-25  01:13:43 am)작업중 정지 [d:291][t:05:46:52]
[I](2020-12-25  01:13:43 am)    [LNo:0001] 000460/001124
[I](2020-12-25  01:13:43 am)작업중 M코드정지 [d:291][t:05:46:52]
[I](2020-12-25  01:37:18 am)작업중 정지 [d:313][t:06:10:27]
[I](2020-12-25  01:37:18 am)    [LNo:0001] 000485/001124
[I](2020-12-25  01:37:18 am)작업중 M코드정지 [d:313][t:06:10:27]
[I](2020-12-25  01:37:45 am)작업중 정지 [d:313][t:06:10:53]
[I](2020-12-25  01:37:45 am)    [LNo:0001] 000488/001124
[I](2020-12-25  01:37:45 am)작업중 M코드정지 [d:313][t:06:10:53]
[I](2020-12-25  02:01:37 am)작업중 정지 [d:335][t:06:34:46]
[I](2020-12-25  02:01:37 am)    [LNo:0001] 000513/001124
[I](2020-12-25  02:01:37 am)작업중 M코드정지 [d:335][t:06:34:46]
[I](2020-12-25  02:04:48 am)작업중 정지 [d:335][t:06:37:57]
[I](2020-12-25  02:04:48 am)    [LNo:0001] 000516/001124
[I](2020-12-25  02:04:48 am)작업중 M코드정지 [d:335][t:06:37:57]
[I](2020-12-25  02:19:45 am)작업중 정지 [d:348][t:06:52:53]
[I](2020-12-25  02:19:45 am)    [LNo:0001] 000540/001124
[I](2020-12-25  02:19:45 am)작업중 M코드정지 [d:348][t:06:52:54]
[I](2020-12-25  02:54:07 am)작업중 정지 [d:349][t:07:27:16]
[I](2020-12-25  02:54:07 am)    [LNo:0001] 000544/001124
[I](2020-12-25  02:54:07 am)작업중 M코드정지 [d:349][t:07:27:16]
[I](2020-12-25  03:06:11 am)작업중 정지 [d:359][t:07:39:19]
[I](2020-12-25  03:06:11 am)    [LNo:0001] 000568/001124
[I](2020-12-25  03:06:11 am)작업중 M코드정지 [d:359][t:07:39:20]
[I](2020-12-25  03:16:37 am)작업중 정지 [d:359][t:07:49:46]
[I](2020-12-25  03:16:37 am)    [LNo:0001] 000572/001124
[I](2020-12-25  03:16:37 am)작업중 M코드정지 [d:359][t:07:49:46]
[I](2020-12-25  03:20:39 am)작업중 정지 [d:361][t:07:53:48]
[I](2020-12-25  03:20:39 am)    [LNo:0001] 000592/001124
[I](2020-12-25  03:20:40 am)작업중 30sec 접촉 정지 [d:361][t:07:53:48]
[I](2020-12-25  03:22:10 am)작업 재시작
[I](2020-12-25  03:29:54 am)작업중 정지 [d:368][t:08:03:03]
[I](2020-12-25  03:29:54 am)    [LNo:0001] 000596/001124
[I](2020-12-25  03:29:54 am)작업중 M코드정지 [d:368][t:08:03:03]
[I](2020-12-25  03:30:57 am)작업중 정지 [d:369][t:08:04:06]
[I](2020-12-25  03:30:57 am)    [LNo:0001] 000600/001124
[I](2020-12-25  03:30:57 am)작업중 M코드정지 [d:369][t:08:04:06]
[I](2020-12-25  03:55:04 am)작업중 정지 [d:391][t:08:28:13]
[I](2020-12-25  03:55:04 am)    [LNo:0001] 000625/001124
[I](2020-12-25  03:55:04 am)작업중 M코드정지 [d:391][t:08:28:13]
[I](2020-12-25  03:56:37 am)작업중 정지 [d:391][t:08:29:46]
[I](2020-12-25  03:56:37 am)    [LNo:0001] 000628/001124
[I](2020-12-25  03:56:37 am)작업중 M코드정지 [d:391][t:08:29:46]
[I](2020-12-25  04:20:26 am)작업중 정지 [d:413][t:08:53:34]
[I](2020-12-25  04:20:26 am)    [LNo:0001] 000653/001124
[I](2020-12-25  04:20:26 am)작업중 M코드정지 [d:413][t:08:53:34]
[I](2020-12-25  04:21:47 am)작업중 정지 [d:413][t:08:54:56]
[I](2020-12-25  04:21:47 am)    [LNo:0001] 000656/001124
[I](2020-12-25  04:21:47 am)작업중 M코드정지 [d:413][t:08:54:56]
[I](2020-12-25  04:36:06 am)작업중 정지 [d:426][t:09:09:15]
[I](2020-12-25  04:36:06 am)    [LNo:0001] 000680/001124
[I](2020-12-25  04:36:06 am)작업중 M코드정지 [d:426][t:09:09:15]
[I](2020-12-25  04:38:51 am)작업중 정지 [d:426][t:09:12:00]
[I](2020-12-25  04:38:51 am)    [LNo:0001] 000684/001124
[I](2020-12-25  04:38:51 am)작업중 M코드정지 [d:426][t:09:12:00]
[I](2020-12-25  04:40:07 am)작업중 정지 [d:426][t:09:13:16]
[I](2020-12-25  04:40:07 am)    [LNo:0001] 000690/001124
[I](2020-12-25  04:51:49 am)작업 재시작
[I](2020-12-25  04:56:35 am)작업중 정지 [d:430][t:09:29:43]
[I](2020-12-25  04:56:35 am)    [LNo:0001] 000715/001124
[I](2020-12-25  04:56:35 am)작업중 M코드정지 [d:430][t:09:29:43]
[I](2020-12-25  05:04:46 am)작업중 정지 [d:436][t:09:37:55]
[I](2020-12-25  05:04:46 am)    [LNo:0001] 000743/001124
[I](2020-12-25  05:04:46 am)작업중 M코드정지 [d:436][t:09:37:55]
[I](2020-12-25  06:10:17 am)작업중 정지 [d:489][t:10:43:26]
[I](2020-12-25  06:10:17 am)    [LNo:0001] 000979/001124
[I](2020-12-25  06:10:17 am)작업중 M코드정지 [d:489][t:10:43:26]
[I](2020-12-25  06:18:16 am)작업중 정지 [d:491][t:10:51:24]
[I](2020-12-25  06:18:16 am)    [LNo:0001] 001000/001124
[I](2020-12-25  06:18:16 am)작업중 M코드정지 [d:491][t:10:51:24]
[I](2020-12-25  06:50:10 am)작업중 정지 [d:512][t:11:23:19]
[I](2020-12-25  06:50:10 am)    [LNo:0001] 001120/001124
[I](2020-12-25  06:50:10 am)작업중 M코드정지 [d:512][t:11:23:19]
[I](2020-12-25  08:31:52 am)Reset
[I](2020-12-25  08:31:52 am)Reset
[I](2020-12-25  08:41:23 am)Reset
[I](2020-12-25  08:43:09 am)Reset
[I](2020-12-25  08:43:09 am)Reset
[I](2020-12-25  08:44:41 am)Reset
[I](2020-12-25  08:44:41 am)Reset
[I](2020-12-25  08:44:42 am)Reset
[I](2020-12-25  08:46:41 am)작업 시작 [Start d:512]
[I](2020-12-25  08:46:41 am)Nc File: [No.0002-668.NC]
[I](2020-12-25  08:46:41 am)  * Start Machine Position
[I](2020-12-25  08:46:41 am)    X:    133.2728
[I](2020-12-25  08:46:41 am)    Y:   -367.5956
[I](2020-12-25  08:46:41 am)    U:      0.0000
[I](2020-12-25  08:46:41 am)    V:      0.0000
[I](2020-12-25  08:46:41 am)    Z:     34.4008
[I](2020-12-25  08:46:41 am)  * Angle
[I](2020-12-25  08:46:41 am)    Ar:      0.0249,Kr:      0.0000
[I](2020-12-25  08:46:41 am)    Taper_Ar:      0.0000
[I](2020-12-25  08:46:58 am)작업중 정지 [d:0][t:00:00:16]
[I](2020-12-25  08:46:58 am)    [LNo:0002] 000546/001734
[I](2020-12-25  08:48:53 am)Reset
[I](2020-12-25  08:48:54 am)Reset
[I](2020-12-25  08:49:42 am)작업 시작 [Start d:512]
[I](2020-12-25  08:49:42 am)Nc File: [No.0002-668.NC]
[I](2020-12-25  08:49:42 am)  * Start Machine Position
[I](2020-12-25  08:49:42 am)    X:    133.2728
[I](2020-12-25  08:49:42 am)    Y:   -367.5956
[I](2020-12-25  08:49:42 am)    U:      0.0000
[I](2020-12-25  08:49:42 am)    V:      0.0000
[I](2020-12-25  08:49:42 am)    Z:     34.4008
[I](2020-12-25  08:49:42 am)  * Angle
[I](2020-12-25  08:49:42 am)    Ar:      0.0249,Kr:      0.0000
[I](2020-12-25  08:49:42 am)    Taper_Ar:      0.0000
[I](2020-12-25  09:38:02 am)작업중 정지 [d:45][t:00:48:20]
[I](2020-12-25  09:38:02 am)    [LNo:0002] 000135/001734
[I](2020-12-25  09:38:02 am)작업중 30sec 접촉 정지 [d:45][t:00:48:20]
[I](2020-12-25  09:39:55 am)작업 재시작
[I](2020-12-25  10:11:53 am)작업중 정지 [d:75][t:01:22:11]
[I](2020-12-25  10:11:53 am)    [LNo:0002] 000243/001734
[I](2020-12-25  10:11:53 am)작업중 30sec 접촉 정지 [d:75][t:01:22:11]
[I](2020-12-25  10:14:05 am)작업 재시작
[I](2020-12-25  10:29:52 am)작업중 정지 [d:89][t:01:40:09]
[I](2020-12-25  10:29:52 am)    [LNo:0002] 000297/001734
[I](2020-12-25  10:29:52 am)작업중 30sec 접촉 정지 [d:89][t:01:40:10]
[I](2020-12-25  10:37:10 am)작업 재시작
[I](2020-12-25  10:53:21 am)작업중 정지 [d:104][t:02:03:39]
[I](2020-12-25  10:53:21 am)    [LNo:0002] 000366/001734
[I](2020-12-25  10:53:21 am)작업중 30sec 접촉 정지 [d:104][t:02:03:39]
[I](2020-12-25  10:56:26 am)작업 재시작
[I](2020-12-25  12:47:35 pm)작업중 정지 [d:207][t:03:57:53]
[I](2020-12-25  12:47:35 pm)    [LNo:0002] 000744/001734
[I](2020-12-25  12:47:35 pm)작업중 30sec 접촉 정지 [d:207][t:03:57:53]
[I](2020-12-25  12:52:52 pm)작업 재시작
[I](2020-12-25  12:52:57 pm)작업중 정지 [d:207][t:04:03:15]
[I](2020-12-25  12:52:57 pm)    [LNo:0002] 000744/001734
[I](2020-12-25  12:52:57 pm)작업중 30sec 접촉 정지 [d:207][t:04:03:15]
[I](2020-12-25  12:53:14 pm)작업 재시작
[I](2020-12-25  01:08:36 pm)작업중 정지 [d:221][t:04:18:54]
[I](2020-12-25  01:08:36 pm)    [LNo:0002] 000783/001734
[I](2020-12-25  01:08:36 pm)작업중 30sec 접촉 정지 [d:221][t:04:18:54]
[I](2020-12-25  01:13:06 pm)작업 재시작
[I](2020-12-25  01:59:57 pm)작업중 정지 [d:264][t:05:10:14]
[I](2020-12-25  01:59:57 pm)    [LNo:0002] 000960/001734
[I](2020-12-25  01:59:57 pm)작업중 30sec 접촉 정지 [d:264][t:05:10:15]
[I](2020-12-25  02:00:42 pm)작업 재시작
[I](2020-12-25  02:15:54 pm)작업중 정지 [d:279][t:05:26:11]
[I](2020-12-25  02:15:54 pm)    [LNo:0002] 000999/001734
[I](2020-12-25  02:15:54 pm)작업중 30sec 접촉 정지 [d:279][t:05:26:11]
[I](2020-12-25  02:17:56 pm)작업 재시작
[I](2020-12-25  02:56:51 pm)작업중 정지 [d:314][t:06:07:09]
[I](2020-12-25  02:56:51 pm)    [LNo:0002] 001114/001734
[I](2020-12-25  02:56:51 pm)작업중 M코드정지 [d:314][t:06:07:09]
[I](2020-12-25  04:04:02 pm)작업중 정지 [d:371][t:07:14:20]
[I](2020-12-25  04:04:02 pm)    [LNo:0002] 001257/001734
[A](2020-12-25  04:04:02 pm)[008] 작업중 단선(AWF Feed Motor Stop )
[I](2020-12-25  04:04:02 pm)작업중 Wire 단선 [d:371][t:07:14:20]
[I](2020-12-25  04:19:30 pm)작업중 정지 [d:386][t:07:29:48]
[I](2020-12-25  04:19:30 pm)    [LNo:0002] 001274/001734
[I](2020-12-25  04:19:30 pm)작업중 30sec 접촉 정지 [d:386][t:07:29:48]
[I](2020-12-25  04:39:03 pm)작업 재시작
[I](2020-12-25  05:23:16 pm)작업중 정지 [d:426][t:08:33:34]
[I](2020-12-25  05:23:16 pm)    [LNo:0002] 001364/001734
[I](2020-12-25  05:30:50 pm)작업 재시작
[I](2020-12-25  05:36:25 pm)작업중 정지 [d:432][t:08:46:43]
[I](2020-12-25  05:36:25 pm)    [LNo:0002] 001375/001734
[I](2020-12-25  05:36:25 pm)작업중 M코드정지 [d:432][t:08:46:43]
[I](2020-12-25  05:38:57 pm)작업중 정지 [d:432][t:08:49:15]
[I](2020-12-25  05:38:57 pm)    [LNo:0002] 001378/001734
[I](2020-12-25  05:39:32 pm)작업중 정지 [d:432][t:08:49:50]
[I](2020-12-25  05:39:32 pm)    [LNo:0002] 001384/001734
[I](2020-12-25  08:32:37 pm)작업중 정지 [d:595][t:11:42:55]
[I](2020-12-25  08:32:37 pm)    [LNo:0002] 001691/001734
[I](2020-12-25  08:32:37 pm)작업중 30sec 접촉 정지 [d:595][t:11:42:55]
