[I](2020-07-29  12:00:50 am)작업 시작 [Start d:1394]
[I](2020-07-29  12:00:50 am)Nc File: [No.0012-286.NC]
[I](2020-07-29  12:00:50 am)  * Start Machine Position
[I](2020-07-29  12:00:50 am)    X:     21.5836
[I](2020-07-29  12:00:50 am)    Y:   -374.9294
[I](2020-07-29  12:00:50 am)    U:     -0.0698
[I](2020-07-29  12:00:50 am)    V:     -0.0274
[I](2020-07-29  12:00:50 am)    Z:     77.3713
[I](2020-07-29  12:00:50 am)  * Angle
[I](2020-07-29  12:00:50 am)    Ar:      0.3652,Kr:      0.0000
[I](2020-07-29  12:00:50 am)    Taper_Ar:      0.0000
[I](2020-07-29  12:00:58 am)작업중 정지 [d:0][t:00:00:07]
[I](2020-07-29  12:00:58 am)    [LNo:0012] 000062/000208
[I](2020-07-29  12:00:58 am)작업중 M코드정지 [d:0][t:00:00:07]
[I](2020-07-29  12:01:01 am)작업중 정지 [d:0][t:00:00:10]
[I](2020-07-29  12:01:01 am)    [LNo:0012] 000065/000208
[I](2020-07-29  12:01:01 am)작업중 M코드정지 [d:0][t:00:00:10]
[I](2020-07-29  12:01:02 am)작업중 정지 [d:0][t:00:00:11]
[I](2020-07-29  12:01:02 am)    [LNo:0012] 000067/000208
[I](2020-07-29  12:01:02 am)작업중 M코드정지 [d:0][t:00:00:11]
[I](2020-07-29  12:01:09 am)작업중 정지 [d:0][t:00:00:18]
[I](2020-07-29  12:01:09 am)    [LNo:0012] 000077/000208
[I](2020-07-29  12:15:41 am)작업중 정지 [d:14][t:00:14:50]
[I](2020-07-29  12:15:41 am)    [LNo:0012] 000093/000208
[I](2020-07-29  12:15:41 am)작업중 M코드정지 [d:14][t:00:14:50]
[I](2020-07-29  12:17:42 am)작업중 정지 [d:14][t:00:16:51]
[I](2020-07-29  12:17:42 am)    [LNo:0012] 000095/000208
[I](2020-07-29  12:17:42 am)작업중 M코드정지 [d:14][t:00:16:51]
[I](2020-07-29  12:21:05 am)작업중 정지 [d:16][t:00:20:14]
[I](2020-07-29  12:21:05 am)    [LNo:0012] 000119/000208
[I](2020-07-29  12:21:05 am)작업중 M코드정지 [d:16][t:00:20:14]
[I](2020-07-29  01:16:55 am)Reset
[I](2020-07-29  01:16:55 am)Reset
[I](2020-07-29  01:17:02 am)Reset
[I](2020-07-29  01:23:40 am)Reset
[I](2020-07-29  01:23:41 am)Reset
[I](2020-07-29  01:24:07 am)Reset
[I](2020-07-29  01:25:17 am)Reset
[I](2020-07-29  01:27:27 am)Reset
[I](2020-07-29  01:28:02 am)Reset
[I](2020-07-29  01:28:50 am)Reset
[I](2020-07-29  01:28:50 am)Reset
[I](2020-07-29  01:29:27 am)작업 시작 [Start d:1410]
[I](2020-07-29  01:29:27 am)Nc File: [No.0012-286.NC]
[I](2020-07-29  01:29:27 am)  * Start Machine Position
[I](2020-07-29  01:29:27 am)    X:      2.6136
[I](2020-07-29  01:29:27 am)    Y:   -348.5615
[I](2020-07-29  01:29:27 am)    U:      0.0102
[I](2020-07-29  01:29:27 am)    V:      0.0800
[I](2020-07-29  01:29:27 am)    Z:     74.0496
[I](2020-07-29  01:29:27 am)  * Angle
[I](2020-07-29  01:29:27 am)    Ar:      0.5246,Kr:      0.0000
[I](2020-07-29  01:29:27 am)    Taper_Ar:      0.0000
[I](2020-07-29  01:29:34 am)작업중 정지 [d:0][t:00:00:07]
[I](2020-07-29  01:29:34 am)    [LNo:0012] 000139/000208
[I](2020-07-29  01:29:34 am)작업중 M코드정지 [d:0][t:00:00:07]
[I](2020-07-29  01:29:37 am)작업중 정지 [d:0][t:00:00:09]
[I](2020-07-29  01:29:37 am)    [LNo:0012] 000142/000208
[I](2020-07-29  01:29:37 am)작업중 M코드정지 [d:0][t:00:00:09]
[I](2020-07-29  01:29:38 am)작업중 정지 [d:0][t:00:00:11]
[I](2020-07-29  01:29:38 am)    [LNo:0012] 000145/000208
[I](2020-07-29  01:29:38 am)작업중 M코드정지 [d:0][t:00:00:11]
[I](2020-07-29  02:11:11 am)작업중 정지 [d:40][t:00:41:43]
[I](2020-07-29  02:11:11 am)    [LNo:0012] 000171/000208
[I](2020-07-29  02:12:26 am)작업 재시작
[I](2020-07-29  02:12:34 am)작업중 정지 [d:40][t:00:43:06]
[I](2020-07-29  02:12:34 am)    [LNo:0012] 000171/000208
[I](2020-07-29  02:13:12 am)작업 재시작
[I](2020-07-29  02:13:18 am)작업중 정지 [d:40][t:00:43:50]
[I](2020-07-29  02:13:18 am)    [LNo:0012] 000172/000208
[I](2020-07-29  02:13:18 am)작업중 M코드정지 [d:40][t:00:43:50]
[I](2020-07-29  02:14:23 am)작업중 정지 [d:40][t:00:44:56]
[I](2020-07-29  02:14:23 am)    [LNo:0012] 000174/000208
[I](2020-07-29  02:14:23 am)작업중 M코드정지 [d:40][t:00:44:56]
[I](2020-07-29  02:19:24 am)작업중 정지 [d:44][t:00:49:57]
[I](2020-07-29  02:19:24 am)    [LNo:0012] 000200/000208
[I](2020-07-29  02:19:24 am)작업중 M코드정지 [d:44][t:00:49:57]
[I](2020-07-29  02:24:05 am)Reset
[I](2020-07-29  02:24:05 am)Reset
[I](2020-07-29  02:24:17 am)Reset
[I](2020-07-29  02:24:17 am)Reset
[I](2020-07-29  02:45:40 am)Reset
[I](2020-07-29  02:45:40 am)Reset
[I](2020-07-29  02:47:03 am)Reset
[I](2020-07-29  02:47:04 am)Reset
[I](2020-07-29  02:50:11 am)Reset
[I](2020-07-29  02:50:11 am)Reset
[I](2020-07-29  02:50:45 am)Reset
[I](2020-07-29  02:50:45 am)Reset
[I](2020-07-29  02:51:10 am)Reset
[I](2020-07-29  02:51:10 am)Reset
[I](2020-07-29  02:52:31 am)Reset
[I](2020-07-29  02:52:32 am)Reset
[I](2020-07-29  02:52:54 am)Reset
[I](2020-07-29  02:52:55 am)Reset
[I](2020-07-29  02:53:09 am)Reset
[I](2020-07-29  02:53:10 am)Reset
[I](2020-07-29  02:55:07 am)작업 시작 [Start d:1454]
[I](2020-07-29  02:55:07 am)Nc File: [No.0012-286.NC]
[I](2020-07-29  02:55:07 am)  * Start Machine Position
[I](2020-07-29  02:55:07 am)    X:    258.9323
[I](2020-07-29  02:55:07 am)    Y:   -393.6330
[I](2020-07-29  02:55:07 am)    U:      1.4761
[I](2020-07-29  02:55:07 am)    V:     -1.3235
[I](2020-07-29  02:55:07 am)    Z:     98.9186
[I](2020-07-29  02:55:07 am)  * Angle
[I](2020-07-29  02:55:07 am)    Ar:     -0.6020,Kr:      0.0000
[I](2020-07-29  02:55:07 am)    Taper_Ar:      0.0000
[I](2020-07-29  02:55:14 am)작업중 정지 [d:0][t:00:00:07]
[I](2020-07-29  02:55:14 am)    [LNo:0012] 000010/000208
[I](2020-07-29  02:55:14 am)작업중 M코드정지 [d:0][t:00:00:07]
[I](2020-07-29  03:00:28 am)작업중 정지 [d:5][t:00:05:21]
[I](2020-07-29  03:00:28 am)    [LNo:0012] 000023/000208
[I](2020-07-29  03:00:28 am)작업중 30sec 접촉 정지 [d:5][t:00:05:21]
[I](2020-07-29  03:01:49 am)작업 재시작
[I](2020-07-29  03:01:54 am)작업중 정지 [d:5][t:00:06:47]
[I](2020-07-29  03:01:54 am)    [LNo:0012] 000023/000208
[I](2020-07-29  03:01:54 am)작업중 30sec 접촉 정지 [d:5][t:00:06:47]
[I](2020-07-29  03:02:06 am)작업 재시작
[I](2020-07-29  03:02:11 am)작업중 정지 [d:5][t:00:07:04]
[I](2020-07-29  03:02:11 am)    [LNo:0012] 000023/000208
[I](2020-07-29  03:02:11 am)작업중 30sec 접촉 정지 [d:5][t:00:07:04]
[I](2020-07-29  03:02:23 am)작업 재시작
[I](2020-07-29  03:02:28 am)작업중 정지 [d:5][t:00:07:21]
[I](2020-07-29  03:02:28 am)    [LNo:0012] 000023/000208
[I](2020-07-29  03:02:28 am)작업중 30sec 접촉 정지 [d:5][t:00:07:21]
[I](2020-07-29  03:02:39 am)작업 재시작
[I](2020-07-29  03:02:44 am)작업중 정지 [d:5][t:00:07:37]
[I](2020-07-29  03:02:44 am)    [LNo:0012] 000023/000208
[I](2020-07-29  03:02:45 am)작업중 30sec 접촉 정지 [d:5][t:00:07:37]
[I](2020-07-29  03:03:11 am)작업 재시작
[I](2020-07-29  03:03:13 am)작업중 정지 [d:5][t:00:08:06]
[I](2020-07-29  03:03:13 am)    [LNo:0012] 000023/000208
[I](2020-07-29  03:04:02 am)작업 재시작
[I](2020-07-29  03:04:25 am)작업중 정지 [d:6][t:00:09:17]
[I](2020-07-29  03:04:25 am)    [LNo:0012] 000024/000208
[I](2020-07-29  03:04:25 am)작업중 M코드정지 [d:6][t:00:09:17]
[I](2020-07-29  03:04:40 am)작업중 정지 [d:6][t:00:09:33]
[I](2020-07-29  03:04:40 am)    [LNo:0012] 000026/000208
[I](2020-07-29  03:04:40 am)작업중 M코드정지 [d:6][t:00:09:33]
[I](2020-07-29  03:08:07 am)작업중 정지 [d:9][t:00:13:00]
[I](2020-07-29  03:08:07 am)    [LNo:0012] 000042/000208
[I](2020-07-29  03:08:07 am)작업중 M코드정지 [d:9][t:00:13:00]
[I](2020-07-29  03:18:41 am)Reset
[I](2020-07-29  03:18:41 am)Reset
[I](2020-07-29  03:18:53 am)Reset
[I](2020-07-29  03:18:54 am)Reset
[I](2020-07-29  03:29:26 am)Reset
[I](2020-07-29  03:29:27 am)Reset
[I](2020-07-29  03:31:19 am)작업 시작 [Start d:1463]
[I](2020-07-29  03:31:19 am)Nc File: [No.0013-295.NC]
[I](2020-07-29  03:31:19 am)  * Start Machine Position
[I](2020-07-29  03:31:19 am)    X:    204.9551
[I](2020-07-29  03:31:19 am)    Y:   -354.8083
[I](2020-07-29  03:31:19 am)    U:      0.0000
[I](2020-07-29  03:31:19 am)    V:      0.0000
[I](2020-07-29  03:31:19 am)    Z:     32.6256
[I](2020-07-29  03:31:19 am)  * Angle
[I](2020-07-29  03:31:19 am)    Ar:      0.1535,Kr:      0.0000
[I](2020-07-29  03:31:19 am)    Taper_Ar:      0.0000
[I](2020-07-29  03:36:42 am)작업중 정지 [d:5][t:00:05:23]
[I](2020-07-29  03:36:42 am)    [LNo:0013] 000023/000137
[I](2020-07-29  03:36:42 am)작업중 M코드정지 [d:5][t:00:05:23]
[I](2020-07-29  03:37:51 am)작업중 정지 [d:5][t:00:06:32]
[I](2020-07-29  03:37:51 am)    [LNo:0013] 000024/000137
[I](2020-07-29  03:38:23 am)작업 재시작
[I](2020-07-29  03:38:29 am)작업중 정지 [d:5][t:00:07:10]
[I](2020-07-29  03:38:29 am)    [LNo:0013] 000026/000137
[I](2020-07-29  03:38:29 am)작업중 M코드정지 [d:5][t:00:07:10]
[I](2020-07-29  03:41:46 am)작업중 정지 [d:6][t:00:10:27]
[I](2020-07-29  03:41:46 am)    [LNo:0013] 000045/000137
[I](2020-07-29  03:41:46 am)작업중 M코드정지 [d:6][t:00:10:27]
[I](2020-07-29  04:28:25 am)작업중 정지 [d:51][t:00:57:06]
[I](2020-07-29  04:28:25 am)    [LNo:0013] 000125/000137
[I](2020-07-29  04:28:25 am)작업중 M코드정지 [d:51][t:00:57:06]
[I](2020-07-29  04:43:45 am)작업중 정지 [d:51][t:01:12:26]
[I](2020-07-29  04:43:45 am)    [LNo:0013] 000126/000137
[A](2020-07-29  04:43:46 am)[008] 작업중 단선(AWF Feed Motor Stop )
[I](2020-07-29  04:43:46 am)작업중 Wire 단선 [d:51][t:01:12:26]
[I](2020-07-29  05:55:08 am)Reset
[I](2020-07-29  05:55:17 am)Reset
[I](2020-07-29  06:03:09 am)Reset
[I](2020-07-29  06:03:09 am)Reset
[I](2020-07-29  06:03:31 am)Reset
[I](2020-07-29  06:03:31 am)Reset
[I](2020-07-29  06:04:03 am)Reset
[I](2020-07-29  06:04:03 am)Reset
[I](2020-07-29  06:04:26 am)Reset
[I](2020-07-29  06:04:27 am)Reset
[I](2020-07-29  06:04:44 am)Reset
[I](2020-07-29  06:05:24 am)작업 시작 [Start d:1514]
[I](2020-07-29  06:05:24 am)Nc File: [No.0014-301.NC]
[I](2020-07-29  06:05:24 am)  * Start Machine Position
[I](2020-07-29  06:05:24 am)    X:    191.0820
[I](2020-07-29  06:05:24 am)    Y:   -365.4021
[I](2020-07-29  06:05:24 am)    U:     -0.0934
[I](2020-07-29  06:05:24 am)    V:      0.3407
[I](2020-07-29  06:05:24 am)    Z:     38.9221
[I](2020-07-29  06:05:24 am)  * Angle
[I](2020-07-29  06:05:24 am)    Ar:     -0.4236,Kr:      0.0000
[I](2020-07-29  06:05:24 am)    Taper_Ar:      0.0000
[I](2020-07-29  06:05:26 am)작업중 정지 [d:0][t:00:00:02]
[I](2020-07-29  06:05:26 am)    [LNo:0014] 000010/000060
[I](2020-07-29  06:05:27 am)작업중 M코드정지 [d:0][t:00:00:02]
[I](2020-07-29  06:12:56 am)작업중 정지 [d:7][t:00:07:31]
[I](2020-07-29  06:12:56 am)    [LNo:0014] 000029/000060
[I](2020-07-29  06:12:56 am)작업중 M코드정지 [d:7][t:00:07:31]
[I](2020-07-29  06:13:17 am)작업중 정지 [d:7][t:00:07:52]
[I](2020-07-29  06:13:17 am)    [LNo:0014] 000031/000060
[I](2020-07-29  06:13:17 am)작업중 M코드정지 [d:7][t:00:07:52]
[I](2020-07-29  06:15:34 am)작업중 정지 [d:9][t:00:10:10]
[I](2020-07-29  06:15:34 am)    [LNo:0014] 000052/000060
[I](2020-07-29  06:15:34 am)작업중 M코드정지 [d:9][t:00:10:10]
[I](2020-07-29  06:18:29 am)Reset
[I](2020-07-29  06:18:29 am)Reset
[I](2020-07-29  06:22:25 am)Reset
[I](2020-07-29  06:22:25 am)Reset
[I](2020-07-29  08:44:59 am)Reset
[I](2020-07-29  08:48:50 am)Reset
[I](2020-07-29  08:54:36 am)Reset
[I](2020-07-29  08:54:39 am)Reset
[A](2020-07-29  08:55:34 am)[041] AWF 명령끝날때까지 센서감지(타임아웃) 안됨
[I](2020-07-29  08:59:14 am)Reset
[I](2020-07-29  09:01:57 am)Reset
[A](2020-07-29  09:02:06 am)[001] 와이어 미동작
[I](2020-07-29  09:02:42 am)Reset
[I](2020-07-29  09:07:06 am)Reset
[I](2020-07-29  09:10:11 am)Reset
[I](2020-07-29  09:10:50 am)Reset
[A](2020-07-29  09:11:11 am)[037] 자동결선 잔여 WIRE 처리 실패!!
[A](2020-07-29  09:11:21 am)[033] 자동결선 회수 롤러 WIRE CONTACT!!
[I](2020-07-29  09:14:13 am)Reset
[I](2020-07-29  09:16:41 am)Reset
[I](2020-07-29  09:17:29 am)Reset
[A](2020-07-29  09:17:48 am)[037] 자동결선 잔여 WIRE 처리 실패!!
[I](2020-07-29  09:21:03 am)Reset
[I](2020-07-29  09:23:22 am)Reset
[I](2020-07-29  09:23:35 am)Reset
[I](2020-07-29  09:24:07 am)Reset
[I](2020-07-29  09:24:38 am)Reset
[I](2020-07-29  09:24:47 am)Reset
[I](2020-07-29  09:24:55 am)Reset
[I](2020-07-29  09:25:50 am)Reset
[I](2020-07-29  09:25:57 am)작업 시작 [Start d:1523]
[I](2020-07-29  09:25:57 am)Nc File: [No.0001-689.NC *]
[I](2020-07-29  09:25:57 am)  * Start Machine Position
[I](2020-07-29  09:25:57 am)    X:     20.1635
[I](2020-07-29  09:25:57 am)    Y:   -356.5101
[I](2020-07-29  09:25:57 am)    U:      0.0000
[I](2020-07-29  09:25:57 am)    V:      0.0000
[I](2020-07-29  09:25:57 am)    Z:     33.1761
[I](2020-07-29  09:25:57 am)  * Angle
[I](2020-07-29  09:25:57 am)    Ar:      0.0000,Kr:      0.0000
[I](2020-07-29  09:25:57 am)    Taper_Ar:      0.0000
[I](2020-07-29  09:34:55 am)작업중 정지 [d:9][t:00:08:57]
[I](2020-07-29  09:34:55 am)    [LNo:0001] 000045/000187
[I](2020-07-29  09:34:55 am)작업중 M코드정지 [d:9][t:00:08:57]
[I](2020-07-29  09:36:42 am)Reset
[I](2020-07-29  09:36:52 am)작업 시작 [Start d:1532]
[I](2020-07-29  09:36:52 am)Nc File: [No.0001-689.NC *]
[I](2020-07-29  09:36:52 am)  * Start Machine Position
[I](2020-07-29  09:36:52 am)    X:     20.1635
[I](2020-07-29  09:36:52 am)    Y:   -356.5101
[I](2020-07-29  09:36:52 am)    U:      0.0000
[I](2020-07-29  09:36:52 am)    V:      0.0000
[I](2020-07-29  09:36:52 am)    Z:     33.1761
[I](2020-07-29  09:36:52 am)  * Angle
[I](2020-07-29  09:36:52 am)    Ar:      0.0000,Kr:      0.0000
[I](2020-07-29  09:36:52 am)    Taper_Ar:      0.0000
[I](2020-07-29  09:37:31 am)작업중 정지 [d:1][t:00:00:39]
[I](2020-07-29  09:37:31 am)    [LNo:0001] 000045/000187
[I](2020-07-29  09:37:31 am)작업중 M코드정지 [d:1][t:00:00:39]
[I](2020-07-29  09:39:15 am)Reset
[I](2020-07-29  09:39:15 am)Reset
[I](2020-07-29  09:39:23 am)작업 시작 [Start d:1533]
[I](2020-07-29  09:39:23 am)Nc File: [No.0001-689.NC *]
[I](2020-07-29  09:39:23 am)  * Start Machine Position
[I](2020-07-29  09:39:23 am)    X:     20.1635
[I](2020-07-29  09:39:23 am)    Y:   -356.5101
[I](2020-07-29  09:39:23 am)    U:      0.0000
[I](2020-07-29  09:39:23 am)    V:      0.0000
[I](2020-07-29  09:39:23 am)    Z:     33.1761
[I](2020-07-29  09:39:23 am)  * Angle
[I](2020-07-29  09:39:23 am)    Ar:      0.0000,Kr:      0.0000
[I](2020-07-29  09:39:23 am)    Taper_Ar:      0.0000
[I](2020-07-29  09:40:01 am)작업중 정지 [d:0][t:00:00:38]
[I](2020-07-29  09:40:01 am)    [LNo:0001] 000045/000187
[I](2020-07-29  09:40:01 am)작업중 M코드정지 [d:0][t:00:00:38]
[I](2020-07-29  09:42:36 am)Reset
[I](2020-07-29  09:43:06 am)Reset
[I](2020-07-29  09:43:06 am)Reset
[I](2020-07-29  09:43:12 am)작업 시작 [Start d:1533]
[I](2020-07-29  09:43:12 am)Nc File: [No.0001-689.NC *]
[I](2020-07-29  09:43:12 am)  * Start Machine Position
[I](2020-07-29  09:43:12 am)    X:     33.6302
[I](2020-07-29  09:43:12 am)    Y:   -355.8795
[I](2020-07-29  09:43:12 am)    U:      0.0000
[I](2020-07-29  09:43:12 am)    V:      0.0000
[I](2020-07-29  09:43:12 am)    Z:     33.1761
[I](2020-07-29  09:43:12 am)  * Angle
[I](2020-07-29  09:43:12 am)    Ar:      0.0000,Kr:      0.0000
[I](2020-07-29  09:43:12 am)    Taper_Ar:      0.0000
[I](2020-07-29  09:52:16 am)작업중 정지 [d:9][t:00:09:04]
[I](2020-07-29  09:52:16 am)    [LNo:0001] 000045/000187
[I](2020-07-29  09:52:16 am)작업중 M코드정지 [d:9][t:00:09:04]
[I](2020-07-29  09:52:44 am)Reset
[I](2020-07-29  09:52:51 am)작업 시작 [Start d:1542]
[I](2020-07-29  09:52:51 am)Nc File: [No.0001-689.NC *]
[I](2020-07-29  09:52:51 am)  * Start Machine Position
[I](2020-07-29  09:52:51 am)    X:     33.6302
[I](2020-07-29  09:52:51 am)    Y:   -355.8795
[I](2020-07-29  09:52:51 am)    U:      0.0000
[I](2020-07-29  09:52:51 am)    V:      0.0000
[I](2020-07-29  09:52:51 am)    Z:     33.1761
[I](2020-07-29  09:52:51 am)  * Angle
[I](2020-07-29  09:52:51 am)    Ar:      0.0000,Kr:      0.0000
[I](2020-07-29  09:52:51 am)    Taper_Ar:      0.0000
[I](2020-07-29  09:53:59 am)작업중 정지 [d:1][t:00:01:07]
[I](2020-07-29  09:53:59 am)    [LNo:0001] 000046/000187
[I](2020-07-29  09:53:59 am)작업중 M코드정지 [d:1][t:00:01:07]
[A](2020-07-29  10:04:47 am)[036] 자동결선 절단 공정 실패!!
[I](2020-07-29  10:05:14 am)Reset
[I](2020-07-29  10:05:39 am)Reset
[I](2020-07-29  10:05:39 am)Reset
[I](2020-07-29  10:05:44 am)작업 시작 [Start d:1543]
[I](2020-07-29  10:05:44 am)Nc File: [No.0001-689.NC *]
[I](2020-07-29  10:05:44 am)  * Start Machine Position
[I](2020-07-29  10:05:44 am)    X:     47.6061
[I](2020-07-29  10:05:44 am)    Y:   -354.5778
[I](2020-07-29  10:05:44 am)    U:      0.0000
[I](2020-07-29  10:05:44 am)    V:      0.0000
[I](2020-07-29  10:05:44 am)    Z:     33.1761
[I](2020-07-29  10:05:44 am)  * Angle
[I](2020-07-29  10:05:44 am)    Ar:      0.0000,Kr:      0.0000
[I](2020-07-29  10:05:44 am)    Taper_Ar:      0.0000
[I](2020-07-29  10:12:10 am)작업중 정지 [d:6][t:00:06:25]
[I](2020-07-29  10:12:10 am)    [LNo:0001] 000045/000187
[I](2020-07-29  10:12:10 am)작업중 M코드정지 [d:6][t:00:06:26]
[I](2020-07-29  10:13:18 am)Reset
[I](2020-07-29  10:13:25 am)작업 시작 [Start d:1549]
[I](2020-07-29  10:13:25 am)Nc File: [No.0001-689.NC *]
[I](2020-07-29  10:13:25 am)  * Start Machine Position
[I](2020-07-29  10:13:25 am)    X:     47.6061
[I](2020-07-29  10:13:25 am)    Y:   -354.5778
[I](2020-07-29  10:13:25 am)    U:      0.0000
[I](2020-07-29  10:13:25 am)    V:      0.0000
[I](2020-07-29  10:13:25 am)    Z:     33.1761
[I](2020-07-29  10:13:25 am)  * Angle
[I](2020-07-29  10:13:25 am)    Ar:      0.0000,Kr:      0.0000
[I](2020-07-29  10:13:25 am)    Taper_Ar:      0.0000
[I](2020-07-29  10:14:32 am)작업중 정지 [d:1][t:00:01:06]
[I](2020-07-29  10:14:32 am)    [LNo:0001] 000045/000187
[I](2020-07-29  10:14:32 am)작업중 M코드정지 [d:1][t:00:01:06]
[I](2020-07-29  10:20:43 am)Reset
[I](2020-07-29  10:20:53 am)Reset
[I](2020-07-29  10:21:17 am)Reset
[I](2020-07-29  10:21:18 am)Reset
[I](2020-07-29  10:21:21 am)작업 시작 [Start d:1550]
[I](2020-07-29  10:21:21 am)Nc File: [No.0001-689.NC *]
[I](2020-07-29  10:21:21 am)  * Start Machine Position
[I](2020-07-29  10:21:21 am)    X:     61.1058
[I](2020-07-29  10:21:21 am)    Y:   -354.4667
[I](2020-07-29  10:21:21 am)    U:      0.0000
[I](2020-07-29  10:21:21 am)    V:      0.0000
[I](2020-07-29  10:21:21 am)    Z:     33.1761
[I](2020-07-29  10:21:21 am)  * Angle
[I](2020-07-29  10:21:21 am)    Ar:      0.0000,Kr:      0.0000
[I](2020-07-29  10:21:21 am)    Taper_Ar:      0.0000
[I](2020-07-29  10:27:51 am)작업중 정지 [d:6][t:00:06:30]
[I](2020-07-29  10:27:51 am)    [LNo:0001] 000045/000187
[I](2020-07-29  10:27:51 am)작업중 M코드정지 [d:6][t:00:06:30]
[I](2020-07-29  10:28:05 am)Reset
[I](2020-07-29  10:28:11 am)작업 시작 [Start d:1556]
[I](2020-07-29  10:28:11 am)Nc File: [No.0001-689.NC *]
[I](2020-07-29  10:28:11 am)  * Start Machine Position
[I](2020-07-29  10:28:11 am)    X:     61.1058
[I](2020-07-29  10:28:11 am)    Y:   -354.4667
[I](2020-07-29  10:28:11 am)    U:      0.0000
[I](2020-07-29  10:28:11 am)    V:      0.0000
[I](2020-07-29  10:28:11 am)    Z:     33.1761
[I](2020-07-29  10:28:11 am)  * Angle
[I](2020-07-29  10:28:11 am)    Ar:      0.0000,Kr:      0.0000
[I](2020-07-29  10:28:11 am)    Taper_Ar:      0.0000
[I](2020-07-29  10:29:18 am)작업중 정지 [d:1][t:00:01:06]
[I](2020-07-29  10:29:18 am)    [LNo:0001] 000045/000187
[I](2020-07-29  10:29:18 am)작업중 M코드정지 [d:1][t:00:01:06]
[I](2020-07-29  11:07:31 am)Reset
[I](2020-07-29  11:07:34 am)Reset
[I](2020-07-29  11:07:35 am)Reset
[I](2020-07-29  11:09:36 am)Reset
[I](2020-07-29  11:13:30 am)Reset
[I](2020-07-29  11:13:32 am)Reset
[A](2020-07-29  11:13:51 am)[037] 자동결선 잔여 WIRE 처리 실패!!
[I](2020-07-29  11:14:07 am)Reset
[I](2020-07-29  11:16:01 am)작업 시작 [Start d:1557]
[I](2020-07-29  11:16:01 am)Nc File: [No.0002-309.NC]
[I](2020-07-29  11:16:01 am)  * Start Machine Position
[I](2020-07-29  11:16:01 am)    X:    148.9246
[I](2020-07-29  11:16:01 am)    Y:   -324.6917
[I](2020-07-29  11:16:01 am)    U:      0.0000
[I](2020-07-29  11:16:01 am)    V:      0.0000
[I](2020-07-29  11:16:01 am)    Z:     16.5871
[I](2020-07-29  11:16:01 am)  * Angle
[I](2020-07-29  11:16:01 am)    Ar:     -0.0086,Kr:      0.0000
[I](2020-07-29  11:16:01 am)    Taper_Ar:      0.0000
[I](2020-07-29  11:16:34 am)작업중 정지 [d:-1557][t:00:00:32]
[I](2020-07-29  11:16:34 am)    [LNo:0002] 037073/037099
[A](2020-07-29  11:16:38 am)[091] Auto Door Sensor Abnormal
[A](2020-07-29  11:16:38 am)[091] Auto Door Sensor Abnormal
[A](2020-07-29  11:16:39 am)[091] Auto Door Sensor Abnormal
[I](2020-07-29  11:18:02 am)Reset
[I](2020-07-29  11:18:02 am)Reset
[I](2020-07-29  11:18:12 am)Reset
[I](2020-07-29  11:18:28 am)작업 시작 [Start d:0]
[I](2020-07-29  11:18:28 am)Nc File: [No.0002-309.NC]
[I](2020-07-29  11:18:28 am)  * Start Machine Position
[I](2020-07-29  11:18:28 am)    X:    148.8247
[I](2020-07-29  11:18:28 am)    Y:   -324.4917
[I](2020-07-29  11:18:28 am)    U:      0.0000
[I](2020-07-29  11:18:28 am)    V:      0.0000
[I](2020-07-29  11:18:28 am)    Z:     16.5871
[I](2020-07-29  11:18:28 am)  * Angle
[I](2020-07-29  11:18:28 am)    Ar:     -0.0086,Kr:      0.0000
[I](2020-07-29  11:18:28 am)    Taper_Ar:      0.0000
[I](2020-07-29  11:18:44 am)작업중 정지 [d:0][t:00:00:16]
[I](2020-07-29  11:18:44 am)    [LNo:0002] 000010/037099
[I](2020-07-29  11:18:44 am)작업중 M코드정지 [d:0][t:00:00:16]
[I](2020-07-29  11:20:57 am)Reset
[I](2020-07-29  11:23:34 am)Reset
[I](2020-07-29  11:23:34 am)Reset
[I](2020-07-29  11:23:44 am)Reset
[I](2020-07-29  11:24:21 am)Reset
[I](2020-07-29  11:24:45 am)작업 시작 [Start d:0]
[I](2020-07-29  11:24:45 am)Nc File: [No.0002-309.NC]
[I](2020-07-29  11:24:45 am)  * Start Machine Position
[I](2020-07-29  11:24:45 am)    X:    148.8247
[I](2020-07-29  11:24:45 am)    Y:   -324.4917
[I](2020-07-29  11:24:45 am)    U:      0.0000
[I](2020-07-29  11:24:45 am)    V:      0.0000
[I](2020-07-29  11:24:45 am)    Z:     16.5871
[I](2020-07-29  11:24:45 am)  * Angle
[I](2020-07-29  11:24:45 am)    Ar:     -0.0086,Kr:      0.0000
[I](2020-07-29  11:24:45 am)    Taper_Ar:      0.0000
[I](2020-07-29  11:42:03 am)작업중 정지 [d:13][t:00:17:18]
[I](2020-07-29  11:42:03 am)    [LNo:0002] 000473/037099
[I](2020-07-29  11:42:25 am)작업 재시작
[I](2020-07-29  06:34:15 pm)작업중 정지 [d:365][t:07:09:29]
[I](2020-07-29  06:34:15 pm)    [LNo:0002] 012184/037099
[A](2020-07-29  06:34:15 pm)[008] 작업중 단선(AWF Feed Motor Stop )
[I](2020-07-29  06:34:15 pm)작업중 Wire 단선 [d:365][t:07:09:30]
[I](2020-07-29  06:34:26 pm)작업 재시작
