[I](2020-04-15  12:07:43 am)작업중 정지 [d:49][t:01:00:48]
[I](2020-04-15  12:07:43 am)    [LNo:0002] 000136/001449
[I](2020-04-15  12:07:43 am)작업중 M코드정지 [d:49][t:01:00:48]
[I](2020-04-15  12:08:25 am)작업중 정지 [d:49][t:01:01:31]
[I](2020-04-15  12:08:25 am)    [LNo:0002] 000138/001449
[I](2020-04-15  12:08:55 am)작업 재시작
[I](2020-04-15  12:09:01 am)작업중 정지 [d:49][t:01:02:07]
[I](2020-04-15  12:09:01 am)    [LNo:0002] 000140/001449
[I](2020-04-15  12:09:01 am)작업중 M코드정지 [d:49][t:01:02:07]
[I](2020-04-15  12:22:42 am)작업중 정지 [d:61][t:01:15:48]
[I](2020-04-15  12:22:42 am)    [LNo:0002] 000170/001449
[I](2020-04-15  12:22:42 am)작업중 M코드정지 [d:61][t:01:15:48]
[I](2020-04-15  12:24:31 am)작업중 정지 [d:61][t:01:17:36]
[I](2020-04-15  12:24:31 am)    [LNo:0002] 000172/001449
[I](2020-04-15  12:25:10 am)작업 재시작
[I](2020-04-15  12:25:14 am)작업중 정지 [d:61][t:01:18:20]
[I](2020-04-15  12:25:14 am)    [LNo:0002] 000174/001449
[I](2020-04-15  12:25:14 am)작업중 M코드정지 [d:61][t:01:18:20]
[I](2020-04-15  12:26:06 am)작업중 정지 [d:61][t:01:19:11]
[I](2020-04-15  12:26:06 am)    [LNo:0002] 000183/001449
[A](2020-04-15  12:26:06 am)[009] 자동결선 Error(M20-삽입실패)
[I](2020-04-15  12:39:47 am)작업중 정지 [d:73][t:01:32:53]
[I](2020-04-15  12:39:47 am)    [LNo:0002] 000204/001449
[I](2020-04-15  12:39:47 am)작업중 M코드정지 [d:73][t:01:32:53]
[I](2020-04-15  12:41:29 am)작업중 정지 [d:73][t:01:34:34]
[I](2020-04-15  12:41:29 am)    [LNo:0002] 000206/001449
[I](2020-04-15  12:44:29 am)작업 재시작
[I](2020-04-15  12:44:33 am)작업중 정지 [d:73][t:01:37:38]
[I](2020-04-15  12:44:33 am)    [LNo:0002] 000208/001449
[I](2020-04-15  12:44:33 am)작업중 M코드정지 [d:73][t:01:37:39]
[I](2020-04-15  12:57:38 am)작업중 정지 [d:85][t:01:50:43]
[I](2020-04-15  12:57:38 am)    [LNo:0002] 000238/001449
[I](2020-04-15  12:57:38 am)작업중 M코드정지 [d:85][t:01:50:43]
[A](2020-04-15  12:59:45 am)[091] Auto Door Sensor Abnormal
[I](2020-04-15  01:00:02 am)작업중 정지 [d:85][t:01:53:08]
[I](2020-04-15  01:00:02 am)    [LNo:0002] 000240/001449
[I](2020-04-15  01:00:34 am)작업 재시작
[I](2020-04-15  01:00:39 am)작업중 정지 [d:85][t:01:53:45]
[I](2020-04-15  01:00:39 am)    [LNo:0002] 000242/001449
[I](2020-04-15  01:00:39 am)작업중 M코드정지 [d:85][t:01:53:45]
[I](2020-04-15  01:13:35 am)작업중 정지 [d:97][t:02:06:41]
[I](2020-04-15  01:13:35 am)    [LNo:0002] 000272/001449
[I](2020-04-15  01:13:35 am)작업중 M코드정지 [d:97][t:02:06:41]
[I](2020-04-15  01:14:26 am)작업중 정지 [d:97][t:02:07:32]
[I](2020-04-15  01:14:26 am)    [LNo:0002] 000274/001449
[I](2020-04-15  01:14:57 am)작업 재시작
[I](2020-04-15  01:15:02 am)작업중 정지 [d:97][t:02:08:08]
[I](2020-04-15  01:15:02 am)    [LNo:0002] 000276/001449
[I](2020-04-15  01:15:02 am)작업중 M코드정지 [d:97][t:02:08:08]
[I](2020-04-15  01:47:48 am)작업중 정지 [d:128][t:02:40:53]
[I](2020-04-15  01:47:48 am)    [LNo:0002] 000327/001449
[I](2020-04-15  01:47:48 am)작업중 M코드정지 [d:128][t:02:40:53]
[I](2020-04-15  01:56:24 am)작업중 정지 [d:128][t:02:49:30]
[I](2020-04-15  01:56:24 am)    [LNo:0002] 000328/001449
[I](2020-04-15  01:57:05 am)작업 재시작
[I](2020-04-15  01:57:09 am)작업중 정지 [d:129][t:02:50:14]
[I](2020-04-15  01:57:09 am)    [LNo:0002] 000329/001449
[I](2020-04-15  01:57:09 am)작업중 M코드정지 [d:129][t:02:50:15]
[I](2020-04-15  01:57:12 am)작업중 정지 [d:129][t:02:50:18]
[I](2020-04-15  01:57:12 am)    [LNo:0002] 000331/001449
[I](2020-04-15  01:57:13 am)작업 재시작
[I](2020-04-15  02:18:28 am)작업중 정지 [d:149][t:03:11:33]
[I](2020-04-15  02:18:28 am)    [LNo:0002] 000380/001449
[I](2020-04-15  02:18:28 am)작업중 30sec 접촉 정지 [d:149][t:03:11:33]
[I](2020-04-15  02:19:47 am)작업 재시작
[I](2020-04-15  02:19:59 am)작업중 정지 [d:149][t:03:13:05]
[I](2020-04-15  02:19:59 am)    [LNo:0002] 000382/001449
[I](2020-04-15  02:19:59 am)작업중 M코드정지 [d:149][t:03:13:05]
[I](2020-04-15  02:20:53 am)작업중 정지 [d:149][t:03:13:58]
[I](2020-04-15  02:20:53 am)    [LNo:0002] 000384/001449
[I](2020-04-15  02:20:53 am)작업중 M코드정지 [d:149][t:03:13:58]
[I](2020-04-15  02:41:58 am)작업중 정지 [d:169][t:03:35:04]
[I](2020-04-15  02:41:58 am)    [LNo:0002] 000440/001449
[I](2020-04-15  02:41:58 am)작업중 M코드정지 [d:169][t:03:35:04]
[I](2020-04-15  02:45:04 am)작업중 정지 [d:169][t:03:38:09]
[I](2020-04-15  02:45:04 am)    [LNo:0002] 000441/001449
[I](2020-04-15  02:45:37 am)작업 재시작
[I](2020-04-15  02:45:48 am)작업중 정지 [d:169][t:03:38:54]
[I](2020-04-15  02:45:48 am)    [LNo:0002] 000443/001449
[I](2020-04-15  02:45:48 am)작업중 M코드정지 [d:169][t:03:38:54]
[I](2020-04-15  02:56:04 am)작업중 정지 [d:178][t:03:49:10]
[I](2020-04-15  02:56:04 am)    [LNo:0002] 000473/001449
[I](2020-04-15  02:56:04 am)작업중 M코드정지 [d:178][t:03:49:10]
[I](2020-04-15  03:03:03 am)작업중 정지 [d:178][t:03:56:08]
[I](2020-04-15  03:03:03 am)    [LNo:0002] 000474/001449
[I](2020-04-15  03:05:07 am)작업 재시작
[I](2020-04-15  03:05:11 am)작업중 정지 [d:179][t:03:58:17]
[I](2020-04-15  03:05:11 am)    [LNo:0002] 000476/001449
[I](2020-04-15  03:05:11 am)작업중 M코드정지 [d:179][t:03:58:17]
[I](2020-04-15  03:27:40 am)작업중 정지 [d:200][t:04:20:46]
[I](2020-04-15  03:27:40 am)    [LNo:0002] 000521/001449
[I](2020-04-15  03:27:40 am)작업중 M코드정지 [d:200][t:04:20:46]
[I](2020-04-15  03:29:25 am)작업중 정지 [d:200][t:04:22:31]
[I](2020-04-15  03:29:25 am)    [LNo:0002] 000523/001449
[I](2020-04-15  03:29:56 am)작업 재시작
[I](2020-04-15  03:30:00 am)작업중 정지 [d:200][t:04:23:05]
[I](2020-04-15  03:30:00 am)    [LNo:0002] 000525/001449
[I](2020-04-15  03:30:00 am)작업중 M코드정지 [d:200][t:04:23:05]
[I](2020-04-15  04:16:09 am)작업중 정지 [d:245][t:05:09:15]
[I](2020-04-15  04:16:09 am)    [LNo:0002] 000575/001449
[I](2020-04-15  04:16:09 am)작업중 M코드정지 [d:245][t:05:09:15]
[I](2020-04-15  04:16:43 am)작업중 정지 [d:245][t:05:09:49]
[I](2020-04-15  04:16:43 am)    [LNo:0002] 000577/001449
[I](2020-04-15  04:17:22 am)작업 재시작
[I](2020-04-15  04:17:26 am)작업중 정지 [d:245][t:05:10:31]
[I](2020-04-15  04:17:26 am)    [LNo:0002] 000579/001449
[I](2020-04-15  04:17:26 am)작업중 M코드정지 [d:245][t:05:10:31]
[I](2020-04-15  04:47:11 am)작업중 정지 [d:274][t:05:40:16]
[I](2020-04-15  04:47:11 am)    [LNo:0002] 000629/001449
[I](2020-04-15  04:47:11 am)작업중 M코드정지 [d:274][t:05:40:16]
[I](2020-04-15  05:09:02 am)작업중 정지 [d:274][t:06:02:08]
[I](2020-04-15  05:09:02 am)    [LNo:0002] 000631/001449
[I](2020-04-15  05:09:32 am)작업 재시작
[I](2020-04-15  05:09:37 am)작업중 정지 [d:274][t:06:02:42]
[I](2020-04-15  05:09:37 am)    [LNo:0002] 000633/001449
[I](2020-04-15  05:09:37 am)작업중 M코드정지 [d:274][t:06:02:42]
[I](2020-04-15  05:31:25 am)작업중 정지 [d:295][t:06:24:31]
[I](2020-04-15  05:31:25 am)    [LNo:0002] 000679/001449
[I](2020-04-15  05:31:25 am)작업중 M코드정지 [d:295][t:06:24:31]
[I](2020-04-15  05:32:35 am)작업중 정지 [d:295][t:06:25:41]
[I](2020-04-15  05:32:35 am)    [LNo:0002] 000681/001449
[I](2020-04-15  05:33:05 am)작업 재시작
[I](2020-04-15  05:33:10 am)작업중 정지 [d:296][t:06:26:15]
[I](2020-04-15  05:33:10 am)    [LNo:0002] 000683/001449
[I](2020-04-15  05:33:10 am)작업중 M코드정지 [d:296][t:06:26:15]
[I](2020-04-15  05:54:35 am)작업중 정지 [d:316][t:06:47:40]
[I](2020-04-15  05:54:35 am)    [LNo:0002] 000715/001449
[I](2020-04-15  05:54:35 am)작업중 M코드정지 [d:316][t:06:47:40]
[I](2020-04-15  06:00:58 am)작업중 정지 [d:316][t:06:54:03]
[I](2020-04-15  06:00:58 am)    [LNo:0002] 000717/001449
[I](2020-04-15  06:01:31 am)작업 재시작
[I](2020-04-15  06:01:35 am)작업중 정지 [d:316][t:06:54:41]
[I](2020-04-15  06:01:35 am)    [LNo:0002] 000719/001449
[I](2020-04-15  06:01:35 am)작업중 M코드정지 [d:316][t:06:54:41]
[I](2020-04-15  06:12:27 am)작업중 정지 [d:326][t:07:05:33]
[I](2020-04-15  06:12:27 am)    [LNo:0002] 000742/001449
[I](2020-04-15  06:12:27 am)작업중 M코드정지 [d:326][t:07:05:33]
[I](2020-04-15  06:15:48 am)작업중 정지 [d:326][t:07:08:54]
[I](2020-04-15  06:15:48 am)    [LNo:0002] 000743/001449
[I](2020-04-15  06:16:19 am)작업 재시작
[I](2020-04-15  06:16:23 am)작업중 정지 [d:326][t:07:09:29]
[I](2020-04-15  06:16:23 am)    [LNo:0002] 000745/001449
[I](2020-04-15  06:16:23 am)작업중 M코드정지 [d:326][t:07:09:29]
[I](2020-04-15  06:37:33 am)작업중 정지 [d:346][t:07:30:39]
[I](2020-04-15  06:37:33 am)    [LNo:0002] 000770/001449
[I](2020-04-15  06:37:33 am)작업중 M코드정지 [d:346][t:07:30:39]
[I](2020-04-15  06:41:26 am)작업중 정지 [d:346][t:07:34:31]
[I](2020-04-15  06:41:26 am)    [LNo:0002] 000771/001449
[I](2020-04-15  06:42:08 am)작업 재시작
[I](2020-04-15  06:42:14 am)작업중 정지 [d:346][t:07:35:19]
[I](2020-04-15  06:42:14 am)    [LNo:0002] 000773/001449
[I](2020-04-15  06:42:14 am)작업중 M코드정지 [d:346][t:07:35:19]
[I](2020-04-15  07:03:19 am)작업중 정지 [d:366][t:07:56:24]
[I](2020-04-15  07:03:19 am)    [LNo:0002] 000798/001449
[I](2020-04-15  07:03:19 am)작업중 M코드정지 [d:366][t:07:56:24]
[A](2020-04-15  07:23:31 am)[091] Auto Door Sensor Abnormal
[I](2020-04-15  07:23:56 am)작업중 정지 [d:366][t:08:17:02]
[I](2020-04-15  07:23:56 am)    [LNo:0002] 000799/001449
[I](2020-04-15  07:24:29 am)작업 재시작
[I](2020-04-15  07:24:34 am)작업중 정지 [d:366][t:08:17:39]
[I](2020-04-15  07:24:34 am)    [LNo:0002] 000801/001449
[I](2020-04-15  07:24:34 am)작업중 M코드정지 [d:366][t:08:17:39]
[I](2020-04-15  07:37:59 am)작업중 정지 [d:378][t:08:31:04]
[I](2020-04-15  07:37:59 am)    [LNo:0002] 000825/001449
[I](2020-04-15  07:37:59 am)작업중 M코드정지 [d:378][t:08:31:04]
[I](2020-04-15  07:42:33 am)작업중 정지 [d:378][t:08:35:38]
[I](2020-04-15  07:42:33 am)    [LNo:0002] 000827/001449
[I](2020-04-15  07:42:57 am)작업 재시작
[I](2020-04-15  07:43:10 am)작업중 정지 [d:379][t:08:36:16]
[I](2020-04-15  07:43:10 am)    [LNo:0002] 000829/001449
[I](2020-04-15  07:43:10 am)작업중 M코드정지 [d:379][t:08:36:16]
[I](2020-04-15  08:03:48 am)작업중 정지 [d:398][t:08:56:53]
[I](2020-04-15  08:03:48 am)    [LNo:0002] 000854/001449
[I](2020-04-15  08:03:48 am)작업중 M코드정지 [d:398][t:08:56:53]
[I](2020-04-15  08:07:06 am)작업중 정지 [d:398][t:09:00:11]
[I](2020-04-15  08:07:06 am)    [LNo:0002] 000855/001449
[I](2020-04-15  08:07:46 am)작업 재시작
[I](2020-04-15  08:07:51 am)작업중 정지 [d:398][t:09:00:57]
[I](2020-04-15  08:07:51 am)    [LNo:0002] 000857/001449
[I](2020-04-15  08:07:51 am)작업중 M코드정지 [d:398][t:09:00:57]
[I](2020-04-15  08:28:50 am)작업중 정지 [d:417][t:09:21:56]
[I](2020-04-15  08:28:50 am)    [LNo:0002] 000882/001449
[I](2020-04-15  08:28:50 am)작업중 M코드정지 [d:417][t:09:21:56]
[I](2020-04-15  08:39:09 am)작업중 정지 [d:418][t:09:32:15]
[I](2020-04-15  08:39:09 am)    [LNo:0002] 000883/001449
[I](2020-04-15  08:39:58 am)작업 재시작
[I](2020-04-15  08:40:02 am)작업중 정지 [d:418][t:09:33:07]
[I](2020-04-15  08:40:02 am)    [LNo:0002] 000885/001449
[I](2020-04-15  08:40:02 am)작업중 M코드정지 [d:418][t:09:33:08]
[I](2020-04-15  08:53:01 am)작업중 정지 [d:429][t:09:46:06]
[I](2020-04-15  08:53:01 am)    [LNo:0002] 000909/001449
[I](2020-04-15  08:53:01 am)작업중 M코드정지 [d:429][t:09:46:06]
[I](2020-04-15  08:56:07 am)작업중 정지 [d:430][t:09:49:12]
[I](2020-04-15  08:56:07 am)    [LNo:0002] 000911/001449
[I](2020-04-15  08:56:47 am)작업 재시작
[I](2020-04-15  08:56:53 am)작업중 정지 [d:430][t:09:49:59]
[I](2020-04-15  08:56:53 am)    [LNo:0002] 000913/001449
[I](2020-04-15  08:56:53 am)작업중 M코드정지 [d:430][t:09:49:59]
[I](2020-04-15  09:09:13 am)작업중 정지 [d:440][t:10:02:18]
[I](2020-04-15  09:09:13 am)    [LNo:0002] 001004/001449
[I](2020-04-15  09:09:13 am)작업중 M코드정지 [d:440][t:10:02:18]
[I](2020-04-15  09:40:48 am)작업중 정지 [d:465][t:10:33:54]
[I](2020-04-15  09:40:48 am)    [LNo:0002] 001161/001449
[I](2020-04-15  09:40:48 am)작업중 M코드정지 [d:465][t:10:33:54]
[I](2020-04-15  09:47:40 am)작업중 정지 [d:470][t:10:40:45]
[I](2020-04-15  09:47:40 am)    [LNo:0002] 001197/001449
[I](2020-04-15  10:05:16 am)작업중 정지 [d:484][t:10:58:21]
[I](2020-04-15  10:05:16 am)    [LNo:0002] 001283/001449
[I](2020-04-15  10:05:16 am)작업중 M코드정지 [d:484][t:10:58:21]
[I](2020-04-15  10:41:19 am)작업중 정지 [d:511][t:11:34:25]
[I](2020-04-15  10:41:19 am)    [LNo:0002] 001445/001449
[I](2020-04-15  10:41:19 am)작업중 M코드정지 [d:511][t:11:34:25]
[A](2020-04-15  10:45:30 am)[084] Work Tank Fluid Sensor Abnormal
[A](2020-04-15  10:45:30 am)[084] Work Tank Fluid Sensor Abnormal
[A](2020-04-15  10:45:31 am)[084] Work Tank Fluid Sensor Abnormal
[A](2020-04-15  10:45:31 am)[084] Work Tank Fluid Sensor Abnormal
[I](2020-04-15  10:49:31 am)Reset
[I](2020-04-15  10:49:31 am)Reset
[I](2020-04-15  10:49:41 am)Reset
[I](2020-04-15  11:00:30 am)Reset
[I](2020-04-15  11:00:30 am)Reset
[I](2020-04-15  11:00:48 am)Reset
[I](2020-04-15  11:00:49 am)Reset
[I](2020-04-15  11:01:14 am)Reset
[I](2020-04-15  11:04:30 am)작업 시작 [Start d:1329]
[I](2020-04-15  11:04:30 am)Nc File: [No.0003-572.NC]
[I](2020-04-15  11:04:30 am)  * Start Machine Position
[I](2020-04-15  11:04:30 am)    X:     54.9798
[I](2020-04-15  11:04:30 am)    Y:   -342.4558
[I](2020-04-15  11:04:30 am)    U:     -0.0600
[I](2020-04-15  11:04:30 am)    V:      0.0094
[I](2020-04-15  11:04:30 am)    Z:     47.3612
[I](2020-04-15  11:04:30 am)  * Angle
[I](2020-04-15  11:04:30 am)    Ar:      0.4794,Kr:      0.0000
[I](2020-04-15  11:04:30 am)    Taper_Ar:      0.0000
[I](2020-04-15  11:04:32 am)작업중 정지 [d:0][t:00:00:02]
[I](2020-04-15  11:04:32 am)    [LNo:0003] 000380/000652
[I](2020-04-15  11:04:32 am)작업중 M코드정지 [d:0][t:00:00:02]
[I](2020-04-15  11:04:33 am)작업중 정지 [d:0][t:00:00:03]
[I](2020-04-15  11:04:33 am)    [LNo:0003] 000383/000652
[I](2020-04-15  11:04:34 am)작업중 M코드정지 [d:0][t:00:00:03]
[I](2020-04-15  11:04:34 am)작업중 정지 [d:0][t:00:00:04]
[I](2020-04-15  11:04:34 am)    [LNo:0003] 000385/000652
[I](2020-04-15  11:04:34 am)작업중 M코드정지 [d:0][t:00:00:04]
[I](2020-04-15  11:10:09 am)작업중 정지 [d:6][t:00:05:38]
[I](2020-04-15  11:10:09 am)    [LNo:0003] 000407/000652
[I](2020-04-15  11:10:27 am)작업 재시작
[I](2020-04-15  11:10:31 am)작업중 정지 [d:6][t:00:06:00]
[I](2020-04-15  11:10:31 am)    [LNo:0003] 000408/000652
[I](2020-04-15  11:10:31 am)작업중 M코드정지 [d:6][t:00:06:00]
[I](2020-04-15  11:10:46 am)작업중 정지 [d:6][t:00:06:16]
[I](2020-04-15  11:10:46 am)    [LNo:0003] 000410/000652
[I](2020-04-15  11:10:46 am)작업중 M코드정지 [d:6][t:00:06:16]
[I](2020-04-15  11:12:57 am)작업중 정지 [d:7][t:00:08:27]
[I](2020-04-15  11:12:57 am)    [LNo:0003] 000432/000652
[I](2020-04-15  11:12:57 am)작업중 M코드정지 [d:7][t:00:08:27]
[A](2020-04-15  11:13:27 am)[084] Work Tank Fluid Sensor Abnormal
[I](2020-04-15  11:14:09 am)Reset
[I](2020-04-15  11:14:20 am)Reset
[I](2020-04-15  11:21:58 am)Reset
[I](2020-04-15  11:22:48 am)작업 시작 [Start d:1336]
[I](2020-04-15  11:22:48 am)Nc File: [No.0003-572.NC]
[I](2020-04-15  11:22:48 am)  * Start Machine Position
[I](2020-04-15  11:22:48 am)    X:     55.6670
[I](2020-04-15  11:22:48 am)    Y:   -342.4240
[I](2020-04-15  11:22:48 am)    U:     -0.1471
[I](2020-04-15  11:22:48 am)    V:      0.0187
[I](2020-04-15  11:22:48 am)    Z:     47.3612
[I](2020-04-15  11:22:48 am)  * Angle
[I](2020-04-15  11:22:48 am)    Ar:      0.4791,Kr:      0.0000
[I](2020-04-15  11:22:48 am)    Taper_Ar:      0.0000
[I](2020-04-15  11:22:56 am)작업중 정지 [d:0][t:00:00:07]
[I](2020-04-15  11:22:56 am)    [LNo:0003] 000451/000652
[I](2020-04-15  11:22:56 am)작업중 M코드정지 [d:0][t:00:00:07]
[I](2020-04-15  11:22:58 am)작업중 정지 [d:0][t:00:00:09]
[I](2020-04-15  11:22:58 am)    [LNo:0003] 000454/000652
[I](2020-04-15  11:22:58 am)작업중 M코드정지 [d:0][t:00:00:09]
[I](2020-04-15  11:23:00 am)작업중 정지 [d:0][t:00:00:11]
[I](2020-04-15  11:23:00 am)    [LNo:0003] 000456/000652
[I](2020-04-15  11:23:00 am)작업중 M코드정지 [d:0][t:00:00:11]
[I](2020-04-15  11:23:11 am)작업중 정지 [d:0][t:00:00:22]
[I](2020-04-15  11:23:11 am)    [LNo:0003] 000466/000652
[I](2020-04-15  11:29:53 am)작업중 정지 [d:5][t:00:07:04]
[I](2020-04-15  11:29:53 am)    [LNo:0003] 000479/000652
[I](2020-04-15  11:29:53 am)작업중 M코드정지 [d:5][t:00:07:04]
[I](2020-04-15  11:30:12 am)작업중 정지 [d:5][t:00:07:23]
[I](2020-04-15  11:30:12 am)    [LNo:0003] 000481/000652
[I](2020-04-15  11:30:12 am)작업중 M코드정지 [d:5][t:00:07:23]
[I](2020-04-15  11:32:02 am)작업중 정지 [d:6][t:00:09:13]
[I](2020-04-15  11:32:02 am)    [LNo:0003] 000503/000652
[I](2020-04-15  11:32:02 am)작업중 M코드정지 [d:6][t:00:09:13]
[I](2020-04-15  11:34:22 am)Reset
[I](2020-04-15  11:34:35 am)Reset
[I](2020-04-15  11:38:18 am)Reset
[I](2020-04-15  11:38:18 am)Reset
[I](2020-04-15  11:40:53 am)Reset
[I](2020-04-15  11:41:09 am)Reset
[I](2020-04-15  11:41:51 am)작업 시작 [Start d:1342]
[I](2020-04-15  11:41:51 am)Nc File: [No.0003-572.NC]
[I](2020-04-15  11:41:51 am)  * Start Machine Position
[I](2020-04-15  11:41:51 am)    X:     55.8632
[I](2020-04-15  11:41:51 am)    Y:   -342.5083
[I](2020-04-15  11:41:51 am)    U:     -0.0562
[I](2020-04-15  11:41:51 am)    V:      0.0296
[I](2020-04-15  11:41:51 am)    Z:     47.3612
[I](2020-04-15  11:41:51 am)  * Angle
[I](2020-04-15  11:41:51 am)    Ar:      0.3989,Kr:      0.0000
[I](2020-04-15  11:41:51 am)    Taper_Ar:      0.0000
[I](2020-04-15  11:41:59 am)작업중 정지 [d:0][t:00:00:07]
[I](2020-04-15  11:41:59 am)    [LNo:0003] 000522/000652
[I](2020-04-15  11:41:59 am)작업중 M코드정지 [d:0][t:00:00:07]
[I](2020-04-15  11:42:01 am)작업중 정지 [d:0][t:00:00:09]
[I](2020-04-15  11:42:01 am)    [LNo:0003] 000525/000652
[I](2020-04-15  11:42:01 am)작업중 M코드정지 [d:0][t:00:00:09]
[I](2020-04-15  11:42:02 am)작업중 정지 [d:0][t:00:00:10]
[I](2020-04-15  11:42:02 am)    [LNo:0003] 000528/000652
[I](2020-04-15  11:42:02 am)작업중 M코드정지 [d:0][t:00:00:10]
[I](2020-04-15  11:48:03 am)작업중 정지 [d:5][t:00:06:11]
[I](2020-04-15  11:48:03 am)    [LNo:0003] 000550/000652
[I](2020-04-15  11:48:03 am)작업중 M코드정지 [d:5][t:00:06:11]
[I](2020-04-15  11:48:20 am)작업중 정지 [d:5][t:00:06:28]
[I](2020-04-15  11:48:20 am)    [LNo:0003] 000552/000652
[I](2020-04-15  11:48:20 am)작업중 M코드정지 [d:5][t:00:06:28]
[I](2020-04-15  11:50:10 am)작업중 정지 [d:7][t:00:08:19]
[I](2020-04-15  11:50:10 am)    [LNo:0003] 000574/000652
[I](2020-04-15  11:50:10 am)작업중 M코드정지 [d:7][t:00:08:19]
[A](2020-04-15  11:50:37 am)[084] Work Tank Fluid Sensor Abnormal
[I](2020-04-15  11:52:04 am)Reset
[I](2020-04-15  11:52:15 am)Reset
[I](2020-04-15  11:52:15 am)Reset
[I](2020-04-15  11:57:19 am)Reset
[I](2020-04-15  11:57:34 am)Reset
[I](2020-04-15  11:58:15 am)작업 시작 [Start d:1349]
[I](2020-04-15  11:58:15 am)Nc File: [No.0003-572.NC]
[I](2020-04-15  11:58:15 am)  * Start Machine Position
[I](2020-04-15  11:58:15 am)    X:     55.7092
[I](2020-04-15  11:58:15 am)    Y:   -342.4386
[I](2020-04-15  11:58:15 am)    U:     -0.0769
[I](2020-04-15  11:58:15 am)    V:     -0.0005
[I](2020-04-15  11:58:15 am)    Z:     47.3612
[I](2020-04-15  11:58:15 am)  * Angle
[I](2020-04-15  11:58:15 am)    Ar:      0.4366,Kr:      0.0000
[I](2020-04-15  11:58:15 am)    Taper_Ar:      0.0000
[I](2020-04-15  11:58:23 am)작업중 정지 [d:0][t:00:00:07]
[I](2020-04-15  11:58:23 am)    [LNo:0003] 000593/000652
[I](2020-04-15  11:58:23 am)작업중 M코드정지 [d:0][t:00:00:07]
[I](2020-04-15  11:58:24 am)작업중 정지 [d:0][t:00:00:09]
[I](2020-04-15  11:58:24 am)    [LNo:0003] 000596/000652
[I](2020-04-15  11:58:24 am)작업중 M코드정지 [d:0][t:00:00:09]
[I](2020-04-15  11:58:26 am)작업중 정지 [d:0][t:00:00:11]
[I](2020-04-15  11:58:26 am)    [LNo:0003] 000598/000652
[I](2020-04-15  11:58:27 am)작업중 M코드정지 [d:0][t:00:00:11]
[I](2020-04-15  12:04:21 pm)작업중 정지 [d:6][t:00:06:05]
[I](2020-04-15  12:04:21 pm)    [LNo:0003] 000621/000652
[I](2020-04-15  12:04:21 pm)작업중 M코드정지 [d:6][t:00:06:05]
[I](2020-04-15  12:05:48 pm)작업중 정지 [d:6][t:00:07:33]
[I](2020-04-15  12:05:48 pm)    [LNo:0003] 000623/000652
[I](2020-04-15  12:05:48 pm)작업중 M코드정지 [d:6][t:00:07:33]
[I](2020-04-15  12:07:38 pm)작업중 정지 [d:8][t:00:09:23]
[I](2020-04-15  12:07:38 pm)    [LNo:0003] 000644/000652
[I](2020-04-15  12:07:38 pm)작업중 M코드정지 [d:8][t:00:09:23]
[I](2020-04-15  12:10:33 pm)Reset
[I](2020-04-15  12:10:34 pm)Reset
[I](2020-04-15  12:10:39 pm)Reset
[I](2020-04-15  12:10:50 pm)Reset
[I](2020-04-15  12:10:50 pm)Reset
[I](2020-04-15  12:13:17 pm)Reset
[I](2020-04-15  12:13:17 pm)Reset
[I](2020-04-15  12:15:37 pm)Reset
[I](2020-04-15  12:15:57 pm)Reset
[I](2020-04-15  12:15:57 pm)Reset
[I](2020-04-15  12:17:25 pm)작업 시작 [Start d:1357]
[I](2020-04-15  12:17:25 pm)Nc File: [No.0004-573.NC]
[I](2020-04-15  12:17:25 pm)  * Start Machine Position
[I](2020-04-15  12:17:25 pm)    X:     58.8982
[I](2020-04-15  12:17:25 pm)    Y:   -363.4352
[I](2020-04-15  12:17:25 pm)    U:     -0.0101
[I](2020-04-15  12:17:25 pm)    V:      0.0199
[I](2020-04-15  12:17:25 pm)    Z:     47.3612
[I](2020-04-15  12:17:25 pm)  * Angle
[I](2020-04-15  12:17:25 pm)    Ar:      0.4976,Kr:      0.0000
[I](2020-04-15  12:17:25 pm)    Taper_Ar:      0.0000
[I](2020-04-15  12:17:32 pm)작업중 정지 [d:0][t:00:00:07]
[I](2020-04-15  12:17:32 pm)    [LNo:0004] 000214/000486
[I](2020-04-15  12:17:32 pm)작업중 M코드정지 [d:0][t:00:00:07]
[I](2020-04-15  12:17:34 pm)작업중 정지 [d:0][t:00:00:09]
[I](2020-04-15  12:17:34 pm)    [LNo:0004] 000217/000486
[I](2020-04-15  12:17:34 pm)작업중 M코드정지 [d:0][t:00:00:09]
[I](2020-04-15  12:17:36 pm)작업중 정지 [d:0][t:00:00:10]
[I](2020-04-15  12:17:36 pm)    [LNo:0004] 000219/000486
[I](2020-04-15  12:17:36 pm)작업중 M코드정지 [d:0][t:00:00:11]
[I](2020-04-15  12:24:36 pm)작업중 정지 [d:6][t:00:07:11]
[I](2020-04-15  12:24:36 pm)    [LNo:0004] 000242/000486
[I](2020-04-15  12:24:36 pm)작업중 M코드정지 [d:6][t:00:07:11]
[I](2020-04-15  12:39:30 pm)작업중 정지 [d:6][t:00:22:05]
[I](2020-04-15  12:39:30 pm)    [LNo:0004] 000244/000486
[I](2020-04-15  12:39:30 pm)작업중 M코드정지 [d:6][t:00:22:05]
[I](2020-04-15  12:41:35 pm)작업중 정지 [d:8][t:00:24:10]
[I](2020-04-15  12:41:35 pm)    [LNo:0004] 000266/000486
[I](2020-04-15  12:41:35 pm)작업중 M코드정지 [d:8][t:00:24:10]
[I](2020-04-15  01:12:42 pm)Reset
[I](2020-04-15  01:12:54 pm)Reset
[I](2020-04-15  01:12:54 pm)Reset
[I](2020-04-15  01:14:10 pm)Reset
[I](2020-04-15  01:16:06 pm)Reset
[I](2020-04-15  01:16:07 pm)Reset
[I](2020-04-15  01:16:41 pm)작업 시작 [Start d:1365]
[I](2020-04-15  01:16:41 pm)Nc File: [No.0004-573.NC]
[I](2020-04-15  01:16:41 pm)  * Start Machine Position
[I](2020-04-15  01:16:41 pm)    X:     59.5142
[I](2020-04-15  01:16:41 pm)    Y:   -359.4554
[I](2020-04-15  01:16:41 pm)    U:     -0.0400
[I](2020-04-15  01:16:41 pm)    V:      0.0097
[I](2020-04-15  01:16:41 pm)    Z:     47.3612
[I](2020-04-15  01:16:41 pm)  * Angle
[I](2020-04-15  01:16:41 pm)    Ar:      0.4269,Kr:      0.0000
[I](2020-04-15  01:16:41 pm)    Taper_Ar:      0.0000
[I](2020-04-15  01:16:48 pm)작업중 정지 [d:0][t:00:00:07]
[I](2020-04-15  01:16:48 pm)    [LNo:0004] 000285/000486
[I](2020-04-15  01:16:48 pm)작업중 M코드정지 [d:0][t:00:00:07]
[I](2020-04-15  01:16:50 pm)작업중 정지 [d:0][t:00:00:09]
[I](2020-04-15  01:16:50 pm)    [LNo:0004] 000288/000486
[I](2020-04-15  01:16:50 pm)작업중 M코드정지 [d:0][t:00:00:09]
[I](2020-04-15  01:16:52 pm)작업중 정지 [d:0][t:00:00:10]
[I](2020-04-15  01:16:52 pm)    [LNo:0004] 000290/000486
[I](2020-04-15  01:16:52 pm)작업중 M코드정지 [d:0][t:00:00:11]
[I](2020-04-15  01:22:43 pm)작업중 정지 [d:5][t:00:06:02]
[I](2020-04-15  01:22:43 pm)    [LNo:0004] 000313/000486
[I](2020-04-15  01:22:43 pm)작업중 M코드정지 [d:5][t:00:06:02]
[I](2020-04-15  01:23:01 pm)작업중 정지 [d:5][t:00:06:20]
[I](2020-04-15  01:23:01 pm)    [LNo:0004] 000315/000486
[I](2020-04-15  01:23:01 pm)작업중 M코드정지 [d:5][t:00:06:20]
[I](2020-04-15  01:24:57 pm)작업중 정지 [d:6][t:00:08:16]
[I](2020-04-15  01:24:57 pm)    [LNo:0004] 000337/000486
[I](2020-04-15  01:24:57 pm)작업중 M코드정지 [d:6][t:00:08:16]
[I](2020-04-15  01:27:03 pm)Reset
[I](2020-04-15  01:27:03 pm)Reset
[I](2020-04-15  01:27:15 pm)Reset
[I](2020-04-15  01:30:55 pm)Reset
[I](2020-04-15  01:31:13 pm)Reset
[I](2020-04-15  01:31:13 pm)Reset
[I](2020-04-15  01:32:22 pm)작업 시작 [Start d:1371]
[I](2020-04-15  01:32:22 pm)Nc File: [No.0004-573.NC]
[I](2020-04-15  01:32:22 pm)  * Start Machine Position
[I](2020-04-15  01:32:22 pm)    X:     58.8217
[I](2020-04-15  01:32:22 pm)    Y:   -359.4116
[I](2020-04-15  01:32:23 pm)    U:     -0.0001
[I](2020-04-15  01:32:23 pm)    V:      0.0199
[I](2020-04-15  01:32:23 pm)    Z:     47.3612
[I](2020-04-15  01:32:23 pm)  * Angle
[I](2020-04-15  01:32:23 pm)    Ar:      0.5103,Kr:      0.0000
[I](2020-04-15  01:32:23 pm)    Taper_Ar:      0.0000
[I](2020-04-15  01:32:30 pm)작업중 정지 [d:0][t:00:00:07]
[I](2020-04-15  01:32:30 pm)    [LNo:0004] 000356/000486
[I](2020-04-15  01:32:30 pm)작업중 M코드정지 [d:0][t:00:00:07]
[I](2020-04-15  01:32:32 pm)작업중 정지 [d:0][t:00:00:09]
[I](2020-04-15  01:32:32 pm)    [LNo:0004] 000359/000486
[I](2020-04-15  01:32:33 pm)작업중 M코드정지 [d:0][t:00:00:10]
[I](2020-04-15  01:32:35 pm)작업중 정지 [d:0][t:00:00:12]
[I](2020-04-15  01:32:35 pm)    [LNo:0004] 000361/000486
[I](2020-04-15  01:32:35 pm)작업중 M코드정지 [d:0][t:00:00:12]
[I](2020-04-15  01:38:22 pm)작업중 정지 [d:5][t:00:05:59]
[I](2020-04-15  01:38:22 pm)    [LNo:0004] 000384/000486
[I](2020-04-15  01:38:22 pm)작업중 M코드정지 [d:5][t:00:05:59]
[I](2020-04-15  01:38:42 pm)작업중 정지 [d:5][t:00:06:19]
[I](2020-04-15  01:38:42 pm)    [LNo:0004] 000386/000486
[I](2020-04-15  01:38:42 pm)작업중 M코드정지 [d:5][t:00:06:19]
[I](2020-04-15  01:41:26 pm)작업중 정지 [d:7][t:00:09:03]
[I](2020-04-15  01:41:26 pm)    [LNo:0004] 000407/000486
[I](2020-04-15  01:41:26 pm)작업중 M코드정지 [d:7][t:00:09:03]
[I](2020-04-15  01:42:09 pm)Reset
[I](2020-04-15  01:42:09 pm)Reset
[I](2020-04-15  01:50:06 pm)Reset
[I](2020-04-15  01:50:33 pm)Reset
[I](2020-04-15  01:51:57 pm)작업 시작 [Start d:1378]
[I](2020-04-15  01:51:57 pm)Nc File: [No.0004-573.NC]
[I](2020-04-15  01:51:57 pm)  * Start Machine Position
[I](2020-04-15  01:51:57 pm)    X:     60.4605
[I](2020-04-15  01:51:57 pm)    Y:   -359.4056
[I](2020-04-15  01:51:57 pm)    U:      0.2817
[I](2020-04-15  01:51:57 pm)    V:      0.0323
[I](2020-04-15  01:51:57 pm)    Z:     47.3612
[I](2020-04-15  01:51:57 pm)  * Angle
[I](2020-04-15  01:51:57 pm)    Ar:      0.4818,Kr:      0.0000
[I](2020-04-15  01:51:57 pm)    Taper_Ar:      0.0000
[I](2020-04-15  01:52:04 pm)작업중 정지 [d:0][t:00:00:07]
[I](2020-04-15  01:52:04 pm)    [LNo:0004] 000427/000486
[I](2020-04-15  01:52:04 pm)작업중 M코드정지 [d:0][t:00:00:07]
[I](2020-04-15  01:52:06 pm)작업중 정지 [d:0][t:00:00:09]
[I](2020-04-15  01:52:06 pm)    [LNo:0004] 000430/000486
[I](2020-04-15  01:52:06 pm)작업중 M코드정지 [d:0][t:00:00:09]
[I](2020-04-15  01:52:08 pm)작업중 정지 [d:0][t:00:00:11]
[I](2020-04-15  01:52:08 pm)    [LNo:0004] 000432/000486
[I](2020-04-15  01:52:08 pm)작업중 M코드정지 [d:0][t:00:00:11]
[I](2020-04-15  01:57:56 pm)작업중 정지 [d:5][t:00:05:59]
[I](2020-04-15  01:57:56 pm)    [LNo:0004] 000455/000486
[I](2020-04-15  01:57:56 pm)작업중 M코드정지 [d:5][t:00:05:59]
[I](2020-04-15  01:58:14 pm)작업중 정지 [d:5][t:00:06:17]
[I](2020-04-15  01:58:14 pm)    [LNo:0004] 000457/000486
[I](2020-04-15  01:58:14 pm)작업중 M코드정지 [d:5][t:00:06:17]
[I](2020-04-15  02:00:17 pm)작업중 정지 [d:7][t:00:08:19]
[I](2020-04-15  02:00:17 pm)    [LNo:0004] 000478/000486
[I](2020-04-15  02:00:17 pm)작업중 M코드정지 [d:7][t:00:08:20]
[I](2020-04-15  02:02:04 pm)Reset
[I](2020-04-15  02:02:04 pm)Reset
[I](2020-04-15  02:02:15 pm)Reset
[I](2020-04-15  02:05:29 pm)Reset
[I](2020-04-15  02:05:29 pm)Reset
[I](2020-04-15  02:07:54 pm)Reset
[I](2020-04-15  02:08:37 pm)Reset
[I](2020-04-15  02:11:00 pm)작업 시작 [Start d:1385]
[I](2020-04-15  02:11:00 pm)Nc File: [No.0005-616.NC]
[I](2020-04-15  02:11:00 pm)  * Start Machine Position
[I](2020-04-15  02:11:00 pm)    X:     56.2111
[I](2020-04-15  02:11:00 pm)    Y:   -353.6204
[I](2020-04-15  02:11:00 pm)    U:     -0.0802
[I](2020-04-15  02:11:00 pm)    V:      0.0395
[I](2020-04-15  02:11:00 pm)    Z:     47.3612
[I](2020-04-15  02:11:00 pm)  * Angle
[I](2020-04-15  02:11:00 pm)    Ar:      0.3407,Kr:      0.0000
[I](2020-04-15  02:11:00 pm)    Taper_Ar:      0.0000
[I](2020-04-15  02:11:02 pm)작업중 정지 [d:0][t:00:00:02]
[I](2020-04-15  02:11:02 pm)    [LNo:0005] 000010/000060
[I](2020-04-15  02:11:02 pm)작업중 M코드정지 [d:0][t:00:00:02]
[I](2020-04-15  02:15:02 pm)작업중 정지 [d:3][t:00:04:02]
[I](2020-04-15  02:15:02 pm)    [LNo:0005] 000029/000060
[I](2020-04-15  02:15:02 pm)작업중 M코드정지 [d:3][t:00:04:02]
[I](2020-04-15  02:15:35 pm)작업중 정지 [d:3][t:00:04:35]
[I](2020-04-15  02:15:35 pm)    [LNo:0005] 000031/000060
[I](2020-04-15  02:15:35 pm)작업중 M코드정지 [d:3][t:00:04:35]
[I](2020-04-15  02:17:06 pm)작업중 정지 [d:4][t:00:06:06]
[I](2020-04-15  02:17:06 pm)    [LNo:0005] 000052/000060
[I](2020-04-15  02:17:06 pm)작업중 M코드정지 [d:4][t:00:06:06]
[I](2020-04-15  02:21:17 pm)Reset
[I](2020-04-15  02:21:28 pm)Reset
[I](2020-04-15  02:23:03 pm)Reset
[I](2020-04-15  02:23:04 pm)Reset
[I](2020-04-15  02:23:33 pm)Reset
[I](2020-04-15  02:24:57 pm)Reset
[I](2020-04-15  02:25:13 pm)Reset
[I](2020-04-15  02:25:13 pm)Reset
[I](2020-04-15  02:25:13 pm)Reset
[I](2020-04-15  02:26:25 pm)작업 시작 [Start d:1389]
[I](2020-04-15  02:26:25 pm)Nc File: [No.0006-607.NC]
[I](2020-04-15  02:26:25 pm)  * Start Machine Position
[I](2020-04-15  02:26:25 pm)    X:     61.5568
[I](2020-04-15  02:26:25 pm)    Y:   -364.7595
[I](2020-04-15  02:26:25 pm)    U:     -0.0402
[I](2020-04-15  02:26:25 pm)    V:      0.0397
[I](2020-04-15  02:26:25 pm)    Z:     47.3612
[I](2020-04-15  02:26:25 pm)  * Angle
[I](2020-04-15  02:26:25 pm)    Ar:      0.3805,Kr:      0.0000
[I](2020-04-15  02:26:25 pm)    Taper_Ar:      0.0000
[I](2020-04-15  02:26:32 pm)작업중 정지 [d:0][t:00:00:07]
[I](2020-04-15  02:26:32 pm)    [LNo:0006] 000236/000411
[I](2020-04-15  02:26:32 pm)작업중 M코드정지 [d:0][t:00:00:07]
[I](2020-04-15  02:26:34 pm)작업중 정지 [d:0][t:00:00:09]
[I](2020-04-15  02:26:34 pm)    [LNo:0006] 000240/000411
[I](2020-04-15  02:26:34 pm)작업중 M코드정지 [d:0][t:00:00:09]
[I](2020-04-15  02:26:35 pm)작업중 정지 [d:0][t:00:00:10]
[I](2020-04-15  02:26:35 pm)    [LNo:0006] 000241/000411
[I](2020-04-15  02:26:35 pm)작업중 M코드정지 [d:0][t:00:00:10]
[I](2020-04-15  02:34:06 pm)작업중 정지 [d:5][t:00:07:41]
[I](2020-04-15  02:34:06 pm)    [LNo:0006] 000263/000411
[I](2020-04-15  02:34:06 pm)작업중 M코드정지 [d:5][t:00:07:41]
[I](2020-04-15  02:35:03 pm)작업중 정지 [d:5][t:00:08:38]
[I](2020-04-15  02:35:03 pm)    [LNo:0006] 000267/000411
[I](2020-04-15  02:35:03 pm)작업중 M코드정지 [d:5][t:00:08:38]
[I](2020-04-15  02:36:52 pm)작업중 정지 [d:6][t:00:10:27]
[I](2020-04-15  02:36:52 pm)    [LNo:0006] 000286/000411
[I](2020-04-15  02:36:52 pm)작업중 M코드정지 [d:6][t:00:10:27]
[I](2020-04-15  02:38:48 pm)작업중 정지 [d:6][t:00:12:23]
[I](2020-04-15  02:38:48 pm)    [LNo:0006] 000271/000411
[I](2020-04-15  02:40:58 pm)작업중 정지 [d:8][t:00:14:32]
[I](2020-04-15  02:40:58 pm)    [LNo:0006] 000286/000411
[I](2020-04-15  02:40:58 pm)작업중 M코드정지 [d:8][t:00:14:32]
[A](2020-04-15  02:41:27 pm)[033] 자동결선 회수 롤러 WIRE CONTACT!!
[I](2020-04-15  02:42:36 pm)Reset
[I](2020-04-15  02:42:37 pm)Reset
[I](2020-04-15  02:42:48 pm)Reset
[I](2020-04-15  02:42:48 pm)Reset
[I](2020-04-15  02:54:10 pm)Reset
[I](2020-04-15  02:55:30 pm)작업 시작 [Start d:1397]
[I](2020-04-15  02:55:30 pm)Nc File: [No.0006-607.NC]
[I](2020-04-15  02:55:30 pm)  * Start Machine Position
[I](2020-04-15  02:55:30 pm)    X:    501.2478
[I](2020-04-15  02:55:30 pm)    Y:   -369.7466
[I](2020-04-15  02:55:30 pm)    U:     -0.0732
[I](2020-04-15  02:55:30 pm)    V:      0.3251
[I](2020-04-15  02:55:30 pm)    Z:     35.5632
[I](2020-04-15  02:55:30 pm)  * Angle
[I](2020-04-15  02:55:30 pm)    Ar:     -0.1361,Kr:      0.0000
[I](2020-04-15  02:55:30 pm)    Taper_Ar:      0.0000
[I](2020-04-15  02:55:38 pm)작업중 정지 [d:0][t:00:00:07]
[I](2020-04-15  02:55:38 pm)    [LNo:0006] 000306/000411
[I](2020-04-15  02:55:38 pm)작업중 M코드정지 [d:0][t:00:00:07]
[I](2020-04-15  02:55:41 pm)작업중 정지 [d:0][t:00:00:10]
[I](2020-04-15  02:55:41 pm)    [LNo:0006] 000309/000411
[I](2020-04-15  02:55:41 pm)작업중 M코드정지 [d:0][t:00:00:10]
[I](2020-04-15  02:55:43 pm)작업중 정지 [d:0][t:00:00:13]
[I](2020-04-15  02:55:43 pm)    [LNo:0006] 000311/000411
[I](2020-04-15  02:55:43 pm)작업중 M코드정지 [d:0][t:00:00:13]
[I](2020-04-15  03:01:09 pm)작업중 정지 [d:5][t:00:05:38]
[I](2020-04-15  03:01:09 pm)    [LNo:0006] 000334/000411
[I](2020-04-15  03:01:09 pm)작업중 M코드정지 [d:5][t:00:05:38]
[I](2020-04-15  03:01:29 pm)작업중 정지 [d:5][t:00:05:58]
[I](2020-04-15  03:01:29 pm)    [LNo:0006] 000336/000411
[I](2020-04-15  03:01:29 pm)작업중 M코드정지 [d:5][t:00:05:58]
[I](2020-04-15  03:02:52 pm)작업중 정지 [d:6][t:00:07:22]
[I](2020-04-15  03:02:52 pm)    [LNo:0006] 000350/000411
[I](2020-04-15  03:02:53 pm)작업중 30sec 접촉 정지 [d:6][t:00:07:22]
[I](2020-04-15  03:04:03 pm)작업 재시작
[I](2020-04-15  03:04:45 pm)작업중 정지 [d:7][t:00:09:15]
[I](2020-04-15  03:04:45 pm)    [LNo:0006] 000358/000411
[I](2020-04-15  03:04:46 pm)작업중 M코드정지 [d:7][t:00:09:15]
[I](2020-04-15  03:13:53 pm)작업중 정지 [d:16][t:00:18:22]
[I](2020-04-15  03:13:53 pm)    [LNo:0006] 000380/000411
[I](2020-04-15  03:13:53 pm)작업중 M코드정지 [d:16][t:00:18:22]
[I](2020-04-15  03:14:18 pm)작업중 정지 [d:16][t:00:18:47]
[I](2020-04-15  03:14:18 pm)    [LNo:0006] 000382/000411
[I](2020-04-15  03:14:18 pm)작업중 M코드정지 [d:16][t:00:18:48]
[I](2020-04-15  03:20:26 pm)작업중 정지 [d:19][t:00:24:56]
[I](2020-04-15  03:20:26 pm)    [LNo:0006] 000404/000411
[I](2020-04-15  03:20:26 pm)작업중 M코드정지 [d:19][t:00:24:56]
[I](2020-04-15  03:28:30 pm)Reset
[I](2020-04-15  03:28:30 pm)Reset
[I](2020-04-15  03:28:43 pm)Reset
[I](2020-04-15  03:28:43 pm)Reset
[I](2020-04-15  03:29:03 pm)Reset
[I](2020-04-15  03:29:03 pm)Reset
[I](2020-04-15  03:29:27 pm)Reset
[I](2020-04-15  03:29:28 pm)Reset
[I](2020-04-15  03:32:54 pm)Reset
[I](2020-04-15  03:33:33 pm)Reset
[I](2020-04-15  03:33:33 pm)Reset
[I](2020-04-15  03:33:33 pm)Reset
[I](2020-04-15  03:36:16 pm)작업 시작 [Start d:1416]
[I](2020-04-15  03:36:16 pm)Nc File: [No.0007-648.NC]
[I](2020-04-15  03:36:16 pm)  * Start Machine Position
[I](2020-04-15  03:36:16 pm)    X:     57.3774
[I](2020-04-15  03:36:16 pm)    Y:   -365.5163
[I](2020-04-15  03:36:16 pm)    U:     -0.1151
[I](2020-04-15  03:36:16 pm)    V:      0.0292
[I](2020-04-15  03:36:16 pm)    Z:     47.3477
[I](2020-04-15  03:36:16 pm)  * Angle
[I](2020-04-15  03:36:16 pm)    Ar:      0.3774,Kr:      0.0000
[I](2020-04-15  03:36:16 pm)    Taper_Ar:      0.0000
[I](2020-04-15  03:36:19 pm)작업중 정지 [d:0][t:00:00:02]
[I](2020-04-15  03:36:19 pm)    [LNo:0007] 000010/000131
[I](2020-04-15  03:36:19 pm)작업중 M코드정지 [d:0][t:00:00:03]
[I](2020-04-15  03:47:25 pm)작업중 정지 [d:10][t:00:11:08]
[I](2020-04-15  03:47:25 pm)    [LNo:0007] 000029/000131
[I](2020-04-15  03:47:25 pm)작업중 M코드정지 [d:10][t:00:11:09]
[I](2020-04-15  03:48:29 pm)작업중 정지 [d:10][t:00:12:12]
[I](2020-04-15  03:48:29 pm)    [LNo:0007] 000031/000131
[I](2020-04-15  03:48:29 pm)작업중 M코드정지 [d:10][t:00:12:13]
[I](2020-04-15  03:51:15 pm)작업중 정지 [d:13][t:00:14:58]
[I](2020-04-15  03:51:15 pm)    [LNo:0007] 000052/000131
[I](2020-04-15  03:51:15 pm)작업중 M코드정지 [d:13][t:00:14:58]
[I](2020-04-15  03:56:06 pm)Reset
[I](2020-04-15  03:56:20 pm)Reset
[I](2020-04-15  03:56:48 pm)Reset
[I](2020-04-15  03:59:49 pm)Reset
[I](2020-04-15  03:59:50 pm)Reset
[I](2020-04-15  04:01:30 pm)작업 시작 [Start d:1429]
[I](2020-04-15  04:01:30 pm)Nc File: [No.0007-648.NC]
[I](2020-04-15  04:01:30 pm)  * Start Machine Position
[I](2020-04-15  04:01:30 pm)    X:     58.7299
[I](2020-04-15  04:01:30 pm)    Y:   -364.2565
[I](2020-04-15  04:01:30 pm)    U:      0.0399
[I](2020-04-15  04:01:30 pm)    V:      0.0006
[I](2020-04-15  04:01:30 pm)    Z:     47.3477
[I](2020-04-15  04:01:30 pm)  * Angle
[I](2020-04-15  04:01:30 pm)    Ar:      0.9357,Kr:      0.0000
[I](2020-04-15  04:01:30 pm)    Taper_Ar:      0.0000
[I](2020-04-15  04:01:37 pm)작업중 정지 [d:0][t:00:00:07]
[I](2020-04-15  04:01:37 pm)    [LNo:0007] 000072/000131
[I](2020-04-15  04:01:37 pm)작업중 M코드정지 [d:0][t:00:00:07]
[I](2020-04-15  04:01:39 pm)작업중 정지 [d:0][t:00:00:09]
[I](2020-04-15  04:01:39 pm)    [LNo:0007] 000075/000131
[I](2020-04-15  04:01:39 pm)작업중 M코드정지 [d:0][t:00:00:09]
[I](2020-04-15  04:01:40 pm)작업중 정지 [d:0][t:00:00:10]
[I](2020-04-15  04:01:40 pm)    [LNo:0007] 000077/000131
[I](2020-04-15  04:01:40 pm)작업중 M코드정지 [d:0][t:00:00:10]
[I](2020-04-15  04:06:08 pm)작업중 정지 [d:4][t:00:04:38]
[I](2020-04-15  04:06:08 pm)    [LNo:0007] 000100/000131
[I](2020-04-15  04:06:08 pm)작업중 M코드정지 [d:4][t:00:04:38]
[I](2020-04-15  04:09:45 pm)작업중 정지 [d:4][t:00:08:15]
[I](2020-04-15  04:09:45 pm)    [LNo:0007] 000102/000131
[I](2020-04-15  04:09:45 pm)작업중 M코드정지 [d:4][t:00:08:15]
[I](2020-04-15  04:10:09 pm)작업중 정지 [d:4][t:00:08:39]
[I](2020-04-15  04:10:09 pm)    [LNo:0007] 000083/000131
[I](2020-04-15  04:13:05 pm)작업중 정지 [d:6][t:00:11:35]
[I](2020-04-15  04:13:05 pm)    [LNo:0007] 000100/000131
[I](2020-04-15  04:13:05 pm)작업중 M코드정지 [d:6][t:00:11:35]
[I](2020-04-15  04:13:23 pm)작업중 정지 [d:6][t:00:11:53]
[I](2020-04-15  04:13:23 pm)    [LNo:0007] 000102/000131
[I](2020-04-15  04:13:23 pm)작업중 M코드정지 [d:6][t:00:11:53]
[I](2020-04-15  04:17:22 pm)작업중 정지 [d:10][t:00:15:52]
[I](2020-04-15  04:17:22 pm)    [LNo:0007] 000123/000131
[I](2020-04-15  04:17:22 pm)작업중 M코드정지 [d:10][t:00:15:52]
[I](2020-04-15  04:18:30 pm)Reset
[I](2020-04-15  04:18:31 pm)Reset
[I](2020-04-15  04:18:44 pm)Reset
[I](2020-04-15  04:18:44 pm)Reset
[I](2020-04-15  04:25:05 pm)Reset
[I](2020-04-15  04:25:05 pm)Reset
[I](2020-04-15  04:25:05 pm)Reset
[I](2020-04-15  04:25:27 pm)Reset
[I](2020-04-15  04:25:28 pm)Reset
[I](2020-04-15  04:38:36 pm)Reset
[I](2020-04-15  04:42:49 pm)Reset
[I](2020-04-15  04:42:49 pm)Reset
[I](2020-04-15  04:43:46 pm)작업 시작 [Start d:1439]
[I](2020-04-15  04:43:46 pm)Nc File: [No.0001-597.NC]
[I](2020-04-15  04:43:46 pm)  * Start Machine Position
[I](2020-04-15  04:43:46 pm)    X:    257.5973
[I](2020-04-15  04:43:46 pm)    Y:   -386.4601
[I](2020-04-15  04:43:46 pm)    U:      0.0000
[I](2020-04-15  04:43:46 pm)    V:      0.0000
[I](2020-04-15  04:43:46 pm)    Z:     25.4043
[I](2020-04-15  04:43:46 pm)  * Angle
[I](2020-04-15  04:43:46 pm)    Ar:     -0.0860,Kr:      0.0000
[I](2020-04-15  04:43:46 pm)    Taper_Ar:      0.0000
[I](2020-04-15  04:44:19 pm)작업중 정지 [d:0][t:00:00:32]
[I](2020-04-15  04:44:19 pm)    [LNo:0001] 000896/001456
[I](2020-04-15  04:46:35 pm)작업중 정지 [d:0][t:00:02:48]
[I](2020-04-15  04:46:35 pm)    [LNo:0001] 000012/001456
[I](2020-04-15  05:11:10 pm)작업중 정지 [d:24][t:00:27:23]
[I](2020-04-15  05:11:10 pm)    [LNo:0001] 000050/001456
[I](2020-04-15  05:11:10 pm)작업중 M코드정지 [d:24][t:00:27:23]
[I](2020-04-15  05:11:36 pm)작업중 정지 [d:24][t:00:27:49]
[I](2020-04-15  05:11:36 pm)    [LNo:0001] 000052/001456
[I](2020-04-15  05:12:02 pm)작업 재시작
[I](2020-04-15  05:12:07 pm)작업중 정지 [d:25][t:00:28:21]
[I](2020-04-15  05:12:07 pm)    [LNo:0001] 000054/001456
[I](2020-04-15  05:12:07 pm)작업중 M코드정지 [d:25][t:00:28:21]
[I](2020-04-15  05:57:47 pm)작업중 정지 [d:69][t:01:14:00]
[I](2020-04-15  05:57:47 pm)    [LNo:0001] 000134/001456
[I](2020-04-15  05:57:47 pm)작업중 M코드정지 [d:69][t:01:14:00]
[I](2020-04-15  05:58:10 pm)작업중 정지 [d:70][t:01:14:23]
[I](2020-04-15  05:58:10 pm)    [LNo:0001] 000136/001456
[I](2020-04-15  05:59:08 pm)작업 재시작
[I](2020-04-15  05:59:11 pm)작업중 정지 [d:70][t:01:15:24]
[I](2020-04-15  05:59:11 pm)    [LNo:0001] 000138/001456
[I](2020-04-15  05:59:11 pm)작업중 M코드정지 [d:70][t:01:15:24]
[I](2020-04-15  06:00:15 pm)Reset
[I](2020-04-15  06:00:15 pm)Reset
[I](2020-04-15  06:00:15 pm)Reset
[I](2020-04-15  06:00:52 pm)작업 시작 [Start d:1509]
[I](2020-04-15  06:00:52 pm)Nc File: [No.0003-657.NC]
[I](2020-04-15  06:00:52 pm)  * Start Machine Position
[I](2020-04-15  06:00:52 pm)    X:    257.5973
[I](2020-04-15  06:00:52 pm)    Y:   -386.4601
[I](2020-04-15  06:00:52 pm)    U:      0.0000
[I](2020-04-15  06:00:52 pm)    V:      0.0000
[I](2020-04-15  06:00:52 pm)    Z:     25.4043
[I](2020-04-15  06:00:52 pm)  * Angle
[I](2020-04-15  06:00:52 pm)    Ar:     -0.0860,Kr:      0.0000
[I](2020-04-15  06:00:52 pm)    Taper_Ar:      0.0000
[I](2020-04-15  06:01:00 pm)작업중 정지 [d:0][t:00:00:08]
[I](2020-04-15  06:01:00 pm)    [LNo:0003] 000058/002236
[I](2020-04-15  06:01:27 pm)작업중 정지 [d:0][t:00:00:35]
[I](2020-04-15  06:01:27 pm)    [LNo:0003] 000142/002236
[I](2020-04-15  06:14:06 pm)작업중 정지 [d:11][t:00:13:14]
[I](2020-04-15  06:14:06 pm)    [LNo:0003] 000178/002236
[I](2020-04-15  06:14:06 pm)작업중 M코드정지 [d:11][t:00:13:14]
[I](2020-04-15  06:33:15 pm)작업중 정지 [d:29][t:00:32:23]
[I](2020-04-15  06:33:15 pm)    [LNo:0003] 000225/002236
[I](2020-04-15  06:33:15 pm)작업중 M코드정지 [d:29][t:00:32:23]
[I](2020-04-15  06:33:55 pm)작업중 정지 [d:29][t:00:33:03]
[I](2020-04-15  06:33:55 pm)    [LNo:0003] 000227/002236
[I](2020-04-15  06:33:55 pm)작업중 M코드정지 [d:29][t:00:33:03]
[I](2020-04-15  06:39:20 pm)작업중 정지 [d:34][t:00:38:28]
[I](2020-04-15  06:39:20 pm)    [LNo:0003] 000263/002236
[I](2020-04-15  06:39:20 pm)작업중 Single Block Stop [d:34][t:00:38:28]
[I](2020-04-15  06:50:58 pm)작업중 정지 [d:43][t:00:50:06]
[I](2020-04-15  06:50:58 pm)    [LNo:0003] 000291/002236
[A](2020-04-15  06:50:58 pm)[008] 작업중 단선(AWF Feed Motor Stop )
[I](2020-04-15  06:50:59 pm)작업중 Wire 단선 [d:43][t:00:50:06]
[I](2020-04-15  06:53:04 pm)작업 재시작
[I](2020-04-15  06:53:06 pm)작업중 정지 [d:43][t:00:52:14]
[I](2020-04-15  06:53:06 pm)    [LNo:0003] 000292/002236
[I](2020-04-15  06:53:06 pm)작업중 M코드정지 [d:43][t:00:52:14]
[I](2020-04-15  06:53:24 pm)작업중 정지 [d:43][t:00:52:32]
[I](2020-04-15  06:53:24 pm)    [LNo:0003] 000294/002236
[I](2020-04-15  06:53:24 pm)작업중 M코드정지 [d:43][t:00:52:32]
[I](2020-04-15  07:13:12 pm)작업중 정지 [d:62][t:01:12:20]
[I](2020-04-15  07:13:12 pm)    [LNo:0003] 000411/002236
[I](2020-04-15  07:13:12 pm)작업중 M코드정지 [d:62][t:01:12:20]
[I](2020-04-15  07:31:53 pm)작업중 정지 [d:77][t:01:31:01]
[I](2020-04-15  07:31:53 pm)    [LNo:0003] 000504/002236
[I](2020-04-15  07:31:53 pm)작업중 M코드정지 [d:77][t:01:31:01]
[I](2020-04-15  07:49:13 pm)작업중 정지 [d:93][t:01:48:21]
[I](2020-04-15  07:49:13 pm)    [LNo:0003] 000598/002236
[I](2020-04-15  07:49:13 pm)작업중 M코드정지 [d:93][t:01:48:21]
[I](2020-04-15  09:22:03 pm)작업중 정지 [d:174][t:03:21:11]
[I](2020-04-15  09:22:03 pm)    [LNo:0003] 001084/002236
[I](2020-04-15  09:22:03 pm)작업중 M코드정지 [d:174][t:03:21:11]
[I](2020-04-15  09:24:06 pm)작업중 정지 [d:174][t:03:23:13]
[I](2020-04-15  09:24:06 pm)    [LNo:0003] 001086/002236
[I](2020-04-15  09:24:48 pm)작업 재시작
[I](2020-04-15  09:25:01 pm)작업중 정지 [d:174][t:03:24:09]
[I](2020-04-15  09:25:01 pm)    [LNo:0003] 001088/002236
[I](2020-04-15  09:25:01 pm)작업중 M코드정지 [d:174][t:03:24:09]
[I](2020-04-15  10:39:08 pm)작업중 정지 [d:240][t:04:38:16]
[I](2020-04-15  10:39:08 pm)    [LNo:0003] 001500/002236
[I](2020-04-15  10:39:08 pm)작업중 M코드정지 [d:240][t:04:38:16]
[I](2020-04-15  10:46:28 pm)작업중 정지 [d:240][t:04:45:36]
[I](2020-04-15  10:46:28 pm)    [LNo:0003] 001502/002236
[I](2020-04-15  10:47:01 pm)작업 재시작
[I](2020-04-15  10:47:05 pm)작업중 정지 [d:240][t:04:46:13]
[I](2020-04-15  10:47:05 pm)    [LNo:0003] 001504/002236
[I](2020-04-15  10:47:06 pm)작업중 M코드정지 [d:240][t:04:46:13]
[I](2020-04-15  10:51:57 pm)작업중 정지 [d:241][t:04:51:05]
[I](2020-04-15  10:51:57 pm)    [LNo:0003] 001529/002236
[I](2020-04-15  10:59:41 pm)작업중 정지 [d:248][t:04:58:49]
[I](2020-04-15  10:59:41 pm)    [LNo:0003] 001544/002236
[I](2020-04-15  10:59:41 pm)작업중 M코드정지 [d:248][t:04:58:49]
[I](2020-04-15  11:01:53 pm)작업중 정지 [d:248][t:05:01:01]
[I](2020-04-15  11:01:53 pm)    [LNo:0003] 001546/002236
[I](2020-04-15  11:02:26 pm)작업 재시작
[I](2020-04-15  11:02:31 pm)작업중 정지 [d:248][t:05:01:39]
[I](2020-04-15  11:02:31 pm)    [LNo:0003] 001548/002236
[I](2020-04-15  11:02:31 pm)작업중 M코드정지 [d:248][t:05:01:39]
