[I](2020-10-03  07:44:32 am)Ready On
[A](2020-10-03  09:06:51 am)[041] AWF 명령끝날때까지 센서감지(타임아웃) 안됨
[A](2020-10-03  09:07:24 am)[041] AWF 명령끝날때까지 센서감지(타임아웃) 안됨
[A](2020-10-03  09:08:53 am)[001] 와이어 미동작
[I](2020-10-03  09:09:26 am)Reset
[I](2020-10-03  09:09:26 am)Reset
[I](2020-10-03  09:12:35 am)Reset
[I](2020-10-03  09:16:15 am)Reset
[I](2020-10-03  09:16:56 am)Reset
[I](2020-10-03  09:23:29 am)작업 시작 [Start d:125]
[I](2020-10-03  09:23:29 am)Nc File: [No.0002-652.NC *]
[I](2020-10-03  09:23:29 am)  * Start Machine Position
[I](2020-10-03  09:23:29 am)    X:     66.7383
[I](2020-10-03  09:23:29 am)    Y:   -314.4308
[I](2020-10-03  09:23:29 am)    U:      0.0000
[I](2020-10-03  09:23:29 am)    V:      0.0000
[I](2020-10-03  09:23:29 am)    Z:      8.7424
[I](2020-10-03  09:23:29 am)  * Angle
[I](2020-10-03  09:23:29 am)    Ar:      0.2844,Kr:      0.0000
[I](2020-10-03  09:23:29 am)    Taper_Ar:      0.0000
[I](2020-10-03  09:26:26 am)작업중 정지 [d:3][t:00:02:56]
[I](2020-10-03  09:26:26 am)    [LNo:0002] 000075/000269
[I](2020-10-03  09:26:26 am)작업중 M코드정지 [d:3][t:00:02:56]
[A](2020-10-03  09:36:43 am)[041] AWF 명령끝날때까지 센서감지(타임아웃) 안됨
[A](2020-10-03  09:37:16 am)[041] AWF 명령끝날때까지 센서감지(타임아웃) 안됨
[A](2020-10-03  09:37:50 am)[041] AWF 명령끝날때까지 센서감지(타임아웃) 안됨
[A](2020-10-03  09:38:24 am)[041] AWF 명령끝날때까지 센서감지(타임아웃) 안됨
[I](2020-10-03  09:38:31 am)작업중 정지 [d:3][t:00:15:01]
[I](2020-10-03  09:38:31 am)    [LNo:0002] 000081/000269
[A](2020-10-03  09:40:02 am)[001] 와이어 미동작
[A](2020-10-03  09:40:03 am)[001] 와이어 미동작
[A](2020-10-03  09:40:04 am)[001] 와이어 미동작
[A](2020-10-03  09:40:04 am)[001] 와이어 미동작
[A](2020-10-03  09:40:05 am)[001] 와이어 미동작
[A](2020-10-03  09:40:21 am)[001] 와이어 미동작
[A](2020-10-03  09:40:21 am)[001] 와이어 미동작
[A](2020-10-03  09:40:21 am)[001] 와이어 미동작
[I](2020-10-03  09:40:27 am)작업중 정지 [d:3][t:00:16:58]
[I](2020-10-03  09:40:27 am)    [LNo:0002] 000089/000269
[A](2020-10-03  09:40:27 am)[008] 작업중 단선(AWF Feed Motor Stop )
[I](2020-10-03  09:40:28 am)작업중 Wire 단선 [d:3][t:00:16:58]
[I](2020-10-03  09:41:55 am)작업 재시작
[I](2020-10-03  09:50:56 am)작업중 정지 [d:12][t:00:27:27]
[I](2020-10-03  09:50:56 am)    [LNo:0002] 000127/000269
[I](2020-10-03  09:50:56 am)작업중 M코드정지 [d:12][t:00:27:27]
[I](2020-10-03  09:51:17 am)작업중 정지 [d:12][t:00:27:48]
[I](2020-10-03  09:51:17 am)    [LNo:0002] 000128/000269
[I](2020-10-03  09:51:18 am)Wire Contact Auto Stop(M52)
[I](2020-10-03  09:52:18 am)작업 재시작
[I](2020-10-03  09:52:20 am)작업중 정지 [d:12][t:00:28:51]
[I](2020-10-03  09:52:20 am)    [LNo:0002] 000129/000269
[I](2020-10-03  09:52:20 am)작업중 M코드정지 [d:12][t:00:28:51]
[A](2020-10-03  09:53:28 am)[041] AWF 명령끝날때까지 센서감지(타임아웃) 안됨
[I](2020-10-03  09:53:52 am)작업중 정지 [d:12][t:00:30:23]
[I](2020-10-03  09:53:52 am)    [LNo:0002] 000138/000269
[A](2020-10-03  09:54:30 am)[041] AWF 명령끝날때까지 센서감지(타임아웃) 안됨
[A](2020-10-03  09:59:36 am)[041] AWF 명령끝날때까지 센서감지(타임아웃) 안됨
[A](2020-10-03  10:00:10 am)[041] AWF 명령끝날때까지 센서감지(타임아웃) 안됨
[A](2020-10-03  10:00:42 am)[041] AWF 명령끝날때까지 센서감지(타임아웃) 안됨
[A](2020-10-03  10:01:14 am)[041] AWF 명령끝날때까지 센서감지(타임아웃) 안됨
[I](2020-10-03  10:01:38 am)작업중 정지 [d:15][t:00:38:08]
[I](2020-10-03  10:01:38 am)    [LNo:0002] 000212/000269
[A](2020-10-03  10:01:38 am)[009] 자동결선 Error(M20-삽입실패)
[I](2020-10-03  10:12:40 am)작업중 정지 [d:24][t:00:49:11]
[I](2020-10-03  10:12:40 am)    [LNo:0002] 000258/000269
[I](2020-10-03  10:12:40 am)작업중 M코드정지 [d:24][t:00:49:11]
[I](2020-10-03  10:15:47 am)작업중 정지 [d:24][t:00:52:17]
[I](2020-10-03  10:15:47 am)    [LNo:0002] 000259/000269
[A](2020-10-03  10:15:47 am)[008] 작업중 단선(AWF Feed Motor Stop )
[I](2020-10-03  10:15:47 am)작업중 Wire 단선 [d:24][t:00:52:17]
[I](2020-10-03  10:19:27 am)Reset
[I](2020-10-03  10:24:55 am)Reset
[I](2020-10-03  10:27:11 am)작업 시작 [Start d:149]
[I](2020-10-03  10:27:11 am)Nc File: [No.0005-658.NC]
[I](2020-10-03  10:27:11 am)  * Start Machine Position
[I](2020-10-03  10:27:11 am)    X:     32.2074
[I](2020-10-03  10:27:11 am)    Y:   -366.7821
[I](2020-10-03  10:27:11 am)    U:      0.0000
[I](2020-10-03  10:27:11 am)    V:      0.0000
[I](2020-10-03  10:27:11 am)    Z:     30.5459
[I](2020-10-03  10:27:11 am)  * Angle
[I](2020-10-03  10:27:11 am)    Ar:      0.4486,Kr:      0.0000
[I](2020-10-03  10:27:11 am)    Taper_Ar:      0.0000
[A](2020-10-03  10:30:00 am)[041] AWF 명령끝날때까지 센서감지(타임아웃) 안됨
[A](2020-10-03  10:30:32 am)[041] AWF 명령끝날때까지 센서감지(타임아웃) 안됨
[I](2020-10-03  10:30:34 am)작업중 정지 [d:2][t:00:03:22]
[I](2020-10-03  10:30:34 am)    [LNo:0005] 000078/001191
[I](2020-10-03  10:47:55 am)Ready On
[I](2020-10-03  10:48:15 am)작업 재시작
[I](2020-10-03  10:50:41 am)작업중 정지 [d:21][t:00:23:29]
[I](2020-10-03  10:50:41 am)    [LNo:0005] 000156/001191
[I](2020-10-03  10:50:41 am)작업중 M코드정지 [d:21][t:00:23:29]
[I](2020-10-03  10:51:04 am)작업중 정지 [d:21][t:00:23:52]
[I](2020-10-03  10:51:04 am)    [LNo:0005] 000157/001191
[I](2020-10-03  10:51:04 am)Wire Contact Auto Stop(M52)
[A](2020-10-03  10:51:26 am)[001] 와이어 미동작
[I](2020-10-03  10:51:27 am)작업 재시작
[I](2020-10-03  10:51:32 am)작업중 정지 [d:21][t:00:24:20]
[I](2020-10-03  10:51:32 am)    [LNo:0005] 000158/001191
[I](2020-10-03  10:51:32 am)작업중 M코드정지 [d:21][t:00:24:20]
[A](2020-10-03  10:52:25 am)[041] AWF 명령끝날때까지 센서감지(타임아웃) 안됨
[I](2020-10-03  10:52:28 am)작업중 정지 [d:21][t:00:25:16]
[I](2020-10-03  10:52:28 am)    [LNo:0005] 000167/001191
[I](2020-10-03  11:01:35 am)작업중 정지 [d:30][t:00:34:23]
[I](2020-10-03  11:01:35 am)    [LNo:0005] 000183/001191
[I](2020-10-03  11:01:35 am)작업중 M코드정지 [d:30][t:00:34:23]
[I](2020-10-03  11:05:44 am)작업중 정지 [d:30][t:00:38:32]
[I](2020-10-03  11:05:44 am)    [LNo:0005] 000186/001191
[I](2020-10-03  11:05:44 am)작업중 M코드정지 [d:30][t:00:38:32]
[A](2020-10-03  11:09:05 am)[041] AWF 명령끝날때까지 센서감지(타임아웃) 안됨
[A](2020-10-03  11:09:38 am)[041] AWF 명령끝날때까지 센서감지(타임아웃) 안됨
[A](2020-10-03  11:10:10 am)[041] AWF 명령끝날때까지 센서감지(타임아웃) 안됨
[I](2020-10-03  11:10:11 am)작업중 정지 [d:32][t:00:42:59]
[I](2020-10-03  11:10:11 am)    [LNo:0005] 000231/001191
[I](2020-10-03  11:28:17 am)작업중 정지 [d:50][t:01:01:05]
[I](2020-10-03  11:28:17 am)    [LNo:0005] 000312/001191
[I](2020-10-03  11:28:17 am)작업중 M코드정지 [d:50][t:01:01:05]
[I](2020-10-03  11:30:42 am)작업중 정지 [d:50][t:01:03:30]
[I](2020-10-03  11:30:42 am)    [LNo:0005] 000314/001191
[I](2020-10-03  11:30:42 am)작업중 M코드정지 [d:50][t:01:03:30]
[I](2020-10-03  11:43:32 am)작업중 정지 [d:62][t:01:16:20]
[I](2020-10-03  11:43:32 am)    [LNo:0005] 000349/001191
[I](2020-10-03  11:43:32 am)작업중 M코드정지 [d:62][t:01:16:20]
[I](2020-10-03  11:45:32 am)작업중 정지 [d:62][t:01:18:20]
[I](2020-10-03  11:45:32 am)    [LNo:0005] 000350/001191
[I](2020-10-03  11:45:53 am)작업 재시작
[I](2020-10-03  11:46:02 am)작업중 정지 [d:62][t:01:18:50]
[I](2020-10-03  11:46:02 am)    [LNo:0005] 000352/001191
[I](2020-10-03  11:46:02 am)작업중 M코드정지 [d:62][t:01:18:50]
[I](2020-10-03  12:09:16 pm)작업중 정지 [d:84][t:01:42:04]
[I](2020-10-03  12:09:16 pm)    [LNo:0005] 000497/001191
[I](2020-10-03  12:09:16 pm)작업중 M코드정지 [d:84][t:01:42:04]
[A](2020-10-03  12:33:18 pm)[001] 와이어 미동작
[I](2020-10-03  12:33:30 pm)작업중 정지 [d:84][t:02:06:18]
[I](2020-10-03  12:33:30 pm)    [LNo:0005] 000498/001191
[I](2020-10-03  12:33:30 pm)Wire Contact Auto Stop(M52)
[I](2020-10-03  12:33:58 pm)작업 재시작
[I](2020-10-03  12:34:03 pm)작업중 정지 [d:84][t:02:06:52]
[I](2020-10-03  12:34:03 pm)    [LNo:0005] 000499/001191
[I](2020-10-03  12:34:04 pm)작업중 M코드정지 [d:84][t:02:06:52]
[A](2020-10-03  12:35:01 pm)[041] AWF 명령끝날때까지 센서감지(타임아웃) 안됨
[A](2020-10-03  12:35:33 pm)[041] AWF 명령끝날때까지 센서감지(타임아웃) 안됨
[A](2020-10-03  12:36:06 pm)[041] AWF 명령끝날때까지 센서감지(타임아웃) 안됨
[A](2020-10-03  12:36:39 pm)[041] AWF 명령끝날때까지 센서감지(타임아웃) 안됨
[A](2020-10-03  12:37:12 pm)[041] AWF 명령끝날때까지 센서감지(타임아웃) 안됨
[I](2020-10-03  12:37:38 pm)작업중 정지 [d:84][t:02:10:26]
[I](2020-10-03  12:37:38 pm)    [LNo:0005] 000508/001191
[A](2020-10-03  12:37:38 pm)[009] 자동결선 Error(M20-삽입실패)
[A](2020-10-03  12:41:01 pm)[041] AWF 명령끝날때까지 센서감지(타임아웃) 안됨
[I](2020-10-03  12:56:44 pm)작업중 정지 [d:99][t:02:29:32]
[I](2020-10-03  12:56:44 pm)    [LNo:0005] 000534/001191
[I](2020-10-03  12:56:44 pm)작업중 M코드정지 [d:99][t:02:29:32]
[I](2020-10-03  12:57:26 pm)작업중 정지 [d:99][t:02:30:14]
[I](2020-10-03  12:57:26 pm)    [LNo:0005] 000535/001191
[I](2020-10-03  12:57:48 pm)작업 재시작
[I](2020-10-03  12:57:57 pm)작업중 정지 [d:99][t:02:30:45]
[I](2020-10-03  12:57:57 pm)    [LNo:0005] 000537/001191
[I](2020-10-03  12:57:57 pm)작업중 M코드정지 [d:99][t:02:30:45]
[A](2020-10-03  01:01:26 pm)[041] AWF 명령끝날때까지 센서감지(타임아웃) 안됨
[A](2020-10-03  01:02:02 pm)[041] AWF 명령끝날때까지 센서감지(타임아웃) 안됨
[A](2020-10-03  01:02:34 pm)[041] AWF 명령끝날때까지 센서감지(타임아웃) 안됨
[A](2020-10-03  01:03:08 pm)[041] AWF 명령끝날때까지 센서감지(타임아웃) 안됨
[A](2020-10-03  01:03:39 pm)[041] AWF 명령끝날때까지 센서감지(타임아웃) 안됨
[I](2020-10-03  01:04:04 pm)작업중 정지 [d:101][t:02:36:52]
[I](2020-10-03  01:04:04 pm)    [LNo:0005] 000602/001191
[A](2020-10-03  01:04:04 pm)[009] 자동결선 Error(M20-삽입실패)
[I](2020-10-03  01:27:30 pm)작업중 정지 [d:121][t:03:00:18]
[I](2020-10-03  01:27:30 pm)    [LNo:0005] 000680/001191
[I](2020-10-03  01:27:30 pm)작업중 M코드정지 [d:121][t:03:00:18]
[I](2020-10-03  01:27:42 pm)작업중 정지 [d:121][t:03:00:31]
[I](2020-10-03  01:27:42 pm)    [LNo:0005] 000681/001191
[I](2020-10-03  01:27:43 pm)Wire Contact Auto Stop(M52)
[I](2020-10-03  01:28:01 pm)작업 재시작
[I](2020-10-03  01:28:04 pm)작업중 정지 [d:121][t:03:00:52]
[I](2020-10-03  01:28:04 pm)    [LNo:0005] 000682/001191
[I](2020-10-03  01:28:04 pm)작업중 M코드정지 [d:121][t:03:00:52]
[I](2020-10-03  01:40:31 pm)작업중 정지 [d:132][t:03:13:19]
[I](2020-10-03  01:40:31 pm)    [LNo:0005] 000717/001191
[I](2020-10-03  01:40:31 pm)작업중 M코드정지 [d:132][t:03:13:19]
[I](2020-10-03  01:41:34 pm)작업중 정지 [d:132][t:03:14:22]
[I](2020-10-03  01:41:34 pm)    [LNo:0005] 000718/001191
[I](2020-10-03  01:41:56 pm)작업 재시작
[I](2020-10-03  01:42:05 pm)작업중 정지 [d:132][t:03:14:53]
[I](2020-10-03  01:42:05 pm)    [LNo:0005] 000720/001191
[I](2020-10-03  01:42:05 pm)작업중 M코드정지 [d:132][t:03:14:53]
[I](2020-10-03  02:04:10 pm)작업중 정지 [d:153][t:03:36:58]
[I](2020-10-03  02:04:10 pm)    [LNo:0005] 000865/001191
[I](2020-10-03  02:04:10 pm)작업중 M코드정지 [d:153][t:03:36:58]
[I](2020-10-03  02:05:35 pm)작업중 정지 [d:153][t:03:38:23]
[I](2020-10-03  02:05:35 pm)    [LNo:0005] 000866/001191
[I](2020-10-03  02:05:35 pm)Wire Contact Auto Stop(M52)
[I](2020-10-03  02:05:59 pm)작업 재시작
[I](2020-10-03  02:06:02 pm)작업중 정지 [d:153][t:03:38:50]
[I](2020-10-03  02:06:02 pm)    [LNo:0005] 000867/001191
[I](2020-10-03  02:06:02 pm)작업중 M코드정지 [d:153][t:03:38:50]
[I](2020-10-03  02:12:54 pm)작업중 정지 [d:158][t:03:45:43]
[I](2020-10-03  02:12:54 pm)    [LNo:0005] 000890/001191
[I](2020-10-03  02:12:55 pm)작업중 M코드정지 [d:158][t:03:45:43]
[I](2020-10-03  02:13:53 pm)작업중 정지 [d:158][t:03:46:41]
[I](2020-10-03  02:13:53 pm)    [LNo:0005] 000893/001191
[I](2020-10-03  02:13:53 pm)작업중 M코드정지 [d:158][t:03:46:42]
[I](2020-10-03  02:37:12 pm)작업중 정지 [d:180][t:04:10:00]
[I](2020-10-03  02:37:12 pm)    [LNo:0005] 001012/001191
[I](2020-10-03  02:37:12 pm)작업중 M코드정지 [d:180][t:04:10:00]
[I](2020-10-03  02:37:36 pm)작업중 정지 [d:180][t:04:10:24]
[I](2020-10-03  02:37:36 pm)    [LNo:0005] 001013/001191
[I](2020-10-03  02:37:36 pm)Wire Contact Auto Stop(M52)
[I](2020-10-03  02:38:13 pm)작업 재시작
[I](2020-10-03  02:38:21 pm)작업중 정지 [d:180][t:04:11:09]
[I](2020-10-03  02:38:21 pm)    [LNo:0005] 001014/001191
[I](2020-10-03  02:38:21 pm)작업중 M코드정지 [d:180][t:04:11:09]
[I](2020-10-03  02:47:00 pm)작업중 정지 [d:187][t:04:19:48]
[I](2020-10-03  02:47:00 pm)    [LNo:0005] 001043/001191
[I](2020-10-03  02:47:00 pm)작업중 M코드정지 [d:187][t:04:19:48]
[I](2020-10-03  02:47:53 pm)작업중 정지 [d:187][t:04:20:41]
[I](2020-10-03  02:47:53 pm)    [LNo:0005] 001046/001191
[I](2020-10-03  02:47:53 pm)작업중 M코드정지 [d:187][t:04:20:41]
[I](2020-10-03  03:10:07 pm)작업중 정지 [d:208][t:04:42:55]
[I](2020-10-03  03:10:07 pm)    [LNo:0005] 001179/001191
[I](2020-10-03  03:10:07 pm)작업중 M코드정지 [d:208][t:04:42:55]
[I](2020-10-03  03:11:51 pm)작업중 정지 [d:208][t:04:44:40]
[I](2020-10-03  03:11:51 pm)    [LNo:0005] 001180/001191
[A](2020-10-03  03:11:52 pm)[008] 작업중 단선(AWF Feed Motor Stop )
[I](2020-10-03  03:11:52 pm)작업중 Wire 단선 [d:208][t:04:44:40]
[I](2020-10-03  03:18:07 pm)Reset
[I](2020-10-03  03:23:08 pm)Reset
[I](2020-10-03  03:23:55 pm)Reset
[I](2020-10-03  03:25:21 pm)Reset
[I](2020-10-03  03:26:01 pm)Reset
[I](2020-10-03  03:26:16 pm)Reset
[I](2020-10-03  03:26:31 pm)Reset
[I](2020-10-03  03:26:47 pm)Reset
[I](2020-10-03  03:26:47 pm)Reset
[I](2020-10-03  03:27:18 pm)Reset
[I](2020-10-03  03:27:19 pm)Reset
[I](2020-10-03  03:27:43 pm)작업 시작 [Start d:357]
[I](2020-10-03  03:27:43 pm)Nc File: [No.0006-672.NC]
[I](2020-10-03  03:27:43 pm)  * Start Machine Position
[I](2020-10-03  03:27:43 pm)    X:     29.5059
[I](2020-10-03  03:27:43 pm)    Y:   -358.2460
[I](2020-10-03  03:27:43 pm)    U:      0.0000
[I](2020-10-03  03:27:43 pm)    V:      0.0199
[I](2020-10-03  03:27:43 pm)    Z:     43.4184
[I](2020-10-03  03:27:43 pm)  * Angle
[I](2020-10-03  03:27:43 pm)    Ar:     -0.2531,Kr:      0.0000
[I](2020-10-03  03:27:43 pm)    Taper_Ar:      0.0000
[I](2020-10-03  03:43:35 pm)작업중 정지 [d:15][t:00:15:51]
[I](2020-10-03  03:43:35 pm)    [LNo:0006] 000037/000075
[I](2020-10-03  03:43:35 pm)작업중 M코드정지 [d:15][t:00:15:51]
[I](2020-10-03  03:43:57 pm)작업중 정지 [d:15][t:00:16:13]
[I](2020-10-03  03:43:57 pm)    [LNo:0006] 000040/000075
[I](2020-10-03  03:43:57 pm)작업중 M코드정지 [d:15][t:00:16:13]
[I](2020-10-03  03:47:39 pm)작업중 정지 [d:17][t:00:19:55]
[I](2020-10-03  03:47:39 pm)    [LNo:0006] 000071/000075
[I](2020-10-03  03:47:39 pm)작업중 M코드정지 [d:17][t:00:19:55]
[I](2020-10-03  03:54:58 pm)Reset
[I](2020-10-03  03:56:08 pm)Reset
[I](2020-10-03  04:10:13 pm)Reset
[I](2020-10-03  04:11:35 pm)작업 시작 [Start d:374]
[I](2020-10-03  04:11:35 pm)Nc File: [No.0007-671.NC]
[I](2020-10-03  04:11:35 pm)  * Start Machine Position
[I](2020-10-03  04:11:35 pm)    X:    554.7608
[I](2020-10-03  04:11:35 pm)    Y:   -325.4723
[I](2020-10-03  04:11:35 pm)    U:      0.0000
[I](2020-10-03  04:11:35 pm)    V:      0.0000
[I](2020-10-03  04:11:35 pm)    Z:     43.3659
[I](2020-10-03  04:11:35 pm)  * Angle
[I](2020-10-03  04:11:35 pm)    Ar:     -0.6670,Kr:      0.0000
[I](2020-10-03  04:11:35 pm)    Taper_Ar:      0.0000
[I](2020-10-03  05:08:45 pm)작업중 정지 [d:57][t:00:57:10]
[I](2020-10-03  05:08:45 pm)    [LNo:0007] 000046/000210
[I](2020-10-03  05:08:45 pm)작업중 M코드정지 [d:57][t:00:57:10]
[I](2020-10-03  05:09:17 pm)작업중 정지 [d:58][t:00:57:42]
[I](2020-10-03  05:09:17 pm)    [LNo:0007] 000049/000210
[I](2020-10-03  05:09:17 pm)작업중 M코드정지 [d:58][t:00:57:42]
[I](2020-10-03  06:25:34 pm)작업중 정지 [d:132][t:02:13:59]
[I](2020-10-03  06:25:34 pm)    [LNo:0007] 000198/000210
[I](2020-10-03  06:25:34 pm)작업중 M코드정지 [d:132][t:02:13:59]
[I](2020-10-03  08:01:35 pm)작업중 정지 [d:132][t:03:50:00]
[I](2020-10-03  08:01:35 pm)    [LNo:0007] 000200/000210
[I](2020-10-03  08:01:35 pm)작업중 M코드정지 [d:132][t:03:50:00]
[A](2020-10-03  08:11:04 pm)[036] 자동결선 절단 공정 실패!!
[I](2020-10-03  08:23:00 pm)Reset
[I](2020-10-03  08:23:00 pm)Reset
[A](2020-10-03  08:23:13 pm)[053] Emergency Stop
[A](2020-10-03  08:23:13 pm)[005] READY Off(Alarm)
[I](2020-10-03  08:23:13 pm)    X:    269.4180
[I](2020-10-03  08:23:13 pm)    Y:   -202.1663
[I](2020-10-03  08:23:13 pm)    U:      0.0000
[I](2020-10-03  08:23:13 pm)    V:      0.0000
[I](2020-10-03  08:23:13 pm)    Z:    118.9658
