[I](2020-02-15  12:02:19 am)작업중 정지 [d:8][t:00:08:52]
[I](2020-02-15  12:02:19 am)    [LNo:0001] 000309/001204
[I](2020-02-15  12:02:19 am)작업중 M코드정지 [d:8][t:00:08:52]
[I](2020-02-15  12:03:59 am)작업중 정지 [d:8][t:00:10:32]
[I](2020-02-15  12:03:59 am)    [LNo:0001] 000310/001204
[I](2020-02-15  12:04:19 am)작업 재시작
[I](2020-02-15  12:04:29 am)작업중 정지 [d:8][t:00:11:02]
[I](2020-02-15  12:04:29 am)    [LNo:0001] 000312/001204
[I](2020-02-15  12:04:29 am)작업중 M코드정지 [d:8][t:00:11:02]
[I](2020-02-15  12:14:25 am)작업중 정지 [d:17][t:00:20:59]
[I](2020-02-15  12:14:25 am)    [LNo:0001] 000353/001204
[I](2020-02-15  12:14:25 am)작업중 M코드정지 [d:17][t:00:20:59]
[I](2020-02-15  12:26:41 am)작업중 정지 [d:17][t:00:33:14]
[I](2020-02-15  12:26:41 am)    [LNo:0001] 000354/001204
[I](2020-02-15  12:26:41 am)작업중 30sec 접촉 정지 [d:17][t:00:33:14]
[I](2020-02-15  12:27:42 am)작업 재시작
[I](2020-02-15  12:27:52 am)작업중 정지 [d:18][t:00:34:25]
[I](2020-02-15  12:27:52 am)    [LNo:0001] 000356/001204
[I](2020-02-15  12:27:52 am)작업중 M코드정지 [d:18][t:00:34:26]
[I](2020-02-15  12:43:27 am)작업중 정지 [d:31][t:00:50:00]
[I](2020-02-15  12:43:27 am)    [LNo:0001] 000396/001204
[I](2020-02-15  12:43:27 am)작업중 M코드정지 [d:31][t:00:50:00]
[I](2020-02-15  12:44:08 am)작업중 정지 [d:31][t:00:50:41]
[I](2020-02-15  12:44:08 am)    [LNo:0001] 000398/001204
[I](2020-02-15  12:44:08 am)작업중 30sec 접촉 정지 [d:31][t:00:50:41]
[I](2020-02-15  12:44:34 am)작업 재시작
[I](2020-02-15  12:44:42 am)작업중 정지 [d:31][t:00:51:15]
[I](2020-02-15  12:44:42 am)    [LNo:0001] 000400/001204
[I](2020-02-15  12:44:42 am)작업중 M코드정지 [d:31][t:00:51:15]
[I](2020-02-15  12:47:55 am)작업중 정지 [d:34][t:00:54:28]
[I](2020-02-15  12:47:55 am)    [LNo:0001] 000419/001204
[I](2020-02-15  12:47:55 am)작업중 M코드정지 [d:34][t:00:54:28]
[A](2020-02-15  12:48:13 am)[037] 자동결선 잔여 WIRE 처리 실패!!
[I](2020-02-15  12:57:00 am)작업중 정지 [d:41][t:01:03:33]
[I](2020-02-15  12:57:00 am)    [LNo:0001] 000445/001204
[I](2020-02-15  12:57:00 am)작업중 M코드정지 [d:41][t:01:03:33]
[I](2020-02-15  01:07:24 am)작업중 정지 [d:50][t:01:13:57]
[I](2020-02-15  01:07:24 am)    [LNo:0001] 000486/001204
[I](2020-02-15  01:07:24 am)작업중 M코드정지 [d:50][t:01:13:57]
[I](2020-02-15  01:08:37 am)작업중 정지 [d:50][t:01:15:10]
[I](2020-02-15  01:08:37 am)    [LNo:0001] 000487/001204
[I](2020-02-15  01:08:37 am)작업중 30sec 접촉 정지 [d:50][t:01:15:11]
[I](2020-02-15  01:09:00 am)작업 재시작
[I](2020-02-15  01:09:11 am)작업중 정지 [d:50][t:01:15:44]
[I](2020-02-15  01:09:11 am)    [LNo:0001] 000489/001204
[I](2020-02-15  01:09:11 am)작업중 M코드정지 [d:50][t:01:15:44]
[I](2020-02-15  01:24:51 am)작업중 정지 [d:65][t:01:31:24]
[I](2020-02-15  01:24:51 am)    [LNo:0001] 000529/001204
[I](2020-02-15  01:24:51 am)작업중 M코드정지 [d:65][t:01:31:24]
[I](2020-02-15  01:26:48 am)작업중 정지 [d:65][t:01:33:22]
[I](2020-02-15  01:26:48 am)    [LNo:0001] 000531/001204
[I](2020-02-15  01:26:48 am)작업중 30sec 접촉 정지 [d:65][t:01:33:22]
[I](2020-02-15  01:27:13 am)작업 재시작
[I](2020-02-15  01:27:21 am)작업중 정지 [d:65][t:01:33:54]
[I](2020-02-15  01:27:21 am)    [LNo:0001] 000533/001204
[I](2020-02-15  01:27:21 am)작업중 M코드정지 [d:65][t:01:33:54]
[I](2020-02-15  01:38:50 am)작업중 정지 [d:76][t:01:45:24]
[I](2020-02-15  01:38:50 am)    [LNo:0001] 000575/001204
[I](2020-02-15  01:38:50 am)작업중 M코드정지 [d:76][t:01:45:24]
[I](2020-02-15  01:39:06 am)작업중 정지 [d:76][t:01:45:40]
[I](2020-02-15  01:39:06 am)    [LNo:0001] 000578/001204
[I](2020-02-15  01:39:06 am)작업중 M코드정지 [d:76][t:01:45:40]
[I](2020-02-15  01:49:35 am)작업중 정지 [d:85][t:01:56:08]
[I](2020-02-15  01:49:35 am)    [LNo:0001] 000619/001204
[I](2020-02-15  01:49:35 am)작업중 M코드정지 [d:85][t:01:56:08]
[I](2020-02-15  01:49:54 am)작업중 정지 [d:86][t:01:56:27]
[I](2020-02-15  01:49:54 am)    [LNo:0001] 000622/001204
[I](2020-02-15  01:49:54 am)작업중 M코드정지 [d:86][t:01:56:27]
[I](2020-02-15  02:05:58 am)작업중 정지 [d:101][t:02:12:32]
[I](2020-02-15  02:05:58 am)    [LNo:0001] 000662/001204
[I](2020-02-15  02:05:58 am)작업중 M코드정지 [d:101][t:02:12:32]
[I](2020-02-15  02:08:30 am)작업중 정지 [d:101][t:02:15:03]
[I](2020-02-15  02:08:30 am)    [LNo:0001] 000664/001204
[I](2020-02-15  02:08:50 am)작업 재시작
[I](2020-02-15  02:08:55 am)작업중 정지 [d:101][t:02:15:28]
[I](2020-02-15  02:08:55 am)    [LNo:0001] 000666/001204
[I](2020-02-15  02:08:55 am)작업중 M코드정지 [d:101][t:02:15:28]
[I](2020-02-15  02:26:24 am)작업중 정지 [d:117][t:02:32:58]
[I](2020-02-15  02:26:24 am)    [LNo:0001] 000709/001204
[I](2020-02-15  02:27:21 am)작업 재시작
[I](2020-02-15  02:31:03 am)작업중 정지 [d:120][t:02:37:36]
[I](2020-02-15  02:31:03 am)    [LNo:0001] 000734/001204
[I](2020-02-15  02:31:03 am)작업중 M코드정지 [d:120][t:02:37:36]
[I](2020-02-15  02:34:13 am)Reset
[I](2020-02-15  02:34:15 am)작업 시작 [Start d:1248]
[I](2020-02-15  02:34:15 am)Nc File: [No.0001-459.NC]
[I](2020-02-15  02:34:15 am)  * Start Machine Position
[I](2020-02-15  02:34:15 am)    X:    260.8948
[I](2020-02-15  02:34:15 am)    Y:   -335.0707
[I](2020-02-15  02:34:15 am)    U:      0.0000
[I](2020-02-15  02:34:15 am)    V:      0.0000
[I](2020-02-15  02:34:15 am)    Z:     30.4017
[I](2020-02-15  02:34:15 am)  * Angle
[I](2020-02-15  02:34:15 am)    Ar:      0.0087,Kr:      0.0000
[I](2020-02-15  02:34:15 am)    Taper_Ar:      0.0000
[I](2020-02-15  03:09:03 am)작업중 정지 [d:34][t:00:34:47]
[I](2020-02-15  03:09:03 am)    [LNo:0001] 000036/001204
[I](2020-02-15  03:09:03 am)작업중 M코드정지 [d:34][t:00:34:48]
[I](2020-02-15  03:09:22 am)작업중 정지 [d:34][t:00:35:07]
[I](2020-02-15  03:09:22 am)    [LNo:0001] 000040/001204
[I](2020-02-15  03:09:22 am)작업중 M코드정지 [d:34][t:00:35:07]
[I](2020-02-15  03:18:43 am)작업중 정지 [d:41][t:00:44:28]
[I](2020-02-15  03:18:43 am)    [LNo:0001] 000085/001204
[I](2020-02-15  03:18:43 am)작업중 30sec 접촉 정지 [d:41][t:00:44:28]
[I](2020-02-15  03:37:47 am)작업 재시작
[I](2020-02-15  04:24:48 am)작업중 정지 [d:88][t:01:50:33]
[I](2020-02-15  04:24:48 am)    [LNo:0001] 000096/001204
[I](2020-02-15  04:24:48 am)작업중 M코드정지 [d:88][t:01:50:33]
[I](2020-02-15  05:55:10 am)작업중 정지 [d:88][t:03:20:54]
[I](2020-02-15  05:55:10 am)    [LNo:0001] 000100/001204
[I](2020-02-15  05:55:10 am)작업중 M코드정지 [d:88][t:03:20:55]
[I](2020-02-15  06:43:01 am)작업중 정지 [d:135][t:04:08:46]
[I](2020-02-15  06:43:01 am)    [LNo:0001] 000158/001204
[I](2020-02-15  06:43:27 am)작업 재시작
[I](2020-02-15  06:43:32 am)작업중 정지 [d:135][t:04:09:17]
[I](2020-02-15  06:43:32 am)    [LNo:0001] 000160/001204
[I](2020-02-15  06:43:32 am)작업중 M코드정지 [d:135][t:04:09:17]
[I](2020-02-15  07:24:20 am)작업중 정지 [d:175][t:04:50:04]
[I](2020-02-15  07:24:20 am)    [LNo:0001] 000215/001204
[I](2020-02-15  07:24:20 am)작업중 M코드정지 [d:175][t:04:50:04]
[I](2020-02-15  07:24:41 am)작업중 정지 [d:175][t:04:50:25]
[I](2020-02-15  07:24:41 am)    [LNo:0001] 000217/001204
[I](2020-02-15  07:25:02 am)작업 재시작
[I](2020-02-15  07:25:07 am)작업중 정지 [d:175][t:04:50:51]
[I](2020-02-15  07:25:07 am)    [LNo:0001] 000219/001204
[I](2020-02-15  07:25:07 am)작업중 M코드정지 [d:175][t:04:50:51]
[I](2020-02-15  07:32:05 am)작업중 정지 [d:182][t:04:57:50]
[I](2020-02-15  07:32:05 am)    [LNo:0001] 000242/001204
[I](2020-02-15  07:32:05 am)작업중 M코드정지 [d:182][t:04:57:50]
[I](2020-02-15  07:33:46 am)작업중 정지 [d:182][t:04:59:30]
[I](2020-02-15  07:33:46 am)    [LNo:0001] 000736/001204
[I](2020-02-15  07:41:46 am)작업중 정지 [d:189][t:05:07:31]
[I](2020-02-15  07:41:46 am)    [LNo:0001] 000754/001204
[I](2020-02-15  07:42:07 am)작업 재시작
[I](2020-02-15  07:42:10 am)작업중 정지 [d:189][t:05:07:54]
[I](2020-02-15  07:42:10 am)    [LNo:0001] 000756/001204
[I](2020-02-15  07:42:10 am)작업중 M코드정지 [d:189][t:05:07:54]
[I](2020-02-15  07:46:52 am)작업중 정지 [d:193][t:05:12:36]
[I](2020-02-15  07:46:52 am)    [LNo:0001] 000792/001204
[I](2020-02-15  07:46:52 am)작업중 30sec 접촉 정지 [d:193][t:05:12:36]
[I](2020-02-15  07:47:45 am)작업 재시작
[I](2020-02-15  07:47:54 am)작업중 정지 [d:194][t:05:13:38]
[I](2020-02-15  07:47:54 am)    [LNo:0001] 000792/001204
[I](2020-02-15  07:47:54 am)작업중 30sec 접촉 정지 [d:194][t:05:13:39]
[I](2020-02-15  07:47:58 am)작업 재시작
[I](2020-02-15  07:53:58 am)작업중 정지 [d:200][t:05:19:43]
[I](2020-02-15  07:53:58 am)    [LNo:0001] 000797/001204
[I](2020-02-15  07:53:58 am)작업중 M코드정지 [d:200][t:05:19:43]
[I](2020-02-15  07:57:19 am)작업중 정지 [d:200][t:05:23:03]
[I](2020-02-15  07:57:19 am)    [LNo:0001] 000798/001204
[I](2020-02-15  07:57:39 am)작업 재시작
[I](2020-02-15  07:57:50 am)작업중 정지 [d:201][t:05:23:35]
[I](2020-02-15  07:57:50 am)    [LNo:0001] 000800/001204
[I](2020-02-15  07:57:50 am)작업중 M코드정지 [d:201][t:05:23:35]
[I](2020-02-15  08:08:56 am)작업중 정지 [d:210][t:05:34:41]
[I](2020-02-15  08:08:56 am)    [LNo:0001] 000840/001204
[I](2020-02-15  08:08:56 am)작업중 M코드정지 [d:210][t:05:34:41]
[I](2020-02-15  08:09:57 am)작업중 정지 [d:211][t:05:35:42]
[I](2020-02-15  08:09:57 am)    [LNo:0001] 000842/001204
[I](2020-02-15  08:09:57 am)작업중 30sec 접촉 정지 [d:211][t:05:35:42]
[I](2020-02-15  08:10:27 am)작업 재시작
[I](2020-02-15  08:10:35 am)작업중 정지 [d:211][t:05:36:20]
[I](2020-02-15  08:10:35 am)    [LNo:0001] 000844/001204
[I](2020-02-15  08:10:35 am)작업중 M코드정지 [d:211][t:05:36:20]
[I](2020-02-15  08:37:04 am)작업중 정지 [d:236][t:06:02:48]
[I](2020-02-15  08:37:04 am)    [LNo:0001] 000885/001204
[I](2020-02-15  08:37:04 am)작업중 M코드정지 [d:236][t:06:02:48]
[I](2020-02-15  08:41:01 am)작업중 정지 [d:236][t:06:06:46]
[I](2020-02-15  08:41:01 am)    [LNo:0001] 000886/001204
[I](2020-02-15  08:41:34 am)작업 재시작
[I](2020-02-15  08:41:39 am)작업중 정지 [d:236][t:06:07:23]
[I](2020-02-15  08:41:39 am)    [LNo:0001] 000888/001204
[I](2020-02-15  08:41:39 am)작업중 M코드정지 [d:236][t:06:07:23]
[I](2020-02-15  08:55:42 am)작업중 정지 [d:243][t:06:21:27]
[I](2020-02-15  08:55:42 am)    [LNo:0001] 000929/001204
[A](2020-02-15  08:56:09 am)[036] 자동결선 절단 공정 실패!!
[I](2020-02-15  09:11:01 am)작업중 정지 [d:256][t:06:36:45]
[I](2020-02-15  09:11:01 am)    [LNo:0001] 000944/001204
[I](2020-02-15  09:11:01 am)작업중 M코드정지 [d:256][t:06:36:46]
[I](2020-02-15  09:19:52 am)작업중 정지 [d:257][t:06:45:36]
[I](2020-02-15  09:19:52 am)    [LNo:0001] 000946/001204
[I](2020-02-15  09:20:23 am)작업 재시작
[I](2020-02-15  09:20:30 am)작업중 정지 [d:257][t:06:46:14]
[I](2020-02-15  09:20:30 am)    [LNo:0001] 000948/001204
[I](2020-02-15  09:20:30 am)작업중 M코드정지 [d:257][t:06:46:14]
[I](2020-02-15  09:47:22 am)작업중 정지 [d:282][t:07:13:07]
[I](2020-02-15  09:47:22 am)    [LNo:0001] 000990/001204
[I](2020-02-15  09:47:22 am)작업중 M코드정지 [d:282][t:07:13:07]
[I](2020-02-15  09:48:11 am)작업중 정지 [d:282][t:07:13:56]
[I](2020-02-15  09:48:11 am)    [LNo:0001] 000991/001204
[I](2020-02-15  09:49:36 am)작업 재시작
[I](2020-02-15  09:49:41 am)작업중 정지 [d:282][t:07:15:26]
[I](2020-02-15  09:49:41 am)    [LNo:0001] 000993/001204
[I](2020-02-15  09:49:41 am)작업중 M코드정지 [d:282][t:07:15:26]
[I](2020-02-15  10:23:28 am)작업중 정지 [d:310][t:07:49:12]
[I](2020-02-15  10:23:28 am)    [LNo:0001] 001052/001204
[I](2020-02-15  10:23:28 am)작업중 M코드정지 [d:310][t:07:49:12]
[I](2020-02-15  10:29:57 am)작업중 정지 [d:311][t:07:55:42]
[I](2020-02-15  10:29:57 am)    [LNo:0001] 001053/001204
[I](2020-02-15  10:30:27 am)작업 재시작
[I](2020-02-15  10:30:33 am)작업중 정지 [d:311][t:07:56:18]
[I](2020-02-15  10:30:33 am)    [LNo:0001] 001055/001204
[I](2020-02-15  10:30:33 am)작업중 M코드정지 [d:311][t:07:56:18]
[I](2020-02-15  10:51:36 am)작업중 정지 [d:330][t:08:17:20]
[I](2020-02-15  10:51:36 am)    [LNo:0001] 001113/001204
[I](2020-02-15  10:51:36 am)작업중 M코드정지 [d:330][t:08:17:20]
[I](2020-02-15  10:52:16 am)작업중 정지 [d:330][t:08:18:00]
[I](2020-02-15  10:52:16 am)    [LNo:0001] 001115/001204
[I](2020-02-15  10:52:49 am)작업 재시작
[I](2020-02-15  10:52:54 am)작업중 정지 [d:330][t:08:18:38]
[I](2020-02-15  10:52:54 am)    [LNo:0001] 001117/001204
[I](2020-02-15  10:52:54 am)작업중 M코드정지 [d:330][t:08:18:38]
[I](2020-02-15  11:19:52 am)작업중 정지 [d:355][t:08:45:37]
[I](2020-02-15  11:19:52 am)    [LNo:0001] 001159/001204
[I](2020-02-15  11:19:52 am)작업중 M코드정지 [d:355][t:08:45:37]
[I](2020-02-15  11:29:07 am)작업중 정지 [d:355][t:08:54:52]
[I](2020-02-15  11:29:07 am)    [LNo:0001] 001160/001204
[I](2020-02-15  11:29:40 am)작업 재시작
[I](2020-02-15  11:29:45 am)작업중 정지 [d:355][t:08:55:29]
[I](2020-02-15  11:29:45 am)    [LNo:0001] 001162/001204
[I](2020-02-15  11:29:45 am)작업중 M코드정지 [d:355][t:08:55:29]
[I](2020-02-15  11:37:59 am)작업중 정지 [d:362][t:09:03:44]
[I](2020-02-15  11:37:59 am)    [LNo:0001] 001200/001204
[I](2020-02-15  11:37:59 am)작업중 M코드정지 [d:362][t:09:03:44]
[I](2020-02-15  11:59:18 am)Reset
[I](2020-02-15  11:59:25 am)Reset
[I](2020-02-15  12:00:05 pm)Reset
[I](2020-02-15  12:01:12 pm)Reset
[I](2020-02-15  12:01:19 pm)Reset
[I](2020-02-15  12:10:08 pm)Reset
[I](2020-02-15  12:10:57 pm)Reset
[I](2020-02-15  12:12:56 pm)Reset
[I](2020-02-15  12:15:49 pm)Reset
[I](2020-02-15  12:15:50 pm)Reset
[I](2020-02-15  12:15:50 pm)Reset
[I](2020-02-15  12:37:51 pm)Reset
[I](2020-02-15  12:37:51 pm)Reset
[I](2020-02-15  12:38:43 pm)Reset
[I](2020-02-15  12:38:47 pm)Reset
[I](2020-02-15  12:42:42 pm)작업 시작 [Start d:0]
[I](2020-02-15  12:42:42 pm)Nc File: [No.0001-460.NC]
[I](2020-02-15  12:42:42 pm)  * Start Machine Position
[I](2020-02-15  12:42:42 pm)    X:    234.9115
[I](2020-02-15  12:42:42 pm)    Y:   -311.4518
[I](2020-02-15  12:42:42 pm)    U:      0.0000
[I](2020-02-15  12:42:42 pm)    V:      0.0000
[I](2020-02-15  12:42:42 pm)    Z:     24.4390
[I](2020-02-15  12:42:42 pm)  * Angle
[I](2020-02-15  12:42:42 pm)    Ar:     -0.0803,Kr:      0.0000
[I](2020-02-15  12:42:42 pm)    Taper_Ar:      0.0000
[I](2020-02-15  12:42:50 pm)작업중 정지 [d:0][t:00:00:08]
[I](2020-02-15  12:42:50 pm)    [LNo:0001] 000010/000391
[I](2020-02-15  12:42:50 pm)작업중 M코드정지 [d:0][t:00:00:08]
[I](2020-02-15  12:54:53 pm)작업중 정지 [d:11][t:00:12:11]
[I](2020-02-15  12:54:53 pm)    [LNo:0001] 000028/000391
[I](2020-02-15  12:54:53 pm)작업중 M코드정지 [d:11][t:00:12:11]
[I](2020-02-15  12:56:27 pm)작업중 정지 [d:11][t:00:13:45]
[I](2020-02-15  12:56:27 pm)    [LNo:0001] 000030/000391
[I](2020-02-15  12:56:55 pm)작업 재시작
[I](2020-02-15  12:57:01 pm)작업중 정지 [d:11][t:00:14:18]
[I](2020-02-15  12:57:01 pm)    [LNo:0001] 000032/000391
[I](2020-02-15  12:57:01 pm)작업중 M코드정지 [d:11][t:00:14:19]
[I](2020-02-15  01:00:08 pm)작업중 정지 [d:14][t:00:17:26]
[I](2020-02-15  01:00:08 pm)    [LNo:0001] 000051/000391
[I](2020-02-15  01:00:08 pm)작업중 M코드정지 [d:14][t:00:17:26]
[I](2020-02-15  01:17:25 pm)작업중 정지 [d:29][t:00:34:43]
[I](2020-02-15  01:17:25 pm)    [LNo:0001] 000074/000391
[I](2020-02-15  01:17:25 pm)작업중 M코드정지 [d:29][t:00:34:43]
[I](2020-02-15  01:24:17 pm)작업중 정지 [d:29][t:00:41:35]
[I](2020-02-15  01:24:17 pm)    [LNo:0001] 000075/000391
[I](2020-02-15  01:24:49 pm)작업 재시작
[I](2020-02-15  01:25:05 pm)작업중 정지 [d:29][t:00:42:23]
[I](2020-02-15  01:25:05 pm)    [LNo:0001] 000077/000391
[I](2020-02-15  01:25:05 pm)작업중 M코드정지 [d:29][t:00:42:23]
[I](2020-02-15  01:48:56 pm)작업중 정지 [d:51][t:01:06:14]
[I](2020-02-15  01:48:56 pm)    [LNo:0001] 000134/000391
[I](2020-02-15  01:48:56 pm)작업중 M코드정지 [d:51][t:01:06:14]
[I](2020-02-15  01:49:55 pm)작업중 정지 [d:52][t:01:07:13]
[I](2020-02-15  01:49:55 pm)    [LNo:0001] 000135/000391
[I](2020-02-15  01:50:47 pm)작업 재시작
[I](2020-02-15  01:50:52 pm)작업중 정지 [d:52][t:01:08:10]
[I](2020-02-15  01:50:52 pm)    [LNo:0001] 000137/000391
[I](2020-02-15  01:50:52 pm)작업중 M코드정지 [d:52][t:01:08:10]
[I](2020-02-15  02:08:08 pm)작업중 정지 [d:67][t:01:25:26]
[I](2020-02-15  02:08:08 pm)    [LNo:0001] 000195/000391
[I](2020-02-15  02:08:08 pm)작업중 M코드정지 [d:67][t:01:25:26]
[I](2020-02-15  02:08:25 pm)작업중 정지 [d:67][t:01:25:43]
[I](2020-02-15  02:08:25 pm)    [LNo:0001] 000197/000391
[I](2020-02-15  02:08:54 pm)작업 재시작
[I](2020-02-15  02:08:59 pm)작업중 정지 [d:67][t:01:26:17]
[I](2020-02-15  02:08:59 pm)    [LNo:0001] 000199/000391
[I](2020-02-15  02:08:59 pm)작업중 M코드정지 [d:67][t:01:26:17]
[I](2020-02-15  02:23:56 pm)작업중 정지 [d:81][t:01:41:14]
[I](2020-02-15  02:23:56 pm)    [LNo:0001] 000239/000391
[I](2020-02-15  02:23:56 pm)작업중 M코드정지 [d:81][t:01:41:14]
[I](2020-02-15  02:25:41 pm)작업중 정지 [d:81][t:01:42:59]
[I](2020-02-15  02:25:41 pm)    [LNo:0001] 000241/000391
[I](2020-02-15  02:26:26 pm)작업 재시작
[I](2020-02-15  02:26:31 pm)작업중 정지 [d:81][t:01:43:49]
[I](2020-02-15  02:26:31 pm)    [LNo:0001] 000243/000391
[I](2020-02-15  02:26:31 pm)작업중 M코드정지 [d:81][t:01:43:49]
[I](2020-02-15  02:44:48 pm)작업중 정지 [d:99][t:02:02:06]
[I](2020-02-15  02:44:48 pm)    [LNo:0001] 000284/000391
[I](2020-02-15  02:44:48 pm)작업중 M코드정지 [d:99][t:02:02:06]
[I](2020-02-15  02:45:10 pm)작업중 정지 [d:99][t:02:02:28]
[I](2020-02-15  02:45:10 pm)    [LNo:0001] 000285/000391
[I](2020-02-15  02:45:40 pm)작업 재시작
[I](2020-02-15  02:45:44 pm)작업중 정지 [d:99][t:02:03:02]
[I](2020-02-15  02:45:44 pm)    [LNo:0001] 000287/000391
[I](2020-02-15  02:45:45 pm)작업중 M코드정지 [d:99][t:02:03:03]
[I](2020-02-15  03:08:40 pm)작업중 정지 [d:120][t:02:25:58]
[I](2020-02-15  03:08:40 pm)    [LNo:0001] 000346/000391
[I](2020-02-15  03:08:40 pm)작업중 M코드정지 [d:120][t:02:25:58]
[I](2020-02-15  03:09:58 pm)작업중 정지 [d:120][t:02:27:15]
[I](2020-02-15  03:09:58 pm)    [LNo:0001] 000347/000391
[I](2020-02-15  03:10:25 pm)작업 재시작
[I](2020-02-15  03:10:33 pm)작업중 정지 [d:120][t:02:27:51]
[I](2020-02-15  03:10:33 pm)    [LNo:0001] 000349/000391
[I](2020-02-15  03:10:33 pm)작업중 M코드정지 [d:120][t:02:27:51]
[I](2020-02-15  03:20:07 pm)작업중 정지 [d:127][t:02:37:25]
[I](2020-02-15  03:20:07 pm)    [LNo:0001] 000387/000391
[I](2020-02-15  03:20:07 pm)작업중 M코드정지 [d:127][t:02:37:25]
[I](2020-02-15  03:25:37 pm)Reset
[I](2020-02-15  03:25:45 pm)Reset
[I](2020-02-15  03:28:28 pm)Reset
[I](2020-02-15  03:30:10 pm)Reset
[I](2020-02-15  03:37:36 pm)Reset
[I](2020-02-15  03:37:36 pm)Reset
[I](2020-02-15  03:41:06 pm)Reset
[I](2020-02-15  03:42:13 pm)Reset
[I](2020-02-15  03:42:18 pm)Reset
[I](2020-02-15  03:42:53 pm)작업 시작 [Start d:127]
[I](2020-02-15  03:42:53 pm)Nc File: [No.0006-470.NC]
[I](2020-02-15  03:42:53 pm)  * Start Machine Position
[I](2020-02-15  03:42:53 pm)    X:    119.8146
[I](2020-02-15  03:42:53 pm)    Y:   -343.7958
[I](2020-02-15  03:42:53 pm)    U:      0.0000
[I](2020-02-15  03:42:53 pm)    V:      0.0000
[I](2020-02-15  03:42:53 pm)    Z:     23.4575
[I](2020-02-15  03:42:53 pm)  * Angle
[I](2020-02-15  03:42:53 pm)    Ar:      0.0429,Kr:      0.0000
[I](2020-02-15  03:42:53 pm)    Taper_Ar:      0.0000
[I](2020-02-15  03:43:03 pm)작업중 정지 [d:0][t:00:00:10]
[I](2020-02-15  03:43:03 pm)    [LNo:0006] 000010/000096
[I](2020-02-15  03:43:03 pm)작업중 M코드정지 [d:0][t:00:00:10]
[I](2020-02-15  03:48:33 pm)작업중 정지 [d:0][t:00:05:39]
[I](2020-02-15  03:48:33 pm)    [LNo:0006] 000026/000096
[I](2020-02-15  03:48:33 pm)작업중 M코드정지 [d:0][t:00:05:39]
[I](2020-02-15  03:48:36 pm)작업중 정지 [d:0][t:00:05:43]
[I](2020-02-15  03:48:36 pm)    [LNo:0006] 000029/000096
[I](2020-02-15  03:48:37 pm)작업중 M코드정지 [d:0][t:00:05:43]
[I](2020-02-15  03:48:46 pm)작업중 정지 [d:0][t:00:05:53]
[I](2020-02-15  03:48:46 pm)    [LNo:0006] 000032/000096
[I](2020-02-15  04:07:57 pm)작업중 정지 [d:19][t:00:25:03]
[I](2020-02-15  04:07:57 pm)    [LNo:0006] 000059/000096
[I](2020-02-15  04:07:57 pm)작업중 M코드정지 [d:19][t:00:25:03]
[I](2020-02-15  04:08:35 pm)작업중 정지 [d:19][t:00:25:41]
[I](2020-02-15  04:08:35 pm)    [LNo:0006] 000061/000096
[I](2020-02-15  04:09:12 pm)작업 재시작
[I](2020-02-15  04:09:16 pm)작업중 정지 [d:19][t:00:26:22]
[I](2020-02-15  04:09:16 pm)    [LNo:0006] 000063/000096
[I](2020-02-15  04:09:16 pm)작업중 M코드정지 [d:19][t:00:26:22]
[I](2020-02-15  04:14:52 pm)작업중 정지 [d:25][t:00:31:59]
[I](2020-02-15  04:14:52 pm)    [LNo:0006] 000089/000096
[I](2020-02-15  04:14:52 pm)작업중 M코드정지 [d:25][t:00:31:59]
[I](2020-02-15  04:18:15 pm)작업중 정지 [d:25][t:00:35:22]
[I](2020-02-15  04:18:15 pm)    [LNo:0006] 000067/000096
[I](2020-02-15  04:20:54 pm)작업중 정지 [d:27][t:00:38:01]
[I](2020-02-15  04:20:54 pm)    [LNo:0006] 000092/000096
[I](2020-02-15  04:20:54 pm)작업중 M코드정지 [d:27][t:00:38:01]
[I](2020-02-15  05:04:01 pm)Reset
[I](2020-02-15  05:15:06 pm)Reset
[I](2020-02-15  05:15:41 pm)Reset
[A](2020-02-15  05:18:18 pm)[036] 자동결선 절단 공정 실패!!
[I](2020-02-15  05:18:54 pm)Reset
[I](2020-02-15  05:18:55 pm)Reset
[I](2020-02-15  05:20:05 pm)Reset
[I](2020-02-15  05:20:31 pm)Reset
[I](2020-02-15  05:20:51 pm)Reset
[I](2020-02-15  05:20:51 pm)Reset
[I](2020-02-15  05:21:27 pm)Reset
[I](2020-02-15  05:21:50 pm)Reset
[I](2020-02-15  05:22:33 pm)Reset
[I](2020-02-15  05:22:53 pm)Reset
[I](2020-02-15  05:23:14 pm)Reset
[I](2020-02-15  05:23:14 pm)Reset
[I](2020-02-15  05:23:15 pm)Reset
[I](2020-02-15  05:23:15 pm)Reset
[I](2020-02-15  05:23:23 pm)Reset
[I](2020-02-15  05:23:25 pm)Reset
[I](2020-02-15  05:23:26 pm)Reset
[I](2020-02-15  05:26:52 pm)작업 시작 [Start d:0]
[I](2020-02-15  05:26:52 pm)Nc File: [No.0005-416.NC]
[I](2020-02-15  05:26:52 pm)  * Start Machine Position
[I](2020-02-15  05:26:52 pm)    X:    105.9444
[I](2020-02-15  05:26:52 pm)    Y:   -343.5799
[I](2020-02-15  05:26:52 pm)    U:      0.0003
[I](2020-02-15  05:26:52 pm)    V:      0.0799
[I](2020-02-15  05:26:52 pm)    Z:    251.2325
[I](2020-02-15  05:26:52 pm)  * Angle
[I](2020-02-15  05:26:52 pm)    Ar:     -0.2756,Kr:      0.0000
[I](2020-02-15  05:26:52 pm)    Taper_Ar:      0.0000
[I](2020-02-15  05:26:56 pm)작업중 정지 [d:0][t:00:00:04]
[I](2020-02-15  05:26:56 pm)    [LNo:0005] 000010/000054
[I](2020-02-15  05:26:56 pm)작업중 M코드정지 [d:0][t:00:00:04]
[I](2020-02-15  05:34:04 pm)작업중 정지 [d:5][t:00:07:11]
[I](2020-02-15  05:34:04 pm)    [LNo:0005] 000023/000054
[I](2020-02-15  05:34:04 pm)작업중 30sec 접촉 정지 [d:5][t:00:07:11]
[I](2020-02-15  05:34:17 pm)작업 재시작
[I](2020-02-15  05:34:22 pm)작업중 정지 [d:5][t:00:07:30]
[I](2020-02-15  05:34:22 pm)    [LNo:0005] 000023/000054
[I](2020-02-15  05:34:22 pm)작업중 30sec 접촉 정지 [d:5][t:00:07:30]
[I](2020-02-15  05:34:35 pm)작업 재시작
[I](2020-02-15  05:34:59 pm)작업중 정지 [d:6][t:00:08:07]
[I](2020-02-15  05:34:59 pm)    [LNo:0005] 000023/000054
[I](2020-02-15  05:34:59 pm)작업중 30sec 접촉 정지 [d:6][t:00:08:07]
[I](2020-02-15  05:35:09 pm)작업 재시작
[I](2020-02-15  05:35:19 pm)작업중 정지 [d:6][t:00:08:26]
[I](2020-02-15  05:35:19 pm)    [LNo:0005] 000023/000054
[I](2020-02-15  05:35:19 pm)작업중 30sec 접촉 정지 [d:6][t:00:08:26]
[I](2020-02-15  05:35:46 pm)작업 재시작
[I](2020-02-15  05:36:01 pm)작업중 정지 [d:6][t:00:09:09]
[I](2020-02-15  05:36:01 pm)    [LNo:0005] 000023/000054
[I](2020-02-15  05:36:01 pm)작업중 30sec 접촉 정지 [d:6][t:00:09:09]
[I](2020-02-15  05:36:15 pm)작업중 정지 [d:6][t:00:09:23]
[I](2020-02-15  05:36:15 pm)    [LNo:0005] 000012/000054
[I](2020-02-15  08:31:14 pm)작업중 정지 [d:181][t:03:04:21]
[I](2020-02-15  08:31:14 pm)    [LNo:0005] 000023/000054
[I](2020-02-15  08:31:14 pm)작업중 30sec 접촉 정지 [d:181][t:03:04:21]
[I](2020-02-15  10:39:31 pm)작업 재시작
[I](2020-02-15  10:39:43 pm)작업중 정지 [d:181][t:05:12:51]
[I](2020-02-15  10:39:43 pm)    [LNo:0005] 000023/000054
[I](2020-02-15  10:40:53 pm)작업 재시작
[I](2020-02-15  10:41:53 pm)작업중 정지 [d:182][t:05:15:00]
[I](2020-02-15  10:41:53 pm)    [LNo:0005] 000023/000054
[I](2020-02-15  10:41:53 pm)작업중 30sec 접촉 정지 [d:182][t:05:15:00]
[I](2020-02-15  10:42:02 pm)작업 재시작
[I](2020-02-15  10:44:11 pm)작업중 정지 [d:184][t:05:17:19]
[I](2020-02-15  10:44:11 pm)    [LNo:0005] 000023/000054
[I](2020-02-15  10:44:11 pm)작업중 30sec 접촉 정지 [d:184][t:05:17:19]
[I](2020-02-15  10:54:25 pm)작업 재시작
