[I](2020-08-03  08:29:24 am)Ready On
[I](2020-08-03  08:39:26 am)Reset
[I](2020-08-03  08:40:33 am)Reset
[I](2020-08-03  08:40:35 am)작업 시작 [Start d:849]
[I](2020-08-03  08:40:35 am)Nc File: [No.0005-406.NC]
[I](2020-08-03  08:40:35 am)  * Start Machine Position
[I](2020-08-03  08:40:35 am)    X:    148.8247
[I](2020-08-03  08:40:35 am)    Y:   -324.4917
[I](2020-08-03  08:40:35 am)    U:      0.0000
[I](2020-08-03  08:40:35 am)    V:      0.0000
[I](2020-08-03  08:40:35 am)    Z:     16.5871
[I](2020-08-03  08:40:35 am)  * Angle
[I](2020-08-03  08:40:35 am)    Ar:     -0.0086,Kr:      0.0000
[I](2020-08-03  08:40:35 am)    Taper_Ar:      0.0000
[I](2020-08-03  08:46:09 am)작업중 정지 [d:4][t:00:05:34]
[I](2020-08-03  08:46:09 am)    [LNo:0005] 000055/000471
[I](2020-08-03  08:46:09 am)작업중 30sec 접촉 정지 [d:4][t:00:05:34]
[I](2020-08-03  08:47:54 am)작업 재시작
[I](2020-08-03  08:47:55 am)작업중 정지 [d:4][t:00:07:20]
[I](2020-08-03  08:47:55 am)    [LNo:0005] 000055/000471
[I](2020-08-03  08:48:06 am)작업 재시작
[I](2020-08-03  08:48:09 am)작업중 정지 [d:4][t:00:07:34]
[I](2020-08-03  08:48:09 am)    [LNo:0005] 000055/000471
[I](2020-08-03  08:48:52 am)작업 재시작
[I](2020-08-03  08:56:26 am)작업중 정지 [d:10][t:00:15:51]
[I](2020-08-03  08:56:26 am)    [LNo:0005] 000097/000471
[I](2020-08-03  08:56:26 am)Wire Contact Auto Stop(M52)
[I](2020-08-03  09:02:37 am)작업 재시작
[I](2020-08-03  09:14:22 am)작업중 정지 [d:21][t:00:33:47]
[I](2020-08-03  09:14:22 am)    [LNo:0005] 000165/000471
[I](2020-08-03  09:14:22 am)작업중 30sec 접촉 정지 [d:21][t:00:33:47]
[I](2020-08-03  09:19:53 am)작업 재시작
[I](2020-08-03  09:19:54 am)작업중 정지 [d:21][t:00:39:19]
[I](2020-08-03  09:19:54 am)    [LNo:0005] 000165/000471
[I](2020-08-03  09:20:11 am)작업 재시작
[I](2020-08-03  09:24:34 am)작업중 정지 [d:25][t:00:43:58]
[I](2020-08-03  09:24:34 am)    [LNo:0005] 000188/000471
[I](2020-08-03  09:24:34 am)작업중 M코드정지 [d:25][t:00:43:58]
[I](2020-08-03  09:38:58 am)작업중 정지 [d:32][t:00:58:23]
[I](2020-08-03  09:38:58 am)    [LNo:0005] 000211/000471
[I](2020-08-03  09:38:58 am)작업중 M코드정지 [d:32][t:00:58:23]
[I](2020-08-03  09:41:54 am)작업중 정지 [d:32][t:01:01:19]
[I](2020-08-03  09:41:54 am)    [LNo:0005] 000215/000471
[I](2020-08-03  09:41:54 am)작업중 M코드정지 [d:32][t:01:01:19]
[I](2020-08-03  09:44:04 am)작업중 정지 [d:34][t:01:03:29]
[I](2020-08-03  09:44:04 am)    [LNo:0005] 000236/000471
[I](2020-08-03  09:44:04 am)작업중 M코드정지 [d:34][t:01:03:29]
[I](2020-08-03  09:54:00 am)작업중 정지 [d:38][t:01:13:25]
[I](2020-08-03  09:54:00 am)    [LNo:0005] 000268/000471
[I](2020-08-03  09:54:00 am)작업중 M코드정지 [d:38][t:01:13:25]
[I](2020-08-03  10:07:07 am)작업중 정지 [d:38][t:01:26:32]
[I](2020-08-03  10:07:07 am)    [LNo:0005] 000271/000471
[I](2020-08-03  10:07:07 am)작업중 M코드정지 [d:38][t:01:26:32]
[I](2020-08-03  10:15:43 am)작업중 정지 [d:45][t:01:35:08]
[I](2020-08-03  10:15:43 am)    [LNo:0005] 000326/000471
[I](2020-08-03  10:15:43 am)Wire Contact Auto Stop(M52)
[I](2020-08-03  10:16:47 am)작업 재시작
[I](2020-08-03  10:16:49 am)작업중 정지 [d:45][t:01:36:13]
[I](2020-08-03  10:16:49 am)    [LNo:0005] 000327/000471
[I](2020-08-03  10:16:49 am)작업중 M코드정지 [d:45][t:01:36:13]
[I](2020-08-03  10:17:40 am)작업중 정지 [d:45][t:01:37:04]
[I](2020-08-03  10:17:40 am)    [LNo:0005] 000331/000471
[I](2020-08-03  10:17:40 am)작업중 M코드정지 [d:45][t:01:37:05]
[I](2020-08-03  10:29:38 am)작업중 정지 [d:55][t:01:49:02]
[I](2020-08-03  10:29:38 am)    [LNo:0005] 000378/000471
[I](2020-08-03  10:29:38 am)작업중 M코드정지 [d:55][t:01:49:02]
[I](2020-08-03  10:46:19 am)작업중 정지 [d:55][t:02:05:44]
[I](2020-08-03  10:46:19 am)    [LNo:0005] 000379/000471
[I](2020-08-03  10:46:54 am)작업 재시작
[I](2020-08-03  10:46:58 am)작업중 정지 [d:55][t:02:06:22]
[I](2020-08-03  10:46:58 am)    [LNo:0005] 000381/000471
[I](2020-08-03  10:46:58 am)작업중 M코드정지 [d:55][t:02:06:22]
[I](2020-08-03  10:53:46 am)작업중 정지 [d:55][t:02:13:11]
[I](2020-08-03  10:53:46 am)    [LNo:0005] 000387/000471
[I](2020-08-03  11:06:39 am)작업중 정지 [d:65][t:02:26:04]
[I](2020-08-03  11:06:39 am)    [LNo:0005] 000439/000471
[I](2020-08-03  11:06:39 am)Wire Contact Auto Stop(M52)
[I](2020-08-03  11:07:23 am)작업 재시작
[I](2020-08-03  11:08:15 am)작업중 정지 [d:66][t:02:27:40]
[I](2020-08-03  11:08:15 am)    [LNo:0005] 000440/000471
[I](2020-08-03  11:08:15 am)작업중 M코드정지 [d:66][t:02:27:40]
[I](2020-08-03  11:15:28 am)작업중 정지 [d:66][t:02:34:52]
[I](2020-08-03  11:15:28 am)    [LNo:0005] 000444/000471
[I](2020-08-03  11:15:28 am)작업중 M코드정지 [d:66][t:02:34:53]
[I](2020-08-03  11:19:11 am)작업중 정지 [d:68][t:02:38:36]
[I](2020-08-03  11:19:11 am)    [LNo:0005] 000467/000471
[I](2020-08-03  11:19:12 am)작업중 M코드정지 [d:68][t:02:38:36]
[I](2020-08-03  11:49:46 am)Reset
[I](2020-08-03  11:49:55 am)Reset
[I](2020-08-03  02:00:31 pm)Reset
[I](2020-08-03  02:00:31 pm)Reset
[I](2020-08-03  02:00:32 pm)Reset
[I](2020-08-03  02:00:32 pm)Reset
[I](2020-08-03  02:19:12 pm)Reset
[I](2020-08-03  02:19:12 pm)Reset
[I](2020-08-03  02:21:56 pm)작업 시작 [Start d:917]
[I](2020-08-03  02:21:56 pm)Nc File: [No.0001-447.NC]
[I](2020-08-03  02:21:56 pm)  * Start Machine Position
[I](2020-08-03  02:21:56 pm)    X:     43.1178
[I](2020-08-03  02:21:56 pm)    Y:   -374.8232
[I](2020-08-03  02:21:56 pm)    U:      0.0000
[I](2020-08-03  02:21:56 pm)    V:      0.0000
[I](2020-08-03  02:21:56 pm)    Z:     30.4900
[I](2020-08-03  02:21:56 pm)  * Angle
[I](2020-08-03  02:21:56 pm)    Ar:      0.0551,Kr:      0.0000
[I](2020-08-03  02:21:56 pm)    Taper_Ar:      0.0000
[I](2020-08-03  02:22:33 pm)작업중 정지 [d:0][t:00:00:37]
[I](2020-08-03  02:22:33 pm)    [LNo:0001] 001952/002274
[A](2020-08-03  02:24:02 pm)[032] 자동결선 상부 센서 WIRE CONTACT!!
[I](2020-08-03  02:27:45 pm)Reset
[I](2020-08-03  02:28:45 pm)작업 시작 [Start d:917]
[I](2020-08-03  02:28:45 pm)Nc File: [No.0001-447.NC]
[I](2020-08-03  02:28:45 pm)  * Start Machine Position
[I](2020-08-03  02:28:45 pm)    X:     43.1178
[I](2020-08-03  02:28:45 pm)    Y:   -374.8232
[I](2020-08-03  02:28:45 pm)    U:      0.0000
[I](2020-08-03  02:28:45 pm)    V:      0.0000
[I](2020-08-03  02:28:45 pm)    Z:     30.4900
[I](2020-08-03  02:28:45 pm)  * Angle
[I](2020-08-03  02:28:45 pm)    Ar:      0.0551,Kr:      0.0000
[I](2020-08-03  02:28:45 pm)    Taper_Ar:      0.0000
[I](2020-08-03  02:53:07 pm)작업중 정지 [d:24][t:00:24:21]
[I](2020-08-03  02:53:07 pm)    [LNo:0001] 000029/002274
[I](2020-08-03  02:53:07 pm)작업중 M코드정지 [d:24][t:00:24:21]
[I](2020-08-03  02:54:00 pm)작업중 정지 [d:24][t:00:25:14]
[I](2020-08-03  02:54:00 pm)    [LNo:0001] 000030/002274
[I](2020-08-03  02:54:38 pm)작업 재시작
[I](2020-08-03  02:54:42 pm)작업중 정지 [d:25][t:00:25:56]
[I](2020-08-03  02:54:42 pm)    [LNo:0001] 000032/002274
[I](2020-08-03  02:54:42 pm)작업중 M코드정지 [d:25][t:00:25:56]
[I](2020-08-03  02:55:55 pm)작업중 정지 [d:26][t:00:27:09]
[I](2020-08-03  02:55:55 pm)    [LNo:0001] 000045/002274
[I](2020-08-03  02:55:55 pm)작업중 30sec 접촉 정지 [d:26][t:00:27:09]
[I](2020-08-03  03:06:48 pm)작업 재시작
[I](2020-08-03  04:09:15 pm)작업중 정지 [d:-856][t:01:40:29]
[I](2020-08-03  04:09:15 pm)    [LNo:0001] 000158/002274
[I](2020-08-03  04:09:15 pm)작업중 M코드정지 [d:-856][t:01:40:29]
[I](2020-08-03  04:09:51 pm)작업중 정지 [d:-856][t:01:41:05]
[I](2020-08-03  04:09:51 pm)    [LNo:0001] 000160/002274
[I](2020-08-03  04:09:51 pm)작업중 M코드정지 [d:-856][t:01:41:06]
[I](2020-08-03  04:10:17 pm)Reset
[I](2020-08-03  04:10:27 pm)Reset
[I](2020-08-03  04:11:12 pm)Reset
[I](2020-08-03  04:11:27 pm)작업 시작 [Start d:61]
[I](2020-08-03  04:11:27 pm)Nc File: [No.0001-447.NC]
[I](2020-08-03  04:11:27 pm)  * Start Machine Position
[I](2020-08-03  04:11:27 pm)    X:     43.1178
[I](2020-08-03  04:11:27 pm)    Y:   -374.8232
[I](2020-08-03  04:11:27 pm)    U:      0.0000
[I](2020-08-03  04:11:27 pm)    V:      0.0000
[I](2020-08-03  04:11:27 pm)    Z:     30.4900
[I](2020-08-03  04:11:27 pm)  * Angle
[I](2020-08-03  04:11:27 pm)    Ar:      0.0551,Kr:      0.0000
[I](2020-08-03  04:11:27 pm)    Taper_Ar:      0.0000
[I](2020-08-03  04:11:31 pm)작업중 정지 [d:0][t:00:00:04]
[I](2020-08-03  04:11:31 pm)    [LNo:0001] 000168/002274
[I](2020-08-03  04:27:58 pm)작업중 정지 [d:15][t:00:16:31]
[I](2020-08-03  04:27:58 pm)    [LNo:0001] 000189/002274
[I](2020-08-03  04:27:59 pm)작업중 M코드정지 [d:15][t:00:16:31]
[I](2020-08-03  04:31:13 pm)작업중 정지 [d:15][t:00:19:46]
[I](2020-08-03  04:31:13 pm)    [LNo:0001] 000191/002274
[I](2020-08-03  04:31:44 pm)작업 재시작
[I](2020-08-03  04:31:49 pm)작업중 정지 [d:15][t:00:20:21]
[I](2020-08-03  04:31:49 pm)    [LNo:0001] 000192/002274
[I](2020-08-03  04:31:49 pm)작업중 M코드정지 [d:15][t:00:20:21]
[I](2020-08-03  05:11:56 pm)작업중 정지 [d:53][t:01:00:28]
[I](2020-08-03  05:11:56 pm)    [LNo:0001] 000292/002274
[I](2020-08-03  05:11:56 pm)작업중 M코드정지 [d:53][t:01:00:28]
[I](2020-08-03  05:12:09 pm)작업중 정지 [d:53][t:01:00:42]
[I](2020-08-03  05:12:09 pm)    [LNo:0001] 000293/002274
[I](2020-08-03  05:12:09 pm)Wire Contact Auto Stop(M52)
[I](2020-08-03  05:13:12 pm)작업 재시작
[I](2020-08-03  05:13:19 pm)작업중 정지 [d:53][t:01:01:52]
[I](2020-08-03  05:13:19 pm)    [LNo:0001] 000294/002274
[I](2020-08-03  05:13:19 pm)작업중 M코드정지 [d:53][t:01:01:52]
[I](2020-08-03  05:14:56 pm)작업중 정지 [d:53][t:01:03:29]
[I](2020-08-03  05:14:56 pm)    [LNo:0001] 000303/002274
[I](2020-08-03  07:24:42 pm)작업중 정지 [d:183][t:03:13:15]
[I](2020-08-03  07:24:42 pm)    [LNo:0001] 000408/002274
[I](2020-08-03  07:24:42 pm)작업중 M코드정지 [d:183][t:03:13:15]
[I](2020-08-03  07:25:10 pm)작업중 정지 [d:183][t:03:13:43]
[I](2020-08-03  07:25:10 pm)    [LNo:0001] 000411/002274
[I](2020-08-03  07:25:10 pm)작업중 M코드정지 [d:183][t:03:13:43]
[I](2020-08-03  08:50:27 pm)작업중 정지 [d:266][t:04:39:00]
[I](2020-08-03  08:50:27 pm)    [LNo:0001] 000634/002274
[I](2020-08-03  08:50:27 pm)작업중 M코드정지 [d:266][t:04:39:00]
[I](2020-08-03  08:51:02 pm)작업중 정지 [d:266][t:04:39:35]
[I](2020-08-03  08:51:02 pm)    [LNo:0001] 000635/002274
[I](2020-08-03  08:51:02 pm)Wire Contact Auto Stop(M52)
[I](2020-08-03  08:51:51 pm)작업 재시작
[I](2020-08-03  08:51:58 pm)작업중 정지 [d:266][t:04:40:31]
[I](2020-08-03  08:51:58 pm)    [LNo:0001] 000636/002274
[I](2020-08-03  08:51:58 pm)작업중 M코드정지 [d:266][t:04:40:31]
[I](2020-08-03  09:48:11 pm)작업중 정지 [d:321][t:05:36:43]
[I](2020-08-03  09:48:11 pm)    [LNo:0001] 000754/002274
[I](2020-08-03  09:48:11 pm)작업중 M코드정지 [d:321][t:05:36:43]
[I](2020-08-03  09:48:55 pm)작업중 정지 [d:321][t:05:37:27]
[I](2020-08-03  09:48:55 pm)    [LNo:0001] 000755/002274
[I](2020-08-03  09:48:55 pm)Wire Contact Auto Stop(M52)
[I](2020-08-03  09:49:19 pm)작업 재시작
[I](2020-08-03  09:49:31 pm)작업중 정지 [d:321][t:05:38:04]
[I](2020-08-03  09:49:31 pm)    [LNo:0001] 000756/002274
[I](2020-08-03  09:49:31 pm)작업중 M코드정지 [d:321][t:05:38:04]
[I](2020-08-03  10:15:06 pm)작업중 정지 [d:345][t:06:03:39]
[I](2020-08-03  10:15:06 pm)    [LNo:0001] 000791/002274
[I](2020-08-03  10:15:06 pm)작업중 M코드정지 [d:345][t:06:03:39]
[I](2020-08-03  10:17:29 pm)작업중 정지 [d:345][t:06:06:01]
[I](2020-08-03  10:17:29 pm)    [LNo:0001] 000794/002274
[I](2020-08-03  10:17:29 pm)작업중 M코드정지 [d:345][t:06:06:02]
[I](2020-08-03  11:09:47 pm)작업중 정지 [d:396][t:06:58:19]
[I](2020-08-03  11:09:47 pm)    [LNo:0001] 000875/002274
[I](2020-08-03  11:09:47 pm)작업중 Single Block Stop [d:396][t:06:58:20]
[A](2020-08-03  11:14:59 pm)[037] 자동결선 잔여 WIRE 처리 실패!!
[I](2020-08-03  11:27:37 pm)작업중 정지 [d:408][t:07:16:10]
[I](2020-08-03  11:27:37 pm)    [LNo:0001] 000900/002274
[I](2020-08-03  11:27:38 pm)작업중 M코드정지 [d:408][t:07:16:10]
[I](2020-08-03  11:28:09 pm)작업중 정지 [d:408][t:07:16:42]
[I](2020-08-03  11:28:09 pm)    [LNo:0001] 000901/002274
[I](2020-08-03  11:28:09 pm)Wire Contact Auto Stop(M52)
[I](2020-08-03  11:28:33 pm)작업 재시작
[I](2020-08-03  11:28:37 pm)작업중 정지 [d:408][t:07:17:10]
[I](2020-08-03  11:28:37 pm)    [LNo:0001] 000902/002274
[I](2020-08-03  11:28:37 pm)작업중 M코드정지 [d:408][t:07:17:10]
[I](2020-08-03  11:42:46 pm)작업중 정지 [d:421][t:07:31:19]
[I](2020-08-03  11:42:46 pm)    [LNo:0001] 000931/002274
[I](2020-08-03  11:42:46 pm)작업중 M코드정지 [d:421][t:07:31:19]
[I](2020-08-03  11:48:35 pm)작업중 정지 [d:421][t:07:37:08]
[I](2020-08-03  11:48:35 pm)    [LNo:0001] 000934/002274
[I](2020-08-03  11:48:35 pm)작업중 M코드정지 [d:421][t:07:37:08]
