[I](2020-06-05  08:23:53 am)Ready On
[I](2020-06-05  08:30:38 am)작업중 정지 [d:187][t:14:43:42]
[I](2020-06-05  08:30:38 am)    [LNo:0003] 000406/000554
[I](2020-06-05  08:33:03 am)작업중 정지 [d:188][t:14:46:07]
[I](2020-06-05  08:33:03 am)    [LNo:0003] 000417/000554
[I](2020-06-05  08:33:04 am)작업중 M코드정지 [d:188][t:14:46:07]
[I](2020-06-05  08:34:51 am)작업중 정지 [d:188][t:14:47:54]
[I](2020-06-05  08:34:51 am)    [LNo:0003] 000418/000554
[I](2020-06-05  08:34:51 am)Wire Contact Auto Stop(M52)
[I](2020-06-05  08:35:33 am)작업 재시작
[I](2020-06-05  08:38:06 am)작업중 정지 [d:189][t:14:51:10]
[I](2020-06-05  08:38:06 am)    [LNo:0003] 000438/000554
[I](2020-06-05  08:38:06 am)작업중 M코드정지 [d:189][t:14:51:10]
[I](2020-06-05  08:38:55 am)작업중 정지 [d:189][t:14:51:59]
[I](2020-06-05  08:38:55 am)    [LNo:0003] 000439/000554
[I](2020-06-05  08:38:55 am)Wire Contact Auto Stop(M52)
[I](2020-06-05  08:50:30 am)Reset
[I](2020-06-05  08:50:30 am)Reset
[I](2020-06-05  09:01:19 am)Reset
[I](2020-06-05  09:01:20 am)Reset
[I](2020-06-05  09:06:32 am)Reset
[I](2020-06-05  09:10:58 am)Reset
[I](2020-06-05  09:10:58 am)Reset
[I](2020-06-05  09:10:59 am)Reset
[I](2020-06-05  09:10:59 am)Reset
[I](2020-06-05  09:11:00 am)Reset
[I](2020-06-05  09:14:56 am)Reset
[I](2020-06-05  09:17:45 am)Reset
[I](2020-06-05  09:21:14 am)작업 시작 [Start d:872]
[I](2020-06-05  09:21:14 am)Nc File: [No.0004-698.NC]
[I](2020-06-05  09:21:14 am)  * Start Machine Position
[I](2020-06-05  09:21:14 am)    X:     64.3007
[I](2020-06-05  09:21:14 am)    Y:   -316.7741
[I](2020-06-05  09:21:14 am)    U:      0.0000
[I](2020-06-05  09:21:14 am)    V:      0.0000
[I](2020-06-05  09:21:14 am)    Z:     29.9319
[I](2020-06-05  09:21:14 am)  * Angle
[I](2020-06-05  09:21:14 am)    Ar:      0.1451,Kr:      0.0000
[I](2020-06-05  09:21:14 am)    Taper_Ar:      0.0000
[I](2020-06-05  09:21:19 am)작업중 정지 [d:0][t:00:00:04]
[I](2020-06-05  09:21:19 am)    [LNo:0004] 000260/000370
[I](2020-06-05  09:22:44 am)Reset
[I](2020-06-05  09:26:46 am)작업 시작 [Start d:872]
[I](2020-06-05  09:26:46 am)Nc File: [No.0004-698.NC]
[I](2020-06-05  09:26:46 am)  * Start Machine Position
[I](2020-06-05  09:26:46 am)    X:     64.3007
[I](2020-06-05  09:26:46 am)    Y:   -316.7741
[I](2020-06-05  09:26:46 am)    U:      0.0000
[I](2020-06-05  09:26:46 am)    V:      0.0000
[I](2020-06-05  09:26:46 am)    Z:     29.9319
[I](2020-06-05  09:26:46 am)  * Angle
[I](2020-06-05  09:26:46 am)    Ar:      0.1451,Kr:      0.0000
[I](2020-06-05  09:26:46 am)    Taper_Ar:      0.0000
[I](2020-06-05  09:47:40 am)작업중 정지 [d:21][t:00:20:54]
[I](2020-06-05  09:47:40 am)    [LNo:0004] 000039/000370
[I](2020-06-05  09:47:40 am)작업중 M코드정지 [d:21][t:00:20:54]
[I](2020-06-05  09:55:07 am)작업중 정지 [d:21][t:00:28:21]
[I](2020-06-05  09:55:07 am)    [LNo:0004] 000040/000370
[I](2020-06-05  09:56:51 am)작업 재시작
[I](2020-06-05  09:57:01 am)작업중 정지 [d:-872][t:00:30:15]
[I](2020-06-05  09:57:01 am)    [LNo:0004] 000042/000370
[I](2020-06-05  09:57:01 am)작업중 M코드정지 [d:-872][t:00:30:15]
[I](2020-06-05  10:12:08 am)작업중 정지 [d:-858][t:00:45:22]
[I](2020-06-05  10:12:08 am)    [LNo:0004] 000147/000370
[I](2020-06-05  10:12:08 am)작업중 M코드정지 [d:-858][t:00:45:22]
[I](2020-06-05  10:15:35 am)작업중 정지 [d:-858][t:00:48:49]
[I](2020-06-05  10:15:35 am)    [LNo:0004] 000161/000370
[A](2020-06-05  10:15:35 am)[008] 작업중 단선(AWF Feed Motor Stop )
[I](2020-06-05  10:15:35 am)작업중 Wire 단선 [d:-858][t:00:48:49]
[I](2020-06-05  10:16:45 am)작업 재시작
[I](2020-06-05  10:33:27 am)작업중 정지 [d:-841][t:01:06:41]
[I](2020-06-05  10:33:27 am)    [LNo:0004] 000250/000370
[I](2020-06-05  10:33:27 am)작업중 M코드정지 [d:-841][t:01:06:41]
[I](2020-06-05  10:35:52 am)작업중 정지 [d:-841][t:01:09:06]
[I](2020-06-05  10:35:52 am)    [LNo:0004] 000251/000370
[I](2020-06-05  10:35:52 am)Wire Contact Auto Stop(M52)
[I](2020-06-05  10:36:25 am)작업 재시작
[I](2020-06-05  10:36:33 am)작업중 정지 [d:-841][t:01:09:47]
[I](2020-06-05  10:36:33 am)    [LNo:0004] 000252/000370
[I](2020-06-05  10:36:33 am)작업중 M코드정지 [d:-841][t:01:09:47]
[I](2020-06-05  10:54:47 am)작업중 정지 [d:-824][t:01:28:01]
[I](2020-06-05  10:54:47 am)    [LNo:0004] 000358/000370
[I](2020-06-05  10:54:47 am)작업중 M코드정지 [d:-824][t:01:28:01]
[I](2020-06-05  10:57:14 am)작업중 정지 [d:-823][t:01:30:28]
[I](2020-06-05  10:57:14 am)    [LNo:0004] 000360/000370
[I](2020-06-05  10:57:14 am)작업중 M코드정지 [d:-823][t:01:30:28]
[I](2020-06-05  11:00:46 am)Reset
[I](2020-06-05  11:00:46 am)Reset
[I](2020-06-05  11:00:54 am)Reset
[I](2020-06-05  11:14:53 am)Reset
[I](2020-06-05  11:14:53 am)Reset
[I](2020-06-05  11:17:03 am)Reset
[I](2020-06-05  11:18:59 am)Reset
[I](2020-06-05  11:21:00 am)Reset
[I](2020-06-05  11:22:43 am)작업 시작 [Start d:49]
[I](2020-06-05  11:22:43 am)Nc File: [No.0005-699.NC]
[I](2020-06-05  11:22:43 am)  * Start Machine Position
[I](2020-06-05  11:22:43 am)    X:     71.9992
[I](2020-06-05  11:22:43 am)    Y:   -367.4135
[I](2020-06-05  11:22:43 am)    U:      0.0000
[I](2020-06-05  11:22:43 am)    V:      0.0000
[I](2020-06-05  11:22:43 am)    Z:     36.6689
[I](2020-06-05  11:22:43 am)  * Angle
[I](2020-06-05  11:22:43 am)    Ar:     -0.2047,Kr:      0.0000
[I](2020-06-05  11:22:43 am)    Taper_Ar:      0.0000
[I](2020-06-05  11:22:47 am)작업중 정지 [d:0][t:00:00:04]
[I](2020-06-05  11:22:47 am)    [LNo:0005] 000010/000351
[I](2020-06-05  11:22:47 am)작업중 M코드정지 [d:0][t:00:00:04]
[I](2020-06-05  11:23:08 am)작업중 정지 [d:0][t:00:00:24]
[I](2020-06-05  11:23:08 am)    [LNo:0005] 000036/000351
[I](2020-06-05  11:23:08 am)작업중 M코드정지 [d:0][t:00:00:24]
[I](2020-06-05  11:23:12 am)작업중 정지 [d:0][t:00:00:29]
[I](2020-06-05  11:23:12 am)    [LNo:0005] 000039/000351
[I](2020-06-05  11:23:12 am)작업중 M코드정지 [d:0][t:00:00:29]
[I](2020-06-05  11:23:20 am)작업중 정지 [d:0][t:00:00:36]
[I](2020-06-05  11:23:20 am)    [LNo:0005] 000012/000351
[I](2020-06-05  11:23:40 am)작업중 정지 [d:0][t:00:00:56]
[I](2020-06-05  11:23:40 am)    [LNo:0005] 000036/000351
[I](2020-06-05  11:23:40 am)작업중 M코드정지 [d:0][t:00:00:56]
[I](2020-06-05  11:23:44 am)작업중 정지 [d:0][t:00:01:00]
[I](2020-06-05  11:23:44 am)    [LNo:0005] 000039/000351
[I](2020-06-05  11:23:44 am)작업중 M코드정지 [d:0][t:00:01:00]
[I](2020-06-05  11:23:52 am)작업중 정지 [d:0][t:00:01:09]
[I](2020-06-05  11:23:52 am)    [LNo:0005] 000060/000351
[I](2020-06-05  11:24:16 am)Reset
[I](2020-06-05  11:24:24 am)작업 시작 [Start d:49]
[I](2020-06-05  11:24:24 am)Nc File: [No.0005-699.NC]
[I](2020-06-05  11:24:24 am)  * Start Machine Position
[I](2020-06-05  11:24:24 am)    X:     71.9995
[I](2020-06-05  11:24:24 am)    Y:   -367.4135
[I](2020-06-05  11:24:24 am)    U:      0.0000
[I](2020-06-05  11:24:24 am)    V:      0.0000
[I](2020-06-05  11:24:24 am)    Z:     36.6689
[I](2020-06-05  11:24:24 am)  * Angle
[I](2020-06-05  11:24:24 am)    Ar:     -0.2047,Kr:      0.0000
[I](2020-06-05  11:24:24 am)    Taper_Ar:      0.0000
[I](2020-06-05  11:24:28 am)작업중 정지 [d:0][t:00:00:04]
[I](2020-06-05  11:24:28 am)    [LNo:0005] 000010/000351
[I](2020-06-05  11:24:28 am)작업중 M코드정지 [d:0][t:00:00:04]
[I](2020-06-05  11:26:04 am)작업중 정지 [d:0][t:00:01:39]
[I](2020-06-05  11:26:04 am)    [LNo:0005] 000036/000351
[I](2020-06-05  11:26:04 am)작업중 M코드정지 [d:0][t:00:01:40]
[I](2020-06-05  11:27:00 am)작업중 정지 [d:0][t:00:02:35]
[I](2020-06-05  11:27:00 am)    [LNo:0005] 000037/000351
[I](2020-06-05  11:27:01 am)작업 재시작
[I](2020-06-05  11:27:02 am)작업중 정지 [d:0][t:00:02:38]
[I](2020-06-05  11:27:02 am)    [LNo:0005] 000039/000351
[I](2020-06-05  11:27:02 am)작업중 M코드정지 [d:0][t:00:02:38]
[I](2020-06-05  11:28:04 am)Reset
[I](2020-06-05  11:28:32 am)Reset
[I](2020-06-05  11:29:10 am)작업 시작 [Start d:49]
[I](2020-06-05  11:29:10 am)Nc File: [No.0005-699.NC]
[I](2020-06-05  11:29:10 am)  * Start Machine Position
[I](2020-06-05  11:29:10 am)    X:     71.9995
[I](2020-06-05  11:29:10 am)    Y:   -367.4135
[I](2020-06-05  11:29:10 am)    U:      0.0000
[I](2020-06-05  11:29:10 am)    V:      0.0000
[I](2020-06-05  11:29:10 am)    Z:     29.9989
[I](2020-06-05  11:29:10 am)  * Angle
[I](2020-06-05  11:29:10 am)    Ar:     -0.2047,Kr:      0.0000
[I](2020-06-05  11:29:10 am)    Taper_Ar:      0.0000
[I](2020-06-05  11:29:14 am)작업중 정지 [d:0][t:00:00:04]
[I](2020-06-05  11:29:14 am)    [LNo:0005] 000010/000351
[I](2020-06-05  11:29:14 am)작업중 M코드정지 [d:0][t:00:00:04]
[I](2020-06-05  11:29:23 am)작업중 정지 [d:0][t:00:00:13]
[I](2020-06-05  11:29:23 am)    [LNo:0005] 000047/000351
[I](2020-06-05  11:38:26 am)작업중 정지 [d:9][t:00:09:15]
[I](2020-06-05  11:38:26 am)    [LNo:0005] 000062/000351
[I](2020-06-05  11:38:26 am)작업중 30sec 접촉 정지 [d:9][t:00:09:15]
[I](2020-06-05  11:38:55 am)작업 재시작
[I](2020-06-05  11:38:58 am)작업중 정지 [d:9][t:00:09:48]
[I](2020-06-05  11:38:58 am)    [LNo:0005] 000062/000351
[I](2020-06-05  11:39:54 am)작업 재시작
[I](2020-06-05  11:40:05 am)작업중 정지 [d:9][t:00:10:54]
[I](2020-06-05  11:40:05 am)    [LNo:0005] 000063/000351
[I](2020-06-05  11:40:05 am)작업중 M코드정지 [d:9][t:00:10:54]
[I](2020-06-05  11:40:49 am)작업중 정지 [d:9][t:00:11:38]
[I](2020-06-05  11:40:49 am)    [LNo:0005] 000065/000351
[I](2020-06-05  11:40:49 am)작업중 M코드정지 [d:9][t:00:11:38]
[I](2020-06-05  11:43:07 am)작업중 정지 [d:11][t:00:13:56]
[I](2020-06-05  11:43:07 am)    [LNo:0005] 000085/000351
[I](2020-06-05  11:43:07 am)작업중 M코드정지 [d:11][t:00:13:56]
[I](2020-06-05  11:49:08 am)작업중 정지 [d:13][t:00:19:57]
[I](2020-06-05  11:49:08 am)    [LNo:0005] 000106/000351
[I](2020-06-05  11:49:08 am)작업중 M코드정지 [d:13][t:00:19:57]
[I](2020-06-05  11:50:45 am)작업중 정지 [d:13][t:00:21:35]
[I](2020-06-05  11:50:45 am)    [LNo:0005] 000109/000351
[I](2020-06-05  11:50:45 am)작업중 M코드정지 [d:13][t:00:21:35]
[I](2020-06-05  11:54:34 am)작업중 정지 [d:16][t:00:25:24]
[I](2020-06-05  11:54:34 am)    [LNo:0005] 000162/000351
[I](2020-06-05  11:54:34 am)작업중 M코드정지 [d:16][t:00:25:24]
[I](2020-06-05  11:58:29 am)작업중 정지 [d:16][t:00:29:19]
[I](2020-06-05  11:58:29 am)    [LNo:0005] 000147/000351
[I](2020-06-05  11:59:49 am)작업중 정지 [d:17][t:00:30:39]
[I](2020-06-05  11:59:49 am)    [LNo:0005] 000162/000351
[I](2020-06-05  11:59:49 am)작업중 M코드정지 [d:17][t:00:30:39]
[I](2020-06-05  12:03:14 pm)작업중 정지 [d:17][t:00:34:03]
[I](2020-06-05  12:03:14 pm)    [LNo:0005] 000147/000351
[I](2020-06-05  12:04:48 pm)작업중 정지 [d:18][t:00:35:38]
[I](2020-06-05  12:04:48 pm)    [LNo:0005] 000162/000351
[I](2020-06-05  12:04:48 pm)작업중 M코드정지 [d:18][t:00:35:38]
[I](2020-06-05  12:08:22 pm)작업중 정지 [d:18][t:00:39:11]
[I](2020-06-05  12:08:22 pm)    [LNo:0005] 000147/000351
[I](2020-06-05  12:09:42 pm)작업중 정지 [d:19][t:00:40:31]
[I](2020-06-05  12:09:42 pm)    [LNo:0005] 000163/000351
[I](2020-06-05  12:09:42 pm)작업중 M코드정지 [d:19][t:00:40:32]
[I](2020-06-05  01:03:03 pm)Reset
[I](2020-06-05  01:03:04 pm)Reset
[I](2020-06-05  01:03:28 pm)Reset
[I](2020-06-05  01:03:28 pm)Reset
[I](2020-06-05  01:06:51 pm)Reset
[I](2020-06-05  01:12:43 pm)Reset
[I](2020-06-05  01:12:43 pm)Reset
[I](2020-06-05  01:14:02 pm)Reset
[I](2020-06-05  01:14:02 pm)Reset
[I](2020-06-05  01:15:49 pm)Reset
[I](2020-06-05  01:15:49 pm)Reset
[I](2020-06-05  01:19:20 pm)작업 시작 [Start d:68]
[I](2020-06-05  01:19:20 pm)Nc File: [No.0005-699.NC]
[I](2020-06-05  01:19:20 pm)  * Start Machine Position
[I](2020-06-05  01:19:20 pm)    X:     68.4067
[I](2020-06-05  01:19:20 pm)    Y:   -365.5619
[I](2020-06-05  01:19:20 pm)    U:      0.0000
[I](2020-06-05  01:19:20 pm)    V:      0.0000
[I](2020-06-05  01:19:20 pm)    Z:     29.9989
[I](2020-06-05  01:19:20 pm)  * Angle
[I](2020-06-05  01:19:20 pm)    Ar:      0.7039,Kr:      0.0000
[I](2020-06-05  01:19:20 pm)    Taper_Ar:      0.0000
[I](2020-06-05  01:19:28 pm)작업중 정지 [d:0][t:00:00:07]
[I](2020-06-05  01:19:28 pm)    [LNo:0005] 000182/000351
[I](2020-06-05  01:19:28 pm)작업중 M코드정지 [d:0][t:00:00:07]
[I](2020-06-05  01:19:30 pm)작업중 정지 [d:0][t:00:00:09]
[I](2020-06-05  01:19:30 pm)    [LNo:0005] 000185/000351
[I](2020-06-05  01:19:30 pm)작업중 M코드정지 [d:0][t:00:00:09]
[I](2020-06-05  01:19:32 pm)작업중 정지 [d:0][t:00:00:11]
[I](2020-06-05  01:19:32 pm)    [LNo:0005] 000187/000351
[I](2020-06-05  01:19:32 pm)작업중 M코드정지 [d:0][t:00:00:11]
[I](2020-06-05  01:19:53 pm)작업중 정지 [d:0][t:00:00:32]
[I](2020-06-05  01:19:53 pm)    [LNo:0005] 000194/000351
[I](2020-06-05  01:19:53 pm)작업중 M코드정지 [d:0][t:00:00:32]
[I](2020-06-05  01:20:42 pm)작업중 정지 [d:1][t:00:01:21]
[I](2020-06-05  01:20:42 pm)    [LNo:0005] 000217/000351
[I](2020-06-05  01:20:42 pm)작업중 M코드정지 [d:1][t:00:01:21]
[I](2020-06-05  01:20:54 pm)작업중 정지 [d:1][t:00:01:33]
[I](2020-06-05  01:20:54 pm)    [LNo:0005] 000220/000351
[I](2020-06-05  01:20:54 pm)작업중 M코드정지 [d:1][t:00:01:33]
[I](2020-06-05  01:22:19 pm)작업중 정지 [d:1][t:00:02:58]
[I](2020-06-05  01:22:19 pm)    [LNo:0005] 000222/000351
[I](2020-06-05  01:22:19 pm)작업중 M코드정지 [d:1][t:00:02:58]
[I](2020-06-05  01:31:04 pm)작업중 정지 [d:9][t:00:11:43]
[I](2020-06-05  01:31:04 pm)    [LNo:0005] 000243/000351
[I](2020-06-05  01:31:53 pm)작업 재시작
[I](2020-06-05  01:31:57 pm)작업중 정지 [d:9][t:00:12:36]
[I](2020-06-05  01:31:57 pm)    [LNo:0005] 000244/000351
[I](2020-06-05  01:31:57 pm)작업중 M코드정지 [d:9][t:00:12:36]
[I](2020-06-05  01:32:19 pm)작업중 정지 [d:9][t:00:12:58]
[I](2020-06-05  01:32:19 pm)    [LNo:0005] 000246/000351
[I](2020-06-05  01:32:20 pm)작업중 M코드정지 [d:9][t:00:12:59]
[I](2020-06-05  01:34:37 pm)작업중 정지 [d:11][t:00:15:16]
[I](2020-06-05  01:34:37 pm)    [LNo:0005] 000267/000351
[I](2020-06-05  01:34:37 pm)작업중 M코드정지 [d:11][t:00:15:16]
[I](2020-06-05  01:37:32 pm)작업중 정지 [d:14][t:00:18:11]
[I](2020-06-05  01:37:32 pm)    [LNo:0005] 000287/000351
[I](2020-06-05  01:37:32 pm)작업중 M코드정지 [d:14][t:00:18:11]
[I](2020-06-05  01:38:14 pm)작업중 정지 [d:15][t:00:18:53]
[I](2020-06-05  01:38:14 pm)    [LNo:0005] 000290/000351
[I](2020-06-05  01:38:14 pm)작업중 M코드정지 [d:15][t:00:18:53]
[I](2020-06-05  01:41:04 pm)작업중 정지 [d:17][t:00:21:43]
[I](2020-06-05  01:41:04 pm)    [LNo:0005] 000343/000351
[I](2020-06-05  01:41:04 pm)작업중 M코드정지 [d:17][t:00:21:43]
[I](2020-06-05  01:45:38 pm)작업중 정지 [d:17][t:00:26:17]
[I](2020-06-05  01:45:38 pm)    [LNo:0005] 000309/000351
[I](2020-06-05  01:47:39 pm)작업중 정지 [d:18][t:00:28:18]
[I](2020-06-05  01:47:39 pm)    [LNo:0005] 000343/000351
[I](2020-06-05  01:47:39 pm)작업중 M코드정지 [d:18][t:00:28:18]
[I](2020-06-05  01:51:22 pm)작업중 정지 [d:18][t:00:32:01]
[I](2020-06-05  01:51:22 pm)    [LNo:0005] 000311/000351
[I](2020-06-05  01:53:57 pm)작업중 정지 [d:19][t:00:34:36]
[I](2020-06-05  01:53:57 pm)    [LNo:0005] 000343/000351
[I](2020-06-05  01:53:57 pm)작업중 M코드정지 [d:19][t:00:34:36]
[I](2020-06-05  02:02:09 pm)Reset
[I](2020-06-05  02:02:31 pm)Reset
[I](2020-06-05  02:09:53 pm)Reset
[I](2020-06-05  02:09:54 pm)Reset
[I](2020-06-05  02:13:33 pm)Reset
[I](2020-06-05  02:13:33 pm)Reset
[I](2020-06-05  02:13:34 pm)Reset
[I](2020-06-05  02:15:34 pm)작업 시작 [Start d:87]
[I](2020-06-05  02:15:34 pm)Nc File: [No.0006-695.NC]
[I](2020-06-05  02:15:34 pm)  * Start Machine Position
[I](2020-06-05  02:15:34 pm)    X:    148.1366
[I](2020-06-05  02:15:34 pm)    Y:   -387.6424
[I](2020-06-05  02:15:34 pm)    U:      0.0000
[I](2020-06-05  02:15:34 pm)    V:      0.0000
[I](2020-06-05  02:15:34 pm)    Z:     15.2864
[I](2020-06-05  02:15:34 pm)  * Angle
[I](2020-06-05  02:15:34 pm)    Ar:     -0.1275,Kr:      0.0000
[I](2020-06-05  02:15:34 pm)    Taper_Ar:      0.0000
[I](2020-06-05  03:16:45 pm)작업중 정지 [d:61][t:01:01:10]
[I](2020-06-05  03:16:45 pm)    [LNo:0006] 000196/000408
[I](2020-06-05  03:16:45 pm)작업중 M코드정지 [d:61][t:01:01:10]
[I](2020-06-05  03:17:54 pm)작업중 정지 [d:61][t:01:02:19]
[I](2020-06-05  03:17:54 pm)    [LNo:0006] 000197/000408
[I](2020-06-05  03:19:26 pm)작업 재시작
[I](2020-06-05  03:19:29 pm)작업중 정지 [d:61][t:01:03:54]
[I](2020-06-05  03:19:29 pm)    [LNo:0006] 000198/000408
[I](2020-06-05  03:19:29 pm)작업중 M코드정지 [d:61][t:01:03:54]
[I](2020-06-05  04:23:53 pm)작업중 정지 [d:123][t:02:08:19]
[I](2020-06-05  04:23:53 pm)    [LNo:0006] 000246/000408
[I](2020-06-05  04:23:53 pm)작업중 M코드정지 [d:123][t:02:08:19]
[I](2020-06-05  04:24:07 pm)작업중 정지 [d:123][t:02:08:32]
[I](2020-06-05  04:24:07 pm)    [LNo:0006] 000247/000408
[A](2020-06-05  04:24:07 pm)[008] 작업중 단선(AWF Feed Motor Stop )
[I](2020-06-05  04:24:07 pm)작업중 Wire 단선 [d:123][t:02:08:32]
[I](2020-06-05  04:24:51 pm)작업 재시작
[I](2020-06-05  04:24:54 pm)작업중 정지 [d:123][t:02:09:19]
[I](2020-06-05  04:24:54 pm)    [LNo:0006] 000248/000408
[I](2020-06-05  04:24:54 pm)작업중 M코드정지 [d:123][t:02:09:19]
[I](2020-06-05  05:01:42 pm)작업중 정지 [d:158][t:02:46:07]
[I](2020-06-05  05:01:42 pm)    [LNo:0006] 000284/000408
[A](2020-06-05  05:02:42 pm)[053] Emergency Stop
[A](2020-06-05  05:02:42 pm)[005] READY Off(Alarm)
[I](2020-06-05  05:02:42 pm)    X:    114.2156
[I](2020-06-05  05:02:42 pm)    Y:   -355.9113
[I](2020-06-05  05:02:42 pm)    U:      0.0000
[I](2020-06-05  05:02:42 pm)    V:      0.0000
[I](2020-06-05  05:02:42 pm)    Z:    115.2864
[A](2020-06-05  06:13:19 pm)[053] Emergency Stop
[I](2020-06-05  06:13:20 pm)Ready On
[A](2020-06-05  06:13:34 pm)[036] 자동결선 절단 공정 실패!!
[I](2020-06-05  06:21:16 pm)작업중 정지 [d:158][t:04:05:41]
[I](2020-06-05  06:21:16 pm)    [LNo:0006] 000253/000408
[I](2020-06-05  06:21:30 pm)작업중 정지 [d:158][t:04:05:55]
[I](2020-06-05  06:21:30 pm)    [LNo:0006] 000257/000408
[I](2020-06-05  06:22:03 pm)Reset
[I](2020-06-05  06:22:04 pm)Reset
[I](2020-06-05  06:22:37 pm)Reset
[I](2020-06-05  06:22:52 pm)작업 시작 [Start d:245]
[I](2020-06-05  06:22:52 pm)Nc File: [No.0003-696.NC]
[I](2020-06-05  06:22:52 pm)  * Start Machine Position
[I](2020-06-05  06:22:52 pm)    X:     75.6368
[I](2020-06-05  06:22:52 pm)    Y:   -387.4811
[I](2020-06-05  06:22:52 pm)    U:      0.0000
[I](2020-06-05  06:22:52 pm)    V:      0.0000
[I](2020-06-05  06:22:52 pm)    Z:     15.2864
[I](2020-06-05  06:22:52 pm)  * Angle
[I](2020-06-05  06:22:52 pm)    Ar:     -0.1275,Kr:      0.0000
[I](2020-06-05  06:22:52 pm)    Taper_Ar:      0.0000
[I](2020-06-05  06:22:53 pm)작업중 정지 [d:0][t:00:00:00]
[I](2020-06-05  06:22:53 pm)    [LNo:0003] 000245/000554
[I](2020-06-05  06:23:06 pm)작업중 정지 [d:0][t:00:00:13]
[I](2020-06-05  06:23:06 pm)    [LNo:0003] 000246/000554
[I](2020-06-05  06:23:08 pm)작업중 정지 [d:0][t:00:00:16]
[I](2020-06-05  06:23:08 pm)    [LNo:0003] 000246/000554
[A](2020-06-05  06:23:09 pm)[001] 와이어 미동작
[I](2020-06-05  06:23:10 pm)작업중 정지 [d:0][t:00:00:17]
[I](2020-06-05  06:23:10 pm)    [LNo:0003] 000247/000554
[I](2020-06-05  06:23:11 pm)작업중 정지 [d:0][t:00:00:18]
[I](2020-06-05  06:23:11 pm)    [LNo:0003] 000247/000554
[I](2020-06-05  06:23:13 pm)작업중 정지 [d:0][t:00:00:20]
[I](2020-06-05  06:23:13 pm)    [LNo:0003] 000249/000554
[I](2020-06-05  06:23:43 pm)작업중 정지 [d:0][t:00:00:51]
[I](2020-06-05  06:23:43 pm)    [LNo:0003] 000262/000554
[I](2020-06-05  06:24:52 pm)작업 재시작
[I](2020-06-05  06:25:05 pm)작업중 정지 [d:0][t:00:02:13]
[I](2020-06-05  06:25:05 pm)    [LNo:0003] 000268/000554
[I](2020-06-05  06:25:08 pm)작업 재시작
[I](2020-06-05  06:25:12 pm)작업중 정지 [d:0][t:00:02:19]
[I](2020-06-05  06:25:12 pm)    [LNo:0003] 000268/000554
[I](2020-06-05  06:26:06 pm)작업 재시작
[I](2020-06-05  08:53:56 pm)작업중 정지 [d:144][t:02:31:03]
[I](2020-06-05  08:53:56 pm)    [LNo:0003] 000378/000554
[I](2020-06-05  08:53:56 pm)작업중 M코드정지 [d:144][t:02:31:03]
