[I](2020-07-17  12:48:11 am)작업중 정지 [d:67][t:01:06:33]
[I](2020-07-17  12:48:11 am)    [LNo:0001] 000028/000410
[I](2020-07-17  12:48:11 am)작업중 M코드정지 [d:67][t:01:06:33]
[I](2020-07-17  12:52:14 am)작업중 정지 [d:67][t:01:10:36]
[I](2020-07-17  12:52:14 am)    [LNo:0001] 000030/000410
[I](2020-07-17  12:52:14 am)작업중 M코드정지 [d:67][t:01:10:36]
[I](2020-07-17  12:58:55 am)작업중 정지 [d:72][t:01:17:17]
[I](2020-07-17  12:58:55 am)    [LNo:0001] 000055/000410
[I](2020-07-17  12:58:55 am)작업중 M코드정지 [d:72][t:01:17:17]
[I](2020-07-17  12:59:32 am)작업중 정지 [d:72][t:01:17:54]
[I](2020-07-17  12:59:32 am)    [LNo:0001] 000058/000410
[I](2020-07-17  12:59:32 am)작업중 M코드정지 [d:72][t:01:17:54]
[I](2020-07-17  01:01:25 am)작업중 정지 [d:73][t:01:19:47]
[I](2020-07-17  01:01:25 am)    [LNo:0001] 000078/000410
[I](2020-07-17  01:01:25 am)작업중 M코드정지 [d:73][t:01:19:47]
[I](2020-07-17  01:14:05 am)작업중 정지 [d:73][t:01:32:27]
[I](2020-07-17  01:14:05 am)    [LNo:0001] 000060/000410
[I](2020-07-17  01:14:42 am)작업중 정지 [d:73][t:01:33:04]
[I](2020-07-17  01:14:42 am)    [LNo:0001] 000077/000410
[I](2020-07-17  01:14:42 am)작업중 M코드정지 [d:73][t:01:33:04]
[I](2020-07-17  01:28:32 am)작업중 정지 [d:78][t:01:46:54]
[I](2020-07-17  01:28:32 am)    [LNo:0001] 000100/000410
[I](2020-07-17  01:28:32 am)작업중 M코드정지 [d:78][t:01:46:54]
[I](2020-07-17  01:29:16 am)작업중 정지 [d:78][t:01:47:38]
[I](2020-07-17  01:29:16 am)    [LNo:0001] 000103/000410
[I](2020-07-17  01:29:16 am)작업중 M코드정지 [d:78][t:01:47:39]
[I](2020-07-17  01:31:05 am)작업중 정지 [d:80][t:01:49:28]
[I](2020-07-17  01:31:05 am)    [LNo:0001] 000122/000410
[I](2020-07-17  01:31:05 am)작업중 M코드정지 [d:80][t:01:49:28]
[I](2020-07-17  01:39:23 am)작업중 정지 [d:80][t:01:57:46]
[I](2020-07-17  01:39:23 am)    [LNo:0001] 000105/000410
[I](2020-07-17  02:21:03 am)작업중 정지 [d:120][t:02:39:26]
[I](2020-07-17  02:21:03 am)    [LNo:0001] 000176/000410
[I](2020-07-17  02:21:03 am)작업중 30sec 접촉 정지 [d:120][t:02:39:26]
[I](2020-07-17  02:21:32 am)작업 재시작
[I](2020-07-17  02:38:37 am)작업중 정지 [d:137][t:02:56:59]
[I](2020-07-17  02:38:37 am)    [LNo:0001] 000214/000410
[I](2020-07-17  02:38:37 am)작업중 M코드정지 [d:137][t:02:56:59]
[I](2020-07-17  02:39:42 am)작업중 정지 [d:137][t:02:58:04]
[I](2020-07-17  02:39:42 am)    [LNo:0001] 000215/000410
[I](2020-07-17  02:39:42 am)Wire Contact Auto Stop(M52)
[I](2020-07-17  02:40:36 am)작업 재시작
[I](2020-07-17  02:40:39 am)작업중 정지 [d:137][t:02:59:01]
[I](2020-07-17  02:40:39 am)    [LNo:0001] 000216/000410
[I](2020-07-17  02:40:39 am)작업중 M코드정지 [d:137][t:02:59:01]
[I](2020-07-17  02:48:11 am)작업중 정지 [d:143][t:03:06:33]
[I](2020-07-17  02:48:11 am)    [LNo:0001] 000241/000410
[I](2020-07-17  02:48:11 am)작업중 M코드정지 [d:143][t:03:06:33]
[I](2020-07-17  02:53:35 am)작업중 정지 [d:143][t:03:11:57]
[I](2020-07-17  02:53:35 am)    [LNo:0001] 000244/000410
[I](2020-07-17  02:53:35 am)작업중 M코드정지 [d:143][t:03:11:57]
[I](2020-07-17  02:56:14 am)작업중 정지 [d:144][t:03:14:36]
[I](2020-07-17  02:56:14 am)    [LNo:0001] 000269/000410
[I](2020-07-17  03:02:45 am)작업중 정지 [d:149][t:03:21:07]
[I](2020-07-17  03:02:45 am)    [LNo:0001] 000285/000410
[I](2020-07-17  03:02:45 am)작업중 M코드정지 [d:149][t:03:21:07]
[I](2020-07-17  03:03:39 am)작업중 정지 [d:149][t:03:22:01]
[I](2020-07-17  03:03:39 am)    [LNo:0001] 000288/000410
[I](2020-07-17  03:03:39 am)작업중 M코드정지 [d:149][t:03:22:01]
[I](2020-07-17  04:04:03 am)작업중 정지 [d:208][t:04:22:25]
[I](2020-07-17  04:04:03 am)    [LNo:0001] 000398/000410
[I](2020-07-17  04:04:03 am)작업중 M코드정지 [d:208][t:04:22:25]
[I](2020-07-17  04:04:25 am)작업중 정지 [d:208][t:04:22:47]
[I](2020-07-17  04:04:25 am)    [LNo:0001] 000400/000410
[I](2020-07-17  04:04:25 am)작업중 M코드정지 [d:208][t:04:22:47]
[I](2020-07-17  04:05:44 am)Reset
[I](2020-07-17  04:05:44 am)Reset
[I](2020-07-17  04:05:56 am)Reset
[I](2020-07-17  04:12:18 am)Reset
[I](2020-07-17  04:12:18 am)Reset
[I](2020-07-17  04:15:41 am)Reset
[I](2020-07-17  04:17:01 am)작업 시작 [Start d:1311]
[I](2020-07-17  04:17:01 am)Nc File: [No.0002-365.NC]
[I](2020-07-17  04:17:01 am)  * Start Machine Position
[I](2020-07-17  04:17:01 am)    X:     89.9465
[I](2020-07-17  04:17:01 am)    Y:   -330.2911
[I](2020-07-17  04:17:01 am)    U:      0.0000
[I](2020-07-17  04:17:01 am)    V:      0.0000
[I](2020-07-17  04:17:01 am)    Z:     10.9242
[I](2020-07-17  04:17:01 am)  * Angle
[I](2020-07-17  04:17:01 am)    Ar:      0.0364,Kr:      0.0000
[I](2020-07-17  04:17:01 am)    Taper_Ar:      0.0000
[I](2020-07-17  05:24:17 am)작업중 정지 [d:-1273][t:01:07:16]
[I](2020-07-17  05:24:17 am)    [LNo:0002] 000097/000198
[I](2020-07-17  05:24:17 am)작업중 M코드정지 [d:-1273][t:01:07:16]
[I](2020-07-17  05:27:51 am)작업중 정지 [d:-1272][t:01:10:50]
[I](2020-07-17  05:27:51 am)    [LNo:0002] 000099/000198
[I](2020-07-17  05:27:51 am)작업중 M코드정지 [d:-1272][t:01:10:50]
[I](2020-07-17  06:33:51 am)작업중 정지 [d:-1207][t:02:16:50]
[I](2020-07-17  06:33:51 am)    [LNo:0002] 000186/000198
[I](2020-07-17  06:33:51 am)작업중 M코드정지 [d:-1207][t:02:16:50]
[I](2020-07-17  06:46:11 am)작업중 정지 [d:-1207][t:02:29:09]
[I](2020-07-17  06:46:11 am)    [LNo:0002] 000188/000198
[I](2020-07-17  06:46:11 am)작업중 M코드정지 [d:-1207][t:02:29:09]
[I](2020-07-17  06:57:27 am)Reset
[I](2020-07-17  06:57:27 am)Reset
[I](2020-07-17  06:58:10 am)Reset
[I](2020-07-17  06:58:10 am)Reset
[I](2020-07-17  07:02:57 am)Reset
[I](2020-07-17  07:02:57 am)Reset
[I](2020-07-17  07:02:58 am)Reset
[I](2020-07-17  07:05:26 am)작업 시작 [Start d:104]
[I](2020-07-17  07:05:26 am)Nc File: [No.0004-401.NC]
[I](2020-07-17  07:05:26 am)  * Start Machine Position
[I](2020-07-17  07:05:26 am)    X:    210.1078
[I](2020-07-17  07:05:26 am)    Y:   -359.2553
[I](2020-07-17  07:05:26 am)    U:      0.0000
[I](2020-07-17  07:05:26 am)    V:      0.0000
[I](2020-07-17  07:05:26 am)    Z:     24.4662
[I](2020-07-17  07:05:26 am)  * Angle
[I](2020-07-17  07:05:26 am)    Ar:     -0.0407,Kr:      0.0000
[I](2020-07-17  07:05:26 am)    Taper_Ar:      0.0000
[I](2020-07-17  07:11:33 am)작업중 정지 [d:6][t:00:06:06]
[I](2020-07-17  07:11:33 am)    [LNo:0004] 000020/001800
[I](2020-07-17  07:11:33 am)작업중 M코드정지 [d:6][t:00:06:06]
[I](2020-07-17  07:12:13 am)작업중 정지 [d:6][t:00:06:47]
[I](2020-07-17  07:12:13 am)    [LNo:0004] 000021/001800
[I](2020-07-17  07:12:44 am)작업 재시작
[I](2020-07-17  07:12:49 am)작업중 정지 [d:6][t:00:07:23]
[I](2020-07-17  07:12:49 am)    [LNo:0004] 000023/001800
[I](2020-07-17  07:12:49 am)작업중 M코드정지 [d:6][t:00:07:23]
[I](2020-07-17  07:24:14 am)작업중 정지 [d:12][t:00:18:48]
[I](2020-07-17  07:24:14 am)    [LNo:0004] 000047/001800
[I](2020-07-17  07:24:14 am)Wire Contact Auto Stop(M52)
[I](2020-07-17  07:26:59 am)작업 재시작
[I](2020-07-17  07:27:00 am)작업중 정지 [d:12][t:00:21:33]
[I](2020-07-17  07:27:00 am)    [LNo:0004] 000048/001800
[I](2020-07-17  07:27:00 am)작업중 M코드정지 [d:12][t:00:21:33]
[I](2020-07-17  07:27:42 am)작업중 정지 [d:12][t:00:22:16]
[I](2020-07-17  07:27:42 am)    [LNo:0004] 000051/001800
[I](2020-07-17  07:27:42 am)작업중 M코드정지 [d:12][t:00:22:16]
[I](2020-07-17  08:05:25 am)작업중 정지 [d:48][t:00:59:58]
[I](2020-07-17  08:05:25 am)    [LNo:0004] 000146/001800
[I](2020-07-17  08:05:25 am)작업중 M코드정지 [d:48][t:00:59:59]
[I](2020-07-17  08:08:00 am)작업중 정지 [d:48][t:01:02:34]
[I](2020-07-17  08:08:00 am)    [LNo:0004] 000147/001800
[I](2020-07-17  08:08:00 am)Wire Contact Auto Stop(M52)
[I](2020-07-17  08:09:32 am)작업 재시작
[I](2020-07-17  08:09:38 am)작업중 정지 [d:48][t:01:04:12]
[I](2020-07-17  08:09:38 am)    [LNo:0004] 000148/001800
[I](2020-07-17  08:09:38 am)작업중 M코드정지 [d:48][t:01:04:12]
[I](2020-07-17  08:17:58 am)작업중 정지 [d:54][t:01:12:32]
[I](2020-07-17  08:17:58 am)    [LNo:0004] 000170/001800
[I](2020-07-17  08:17:58 am)작업중 M코드정지 [d:54][t:01:12:32]
[I](2020-07-17  08:18:37 am)작업중 정지 [d:54][t:01:13:10]
[I](2020-07-17  08:18:37 am)    [LNo:0004] 000171/001800
[I](2020-07-17  08:19:16 am)작업 재시작
[I](2020-07-17  08:19:22 am)작업중 정지 [d:54][t:01:13:56]
[I](2020-07-17  08:19:22 am)    [LNo:0004] 000173/001800
[I](2020-07-17  08:19:23 am)작업중 M코드정지 [d:54][t:01:13:56]
[I](2020-07-17  08:26:36 am)작업중 정지 [d:59][t:01:21:09]
[I](2020-07-17  08:26:36 am)    [LNo:0004] 000198/001800
[I](2020-07-17  08:26:36 am)작업중 M코드정지 [d:59][t:01:21:09]
[A](2020-07-17  08:39:23 am)[001] 와이어 미동작
[I](2020-07-17  08:39:37 am)작업중 정지 [d:59][t:01:34:10]
[I](2020-07-17  08:39:37 am)    [LNo:0004] 000201/001800
[I](2020-07-17  08:39:37 am)작업중 M코드정지 [d:59][t:01:34:10]
[I](2020-07-17  09:17:34 am)작업중 정지 [d:95][t:02:12:07]
[I](2020-07-17  09:17:34 am)    [LNo:0004] 000296/001800
[I](2020-07-17  09:17:34 am)작업중 M코드정지 [d:95][t:02:12:07]
[I](2020-07-17  09:23:44 am)작업중 정지 [d:95][t:02:18:18]
[I](2020-07-17  09:23:44 am)    [LNo:0004] 000297/001800
[I](2020-07-17  09:23:44 am)Wire Contact Auto Stop(M52)
[I](2020-07-17  09:24:06 am)작업 재시작
[I](2020-07-17  09:24:11 am)작업중 정지 [d:95][t:02:18:44]
[I](2020-07-17  09:24:11 am)    [LNo:0004] 000298/001800
[I](2020-07-17  09:24:11 am)작업중 M코드정지 [d:95][t:02:18:44]
[I](2020-07-17  09:31:31 am)작업중 정지 [d:101][t:02:26:05]
[I](2020-07-17  09:31:31 am)    [LNo:0004] 000320/001800
[I](2020-07-17  09:31:31 am)작업중 M코드정지 [d:101][t:02:26:05]
[I](2020-07-17  09:44:15 am)작업중 정지 [d:101][t:02:38:48]
[I](2020-07-17  09:44:15 am)    [LNo:0004] 000323/001800
[I](2020-07-17  09:44:15 am)작업중 M코드정지 [d:101][t:02:38:48]
[I](2020-07-17  09:51:29 am)작업중 정지 [d:107][t:02:46:03]
[I](2020-07-17  09:51:29 am)    [LNo:0004] 000348/001800
[I](2020-07-17  09:51:29 am)작업중 M코드정지 [d:107][t:02:46:03]
[I](2020-07-17  09:53:03 am)작업중 정지 [d:107][t:02:47:37]
[I](2020-07-17  09:53:03 am)    [LNo:0004] 000351/001800
[I](2020-07-17  09:53:03 am)작업중 M코드정지 [d:107][t:02:47:37]
[I](2020-07-17  10:31:05 am)작업중 정지 [d:144][t:03:25:39]
[I](2020-07-17  10:31:05 am)    [LNo:0004] 000446/001800
[I](2020-07-17  10:31:05 am)작업중 M코드정지 [d:144][t:03:25:39]
[I](2020-07-17  10:32:39 am)작업중 정지 [d:144][t:03:27:13]
[I](2020-07-17  10:32:39 am)    [LNo:0004] 000447/001800
[I](2020-07-17  10:32:40 am)Wire Contact Auto Stop(M52)
[I](2020-07-17  10:33:01 am)작업 재시작
[I](2020-07-17  10:33:10 am)작업중 정지 [d:144][t:03:27:44]
[I](2020-07-17  10:33:10 am)    [LNo:0004] 000448/001800
[I](2020-07-17  10:33:10 am)작업중 M코드정지 [d:144][t:03:27:44]
[I](2020-07-17  10:40:27 am)작업중 정지 [d:150][t:03:35:01]
[I](2020-07-17  10:40:27 am)    [LNo:0004] 000470/001800
[I](2020-07-17  10:40:27 am)작업중 M코드정지 [d:150][t:03:35:01]
[I](2020-07-17  10:41:27 am)작업중 정지 [d:150][t:03:36:01]
[I](2020-07-17  10:41:27 am)    [LNo:0004] 000471/001800
[I](2020-07-17  10:41:48 am)작업 재시작
[I](2020-07-17  10:41:57 am)작업중 정지 [d:151][t:03:36:30]
[I](2020-07-17  10:41:57 am)    [LNo:0004] 000473/001800
[I](2020-07-17  10:41:57 am)작업중 M코드정지 [d:151][t:03:36:30]
[I](2020-07-17  10:48:51 am)작업중 정지 [d:157][t:03:43:24]
[I](2020-07-17  10:48:51 am)    [LNo:0004] 000497/001800
[I](2020-07-17  10:48:51 am)Wire Contact Auto Stop(M52)
[I](2020-07-17  10:59:40 am)작업 재시작
[I](2020-07-17  10:59:41 am)작업중 정지 [d:157][t:03:54:15]
[I](2020-07-17  10:59:41 am)    [LNo:0004] 000498/001800
[I](2020-07-17  10:59:41 am)작업중 M코드정지 [d:157][t:03:54:15]
[I](2020-07-17  11:00:15 am)작업중 정지 [d:157][t:03:54:48]
[I](2020-07-17  11:00:15 am)    [LNo:0004] 000501/001800
[I](2020-07-17  11:00:15 am)작업중 M코드정지 [d:157][t:03:54:48]
[I](2020-07-17  11:38:02 am)작업중 정지 [d:194][t:04:32:36]
[I](2020-07-17  11:38:02 am)    [LNo:0004] 000596/001800
[I](2020-07-17  11:38:02 am)작업중 M코드정지 [d:194][t:04:32:36]
[I](2020-07-17  11:43:21 am)작업중 정지 [d:194][t:04:37:55]
[I](2020-07-17  11:43:21 am)    [LNo:0004] 000597/001800
[I](2020-07-17  11:43:21 am)Wire Contact Auto Stop(M52)
[I](2020-07-17  11:43:42 am)작업 재시작
[I](2020-07-17  11:43:48 am)작업중 정지 [d:194][t:04:38:21]
[I](2020-07-17  11:43:48 am)    [LNo:0004] 000598/001800
[I](2020-07-17  11:43:48 am)작업중 M코드정지 [d:194][t:04:38:21]
[I](2020-07-17  11:51:19 am)작업중 정지 [d:200][t:04:45:53]
[I](2020-07-17  11:51:19 am)    [LNo:0004] 000620/001800
[I](2020-07-17  11:51:19 am)작업중 M코드정지 [d:200][t:04:45:53]
[I](2020-07-17  11:55:57 am)작업중 정지 [d:201][t:04:50:31]
[I](2020-07-17  11:55:57 am)    [LNo:0004] 000623/001800
[I](2020-07-17  11:55:57 am)작업중 M코드정지 [d:201][t:04:50:31]
[I](2020-07-17  12:01:10 pm)작업중 정지 [d:205][t:04:55:44]
[I](2020-07-17  12:01:10 pm)    [LNo:0004] 000646/001800
[I](2020-07-17  12:01:10 pm)작업중 M코드정지 [d:205][t:04:55:44]
[I](2020-07-17  12:02:41 pm)작업중 정지 [d:205][t:04:57:14]
[I](2020-07-17  12:02:41 pm)    [LNo:0004] 000649/001800
[I](2020-07-17  12:02:41 pm)작업중 M코드정지 [d:205][t:04:57:14]
[I](2020-07-17  12:34:32 pm)작업중 정지 [d:235][t:05:29:06]
[I](2020-07-17  12:34:32 pm)    [LNo:0004] 000744/001800
[I](2020-07-17  12:34:32 pm)작업중 M코드정지 [d:235][t:05:29:06]
[I](2020-07-17  12:53:14 pm)작업중 정지 [d:235][t:05:47:48]
[I](2020-07-17  12:53:14 pm)    [LNo:0004] 000746/001800
[I](2020-07-17  12:53:14 pm)작업중 M코드정지 [d:235][t:05:47:48]
[I](2020-07-17  01:00:44 pm)작업중 정지 [d:241][t:05:55:18]
[I](2020-07-17  01:00:44 pm)    [LNo:0004] 000768/001800
[I](2020-07-17  01:00:44 pm)작업중 M코드정지 [d:241][t:05:55:18]
[I](2020-07-17  01:01:28 pm)작업중 정지 [d:241][t:05:56:01]
[I](2020-07-17  01:01:28 pm)    [LNo:0004] 000771/001800
[I](2020-07-17  01:01:28 pm)작업중 M코드정지 [d:241][t:05:56:01]
[I](2020-07-17  01:06:45 pm)작업중 정지 [d:244][t:06:01:18]
[I](2020-07-17  01:06:45 pm)    [LNo:0004] 000794/001800
[I](2020-07-17  01:06:45 pm)작업중 M코드정지 [d:244][t:06:01:19]
[I](2020-07-17  01:17:07 pm)작업중 정지 [d:244][t:06:11:41]
[I](2020-07-17  01:17:07 pm)    [LNo:0004] 000797/001800
[I](2020-07-17  01:17:07 pm)작업중 M코드정지 [d:244][t:06:11:41]
[I](2020-07-17  01:49:09 pm)작업중 정지 [d:275][t:06:43:43]
[I](2020-07-17  01:49:09 pm)    [LNo:0004] 000892/001800
[I](2020-07-17  01:49:09 pm)작업중 M코드정지 [d:275][t:06:43:43]
[I](2020-07-17  02:01:50 pm)작업중 정지 [d:276][t:06:56:23]
[I](2020-07-17  02:01:50 pm)    [LNo:0004] 000894/001800
[I](2020-07-17  02:01:50 pm)작업중 M코드정지 [d:276][t:06:56:23]
[I](2020-07-17  02:03:25 pm)작업중 정지 [d:276][t:06:57:59]
[I](2020-07-17  02:03:25 pm)    [LNo:0004] 000911/001800
[I](2020-07-17  02:03:25 pm)작업중 30sec 접촉 정지 [d:276][t:06:57:59]
[I](2020-07-17  02:05:07 pm)작업 재시작
[I](2020-07-17  02:11:08 pm)작업중 정지 [d:282][t:07:05:42]
[I](2020-07-17  02:11:08 pm)    [LNo:0004] 000916/001800
[I](2020-07-17  02:11:08 pm)작업중 M코드정지 [d:282][t:07:05:42]
[I](2020-07-17  02:12:33 pm)작업중 정지 [d:282][t:07:07:06]
[I](2020-07-17  02:12:33 pm)    [LNo:0004] 000919/001800
[I](2020-07-17  02:12:33 pm)작업중 M코드정지 [d:282][t:07:07:06]
[I](2020-07-17  02:17:47 pm)작업중 정지 [d:285][t:07:12:21]
[I](2020-07-17  02:17:47 pm)    [LNo:0004] 000942/001800
[I](2020-07-17  02:17:47 pm)작업중 M코드정지 [d:285][t:07:12:21]
[I](2020-07-17  02:18:10 pm)작업중 정지 [d:285][t:07:12:44]
[I](2020-07-17  02:18:10 pm)    [LNo:0004] 000945/001800
[I](2020-07-17  02:18:10 pm)작업중 M코드정지 [d:285][t:07:12:44]
[I](2020-07-17  02:50:07 pm)작업중 정지 [d:316][t:07:44:41]
[I](2020-07-17  02:50:07 pm)    [LNo:0004] 001040/001800
[I](2020-07-17  02:50:07 pm)작업중 M코드정지 [d:316][t:07:44:41]
[I](2020-07-17  03:01:34 pm)작업중 정지 [d:316][t:07:56:08]
[I](2020-07-17  03:01:34 pm)    [LNo:0004] 001042/001800
[I](2020-07-17  03:01:34 pm)작업중 M코드정지 [d:316][t:07:56:08]
[I](2020-07-17  03:03:12 pm)작업중 정지 [d:316][t:07:57:46]
[I](2020-07-17  03:03:12 pm)    [LNo:0004] 001059/001800
[I](2020-07-17  03:03:12 pm)작업중 30sec 접촉 정지 [d:316][t:07:57:46]
[I](2020-07-17  03:04:01 pm)작업 재시작
[I](2020-07-17  03:10:02 pm)작업중 정지 [d:322][t:08:04:36]
[I](2020-07-17  03:10:02 pm)    [LNo:0004] 001064/001800
[I](2020-07-17  03:10:02 pm)작업중 M코드정지 [d:322][t:08:04:36]
[I](2020-07-17  03:19:11 pm)작업중 정지 [d:322][t:08:13:45]
[I](2020-07-17  03:19:11 pm)    [LNo:0004] 001065/001800
[I](2020-07-17  03:19:36 pm)작업 재시작
[I](2020-07-17  03:19:40 pm)작업중 정지 [d:322][t:08:14:14]
[I](2020-07-17  03:19:40 pm)    [LNo:0004] 001067/001800
[I](2020-07-17  03:19:40 pm)작업중 M코드정지 [d:322][t:08:14:14]
[I](2020-07-17  03:20:58 pm)작업중 정지 [d:322][t:08:15:31]
[I](2020-07-17  03:20:58 pm)    [LNo:0004] 001085/001800
[I](2020-07-17  03:21:15 pm)작업 재시작
[I](2020-07-17  03:24:58 pm)작업중 정지 [d:326][t:08:19:31]
[I](2020-07-17  03:24:58 pm)    [LNo:0004] 001090/001800
[I](2020-07-17  03:24:58 pm)작업중 M코드정지 [d:326][t:08:19:31]
[I](2020-07-17  03:29:13 pm)작업중 정지 [d:326][t:08:23:47]
[I](2020-07-17  03:29:13 pm)    [LNo:0004] 001092/001800
[I](2020-07-17  03:29:40 pm)작업 재시작
[I](2020-07-17  03:29:45 pm)작업중 정지 [d:326][t:08:24:19]
[I](2020-07-17  03:29:45 pm)    [LNo:0004] 001093/001800
[I](2020-07-17  03:29:45 pm)작업중 M코드정지 [d:326][t:08:24:19]
[I](2020-07-17  03:32:14 pm)작업중 정지 [d:327][t:08:26:47]
[I](2020-07-17  03:32:14 pm)    [LNo:0004] 001127/001800
[I](2020-07-17  03:32:14 pm)작업중 30sec 접촉 정지 [d:327][t:08:26:47]
[A](2020-07-17  03:35:05 pm)[001] 와이어 미동작
[I](2020-07-17  03:35:23 pm)작업 재시작
[I](2020-07-17  04:04:40 pm)작업중 정지 [d:356][t:08:59:14]
[I](2020-07-17  04:04:40 pm)    [LNo:0004] 001188/001800
[I](2020-07-17  04:04:41 pm)작업중 M코드정지 [d:356][t:08:59:14]
[I](2020-07-17  04:05:23 pm)작업중 정지 [d:356][t:08:59:57]
[I](2020-07-17  04:05:23 pm)    [LNo:0004] 001190/001800
[I](2020-07-17  04:05:23 pm)작업중 M코드정지 [d:356][t:08:59:57]
[I](2020-07-17  04:13:05 pm)작업중 정지 [d:362][t:09:07:38]
[I](2020-07-17  04:13:05 pm)    [LNo:0004] 001212/001800
[I](2020-07-17  04:13:05 pm)작업중 M코드정지 [d:362][t:09:07:39]
[I](2020-07-17  04:15:39 pm)작업중 정지 [d:362][t:09:10:13]
[I](2020-07-17  04:15:39 pm)    [LNo:0004] 001215/001800
[I](2020-07-17  04:15:40 pm)작업중 M코드정지 [d:362][t:09:10:13]
[I](2020-07-17  04:17:19 pm)작업중 정지 [d:362][t:09:11:52]
[I](2020-07-17  04:17:19 pm)    [LNo:0004] 001232/001800
[I](2020-07-17  04:17:19 pm)작업중 30sec 접촉 정지 [d:362][t:09:11:52]
[I](2020-07-17  04:17:41 pm)작업 재시작
[I](2020-07-17  04:21:21 pm)작업중 정지 [d:366][t:09:15:55]
[I](2020-07-17  04:21:21 pm)    [LNo:0004] 001239/001800
[I](2020-07-17  04:21:21 pm)Wire Contact Auto Stop(M52)
[I](2020-07-17  04:22:51 pm)작업 재시작
[I](2020-07-17  04:22:53 pm)작업중 정지 [d:366][t:09:17:26]
[I](2020-07-17  04:22:53 pm)    [LNo:0004] 001240/001800
[I](2020-07-17  04:22:53 pm)작업중 M코드정지 [d:366][t:09:17:26]
[I](2020-07-17  04:23:28 pm)작업중 정지 [d:366][t:09:18:01]
[I](2020-07-17  04:23:28 pm)    [LNo:0004] 001243/001800
[I](2020-07-17  04:23:28 pm)작업중 M코드정지 [d:366][t:09:18:02]
[A](2020-07-17  04:23:42 pm)[059] 가공조 Water Full 센서 동작 이상 - 점검(청소)요망
[I](2020-07-17  04:26:13 pm)작업중 정지 [d:368][t:09:20:47]
[I](2020-07-17  04:26:13 pm)    [LNo:0004] 001277/001800
[I](2020-07-17  04:26:13 pm)작업중 30sec 접촉 정지 [d:368][t:09:20:47]
[I](2020-07-17  04:26:36 pm)작업 재시작
[I](2020-07-17  04:55:30 pm)작업중 정지 [d:397][t:09:50:04]
[I](2020-07-17  04:55:30 pm)    [LNo:0004] 001338/001800
[I](2020-07-17  04:55:30 pm)작업중 M코드정지 [d:397][t:09:50:04]
[I](2020-07-17  04:56:01 pm)작업중 정지 [d:397][t:09:50:35]
[I](2020-07-17  04:56:01 pm)    [LNo:0004] 001340/001800
[I](2020-07-17  04:56:01 pm)작업중 M코드정지 [d:397][t:09:50:35]
[I](2020-07-17  05:04:03 pm)작업중 정지 [d:403][t:09:58:36]
[I](2020-07-17  05:04:03 pm)    [LNo:0004] 001362/001800
[I](2020-07-17  05:04:03 pm)작업중 M코드정지 [d:403][t:09:58:36]
[I](2020-07-17  05:04:22 pm)작업중 정지 [d:403][t:09:58:55]
[I](2020-07-17  05:04:22 pm)    [LNo:0004] 001363/001800
[I](2020-07-17  05:04:49 pm)작업 재시작
[I](2020-07-17  05:09:51 pm)작업중 정지 [d:407][t:10:04:25]
[I](2020-07-17  05:09:51 pm)    [LNo:0004] 001389/001800
[I](2020-07-17  05:09:51 pm)Wire Contact Auto Stop(M52)
[I](2020-07-17  05:10:34 pm)작업 재시작
[I](2020-07-17  05:10:38 pm)작업중 정지 [d:407][t:10:05:12]
[I](2020-07-17  05:10:38 pm)    [LNo:0004] 001389/001800
[I](2020-07-17  05:10:55 pm)작업 재시작
[I](2020-07-17  05:42:41 pm)작업중 정지 [d:437][t:10:37:14]
[I](2020-07-17  05:42:41 pm)    [LNo:0004] 001488/001800
[I](2020-07-17  05:42:41 pm)작업중 M코드정지 [d:437][t:10:37:15]
[I](2020-07-17  06:02:10 pm)작업중 정지 [d:437][t:10:56:44]
[I](2020-07-17  06:02:10 pm)    [LNo:0004] 001490/001800
[I](2020-07-17  06:02:10 pm)작업중 M코드정지 [d:437][t:10:56:44]
[I](2020-07-17  06:09:46 pm)작업중 정지 [d:443][t:11:04:20]
[I](2020-07-17  06:09:46 pm)    [LNo:0004] 001512/001800
[I](2020-07-17  06:09:47 pm)작업중 M코드정지 [d:443][t:11:04:20]
[I](2020-07-17  06:41:03 pm)작업중 정지 [d:443][t:11:35:37]
[I](2020-07-17  06:41:03 pm)    [LNo:0004] 001515/001800
[I](2020-07-17  06:41:03 pm)작업중 M코드정지 [d:443][t:11:35:37]
[I](2020-07-17  06:46:16 pm)작업중 정지 [d:447][t:11:40:49]
[I](2020-07-17  06:46:16 pm)    [LNo:0004] 001540/001800
[I](2020-07-17  06:46:16 pm)작업중 M코드정지 [d:447][t:11:40:49]
[I](2020-07-17  06:51:25 pm)작업중 정지 [d:447][t:11:45:59]
[I](2020-07-17  06:51:25 pm)    [LNo:0004] 001543/001800
[I](2020-07-17  06:51:25 pm)작업중 M코드정지 [d:447][t:11:45:59]
[I](2020-07-17  07:22:58 pm)작업중 정지 [d:477][t:12:17:32]
[I](2020-07-17  07:22:58 pm)    [LNo:0004] 001638/001800
[I](2020-07-17  07:22:58 pm)작업중 M코드정지 [d:477][t:12:17:32]
[I](2020-07-17  07:30:30 pm)작업중 정지 [d:477][t:12:25:04]
[I](2020-07-17  07:30:30 pm)    [LNo:0004] 001640/001800
[I](2020-07-17  07:30:30 pm)작업중 M코드정지 [d:477][t:12:25:04]
[I](2020-07-17  07:38:08 pm)작업중 정지 [d:483][t:12:32:41]
[I](2020-07-17  07:38:08 pm)    [LNo:0004] 001662/001800
[I](2020-07-17  07:38:08 pm)작업중 M코드정지 [d:483][t:12:32:41]
[I](2020-07-17  07:39:15 pm)작업중 정지 [d:483][t:12:33:49]
[I](2020-07-17  07:39:15 pm)    [LNo:0004] 001665/001800
[I](2020-07-17  07:39:15 pm)작업중 M코드정지 [d:483][t:12:33:49]
[I](2020-07-17  07:44:42 pm)작업중 정지 [d:486][t:12:39:16]
[I](2020-07-17  07:44:42 pm)    [LNo:0004] 001689/001800
[I](2020-07-17  07:44:42 pm)Wire Contact Auto Stop(M52)
[I](2020-07-17  07:44:59 pm)작업 재시작
[I](2020-07-17  07:45:02 pm)작업중 정지 [d:486][t:12:39:36]
[I](2020-07-17  07:45:02 pm)    [LNo:0004] 001690/001800
[I](2020-07-17  07:45:02 pm)작업중 M코드정지 [d:486][t:12:39:36]
[I](2020-07-17  07:47:47 pm)작업중 정지 [d:486][t:12:42:20]
[I](2020-07-17  07:47:47 pm)    [LNo:0004] 001693/001800
[I](2020-07-17  07:47:47 pm)작업중 M코드정지 [d:486][t:12:42:20]
[I](2020-07-17  08:19:30 pm)작업중 정지 [d:516][t:13:14:04]
[I](2020-07-17  08:19:30 pm)    [LNo:0004] 001788/001800
[I](2020-07-17  08:19:31 pm)작업중 M코드정지 [d:516][t:13:14:04]
[I](2020-07-17  08:19:53 pm)작업중 정지 [d:517][t:13:14:27]
[I](2020-07-17  08:19:53 pm)    [LNo:0004] 001790/001800
[I](2020-07-17  08:19:53 pm)작업중 M코드정지 [d:517][t:13:14:27]
[I](2020-07-17  08:44:45 pm)Reset
[I](2020-07-17  08:47:08 pm)Reset
[I](2020-07-17  08:52:07 pm)Reset
[I](2020-07-17  08:52:08 pm)Reset
[I](2020-07-17  09:07:03 pm)Reset
[I](2020-07-17  09:07:03 pm)Reset
[I](2020-07-17  09:10:50 pm)Reset
[I](2020-07-17  09:10:51 pm)Reset
[I](2020-07-17  09:16:48 pm)Reset
[I](2020-07-17  09:16:49 pm)Reset
[I](2020-07-17  09:19:43 pm)Reset
[I](2020-07-17  09:19:43 pm)Reset
[I](2020-07-17  09:24:37 pm)Reset
[I](2020-07-17  09:24:37 pm)Reset
[I](2020-07-17  09:27:14 pm)Reset
[I](2020-07-17  09:27:15 pm)Reset
[I](2020-07-17  09:28:09 pm)Reset
[I](2020-07-17  09:28:09 pm)Reset
[I](2020-07-17  09:28:28 pm)Reset
[I](2020-07-17  09:34:24 pm)Reset
[I](2020-07-17  09:34:25 pm)Reset
[I](2020-07-17  09:34:34 pm)작업 시작 [Start d:621]
[I](2020-07-17  09:34:34 pm)Nc File: [No.0006-407.NC]
[I](2020-07-17  09:34:34 pm)  * Start Machine Position
[I](2020-07-17  09:34:34 pm)    X:    164.3022
[I](2020-07-17  09:34:34 pm)    Y:   -149.2158
[I](2020-07-17  09:34:34 pm)    U:      0.0000
[I](2020-07-17  09:34:34 pm)    V:      0.0000
[I](2020-07-17  09:34:34 pm)    Z:     31.4507
[I](2020-07-17  09:34:34 pm)  * Angle
[I](2020-07-17  09:34:34 pm)    Ar:     -0.2854,Kr:      0.0000
[I](2020-07-17  09:34:34 pm)    Taper_Ar:      0.0000
[I](2020-07-17  09:34:58 pm)작업중 정지 [d:0][t:00:00:23]
[I](2020-07-17  09:34:58 pm)    [LNo:0006] 000010/001436
[I](2020-07-17  09:34:58 pm)작업중 M코드정지 [d:0][t:00:00:23]
[I](2020-07-17  09:42:28 pm)작업중 정지 [d:0][t:00:07:54]
[I](2020-07-17  09:42:28 pm)    [LNo:0006] 000026/001436
[I](2020-07-17  09:42:28 pm)작업중 M코드정지 [d:0][t:00:07:54]
[I](2020-07-17  09:42:32 pm)작업중 정지 [d:0][t:00:07:57]
[I](2020-07-17  09:42:32 pm)    [LNo:0006] 000029/001436
[I](2020-07-17  09:42:32 pm)작업중 M코드정지 [d:0][t:00:07:57]
[I](2020-07-17  09:42:37 pm)작업중 정지 [d:0][t:00:08:02]
[I](2020-07-17  09:42:37 pm)    [LNo:0006] 000032/001436
[I](2020-07-17  09:43:18 pm)작업중 정지 [d:0][t:00:08:44]
[I](2020-07-17  09:43:18 pm)    [LNo:0006] 000038/001436
[I](2020-07-17  09:49:44 pm)작업중 정지 [d:0][t:00:15:10]
[I](2020-07-17  09:49:44 pm)    [LNo:0006] 000051/001436
[I](2020-07-17  09:49:44 pm)작업중 M코드정지 [d:0][t:00:15:10]
[I](2020-07-17  09:49:47 pm)작업중 정지 [d:0][t:00:15:12]
[I](2020-07-17  09:49:47 pm)    [LNo:0006] 000054/001436
[I](2020-07-17  09:49:47 pm)작업중 M코드정지 [d:0][t:00:15:12]
[I](2020-07-17  09:49:48 pm)작업중 정지 [d:0][t:00:15:14]
[I](2020-07-17  09:49:48 pm)    [LNo:0006] 000056/001436
[I](2020-07-17  09:49:48 pm)작업중 M코드정지 [d:0][t:00:15:14]
[I](2020-07-17  10:20:52 pm)작업중 정지 [d:31][t:00:46:17]
[I](2020-07-17  10:20:52 pm)    [LNo:0006] 000097/001436
[I](2020-07-17  10:20:52 pm)작업중 M코드정지 [d:31][t:00:46:17]
[I](2020-07-17  10:21:13 pm)작업중 정지 [d:31][t:00:46:38]
[I](2020-07-17  10:21:13 pm)    [LNo:0006] 000098/001436
[A](2020-07-17  10:21:13 pm)[008] 작업중 단선(AWF Feed Motor Stop )
[I](2020-07-17  10:21:13 pm)작업중 Wire 단선 [d:31][t:00:46:38]
[I](2020-07-17  10:22:02 pm)작업 재시작
[I](2020-07-17  10:22:09 pm)작업중 정지 [d:31][t:00:47:35]
[I](2020-07-17  10:22:09 pm)    [LNo:0006] 000100/001436
[I](2020-07-17  10:22:09 pm)작업중 M코드정지 [d:31][t:00:47:35]
[I](2020-07-17  11:02:50 pm)작업중 정지 [d:70][t:01:28:15]
[I](2020-07-17  11:02:50 pm)    [LNo:0006] 000217/001436
[I](2020-07-17  11:02:50 pm)작업중 M코드정지 [d:70][t:01:28:15]
[I](2020-07-17  11:03:43 pm)작업중 정지 [d:70][t:01:29:09]
[I](2020-07-17  11:03:43 pm)    [LNo:0006] 000218/001436
[A](2020-07-17  11:03:43 pm)[008] 작업중 단선(AWF Feed Motor Stop )
[I](2020-07-17  11:03:43 pm)작업중 Wire 단선 [d:70][t:01:29:09]
[I](2020-07-17  11:04:16 pm)작업 재시작
[I](2020-07-17  11:04:20 pm)작업중 정지 [d:70][t:01:29:45]
[I](2020-07-17  11:04:20 pm)    [LNo:0006] 000220/001436
[I](2020-07-17  11:04:20 pm)작업중 M코드정지 [d:70][t:01:29:46]
[I](2020-07-17  11:43:42 pm)작업중 정지 [d:108][t:02:09:07]
[I](2020-07-17  11:43:42 pm)    [LNo:0006] 000337/001436
[I](2020-07-17  11:43:42 pm)작업중 M코드정지 [d:108][t:02:09:07]
[I](2020-07-17  11:44:26 pm)작업중 정지 [d:108][t:02:09:52]
[I](2020-07-17  11:44:26 pm)    [LNo:0006] 000338/001436
[A](2020-07-17  11:44:26 pm)[008] 작업중 단선(AWF Feed Motor Stop )
[I](2020-07-17  11:44:26 pm)작업중 Wire 단선 [d:108][t:02:09:52]
[I](2020-07-17  11:45:16 pm)작업 재시작
[I](2020-07-17  11:45:20 pm)작업중 정지 [d:108][t:02:10:46]
[I](2020-07-17  11:45:20 pm)    [LNo:0006] 000340/001436
[I](2020-07-17  11:45:20 pm)작업중 M코드정지 [d:108][t:02:10:46]
