[I](2020-10-15  12:08:59 am)작업중 정지 [d:27][t:00:35:14]
[I](2020-10-15  12:08:59 am)    [LNo:0018] 000108/000266
[I](2020-10-15  12:08:59 am)작업중 M코드정지 [d:27][t:00:35:14]
[I](2020-10-15  12:09:22 am)작업중 정지 [d:27][t:00:35:37]
[I](2020-10-15  12:09:22 am)    [LNo:0018] 000109/000266
[I](2020-10-15  12:09:41 am)작업 재시작
[I](2020-10-15  12:21:00 am)작업중 정지 [d:37][t:00:47:16]
[I](2020-10-15  12:21:00 am)    [LNo:0018] 000149/000266
[I](2020-10-15  12:21:00 am)작업중 M코드정지 [d:37][t:00:47:16]
[I](2020-10-15  12:21:53 am)작업중 정지 [d:37][t:00:48:08]
[I](2020-10-15  12:21:53 am)    [LNo:0018] 000150/000266
[I](2020-10-15  12:22:15 am)작업 재시작
[I](2020-10-15  12:22:23 am)작업중 정지 [d:38][t:00:48:38]
[I](2020-10-15  12:22:23 am)    [LNo:0018] 000152/000266
[I](2020-10-15  12:22:23 am)작업중 M코드정지 [d:38][t:00:48:38]
[I](2020-10-15  12:36:57 am)작업중 정지 [d:50][t:01:03:12]
[I](2020-10-15  12:36:57 am)    [LNo:0018] 000192/000266
[I](2020-10-15  12:36:57 am)작업중 M코드정지 [d:50][t:01:03:12]
[I](2020-10-15  12:37:32 am)작업중 정지 [d:50][t:01:03:47]
[I](2020-10-15  12:37:32 am)    [LNo:0018] 000196/000266
[I](2020-10-15  12:37:32 am)작업중 M코드정지 [d:50][t:01:03:47]
[I](2020-10-15  12:52:45 am)작업중 정지 [d:63][t:01:19:00]
[I](2020-10-15  12:52:45 am)    [LNo:0018] 000236/000266
[I](2020-10-15  12:52:45 am)작업중 M코드정지 [d:63][t:01:19:00]
[I](2020-10-15  12:53:31 am)작업중 정지 [d:63][t:01:19:46]
[I](2020-10-15  12:53:31 am)    [LNo:0018] 000240/000266
[I](2020-10-15  12:53:31 am)작업중 M코드정지 [d:63][t:01:19:46]
[I](2020-10-15  12:57:46 am)작업중 정지 [d:66][t:01:24:02]
[I](2020-10-15  12:57:46 am)    [LNo:0018] 000262/000266
[I](2020-10-15  12:57:46 am)작업중 M코드정지 [d:66][t:01:24:02]
[I](2020-10-15  12:59:47 am)Reset
[I](2020-10-15  01:02:03 am)Reset
[I](2020-10-15  01:07:53 am)Reset
[I](2020-10-15  01:18:23 am)Reset
[I](2020-10-15  01:18:29 am)Reset
[I](2020-10-15  01:19:11 am)작업 시작 [Start d:1076]
[I](2020-10-15  01:19:11 am)Nc File: [No.0018-579.NC]
[I](2020-10-15  01:19:11 am)  * Start Machine Position
[I](2020-10-15  01:19:11 am)    X:     60.2497
[I](2020-10-15  01:19:11 am)    Y:   -359.8982
[I](2020-10-15  01:19:11 am)    U:      0.0000
[I](2020-10-15  01:19:11 am)    V:      0.0000
[I](2020-10-15  01:19:11 am)    Z:     23.4910
[I](2020-10-15  01:19:11 am)  * Angle
[I](2020-10-15  01:19:11 am)    Ar:    -11.3514,Kr:      0.0000
[I](2020-10-15  01:19:11 am)    Taper_Ar:      0.0000
[I](2020-10-15  01:27:13 am)작업중 정지 [d:8][t:00:08:01]
[I](2020-10-15  01:27:13 am)    [LNo:0018] 000026/000266
[I](2020-10-15  01:27:13 am)작업중 M코드정지 [d:8][t:00:08:01]
[I](2020-10-15  01:28:06 am)작업중 정지 [d:8][t:00:08:55]
[I](2020-10-15  01:28:06 am)    [LNo:0018] 000027/000266
[I](2020-10-15  01:28:06 am)작업중 30sec 접촉 정지 [d:8][t:00:08:55]
[I](2020-10-15  01:28:29 am)작업 재시작
[I](2020-10-15  01:28:38 am)작업중 정지 [d:8][t:00:09:26]
[I](2020-10-15  01:28:38 am)    [LNo:0018] 000029/000266
[I](2020-10-15  01:28:38 am)작업중 M코드정지 [d:8][t:00:09:26]
[I](2020-10-15  01:39:55 am)작업중 정지 [d:18][t:00:20:43]
[I](2020-10-15  01:39:55 am)    [LNo:0018] 000067/000266
[I](2020-10-15  01:39:55 am)작업중 M코드정지 [d:18][t:00:20:43]
[I](2020-10-15  01:41:25 am)작업중 정지 [d:18][t:00:22:13]
[I](2020-10-15  01:41:25 am)    [LNo:0018] 000068/000266
[I](2020-10-15  01:41:44 am)작업 재시작
[I](2020-10-15  01:41:50 am)작업중 정지 [d:18][t:00:22:39]
[I](2020-10-15  01:41:50 am)    [LNo:0018] 000070/000266
[I](2020-10-15  01:41:50 am)작업중 M코드정지 [d:18][t:00:22:39]
[I](2020-10-15  01:53:13 am)작업중 정지 [d:29][t:00:34:02]
[I](2020-10-15  01:53:13 am)    [LNo:0018] 000108/000266
[I](2020-10-15  01:53:13 am)작업중 M코드정지 [d:29][t:00:34:02]
[I](2020-10-15  01:54:15 am)작업중 정지 [d:30][t:00:35:03]
[I](2020-10-15  01:54:15 am)    [LNo:0018] 000109/000266
[I](2020-10-15  01:54:33 am)작업 재시작
[I](2020-10-15  01:54:40 am)작업중 정지 [d:30][t:00:35:28]
[I](2020-10-15  01:54:40 am)    [LNo:0018] 000111/000266
[I](2020-10-15  01:54:40 am)작업중 M코드정지 [d:30][t:00:35:28]
[I](2020-10-15  02:06:02 am)작업중 정지 [d:40][t:00:46:50]
[I](2020-10-15  02:06:02 am)    [LNo:0018] 000149/000266
[I](2020-10-15  02:06:02 am)작업중 M코드정지 [d:40][t:00:46:50]
[I](2020-10-15  02:12:09 am)작업중 정지 [d:40][t:00:52:58]
[I](2020-10-15  02:12:09 am)    [LNo:0018] 000150/000266
[I](2020-10-15  02:12:30 am)작업 재시작
[I](2020-10-15  02:12:37 am)작업중 정지 [d:40][t:00:53:26]
[I](2020-10-15  02:12:37 am)    [LNo:0018] 000152/000266
[I](2020-10-15  02:12:37 am)작업중 M코드정지 [d:40][t:00:53:26]
[I](2020-10-15  02:27:06 am)작업중 정지 [d:53][t:01:07:54]
[I](2020-10-15  02:27:06 am)    [LNo:0018] 000192/000266
[I](2020-10-15  02:27:06 am)작업중 M코드정지 [d:53][t:01:07:54]
[I](2020-10-15  02:28:38 am)작업중 정지 [d:53][t:01:09:27]
[I](2020-10-15  02:28:38 am)    [LNo:0018] 000194/000266
[I](2020-10-15  02:29:02 am)작업 재시작
[I](2020-10-15  02:29:07 am)작업중 정지 [d:53][t:01:09:56]
[I](2020-10-15  02:29:07 am)    [LNo:0018] 000196/000266
[I](2020-10-15  02:29:07 am)작업중 M코드정지 [d:53][t:01:09:56]
[I](2020-10-15  02:43:58 am)작업중 정지 [d:66][t:01:24:46]
[I](2020-10-15  02:43:58 am)    [LNo:0018] 000236/000266
[I](2020-10-15  02:43:58 am)작업중 M코드정지 [d:66][t:01:24:46]
[I](2020-10-15  02:45:02 am)작업중 정지 [d:66][t:01:25:50]
[I](2020-10-15  02:45:02 am)    [LNo:0018] 000240/000266
[I](2020-10-15  02:45:02 am)작업중 M코드정지 [d:66][t:01:25:50]
[I](2020-10-15  02:49:09 am)작업중 정지 [d:69][t:01:29:58]
[I](2020-10-15  02:49:09 am)    [LNo:0018] 000262/000266
[I](2020-10-15  02:49:09 am)작업중 M코드정지 [d:69][t:01:29:58]
[A](2020-10-15  02:49:35 am)[084] Work Tank Fluid Sensor Abnormal
[A](2020-10-15  02:49:35 am)[084] Work Tank Fluid Sensor Abnormal
[A](2020-10-15  02:49:35 am)[084] Work Tank Fluid Sensor Abnormal
[A](2020-10-15  02:49:35 am)[084] Work Tank Fluid Sensor Abnormal
[A](2020-10-15  02:49:36 am)[084] Work Tank Fluid Sensor Abnormal
[A](2020-10-15  02:49:36 am)[084] Work Tank Fluid Sensor Abnormal
[A](2020-10-15  02:49:36 am)[084] Work Tank Fluid Sensor Abnormal
[A](2020-10-15  02:49:36 am)[084] Work Tank Fluid Sensor Abnormal
[A](2020-10-15  02:49:36 am)[084] Work Tank Fluid Sensor Abnormal
[A](2020-10-15  02:49:37 am)[084] Work Tank Fluid Sensor Abnormal
[A](2020-10-15  02:49:37 am)[084] Work Tank Fluid Sensor Abnormal
[A](2020-10-15  02:49:37 am)[084] Work Tank Fluid Sensor Abnormal
[A](2020-10-15  02:49:37 am)[084] Work Tank Fluid Sensor Abnormal
[A](2020-10-15  02:49:37 am)[084] Work Tank Fluid Sensor Abnormal
[A](2020-10-15  02:49:37 am)[084] Work Tank Fluid Sensor Abnormal
[A](2020-10-15  02:49:38 am)[084] Work Tank Fluid Sensor Abnormal
[I](2020-10-15  02:50:45 am)Reset
[I](2020-10-15  02:52:07 am)Reset
[A](2020-10-15  02:52:09 am)[053] Emergency Stop
[A](2020-10-15  02:52:09 am)[005] READY Off(Alarm)
[I](2020-10-15  02:52:09 am)    X:    349.2492
[I](2020-10-15  02:52:09 am)    Y:   -167.5339
[I](2020-10-15  02:52:09 am)    U:      0.0000
[I](2020-10-15  02:52:09 am)    V:      0.0000
[I](2020-10-15  02:52:09 am)    Z:    123.4910
[I](2020-10-15  08:49:49 am)Ready On
[I](2020-10-15  10:18:52 am)Reset
[A](2020-10-15  10:19:15 am)[041] AWF 명령끝날때까지 센서감지(타임아웃) 안됨
[A](2020-10-15  10:19:49 am)[041] AWF 명령끝날때까지 센서감지(타임아웃) 안됨
[I](2020-10-15  10:21:54 am)Reset
[I](2020-10-15  10:22:29 am)Reset
[I](2020-10-15  10:22:29 am)Reset
[I](2020-10-15  10:23:18 am)Reset
[I](2020-10-15  10:23:48 am)Reset
[I](2020-10-15  10:23:48 am)Reset
[I](2020-10-15  10:24:12 am)Reset
[I](2020-10-15  10:24:12 am)Reset
[I](2020-10-15  10:24:46 am)Reset
[I](2020-10-15  10:25:00 am)Reset
[I](2020-10-15  10:25:01 am)Reset
[I](2020-10-15  10:26:15 am)작업 시작 [Start d:1145]
[I](2020-10-15  10:26:15 am)Nc File: [No.0020-595.NC]
[I](2020-10-15  10:26:15 am)  * Start Machine Position
[I](2020-10-15  10:26:15 am)    X:    527.9017
[I](2020-10-15  10:26:15 am)    Y:   -378.4675
[I](2020-10-15  10:26:15 am)    U:      0.0000
[I](2020-10-15  10:26:15 am)    V:      0.0000
[I](2020-10-15  10:26:15 am)    Z:     75.1235
[I](2020-10-15  10:26:15 am)  * Angle
[I](2020-10-15  10:26:15 am)    Ar:      0.1068,Kr:      0.0000
[I](2020-10-15  10:26:15 am)    Taper_Ar:      0.0000
[I](2020-10-15  10:26:20 am)작업중 정지 [d:0][t:00:00:04]
[I](2020-10-15  10:26:20 am)    [LNo:0020] 000010/000203
[I](2020-10-15  10:26:20 am)작업중 M코드정지 [d:0][t:00:00:04]
[A](2020-10-15  10:26:39 am)[041] AWF 명령끝날때까지 센서감지(타임아웃) 안됨
[I](2020-10-15  10:30:08 am)작업중 정지 [d:2][t:00:03:52]
[I](2020-10-15  10:30:08 am)    [LNo:0020] 000026/000203
[I](2020-10-15  10:30:08 am)작업중 M코드정지 [d:2][t:00:03:52]
[I](2020-10-15  10:32:59 am)작업중 정지 [d:2][t:00:06:43]
[I](2020-10-15  10:32:59 am)    [LNo:0020] 000029/000203
[I](2020-10-15  10:32:59 am)작업중 M코드정지 [d:2][t:00:06:43]
[I](2020-10-15  10:35:05 am)작업중 정지 [d:3][t:00:08:49]
[I](2020-10-15  10:35:05 am)    [LNo:0020] 000047/000203
[I](2020-10-15  10:35:05 am)작업중 M코드정지 [d:3][t:00:08:49]
[A](2020-10-15  10:40:15 am)[041] AWF 명령끝날때까지 센서감지(타임아웃) 안됨
[A](2020-10-15  10:40:48 am)[041] AWF 명령끝날때까지 센서감지(타임아웃) 안됨
[I](2020-10-15  10:41:14 am)작업중 정지 [d:3][t:00:14:58]
[I](2020-10-15  10:41:14 am)    [LNo:0020] 000054/000203
[A](2020-10-15  10:41:14 am)[009] 자동결선 Error(M20-삽입실패)
[A](2020-10-15  10:41:35 am)[041] AWF 명령끝날때까지 센서감지(타임아웃) 안됨
[A](2020-10-15  10:42:20 am)[041] AWF 명령끝날때까지 센서감지(타임아웃) 안됨
[I](2020-10-15  10:47:31 am)작업중 정지 [d:7][t:00:21:16]
[I](2020-10-15  10:47:31 am)    [LNo:0020] 000066/000203
[I](2020-10-15  10:47:31 am)Wire Contact Auto Stop(M52)
[I](2020-10-15  10:48:44 am)작업 재시작
[I](2020-10-15  10:48:53 am)작업중 정지 [d:7][t:00:22:38]
[I](2020-10-15  10:48:53 am)    [LNo:0020] 000067/000203
[I](2020-10-15  10:48:53 am)작업중 M코드정지 [d:7][t:00:22:38]
[I](2020-10-15  10:49:21 am)작업중 정지 [d:7][t:00:23:05]
[I](2020-10-15  10:49:21 am)    [LNo:0020] 000070/000203
[I](2020-10-15  10:49:21 am)작업중 M코드정지 [d:7][t:00:23:05]
[A](2020-10-15  11:05:52 am)[041] AWF 명령끝날때까지 센서감지(타임아웃) 안됨
[I](2020-10-15  11:07:51 am)작업중 정지 [d:8][t:00:41:36]
[I](2020-10-15  11:07:51 am)    [LNo:0020] 000088/000203
[I](2020-10-15  11:07:51 am)작업중 M코드정지 [d:8][t:00:41:36]
[I](2020-10-15  11:15:15 am)Reset
[I](2020-10-15  11:15:15 am)Reset
[I](2020-10-15  11:15:23 am)Reset
[I](2020-10-15  11:15:23 am)Reset
[I](2020-10-15  11:15:23 am)Reset
[I](2020-10-15  11:15:24 am)Reset
[I](2020-10-15  11:15:24 am)Reset
[I](2020-10-15  11:18:41 am)Reset
[I](2020-10-15  11:18:42 am)Reset
[I](2020-10-15  11:19:48 am)Reset
[I](2020-10-15  11:20:46 am)Reset
[I](2020-10-15  11:21:22 am)Reset
[I](2020-10-15  11:21:48 am)Reset
[I](2020-10-15  11:22:06 am)Reset
[I](2020-10-15  11:22:53 am)작업 시작 [Start d:1153]
[I](2020-10-15  11:22:53 am)Nc File: [No.0020-595.NC]
[I](2020-10-15  11:22:53 am)  * Start Machine Position
[I](2020-10-15  11:22:53 am)    X:    517.6734
[I](2020-10-15  11:22:53 am)    Y:   -377.6809
[I](2020-10-15  11:22:53 am)    U:      0.0000
[I](2020-10-15  11:22:53 am)    V:      0.0000
[I](2020-10-15  11:22:53 am)    Z:     75.1235
[I](2020-10-15  11:22:53 am)  * Angle
[I](2020-10-15  11:22:53 am)    Ar:     -0.4010,Kr:      0.0000
[I](2020-10-15  11:22:53 am)    Taper_Ar:      0.0000
[I](2020-10-15  11:22:57 am)작업중 정지 [d:0][t:00:00:04]
[I](2020-10-15  11:22:57 am)    [LNo:0020] 000010/000203
[I](2020-10-15  11:22:57 am)작업중 M코드정지 [d:0][t:00:00:04]
[I](2020-10-15  11:27:34 am)작업중 정지 [d:4][t:00:04:40]
[I](2020-10-15  11:27:34 am)    [LNo:0020] 000025/000203
[I](2020-10-15  11:27:34 am)Wire Contact Auto Stop(M52)
[I](2020-10-15  11:28:12 am)작업 재시작
[I](2020-10-15  11:28:19 am)작업중 정지 [d:4][t:00:05:25]
[I](2020-10-15  11:28:19 am)    [LNo:0020] 000026/000203
[I](2020-10-15  11:28:19 am)작업중 M코드정지 [d:4][t:00:05:25]
[I](2020-10-15  11:28:59 am)작업중 정지 [d:4][t:00:06:06]
[I](2020-10-15  11:28:59 am)    [LNo:0020] 000029/000203
[I](2020-10-15  11:29:00 am)작업중 M코드정지 [d:4][t:00:06:06]
[I](2020-10-15  11:30:36 am)작업중 정지 [d:5][t:00:07:42]
[I](2020-10-15  11:30:36 am)    [LNo:0020] 000048/000203
[I](2020-10-15  11:30:36 am)작업중 M코드정지 [d:5][t:00:07:42]
[A](2020-10-15  11:35:16 am)[041] AWF 명령끝날때까지 센서감지(타임아웃) 안됨
[A](2020-10-15  11:35:50 am)[041] AWF 명령끝날때까지 센서감지(타임아웃) 안됨
[A](2020-10-15  11:36:23 am)[041] AWF 명령끝날때까지 센서감지(타임아웃) 안됨
[I](2020-10-15  11:36:47 am)작업중 정지 [d:5][t:00:13:54]
[I](2020-10-15  11:36:47 am)    [LNo:0020] 000054/000203
[I](2020-10-15  11:42:54 am)작업중 정지 [d:8][t:00:20:00]
[I](2020-10-15  11:42:54 am)    [LNo:0020] 000066/000203
[I](2020-10-15  11:42:54 am)Wire Contact Auto Stop(M52)
[I](2020-10-15  11:43:12 am)작업 재시작
[I](2020-10-15  11:43:20 am)작업중 정지 [d:8][t:00:20:27]
[I](2020-10-15  11:43:20 am)    [LNo:0020] 000067/000203
[I](2020-10-15  11:43:20 am)작업중 M코드정지 [d:8][t:00:20:27]
[I](2020-10-15  11:43:41 am)작업중 정지 [d:8][t:00:20:48]
[I](2020-10-15  11:43:41 am)    [LNo:0020] 000070/000203
[I](2020-10-15  11:43:41 am)작업중 M코드정지 [d:8][t:00:20:48]
[I](2020-10-15  11:45:01 am)작업중 정지 [d:9][t:00:22:07]
[I](2020-10-15  11:45:01 am)    [LNo:0020] 000089/000203
[I](2020-10-15  11:45:01 am)작업중 M코드정지 [d:9][t:00:22:07]
[I](2020-10-15  11:53:10 am)작업중 정지 [d:9][t:00:30:17]
[I](2020-10-15  11:53:10 am)    [LNo:0020] 000092/000203
[I](2020-10-15  11:53:35 am)작업중 정지 [d:9][t:00:30:42]
[I](2020-10-15  11:53:35 am)    [LNo:0020] 000074/000203
[A](2020-10-15  12:34:29 pm)[084] Work Tank Fluid Sensor Abnormal
[I](2020-10-15  12:35:09 pm)Reset
[I](2020-10-15  12:35:19 pm)Reset
[I](2020-10-15  12:35:19 pm)Reset
[I](2020-10-15  12:44:48 pm)Reset
[I](2020-10-15  12:44:48 pm)Reset
[I](2020-10-15  12:45:13 pm)Reset
[I](2020-10-15  12:45:37 pm)Reset
[I](2020-10-15  12:45:37 pm)Reset
[I](2020-10-15  12:46:11 pm)Reset
[I](2020-10-15  12:47:01 pm)Reset
[I](2020-10-15  12:47:01 pm)Reset
[I](2020-10-15  12:48:29 pm)Reset
[I](2020-10-15  12:49:00 pm)Reset
[I](2020-10-15  12:50:06 pm)Reset
[I](2020-10-15  12:50:25 pm)Reset
[I](2020-10-15  12:52:17 pm)작업 시작 [Start d:1162]
[I](2020-10-15  12:52:17 pm)Nc File: [No.0020-595.NC]
[I](2020-10-15  12:52:17 pm)  * Start Machine Position
[I](2020-10-15  12:52:17 pm)    X:    523.3337
[I](2020-10-15  12:52:17 pm)    Y:   -307.0694
[I](2020-10-15  12:52:17 pm)    U:      0.0000
[I](2020-10-15  12:52:17 pm)    V:      0.0000
[I](2020-10-15  12:52:17 pm)    Z:     75.1235
[I](2020-10-15  12:52:17 pm)  * Angle
[I](2020-10-15  12:52:17 pm)    Ar:      0.4741,Kr:      0.0000
[I](2020-10-15  12:52:17 pm)    Taper_Ar:      0.0000
[I](2020-10-15  12:52:24 pm)작업중 정지 [d:0][t:00:00:07]
[I](2020-10-15  12:52:24 pm)    [LNo:0020] 000108/000203
[I](2020-10-15  12:52:24 pm)작업중 M코드정지 [d:0][t:00:00:07]
[I](2020-10-15  12:52:26 pm)작업중 정지 [d:0][t:00:00:08]
[I](2020-10-15  12:52:26 pm)    [LNo:0020] 000111/000203
[I](2020-10-15  12:52:26 pm)작업중 M코드정지 [d:0][t:00:00:09]
[I](2020-10-15  12:52:27 pm)작업중 정지 [d:0][t:00:00:10]
[I](2020-10-15  12:52:27 pm)    [LNo:0020] 000114/000203
[I](2020-10-15  12:52:27 pm)작업중 M코드정지 [d:0][t:00:00:10]
[A](2020-10-15  12:52:44 pm)[041] AWF 명령끝날때까지 센서감지(타임아웃) 안됨
[I](2020-10-15  12:52:47 pm)작업중 정지 [d:0][t:00:00:30]
[I](2020-10-15  12:52:47 pm)    [LNo:0020] 000120/000203
[I](2020-10-15  12:57:02 pm)작업중 정지 [d:3][t:00:04:45]
[I](2020-10-15  12:57:02 pm)    [LNo:0020] 000132/000203
[I](2020-10-15  12:57:02 pm)Wire Contact Auto Stop(M52)
[I](2020-10-15  12:59:55 pm)작업 재시작
[I](2020-10-15  01:00:02 pm)작업중 정지 [d:3][t:00:07:45]
[I](2020-10-15  01:00:02 pm)    [LNo:0020] 000133/000203
[I](2020-10-15  01:00:02 pm)작업중 M코드정지 [d:3][t:00:07:45]
[I](2020-10-15  01:04:42 pm)작업중 정지 [d:3][t:00:12:25]
[I](2020-10-15  01:04:42 pm)    [LNo:0020] 000136/000203
[I](2020-10-15  01:04:42 pm)작업중 M코드정지 [d:3][t:00:12:25]
[I](2020-10-15  01:10:01 pm)작업중 정지 [d:4][t:00:17:44]
[I](2020-10-15  01:10:01 pm)    [LNo:0020] 000154/000203
[I](2020-10-15  01:10:01 pm)작업중 M코드정지 [d:4][t:00:17:44]
[A](2020-10-15  01:36:20 pm)[041] AWF 명령끝날때까지 센서감지(타임아웃) 안됨
[I](2020-10-15  01:36:23 pm)작업중 정지 [d:4][t:00:44:06]
[I](2020-10-15  01:36:23 pm)    [LNo:0020] 000161/000203
[I](2020-10-15  01:46:52 pm)작업중 정지 [d:6][t:00:54:35]
[I](2020-10-15  01:46:52 pm)    [LNo:0020] 000174/000203
[I](2020-10-15  01:46:52 pm)작업중 M코드정지 [d:6][t:00:54:35]
[I](2020-10-15  01:54:07 pm)작업중 정지 [d:6][t:01:01:49]
[I](2020-10-15  01:54:07 pm)    [LNo:0020] 000177/000203
[I](2020-10-15  01:54:07 pm)작업중 M코드정지 [d:6][t:01:01:49]
[I](2020-10-15  01:55:24 pm)작업중 정지 [d:7][t:01:03:07]
[I](2020-10-15  01:55:24 pm)    [LNo:0020] 000196/000203
[I](2020-10-15  01:55:24 pm)작업중 M코드정지 [d:7][t:01:03:07]
[I](2020-10-15  02:00:40 pm)Reset
[I](2020-10-15  02:00:47 pm)Reset
[I](2020-10-15  02:00:47 pm)Reset
[I](2020-10-15  02:01:51 pm)Reset
[I](2020-10-15  02:12:33 pm)Reset
[I](2020-10-15  02:13:18 pm)Reset
[I](2020-10-15  02:13:18 pm)Reset
[I](2020-10-15  02:13:54 pm)Reset
[I](2020-10-15  02:13:54 pm)Reset
[I](2020-10-15  02:16:42 pm)Reset
[I](2020-10-15  02:16:56 pm)Reset
[I](2020-10-15  02:16:57 pm)Reset
[I](2020-10-15  02:17:45 pm)작업 시작 [Start d:1169]
[I](2020-10-15  02:17:45 pm)Nc File: [No.0020-595.NC]
[I](2020-10-15  02:17:45 pm)  * Start Machine Position
[I](2020-10-15  02:17:45 pm)    X:    526.0469
[I](2020-10-15  02:17:45 pm)    Y:   -313.2055
[I](2020-10-15  02:17:45 pm)    U:      0.0000
[I](2020-10-15  02:17:45 pm)    V:      0.0000
[I](2020-10-15  02:17:45 pm)    Z:     75.1235
[I](2020-10-15  02:17:45 pm)  * Angle
[I](2020-10-15  02:17:45 pm)    Ar:     -0.0038,Kr:      0.0000
[I](2020-10-15  02:17:45 pm)    Taper_Ar:      0.0000
[I](2020-10-15  02:17:52 pm)작업중 정지 [d:0][t:00:00:07]
[I](2020-10-15  02:17:52 pm)    [LNo:0020] 000108/000203
[I](2020-10-15  02:17:52 pm)작업중 M코드정지 [d:0][t:00:00:07]
[I](2020-10-15  02:17:54 pm)작업중 정지 [d:0][t:00:00:09]
[I](2020-10-15  02:17:54 pm)    [LNo:0020] 000111/000203
[I](2020-10-15  02:17:54 pm)작업중 M코드정지 [d:0][t:00:00:09]
[I](2020-10-15  02:17:57 pm)작업중 정지 [d:0][t:00:00:11]
[I](2020-10-15  02:17:57 pm)    [LNo:0020] 000113/000203
[I](2020-10-15  02:17:57 pm)작업중 M코드정지 [d:0][t:00:00:11]
[I](2020-10-15  02:18:20 pm)작업중 정지 [d:0][t:00:00:35]
[I](2020-10-15  02:18:20 pm)    [LNo:0020] 000120/000203
[I](2020-10-15  02:22:20 pm)작업중 정지 [d:3][t:00:04:35]
[I](2020-10-15  02:22:20 pm)    [LNo:0020] 000133/000203
[I](2020-10-15  02:22:20 pm)작업중 M코드정지 [d:3][t:00:04:35]
[I](2020-10-15  02:27:09 pm)작업중 정지 [d:3][t:00:09:24]
[I](2020-10-15  02:27:09 pm)    [LNo:0020] 000136/000203
[I](2020-10-15  02:27:09 pm)작업중 M코드정지 [d:3][t:00:09:24]
[I](2020-10-15  02:28:17 pm)작업중 정지 [d:4][t:00:10:32]
[I](2020-10-15  02:28:17 pm)    [LNo:0020] 000154/000203
[I](2020-10-15  02:28:17 pm)작업중 M코드정지 [d:4][t:00:10:32]
[I](2020-10-15  02:32:11 pm)작업중 정지 [d:7][t:00:14:25]
[I](2020-10-15  02:32:11 pm)    [LNo:0020] 000174/000203
[I](2020-10-15  02:32:11 pm)작업중 M코드정지 [d:7][t:00:14:25]
[I](2020-10-15  02:36:12 pm)작업중 정지 [d:8][t:00:18:27]
[I](2020-10-15  02:36:12 pm)    [LNo:0020] 000177/000203
[I](2020-10-15  02:36:12 pm)작업중 M코드정지 [d:8][t:00:18:27]
[I](2020-10-15  02:37:29 pm)작업중 정지 [d:9][t:00:19:43]
[I](2020-10-15  02:37:29 pm)    [LNo:0020] 000196/000203
[I](2020-10-15  02:37:29 pm)작업중 M코드정지 [d:9][t:00:19:43]
[I](2020-10-15  02:43:18 pm)Reset
[I](2020-10-15  02:43:28 pm)Reset
[I](2020-10-15  02:43:28 pm)Reset
[I](2020-10-15  02:47:52 pm)Reset
[I](2020-10-15  02:48:20 pm)Reset
[I](2020-10-15  02:48:20 pm)Reset
[I](2020-10-15  02:55:40 pm)Reset
[I](2020-10-15  02:55:41 pm)Reset
[I](2020-10-15  02:56:02 pm)Reset
[I](2020-10-15  02:56:45 pm)Reset
[I](2020-10-15  02:57:14 pm)Reset
[I](2020-10-15  02:57:14 pm)Reset
[I](2020-10-15  02:57:37 pm)Reset
[I](2020-10-15  02:57:53 pm)Reset
[I](2020-10-15  02:59:43 pm)작업 시작 [Start d:1178]
[I](2020-10-15  02:59:43 pm)Nc File: [No.0021-601.NC]
[I](2020-10-15  02:59:43 pm)  * Start Machine Position
[I](2020-10-15  02:59:43 pm)    X:    240.2421
[I](2020-10-15  02:59:43 pm)    Y:   -365.9806
[I](2020-10-15  02:59:43 pm)    U:     -0.0592
[I](2020-10-15  02:59:43 pm)    V:     -0.0845
[I](2020-10-15  02:59:43 pm)    Z:     36.3850
[I](2020-10-15  02:59:43 pm)  * Angle
[I](2020-10-15  02:59:43 pm)    Ar:      0.5227,Kr:      0.0000
[I](2020-10-15  02:59:43 pm)    Taper_Ar:      0.0000
[I](2020-10-15  02:59:47 pm)작업중 정지 [d:0][t:00:00:04]
[I](2020-10-15  02:59:47 pm)    [LNo:0021] 000010/000058
[I](2020-10-15  02:59:47 pm)작업중 M코드정지 [d:0][t:00:00:04]
[I](2020-10-15  03:08:45 pm)작업중 정지 [d:7][t:00:09:01]
[I](2020-10-15  03:08:45 pm)    [LNo:0021] 000028/000058
[I](2020-10-15  03:08:45 pm)작업중 M코드정지 [d:7][t:00:09:01]
[I](2020-10-15  03:32:38 pm)작업중 정지 [d:7][t:00:32:55]
[I](2020-10-15  03:32:38 pm)    [LNo:0021] 000030/000058
[I](2020-10-15  03:33:26 pm)작업 재시작
[I](2020-10-15  03:33:30 pm)작업중 정지 [d:7][t:00:33:46]
[I](2020-10-15  03:33:30 pm)    [LNo:0021] 000032/000058
[I](2020-10-15  03:33:30 pm)작업중 M코드정지 [d:7][t:00:33:46]
[I](2020-10-15  03:35:47 pm)작업중 정지 [d:9][t:00:36:04]
[I](2020-10-15  03:35:47 pm)    [LNo:0021] 000050/000058
[I](2020-10-15  03:35:47 pm)작업중 M코드정지 [d:9][t:00:36:04]
[I](2020-10-15  03:48:24 pm)Reset
[I](2020-10-15  03:48:24 pm)Reset
[I](2020-10-15  03:48:31 pm)Reset
[I](2020-10-15  03:48:37 pm)Reset
[I](2020-10-15  03:53:57 pm)Reset
[I](2020-10-15  03:55:49 pm)Reset
[I](2020-10-15  03:55:50 pm)Reset
[I](2020-10-15  03:59:24 pm)작업 시작 [Start d:1187]
[I](2020-10-15  03:59:24 pm)Nc File: [No.0022-528.NC]
[I](2020-10-15  03:59:24 pm)  * Start Machine Position
[I](2020-10-15  03:59:24 pm)    X:     20.0992
[I](2020-10-15  03:59:24 pm)    Y:   -350.0832
[I](2020-10-15  03:59:24 pm)    U:      0.0000
[I](2020-10-15  03:59:24 pm)    V:      0.0000
[I](2020-10-15  03:59:24 pm)    Z:     26.3610
[I](2020-10-15  03:59:24 pm)  * Angle
[I](2020-10-15  03:59:24 pm)    Ar:      0.9210,Kr:      0.0000
[I](2020-10-15  03:59:24 pm)    Taper_Ar:      0.0000
[I](2020-10-15  04:05:37 pm)작업중 정지 [d:6][t:00:06:12]
[I](2020-10-15  04:05:37 pm)    [LNo:0022] 000022/000259
[I](2020-10-15  04:05:37 pm)작업중 M코드정지 [d:6][t:00:06:12]
[I](2020-10-15  04:11:22 pm)작업중 정지 [d:6][t:00:11:57]
[I](2020-10-15  04:11:22 pm)    [LNo:0022] 000024/000259
[I](2020-10-15  04:12:02 pm)작업 재시작
[I](2020-10-15  04:12:06 pm)작업중 정지 [d:6][t:00:12:41]
[I](2020-10-15  04:12:06 pm)    [LNo:0022] 000026/000259
[I](2020-10-15  04:12:06 pm)작업중 M코드정지 [d:6][t:00:12:41]
[I](2020-10-15  04:14:56 pm)작업중 정지 [d:8][t:00:15:31]
[I](2020-10-15  04:14:56 pm)    [LNo:0022] 000044/000259
[I](2020-10-15  04:14:56 pm)작업중 M코드정지 [d:8][t:00:15:31]
[I](2020-10-15  04:44:49 pm)작업중 정지 [d:35][t:00:45:24]
[I](2020-10-15  04:44:49 pm)    [LNo:0022] 000121/000259
[I](2020-10-15  04:44:49 pm)작업중 M코드정지 [d:35][t:00:45:24]
[I](2020-10-15  04:50:36 pm)작업중 정지 [d:35][t:00:51:11]
[I](2020-10-15  04:50:36 pm)    [LNo:0022] 000122/000259
[I](2020-10-15  04:50:36 pm)Wire Contact Auto Stop(M52)
[I](2020-10-15  04:51:15 pm)작업 재시작
[I](2020-10-15  04:51:20 pm)작업중 정지 [d:35][t:00:51:55]
[I](2020-10-15  04:51:20 pm)    [LNo:0022] 000123/000259
[I](2020-10-15  04:51:20 pm)작업중 M코드정지 [d:35][t:00:51:55]
[I](2020-10-15  04:58:02 pm)작업중 정지 [d:40][t:00:58:37]
[I](2020-10-15  04:58:02 pm)    [LNo:0022] 000147/000259
[I](2020-10-15  04:58:02 pm)작업중 M코드정지 [d:40][t:00:58:37]
[I](2020-10-15  05:01:27 pm)작업중 정지 [d:40][t:01:02:02]
[I](2020-10-15  05:01:27 pm)    [LNo:0022] 000149/000259
[I](2020-10-15  05:01:58 pm)작업 재시작
[I](2020-10-15  05:02:12 pm)작업중 정지 [d:41][t:01:02:47]
[I](2020-10-15  05:02:12 pm)    [LNo:0022] 000151/000259
[I](2020-10-15  05:02:12 pm)작업중 M코드정지 [d:41][t:01:02:47]
[I](2020-10-15  05:30:35 pm)작업중 정지 [d:68][t:01:31:10]
[I](2020-10-15  05:30:35 pm)    [LNo:0022] 000247/000259
[I](2020-10-15  05:30:35 pm)작업중 M코드정지 [d:68][t:01:31:10]
[I](2020-10-15  05:38:28 pm)작업중 정지 [d:68][t:01:39:03]
[I](2020-10-15  05:38:28 pm)    [LNo:0022] 000248/000259
[I](2020-10-15  05:38:28 pm)Wire Contact Auto Stop(M52)
[I](2020-10-15  05:41:42 pm)Reset
[I](2020-10-15  05:41:51 pm)Reset
[I](2020-10-15  05:46:16 pm)Reset
[I](2020-10-15  05:46:16 pm)Reset
[I](2020-10-15  05:49:40 pm)작업 시작 [Start d:1255]
[I](2020-10-15  05:49:40 pm)Nc File: [No.0023-529.NC]
[I](2020-10-15  05:49:40 pm)  * Start Machine Position
[I](2020-10-15  05:49:40 pm)    X:    165.3437
[I](2020-10-15  05:49:40 pm)    Y:   -332.0210
[I](2020-10-15  05:49:40 pm)    U:      0.0000
[I](2020-10-15  05:49:40 pm)    V:      0.0000
[I](2020-10-15  05:49:40 pm)    Z:     18.6560
[I](2020-10-15  05:49:40 pm)  * Angle
[I](2020-10-15  05:49:40 pm)    Ar:     -0.0223,Kr:      0.0000
[I](2020-10-15  05:49:40 pm)    Taper_Ar:      0.0000
[I](2020-10-15  05:54:18 pm)작업중 정지 [d:5][t:00:04:38]
[I](2020-10-15  05:54:18 pm)    [LNo:0023] 000022/000260
[I](2020-10-15  05:54:18 pm)작업중 M코드정지 [d:5][t:00:04:38]
[I](2020-10-15  05:56:09 pm)작업중 정지 [d:5][t:00:06:29]
[I](2020-10-15  05:56:09 pm)    [LNo:0023] 000024/000260
[I](2020-10-15  05:56:38 pm)작업 재시작
[I](2020-10-15  05:56:46 pm)작업중 정지 [d:5][t:00:07:06]
[I](2020-10-15  05:56:46 pm)    [LNo:0023] 000026/000260
[I](2020-10-15  05:56:46 pm)작업중 M코드정지 [d:5][t:00:07:06]
[I](2020-10-15  05:58:57 pm)작업중 정지 [d:7][t:00:09:17]
[I](2020-10-15  05:58:57 pm)    [LNo:0023] 000045/000260
[I](2020-10-15  05:58:57 pm)작업중 M코드정지 [d:7][t:00:09:17]
[I](2020-10-15  06:22:09 pm)작업중 정지 [d:27][t:00:32:28]
[I](2020-10-15  06:22:09 pm)    [LNo:0023] 000122/000260
[I](2020-10-15  06:22:09 pm)작업중 M코드정지 [d:27][t:00:32:28]
[I](2020-10-15  08:23:10 pm)작업중 정지 [d:28][t:02:33:30]
[I](2020-10-15  08:23:10 pm)    [LNo:0023] 000123/000260
[A](2020-10-15  08:23:10 pm)[008] 작업중 단선(AWF Feed Motor Stop )
[I](2020-10-15  08:23:11 pm)작업중 Wire 단선 [d:28][t:02:33:30]
[A](2020-10-15  08:25:04 pm)[037] 자동결선 잔여 WIRE 처리 실패!!
[I](2020-10-15  08:25:29 pm)작업 재시작
[I](2020-10-15  08:25:30 pm)작업중 정지 [d:28][t:02:35:50]
[I](2020-10-15  08:25:30 pm)    [LNo:0023] 000124/000260
[I](2020-10-15  08:25:30 pm)작업중 M코드정지 [d:28][t:02:35:50]
[I](2020-10-15  08:25:32 pm)작업중 정지 [d:28][t:02:35:51]
[I](2020-10-15  08:25:32 pm)    [LNo:0023] 000126/000260
[I](2020-10-15  08:25:32 pm)작업중 M코드정지 [d:28][t:02:35:51]
[A](2020-10-15  08:25:47 pm)[041] AWF 명령끝날때까지 센서감지(타임아웃) 안됨
[A](2020-10-15  08:26:21 pm)[041] AWF 명령끝날때까지 센서감지(타임아웃) 안됨
[A](2020-10-15  08:26:54 pm)[041] AWF 명령끝날때까지 센서감지(타임아웃) 안됨
[A](2020-10-15  08:27:27 pm)[041] AWF 명령끝날때까지 센서감지(타임아웃) 안됨
[A](2020-10-15  08:28:08 pm)[041] AWF 명령끝날때까지 센서감지(타임아웃) 안됨
[I](2020-10-15  08:28:33 pm)작업중 정지 [d:28][t:02:38:53]
[I](2020-10-15  08:28:33 pm)    [LNo:0023] 000133/000260
[A](2020-10-15  08:28:33 pm)[009] 자동결선 Error(M20-삽입실패)
[I](2020-10-15  08:34:03 pm)작업중 정지 [d:32][t:02:44:23]
[I](2020-10-15  08:34:03 pm)    [LNo:0023] 000148/000260
[I](2020-10-15  08:34:03 pm)작업중 M코드정지 [d:32][t:02:44:23]
[I](2020-10-15  08:35:24 pm)작업중 정지 [d:32][t:02:45:44]
[I](2020-10-15  08:35:24 pm)    [LNo:0023] 000150/000260
[I](2020-10-15  08:35:24 pm)작업중 30sec 접촉 정지 [d:32][t:02:45:44]
[I](2020-10-15  08:35:55 pm)작업 재시작
[I](2020-10-15  08:56:58 pm)작업중 정지 [d:52][t:03:07:18]
[I](2020-10-15  08:56:58 pm)    [LNo:0023] 000234/000260
[I](2020-10-15  08:56:58 pm)작업중 30sec 접촉 정지 [d:52][t:03:07:18]
[I](2020-10-15  08:57:23 pm)작업 재시작
[I](2020-10-15  08:59:00 pm)작업중 정지 [d:53][t:03:09:20]
[I](2020-10-15  08:59:00 pm)    [LNo:0023] 000249/000260
[I](2020-10-15  08:59:00 pm)Wire Contact Auto Stop(M52)
[A](2020-10-15  08:59:39 pm)[037] 자동결선 잔여 WIRE 처리 실패!!
[I](2020-10-15  09:04:15 pm)Reset
[I](2020-10-15  09:04:23 pm)Reset
[I](2020-10-15  09:06:55 pm)Reset
[I](2020-10-15  09:08:25 pm)작업 시작 [Start d:1308]
[I](2020-10-15  09:08:25 pm)Nc File: [No.0001-620.NC]
[I](2020-10-15  09:08:25 pm)  * Start Machine Position
[I](2020-10-15  09:08:25 pm)    X:    107.6219
[I](2020-10-15  09:08:25 pm)    Y:   -320.7183
[I](2020-10-15  09:08:25 pm)    U:      0.0000
[I](2020-10-15  09:08:25 pm)    V:      0.0000
[I](2020-10-15  09:08:25 pm)    Z:     18.7590
[I](2020-10-15  09:08:25 pm)  * Angle
[I](2020-10-15  09:08:25 pm)    Ar:      0.3433,Kr:      0.0000
[I](2020-10-15  09:08:25 pm)    Taper_Ar:      0.0000
[I](2020-10-15  09:16:14 pm)작업중 정지 [d:8][t:00:07:49]
[I](2020-10-15  09:16:14 pm)    [LNo:0001] 000020/000066
[I](2020-10-15  09:16:14 pm)작업중 M코드정지 [d:8][t:00:07:49]
[I](2020-10-15  09:33:07 pm)작업중 정지 [d:8][t:00:24:42]
[I](2020-10-15  09:33:07 pm)    [LNo:0001] 000021/000066
[I](2020-10-15  09:33:29 pm)작업 재시작
[I](2020-10-15  09:33:37 pm)작업중 정지 [d:8][t:00:25:12]
[I](2020-10-15  09:33:37 pm)    [LNo:0001] 000023/000066
[I](2020-10-15  09:33:37 pm)작업중 M코드정지 [d:8][t:00:25:12]
[A](2020-10-15  09:34:25 pm)[041] AWF 명령끝날때까지 센서감지(타임아웃) 안됨
[A](2020-10-15  09:34:58 pm)[041] AWF 명령끝날때까지 센서감지(타임아웃) 안됨
[A](2020-10-15  09:35:31 pm)[041] AWF 명령끝날때까지 센서감지(타임아웃) 안됨
[A](2020-10-15  09:36:04 pm)[041] AWF 명령끝날때까지 센서감지(타임아웃) 안됨
[A](2020-10-15  09:36:37 pm)[041] AWF 명령끝날때까지 센서감지(타임아웃) 안됨
[I](2020-10-15  09:36:42 pm)작업중 정지 [d:8][t:00:28:17]
[I](2020-10-15  09:36:42 pm)    [LNo:0001] 000032/000066
[I](2020-10-15  10:30:39 pm)작업중 정지 [d:61][t:01:22:14]
[I](2020-10-15  10:30:39 pm)    [LNo:0001] 000054/000066
[I](2020-10-15  10:30:39 pm)작업중 M코드정지 [d:61][t:01:22:14]
[I](2020-10-15  10:34:47 pm)작업중 정지 [d:61][t:01:26:22]
[I](2020-10-15  10:34:47 pm)    [LNo:0001] 000056/000066
[I](2020-10-15  10:34:47 pm)작업중 M코드정지 [d:61][t:01:26:22]
[A](2020-10-15  10:41:23 pm)[091] Auto Door Sensor Abnormal
[I](2020-10-15  11:08:23 pm)Reset
[I](2020-10-15  11:09:10 pm)Reset
[I](2020-10-15  11:11:14 pm)Reset
[I](2020-10-15  11:12:33 pm)작업 시작 [Start d:0]
[I](2020-10-15  11:12:33 pm)Nc File: [No.0005-607.NC]
[I](2020-10-15  11:12:33 pm)  * Start Machine Position
[I](2020-10-15  11:12:33 pm)    X:    169.7623
[I](2020-10-15  11:12:33 pm)    Y:   -359.4198
[I](2020-10-15  11:12:33 pm)    U:      0.0000
[I](2020-10-15  11:12:33 pm)    V:      0.0000
[I](2020-10-15  11:12:33 pm)    Z:     30.2280
[I](2020-10-15  11:12:33 pm)  * Angle
[I](2020-10-15  11:12:33 pm)    Ar:      0.7901,Kr:      0.0000
[I](2020-10-15  11:12:33 pm)    Taper_Ar:      0.0000
[I](2020-10-15  11:12:39 pm)작업중 정지 [d:0][t:00:00:06]
[I](2020-10-15  11:12:39 pm)    [LNo:0005] 000015/000288
[I](2020-10-15  11:12:56 pm)작업 재시작
[I](2020-10-15  11:15:38 pm)작업중 정지 [d:3][t:00:03:05]
[I](2020-10-15  11:15:38 pm)    [LNo:0005] 000019/000288
[A](2020-10-15  11:16:01 pm)[037] 자동결선 잔여 WIRE 처리 실패!!
[A](2020-10-15  11:18:55 pm)[091] Auto Door Sensor Abnormal
[I](2020-10-15  11:19:47 pm)작업 재시작
[I](2020-10-15  11:51:59 pm)작업중 정지 [d:35][t:00:39:25]
[I](2020-10-15  11:51:59 pm)    [LNo:0005] 000054/000288
[I](2020-10-15  11:51:59 pm)작업중 30sec 접촉 정지 [d:35][t:00:39:26]
[I](2020-10-15  11:52:04 pm)작업 재시작
