[I](2020-03-28  12:16:40 am)작업중 정지 [d:37][t:00:36:36]
[I](2020-03-28  12:16:40 am)    [LNo:0005] 000061/000138
[I](2020-03-28  12:16:40 am)작업중 M코드정지 [d:37][t:00:36:36]
[I](2020-03-28  12:27:25 am)작업중 정지 [d:37][t:00:47:21]
[I](2020-03-28  12:27:25 am)    [LNo:0005] 000063/000138
[I](2020-03-28  12:27:25 am)작업중 M코드정지 [d:37][t:00:47:21]
[I](2020-03-28  01:04:50 am)작업중 정지 [d:73][t:01:24:46]
[I](2020-03-28  01:04:50 am)    [LNo:0005] 000126/000138
[I](2020-03-28  01:04:50 am)작업중 M코드정지 [d:73][t:01:24:46]
[I](2020-03-28  01:16:36 am)작업중 정지 [d:74][t:01:36:32]
[I](2020-03-28  01:16:36 am)    [LNo:0005] 000128/000138
[I](2020-03-28  01:16:36 am)작업중 M코드정지 [d:74][t:01:36:32]
[I](2020-03-28  01:27:16 am)Reset
[I](2020-03-28  01:27:37 am)Reset
[I](2020-03-28  01:29:58 am)Reset
[I](2020-03-28  01:30:50 am)작업 시작 [Start d:1269]
[I](2020-03-28  01:30:50 am)Nc File: [No.0004-476.NC]
[I](2020-03-28  01:30:50 am)  * Start Machine Position
[I](2020-03-28  01:30:50 am)    X:    226.2323
[I](2020-03-28  01:30:50 am)    Y:   -251.2896
[I](2020-03-28  01:30:50 am)    U:      0.0000
[I](2020-03-28  01:30:50 am)    V:      0.0000
[I](2020-03-28  01:30:50 am)    Z:     47.5597
[I](2020-03-28  01:30:50 am)  * Angle
[I](2020-03-28  01:30:50 am)    Ar:     -0.7971,Kr:      0.0000
[I](2020-03-28  01:30:50 am)    Taper_Ar:      0.0000
[I](2020-03-28  01:30:50 am)작업중 정지 [d:0][t:00:00:00]
[I](2020-03-28  01:30:50 am)    [LNo:0004] 000007/000484
[I](2020-03-28  01:46:41 am)작업중 정지 [d:15][t:00:15:50]
[I](2020-03-28  01:46:41 am)    [LNo:0004] 000020/000484
[I](2020-03-28  01:46:41 am)작업중 M코드정지 [d:15][t:00:15:50]
[I](2020-03-28  02:01:53 am)작업중 정지 [d:15][t:00:31:03]
[I](2020-03-28  02:01:53 am)    [LNo:0004] 000021/000484
[I](2020-03-28  02:03:24 am)작업 재시작
[I](2020-03-28  02:03:29 am)작업중 정지 [d:15][t:00:32:39]
[I](2020-03-28  02:03:29 am)    [LNo:0004] 000023/000484
[I](2020-03-28  02:03:29 am)작업중 M코드정지 [d:15][t:00:32:39]
[I](2020-03-28  02:11:15 am)작업중 정지 [d:22][t:00:40:25]
[I](2020-03-28  02:11:15 am)    [LNo:0004] 000042/000484
[I](2020-03-28  02:11:15 am)작업중 M코드정지 [d:22][t:00:40:25]
[I](2020-03-28  02:34:41 am)작업중 정지 [d:37][t:01:03:50]
[I](2020-03-28  02:34:41 am)    [LNo:0004] 000061/000484
[I](2020-03-28  02:34:41 am)작업중 M코드정지 [d:37][t:01:03:50]
[I](2020-03-28  02:38:08 am)작업중 정지 [d:37][t:01:07:18]
[I](2020-03-28  02:38:08 am)    [LNo:0004] 000062/000484
[I](2020-03-28  02:39:13 am)작업 재시작
[I](2020-03-28  02:39:20 am)작업중 정지 [d:37][t:01:08:29]
[I](2020-03-28  02:39:20 am)    [LNo:0004] 000064/000484
[I](2020-03-28  02:39:20 am)작업중 M코드정지 [d:37][t:01:08:29]
[I](2020-03-28  05:33:30 am)작업중 정지 [d:208][t:04:02:40]
[I](2020-03-28  05:33:30 am)    [LNo:0004] 000212/000484
[I](2020-03-28  05:33:30 am)작업중 M코드정지 [d:208][t:04:02:40]
[I](2020-03-28  05:38:09 am)작업중 정지 [d:208][t:04:07:19]
[I](2020-03-28  05:38:09 am)    [LNo:0004] 000214/000484
[I](2020-03-28  05:38:09 am)작업중 M코드정지 [d:208][t:04:07:19]
[I](2020-03-28  05:39:50 am)작업중 정지 [d:209][t:04:09:00]
[I](2020-03-28  05:39:50 am)    [LNo:0004] 000231/000484
[I](2020-03-28  05:39:50 am)작업중 30sec 접촉 정지 [d:209][t:04:09:00]
[I](2020-03-28  05:41:45 am)작업 재시작
[I](2020-03-28  05:46:08 am)작업중 정지 [d:213][t:04:15:18]
[I](2020-03-28  05:46:08 am)    [LNo:0004] 000234/000484
[I](2020-03-28  05:46:08 am)작업중 M코드정지 [d:213][t:04:15:18]
[I](2020-03-28  05:47:05 am)작업중 정지 [d:213][t:04:16:14]
[I](2020-03-28  05:47:05 am)    [LNo:0004] 000235/000484
[A](2020-03-28  05:47:05 am)[008] 작업중 단선(AWF Feed Motor Stop )
[I](2020-03-28  05:47:05 am)작업중 Wire 단선 [d:213][t:04:16:15]
[I](2020-03-28  05:49:01 am)작업 재시작
[I](2020-03-28  05:49:02 am)작업중 정지 [d:213][t:04:18:12]
[I](2020-03-28  05:49:02 am)    [LNo:0004] 000236/000484
[I](2020-03-28  05:49:02 am)작업중 M코드정지 [d:213][t:04:18:12]
[I](2020-03-28  06:02:58 am)작업중 정지 [d:226][t:04:32:08]
[I](2020-03-28  06:02:58 am)    [LNo:0004] 000258/000484
[I](2020-03-28  06:02:58 am)작업중 M코드정지 [d:226][t:04:32:08]
[I](2020-03-28  06:05:37 am)작업중 정지 [d:227][t:04:34:47]
[I](2020-03-28  06:05:37 am)    [LNo:0004] 000259/000484
[I](2020-03-28  06:06:53 am)작업 재시작
[I](2020-03-28  06:06:59 am)작업중 정지 [d:227][t:04:36:08]
[I](2020-03-28  06:06:59 am)    [LNo:0004] 000261/000484
[I](2020-03-28  06:06:59 am)작업중 M코드정지 [d:227][t:04:36:09]
[I](2020-03-28  06:23:12 am)작업중 정지 [d:242][t:04:52:22]
[I](2020-03-28  06:23:12 am)    [LNo:0004] 000299/000484
[I](2020-03-28  06:23:12 am)작업중 M코드정지 [d:242][t:04:52:22]
[I](2020-03-28  06:28:12 am)작업중 정지 [d:242][t:04:57:22]
[I](2020-03-28  06:28:12 am)    [LNo:0004] 000300/000484
[I](2020-03-28  06:29:35 am)작업 재시작
[I](2020-03-28  06:29:45 am)작업중 정지 [d:242][t:04:58:55]
[I](2020-03-28  06:29:45 am)    [LNo:0004] 000302/000484
[I](2020-03-28  06:29:45 am)작업중 M코드정지 [d:242][t:04:58:55]
[I](2020-03-28  09:12:45 am)작업중 정지 [d:401][t:07:41:55]
[I](2020-03-28  09:12:45 am)    [LNo:0004] 000450/000484
[I](2020-03-28  09:12:45 am)작업중 M코드정지 [d:401][t:07:41:55]
[I](2020-03-28  09:14:06 am)작업중 정지 [d:401][t:07:43:16]
[I](2020-03-28  09:14:06 am)    [LNo:0004] 000452/000484
[I](2020-03-28  09:14:06 am)작업중 M코드정지 [d:401][t:07:43:16]
[I](2020-03-28  09:19:32 am)작업중 정지 [d:405][t:07:48:42]
[I](2020-03-28  09:19:32 am)    [LNo:0004] 000472/000484
[I](2020-03-28  09:19:32 am)작업중 M코드정지 [d:405][t:07:48:42]
[I](2020-03-28  09:20:09 am)작업중 정지 [d:405][t:07:49:19]
[I](2020-03-28  09:20:09 am)    [LNo:0004] 000474/000484
[I](2020-03-28  09:20:09 am)작업중 M코드정지 [d:405][t:07:49:19]
[A](2020-03-28  09:20:56 am)[037] 자동결선 잔여 WIRE 처리 실패!!
[I](2020-03-28  09:22:32 am)Reset
[I](2020-03-28  09:23:07 am)Reset
[I](2020-03-28  09:23:11 am)작업 시작 [Start d:1674]
[I](2020-03-28  09:23:11 am)Nc File: [No.0006-475.NC]
[I](2020-03-28  09:23:11 am)  * Start Machine Position
[I](2020-03-28  09:23:11 am)    X:    226.7958
[I](2020-03-28  09:23:11 am)    Y:   -184.2580
[I](2020-03-28  09:23:11 am)    U:      0.0000
[I](2020-03-28  09:23:11 am)    V:      0.0000
[I](2020-03-28  09:23:11 am)    Z:     34.9987
[I](2020-03-28  09:23:11 am)  * Angle
[I](2020-03-28  09:23:11 am)    Ar:      0.0000,Kr:      0.0000
[I](2020-03-28  09:23:11 am)    Taper_Ar:      0.0000
[I](2020-03-28  09:23:31 am)작업중 정지 [d:0][t:00:00:19]
[I](2020-03-28  09:23:31 am)    [LNo:0006] 000117/000676
[I](2020-03-28  09:23:33 am)Reset
[I](2020-03-28  09:23:33 am)Reset
[I](2020-03-28  09:25:30 am)Reset
[A](2020-03-28  09:26:01 am)[034] 자동결선 하부 뭉치 WIRE CONTACT!!
[I](2020-03-28  09:28:01 am)Reset
[I](2020-03-28  09:29:33 am)Reset
[I](2020-03-28  09:29:34 am)Reset
[I](2020-03-28  09:29:42 am)Reset
[I](2020-03-28  09:29:47 am)작업 시작 [Start d:1674]
[I](2020-03-28  09:29:47 am)Nc File: [No.0006-475.NC]
[I](2020-03-28  09:29:47 am)  * Start Machine Position
[I](2020-03-28  09:29:47 am)    X:    396.5520
[I](2020-03-28  09:29:47 am)    Y:   -315.9284
[I](2020-03-28  09:29:47 am)    U:      0.0000
[I](2020-03-28  09:29:47 am)    V:      0.0000
[I](2020-03-28  09:29:47 am)    Z:     33.5117
[I](2020-03-28  09:29:47 am)  * Angle
[I](2020-03-28  09:29:47 am)    Ar:     -0.1774,Kr:      0.0000
[I](2020-03-28  09:29:47 am)    Taper_Ar:      0.0000
[I](2020-03-28  10:57:44 am)작업중 정지 [d:-1586][t:01:27:56]
[I](2020-03-28  10:57:44 am)    [LNo:0006] 000163/000676
[I](2020-03-28  10:57:44 am)작업중 30sec 접촉 정지 [d:-1586][t:01:27:56]
[I](2020-03-28  10:58:01 am)작업 재시작
[I](2020-03-28  11:05:10 am)작업중 정지 [d:-1579][t:01:35:22]
[I](2020-03-28  11:05:10 am)    [LNo:0006] 000176/000676
[I](2020-03-28  11:05:10 am)작업중 30sec 접촉 정지 [d:-1579][t:01:35:22]
[I](2020-03-28  11:05:23 am)작업 재시작
[I](2020-03-28  11:47:38 am)작업중 정지 [d:-1536][t:02:17:50]
[I](2020-03-28  11:47:38 am)    [LNo:0006] 000317/000676
[I](2020-03-28  11:47:38 am)작업중 M코드정지 [d:-1536][t:02:17:50]
[I](2020-03-28  11:49:37 am)작업중 정지 [d:-1535][t:02:19:50]
[I](2020-03-28  11:49:37 am)    [LNo:0006] 000327/000676
[I](2020-03-28  11:49:37 am)작업중 M코드정지 [d:-1535][t:02:19:50]
[A](2020-03-28  11:49:55 am)[037] 자동결선 잔여 WIRE 처리 실패!!
[I](2020-03-28  11:51:21 am)작업중 정지 [d:-1535][t:02:21:33]
[I](2020-03-28  11:51:21 am)    [LNo:0006] 000330/000676
[A](2020-03-28  11:51:21 am)[010] 자동결선 Error(M21-절단실패)
[I](2020-03-28  01:25:26 pm)작업중 정지 [d:-1442][t:03:55:38]
[I](2020-03-28  01:25:26 pm)    [LNo:0006] 000497/000676
[I](2020-03-28  01:25:26 pm)작업중 30sec 접촉 정지 [d:-1442][t:03:55:38]
[I](2020-03-28  01:30:52 pm)작업 재시작
[I](2020-03-28  01:31:02 pm)작업중 정지 [d:-1442][t:04:01:14]
[I](2020-03-28  01:31:02 pm)    [LNo:0006] 000497/000676
[I](2020-03-28  01:31:02 pm)작업중 30sec 접촉 정지 [d:-1442][t:04:01:14]
[I](2020-03-28  01:32:07 pm)작업 재시작
[I](2020-03-28  02:06:50 pm)작업중 정지 [d:-1407][t:04:37:02]
[I](2020-03-28  02:06:50 pm)    [LNo:0006] 000510/000676
[A](2020-03-28  02:07:21 pm)[037] 자동결선 잔여 WIRE 처리 실패!!
[A](2020-03-28  02:08:55 pm)[034] 자동결선 하부 뭉치 WIRE CONTACT!!
[A](2020-03-28  02:08:59 pm)[034] 자동결선 하부 뭉치 WIRE CONTACT!!
[A](2020-03-28  02:09:01 pm)[034] 자동결선 하부 뭉치 WIRE CONTACT!!
[I](2020-03-28  02:10:09 pm)작업 재시작
[I](2020-03-28  02:37:09 pm)작업중 정지 [d:-1380][t:05:07:21]
[I](2020-03-28  02:37:09 pm)    [LNo:0006] 000666/000676
[I](2020-03-28  02:37:09 pm)작업중 M코드정지 [d:-1380][t:05:07:21]
[A](2020-03-28  02:37:37 pm)[037] 자동결선 잔여 WIRE 처리 실패!!
[I](2020-03-28  02:41:12 pm)Reset
[I](2020-03-28  02:41:12 pm)Reset
[I](2020-03-28  02:42:45 pm)Reset
[A](2020-03-28  02:43:10 pm)[037] 자동결선 잔여 WIRE 처리 실패!!
[I](2020-03-28  02:46:57 pm)Reset
[I](2020-03-28  02:49:01 pm)작업 시작 [Start d:294]
[I](2020-03-28  02:49:01 pm)Nc File: [No.0010-487.NC]
[I](2020-03-28  02:49:01 pm)  * Start Machine Position
[I](2020-03-28  02:49:01 pm)    X:    122.5469
[I](2020-03-28  02:49:01 pm)    Y:   -202.8186
[I](2020-03-28  02:49:01 pm)    U:      0.0000
[I](2020-03-28  02:49:01 pm)    V:      0.0000
[I](2020-03-28  02:49:01 pm)    Z:     39.7511
[I](2020-03-28  02:49:01 pm)  * Angle
[I](2020-03-28  02:49:01 pm)    Ar:      0.0000,Kr:      0.0000
[I](2020-03-28  02:49:01 pm)    Taper_Ar:      0.0000
[I](2020-03-28  03:15:20 pm)작업중 정지 [d:26][t:00:26:18]
[I](2020-03-28  03:15:20 pm)    [LNo:0010] 000028/000107
[A](2020-03-28  03:15:37 pm)[037] 자동결선 잔여 WIRE 처리 실패!!
[A](2020-03-28  03:19:29 pm)[037] 자동결선 잔여 WIRE 처리 실패!!
[A](2020-03-28  03:19:52 pm)[034] 자동결선 하부 뭉치 WIRE CONTACT!!
[A](2020-03-28  03:19:54 pm)[034] 자동결선 하부 뭉치 WIRE CONTACT!!
[A](2020-03-28  03:19:56 pm)[034] 자동결선 하부 뭉치 WIRE CONTACT!!
[A](2020-03-28  03:21:22 pm)[001] 와이어 미동작
[I](2020-03-28  03:21:27 pm)작업 재시작
[I](2020-03-28  03:21:30 pm)작업중 정지 [d:26][t:00:32:28]
[I](2020-03-28  03:21:30 pm)    [LNo:0010] 000028/000107
[A](2020-03-28  03:21:33 pm)[001] 와이어 미동작
[A](2020-03-28  03:21:39 pm)[001] 와이어 미동작
[I](2020-03-28  03:23:56 pm)작업 재시작
[I](2020-03-28  03:45:01 pm)작업중 정지 [d:47][t:00:55:59]
[I](2020-03-28  03:45:01 pm)    [LNo:0010] 000056/000107
[I](2020-03-28  03:45:01 pm)작업중 30sec 접촉 정지 [d:47][t:00:55:59]
[I](2020-03-28  03:45:18 pm)작업 재시작
[I](2020-03-28  03:45:28 pm)작업중 정지 [d:47][t:00:56:26]
[I](2020-03-28  03:45:28 pm)    [LNo:0010] 000056/000107
[I](2020-03-28  03:45:28 pm)작업중 30sec 접촉 정지 [d:47][t:00:56:26]
[I](2020-03-28  03:47:12 pm)작업 재시작
[I](2020-03-28  04:05:00 pm)작업중 정지 [d:65][t:01:15:58]
[I](2020-03-28  04:05:00 pm)    [LNo:0010] 000095/000107
[I](2020-03-28  04:05:00 pm)작업중 M코드정지 [d:65][t:01:15:58]
[I](2020-03-28  04:05:50 pm)작업중 정지 [d:65][t:01:16:48]
[I](2020-03-28  04:05:50 pm)    [LNo:0010] 000096/000107
[I](2020-03-28  04:05:50 pm)Wire Contact Auto Stop(M52)
[A](2020-03-28  04:06:42 pm)[037] 자동결선 잔여 WIRE 처리 실패!!
[I](2020-03-28  04:17:36 pm)Reset
[A](2020-03-28  04:18:32 pm)[034] 자동결선 하부 뭉치 WIRE CONTACT!!
[I](2020-03-28  04:22:18 pm)Reset
[I](2020-03-28  04:22:24 pm)Reset
[I](2020-03-28  04:22:24 pm)Reset
[I](2020-03-28  04:23:57 pm)작업 시작 [Start d:0]
[I](2020-03-28  04:23:57 pm)Nc File: [No.0007-488.NC *]
[I](2020-03-28  04:23:57 pm)  * Start Machine Position
[I](2020-03-28  04:23:57 pm)    X:    226.1664
[I](2020-03-28  04:23:57 pm)    Y:   -293.6183
[I](2020-03-28  04:23:57 pm)    U:      0.0000
[I](2020-03-28  04:23:57 pm)    V:      0.0000
[I](2020-03-28  04:23:57 pm)    Z:     26.7226
[I](2020-03-28  04:23:57 pm)  * Angle
[I](2020-03-28  04:23:57 pm)    Ar:      0.0174,Kr:      0.0000
[I](2020-03-28  04:23:57 pm)    Taper_Ar:      0.0000
[I](2020-03-28  04:28:09 pm)작업중 정지 [d:4][t:00:04:12]
[I](2020-03-28  04:28:09 pm)    [LNo:0007] 000022/000305
[I](2020-03-28  04:28:09 pm)작업중 M코드정지 [d:4][t:00:04:12]
[I](2020-03-28  04:29:54 pm)작업중 정지 [d:4][t:00:05:57]
[I](2020-03-28  04:29:54 pm)    [LNo:0007] 000026/000305
[I](2020-03-28  04:29:54 pm)작업중 M코드정지 [d:4][t:00:05:57]
[I](2020-03-28  04:32:35 pm)작업중 정지 [d:5][t:00:08:38]
[I](2020-03-28  04:32:35 pm)    [LNo:0007] 000052/000305
[I](2020-03-28  04:33:39 pm)Reset
[I](2020-03-28  04:36:11 pm)Reset
[I](2020-03-28  04:36:23 pm)작업 시작 [Start d:5]
[I](2020-03-28  04:36:23 pm)Nc File: [No.0007-488.NC *]
[I](2020-03-28  04:36:23 pm)  * Start Machine Position
[I](2020-03-28  04:36:23 pm)    X:    226.1664
[I](2020-03-28  04:36:23 pm)    Y:   -293.6183
[I](2020-03-28  04:36:23 pm)    U:      0.0000
[I](2020-03-28  04:36:23 pm)    V:      0.0000
[I](2020-03-28  04:36:23 pm)    Z:     26.7226
[I](2020-03-28  04:36:23 pm)  * Angle
[I](2020-03-28  04:36:23 pm)    Ar:      0.0174,Kr:      0.0000
[I](2020-03-28  04:36:23 pm)    Taper_Ar:      0.0000
[I](2020-03-28  05:06:53 pm)작업중 정지 [d:30][t:00:30:29]
[I](2020-03-28  05:06:53 pm)    [LNo:0007] 000101/000305
[I](2020-03-28  05:06:53 pm)작업중 30sec 접촉 정지 [d:30][t:00:30:30]
[I](2020-03-28  05:07:17 pm)작업 재시작
[I](2020-03-28  05:20:16 pm)작업중 정지 [d:43][t:00:43:53]
[I](2020-03-28  05:20:16 pm)    [LNo:0007] 000147/000305
[I](2020-03-28  05:20:16 pm)Wire Contact Auto Stop(M52)
[I](2020-03-28  05:21:14 pm)작업 재시작
[I](2020-03-28  05:21:16 pm)작업중 정지 [d:43][t:00:44:53]
[I](2020-03-28  05:21:16 pm)    [LNo:0007] 000148/000305
[I](2020-03-28  05:21:16 pm)작업중 M코드정지 [d:43][t:00:44:53]
[I](2020-03-28  05:26:41 pm)작업중 정지 [d:48][t:00:50:18]
[I](2020-03-28  05:26:41 pm)    [LNo:0007] 000172/000305
[I](2020-03-28  05:26:41 pm)작업중 M코드정지 [d:48][t:00:50:18]
[I](2020-03-28  05:27:57 pm)작업중 정지 [d:48][t:00:51:33]
[I](2020-03-28  05:27:57 pm)    [LNo:0007] 000174/000305
[I](2020-03-28  05:28:34 pm)작업 재시작
[I](2020-03-28  05:28:40 pm)작업중 정지 [d:48][t:00:52:16]
[I](2020-03-28  05:28:40 pm)    [LNo:0007] 000176/000305
[I](2020-03-28  05:28:40 pm)작업중 M코드정지 [d:48][t:00:52:16]
[I](2020-03-28  05:30:24 pm)작업중 정지 [d:49][t:00:54:01]
[I](2020-03-28  05:30:24 pm)    [LNo:0007] 000196/000305
[I](2020-03-28  05:59:41 pm)작업중 정지 [d:77][t:01:23:18]
[I](2020-03-28  05:59:41 pm)    [LNo:0007] 000251/000305
[I](2020-03-28  05:59:41 pm)작업중 30sec 접촉 정지 [d:77][t:01:23:18]
[I](2020-03-28  06:04:15 pm)작업 재시작
[I](2020-03-28  06:18:32 pm)작업중 정지 [d:92][t:01:42:09]
[I](2020-03-28  06:18:32 pm)    [LNo:0007] 000296/000305
[I](2020-03-28  06:18:32 pm)작업중 M코드정지 [d:92][t:01:42:09]
[I](2020-03-28  06:20:38 pm)작업중 정지 [d:92][t:01:44:15]
[I](2020-03-28  06:20:38 pm)    [LNo:0007] 000297/000305
[I](2020-03-28  06:20:38 pm)Wire Contact Auto Stop(M52)
[I](2020-03-28  06:30:24 pm)Reset
[I](2020-03-28  06:31:09 pm)Reset
[I](2020-03-28  06:31:22 pm)Reset
[A](2020-03-28  06:31:31 pm)[091] Auto Door Sensor Abnormal
[I](2020-03-28  06:32:33 pm)작업 시작 [Start d:97]
[I](2020-03-28  06:32:33 pm)Nc File: [No.0008-490.NC *]
[I](2020-03-28  06:32:33 pm)  * Start Machine Position
[I](2020-03-28  06:32:33 pm)    X:    304.1937
[I](2020-03-28  06:32:33 pm)    Y:   -299.9571
[I](2020-03-28  06:32:33 pm)    U:      0.0000
[I](2020-03-28  06:32:33 pm)    V:      0.0000
[I](2020-03-28  06:32:33 pm)    Z:     11.8089
[I](2020-03-28  06:32:33 pm)  * Angle
[I](2020-03-28  06:32:33 pm)    Ar:      0.0000,Kr:      0.0000
[I](2020-03-28  06:32:33 pm)    Taper_Ar:      0.0000
[I](2020-03-28  06:32:52 pm)작업중 정지 [d:-97][t:00:00:19]
[I](2020-03-28  06:32:52 pm)    [LNo:0008] 000016/000147
[I](2020-03-28  06:32:53 pm)Reset
[I](2020-03-28  06:32:58 pm)Reset
[I](2020-03-28  06:33:02 pm)작업 시작 [Start d:0]
[I](2020-03-28  06:33:02 pm)Nc File: [No.0008-490.NC *]
[I](2020-03-28  06:33:02 pm)  * Start Machine Position
[I](2020-03-28  06:33:02 pm)    X:    304.1937
[I](2020-03-28  06:33:02 pm)    Y:   -298.3475
[I](2020-03-28  06:33:02 pm)    U:      0.0000
[I](2020-03-28  06:33:02 pm)    V:      0.0000
[I](2020-03-28  06:33:02 pm)    Z:     11.8089
[I](2020-03-28  06:33:02 pm)  * Angle
[I](2020-03-28  06:33:02 pm)    Ar:      0.0000,Kr:      0.0000
[I](2020-03-28  06:33:02 pm)    Taper_Ar:      0.0000
[I](2020-03-28  06:33:08 pm)작업중 정지 [d:0][t:00:00:06]
[I](2020-03-28  06:33:08 pm)    [LNo:0008] 000016/000147
[I](2020-03-28  06:33:23 pm)작업 재시작
[I](2020-03-28  06:34:03 pm)작업중 정지 [d:1][t:00:01:00]
[I](2020-03-28  06:34:03 pm)    [LNo:0008] 000016/000147
[I](2020-03-28  06:34:03 pm)Reset
[I](2020-03-28  06:34:09 pm)Reset
[I](2020-03-28  06:34:09 pm)Reset
[I](2020-03-28  06:34:15 pm)작업 시작 [Start d:1]
[I](2020-03-28  06:34:15 pm)Nc File: [No.0008-490.NC *]
[I](2020-03-28  06:34:15 pm)  * Start Machine Position
[I](2020-03-28  06:34:15 pm)    X:    304.1937
[I](2020-03-28  06:34:15 pm)    Y:   -296.2689
[I](2020-03-28  06:34:15 pm)    U:      0.0000
[I](2020-03-28  06:34:15 pm)    V:      0.0000
[I](2020-03-28  06:34:15 pm)    Z:     11.8089
[I](2020-03-28  06:34:15 pm)  * Angle
[I](2020-03-28  06:34:15 pm)    Ar:      0.0000,Kr:      0.0000
[I](2020-03-28  06:34:15 pm)    Taper_Ar:      0.0000
[I](2020-03-28  06:52:16 pm)작업중 정지 [d:18][t:00:18:01]
[I](2020-03-28  06:52:16 pm)    [LNo:0008] 000047/000147
[I](2020-03-28  06:52:16 pm)작업중 30sec 접촉 정지 [d:18][t:00:18:01]
[I](2020-03-28  06:52:38 pm)작업 재시작
[I](2020-03-28  07:08:37 pm)작업중 정지 [d:34][t:00:34:22]
[I](2020-03-28  07:08:37 pm)    [LNo:0008] 000066/000147
[I](2020-03-28  07:08:37 pm)작업중 M코드정지 [d:34][t:00:34:22]
[I](2020-03-28  07:08:56 pm)작업중 정지 [d:34][t:00:34:41]
[I](2020-03-28  07:08:56 pm)    [LNo:0008] 000068/000147
[I](2020-03-28  07:08:56 pm)작업중 M코드정지 [d:34][t:00:34:41]
[I](2020-03-28  07:09:47 pm)Reset
[I](2020-03-28  07:09:47 pm)Reset
[I](2020-03-28  07:09:53 pm)Reset
[I](2020-03-28  07:09:57 pm)Reset
[I](2020-03-28  07:10:09 pm)작업 시작 [Start d:35]
[I](2020-03-28  07:10:09 pm)Nc File: [No.0008-490.NC *]
[I](2020-03-28  07:10:09 pm)  * Start Machine Position
[I](2020-03-28  07:10:09 pm)    X:    302.1137
[I](2020-03-28  07:10:09 pm)    Y:   -285.5633
[I](2020-03-28  07:10:09 pm)    U:      0.0000
[I](2020-03-28  07:10:09 pm)    V:      0.0000
[I](2020-03-28  07:10:09 pm)    Z:     11.8089
[I](2020-03-28  07:10:09 pm)  * Angle
[I](2020-03-28  07:10:09 pm)    Ar:      0.0000,Kr:      0.0000
[I](2020-03-28  07:10:09 pm)    Taper_Ar:      0.0000
[I](2020-03-28  07:10:12 pm)작업중 정지 [d:0][t:00:00:02]
[I](2020-03-28  07:10:12 pm)    [LNo:0008] 000014/000147
[I](2020-03-28  07:10:12 pm)작업중 Single Block Stop [d:0][t:00:00:02]
[I](2020-03-28  07:11:00 pm)작업중 정지 [d:1][t:00:00:51]
[I](2020-03-28  07:11:00 pm)    [LNo:0008] 000016/000147
[I](2020-03-28  07:11:00 pm)작업중 Single Block Stop [d:1][t:00:00:51]
[I](2020-03-28  07:11:23 pm)Reset
[I](2020-03-28  07:11:26 pm)Reset
[I](2020-03-28  07:11:34 pm)작업 시작 [Start d:36]
[I](2020-03-28  07:11:34 pm)Nc File: [No.0008-490.NC *]
[I](2020-03-28  07:11:34 pm)  * Start Machine Position
[I](2020-03-28  07:11:34 pm)    X:    302.1137
[I](2020-03-28  07:11:34 pm)    Y:   -283.1527
[I](2020-03-28  07:11:34 pm)    U:      0.0000
[I](2020-03-28  07:11:34 pm)    V:      0.0000
[I](2020-03-28  07:11:34 pm)    Z:     11.8089
[I](2020-03-28  07:11:34 pm)  * Angle
[I](2020-03-28  07:11:34 pm)    Ar:      0.0000,Kr:      0.0000
[I](2020-03-28  07:11:34 pm)    Taper_Ar:      0.0000
[I](2020-03-28  07:11:34 pm)작업중 정지 [d:0][t:00:00:00]
[I](2020-03-28  07:11:34 pm)    [LNo:0008] 000076/000147
[I](2020-03-28  07:11:34 pm)작업중 Single Block Stop [d:0][t:00:00:00]
[I](2020-03-28  07:29:06 pm)작업중 정지 [d:17][t:00:17:31]
[I](2020-03-28  07:29:06 pm)    [LNo:0008] 000117/000147
[I](2020-03-28  07:29:06 pm)작업중 30sec 접촉 정지 [d:17][t:00:17:31]
[I](2020-03-28  07:30:07 pm)작업 재시작
[I](2020-03-28  07:38:55 pm)작업중 정지 [d:26][t:00:27:20]
[I](2020-03-28  07:38:55 pm)    [LNo:0008] 000136/000147
[I](2020-03-28  07:38:55 pm)작업중 M코드정지 [d:26][t:00:27:20]
[I](2020-03-28  07:39:11 pm)작업중 정지 [d:26][t:00:27:36]
[I](2020-03-28  07:39:11 pm)    [LNo:0008] 000138/000147
[I](2020-03-28  07:39:11 pm)작업중 M코드정지 [d:26][t:00:27:37]
[A](2020-03-28  07:40:01 pm)[084] Work Tank Fluid Sensor Abnormal
[I](2020-03-28  07:41:23 pm)Reset
[I](2020-03-28  07:41:23 pm)Reset
[I](2020-03-28  07:41:26 pm)Reset
[I](2020-03-28  07:44:24 pm)Reset
[I](2020-03-28  07:44:28 pm)Reset
[I](2020-03-28  07:45:20 pm)작업 시작 [Start d:62]
[I](2020-03-28  07:45:20 pm)Nc File: [No.0009-491.NC]
[I](2020-03-28  07:45:20 pm)  * Start Machine Position
[I](2020-03-28  07:45:20 pm)    X:    205.1457
[I](2020-03-28  07:45:20 pm)    Y:   -212.1210
[I](2020-03-28  07:45:20 pm)    U:      0.0000
[I](2020-03-28  07:45:20 pm)    V:      0.0000
[I](2020-03-28  07:45:20 pm)    Z:     40.8184
[I](2020-03-28  07:45:20 pm)  * Angle
[I](2020-03-28  07:45:20 pm)    Ar:      0.0000,Kr:      0.0000
[I](2020-03-28  07:45:20 pm)    Taper_Ar:      0.0000
[I](2020-03-28  08:14:04 pm)작업중 정지 [d:29][t:00:28:43]
[I](2020-03-28  08:14:04 pm)    [LNo:0009] 000091/000103
[I](2020-03-28  08:14:04 pm)작업중 M코드정지 [d:29][t:00:28:44]
[I](2020-03-28  08:14:28 pm)작업중 정지 [d:29][t:00:29:08]
[I](2020-03-28  08:14:28 pm)    [LNo:0009] 000092/000103
[I](2020-03-28  08:14:28 pm)Wire Contact Auto Stop(M52)
[I](2020-03-28  08:20:38 pm)Reset
[I](2020-03-28  08:20:44 pm)Reset
[I](2020-03-28  08:23:28 pm)Reset
[I](2020-03-28  08:23:34 pm)Reset
[I](2020-03-28  08:23:38 pm)Reset
[I](2020-03-28  08:24:36 pm)Reset
[I](2020-03-28  08:24:36 pm)Reset
[I](2020-03-28  08:24:36 pm)Reset
[I](2020-03-28  08:25:01 pm)Reset
[I](2020-03-28  08:25:02 pm)Reset
[I](2020-03-28  08:25:05 pm)Reset
[I](2020-03-28  08:25:05 pm)Reset
[I](2020-03-28  08:26:12 pm)Reset
[I](2020-03-28  08:37:21 pm)Reset
[I](2020-03-28  08:41:03 pm)Reset
[I](2020-03-28  08:44:17 pm)Reset
[I](2020-03-28  08:49:24 pm)Reset
[I](2020-03-28  08:52:54 pm)Reset
[I](2020-03-28  08:52:54 pm)Reset
[I](2020-03-28  08:52:58 pm)Reset
[I](2020-03-28  08:52:59 pm)Reset
[I](2020-03-28  08:52:59 pm)Reset
[I](2020-03-28  08:52:59 pm)Reset
[I](2020-03-28  08:54:00 pm)Reset
[I](2020-03-28  08:54:50 pm)Reset
[I](2020-03-28  08:54:54 pm)Reset
[I](2020-03-28  08:54:54 pm)Reset
[I](2020-03-28  08:58:57 pm)작업 시작 [Start d:91]
[I](2020-03-28  08:58:57 pm)Nc File: [No.0001-458.NC]
[I](2020-03-28  08:58:57 pm)  * Start Machine Position
[I](2020-03-28  08:58:57 pm)    X:    209.6590
[I](2020-03-28  08:58:57 pm)    Y:   -268.9637
[I](2020-03-28  08:58:57 pm)    U:      0.0000
[I](2020-03-28  08:58:57 pm)    V:      0.0000
[I](2020-03-28  08:58:57 pm)    Z:     29.4649
[I](2020-03-28  08:58:57 pm)  * Angle
[I](2020-03-28  08:58:57 pm)    Ar:     -0.0350,Kr:      0.0000
[I](2020-03-28  08:58:57 pm)    Taper_Ar:      0.0000
[I](2020-03-28  08:59:24 pm)작업중 정지 [d:0][t:00:00:26]
[I](2020-03-28  08:59:24 pm)    [LNo:0001] 000010/001042
[I](2020-03-28  08:59:24 pm)작업중 M코드정지 [d:0][t:00:00:26]
[I](2020-03-28  09:11:23 pm)작업중 정지 [d:10][t:00:12:26]
[I](2020-03-28  09:11:23 pm)    [LNo:0001] 000034/001042
[I](2020-03-28  09:11:23 pm)작업중 M코드정지 [d:10][t:00:12:26]
[I](2020-03-28  09:12:06 pm)작업중 정지 [d:10][t:00:13:08]
[I](2020-03-28  09:12:06 pm)    [LNo:0001] 000036/001042
[I](2020-03-28  09:12:44 pm)작업 재시작
[I](2020-03-28  09:12:55 pm)작업중 정지 [d:10][t:00:13:57]
[I](2020-03-28  09:12:55 pm)    [LNo:0001] 000038/001042
[I](2020-03-28  09:12:55 pm)작업중 M코드정지 [d:10][t:00:13:57]
[I](2020-03-28  09:23:49 pm)작업중 정지 [d:20][t:00:24:52]
[I](2020-03-28  09:23:49 pm)    [LNo:0001] 000068/001042
[I](2020-03-28  09:23:49 pm)작업중 M코드정지 [d:20][t:00:24:52]
[I](2020-03-28  09:24:19 pm)작업중 정지 [d:20][t:00:25:21]
[I](2020-03-28  09:24:19 pm)    [LNo:0001] 000070/001042
[I](2020-03-28  09:24:54 pm)작업 재시작
[I](2020-03-28  09:24:58 pm)작업중 정지 [d:20][t:00:26:01]
[I](2020-03-28  09:24:58 pm)    [LNo:0001] 000072/001042
[I](2020-03-28  09:24:58 pm)작업중 M코드정지 [d:20][t:00:26:01]
[I](2020-03-28  10:18:09 pm)작업중 정지 [d:72][t:01:19:11]
[I](2020-03-28  10:18:09 pm)    [LNo:0001] 000127/001042
[I](2020-03-28  10:18:09 pm)작업중 M코드정지 [d:72][t:01:19:11]
[I](2020-03-28  10:19:10 pm)작업중 정지 [d:72][t:01:20:12]
[I](2020-03-28  10:19:10 pm)    [LNo:0001] 000129/001042
[I](2020-03-28  10:19:10 pm)작업중 M코드정지 [d:72][t:01:20:12]
[I](2020-03-28  11:12:04 pm)작업중 정지 [d:123][t:02:13:06]
[I](2020-03-28  11:12:04 pm)    [LNo:0001] 000175/001042
[I](2020-03-28  11:12:04 pm)작업중 M코드정지 [d:123][t:02:13:06]
[I](2020-03-28  11:13:17 pm)작업중 정지 [d:123][t:02:14:19]
[I](2020-03-28  11:13:17 pm)    [LNo:0001] 000177/001042
[I](2020-03-28  11:13:17 pm)작업중 M코드정지 [d:123][t:02:14:19]
[I](2020-03-28  11:35:11 pm)작업중 정지 [d:143][t:02:36:13]
[I](2020-03-28  11:35:11 pm)    [LNo:0001] 000239/001042
[I](2020-03-28  11:35:11 pm)작업중 M코드정지 [d:143][t:02:36:13]
[I](2020-03-28  11:38:58 pm)작업중 정지 [d:143][t:02:40:01]
[I](2020-03-28  11:38:58 pm)    [LNo:0001] 000241/001042
[I](2020-03-28  11:40:02 pm)작업 재시작
[I](2020-03-28  11:40:06 pm)작업중 정지 [d:143][t:02:41:09]
[I](2020-03-28  11:40:06 pm)    [LNo:0001] 000243/001042
[I](2020-03-28  11:40:06 pm)작업중 M코드정지 [d:143][t:02:41:09]
