[I](2020-09-05  02:58:43 am)작업중 정지 [d:346][t:11:12:56]
[I](2020-09-05  02:58:43 am)    [LNo:0004] 074013/075149
[A](2020-09-05  02:58:43 am)[009] 자동결선 Error(M20-삽입실패)
[A](2020-09-05  03:07:08 am)[037] 자동결선 잔여 WIRE 처리 실패!!
[I](2020-09-05  03:27:51 am)작업중 정지 [d:365][t:11:42:05]
[I](2020-09-05  03:27:51 am)    [LNo:0004] 074753/075149
[I](2020-09-05  03:27:51 am)작업중 M코드정지 [d:365][t:11:42:05]
[I](2020-09-05  03:41:36 am)작업중 정지 [d:375][t:11:55:50]
[I](2020-09-05  03:41:36 am)    [LNo:0004] 075120/075149
[I](2020-09-05  03:41:36 am)작업중 M코드정지 [d:375][t:11:55:50]
[I](2020-09-05  03:42:01 am)Reset
[I](2020-09-05  03:42:01 am)Reset
[I](2020-09-05  03:43:27 am)SPM Device Open Succeeded.
[I](2020-09-05  03:43:27 am)Initialization is completed.
[A](2020-09-05  03:43:29 am)[S002] Nc Program Recover Error!!
[I](2020-09-05  03:43:30 am)Reset
[I](2020-09-05  03:43:40 am)Reset
[I](2020-09-05  03:45:51 am)Reset
[I](2020-09-05  03:45:52 am)Reset
[I](2020-09-05  03:47:39 am)SPM Device Open Succeeded.
[I](2020-09-05  03:47:39 am)Initialization is completed.
[I](2020-09-05  03:48:02 am)Ready On
[I](2020-09-05  03:48:29 am)작업 시작 [Start d:518]
[I](2020-09-05  03:48:29 am)Nc File: [No.0004-502.NC]
[I](2020-09-05  03:48:29 am)  * Start Machine Position
[I](2020-09-05  03:48:29 am)    X:    183.9090
[I](2020-09-05  03:48:29 am)    Y:   -380.2358
[I](2020-09-05  03:48:29 am)    U:      0.0000
[I](2020-09-05  03:48:29 am)    V:      0.0000
[I](2020-09-05  03:48:29 am)    Z:      8.7187
[I](2020-09-05  03:48:29 am)  * Angle
[I](2020-09-05  03:48:29 am)    Ar:      0.1212,Kr:      0.0000
[I](2020-09-05  03:48:29 am)    Taper_Ar:      0.0000
[I](2020-09-05  03:57:55 am)작업중 정지 [d:9][t:00:09:26]
[I](2020-09-05  03:57:55 am)    [LNo:0004] 000377/075149
[I](2020-09-05  04:41:06 am)작업중 정지 [d:47][t:00:52:37]
[I](2020-09-05  04:41:06 am)    [LNo:0004] 001863/075149
[A](2020-09-05  04:41:06 am)[009] 자동결선 Error(M20-삽입실패)
[I](2020-09-05  10:18:13 am)작업중 정지 [d:336][t:06:29:44]
[I](2020-09-05  10:18:13 am)    [LNo:0004] 013333/075149
[I](2020-09-05  10:33:08 am)Reset
[I](2020-09-05  10:33:08 am)Reset
[I](2020-09-05  10:45:37 am)Reset
[I](2020-09-05  10:45:37 am)Reset
[I](2020-09-05  10:45:55 am)Reset
[I](2020-09-05  10:46:27 am)작업 시작 [Start d:854]
[I](2020-09-05  10:46:27 am)Nc File: [No.0001-502.NC]
[I](2020-09-05  10:46:27 am)  * Start Machine Position
[I](2020-09-05  10:46:27 am)    X:    155.9452
[I](2020-09-05  10:46:27 am)    Y:   -399.2569
[I](2020-09-05  10:46:27 am)    U:      0.0000
[I](2020-09-05  10:46:27 am)    V:      0.0000
[I](2020-09-05  10:46:27 am)    Z:     16.7187
[I](2020-09-05  10:46:27 am)  * Angle
[I](2020-09-05  10:46:27 am)    Ar:      0.1212,Kr:      0.0000
[I](2020-09-05  10:46:27 am)    Taper_Ar:      0.0000
[I](2020-09-05  10:46:42 am)작업중 정지 [d:0][t:00:00:15]
[I](2020-09-05  10:46:42 am)    [LNo:0001] 000010/075149
[I](2020-09-05  10:46:42 am)작업중 M코드정지 [d:0][t:00:00:15]
[I](2020-09-05  10:53:13 am)Reset
[I](2020-09-05  10:53:13 am)Reset
[I](2020-09-05  10:56:09 am)작업 시작 [Start d:854]
[I](2020-09-05  10:56:09 am)Nc File: [No.0001-568.NC]
[I](2020-09-05  10:56:09 am)  * Start Machine Position
[I](2020-09-05  10:56:09 am)    X:    155.9452
[I](2020-09-05  10:56:09 am)    Y:   -399.2569
[I](2020-09-05  10:56:09 am)    U:      0.0000
[I](2020-09-05  10:56:09 am)    V:      0.0000
[I](2020-09-05  10:56:09 am)    Z:     16.7187
[I](2020-09-05  10:56:09 am)  * Angle
[I](2020-09-05  10:56:09 am)    Ar:      0.1212,Kr:      0.0000
[I](2020-09-05  10:56:09 am)    Taper_Ar:      0.0000
[I](2020-09-05  10:56:21 am)작업중 정지 [d:0][t:00:00:11]
[I](2020-09-05  10:56:21 am)    [LNo:0001] 000621/001850
[I](2020-09-05  10:56:23 am)작업중 정지 [d:0][t:00:00:13]
[I](2020-09-05  10:56:23 am)    [LNo:0001] 000625/001850
[I](2020-09-05  10:56:23 am)작업중 M코드정지 [d:0][t:00:00:13]
[I](2020-09-05  11:01:37 am)작업중 정지 [d:-851][t:00:05:27]
[I](2020-09-05  11:01:37 am)    [LNo:0001] 000667/001850
[I](2020-09-05  11:02:06 am)작업 재시작
[I](2020-09-05  11:06:42 am)작업중 정지 [d:-848][t:00:10:32]
[I](2020-09-05  11:06:42 am)    [LNo:0001] 000737/001850
[I](2020-09-05  11:06:42 am)작업중 30sec 접촉 정지 [d:-848][t:00:10:32]
[I](2020-09-05  11:08:35 am)작업 재시작
[I](2020-09-05  11:09:13 am)작업중 정지 [d:-847][t:00:13:04]
[I](2020-09-05  11:09:13 am)    [LNo:0001] 000744/001850
[I](2020-09-05  11:09:14 am)작업중 30sec 접촉 정지 [d:-847][t:00:13:04]
[I](2020-09-05  11:09:19 am)작업 재시작
[I](2020-09-05  11:09:54 am)작업중 정지 [d:-847][t:00:13:44]
[I](2020-09-05  11:09:54 am)    [LNo:0001] 000746/001850
[I](2020-09-05  11:09:54 am)작업중 30sec 접촉 정지 [d:-847][t:00:13:44]
[I](2020-09-05  11:10:00 am)작업 재시작
[I](2020-09-05  11:21:25 am)작업중 정지 [d:-838][t:00:25:16]
[I](2020-09-05  11:21:25 am)    [LNo:0001] 000880/001850
[I](2020-09-05  11:21:26 am)작업중 30sec 접촉 정지 [d:-838][t:00:25:16]
[I](2020-09-05  11:24:36 am)작업 재시작
[A](2020-09-05  11:31:42 am)[032] 자동결선 상부 센서 WIRE CONTACT!!
[I](2020-09-05  11:31:42 am)작업중 정지 [d:-833][t:00:35:32]
[I](2020-09-05  11:31:42 am)    [LNo:0001] 000965/001850
[A](2020-09-05  11:31:42 am)[009] 자동결선 Error(M20-삽입실패)
[I](2020-09-05  11:50:24 am)작업중 정지 [d:-821][t:00:54:14]
[I](2020-09-05  11:50:24 am)    [LNo:0001] 001128/001850
[I](2020-09-05  11:50:24 am)작업중 30sec 접촉 정지 [d:-821][t:00:54:14]
[I](2020-09-05  11:51:32 am)작업 재시작
[I](2020-09-05  11:57:17 am)작업중 정지 [d:-817][t:01:01:07]
[I](2020-09-05  11:57:17 am)    [LNo:0001] 001196/001850
[A](2020-09-05  11:57:17 am)[008] 작업중 단선(AWF Feed Motor Stop )
[I](2020-09-05  11:57:17 am)작업중 Wire 단선 [d:-817][t:01:01:07]
[I](2020-09-05  12:04:32 pm)작업 재시작
[I](2020-09-05  12:09:39 pm)작업중 정지 [d:-813][t:01:13:29]
[I](2020-09-05  12:09:39 pm)    [LNo:0001] 001261/001850
[A](2020-09-05  12:09:39 pm)[008] 작업중 단선(AWF Feed Motor Stop )
[I](2020-09-05  12:09:39 pm)작업중 Wire 단선 [d:-813][t:01:13:29]
[I](2020-09-05  12:09:52 pm)작업 재시작
[I](2020-09-05  12:17:48 pm)작업중 정지 [d:-807][t:01:21:38]
[I](2020-09-05  12:17:48 pm)    [LNo:0001] 001355/001850
[I](2020-09-05  12:17:48 pm)작업중 30sec 접촉 정지 [d:-807][t:01:21:39]
[I](2020-09-05  12:42:43 pm)작업 재시작
[I](2020-09-05  12:59:39 pm)작업중 정지 [d:-793][t:02:03:29]
[I](2020-09-05  12:59:39 pm)    [LNo:0001] 001536/001850
[I](2020-09-05  12:59:39 pm)작업중 30sec 접촉 정지 [d:-793][t:02:03:29]
[I](2020-09-05  01:00:42 pm)작업 재시작
[I](2020-09-05  01:06:30 pm)작업중 정지 [d:-788][t:02:10:20]
[I](2020-09-05  01:06:30 pm)    [LNo:0001] 001604/001850
[I](2020-09-05  01:06:30 pm)작업중 30sec 접촉 정지 [d:-788][t:02:10:20]
[I](2020-09-05  01:09:39 pm)작업 재시작
[I](2020-09-05  01:11:55 pm)작업중 정지 [d:-786][t:02:15:45]
[I](2020-09-05  01:11:55 pm)    [LNo:0001] 001645/001850
[I](2020-09-05  01:29:14 pm)
[I](2020-09-05  01:29:14 pm)Work completed.
[I](2020-09-05  01:29:14 pm)작업 끝.(M02) [d:-773][t:02:33:04]
[I](2020-09-05  01:36:05 pm)Reset
[I](2020-09-05  01:36:20 pm)작업 시작 [Start d:81]
[I](2020-09-05  01:36:20 pm)Nc File: [No.0002-570.NC]
[I](2020-09-05  01:36:20 pm)  * Start Machine Position
[I](2020-09-05  01:36:20 pm)    X:    155.9452
[I](2020-09-05  01:36:20 pm)    Y:   -399.2569
[I](2020-09-05  01:36:20 pm)    U:      0.0000
[I](2020-09-05  01:36:20 pm)    V:      0.0000
[I](2020-09-05  01:36:20 pm)    Z:     17.7187
[I](2020-09-05  01:36:20 pm)  * Angle
[I](2020-09-05  01:36:20 pm)    Ar:      0.1212,Kr:      0.0000
[I](2020-09-05  01:36:20 pm)    Taper_Ar:      0.0000
[I](2020-09-05  01:37:04 pm)작업중 정지 [d:0][t:00:00:44]
[I](2020-09-05  01:37:04 pm)    [LNo:0002] 003684/013843
[I](2020-09-05  01:41:50 pm)작업중 정지 [d:3][t:00:05:30]
[I](2020-09-05  01:41:50 pm)    [LNo:0002] 003712/013843
[I](2020-09-05  01:41:50 pm)작업중 30sec 접촉 정지 [d:3][t:00:05:30]
[I](2020-09-05  01:42:21 pm)작업 재시작
[I](2020-09-05  01:48:20 pm)작업중 정지 [d:8][t:00:11:59]
[I](2020-09-05  01:48:20 pm)    [LNo:0002] 003780/013843
[I](2020-09-05  01:48:20 pm)작업중 30sec 접촉 정지 [d:8][t:00:11:59]
[I](2020-09-05  01:52:00 pm)작업 재시작
[I](2020-09-05  01:58:49 pm)작업중 정지 [d:13][t:00:22:28]
[I](2020-09-05  01:58:49 pm)    [LNo:0002] 003848/013843
[I](2020-09-05  01:58:49 pm)작업중 30sec 접촉 정지 [d:13][t:00:22:28]
[I](2020-09-05  02:00:09 pm)작업 재시작
[I](2020-09-05  02:17:45 pm)작업중 정지 [d:27][t:00:41:24]
[I](2020-09-05  02:17:45 pm)    [LNo:0002] 004052/013843
[I](2020-09-05  02:17:45 pm)작업중 30sec 접촉 정지 [d:27][t:00:41:24]
[I](2020-09-05  02:18:06 pm)작업 재시작
[I](2020-09-05  03:16:04 pm)작업중 정지 [d:75][t:01:39:43]
[I](2020-09-05  03:16:04 pm)    [LNo:0002] 004732/013843
[I](2020-09-05  03:16:04 pm)작업중 30sec 접촉 정지 [d:75][t:01:39:43]
[I](2020-09-05  03:17:33 pm)작업 재시작
[I](2020-09-05  03:30:05 pm)작업중 정지 [d:85][t:01:53:44]
[I](2020-09-05  03:30:05 pm)    [LNo:0002] 004868/013843
[I](2020-09-05  03:30:05 pm)작업중 30sec 접촉 정지 [d:85][t:01:53:44]
[I](2020-09-05  03:30:52 pm)작업 재시작
[I](2020-09-05  03:52:17 pm)작업중 정지 [d:100][t:02:15:57]
[I](2020-09-05  03:52:17 pm)    [LNo:0002] 005113/013843
[I](2020-09-05  05:43:53 pm)작업중 정지 [d:189][t:04:07:32]
[I](2020-09-05  05:43:53 pm)    [LNo:0002] 006414/013843
[A](2020-09-05  05:43:53 pm)[008] 작업중 단선(AWF Feed Motor Stop )
[I](2020-09-05  05:43:53 pm)작업중 Wire 단선 [d:189][t:04:07:32]
[I](2020-09-05  05:54:12 pm)작업 재시작
[I](2020-09-05  06:14:45 pm)작업중 정지 [d:206][t:04:38:24]
[I](2020-09-05  06:14:45 pm)    [LNo:0002] 006636/013843
[I](2020-09-05  06:14:45 pm)작업중 30sec 접촉 정지 [d:206][t:04:38:24]
[I](2020-09-05  06:15:20 pm)작업 재시작
[I](2020-09-05  06:15:25 pm)작업중 정지 [d:206][t:04:39:04]
[I](2020-09-05  06:15:25 pm)    [LNo:0002] 006636/013843
[I](2020-09-05  06:15:25 pm)작업중 30sec 접촉 정지 [d:206][t:04:39:04]
[I](2020-09-05  06:15:42 pm)작업 재시작
[I](2020-09-05  06:15:47 pm)작업중 정지 [d:206][t:04:39:27]
[I](2020-09-05  06:15:47 pm)    [LNo:0002] 006636/013843
[I](2020-09-05  06:15:47 pm)작업중 30sec 접촉 정지 [d:206][t:04:39:27]
[I](2020-09-05  06:16:38 pm)작업 재시작
[I](2020-09-05  06:22:55 pm)작업중 정지 [d:211][t:04:46:34]
[I](2020-09-05  06:22:55 pm)    [LNo:0002] 006704/013843
[I](2020-09-05  06:22:55 pm)작업중 30sec 접촉 정지 [d:211][t:04:46:34]
[I](2020-09-05  06:23:14 pm)작업 재시작
[I](2020-09-05  06:43:17 pm)작업중 정지 [d:226][t:05:06:57]
[I](2020-09-05  06:43:17 pm)    [LNo:0002] 006958/013843
[A](2020-09-05  06:43:17 pm)[008] 작업중 단선(AWF Feed Motor Stop )
[I](2020-09-05  06:43:17 pm)작업중 Wire 단선 [d:226][t:05:06:57]
[I](2020-09-05  06:46:17 pm)작업 재시작
[I](2020-09-05  06:49:33 pm)작업중 정지 [d:229][t:05:13:12]
[I](2020-09-05  06:49:33 pm)    [LNo:0002] 006976/013843
[I](2020-09-05  06:49:33 pm)작업중 30sec 접촉 정지 [d:229][t:05:13:12]
[I](2020-09-05  06:55:19 pm)작업 재시작
[I](2020-09-05  07:54:53 pm)작업중 정지 [d:277][t:06:18:32]
[I](2020-09-05  07:54:53 pm)    [LNo:0002] 007681/013843
[I](2020-09-05  07:54:53 pm)작업중 30sec 접촉 정지 [d:277][t:06:18:32]
[I](2020-09-05  07:55:17 pm)작업 재시작
[I](2020-09-05  07:55:25 pm)작업중 정지 [d:277][t:06:19:04]
[I](2020-09-05  07:55:25 pm)    [LNo:0002] 007681/013843
[I](2020-09-05  07:55:51 pm)작업 재시작
[I](2020-09-05  08:09:39 pm)작업중 정지 [d:288][t:06:33:18]
[I](2020-09-05  08:09:39 pm)    [LNo:0002] 007844/013843
[A](2020-09-05  08:09:39 pm)[008] 작업중 단선(AWF Feed Motor Stop )
[I](2020-09-05  08:09:39 pm)작업중 Wire 단선 [d:288][t:06:33:18]
[I](2020-09-05  08:09:50 pm)작업 재시작
[I](2020-09-05  08:09:55 pm)작업중 정지 [d:288][t:06:33:34]
[I](2020-09-05  08:09:55 pm)    [LNo:0002] 007844/013843
[A](2020-09-05  08:09:55 pm)[008] 작업중 단선(AWF Feed Motor Stop )
[I](2020-09-05  08:09:55 pm)작업중 Wire 단선 [d:288][t:06:33:34]
[I](2020-09-05  08:17:52 pm)작업 재시작
[I](2020-09-05  08:45:01 pm)작업중 정지 [d:312][t:07:08:41]
[I](2020-09-05  08:45:01 pm)    [LNo:0002] 008156/013843
[I](2020-09-05  08:45:01 pm)작업중 30sec 접촉 정지 [d:312][t:07:08:41]
[I](2020-09-05  08:47:27 pm)작업 재시작
[I](2020-09-05  10:31:33 pm)작업중 정지 [d:395][t:08:55:12]
[I](2020-09-05  10:31:33 pm)    [LNo:0002] 009356/013843
[I](2020-09-05  10:31:33 pm)작업중 30sec 접촉 정지 [d:395][t:08:55:13]
[I](2020-09-05  10:32:01 pm)작업 재시작
[I](2020-09-05  10:43:47 pm)작업중 정지 [d:404][t:09:07:26]
[I](2020-09-05  10:43:47 pm)    [LNo:0002] 009492/013843
[I](2020-09-05  10:43:47 pm)작업중 30sec 접촉 정지 [d:404][t:09:07:26]
[I](2020-09-05  11:00:35 pm)작업 재시작
[I](2020-09-05  11:00:40 pm)작업중 정지 [d:404][t:09:24:19]
[I](2020-09-05  11:00:40 pm)    [LNo:0002] 009492/013843
[I](2020-09-05  11:01:10 pm)작업 재시작
