[I](2020-02-22  12:06:07 am)
[I](2020-02-22  12:06:07 am)Work completed.
[I](2020-02-22  12:06:08 am)작업중 정지 [d:11][t:00:10:44]
[I](2020-02-22  12:06:08 am)    [LNo:0001] 000125/000125
[I](2020-02-22  12:06:08 am)작업중 M코드정지 [d:11][t:00:10:44]
[I](2020-02-22  12:14:38 am)Reset
[I](2020-02-22  12:14:39 am)Reset
[I](2020-02-22  12:14:40 am)Reset
[I](2020-02-22  12:15:34 am)Reset
[I](2020-02-22  12:15:34 am)Reset
[I](2020-02-22  12:15:35 am)Reset
[I](2020-02-22  12:15:48 am)작업 시작 [Start d:209]
[I](2020-02-22  12:15:48 am)Nc File: [No.0001-635.NC *]
[I](2020-02-22  12:15:48 am)  * Start Machine Position
[I](2020-02-22  12:15:48 am)    X:    251.6712
[I](2020-02-22  12:15:48 am)    Y:   -284.9512
[I](2020-02-22  12:15:48 am)    U:      0.0000
[I](2020-02-22  12:15:48 am)    V:      0.0000
[I](2020-02-22  12:15:48 am)    Z:     31.3694
[I](2020-02-22  12:15:48 am)  * Angle
[I](2020-02-22  12:15:48 am)    Ar:      0.0000,Kr:      0.0000
[I](2020-02-22  12:15:48 am)    Taper_Ar:      0.0000
[I](2020-02-22  12:26:31 am)
[I](2020-02-22  12:26:31 am)Work completed.
[I](2020-02-22  12:26:33 am)작업중 정지 [d:11][t:00:10:44]
[I](2020-02-22  12:26:33 am)    [LNo:0001] 000125/000125
[I](2020-02-22  12:26:33 am)작업중 M코드정지 [d:11][t:00:10:44]
[I](2020-02-22  12:26:57 am)Reset
[I](2020-02-22  12:26:58 am)Reset
[I](2020-02-22  12:27:37 am)Reset
[I](2020-02-22  12:27:37 am)Reset
[I](2020-02-22  12:27:37 am)Reset
[I](2020-02-22  12:29:24 am)작업 시작 [Start d:220]
[I](2020-02-22  12:29:24 am)Nc File: [No.0001-635.NC *]
[I](2020-02-22  12:29:24 am)  * Start Machine Position
[I](2020-02-22  12:29:24 am)    X:    251.7332
[I](2020-02-22  12:29:24 am)    Y:   -351.6600
[I](2020-02-22  12:29:24 am)    U:      0.0000
[I](2020-02-22  12:29:24 am)    V:      0.0000
[I](2020-02-22  12:29:24 am)    Z:     31.3694
[I](2020-02-22  12:29:24 am)  * Angle
[I](2020-02-22  12:29:24 am)    Ar:      0.0000,Kr:      0.0000
[I](2020-02-22  12:29:24 am)    Taper_Ar:      0.0000
[I](2020-02-22  12:40:07 am)
[I](2020-02-22  12:40:07 am)Work completed.
[I](2020-02-22  12:40:09 am)작업중 정지 [d:11][t:00:10:44]
[I](2020-02-22  12:40:09 am)    [LNo:0001] 000125/000125
[I](2020-02-22  12:40:09 am)작업중 M코드정지 [d:11][t:00:10:44]
[I](2020-02-22  12:40:53 am)Reset
[I](2020-02-22  12:40:54 am)Reset
[I](2020-02-22  12:40:55 am)Reset
[I](2020-02-22  12:41:40 am)Reset
[I](2020-02-22  12:41:40 am)Reset
[I](2020-02-22  12:41:41 am)Reset
[I](2020-02-22  12:43:09 am)Reset
[I](2020-02-22  12:43:23 am)작업 시작 [Start d:231]
[I](2020-02-22  12:43:23 am)Nc File: [No.0001-635.NC *]
[I](2020-02-22  12:43:23 am)  * Start Machine Position
[I](2020-02-22  12:43:23 am)    X:    218.3375
[I](2020-02-22  12:43:23 am)    Y:   -356.8346
[I](2020-02-22  12:43:23 am)    U:      0.0000
[I](2020-02-22  12:43:23 am)    V:      0.0000
[I](2020-02-22  12:43:23 am)    Z:     31.3694
[I](2020-02-22  12:43:23 am)  * Angle
[I](2020-02-22  12:43:23 am)    Ar:      0.0000,Kr:      0.0000
[I](2020-02-22  12:43:23 am)    Taper_Ar:      0.0000
[I](2020-02-22  12:54:06 am)
[I](2020-02-22  12:54:06 am)Work completed.
[I](2020-02-22  12:54:08 am)작업중 정지 [d:11][t:00:10:45]
[I](2020-02-22  12:54:08 am)    [LNo:0001] 000125/000125
[I](2020-02-22  12:54:08 am)작업중 M코드정지 [d:11][t:00:10:45]
[I](2020-02-22  12:56:16 am)Reset
[I](2020-02-22  12:56:17 am)Reset
[I](2020-02-22  12:56:18 am)Reset
[I](2020-02-22  12:58:26 am)Reset
[I](2020-02-22  12:58:27 am)Reset
[I](2020-02-22  12:58:40 am)작업 시작 [Start d:242]
[I](2020-02-22  12:58:40 am)Nc File: [No.0001-635.NC *]
[I](2020-02-22  12:58:40 am)  * Start Machine Position
[I](2020-02-22  12:58:40 am)    X:    185.8391
[I](2020-02-22  12:58:40 am)    Y:   -356.8664
[I](2020-02-22  12:58:40 am)    U:      0.0000
[I](2020-02-22  12:58:40 am)    V:      0.0000
[I](2020-02-22  12:58:40 am)    Z:     31.3694
[I](2020-02-22  12:58:40 am)  * Angle
[I](2020-02-22  12:58:40 am)    Ar:      0.0000,Kr:      0.0000
[I](2020-02-22  12:58:40 am)    Taper_Ar:      0.0000
[I](2020-02-22  01:09:24 am)
[I](2020-02-22  01:09:24 am)Work completed.
[I](2020-02-22  01:09:25 am)작업중 정지 [d:11][t:00:10:45]
[I](2020-02-22  01:09:25 am)    [LNo:0001] 000125/000125
[I](2020-02-22  01:09:25 am)작업중 M코드정지 [d:11][t:00:10:45]
[I](2020-02-22  01:52:31 am)Reset
[I](2020-02-22  01:52:31 am)Reset
[I](2020-02-22  01:57:13 am)Reset
[I](2020-02-22  02:00:58 am)Reset
[I](2020-02-22  02:00:59 am)Reset
[I](2020-02-22  02:05:42 am)Reset
[I](2020-02-22  02:08:56 am)Reset
[I](2020-02-22  02:18:30 am)Reset
[I](2020-02-22  02:22:29 am)Reset
[I](2020-02-22  02:25:48 am)Reset
[I](2020-02-22  02:26:29 am)Reset
[I](2020-02-22  02:26:29 am)Reset
[I](2020-02-22  02:28:04 am)작업 시작 [Start d:253]
[I](2020-02-22  02:28:04 am)Nc File: [No.0001-635.NC *]
[I](2020-02-22  02:28:04 am)  * Start Machine Position
[I](2020-02-22  02:28:04 am)    X:     53.3099
[I](2020-02-22  02:28:04 am)    Y:   -254.7818
[I](2020-02-22  02:28:04 am)    U:      0.0000
[I](2020-02-22  02:28:04 am)    V:      0.0000
[I](2020-02-22  02:28:04 am)    Z:     30.8614
[I](2020-02-22  02:28:04 am)  * Angle
[I](2020-02-22  02:28:04 am)    Ar:      0.0000,Kr:      0.0000
[I](2020-02-22  02:28:04 am)    Taper_Ar:      0.0000
[I](2020-02-22  02:39:10 am)
[I](2020-02-22  02:39:10 am)Work completed.
[I](2020-02-22  02:39:11 am)작업중 정지 [d:11][t:00:11:07]
[I](2020-02-22  02:39:11 am)    [LNo:0001] 000125/000125
[I](2020-02-22  02:39:11 am)작업중 M코드정지 [d:11][t:00:11:07]
[I](2020-02-22  02:39:34 am)Reset
[I](2020-02-22  02:39:34 am)Reset
[I](2020-02-22  02:39:36 am)Reset
[I](2020-02-22  02:39:36 am)Reset
[I](2020-02-22  02:40:41 am)Reset
[I](2020-02-22  02:40:42 am)Reset
[I](2020-02-22  02:40:43 am)Reset
[I](2020-02-22  02:42:40 am)Reset
[I](2020-02-22  02:42:40 am)Reset
[I](2020-02-22  02:42:43 am)Reset
[I](2020-02-22  02:42:43 am)Reset
[I](2020-02-22  02:42:44 am)Reset
[I](2020-02-22  02:42:46 am)Reset
[I](2020-02-22  02:43:03 am)작업 시작 [Start d:264]
[I](2020-02-22  02:43:03 am)Nc File: [No.0001-635.NC *]
[I](2020-02-22  02:43:03 am)  * Start Machine Position
[I](2020-02-22  02:43:03 am)    X:     71.7104
[I](2020-02-22  02:43:03 am)    Y:   -302.2290
[I](2020-02-22  02:43:03 am)    U:      0.0000
[I](2020-02-22  02:43:03 am)    V:      0.0000
[I](2020-02-22  02:43:03 am)    Z:     30.8614
[I](2020-02-22  02:43:03 am)  * Angle
[I](2020-02-22  02:43:03 am)    Ar:      0.0000,Kr:      0.0000
[I](2020-02-22  02:43:03 am)    Taper_Ar:      0.0000
[I](2020-02-22  02:54:14 am)
[I](2020-02-22  02:54:14 am)Work completed.
[I](2020-02-22  02:54:16 am)작업중 정지 [d:11][t:00:11:12]
[I](2020-02-22  02:54:16 am)    [LNo:0001] 000124/000125
[I](2020-02-22  02:54:16 am)작업중 M코드정지 [d:11][t:00:11:12]
[I](2020-02-22  02:55:11 am)Reset
[I](2020-02-22  02:55:12 am)Reset
[I](2020-02-22  02:55:13 am)Reset
[I](2020-02-22  02:56:33 am)Reset
[I](2020-02-22  02:56:33 am)Reset
[I](2020-02-22  02:57:38 am)Reset
[I](2020-02-22  02:57:39 am)Reset
[I](2020-02-22  02:57:40 am)Reset
[I](2020-02-22  02:57:53 am)작업 시작 [Start d:275]
[I](2020-02-22  02:57:53 am)Nc File: [No.0001-635.NC *]
[I](2020-02-22  02:57:53 am)  * Start Machine Position
[I](2020-02-22  02:57:53 am)    X:     53.2022
[I](2020-02-22  02:57:53 am)    Y:   -349.6523
[I](2020-02-22  02:57:53 am)    U:      0.0000
[I](2020-02-22  02:57:53 am)    V:      0.0000
[I](2020-02-22  02:57:53 am)    Z:     30.8614
[I](2020-02-22  02:57:53 am)  * Angle
[I](2020-02-22  02:57:53 am)    Ar:      0.0000,Kr:      0.0000
[I](2020-02-22  02:57:53 am)    Taper_Ar:      0.0000
[I](2020-02-22  03:09:02 am)
[I](2020-02-22  03:09:02 am)Work completed.
[I](2020-02-22  03:09:03 am)작업중 정지 [d:11][t:00:11:10]
[I](2020-02-22  03:09:03 am)    [LNo:0001] 000125/000125
[I](2020-02-22  03:09:03 am)작업중 M코드정지 [d:11][t:00:11:10]
[I](2020-02-22  03:48:35 am)Reset
[I](2020-02-22  03:49:17 am)Reset
[I](2020-02-22  03:49:43 am)Reset
[I](2020-02-22  03:50:56 am)Reset
[I](2020-02-22  03:52:39 am)Reset
[I](2020-02-22  03:53:16 am)Reset
[I](2020-02-22  03:53:49 am)Reset
[I](2020-02-22  03:54:00 am)Reset
[I](2020-02-22  03:55:34 am)Reset
[I](2020-02-22  03:55:51 am)Reset
[I](2020-02-22  03:55:54 am)Reset
[I](2020-02-22  03:55:55 am)Reset
[I](2020-02-22  03:56:21 am)작업 시작 [Start d:286]
[I](2020-02-22  03:56:21 am)Nc File: [No.0002-628.NC]
[I](2020-02-22  03:56:21 am)  * Start Machine Position
[I](2020-02-22  03:56:21 am)    X:    328.5738
[I](2020-02-22  03:56:21 am)    Y:   -375.8665
[I](2020-02-22  03:56:21 am)    U:      0.0000
[I](2020-02-22  03:56:21 am)    V:     -0.0099
[I](2020-02-22  03:56:21 am)    Z:     27.1679
[I](2020-02-22  03:56:21 am)  * Angle
[I](2020-02-22  03:56:21 am)    Ar:     -0.0829,Kr:      0.0000
[I](2020-02-22  03:56:21 am)    Taper_Ar:      0.0000
[I](2020-02-22  03:56:25 am)작업중 정지 [d:0][t:00:00:03]
[I](2020-02-22  03:56:25 am)    [LNo:0002] 000010/000098
[I](2020-02-22  03:56:25 am)작업중 M코드정지 [d:0][t:00:00:03]
[I](2020-02-22  04:29:31 am)작업중 정지 [d:32][t:00:33:09]
[I](2020-02-22  04:29:31 am)    [LNo:0002] 000027/000098
[I](2020-02-22  04:29:31 am)작업중 M코드정지 [d:32][t:00:33:09]
[I](2020-02-22  04:29:50 am)작업중 정지 [d:33][t:00:33:28]
[I](2020-02-22  04:29:50 am)    [LNo:0002] 000029/000098
[I](2020-02-22  04:29:50 am)작업중 M코드정지 [d:33][t:00:33:28]
[I](2020-02-22  05:07:46 am)작업중 정지 [d:70][t:01:11:24]
[I](2020-02-22  05:07:46 am)    [LNo:0002] 000068/000098
[I](2020-02-22  05:07:46 am)작업중 M코드정지 [d:70][t:01:11:24]
[I](2020-02-22  05:10:52 am)작업중 정지 [d:71][t:01:14:30]
[I](2020-02-22  05:10:52 am)    [LNo:0002] 000070/000098
[I](2020-02-22  05:10:52 am)작업중 M코드정지 [d:71][t:01:14:30]
[I](2020-02-22  05:16:59 am)작업중 정지 [d:77][t:01:20:37]
[I](2020-02-22  05:16:59 am)    [LNo:0002] 000090/000098
[I](2020-02-22  05:16:59 am)작업중 M코드정지 [d:77][t:01:20:37]
[A](2020-02-22  05:30:35 am)[084] Work Tank Fluid Sensor Abnormal
[I](2020-02-22  05:44:47 am)Reset
[I](2020-02-22  05:45:05 am)Reset
[I](2020-02-22  05:45:34 am)Reset
[I](2020-02-22  05:46:16 am)Reset
[A](2020-02-22  05:46:30 am)[001] 와이어 미동작
[I](2020-02-22  05:47:39 am)Reset
[I](2020-02-22  05:48:17 am)Reset
[I](2020-02-22  05:48:29 am)Reset
[I](2020-02-22  05:49:45 am)Reset
[I](2020-02-22  05:49:52 am)Reset
[I](2020-02-22  05:49:56 am)Reset
[I](2020-02-22  05:49:56 am)Reset
[I](2020-02-22  05:50:11 am)작업 시작 [Start d:363]
[I](2020-02-22  05:50:11 am)Nc File: [No.0003-629.NC]
[I](2020-02-22  05:50:11 am)  * Start Machine Position
[I](2020-02-22  05:50:11 am)    X:    325.5185
[I](2020-02-22  05:50:11 am)    Y:   -375.3404
[I](2020-02-22  05:50:11 am)    U:      0.0000
[I](2020-02-22  05:50:11 am)    V:     -0.0149
[I](2020-02-22  05:50:11 am)    Z:     30.1679
[I](2020-02-22  05:50:11 am)  * Angle
[I](2020-02-22  05:50:11 am)    Ar:      0.3693,Kr:      0.0000
[I](2020-02-22  05:50:11 am)    Taper_Ar:      0.0000
[I](2020-02-22  05:50:15 am)작업중 정지 [d:0][t:00:00:03]
[I](2020-02-22  05:50:15 am)    [LNo:0003] 000010/000090
[I](2020-02-22  05:50:15 am)작업중 M코드정지 [d:0][t:00:00:03]
[I](2020-02-22  06:15:33 am)작업중 정지 [d:24][t:00:25:21]
[I](2020-02-22  06:15:33 am)    [LNo:0003] 000025/000090
[I](2020-02-22  06:15:33 am)작업중 M코드정지 [d:24][t:00:25:21]
[I](2020-02-22  06:17:07 am)작업중 정지 [d:24][t:00:26:56]
[I](2020-02-22  06:17:07 am)    [LNo:0003] 000027/000090
[I](2020-02-22  06:17:07 am)작업중 M코드정지 [d:24][t:00:26:56]
[I](2020-02-22  06:45:22 am)작업중 정지 [d:52][t:00:55:10]
[I](2020-02-22  06:45:22 am)    [LNo:0003] 000062/000090
[I](2020-02-22  06:45:22 am)작업중 M코드정지 [d:52][t:00:55:10]
[I](2020-02-22  07:03:21 am)작업중 정지 [d:52][t:01:13:09]
[I](2020-02-22  07:03:21 am)    [LNo:0003] 000064/000090
[I](2020-02-22  07:03:21 am)작업중 M코드정지 [d:52][t:01:13:09]
[I](2020-02-22  07:07:59 am)작업중 정지 [d:57][t:01:17:47]
[I](2020-02-22  07:07:59 am)    [LNo:0003] 000082/000090
[I](2020-02-22  07:07:59 am)작업중 M코드정지 [d:57][t:01:17:47]
[I](2020-02-22  07:39:22 am)Reset
[I](2020-02-22  07:39:37 am)Reset
[I](2020-02-22  07:40:11 am)Reset
[I](2020-02-22  07:42:04 am)Reset
[I](2020-02-22  07:42:42 am)Reset
[I](2020-02-22  07:42:54 am)Reset
[A](2020-02-22  07:45:21 am)[036] 자동결선 절단 공정 실패!!
[I](2020-02-22  07:46:29 am)Reset
[I](2020-02-22  07:46:37 am)Reset
[I](2020-02-22  07:46:41 am)Reset
[I](2020-02-22  07:46:41 am)Reset
[I](2020-02-22  07:46:42 am)작업 시작 [Start d:420]
[I](2020-02-22  07:46:42 am)Nc File: [No.0003-629.NC]
[I](2020-02-22  07:46:42 am)  * Start Machine Position
[I](2020-02-22  07:46:42 am)    X:    321.8032
[I](2020-02-22  07:46:42 am)    Y:   -369.3626
[I](2020-02-22  07:46:42 am)    U:      0.0000
[I](2020-02-22  07:46:42 am)    V:     -0.0299
[I](2020-02-22  07:46:42 am)    Z:     33.7109
[I](2020-02-22  07:46:42 am)  * Angle
[I](2020-02-22  07:46:42 am)    Ar:      0.1826,Kr:      0.0000
[I](2020-02-22  07:46:42 am)    Taper_Ar:      0.0000
[I](2020-02-22  07:46:46 am)작업중 정지 [d:0][t:00:00:03]
[I](2020-02-22  07:46:46 am)    [LNo:0003] 000010/000090
[I](2020-02-22  07:46:46 am)작업중 M코드정지 [d:0][t:00:00:03]
[I](2020-02-22  08:16:31 am)작업중 정지 [d:28][t:00:29:48]
[I](2020-02-22  08:16:31 am)    [LNo:0003] 000025/000090
[I](2020-02-22  08:16:31 am)작업중 M코드정지 [d:28][t:00:29:48]
[I](2020-02-22  08:17:34 am)작업중 정지 [d:28][t:00:30:51]
[I](2020-02-22  08:17:34 am)    [LNo:0003] 000027/000090
[I](2020-02-22  08:17:34 am)작업중 M코드정지 [d:28][t:00:30:51]
[I](2020-02-22  08:50:59 am)작업중 정지 [d:62][t:01:04:17]
[I](2020-02-22  08:50:59 am)    [LNo:0003] 000062/000090
[I](2020-02-22  08:51:00 am)작업중 M코드정지 [d:62][t:01:04:17]
[I](2020-02-22  08:52:48 am)작업중 정지 [d:62][t:01:06:05]
[I](2020-02-22  08:52:48 am)    [LNo:0003] 000064/000090
[I](2020-02-22  08:52:48 am)작업중 M코드정지 [d:62][t:01:06:05]
[I](2020-02-22  08:57:47 am)작업중 정지 [d:66][t:01:11:05]
[I](2020-02-22  08:57:47 am)    [LNo:0003] 000082/000090
[I](2020-02-22  08:57:48 am)작업중 M코드정지 [d:66][t:01:11:05]
[I](2020-02-22  09:12:01 am)작업중 정지 [d:66][t:01:25:18]
[I](2020-02-22  09:12:01 am)    [LNo:0003] 000085/000090
[I](2020-02-22  09:16:31 am)Reset
[I](2020-02-22  09:26:49 am)Reset
[I](2020-02-22  09:26:49 am)Reset
[I](2020-02-22  09:26:49 am)Reset
[I](2020-02-22  09:26:52 am)Reset
[I](2020-02-22  09:28:12 am)Reset
[I](2020-02-22  09:28:12 am)Reset
[I](2020-02-22  09:32:30 am)Reset
[I](2020-02-22  09:32:33 am)Reset
[I](2020-02-22  09:34:04 am)Reset
[I](2020-02-22  09:35:02 am)작업 시작 [Start d:486]
[I](2020-02-22  09:35:02 am)Nc File: [No.0004-639.NC]
[I](2020-02-22  09:35:02 am)  * Start Machine Position
[I](2020-02-22  09:35:02 am)    X:     54.5361
[I](2020-02-22  09:35:02 am)    Y:   -359.9802
[I](2020-02-22  09:35:02 am)    U:      0.0000
[I](2020-02-22  09:35:02 am)    V:      0.0000
[I](2020-02-22  09:35:02 am)    Z:     27.9184
[I](2020-02-22  09:35:02 am)  * Angle
[I](2020-02-22  09:35:02 am)    Ar:      0.0000,Kr:      0.0000
[I](2020-02-22  09:35:02 am)    Taper_Ar:      0.0000
[I](2020-02-22  09:36:02 am)작업중 정지 [d:1][t:00:01:00]
[I](2020-02-22  09:36:02 am)    [LNo:0004] 000015/000041
[I](2020-02-22  09:36:03 am)Reset
[I](2020-02-22  09:36:12 am)작업 시작 [Start d:487]
[I](2020-02-22  09:36:12 am)Nc File: [No.0004-639.NC]
[I](2020-02-22  09:36:12 am)  * Start Machine Position
[I](2020-02-22  09:36:12 am)    X:     54.5361
[I](2020-02-22  09:36:12 am)    Y:   -357.9054
[I](2020-02-22  09:36:12 am)    U:      0.0000
[I](2020-02-22  09:36:12 am)    V:      0.0000
[I](2020-02-22  09:36:12 am)    Z:     27.9184
[I](2020-02-22  09:36:12 am)  * Angle
[I](2020-02-22  09:36:12 am)    Ar:      0.0000,Kr:      0.0000
[I](2020-02-22  09:36:12 am)    Taper_Ar:      0.0000
[I](2020-02-22  09:36:20 am)작업중 정지 [d:0][t:00:00:07]
[I](2020-02-22  09:36:20 am)    [LNo:0004] 000015/000041
[I](2020-02-22  09:36:20 am)작업중 30sec 접촉 정지 [d:0][t:00:00:07]
[I](2020-02-22  09:39:30 am)작업 재시작
[I](2020-02-22  10:19:43 am)작업중 정지 [d:40][t:00:43:30]
[I](2020-02-22  10:19:43 am)    [LNo:0004] 000027/000041
[I](2020-02-22  10:19:43 am)작업중 30sec 접촉 정지 [d:40][t:00:43:31]
[I](2020-02-22  10:23:54 am)작업 재시작
[I](2020-02-22  10:23:56 am)작업중 정지 [d:40][t:00:47:44]
[I](2020-02-22  10:23:56 am)    [LNo:0004] 000027/000041
[I](2020-02-22  10:24:13 am)작업 재시작
[I](2020-02-22  10:24:17 am)작업중 정지 [d:40][t:00:48:04]
[I](2020-02-22  10:24:17 am)    [LNo:0004] 000027/000041
[A](2020-02-22  10:24:50 am)[037] 자동결선 잔여 WIRE 처리 실패!!
[I](2020-02-22  10:25:57 am)작업 재시작
[I](2020-02-22  10:41:29 am)작업중 정지 [d:55][t:01:05:16]
[I](2020-02-22  10:41:29 am)    [LNo:0004] 000031/000041
[I](2020-02-22  10:41:29 am)작업중 M코드정지 [d:55][t:01:05:16]
[I](2020-02-22  10:43:01 am)작업중 정지 [d:55][t:01:06:48]
[I](2020-02-22  10:43:01 am)    [LNo:0004] 000032/000041
[I](2020-02-22  10:43:01 am)Wire Contact Auto Stop(M52)
[I](2020-02-22  10:50:20 am)Reset
[I](2020-02-22  10:55:40 am)Reset
[I](2020-02-22  10:58:42 am)Reset
[I](2020-02-22  10:58:45 am)Reset
[I](2020-02-22  10:59:07 am)Reset
[I](2020-02-22  10:59:26 am)Reset
[I](2020-02-22  10:59:34 am)Reset
[I](2020-02-22  11:01:01 am)Reset
[I](2020-02-22  11:01:06 am)Reset
[I](2020-02-22  11:05:58 am)Reset
[I](2020-02-22  11:09:03 am)Reset
[I](2020-02-22  11:09:24 am)Reset
[I](2020-02-22  11:09:40 am)Reset
[I](2020-02-22  11:09:46 am)Reset
[I](2020-02-22  11:10:04 am)Reset
[I](2020-02-22  11:10:19 am)Reset
[I](2020-02-22  11:10:25 am)Reset
[I](2020-02-22  11:13:20 am)Reset
[A](2020-02-22  11:13:51 am)[037] 자동결선 잔여 WIRE 처리 실패!!
[I](2020-02-22  11:14:58 am)Reset
[A](2020-02-22  11:15:04 am)[001] 와이어 미동작
[I](2020-02-22  11:15:19 am)Reset
[I](2020-02-22  11:15:27 am)Reset
[I](2020-02-22  11:15:44 am)Reset
[I](2020-02-22  11:16:02 am)Reset
[I](2020-02-22  11:16:09 am)Reset
[I](2020-02-22  11:19:00 am)Reset
[I](2020-02-22  11:19:36 am)Reset
[I](2020-02-22  11:21:26 am)Reset
[I](2020-02-22  11:21:34 am)작업 시작 [Start d:542]
[I](2020-02-22  11:21:34 am)Nc File: [No.0005-665.NC]
[I](2020-02-22  11:21:34 am)  * Start Machine Position
[I](2020-02-22  11:21:34 am)    X:     55.7982
[I](2020-02-22  11:21:34 am)    Y:   -365.9898
[I](2020-02-22  11:21:34 am)    U:      0.0000
[I](2020-02-22  11:21:34 am)    V:      0.0000
[I](2020-02-22  11:21:34 am)    Z:     30.6439
[I](2020-02-22  11:21:34 am)  * Angle
[I](2020-02-22  11:21:34 am)    Ar:      0.0000,Kr:      0.0000
[I](2020-02-22  11:21:34 am)    Taper_Ar:      0.0000
[I](2020-02-22  11:31:58 am)작업중 정지 [d:11][t:00:10:23]
[I](2020-02-22  11:31:58 am)    [LNo:0005] 000119/000667
[I](2020-02-22  11:31:58 am)작업중 30sec 접촉 정지 [d:11][t:00:10:23]
[I](2020-02-22  11:32:46 am)작업 재시작
[I](2020-02-22  11:33:24 am)작업중 정지 [d:12][t:00:11:49]
[I](2020-02-22  11:33:24 am)    [LNo:0005] 000125/000667
[I](2020-02-22  11:33:24 am)작업중 M코드정지 [d:12][t:00:11:49]
[I](2020-02-22  11:33:26 am)Reset
[I](2020-02-22  11:33:37 am)작업 시작 [Start d:554]
[I](2020-02-22  11:33:37 am)Nc File: [No.0005-665.NC]
[I](2020-02-22  11:33:37 am)  * Start Machine Position
[I](2020-02-22  11:33:37 am)    X:     55.7982
[I](2020-02-22  11:33:37 am)    Y:   -365.9898
[I](2020-02-22  11:33:37 am)    U:      0.0000
[I](2020-02-22  11:33:37 am)    V:      0.0000
[I](2020-02-22  11:33:37 am)    Z:     30.6439
[I](2020-02-22  11:33:37 am)  * Angle
[I](2020-02-22  11:33:37 am)    Ar:      0.0000,Kr:      0.0000
[I](2020-02-22  11:33:37 am)    Taper_Ar:      0.0000
[I](2020-02-22  11:33:54 am)작업중 정지 [d:1][t:00:00:17]
[I](2020-02-22  11:33:54 am)    [LNo:0005] 000125/000667
[I](2020-02-22  11:33:54 am)작업중 M코드정지 [d:1][t:00:00:17]
[A](2020-02-22  11:34:18 am)[037] 자동결선 잔여 WIRE 처리 실패!!
[I](2020-02-22  11:34:43 am)Reset
[I](2020-02-22  11:35:09 am)Reset
[I](2020-02-22  11:35:13 am)작업 시작 [Start d:0]
[I](2020-02-22  11:35:13 am)Nc File: [No.0005-665.NC]
[I](2020-02-22  11:35:13 am)  * Start Machine Position
[I](2020-02-22  11:35:13 am)    X:    109.1763
[I](2020-02-22  11:35:13 am)    Y:   -318.4631
[I](2020-02-22  11:35:13 am)    U:      0.0000
[I](2020-02-22  11:35:13 am)    V:      0.0000
[I](2020-02-22  11:35:13 am)    Z:     30.6439
[I](2020-02-22  11:35:13 am)  * Angle
[I](2020-02-22  11:35:13 am)    Ar:      0.0000,Kr:      0.0000
[I](2020-02-22  11:35:13 am)    Taper_Ar:      0.0000
[I](2020-02-22  11:46:04 am)작업중 정지 [d:11][t:00:10:51]
[I](2020-02-22  11:46:04 am)    [LNo:0005] 000125/000667
[I](2020-02-22  11:46:04 am)작업중 M코드정지 [d:11][t:00:10:51]
[A](2020-02-22  12:10:11 pm)[037] 자동결선 잔여 WIRE 처리 실패!!
[I](2020-02-22  12:10:37 pm)Reset
[I](2020-02-22  12:10:40 pm)Reset
[I](2020-02-22  12:11:19 pm)작업 시작 [Start d:11]
[I](2020-02-22  12:11:19 pm)Nc File: [No.0005-665.NC]
[I](2020-02-22  12:11:19 pm)  * Start Machine Position
[I](2020-02-22  12:11:19 pm)    X:     55.6511
[I](2020-02-22  12:11:19 pm)    Y:   -271.1211
[I](2020-02-22  12:11:19 pm)    U:      0.0000
[I](2020-02-22  12:11:19 pm)    V:      0.0000
[I](2020-02-22  12:11:19 pm)    Z:     30.6439
[I](2020-02-22  12:11:19 pm)  * Angle
[I](2020-02-22  12:11:19 pm)    Ar:      0.0000,Kr:      0.0000
[I](2020-02-22  12:11:19 pm)    Taper_Ar:      0.0000
[I](2020-02-22  12:22:10 pm)작업중 정지 [d:11][t:00:10:50]
[I](2020-02-22  12:22:10 pm)    [LNo:0005] 000125/000667
[I](2020-02-22  12:22:10 pm)작업중 M코드정지 [d:11][t:00:10:50]
[A](2020-02-22  12:24:08 pm)[037] 자동결선 잔여 WIRE 처리 실패!!
[I](2020-02-22  01:23:10 pm)Reset
[I](2020-02-22  01:23:14 pm)Reset
[I](2020-02-22  01:24:21 pm)Reset
[I](2020-02-22  01:31:02 pm)Reset
[I](2020-02-22  01:36:03 pm)Reset
[I](2020-02-22  01:37:08 pm)작업 시작 [Start d:22]
[I](2020-02-22  01:37:08 pm)Nc File: [No.0009-660.NC]
[I](2020-02-22  01:37:08 pm)  * Start Machine Position
[I](2020-02-22  01:37:08 pm)    X:     63.7799
[I](2020-02-22  01:37:08 pm)    Y:   -370.3939
[I](2020-02-22  01:37:08 pm)    U:      0.0000
[I](2020-02-22  01:37:08 pm)    V:      0.0000
[I](2020-02-22  01:37:08 pm)    Z:     30.0284
[I](2020-02-22  01:37:08 pm)  * Angle
[I](2020-02-22  01:37:08 pm)    Ar:      2.2226,Kr:      0.0000
[I](2020-02-22  01:37:08 pm)    Taper_Ar:      0.0000
[I](2020-02-22  01:37:13 pm)작업중 정지 [d:-22][t:00:00:04]
[I](2020-02-22  01:37:13 pm)    [LNo:0009] 000010/000370
[I](2020-02-22  01:37:13 pm)작업중 M코드정지 [d:-22][t:00:00:04]
[I](2020-02-22  01:39:12 pm)작업중 정지 [d:-21][t:00:02:04]
[I](2020-02-22  01:39:12 pm)    [LNo:0009] 000023/000370
[I](2020-02-22  01:39:12 pm)작업중 30sec 접촉 정지 [d:-21][t:00:02:04]
[I](2020-02-22  01:40:44 pm)Reset
[I](2020-02-22  01:40:54 pm)작업 시작 [Start d:1]
[I](2020-02-22  01:40:54 pm)Nc File: [No.0009-660.NC]
[I](2020-02-22  01:40:54 pm)  * Start Machine Position
[I](2020-02-22  01:40:54 pm)    X:     63.7799
[I](2020-02-22  01:40:54 pm)    Y:   -370.3939
[I](2020-02-22  01:40:54 pm)    U:      0.0000
[I](2020-02-22  01:40:54 pm)    V:      0.0000
[I](2020-02-22  01:40:54 pm)    Z:     30.0284
[I](2020-02-22  01:40:54 pm)  * Angle
[I](2020-02-22  01:40:54 pm)    Ar:      2.2226,Kr:      0.0000
[I](2020-02-22  01:40:54 pm)    Taper_Ar:      0.0000
[I](2020-02-22  01:54:42 pm)작업중 정지 [d:13][t:00:13:47]
[I](2020-02-22  01:54:42 pm)    [LNo:0009] 000296/000370
[I](2020-02-22  01:54:42 pm)작업중 M코드정지 [d:13][t:00:13:47]
[I](2020-02-22  01:55:25 pm)작업중 정지 [d:13][t:00:14:31]
[I](2020-02-22  01:55:25 pm)    [LNo:0009] 000297/000370
[I](2020-02-22  01:55:50 pm)작업 재시작
[I](2020-02-22  01:55:59 pm)작업중 정지 [d:13][t:00:15:04]
[I](2020-02-22  01:55:59 pm)    [LNo:0009] 000300/000370
[I](2020-02-22  01:55:59 pm)작업중 M코드정지 [d:13][t:00:15:04]
[I](2020-02-22  01:59:00 pm)작업중 정지 [d:16][t:00:18:06]
[I](2020-02-22  01:59:00 pm)    [LNo:0009] 000318/000370
[I](2020-02-22  01:59:00 pm)작업중 M코드정지 [d:16][t:00:18:06]
[A](2020-02-22  02:07:24 pm)[037] 자동결선 잔여 WIRE 처리 실패!!
[I](2020-02-22  02:22:01 pm)작업중 정지 [d:30][t:00:41:07]
[I](2020-02-22  02:22:01 pm)    [LNo:0009] 000340/000370
[I](2020-02-22  02:22:01 pm)작업중 M코드정지 [d:30][t:00:41:07]
[I](2020-02-22  02:22:20 pm)작업중 정지 [d:30][t:00:41:26]
[I](2020-02-22  02:22:20 pm)    [LNo:0009] 000342/000370
[I](2020-02-22  02:22:48 pm)작업 재시작
[I](2020-02-22  02:26:25 pm)작업중 정지 [d:34][t:00:45:31]
[I](2020-02-22  02:26:25 pm)    [LNo:0009] 000366/000370
[I](2020-02-22  02:26:25 pm)작업중 M코드정지 [d:34][t:00:45:31]
[I](2020-02-22  02:26:32 pm)Reset
[I](2020-02-22  02:26:35 pm)Reset
[I](2020-02-22  02:27:12 pm)작업 시작 [Start d:35]
[I](2020-02-22  02:27:12 pm)Nc File: [No.0004-660.NC]
[I](2020-02-22  02:27:12 pm)  * Start Machine Position
[I](2020-02-22  02:27:12 pm)    X:     63.7799
[I](2020-02-22  02:27:12 pm)    Y:   -370.3939
[I](2020-02-22  02:27:12 pm)    U:      0.0000
[I](2020-02-22  02:27:12 pm)    V:      0.0000
[I](2020-02-22  02:27:12 pm)    Z:     30.0284
[I](2020-02-22  02:27:12 pm)  * Angle
[I](2020-02-22  02:27:12 pm)    Ar:      2.2226,Kr:      0.0000
[I](2020-02-22  02:27:12 pm)    Taper_Ar:      0.0000
[I](2020-02-22  02:30:59 pm)작업중 정지 [d:3][t:00:03:47]
[I](2020-02-22  02:30:59 pm)    [LNo:0004] 000083/000410
[I](2020-02-22  02:30:59 pm)작업중 M코드정지 [d:3][t:00:03:47]
[A](2020-02-22  02:32:25 pm)[037] 자동결선 잔여 WIRE 처리 실패!!
[I](2020-02-22  02:48:57 pm)작업중 정지 [d:15][t:00:21:45]
[I](2020-02-22  02:48:57 pm)    [LNo:0004] 000334/000410
[I](2020-02-22  02:50:37 pm)Reset
[I](2020-02-22  02:50:50 pm)Reset
[I](2020-02-22  02:52:47 pm)Reset
[I](2020-02-22  02:52:49 pm)Reset
[I](2020-02-22  02:58:13 pm)Reset
[I](2020-02-22  03:02:40 pm)Reset
[I](2020-02-22  03:02:43 pm)Reset
[I](2020-02-22  03:02:48 pm)Reset
[I](2020-02-22  03:05:05 pm)Reset
[I](2020-02-22  03:05:09 pm)작업 시작 [Start d:50]
[I](2020-02-22  03:05:09 pm)Nc File: [No.0003-661.NC]
[I](2020-02-22  03:05:09 pm)  * Start Machine Position
[I](2020-02-22  03:05:09 pm)    X:     63.3384
[I](2020-02-22  03:05:09 pm)    Y:   -371.3317
[I](2020-02-22  03:05:09 pm)    U:      0.0000
[I](2020-02-22  03:05:09 pm)    V:      0.0000
[I](2020-02-22  03:05:09 pm)    Z:     30.0284
[I](2020-02-22  03:05:09 pm)  * Angle
[I](2020-02-22  03:05:09 pm)    Ar:      1.3502,Kr:      0.0000
[I](2020-02-22  03:05:09 pm)    Taper_Ar:      0.0000
[I](2020-02-22  03:05:14 pm)작업중 정지 [d:0][t:00:00:04]
[I](2020-02-22  03:05:14 pm)    [LNo:0003] 000010/000410
[I](2020-02-22  03:05:14 pm)작업중 M코드정지 [d:0][t:00:00:04]
[I](2020-02-22  03:36:37 pm)작업중 정지 [d:25][t:00:31:27]
[I](2020-02-22  03:36:37 pm)    [LNo:0003] 000336/000410
[I](2020-02-22  03:36:37 pm)작업중 M코드정지 [d:25][t:00:31:27]
[I](2020-02-22  03:37:17 pm)작업중 정지 [d:25][t:00:32:07]
[I](2020-02-22  03:37:17 pm)    [LNo:0003] 000337/000410
[I](2020-02-22  03:37:17 pm)작업중 30sec 접촉 정지 [d:25][t:00:32:07]
[I](2020-02-22  03:37:46 pm)작업 재시작
[I](2020-02-22  03:37:57 pm)작업중 정지 [d:26][t:00:32:47]
[I](2020-02-22  03:37:57 pm)    [LNo:0003] 000340/000410
[I](2020-02-22  03:37:57 pm)작업중 M코드정지 [d:26][t:00:32:47]
[I](2020-02-22  03:55:37 pm)작업중 정지 [d:42][t:00:50:27]
[I](2020-02-22  03:55:37 pm)    [LNo:0003] 000380/000410
[I](2020-02-22  03:55:37 pm)작업중 M코드정지 [d:42][t:00:50:27]
[I](2020-02-22  03:56:18 pm)작업중 정지 [d:42][t:00:51:08]
[I](2020-02-22  03:56:18 pm)    [LNo:0003] 000381/000410
[I](2020-02-22  03:56:18 pm)작업중 30sec 접촉 정지 [d:42][t:00:51:08]
[I](2020-02-22  03:56:43 pm)작업 재시작
[I](2020-02-22  03:56:56 pm)작업중 정지 [d:43][t:00:51:46]
[I](2020-02-22  03:56:56 pm)    [LNo:0003] 000384/000410
[I](2020-02-22  03:56:56 pm)작업중 M코드정지 [d:43][t:00:51:46]
[A](2020-02-22  03:57:03 pm)[001] 와이어 미동작
[I](2020-02-22  04:00:26 pm)작업중 정지 [d:46][t:00:55:16]
[I](2020-02-22  04:00:26 pm)    [LNo:0003] 000403/000410
[A](2020-02-22  04:00:26 pm)[011] 자동결선 Error(M21-잔여와이어 처리실패)
[A](2020-02-22  04:00:46 pm)[084] Work Tank Fluid Sensor Abnormal
[A](2020-02-22  04:00:46 pm)[084] Work Tank Fluid Sensor Abnormal
[A](2020-02-22  04:00:46 pm)[084] Work Tank Fluid Sensor Abnormal
[A](2020-02-22  04:00:46 pm)[084] Work Tank Fluid Sensor Abnormal
[A](2020-02-22  04:00:46 pm)[084] Work Tank Fluid Sensor Abnormal
[A](2020-02-22  04:00:46 pm)[084] Work Tank Fluid Sensor Abnormal
[A](2020-02-22  04:00:46 pm)[084] Work Tank Fluid Sensor Abnormal
[A](2020-02-22  04:00:47 pm)[084] Work Tank Fluid Sensor Abnormal
[A](2020-02-22  04:00:47 pm)[084] Work Tank Fluid Sensor Abnormal
[A](2020-02-22  04:00:47 pm)[084] Work Tank Fluid Sensor Abnormal
[A](2020-02-22  04:00:47 pm)[084] Work Tank Fluid Sensor Abnormal
[A](2020-02-22  04:00:47 pm)[084] Work Tank Fluid Sensor Abnormal
[I](2020-02-22  04:01:00 pm)Reset
[I](2020-02-22  04:11:54 pm)Reset
[I](2020-02-22  04:11:58 pm)Reset
[I](2020-02-22  04:11:59 pm)Reset
[I](2020-02-22  04:15:53 pm)Reset
[I](2020-02-22  04:25:29 pm)Reset
[I](2020-02-22  04:30:17 pm)Reset
[I](2020-02-22  04:31:21 pm)Reset
[I](2020-02-22  04:32:42 pm)작업 시작 [Start d:96]
[I](2020-02-22  04:32:42 pm)Nc File: [No.0009-625.NC]
[I](2020-02-22  04:32:42 pm)  * Start Machine Position
[I](2020-02-22  04:32:42 pm)    X:    185.6376
[I](2020-02-22  04:32:42 pm)    Y:   -389.1101
[I](2020-02-22  04:32:42 pm)    U:      0.0000
[I](2020-02-22  04:32:42 pm)    V:      0.0000
[I](2020-02-22  04:32:42 pm)    Z:     30.4274
[I](2020-02-22  04:32:42 pm)  * Angle
[I](2020-02-22  04:32:42 pm)    Ar:     -0.0059,Kr:      0.0000
[I](2020-02-22  04:32:42 pm)    Taper_Ar:      0.0000
[I](2020-02-22  04:34:09 pm)작업중 정지 [d:-96][t:00:01:27]
[I](2020-02-22  04:34:09 pm)    [LNo:0009] 000264/001859
[A](2020-02-22  04:34:38 pm)[084] Work Tank Fluid Sensor Abnormal
[I](2020-02-22  04:36:18 pm)Reset
[I](2020-02-22  04:36:27 pm)작업 시작 [Start d:0]
[I](2020-02-22  04:36:27 pm)Nc File: [No.0009-625.NC]
[I](2020-02-22  04:36:27 pm)  * Start Machine Position
[I](2020-02-22  04:36:27 pm)    X:    185.6376
[I](2020-02-22  04:36:27 pm)    Y:   -389.1101
[I](2020-02-22  04:36:27 pm)    U:      0.0000
[I](2020-02-22  04:36:27 pm)    V:      0.0000
[I](2020-02-22  04:36:27 pm)    Z:     30.4274
[I](2020-02-22  04:36:27 pm)  * Angle
[I](2020-02-22  04:36:27 pm)    Ar:     -0.0059,Kr:      0.0000
[I](2020-02-22  04:36:27 pm)    Taper_Ar:      0.0000
[I](2020-02-22  04:36:56 pm)작업중 정지 [d:0][t:00:00:28]
[I](2020-02-22  04:36:56 pm)    [LNo:0009] 000434/001859
[I](2020-02-22  04:57:33 pm)Reset
[I](2020-02-22  04:57:41 pm)Reset
[I](2020-02-22  04:57:41 pm)Reset
[I](2020-02-22  04:59:38 pm)Reset
[I](2020-02-22  05:05:13 pm)Reset
[A](2020-02-22  05:05:38 pm)[037] 자동결선 잔여 WIRE 처리 실패!!
[I](2020-02-22  05:05:53 pm)Reset
[I](2020-02-22  05:07:32 pm)작업 시작 [Start d:0]
[I](2020-02-22  05:07:32 pm)Nc File: [No.0011-260.NC]
[I](2020-02-22  05:07:32 pm)  * Start Machine Position
[I](2020-02-22  05:07:32 pm)    X:    246.9329
[I](2020-02-22  05:07:32 pm)    Y:   -388.3702
[I](2020-02-22  05:07:32 pm)    U:      0.0000
[I](2020-02-22  05:07:32 pm)    V:      0.0000
[I](2020-02-22  05:07:32 pm)    Z:     26.3369
[I](2020-02-22  05:07:32 pm)  * Angle
[I](2020-02-22  05:07:32 pm)    Ar:     -0.0012,Kr:      0.0000
[I](2020-02-22  05:07:32 pm)    Taper_Ar:      0.0000
[I](2020-02-22  05:08:23 pm)작업중 정지 [d:0][t:00:00:51]
[I](2020-02-22  05:08:23 pm)    [LNo:0011] 001110/003103
[I](2020-02-22  05:09:18 pm)Reset
[I](2020-02-22  05:09:21 pm)작업 시작 [Start d:0]
[I](2020-02-22  05:09:21 pm)Nc File: [No.0011-260.NC]
[I](2020-02-22  05:09:21 pm)  * Start Machine Position
[I](2020-02-22  05:09:21 pm)    X:    246.9329
[I](2020-02-22  05:09:21 pm)    Y:   -388.3702
[I](2020-02-22  05:09:21 pm)    U:      0.0000
[I](2020-02-22  05:09:21 pm)    V:      0.0000
[I](2020-02-22  05:09:21 pm)    Z:     26.3369
[I](2020-02-22  05:09:21 pm)  * Angle
[I](2020-02-22  05:09:21 pm)    Ar:     -0.0012,Kr:      0.0000
[I](2020-02-22  05:09:21 pm)    Taper_Ar:      0.0000
