[I](2020-07-19  09:09:12 am)작업중 정지 [d:314][t:16:27:04]
[I](2020-07-19  09:09:12 am)    [LNo:0016] 000100/000527
[I](2020-07-19  09:22:45 am)작업 재시작
[I](2020-07-19  09:22:46 am)작업중 정지 [d:314][t:16:40:38]
[I](2020-07-19  09:22:46 am)    [LNo:0016] 000101/000527
[I](2020-07-19  09:22:46 am)작업중 M코드정지 [d:314][t:16:40:38]
[I](2020-07-19  11:57:31 am)작업중 정지 [d:468][t:19:15:23]
[I](2020-07-19  11:57:31 am)    [LNo:0016] 000164/000527
[I](2020-07-19  11:57:31 am)작업중 30sec 접촉 정지 [d:468][t:19:15:23]
[I](2020-07-19  12:50:01 pm)작업 재시작
[I](2020-07-19  01:21:13 pm)작업중 정지 [d:499][t:20:39:05]
[I](2020-07-19  01:21:13 pm)    [LNo:0016] 000187/000527
[I](2020-07-19  01:21:13 pm)작업중 M코드정지 [d:499][t:20:39:05]
[I](2020-07-19  01:24:23 pm)Reset
[I](2020-07-19  01:24:24 pm)Reset
[I](2020-07-19  01:24:41 pm)작업 시작 [Start d:499]
[I](2020-07-19  01:24:41 pm)Nc File: [No.0016-425.NC]
[I](2020-07-19  01:24:41 pm)  * Start Machine Position
[I](2020-07-19  01:24:41 pm)    X:    475.8384
[I](2020-07-19  01:24:41 pm)    Y:   -284.7390
[I](2020-07-19  01:24:41 pm)    U:      0.0000
[I](2020-07-19  01:24:41 pm)    V:      0.0000
[I](2020-07-19  01:24:41 pm)    Z:     30.9815
[I](2020-07-19  01:24:41 pm)  * Angle
[I](2020-07-19  01:24:41 pm)    Ar:     -0.0234,Kr:      0.0000
[I](2020-07-19  01:24:41 pm)    Taper_Ar:      0.0000
[I](2020-07-19  01:24:41 pm)작업중 정지 [d:0][t:00:00:00]
[I](2020-07-19  01:24:41 pm)    [LNo:0016] 000108/000527
[I](2020-07-19  01:31:25 pm)작업중 정지 [d:6][t:00:06:44]
[I](2020-07-19  01:31:25 pm)    [LNo:0016] 000137/000527
[I](2020-07-19  01:31:28 pm)작업 재시작
[I](2020-07-19  01:31:50 pm)작업중 정지 [d:6][t:00:07:08]
[I](2020-07-19  01:31:50 pm)    [LNo:0016] 000142/000527
[I](2020-07-19  01:32:09 pm)작업 재시작
[I](2020-07-19  02:49:06 pm)작업중 정지 [d:83][t:01:24:25]
[I](2020-07-19  02:49:06 pm)    [LNo:0016] 000186/000527
[I](2020-07-19  02:49:06 pm)작업중 M코드정지 [d:83][t:01:24:25]
[I](2020-07-19  02:51:39 pm)Reset
[I](2020-07-19  02:51:46 pm)작업 시작 [Start d:582]
[I](2020-07-19  02:51:46 pm)Nc File: [No.0016-425.NC]
[I](2020-07-19  02:51:46 pm)  * Start Machine Position
[I](2020-07-19  02:51:46 pm)    X:    475.8384
[I](2020-07-19  02:51:46 pm)    Y:   -284.7390
[I](2020-07-19  02:51:46 pm)    U:      0.0000
[I](2020-07-19  02:51:46 pm)    V:      0.0000
[I](2020-07-19  02:51:46 pm)    Z:     30.9815
[I](2020-07-19  02:51:46 pm)  * Angle
[I](2020-07-19  02:51:46 pm)    Ar:     -0.0234,Kr:      0.0000
[I](2020-07-19  02:51:46 pm)    Taper_Ar:      0.0000
[I](2020-07-19  02:54:59 pm)작업중 정지 [d:3][t:00:03:12]
[I](2020-07-19  02:54:59 pm)    [LNo:0016] 000134/000527
[I](2020-07-19  02:55:01 pm)작업 재시작
[I](2020-07-19  02:55:35 pm)작업중 정지 [d:3][t:00:03:49]
[I](2020-07-19  02:55:35 pm)    [LNo:0016] 000148/000527
[I](2020-07-19  02:55:50 pm)작업 재시작
[I](2020-07-19  03:04:24 pm)작업중 정지 [d:11][t:00:12:38]
[I](2020-07-19  03:04:24 pm)    [LNo:0016] 000167/000527
[I](2020-07-19  03:04:49 pm)작업 재시작
[I](2020-07-19  03:05:28 pm)작업중 정지 [d:11][t:00:13:42]
[I](2020-07-19  03:05:28 pm)    [LNo:0016] 000186/000527
[I](2020-07-19  03:05:28 pm)작업중 M코드정지 [d:11][t:00:13:42]
[I](2020-07-19  03:28:32 pm)작업중 정지 [d:31][t:00:36:46]
[I](2020-07-19  03:28:32 pm)    [LNo:0016] 000209/000527
[I](2020-07-19  03:28:32 pm)작업중 M코드정지 [d:31][t:00:36:46]
[I](2020-07-19  03:31:59 pm)작업중 정지 [d:31][t:00:40:13]
[I](2020-07-19  03:31:59 pm)    [LNo:0016] 000211/000527
[I](2020-07-19  03:32:38 pm)작업 재시작
[I](2020-07-19  03:32:40 pm)작업중 정지 [d:31][t:00:40:54]
[I](2020-07-19  03:32:40 pm)    [LNo:0016] 000212/000527
[I](2020-07-19  03:32:41 pm)작업중 M코드정지 [d:31][t:00:40:54]
[I](2020-07-19  03:41:57 pm)작업중 정지 [d:40][t:00:50:11]
[I](2020-07-19  03:41:57 pm)    [LNo:0016] 000246/000527
[I](2020-07-19  03:41:57 pm)작업중 M코드정지 [d:40][t:00:50:11]
[I](2020-07-19  04:01:55 pm)작업중 정지 [d:50][t:01:10:08]
[I](2020-07-19  04:01:55 pm)    [LNo:0016] 000268/000527
[I](2020-07-19  04:01:55 pm)작업중 M코드정지 [d:50][t:01:10:08]
[I](2020-07-19  04:04:06 pm)작업중 정지 [d:50][t:01:12:19]
[I](2020-07-19  04:04:06 pm)    [LNo:0016] 000270/000527
[I](2020-07-19  04:04:28 pm)작업 재시작
[I](2020-07-19  04:04:32 pm)작업중 정지 [d:50][t:01:12:46]
[I](2020-07-19  04:04:32 pm)    [LNo:0016] 000272/000527
[I](2020-07-19  04:04:32 pm)작업중 M코드정지 [d:50][t:01:12:46]
[I](2020-07-19  04:07:41 pm)작업중 정지 [d:53][t:01:15:54]
[I](2020-07-19  04:07:41 pm)    [LNo:0016] 000291/000527
[I](2020-07-19  04:07:41 pm)작업중 M코드정지 [d:53][t:01:15:55]
[I](2020-07-19  04:16:17 pm)Reset
[I](2020-07-19  04:16:17 pm)Reset
[I](2020-07-19  04:16:31 pm)작업 시작 [Start d:635]
[I](2020-07-19  04:16:31 pm)Nc File: [No.0016-425.NC]
[I](2020-07-19  04:16:31 pm)  * Start Machine Position
[I](2020-07-19  04:16:31 pm)    X:    527.1978
[I](2020-07-19  04:16:31 pm)    Y:   -383.9599
[I](2020-07-19  04:16:31 pm)    U:      0.0000
[I](2020-07-19  04:16:31 pm)    V:      0.0000
[I](2020-07-19  04:16:31 pm)    Z:     20.9815
[I](2020-07-19  04:16:31 pm)  * Angle
[I](2020-07-19  04:16:31 pm)    Ar:     -0.0234,Kr:      0.0000
[I](2020-07-19  04:16:31 pm)    Taper_Ar:      0.0000
[I](2020-07-19  04:17:22 pm)작업중 정지 [d:1][t:00:00:50]
[I](2020-07-19  04:17:22 pm)    [LNo:0016] 000292/000527
[I](2020-07-19  04:17:22 pm)작업중 M코드정지 [d:1][t:00:00:50]
[I](2020-07-19  04:42:47 pm)작업중 정지 [d:21][t:00:26:15]
[I](2020-07-19  04:42:47 pm)    [LNo:0016] 000314/000527
[I](2020-07-19  04:42:47 pm)작업중 M코드정지 [d:21][t:00:26:15]
[I](2020-07-19  04:43:00 pm)작업중 정지 [d:21][t:00:26:28]
[I](2020-07-19  04:43:00 pm)    [LNo:0016] 000315/000527
[I](2020-07-19  04:43:23 pm)작업 재시작
[A](2020-07-19  04:54:22 pm)[032] 자동결선 상부 센서 WIRE CONTACT!!
[I](2020-07-19  04:54:22 pm)작업중 정지 [d:30][t:00:37:50]
[I](2020-07-19  04:54:22 pm)    [LNo:0016] 000360/000527
[A](2020-07-19  04:54:22 pm)[009] 자동결선 Error(M20-삽입실패)
[I](2020-07-19  05:29:08 pm)작업중 정지 [d:50][t:01:12:36]
[I](2020-07-19  05:29:08 pm)    [LNo:0016] 000376/000527
[I](2020-07-19  05:29:08 pm)작업중 M코드정지 [d:50][t:01:12:36]
[I](2020-07-19  05:42:07 pm)작업중 정지 [d:50][t:01:25:35]
[I](2020-07-19  05:42:07 pm)    [LNo:0016] 000377/000527
[A](2020-07-19  05:42:07 pm)[008] 작업중 단선(AWF Feed Motor Stop )
[I](2020-07-19  05:42:07 pm)작업중 Wire 단선 [d:50][t:01:25:35]
[I](2020-07-19  05:42:38 pm)작업 재시작
[I](2020-07-19  05:42:43 pm)작업중 정지 [d:50][t:01:26:11]
[I](2020-07-19  05:42:43 pm)    [LNo:0016] 000379/000527
[I](2020-07-19  05:42:44 pm)작업중 M코드정지 [d:50][t:01:26:12]
[I](2020-07-19  06:02:45 pm)작업중 정지 [d:69][t:01:46:13]
[I](2020-07-19  06:02:45 pm)    [LNo:0016] 000435/000527
[I](2020-07-19  06:02:45 pm)작업중 M코드정지 [d:69][t:01:46:13]
[I](2020-07-19  06:03:00 pm)작업중 정지 [d:69][t:01:46:28]
[I](2020-07-19  06:03:00 pm)    [LNo:0016] 000438/000527
[I](2020-07-19  06:03:22 pm)작업 재시작
[I](2020-07-19  06:03:23 pm)작업중 정지 [d:69][t:01:46:51]
[I](2020-07-19  06:03:23 pm)    [LNo:0016] 000439/000527
[I](2020-07-19  06:03:23 pm)작업중 M코드정지 [d:69][t:01:46:51]
[I](2020-07-19  06:06:34 pm)작업중 정지 [d:72][t:01:50:02]
[I](2020-07-19  06:06:34 pm)    [LNo:0016] 000457/000527
[I](2020-07-19  06:06:34 pm)작업중 M코드정지 [d:72][t:01:50:02]
[I](2020-07-19  06:06:48 pm)Reset
[I](2020-07-19  06:06:48 pm)Reset
[I](2020-07-19  06:06:58 pm)작업 시작 [Start d:707]
[I](2020-07-19  06:06:58 pm)Nc File: [No.0016-425.NC]
[I](2020-07-19  06:06:58 pm)  * Start Machine Position
[I](2020-07-19  06:06:58 pm)    X:     76.5978
[I](2020-07-19  06:06:58 pm)    Y:   -383.9758
[I](2020-07-19  06:06:58 pm)    U:      0.0000
[I](2020-07-19  06:06:58 pm)    V:      0.0000
[I](2020-07-19  06:06:58 pm)    Z:     20.9815
[I](2020-07-19  06:06:58 pm)  * Angle
[I](2020-07-19  06:06:58 pm)    Ar:     -0.0234,Kr:      0.0000
[I](2020-07-19  06:06:58 pm)    Taper_Ar:      0.0000
[I](2020-07-19  06:11:45 pm)작업중 정지 [d:1][t:00:04:47]
[I](2020-07-19  06:11:45 pm)    [LNo:0016] 000472/000527
[I](2020-07-19  06:11:45 pm)작업중 30sec 접촉 정지 [d:1][t:00:04:47]
[I](2020-07-19  06:19:44 pm)작업 재시작
[I](2020-07-19  06:19:46 pm)작업중 정지 [d:2][t:00:12:48]
[I](2020-07-19  06:19:46 pm)    [LNo:0016] 000472/000527
[I](2020-07-19  06:20:03 pm)작업 재시작
[I](2020-07-19  06:39:41 pm)작업중 정지 [d:22][t:00:32:43]
[I](2020-07-19  06:39:41 pm)    [LNo:0016] 000480/000527
[I](2020-07-19  06:39:41 pm)작업중 M코드정지 [d:22][t:00:32:43]
[I](2020-07-19  06:40:14 pm)작업중 정지 [d:22][t:00:33:16]
[I](2020-07-19  06:40:14 pm)    [LNo:0016] 000481/000527
[I](2020-07-19  06:40:59 pm)작업 재시작
[I](2020-07-19  06:51:10 pm)작업중 정지 [d:31][t:00:44:12]
[I](2020-07-19  06:51:10 pm)    [LNo:0016] 000522/000527
[A](2020-07-19  06:58:01 pm)[053] Emergency Stop
[A](2020-07-19  06:58:01 pm)[005] READY Off(Alarm)
[I](2020-07-19  06:58:01 pm)    X:    267.3878
[I](2020-07-19  06:58:01 pm)    Y:   -181.2008
[I](2020-07-19  06:58:01 pm)    U:      0.0000
[I](2020-07-19  06:58:01 pm)    V:      0.0000
[I](2020-07-19  06:58:01 pm)    Z:    120.9815
