[I](2020-10-17  09:46:17 am)작업중 정지 [d:78][t:16:11:31]
[I](2020-10-17  09:46:17 am)    [LNo:0009] 000363/000510
[I](2020-10-17  09:46:17 am)작업중 M코드정지 [d:78][t:16:11:31]
[A](2020-10-17  10:07:44 am)[041] AWF 명령끝날때까지 센서감지(타임아웃) 안됨
[I](2020-10-17  10:35:30 am)작업중 정지 [d:125][t:17:00:44]
[I](2020-10-17  10:35:30 am)    [LNo:0009] 000427/000510
[I](2020-10-17  10:35:30 am)작업중 M코드정지 [d:125][t:17:00:44]
[I](2020-10-17  11:24:24 am)작업중 정지 [d:134][t:17:49:38]
[I](2020-10-17  11:24:24 am)    [LNo:0009] 000438/000510
[I](2020-10-17  11:24:24 am)작업중 M코드정지 [d:134][t:17:49:38]
[I](2020-10-17  11:36:32 am)작업중 정지 [d:144][t:18:01:46]
[I](2020-10-17  11:36:32 am)    [LNo:0009] 000445/000510
[I](2020-10-17  11:36:32 am)작업중 M코드정지 [d:144][t:18:01:46]
[I](2020-10-17  11:45:14 am)작업중 정지 [d:144][t:18:10:28]
[I](2020-10-17  11:45:14 am)    [LNo:0009] 000448/000510
[I](2020-10-17  11:45:14 am)작업중 M코드정지 [d:144][t:18:10:28]
[I](2020-10-17  12:14:22 pm)작업중 정지 [d:172][t:18:39:36]
[I](2020-10-17  12:14:22 pm)    [LNo:0009] 000506/000510
[I](2020-10-17  12:14:22 pm)작업중 M코드정지 [d:172][t:18:39:36]
[I](2020-10-17  12:24:16 pm)Reset
[I](2020-10-17  12:24:17 pm)Reset
[I](2020-10-17  12:24:39 pm)작업 시작 [Start d:694]
[I](2020-10-17  12:24:39 pm)Nc File: [No.0009-639.NC]
[I](2020-10-17  12:24:39 pm)  * Start Machine Position
[I](2020-10-17  12:24:39 pm)    X:    186.9300
[I](2020-10-17  12:24:39 pm)    Y:   -166.9299
[I](2020-10-17  12:24:39 pm)    U:      0.0000
[I](2020-10-17  12:24:39 pm)    V:      0.0000
[I](2020-10-17  12:24:39 pm)    Z:     49.4325
[I](2020-10-17  12:24:39 pm)  * Angle
[I](2020-10-17  12:24:39 pm)    Ar:      0.0432,Kr:      0.0000
[I](2020-10-17  12:24:39 pm)    Taper_Ar:      0.0000
[I](2020-10-17  12:25:32 pm)작업중 정지 [d:0][t:00:00:52]
[I](2020-10-17  12:25:32 pm)    [LNo:0009] 000247/000510
[I](2020-10-17  12:25:40 pm)작업중 정지 [d:0][t:00:01:00]
[I](2020-10-17  12:25:40 pm)    [LNo:0009] 000262/000510
[I](2020-10-17  12:25:40 pm)작업중 M코드정지 [d:0][t:00:01:00]
[I](2020-10-17  12:25:45 pm)작업중 정지 [d:0][t:00:01:05]
[I](2020-10-17  12:25:45 pm)    [LNo:0009] 000265/000510
[I](2020-10-17  12:25:45 pm)작업중 M코드정지 [d:0][t:00:01:05]
[A](2020-10-17  12:27:22 pm)[041] AWF 명령끝날때까지 센서감지(타임아웃) 안됨
[A](2020-10-17  12:27:54 pm)[041] AWF 명령끝날때까지 센서감지(타임아웃) 안됨
[I](2020-10-17  12:27:57 pm)작업중 정지 [d:1][t:00:03:17]
[I](2020-10-17  12:27:57 pm)    [LNo:0009] 000294/000510
[I](2020-10-17  12:29:31 pm)작업중 정지 [d:1][t:00:04:51]
[I](2020-10-17  12:29:31 pm)    [LNo:0009] 000309/000510
[I](2020-10-17  12:29:31 pm)작업중 M코드정지 [d:1][t:00:04:51]
[I](2020-10-17  12:29:35 pm)작업중 정지 [d:1][t:00:04:55]
[I](2020-10-17  12:29:35 pm)    [LNo:0009] 000312/000510
[I](2020-10-17  12:29:35 pm)작업중 M코드정지 [d:1][t:00:04:56]
[A](2020-10-17  12:31:12 pm)[041] AWF 명령끝날때까지 센서감지(타임아웃) 안됨
[I](2020-10-17  12:31:34 pm)작업중 정지 [d:2][t:00:06:54]
[I](2020-10-17  12:31:34 pm)    [LNo:0009] 000341/000510
[I](2020-10-17  12:32:20 pm)작업중 정지 [d:2][t:00:07:40]
[I](2020-10-17  12:32:20 pm)    [LNo:0009] 000360/000510
[I](2020-10-17  12:32:20 pm)작업중 M코드정지 [d:2][t:00:07:40]
[I](2020-10-17  12:32:21 pm)작업중 정지 [d:2][t:00:07:41]
[I](2020-10-17  12:32:21 pm)    [LNo:0009] 000363/000510
[I](2020-10-17  12:32:21 pm)작업중 M코드정지 [d:2][t:00:07:41]
[I](2020-10-17  12:33:39 pm)작업중 정지 [d:3][t:00:08:59]
[I](2020-10-17  12:33:39 pm)    [LNo:0009] 000393/000510
[I](2020-10-17  12:33:39 pm)작업중 M코드정지 [d:3][t:00:08:59]
[I](2020-10-17  12:35:17 pm)작업중 정지 [d:3][t:00:10:37]
[I](2020-10-17  12:35:17 pm)    [LNo:0009] 000427/000510
[I](2020-10-17  12:35:17 pm)작업중 M코드정지 [d:3][t:00:10:37]
[I](2020-10-17  12:35:25 pm)작업중 정지 [d:3][t:00:10:45]
[I](2020-10-17  12:35:25 pm)    [LNo:0009] 000438/000510
[I](2020-10-17  12:35:25 pm)작업중 M코드정지 [d:3][t:00:10:45]
[I](2020-10-17  12:35:29 pm)작업중 정지 [d:3][t:00:10:49]
[I](2020-10-17  12:35:29 pm)    [LNo:0009] 000445/000510
[I](2020-10-17  12:35:29 pm)작업중 M코드정지 [d:3][t:00:10:49]
[I](2020-10-17  12:35:30 pm)작업중 정지 [d:3][t:00:10:50]
[I](2020-10-17  12:35:30 pm)    [LNo:0009] 000448/000510
[I](2020-10-17  12:35:30 pm)작업중 M코드정지 [d:3][t:00:10:50]
[I](2020-10-17  12:39:24 pm)작업중 정지 [d:6][t:00:14:44]
[I](2020-10-17  12:39:24 pm)    [LNo:0009] 000506/000510
[I](2020-10-17  12:39:24 pm)작업중 M코드정지 [d:6][t:00:14:44]
[A](2020-10-17  05:51:59 pm)[053] Emergency Stop
[A](2020-10-17  05:51:59 pm)[005] READY Off(Alarm)
[I](2020-10-17  05:51:59 pm)    X:    311.8909
[I](2020-10-17  05:51:59 pm)    Y:    -30.2157
[I](2020-10-17  05:51:59 pm)    U:      0.0000
[I](2020-10-17  05:51:59 pm)    V:      0.0000
[I](2020-10-17  05:51:59 pm)    Z:    149.4325
