[I](2020-11-16  12:38:07 am)작업중 정지 [d:242][t:09:32:22]
[I](2020-11-16  12:38:07 am)    [LNo:0009] 000060/000064
[I](2020-11-16  12:38:07 am)작업중 M코드정지 [d:242][t:09:32:22]
[I](2020-11-16  08:27:50 am)
[I](2020-11-16  08:27:50 am)Work completed.
[I](2020-11-16  08:27:50 am)작업 끝.(M02) [d:242][t:17:22:04]
[A](2020-11-16  08:28:52 am)[091] Auto Door Sensor Abnormal
[I](2020-11-16  08:58:41 am)Reset
[I](2020-11-16  08:58:49 am)Reset
[I](2020-11-16  08:58:50 am)Reset
[I](2020-11-16  08:59:18 am)Reset
[I](2020-11-16  09:00:30 am)Reset
[I](2020-11-16  09:04:53 am)Reset
[I](2020-11-16  09:04:57 am)Reset
[I](2020-11-16  09:05:06 am)Reset
[I](2020-11-16  09:05:37 am)Reset
[I](2020-11-16  09:05:52 am)Reset
[I](2020-11-16  09:08:09 am)작업 시작 [Start d:409]
[I](2020-11-16  09:08:09 am)Nc File: [No.0001-529.NC]
[I](2020-11-16  09:08:09 am)  * Start Machine Position
[I](2020-11-16  09:08:09 am)    X:    210.7076
[I](2020-11-16  09:08:09 am)    Y:   -353.7895
[I](2020-11-16  09:08:09 am)    U:     -0.0274
[I](2020-11-16  09:08:09 am)    V:     -0.6501
[I](2020-11-16  09:08:09 am)    Z:     40.6706
[I](2020-11-16  09:08:09 am)  * Angle
[I](2020-11-16  09:08:09 am)    Ar:      0.2350,Kr:      0.0000
[I](2020-11-16  09:08:09 am)    Taper_Ar:      0.0000
[I](2020-11-16  09:08:20 am)작업중 정지 [d:0][t:00:00:10]
[I](2020-11-16  09:08:20 am)    [LNo:0001] 000010/000056
[I](2020-11-16  09:08:20 am)작업중 M코드정지 [d:0][t:00:00:10]
[I](2020-11-16  09:12:57 am)작업중 정지 [d:5][t:00:04:48]
[I](2020-11-16  09:12:57 am)    [LNo:0001] 000023/000056
[I](2020-11-16  09:13:24 am)작업 재시작
[I](2020-11-16  09:13:43 am)작업중 정지 [d:5][t:00:05:33]
[I](2020-11-16  09:13:43 am)    [LNo:0001] 000023/000056
[I](2020-11-16  09:16:16 am)Reset
[I](2020-11-16  09:16:30 am)작업 시작 [Start d:414]
[I](2020-11-16  09:16:30 am)Nc File: [No.0001-529.NC]
[I](2020-11-16  09:16:30 am)  * Start Machine Position
[I](2020-11-16  09:16:30 am)    X:    148.3946
[I](2020-11-16  09:16:30 am)    Y:   -351.9441
[I](2020-11-16  09:16:30 am)    U:     -0.0274
[I](2020-11-16  09:16:30 am)    V:     -0.6501
[I](2020-11-16  09:16:30 am)    Z:     40.6706
[I](2020-11-16  09:16:30 am)  * Angle
[I](2020-11-16  09:16:30 am)    Ar:      0.2350,Kr:      0.0000
[I](2020-11-16  09:16:30 am)    Taper_Ar:      0.0000
[I](2020-11-16  09:17:32 am)작업중 정지 [d:1][t:00:01:01]
[I](2020-11-16  09:17:32 am)    [LNo:0001] 000023/000056
[A](2020-11-16  09:17:50 am)[084] Work Tank Fluid Sensor Abnormal
[A](2020-11-16  09:17:51 am)[084] Work Tank Fluid Sensor Abnormal
[A](2020-11-16  09:17:51 am)[084] Work Tank Fluid Sensor Abnormal
[A](2020-11-16  09:17:51 am)[084] Work Tank Fluid Sensor Abnormal
[A](2020-11-16  09:17:51 am)[084] Work Tank Fluid Sensor Abnormal
[A](2020-11-16  09:17:52 am)[084] Work Tank Fluid Sensor Abnormal
[A](2020-11-16  09:17:52 am)[084] Work Tank Fluid Sensor Abnormal
[A](2020-11-16  09:17:52 am)[084] Work Tank Fluid Sensor Abnormal
[A](2020-11-16  09:17:52 am)[084] Work Tank Fluid Sensor Abnormal
[A](2020-11-16  09:17:53 am)[084] Work Tank Fluid Sensor Abnormal
[A](2020-11-16  09:17:53 am)[084] Work Tank Fluid Sensor Abnormal
[A](2020-11-16  09:17:53 am)[084] Work Tank Fluid Sensor Abnormal
[A](2020-11-16  09:17:53 am)[084] Work Tank Fluid Sensor Abnormal
[A](2020-11-16  09:17:53 am)[084] Work Tank Fluid Sensor Abnormal
[A](2020-11-16  09:17:54 am)[084] Work Tank Fluid Sensor Abnormal
[A](2020-11-16  09:17:54 am)[084] Work Tank Fluid Sensor Abnormal
[A](2020-11-16  09:17:54 am)[084] Work Tank Fluid Sensor Abnormal
[A](2020-11-16  09:17:54 am)[084] Work Tank Fluid Sensor Abnormal
[A](2020-11-16  09:17:55 am)[084] Work Tank Fluid Sensor Abnormal
[I](2020-11-16  09:22:44 am)Reset
[I](2020-11-16  09:22:53 am)작업 시작 [Start d:415]
[I](2020-11-16  09:22:53 am)Nc File: [No.0001-529.NC]
[I](2020-11-16  09:22:53 am)  * Start Machine Position
[I](2020-11-16  09:22:53 am)    X:    148.3946
[I](2020-11-16  09:22:53 am)    Y:   -351.9441
[I](2020-11-16  09:22:53 am)    U:     -0.0274
[I](2020-11-16  09:22:53 am)    V:     -0.6501
[I](2020-11-16  09:22:53 am)    Z:     40.6706
[I](2020-11-16  09:22:53 am)  * Angle
[I](2020-11-16  09:22:53 am)    Ar:      0.2350,Kr:      0.0000
[I](2020-11-16  09:22:53 am)    Taper_Ar:      0.0000
[I](2020-11-16  09:23:14 am)작업중 정지 [d:0][t:00:00:20]
[I](2020-11-16  09:23:14 am)    [LNo:0001] 000023/000056
[I](2020-11-16  09:35:21 am)Reset
[I](2020-11-16  09:35:50 am)Reset
[I](2020-11-16  09:35:50 am)Reset
[I](2020-11-16  09:35:51 am)Reset
[I](2020-11-16  09:38:40 am)Reset
[I](2020-11-16  09:38:47 am)Reset
[I](2020-11-16  09:38:48 am)Reset
[I](2020-11-16  09:39:26 am)Reset
[I](2020-11-16  09:39:26 am)Reset
[I](2020-11-16  09:42:44 am)Reset
[I](2020-11-16  09:42:44 am)Reset
[I](2020-11-16  09:44:12 am)Reset
[I](2020-11-16  09:44:40 am)Reset
[I](2020-11-16  09:45:22 am)Reset
[I](2020-11-16  09:46:06 am)Reset
[I](2020-11-16  09:46:18 am)Reset
[I](2020-11-16  09:46:37 am)Reset
[I](2020-11-16  09:47:04 am)Reset
[I](2020-11-16  09:48:17 am)작업 시작 [Start d:415]
[I](2020-11-16  09:48:17 am)Nc File: [No.0001-532.NC]
[I](2020-11-16  09:48:17 am)  * Start Machine Position
[I](2020-11-16  09:48:17 am)    X:    214.2512
[I](2020-11-16  09:48:17 am)    Y:   -354.0281
[I](2020-11-16  09:48:17 am)    U:     -0.0330
[I](2020-11-16  09:48:17 am)    V:      0.0108
[I](2020-11-16  09:48:17 am)    Z:     42.2836
[I](2020-11-16  09:48:17 am)  * Angle
[I](2020-11-16  09:48:17 am)    Ar:      0.2548,Kr:      0.0000
[I](2020-11-16  09:48:17 am)    Taper_Ar:      0.0000
[I](2020-11-16  09:48:28 am)작업중 정지 [d:0][t:00:00:10]
[I](2020-11-16  09:48:28 am)    [LNo:0001] 000010/000054
[I](2020-11-16  09:48:28 am)작업중 M코드정지 [d:0][t:00:00:10]
[I](2020-11-16  09:53:54 am)작업중 정지 [d:6][t:00:05:36]
[I](2020-11-16  09:53:54 am)    [LNo:0001] 000023/000054
[I](2020-11-16  09:55:16 am)작업 재시작
[I](2020-11-16  09:55:21 am)작업중 정지 [d:6][t:00:07:04]
[I](2020-11-16  09:55:21 am)    [LNo:0001] 000023/000054
[I](2020-11-16  09:55:22 am)작업중 30sec 접촉 정지 [d:6][t:00:07:04]
[I](2020-11-16  09:55:26 am)작업 재시작
[I](2020-11-16  09:55:28 am)작업중 정지 [d:6][t:00:07:10]
[I](2020-11-16  09:55:28 am)    [LNo:0001] 000023/000054
[I](2020-11-16  09:55:35 am)Reset
[I](2020-11-16  09:55:46 am)작업 시작 [Start d:421]
[I](2020-11-16  09:55:46 am)Nc File: [No.0001-532.NC]
[I](2020-11-16  09:55:46 am)  * Start Machine Position
[I](2020-11-16  09:55:46 am)    X:    151.9375
[I](2020-11-16  09:55:46 am)    Y:   -352.2042
[I](2020-11-16  09:55:46 am)    U:     -0.0330
[I](2020-11-16  09:55:46 am)    V:      0.0108
[I](2020-11-16  09:55:46 am)    Z:     42.2836
[I](2020-11-16  09:55:46 am)  * Angle
[I](2020-11-16  09:55:46 am)    Ar:      0.2548,Kr:      0.0000
[I](2020-11-16  09:55:46 am)    Taper_Ar:      0.0000
[I](2020-11-16  10:02:53 am)작업중 정지 [d:7][t:00:07:07]
[I](2020-11-16  10:02:53 am)    [LNo:0001] 000023/000054
[I](2020-11-16  10:09:30 am)Reset
[I](2020-11-16  10:09:42 am)작업 시작 [Start d:428]
[I](2020-11-16  10:09:42 am)Nc File: [No.0001-532.NC]
[I](2020-11-16  10:09:42 am)  * Start Machine Position
[I](2020-11-16  10:09:42 am)    X:    151.9375
[I](2020-11-16  10:09:42 am)    Y:   -352.2042
[I](2020-11-16  10:09:42 am)    U:     -0.0330
[I](2020-11-16  10:09:42 am)    V:      0.0108
[I](2020-11-16  10:09:42 am)    Z:     42.2836
[I](2020-11-16  10:09:42 am)  * Angle
[I](2020-11-16  10:09:42 am)    Ar:      0.2548,Kr:      0.0000
[I](2020-11-16  10:09:42 am)    Taper_Ar:      0.0000
[I](2020-11-16  10:10:37 am)작업중 정지 [d:1][t:00:00:54]
[I](2020-11-16  10:10:37 am)    [LNo:0001] 000023/000054
[I](2020-11-16  10:14:53 am)Reset
[I](2020-11-16  10:15:03 am)Reset
[I](2020-11-16  10:15:18 am)Reset
[I](2020-11-16  10:15:29 am)Reset
[I](2020-11-16  10:15:49 am)작업 시작 [Start d:429]
[I](2020-11-16  10:15:49 am)Nc File: [No.0001-532.NC]
[I](2020-11-16  10:15:49 am)  * Start Machine Position
[I](2020-11-16  10:15:49 am)    X:    214.2620
[I](2020-11-16  10:15:49 am)    Y:   -353.9987
[I](2020-11-16  10:15:49 am)    U:     -0.0330
[I](2020-11-16  10:15:49 am)    V:      0.0108
[I](2020-11-16  10:15:49 am)    Z:     42.2836
[I](2020-11-16  10:15:49 am)  * Angle
[I](2020-11-16  10:15:49 am)    Ar:      0.2548,Kr:      0.0000
[I](2020-11-16  10:15:49 am)    Taper_Ar:      0.0000
[I](2020-11-16  10:16:00 am)작업중 정지 [d:0][t:00:00:10]
[I](2020-11-16  10:16:00 am)    [LNo:0001] 000010/000054
[I](2020-11-16  10:16:00 am)작업중 M코드정지 [d:0][t:00:00:10]
[I](2020-11-16  10:17:51 am)작업중 정지 [d:1][t:00:02:01]
[I](2020-11-16  10:17:51 am)    [LNo:0001] 000023/000054
[I](2020-11-16  10:19:31 am)Reset
[I](2020-11-16  10:21:08 am)Reset
[I](2020-11-16  10:21:08 am)Reset
[A](2020-11-16  10:39:34 am)[037] 자동결선 잔여 WIRE 처리 실패!!
[I](2020-11-16  10:45:32 am)Reset
[I](2020-11-16  10:45:37 am)Reset
[I](2020-11-16  10:46:08 am)Reset
[I](2020-11-16  10:46:47 am)작업 시작 [Start d:430]
[I](2020-11-16  10:46:47 am)Nc File: [No.0002-MDI0002.NC]
[I](2020-11-16  10:46:47 am)  * Start Machine Position
[I](2020-11-16  10:46:47 am)    X:    185.8799
[I](2020-11-16  10:46:47 am)    Y:   -345.1109
[I](2020-11-16  10:46:47 am)    U:      0.0000
[I](2020-11-16  10:46:47 am)    V:      0.0000
[I](2020-11-16  10:46:47 am)    Z:     22.4439
[I](2020-11-16  10:46:47 am)  * Angle
[I](2020-11-16  10:46:47 am)    Ar:      0.0000,Kr:      0.0000
[I](2020-11-16  10:46:47 am)    Taper_Ar:      0.0000
[I](2020-11-16  10:46:48 am)
[I](2020-11-16  10:46:48 am)Work completed.
[I](2020-11-16  10:46:48 am)
[I](2020-11-16  10:46:48 am)Work completed.
[I](2020-11-16  10:55:58 am)작업중 정지 [d:10][t:00:09:11]
[I](2020-11-16  10:55:58 am)    [LNo:0002] 000001/000001
[I](2020-11-16  10:58:58 am)작업 재시작
[I](2020-11-16  10:59:40 am)작업중 정지 [d:10][t:00:12:52]
[I](2020-11-16  10:59:40 am)    [LNo:0002] 000001/000001
[A](2020-11-16  10:59:42 am)[053] Emergency Stop
[A](2020-11-16  10:59:42 am)[005] READY Off(Alarm)
[I](2020-11-16  10:59:42 am)    X:    185.8799
[I](2020-11-16  10:59:42 am)    Y:   -343.3122
[I](2020-11-16  10:59:42 am)    U:      0.0000
[I](2020-11-16  10:59:42 am)    V:      0.0000
[I](2020-11-16  10:59:42 am)    Z:     22.4439
[I](2020-11-16  11:03:33 am)Ready On
[A](2020-11-16  11:04:17 am)[053] Emergency Stop
[A](2020-11-16  11:04:17 am)[005] READY Off(Alarm)
[I](2020-11-16  11:04:17 am)    X:    185.8799
[I](2020-11-16  11:04:17 am)    Y:   -343.3122
[I](2020-11-16  11:04:17 am)    U:      0.0000
[I](2020-11-16  11:04:17 am)    V:      0.0000
[I](2020-11-16  11:04:17 am)    Z:     22.4439
[I](2020-11-16  03:32:20 pm)Ready On
[I](2020-11-16  03:37:14 pm)작업 재시작
[I](2020-11-16  03:43:30 pm)작업중 정지 [d:16][t:04:56:42]
[I](2020-11-16  03:43:30 pm)    [LNo:0002] 000001/000001
[A](2020-11-16  03:43:39 pm)[053] Emergency Stop
[A](2020-11-16  03:43:39 pm)[053] Emergency Stop
[I](2020-11-16  03:43:39 pm)Ready Off
[I](2020-11-16  03:43:39 pm)    X:    185.8799
[I](2020-11-16  03:43:39 pm)    Y:   -318.6745
[I](2020-11-16  03:43:39 pm)    U:      0.0000
[I](2020-11-16  03:43:39 pm)    V:      0.0000
[I](2020-11-16  03:43:39 pm)    Z:     22.4439
[A](2020-11-16  03:43:39 pm)[005] READY Off(Alarm)
[I](2020-11-16  03:43:39 pm)    X:    185.8799
[I](2020-11-16  03:43:39 pm)    Y:   -318.6745
[I](2020-11-16  03:43:39 pm)    U:      0.0000
[I](2020-11-16  03:43:39 pm)    V:      0.0000
[I](2020-11-16  03:43:39 pm)    Z:     22.4439
[I](2020-11-16  03:43:48 pm)Ready On
[I](2020-11-16  03:52:35 pm)Reset
[I](2020-11-16  03:57:32 pm)Reset
[I](2020-11-16  04:00:45 pm)작업 시작 [Start d:446]
[I](2020-11-16  04:00:45 pm)Nc File: [No.0001-537.NC]
[I](2020-11-16  04:00:45 pm)  * Start Machine Position
[I](2020-11-16  04:00:45 pm)    X:    234.7679
[I](2020-11-16  04:00:45 pm)    Y:   -240.1465
[I](2020-11-16  04:00:45 pm)    U:      0.0000
[I](2020-11-16  04:00:45 pm)    V:      0.0000
[I](2020-11-16  04:00:45 pm)    Z:     36.6864
[I](2020-11-16  04:00:45 pm)  * Angle
[I](2020-11-16  04:00:45 pm)    Ar:      0.0000,Kr:      0.0000
[I](2020-11-16  04:00:45 pm)    Taper_Ar:      0.0000
[I](2020-11-16  04:18:23 pm)작업중 정지 [d:18][t:00:17:38]
[I](2020-11-16  04:18:23 pm)    [LNo:0001] 000077/000170
[I](2020-11-16  04:18:23 pm)작업중 M코드정지 [d:18][t:00:17:38]
[I](2020-11-16  04:20:21 pm)작업중 정지 [d:18][t:00:19:36]
[I](2020-11-16  04:20:21 pm)    [LNo:0001] 000078/000170
[A](2020-11-16  04:20:21 pm)[008] 작업중 단선(AWF Feed Motor Stop )
[I](2020-11-16  04:20:21 pm)작업중 Wire 단선 [d:18][t:00:19:36]
[I](2020-11-16  04:21:45 pm)작업 재시작
[I](2020-11-16  04:21:50 pm)작업중 정지 [d:18][t:00:21:05]
[I](2020-11-16  04:21:50 pm)    [LNo:0001] 000079/000170
[I](2020-11-16  04:21:51 pm)작업중 M코드정지 [d:18][t:00:21:05]
[I](2020-11-16  04:21:53 pm)작업중 정지 [d:18][t:00:21:08]
[I](2020-11-16  04:21:53 pm)    [LNo:0001] 000081/000170
[I](2020-11-16  04:21:53 pm)작업중 M코드정지 [d:18][t:00:21:08]
[I](2020-11-16  04:39:52 pm)작업중 정지 [d:36][t:00:39:07]
[I](2020-11-16  04:39:52 pm)    [LNo:0001] 000158/000170
[I](2020-11-16  04:39:52 pm)작업중 M코드정지 [d:36][t:00:39:07]
[I](2020-11-16  04:40:40 pm)작업중 정지 [d:36][t:00:39:54]
[I](2020-11-16  04:40:40 pm)    [LNo:0001] 000159/000170
[A](2020-11-16  04:40:40 pm)[008] 작업중 단선(AWF Feed Motor Stop )
[I](2020-11-16  04:40:40 pm)작업중 Wire 단선 [d:36][t:00:39:55]
[I](2020-11-16  04:49:14 pm)Reset
[I](2020-11-16  04:52:16 pm)Reset
[I](2020-11-16  04:53:17 pm)Reset
[I](2020-11-16  04:53:20 pm)Reset
[I](2020-11-16  04:53:20 pm)Reset
[I](2020-11-16  04:57:15 pm)Reset
[I](2020-11-16  05:01:33 pm)Reset
[I](2020-11-16  05:05:00 pm)Reset
[A](2020-11-16  05:07:00 pm)[037] 자동결선 잔여 WIRE 처리 실패!!
[I](2020-11-16  05:10:45 pm)Reset
[I](2020-11-16  05:13:39 pm)Reset
[I](2020-11-16  05:14:20 pm)Reset
[I](2020-11-16  05:14:57 pm)Reset
[I](2020-11-16  05:17:53 pm)작업 시작 [Start d:482]
[I](2020-11-16  05:17:53 pm)Nc File: [No.0002-540.NC]
[I](2020-11-16  05:17:53 pm)  * Start Machine Position
[I](2020-11-16  05:17:53 pm)    X:    152.0793
[I](2020-11-16  05:17:53 pm)    Y:   -272.3314
[I](2020-11-16  05:17:53 pm)    U:      0.0000
[I](2020-11-16  05:17:53 pm)    V:      0.0000
[I](2020-11-16  05:17:53 pm)    Z:     30.5904
[I](2020-11-16  05:17:53 pm)  * Angle
[I](2020-11-16  05:17:53 pm)    Ar:     -0.0201,Kr:      0.0000
[I](2020-11-16  05:17:53 pm)    Taper_Ar:      0.0000
[I](2020-11-16  05:18:40 pm)작업중 정지 [d:0][t:00:00:46]
[I](2020-11-16  05:18:40 pm)    [LNo:0002] 000013/000147
[I](2020-11-16  05:19:15 pm)작업중 정지 [d:0][t:00:01:21]
[I](2020-11-16  05:19:15 pm)    [LNo:0002] 000021/000147
[I](2020-11-16  05:19:20 pm)작업 재시작
[I](2020-11-16  05:20:43 pm)작업중 정지 [d:1][t:00:02:49]
[I](2020-11-16  05:20:43 pm)    [LNo:0002] 000041/000147
[I](2020-11-16  05:20:47 pm)작업 재시작
[I](2020-11-16  05:22:51 pm)작업중 정지 [d:1][t:00:04:58]
[I](2020-11-16  05:22:51 pm)    [LNo:0002] 000044/000147
[I](2020-11-16  05:24:09 pm)작업중 정지 [d:2][t:00:06:15]
[I](2020-11-16  05:24:09 pm)    [LNo:0002] 000056/000147
[I](2020-11-16  05:24:09 pm)작업중 M코드정지 [d:2][t:00:06:15]
[I](2020-11-16  05:30:54 pm)작업중 정지 [d:4][t:00:13:00]
[I](2020-11-16  05:30:54 pm)    [LNo:0002] 000107/000147
[I](2020-11-16  05:30:54 pm)작업중 M코드정지 [d:4][t:00:13:00]
[I](2020-11-16  05:33:18 pm)작업중 정지 [d:4][t:00:15:24]
[I](2020-11-16  05:33:18 pm)    [LNo:0002] 000109/000147
[I](2020-11-16  05:33:18 pm)작업중 M코드정지 [d:4][t:00:15:24]
[I](2020-11-16  05:35:19 pm)작업중 정지 [d:5][t:00:17:25]
[I](2020-11-16  05:35:19 pm)    [LNo:0002] 000143/000147
[I](2020-11-16  05:35:19 pm)작업중 M코드정지 [d:5][t:00:17:25]
[A](2020-11-16  05:35:51 pm)[084] Work Tank Fluid Sensor Abnormal
[I](2020-11-16  05:43:00 pm)Reset
[I](2020-11-16  05:43:45 pm)Reset
[I](2020-11-16  05:47:00 pm)Reset
[I](2020-11-16  05:50:00 pm)Reset
[I](2020-11-16  05:52:29 pm)Reset
[I](2020-11-16  05:52:32 pm)Reset
[A](2020-11-16  05:53:07 pm)[037] 자동결선 잔여 WIRE 처리 실패!!
[I](2020-11-16  06:00:32 pm)Reset
[I](2020-11-16  06:01:19 pm)작업 시작 [Start d:487]
[I](2020-11-16  06:01:19 pm)Nc File: [No.0003-541.NC]
[I](2020-11-16  06:01:19 pm)  * Start Machine Position
[I](2020-11-16  06:01:19 pm)    X:     63.0872
[I](2020-11-16  06:01:19 pm)    Y:   -364.7310
[I](2020-11-16  06:01:19 pm)    U:      0.0000
[I](2020-11-16  06:01:19 pm)    V:      0.0000
[I](2020-11-16  06:01:19 pm)    Z:     49.6444
[I](2020-11-16  06:01:19 pm)  * Angle
[I](2020-11-16  06:01:19 pm)    Ar:      0.0652,Kr:      0.0000
[I](2020-11-16  06:01:19 pm)    Taper_Ar:      0.0000
[I](2020-11-16  06:03:20 pm)작업중 정지 [d:1][t:00:02:00]
[I](2020-11-16  06:03:20 pm)    [LNo:0003] 000024/000086
[I](2020-11-16  06:03:20 pm)작업중 M코드정지 [d:1][t:00:02:00]
[I](2020-11-16  06:15:40 pm)작업중 정지 [d:10][t:00:14:20]
[I](2020-11-16  06:15:40 pm)    [LNo:0003] 000060/000086
[I](2020-11-16  06:15:40 pm)작업중 M코드정지 [d:10][t:00:14:20]
[I](2020-11-16  06:43:00 pm)작업중 정지 [d:16][t:00:41:41]
[I](2020-11-16  06:43:00 pm)    [LNo:0003] 000082/000086
[I](2020-11-16  06:43:00 pm)작업중 M코드정지 [d:16][t:00:41:41]
[I](2020-11-16  07:00:23 pm)Reset
[I](2020-11-16  07:06:55 pm)Reset
[I](2020-11-16  07:09:15 pm)Reset
[I](2020-11-16  07:10:02 pm)Reset
[I](2020-11-16  07:10:14 pm)Reset
[I](2020-11-16  07:10:40 pm)Reset
[I](2020-11-16  07:10:51 pm)Reset
[I](2020-11-16  07:11:49 pm)작업 시작 [Start d:503]
[I](2020-11-16  07:11:49 pm)Nc File: [No.0005-484.NC]
[I](2020-11-16  07:11:49 pm)  * Start Machine Position
[I](2020-11-16  07:11:49 pm)    X:    403.9784
[I](2020-11-16  07:11:49 pm)    Y:   -359.1134
[I](2020-11-16  07:11:49 pm)    U:      0.0000
[I](2020-11-16  07:11:49 pm)    V:      0.0299
[I](2020-11-16  07:11:49 pm)    Z:     60.2549
[I](2020-11-16  07:11:49 pm)  * Angle
[I](2020-11-16  07:11:49 pm)    Ar:     -0.0100,Kr:      0.0000
[I](2020-11-16  07:11:49 pm)    Taper_Ar:      0.0000
[I](2020-11-16  07:26:25 pm)작업중 정지 [d:13][t:00:14:35]
[I](2020-11-16  07:26:25 pm)    [LNo:0005] 000026/000382
[I](2020-11-16  07:30:00 pm)작업 재시작
[I](2020-11-16  07:49:29 pm)작업중 정지 [d:32][t:00:37:39]
[I](2020-11-16  07:49:29 pm)    [LNo:0005] 000028/000382
[I](2020-11-16  07:49:29 pm)작업중 M코드정지 [d:32][t:00:37:39]
[I](2020-11-16  07:50:17 pm)작업중 정지 [d:32][t:00:38:27]
[I](2020-11-16  07:50:17 pm)    [LNo:0005] 000030/000382
[I](2020-11-16  07:50:38 pm)작업 재시작
[I](2020-11-16  07:50:44 pm)작업중 정지 [d:32][t:00:38:54]
[I](2020-11-16  07:50:44 pm)    [LNo:0005] 000032/000382
[I](2020-11-16  07:50:44 pm)작업중 M코드정지 [d:32][t:00:38:54]
[I](2020-11-16  07:55:34 pm)작업중 정지 [d:36][t:00:43:44]
[I](2020-11-16  07:55:34 pm)    [LNo:0005] 000051/000382
[I](2020-11-16  07:55:34 pm)작업중 M코드정지 [d:36][t:00:43:44]
[A](2020-11-16  07:55:57 pm)[037] 자동결선 잔여 WIRE 처리 실패!!
[I](2020-11-16  08:28:54 pm)작업중 정지 [d:67][t:01:17:04]
[I](2020-11-16  08:28:54 pm)    [LNo:0005] 000073/000382
[I](2020-11-16  08:28:54 pm)작업중 M코드정지 [d:67][t:01:17:04]
[I](2020-11-16  08:29:19 pm)작업중 정지 [d:67][t:01:17:30]
[I](2020-11-16  08:29:19 pm)    [LNo:0005] 000075/000382
[I](2020-11-16  08:30:05 pm)작업 재시작
[I](2020-11-16  08:30:08 pm)작업중 정지 [d:67][t:01:18:18]
[I](2020-11-16  08:30:08 pm)    [LNo:0005] 000077/000382
[I](2020-11-16  08:30:08 pm)작업중 M코드정지 [d:67][t:01:18:18]
[I](2020-11-16  08:34:01 pm)작업중 정지 [d:71][t:01:22:11]
[I](2020-11-16  08:34:01 pm)    [LNo:0005] 000096/000382
[I](2020-11-16  08:34:01 pm)작업중 M코드정지 [d:71][t:01:22:11]
[I](2020-11-16  08:36:08 pm)작업중 정지 [d:71][t:01:24:18]
[I](2020-11-16  08:36:08 pm)    [LNo:0005] 000079/000382
[I](2020-11-16  08:38:17 pm)작업중 정지 [d:73][t:01:26:28]
[I](2020-11-16  08:38:17 pm)    [LNo:0005] 000097/000382
[I](2020-11-16  08:38:18 pm)작업중 M코드정지 [d:73][t:01:26:28]
[I](2020-11-16  08:40:41 pm)작업중 정지 [d:73][t:01:28:51]
[I](2020-11-16  08:40:41 pm)    [LNo:0005] 000079/000382
[I](2020-11-16  08:43:38 pm)작업중 정지 [d:75][t:01:31:48]
[I](2020-11-16  08:43:38 pm)    [LNo:0005] 000096/000382
[I](2020-11-16  08:43:38 pm)작업중 M코드정지 [d:75][t:01:31:48]
[I](2020-11-16  09:34:18 pm)작업중 정지 [d:123][t:02:22:28]
[I](2020-11-16  09:34:18 pm)    [LNo:0005] 000133/000382
[I](2020-11-16  09:34:18 pm)작업중 M코드정지 [d:123][t:02:22:29]
[I](2020-11-16  09:36:36 pm)작업중 정지 [d:123][t:02:24:46]
[I](2020-11-16  09:36:36 pm)    [LNo:0005] 000135/000382
[I](2020-11-16  09:36:36 pm)작업중 M코드정지 [d:123][t:02:24:46]
[I](2020-11-16  09:42:57 pm)작업중 정지 [d:130][t:02:31:07]
[I](2020-11-16  09:42:57 pm)    [LNo:0005] 000181/000382
[I](2020-11-16  09:48:56 pm)작업중 정지 [d:130][t:02:37:06]
[I](2020-11-16  09:48:56 pm)    [LNo:0005] 000139/000382
[I](2020-11-16  09:50:05 pm)작업중 정지 [d:130][t:02:38:15]
[I](2020-11-16  09:50:05 pm)    [LNo:0005] 000139/000382
[I](2020-11-16  09:50:27 pm)작업중 정지 [d:130][t:02:38:37]
[I](2020-11-16  09:50:27 pm)    [LNo:0005] 000143/000382
[A](2020-11-16  09:50:27 pm)[001] 와이어 미동작
[I](2020-11-16  09:50:52 pm)작업중 정지 [d:130][t:02:39:02]
[I](2020-11-16  09:50:52 pm)    [LNo:0005] 000148/000382
[I](2020-11-16  09:52:43 pm)작업 재시작
[I](2020-11-16  09:56:00 pm)작업중 정지 [d:134][t:02:44:10]
[I](2020-11-16  09:56:00 pm)    [LNo:0005] 000181/000382
[A](2020-11-16  09:56:05 pm)[036] 자동결선 절단 공정 실패!!
[I](2020-11-16  09:58:36 pm)작업중 정지 [d:134][t:02:46:47]
[I](2020-11-16  09:58:36 pm)    [LNo:0005] 000139/000382
[I](2020-11-16  10:03:12 pm)작업중 정지 [d:138][t:02:51:22]
[I](2020-11-16  10:03:12 pm)    [LNo:0005] 000163/000382
[I](2020-11-16  10:03:12 pm)작업중 Single Block Stop [d:138][t:02:51:22]
[I](2020-11-16  10:03:34 pm)작업중 정지 [d:138][t:02:51:44]
[I](2020-11-16  10:03:34 pm)    [LNo:0005] 000164/000382
[I](2020-11-16  10:03:34 pm)작업중 Single Block Stop [d:138][t:02:51:44]
[I](2020-11-16  10:04:13 pm)작업중 정지 [d:138][t:02:52:23]
[I](2020-11-16  10:04:13 pm)    [LNo:0005] 000170/000382
[I](2020-11-16  10:04:13 pm)작업중 Single Block Stop [d:138][t:02:52:24]
[I](2020-11-16  10:53:54 pm)작업중 정지 [d:187][t:03:42:04]
[I](2020-11-16  10:53:54 pm)    [LNo:0005] 000202/000382
[I](2020-11-16  10:53:54 pm)작업중 M코드정지 [d:187][t:03:42:05]
[I](2020-11-16  10:55:11 pm)작업중 정지 [d:187][t:03:43:21]
[I](2020-11-16  10:55:11 pm)    [LNo:0005] 000204/000382
[I](2020-11-16  10:55:11 pm)작업중 M코드정지 [d:187][t:03:43:21]
[I](2020-11-16  11:00:55 pm)작업중 정지 [d:193][t:03:49:06]
[I](2020-11-16  11:00:55 pm)    [LNo:0005] 000239/000382
[I](2020-11-16  11:03:02 pm)작업중 정지 [d:193][t:03:51:12]
[I](2020-11-16  11:03:02 pm)    [LNo:0005] 000208/000382
[I](2020-11-16  11:11:00 pm)작업중 정지 [d:201][t:03:59:10]
[I](2020-11-16  11:11:00 pm)    [LNo:0005] 000250/000382
[I](2020-11-16  11:19:00 pm)작업 재시작
[I](2020-11-16  11:19:19 pm)작업중 정지 [d:201][t:04:07:29]
[I](2020-11-16  11:19:19 pm)    [LNo:0005] 000250/000382
[I](2020-11-16  11:19:45 pm)작업 재시작
