[I](2020-04-06  12:27:28 am)작업중 정지 [d:190][t:03:22:40]
[I](2020-04-06  12:27:28 am)    [LNo:0004] 000159/002435
[I](2020-04-06  12:27:28 am)작업중 M코드정지 [d:190][t:03:22:40]
[I](2020-04-06  12:27:53 am)작업중 정지 [d:191][t:03:23:05]
[I](2020-04-06  12:27:53 am)    [LNo:0004] 000163/002435
[I](2020-04-06  12:27:53 am)작업중 M코드정지 [d:191][t:03:23:05]
[I](2020-04-06  01:37:56 am)작업중 정지 [d:259][t:04:33:08]
[I](2020-04-06  01:37:56 am)    [LNo:0004] 000264/002435
[I](2020-04-06  01:37:56 am)작업중 M코드정지 [d:259][t:04:33:08]
[I](2020-04-06  01:41:14 am)작업중 정지 [d:259][t:04:36:25]
[I](2020-04-06  01:41:14 am)    [LNo:0004] 000268/002435
[I](2020-04-06  01:41:14 am)작업중 M코드정지 [d:259][t:04:36:25]
[I](2020-04-06  02:35:43 am)작업중 정지 [d:311][t:05:30:55]
[I](2020-04-06  02:35:43 am)    [LNo:0004] 000414/002435
[I](2020-04-06  02:35:43 am)작업중 M코드정지 [d:311][t:05:30:55]
[I](2020-04-06  02:36:28 am)작업중 정지 [d:311][t:05:31:39]
[I](2020-04-06  02:36:28 am)    [LNo:0004] 000416/002435
[I](2020-04-06  02:36:28 am)작업중 M코드정지 [d:311][t:05:31:39]
[I](2020-04-06  02:47:39 am)작업중 정지 [d:321][t:05:42:51]
[I](2020-04-06  02:47:39 am)    [LNo:0004] 000479/002435
[I](2020-04-06  02:47:39 am)작업중 M코드정지 [d:321][t:05:42:51]
[I](2020-04-06  03:15:31 am)작업중 정지 [d:346][t:06:10:43]
[I](2020-04-06  03:15:31 am)    [LNo:0004] 000539/002435
[I](2020-04-06  03:15:31 am)작업중 M코드정지 [d:346][t:06:10:43]
[I](2020-04-06  03:17:15 am)작업중 정지 [d:346][t:06:12:27]
[I](2020-04-06  03:17:15 am)    [LNo:0004] 000541/002435
[I](2020-04-06  03:17:15 am)작업중 M코드정지 [d:346][t:06:12:27]
[I](2020-04-06  03:28:08 am)작업중 정지 [d:353][t:06:23:19]
[I](2020-04-06  03:28:08 am)    [LNo:0004] 000589/002435
[I](2020-04-06  03:28:08 am)작업중 M코드정지 [d:353][t:06:23:19]
[I](2020-04-06  03:45:39 am)작업중 정지 [d:368][t:06:40:51]
[I](2020-04-06  03:45:39 am)    [LNo:0004] 000614/002435
[I](2020-04-06  03:45:39 am)작업중 M코드정지 [d:368][t:06:40:51]
[I](2020-04-06  03:47:41 am)작업중 정지 [d:368][t:06:42:52]
[I](2020-04-06  03:47:41 am)    [LNo:0004] 000616/002435
[I](2020-04-06  03:47:41 am)작업중 M코드정지 [d:368][t:06:42:52]
[I](2020-04-06  04:16:33 am)작업중 정지 [d:395][t:07:11:44]
[I](2020-04-06  04:16:33 am)    [LNo:0004] 000646/002435
[I](2020-04-06  04:16:33 am)작업중 M코드정지 [d:395][t:07:11:44]
[I](2020-04-06  04:16:59 am)작업중 정지 [d:395][t:07:12:11]
[I](2020-04-06  04:16:59 am)    [LNo:0004] 000648/002435
[I](2020-04-06  04:16:59 am)작업중 30sec 접촉 정지 [d:395][t:07:12:11]
[I](2020-04-06  04:17:30 am)작업 재시작
[I](2020-04-06  04:17:36 am)작업중 정지 [d:395][t:07:12:48]
[I](2020-04-06  04:17:36 am)    [LNo:0004] 000650/002435
[I](2020-04-06  04:17:36 am)작업중 M코드정지 [d:395][t:07:12:48]
[I](2020-04-06  04:38:32 am)작업중 정지 [d:414][t:07:33:43]
[I](2020-04-06  04:38:32 am)    [LNo:0004] 000704/002435
[A](2020-04-06  04:38:32 am)[008] 작업중 단선(AWF Feed Motor Stop )
[I](2020-04-06  04:38:32 am)작업중 Wire 단선 [d:414][t:07:33:43]
[I](2020-04-06  04:38:45 am)작업 재시작
[I](2020-04-06  04:38:50 am)작업중 정지 [d:415][t:07:34:01]
[I](2020-04-06  04:38:50 am)    [LNo:0004] 000705/002435
[I](2020-04-06  04:38:50 am)작업중 M코드정지 [d:415][t:07:34:01]
[I](2020-04-06  04:39:29 am)작업중 정지 [d:415][t:07:34:40]
[I](2020-04-06  04:39:29 am)    [LNo:0004] 000707/002435
[I](2020-04-06  04:39:29 am)작업중 M코드정지 [d:415][t:07:34:40]
[I](2020-04-06  05:05:30 am)작업중 정지 [d:439][t:08:00:41]
[I](2020-04-06  05:05:30 am)    [LNo:0004] 000772/002435
[I](2020-04-06  05:05:30 am)작업중 30sec 접촉 정지 [d:439][t:08:00:42]
[I](2020-04-06  05:09:53 am)작업 재시작
[I](2020-04-06  05:09:55 am)작업중 정지 [d:439][t:08:05:07]
[I](2020-04-06  05:09:55 am)    [LNo:0004] 000772/002435
[I](2020-04-06  05:14:09 am)작업 재시작
[I](2020-04-06  05:14:20 am)작업중 정지 [d:439][t:08:09:32]
[I](2020-04-06  05:14:20 am)    [LNo:0004] 000773/002435
[I](2020-04-06  05:14:21 am)작업중 M코드정지 [d:439][t:08:09:32]
[I](2020-04-06  05:17:16 am)작업중 정지 [d:439][t:08:12:28]
[I](2020-04-06  05:17:16 am)    [LNo:0004] 000775/002435
[I](2020-04-06  05:17:16 am)작업중 M코드정지 [d:439][t:08:12:28]
[I](2020-04-06  05:36:01 am)작업중 정지 [d:457][t:08:31:13]
[I](2020-04-06  05:36:01 am)    [LNo:0004] 000856/002435
[I](2020-04-06  05:36:01 am)작업중 M코드정지 [d:457][t:08:31:13]
[I](2020-04-06  05:37:26 am)작업중 정지 [d:457][t:08:32:37]
[I](2020-04-06  05:37:26 am)    [LNo:0004] 000858/002435
[I](2020-04-06  05:37:58 am)작업 재시작
[I](2020-04-06  05:38:02 am)작업중 정지 [d:457][t:08:33:14]
[I](2020-04-06  05:38:02 am)    [LNo:0004] 000860/002435
[I](2020-04-06  05:38:02 am)작업중 M코드정지 [d:457][t:08:33:14]
[I](2020-04-06  06:13:43 am)작업중 정지 [d:490][t:09:08:55]
[I](2020-04-06  06:13:43 am)    [LNo:0004] 000917/002435
[I](2020-04-06  06:13:44 am)작업중 M코드정지 [d:490][t:09:08:55]
[I](2020-04-06  06:16:05 am)작업중 정지 [d:490][t:09:11:17]
[I](2020-04-06  06:16:05 am)    [LNo:0004] 000919/002435
[A](2020-04-06  06:16:05 am)[008] 작업중 단선(AWF Feed Motor Stop )
[I](2020-04-06  06:16:05 am)작업중 Wire 단선 [d:490][t:09:11:17]
[I](2020-04-06  06:17:25 am)작업 재시작
[I](2020-04-06  06:17:27 am)작업중 정지 [d:490][t:09:12:39]
[I](2020-04-06  06:17:27 am)    [LNo:0004] 000921/002435
[I](2020-04-06  06:17:27 am)작업중 M코드정지 [d:490][t:09:12:39]
[I](2020-04-06  06:58:50 am)작업중 정지 [d:530][t:09:54:02]
[I](2020-04-06  06:58:50 am)    [LNo:0004] 000984/002435
[I](2020-04-06  06:58:50 am)작업중 M코드정지 [d:530][t:09:54:02]
[I](2020-04-06  06:59:35 am)작업중 정지 [d:530][t:09:54:46]
[I](2020-04-06  06:59:35 am)    [LNo:0004] 000988/002435
[I](2020-04-06  06:59:35 am)작업중 M코드정지 [d:530][t:09:54:46]
[I](2020-04-06  07:09:39 am)작업중 정지 [d:539][t:10:04:50]
[I](2020-04-06  07:09:39 am)    [LNo:0004] 001029/002435
[I](2020-04-06  07:42:07 am)작업중 정지 [d:570][t:10:37:18]
[I](2020-04-06  07:42:07 am)    [LNo:0004] 001055/002435
[I](2020-04-06  07:42:07 am)작업중 M코드정지 [d:570][t:10:37:18]
[I](2020-04-06  07:42:30 am)작업중 정지 [d:570][t:10:37:41]
[I](2020-04-06  07:42:30 am)    [LNo:0004] 001059/002435
[I](2020-04-06  07:42:30 am)작업중 M코드정지 [d:570][t:10:37:42]
[I](2020-04-06  08:19:08 am)작업중 정지 [d:605][t:11:14:19]
[I](2020-04-06  08:19:08 am)    [LNo:0004] 001138/002435
[I](2020-04-06  08:19:08 am)작업중 M코드정지 [d:605][t:11:14:19]
[I](2020-04-06  08:19:33 am)작업중 정지 [d:605][t:11:14:45]
[I](2020-04-06  08:19:33 am)    [LNo:0004] 001140/002435
[I](2020-04-06  08:20:23 am)작업 재시작
[I](2020-04-06  08:20:28 am)작업중 정지 [d:605][t:11:15:40]
[I](2020-04-06  08:20:28 am)    [LNo:0004] 001142/002435
[I](2020-04-06  08:20:28 am)작업중 M코드정지 [d:605][t:11:15:40]
[I](2020-04-06  08:54:16 am)작업중 정지 [d:634][t:11:49:28]
[I](2020-04-06  08:54:16 am)    [LNo:0004] 001383/002435
[I](2020-04-06  08:54:16 am)작업중 M코드정지 [d:634][t:11:49:28]
[I](2020-04-06  09:02:30 am)작업중 정지 [d:634][t:11:57:42]
[I](2020-04-06  09:02:30 am)    [LNo:0004] 001385/002435
[I](2020-04-06  09:02:59 am)작업 재시작
[I](2020-04-06  09:03:01 am)작업중 정지 [d:634][t:11:58:12]
[I](2020-04-06  09:03:01 am)    [LNo:0004] 001387/002435
[I](2020-04-06  09:03:01 am)작업중 M코드정지 [d:634][t:11:58:12]
[I](2020-04-06  09:04:49 am)작업중 정지 [d:636][t:12:00:01]
[I](2020-04-06  09:04:49 am)    [LNo:0004] 001405/002435
[I](2020-04-06  09:04:49 am)작업중 M코드정지 [d:636][t:12:00:01]
[I](2020-04-06  09:07:26 am)작업중 정지 [d:636][t:12:02:37]
[I](2020-04-06  09:07:26 am)    [LNo:0004] 001412/002435
[A](2020-04-06  09:07:26 am)[009] 자동결선 Error(M20-삽입실패)
[I](2020-04-06  09:14:28 am)작업중 정지 [d:641][t:12:09:39]
[I](2020-04-06  09:14:28 am)    [LNo:0004] 001427/002435
[I](2020-04-06  09:14:28 am)작업중 M코드정지 [d:641][t:12:09:39]
[I](2020-04-06  09:14:57 am)작업중 정지 [d:641][t:12:10:08]
[I](2020-04-06  09:14:57 am)    [LNo:0004] 001429/002435
[I](2020-04-06  09:15:26 am)작업 재시작
[I](2020-04-06  09:15:28 am)작업중 정지 [d:641][t:12:10:40]
[I](2020-04-06  09:15:28 am)    [LNo:0004] 001431/002435
[I](2020-04-06  09:15:28 am)작업중 M코드정지 [d:641][t:12:10:40]
[I](2020-04-06  09:18:30 am)작업중 정지 [d:643][t:12:13:41]
[I](2020-04-06  09:18:30 am)    [LNo:0004] 001460/002435
[I](2020-04-06  09:23:43 am)작업중 정지 [d:647][t:12:18:55]
[I](2020-04-06  09:23:43 am)    [LNo:0004] 001471/002435
[I](2020-04-06  09:23:43 am)작업중 M코드정지 [d:647][t:12:18:55]
[I](2020-04-06  09:24:08 am)작업중 정지 [d:647][t:12:19:20]
[I](2020-04-06  09:24:08 am)    [LNo:0004] 001475/002435
[I](2020-04-06  09:24:08 am)작업중 M코드정지 [d:647][t:12:19:20]
[I](2020-04-06  09:32:28 am)작업중 정지 [d:654][t:12:27:39]
[I](2020-04-06  09:32:28 am)    [LNo:0004] 001515/002435
[I](2020-04-06  09:32:28 am)작업중 M코드정지 [d:654][t:12:27:39]
[I](2020-04-06  09:32:55 am)작업중 정지 [d:654][t:12:28:07]
[I](2020-04-06  09:32:55 am)    [LNo:0004] 001517/002435
[I](2020-04-06  09:33:10 am)작업 재시작
[I](2020-04-06  09:33:15 am)작업중 정지 [d:654][t:12:28:26]
[I](2020-04-06  09:33:15 am)    [LNo:0004] 001519/002435
[I](2020-04-06  09:33:15 am)작업중 M코드정지 [d:654][t:12:28:26]
[I](2020-04-06  09:41:07 am)작업중 정지 [d:661][t:12:36:19]
[I](2020-04-06  09:41:07 am)    [LNo:0004] 001559/002435
[I](2020-04-06  09:41:08 am)작업중 M코드정지 [d:661][t:12:36:19]
[I](2020-04-06  09:41:35 am)작업중 정지 [d:661][t:12:36:47]
[I](2020-04-06  09:41:35 am)    [LNo:0004] 001563/002435
[I](2020-04-06  09:41:35 am)작업중 M코드정지 [d:661][t:12:36:47]
[I](2020-04-06  09:49:51 am)작업중 정지 [d:667][t:12:45:03]
[I](2020-04-06  09:49:51 am)    [LNo:0004] 001603/002435
[I](2020-04-06  09:49:51 am)작업중 M코드정지 [d:667][t:12:45:03]
[I](2020-04-06  09:50:40 am)작업중 정지 [d:667][t:12:45:51]
[I](2020-04-06  09:50:40 am)    [LNo:0004] 001607/002435
[I](2020-04-06  09:50:40 am)작업중 M코드정지 [d:667][t:12:45:51]
[I](2020-04-06  09:57:22 am)작업중 정지 [d:672][t:12:52:34]
[I](2020-04-06  09:57:22 am)    [LNo:0004] 001647/002435
[I](2020-04-06  09:57:22 am)작업중 M코드정지 [d:672][t:12:52:34]
[I](2020-04-06  10:08:09 am)작업중 정지 [d:672][t:13:03:21]
[I](2020-04-06  10:08:09 am)    [LNo:0004] 001651/002435
[I](2020-04-06  10:08:09 am)작업중 M코드정지 [d:672][t:13:03:21]
[I](2020-04-06  10:15:08 am)작업중 정지 [d:677][t:13:10:20]
[I](2020-04-06  10:15:08 am)    [LNo:0004] 001692/002435
[I](2020-04-06  10:15:08 am)작업중 M코드정지 [d:677][t:13:10:20]
[I](2020-04-06  10:16:09 am)작업중 정지 [d:677][t:13:11:20]
[I](2020-04-06  10:16:09 am)    [LNo:0004] 001696/002435
[I](2020-04-06  10:16:09 am)작업중 M코드정지 [d:677][t:13:11:20]
[I](2020-04-06  10:24:05 am)작업중 정지 [d:684][t:13:19:16]
[I](2020-04-06  10:24:05 am)    [LNo:0004] 001737/002435
[I](2020-04-06  10:24:05 am)작업중 M코드정지 [d:684][t:13:19:16]
[I](2020-04-06  10:24:31 am)작업중 정지 [d:684][t:13:19:43]
[I](2020-04-06  10:24:31 am)    [LNo:0004] 001739/002435
[I](2020-04-06  10:25:00 am)작업 재시작
[I](2020-04-06  10:25:04 am)작업중 정지 [d:684][t:13:20:16]
[I](2020-04-06  10:25:04 am)    [LNo:0004] 001741/002435
[I](2020-04-06  10:25:04 am)작업중 M코드정지 [d:684][t:13:20:16]
[I](2020-04-06  10:33:19 am)작업중 정지 [d:691][t:13:28:30]
[I](2020-04-06  10:33:19 am)    [LNo:0004] 001781/002435
[I](2020-04-06  10:33:19 am)작업중 M코드정지 [d:691][t:13:28:30]
[I](2020-04-06  10:33:54 am)작업중 정지 [d:691][t:13:29:06]
[I](2020-04-06  10:33:54 am)    [LNo:0004] 001785/002435
[I](2020-04-06  10:33:54 am)작업중 M코드정지 [d:691][t:13:29:06]
[I](2020-04-06  10:40:54 am)작업중 정지 [d:697][t:13:36:05]
[I](2020-04-06  10:40:54 am)    [LNo:0004] 001825/002435
[I](2020-04-06  10:40:54 am)작업중 M코드정지 [d:697][t:13:36:05]
[I](2020-04-06  10:48:09 am)작업중 정지 [d:697][t:13:43:21]
[I](2020-04-06  10:48:09 am)    [LNo:0004] 001829/002435
[I](2020-04-06  10:48:09 am)작업중 M코드정지 [d:697][t:13:43:21]
[I](2020-04-06  10:54:45 am)작업중 정지 [d:702][t:13:49:57]
[I](2020-04-06  10:54:45 am)    [LNo:0004] 001870/002435
[I](2020-04-06  10:54:45 am)작업중 M코드정지 [d:702][t:13:49:57]
[I](2020-04-06  10:55:17 am)작업중 정지 [d:702][t:13:50:29]
[I](2020-04-06  10:55:17 am)    [LNo:0004] 001872/002435
[I](2020-04-06  10:56:30 am)작업 재시작
[I](2020-04-06  10:56:36 am)작업중 정지 [d:702][t:13:51:47]
[I](2020-04-06  10:56:36 am)    [LNo:0004] 001874/002435
[I](2020-04-06  10:56:36 am)작업중 M코드정지 [d:702][t:13:51:47]
[I](2020-04-06  11:04:17 am)작업중 정지 [d:708][t:13:59:29]
[I](2020-04-06  11:04:17 am)    [LNo:0004] 001915/002435
[I](2020-04-06  11:04:17 am)작업중 M코드정지 [d:708][t:13:59:29]
[I](2020-04-06  11:04:40 am)작업중 정지 [d:708][t:13:59:51]
[I](2020-04-06  11:04:40 am)    [LNo:0004] 001919/002435
[I](2020-04-06  11:04:40 am)작업중 M코드정지 [d:708][t:13:59:51]
[I](2020-04-06  11:11:41 am)작업중 정지 [d:713][t:14:06:53]
[I](2020-04-06  11:11:41 am)    [LNo:0004] 001959/002435
[I](2020-04-06  11:11:41 am)작업중 M코드정지 [d:713][t:14:06:53]
[I](2020-04-06  11:12:11 am)작업중 정지 [d:713][t:14:07:22]
[I](2020-04-06  11:12:11 am)    [LNo:0004] 001963/002435
[I](2020-04-06  11:12:11 am)작업중 M코드정지 [d:713][t:14:07:23]
[I](2020-04-06  11:18:42 am)작업중 정지 [d:718][t:14:13:53]
[I](2020-04-06  11:18:42 am)    [LNo:0004] 002004/002435
[I](2020-04-06  11:18:42 am)작업중 M코드정지 [d:718][t:14:13:53]
[I](2020-04-06  11:24:19 am)작업중 정지 [d:718][t:14:19:31]
[I](2020-04-06  11:24:19 am)    [LNo:0004] 002006/002435
[I](2020-04-06  11:24:34 am)작업 재시작
[I](2020-04-06  11:24:41 am)작업중 정지 [d:718][t:14:19:53]
[I](2020-04-06  11:24:41 am)    [LNo:0004] 002008/002435
[I](2020-04-06  11:24:41 am)작업중 M코드정지 [d:718][t:14:19:53]
[I](2020-04-06  11:38:53 am)작업중 정지 [d:731][t:14:34:05]
[I](2020-04-06  11:38:53 am)    [LNo:0004] 002063/002435
[I](2020-04-06  11:38:53 am)작업중 M코드정지 [d:731][t:14:34:05]
[I](2020-04-06  11:41:23 am)작업중 정지 [d:731][t:14:36:34]
[I](2020-04-06  11:41:23 am)    [LNo:0004] 002065/002435
[I](2020-04-06  11:41:55 am)작업 재시작
[I](2020-04-06  11:42:02 am)작업중 정지 [d:731][t:14:37:13]
[I](2020-04-06  11:42:02 am)    [LNo:0004] 002067/002435
[I](2020-04-06  11:42:02 am)작업중 M코드정지 [d:731][t:14:37:13]
[I](2020-04-06  11:50:27 am)작업중 정지 [d:737][t:14:45:39]
[I](2020-04-06  11:50:27 am)    [LNo:0004] 002118/002435
[I](2020-04-06  11:50:27 am)작업중 M코드정지 [d:737][t:14:45:39]
[I](2020-04-06  11:55:18 am)작업중 정지 [d:737][t:14:50:29]
[I](2020-04-06  11:55:18 am)    [LNo:0004] 002121/002435
[I](2020-04-06  11:55:53 am)작업 재시작
[I](2020-04-06  11:55:54 am)작업중 정지 [d:737][t:14:51:06]
[I](2020-04-06  11:55:54 am)    [LNo:0004] 002122/002435
[I](2020-04-06  11:55:54 am)작업중 M코드정지 [d:737][t:14:51:06]
[I](2020-04-06  12:03:30 pm)작업중 정지 [d:743][t:14:58:42]
[I](2020-04-06  12:03:30 pm)    [LNo:0004] 002163/002435
[I](2020-04-06  12:03:30 pm)작업중 M코드정지 [d:743][t:14:58:42]
[I](2020-04-06  12:03:59 pm)작업중 정지 [d:743][t:14:59:11]
[I](2020-04-06  12:03:59 pm)    [LNo:0004] 002167/002435
[I](2020-04-06  12:03:59 pm)작업중 M코드정지 [d:743][t:14:59:11]
[I](2020-04-06  12:23:59 pm)작업중 정지 [d:762][t:15:19:10]
[I](2020-04-06  12:23:59 pm)    [LNo:0004] 002208/002435
[I](2020-04-06  12:23:59 pm)작업중 M코드정지 [d:762][t:15:19:11]
[I](2020-04-06  12:45:26 pm)작업중 정지 [d:762][t:15:40:37]
[I](2020-04-06  12:45:26 pm)    [LNo:0004] 002211/002435
[I](2020-04-06  12:45:26 pm)작업중 M코드정지 [d:762][t:15:40:37]
[I](2020-04-06  01:12:17 pm)작업중 정지 [d:786][t:16:07:29]
[I](2020-04-06  01:12:17 pm)    [LNo:0004] 002268/002435
[I](2020-04-06  01:12:17 pm)작업중 M코드정지 [d:786][t:16:07:29]
[I](2020-04-06  01:13:08 pm)작업중 정지 [d:786][t:16:08:19]
[I](2020-04-06  01:13:08 pm)    [LNo:0004] 002271/002435
[I](2020-04-06  01:13:08 pm)작업중 M코드정지 [d:786][t:16:08:19]
[I](2020-04-06  01:38:53 pm)작업중 정지 [d:811][t:16:34:05]
[I](2020-04-06  01:38:53 pm)    [LNo:0004] 002328/002435
[I](2020-04-06  01:38:53 pm)작업중 M코드정지 [d:811][t:16:34:05]
[I](2020-04-06  01:40:58 pm)작업중 정지 [d:811][t:16:36:09]
[I](2020-04-06  01:40:58 pm)    [LNo:0004] 002329/002435
[I](2020-04-06  01:41:32 pm)작업 재시작
[I](2020-04-06  01:41:38 pm)작업중 정지 [d:811][t:16:36:49]
[I](2020-04-06  01:41:38 pm)    [LNo:0004] 002331/002435
[I](2020-04-06  01:41:38 pm)작업중 M코드정지 [d:811][t:16:36:49]
[I](2020-04-06  01:59:45 pm)작업중 정지 [d:828][t:16:54:56]
[I](2020-04-06  01:59:45 pm)    [LNo:0004] 002387/002435
[A](2020-04-06  02:02:09 pm)[032] 자동결선 상부 센서 WIRE CONTACT!!
[I](2020-04-06  02:04:29 pm)작업 재시작
[I](2020-04-06  02:11:54 pm)작업중 정지 [d:836][t:17:07:05]
[I](2020-04-06  02:11:54 pm)    [LNo:0004] 002390/002435
[I](2020-04-06  02:11:54 pm)작업중 M코드정지 [d:836][t:17:07:05]
[I](2020-04-06  02:13:19 pm)작업중 정지 [d:836][t:17:08:31]
[I](2020-04-06  02:13:19 pm)    [LNo:0004] 002391/002435
[I](2020-04-06  02:13:56 pm)작업 재시작
[I](2020-04-06  02:14:02 pm)작업중 정지 [d:836][t:17:09:13]
[I](2020-04-06  02:14:02 pm)    [LNo:0004] 002393/002435
[I](2020-04-06  02:14:02 pm)작업중 M코드정지 [d:836][t:17:09:13]
[I](2020-04-06  02:14:21 pm)작업중 정지 [d:836][t:17:09:33]
[I](2020-04-06  02:14:21 pm)    [LNo:0004] 002395/002435
[I](2020-04-06  02:14:26 pm)작업 재시작
[I](2020-04-06  02:14:29 pm)작업중 정지 [d:836][t:17:09:41]
[I](2020-04-06  02:14:29 pm)    [LNo:0004] 002399/002435
[I](2020-04-06  02:22:25 pm)작업중 정지 [d:843][t:17:17:36]
[I](2020-04-06  02:22:25 pm)    [LNo:0004] 002431/002435
[I](2020-04-06  02:22:25 pm)작업중 M코드정지 [d:843][t:17:17:36]
[A](2020-04-06  02:33:53 pm)[032] 자동결선 상부 센서 WIRE CONTACT!!
[I](2020-04-06  02:35:01 pm)Reset
[I](2020-04-06  02:35:04 pm)Reset
[I](2020-04-06  02:35:08 pm)Reset
[I](2020-04-06  02:36:53 pm)Reset
[I](2020-04-06  02:37:36 pm)Reset
[I](2020-04-06  02:39:37 pm)Reset
[I](2020-04-06  02:42:07 pm)Reset
[I](2020-04-06  02:42:41 pm)Reset
[I](2020-04-06  02:42:41 pm)Reset
[I](2020-04-06  02:43:14 pm)Reset
[I](2020-04-06  02:43:14 pm)Reset
[I](2020-04-06  02:43:56 pm)Reset
[I](2020-04-06  02:44:21 pm)Reset
[I](2020-04-06  02:45:22 pm)Reset
[I](2020-04-06  02:46:00 pm)Reset
[I](2020-04-06  02:46:01 pm)Reset
[I](2020-04-06  02:46:19 pm)Reset
[I](2020-04-06  02:47:30 pm)작업 시작 [Start d:843]
[I](2020-04-06  02:47:30 pm)Nc File: [No.0001-300.NC]
[I](2020-04-06  02:47:30 pm)  * Start Machine Position
[I](2020-04-06  02:47:30 pm)    X:    400.5685
[I](2020-04-06  02:47:30 pm)    Y:   -365.6061
[I](2020-04-06  02:47:30 pm)    U:     -0.1456
[I](2020-04-06  02:47:30 pm)    V:      0.2145
[I](2020-04-06  02:47:30 pm)    Z:     79.9967
[I](2020-04-06  02:47:30 pm)  * Angle
[I](2020-04-06  02:47:30 pm)    Ar:      0.1852,Kr:      0.0000
[I](2020-04-06  02:47:30 pm)    Taper_Ar:      0.0000
[I](2020-04-06  02:47:41 pm)작업중 정지 [d:0][t:00:00:11]
[I](2020-04-06  02:47:41 pm)    [LNo:0001] 000010/000118
[I](2020-04-06  02:47:41 pm)작업중 M코드정지 [d:0][t:00:00:11]
[I](2020-04-06  02:55:36 pm)작업중 정지 [d:6][t:00:08:06]
[I](2020-04-06  02:55:36 pm)    [LNo:0001] 000030/000118
[I](2020-04-06  02:55:36 pm)작업중 M코드정지 [d:6][t:00:08:06]
[I](2020-04-06  02:55:50 pm)작업중 정지 [d:7][t:00:08:20]
[I](2020-04-06  02:55:50 pm)    [LNo:0001] 000032/000118
[I](2020-04-06  02:55:50 pm)작업중 M코드정지 [d:7][t:00:08:20]
[I](2020-04-06  02:58:19 pm)작업중 정지 [d:9][t:00:10:49]
[I](2020-04-06  02:58:19 pm)    [LNo:0001] 000056/000118
[I](2020-04-06  02:58:19 pm)작업중 M코드정지 [d:9][t:00:10:49]
[A](2020-04-06  02:59:11 pm)[033] 자동결선 회수 롤러 WIRE CONTACT!!
[I](2020-04-06  02:59:11 pm)작업중 정지 [d:9][t:00:11:41]
[I](2020-04-06  02:59:11 pm)    [LNo:0001] 000062/000118
[A](2020-04-06  02:59:11 pm)[009] 자동결선 Error(M20-삽입실패)
[I](2020-04-06  03:04:24 pm)작업중 정지 [d:13][t:00:16:54]
[I](2020-04-06  03:04:24 pm)    [LNo:0001] 000081/000118
[I](2020-04-06  03:04:24 pm)작업중 M코드정지 [d:13][t:00:16:54]
[I](2020-04-06  03:04:36 pm)작업중 정지 [d:13][t:00:17:06]
[I](2020-04-06  03:04:36 pm)    [LNo:0001] 000083/000118
[I](2020-04-06  03:04:36 pm)작업중 M코드정지 [d:13][t:00:17:06]
[I](2020-04-06  03:07:16 pm)작업중 정지 [d:15][t:00:19:46]
[I](2020-04-06  03:07:16 pm)    [LNo:0001] 000109/000118
[I](2020-04-06  03:07:16 pm)작업중 M코드정지 [d:15][t:00:19:46]
[I](2020-04-06  03:08:32 pm)Reset
[I](2020-04-06  03:09:02 pm)Reset
[I](2020-04-06  03:09:05 pm)Reset
[I](2020-04-06  03:13:20 pm)Reset
[I](2020-04-06  03:13:37 pm)Reset
[I](2020-04-06  03:15:39 pm)Reset
[I](2020-04-06  03:15:44 pm)Reset
[I](2020-04-06  03:16:13 pm)Reset
[I](2020-04-06  03:16:17 pm)Reset
[I](2020-04-06  03:17:51 pm)작업 시작 [Start d:858]
[I](2020-04-06  03:17:51 pm)Nc File: [No.0002-299.NC]
[I](2020-04-06  03:17:51 pm)  * Start Machine Position
[I](2020-04-06  03:17:51 pm)    X:      6.1053
[I](2020-04-06  03:17:51 pm)    Y:   -325.3606
[I](2020-04-06  03:17:51 pm)    U:      0.0000
[I](2020-04-06  03:17:51 pm)    V:      0.0000
[I](2020-04-06  03:17:51 pm)    Z:     25.4092
[I](2020-04-06  03:17:51 pm)  * Angle
[I](2020-04-06  03:17:51 pm)    Ar:      0.1316,Kr:      0.0000
[I](2020-04-06  03:17:51 pm)    Taper_Ar:      0.0000
[I](2020-04-06  03:42:33 pm)작업중 정지 [d:24][t:00:24:41]
[I](2020-04-06  03:42:33 pm)    [LNo:0002] 000064/000144
[I](2020-04-06  03:42:33 pm)작업중 M코드정지 [d:24][t:00:24:42]
[I](2020-04-06  03:42:49 pm)작업중 정지 [d:25][t:00:24:57]
[I](2020-04-06  03:42:49 pm)    [LNo:0002] 000065/000144
[I](2020-04-06  03:42:49 pm)Wire Contact Auto Stop(M52)
[I](2020-04-06  03:44:15 pm)Reset
[I](2020-04-06  03:44:18 pm)Reset
[I](2020-04-06  03:44:29 pm)작업 시작 [Start d:883]
[I](2020-04-06  03:44:29 pm)Nc File: [No.0002-299.NC]
[I](2020-04-06  03:44:29 pm)  * Start Machine Position
[I](2020-04-06  03:44:29 pm)    X:     16.9833
[I](2020-04-06  03:44:29 pm)    Y:   -325.3357
[I](2020-04-06  03:44:29 pm)    U:      0.0000
[I](2020-04-06  03:44:29 pm)    V:      0.0000
[I](2020-04-06  03:44:29 pm)    Z:     25.4092
[I](2020-04-06  03:44:29 pm)  * Angle
[I](2020-04-06  03:44:29 pm)    Ar:      0.1316,Kr:      0.0000
[I](2020-04-06  03:44:29 pm)    Taper_Ar:      0.0000
[I](2020-04-06  03:45:54 pm)작업중 정지 [d:2][t:00:01:24]
[I](2020-04-06  03:45:54 pm)    [LNo:0002] 000016/000144
[I](2020-04-06  03:45:55 pm)Reset
[I](2020-04-06  03:46:01 pm)Reset
[I](2020-04-06  03:46:05 pm)Reset
[I](2020-04-06  03:46:23 pm)작업 시작 [Start d:885]
[I](2020-04-06  03:46:23 pm)Nc File: [No.0002-299.NC]
[I](2020-04-06  03:46:23 pm)  * Start Machine Position
[I](2020-04-06  03:46:23 pm)    X:     19.3043
[I](2020-04-06  03:46:23 pm)    Y:   -325.3304
[I](2020-04-06  03:46:23 pm)    U:      0.0000
[I](2020-04-06  03:46:23 pm)    V:      0.0000
[I](2020-04-06  03:46:23 pm)    Z:     25.4092
[I](2020-04-06  03:46:23 pm)  * Angle
[I](2020-04-06  03:46:23 pm)    Ar:      0.1316,Kr:      0.0000
[I](2020-04-06  03:46:23 pm)    Taper_Ar:      0.0000
[I](2020-04-06  03:46:23 pm)작업중 정지 [d:0][t:00:00:00]
[I](2020-04-06  03:46:23 pm)    [LNo:0002] 000074/000144
[I](2020-04-06  03:46:23 pm)작업중 Single Block Stop [d:0][t:00:00:00]
[I](2020-04-06  03:47:38 pm)Reset
[I](2020-04-06  03:47:54 pm)작업 시작 [Start d:885]
[I](2020-04-06  03:47:54 pm)Nc File: [No.0002-299.NC]
[I](2020-04-06  03:47:54 pm)  * Start Machine Position
[I](2020-04-06  03:47:54 pm)    X:     19.2044
[I](2020-04-06  03:47:54 pm)    Y:   -325.3306
[I](2020-04-06  03:47:55 pm)    U:      0.0000
[I](2020-04-06  03:47:55 pm)    V:      0.0000
[I](2020-04-06  03:47:55 pm)    Z:     25.4092
[I](2020-04-06  03:47:55 pm)  * Angle
[I](2020-04-06  03:47:55 pm)    Ar:      0.1316,Kr:      0.0000
[I](2020-04-06  03:47:55 pm)    Taper_Ar:      0.0000
[I](2020-04-06  04:04:16 pm)작업중 정지 [d:16][t:00:16:21]
[I](2020-04-06  04:04:16 pm)    [LNo:0002] 000109/000144
[I](2020-04-06  04:04:16 pm)작업중 30sec 접촉 정지 [d:16][t:00:16:21]
[I](2020-04-06  04:04:46 pm)작업 재시작
[I](2020-04-06  04:13:32 pm)작업중 정지 [d:24][t:00:25:37]
[I](2020-04-06  04:13:32 pm)    [LNo:0002] 000132/000144
[I](2020-04-06  04:13:32 pm)작업중 M코드정지 [d:24][t:00:25:37]
[I](2020-04-06  04:14:12 pm)작업중 정지 [d:24][t:00:26:17]
[I](2020-04-06  04:14:12 pm)    [LNo:0002] 000133/000144
[I](2020-04-06  04:14:12 pm)Wire Contact Auto Stop(M52)
[I](2020-04-06  04:18:36 pm)Reset
[I](2020-04-06  04:19:25 pm)Reset
[I](2020-04-06  04:20:47 pm)Reset
[I](2020-04-06  04:20:50 pm)Reset
[I](2020-04-06  04:20:53 pm)Reset
[I](2020-04-06  04:26:36 pm)Reset
[I](2020-04-06  04:28:04 pm)Reset
[I](2020-04-06  04:39:02 pm)Reset
[I](2020-04-06  04:39:03 pm)Reset
[I](2020-04-06  04:42:14 pm)Reset
[I](2020-04-06  04:45:05 pm)Reset
[I](2020-04-06  04:46:40 pm)Reset
[I](2020-04-06  04:47:15 pm)Reset
[I](2020-04-06  04:47:20 pm)Reset
[I](2020-04-06  04:47:24 pm)Reset
[I](2020-04-06  04:51:16 pm)작업 시작 [Start d:909]
[I](2020-04-06  04:51:16 pm)Nc File: [No.0007-306.NC]
[I](2020-04-06  04:51:16 pm)  * Start Machine Position
[I](2020-04-06  04:51:16 pm)    X:    158.9505
[I](2020-04-06  04:51:16 pm)    Y:   -325.4016
[I](2020-04-06  04:51:16 pm)    U:      0.0000
[I](2020-04-06  04:51:16 pm)    V:      0.0000
[I](2020-04-06  04:51:16 pm)    Z:     25.7432
[I](2020-04-06  04:51:16 pm)  * Angle
[I](2020-04-06  04:51:16 pm)    Ar:     -0.1060,Kr:      0.0000
[I](2020-04-06  04:51:16 pm)    Taper_Ar:      0.0000
[I](2020-04-06  04:51:18 pm)작업중 정지 [d:0][t:00:00:01]
[I](2020-04-06  04:51:18 pm)    [LNo:0007] 000007/000303
[I](2020-04-06  04:51:35 pm)작업중 정지 [d:0][t:00:00:18]
[I](2020-04-06  04:51:35 pm)    [LNo:0007] 000020/000303
[I](2020-04-06  04:51:35 pm)작업중 M코드정지 [d:0][t:00:00:18]
[I](2020-04-06  04:51:36 pm)작업중 정지 [d:0][t:00:00:19]
[I](2020-04-06  04:51:36 pm)    [LNo:0007] 000023/000303
[I](2020-04-06  04:51:36 pm)작업중 M코드정지 [d:0][t:00:00:19]
[I](2020-04-06  04:51:39 pm)작업중 정지 [d:0][t:00:00:23]
[I](2020-04-06  04:51:39 pm)    [LNo:0007] 000025/000303
[I](2020-04-06  04:51:40 pm)작업중 M코드정지 [d:0][t:00:00:23]
[I](2020-04-06  04:52:26 pm)Reset
[I](2020-04-06  04:52:26 pm)Reset
[I](2020-04-06  04:52:49 pm)작업 시작 [Start d:909]
[I](2020-04-06  04:52:49 pm)Nc File: [No.0007-306.NC *]
[I](2020-04-06  04:52:49 pm)  * Start Machine Position
[I](2020-04-06  04:52:49 pm)    X:    158.9505
[I](2020-04-06  04:52:49 pm)    Y:   -325.4016
[I](2020-04-06  04:52:49 pm)    U:      0.0000
[I](2020-04-06  04:52:49 pm)    V:      0.0000
[I](2020-04-06  04:52:49 pm)    Z:     25.7432
[I](2020-04-06  04:52:49 pm)  * Angle
[I](2020-04-06  04:52:49 pm)    Ar:     -0.1060,Kr:      0.0000
[I](2020-04-06  04:52:49 pm)    Taper_Ar:      0.0000
[I](2020-04-06  04:53:12 pm)작업중 정지 [d:0][t:00:00:23]
[I](2020-04-06  04:53:12 pm)    [LNo:0007] 000020/000302
[I](2020-04-06  04:53:13 pm)작업중 M코드정지 [d:0][t:00:00:23]
[I](2020-04-06  04:53:15 pm)작업중 정지 [d:0][t:00:00:25]
[I](2020-04-06  04:53:15 pm)    [LNo:0007] 000023/000302
[I](2020-04-06  04:53:15 pm)작업중 M코드정지 [d:0][t:00:00:25]
[I](2020-04-06  04:53:18 pm)작업중 정지 [d:0][t:00:00:29]
[I](2020-04-06  04:53:18 pm)    [LNo:0007] 000025/000302
[I](2020-04-06  04:53:18 pm)작업중 M코드정지 [d:0][t:00:00:29]
[I](2020-04-06  04:58:21 pm)작업중 정지 [d:5][t:00:05:32]
[I](2020-04-06  04:58:21 pm)    [LNo:0007] 000048/000302
[I](2020-04-06  04:58:21 pm)작업중 M코드정지 [d:5][t:00:05:32]
[I](2020-04-06  05:00:29 pm)작업중 정지 [d:5][t:00:07:40]
[I](2020-04-06  05:00:29 pm)    [LNo:0007] 000051/000302
[I](2020-04-06  05:00:29 pm)작업중 M코드정지 [d:5][t:00:07:40]
[I](2020-04-06  05:03:55 pm)작업중 정지 [d:9][t:00:11:06]
[I](2020-04-06  05:03:55 pm)    [LNo:0007] 000070/000302
[I](2020-04-06  05:03:55 pm)작업중 M코드정지 [d:9][t:00:11:06]
[I](2020-04-06  05:10:45 pm)작업중 정지 [d:13][t:00:17:55]
[I](2020-04-06  05:10:45 pm)    [LNo:0007] 000092/000302
[I](2020-04-06  05:10:45 pm)작업중 M코드정지 [d:13][t:00:17:55]
[I](2020-04-06  05:11:27 pm)작업중 정지 [d:13][t:00:18:37]
[I](2020-04-06  05:11:27 pm)    [LNo:0007] 000096/000302
[I](2020-04-06  05:11:27 pm)작업중 M코드정지 [d:13][t:00:18:37]
[I](2020-04-06  05:21:11 pm)작업중 정지 [d:21][t:00:28:22]
[I](2020-04-06  05:21:11 pm)    [LNo:0007] 000136/000302
[I](2020-04-06  05:21:44 pm)작업 재시작
[I](2020-04-06  05:21:56 pm)작업중 정지 [d:22][t:00:29:07]
[I](2020-04-06  05:21:56 pm)    [LNo:0007] 000137/000302
[I](2020-04-06  05:21:56 pm)작업중 M코드정지 [d:22][t:00:29:07]
[I](2020-04-06  05:22:17 pm)작업중 정지 [d:22][t:00:29:27]
[I](2020-04-06  05:22:17 pm)    [LNo:0007] 000141/000302
[I](2020-04-06  05:22:17 pm)작업중 M코드정지 [d:22][t:00:29:27]
[I](2020-04-06  05:31:38 pm)작업중 정지 [d:29][t:00:38:48]
[I](2020-04-06  05:31:38 pm)    [LNo:0007] 000182/000302
[I](2020-04-06  05:31:38 pm)작업중 M코드정지 [d:29][t:00:38:48]
[I](2020-04-06  05:32:00 pm)작업중 정지 [d:29][t:00:39:11]
[I](2020-04-06  05:32:00 pm)    [LNo:0007] 000186/000302
[I](2020-04-06  05:32:00 pm)작업중 M코드정지 [d:29][t:00:39:11]
[A](2020-04-06  05:32:34 pm)[001] 와이어 미동작
[I](2020-04-06  05:41:52 pm)작업중 정지 [d:38][t:00:49:02]
[I](2020-04-06  05:41:52 pm)    [LNo:0007] 000227/000302
[I](2020-04-06  05:41:52 pm)작업중 M코드정지 [d:38][t:00:49:02]
[I](2020-04-06  05:42:32 pm)작업중 정지 [d:38][t:00:49:42]
[I](2020-04-06  05:42:32 pm)    [LNo:0007] 000231/000302
[I](2020-04-06  05:42:32 pm)작업중 M코드정지 [d:38][t:00:49:42]
[I](2020-04-06  05:51:56 pm)작업중 정지 [d:47][t:00:59:06]
[I](2020-04-06  05:51:56 pm)    [LNo:0007] 000273/000302
[I](2020-04-06  05:51:56 pm)작업중 M코드정지 [d:47][t:00:59:06]
[I](2020-04-06  05:52:53 pm)작업중 정지 [d:47][t:01:00:03]
[I](2020-04-06  05:52:53 pm)    [LNo:0007] 000276/000302
[I](2020-04-06  05:52:53 pm)작업중 M코드정지 [d:47][t:01:00:03]
[I](2020-04-06  05:57:21 pm)작업중 정지 [d:50][t:01:04:31]
[I](2020-04-06  05:57:21 pm)    [LNo:0007] 000299/000302
[I](2020-04-06  05:57:21 pm)작업중 M코드정지 [d:50][t:01:04:31]
[I](2020-04-06  05:57:24 pm)Reset
[I](2020-04-06  05:57:58 pm)작업 시작 [Start d:959]
[I](2020-04-06  05:57:58 pm)Nc File: [No.0007-306.NC *]
[I](2020-04-06  05:57:58 pm)  * Start Machine Position
[I](2020-04-06  05:57:58 pm)    X:    158.9505
[I](2020-04-06  05:57:58 pm)    Y:   -325.4016
[I](2020-04-06  05:57:58 pm)    U:      0.0000
[I](2020-04-06  05:57:58 pm)    V:      0.0000
[I](2020-04-06  05:57:58 pm)    Z:     25.7432
[I](2020-04-06  05:57:58 pm)  * Angle
[I](2020-04-06  05:57:58 pm)    Ar:     -0.1060,Kr:      0.0000
[I](2020-04-06  05:57:58 pm)    Taper_Ar:      0.0000
[I](2020-04-06  05:57:59 pm)작업중 정지 [d:0][t:00:00:01]
[I](2020-04-06  05:57:59 pm)    [LNo:0007] 000007/000302
[I](2020-04-06  05:58:10 pm)작업중 정지 [d:0][t:00:00:12]
[I](2020-04-06  05:58:10 pm)    [LNo:0007] 000031/000302
[A](2020-04-06  05:58:13 pm)[036] 자동결선 절단 공정 실패!!
[I](2020-04-06  05:58:48 pm)Reset
[I](2020-04-06  06:00:52 pm)Reset
[I](2020-04-06  06:00:52 pm)Reset
[I](2020-04-06  06:00:54 pm)Reset
[I](2020-04-06  06:00:59 pm)작업 시작 [Start d:959]
[I](2020-04-06  06:00:59 pm)Nc File: [No.0007-306.NC *]
[I](2020-04-06  06:00:59 pm)  * Start Machine Position
[I](2020-04-06  06:00:59 pm)    X:    159.5837
[I](2020-04-06  06:00:59 pm)    Y:   -326.9117
[I](2020-04-06  06:00:59 pm)    U:      0.0000
[I](2020-04-06  06:00:59 pm)    V:      0.0000
[I](2020-04-06  06:00:59 pm)    Z:     25.7432
[I](2020-04-06  06:00:59 pm)  * Angle
[I](2020-04-06  06:00:59 pm)    Ar:     -0.1060,Kr:      0.0000
[I](2020-04-06  06:00:59 pm)    Taper_Ar:      0.0000
[I](2020-04-06  06:01:00 pm)작업중 정지 [d:0][t:00:00:00]
[I](2020-04-06  06:01:00 pm)    [LNo:0007] 000010/000135
[I](2020-04-06  06:02:50 pm)작업중 정지 [d:1][t:00:01:50]
[I](2020-04-06  06:02:50 pm)    [LNo:0007] 000032/000135
[A](2020-04-06  06:02:50 pm)[001] 와이어 미동작
[I](2020-04-06  06:05:04 pm)작업중 정지 [d:2][t:00:04:04]
[I](2020-04-06  06:05:04 pm)    [LNo:0007] 000054/000135
[A](2020-04-06  06:05:04 pm)[001] 와이어 미동작
[I](2020-04-06  06:07:15 pm)작업중 정지 [d:2][t:00:06:15]
[I](2020-04-06  06:07:15 pm)    [LNo:0007] 000076/000135
[A](2020-04-06  06:07:15 pm)[001] 와이어 미동작
[I](2020-04-06  06:09:22 pm)작업중 정지 [d:2][t:00:08:22]
[I](2020-04-06  06:09:22 pm)    [LNo:0007] 000096/000135
[A](2020-04-06  06:09:22 pm)[001] 와이어 미동작
[I](2020-04-06  06:11:56 pm)작업중 정지 [d:3][t:00:10:56]
[I](2020-04-06  06:11:56 pm)    [LNo:0007] 000117/000135
[A](2020-04-06  06:11:56 pm)[001] 와이어 미동작
[I](2020-04-06  06:14:33 pm)작업중 정지 [d:4][t:00:13:33]
[I](2020-04-06  06:14:33 pm)    [LNo:0007] 000133/000135
[I](2020-04-06  06:14:33 pm)작업중 M코드정지 [d:4][t:00:13:33]
[I](2020-04-06  06:24:54 pm)Reset
[I](2020-04-06  06:25:01 pm)Reset
[I](2020-04-06  06:25:01 pm)Reset
[I](2020-04-06  06:27:50 pm)Reset
[I](2020-04-06  06:30:00 pm)Reset
[I](2020-04-06  06:30:44 pm)Reset
[A](2020-04-06  06:31:03 pm)[037] 자동결선 잔여 WIRE 처리 실패!!
[I](2020-04-06  06:31:19 pm)Reset
[I](2020-04-06  06:31:36 pm)작업 시작 [Start d:963]
[I](2020-04-06  06:31:36 pm)Nc File: [No.0006-296.NC]
[I](2020-04-06  06:31:36 pm)  * Start Machine Position
[I](2020-04-06  06:31:36 pm)    X:    354.5825
[I](2020-04-06  06:31:36 pm)    Y:   -356.5497
[I](2020-04-06  06:31:36 pm)    U:      0.0000
[I](2020-04-06  06:31:36 pm)    V:      0.0000
[I](2020-04-06  06:31:36 pm)    Z:     25.4792
[I](2020-04-06  06:31:36 pm)  * Angle
[I](2020-04-06  06:31:36 pm)    Ar:      0.0202,Kr:      0.0000
[I](2020-04-06  06:31:36 pm)    Taper_Ar:      0.0000
[I](2020-04-06  08:52:20 pm)작업중 정지 [d:140][t:02:20:43]
[I](2020-04-06  08:52:20 pm)    [LNo:0006] 000072/000548
[I](2020-04-06  08:52:20 pm)작업중 M코드정지 [d:140][t:02:20:43]
[I](2020-04-06  08:55:26 pm)작업중 정지 [d:140][t:02:23:50]
[I](2020-04-06  08:55:26 pm)    [LNo:0006] 000075/000548
[I](2020-04-06  08:55:26 pm)작업중 M코드정지 [d:140][t:02:23:50]
[I](2020-04-06  09:40:23 pm)작업중 정지 [d:182][t:03:08:47]
[I](2020-04-06  09:40:23 pm)    [LNo:0006] 000146/000548
[I](2020-04-06  09:40:23 pm)작업중 M코드정지 [d:182][t:03:08:47]
[I](2020-04-06  09:41:55 pm)작업중 정지 [d:182][t:03:10:18]
[I](2020-04-06  09:41:55 pm)    [LNo:0006] 000148/000548
[I](2020-04-06  09:42:43 pm)작업 재시작
[I](2020-04-06  09:42:46 pm)작업중 정지 [d:183][t:03:11:10]
[I](2020-04-06  09:42:46 pm)    [LNo:0006] 000150/000548
[I](2020-04-06  09:42:46 pm)작업중 M코드정지 [d:183][t:03:11:10]
[I](2020-04-06  09:44:59 pm)작업중 정지 [d:185][t:03:13:23]
[I](2020-04-06  09:44:59 pm)    [LNo:0006] 000169/000548
[I](2020-04-06  09:44:59 pm)작업중 M코드정지 [d:185][t:03:13:23]
[I](2020-04-06  09:51:47 pm)작업중 정지 [d:190][t:03:20:11]
[I](2020-04-06  09:51:47 pm)    [LNo:0006] 000190/000548
[I](2020-04-06  09:51:47 pm)작업중 M코드정지 [d:190][t:03:20:11]
[I](2020-04-06  09:52:09 pm)작업중 정지 [d:190][t:03:20:33]
[I](2020-04-06  09:52:09 pm)    [LNo:0006] 000192/000548
[I](2020-04-06  09:52:40 pm)작업 재시작
[I](2020-04-06  09:52:42 pm)작업중 정지 [d:190][t:03:21:06]
[I](2020-04-06  09:52:42 pm)    [LNo:0006] 000194/000548
[I](2020-04-06  09:52:42 pm)작업중 M코드정지 [d:190][t:03:21:06]
[I](2020-04-06  09:54:35 pm)작업중 정지 [d:191][t:03:22:59]
[I](2020-04-06  09:54:35 pm)    [LNo:0006] 000212/000548
[I](2020-04-06  09:54:35 pm)작업중 M코드정지 [d:191][t:03:22:59]
[I](2020-04-06  10:13:15 pm)작업중 정지 [d:208][t:03:41:38]
[I](2020-04-06  10:13:15 pm)    [LNo:0006] 000235/000548
[I](2020-04-06  10:13:15 pm)작업중 M코드정지 [d:208][t:03:41:39]
[I](2020-04-06  10:13:43 pm)작업중 정지 [d:208][t:03:42:07]
[I](2020-04-06  10:13:43 pm)    [LNo:0006] 000238/000548
[I](2020-04-06  10:13:43 pm)작업중 M코드정지 [d:208][t:03:42:07]
[I](2020-04-06  10:39:55 pm)작업중 정지 [d:232][t:04:08:19]
[I](2020-04-06  10:39:55 pm)    [LNo:0006] 000295/000548
[I](2020-04-06  10:39:55 pm)작업중 M코드정지 [d:232][t:04:08:19]
[I](2020-04-06  10:40:21 pm)작업중 정지 [d:232][t:04:08:45]
[I](2020-04-06  10:40:21 pm)    [LNo:0006] 000296/000548
[I](2020-04-06  10:40:50 pm)작업 재시작
[I](2020-04-06  10:40:54 pm)작업중 정지 [d:232][t:04:09:18]
[I](2020-04-06  10:40:54 pm)    [LNo:0006] 000298/000548
[I](2020-04-06  10:40:54 pm)작업중 M코드정지 [d:232][t:04:09:18]
[I](2020-04-06  10:54:38 pm)작업중 정지 [d:243][t:04:23:02]
[I](2020-04-06  10:54:38 pm)    [LNo:0006] 000354/000548
[I](2020-04-06  10:54:38 pm)작업중 M코드정지 [d:243][t:04:23:02]
[I](2020-04-06  10:55:16 pm)작업중 정지 [d:243][t:04:23:39]
[I](2020-04-06  10:55:16 pm)    [LNo:0006] 000356/000548
[I](2020-04-06  10:55:54 pm)작업 재시작
[I](2020-04-06  10:55:57 pm)작업중 정지 [d:243][t:04:24:21]
[I](2020-04-06  10:55:57 pm)    [LNo:0006] 000358/000548
[I](2020-04-06  10:55:57 pm)작업중 M코드정지 [d:243][t:04:24:21]
[I](2020-04-06  11:04:36 pm)작업중 정지 [d:250][t:04:32:59]
[I](2020-04-06  11:04:36 pm)    [LNo:0006] 000398/000548
[I](2020-04-06  11:04:36 pm)작업중 M코드정지 [d:250][t:04:32:59]
[I](2020-04-06  11:05:29 pm)작업중 정지 [d:250][t:04:33:53]
[I](2020-04-06  11:05:29 pm)    [LNo:0006] 000400/000548
[I](2020-04-06  11:06:02 pm)작업 재시작
[I](2020-04-06  11:06:05 pm)작업중 정지 [d:250][t:04:34:29]
[I](2020-04-06  11:06:05 pm)    [LNo:0006] 000402/000548
[I](2020-04-06  11:06:05 pm)작업중 M코드정지 [d:250][t:04:34:29]
[I](2020-04-06  11:26:00 pm)작업중 정지 [d:269][t:04:54:23]
[I](2020-04-06  11:26:00 pm)    [LNo:0006] 000443/000548
[I](2020-04-06  11:26:00 pm)작업중 M코드정지 [d:269][t:04:54:23]
[I](2020-04-06  11:27:50 pm)작업중 정지 [d:270][t:04:56:14]
[I](2020-04-06  11:27:50 pm)    [LNo:0006] 000444/000548
[I](2020-04-06  11:28:25 pm)작업 재시작
[I](2020-04-06  11:28:29 pm)작업중 정지 [d:270][t:04:56:52]
[I](2020-04-06  11:28:29 pm)    [LNo:0006] 000446/000548
[I](2020-04-06  11:28:29 pm)작업중 M코드정지 [d:270][t:04:56:52]
[I](2020-04-06  11:53:27 pm)작업중 정지 [d:294][t:05:21:50]
[I](2020-04-06  11:53:27 pm)    [LNo:0006] 000503/000548
[I](2020-04-06  11:53:27 pm)작업중 M코드정지 [d:294][t:05:21:51]
[I](2020-04-06  11:54:12 pm)작업중 정지 [d:294][t:05:22:35]
[I](2020-04-06  11:54:12 pm)    [LNo:0006] 000504/000548
[I](2020-04-06  11:54:43 pm)작업 재시작
[I](2020-04-06  11:54:47 pm)작업중 정지 [d:295][t:05:23:11]
[I](2020-04-06  11:54:47 pm)    [LNo:0006] 000506/000548
[I](2020-04-06  11:54:47 pm)작업중 M코드정지 [d:295][t:05:23:11]
