[I](2020-07-05  09:30:46 am)작업중 정지 [d:143][t:12:35:48]
[I](2020-07-05  09:30:46 am)    [LNo:0007] 000182/000652
[I](2020-07-05  09:30:46 am)Wire Contact Auto Stop(M52)
[I](2020-07-05  09:31:26 am)작업 재시작
[I](2020-07-05  09:31:39 am)작업중 정지 [d:143][t:12:36:41]
[I](2020-07-05  09:31:39 am)    [LNo:0007] 000182/000652
[I](2020-07-05  09:32:34 am)작업 재시작
[I](2020-07-05  09:32:44 am)작업중 정지 [d:143][t:12:37:46]
[I](2020-07-05  09:32:44 am)    [LNo:0007] 000183/000652
[I](2020-07-05  09:32:44 am)작업중 M코드정지 [d:143][t:12:37:46]
[I](2020-07-05  09:34:00 am)작업중 정지 [d:143][t:12:39:02]
[I](2020-07-05  09:34:00 am)    [LNo:0007] 000201/000652
[I](2020-07-05  09:34:12 am)Reset
[I](2020-07-05  09:34:12 am)Reset
[I](2020-07-05  09:34:31 am)Reset
[I](2020-07-05  09:36:01 am)작업 시작 [Start d:501]
[I](2020-07-05  09:36:01 am)Nc File: [No.0007-558.NC *]
[I](2020-07-05  09:36:01 am)  * Start Machine Position
[I](2020-07-05  09:36:01 am)    X:    219.4302
[I](2020-07-05  09:36:01 am)    Y:   -315.1353
[I](2020-07-05  09:36:01 am)    U:      0.0000
[I](2020-07-05  09:36:01 am)    V:      0.0000
[I](2020-07-05  09:36:01 am)    Z:     70.9084
[I](2020-07-05  09:36:01 am)  * Angle
[I](2020-07-05  09:36:01 am)    Ar:      0.2763,Kr:      0.0000
[I](2020-07-05  09:36:01 am)    Taper_Ar:      0.0000
[I](2020-07-05  09:37:23 am)작업중 정지 [d:1][t:00:01:21]
[I](2020-07-05  09:37:23 am)    [LNo:0007] 000201/000651
[I](2020-07-05  09:42:47 am)Reset
[I](2020-07-05  09:44:05 am)Reset
[I](2020-07-05  09:44:56 am)작업 시작 [Start d:502]
[I](2020-07-05  09:44:56 am)Nc File: [No.0009-567.NC]
[I](2020-07-05  09:44:56 am)  * Start Machine Position
[I](2020-07-05  09:44:56 am)    X:    204.2707
[I](2020-07-05  09:44:56 am)    Y:   -230.6667
[I](2020-07-05  09:44:56 am)    U:      0.0000
[I](2020-07-05  09:44:56 am)    V:      0.0000
[I](2020-07-05  09:44:56 am)    Z:     70.9084
[I](2020-07-05  09:44:56 am)  * Angle
[I](2020-07-05  09:44:56 am)    Ar:      0.2763,Kr:      0.0000
[I](2020-07-05  09:44:56 am)    Taper_Ar:      0.0000
[I](2020-07-05  09:50:37 am)작업중 정지 [d:5][t:00:05:41]
[I](2020-07-05  09:50:37 am)    [LNo:0009] 000020/000123
[A](2020-07-05  09:50:37 am)[008] 작업중 단선(AWF Feed Motor Stop )
[I](2020-07-05  09:50:37 am)작업중 Wire 단선 [d:5][t:00:05:41]
[I](2020-07-05  09:51:51 am)작업 재시작
[I](2020-07-05  10:26:49 am)작업중 정지 [d:40][t:00:41:52]
[I](2020-07-05  10:26:49 am)    [LNo:0009] 000111/000123
[I](2020-07-05  10:26:49 am)작업중 M코드정지 [d:40][t:00:41:52]
[I](2020-07-05  10:27:20 am)작업중 정지 [d:40][t:00:42:23]
[I](2020-07-05  10:27:20 am)    [LNo:0009] 000112/000123
[I](2020-07-05  10:27:20 am)Wire Contact Auto Stop(M52)
[I](2020-07-05  10:35:12 am)Reset
[I](2020-07-05  10:35:15 am)Reset
[I](2020-07-05  10:35:16 am)Reset
[I](2020-07-05  10:40:46 am)Reset
[I](2020-07-05  10:41:38 am)작업 시작 [Start d:542]
[I](2020-07-05  10:41:38 am)Nc File: [No.0009-567.NC]
[I](2020-07-05  10:41:38 am)  * Start Machine Position
[I](2020-07-05  10:41:38 am)    X:     74.8883
[I](2020-07-05  10:41:38 am)    Y:   -253.8321
[I](2020-07-05  10:41:38 am)    U:      0.0000
[I](2020-07-05  10:41:38 am)    V:      0.0000
[I](2020-07-05  10:41:38 am)    Z:     70.9084
[I](2020-07-05  10:41:38 am)  * Angle
[I](2020-07-05  10:41:38 am)    Ar:      0.2763,Kr:      0.0000
[I](2020-07-05  10:41:38 am)    Taper_Ar:      0.0000
[I](2020-07-05  10:41:44 am)작업중 정지 [d:0][t:00:00:06]
[I](2020-07-05  10:41:44 am)    [LNo:0009] 000016/000128
[A](2020-07-05  10:41:44 am)[008] 작업중 단선(AWF Feed Motor Stop )
[I](2020-07-05  10:41:44 am)작업중 Wire 단선 [d:0][t:00:00:06]
[I](2020-07-05  10:42:16 am)작업 재시작
[I](2020-07-05  10:42:17 am)작업중 정지 [d:0][t:00:00:38]
[I](2020-07-05  10:42:17 am)    [LNo:0009] 000016/000128
[A](2020-07-05  10:42:17 am)[008] 작업중 단선(AWF Feed Motor Stop )
[I](2020-07-05  10:42:17 am)작업중 Wire 단선 [d:0][t:00:00:38]
[I](2020-07-05  10:43:00 am)작업 재시작
[I](2020-07-05  10:43:00 am)작업중 정지 [d:0][t:00:01:22]
[I](2020-07-05  10:43:00 am)    [LNo:0009] 000016/000128
[A](2020-07-05  10:43:00 am)[008] 작업중 단선(AWF Feed Motor Stop )
[I](2020-07-05  10:43:00 am)작업중 Wire 단선 [d:0][t:00:01:22]
[I](2020-07-05  10:43:43 am)작업 재시작
[I](2020-07-05  11:31:55 am)작업중 정지 [d:49][t:00:50:17]
[I](2020-07-05  11:31:55 am)    [LNo:0009] 000116/000128
[I](2020-07-05  11:31:55 am)작업중 M코드정지 [d:49][t:00:50:17]
[I](2020-07-05  11:33:50 am)작업중 정지 [d:49][t:00:52:11]
[I](2020-07-05  11:33:50 am)    [LNo:0009] 000117/000128
[I](2020-07-05  11:33:50 am)Wire Contact Auto Stop(M52)
[I](2020-07-05  11:42:39 am)Reset
[I](2020-07-05  12:38:06 pm)Reset
[I](2020-07-05  12:38:07 pm)Reset
[I](2020-07-05  12:38:11 pm)Reset
[I](2020-07-05  12:38:11 pm)Reset
[I](2020-07-05  01:00:41 pm)Reset
[I](2020-07-05  01:00:41 pm)Reset
[I](2020-07-05  01:00:50 pm)Reset
[I](2020-07-05  01:01:08 pm)Reset
[I](2020-07-05  01:01:08 pm)Reset
[I](2020-07-05  01:02:11 pm)Reset
[I](2020-07-05  01:02:11 pm)Reset
[I](2020-07-05  01:02:16 pm)Reset
[I](2020-07-05  01:02:16 pm)Reset
[I](2020-07-05  01:05:49 pm)Reset
[I](2020-07-05  01:05:54 pm)Reset
[I](2020-07-05  01:06:38 pm)Reset
[I](2020-07-05  01:08:15 pm)Reset
[I](2020-07-05  01:08:26 pm)작업 시작 [Start d:591]
[I](2020-07-05  01:08:26 pm)Nc File: [No.0009-570.NC]
[I](2020-07-05  01:08:26 pm)  * Start Machine Position
[I](2020-07-05  01:08:26 pm)    X:    224.6824
[I](2020-07-05  01:08:26 pm)    Y:   -312.3004
[I](2020-07-05  01:08:26 pm)    U:      0.0000
[I](2020-07-05  01:08:26 pm)    V:      0.0000
[I](2020-07-05  01:08:26 pm)    Z:     70.9079
[I](2020-07-05  01:08:26 pm)  * Angle
[I](2020-07-05  01:08:26 pm)    Ar:      0.1449,Kr:      0.0000
[I](2020-07-05  01:08:26 pm)    Taper_Ar:      0.0000
[I](2020-07-05  01:08:50 pm)작업중 정지 [d:0][t:00:00:24]
[I](2020-07-05  01:08:50 pm)    [LNo:0009] 000651/001004
[I](2020-07-05  01:50:19 pm)작업중 정지 [d:34][t:00:41:52]
[I](2020-07-05  01:50:19 pm)    [LNo:0009] 000732/001004
[I](2020-07-05  01:50:45 pm)작업 재시작
[I](2020-07-05  01:57:08 pm)작업중 정지 [d:41][t:00:48:42]
[I](2020-07-05  01:57:08 pm)    [LNo:0009] 000756/001004
[I](2020-07-05  01:57:08 pm)작업중 M코드정지 [d:41][t:00:48:42]
[I](2020-07-05  01:57:59 pm)작업중 정지 [d:42][t:00:49:32]
[I](2020-07-05  01:57:59 pm)    [LNo:0009] 000758/001004
[I](2020-07-05  01:57:59 pm)작업중 M코드정지 [d:42][t:00:49:33]
[I](2020-07-05  02:04:23 pm)Reset
[I](2020-07-05  02:04:23 pm)Reset
[I](2020-07-05  02:04:23 pm)Reset
[I](2020-07-05  02:04:44 pm)Reset
[I](2020-07-05  02:04:44 pm)Reset
[I](2020-07-05  02:04:45 pm)작업 시작 [Start d:633]
[I](2020-07-05  02:04:45 pm)Nc File: [No.0009-570.NC]
[I](2020-07-05  02:04:45 pm)  * Start Machine Position
[I](2020-07-05  02:04:45 pm)    X:    224.6824
[I](2020-07-05  02:04:45 pm)    Y:   -312.3004
[I](2020-07-05  02:04:45 pm)    U:      0.0000
[I](2020-07-05  02:04:45 pm)    V:      0.0000
[I](2020-07-05  02:04:45 pm)    Z:     70.9079
[I](2020-07-05  02:04:45 pm)  * Angle
[I](2020-07-05  02:04:45 pm)    Ar:      0.1449,Kr:      0.0000
[I](2020-07-05  02:04:45 pm)    Taper_Ar:      0.0000
[I](2020-07-05  02:04:49 pm)작업중 정지 [d:0][t:00:00:03]
[I](2020-07-05  02:04:49 pm)    [LNo:0009] 000007/001004
[I](2020-07-05  02:06:46 pm)작업중 정지 [d:0][t:00:02:00]
[I](2020-07-05  02:06:46 pm)    [LNo:0009] 000016/001004
[I](2020-07-05  02:07:23 pm)Reset
[I](2020-07-05  02:07:23 pm)Reset
[I](2020-07-05  02:07:41 pm)작업 시작 [Start d:633]
[I](2020-07-05  02:07:41 pm)Nc File: [No.0009-570.NC]
[I](2020-07-05  02:07:41 pm)  * Start Machine Position
[I](2020-07-05  02:07:41 pm)    X:    224.6824
[I](2020-07-05  02:07:41 pm)    Y:   -312.3004
[I](2020-07-05  02:07:41 pm)    U:      0.0000
[I](2020-07-05  02:07:41 pm)    V:      0.0000
[I](2020-07-05  02:07:41 pm)    Z:     70.9079
[I](2020-07-05  02:07:41 pm)  * Angle
[I](2020-07-05  02:07:41 pm)    Ar:      0.1449,Kr:      0.0000
[I](2020-07-05  02:07:41 pm)    Taper_Ar:      0.0000
[I](2020-07-05  02:30:45 pm)작업중 정지 [d:22][t:00:23:04]
[I](2020-07-05  02:30:45 pm)    [LNo:0009] 000782/001004
[I](2020-07-05  02:31:33 pm)작업 재시작
[I](2020-07-05  02:34:28 pm)작업중 정지 [d:25][t:00:26:46]
[I](2020-07-05  02:34:28 pm)    [LNo:0009] 000782/001004
[I](2020-07-05  02:34:57 pm)Reset
[I](2020-07-05  02:36:40 pm)Reset
[I](2020-07-05  02:36:51 pm)작업 시작 [Start d:658]
[I](2020-07-05  02:36:51 pm)Nc File: [No.0009-570.NC]
[I](2020-07-05  02:36:51 pm)  * Start Machine Position
[I](2020-07-05  02:36:51 pm)    X:    224.6824
[I](2020-07-05  02:36:51 pm)    Y:   -312.3004
[I](2020-07-05  02:36:51 pm)    U:      0.0000
[I](2020-07-05  02:36:51 pm)    V:      0.0000
[I](2020-07-05  02:36:51 pm)    Z:     70.9079
[I](2020-07-05  02:36:51 pm)  * Angle
[I](2020-07-05  02:36:51 pm)    Ar:      0.1449,Kr:      0.0000
[I](2020-07-05  02:36:51 pm)    Taper_Ar:      0.0000
[I](2020-07-05  03:18:57 pm)작업중 정지 [d:42][t:00:42:06]
[I](2020-07-05  03:18:57 pm)    [LNo:0009] 000992/001004
[I](2020-07-05  03:18:57 pm)작업중 M코드정지 [d:42][t:00:42:06]
[I](2020-07-05  03:19:29 pm)작업중 정지 [d:42][t:00:42:38]
[I](2020-07-05  03:19:29 pm)    [LNo:0009] 000994/001004
[I](2020-07-05  03:19:29 pm)작업중 M코드정지 [d:42][t:00:42:38]
[A](2020-07-05  03:21:35 pm)[036] 자동결선 절단 공정 실패!!
[I](2020-07-05  03:23:01 pm)Reset
[I](2020-07-05  03:23:11 pm)Reset
[I](2020-07-05  03:23:12 pm)Reset
[I](2020-07-05  03:25:03 pm)Reset
[I](2020-07-05  03:25:04 pm)Reset
[I](2020-07-05  03:25:32 pm)Reset
[I](2020-07-05  03:25:32 pm)Reset
[I](2020-07-05  03:25:34 pm)작업 시작 [Start d:700]
[I](2020-07-05  03:25:34 pm)Nc File: [No.0009-570.NC]
[I](2020-07-05  03:25:34 pm)  * Start Machine Position
[I](2020-07-05  03:25:34 pm)    X:    224.6824
[I](2020-07-05  03:25:34 pm)    Y:   -312.3004
[I](2020-07-05  03:25:34 pm)    U:      0.0000
[I](2020-07-05  03:25:34 pm)    V:      0.0000
[I](2020-07-05  03:25:34 pm)    Z:     70.9079
[I](2020-07-05  03:25:34 pm)  * Angle
[I](2020-07-05  03:25:34 pm)    Ar:      0.1449,Kr:      0.0000
[I](2020-07-05  03:25:34 pm)    Taper_Ar:      0.0000
[I](2020-07-05  05:37:14 pm)작업중 정지 [d:132][t:02:11:39]
[I](2020-07-05  05:37:14 pm)    [LNo:0009] 000181/001004
[I](2020-07-05  05:37:14 pm)작업중 M코드정지 [d:132][t:02:11:40]
[I](2020-07-05  05:37:58 pm)작업중 정지 [d:133][t:02:12:24]
[I](2020-07-05  05:37:58 pm)    [LNo:0009] 000182/001004
[I](2020-07-05  05:37:58 pm)Wire Contact Auto Stop(M52)
[I](2020-07-05  05:38:26 pm)작업 재시작
[I](2020-07-05  05:38:28 pm)작업중 정지 [d:133][t:02:12:54]
[I](2020-07-05  05:38:28 pm)    [LNo:0009] 000182/001004
[I](2020-07-05  05:38:32 pm)작업 재시작
[I](2020-07-05  05:38:39 pm)작업중 정지 [d:133][t:02:13:04]
[I](2020-07-05  05:38:39 pm)    [LNo:0009] 000183/001004
[I](2020-07-05  05:38:39 pm)작업중 M코드정지 [d:133][t:02:13:04]
[I](2020-07-05  07:28:08 pm)작업중 정지 [d:242][t:04:02:33]
[I](2020-07-05  07:28:08 pm)    [LNo:0009] 000298/001004
[I](2020-07-05  07:28:08 pm)작업중 30sec 접촉 정지 [d:242][t:04:02:33]
[I](2020-07-05  09:00:25 pm)작업 재시작
[I](2020-07-05  09:24:17 pm)작업중 정지 [d:266][t:05:58:43]
[I](2020-07-05  09:24:17 pm)    [LNo:0009] 000318/001004
[I](2020-07-05  09:24:17 pm)작업중 M코드정지 [d:266][t:05:58:43]
[I](2020-07-05  09:24:45 pm)작업중 정지 [d:266][t:05:59:11]
[I](2020-07-05  09:24:45 pm)    [LNo:0009] 000319/001004
[I](2020-07-05  09:24:45 pm)Wire Contact Auto Stop(M52)
[I](2020-07-05  09:25:36 pm)작업 재시작
[I](2020-07-05  09:25:40 pm)작업중 정지 [d:266][t:06:00:06]
[I](2020-07-05  09:25:40 pm)    [LNo:0009] 000320/001004
[I](2020-07-05  09:25:41 pm)작업중 M코드정지 [d:266][t:06:00:06]
[I](2020-07-05  11:39:25 pm)작업중 정지 [d:398][t:08:13:50]
[I](2020-07-05  11:39:25 pm)    [LNo:0009] 000455/001004
[I](2020-07-05  11:39:25 pm)작업중 M코드정지 [d:398][t:08:13:50]
