[A](2020-02-02  08:38:11 am)[037] 자동결선 잔여 WIRE 처리 실패!!
[I](2020-02-02  08:43:07 am)Reset
[I](2020-02-02  08:43:28 am)작업 시작 [Start d:361]
[I](2020-02-02  08:43:28 am)Nc File: [No.0003-625.NC]
[I](2020-02-02  08:43:28 am)  * Start Machine Position
[I](2020-02-02  08:43:28 am)    X:    105.3768
[I](2020-02-02  08:43:28 am)    Y:   -391.7105
[I](2020-02-02  08:43:28 am)    U:      0.0000
[I](2020-02-02  08:43:28 am)    V:      0.0000
[I](2020-02-02  08:43:28 am)    Z:     37.9007
[I](2020-02-02  08:43:28 am)  * Angle
[I](2020-02-02  08:43:28 am)    Ar:      0.0773,Kr:      0.0000
[I](2020-02-02  08:43:28 am)    Taper_Ar:      0.0000
[I](2020-02-02  08:44:34 am)작업중 정지 [d:0][t:00:01:06]
[I](2020-02-02  08:44:34 am)    [LNo:0003] 000362/000985
[I](2020-02-02  08:44:34 am)작업중 M코드정지 [d:0][t:00:01:06]
[I](2020-02-02  08:46:26 am)작업중 정지 [d:1][t:00:02:58]
[I](2020-02-02  08:46:26 am)    [LNo:0003] 000377/000985
[I](2020-02-02  08:46:26 am)작업중 M코드정지 [d:1][t:00:02:58]
[I](2020-02-02  08:46:50 am)작업중 정지 [d:1][t:00:03:22]
[I](2020-02-02  08:46:50 am)    [LNo:0003] 000381/000985
[A](2020-02-02  08:47:11 am)[037] 자동결선 잔여 WIRE 처리 실패!!
[I](2020-02-02  08:50:20 am)작업중 정지 [d:3][t:00:06:52]
[I](2020-02-02  08:50:20 am)    [LNo:0003] 000400/000985
[I](2020-02-02  08:50:20 am)작업중 M코드정지 [d:3][t:00:06:52]
[I](2020-02-02  08:51:24 am)작업중 정지 [d:3][t:00:07:56]
[I](2020-02-02  08:51:24 am)    [LNo:0003] 000404/000985
[I](2020-02-02  08:53:17 am)작업중 정지 [d:3][t:00:09:49]
[I](2020-02-02  08:53:17 am)    [LNo:0003] 000418/000985
[I](2020-02-02  08:53:17 am)작업중 30sec 접촉 정지 [d:3][t:00:09:49]
[I](2020-02-02  08:55:52 am)작업 재시작
[I](2020-02-02  08:55:54 am)작업중 정지 [d:3][t:00:12:26]
[I](2020-02-02  08:55:54 am)    [LNo:0003] 000418/000985
[I](2020-02-02  08:56:19 am)작업 재시작
[I](2020-02-02  08:56:22 am)작업중 정지 [d:3][t:00:12:54]
[I](2020-02-02  08:56:22 am)    [LNo:0003] 000418/000985
[I](2020-02-02  08:56:45 am)작업 재시작
[I](2020-02-02  08:57:15 am)작업중 정지 [d:4][t:00:13:47]
[I](2020-02-02  08:57:15 am)    [LNo:0003] 000422/000985
[I](2020-02-02  08:57:15 am)작업중 30sec 접촉 정지 [d:4][t:00:13:47]
[I](2020-02-02  08:57:21 am)작업 재시작
[I](2020-02-02  08:57:26 am)작업중 정지 [d:4][t:00:13:58]
[I](2020-02-02  08:57:26 am)    [LNo:0003] 000422/000985
[I](2020-02-02  08:57:26 am)작업중 30sec 접촉 정지 [d:4][t:00:13:58]
[I](2020-02-02  08:57:30 am)작업 재시작
[I](2020-02-02  09:00:13 am)작업중 정지 [d:7][t:00:16:45]
[I](2020-02-02  09:00:13 am)    [LNo:0003] 000423/000985
[I](2020-02-02  09:00:13 am)작업중 M코드정지 [d:7][t:00:16:45]
[I](2020-02-02  09:00:37 am)작업중 정지 [d:7][t:00:17:09]
[I](2020-02-02  09:00:37 am)    [LNo:0003] 000424/000985
[I](2020-02-02  09:00:37 am)Wire Contact Auto Stop(M52)
[I](2020-02-02  09:01:37 am)Reset
[I](2020-02-02  09:01:49 am)작업 시작 [Start d:368]
[I](2020-02-02  09:01:49 am)Nc File: [No.0001-619.NC]
[I](2020-02-02  09:01:49 am)  * Start Machine Position
[I](2020-02-02  09:01:49 am)    X:    105.3768
[I](2020-02-02  09:01:49 am)    Y:   -391.7105
[I](2020-02-02  09:01:49 am)    U:      0.0000
[I](2020-02-02  09:01:49 am)    V:      0.0000
[I](2020-02-02  09:01:49 am)    Z:     37.9007
[I](2020-02-02  09:01:49 am)  * Angle
[I](2020-02-02  09:01:49 am)    Ar:      0.0773,Kr:      0.0000
[I](2020-02-02  09:01:49 am)    Taper_Ar:      0.0000
[I](2020-02-02  10:07:50 am)작업중 정지 [d:65][t:01:06:01]
[I](2020-02-02  10:07:50 am)    [LNo:0001] 000477/001149
[I](2020-02-02  10:07:50 am)작업중 M코드정지 [d:65][t:01:06:01]
[I](2020-02-02  10:08:09 am)작업중 정지 [d:65][t:01:06:20]
[I](2020-02-02  10:08:09 am)    [LNo:0001] 000479/001149
[A](2020-02-02  10:08:09 am)[008] 작업중 단선(AWF Feed Motor Stop )
[I](2020-02-02  10:08:09 am)작업중 Wire 단선 [d:65][t:01:06:20]
[I](2020-02-02  10:08:31 am)작업 재시작
[I](2020-02-02  10:08:36 am)작업중 정지 [d:65][t:01:06:47]
[I](2020-02-02  10:08:36 am)    [LNo:0001] 000481/001149
[I](2020-02-02  10:08:36 am)작업중 M코드정지 [d:65][t:01:06:47]
[I](2020-02-02  11:15:31 am)작업중 정지 [d:131][t:02:13:41]
[I](2020-02-02  11:15:31 am)    [LNo:0001] 000524/001149
[I](2020-02-02  11:15:31 am)작업중 M코드정지 [d:131][t:02:13:41]
[I](2020-02-02  11:16:33 am)작업중 정지 [d:131][t:02:14:44]
[I](2020-02-02  11:16:33 am)    [LNo:0001] 000528/001149
[I](2020-02-02  11:16:34 am)작업중 M코드정지 [d:131][t:02:14:44]
[I](2020-02-02  11:42:54 am)작업중 정지 [d:155][t:02:41:04]
[I](2020-02-02  11:42:54 am)    [LNo:0001] 000554/001149
[I](2020-02-02  11:42:54 am)작업중 M코드정지 [d:155][t:02:41:04]
[I](2020-02-02  12:13:40 pm)작업중 정지 [d:155][t:03:11:50]
[I](2020-02-02  12:13:40 pm)    [LNo:0001] 000557/001149
[I](2020-02-02  12:13:40 pm)작업중 M코드정지 [d:155][t:03:11:50]
[I](2020-02-02  12:29:48 pm)작업중 정지 [d:169][t:03:27:58]
[I](2020-02-02  12:29:48 pm)    [LNo:0001] 000581/001149
[I](2020-02-02  12:29:48 pm)작업중 M코드정지 [d:169][t:03:27:59]
[I](2020-02-02  12:30:15 pm)작업중 정지 [d:170][t:03:28:25]
[I](2020-02-02  12:30:15 pm)    [LNo:0001] 000585/001149
[I](2020-02-02  12:30:15 pm)작업중 M코드정지 [d:170][t:03:28:25]
[I](2020-02-02  12:57:52 pm)작업중 정지 [d:195][t:03:56:03]
[I](2020-02-02  12:57:52 pm)    [LNo:0001] 000611/001149
[I](2020-02-02  12:57:52 pm)작업중 M코드정지 [d:195][t:03:56:03]
[I](2020-02-02  12:59:03 pm)작업중 정지 [d:196][t:03:57:13]
[I](2020-02-02  12:59:03 pm)    [LNo:0001] 000612/001149
[I](2020-02-02  12:59:23 pm)작업 재시작
[I](2020-02-02  12:59:28 pm)작업중 정지 [d:196][t:03:57:38]
[I](2020-02-02  12:59:28 pm)    [LNo:0001] 000614/001149
[I](2020-02-02  12:59:28 pm)작업중 M코드정지 [d:196][t:03:57:38]
[I](2020-02-02  01:25:40 pm)작업중 정지 [d:221][t:04:23:50]
[I](2020-02-02  01:25:40 pm)    [LNo:0001] 000639/001149
[I](2020-02-02  01:25:40 pm)작업중 M코드정지 [d:221][t:04:23:50]
[I](2020-02-02  01:26:10 pm)작업중 정지 [d:222][t:04:24:21]
[I](2020-02-02  01:26:10 pm)    [LNo:0001] 000642/001149
[I](2020-02-02  01:26:10 pm)작업중 M코드정지 [d:222][t:04:24:21]
[I](2020-02-02  01:42:08 pm)작업중 정지 [d:237][t:04:40:18]
[I](2020-02-02  01:42:08 pm)    [LNo:0001] 000666/001149
[I](2020-02-02  01:42:08 pm)작업중 M코드정지 [d:237][t:04:40:18]
[I](2020-02-02  01:43:30 pm)작업중 정지 [d:238][t:04:41:41]
[I](2020-02-02  01:43:30 pm)    [LNo:0001] 000670/001149
[I](2020-02-02  01:43:30 pm)작업중 M코드정지 [d:238][t:04:41:41]
[I](2020-02-02  02:09:36 pm)작업중 정지 [d:262][t:05:07:47]
[I](2020-02-02  02:09:36 pm)    [LNo:0001] 000695/001149
[I](2020-02-02  02:09:36 pm)작업중 M코드정지 [d:262][t:05:07:47]
[I](2020-02-02  02:10:04 pm)작업중 정지 [d:-367][t:05:08:14]
[I](2020-02-02  02:10:04 pm)    [LNo:0001] 000698/001149
[I](2020-02-02  02:10:04 pm)작업중 M코드정지 [d:-367][t:05:08:14]
[I](2020-02-02  02:11:29 pm)작업중 정지 [d:-367][t:05:09:40]
[I](2020-02-02  02:11:29 pm)    [LNo:0001] 000707/001149
[A](2020-02-02  02:11:29 pm)[009] 자동결선 Error(M20-삽입실패)
[A](2020-02-02  02:12:50 pm)[037] 자동결선 잔여 WIRE 처리 실패!!
[I](2020-02-02  02:13:29 pm)작업중 정지 [d:-367][t:05:11:39]
[I](2020-02-02  02:13:29 pm)    [LNo:0001] 000730/001149
[A](2020-02-02  02:13:29 pm)[009] 자동결선 Error(M20-삽입실패)
[A](2020-02-02  02:14:25 pm)[037] 자동결선 잔여 WIRE 처리 실패!!
[A](2020-02-02  02:14:25 pm)[034] 자동결선 하부 뭉치 WIRE CONTACT!!
[A](2020-02-02  02:14:34 pm)[034] 자동결선 하부 뭉치 WIRE CONTACT!!
[A](2020-02-02  02:14:37 pm)[034] 자동결선 하부 뭉치 WIRE CONTACT!!
[I](2020-02-02  02:17:15 pm)작업중 정지 [d:-365][t:05:15:26]
[I](2020-02-02  02:17:15 pm)    [LNo:0001] 000745/001149
[I](2020-02-02  02:17:15 pm)작업중 M코드정지 [d:-365][t:05:15:26]
[A](2020-02-02  02:17:40 pm)[037] 자동결선 잔여 WIRE 처리 실패!!
[I](2020-02-02  02:18:47 pm)Reset
[I](2020-02-02  02:18:47 pm)Reset
[I](2020-02-02  02:18:57 pm)작업 시작 [Start d:3]
[I](2020-02-02  02:18:57 pm)Nc File: [No.0001-619.NC]
[I](2020-02-02  02:18:57 pm)  * Start Machine Position
[I](2020-02-02  02:18:57 pm)    X:    201.8761
[I](2020-02-02  02:18:57 pm)    Y:   -342.2543
[I](2020-02-02  02:18:57 pm)    U:      0.0000
[I](2020-02-02  02:18:57 pm)    V:      0.0000
[I](2020-02-02  02:18:57 pm)    Z:     37.9007
[I](2020-02-02  02:18:57 pm)  * Angle
[I](2020-02-02  02:18:57 pm)    Ar:      0.0773,Kr:      0.0000
[I](2020-02-02  02:18:57 pm)    Taper_Ar:      0.0000
[I](2020-02-02  02:23:37 pm)작업중 정지 [d:1][t:00:04:39]
[I](2020-02-02  02:23:37 pm)    [LNo:0001] 000772/001149
[I](2020-02-02  02:40:42 pm)작업중 정지 [d:15][t:00:21:44]
[I](2020-02-02  02:40:42 pm)    [LNo:0001] 000825/001149
[I](2020-02-02  02:40:42 pm)작업중 M코드정지 [d:15][t:00:21:44]
[A](2020-02-02  02:42:40 pm)[037] 자동결선 잔여 WIRE 처리 실패!!
[I](2020-02-02  02:45:06 pm)작업중 정지 [d:15][t:00:26:08]
[I](2020-02-02  02:45:06 pm)    [LNo:0001] 000792/001149
[I](2020-02-02  02:48:18 pm)작업중 정지 [d:18][t:00:29:20]
[I](2020-02-02  02:48:18 pm)    [LNo:0001] 000825/001149
[I](2020-02-02  02:48:18 pm)작업중 M코드정지 [d:18][t:00:29:20]
[A](2020-02-02  02:49:05 pm)[037] 자동결선 잔여 WIRE 처리 실패!!
[I](2020-02-02  03:04:38 pm)작업중 정지 [d:32][t:00:45:40]
[I](2020-02-02  03:04:38 pm)    [LNo:0001] 000864/001149
[I](2020-02-02  03:04:39 pm)작업중 M코드정지 [d:32][t:00:45:41]
[I](2020-02-02  03:04:47 pm)작업중 정지 [d:32][t:00:45:49]
[I](2020-02-02  03:04:47 pm)    [LNo:0001] 000831/001149
[I](2020-02-02  03:21:37 pm)작업중 정지 [d:48][t:01:02:39]
[I](2020-02-02  03:21:37 pm)    [LNo:0001] 000901/001149
[I](2020-02-02  03:21:37 pm)작업중 M코드정지 [d:48][t:01:02:39]
[I](2020-02-02  03:22:24 pm)작업중 정지 [d:48][t:01:03:26]
[I](2020-02-02  03:22:24 pm)    [LNo:0001] 000870/001149
[I](2020-02-02  03:39:22 pm)작업중 정지 [d:64][t:01:20:24]
[I](2020-02-02  03:39:22 pm)    [LNo:0001] 000938/001149
[I](2020-02-02  03:39:33 pm)작업중 정지 [d:64][t:01:20:35]
[I](2020-02-02  03:39:33 pm)    [LNo:0001] 000907/001149
[I](2020-02-02  03:39:40 pm)작업중 정지 [d:64][t:01:20:42]
[I](2020-02-02  03:39:40 pm)    [LNo:0001] 000915/001149
[A](2020-02-02  03:39:40 pm)[008] 작업중 단선(AWF Feed Motor Stop )
[I](2020-02-02  03:39:40 pm)작업중 Wire 단선 [d:64][t:01:20:42]
[I](2020-02-02  03:51:29 pm)작업중 정지 [d:75][t:01:32:31]
[I](2020-02-02  03:51:29 pm)    [LNo:0001] 000979/001149
[I](2020-02-02  03:56:12 pm)작업중 정지 [d:78][t:01:37:14]
[I](2020-02-02  03:56:12 pm)    [LNo:0001] 001001/001149
[A](2020-02-02  03:56:12 pm)[011] 자동결선 Error(M21-잔여와이어 처리실패)
[I](2020-02-02  04:26:46 pm)작업중 정지 [d:103][t:02:07:48]
[I](2020-02-02  04:26:46 pm)    [LNo:0001] 001145/001149
[I](2020-02-02  04:26:46 pm)작업중 M코드정지 [d:103][t:02:07:48]
[I](2020-02-02  04:27:32 pm)Reset
[I](2020-02-02  04:27:44 pm)작업 시작 [Start d:106]
[I](2020-02-02  04:27:44 pm)Nc File: [No.0001-619.NC]
[I](2020-02-02  04:27:44 pm)  * Start Machine Position
[I](2020-02-02  04:27:44 pm)    X:    105.3768
[I](2020-02-02  04:27:44 pm)    Y:   -391.7105
[I](2020-02-02  04:27:44 pm)    U:      0.0000
[I](2020-02-02  04:27:44 pm)    V:      0.0000
[I](2020-02-02  04:27:44 pm)    Z:     37.9007
[I](2020-02-02  04:27:44 pm)  * Angle
[I](2020-02-02  04:27:44 pm)    Ar:      0.0773,Kr:      0.0000
[I](2020-02-02  04:27:44 pm)    Taper_Ar:      0.0000
[I](2020-02-02  04:28:27 pm)작업중 정지 [d:0][t:00:00:43]
[I](2020-02-02  04:28:27 pm)    [LNo:0001] 000217/001149
[I](2020-02-02  04:28:29 pm)Reset
[I](2020-02-02  04:28:29 pm)Reset
[I](2020-02-02  04:28:29 pm)Reset
[I](2020-02-02  04:28:43 pm)작업 시작 [Start d:106]
[I](2020-02-02  04:28:43 pm)Nc File: [No.0001-619.NC]
[I](2020-02-02  04:28:43 pm)  * Start Machine Position
[I](2020-02-02  04:28:43 pm)    X:    183.5587
[I](2020-02-02  04:28:43 pm)    Y:   -333.8180
[I](2020-02-02  04:28:43 pm)    U:      0.0000
[I](2020-02-02  04:28:43 pm)    V:      0.0000
[I](2020-02-02  04:28:43 pm)    Z:     37.9007
[I](2020-02-02  04:28:43 pm)  * Angle
[I](2020-02-02  04:28:43 pm)    Ar:      0.0773,Kr:      0.0000
[I](2020-02-02  04:28:43 pm)    Taper_Ar:      0.0000
[I](2020-02-02  04:28:43 pm)작업중 정지 [d:0][t:00:00:00]
[I](2020-02-02  04:28:43 pm)    [LNo:0001] 000001/001149
[I](2020-02-02  04:28:43 pm)작업중 M코드정지 [d:0][t:00:00:00]
[I](2020-02-02  04:39:45 pm)작업중 정지 [d:11][t:00:11:02]
[I](2020-02-02  04:39:45 pm)    [LNo:0001] 000724/001149
[I](2020-02-02  04:44:38 pm)Reset
[I](2020-02-02  04:44:45 pm)Reset
[I](2020-02-02  04:44:46 pm)Reset
[A](2020-02-02  04:44:53 pm)[053] Emergency Stop
[A](2020-02-02  04:44:53 pm)[005] READY Off(Alarm)
[I](2020-02-02  04:44:53 pm)    X:    374.3527
[I](2020-02-02  04:44:53 pm)    Y:   -142.5085
[I](2020-02-02  04:44:53 pm)    U:      0.0000
[I](2020-02-02  04:44:53 pm)    V:      0.0000
[I](2020-02-02  04:44:53 pm)    Z:    112.2881
