[I](2020-06-19  12:08:03 am)Reset
[I](2020-06-19  12:08:03 am)Reset
[I](2020-06-19  12:08:16 am)Reset
[I](2020-06-19  12:08:20 am)Reset
[I](2020-06-19  12:17:52 am)Reset
[I](2020-06-19  12:19:37 am)Reset
[I](2020-06-19  12:23:09 am)Reset
[I](2020-06-19  12:23:34 am)Reset
[I](2020-06-19  12:24:57 am)Reset
[I](2020-06-19  12:25:39 am)Reset
[I](2020-06-19  12:27:35 am)Reset
[I](2020-06-19  12:29:49 am)Reset
[I](2020-06-19  12:29:49 am)Reset
[I](2020-06-19  12:30:07 am)Reset
[I](2020-06-19  12:30:07 am)Reset
[I](2020-06-19  12:31:02 am)작업 시작 [Start d:375]
[I](2020-06-19  12:31:02 am)Nc File: [No.0008-593.NC]
[I](2020-06-19  12:31:02 am)  * Start Machine Position
[I](2020-06-19  12:31:02 am)    X:     29.5369
[I](2020-06-19  12:31:02 am)    Y:   -339.3558
[I](2020-06-19  12:31:02 am)    U:     -0.0120
[I](2020-06-19  12:31:02 am)    V:      0.0049
[I](2020-06-19  12:31:02 am)    Z:     35.6828
[I](2020-06-19  12:31:02 am)  * Angle
[I](2020-06-19  12:31:02 am)    Ar:      0.1820,Kr:      0.0000
[I](2020-06-19  12:31:02 am)    Taper_Ar:      0.0000
[I](2020-06-19  12:31:10 am)작업중 정지 [d:0][t:00:00:08]
[I](2020-06-19  12:31:10 am)    [LNo:0008] 000213/000740
[I](2020-06-19  12:31:10 am)작업중 M코드정지 [d:0][t:00:00:08]
[I](2020-06-19  12:31:23 am)작업중 정지 [d:0][t:00:00:20]
[I](2020-06-19  12:31:23 am)    [LNo:0008] 000223/000740
[I](2020-06-19  12:33:49 am)작업중 정지 [d:1][t:00:02:47]
[I](2020-06-19  12:33:49 am)    [LNo:0008] 000235/000740
[I](2020-06-19  12:33:50 am)작업중 M코드정지 [d:1][t:00:02:47]
[I](2020-06-19  12:39:25 am)작업중 정지 [d:6][t:00:08:22]
[I](2020-06-19  12:39:25 am)    [LNo:0008] 000304/000740
[I](2020-06-19  12:39:25 am)작업중 M코드정지 [d:6][t:00:08:22]
[I](2020-06-19  01:53:06 am)Reset
[I](2020-06-19  01:53:06 am)Reset
[I](2020-06-19  01:53:19 am)Reset
[I](2020-06-19  01:53:19 am)Reset
[I](2020-06-19  01:56:40 am)Reset
[I](2020-06-19  01:56:40 am)Reset
[I](2020-06-19  01:56:41 am)Reset
[I](2020-06-19  01:57:30 am)Reset
[I](2020-06-19  01:57:30 am)Reset
[I](2020-06-19  01:57:52 am)Reset
[I](2020-06-19  01:57:52 am)Reset
[I](2020-06-19  02:00:45 am)Reset
[I](2020-06-19  02:01:11 am)Reset
[I](2020-06-19  02:01:12 am)Reset
[I](2020-06-19  02:04:49 am)작업 시작 [Start d:381]
[I](2020-06-19  02:04:49 am)Nc File: [No.0008-593.NC *]
[I](2020-06-19  02:04:49 am)  * Start Machine Position
[I](2020-06-19  02:04:49 am)    X:     31.3015
[I](2020-06-19  02:04:49 am)    Y:   -365.5455
[I](2020-06-19  02:04:49 am)    U:     -0.2199
[I](2020-06-19  02:04:49 am)    V:     -0.0012
[I](2020-06-19  02:04:49 am)    Z:     35.6828
[I](2020-06-19  02:04:49 am)  * Angle
[I](2020-06-19  02:04:49 am)    Ar:      0.3272,Kr:      0.0000
[I](2020-06-19  02:04:49 am)    Taper_Ar:      0.0000
[I](2020-06-19  02:04:57 am)작업중 정지 [d:0][t:00:00:08]
[I](2020-06-19  02:04:57 am)    [LNo:0008] 000330/000739
[I](2020-06-19  02:04:57 am)작업중 M코드정지 [d:0][t:00:00:08]
[I](2020-06-19  02:07:19 am)작업중 정지 [d:2][t:00:02:30]
[I](2020-06-19  02:07:19 am)    [LNo:0008] 000355/000739
[I](2020-06-19  02:07:19 am)작업중 M코드정지 [d:2][t:00:02:30]
[I](2020-06-19  02:07:26 am)작업중 정지 [d:2][t:00:02:37]
[I](2020-06-19  02:07:26 am)    [LNo:0008] 000335/000739
[I](2020-06-19  02:09:15 am)작업중 정지 [d:4][t:00:04:26]
[I](2020-06-19  02:09:15 am)    [LNo:0008] 000355/000739
[I](2020-06-19  02:09:15 am)작업중 M코드정지 [d:4][t:00:04:26]
[I](2020-06-19  02:13:12 am)작업중 정지 [d:8][t:00:08:22]
[I](2020-06-19  02:13:12 am)    [LNo:0008] 000421/000739
[I](2020-06-19  02:13:12 am)작업중 M코드정지 [d:8][t:00:08:23]
[I](2020-06-19  02:30:28 am)Reset
[I](2020-06-19  02:30:28 am)Reset
[I](2020-06-19  02:30:38 am)Reset
[I](2020-06-19  02:30:38 am)Reset
[I](2020-06-19  02:44:36 am)Reset
[I](2020-06-19  02:45:55 am)Reset
[I](2020-06-19  02:46:44 am)Reset
[I](2020-06-19  02:46:45 am)Reset
[I](2020-06-19  02:47:07 am)Reset
[I](2020-06-19  02:47:07 am)Reset
[I](2020-06-19  02:47:47 am)Reset
[I](2020-06-19  02:47:47 am)Reset
[I](2020-06-19  02:48:11 am)Reset
[I](2020-06-19  02:48:32 am)Reset
[I](2020-06-19  02:48:32 am)Reset
[I](2020-06-19  02:48:55 am)Reset
[I](2020-06-19  02:49:21 am)Reset
[I](2020-06-19  02:49:52 am)Reset
[I](2020-06-19  02:49:52 am)Reset
[I](2020-06-19  02:50:01 am)Reset
[I](2020-06-19  02:50:44 am)작업 시작 [Start d:389]
[I](2020-06-19  02:50:44 am)Nc File: [No.0008-593.NC *]
[I](2020-06-19  02:50:44 am)  * Start Machine Position
[I](2020-06-19  02:50:44 am)    X:     24.0543
[I](2020-06-19  02:50:44 am)    Y:   -354.5291
[I](2020-06-19  02:50:44 am)    U:      0.0339
[I](2020-06-19  02:50:44 am)    V:      0.0030
[I](2020-06-19  02:50:44 am)    Z:     34.3138
[I](2020-06-19  02:50:44 am)  * Angle
[I](2020-06-19  02:50:44 am)    Ar:      0.0295,Kr:      0.0000
[I](2020-06-19  02:50:44 am)    Taper_Ar:      0.0000
[I](2020-06-19  02:50:53 am)작업중 정지 [d:0][t:00:00:08]
[I](2020-06-19  02:50:53 am)    [LNo:0008] 000446/000739
[I](2020-06-19  02:50:53 am)작업중 M코드정지 [d:0][t:00:00:08]
[I](2020-06-19  02:51:26 am)Reset
[I](2020-06-19  02:52:06 am)작업 시작 [Start d:389]
[I](2020-06-19  02:52:06 am)Nc File: [No.0008-593.NC *]
[I](2020-06-19  02:52:06 am)  * Start Machine Position
[I](2020-06-19  02:52:06 am)    X:     24.0543
[I](2020-06-19  02:52:06 am)    Y:   -354.5291
[I](2020-06-19  02:52:06 am)    U:      0.0339
[I](2020-06-19  02:52:06 am)    V:      0.0030
[I](2020-06-19  02:52:06 am)    Z:     34.3138
[I](2020-06-19  02:52:06 am)  * Angle
[I](2020-06-19  02:52:06 am)    Ar:      0.0295,Kr:      0.0000
[I](2020-06-19  02:52:06 am)    Taper_Ar:      0.0000
[I](2020-06-19  02:52:15 am)작업중 정지 [d:0][t:00:00:08]
[I](2020-06-19  02:52:15 am)    [LNo:0008] 000445/000739
[I](2020-06-19  02:52:15 am)작업중 M코드정지 [d:0][t:00:00:08]
[I](2020-06-19  03:03:09 am)작업중 정지 [d:11][t:00:11:03]
[I](2020-06-19  03:03:09 am)    [LNo:0008] 000469/000739
[I](2020-06-19  03:03:10 am)작업중 M코드정지 [d:11][t:00:11:03]
[I](2020-06-19  03:05:24 am)작업중 정지 [d:11][t:00:13:17]
[I](2020-06-19  03:05:24 am)    [LNo:0008] 000451/000739
[I](2020-06-19  03:09:08 am)작업중 정지 [d:15][t:00:17:01]
[I](2020-06-19  03:09:08 am)    [LNo:0008] 000469/000739
[I](2020-06-19  03:09:08 am)작업중 M코드정지 [d:15][t:00:17:01]
[I](2020-06-19  03:22:54 am)작업중 정지 [d:29][t:00:30:47]
[I](2020-06-19  03:22:54 am)    [LNo:0008] 000525/000739
[I](2020-06-19  03:22:54 am)작업중 M코드정지 [d:29][t:00:30:47]
[I](2020-06-19  04:01:30 am)Reset
[I](2020-06-19  04:01:41 am)Reset
[I](2020-06-19  04:01:42 am)Reset
[I](2020-06-19  04:05:47 am)Reset
[I](2020-06-19  04:05:48 am)Reset
[I](2020-06-19  04:06:16 am)Reset
[I](2020-06-19  04:06:16 am)Reset
[I](2020-06-19  04:06:41 am)Reset
[I](2020-06-19  04:07:16 am)Reset
[I](2020-06-19  04:07:36 am)Reset
[I](2020-06-19  04:08:00 am)Reset
[I](2020-06-19  04:08:38 am)Reset
[I](2020-06-19  04:08:46 am)Reset
[I](2020-06-19  04:09:41 am)작업 시작 [Start d:418]
[I](2020-06-19  04:09:41 am)Nc File: [No.0008-593.NC *]
[I](2020-06-19  04:09:41 am)  * Start Machine Position
[I](2020-06-19  04:09:41 am)    X:     26.4088
[I](2020-06-19  04:09:41 am)    Y:   -354.4913
[I](2020-06-19  04:09:41 am)    U:     -0.0519
[I](2020-06-19  04:09:41 am)    V:      0.0040
[I](2020-06-19  04:09:41 am)    Z:     34.3138
[I](2020-06-19  04:09:41 am)  * Angle
[I](2020-06-19  04:09:41 am)    Ar:     -0.0042,Kr:      0.0000
[I](2020-06-19  04:09:41 am)    Taper_Ar:      0.0000
[I](2020-06-19  04:09:50 am)작업중 정지 [d:0][t:00:00:08]
[I](2020-06-19  04:09:50 am)    [LNo:0008] 000551/000739
[I](2020-06-19  04:09:50 am)작업중 M코드정지 [d:0][t:00:00:08]
[I](2020-06-19  04:12:03 am)작업중 정지 [d:2][t:00:02:21]
[I](2020-06-19  04:12:03 am)    [LNo:0008] 000576/000739
[I](2020-06-19  04:12:03 am)작업중 M코드정지 [d:2][t:00:02:21]
[I](2020-06-19  04:14:41 am)작업중 정지 [d:2][t:00:04:59]
[I](2020-06-19  04:14:41 am)    [LNo:0008] 000556/000739
[I](2020-06-19  04:20:03 am)작업중 정지 [d:7][t:00:10:22]
[I](2020-06-19  04:20:03 am)    [LNo:0008] 000641/000739
[I](2020-06-19  04:20:03 am)작업중 M코드정지 [d:7][t:00:10:22]
[I](2020-06-19  04:22:11 am)작업중 정지 [d:9][t:00:12:29]
[I](2020-06-19  04:22:11 am)    [LNo:0008] 000667/000739
[I](2020-06-19  04:22:11 am)작업중 M코드정지 [d:9][t:00:12:29]
[I](2020-06-19  04:22:33 am)작업중 정지 [d:9][t:00:12:51]
[I](2020-06-19  04:22:33 am)    [LNo:0008] 000647/000739
[I](2020-06-19  04:27:54 am)작업중 정지 [d:15][t:00:18:13]
[I](2020-06-19  04:27:54 am)    [LNo:0008] 000732/000739
[I](2020-06-19  04:27:54 am)작업중 M코드정지 [d:15][t:00:18:13]
[I](2020-06-19  04:48:32 am)Reset
[I](2020-06-19  04:48:46 am)Reset
[I](2020-06-19  05:00:44 am)Reset
[I](2020-06-19  05:03:45 am)작업 시작 [Start d:433]
[I](2020-06-19  05:03:45 am)Nc File: [No.0001-572.NC]
[I](2020-06-19  05:03:45 am)  * Start Machine Position
[I](2020-06-19  05:03:45 am)    X:     53.6239
[I](2020-06-19  05:03:45 am)    Y:   -283.0429
[I](2020-06-19  05:03:45 am)    U:      0.0000
[I](2020-06-19  05:03:45 am)    V:      0.0000
[I](2020-06-19  05:03:45 am)    Z:      7.8933
[I](2020-06-19  05:03:45 am)  * Angle
[I](2020-06-19  05:03:45 am)    Ar:      0.9605,Kr:      0.0000
[I](2020-06-19  05:03:45 am)    Taper_Ar:      0.0000
[I](2020-06-19  05:26:52 am)작업중 정지 [d:24][t:00:23:07]
[I](2020-06-19  05:26:52 am)    [LNo:0001] 000063/000410
[I](2020-06-19  05:26:53 am)작업중 M코드정지 [d:24][t:00:23:07]
[I](2020-06-19  05:29:09 am)작업중 정지 [d:24][t:00:25:24]
[I](2020-06-19  05:29:09 am)    [LNo:0001] 000065/000410
[I](2020-06-19  05:29:09 am)작업중 M코드정지 [d:24][t:00:25:24]
[I](2020-06-19  05:54:25 am)작업중 정지 [d:47][t:00:50:40]
[I](2020-06-19  05:54:25 am)    [LNo:0001] 000130/000410
[I](2020-06-19  05:54:25 am)작업중 M코드정지 [d:47][t:00:50:40]
[I](2020-06-19  06:11:50 am)작업중 정지 [d:47][t:01:08:04]
[I](2020-06-19  06:11:50 am)    [LNo:0001] 000132/000410
[I](2020-06-19  06:11:50 am)작업중 M코드정지 [d:47][t:01:08:04]
[I](2020-06-19  06:36:41 am)작업중 정지 [d:70][t:01:32:55]
[I](2020-06-19  06:36:41 am)    [LNo:0001] 000197/000410
[I](2020-06-19  06:36:41 am)작업중 M코드정지 [d:70][t:01:32:56]
[I](2020-06-19  06:47:06 am)작업중 정지 [d:70][t:01:43:21]
[I](2020-06-19  06:47:06 am)    [LNo:0001] 000199/000410
[I](2020-06-19  06:47:06 am)작업중 M코드정지 [d:70][t:01:43:21]
[I](2020-06-19  07:13:32 am)작업중 정지 [d:93][t:02:09:47]
[I](2020-06-19  07:13:32 am)    [LNo:0001] 000264/000410
[I](2020-06-19  07:13:32 am)작업중 M코드정지 [d:93][t:02:09:47]
[I](2020-06-19  07:56:27 am)작업중 정지 [d:93][t:02:52:42]
[I](2020-06-19  07:56:27 am)    [LNo:0001] 000266/000410
[I](2020-06-19  07:56:27 am)작업중 M코드정지 [d:93][t:02:52:42]
[I](2020-06-19  08:24:39 am)작업중 정지 [d:119][t:03:20:54]
[I](2020-06-19  08:24:39 am)    [LNo:0001] 000331/000410
[I](2020-06-19  08:24:39 am)작업중 M코드정지 [d:119][t:03:20:54]
[I](2020-06-19  08:41:26 am)작업중 정지 [d:119][t:03:37:41]
[I](2020-06-19  08:41:26 am)    [LNo:0001] 000333/000410
[I](2020-06-19  08:41:26 am)작업중 M코드정지 [d:119][t:03:37:41]
[I](2020-06-19  09:06:33 am)작업중 정지 [d:142][t:04:02:48]
[I](2020-06-19  09:06:33 am)    [LNo:0001] 000398/000410
[I](2020-06-19  09:06:33 am)작업중 M코드정지 [d:142][t:04:02:48]
[I](2020-06-19  09:22:12 am)작업중 정지 [d:142][t:04:18:27]
[I](2020-06-19  09:22:12 am)    [LNo:0001] 000400/000410
[I](2020-06-19  09:22:12 am)작업중 M코드정지 [d:142][t:04:18:27]
[I](2020-06-19  09:23:16 am)Reset
[I](2020-06-19  09:23:37 am)작업 시작 [Start d:575]
[I](2020-06-19  09:23:37 am)Nc File: [No.0002-521.NC]
[I](2020-06-19  09:23:37 am)  * Start Machine Position
[I](2020-06-19  09:23:37 am)    X:     49.3073
[I](2020-06-19  09:23:37 am)    Y:   -337.5619
[I](2020-06-19  09:23:37 am)    U:      0.0000
[I](2020-06-19  09:23:37 am)    V:      0.0000
[I](2020-06-19  09:23:37 am)    Z:      7.8933
[I](2020-06-19  09:23:37 am)  * Angle
[I](2020-06-19  09:23:37 am)    Ar:      0.9605,Kr:      0.0000
[I](2020-06-19  09:23:37 am)    Taper_Ar:      0.0000
[I](2020-06-19  09:24:27 am)작업중 정지 [d:1][t:00:00:49]
[I](2020-06-19  09:24:27 am)    [LNo:0002] 000017/000073
[I](2020-06-19  09:24:29 am)Reset
[I](2020-06-19  09:24:35 am)작업 시작 [Start d:576]
[I](2020-06-19  09:24:35 am)Nc File: [No.0002-521.NC]
[I](2020-06-19  09:24:35 am)  * Start Machine Position
[I](2020-06-19  09:24:35 am)    X:     49.7984
[I](2020-06-19  09:24:35 am)    Y:   -340.3590
[I](2020-06-19  09:24:35 am)    U:      0.0000
[I](2020-06-19  09:24:35 am)    V:      0.0000
[I](2020-06-19  09:24:35 am)    Z:      7.8933
[I](2020-06-19  09:24:35 am)  * Angle
[I](2020-06-19  09:24:35 am)    Ar:      0.9605,Kr:      0.0000
[I](2020-06-19  09:24:35 am)    Taper_Ar:      0.0000
[I](2020-06-19  09:44:08 am)작업중 정지 [d:20][t:00:19:33]
[I](2020-06-19  09:44:08 am)    [LNo:0002] 000061/000073
[I](2020-06-19  09:44:08 am)작업중 M코드정지 [d:20][t:00:19:33]
[I](2020-06-19  09:46:36 am)작업중 정지 [d:20][t:00:22:00]
[I](2020-06-19  09:46:36 am)    [LNo:0002] 000063/000073
[I](2020-06-19  09:46:36 am)작업중 M코드정지 [d:20][t:00:22:00]
[I](2020-06-19  09:48:05 am)Reset
[I](2020-06-19  09:48:12 am)작업 시작 [Start d:596]
[I](2020-06-19  09:48:12 am)Nc File: [No.0002-521.NC]
[I](2020-06-19  09:48:12 am)  * Start Machine Position
[I](2020-06-19  09:48:12 am)    X:     32.3453
[I](2020-06-19  09:48:12 am)    Y:   -349.2678
[I](2020-06-19  09:48:12 am)    U:      0.0000
[I](2020-06-19  09:48:12 am)    V:      0.0000
[I](2020-06-19  09:48:12 am)    Z:      7.8933
[I](2020-06-19  09:48:12 am)  * Angle
[I](2020-06-19  09:48:12 am)    Ar:      0.9605,Kr:      0.0000
[I](2020-06-19  09:48:12 am)    Taper_Ar:      0.0000
[I](2020-06-19  09:48:18 am)작업중 정지 [d:0][t:00:00:05]
[I](2020-06-19  09:48:18 am)    [LNo:0002] 000015/000073
[I](2020-06-19  09:48:38 am)Reset
[I](2020-06-19  09:48:43 am)작업 시작 [Start d:596]
[I](2020-06-19  09:48:43 am)Nc File: [No.0002-521.NC]
[I](2020-06-19  09:48:43 am)  * Start Machine Position
[I](2020-06-19  09:48:43 am)    X:     45.9262
[I](2020-06-19  09:48:43 am)    Y:   -347.3008
[I](2020-06-19  09:48:43 am)    U:      0.0000
[I](2020-06-19  09:48:43 am)    V:      0.0000
[I](2020-06-19  09:48:43 am)    Z:      7.8933
[I](2020-06-19  09:48:43 am)  * Angle
[I](2020-06-19  09:48:43 am)    Ar:      0.9605,Kr:      0.0000
[I](2020-06-19  09:48:43 am)    Taper_Ar:      0.0000
[I](2020-06-19  09:49:11 am)작업중 정지 [d:1][t:00:00:28]
[I](2020-06-19  09:49:11 am)    [LNo:0002] 000015/000073
[I](2020-06-19  09:49:12 am)Reset
[I](2020-06-19  09:49:15 am)작업 시작 [Start d:597]
[I](2020-06-19  09:49:15 am)Nc File: [No.0002-521.NC]
[I](2020-06-19  09:49:15 am)  * Start Machine Position
[I](2020-06-19  09:49:15 am)    X:     45.9687
[I](2020-06-19  09:49:15 am)    Y:   -349.8391
[I](2020-06-19  09:49:15 am)    U:      0.0000
[I](2020-06-19  09:49:15 am)    V:      0.0000
[I](2020-06-19  09:49:15 am)    Z:      7.8933
[I](2020-06-19  09:49:15 am)  * Angle
[I](2020-06-19  09:49:15 am)    Ar:      0.9605,Kr:      0.0000
[I](2020-06-19  09:49:15 am)    Taper_Ar:      0.0000
[I](2020-06-19  09:49:50 am)작업중 정지 [d:0][t:00:00:34]
[I](2020-06-19  09:49:50 am)    [LNo:0002] 000015/000073
[I](2020-06-19  09:49:51 am)Reset
[I](2020-06-19  09:49:55 am)작업 시작 [Start d:597]
[I](2020-06-19  09:49:55 am)Nc File: [No.0002-521.NC]
[I](2020-06-19  09:49:55 am)  * Start Machine Position
[I](2020-06-19  09:49:55 am)    X:     46.0099
[I](2020-06-19  09:49:55 am)    Y:   -352.3013
[I](2020-06-19  09:49:55 am)    U:      0.0000
[I](2020-06-19  09:49:55 am)    V:      0.0000
[I](2020-06-19  09:49:55 am)    Z:      7.8933
[I](2020-06-19  09:49:55 am)  * Angle
[I](2020-06-19  09:49:55 am)    Ar:      0.9605,Kr:      0.0000
[I](2020-06-19  09:49:55 am)    Taper_Ar:      0.0000
[I](2020-06-19  09:50:15 am)작업중 정지 [d:0][t:00:00:20]
[I](2020-06-19  09:50:15 am)    [LNo:0002] 000015/000073
[I](2020-06-19  09:50:16 am)Reset
[I](2020-06-19  09:50:22 am)작업 시작 [Start d:597]
[I](2020-06-19  09:50:22 am)Nc File: [No.0002-521.NC]
[I](2020-06-19  09:50:22 am)  * Start Machine Position
[I](2020-06-19  09:50:22 am)    X:     46.0337
[I](2020-06-19  09:50:22 am)    Y:   -353.7232
[I](2020-06-19  09:50:22 am)    U:      0.0000
[I](2020-06-19  09:50:22 am)    V:      0.0000
[I](2020-06-19  09:50:22 am)    Z:      7.8933
[I](2020-06-19  09:50:22 am)  * Angle
[I](2020-06-19  09:50:22 am)    Ar:      0.9605,Kr:      0.0000
[I](2020-06-19  09:50:22 am)    Taper_Ar:      0.0000
[I](2020-06-19  10:09:52 am)작업중 정지 [d:20][t:00:19:29]
[I](2020-06-19  10:09:52 am)    [LNo:0002] 000061/000073
[I](2020-06-19  10:09:52 am)작업중 M코드정지 [d:20][t:00:19:30]
[I](2020-06-19  10:10:44 am)작업중 정지 [d:20][t:00:20:22]
[I](2020-06-19  10:10:44 am)    [LNo:0002] 000063/000073
[I](2020-06-19  10:10:44 am)작업중 M코드정지 [d:20][t:00:20:22]
[I](2020-06-19  10:13:42 am)Reset
[I](2020-06-19  10:13:43 am)Reset
[I](2020-06-19  10:21:16 am)Reset
[I](2020-06-19  10:23:13 am)Reset
[I](2020-06-19  10:23:18 am)Reset
[I](2020-06-19  10:23:43 am)Reset
[I](2020-06-19  10:24:16 am)Reset
[I](2020-06-19  10:24:27 am)Reset
[I](2020-06-19  10:24:48 am)Reset
[I](2020-06-19  10:24:54 am)Reset
[I](2020-06-19  10:25:42 am)작업 시작 [Start d:617]
[I](2020-06-19  10:25:42 am)Nc File: [No.0003-599.NC]
[I](2020-06-19  10:25:42 am)  * Start Machine Position
[I](2020-06-19  10:25:42 am)    X:    295.8923
[I](2020-06-19  10:25:42 am)    Y:   -380.3573
[I](2020-06-19  10:25:42 am)    U:     -0.0299
[I](2020-06-19  10:25:42 am)    V:     -0.0001
[I](2020-06-19  10:25:42 am)    Z:     32.3353
[I](2020-06-19  10:25:42 am)  * Angle
[I](2020-06-19  10:25:42 am)    Ar:      0.3507,Kr:      0.0000
[I](2020-06-19  10:25:42 am)    Taper_Ar:      0.0000
[I](2020-06-19  10:31:16 am)작업중 정지 [d:5][t:00:05:33]
[I](2020-06-19  10:31:16 am)    [LNo:0003] 000028/000449
[I](2020-06-19  10:31:16 am)작업중 M코드정지 [d:5][t:00:05:33]
[I](2020-06-19  10:35:16 am)작업중 정지 [d:5][t:00:09:33]
[I](2020-06-19  10:35:16 am)    [LNo:0003] 000032/000449
[I](2020-06-19  10:35:16 am)작업중 M코드정지 [d:5][t:00:09:33]
[I](2020-06-19  10:36:49 am)작업중 정지 [d:6][t:00:11:06]
[I](2020-06-19  10:36:49 am)    [LNo:0003] 000051/000449
[I](2020-06-19  10:36:49 am)작업중 M코드정지 [d:6][t:00:11:06]
[A](2020-06-19  10:37:13 am)[037] 자동결선 잔여 WIRE 처리 실패!!
[I](2020-06-19  10:43:14 am)작업중 정지 [d:11][t:00:17:31]
[I](2020-06-19  10:43:14 am)    [LNo:0003] 000073/000449
[I](2020-06-19  10:43:14 am)작업중 M코드정지 [d:11][t:00:17:31]
[I](2020-06-19  10:43:56 am)작업중 정지 [d:12][t:00:18:13]
[I](2020-06-19  10:43:56 am)    [LNo:0003] 000077/000449
[I](2020-06-19  10:43:56 am)작업중 M코드정지 [d:12][t:00:18:13]
[I](2020-06-19  10:46:15 am)작업중 정지 [d:13][t:00:20:32]
[I](2020-06-19  10:46:15 am)    [LNo:0003] 000100/000449
[A](2020-06-19  10:46:15 am)[006] 작업중 H/W Limit(Y-)
[A](2020-06-19  10:47:03 am)[006] 작업중 H/W Limit(Y-)
[A](2020-06-19  10:47:31 am)[084] Work Tank Fluid Sensor Abnormal
[I](2020-06-19  10:47:43 am)Reset
[I](2020-06-19  10:47:43 am)Reset
[I](2020-06-19  10:49:04 am)Reset
[I](2020-06-19  10:50:54 am)Reset
[I](2020-06-19  10:51:21 am)Reset
[I](2020-06-19  10:51:32 am)Reset
[I](2020-06-19  10:51:54 am)Reset
[I](2020-06-19  10:52:00 am)Reset
[I](2020-06-19  10:52:43 am)작업 시작 [Start d:630]
[I](2020-06-19  10:52:43 am)Nc File: [No.0003-599.NC]
[I](2020-06-19  10:52:43 am)  * Start Machine Position
[I](2020-06-19  10:52:43 am)    X:    296.9140
[I](2020-06-19  10:52:43 am)    Y:   -380.3602
[I](2020-06-19  10:52:43 am)    U:     -0.1107
[I](2020-06-19  10:52:43 am)    V:      0.1694
[I](2020-06-19  10:52:43 am)    Z:     32.3353
[I](2020-06-19  10:52:43 am)  * Angle
[I](2020-06-19  10:52:43 am)    Ar:      0.3353,Kr:      0.0000
[I](2020-06-19  10:52:43 am)    Taper_Ar:      0.0000
[I](2020-06-19  10:58:07 am)작업중 정지 [d:5][t:00:05:23]
[I](2020-06-19  10:58:07 am)    [LNo:0003] 000143/000449
[I](2020-06-19  10:58:07 am)작업중 M코드정지 [d:5][t:00:05:23]
[I](2020-06-19  10:58:46 am)작업중 정지 [d:5][t:00:06:02]
[I](2020-06-19  10:58:46 am)    [LNo:0003] 000146/000449
[I](2020-06-19  10:58:59 am)작업 재시작
[I](2020-06-19  10:59:02 am)작업중 정지 [d:5][t:00:06:18]
[I](2020-06-19  10:59:02 am)    [LNo:0003] 000147/000449
[I](2020-06-19  10:59:02 am)작업중 M코드정지 [d:5][t:00:06:18]
[I](2020-06-19  11:05:54 am)작업중 정지 [d:11][t:00:13:10]
[I](2020-06-19  11:05:54 am)    [LNo:0003] 000188/000449
[I](2020-06-19  11:05:54 am)작업중 M코드정지 [d:11][t:00:13:10]
[I](2020-06-19  11:09:52 am)작업중 정지 [d:12][t:00:17:08]
[I](2020-06-19  11:09:52 am)    [LNo:0003] 000190/000449
[I](2020-06-19  11:10:13 am)작업 재시작
[I](2020-06-19  11:10:19 am)작업중 정지 [d:12][t:00:17:35]
[I](2020-06-19  11:10:19 am)    [LNo:0003] 000192/000449
[I](2020-06-19  11:10:19 am)작업중 M코드정지 [d:12][t:00:17:35]
[I](2020-06-19  11:12:01 am)작업중 정지 [d:13][t:00:19:17]
[I](2020-06-19  11:12:01 am)    [LNo:0003] 000212/000449
[I](2020-06-19  11:12:52 am)Reset
[I](2020-06-19  11:13:01 am)작업 시작 [Start d:643]
[I](2020-06-19  11:13:01 am)Nc File: [No.0003-599.NC]
[I](2020-06-19  11:13:01 am)  * Start Machine Position
[I](2020-06-19  11:13:01 am)    X:    296.9140
[I](2020-06-19  11:13:01 am)    Y:   -380.3602
[I](2020-06-19  11:13:01 am)    U:     -0.1107
[I](2020-06-19  11:13:01 am)    V:      0.1694
[I](2020-06-19  11:13:01 am)    Z:     32.3353
[I](2020-06-19  11:13:01 am)  * Angle
[I](2020-06-19  11:13:01 am)    Ar:      0.3353,Kr:      0.0000
[I](2020-06-19  11:13:01 am)    Taper_Ar:      0.0000
[I](2020-06-19  11:13:39 am)작업중 정지 [d:0][t:00:00:37]
[I](2020-06-19  11:13:39 am)    [LNo:0003] 000128/000449
[I](2020-06-19  11:13:40 am)Reset
[I](2020-06-19  11:13:41 am)Reset
[I](2020-06-19  11:13:51 am)작업 시작 [Start d:643]
[I](2020-06-19  11:13:51 am)Nc File: [No.0003-599.NC]
[I](2020-06-19  11:13:51 am)  * Start Machine Position
[I](2020-06-19  11:13:51 am)    X:    289.6142
[I](2020-06-19  11:13:51 am)    Y:   -380.4029
[I](2020-06-19  11:13:51 am)    U:     -0.1107
[I](2020-06-19  11:13:51 am)    V:      0.1694
[I](2020-06-19  11:13:51 am)    Z:     32.3353
[I](2020-06-19  11:13:51 am)  * Angle
[I](2020-06-19  11:13:51 am)    Ar:      0.3353,Kr:      0.0000
[I](2020-06-19  11:13:51 am)    Taper_Ar:      0.0000
[I](2020-06-19  11:14:36 am)작업중 정지 [d:1][t:00:00:44]
[I](2020-06-19  11:14:36 am)    [LNo:0003] 000167/000449
[I](2020-06-19  11:15:30 am)작업중 정지 [d:1][t:00:01:39]
[I](2020-06-19  11:15:30 am)    [LNo:0003] 000173/000449
[I](2020-06-19  11:15:32 am)Reset
[I](2020-06-19  11:15:32 am)Reset
[I](2020-06-19  11:15:42 am)작업 시작 [Start d:644]
[I](2020-06-19  11:15:42 am)Nc File: [No.0003-599.NC]
[I](2020-06-19  11:15:42 am)  * Start Machine Position
[I](2020-06-19  11:15:42 am)    X:    279.6144
[I](2020-06-19  11:15:42 am)    Y:   -380.4614
[I](2020-06-19  11:15:42 am)    U:     -0.1107
[I](2020-06-19  11:15:42 am)    V:      0.1694
[I](2020-06-19  11:15:42 am)    Z:     32.3353
[I](2020-06-19  11:15:42 am)  * Angle
[I](2020-06-19  11:15:42 am)    Ar:      0.3353,Kr:      0.0000
[I](2020-06-19  11:15:42 am)    Taper_Ar:      0.0000
[I](2020-06-19  11:16:32 am)작업중 정지 [d:1][t:00:00:50]
[I](2020-06-19  11:16:32 am)    [LNo:0003] 000215/000449
[A](2020-06-19  11:16:48 am)[084] Work Tank Fluid Sensor Abnormal
[A](2020-06-19  11:16:48 am)[084] Work Tank Fluid Sensor Abnormal
[A](2020-06-19  11:16:48 am)[084] Work Tank Fluid Sensor Abnormal
[A](2020-06-19  11:16:49 am)[084] Work Tank Fluid Sensor Abnormal
[A](2020-06-19  11:16:49 am)[084] Work Tank Fluid Sensor Abnormal
[A](2020-06-19  11:16:49 am)[084] Work Tank Fluid Sensor Abnormal
[A](2020-06-19  11:16:49 am)[084] Work Tank Fluid Sensor Abnormal
[A](2020-06-19  11:16:49 am)[084] Work Tank Fluid Sensor Abnormal
[A](2020-06-19  11:16:49 am)[084] Work Tank Fluid Sensor Abnormal
[A](2020-06-19  11:16:49 am)[084] Work Tank Fluid Sensor Abnormal
[A](2020-06-19  11:16:50 am)[084] Work Tank Fluid Sensor Abnormal
[A](2020-06-19  11:16:50 am)[084] Work Tank Fluid Sensor Abnormal
[A](2020-06-19  11:16:50 am)[084] Work Tank Fluid Sensor Abnormal
[A](2020-06-19  11:16:50 am)[084] Work Tank Fluid Sensor Abnormal
[A](2020-06-19  11:16:51 am)[084] Work Tank Fluid Sensor Abnormal
[A](2020-06-19  11:16:51 am)[084] Work Tank Fluid Sensor Abnormal
[A](2020-06-19  11:16:52 am)[084] Work Tank Fluid Sensor Abnormal
[A](2020-06-19  11:16:52 am)[084] Work Tank Fluid Sensor Abnormal
[A](2020-06-19  11:16:52 am)[084] Work Tank Fluid Sensor Abnormal
[A](2020-06-19  11:16:52 am)[084] Work Tank Fluid Sensor Abnormal
[A](2020-06-19  11:16:52 am)[084] Work Tank Fluid Sensor Abnormal
[A](2020-06-19  11:16:53 am)[084] Work Tank Fluid Sensor Abnormal
[A](2020-06-19  11:16:53 am)[084] Work Tank Fluid Sensor Abnormal
[A](2020-06-19  11:16:53 am)[084] Work Tank Fluid Sensor Abnormal
[A](2020-06-19  11:16:53 am)[084] Work Tank Fluid Sensor Abnormal
[A](2020-06-19  11:16:53 am)[084] Work Tank Fluid Sensor Abnormal
[A](2020-06-19  11:16:54 am)[084] Work Tank Fluid Sensor Abnormal
[A](2020-06-19  11:16:54 am)[084] Work Tank Fluid Sensor Abnormal
[A](2020-06-19  11:16:54 am)[084] Work Tank Fluid Sensor Abnormal
[A](2020-06-19  11:16:54 am)[084] Work Tank Fluid Sensor Abnormal
[A](2020-06-19  11:16:54 am)[084] Work Tank Fluid Sensor Abnormal
[A](2020-06-19  11:16:55 am)[084] Work Tank Fluid Sensor Abnormal
[A](2020-06-19  11:16:55 am)[084] Work Tank Fluid Sensor Abnormal
[A](2020-06-19  11:16:55 am)[084] Work Tank Fluid Sensor Abnormal
[I](2020-06-19  11:17:11 am)Reset
[I](2020-06-19  11:18:52 am)Reset
[I](2020-06-19  11:20:07 am)Reset
[I](2020-06-19  11:20:52 am)Reset
[I](2020-06-19  11:21:02 am)Reset
[I](2020-06-19  11:21:24 am)Reset
[I](2020-06-19  11:21:32 am)Reset
[I](2020-06-19  11:22:10 am)작업 시작 [Start d:645]
[I](2020-06-19  11:22:10 am)Nc File: [No.0003-599.NC]
[I](2020-06-19  11:22:10 am)  * Start Machine Position
[I](2020-06-19  11:22:10 am)    X:    293.3856
[I](2020-06-19  11:22:10 am)    Y:   -380.1910
[I](2020-06-19  11:22:10 am)    U:     -0.0296
[I](2020-06-19  11:22:10 am)    V:     -0.0501
[I](2020-06-19  11:22:10 am)    Z:     32.3353
[I](2020-06-19  11:22:10 am)  * Angle
[I](2020-06-19  11:22:10 am)    Ar:      0.4438,Kr:      0.0000
[I](2020-06-19  11:22:10 am)    Taper_Ar:      0.0000
[I](2020-06-19  11:28:06 am)작업중 정지 [d:5][t:00:05:56]
[I](2020-06-19  11:28:06 am)    [LNo:0003] 000258/000449
[I](2020-06-19  11:28:06 am)작업중 M코드정지 [d:5][t:00:05:56]
[I](2020-06-19  11:30:05 am)작업중 정지 [d:5][t:00:07:55]
[I](2020-06-19  11:30:05 am)    [LNo:0003] 000261/000449
[I](2020-06-19  11:30:05 am)Wire Contact Auto Stop(M52)
[I](2020-06-19  11:30:24 am)작업 재시작
[I](2020-06-19  11:30:26 am)작업중 정지 [d:5][t:00:08:16]
[I](2020-06-19  11:30:26 am)    [LNo:0003] 000262/000449
[I](2020-06-19  11:30:26 am)작업중 M코드정지 [d:5][t:00:08:16]
[I](2020-06-19  11:31:48 am)작업중 정지 [d:6][t:00:09:38]
[I](2020-06-19  11:31:48 am)    [LNo:0003] 000281/000449
[I](2020-06-19  11:31:48 am)작업중 M코드정지 [d:6][t:00:09:38]
[A](2020-06-19  11:33:00 am)[037] 자동결선 잔여 WIRE 처리 실패!!
[I](2020-06-19  11:33:52 am)Reset
[I](2020-06-19  11:33:52 am)Reset
[I](2020-06-19  11:34:02 am)작업 시작 [Start d:651]
[I](2020-06-19  11:34:02 am)Nc File: [No.0003-599.NC]
[I](2020-06-19  11:34:02 am)  * Start Machine Position
[I](2020-06-19  11:34:02 am)    X:    282.0736
[I](2020-06-19  11:34:02 am)    Y:   -383.8387
[I](2020-06-19  11:34:02 am)    U:     -0.0296
[I](2020-06-19  11:34:02 am)    V:     -0.0501
[I](2020-06-19  11:34:02 am)    Z:     32.3353
[I](2020-06-19  11:34:02 am)  * Angle
[I](2020-06-19  11:34:02 am)    Ar:      0.4438,Kr:      0.0000
[I](2020-06-19  11:34:02 am)    Taper_Ar:      0.0000
[I](2020-06-19  11:40:40 am)작업중 정지 [d:5][t:00:06:38]
[I](2020-06-19  11:40:40 am)    [LNo:0003] 000303/000449
[I](2020-06-19  11:40:40 am)작업중 M코드정지 [d:5][t:00:06:38]
[I](2020-06-19  11:40:59 am)작업중 정지 [d:6][t:00:06:57]
[I](2020-06-19  11:40:59 am)    [LNo:0003] 000307/000449
[I](2020-06-19  11:40:59 am)작업중 M코드정지 [d:6][t:00:06:57]
[I](2020-06-19  11:42:32 am)작업중 정지 [d:7][t:00:08:29]
[I](2020-06-19  11:42:32 am)    [LNo:0003] 000326/000449
[I](2020-06-19  11:42:32 am)작업중 M코드정지 [d:7][t:00:08:30]
[I](2020-06-19  11:48:15 am)Reset
[I](2020-06-19  11:48:22 am)Reset
[I](2020-06-19  11:48:50 am)Reset
[I](2020-06-19  11:50:51 am)Reset
[I](2020-06-19  11:50:54 am)Reset
[I](2020-06-19  11:51:22 am)Reset
[I](2020-06-19  11:51:30 am)Reset
[I](2020-06-19  11:51:52 am)Reset
[I](2020-06-19  11:51:58 am)Reset
[I](2020-06-19  11:52:35 am)Reset
[I](2020-06-19  11:52:44 am)작업 시작 [Start d:658]
[I](2020-06-19  11:52:44 am)Nc File: [No.0003-599.NC]
[I](2020-06-19  11:52:44 am)  * Start Machine Position
[I](2020-06-19  11:52:44 am)    X:    301.9378
[I](2020-06-19  11:52:44 am)    Y:   -380.3763
[I](2020-06-19  11:52:44 am)    U:     -0.1598
[I](2020-06-19  11:52:44 am)    V:     -0.0304
[I](2020-06-19  11:52:44 am)    Z:     32.3353
[I](2020-06-19  11:52:44 am)  * Angle
[I](2020-06-19  11:52:44 am)    Ar:      0.2129,Kr:      0.0000
[I](2020-06-19  11:52:44 am)    Taper_Ar:      0.0000
[I](2020-06-19  11:57:27 am)작업중 정지 [d:4][t:00:04:43]
[I](2020-06-19  11:57:27 am)    [LNo:0003] 000373/000449
[I](2020-06-19  11:57:27 am)작업중 M코드정지 [d:4][t:00:04:43]
[I](2020-06-19  12:19:13 pm)작업중 정지 [d:4][t:00:26:29]
[I](2020-06-19  12:19:13 pm)    [LNo:0003] 000377/000449
[I](2020-06-19  12:19:13 pm)작업중 M코드정지 [d:4][t:00:26:29]
[I](2020-06-19  12:25:52 pm)작업중 정지 [d:10][t:00:33:07]
[I](2020-06-19  12:25:52 pm)    [LNo:0003] 000418/000449
[I](2020-06-19  12:25:52 pm)작업중 M코드정지 [d:10][t:00:33:07]
[I](2020-06-19  12:38:39 pm)작업중 정지 [d:10][t:00:45:55]
[I](2020-06-19  12:38:39 pm)    [LNo:0003] 000422/000449
[I](2020-06-19  12:38:39 pm)작업중 M코드정지 [d:10][t:00:45:55]
[A](2020-06-19  12:40:10 pm)[059] 가공조 Water Full 센서 동작 이상 - 점검(청소)요망
[I](2020-06-19  12:41:26 pm)작업중 정지 [d:12][t:00:48:42]
[I](2020-06-19  12:41:26 pm)    [LNo:0003] 000444/000449
[A](2020-06-19  12:41:35 pm)[084] Work Tank Fluid Sensor Abnormal
[I](2020-06-19  12:41:46 pm)Reset
[I](2020-06-19  01:07:56 pm)Reset
[I](2020-06-19  01:09:25 pm)Reset
[I](2020-06-19  01:11:35 pm)Reset
[I](2020-06-19  01:11:44 pm)Reset
[I](2020-06-19  01:11:59 pm)Reset
[I](2020-06-19  01:12:09 pm)Reset
[I](2020-06-19  01:13:26 pm)작업 시작 [Start d:670]
[I](2020-06-19  01:13:26 pm)Nc File: [No.0005-601.NC]
[I](2020-06-19  01:13:26 pm)  * Start Machine Position
[I](2020-06-19  01:13:26 pm)    X:    213.6859
[I](2020-06-19  01:13:26 pm)    Y:   -353.2461
[I](2020-06-19  01:13:26 pm)    U:     -0.0452
[I](2020-06-19  01:13:26 pm)    V:      1.0097
[I](2020-06-19  01:13:26 pm)    Z:     63.1944
[I](2020-06-19  01:13:26 pm)  * Angle
[I](2020-06-19  01:13:26 pm)    Ar:      0.2956,Kr:      0.0000
[I](2020-06-19  01:13:26 pm)    Taper_Ar:      0.0000
[I](2020-06-19  01:13:29 pm)작업중 정지 [d:0][t:00:00:03]
[I](2020-06-19  01:13:29 pm)    [LNo:0005] 000010/000058
[I](2020-06-19  01:13:29 pm)작업중 M코드정지 [d:0][t:00:00:03]
[I](2020-06-19  01:13:49 pm)작업중 정지 [d:0][t:00:00:23]
[I](2020-06-19  01:13:49 pm)    [LNo:0005] 000013/000058
[I](2020-06-19  01:13:49 pm)작업중 M코드정지 [d:0][t:00:00:23]
[I](2020-06-19  01:25:58 pm)작업중 정지 [d:12][t:00:12:31]
[I](2020-06-19  01:25:58 pm)    [LNo:0005] 000028/000058
[I](2020-06-19  01:25:58 pm)작업중 M코드정지 [d:12][t:00:12:31]
[I](2020-06-19  01:28:54 pm)작업중 정지 [d:13][t:00:15:27]
[I](2020-06-19  01:28:54 pm)    [LNo:0005] 000030/000058
[I](2020-06-19  01:28:54 pm)작업중 M코드정지 [d:13][t:00:15:27]
[I](2020-06-19  01:31:45 pm)작업중 정지 [d:15][t:00:18:18]
[I](2020-06-19  01:31:45 pm)    [LNo:0005] 000050/000058
[I](2020-06-19  01:31:45 pm)작업중 M코드정지 [d:15][t:00:18:18]
[I](2020-06-19  01:36:21 pm)Reset
[I](2020-06-19  01:36:27 pm)Reset
[I](2020-06-19  01:40:07 pm)Reset
[I](2020-06-19  01:40:49 pm)Reset
[I](2020-06-19  01:42:24 pm)Reset
[A](2020-06-19  01:43:17 pm)[001] 와이어 미동작
[I](2020-06-19  01:46:14 pm)Reset
[I](2020-06-19  01:46:42 pm)Reset
[I](2020-06-19  01:47:31 pm)Reset
[I](2020-06-19  01:47:56 pm)Reset
[I](2020-06-19  01:48:02 pm)Reset
[I](2020-06-19  01:48:14 pm)Reset
[I](2020-06-19  01:48:36 pm)Reset
[I](2020-06-19  01:48:57 pm)Reset
[I](2020-06-19  01:49:06 pm)Reset
[I](2020-06-19  01:49:50 pm)작업 시작 [Start d:685]
[I](2020-06-19  01:49:50 pm)Nc File: [No.0006-603.NC]
[I](2020-06-19  01:49:50 pm)  * Start Machine Position
[I](2020-06-19  01:49:50 pm)    X:     42.8920
[I](2020-06-19  01:49:50 pm)    Y:   -348.2098
[I](2020-06-19  01:49:50 pm)    U:     -0.0502
[I](2020-06-19  01:49:50 pm)    V:      0.0193
[I](2020-06-19  01:49:50 pm)    Z:     71.2249
[I](2020-06-19  01:49:50 pm)  * Angle
[I](2020-06-19  01:49:50 pm)    Ar:      0.7120,Kr:      0.0000
[I](2020-06-19  01:49:50 pm)    Taper_Ar:      0.0000
[I](2020-06-19  01:49:56 pm)작업중 정지 [d:0][t:00:00:05]
[I](2020-06-19  01:49:56 pm)    [LNo:0006] 000010/000169
[I](2020-06-19  01:49:56 pm)작업중 M코드정지 [d:0][t:00:00:05]
[I](2020-06-19  01:50:08 pm)작업중 정지 [d:0][t:00:00:17]
[I](2020-06-19  01:50:08 pm)    [LNo:0006] 000010/000169
[I](2020-06-19  01:50:08 pm)작업중 M코드정지 [d:0][t:00:00:17]
[I](2020-06-19  01:51:18 pm)작업중 정지 [d:1][t:00:01:27]
[I](2020-06-19  01:51:18 pm)    [LNo:0006] 000046/000169
[I](2020-06-19  01:51:18 pm)작업중 M코드정지 [d:1][t:00:01:27]
[I](2020-06-19  01:51:39 pm)작업중 정지 [d:1][t:00:01:48]
[I](2020-06-19  01:51:39 pm)    [LNo:0006] 000049/000169
[I](2020-06-19  01:51:39 pm)작업중 M코드정지 [d:1][t:00:01:48]
[I](2020-06-19  01:51:41 pm)작업중 정지 [d:1][t:00:01:50]
[I](2020-06-19  01:51:41 pm)    [LNo:0006] 000052/000169
[I](2020-06-19  01:51:42 pm)작업중 M코드정지 [d:1][t:00:01:51]
[I](2020-06-19  01:51:46 pm)작업중 정지 [d:1][t:00:01:55]
[I](2020-06-19  01:51:46 pm)    [LNo:0006] 000055/000169
[I](2020-06-19  01:51:46 pm)작업중 M코드정지 [d:1][t:00:01:55]
[I](2020-06-19  02:25:14 pm)작업중 정지 [d:35][t:00:35:23]
[I](2020-06-19  02:25:14 pm)    [LNo:0006] 000076/000169
[I](2020-06-19  02:25:14 pm)작업중 M코드정지 [d:35][t:00:35:23]
[I](2020-06-19  02:27:05 pm)작업중 정지 [d:36][t:00:37:14]
[I](2020-06-19  02:27:05 pm)    [LNo:0006] 000077/000169
[I](2020-06-19  02:27:38 pm)작업 재시작
[I](2020-06-19  02:28:27 pm)작업중 정지 [d:37][t:00:38:36]
[I](2020-06-19  02:28:27 pm)    [LNo:0006] 000079/000169
[I](2020-06-19  02:28:27 pm)작업중 M코드정지 [d:37][t:00:38:36]
[I](2020-06-19  02:38:43 pm)작업중 정지 [d:47][t:00:48:52]
[I](2020-06-19  02:38:43 pm)    [LNo:0006] 000104/000169
[I](2020-06-19  02:38:43 pm)작업중 M코드정지 [d:47][t:00:48:52]
[I](2020-06-19  02:43:15 pm)Reset
[I](2020-06-19  02:43:27 pm)작업 시작 [Start d:732]
[I](2020-06-19  02:43:27 pm)Nc File: [No.0006-603.NC]
[I](2020-06-19  02:43:27 pm)  * Start Machine Position
[I](2020-06-19  02:43:27 pm)    X:     26.3987
[I](2020-06-19  02:43:27 pm)    Y:   -353.9161
[I](2020-06-19  02:43:27 pm)    U:     -0.0502
[I](2020-06-19  02:43:27 pm)    V:      0.0193
[I](2020-06-19  02:43:27 pm)    Z:     71.2249
[I](2020-06-19  02:43:27 pm)  * Angle
[I](2020-06-19  02:43:27 pm)    Ar:      0.7120,Kr:      0.0000
[I](2020-06-19  02:43:27 pm)    Taper_Ar:      0.0000
[I](2020-06-19  02:47:51 pm)작업중 정지 [d:2][t:00:04:23]
[I](2020-06-19  02:47:51 pm)    [LNo:0006] 000124/000169
[I](2020-06-19  02:47:51 pm)작업중 30sec 접촉 정지 [d:2][t:00:04:23]
[I](2020-06-19  02:48:33 pm)작업 재시작
[I](2020-06-19  02:48:36 pm)작업중 정지 [d:2][t:00:05:09]
[I](2020-06-19  02:48:36 pm)    [LNo:0006] 000124/000169
[I](2020-06-19  02:48:40 pm)작업 재시작
[I](2020-06-19  03:17:11 pm)작업중 정지 [d:31][t:00:33:44]
[I](2020-06-19  03:17:11 pm)    [LNo:0006] 000129/000169
[I](2020-06-19  03:17:11 pm)작업중 30sec 접촉 정지 [d:31][t:00:33:44]
[I](2020-06-19  03:17:55 pm)작업 재시작
[I](2020-06-19  03:17:58 pm)작업중 정지 [d:31][t:00:34:30]
[I](2020-06-19  03:17:58 pm)    [LNo:0006] 000129/000169
[I](2020-06-19  03:18:04 pm)작업 재시작
[I](2020-06-19  03:19:29 pm)작업중 정지 [d:32][t:00:36:01]
[I](2020-06-19  03:19:29 pm)    [LNo:0006] 000129/000169
[I](2020-06-19  03:19:49 pm)작업 재시작
[I](2020-06-19  03:20:34 pm)작업중 정지 [d:33][t:00:37:07]
[I](2020-06-19  03:20:34 pm)    [LNo:0006] 000131/000169
[I](2020-06-19  03:20:34 pm)작업중 M코드정지 [d:33][t:00:37:07]
[I](2020-06-19  03:21:30 pm)작업중 정지 [d:34][t:00:38:03]
[I](2020-06-19  03:21:30 pm)    [LNo:0006] 000140/000169
[I](2020-06-19  03:23:30 pm)Reset
[I](2020-06-19  03:23:50 pm)작업 시작 [Start d:766]
[I](2020-06-19  03:23:50 pm)Nc File: [No.0006-603.NC]
[I](2020-06-19  03:23:50 pm)  * Start Machine Position
[I](2020-06-19  03:23:50 pm)    X:     26.6005
[I](2020-06-19  03:23:50 pm)    Y:   -342.3918
[I](2020-06-19  03:23:50 pm)    U:     -0.0502
[I](2020-06-19  03:23:50 pm)    V:      0.0193
[I](2020-06-19  03:23:50 pm)    Z:     71.2249
[I](2020-06-19  03:23:50 pm)  * Angle
[I](2020-06-19  03:23:50 pm)    Ar:      0.7120,Kr:      0.0000
[I](2020-06-19  03:23:50 pm)    Taper_Ar:      0.0000
[I](2020-06-19  03:32:57 pm)작업중 정지 [d:10][t:00:09:06]
[I](2020-06-19  03:32:57 pm)    [LNo:0006] 000131/000169
[I](2020-06-19  03:32:57 pm)작업중 M코드정지 [d:10][t:00:09:06]
[I](2020-06-19  03:33:23 pm)작업중 정지 [d:10][t:00:09:32]
[I](2020-06-19  03:33:23 pm)    [LNo:0006] 000134/000169
[I](2020-06-19  03:33:23 pm)작업중 M코드정지 [d:10][t:00:09:32]
[I](2020-06-19  03:34:02 pm)Reset
[A](2020-06-19  03:34:10 pm)[001] 와이어 미동작
[A](2020-06-19  03:34:11 pm)[001] 와이어 미동작
[A](2020-06-19  03:34:30 pm)[037] 자동결선 잔여 WIRE 처리 실패!!
[A](2020-06-19  03:35:03 pm)[002] 가공액 미동작
[I](2020-06-19  03:35:05 pm)작업 시작 [Start d:776]
[I](2020-06-19  03:35:05 pm)Nc File: [No.0006-603.NC]
[I](2020-06-19  03:35:05 pm)  * Start Machine Position
[I](2020-06-19  03:35:05 pm)    X:     26.6005
[I](2020-06-19  03:35:05 pm)    Y:   -342.3918
[I](2020-06-19  03:35:05 pm)    U:     -0.0502
[I](2020-06-19  03:35:05 pm)    V:      0.0193
[I](2020-06-19  03:35:05 pm)    Z:     71.2249
[I](2020-06-19  03:35:05 pm)  * Angle
[I](2020-06-19  03:35:05 pm)    Ar:      0.7120,Kr:      0.0000
[I](2020-06-19  03:35:05 pm)    Taper_Ar:      0.0000
[I](2020-06-19  03:37:25 pm)작업중 정지 [d:2][t:00:02:20]
[I](2020-06-19  03:37:25 pm)    [LNo:0006] 000131/000169
[I](2020-06-19  03:37:25 pm)작업중 M코드정지 [d:2][t:00:02:20]
[I](2020-06-19  03:37:35 pm)작업중 정지 [d:2][t:00:02:30]
[I](2020-06-19  03:37:35 pm)    [LNo:0006] 000134/000169
[I](2020-06-19  03:37:35 pm)작업중 M코드정지 [d:2][t:00:02:30]
[A](2020-06-19  03:37:55 pm)[084] Work Tank Fluid Sensor Abnormal
[A](2020-06-19  03:37:55 pm)[084] Work Tank Fluid Sensor Abnormal
[A](2020-06-19  03:37:55 pm)[084] Work Tank Fluid Sensor Abnormal
[A](2020-06-19  03:37:56 pm)[084] Work Tank Fluid Sensor Abnormal
[A](2020-06-19  03:37:56 pm)[084] Work Tank Fluid Sensor Abnormal
[A](2020-06-19  03:37:56 pm)[084] Work Tank Fluid Sensor Abnormal
[A](2020-06-19  03:37:56 pm)[084] Work Tank Fluid Sensor Abnormal
[A](2020-06-19  03:37:56 pm)[084] Work Tank Fluid Sensor Abnormal
[A](2020-06-19  03:37:57 pm)[084] Work Tank Fluid Sensor Abnormal
[A](2020-06-19  03:37:57 pm)[084] Work Tank Fluid Sensor Abnormal
[A](2020-06-19  03:37:57 pm)[084] Work Tank Fluid Sensor Abnormal
[A](2020-06-19  03:37:58 pm)[084] Work Tank Fluid Sensor Abnormal
[A](2020-06-19  03:37:58 pm)[084] Work Tank Fluid Sensor Abnormal
[A](2020-06-19  03:37:58 pm)[084] Work Tank Fluid Sensor Abnormal
[A](2020-06-19  03:37:59 pm)[084] Work Tank Fluid Sensor Abnormal
[A](2020-06-19  03:37:59 pm)[084] Work Tank Fluid Sensor Abnormal
[A](2020-06-19  03:37:59 pm)[084] Work Tank Fluid Sensor Abnormal
[A](2020-06-19  03:37:59 pm)[084] Work Tank Fluid Sensor Abnormal
[A](2020-06-19  03:37:59 pm)[084] Work Tank Fluid Sensor Abnormal
[A](2020-06-19  03:38:00 pm)[084] Work Tank Fluid Sensor Abnormal
[A](2020-06-19  03:38:00 pm)[084] Work Tank Fluid Sensor Abnormal
[A](2020-06-19  03:38:00 pm)[084] Work Tank Fluid Sensor Abnormal
[A](2020-06-19  03:38:01 pm)[084] Work Tank Fluid Sensor Abnormal
[A](2020-06-19  03:38:01 pm)[084] Work Tank Fluid Sensor Abnormal
[A](2020-06-19  03:38:01 pm)[084] Work Tank Fluid Sensor Abnormal
[A](2020-06-19  03:38:02 pm)[084] Work Tank Fluid Sensor Abnormal
[A](2020-06-19  03:38:02 pm)[084] Work Tank Fluid Sensor Abnormal
[A](2020-06-19  03:38:02 pm)[084] Work Tank Fluid Sensor Abnormal
[A](2020-06-19  03:38:03 pm)[084] Work Tank Fluid Sensor Abnormal
[A](2020-06-19  03:38:03 pm)[084] Work Tank Fluid Sensor Abnormal
[A](2020-06-19  03:38:03 pm)[084] Work Tank Fluid Sensor Abnormal
[A](2020-06-19  03:38:03 pm)[084] Work Tank Fluid Sensor Abnormal
[A](2020-06-19  03:38:04 pm)[084] Work Tank Fluid Sensor Abnormal
[A](2020-06-19  03:38:04 pm)[084] Work Tank Fluid Sensor Abnormal
[A](2020-06-19  03:38:04 pm)[084] Work Tank Fluid Sensor Abnormal
[I](2020-06-19  03:39:06 pm)Reset
[I](2020-06-19  03:39:17 pm)Reset
[I](2020-06-19  03:39:18 pm)Reset
[A](2020-06-19  03:42:04 pm)[037] 자동결선 잔여 WIRE 처리 실패!!
[I](2020-06-19  03:47:57 pm)Reset
[I](2020-06-19  03:47:57 pm)Reset
[I](2020-06-19  03:54:28 pm)Reset
[I](2020-06-19  03:58:53 pm)Reset
[I](2020-06-19  03:59:01 pm)작업 시작 [Start d:0]
[I](2020-06-19  03:59:01 pm)Nc File: [No.0007-610.NC]
[I](2020-06-19  03:59:01 pm)  * Start Machine Position
[I](2020-06-19  03:59:01 pm)    X:    125.2992
[I](2020-06-19  03:59:01 pm)    Y:   -351.1721
[I](2020-06-19  03:59:01 pm)    U:      0.0000
[I](2020-06-19  03:59:01 pm)    V:      0.0000
[I](2020-06-19  03:59:01 pm)    Z:     29.4249
[I](2020-06-19  03:59:01 pm)  * Angle
[I](2020-06-19  03:59:01 pm)    Ar:      0.0997,Kr:      0.0000
[I](2020-06-19  03:59:01 pm)    Taper_Ar:      0.0000
[I](2020-06-19  04:06:56 pm)작업중 정지 [d:8][t:00:07:54]
[I](2020-06-19  04:06:56 pm)    [LNo:0007] 000023/000091
[I](2020-06-19  04:06:56 pm)작업중 M코드정지 [d:8][t:00:07:54]
[I](2020-06-19  04:09:18 pm)작업중 정지 [d:8][t:00:10:17]
[I](2020-06-19  04:09:19 pm)    [LNo:0007] 000026/000091
[I](2020-06-19  04:09:19 pm)작업중 M코드정지 [d:8][t:00:10:17]
[A](2020-06-19  04:09:36 pm)[037] 자동결선 잔여 WIRE 처리 실패!!
[I](2020-06-19  04:18:10 pm)작업중 정지 [d:15][t:00:19:09]
[I](2020-06-19  04:18:10 pm)    [LNo:0007] 000085/000091
[I](2020-06-19  04:18:10 pm)작업중 M코드정지 [d:15][t:00:19:09]
[I](2020-06-19  04:20:08 pm)Reset
[I](2020-06-19  04:20:09 pm)Reset
[I](2020-06-19  04:20:09 pm)Reset
[I](2020-06-19  04:20:09 pm)Reset
[I](2020-06-19  04:20:16 pm)작업 시작 [Start d:15]
[I](2020-06-19  04:20:16 pm)Nc File: [No.0008-611.NC]
[I](2020-06-19  04:20:16 pm)  * Start Machine Position
[I](2020-06-19  04:20:16 pm)    X:    125.2992
[I](2020-06-19  04:20:16 pm)    Y:   -351.1721
[I](2020-06-19  04:20:16 pm)    U:      0.0000
[I](2020-06-19  04:20:16 pm)    V:      0.0000
[I](2020-06-19  04:20:16 pm)    Z:     29.4249
[I](2020-06-19  04:20:16 pm)  * Angle
[I](2020-06-19  04:20:16 pm)    Ar:      0.0997,Kr:      0.0000
[I](2020-06-19  04:20:16 pm)    Taper_Ar:      0.0000
[I](2020-06-19  04:20:22 pm)작업중 정지 [d:-15][t:00:00:06]
[I](2020-06-19  04:20:22 pm)    [LNo:0008] 000010/000427
[I](2020-06-19  04:20:22 pm)작업중 M코드정지 [d:-15][t:00:00:06]
[I](2020-06-19  05:30:38 pm)작업중 정지 [d:51][t:01:10:22]
[I](2020-06-19  05:30:38 pm)    [LNo:0008] 000090/000427
[I](2020-06-19  05:30:38 pm)작업중 M코드정지 [d:51][t:01:10:22]
[I](2020-06-19  05:31:37 pm)작업중 정지 [d:51][t:01:11:21]
[I](2020-06-19  05:31:37 pm)    [LNo:0008] 000093/000427
[I](2020-06-19  05:31:37 pm)작업중 M코드정지 [d:51][t:01:11:21]
[I](2020-06-19  05:38:05 pm)작업중 정지 [d:56][t:01:17:49]
[I](2020-06-19  05:38:05 pm)    [LNo:0008] 000115/000427
[I](2020-06-19  05:38:05 pm)작업중 M코드정지 [d:56][t:01:17:49]
[I](2020-06-19  05:42:43 pm)작업중 정지 [d:56][t:01:22:27]
[I](2020-06-19  05:42:43 pm)    [LNo:0008] 000118/000427
[I](2020-06-19  05:42:43 pm)작업중 M코드정지 [d:56][t:01:22:27]
[I](2020-06-19  05:49:21 pm)작업중 정지 [d:61][t:01:29:05]
[I](2020-06-19  05:49:21 pm)    [LNo:0008] 000140/000427
[I](2020-06-19  05:49:21 pm)작업중 M코드정지 [d:61][t:01:29:05]
[I](2020-06-19  05:53:00 pm)작업중 정지 [d:62][t:01:32:44]
[I](2020-06-19  05:53:00 pm)    [LNo:0008] 000143/000427
[I](2020-06-19  05:53:00 pm)작업중 M코드정지 [d:62][t:01:32:44]
[I](2020-06-19  06:36:49 pm)작업중 정지 [d:104][t:02:16:33]
[I](2020-06-19  06:36:49 pm)    [LNo:0008] 000180/000427
[I](2020-06-19  06:36:50 pm)작업중 M코드정지 [d:104][t:02:16:33]
[I](2020-06-19  06:46:57 pm)작업중 정지 [d:105][t:02:26:41]
[I](2020-06-19  06:46:57 pm)    [LNo:0008] 000183/000427
[I](2020-06-19  06:46:57 pm)작업중 M코드정지 [d:105][t:02:26:41]
[A](2020-06-19  06:48:58 pm)[001] 와이어 미동작
[I](2020-06-19  07:20:29 pm)작업중 정지 [d:136][t:03:00:13]
[I](2020-06-19  07:20:29 pm)    [LNo:0008] 000276/000427
[I](2020-06-19  07:20:29 pm)작업중 M코드정지 [d:136][t:03:00:13]
[I](2020-06-19  07:41:11 pm)작업중 정지 [d:148][t:03:20:55]
[I](2020-06-19  07:41:11 pm)    [LNo:0008] 000327/000427
[I](2020-06-19  07:41:11 pm)작업중 M코드정지 [d:148][t:03:20:55]
[I](2020-06-19  08:02:02 pm)작업중 정지 [d:161][t:03:41:46]
[I](2020-06-19  08:02:02 pm)    [LNo:0008] 000373/000427
[I](2020-06-19  08:02:02 pm)작업중 M코드정지 [d:161][t:03:41:46]
[I](2020-06-19  08:08:16 pm)작업중 정지 [d:166][t:03:48:00]
[I](2020-06-19  08:08:16 pm)    [LNo:0008] 000390/000427
[I](2020-06-19  08:08:17 pm)작업중 M코드정지 [d:166][t:03:48:00]
[I](2020-06-19  08:12:54 pm)작업중 정지 [d:167][t:03:52:38]
[I](2020-06-19  08:12:54 pm)    [LNo:0008] 000392/000427
[I](2020-06-19  08:12:54 pm)작업중 M코드정지 [d:167][t:03:52:38]
[I](2020-06-19  08:13:50 pm)작업중 정지 [d:167][t:03:53:34]
[I](2020-06-19  08:13:50 pm)    [LNo:0008] 000398/000427
[I](2020-06-19  08:13:50 pm)작업중 M코드정지 [d:167][t:03:53:34]
[I](2020-06-19  08:25:22 pm)작업중 정지 [d:172][t:04:05:06]
[I](2020-06-19  08:25:22 pm)    [LNo:0008] 000415/000427
[I](2020-06-19  08:25:22 pm)작업중 M코드정지 [d:172][t:04:05:06]
[I](2020-06-19  08:28:08 pm)작업중 정지 [d:172][t:04:07:52]
[I](2020-06-19  08:28:08 pm)    [LNo:0008] 000416/000427
[I](2020-06-19  08:28:08 pm)Wire Contact Auto Stop(M52)
[I](2020-06-19  08:34:13 pm)Reset
[I](2020-06-19  08:52:10 pm)Reset
[I](2020-06-19  09:09:21 pm)Reset
[I](2020-06-19  09:10:29 pm)Reset
[I](2020-06-19  09:10:29 pm)Reset
[I](2020-06-19  09:11:12 pm)Reset
[I](2020-06-19  09:11:44 pm)Reset
[I](2020-06-19  09:12:10 pm)Reset
[I](2020-06-19  09:12:34 pm)Reset
[I](2020-06-19  09:15:29 pm)Reset
[I](2020-06-19  09:17:47 pm)Reset
[I](2020-06-19  09:17:55 pm)Reset
[I](2020-06-19  09:17:56 pm)Reset
[I](2020-06-19  09:18:19 pm)Reset
[I](2020-06-19  09:18:20 pm)Reset
[I](2020-06-19  09:20:25 pm)작업 시작 [Start d:187]
[I](2020-06-19  09:20:25 pm)Nc File: [No.0009-586.NC]
[I](2020-06-19  09:20:25 pm)  * Start Machine Position
[I](2020-06-19  09:20:25 pm)    X:     44.6484
[I](2020-06-19  09:20:25 pm)    Y:   -269.4734
[I](2020-06-19  09:20:25 pm)    U:      0.0000
[I](2020-06-19  09:20:25 pm)    V:      0.0000
[I](2020-06-19  09:20:25 pm)    Z:     35.3160
[I](2020-06-19  09:20:25 pm)  * Angle
[I](2020-06-19  09:20:25 pm)    Ar:      0.4728,Kr:      0.0000
[I](2020-06-19  09:20:25 pm)    Taper_Ar:      0.0000
[I](2020-06-19  09:20:30 pm)작업중 정지 [d:0][t:00:00:04]
[I](2020-06-19  09:20:30 pm)    [LNo:0009] 000010/000411
[I](2020-06-19  09:20:30 pm)작업중 M코드정지 [d:0][t:00:00:04]
[I](2020-06-19  09:20:31 pm)작업중 정지 [d:0][t:00:00:06]
[I](2020-06-19  09:20:31 pm)    [LNo:0009] 000013/000411
[I](2020-06-19  09:20:31 pm)작업중 M코드정지 [d:0][t:00:00:06]
[I](2020-06-19  09:39:27 pm)작업중 정지 [d:19][t:00:19:01]
[I](2020-06-19  09:39:27 pm)    [LNo:0009] 000036/000411
[I](2020-06-19  09:40:27 pm)작업 재시작
[I](2020-06-19  09:40:31 pm)작업중 정지 [d:19][t:00:20:06]
[I](2020-06-19  09:40:31 pm)    [LNo:0009] 000037/000411
[I](2020-06-19  09:40:31 pm)작업중 M코드정지 [d:19][t:00:20:06]
[I](2020-06-19  09:44:15 pm)작업중 정지 [d:19][t:00:23:49]
[I](2020-06-19  09:44:15 pm)    [LNo:0009] 000039/000411
[I](2020-06-19  09:44:15 pm)작업중 M코드정지 [d:19][t:00:23:49]
[I](2020-06-19  10:04:42 pm)작업중 정지 [d:38][t:00:44:17]
[I](2020-06-19  10:04:42 pm)    [LNo:0009] 000070/000411
[I](2020-06-19  10:04:42 pm)작업중 M코드정지 [d:38][t:00:44:17]
[I](2020-06-19  10:07:32 pm)작업중 정지 [d:38][t:00:47:06]
[I](2020-06-19  10:07:32 pm)    [LNo:0009] 000072/000411
[I](2020-06-19  10:07:32 pm)작업중 M코드정지 [d:38][t:00:47:06]
[I](2020-06-19  10:07:44 pm)작업중 정지 [d:38][t:00:47:19]
[I](2020-06-19  10:07:44 pm)    [LNo:0009] 000075/000411
[I](2020-06-19  10:07:44 pm)작업중 M코드정지 [d:38][t:00:47:19]
[I](2020-06-19  10:24:22 pm)작업중 정지 [d:43][t:01:03:56]
[I](2020-06-19  10:24:22 pm)    [LNo:0009] 000095/000411
[I](2020-06-19  10:24:22 pm)작업중 M코드정지 [d:43][t:01:03:56]
[I](2020-06-19  10:25:13 pm)작업중 정지 [d:43][t:01:04:48]
[I](2020-06-19  10:25:13 pm)    [LNo:0009] 000098/000411
[I](2020-06-19  10:25:13 pm)작업중 M코드정지 [d:43][t:01:04:48]
[I](2020-06-19  10:33:31 pm)작업중 정지 [d:50][t:01:13:05]
[I](2020-06-19  10:33:31 pm)    [LNo:0009] 000137/000411
[I](2020-06-19  10:33:31 pm)작업중 M코드정지 [d:50][t:01:13:05]
[I](2020-06-19  10:37:54 pm)작업중 정지 [d:51][t:01:17:28]
[I](2020-06-19  10:37:54 pm)    [LNo:0009] 000138/000411
[I](2020-06-19  10:38:26 pm)작업 재시작
[I](2020-06-19  10:38:33 pm)작업중 정지 [d:51][t:01:18:07]
[I](2020-06-19  10:38:33 pm)    [LNo:0009] 000140/000411
[I](2020-06-19  10:38:33 pm)작업중 M코드정지 [d:51][t:01:18:07]
[I](2020-06-19  10:51:48 pm)작업중 정지 [d:63][t:01:31:22]
[I](2020-06-19  10:51:48 pm)    [LNo:0009] 000180/000411
[I](2020-06-19  10:51:48 pm)작업중 M코드정지 [d:63][t:01:31:22]
[I](2020-06-19  10:52:17 pm)작업중 정지 [d:63][t:01:31:51]
[I](2020-06-19  10:52:17 pm)    [LNo:0009] 000182/000411
[I](2020-06-19  10:52:51 pm)작업 재시작
[I](2020-06-19  10:52:58 pm)작업중 정지 [d:63][t:01:32:32]
[I](2020-06-19  10:52:58 pm)    [LNo:0009] 000184/000411
[I](2020-06-19  10:52:58 pm)작업중 M코드정지 [d:63][t:01:32:32]
[I](2020-06-19  10:55:46 pm)작업중 정지 [d:65][t:01:35:20]
[I](2020-06-19  10:55:46 pm)    [LNo:0009] 000203/000411
[I](2020-06-19  10:55:46 pm)작업중 M코드정지 [d:65][t:01:35:20]
[I](2020-06-19  11:09:46 pm)작업중 정지 [d:75][t:01:49:20]
[I](2020-06-19  11:09:46 pm)    [LNo:0009] 000224/000411
[I](2020-06-19  11:09:46 pm)작업중 M코드정지 [d:75][t:01:49:20]
[I](2020-06-19  11:10:15 pm)작업중 정지 [d:75][t:01:49:50]
[I](2020-06-19  11:10:15 pm)    [LNo:0009] 000226/000411
[I](2020-06-19  11:10:46 pm)작업 재시작
[I](2020-06-19  11:10:51 pm)작업중 정지 [d:76][t:01:50:25]
[I](2020-06-19  11:10:51 pm)    [LNo:0009] 000228/000411
[I](2020-06-19  11:10:51 pm)작업중 M코드정지 [d:76][t:01:50:25]
[I](2020-06-19  11:13:41 pm)작업중 정지 [d:78][t:01:53:15]
[I](2020-06-19  11:13:41 pm)    [LNo:0009] 000247/000411
[I](2020-06-19  11:13:41 pm)작업중 M코드정지 [d:78][t:01:53:15]
[I](2020-06-19  11:32:47 pm)작업중 정지 [d:95][t:02:12:21]
[I](2020-06-19  11:32:47 pm)    [LNo:0009] 000276/000411
[I](2020-06-19  11:32:47 pm)작업중 M코드정지 [d:95][t:02:12:21]
[I](2020-06-19  11:34:04 pm)작업중 정지 [d:95][t:02:13:39]
[I](2020-06-19  11:34:04 pm)    [LNo:0009] 000278/000411
[I](2020-06-19  11:34:43 pm)작업 재시작
[I](2020-06-19  11:38:52 pm)작업중 정지 [d:100][t:02:18:26]
[I](2020-06-19  11:38:52 pm)    [LNo:0009] 000307/000411
[I](2020-06-19  11:38:52 pm)작업중 M코드정지 [d:100][t:02:18:27]
