[I](2021-01-26  12:11:26 am)작업중 정지 [d:145][t:03:04:30]
[I](2021-01-26  12:11:26 am)    [LNo:0003] 000332/000492
[I](2021-01-26  12:11:26 am)작업중 30sec 접촉 정지 [d:145][t:03:04:30]
[I](2021-01-26  12:18:27 am)작업 재시작
[I](2021-01-26  01:21:50 am)작업중 정지 [d:206][t:04:14:54]
[I](2021-01-26  01:21:50 am)    [LNo:0003] 000455/000492
[I](2021-01-26  01:21:50 am)작업중 M코드정지 [d:206][t:04:14:54]
[I](2021-01-26  01:30:38 am)작업중 정지 [d:211][t:04:23:42]
[I](2021-01-26  01:30:38 am)    [LNo:0003] 000481/000492
[I](2021-01-26  01:30:38 am)Wire Contact Auto Stop(M52)
[I](2021-01-26  01:33:29 am)Reset
[I](2021-01-26  01:33:29 am)Reset
[I](2021-01-26  01:37:16 am)Reset
[I](2021-01-26  01:39:30 am)Reset
[I](2021-01-26  01:43:08 am)작업 시작 [Start d:864]
[I](2021-01-26  01:43:08 am)Nc File: [No.0002-356.NC *]
[I](2021-01-26  01:43:08 am)  * Start Machine Position
[I](2021-01-26  01:43:08 am)    X:     41.3794
[I](2021-01-26  01:43:08 am)    Y:   -232.8104
[I](2021-01-26  01:43:08 am)    U:      0.0000
[I](2021-01-26  01:43:08 am)    V:      0.0000
[I](2021-01-26  01:43:08 am)    Z:     70.5761
[I](2021-01-26  01:43:08 am)  * Angle
[I](2021-01-26  01:43:08 am)    Ar:     -0.2659,Kr:      0.0000
[I](2021-01-26  01:43:08 am)    Taper_Ar:      0.0000
[I](2021-01-26  03:47:53 am)작업중 정지 [d:125][t:02:04:44]
[I](2021-01-26  03:47:53 am)    [LNo:0002] 000135/000143
[I](2021-01-26  03:47:53 am)Wire Contact Auto Stop(M52)
[I](2021-01-26  03:51:35 am)Reset
[I](2021-01-26  03:51:42 am)Reset
[A](2021-01-26  03:51:42 am)[053] Emergency Stop
[A](2021-01-26  03:51:42 am)[005] READY Off(Alarm)
[I](2021-01-26  03:51:42 am)    X:    223.7540
[I](2021-01-26  03:51:42 am)    Y:    -55.1420
[I](2021-01-26  03:51:42 am)    U:      0.0000
[I](2021-01-26  03:51:42 am)    V:      0.0000
[I](2021-01-26  03:51:42 am)    Z:    170.5761
[I](2021-01-26  09:10:06 am)Ready On
[I](2021-01-26  09:50:28 am)Reset
[I](2021-01-26  09:50:35 am)Reset
[I](2021-01-26  09:55:33 am)Reset
[I](2021-01-26  09:55:34 am)Reset
[I](2021-01-26  11:07:46 am)Reset
[I](2021-01-26  11:13:48 am)Reset
[I](2021-01-26  11:13:52 am)Reset
[I](2021-01-26  11:15:07 am)Reset
[I](2021-01-26  11:15:07 am)Reset
[I](2021-01-26  11:19:30 am)Reset
[I](2021-01-26  11:19:31 am)Reset
[I](2021-01-26  11:19:53 am)Reset
[I](2021-01-26  11:20:08 am)Reset
[I](2021-01-26  11:20:08 am)Reset
[I](2021-01-26  11:39:48 am)작업 시작 [Start d:0]
[I](2021-01-26  11:39:48 am)Nc File: [No.0001-361.NC]
[I](2021-01-26  11:39:48 am)  * Start Machine Position
[I](2021-01-26  11:39:48 am)    X:    128.0982
[I](2021-01-26  11:39:48 am)    Y:   -389.7808
[I](2021-01-26  11:39:48 am)    U:      0.0000
[I](2021-01-26  11:39:48 am)    V:      0.0099
[I](2021-01-26  11:39:48 am)    Z:     90.8580
[I](2021-01-26  11:39:48 am)  * Angle
[I](2021-01-26  11:39:48 am)    Ar:      0.0921,Kr:      0.0000
[I](2021-01-26  11:39:48 am)    Taper_Ar:      0.0000
[I](2021-01-26  11:39:59 am)작업중 정지 [d:0][t:00:00:10]
[I](2021-01-26  11:39:59 am)    [LNo:0001] 000016/000202
[I](2021-01-26  02:42:38 pm)작업중 정지 [d:182][t:03:02:50]
[I](2021-01-26  02:42:38 pm)    [LNo:0001] 000033/000202
[I](2021-01-26  02:43:57 pm)작업 재시작
[I](2021-01-26  03:05:04 pm)작업중 정지 [d:203][t:03:25:16]
[I](2021-01-26  03:05:04 pm)    [LNo:0001] 000036/000202
[I](2021-01-26  03:05:04 pm)작업중 M코드정지 [d:203][t:03:25:16]
[I](2021-01-26  03:06:15 pm)작업중 정지 [d:203][t:03:26:27]
[I](2021-01-26  03:06:15 pm)    [LNo:0001] 000037/000202
[A](2021-01-26  03:07:36 pm)[091] Auto Door Sensor Abnormal
[I](2021-01-26  03:08:31 pm)작업 재시작
[I](2021-01-26  03:08:52 pm)작업중 정지 [d:203][t:03:29:03]
[I](2021-01-26  03:08:52 pm)    [LNo:0001] 000038/000202
[I](2021-01-26  03:08:52 pm)작업중 M코드정지 [d:203][t:03:29:03]
[I](2021-01-26  03:39:35 pm)작업중 정지 [d:233][t:03:59:47]
[I](2021-01-26  03:39:35 pm)    [LNo:0001] 000093/000202
[I](2021-01-26  04:01:26 pm)작업중 정지 [d:254][t:04:21:37]
[I](2021-01-26  04:01:26 pm)    [LNo:0001] 000109/000202
[A](2021-01-26  04:01:26 pm)[008] 작업중 단선(AWF Feed Motor Stop )
[I](2021-01-26  04:01:26 pm)작업중 Wire 단선 [d:254][t:04:21:37]
[A](2021-01-26  04:02:24 pm)[041] AWF 명령끝날때까지 센서감지(타임아웃) 안됨
[I](2021-01-26  04:03:22 pm)작업 재시작
[I](2021-01-26  04:12:47 pm)작업중 정지 [d:264][t:04:32:58]
[I](2021-01-26  04:12:47 pm)    [LNo:0001] 000110/000202
[I](2021-01-26  04:12:47 pm)작업중 M코드정지 [d:264][t:04:32:58]
[I](2021-01-26  04:14:42 pm)작업중 정지 [d:265][t:04:34:53]
[I](2021-01-26  04:14:42 pm)    [LNo:0001] 000112/000202
[I](2021-01-26  04:14:42 pm)작업중 M코드정지 [d:265][t:04:34:53]
[A](2021-01-26  04:24:13 pm)[041] AWF 명령끝날때까지 센서감지(타임아웃) 안됨
[I](2021-01-26  04:42:16 pm)작업중 정지 [d:290][t:05:02:27]
[I](2021-01-26  04:42:16 pm)    [LNo:0001] 000162/000202
[I](2021-01-26  04:42:16 pm)작업중 M코드정지 [d:290][t:05:02:27]
[I](2021-01-26  04:43:40 pm)작업중 정지 [d:291][t:05:03:51]
[I](2021-01-26  04:43:40 pm)    [LNo:0001] 000164/000202
[I](2021-01-26  04:43:40 pm)작업중 M코드정지 [d:291][t:05:03:51]
[I](2021-01-26  04:52:26 pm)작업중 정지 [d:299][t:05:12:37]
[I](2021-01-26  04:52:26 pm)    [LNo:0001] 000194/000202
[I](2021-01-26  04:52:26 pm)작업중 M코드정지 [d:299][t:05:12:37]
[I](2021-01-26  04:58:46 pm)Reset
[I](2021-01-26  04:58:51 pm)Reset
[I](2021-01-26  04:59:07 pm)Reset
[I](2021-01-26  04:59:48 pm)Reset
[I](2021-01-26  04:59:48 pm)Reset
[I](2021-01-26  04:59:55 pm)Reset
[I](2021-01-26  04:59:55 pm)Reset
[I](2021-01-26  05:19:41 pm)Reset
[I](2021-01-26  05:20:57 pm)Reset
[I](2021-01-26  05:20:58 pm)Reset
[I](2021-01-26  05:23:02 pm)Reset
[I](2021-01-26  05:24:04 pm)Reset
[I](2021-01-26  05:24:33 pm)Reset
[I](2021-01-26  05:25:03 pm)Reset
[I](2021-01-26  05:25:03 pm)Reset
[I](2021-01-26  05:25:13 pm)Reset
[I](2021-01-26  05:25:13 pm)Reset
[I](2021-01-26  05:27:17 pm)작업 시작 [Start d:299]
[I](2021-01-26  05:27:17 pm)Nc File: [No.0005-372.NC]
[I](2021-01-26  05:27:17 pm)  * Start Machine Position
[I](2021-01-26  05:27:17 pm)    X:    474.4970
[I](2021-01-26  05:27:17 pm)    Y:   -325.9802
[I](2021-01-26  05:27:17 pm)    U:     -1.0599
[I](2021-01-26  05:27:17 pm)    V:     -0.0071
[I](2021-01-26  05:27:17 pm)    Z:    144.1860
[I](2021-01-26  05:27:17 pm)  * Angle
[I](2021-01-26  05:27:17 pm)    Ar:      0.3860,Kr:      0.0000
[I](2021-01-26  05:27:17 pm)    Taper_Ar:      0.0000
[I](2021-01-26  05:27:26 pm)작업중 정지 [d:0][t:00:00:08]
[I](2021-01-26  05:27:26 pm)    [LNo:0005] 000010/000071
[I](2021-01-26  05:27:26 pm)작업중 M코드정지 [d:0][t:00:00:08]
[I](2021-01-26  05:40:49 pm)작업중 정지 [d:12][t:00:13:31]
[I](2021-01-26  05:40:49 pm)    [LNo:0005] 000026/000071
[I](2021-01-26  05:40:49 pm)작업중 M코드정지 [d:12][t:00:13:31]
[I](2021-01-26  05:41:40 pm)작업중 정지 [d:13][t:00:14:22]
[I](2021-01-26  05:41:40 pm)    [LNo:0005] 000028/000071
[I](2021-01-26  05:42:55 pm)작업 재시작
[I](2021-01-26  05:42:59 pm)작업중 정지 [d:13][t:00:15:41]
[I](2021-01-26  05:42:59 pm)    [LNo:0005] 000029/000071
[I](2021-01-26  05:42:59 pm)작업중 M코드정지 [d:13][t:00:15:41]
[I](2021-01-26  05:49:16 pm)작업중 정지 [d:19][t:00:21:58]
[I](2021-01-26  05:49:16 pm)    [LNo:0005] 000063/000071
[I](2021-01-26  05:49:16 pm)작업중 M코드정지 [d:19][t:00:21:58]
[I](2021-01-26  05:52:13 pm)작업중 정지 [d:19][t:00:24:55]
[I](2021-01-26  05:52:13 pm)    [LNo:0005] 000033/000071
[I](2021-01-26  05:55:58 pm)작업중 정지 [d:22][t:00:28:40]
[I](2021-01-26  05:55:58 pm)    [LNo:0005] 000063/000071
[I](2021-01-26  05:55:58 pm)작업중 M코드정지 [d:22][t:00:28:40]
[I](2021-01-26  05:58:15 pm)작업중 정지 [d:22][t:00:30:57]
[I](2021-01-26  05:58:15 pm)    [LNo:0005] 000033/000071
[I](2021-01-26  06:05:40 pm)작업중 정지 [d:24][t:00:38:22]
[I](2021-01-26  06:05:40 pm)    [LNo:0005] 000063/000071
[I](2021-01-26  06:05:40 pm)작업중 M코드정지 [d:24][t:00:38:22]
[I](2021-01-26  06:20:59 pm)Reset
[I](2021-01-26  06:21:05 pm)작업 시작 [Start d:323]
[I](2021-01-26  06:21:05 pm)Nc File: [No.0005-372.NC]
[I](2021-01-26  06:21:05 pm)  * Start Machine Position
[I](2021-01-26  06:21:05 pm)    X:    520.8939
[I](2021-01-26  06:21:05 pm)    Y:   -325.6677
[I](2021-01-26  06:21:05 pm)    U:     -1.0599
[I](2021-01-26  06:21:05 pm)    V:     -0.0071
[I](2021-01-26  06:21:05 pm)    Z:    144.1860
[I](2021-01-26  06:21:05 pm)  * Angle
[I](2021-01-26  06:21:05 pm)    Ar:      0.3860,Kr:      0.0000
[I](2021-01-26  06:21:05 pm)    Taper_Ar:      0.0000
[I](2021-01-26  06:22:42 pm)작업중 정지 [d:2][t:00:01:36]
[I](2021-01-26  06:22:42 pm)    [LNo:0005] 000063/000071
[I](2021-01-26  06:22:42 pm)작업중 M코드정지 [d:2][t:00:01:36]
[I](2021-01-26  06:26:06 pm)Reset
[I](2021-01-26  06:29:02 pm)작업 시작 [Start d:325]
[I](2021-01-26  06:29:02 pm)Nc File: [No.0005-372.NC]
[I](2021-01-26  06:29:02 pm)  * Start Machine Position
[I](2021-01-26  06:29:02 pm)    X:    520.8939
[I](2021-01-26  06:29:02 pm)    Y:   -325.6677
[I](2021-01-26  06:29:02 pm)    U:     -1.0599
[I](2021-01-26  06:29:02 pm)    V:     -0.0071
[I](2021-01-26  06:29:02 pm)    Z:    144.1860
[I](2021-01-26  06:29:02 pm)  * Angle
[I](2021-01-26  06:29:02 pm)    Ar:      0.3860,Kr:      0.0000
[I](2021-01-26  06:29:02 pm)    Taper_Ar:      0.0000
[I](2021-01-26  06:31:00 pm)작업중 정지 [d:2][t:00:01:58]
[I](2021-01-26  06:31:00 pm)    [LNo:0005] 000063/000071
[I](2021-01-26  06:31:00 pm)작업중 M코드정지 [d:2][t:00:01:58]
[I](2021-01-26  06:35:02 pm)작업중 정지 [d:2][t:00:05:59]
[I](2021-01-26  06:35:02 pm)    [LNo:0005] 000064/000071
[I](2021-01-26  06:37:23 pm)작업중 정지 [d:4][t:00:08:20]
[I](2021-01-26  06:37:23 pm)    [LNo:0005] 000064/000071
[I](2021-01-26  06:37:23 pm)작업중 M코드정지 [d:4][t:00:08:20]
[A](2021-01-26  06:38:27 pm)[041] AWF 명령끝날때까지 센서감지(타임아웃) 안됨
[I](2021-01-26  06:39:06 pm)작업중 정지 [d:4][t:00:10:04]
[I](2021-01-26  06:39:06 pm)    [LNo:0005] 000049/000071
[I](2021-01-26  06:40:40 pm)작업중 정지 [d:5][t:00:11:38]
[I](2021-01-26  06:40:40 pm)    [LNo:0005] 000064/000071
[I](2021-01-26  06:40:40 pm)작업중 M코드정지 [d:5][t:00:11:38]
[I](2021-01-26  06:50:51 pm)Reset
[I](2021-01-26  06:51:03 pm)Reset
[I](2021-01-26  06:54:49 pm)Reset
[I](2021-01-26  06:56:16 pm)Reset
[I](2021-01-26  06:56:22 pm)Reset
[I](2021-01-26  06:56:23 pm)Reset
[I](2021-01-26  07:13:01 pm)Reset
[I](2021-01-26  07:13:01 pm)Reset
[I](2021-01-26  07:19:12 pm)Reset
[I](2021-01-26  07:19:13 pm)Reset
[I](2021-01-26  07:23:12 pm)Reset
[I](2021-01-26  07:23:13 pm)Reset
[I](2021-01-26  07:24:47 pm)작업 시작 [Start d:330]
[I](2021-01-26  07:24:47 pm)Nc File: [No.0002-369.NC]
[I](2021-01-26  07:24:47 pm)  * Start Machine Position
[I](2021-01-26  07:24:47 pm)    X:     81.4401
[I](2021-01-26  07:24:47 pm)    Y:   -315.5720
[I](2021-01-26  07:24:47 pm)    U:      0.0000
[I](2021-01-26  07:24:47 pm)    V:      0.0000
[I](2021-01-26  07:24:47 pm)    Z:     61.6125
[I](2021-01-26  07:24:47 pm)  * Angle
[I](2021-01-26  07:24:47 pm)    Ar:      0.0000,Kr:      0.0000
[I](2021-01-26  07:24:47 pm)    Taper_Ar:      0.0000
[I](2021-01-26  07:25:34 pm)작업중 정지 [d:0][t:00:00:47]
[I](2021-01-26  07:25:34 pm)    [LNo:0002] 000334/000345
[I](2021-01-26  07:25:34 pm)작업중 M코드정지 [d:0][t:00:00:47]
[I](2021-01-26  07:25:37 pm)작업중 정지 [d:0][t:00:00:49]
[I](2021-01-26  07:25:37 pm)    [LNo:0002] 000337/000345
[I](2021-01-26  07:25:37 pm)작업중 M코드정지 [d:0][t:00:00:49]
[I](2021-01-26  07:25:44 pm)작업중 정지 [d:0][t:00:00:56]
[I](2021-01-26  07:25:44 pm)    [LNo:0002] 000339/000345
[I](2021-01-26  07:25:44 pm)작업중 M코드정지 [d:0][t:00:00:57]
[I](2021-01-26  07:27:17 pm)Reset
[I](2021-01-26  07:27:18 pm)Reset
[I](2021-01-26  07:27:26 pm)Reset
[I](2021-01-26  07:29:55 pm)작업 시작 [Start d:330]
[I](2021-01-26  07:29:55 pm)Nc File: [No.0002-369.NC]
[I](2021-01-26  07:29:55 pm)  * Start Machine Position
[I](2021-01-26  07:29:55 pm)    X:     81.4401
[I](2021-01-26  07:29:55 pm)    Y:   -315.5720
[I](2021-01-26  07:29:55 pm)    U:      0.0000
[I](2021-01-26  07:29:55 pm)    V:      0.0000
[I](2021-01-26  07:29:55 pm)    Z:     61.6125
[I](2021-01-26  07:29:55 pm)  * Angle
[I](2021-01-26  07:29:55 pm)    Ar:      0.0000,Kr:      0.0000
[I](2021-01-26  07:29:55 pm)    Taper_Ar:      0.0000
[I](2021-01-26  07:32:23 pm)작업중 정지 [d:2][t:00:02:27]
[I](2021-01-26  07:32:23 pm)    [LNo:0002] 000015/000345
[A](2021-01-26  07:32:23 pm)[008] 작업중 단선(AWF Feed Motor Stop )
[I](2021-01-26  07:32:23 pm)작업중 Wire 단선 [d:2][t:00:02:27]
[I](2021-01-26  07:35:12 pm)작업 재시작
[I](2021-01-26  07:40:13 pm)작업중 정지 [d:7][t:00:10:17]
[I](2021-01-26  07:40:13 pm)    [LNo:0002] 000017/000345
[A](2021-01-26  07:40:13 pm)[008] 작업중 단선(AWF Feed Motor Stop )
[I](2021-01-26  07:40:13 pm)작업중 Wire 단선 [d:7][t:00:10:17]
[I](2021-01-26  07:42:48 pm)작업 재시작
[I](2021-01-26  07:43:05 pm)작업중 정지 [d:7][t:00:13:09]
[I](2021-01-26  07:43:05 pm)    [LNo:0002] 000017/000345
[A](2021-01-26  07:43:05 pm)[008] 작업중 단선(AWF Feed Motor Stop )
[I](2021-01-26  07:43:05 pm)작업중 Wire 단선 [d:7][t:00:13:09]
[I](2021-01-26  07:44:47 pm)작업 재시작
