[I](2021-04-26  04:05:42 am)작업중 정지 [d:700][t:11:40:44]
[I](2021-04-26  04:05:42 am)    [LNo:0001] 000093/000169
[I](2021-04-26  04:05:42 am)작업중 M코드정지 [d:700][t:11:40:44]
[I](2021-04-26  08:12:56 am)작업중 정지 [d:700][t:15:47:58]
[I](2021-04-26  08:12:56 am)    [LNo:0001] 000098/000169
[I](2021-04-26  08:12:57 am)작업중 M코드정지 [d:700][t:15:47:58]
[I](2021-04-26  08:15:32 am)작업중 정지 [d:702][t:15:50:33]
[I](2021-04-26  08:15:32 am)    [LNo:0001] 000111/000169
[I](2021-04-26  08:15:32 am)작업중 M코드정지 [d:702][t:15:50:33]
[I](2021-04-26  08:16:53 am)작업중 정지 [d:702][t:15:51:54]
[I](2021-04-26  08:16:53 am)    [LNo:0001] 000112/000169
[A](2021-04-26  08:16:53 am)[008] 작업중 단선(AWF Feed Motor Stop )
[I](2021-04-26  08:16:53 am)작업중 Wire 단선 [d:702][t:15:51:55]
[I](2021-04-26  08:19:23 am)작업 재시작
[I](2021-04-26  08:19:25 am)작업중 정지 [d:702][t:15:54:26]
[I](2021-04-26  08:19:25 am)    [LNo:0001] 000112/000169
[I](2021-04-26  08:19:25 am)Wire Contact Auto Stop(M52)
[I](2021-04-26  08:19:30 am)작업 재시작
[I](2021-04-26  08:49:11 am)작업중 정지 [d:732][t:16:24:13]
[I](2021-04-26  08:49:11 am)    [LNo:0001] 000140/000169
[I](2021-04-26  08:49:11 am)작업중 M코드정지 [d:732][t:16:24:13]
[I](2021-04-26  08:52:33 am)작업중 정지 [d:732][t:16:27:34]
[I](2021-04-26  08:52:33 am)    [LNo:0001] 000119/000169
[I](2021-04-26  09:00:37 am)작업중 정지 [d:739][t:16:35:38]
[I](2021-04-26  09:00:37 am)    [LNo:0001] 000139/000169
[I](2021-04-26  09:00:37 am)작업중 M코드정지 [d:739][t:16:35:38]
[I](2021-04-26  09:02:45 am)작업중 정지 [d:739][t:16:37:46]
[I](2021-04-26  09:02:45 am)    [LNo:0001] 000144/000169
[I](2021-04-26  09:02:45 am)작업중 M코드정지 [d:739][t:16:37:46]
[I](2021-04-26  09:37:10 am)작업중 정지 [d:773][t:17:12:11]
[I](2021-04-26  09:37:10 am)    [LNo:0001] 000157/000169
[I](2021-04-26  09:37:10 am)작업중 M코드정지 [d:773][t:17:12:12]
[I](2021-04-26  09:37:42 am)작업중 정지 [d:773][t:17:12:43]
[I](2021-04-26  09:37:42 am)    [LNo:0001] 000158/000169
[I](2021-04-26  09:37:42 am)Wire Contact Auto Stop(M52)
[A](2021-04-26  09:38:34 am)[037] 자동결선 잔여 WIRE 처리 실패!!
[I](2021-04-26  09:43:08 am)Reset
[I](2021-04-26  09:46:05 am)Reset
[I](2021-04-26  09:46:28 am)Reset
[I](2021-04-26  09:46:50 am)Reset
[I](2021-04-26  09:47:25 am)Reset
[I](2021-04-26  09:47:52 am)Reset
[I](2021-04-26  09:47:53 am)Reset
[I](2021-04-26  09:48:14 am)Reset
[I](2021-04-26  09:48:14 am)Reset
[I](2021-04-26  09:48:55 am)Reset
[I](2021-04-26  09:49:19 am)Reset
[I](2021-04-26  09:49:27 am)Reset
[I](2021-04-26  09:49:27 am)Reset
[I](2021-04-26  09:50:30 am)작업 시작 [Start d:773]
[I](2021-04-26  09:50:30 am)Nc File: [No.0002-495.NC]
[I](2021-04-26  09:50:30 am)  * Start Machine Position
[I](2021-04-26  09:50:30 am)    X:     55.0456
[I](2021-04-26  09:50:30 am)    Y:   -305.0393
[I](2021-04-26  09:50:30 am)    U:      0.0000
[I](2021-04-26  09:50:30 am)    V:      0.0000
[I](2021-04-26  09:50:30 am)    Z:     18.4237
[I](2021-04-26  09:50:30 am)  * Angle
[I](2021-04-26  09:50:30 am)    Ar:      0.7671,Kr:      0.0000
[I](2021-04-26  09:50:30 am)    Taper_Ar:      0.0000
[I](2021-04-26  09:50:34 am)작업중 정지 [d:0][t:00:00:03]
[I](2021-04-26  09:50:34 am)    [LNo:0002] 000010/000059
[I](2021-04-26  09:50:34 am)작업중 M코드정지 [d:0][t:00:00:03]
[A](2021-04-26  09:51:00 am)[032] 자동결선 상부 센서 WIRE CONTACT!!
[I](2021-04-26  09:55:41 am)작업중 정지 [d:3][t:00:05:10]
[I](2021-04-26  09:55:41 am)    [LNo:0002] 000028/000059
[I](2021-04-26  09:55:41 am)작업중 M코드정지 [d:3][t:00:05:10]
[I](2021-04-26  09:55:55 am)작업중 정지 [d:3][t:00:05:24]
[I](2021-04-26  09:55:55 am)    [LNo:0002] 000029/000059
[I](2021-04-26  09:57:39 am)작업중 정지 [d:4][t:00:07:08]
[I](2021-04-26  09:57:39 am)    [LNo:0002] 000051/000059
[I](2021-04-26  09:57:39 am)작업중 M코드정지 [d:4][t:00:07:08]
[I](2021-04-26  09:58:54 am)작업중 정지 [d:4][t:00:08:23]
[I](2021-04-26  09:58:54 am)    [LNo:0002] 000036/000059
[I](2021-04-26  10:00:18 am)작업중 정지 [d:4][t:00:09:47]
[I](2021-04-26  10:00:18 am)    [LNo:0002] 000052/000059
[I](2021-04-26  10:00:18 am)작업중 Single Block Stop [d:4][t:00:09:47]
[I](2021-04-26  10:01:00 am)Reset
[I](2021-04-26  10:05:42 am)Reset
[I](2021-04-26  10:06:04 am)Reset
[I](2021-04-26  10:06:40 am)Reset
[I](2021-04-26  10:06:40 am)Reset
[I](2021-04-26  10:06:59 am)Reset
[I](2021-04-26  10:06:59 am)Reset
[I](2021-04-26  10:07:44 am)Reset
[I](2021-04-26  10:08:13 am)Reset
[I](2021-04-26  10:08:57 am)작업 시작 [Start d:777]
[I](2021-04-26  10:08:57 am)Nc File: [No.0002-495.NC]
[I](2021-04-26  10:08:57 am)  * Start Machine Position
[I](2021-04-26  10:08:57 am)    X:     56.4060
[I](2021-04-26  10:08:57 am)    Y:   -345.5792
[I](2021-04-26  10:08:57 am)    U:      0.0000
[I](2021-04-26  10:08:57 am)    V:      0.0000
[I](2021-04-26  10:08:57 am)    Z:     18.4237
[I](2021-04-26  10:08:57 am)  * Angle
[I](2021-04-26  10:08:57 am)    Ar:      0.4973,Kr:      0.0000
[I](2021-04-26  10:08:57 am)    Taper_Ar:      0.0000
[I](2021-04-26  10:09:01 am)작업중 정지 [d:0][t:00:00:03]
[I](2021-04-26  10:09:01 am)    [LNo:0002] 000010/000059
[I](2021-04-26  10:09:01 am)작업중 M코드정지 [d:0][t:00:00:03]
[I](2021-04-26  10:13:06 am)작업중 정지 [d:4][t:00:04:09]
[I](2021-04-26  10:13:06 am)    [LNo:0002] 000028/000059
[I](2021-04-26  10:13:06 am)작업중 M코드정지 [d:4][t:00:04:09]
[I](2021-04-26  10:13:21 am)작업중 정지 [d:4][t:00:04:23]
[I](2021-04-26  10:13:21 am)    [LNo:0002] 000029/000059
[I](2021-04-26  10:15:04 am)작업중 정지 [d:6][t:00:06:06]
[I](2021-04-26  10:15:04 am)    [LNo:0002] 000051/000059
[I](2021-04-26  10:15:04 am)작업중 M코드정지 [d:6][t:00:06:06]
[I](2021-04-26  10:15:08 am)작업중 정지 [d:6][t:00:06:10]
[I](2021-04-26  10:15:08 am)    [LNo:0002] 000036/000059
[I](2021-04-26  10:16:08 am)작업중 정지 [d:7][t:00:07:10]
[I](2021-04-26  10:16:08 am)    [LNo:0002] 000051/000059
[I](2021-04-26  10:16:08 am)작업중 M코드정지 [d:7][t:00:07:10]
[I](2021-04-26  10:22:00 am)Reset
[I](2021-04-26  10:22:07 am)Reset
[I](2021-04-26  10:23:34 am)Reset
[I](2021-04-26  10:23:34 am)Reset
[I](2021-04-26  10:31:35 am)Reset
[I](2021-04-26  10:34:31 am)Reset
[I](2021-04-26  10:34:32 am)Reset
[A](2021-04-26  10:34:41 am)[033] 자동결선 회수 롤러 WIRE CONTACT!!
[I](2021-04-26  10:36:46 am)작업 시작 [Start d:784]
[I](2021-04-26  10:36:46 am)Nc File: [No.0003-519.NC]
[I](2021-04-26  10:36:46 am)  * Start Machine Position
[I](2021-04-26  10:36:46 am)    X:    142.6099
[I](2021-04-26  10:36:46 am)    Y:   -299.8206
[I](2021-04-26  10:36:46 am)    U:      0.0000
[I](2021-04-26  10:36:46 am)    V:      0.0000
[I](2021-04-26  10:36:46 am)    Z:     26.8882
[I](2021-04-26  10:36:46 am)  * Angle
[I](2021-04-26  10:36:46 am)    Ar:      0.2243,Kr:      0.0000
[I](2021-04-26  10:36:46 am)    Taper_Ar:      0.0000
[I](2021-04-26  10:37:00 am)작업중 정지 [d:0][t:00:00:13]
[I](2021-04-26  10:37:00 am)    [LNo:0003] 000010/000178
[I](2021-04-26  10:37:00 am)작업중 M코드정지 [d:0][t:00:00:13]
[I](2021-04-26  10:40:33 am)작업중 정지 [d:0][t:00:03:46]
[I](2021-04-26  10:40:33 am)    [LNo:0003] 000013/000178
[I](2021-04-26  10:40:40 am)작업중 정지 [d:0][t:00:03:53]
[I](2021-04-26  10:40:40 am)    [LNo:0003] 000026/000178
[I](2021-04-26  10:40:40 am)작업중 M코드정지 [d:0][t:00:03:53]
[I](2021-04-26  10:40:43 am)작업중 정지 [d:0][t:00:03:56]
[I](2021-04-26  10:40:43 am)    [LNo:0003] 000029/000178
[I](2021-04-26  10:40:43 am)작업중 M코드정지 [d:0][t:00:03:56]
[I](2021-04-26  10:40:43 am)작업중 정지 [d:0][t:00:03:57]
[I](2021-04-26  10:40:43 am)    [LNo:0003] 000032/000178
[I](2021-04-26  10:40:44 am)작업중 M코드정지 [d:0][t:00:03:57]
[I](2021-04-26  10:40:54 am)작업중 정지 [d:0][t:00:04:07]
[I](2021-04-26  10:40:54 am)    [LNo:0003] 000050/000178
[I](2021-04-26  10:40:56 am)작업 재시작
[I](2021-04-26  10:40:57 am)작업중 정지 [d:0][t:00:04:10]
[I](2021-04-26  10:40:57 am)    [LNo:0003] 000051/000178
[I](2021-04-26  10:40:57 am)작업중 M코드정지 [d:0][t:00:04:10]
[I](2021-04-26  10:40:58 am)작업중 정지 [d:0][t:00:04:11]
[I](2021-04-26  10:40:58 am)    [LNo:0003] 000054/000178
[I](2021-04-26  10:40:58 am)작업중 M코드정지 [d:0][t:00:04:11]
[I](2021-04-26  10:41:01 am)작업중 정지 [d:0][t:00:04:14]
[I](2021-04-26  10:41:01 am)    [LNo:0003] 000054/000178
[I](2021-04-26  10:41:01 am)작업중 Single Block Stop [d:0][t:00:04:14]
[I](2021-04-26  10:41:02 am)작업중 정지 [d:0][t:00:04:15]
[I](2021-04-26  10:41:02 am)    [LNo:0003] 000055/000178
[I](2021-04-26  10:41:02 am)작업중 Single Block Stop [d:0][t:00:04:15]
[I](2021-04-26  10:41:02 am)작업중 정지 [d:0][t:00:04:16]
[I](2021-04-26  10:41:02 am)    [LNo:0003] 000055/000178
[I](2021-04-26  10:41:02 am)작업중 Single Block Stop [d:0][t:00:04:16]
[I](2021-04-26  10:41:03 am)작업중 정지 [d:0][t:00:04:16]
[I](2021-04-26  10:41:03 am)    [LNo:0003] 000056/000178
[I](2021-04-26  10:41:03 am)작업중 Single Block Stop [d:0][t:00:04:17]
[I](2021-04-26  10:41:07 am)작업중 정지 [d:0][t:00:04:21]
[I](2021-04-26  10:41:07 am)    [LNo:0003] 000057/000178
[I](2021-04-26  10:41:08 am)작업중 M코드정지 [d:0][t:00:04:21]
[A](2021-04-26  10:48:24 am)[036] 자동결선 절단 공정 실패!!
[A](2021-04-26  10:49:00 am)[091] Auto Door Sensor Abnormal
[I](2021-04-26  10:49:23 am)작업중 정지 [d:0][t:00:12:36]
[I](2021-04-26  10:49:23 am)    [LNo:0003] 000066/000178
[I](2021-04-26  10:52:55 am)작업중 정지 [d:2][t:00:16:09]
[I](2021-04-26  10:52:55 am)    [LNo:0003] 000075/000178
[I](2021-04-26  10:53:54 am)작업중 정지 [d:2][t:00:17:08]
[I](2021-04-26  10:53:54 am)    [LNo:0003] 000062/000178
[I](2021-04-26  11:07:31 am)작업중 정지 [d:15][t:00:30:45]
[I](2021-04-26  11:07:31 am)    [LNo:0003] 000084/000178
[I](2021-04-26  11:07:31 am)작업중 M코드정지 [d:15][t:00:30:45]
[I](2021-04-26  11:08:42 am)작업중 정지 [d:15][t:00:31:55]
[I](2021-04-26  11:08:42 am)    [LNo:0003] 000087/000178
[I](2021-04-26  11:08:42 am)작업중 M코드정지 [d:15][t:00:31:55]
[I](2021-04-26  11:12:44 am)작업중 정지 [d:18][t:00:35:57]
[I](2021-04-26  11:12:44 am)    [LNo:0003] 000113/000178
[I](2021-04-26  11:12:44 am)작업중 M코드정지 [d:18][t:00:35:57]
[I](2021-04-26  11:30:00 am)작업중 정지 [d:33][t:00:53:13]
[I](2021-04-26  11:30:00 am)    [LNo:0003] 000141/000178
[I](2021-04-26  11:30:00 am)작업중 M코드정지 [d:33][t:00:53:13]
[I](2021-04-26  11:31:57 am)작업중 정지 [d:34][t:00:55:10]
[I](2021-04-26  11:31:57 am)    [LNo:0003] 000145/000178
[I](2021-04-26  11:31:57 am)작업중 M코드정지 [d:34][t:00:55:10]
[I](2021-04-26  11:35:57 am)작업중 정지 [d:38][t:00:59:10]
[I](2021-04-26  11:35:57 am)    [LNo:0003] 000170/000178
[I](2021-04-26  11:35:57 am)작업중 M코드정지 [d:38][t:00:59:10]
[I](2021-04-26  11:42:24 am)Reset
[I](2021-04-26  11:42:36 am)Reset
[I](2021-04-26  11:49:32 am)Reset
[I](2021-04-26  11:49:33 am)Reset
[I](2021-04-26  11:53:41 am)작업 시작 [Start d:822]
[I](2021-04-26  11:53:41 am)Nc File: [No.0004-549.NC]
[I](2021-04-26  11:53:41 am)  * Start Machine Position
[I](2021-04-26  11:53:41 am)    X:     85.2341
[I](2021-04-26  11:53:41 am)    Y:   -370.4231
[I](2021-04-26  11:53:41 am)    U:      0.0000
[I](2021-04-26  11:53:41 am)    V:      0.0000
[I](2021-04-26  11:53:41 am)    Z:     60.1692
[I](2021-04-26  11:53:41 am)  * Angle
[I](2021-04-26  11:53:41 am)    Ar:     -1.0022,Kr:      0.0000
[I](2021-04-26  11:53:41 am)    Taper_Ar:      0.0000
[I](2021-04-26  12:14:29 pm)작업중 정지 [d:21][t:00:20:47]
[I](2021-04-26  12:14:29 pm)    [LNo:0004] 000049/000836
[A](2021-04-26  12:14:29 pm)[008] 작업중 단선(AWF Feed Motor Stop )
[I](2021-04-26  12:14:29 pm)작업중 Wire 단선 [d:21][t:00:20:47]
[I](2021-04-26  12:15:39 pm)작업 재시작
[I](2021-04-26  12:15:45 pm)작업중 정지 [d:21][t:00:22:04]
[I](2021-04-26  12:15:45 pm)    [LNo:0004] 000049/000836
[A](2021-04-26  12:15:45 pm)[008] 작업중 단선(AWF Feed Motor Stop )
[I](2021-04-26  12:15:45 pm)작업중 Wire 단선 [d:21][t:00:22:04]
[I](2021-04-26  12:16:55 pm)작업 재시작
[I](2021-04-26  12:16:57 pm)작업중 정지 [d:22][t:00:23:15]
[I](2021-04-26  12:16:57 pm)    [LNo:0004] 000049/000836
[A](2021-04-26  12:16:57 pm)[008] 작업중 단선(AWF Feed Motor Stop )
[I](2021-04-26  12:16:57 pm)작업중 Wire 단선 [d:22][t:00:23:16]
[I](2021-04-26  12:18:06 pm)작업 재시작
[I](2021-04-26  12:18:12 pm)작업중 정지 [d:22][t:00:24:30]
[I](2021-04-26  12:18:12 pm)    [LNo:0004] 000050/000836
[A](2021-04-26  12:18:12 pm)[008] 작업중 단선(AWF Feed Motor Stop )
[I](2021-04-26  12:18:12 pm)작업중 Wire 단선 [d:22][t:00:24:31]
[I](2021-04-26  12:19:23 pm)작업 재시작
[I](2021-04-26  12:23:35 pm)작업중 정지 [d:26][t:00:29:53]
[I](2021-04-26  12:23:35 pm)    [LNo:0004] 000185/000836
[I](2021-04-26  12:23:35 pm)작업중 M코드정지 [d:26][t:00:29:54]
[I](2021-04-26  01:09:50 pm)작업중 정지 [d:46][t:01:16:09]
[I](2021-04-26  01:09:50 pm)    [LNo:0004] 000234/000836
[A](2021-04-26  01:09:50 pm)[008] 작업중 단선(AWF Feed Motor Stop )
[I](2021-04-26  01:09:50 pm)작업중 Wire 단선 [d:46][t:01:16:09]
[I](2021-04-26  01:11:01 pm)작업 재시작
[I](2021-04-26  01:17:40 pm)작업중 정지 [d:51][t:01:23:59]
[I](2021-04-26  01:17:40 pm)    [LNo:0004] 000388/000836
[I](2021-04-26  01:17:40 pm)작업중 M코드정지 [d:51][t:01:23:59]
[I](2021-04-26  01:18:26 pm)작업중 정지 [d:51][t:01:24:44]
[I](2021-04-26  01:18:26 pm)    [LNo:0004] 000389/000836
[I](2021-04-26  01:18:26 pm)Wire Contact Auto Stop(M52)
[I](2021-04-26  01:18:51 pm)작업 재시작
[I](2021-04-26  01:19:04 pm)작업중 정지 [d:52][t:01:25:23]
[I](2021-04-26  01:19:04 pm)    [LNo:0004] 000390/000836
[I](2021-04-26  01:19:04 pm)작업중 M코드정지 [d:52][t:01:25:23]
[I](2021-04-26  01:21:23 pm)작업중 정지 [d:53][t:01:27:42]
[I](2021-04-26  01:21:23 pm)    [LNo:0004] 000410/000836
[I](2021-04-26  01:21:23 pm)작업중 M코드정지 [d:53][t:01:27:42]
[I](2021-04-26  01:22:02 pm)작업중 정지 [d:54][t:01:28:20]
[I](2021-04-26  01:22:02 pm)    [LNo:0004] 000411/000836
[I](2021-04-26  01:22:02 pm)Wire Contact Auto Stop(M52)
[I](2021-04-26  01:22:06 pm)작업 재시작
[I](2021-04-26  01:22:08 pm)작업중 정지 [d:54][t:01:28:27]
[I](2021-04-26  01:22:08 pm)    [LNo:0004] 000411/000836
[I](2021-04-26  01:22:45 pm)작업 재시작
[I](2021-04-26  01:22:53 pm)작업중 정지 [d:54][t:01:29:12]
[I](2021-04-26  01:22:53 pm)    [LNo:0004] 000412/000836
[I](2021-04-26  01:22:53 pm)작업중 M코드정지 [d:54][t:01:29:12]
[I](2021-04-26  01:37:09 pm)작업중 정지 [d:67][t:01:43:27]
[I](2021-04-26  01:37:09 pm)    [LNo:0004] 000450/000836
[A](2021-04-26  01:37:09 pm)[008] 작업중 단선(AWF Feed Motor Stop )
[I](2021-04-26  01:37:09 pm)작업중 Wire 단선 [d:67][t:01:43:28]
[I](2021-04-26  01:38:17 pm)작업 재시작
[I](2021-04-26  01:41:51 pm)작업중 정지 [d:70][t:01:48:09]
[I](2021-04-26  01:41:51 pm)    [LNo:0004] 000456/000836
[A](2021-04-26  01:41:51 pm)[008] 작업중 단선(AWF Feed Motor Stop )
[I](2021-04-26  01:41:51 pm)작업중 Wire 단선 [d:70][t:01:48:09]
[I](2021-04-26  01:42:59 pm)작업 재시작
[I](2021-04-26  01:46:48 pm)작업중 정지 [d:73][t:01:53:07]
[I](2021-04-26  01:46:48 pm)    [LNo:0004] 000463/000836
[A](2021-04-26  01:46:49 pm)[008] 작업중 단선(AWF Feed Motor Stop )
[I](2021-04-26  01:46:49 pm)작업중 Wire 단선 [d:73][t:01:53:07]
[I](2021-04-26  01:48:02 pm)작업 재시작
[I](2021-04-26  01:48:05 pm)작업중 정지 [d:73][t:01:54:24]
[I](2021-04-26  01:48:05 pm)    [LNo:0004] 000463/000836
[A](2021-04-26  01:48:05 pm)[008] 작업중 단선(AWF Feed Motor Stop )
[I](2021-04-26  01:48:05 pm)작업중 Wire 단선 [d:73][t:01:54:24]
[I](2021-04-26  01:49:14 pm)작업 재시작
[I](2021-04-26  01:49:21 pm)작업중 정지 [d:73][t:01:55:40]
[I](2021-04-26  01:49:21 pm)    [LNo:0004] 000463/000836
[A](2021-04-26  01:49:21 pm)[008] 작업중 단선(AWF Feed Motor Stop )
[I](2021-04-26  01:49:21 pm)작업중 Wire 단선 [d:73][t:01:55:40]
[I](2021-04-26  01:50:31 pm)작업 재시작
[I](2021-04-26  01:50:32 pm)작업중 정지 [d:73][t:01:56:51]
[I](2021-04-26  01:50:32 pm)    [LNo:0004] 000464/000836
[A](2021-04-26  01:50:32 pm)[008] 작업중 단선(AWF Feed Motor Stop )
[I](2021-04-26  01:50:32 pm)작업중 Wire 단선 [d:73][t:01:56:51]
[I](2021-04-26  01:51:41 pm)작업 재시작
[I](2021-04-26  01:51:48 pm)작업중 정지 [d:73][t:01:58:07]
[I](2021-04-26  01:51:48 pm)    [LNo:0004] 000464/000836
[A](2021-04-26  01:51:48 pm)[008] 작업중 단선(AWF Feed Motor Stop )
[I](2021-04-26  01:51:48 pm)작업중 Wire 단선 [d:73][t:01:58:07]
[I](2021-04-26  01:52:58 pm)작업 재시작
[I](2021-04-26  02:18:49 pm)작업중 정지 [d:97][t:02:25:08]
[I](2021-04-26  02:18:49 pm)    [LNo:0004] 000648/000836
[A](2021-04-26  02:18:49 pm)[008] 작업중 단선(AWF Feed Motor Stop )
[I](2021-04-26  02:18:49 pm)작업중 Wire 단선 [d:97][t:02:25:08]
[I](2021-04-26  02:19:58 pm)작업 재시작
[I](2021-04-26  02:20:06 pm)작업중 정지 [d:97][t:02:26:25]
[I](2021-04-26  02:20:06 pm)    [LNo:0004] 000648/000836
[A](2021-04-26  02:20:07 pm)[008] 작업중 단선(AWF Feed Motor Stop )
[I](2021-04-26  02:20:07 pm)작업중 Wire 단선 [d:97][t:02:26:25]
[I](2021-04-26  02:21:17 pm)작업 재시작
[I](2021-04-26  02:21:25 pm)작업중 정지 [d:97][t:02:27:43]
[I](2021-04-26  02:21:25 pm)    [LNo:0004] 000649/000836
[A](2021-04-26  02:21:25 pm)[008] 작업중 단선(AWF Feed Motor Stop )
[I](2021-04-26  02:21:25 pm)작업중 Wire 단선 [d:97][t:02:27:43]
[I](2021-04-26  02:22:38 pm)작업 재시작
[I](2021-04-26  02:28:58 pm)작업중 정지 [d:102][t:02:35:17]
[I](2021-04-26  02:28:58 pm)    [LNo:0004] 000802/000836
[I](2021-04-26  02:28:58 pm)작업중 M코드정지 [d:102][t:02:35:17]
[I](2021-04-26  02:34:46 pm)작업중 정지 [d:102][t:02:41:04]
[I](2021-04-26  02:34:46 pm)    [LNo:0004] 000803/000836
[I](2021-04-26  02:34:46 pm)Wire Contact Auto Stop(M52)
[I](2021-04-26  02:34:47 pm)작업 재시작
[I](2021-04-26  02:37:11 pm)작업중 정지 [d:104][t:02:43:30]
[I](2021-04-26  02:37:11 pm)    [LNo:0004] 000824/000836
[I](2021-04-26  02:37:11 pm)작업중 M코드정지 [d:104][t:02:43:30]
[I](2021-04-26  02:40:09 pm)작업중 정지 [d:104][t:02:46:27]
[I](2021-04-26  02:40:09 pm)    [LNo:0004] 000825/000836
[I](2021-04-26  02:40:09 pm)Wire Contact Auto Stop(M52)
[I](2021-04-26  02:41:11 pm)작업 재시작
[I](2021-04-26  02:41:20 pm)작업중 정지 [d:104][t:02:47:39]
[I](2021-04-26  02:41:20 pm)    [LNo:0004] 000825/000836
[I](2021-04-26  02:41:20 pm)작업중 30sec 접촉 정지 [d:104][t:02:47:39]
[I](2021-04-26  02:45:10 pm)Reset
[I](2021-04-26  02:45:10 pm)Reset
[I](2021-04-26  02:45:11 pm)Reset
[I](2021-04-26  02:45:20 pm)Reset
[I](2021-04-26  03:00:32 pm)Reset
[I](2021-04-26  03:03:26 pm)Reset
[I](2021-04-26  03:03:57 pm)Reset
[I](2021-04-26  03:04:27 pm)Reset
[I](2021-04-26  03:05:09 pm)Reset
[I](2021-04-26  03:11:34 pm)작업 시작 [Start d:926]
[I](2021-04-26  03:11:34 pm)Nc File: [No.0007-553.NC]
[I](2021-04-26  03:11:34 pm)  * Start Machine Position
[I](2021-04-26  03:11:34 pm)    X:     42.8272
[I](2021-04-26  03:11:34 pm)    Y:   -367.0611
[I](2021-04-26  03:11:34 pm)    U:      0.0000
[I](2021-04-26  03:11:34 pm)    V:      0.0000
[I](2021-04-26  03:11:34 pm)    Z:     38.6943
[I](2021-04-26  03:11:34 pm)  * Angle
[I](2021-04-26  03:11:34 pm)    Ar:      0.9833,Kr:      0.0000
[I](2021-04-26  03:11:34 pm)    Taper_Ar:      0.0000
[I](2021-04-26  03:23:36 pm)작업중 정지 [d:12][t:00:12:01]
[I](2021-04-26  03:23:36 pm)    [LNo:0007] 000078/000255
[I](2021-04-26  03:23:36 pm)작업중 M코드정지 [d:12][t:00:12:01]
[I](2021-04-26  03:26:33 pm)작업중 정지 [d:12][t:00:14:59]
[I](2021-04-26  03:26:33 pm)    [LNo:0007] 000079/000255
[I](2021-04-26  03:27:18 pm)작업 재시작
[I](2021-04-26  03:27:28 pm)작업중 정지 [d:12][t:00:15:54]
[I](2021-04-26  03:27:28 pm)    [LNo:0007] 000081/000255
[I](2021-04-26  03:27:28 pm)작업중 M코드정지 [d:12][t:00:15:54]
[I](2021-04-26  03:30:44 pm)작업중 정지 [d:15][t:00:19:09]
[I](2021-04-26  03:30:44 pm)    [LNo:0007] 000158/000255
[I](2021-04-26  03:30:44 pm)작업중 M코드정지 [d:15][t:00:19:10]
[I](2021-04-26  03:32:22 pm)작업중 정지 [d:15][t:00:20:48]
[I](2021-04-26  03:32:22 pm)    [LNo:0007] 000085/000255
[I](2021-04-26  03:35:25 pm)작업중 정지 [d:18][t:00:23:51]
[I](2021-04-26  03:35:25 pm)    [LNo:0007] 000159/000255
[I](2021-04-26  03:35:25 pm)작업중 M코드정지 [d:18][t:00:23:51]
[I](2021-04-26  03:36:47 pm)작업중 정지 [d:18][t:00:25:12]
[I](2021-04-26  03:36:47 pm)    [LNo:0007] 000085/000255
[I](2021-04-26  03:39:48 pm)작업중 정지 [d:20][t:00:28:13]
[I](2021-04-26  03:39:48 pm)    [LNo:0007] 000159/000255
[I](2021-04-26  03:39:48 pm)작업중 M코드정지 [d:20][t:00:28:13]
[I](2021-04-26  03:42:36 pm)작업중 정지 [d:20][t:00:31:02]
[I](2021-04-26  03:42:36 pm)    [LNo:0007] 000085/000255
[I](2021-04-26  03:46:36 pm)작업중 정지 [d:24][t:00:35:01]
[I](2021-04-26  03:46:36 pm)    [LNo:0007] 000159/000255
[I](2021-04-26  03:46:36 pm)작업중 M코드정지 [d:24][t:00:35:01]
[I](2021-04-26  03:48:14 pm)작업중 정지 [d:24][t:00:36:40]
[I](2021-04-26  03:48:14 pm)    [LNo:0007] 000083/000255
[I](2021-04-26  03:50:07 pm)작업중 정지 [d:26][t:00:38:32]
[I](2021-04-26  03:50:07 pm)    [LNo:0007] 000159/000255
[I](2021-04-26  03:50:07 pm)작업중 M코드정지 [d:26][t:00:38:32]
[I](2021-04-26  03:52:22 pm)작업중 정지 [d:26][t:00:40:48]
[I](2021-04-26  03:52:22 pm)    [LNo:0007] 000085/000255
[I](2021-04-26  03:55:23 pm)작업중 정지 [d:29][t:00:43:49]
[I](2021-04-26  03:55:23 pm)    [LNo:0007] 000159/000255
[I](2021-04-26  03:55:23 pm)작업중 M코드정지 [d:29][t:00:43:49]
[I](2021-04-26  03:57:45 pm)작업중 정지 [d:29][t:00:46:10]
[I](2021-04-26  03:57:45 pm)    [LNo:0007] 000085/000255
[I](2021-04-26  04:01:43 pm)작업중 정지 [d:32][t:00:50:09]
[I](2021-04-26  04:01:43 pm)    [LNo:0007] 000158/000255
[I](2021-04-26  04:01:43 pm)작업중 M코드정지 [d:32][t:00:50:09]
[I](2021-04-26  04:03:48 pm)작업중 정지 [d:32][t:00:52:14]
[I](2021-04-26  04:03:48 pm)    [LNo:0007] 000083/000255
[I](2021-04-26  04:06:49 pm)작업중 정지 [d:34][t:00:55:14]
[I](2021-04-26  04:06:49 pm)    [LNo:0007] 000159/000255
[I](2021-04-26  04:06:49 pm)작업중 M코드정지 [d:34][t:00:55:14]
[I](2021-04-26  04:16:48 pm)작업중 정지 [d:41][t:01:05:13]
[I](2021-04-26  04:16:48 pm)    [LNo:0007] 000247/000255
[I](2021-04-26  04:16:48 pm)작업중 M코드정지 [d:41][t:01:05:13]
[I](2021-04-26  04:29:57 pm)Reset
[I](2021-04-26  04:29:58 pm)Reset
[I](2021-04-26  04:30:07 pm)Reset
[I](2021-04-26  04:30:08 pm)Reset
[I](2021-04-26  04:30:16 pm)Reset
[I](2021-04-26  04:30:16 pm)Reset
[I](2021-04-26  04:30:59 pm)Reset
[I](2021-04-26  04:40:57 pm)작업 시작 [Start d:0]
[I](2021-04-26  04:40:57 pm)Nc File: [No.0005-550.NC]
[I](2021-04-26  04:40:57 pm)  * Start Machine Position
[I](2021-04-26  04:40:57 pm)    X:    128.1099
[I](2021-04-26  04:40:57 pm)    Y:   -386.9743
[I](2021-04-26  04:40:57 pm)    U:      0.0000
[I](2021-04-26  04:40:57 pm)    V:      0.0000
[I](2021-04-26  04:40:57 pm)    Z:     56.8523
[I](2021-04-26  04:40:57 pm)  * Angle
[I](2021-04-26  04:40:57 pm)    Ar:     23.6475,Kr:      0.0000
[I](2021-04-26  04:40:57 pm)    Taper_Ar:      0.0000
[I](2021-04-26  04:41:03 pm)작업중 정지 [d:0][t:00:00:05]
[I](2021-04-26  04:41:03 pm)    [LNo:0005] 000295/000615
[I](2021-04-26  04:43:48 pm)Reset
[I](2021-04-26  04:43:49 pm)Reset
[I](2021-04-26  04:48:10 pm)작업 시작 [Start d:0]
[I](2021-04-26  04:48:10 pm)Nc File: [No.0005-550.NC]
[I](2021-04-26  04:48:10 pm)  * Start Machine Position
[I](2021-04-26  04:48:10 pm)    X:    128.1099
[I](2021-04-26  04:48:10 pm)    Y:   -386.9743
[I](2021-04-26  04:48:10 pm)    U:      0.0000
[I](2021-04-26  04:48:10 pm)    V:      0.0000
[I](2021-04-26  04:48:10 pm)    Z:     56.8523
[I](2021-04-26  04:48:10 pm)  * Angle
[I](2021-04-26  04:48:10 pm)    Ar:     23.6475,Kr:      0.0000
[I](2021-04-26  04:48:10 pm)    Taper_Ar:      0.0000
[I](2021-04-26  04:48:21 pm)작업중 정지 [d:0][t:00:00:11]
[I](2021-04-26  04:48:21 pm)    [LNo:0005] 000016/000615
[I](2021-04-26  04:48:22 pm)작업중 30sec 접촉 정지 [d:0][t:00:00:11]
[I](2021-04-26  04:58:13 pm)Reset
[I](2021-04-26  04:58:27 pm)작업 시작 [Start d:0]
[I](2021-04-26  04:58:27 pm)Nc File: [No.0005-550.NC]
[I](2021-04-26  04:58:27 pm)  * Start Machine Position
[I](2021-04-26  04:58:27 pm)    X:    128.1099
[I](2021-04-26  04:58:27 pm)    Y:   -386.9743
[I](2021-04-26  04:58:27 pm)    U:      0.0000
[I](2021-04-26  04:58:27 pm)    V:      0.0000
[I](2021-04-26  04:58:27 pm)    Z:     56.8523
[I](2021-04-26  04:58:27 pm)  * Angle
[I](2021-04-26  04:58:27 pm)    Ar:     23.6475,Kr:      0.0000
[I](2021-04-26  04:58:27 pm)    Taper_Ar:      0.0000
[I](2021-04-26  04:58:35 pm)작업중 정지 [d:0][t:00:00:07]
[I](2021-04-26  04:58:35 pm)    [LNo:0005] 000016/000615
[I](2021-04-26  04:58:35 pm)작업중 30sec 접촉 정지 [d:0][t:00:00:07]
[I](2021-04-26  04:59:10 pm)작업 재시작
[I](2021-04-26  05:05:05 pm)작업중 정지 [d:6][t:00:06:37]
[I](2021-04-26  05:05:05 pm)    [LNo:0005] 000018/000615
[A](2021-04-26  05:05:05 pm)[008] 작업중 단선(AWF Feed Motor Stop )
[I](2021-04-26  05:05:05 pm)작업중 Wire 단선 [d:6][t:00:06:37]
[I](2021-04-26  05:15:31 pm)Reset
[I](2021-04-26  05:16:13 pm)Reset
[A](2021-04-26  05:16:39 pm)[001] 와이어 미동작
[A](2021-04-26  05:16:40 pm)[001] 와이어 미동작
[I](2021-04-26  05:16:52 pm)Reset
[I](2021-04-26  05:16:53 pm)Reset
[I](2021-04-26  05:17:46 pm)Reset
[A](2021-04-26  05:18:05 pm)[038] 자동결선 FEED MOTOR ALARM !!
[A](2021-04-26  05:18:12 pm)[038] 자동결선 FEED MOTOR ALARM !!
[A](2021-04-26  05:18:39 pm)[038] 자동결선 FEED MOTOR ALARM !!
[A](2021-04-26  05:18:47 pm)[038] 자동결선 FEED MOTOR ALARM !!
[A](2021-04-26  05:18:56 pm)[038] 자동결선 FEED MOTOR ALARM !!
[A](2021-04-26  05:19:10 pm)[038] 자동결선 FEED MOTOR ALARM !!
[A](2021-04-26  05:19:27 pm)[038] 자동결선 FEED MOTOR ALARM !!
[A](2021-04-26  05:19:34 pm)[038] 자동결선 FEED MOTOR ALARM !!
[A](2021-04-26  05:20:04 pm)[038] 자동결선 FEED MOTOR ALARM !!
[A](2021-04-26  05:20:06 pm)[038] 자동결선 FEED MOTOR ALARM !!
[A](2021-04-26  05:20:29 pm)[038] 자동결선 FEED MOTOR ALARM !!
[I](2021-04-26  05:20:43 pm)SPM Device Closed.
[I](2021-04-26  05:21:59 pm)SPM Device Open Succeeded.
[I](2021-04-26  05:21:59 pm)Initialization is completed.
[I](2021-04-26  05:22:05 pm)Ready On
[I](2021-04-26  05:24:03 pm)작업 시작 [Start d:6]
[I](2021-04-26  05:24:03 pm)Nc File: [No.0005-550.NC]
[I](2021-04-26  05:24:03 pm)  * Start Machine Position
[I](2021-04-26  05:24:03 pm)    X:    128.1099
[I](2021-04-26  05:24:03 pm)    Y:   -386.9743
[I](2021-04-26  05:24:03 pm)    U:      0.0000
[I](2021-04-26  05:24:03 pm)    V:      0.0000
[I](2021-04-26  05:24:03 pm)    Z:     56.8523
[I](2021-04-26  05:24:03 pm)  * Angle
[I](2021-04-26  05:24:03 pm)    Ar:     23.6475,Kr:      0.0000
[I](2021-04-26  05:24:03 pm)    Taper_Ar:      0.0000
[I](2021-04-26  05:25:31 pm)작업중 정지 [d:2][t:00:01:27]
[I](2021-04-26  05:25:31 pm)    [LNo:0005] 000019/000615
[A](2021-04-26  05:25:31 pm)[008] 작업중 단선(AWF Feed Motor Stop )
[I](2021-04-26  05:25:31 pm)작업중 Wire 단선 [d:2][t:00:01:27]
[I](2021-04-26  05:26:54 pm)작업 재시작
[I](2021-04-26  06:12:50 pm)작업중 정지 [d:48][t:00:48:46]
[I](2021-04-26  06:12:50 pm)    [LNo:0005] 000078/000615
[I](2021-04-26  06:12:50 pm)작업중 M코드정지 [d:48][t:00:48:46]
[I](2021-04-26  06:40:25 pm)작업중 정지 [d:48][t:01:16:21]
[I](2021-04-26  06:40:25 pm)    [LNo:0005] 000081/000615
[I](2021-04-26  06:40:25 pm)작업중 M코드정지 [d:48][t:01:16:21]
[I](2021-04-26  06:45:13 pm)작업중 정지 [d:52][t:01:21:09]
[I](2021-04-26  06:45:13 pm)    [LNo:0005] 000231/000615
[I](2021-04-26  06:45:13 pm)작업중 M코드정지 [d:52][t:01:21:09]
[I](2021-04-26  06:46:44 pm)작업중 정지 [d:52][t:01:22:40]
[I](2021-04-26  06:46:44 pm)    [LNo:0005] 000247/000615
[I](2021-04-26  06:46:44 pm)작업중 30sec 접촉 정지 [d:52][t:01:22:40]
[I](2021-04-26  06:47:19 pm)작업 재시작
[I](2021-04-26  07:04:44 pm)작업중 정지 [d:70][t:01:40:40]
[I](2021-04-26  07:04:44 pm)    [LNo:0005] 000252/000615
[I](2021-04-26  07:04:44 pm)작업중 M코드정지 [d:70][t:01:40:40]
[I](2021-04-26  07:06:03 pm)작업중 정지 [d:70][t:01:41:59]
[I](2021-04-26  07:06:03 pm)    [LNo:0005] 000253/000615
[I](2021-04-26  07:06:40 pm)작업 재시작
[I](2021-04-26  07:06:50 pm)작업중 정지 [d:70][t:01:42:46]
[I](2021-04-26  07:06:50 pm)    [LNo:0005] 000255/000615
[I](2021-04-26  07:06:50 pm)작업중 M코드정지 [d:70][t:01:42:46]
[I](2021-04-26  07:28:31 pm)작업중 정지 [d:91][t:02:04:28]
[I](2021-04-26  07:28:31 pm)    [LNo:0005] 000310/000615
[I](2021-04-26  07:28:32 pm)작업중 M코드정지 [d:91][t:02:04:28]
[I](2021-04-26  07:29:19 pm)작업중 정지 [d:91][t:02:05:15]
[I](2021-04-26  07:29:19 pm)    [LNo:0005] 000311/000615
[I](2021-04-26  07:29:53 pm)작업 재시작
[I](2021-04-26  07:30:02 pm)작업중 정지 [d:91][t:02:05:58]
[I](2021-04-26  07:30:02 pm)    [LNo:0005] 000313/000615
[I](2021-04-26  07:30:02 pm)작업중 M코드정지 [d:91][t:02:05:58]
[I](2021-04-26  07:34:15 pm)작업중 정지 [d:94][t:02:10:11]
[I](2021-04-26  07:34:15 pm)    [LNo:0005] 000363/000615
[I](2021-04-26  07:35:12 pm)작업 재시작
[I](2021-04-26  07:47:20 pm)작업중 정지 [d:106][t:02:23:16]
[I](2021-04-26  07:47:20 pm)    [LNo:0005] 000368/000615
[I](2021-04-26  07:47:20 pm)작업중 M코드정지 [d:106][t:02:23:16]
[I](2021-04-26  07:48:54 pm)작업중 정지 [d:106][t:02:24:50]
[I](2021-04-26  07:48:54 pm)    [LNo:0005] 000369/000615
[I](2021-04-26  07:49:39 pm)작업 재시작
[I](2021-04-26  07:49:48 pm)작업중 정지 [d:106][t:02:25:44]
[I](2021-04-26  07:49:48 pm)    [LNo:0005] 000371/000615
[I](2021-04-26  07:49:48 pm)작업중 M코드정지 [d:106][t:02:25:44]
[I](2021-04-26  07:53:17 pm)작업중 정지 [d:108][t:02:29:13]
[I](2021-04-26  07:53:17 pm)    [LNo:0005] 000421/000615
[I](2021-04-26  07:53:17 pm)작업중 30sec 접촉 정지 [d:108][t:02:29:13]
[I](2021-04-26  07:53:41 pm)작업 재시작
[I](2021-04-26  07:59:44 pm)작업중 정지 [d:114][t:02:35:40]
[I](2021-04-26  07:59:44 pm)    [LNo:0005] 000424/000615
[I](2021-04-26  07:59:44 pm)작업중 30sec 접촉 정지 [d:114][t:02:35:40]
[I](2021-04-26  08:04:30 pm)작업 재시작
[I](2021-04-26  08:04:36 pm)작업중 정지 [d:114][t:02:40:32]
[I](2021-04-26  08:04:36 pm)    [LNo:0005] 000424/000615
[I](2021-04-26  08:04:36 pm)작업중 30sec 접촉 정지 [d:114][t:02:40:32]
[I](2021-04-26  08:04:47 pm)작업 재시작
[I](2021-04-26  08:04:50 pm)작업중 정지 [d:114][t:02:40:46]
[I](2021-04-26  08:04:50 pm)    [LNo:0005] 000424/000615
[I](2021-04-26  08:05:44 pm)작업 재시작
[I](2021-04-26  08:06:06 pm)작업중 정지 [d:114][t:02:42:02]
[I](2021-04-26  08:06:06 pm)    [LNo:0005] 000424/000615
[I](2021-04-26  08:06:06 pm)작업중 30sec 접촉 정지 [d:114][t:02:42:02]
[I](2021-04-26  08:06:18 pm)작업 재시작
[I](2021-04-26  08:06:23 pm)작업중 정지 [d:114][t:02:42:19]
[I](2021-04-26  08:06:23 pm)    [LNo:0005] 000424/000615
[I](2021-04-26  08:06:23 pm)작업중 30sec 접촉 정지 [d:114][t:02:42:19]
[I](2021-04-26  08:06:28 pm)작업 재시작
[I](2021-04-26  08:06:49 pm)작업중 정지 [d:114][t:02:42:45]
[I](2021-04-26  08:06:49 pm)    [LNo:0005] 000424/000615
[I](2021-04-26  08:06:49 pm)작업중 30sec 접촉 정지 [d:114][t:02:42:45]
[I](2021-04-26  08:06:55 pm)작업 재시작
[I](2021-04-26  08:07:01 pm)작업중 정지 [d:114][t:02:42:57]
[I](2021-04-26  08:07:01 pm)    [LNo:0005] 000424/000615
[I](2021-04-26  08:07:01 pm)작업중 30sec 접촉 정지 [d:114][t:02:42:58]
[I](2021-04-26  08:07:17 pm)작업 재시작
[I](2021-04-26  08:07:35 pm)작업중 정지 [d:115][t:02:43:31]
[I](2021-04-26  08:07:35 pm)    [LNo:0005] 000424/000615
[I](2021-04-26  08:07:35 pm)작업중 30sec 접촉 정지 [d:115][t:02:43:31]
[I](2021-04-26  08:07:44 pm)작업 재시작
[I](2021-04-26  08:14:01 pm)작업중 정지 [d:121][t:02:49:57]
[I](2021-04-26  08:14:01 pm)    [LNo:0005] 000426/000615
[I](2021-04-26  08:14:01 pm)작업중 M코드정지 [d:121][t:02:49:57]
[I](2021-04-26  08:20:47 pm)작업중 정지 [d:122][t:02:56:43]
[I](2021-04-26  08:20:47 pm)    [LNo:0005] 000429/000615
[I](2021-04-26  08:20:47 pm)작업중 M코드정지 [d:122][t:02:56:43]
[I](2021-04-26  08:43:22 pm)작업중 정지 [d:143][t:03:19:18]
[I](2021-04-26  08:43:22 pm)    [LNo:0005] 000484/000615
[I](2021-04-26  08:43:22 pm)작업중 M코드정지 [d:143][t:03:19:18]
[I](2021-04-26  08:44:06 pm)작업중 정지 [d:143][t:03:20:02]
[I](2021-04-26  08:44:06 pm)    [LNo:0005] 000487/000615
[I](2021-04-26  08:44:06 pm)작업중 M코드정지 [d:143][t:03:20:02]
[I](2021-04-26  08:48:36 pm)작업중 정지 [d:145][t:03:24:32]
[I](2021-04-26  08:48:36 pm)    [LNo:0005] 000535/000615
[I](2021-04-26  08:48:36 pm)작업중 30sec 접촉 정지 [d:145][t:03:24:32]
[I](2021-04-26  08:50:05 pm)작업 재시작
[I](2021-04-26  08:50:11 pm)작업중 정지 [d:145][t:03:26:07]
[I](2021-04-26  08:50:11 pm)    [LNo:0005] 000535/000615
[I](2021-04-26  08:50:11 pm)작업중 30sec 접촉 정지 [d:145][t:03:26:07]
[I](2021-04-26  08:52:34 pm)작업 재시작
[I](2021-04-26  09:08:35 pm)작업중 정지 [d:160][t:03:44:31]
[I](2021-04-26  09:08:35 pm)    [LNo:0005] 000611/000615
[I](2021-04-26  09:08:35 pm)작업중 M코드정지 [d:160][t:03:44:31]
[I](2021-04-26  09:13:06 pm)작업중 정지 [d:160][t:03:49:02]
[I](2021-04-26  09:13:06 pm)    [LNo:0005] 000592/000615
[I](2021-04-26  09:14:47 pm)작업중 정지 [d:161][t:03:50:43]
[I](2021-04-26  09:14:47 pm)    [LNo:0005] 000607/000615
[I](2021-04-26  09:14:47 pm)작업중 M코드정지 [d:161][t:03:50:43]
[I](2021-04-26  09:21:03 pm)Reset
[I](2021-04-26  09:26:33 pm)Reset
[I](2021-04-26  09:26:58 pm)Reset
[I](2021-04-26  09:33:13 pm)Reset
[I](2021-04-26  09:36:15 pm)Reset
[I](2021-04-26  09:39:15 pm)Reset
[I](2021-04-26  09:40:50 pm)작업 시작 [Start d:167]
[I](2021-04-26  09:40:50 pm)Nc File: [No.0006-552.NC]
[I](2021-04-26  09:40:50 pm)  * Start Machine Position
[I](2021-04-26  09:40:50 pm)    X:     91.2061
[I](2021-04-26  09:40:50 pm)    Y:   -383.8293
[I](2021-04-26  09:40:50 pm)    U:      0.0000
[I](2021-04-26  09:40:50 pm)    V:      0.0000
[I](2021-04-26  09:40:50 pm)    Z:     56.8523
[I](2021-04-26  09:40:50 pm)  * Angle
[I](2021-04-26  09:40:50 pm)    Ar:     -1.1313,Kr:      0.0000
[I](2021-04-26  09:40:50 pm)    Taper_Ar:      0.0000
[I](2021-04-26  09:40:55 pm)작업중 정지 [d:0][t:00:00:05]
[I](2021-04-26  09:40:55 pm)    [LNo:0006] 000010/000040
[I](2021-04-26  09:40:56 pm)작업중 M코드정지 [d:0][t:00:00:05]
[I](2021-04-26  09:42:22 pm)작업중 정지 [d:0][t:00:01:32]
[I](2021-04-26  09:42:22 pm)    [LNo:0006] 000021/000040
[I](2021-04-26  09:42:22 pm)작업중 30sec 접촉 정지 [d:0][t:00:01:32]
[I](2021-04-26  09:43:19 pm)작업 재시작
[I](2021-04-26  09:56:24 pm)작업중 정지 [d:13][t:00:15:34]
[I](2021-04-26  09:56:24 pm)    [LNo:0006] 000027/000040
[I](2021-04-26  09:56:24 pm)작업중 M코드정지 [d:13][t:00:15:34]
[I](2021-04-26  09:59:24 pm)작업중 정지 [d:13][t:00:18:34]
[I](2021-04-26  09:59:24 pm)    [LNo:0006] 000028/000040
[I](2021-04-26  10:00:08 pm)작업 재시작
[I](2021-04-26  10:00:23 pm)작업중 정지 [d:13][t:00:19:33]
[I](2021-04-26  10:00:23 pm)    [LNo:0006] 000030/000040
[I](2021-04-26  10:00:23 pm)작업중 M코드정지 [d:13][t:00:19:33]
[I](2021-04-26  10:00:59 pm)작업중 정지 [d:13][t:00:20:09]
[I](2021-04-26  10:00:59 pm)    [LNo:0006] 000036/000040
[I](2021-04-26  10:00:59 pm)작업중 M코드정지 [d:13][t:00:20:09]
[I](2021-04-26  10:14:03 pm)Reset
[I](2021-04-26  10:14:54 pm)Reset
[I](2021-04-26  10:25:02 pm)Reset
[I](2021-04-26  10:31:22 pm)작업 시작 [Start d:180]
[I](2021-04-26  10:31:22 pm)Nc File: [No.0008-558.NC]
[I](2021-04-26  10:31:22 pm)  * Start Machine Position
[I](2021-04-26  10:31:22 pm)    X:    120.3311
[I](2021-04-26  10:31:22 pm)    Y:   -359.9533
[I](2021-04-26  10:31:22 pm)    U:      0.0000
[I](2021-04-26  10:31:22 pm)    V:      0.0000
[I](2021-04-26  10:31:22 pm)    Z:     30.5078
[I](2021-04-26  10:31:22 pm)  * Angle
[I](2021-04-26  10:31:22 pm)    Ar:      0.5668,Kr:      0.0000
[I](2021-04-26  10:31:22 pm)    Taper_Ar:      0.0000
[I](2021-04-26  11:46:23 pm)작업중 정지 [d:75][t:01:15:00]
[I](2021-04-26  11:46:23 pm)    [LNo:0008] 000061/000524
[I](2021-04-26  11:46:23 pm)작업중 M코드정지 [d:75][t:01:15:00]
[I](2021-04-26  11:48:11 pm)작업중 정지 [d:75][t:01:16:49]
[I](2021-04-26  11:48:11 pm)    [LNo:0008] 000064/000524
[I](2021-04-26  11:48:11 pm)작업중 M코드정지 [d:75][t:01:16:49]
