[I](2021-12-24  12:01:51 am)작업중 정지 [d:248][t:04:30:08]
[I](2021-12-24  12:01:51 am)    [LNo:0003] 000613/001220
[I](2021-12-24  12:01:51 am)작업중 M코드정지 [d:248][t:04:30:08]
[I](2021-12-24  12:02:10 am)작업중 정지 [d:248][t:04:30:27]
[I](2021-12-24  12:02:11 am)    [LNo:0003] 000617/001220
[I](2021-12-24  12:02:11 am)작업중 M코드정지 [d:248][t:04:30:27]
[I](2021-12-24  12:24:26 am)작업중 정지 [d:268][t:04:52:43]
[I](2021-12-24  12:24:26 am)    [LNo:0003] 000670/001220
[I](2021-12-24  12:24:26 am)작업중 M코드정지 [d:268][t:04:52:43]
[I](2021-12-24  12:24:45 am)작업중 정지 [d:268][t:04:53:02]
[I](2021-12-24  12:24:45 am)    [LNo:0003] 000674/001220
[I](2021-12-24  12:24:45 am)작업중 M코드정지 [d:268][t:04:53:02]
[I](2021-12-24  12:42:58 am)작업중 정지 [d:285][t:05:11:15]
[I](2021-12-24  12:42:58 am)    [LNo:0003] 000727/001220
[I](2021-12-24  12:42:58 am)작업중 M코드정지 [d:285][t:05:11:15]
[I](2021-12-24  12:44:44 am)작업중 정지 [d:285][t:05:13:01]
[I](2021-12-24  12:44:44 am)    [LNo:0003] 000731/001220
[I](2021-12-24  12:44:44 am)작업중 M코드정지 [d:285][t:05:13:01]
[I](2021-12-24  12:52:02 am)작업중 정지 [d:291][t:05:20:19]
[I](2021-12-24  12:52:02 am)    [LNo:0003] 000775/001220
[I](2021-12-24  12:52:02 am)작업중 30sec 접촉 정지 [d:291][t:05:20:19]
[I](2021-12-24  12:52:25 am)작업 재시작
[I](2021-12-24  01:04:05 am)작업중 정지 [d:303][t:05:32:22]
[I](2021-12-24  01:04:05 am)    [LNo:0003] 000784/001220
[I](2021-12-24  01:04:05 am)작업중 M코드정지 [d:303][t:05:32:22]
[I](2021-12-24  01:04:32 am)작업중 정지 [d:304][t:05:32:49]
[I](2021-12-24  01:04:32 am)    [LNo:0003] 000788/001220
[I](2021-12-24  01:04:32 am)작업중 M코드정지 [d:304][t:05:32:49]
[I](2021-12-24  01:11:58 am)작업중 정지 [d:310][t:05:40:15]
[I](2021-12-24  01:11:58 am)    [LNo:0003] 000832/001220
[I](2021-12-24  01:11:58 am)작업중 30sec 접촉 정지 [d:310][t:05:40:15]
[I](2021-12-24  01:12:18 am)작업 재시작
[I](2021-12-24  01:24:39 am)작업중 정지 [d:323][t:05:52:56]
[I](2021-12-24  01:24:39 am)    [LNo:0003] 000841/001220
[I](2021-12-24  01:24:39 am)작업중 M코드정지 [d:323][t:05:52:56]
[I](2021-12-24  01:25:17 am)작업중 정지 [d:323][t:05:53:34]
[I](2021-12-24  01:25:17 am)    [LNo:0003] 000845/001220
[I](2021-12-24  01:25:17 am)작업중 M코드정지 [d:323][t:05:53:34]
[I](2021-12-24  01:44:39 am)작업중 정지 [d:340][t:06:12:56]
[I](2021-12-24  01:44:39 am)    [LNo:0003] 000898/001220
[I](2021-12-24  01:44:39 am)작업중 M코드정지 [d:340][t:06:12:56]
[I](2021-12-24  01:46:43 am)작업중 정지 [d:341][t:06:15:00]
[I](2021-12-24  01:46:43 am)    [LNo:0003] 000902/001220
[I](2021-12-24  01:46:43 am)작업중 M코드정지 [d:341][t:06:15:00]
[I](2021-12-24  02:23:35 am)작업중 정지 [d:377][t:06:51:51]
[I](2021-12-24  02:23:35 am)    [LNo:0003] 000955/001220
[I](2021-12-24  02:23:35 am)작업중 M코드정지 [d:377][t:06:51:51]
[I](2021-12-24  02:25:01 am)작업중 정지 [d:377][t:06:53:18]
[I](2021-12-24  02:25:01 am)    [LNo:0003] 000959/001220
[I](2021-12-24  02:25:01 am)작업중 M코드정지 [d:377][t:06:53:18]
[I](2021-12-24  03:06:27 am)작업중 정지 [d:416][t:07:34:44]
[I](2021-12-24  03:06:27 am)    [LNo:0003] 001012/001220
[I](2021-12-24  03:06:28 am)작업중 M코드정지 [d:416][t:07:34:44]
[I](2021-12-24  03:06:43 am)작업중 정지 [d:416][t:07:35:00]
[I](2021-12-24  03:06:43 am)    [LNo:0003] 001014/001220
[I](2021-12-24  03:07:26 am)작업 재시작
[I](2021-12-24  03:07:37 am)작업중 정지 [d:417][t:07:35:53]
[I](2021-12-24  03:07:37 am)    [LNo:0003] 001016/001220
[I](2021-12-24  03:07:37 am)작업중 M코드정지 [d:417][t:07:35:53]
[I](2021-12-24  03:31:34 am)작업중 정지 [d:440][t:07:59:51]
[I](2021-12-24  03:31:34 am)    [LNo:0003] 001069/001220
[I](2021-12-24  03:31:34 am)작업중 M코드정지 [d:440][t:07:59:51]
[I](2021-12-24  03:32:09 am)작업중 정지 [d:440][t:08:00:25]
[I](2021-12-24  03:32:09 am)    [LNo:0003] 001073/001220
[I](2021-12-24  03:32:09 am)작업중 M코드정지 [d:440][t:08:00:25]
[I](2021-12-24  03:44:03 am)작업중 정지 [d:449][t:08:12:19]
[I](2021-12-24  03:44:03 am)    [LNo:0003] 001119/001220
[A](2021-12-24  03:44:03 am)[008] 작업중 단선(AWF Feed Motor Stop )
[I](2021-12-24  03:44:03 am)작업중 Wire 단선 [d:449][t:08:12:19]
[I](2021-12-24  03:47:04 am)작업 재시작
[I](2021-12-24  03:55:42 am)작업중 정지 [d:458][t:08:23:59]
[I](2021-12-24  03:55:42 am)    [LNo:0003] 001126/001220
[I](2021-12-24  03:55:42 am)작업중 M코드정지 [d:458][t:08:23:59]
[I](2021-12-24  03:56:21 am)작업중 정지 [d:458][t:08:24:38]
[I](2021-12-24  03:56:21 am)    [LNo:0003] 001130/001220
[I](2021-12-24  03:56:21 am)작업중 M코드정지 [d:458][t:08:24:38]
[I](2021-12-24  04:17:10 am)작업중 정지 [d:476][t:08:45:27]
[I](2021-12-24  04:17:10 am)    [LNo:0003] 001183/001220
[I](2021-12-24  04:17:10 am)작업중 M코드정지 [d:476][t:08:45:27]
[I](2021-12-24  04:17:27 am)작업중 정지 [d:476][t:08:45:44]
[I](2021-12-24  04:17:27 am)    [LNo:0003] 001185/001220
[I](2021-12-24  04:17:58 am)작업 재시작
[I](2021-12-24  04:18:07 am)작업중 정지 [d:476][t:08:46:24]
[I](2021-12-24  04:18:07 am)    [LNo:0003] 001187/001220
[I](2021-12-24  04:18:07 am)작업중 M코드정지 [d:476][t:08:46:24]
[I](2021-12-24  04:22:33 am)작업중 정지 [d:480][t:08:50:50]
[I](2021-12-24  04:22:33 am)    [LNo:0003] 001216/001220
[I](2021-12-24  04:22:33 am)작업중 M코드정지 [d:480][t:08:50:50]
[I](2021-12-24  04:28:59 am)Reset
[I](2021-12-24  04:29:00 am)Reset
[I](2021-12-24  04:29:10 am)Reset
[I](2021-12-24  04:31:42 am)Reset
[I](2021-12-24  04:31:42 am)Reset
[I](2021-12-24  04:46:20 am)Reset
[I](2021-12-24  04:46:51 am)Reset
[I](2021-12-24  04:46:51 am)Reset
[I](2021-12-24  04:47:36 am)Reset
[I](2021-12-24  04:47:36 am)Reset
[I](2021-12-24  04:48:27 am)Reset
[I](2021-12-24  04:48:49 am)Reset
[I](2021-12-24  04:49:07 am)Reset
[I](2021-12-24  04:49:56 am)작업 시작 [Start d:0]
[I](2021-12-24  04:49:56 am)Nc File: [No.0001-263.NC]
[I](2021-12-24  04:49:56 am)  * Start Machine Position
[I](2021-12-24  04:49:56 am)    X:    154.4897
[I](2021-12-24  04:49:56 am)    Y:   -361.9290
[I](2021-12-24  04:49:56 am)    U:      0.0000
[I](2021-12-24  04:49:56 am)    V:      0.0139
[I](2021-12-24  04:49:56 am)    Z:     59.8414
[I](2021-12-24  04:49:56 am)  * Angle
[I](2021-12-24  04:49:56 am)    Ar:      0.1435,Kr:      0.0000
[I](2021-12-24  04:49:56 am)    Taper_Ar:      0.0000
[I](2021-12-24  04:50:08 am)작업중 정지 [d:0][t:00:00:11]
[I](2021-12-24  04:50:08 am)    [LNo:0001] 000010/000102
[I](2021-12-24  04:50:08 am)작업중 M코드정지 [d:0][t:00:00:11]
[I](2021-12-24  05:04:08 am)작업중 정지 [d:13][t:00:14:11]
[I](2021-12-24  05:04:08 am)    [LNo:0001] 000028/000102
[I](2021-12-24  05:04:08 am)작업중 M코드정지 [d:13][t:00:14:11]
[I](2021-12-24  05:04:36 am)작업중 정지 [d:14][t:00:14:40]
[I](2021-12-24  05:04:36 am)    [LNo:0001] 000030/000102
[I](2021-12-24  05:05:37 am)작업 재시작
[I](2021-12-24  05:05:41 am)작업중 정지 [d:14][t:00:15:44]
[I](2021-12-24  05:05:41 am)    [LNo:0001] 000032/000102
[I](2021-12-24  05:05:41 am)작업중 M코드정지 [d:14][t:00:15:44]
[I](2021-12-24  05:10:03 am)작업중 정지 [d:18][t:00:20:06]
[I](2021-12-24  05:10:03 am)    [LNo:0001] 000051/000102
[I](2021-12-24  05:10:03 am)작업중 M코드정지 [d:18][t:00:20:06]
[I](2021-12-24  05:11:23 am)작업중 정지 [d:18][t:00:21:26]
[I](2021-12-24  05:11:23 am)    [LNo:0001] 000036/000102
[I](2021-12-24  05:13:05 am)작업중 정지 [d:19][t:00:23:08]
[I](2021-12-24  05:13:05 am)    [LNo:0001] 000050/000102
[I](2021-12-24  05:13:05 am)작업중 M코드정지 [d:19][t:00:23:08]
[I](2021-12-24  05:29:07 am)작업중 정지 [d:33][t:00:39:10]
[I](2021-12-24  05:29:07 am)    [LNo:0001] 000072/000102
[I](2021-12-24  05:29:07 am)작업중 M코드정지 [d:33][t:00:39:10]
[I](2021-12-24  05:29:31 am)작업중 정지 [d:34][t:00:39:34]
[I](2021-12-24  05:29:31 am)    [LNo:0001] 000074/000102
[I](2021-12-24  05:32:23 am)작업 재시작
[I](2021-12-24  05:32:29 am)작업중 정지 [d:34][t:00:42:32]
[I](2021-12-24  05:32:29 am)    [LNo:0001] 000076/000102
[I](2021-12-24  05:32:29 am)작업중 M코드정지 [d:34][t:00:42:32]
[I](2021-12-24  05:36:43 am)작업중 정지 [d:38][t:00:46:47]
[I](2021-12-24  05:36:43 am)    [LNo:0001] 000095/000102
[I](2021-12-24  05:36:44 am)작업중 M코드정지 [d:38][t:00:46:47]
[I](2021-12-24  05:38:20 am)작업중 정지 [d:38][t:00:48:23]
[I](2021-12-24  05:38:20 am)    [LNo:0001] 000080/000102
[I](2021-12-24  05:39:24 am)작업중 정지 [d:38][t:00:49:27]
[I](2021-12-24  05:39:24 am)    [LNo:0001] 000095/000102
[I](2021-12-24  05:39:24 am)작업중 Single Block Stop [d:38][t:00:49:27]
[I](2021-12-24  05:52:45 am)Reset
[I](2021-12-24  05:52:53 am)Reset
[I](2021-12-24  05:56:11 am)Reset
[I](2021-12-24  05:56:12 am)Reset
[I](2021-12-24  06:00:38 am)Reset
[I](2021-12-24  06:00:38 am)Reset
[I](2021-12-24  06:00:59 am)Reset
[I](2021-12-24  06:01:00 am)Reset
[I](2021-12-24  06:01:42 am)Reset
[I](2021-12-24  06:02:28 am)작업 시작 [Start d:38]
[I](2021-12-24  06:02:28 am)Nc File: [No.0001-263.NC]
[I](2021-12-24  06:02:28 am)  * Start Machine Position
[I](2021-12-24  06:02:28 am)    X:    162.7473
[I](2021-12-24  06:02:28 am)    Y:   -362.7777
[I](2021-12-24  06:02:28 am)    U:     -0.0001
[I](2021-12-24  06:02:28 am)    V:      0.0149
[I](2021-12-24  06:02:28 am)    Z:     59.8414
[I](2021-12-24  06:02:28 am)  * Angle
[I](2021-12-24  06:02:28 am)    Ar:      0.4503,Kr:      0.0000
[I](2021-12-24  06:02:28 am)    Taper_Ar:      0.0000
[I](2021-12-24  06:02:39 am)작업중 정지 [d:0][t:00:00:11]
[I](2021-12-24  06:02:39 am)    [LNo:0001] 000010/000102
[I](2021-12-24  06:02:39 am)작업중 M코드정지 [d:0][t:00:00:11]
[I](2021-12-24  06:11:09 am)작업중 정지 [d:8][t:00:08:40]
[I](2021-12-24  06:11:09 am)    [LNo:0001] 000026/000102
[A](2021-12-24  06:11:09 am)[008] 작업중 단선(AWF Feed Motor Stop )
[I](2021-12-24  06:11:09 am)작업중 Wire 단선 [d:8][t:00:08:41]
[I](2021-12-24  06:12:17 am)작업 재시작
[I](2021-12-24  06:16:58 am)작업중 정지 [d:13][t:00:14:30]
[I](2021-12-24  06:16:58 am)    [LNo:0001] 000028/000102
[I](2021-12-24  06:16:59 am)작업중 M코드정지 [d:13][t:00:14:30]
[I](2021-12-24  06:17:38 am)작업중 정지 [d:14][t:00:15:10]
[I](2021-12-24  06:17:38 am)    [LNo:0001] 000030/000102
[I](2021-12-24  06:18:13 am)작업 재시작
[I](2021-12-24  06:23:31 am)작업중 정지 [d:20][t:00:21:02]
[I](2021-12-24  06:23:31 am)    [LNo:0001] 000050/000102
[I](2021-12-24  06:23:31 am)작업중 M코드정지 [d:20][t:00:21:02]
[I](2021-12-24  06:24:30 am)작업중 정지 [d:20][t:00:22:01]
[I](2021-12-24  06:24:30 am)    [LNo:0001] 000036/000102
[I](2021-12-24  06:40:30 am)작업중 정지 [d:33][t:00:38:02]
[I](2021-12-24  06:40:30 am)    [LNo:0001] 000072/000102
[I](2021-12-24  06:40:30 am)작업중 M코드정지 [d:33][t:00:38:02]
[I](2021-12-24  06:41:13 am)작업중 정지 [d:33][t:00:38:45]
[I](2021-12-24  06:41:13 am)    [LNo:0001] 000074/000102
[I](2021-12-24  06:41:49 am)작업 재시작
[I](2021-12-24  06:42:04 am)작업중 정지 [d:33][t:00:39:36]
[I](2021-12-24  06:42:04 am)    [LNo:0001] 000076/000102
[I](2021-12-24  06:42:05 am)작업중 M코드정지 [d:33][t:00:39:36]
[I](2021-12-24  06:46:42 am)작업중 정지 [d:38][t:00:44:13]
[I](2021-12-24  06:46:42 am)    [LNo:0001] 000094/000102
[I](2021-12-24  06:46:42 am)작업중 M코드정지 [d:38][t:00:44:13]
[I](2021-12-24  06:46:57 am)작업중 정지 [d:38][t:00:44:28]
[I](2021-12-24  06:46:57 am)    [LNo:0001] 000080/000102
[I](2021-12-24  06:48:11 am)작업중 정지 [d:39][t:00:45:43]
[I](2021-12-24  06:48:11 am)    [LNo:0001] 000094/000102
[I](2021-12-24  06:48:11 am)작업중 M코드정지 [d:39][t:00:45:43]
[I](2021-12-24  06:49:20 am)작업중 정지 [d:39][t:00:46:51]
[I](2021-12-24  06:49:20 am)    [LNo:0001] 000080/000102
[I](2021-12-24  06:51:06 am)작업중 정지 [d:40][t:00:48:38]
[I](2021-12-24  06:51:06 am)    [LNo:0001] 000094/000102
[I](2021-12-24  06:51:06 am)작업중 M코드정지 [d:40][t:00:48:38]
[I](2021-12-24  06:52:32 am)Reset
[I](2021-12-24  06:52:45 am)Reset
[I](2021-12-24  06:54:35 am)Reset
[I](2021-12-24  06:58:14 am)Reset
[I](2021-12-24  06:58:14 am)Reset
[I](2021-12-24  06:58:35 am)Reset
[I](2021-12-24  06:58:36 am)Reset
[I](2021-12-24  06:59:13 am)Reset
[I](2021-12-24  07:00:06 am)작업 시작 [Start d:78]
[I](2021-12-24  07:00:06 am)Nc File: [No.0002-264.NC]
[I](2021-12-24  07:00:06 am)  * Start Machine Position
[I](2021-12-24  07:00:06 am)    X:    159.8818
[I](2021-12-24  07:00:06 am)    Y:   -361.6576
[I](2021-12-24  07:00:06 am)    U:      0.0001
[I](2021-12-24  07:00:06 am)    V:      0.0299
[I](2021-12-24  07:00:06 am)    Z:     59.8414
[I](2021-12-24  07:00:06 am)  * Angle
[I](2021-12-24  07:00:06 am)    Ar:     -0.2180,Kr:      0.0000
[I](2021-12-24  07:00:06 am)    Taper_Ar:      0.0000
[I](2021-12-24  07:00:18 am)작업중 정지 [d:0][t:00:00:11]
[I](2021-12-24  07:00:18 am)    [LNo:0002] 000010/000102
[I](2021-12-24  07:00:18 am)작업중 M코드정지 [d:0][t:00:00:11]
[I](2021-12-24  07:11:56 am)작업중 정지 [d:11][t:00:11:49]
[I](2021-12-24  07:11:56 am)    [LNo:0002] 000028/000102
[I](2021-12-24  07:11:56 am)작업중 M코드정지 [d:11][t:00:11:49]
[I](2021-12-24  07:12:25 am)작업중 정지 [d:11][t:00:12:18]
[I](2021-12-24  07:12:25 am)    [LNo:0002] 000030/000102
[I](2021-12-24  07:13:26 am)작업 재시작
[I](2021-12-24  07:17:19 am)작업중 정지 [d:15][t:00:17:12]
[I](2021-12-24  07:17:19 am)    [LNo:0002] 000050/000102
[I](2021-12-24  07:17:19 am)작업중 M코드정지 [d:15][t:00:17:12]
[I](2021-12-24  07:17:27 am)작업중 정지 [d:15][t:00:17:21]
[I](2021-12-24  07:17:27 am)    [LNo:0002] 000034/000102
[I](2021-12-24  07:18:57 am)작업중 정지 [d:16][t:00:18:50]
[I](2021-12-24  07:18:57 am)    [LNo:0002] 000050/000102
[I](2021-12-24  07:18:57 am)작업중 M코드정지 [d:16][t:00:18:50]
[I](2021-12-24  07:19:51 am)작업중 정지 [d:16][t:00:19:44]
[I](2021-12-24  07:19:51 am)    [LNo:0002] 000034/000102
[I](2021-12-24  07:35:20 am)작업중 정지 [d:28][t:00:35:14]
[I](2021-12-24  07:35:20 am)    [LNo:0002] 000072/000102
[I](2021-12-24  07:35:20 am)작업중 M코드정지 [d:28][t:00:35:14]
[I](2021-12-24  07:36:02 am)작업중 정지 [d:28][t:00:35:55]
[I](2021-12-24  07:36:02 am)    [LNo:0002] 000076/000102
[I](2021-12-24  07:36:02 am)작업중 M코드정지 [d:28][t:00:35:55]
[I](2021-12-24  07:41:53 am)작업중 정지 [d:33][t:00:41:47]
[I](2021-12-24  07:41:53 am)    [LNo:0002] 000095/000102
[I](2021-12-24  07:42:01 am)작업중 정지 [d:33][t:00:41:54]
[I](2021-12-24  07:42:01 am)    [LNo:0002] 000080/000102
[I](2021-12-24  07:43:41 am)작업중 정지 [d:35][t:00:43:34]
[I](2021-12-24  07:43:41 am)    [LNo:0002] 000095/000102
[I](2021-12-24  07:43:41 am)작업중 M코드정지 [d:35][t:00:43:34]
[I](2021-12-24  07:45:01 am)작업중 정지 [d:35][t:00:44:55]
[I](2021-12-24  07:45:01 am)    [LNo:0002] 000036/000102
[I](2021-12-24  07:46:03 am)작업중 정지 [d:35][t:00:45:56]
[I](2021-12-24  07:46:03 am)    [LNo:0002] 000050/000102
[I](2021-12-24  07:46:03 am)작업중 M코드정지 [d:35][t:00:45:56]
[I](2021-12-24  07:49:15 am)Reset
[I](2021-12-24  07:49:22 am)Reset
[I](2021-12-24  07:49:27 am)Reset
[I](2021-12-24  07:54:10 am)Reset
[I](2021-12-24  07:54:10 am)Reset
[I](2021-12-24  07:54:33 am)Reset
[I](2021-12-24  07:54:56 am)Reset
[I](2021-12-24  07:54:57 am)Reset
[I](2021-12-24  07:55:10 am)Reset
[I](2021-12-24  07:56:02 am)작업 시작 [Start d:113]
[I](2021-12-24  07:56:02 am)Nc File: [No.0002-264.NC]
[I](2021-12-24  07:56:02 am)  * Start Machine Position
[I](2021-12-24  07:56:02 am)    X:    171.7949
[I](2021-12-24  07:56:02 am)    Y:   -362.6683
[I](2021-12-24  07:56:02 am)    U:     -0.0002
[I](2021-12-24  07:56:02 am)    V:      0.0299
[I](2021-12-24  07:56:02 am)    Z:     59.8414
[I](2021-12-24  07:56:02 am)  * Angle
[I](2021-12-24  07:56:02 am)    Ar:      0.4169,Kr:      0.0000
[I](2021-12-24  07:56:02 am)    Taper_Ar:      0.0000
[I](2021-12-24  07:56:14 am)작업중 정지 [d:0][t:00:00:11]
[I](2021-12-24  07:56:14 am)    [LNo:0002] 000010/000102
[I](2021-12-24  07:56:14 am)작업중 M코드정지 [d:0][t:00:00:11]
[I](2021-12-24  08:09:03 am)작업중 정지 [d:4][t:00:13:00]
[I](2021-12-24  08:09:03 am)    [LNo:0002] 000025/000102
[A](2021-12-24  08:09:03 am)[008] 작업중 단선(AWF Feed Motor Stop )
[I](2021-12-24  08:09:03 am)작업중 Wire 단선 [d:4][t:00:13:00]
[I](2021-12-24  08:10:11 am)작업 재시작
[I](2021-12-24  08:10:27 am)작업중 정지 [d:4][t:00:14:24]
[I](2021-12-24  08:10:27 am)    [LNo:0002] 000025/000102
[A](2021-12-24  08:10:27 am)[008] 작업중 단선(AWF Feed Motor Stop )
[I](2021-12-24  08:10:27 am)작업중 Wire 단선 [d:4][t:00:14:24]
[I](2021-12-24  08:11:36 am)작업 재시작
[I](2021-12-24  08:21:42 am)작업중 정지 [d:14][t:00:25:39]
[I](2021-12-24  08:21:42 am)    [LNo:0002] 000028/000102
[I](2021-12-24  08:21:42 am)작업중 M코드정지 [d:14][t:00:25:39]
[I](2021-12-24  08:22:45 am)작업중 정지 [d:15][t:00:26:42]
[I](2021-12-24  08:22:45 am)    [LNo:0002] 000031/000102
[I](2021-12-24  08:24:35 am)작업 재시작
[I](2021-12-24  08:24:36 am)작업중 정지 [d:15][t:00:28:33]
[I](2021-12-24  08:24:36 am)    [LNo:0002] 000032/000102
[I](2021-12-24  08:24:36 am)작업중 M코드정지 [d:15][t:00:28:33]
[I](2021-12-24  08:29:56 am)작업중 정지 [d:20][t:00:33:53]
[I](2021-12-24  08:29:56 am)    [LNo:0002] 000050/000102
[I](2021-12-24  08:29:56 am)작업중 M코드정지 [d:20][t:00:33:53]
[I](2021-12-24  08:39:09 am)작업중 정지 [d:20][t:00:43:06]
[I](2021-12-24  08:39:09 am)    [LNo:0002] 000036/000102
[I](2021-12-24  08:40:31 am)작업중 정지 [d:22][t:00:44:28]
[I](2021-12-24  08:40:31 am)    [LNo:0002] 000050/000102
[I](2021-12-24  08:40:31 am)작업중 M코드정지 [d:22][t:00:44:28]
[I](2021-12-24  08:55:21 am)작업중 정지 [d:35][t:00:59:18]
[I](2021-12-24  08:55:21 am)    [LNo:0002] 000072/000102
[I](2021-12-24  08:55:21 am)작업중 M코드정지 [d:35][t:00:59:18]
[I](2021-12-24  08:55:53 am)작업중 정지 [d:35][t:00:59:50]
[I](2021-12-24  08:55:53 am)    [LNo:0002] 000076/000102
[I](2021-12-24  08:55:53 am)작업중 M코드정지 [d:35][t:00:59:50]
[I](2021-12-24  09:01:54 am)작업중 정지 [d:40][t:01:05:51]
[I](2021-12-24  09:01:54 am)    [LNo:0002] 000094/000102
[I](2021-12-24  09:01:54 am)작업중 M코드정지 [d:40][t:01:05:51]
[I](2021-12-24  09:10:29 am)작업중 정지 [d:40][t:01:14:26]
[I](2021-12-24  09:10:29 am)    [LNo:0002] 000078/000102
[I](2021-12-24  09:11:39 am)작업중 정지 [d:41][t:01:15:36]
[I](2021-12-24  09:11:39 am)    [LNo:0002] 000094/000102
[I](2021-12-24  09:11:39 am)작업중 M코드정지 [d:41][t:01:15:36]
[I](2021-12-24  09:16:52 am)Reset
[I](2021-12-24  09:19:12 am)Reset
[I](2021-12-24  09:19:17 am)Reset
[I](2021-12-24  09:19:18 am)Reset
[I](2021-12-24  09:19:18 am)Reset
[I](2021-12-24  09:52:05 am)Reset
[I](2021-12-24  09:52:39 am)Reset
[I](2021-12-24  09:56:12 am)Reset
[I](2021-12-24  09:58:13 am)작업 시작 [Start d:154]
[I](2021-12-24  09:58:13 am)Nc File: [No.0001-266.NC]
[I](2021-12-24  09:58:13 am)  * Start Machine Position
[I](2021-12-24  09:58:13 am)    X:    106.5737
[I](2021-12-24  09:58:13 am)    Y:   -290.0060
[I](2021-12-24  09:58:13 am)    U:      0.0000
[I](2021-12-24  09:58:13 am)    V:      0.0000
[I](2021-12-24  09:58:13 am)    Z:     30.3354
[I](2021-12-24  09:58:13 am)  * Angle
[I](2021-12-24  09:58:13 am)    Ar:     -0.0177,Kr:      0.0000
[I](2021-12-24  09:58:13 am)    Taper_Ar:      0.0000
[I](2021-12-24  11:27:48 am)작업중 정지 [d:89][t:01:29:35]
[I](2021-12-24  11:27:48 am)    [LNo:0001] 000201/001028
[I](2021-12-24  11:27:48 am)작업중 M코드정지 [d:89][t:01:29:35]
[I](2021-12-24  11:34:45 am)작업중 정지 [d:89][t:01:36:31]
[I](2021-12-24  11:34:45 am)    [LNo:0001] 000204/001028
[I](2021-12-24  11:34:45 am)작업중 M코드정지 [d:89][t:01:36:31]
[I](2021-12-24  12:20:32 pm)작업중 정지 [d:133][t:02:22:18]
[I](2021-12-24  12:20:32 pm)    [LNo:0001] 000298/001028
[A](2021-12-24  12:20:32 pm)[008] 작업중 단선(AWF Feed Motor Stop )
[I](2021-12-24  12:20:32 pm)작업중 Wire 단선 [d:133][t:02:22:19]
[I](2021-12-24  12:22:40 pm)작업 재시작
[I](2021-12-24  12:25:23 pm)작업중 정지 [d:135][t:02:27:09]
[I](2021-12-24  12:25:23 pm)    [LNo:0001] 000301/001028
[I](2021-12-24  12:25:23 pm)작업중 M코드정지 [d:135][t:02:27:10]
[I](2021-12-24  12:25:47 pm)작업중 정지 [d:135][t:02:27:34]
[I](2021-12-24  12:25:47 pm)    [LNo:0001] 000302/001028
[I](2021-12-24  12:26:07 pm)작업 재시작
[I](2021-12-24  12:35:55 pm)작업중 정지 [d:143][t:02:37:42]
[I](2021-12-24  12:35:55 pm)    [LNo:0001] 000359/001028
[I](2021-12-24  12:35:55 pm)작업중 M코드정지 [d:143][t:02:37:42]
[I](2021-12-24  12:39:27 pm)작업중 정지 [d:143][t:02:41:13]
[I](2021-12-24  12:39:27 pm)    [LNo:0001] 000362/001028
[I](2021-12-24  12:39:27 pm)작업중 M코드정지 [d:143][t:02:41:14]
[I](2021-12-24  01:17:12 pm)작업중 정지 [d:179][t:03:18:58]
[I](2021-12-24  01:17:12 pm)    [LNo:0001] 000438/001028
[I](2021-12-24  01:17:12 pm)작업중 30sec 접촉 정지 [d:179][t:03:18:58]
[I](2021-12-24  01:23:41 pm)작업 재시작
[I](2021-12-24  01:37:18 pm)작업중 정지 [d:192][t:03:39:05]
[I](2021-12-24  01:37:19 pm)    [LNo:0001] 000467/001028
[I](2021-12-24  01:37:19 pm)작업중 30sec 접촉 정지 [d:192][t:03:39:05]
[I](2021-12-24  01:44:38 pm)작업 재시작
[I](2021-12-24  02:20:36 pm)작업중 정지 [d:227][t:04:22:23]
[I](2021-12-24  02:20:36 pm)    [LNo:0001] 000510/001028
[I](2021-12-24  02:20:36 pm)작업중 30sec 접촉 정지 [d:227][t:04:22:23]
[I](2021-12-24  02:24:47 pm)작업 재시작
[I](2021-12-24  02:34:16 pm)작업중 정지 [d:236][t:04:36:03]
[I](2021-12-24  02:34:16 pm)    [LNo:0001] 000531/001028
[I](2021-12-24  02:34:16 pm)작업중 30sec 접촉 정지 [d:236][t:04:36:03]
[I](2021-12-24  02:34:58 pm)작업 재시작
[I](2021-12-24  02:47:53 pm)작업중 정지 [d:248][t:04:49:40]
[I](2021-12-24  02:47:53 pm)    [LNo:0001] 000561/001028
[I](2021-12-24  02:47:53 pm)작업중 M코드정지 [d:248][t:04:49:40]
[I](2021-12-24  02:58:54 pm)작업중 정지 [d:248][t:05:00:41]
[I](2021-12-24  02:58:54 pm)    [LNo:0001] 000562/001028
[I](2021-12-24  02:59:07 pm)작업 재시작
[I](2021-12-24  02:59:13 pm)작업중 정지 [d:248][t:05:01:00]
[I](2021-12-24  02:59:13 pm)    [LNo:0001] 000563/001028
[I](2021-12-24  02:59:13 pm)작업중 M코드정지 [d:248][t:05:01:00]
[I](2021-12-24  03:13:21 pm)작업중 정지 [d:256][t:05:15:08]
[I](2021-12-24  03:13:21 pm)    [LNo:0001] 000586/001028
[I](2021-12-24  03:13:21 pm)작업중 M코드정지 [d:256][t:05:15:08]
[I](2021-12-24  03:14:06 pm)작업중 정지 [d:256][t:05:15:53]
[I](2021-12-24  03:14:06 pm)    [LNo:0001] 000587/001028
[I](2021-12-24  03:14:06 pm)Wire Contact Auto Stop(M52)
[I](2021-12-24  03:14:33 pm)작업 재시작
[I](2021-12-24  03:14:34 pm)작업중 정지 [d:256][t:05:16:21]
[I](2021-12-24  03:14:34 pm)    [LNo:0001] 000587/001028
[I](2021-12-24  03:14:44 pm)작업 재시작
[I](2021-12-24  03:14:47 pm)작업중 정지 [d:256][t:05:16:33]
[I](2021-12-24  03:14:47 pm)    [LNo:0001] 000588/001028
[I](2021-12-24  03:14:47 pm)작업중 M코드정지 [d:256][t:05:16:33]
[I](2021-12-24  04:38:59 pm)작업중 정지 [d:339][t:06:40:45]
[I](2021-12-24  04:38:59 pm)    [LNo:0001] 000631/001028
[I](2021-12-24  04:38:59 pm)작업중 M코드정지 [d:339][t:06:40:45]
[I](2021-12-24  04:54:34 pm)작업중 정지 [d:340][t:06:56:21]
[I](2021-12-24  04:54:34 pm)    [LNo:0001] 000634/001028
[I](2021-12-24  04:54:34 pm)작업중 M코드정지 [d:340][t:06:56:21]
[I](2021-12-24  05:42:14 pm)작업중 정지 [d:385][t:07:44:01]
[I](2021-12-24  05:42:14 pm)    [LNo:0001] 000731/001028
[I](2021-12-24  05:42:14 pm)작업중 M코드정지 [d:385][t:07:44:01]
[I](2021-12-24  05:53:37 pm)작업중 정지 [d:386][t:07:55:23]
[I](2021-12-24  05:53:37 pm)    [LNo:0001] 000734/001028
[I](2021-12-24  05:53:37 pm)작업중 M코드정지 [d:386][t:07:55:23]
[I](2021-12-24  06:03:44 pm)작업중 정지 [d:394][t:08:05:30]
[I](2021-12-24  06:03:44 pm)    [LNo:0001] 000789/001028
[I](2021-12-24  06:03:44 pm)작업중 M코드정지 [d:394][t:08:05:31]
[I](2021-12-24  06:05:35 pm)작업중 정지 [d:395][t:08:07:21]
[I](2021-12-24  06:05:35 pm)    [LNo:0001] 000792/001028
[I](2021-12-24  06:05:35 pm)작업중 M코드정지 [d:395][t:08:07:21]
[I](2021-12-24  07:00:02 pm)작업중 정지 [d:448][t:09:01:49]
[I](2021-12-24  07:00:02 pm)    [LNo:0001] 000870/001028
[I](2021-12-24  07:00:02 pm)작업중 30sec 접촉 정지 [d:448][t:09:01:49]
[I](2021-12-24  07:01:31 pm)작업 재시작
[I](2021-12-24  08:00:38 pm)작업중 정지 [d:505][t:10:02:24]
[I](2021-12-24  08:00:38 pm)    [LNo:0001] 000991/001028
[I](2021-12-24  08:00:38 pm)작업중 M코드정지 [d:505][t:10:02:24]
[I](2021-12-24  08:01:55 pm)작업중 정지 [d:505][t:10:03:41]
[I](2021-12-24  08:01:55 pm)    [LNo:0001] 000993/001028
[I](2021-12-24  08:01:55 pm)작업중 M코드정지 [d:505][t:10:03:41]
[I](2021-12-24  08:09:20 pm)작업중 정지 [d:511][t:10:11:06]
[I](2021-12-24  08:09:20 pm)    [LNo:0001] 001016/001028
[I](2021-12-24  08:09:20 pm)작업중 M코드정지 [d:511][t:10:11:07]
[I](2021-12-24  08:17:13 pm)작업중 정지 [d:511][t:10:18:59]
[I](2021-12-24  08:17:13 pm)    [LNo:0001] 001017/001028
[I](2021-12-24  08:17:13 pm)Wire Contact Auto Stop(M52)
[I](2021-12-24  08:22:52 pm)Reset
[I](2021-12-24  08:22:58 pm)Reset
[I](2021-12-24  08:23:08 pm)Reset
[I](2021-12-24  08:23:14 pm)Reset
[I](2021-12-24  08:23:36 pm)Reset
[I](2021-12-24  08:34:24 pm)Reset
[I](2021-12-24  08:34:29 pm)Reset
[I](2021-12-24  08:42:19 pm)Reset
[I](2021-12-24  08:44:17 pm)Reset
[I](2021-12-24  08:46:52 pm)작업 시작 [Start d:665]
[I](2021-12-24  08:46:52 pm)Nc File: [No.0001-255.NC]
[I](2021-12-24  08:46:52 pm)  * Start Machine Position
[I](2021-12-24  08:46:52 pm)    X:    217.2972
[I](2021-12-24  08:46:52 pm)    Y:   -240.7648
[I](2021-12-24  08:46:52 pm)    U:      0.0000
[I](2021-12-24  08:46:52 pm)    V:      0.0000
[I](2021-12-24  08:46:52 pm)    Z:     34.1914
[I](2021-12-24  08:46:52 pm)  * Angle
[I](2021-12-24  08:46:52 pm)    Ar:      0.6727,Kr:      0.0000
[I](2021-12-24  08:46:52 pm)    Taper_Ar:      0.0000
[I](2021-12-24  08:47:18 pm)작업중 정지 [d:0][t:00:00:25]
[I](2021-12-24  08:47:18 pm)    [LNo:0001] 000817/001546
[I](2021-12-24  08:49:53 pm)Reset
[I](2021-12-24  08:49:54 pm)Reset
[I](2021-12-24  08:51:57 pm)작업 시작 [Start d:665]
[I](2021-12-24  08:51:57 pm)Nc File: [No.0001-255.NC]
[I](2021-12-24  08:51:57 pm)  * Start Machine Position
[I](2021-12-24  08:51:57 pm)    X:    217.2972
[I](2021-12-24  08:51:57 pm)    Y:   -240.7648
[I](2021-12-24  08:51:57 pm)    U:      0.0000
[I](2021-12-24  08:51:57 pm)    V:      0.0000
[I](2021-12-24  08:51:57 pm)    Z:     34.1914
[I](2021-12-24  08:51:57 pm)  * Angle
[I](2021-12-24  08:51:57 pm)    Ar:      0.6727,Kr:      0.0000
[I](2021-12-24  08:51:57 pm)    Taper_Ar:      0.0000
[I](2021-12-24  09:07:58 pm)작업중 정지 [d:16][t:00:16:00]
[I](2021-12-24  09:07:58 pm)    [LNo:0001] 000025/001546
[I](2021-12-24  09:07:58 pm)작업중 M코드정지 [d:16][t:00:16:00]
[I](2021-12-24  10:00:03 pm)작업중 정지 [d:62][t:01:08:05]
[I](2021-12-24  10:00:03 pm)    [LNo:0001] 000106/001546
[I](2021-12-24  10:00:03 pm)작업중 M코드정지 [d:62][t:01:08:05]
