[I](2021-09-15  01:49:58 am)작업중 정지 [d:-429][t:08:17:11]
[I](2021-09-15  01:49:58 am)    [LNo:0001] 000536/001139
[I](2021-09-15  01:49:58 am)작업중 M코드정지 [d:-429][t:08:17:11]
[I](2021-09-15  01:50:24 am)작업중 정지 [d:-429][t:08:17:37]
[I](2021-09-15  01:50:24 am)    [LNo:0001] 000539/001139
[I](2021-09-15  01:50:24 am)작업중 M코드정지 [d:-429][t:08:17:37]
[I](2021-09-15  01:54:37 am)작업중 정지 [d:-426][t:08:21:50]
[I](2021-09-15  01:54:37 am)    [LNo:0001] 000556/001139
[A](2021-09-15  01:54:37 am)[008] 작업중 단선(AWF Feed Motor Stop )
[I](2021-09-15  01:54:37 am)작업중 Wire 단선 [d:-426][t:08:21:50]
[I](2021-09-15  01:55:46 am)작업 재시작
[I](2021-09-15  01:56:07 am)작업중 정지 [d:-426][t:08:23:20]
[I](2021-09-15  01:56:07 am)    [LNo:0001] 000558/001139
[A](2021-09-15  01:56:07 am)[008] 작업중 단선(AWF Feed Motor Stop )
[I](2021-09-15  01:56:07 am)작업중 Wire 단선 [d:-426][t:08:23:20]
[I](2021-09-15  01:57:58 am)작업 재시작
[I](2021-09-15  02:19:44 am)작업중 정지 [d:-404][t:08:46:57]
[I](2021-09-15  02:19:44 am)    [LNo:0001] 000564/001139
[I](2021-09-15  02:19:44 am)작업중 M코드정지 [d:-404][t:08:46:57]
[I](2021-09-15  02:22:25 am)작업중 정지 [d:-404][t:08:49:38]
[I](2021-09-15  02:22:25 am)    [LNo:0001] 000565/001139
[I](2021-09-15  02:22:47 am)작업 재시작
[I](2021-09-15  02:22:52 am)작업중 정지 [d:-404][t:08:50:05]
[I](2021-09-15  02:22:52 am)    [LNo:0001] 000567/001139
[I](2021-09-15  02:22:52 am)작업중 M코드정지 [d:-404][t:08:50:05]
[I](2021-09-15  02:26:32 am)작업중 정지 [d:-402][t:08:53:45]
[I](2021-09-15  02:26:32 am)    [LNo:0001] 000586/001139
[A](2021-09-15  02:26:32 am)[008] 작업중 단선(AWF Feed Motor Stop )
[I](2021-09-15  02:26:32 am)작업중 Wire 단선 [d:-402][t:08:53:45]
[I](2021-09-15  02:27:42 am)작업 재시작
[I](2021-09-15  02:27:47 am)작업중 정지 [d:-402][t:08:55:00]
[I](2021-09-15  02:27:47 am)    [LNo:0001] 000586/001139
[I](2021-09-15  02:27:47 am)작업중 30sec 접촉 정지 [d:-402][t:08:55:00]
[I](2021-09-15  02:30:03 am)작업 재시작
[I](2021-09-15  02:42:48 am)작업중 정지 [d:-389][t:09:10:01]
[I](2021-09-15  02:42:48 am)    [LNo:0001] 000592/001139
[I](2021-09-15  02:42:48 am)작업중 M코드정지 [d:-389][t:09:10:01]
[I](2021-09-15  02:44:07 am)작업중 정지 [d:-389][t:09:11:20]
[I](2021-09-15  02:44:07 am)    [LNo:0001] 000595/001139
[I](2021-09-15  02:44:07 am)작업중 M코드정지 [d:-389][t:09:11:20]
[I](2021-09-15  02:48:46 am)작업중 정지 [d:-386][t:09:15:59]
[I](2021-09-15  02:48:46 am)    [LNo:0001] 000612/001139
[A](2021-09-15  02:48:46 am)[008] 작업중 단선(AWF Feed Motor Stop )
[I](2021-09-15  02:48:46 am)작업중 Wire 단선 [d:-386][t:09:15:59]
[I](2021-09-15  02:49:57 am)작업 재시작
[I](2021-09-15  03:11:21 am)작업중 정지 [d:-365][t:09:38:34]
[I](2021-09-15  03:11:21 am)    [LNo:0001] 000620/001139
[I](2021-09-15  03:11:21 am)작업중 M코드정지 [d:-365][t:09:38:34]
[I](2021-09-15  03:17:15 am)작업중 정지 [d:-365][t:09:44:28]
[I](2021-09-15  03:17:15 am)    [LNo:0001] 000621/001139
[I](2021-09-15  03:17:33 am)작업 재시작
[I](2021-09-15  03:17:39 am)작업중 정지 [d:-365][t:09:44:52]
[I](2021-09-15  03:17:39 am)    [LNo:0001] 000623/001139
[I](2021-09-15  03:17:39 am)작업중 M코드정지 [d:-365][t:09:44:52]
[I](2021-09-15  03:43:51 am)작업중 정지 [d:-340][t:10:11:04]
[I](2021-09-15  03:43:51 am)    [LNo:0001] 000648/001139
[I](2021-09-15  03:43:51 am)작업중 M코드정지 [d:-340][t:10:11:04]
[I](2021-09-15  03:44:37 am)작업중 정지 [d:-339][t:10:11:50]
[I](2021-09-15  03:44:37 am)    [LNo:0001] 000649/001139
[I](2021-09-15  03:44:55 am)작업 재시작
[I](2021-09-15  03:45:02 am)작업중 정지 [d:-339][t:10:12:15]
[I](2021-09-15  03:45:02 am)    [LNo:0001] 000651/001139
[I](2021-09-15  03:45:02 am)작업중 M코드정지 [d:-339][t:10:12:15]
[I](2021-09-15  03:48:26 am)작업중 정지 [d:-337][t:10:15:39]
[I](2021-09-15  03:48:26 am)    [LNo:0001] 000670/001139
[I](2021-09-15  03:48:26 am)작업중 30sec 접촉 정지 [d:-337][t:10:15:39]
[I](2021-09-15  03:48:56 am)작업 재시작
[I](2021-09-15  03:49:19 am)작업중 정지 [d:-337][t:10:16:32]
[I](2021-09-15  03:49:19 am)    [LNo:0001] 000671/001139
[A](2021-09-15  03:49:19 am)[008] 작업중 단선(AWF Feed Motor Stop )
[I](2021-09-15  03:49:19 am)작업중 Wire 단선 [d:-337][t:10:16:32]
[I](2021-09-15  03:50:28 am)작업 재시작
[I](2021-09-15  04:05:54 am)작업중 정지 [d:-321][t:10:33:07]
[I](2021-09-15  04:05:54 am)    [LNo:0001] 000676/001139
[I](2021-09-15  04:05:54 am)작업중 M코드정지 [d:-321][t:10:33:07]
[I](2021-09-15  04:06:26 am)작업중 정지 [d:-321][t:10:33:39]
[I](2021-09-15  04:06:26 am)    [LNo:0001] 000677/001139
[I](2021-09-15  04:06:45 am)작업 재시작
[I](2021-09-15  04:06:49 am)작업중 정지 [d:-321][t:10:34:02]
[I](2021-09-15  04:06:49 am)    [LNo:0001] 000679/001139
[I](2021-09-15  04:06:49 am)작업중 M코드정지 [d:-321][t:10:34:02]
[I](2021-09-15  04:35:16 am)작업중 정지 [d:-294][t:11:02:29]
[I](2021-09-15  04:35:16 am)    [LNo:0001] 000704/001139
[I](2021-09-15  04:35:16 am)작업중 M코드정지 [d:-294][t:11:02:29]
[I](2021-09-15  04:35:52 am)작업중 정지 [d:-294][t:11:03:05]
[I](2021-09-15  04:35:52 am)    [LNo:0001] 000705/001139
[I](2021-09-15  04:36:14 am)작업 재시작
[I](2021-09-15  04:36:22 am)작업중 정지 [d:-294][t:11:03:35]
[I](2021-09-15  04:36:22 am)    [LNo:0001] 000707/001139
[I](2021-09-15  04:36:22 am)작업중 M코드정지 [d:-294][t:11:03:35]
[I](2021-09-15  04:45:09 am)작업중 정지 [d:-288][t:11:12:22]
[I](2021-09-15  04:45:09 am)    [LNo:0001] 000766/001139
[I](2021-09-15  04:45:09 am)작업중 M코드정지 [d:-288][t:11:12:22]
[I](2021-09-15  04:48:09 am)작업중 정지 [d:-288][t:11:15:22]
[I](2021-09-15  04:48:09 am)    [LNo:0001] 000742/001139
[I](2021-09-15  04:54:59 am)작업중 정지 [d:-283][t:11:22:12]
[I](2021-09-15  04:54:59 am)    [LNo:0001] 000800/001139
[I](2021-09-15  06:42:30 am)작업중 정지 [d:-188][t:13:09:43]
[I](2021-09-15  06:42:30 am)    [LNo:0001] 001135/001139
[I](2021-09-15  06:42:30 am)작업중 M코드정지 [d:-188][t:13:09:43]
[I](2021-09-15  06:49:28 am)Reset
[I](2021-09-15  06:49:38 am)작업 시작 [Start d:530]
[I](2021-09-15  06:49:38 am)Nc File: [No.0001-640.NC]
[I](2021-09-15  06:49:38 am)  * Start Machine Position
[I](2021-09-15  06:49:38 am)    X:    170.5694
[I](2021-09-15  06:49:38 am)    Y:   -198.6424
[I](2021-09-15  06:49:38 am)    U:      0.0000
[I](2021-09-15  06:49:38 am)    V:      0.0000
[I](2021-09-15  06:49:38 am)    Z:     37.3624
[I](2021-09-15  06:49:38 am)  * Angle
[I](2021-09-15  06:49:38 am)    Ar:      0.1988,Kr:      0.0000
[I](2021-09-15  06:49:38 am)    Taper_Ar:      0.0000
[I](2021-09-15  06:50:23 am)작업중 정지 [d:0][t:00:00:44]
[I](2021-09-15  06:50:23 am)    [LNo:0001] 000217/001139
[I](2021-09-15  06:50:25 am)Reset
[I](2021-09-15  06:50:46 am)작업 시작 [Start d:530]
[I](2021-09-15  06:50:46 am)Nc File: [No.0001-640.NC]
[I](2021-09-15  06:50:46 am)  * Start Machine Position
[I](2021-09-15  06:50:46 am)    X:    336.2640
[I](2021-09-15  06:50:46 am)    Y:   -256.7618
[I](2021-09-15  06:50:46 am)    U:      0.0000
[I](2021-09-15  06:50:46 am)    V:      0.0000
[I](2021-09-15  06:50:46 am)    Z:     37.3624
[I](2021-09-15  06:50:46 am)  * Angle
[I](2021-09-15  06:50:46 am)    Ar:      0.1988,Kr:      0.0000
[I](2021-09-15  06:50:46 am)    Taper_Ar:      0.0000
[I](2021-09-15  06:52:04 am)작업중 정지 [d:1][t:00:01:17]
[I](2021-09-15  06:52:04 am)    [LNo:0001] 000766/001139
[I](2021-09-15  06:54:03 am)작업중 정지 [d:1][t:00:03:17]
[I](2021-09-15  06:54:03 am)    [LNo:0001] 000772/001139
[I](2021-09-15  06:55:37 am)작업중 정지 [d:2][t:00:04:50]
[I](2021-09-15  06:55:37 am)    [LNo:0001] 000794/001139
[I](2021-09-15  06:57:45 am)작업중 정지 [d:2][t:00:06:58]
[I](2021-09-15  06:57:45 am)    [LNo:0001] 000827/001139
[I](2021-09-15  07:06:56 am)작업중 정지 [d:10][t:00:16:09]
[I](2021-09-15  07:06:56 am)    [LNo:0001] 000875/001139
[I](2021-09-15  07:06:56 am)작업중 M코드정지 [d:10][t:00:16:09]
[I](2021-09-15  07:09:18 am)Reset
[I](2021-09-15  07:09:31 am)작업 시작 [Start d:540]
[I](2021-09-15  07:09:31 am)Nc File: [No.0001-640.NC]
[I](2021-09-15  07:09:31 am)  * Start Machine Position
[I](2021-09-15  07:09:31 am)    X:    155.5514
[I](2021-09-15  07:09:31 am)    Y:   -339.8893
[I](2021-09-15  07:09:31 am)    U:      0.0000
[I](2021-09-15  07:09:31 am)    V:      0.0000
[I](2021-09-15  07:09:31 am)    Z:     37.3624
[I](2021-09-15  07:09:31 am)  * Angle
[I](2021-09-15  07:09:31 am)    Ar:      0.1988,Kr:      0.0000
[I](2021-09-15  07:09:31 am)    Taper_Ar:      0.0000
[I](2021-09-15  07:09:31 am)작업중 정지 [d:0][t:00:00:00]
[I](2021-09-15  07:09:31 am)    [LNo:0001] 000827/001139
[I](2021-09-15  07:09:31 am)작업중 M코드정지 [d:0][t:00:00:00]
[I](2021-09-15  07:13:40 am)작업중 정지 [d:3][t:00:04:08]
[I](2021-09-15  07:13:40 am)    [LNo:0001] 000869/001139
[A](2021-09-15  07:13:40 am)[011] 자동결선 Error(M21-잔여와이어 처리실패)
[I](2021-09-15  07:15:27 am)작업중 정지 [d:3][t:00:05:56]
[I](2021-09-15  07:15:27 am)    [LNo:0001] 000875/001139
[I](2021-09-15  07:15:28 am)작업중 정지 [d:3][t:00:05:57]
[I](2021-09-15  07:15:28 am)    [LNo:0001] 000877/001139
[I](2021-09-15  07:15:29 am)작업중 정지 [d:3][t:00:05:57]
[I](2021-09-15  07:15:29 am)    [LNo:0001] 000878/001139
[I](2021-09-15  07:15:46 am)작업중 정지 [d:3][t:00:06:14]
[I](2021-09-15  07:15:46 am)    [LNo:0001] 000981/001139
[I](2021-09-15  07:17:23 am)작업중 정지 [d:4][t:00:07:51]
[I](2021-09-15  07:17:23 am)    [LNo:0001] 000998/001139
[I](2021-09-15  07:18:48 am)Reset
[I](2021-09-15  07:18:58 am)작업 시작 [Start d:544]
[I](2021-09-15  07:18:58 am)Nc File: [No.0001-640.NC]
[I](2021-09-15  07:18:58 am)  * Start Machine Position
[I](2021-09-15  07:18:58 am)    X:     48.7291
[I](2021-09-15  07:18:58 am)    Y:   -362.4600
[I](2021-09-15  07:18:58 am)    U:      0.0000
[I](2021-09-15  07:18:58 am)    V:      0.0000
[I](2021-09-15  07:18:58 am)    Z:     37.3624
[I](2021-09-15  07:18:58 am)  * Angle
[I](2021-09-15  07:18:58 am)    Ar:      0.1988,Kr:      0.0000
[I](2021-09-15  07:18:58 am)    Taper_Ar:      0.0000
[I](2021-09-15  07:20:08 am)작업중 정지 [d:1][t:00:01:09]
[I](2021-09-15  07:20:08 am)    [LNo:0001] 000998/001139
[A](2021-09-15  07:20:08 am)[011] 자동결선 Error(M21-잔여와이어 처리실패)
[I](2021-09-15  07:21:47 am)Reset
[I](2021-09-15  07:21:47 am)Reset
[I](2021-09-15  07:21:55 am)작업 시작 [Start d:545]
[I](2021-09-15  07:21:55 am)Nc File: [No.0001-640.NC]
[I](2021-09-15  07:21:55 am)  * Start Machine Position
[I](2021-09-15  07:21:55 am)    X:     48.7291
[I](2021-09-15  07:21:55 am)    Y:   -362.4600
[I](2021-09-15  07:21:55 am)    U:      0.0000
[I](2021-09-15  07:21:55 am)    V:      0.0000
[I](2021-09-15  07:21:55 am)    Z:     37.3624
[I](2021-09-15  07:21:55 am)  * Angle
[I](2021-09-15  07:21:55 am)    Ar:      0.1988,Kr:      0.0000
[I](2021-09-15  07:21:55 am)    Taper_Ar:      0.0000
[I](2021-09-15  07:21:55 am)작업중 정지 [d:0][t:00:00:00]
[I](2021-09-15  07:21:55 am)    [LNo:0001] 000001/001139
[I](2021-09-15  07:21:55 am)작업중 M코드정지 [d:0][t:00:00:00]
[I](2021-09-15  07:23:44 am)작업중 정지 [d:1][t:00:01:49]
[I](2021-09-15  07:23:44 am)    [LNo:0001] 001004/001139
[I](2021-09-15  07:23:44 am)작업중 M코드정지 [d:1][t:00:01:49]
[I](2021-09-15  07:23:50 am)작업중 정지 [d:1][t:00:01:55]
[I](2021-09-15  07:23:50 am)    [LNo:0001] 001007/001139
[I](2021-09-15  07:24:10 am)작업중 정지 [d:1][t:00:02:15]
[I](2021-09-15  07:24:10 am)    [LNo:0001] 001079/001139
[I](2021-09-15  07:24:36 am)작업중 정지 [d:1][t:00:02:41]
[I](2021-09-15  07:24:36 am)    [LNo:0001] 001080/001139
[I](2021-09-15  07:24:36 am)작업중 M코드정지 [d:1][t:00:02:41]
[I](2021-09-15  07:26:39 am)작업중 정지 [d:2][t:00:04:44]
[I](2021-09-15  07:26:39 am)    [LNo:0001] 001095/001139
[I](2021-09-15  07:27:58 am)Reset
[I](2021-09-15  07:27:58 am)Reset
[I](2021-09-15  07:28:09 am)작업 시작 [Start d:547]
[I](2021-09-15  07:28:09 am)Nc File: [No.0001-640.NC]
[I](2021-09-15  07:28:09 am)  * Start Machine Position
[I](2021-09-15  07:28:09 am)    X:    288.4762
[I](2021-09-15  07:28:09 am)    Y:   -231.5274
[I](2021-09-15  07:28:09 am)    U:      0.0000
[I](2021-09-15  07:28:09 am)    V:      0.0000
[I](2021-09-15  07:28:09 am)    Z:     37.3624
[I](2021-09-15  07:28:09 am)  * Angle
[I](2021-09-15  07:28:09 am)    Ar:      0.1988,Kr:      0.0000
[I](2021-09-15  07:28:09 am)    Taper_Ar:      0.0000
[I](2021-09-15  07:29:40 am)작업중 정지 [d:1][t:00:01:30]
[I](2021-09-15  07:29:40 am)    [LNo:0001] 001095/001139
[I](2021-09-15  07:33:35 am)Reset
[I](2021-09-15  07:33:45 am)Reset
[I](2021-09-15  07:33:46 am)Reset
[I](2021-09-15  07:33:46 am)Reset
[A](2021-09-15  07:33:55 am)[053] Emergency Stop
[A](2021-09-15  07:33:55 am)[005] READY Off(Alarm)
[I](2021-09-15  07:33:55 am)    X:    287.9018
[I](2021-09-15  07:33:55 am)    Y:    -65.9645
[I](2021-09-15  07:33:55 am)    U:      0.0000
[I](2021-09-15  07:33:55 am)    V:      0.0000
[I](2021-09-15  07:33:55 am)    Z:    137.3624
[I](2021-09-15  08:41:09 am)Ready On
[I](2021-09-15  08:41:12 am)Reset
[I](2021-09-15  08:43:09 am)Reset
[I](2021-09-15  08:43:32 am)Reset
[I](2021-09-15  08:44:17 am)Reset
[I](2021-09-15  08:44:41 am)Reset
[I](2021-09-15  08:44:46 am)Reset
[I](2021-09-15  08:45:26 am)Reset
[I](2021-09-15  08:45:51 am)Reset
[I](2021-09-15  08:45:59 am)Reset
[I](2021-09-15  08:46:11 am)Reset
[I](2021-09-15  08:46:50 am)Reset
[I](2021-09-15  08:48:47 am)Reset
[I](2021-09-15  08:49:28 am)작업 시작 [Start d:548]
[I](2021-09-15  08:49:28 am)Nc File: [No.0001-658.NC]
[I](2021-09-15  08:49:28 am)  * Start Machine Position
[I](2021-09-15  08:49:28 am)    X:    189.4128
[I](2021-09-15  08:49:28 am)    Y:   -291.2854
[I](2021-09-15  08:49:28 am)    U:      0.0000
[I](2021-09-15  08:49:28 am)    V:      0.0000
[I](2021-09-15  08:49:28 am)    Z:     10.0599
[I](2021-09-15  08:49:28 am)  * Angle
[I](2021-09-15  08:49:28 am)    Ar:      0.4251,Kr:      0.0000
[I](2021-09-15  08:49:28 am)    Taper_Ar:      0.0000
[I](2021-09-15  08:49:49 am)작업중 정지 [d:0][t:00:00:20]
[I](2021-09-15  08:49:49 am)    [LNo:0001] 000010/000037
[I](2021-09-15  08:49:49 am)작업중 M코드정지 [d:0][t:00:00:20]
[I](2021-09-15  09:13:42 am)작업중 정지 [d:24][t:00:24:13]
[I](2021-09-15  09:13:42 am)    [LNo:0001] 000024/000037
[I](2021-09-15  09:13:42 am)작업중 30sec 접촉 정지 [d:24][t:00:24:13]
[I](2021-09-15  09:40:54 am)작업 재시작
[I](2021-09-15  09:40:58 am)작업중 정지 [d:24][t:00:51:29]
[I](2021-09-15  09:40:58 am)    [LNo:0001] 000024/000037
[I](2021-09-15  09:42:40 am)Reset
[I](2021-09-15  09:46:53 am)Reset
[I](2021-09-15  09:47:44 am)Reset
[I](2021-09-15  09:49:15 am)Reset
[I](2021-09-15  09:50:11 am)Reset
[I](2021-09-15  09:50:48 am)Reset
[I](2021-09-15  09:51:14 am)Reset
[I](2021-09-15  09:51:20 am)Reset
[I](2021-09-15  09:51:28 am)Reset
[I](2021-09-15  09:51:47 am)Reset
[I](2021-09-15  09:52:25 am)작업 시작 [Start d:572]
[I](2021-09-15  09:52:25 am)Nc File: [No.0002-647.NC]
[I](2021-09-15  09:52:25 am)  * Start Machine Position
[I](2021-09-15  09:52:25 am)    X:    177.0232
[I](2021-09-15  09:52:25 am)    Y:   -284.6775
[I](2021-09-15  09:52:25 am)    U:      0.0000
[I](2021-09-15  09:52:25 am)    V:      0.0000
[I](2021-09-15  09:52:25 am)    Z:     10.0599
[I](2021-09-15  09:52:25 am)  * Angle
[I](2021-09-15  09:52:25 am)    Ar:      0.8658,Kr:      0.0000
[I](2021-09-15  09:52:25 am)    Taper_Ar:      0.0000
[I](2021-09-15  09:52:47 am)작업중 정지 [d:0][t:00:00:21]
[I](2021-09-15  09:52:47 am)    [LNo:0002] 000010/000037
[I](2021-09-15  09:52:47 am)작업중 M코드정지 [d:0][t:00:00:21]
[I](2021-09-15  09:53:37 am)작업중 정지 [d:1][t:00:01:12]
[I](2021-09-15  09:53:37 am)    [LNo:0002] 000021/000037
[I](2021-09-15  09:53:37 am)작업중 30sec 접촉 정지 [d:1][t:00:01:12]
[I](2021-09-15  09:54:18 am)작업 재시작
[I](2021-09-15  09:54:22 am)작업중 정지 [d:1][t:00:01:56]
[I](2021-09-15  09:54:22 am)    [LNo:0002] 000021/000037
[I](2021-09-15  09:56:12 am)작업 재시작
[I](2021-09-15  10:20:23 am)작업중 정지 [d:25][t:00:27:57]
[I](2021-09-15  10:20:23 am)    [LNo:0002] 000024/000037
[A](2021-09-15  10:20:23 am)[008] 작업중 단선(AWF Feed Motor Stop )
[I](2021-09-15  10:20:23 am)작업중 Wire 단선 [d:25][t:00:27:57]
[I](2021-09-15  10:22:36 am)작업 재시작
[I](2021-09-15  10:22:41 am)작업중 정지 [d:25][t:00:30:15]
[I](2021-09-15  10:22:41 am)    [LNo:0002] 000024/000037
[I](2021-09-15  10:22:41 am)작업중 30sec 접촉 정지 [d:25][t:00:30:15]
[I](2021-09-15  10:37:17 am)작업 재시작
[I](2021-09-15  10:37:30 am)작업중 정지 [d:25][t:00:45:04]
[I](2021-09-15  10:37:30 am)    [LNo:0002] 000025/000037
[I](2021-09-15  10:37:30 am)작업중 M코드정지 [d:25][t:00:45:04]
[I](2021-09-15  10:39:47 am)Reset
[I](2021-09-15  10:40:33 am)Reset
[I](2021-09-15  10:40:45 am)Reset
[I](2021-09-15  10:41:02 am)Reset
[I](2021-09-15  10:41:12 am)작업 시작 [Start d:597]
[I](2021-09-15  10:41:12 am)Nc File: [No.0002-647.NC]
[I](2021-09-15  10:41:12 am)  * Start Machine Position
[I](2021-09-15  10:41:12 am)    X:    177.3588
[I](2021-09-15  10:41:12 am)    Y:   -309.9233
[I](2021-09-15  10:41:12 am)    U:      0.0000
[I](2021-09-15  10:41:12 am)    V:      0.0000
[I](2021-09-15  10:41:12 am)    Z:     10.0599
[I](2021-09-15  10:41:12 am)  * Angle
[I](2021-09-15  10:41:12 am)    Ar:      0.8658,Kr:      0.0000
[I](2021-09-15  10:41:12 am)    Taper_Ar:      0.0000
[I](2021-09-15  10:41:34 am)작업중 정지 [d:0][t:00:00:21]
[I](2021-09-15  10:41:34 am)    [LNo:0002] 000010/000037
[I](2021-09-15  10:41:34 am)작업중 M코드정지 [d:0][t:00:00:21]
[I](2021-09-15  10:41:49 am)작업중 정지 [d:0][t:00:00:37]
[I](2021-09-15  10:41:49 am)    [LNo:0002] 000021/000037
[I](2021-09-15  10:42:26 am)작업 재시작
[I](2021-09-15  11:06:46 am)작업중 정지 [d:25][t:00:25:33]
[I](2021-09-15  11:06:46 am)    [LNo:0002] 000025/000037
[I](2021-09-15  11:06:46 am)작업중 M코드정지 [d:25][t:00:25:33]
[I](2021-09-15  11:08:43 am)작업중 정지 [d:25][t:00:27:31]
[I](2021-09-15  11:08:43 am)    [LNo:0002] 000027/000037
[I](2021-09-15  11:08:44 am)작업중 M코드정지 [d:25][t:00:27:31]
[I](2021-09-15  11:18:40 am)Reset
[I](2021-09-15  11:18:44 am)Reset
[I](2021-09-15  11:19:39 am)Reset
[I](2021-09-15  11:19:46 am)Reset
[I](2021-09-15  11:31:30 am)Reset
[I](2021-09-15  11:36:04 am)Reset
[I](2021-09-15  11:39:27 am)Reset
[I](2021-09-15  11:44:57 am)Reset
[I](2021-09-15  11:47:25 am)Reset
[I](2021-09-15  11:47:35 am)Reset
[I](2021-09-15  11:48:26 am)Reset
[I](2021-09-15  11:49:54 am)작업 시작 [Start d:622]
[I](2021-09-15  11:49:54 am)Nc File: [No.0003-672.NC]
[I](2021-09-15  11:49:54 am)  * Start Machine Position
[I](2021-09-15  11:49:54 am)    X:    162.2772
[I](2021-09-15  11:49:54 am)    Y:   -250.9897
[I](2021-09-15  11:49:54 am)    U:      0.0000
[I](2021-09-15  11:49:54 am)    V:      0.0000
[I](2021-09-15  11:49:54 am)    Z:     38.6994
[I](2021-09-15  11:49:54 am)  * Angle
[I](2021-09-15  11:49:54 am)    Ar:      0.4835,Kr:      0.0000
[I](2021-09-15  11:49:54 am)    Taper_Ar:      0.0000
[I](2021-09-15  11:50:12 am)작업중 정지 [d:0][t:00:00:17]
[I](2021-09-15  11:50:12 am)    [LNo:0003] 000010/000493
[I](2021-09-15  11:50:12 am)작업중 M코드정지 [d:0][t:00:00:17]
[I](2021-09-15  11:51:30 am)작업중 정지 [d:0][t:00:01:35]
[I](2021-09-15  11:51:30 am)    [LNo:0003] 000032/000493
[I](2021-09-15  11:51:30 am)작업중 M코드정지 [d:0][t:00:01:35]
[I](2021-09-15  11:52:16 am)작업중 정지 [d:0][t:00:02:22]
[I](2021-09-15  11:52:16 am)    [LNo:0003] 000035/000493
[I](2021-09-15  11:52:17 am)작업중 M코드정지 [d:0][t:00:02:22]
[I](2021-09-15  11:52:27 am)작업중 정지 [d:0][t:00:02:33]
[I](2021-09-15  11:52:27 am)    [LNo:0003] 000038/000493
[A](2021-09-15  11:52:27 am)[010] 자동결선 Error(M21-절단실패)
[I](2021-09-15  11:54:04 am)작업중 정지 [d:1][t:00:04:09]
[I](2021-09-15  11:54:04 am)    [LNo:0003] 000069/000493
[A](2021-09-15  11:54:04 am)[008] 작업중 단선(AWF Feed Motor Stop )
[I](2021-09-15  11:54:04 am)작업중 Wire 단선 [d:1][t:00:04:09]
[I](2021-09-15  11:55:58 am)작업 재시작
[I](2021-09-15  11:56:04 am)작업중 정지 [d:1][t:00:06:10]
[I](2021-09-15  11:56:04 am)    [LNo:0003] 000072/000493
[I](2021-09-15  11:56:04 am)작업중 M코드정지 [d:1][t:00:06:10]
[I](2021-09-15  11:56:07 am)작업중 정지 [d:1][t:00:06:13]
[I](2021-09-15  11:56:07 am)    [LNo:0003] 000075/000493
[I](2021-09-15  11:56:07 am)작업중 M코드정지 [d:1][t:00:06:13]
[I](2021-09-15  11:57:28 am)작업중 정지 [d:1][t:00:07:34]
[I](2021-09-15  11:57:28 am)    [LNo:0003] 000089/000493
[A](2021-09-15  11:57:28 am)[008] 작업중 단선(AWF Feed Motor Stop )
[I](2021-09-15  11:57:28 am)작업중 Wire 단선 [d:1][t:00:07:34]
[I](2021-09-15  11:58:24 am)작업중 정지 [d:1][t:00:08:30]
[I](2021-09-15  11:58:24 am)    [LNo:0003] 000113/000493
[I](2021-09-15  11:58:24 am)작업중 M코드정지 [d:1][t:00:08:30]
[I](2021-09-15  11:59:53 am)작업중 정지 [d:1][t:00:09:59]
[I](2021-09-15  11:59:53 am)    [LNo:0003] 000116/000493
[I](2021-09-15  11:59:53 am)작업중 M코드정지 [d:1][t:00:09:59]
[I](2021-09-15  12:51:57 pm)작업중 정지 [d:52][t:01:02:02]
[I](2021-09-15  12:51:57 pm)    [LNo:0003] 000174/000493
[I](2021-09-15  12:51:57 pm)작업중 M코드정지 [d:52][t:01:02:02]
[I](2021-09-15  12:55:12 pm)작업중 정지 [d:52][t:01:05:17]
[I](2021-09-15  12:55:12 pm)    [LNo:0003] 000178/000493
[I](2021-09-15  12:55:12 pm)작업중 M코드정지 [d:52][t:01:05:17]
[I](2021-09-15  01:08:46 pm)작업중 정지 [d:65][t:01:18:52]
[I](2021-09-15  01:08:46 pm)    [LNo:0003] 000225/000493
[I](2021-09-15  01:08:46 pm)작업중 M코드정지 [d:65][t:01:18:52]
[I](2021-09-15  01:37:05 pm)작업중 정지 [d:83][t:01:47:11]
[I](2021-09-15  01:37:05 pm)    [LNo:0003] 000259/000493
[I](2021-09-15  01:37:41 pm)작업 재시작
[I](2021-09-15  01:37:48 pm)작업중 정지 [d:83][t:01:47:54]
[I](2021-09-15  01:37:48 pm)    [LNo:0003] 000260/000493
[I](2021-09-15  01:37:49 pm)작업중 M코드정지 [d:83][t:01:47:54]
[I](2021-09-15  01:37:51 pm)작업중 정지 [d:83][t:01:47:57]
[I](2021-09-15  01:37:51 pm)    [LNo:0003] 000261/000493
[I](2021-09-15  01:38:03 pm)작업 재시작
[I](2021-09-15  01:38:09 pm)작업중 정지 [d:83][t:01:48:14]
[I](2021-09-15  01:38:09 pm)    [LNo:0003] 000262/000493
[I](2021-09-15  01:38:09 pm)작업중 M코드정지 [d:83][t:01:48:14]
[I](2021-09-15  01:42:30 pm)작업중 정지 [d:86][t:01:52:36]
[I](2021-09-15  01:42:30 pm)    [LNo:0003] 000291/000493
[I](2021-09-15  01:42:30 pm)작업중 M코드정지 [d:86][t:01:52:36]
[I](2021-09-15  02:01:59 pm)작업중 정지 [d:103][t:02:12:05]
[I](2021-09-15  02:01:59 pm)    [LNo:0003] 000325/000493
[I](2021-09-15  02:01:59 pm)작업중 30sec 접촉 정지 [d:103][t:02:12:05]
[I](2021-09-15  02:02:37 pm)작업 재시작
[I](2021-09-15  02:02:46 pm)작업중 정지 [d:103][t:02:12:51]
[I](2021-09-15  02:02:46 pm)    [LNo:0003] 000326/000493
[I](2021-09-15  02:02:46 pm)작업중 M코드정지 [d:103][t:02:12:51]
[I](2021-09-15  02:03:03 pm)작업중 정지 [d:103][t:02:13:09]
[I](2021-09-15  02:03:03 pm)    [LNo:0003] 000328/000493
[I](2021-09-15  02:03:03 pm)작업중 M코드정지 [d:103][t:02:13:09]
[I](2021-09-15  02:07:15 pm)작업중 정지 [d:106][t:02:17:21]
[I](2021-09-15  02:07:15 pm)    [LNo:0003] 000357/000493
[I](2021-09-15  02:07:15 pm)작업중 M코드정지 [d:106][t:02:17:21]
[I](2021-09-15  02:28:36 pm)작업중 정지 [d:119][t:02:38:42]
[I](2021-09-15  02:28:36 pm)    [LNo:0003] 000390/000493
[I](2021-09-15  02:29:26 pm)작업 재시작
[I](2021-09-15  02:29:49 pm)작업중 정지 [d:120][t:02:39:55]
[I](2021-09-15  02:29:49 pm)    [LNo:0003] 000391/000493
[I](2021-09-15  02:29:49 pm)작업중 M코드정지 [d:120][t:02:39:55]
[I](2021-09-15  02:30:19 pm)작업중 정지 [d:120][t:02:40:24]
[I](2021-09-15  02:30:19 pm)    [LNo:0003] 000393/000493
[I](2021-09-15  02:30:19 pm)작업중 M코드정지 [d:120][t:02:40:24]
[I](2021-09-15  02:47:37 pm)작업중 정지 [d:136][t:02:57:43]
[I](2021-09-15  02:47:37 pm)    [LNo:0003] 000455/000493
[I](2021-09-15  02:47:37 pm)작업중 M코드정지 [d:136][t:02:57:43]
[I](2021-09-15  02:48:21 pm)작업중 정지 [d:136][t:02:58:27]
[I](2021-09-15  02:48:21 pm)    [LNo:0003] 000457/000493
[I](2021-09-15  02:48:21 pm)작업중 M코드정지 [d:136][t:02:58:27]
[I](2021-09-15  02:52:19 pm)작업중 정지 [d:138][t:03:02:25]
[I](2021-09-15  02:52:19 pm)    [LNo:0003] 000489/000493
[I](2021-09-15  02:52:19 pm)작업중 M코드정지 [d:138][t:03:02:25]
[I](2021-09-15  03:11:58 pm)Reset
[I](2021-09-15  04:00:48 pm)Reset
[I](2021-09-15  04:08:54 pm)Reset
[I](2021-09-15  04:10:20 pm)Reset
[I](2021-09-15  04:11:56 pm)Reset
[I](2021-09-15  04:14:55 pm)Reset
[I](2021-09-15  04:18:05 pm)작업 시작 [Start d:0]
[I](2021-09-15  04:18:05 pm)Nc File: [No.0004-673.NC]
[I](2021-09-15  04:18:05 pm)  * Start Machine Position
[I](2021-09-15  04:18:05 pm)    X:    171.4016
[I](2021-09-15  04:18:05 pm)    Y:   -357.0574
[I](2021-09-15  04:18:05 pm)    U:      0.0000
[I](2021-09-15  04:18:05 pm)    V:      0.0000
[I](2021-09-15  04:18:05 pm)    Z:     22.3054
[I](2021-09-15  04:18:05 pm)  * Angle
[I](2021-09-15  04:18:05 pm)    Ar:      1.0419,Kr:      0.0000
[I](2021-09-15  04:18:05 pm)    Taper_Ar:      0.0000
[I](2021-09-15  04:18:17 pm)작업중 정지 [d:0][t:00:00:12]
[I](2021-09-15  04:18:17 pm)    [LNo:0004] 000272/000643
[I](2021-09-15  04:19:31 pm)Reset
[I](2021-09-15  04:19:31 pm)Reset
[I](2021-09-15  04:20:16 pm)작업 시작 [Start d:0]
[I](2021-09-15  04:20:16 pm)Nc File: [No.0004-673.NC]
[I](2021-09-15  04:20:16 pm)  * Start Machine Position
[I](2021-09-15  04:20:16 pm)    X:    171.4016
[I](2021-09-15  04:20:16 pm)    Y:   -357.0574
[I](2021-09-15  04:20:16 pm)    U:      0.0000
[I](2021-09-15  04:20:16 pm)    V:      0.0000
[I](2021-09-15  04:20:16 pm)    Z:     22.3054
[I](2021-09-15  04:20:16 pm)  * Angle
[I](2021-09-15  04:20:16 pm)    Ar:      1.0419,Kr:      0.0000
[I](2021-09-15  04:20:16 pm)    Taper_Ar:      0.0000
[I](2021-09-15  04:25:34 pm)작업중 정지 [d:6][t:00:05:17]
[I](2021-09-15  04:25:34 pm)    [LNo:0004] 000025/000643
[I](2021-09-15  04:25:34 pm)작업중 M코드정지 [d:6][t:00:05:17]
[I](2021-09-15  04:26:59 pm)작업중 정지 [d:6][t:00:06:42]
[I](2021-09-15  04:26:59 pm)    [LNo:0004] 000028/000643
[I](2021-09-15  04:26:59 pm)작업중 M코드정지 [d:6][t:00:06:42]
[I](2021-09-15  04:32:58 pm)작업중 정지 [d:10][t:00:12:41]
[I](2021-09-15  04:32:58 pm)    [LNo:0004] 000052/000643
[I](2021-09-15  04:32:58 pm)작업중 M코드정지 [d:10][t:00:12:41]
[I](2021-09-15  04:34:35 pm)작업중 정지 [d:11][t:00:14:18]
[I](2021-09-15  04:34:35 pm)    [LNo:0004] 000056/000643
[I](2021-09-15  04:34:35 pm)작업중 M코드정지 [d:11][t:00:14:18]
[I](2021-09-15  04:43:51 pm)작업중 정지 [d:19][t:00:23:34]
[I](2021-09-15  04:43:51 pm)    [LNo:0004] 000097/000643
[I](2021-09-15  04:43:51 pm)작업중 M코드정지 [d:19][t:00:23:34]
[I](2021-09-15  07:13:26 pm)작업중 정지 [d:150][t:02:53:09]
[I](2021-09-15  07:13:26 pm)    [LNo:0004] 000636/000643
[I](2021-09-15  07:18:12 pm)Reset
[I](2021-09-15  07:19:01 pm)Reset
[I](2021-09-15  07:19:33 pm)작업 시작 [Start d:150]
[I](2021-09-15  07:19:33 pm)Nc File: [No.0005-698.NC]
[I](2021-09-15  07:19:33 pm)  * Start Machine Position
[I](2021-09-15  07:19:33 pm)    X:     26.3371
[I](2021-09-15  07:19:33 pm)    Y:   -366.9219
[I](2021-09-15  07:19:33 pm)    U:      0.0000
[I](2021-09-15  07:19:33 pm)    V:      0.0000
[I](2021-09-15  07:19:33 pm)    Z:     22.3054
[I](2021-09-15  07:19:33 pm)  * Angle
[I](2021-09-15  07:19:33 pm)    Ar:      1.0419,Kr:      0.0000
[I](2021-09-15  07:19:33 pm)    Taper_Ar:      0.0000
[I](2021-09-15  07:19:37 pm)작업중 정지 [d:0][t:00:00:03]
[I](2021-09-15  07:19:37 pm)    [LNo:0005] 000085/000140
[I](2021-09-15  07:20:09 pm)작업중 정지 [d:0][t:00:00:36]
[I](2021-09-15  07:20:09 pm)    [LNo:0005] 000122/000140
[A](2021-09-15  07:20:09 pm)[006] 작업중 H/W Limit(Y-)
[I](2021-09-15  07:26:46 pm)Reset
[I](2021-09-15  07:27:46 pm)Reset
[I](2021-09-15  07:28:12 pm)Reset
[I](2021-09-15  07:30:44 pm)Reset
[I](2021-09-15  07:40:21 pm)Reset
[I](2021-09-15  07:40:25 pm)Reset
[I](2021-09-15  07:47:12 pm)Reset
[I](2021-09-15  07:48:11 pm)작업 시작 [Start d:150]
[I](2021-09-15  07:48:11 pm)Nc File: [No.0005-698.NC]
[I](2021-09-15  07:48:11 pm)  * Start Machine Position
[I](2021-09-15  07:48:11 pm)    X:     49.8106
[I](2021-09-15  07:48:11 pm)    Y:   -337.0934
[I](2021-09-15  07:48:11 pm)    U:      0.0000
[I](2021-09-15  07:48:11 pm)    V:      0.0000
[I](2021-09-15  07:48:11 pm)    Z:     15.3869
[I](2021-09-15  07:48:11 pm)  * Angle
[I](2021-09-15  07:48:11 pm)    Ar:    -17.5504,Kr:      0.0000
[I](2021-09-15  07:48:11 pm)    Taper_Ar:      0.0000
[I](2021-09-15  07:48:17 pm)작업중 정지 [d:0][t:00:00:05]
[I](2021-09-15  07:48:17 pm)    [LNo:0005] 000085/000140
[I](2021-09-15  07:50:36 pm)Reset
[I](2021-09-15  07:50:37 pm)Reset
[I](2021-09-15  07:50:48 pm)작업 시작 [Start d:150]
[I](2021-09-15  07:50:48 pm)Nc File: [No.0005-698.NC]
[I](2021-09-15  07:50:48 pm)  * Start Machine Position
[I](2021-09-15  07:50:48 pm)    X:     49.8106
[I](2021-09-15  07:50:48 pm)    Y:   -337.0934
[I](2021-09-15  07:50:48 pm)    U:      0.0000
[I](2021-09-15  07:50:48 pm)    V:      0.0000
[I](2021-09-15  07:50:48 pm)    Z:     15.3869
[I](2021-09-15  07:50:48 pm)  * Angle
[I](2021-09-15  07:50:48 pm)    Ar:    -17.5504,Kr:      0.0000
[I](2021-09-15  07:50:48 pm)    Taper_Ar:      0.0000
[I](2021-09-15  07:50:52 pm)작업중 정지 [d:0][t:00:00:03]
[I](2021-09-15  07:50:52 pm)    [LNo:0005] 000022/000140
[I](2021-09-15  07:51:15 pm)Reset
[I](2021-09-15  07:51:15 pm)Reset
[I](2021-09-15  07:51:31 pm)작업 시작 [Start d:150]
[I](2021-09-15  07:51:31 pm)Nc File: [No.0005-698.NC]
[I](2021-09-15  07:51:31 pm)  * Start Machine Position
[I](2021-09-15  07:51:31 pm)    X:     49.8106
[I](2021-09-15  07:51:31 pm)    Y:   -337.0934
[I](2021-09-15  07:51:31 pm)    U:      0.0000
[I](2021-09-15  07:51:31 pm)    V:      0.0000
[I](2021-09-15  07:51:31 pm)    Z:     15.3869
[I](2021-09-15  07:51:31 pm)  * Angle
[I](2021-09-15  07:51:31 pm)    Ar:    -17.5504,Kr:      0.0000
[I](2021-09-15  07:51:31 pm)    Taper_Ar:      0.0000
[I](2021-09-15  08:00:47 pm)작업중 정지 [d:9][t:00:09:15]
[I](2021-09-15  08:00:47 pm)    [LNo:0005] 000035/000140
[I](2021-09-15  08:00:47 pm)작업중 M코드정지 [d:9][t:00:09:15]
[I](2021-09-15  08:01:05 pm)작업중 정지 [d:9][t:00:09:34]
[I](2021-09-15  08:01:05 pm)    [LNo:0005] 000038/000140
[I](2021-09-15  08:01:05 pm)작업중 M코드정지 [d:9][t:00:09:34]
[I](2021-09-15  08:25:53 pm)작업중 정지 [d:32][t:00:34:21]
[I](2021-09-15  08:25:53 pm)    [LNo:0005] 000115/000140
[A](2021-09-15  08:29:23 pm)[037] 자동결선 잔여 WIRE 처리 실패!!
[I](2021-09-15  08:29:49 pm)작업 재시작
[I](2021-09-15  08:36:44 pm)작업중 정지 [d:39][t:00:45:12]
[I](2021-09-15  08:36:44 pm)    [LNo:0005] 000132/000140
[I](2021-09-15  08:36:44 pm)작업중 M코드정지 [d:39][t:00:45:13]
[I](2021-09-15  08:39:58 pm)Reset
[I](2021-09-15  08:40:54 pm)Reset
[I](2021-09-15  08:40:54 pm)Reset
[I](2021-09-15  08:53:46 pm)Reset
[I](2021-09-15  08:56:30 pm)Reset
[I](2021-09-15  08:59:16 pm)Reset
[I](2021-09-15  09:00:49 pm)작업 시작 [Start d:189]
[I](2021-09-15  09:00:49 pm)Nc File: [No.0008-703.NC]
[I](2021-09-15  09:00:49 pm)  * Start Machine Position
[I](2021-09-15  09:00:49 pm)    X:    120.2131
[I](2021-09-15  09:00:49 pm)    Y:   -349.5406
[I](2021-09-15  09:00:49 pm)    U:      0.0000
[I](2021-09-15  09:00:49 pm)    V:      0.0000
[I](2021-09-15  09:00:49 pm)    Z:     30.3519
[I](2021-09-15  09:00:49 pm)  * Angle
[I](2021-09-15  09:00:49 pm)    Ar:      0.3405,Kr:      0.0000
[I](2021-09-15  09:00:49 pm)    Taper_Ar:      0.0000
[I](2021-09-15  09:13:22 pm)작업중 정지 [d:12][t:00:12:32]
[I](2021-09-15  09:13:22 pm)    [LNo:0008] 000027/000977
[I](2021-09-15  09:13:22 pm)작업중 M코드정지 [d:12][t:00:12:32]
[I](2021-09-15  09:14:13 pm)작업중 정지 [d:12][t:00:13:23]
[I](2021-09-15  09:14:13 pm)    [LNo:0008] 000028/000977
[A](2021-09-15  09:14:13 pm)[008] 작업중 단선(AWF Feed Motor Stop )
[I](2021-09-15  09:14:13 pm)작업중 Wire 단선 [d:12][t:00:13:23]
[I](2021-09-15  09:14:38 pm)작업 재시작
[I](2021-09-15  09:14:44 pm)작업중 정지 [d:12][t:00:13:54]
[I](2021-09-15  09:14:44 pm)    [LNo:0008] 000030/000977
[I](2021-09-15  09:14:44 pm)작업중 M코드정지 [d:12][t:00:13:54]
[I](2021-09-15  09:45:01 pm)작업중 정지 [d:40][t:00:44:11]
[I](2021-09-15  09:45:01 pm)    [LNo:0008] 000177/000977
[I](2021-09-15  09:45:01 pm)작업중 M코드정지 [d:40][t:00:44:11]
[I](2021-09-15  09:45:33 pm)작업중 정지 [d:41][t:00:44:43]
[I](2021-09-15  09:45:33 pm)    [LNo:0008] 000178/000977
[I](2021-09-15  09:45:33 pm)Wire Contact Auto Stop(M52)
[I](2021-09-15  09:46:02 pm)작업 재시작
[I](2021-09-15  09:46:07 pm)작업중 정지 [d:41][t:00:45:17]
[I](2021-09-15  09:46:07 pm)    [LNo:0008] 000179/000977
[I](2021-09-15  09:46:07 pm)작업중 M코드정지 [d:41][t:00:45:17]
[I](2021-09-15  10:13:36 pm)작업중 정지 [d:68][t:01:12:46]
[I](2021-09-15  10:13:36 pm)    [LNo:0008] 000282/000977
[I](2021-09-15  10:13:36 pm)작업중 M코드정지 [d:68][t:01:12:46]
[I](2021-09-15  10:18:50 pm)작업중 정지 [d:68][t:01:18:00]
[I](2021-09-15  10:18:50 pm)    [LNo:0008] 000283/000977
[I](2021-09-15  10:18:50 pm)Wire Contact Auto Stop(M52)
[I](2021-09-15  10:19:12 pm)작업 재시작
[I](2021-09-15  10:19:14 pm)작업중 정지 [d:68][t:01:18:25]
[I](2021-09-15  10:19:14 pm)    [LNo:0008] 000284/000977
[I](2021-09-15  10:19:14 pm)작업중 M코드정지 [d:68][t:01:18:25]
[I](2021-09-15  10:32:09 pm)작업중 정지 [d:80][t:01:31:20]
[I](2021-09-15  10:32:09 pm)    [LNo:0008] 000313/000977
[I](2021-09-15  10:32:10 pm)작업중 M코드정지 [d:80][t:01:31:20]
[I](2021-09-15  10:32:48 pm)작업중 정지 [d:80][t:01:31:59]
[I](2021-09-15  10:32:48 pm)    [LNo:0008] 000314/000977
[I](2021-09-15  10:32:49 pm)작업중 30sec 접촉 정지 [d:80][t:01:31:59]
[I](2021-09-15  10:33:13 pm)작업 재시작
[I](2021-09-15  10:59:40 pm)작업중 정지 [d:106][t:01:58:51]
[I](2021-09-15  10:59:40 pm)    [LNo:0008] 000465/000977
[I](2021-09-15  10:59:41 pm)작업중 M코드정지 [d:106][t:01:58:51]
[I](2021-09-15  11:00:14 pm)작업중 정지 [d:106][t:01:59:24]
[I](2021-09-15  11:00:14 pm)    [LNo:0008] 000466/000977
[I](2021-09-15  11:00:14 pm)Wire Contact Auto Stop(M52)
[I](2021-09-15  11:00:38 pm)작업 재시작
[I](2021-09-15  11:00:42 pm)작업중 정지 [d:106][t:01:59:52]
[I](2021-09-15  11:00:42 pm)    [LNo:0008] 000467/000977
[I](2021-09-15  11:00:42 pm)작업중 M코드정지 [d:106][t:01:59:52]
[I](2021-09-15  11:23:27 pm)작업중 정지 [d:127][t:02:22:37]
[I](2021-09-15  11:23:27 pm)    [LNo:0008] 000570/000977
[I](2021-09-15  11:23:27 pm)작업중 M코드정지 [d:127][t:02:22:37]
[I](2021-09-15  11:25:28 pm)작업중 정지 [d:127][t:02:24:38]
[I](2021-09-15  11:25:28 pm)    [LNo:0008] 000571/000977
[I](2021-09-15  11:25:28 pm)Wire Contact Auto Stop(M52)
[I](2021-09-15  11:25:49 pm)작업 재시작
[I](2021-09-15  11:25:53 pm)작업중 정지 [d:127][t:02:25:03]
[I](2021-09-15  11:25:53 pm)    [LNo:0008] 000572/000977
[I](2021-09-15  11:25:53 pm)작업중 M코드정지 [d:127][t:02:25:03]
[I](2021-09-15  11:33:05 pm)작업중 정지 [d:133][t:02:32:15]
[I](2021-09-15  11:33:05 pm)    [LNo:0008] 000595/000977
[I](2021-09-15  11:33:05 pm)작업중 M코드정지 [d:133][t:02:32:15]
[I](2021-09-15  11:35:27 pm)작업중 정지 [d:133][t:02:34:37]
[I](2021-09-15  11:35:27 pm)    [LNo:0008] 000598/000977
[I](2021-09-15  11:35:27 pm)작업중 M코드정지 [d:133][t:02:34:37]
[I](2021-09-15  11:58:27 pm)작업중 정지 [d:154][t:02:57:37]
[I](2021-09-15  11:58:27 pm)    [LNo:0008] 000637/000977
[I](2021-09-15  11:58:27 pm)작업중 M코드정지 [d:154][t:02:57:37]
[I](2021-09-15  11:59:00 pm)작업중 정지 [d:154][t:02:58:10]
[I](2021-09-15  11:59:00 pm)    [LNo:0008] 000640/000977
[I](2021-09-15  11:59:00 pm)작업중 M코드정지 [d:154][t:02:58:10]
