[A](2021-01-21  12:16:17 am)[032] 자동결선 상부 센서 WIRE CONTACT!!
[A](2021-01-21  12:16:18 am)[032] 자동결선 상부 센서 WIRE CONTACT!!
[I](2021-01-21  12:16:19 am)작업중 정지 [d:-372][t:06:33:44]
[I](2021-01-21  12:16:19 am)    [LNo:0012] 000660/000783
[A](2021-01-21  12:16:19 am)[009] 자동결선 Error(M20-삽입실패)
[I](2021-01-21  01:05:21 am)작업중 정지 [d:-327][t:07:22:46]
[I](2021-01-21  01:05:21 am)    [LNo:0012] 000746/000783
[I](2021-01-21  01:05:21 am)작업중 M코드정지 [d:-327][t:07:22:46]
[I](2021-01-21  01:05:58 am)작업중 정지 [d:-327][t:07:23:23]
[I](2021-01-21  01:05:58 am)    [LNo:0012] 000748/000783
[I](2021-01-21  01:05:58 am)작업중 M코드정지 [d:-327][t:07:23:23]
[I](2021-01-21  01:12:23 am)작업중 정지 [d:-323][t:07:29:49]
[I](2021-01-21  01:12:23 am)    [LNo:0012] 000771/000783
[I](2021-01-21  01:12:23 am)작업중 M코드정지 [d:-323][t:07:29:49]
[I](2021-01-21  01:17:46 am)작업중 정지 [d:-323][t:07:35:11]
[I](2021-01-21  01:17:46 am)    [LNo:0012] 000772/000783
[I](2021-01-21  01:17:46 am)Wire Contact Auto Stop(M52)
[I](2021-01-21  01:26:12 am)Reset
[I](2021-01-21  01:32:52 am)Reset
[I](2021-01-21  01:32:53 am)Reset
[I](2021-01-21  01:35:42 am)Reset
[I](2021-01-21  01:39:50 am)작업 시작 [Start d:327]
[I](2021-01-21  01:39:50 am)Nc File: [No.0013-278.NC]
[I](2021-01-21  01:39:50 am)  * Start Machine Position
[I](2021-01-21  01:39:50 am)    X:     56.0494
[I](2021-01-21  01:39:50 am)    Y:   -392.2860
[I](2021-01-21  01:39:50 am)    U:      0.0000
[I](2021-01-21  01:39:50 am)    V:      0.0000
[I](2021-01-21  01:39:50 am)    Z:     70.6536
[I](2021-01-21  01:39:50 am)  * Angle
[I](2021-01-21  01:39:50 am)    Ar:     -0.0049,Kr:      0.0000
[I](2021-01-21  01:39:50 am)    Taper_Ar:      0.0000
[I](2021-01-21  02:04:51 am)작업중 정지 [d:25][t:00:25:01]
[I](2021-01-21  02:04:51 am)    [LNo:0013] 000111/000679
[I](2021-01-21  02:04:52 am)작업중 M코드정지 [d:25][t:00:25:01]
[I](2021-01-21  02:06:38 am)작업중 정지 [d:25][t:00:26:48]
[I](2021-01-21  02:06:38 am)    [LNo:0013] 000113/000679
[I](2021-01-21  02:06:38 am)작업중 M코드정지 [d:25][t:00:26:48]
[I](2021-01-21  02:14:02 am)Reset
[I](2021-01-21  02:14:02 am)Reset
[I](2021-01-21  02:15:27 am)작업 시작 [Start d:352]
[I](2021-01-21  02:15:27 am)Nc File: [No.0013-278.NC]
[I](2021-01-21  02:15:27 am)  * Start Machine Position
[I](2021-01-21  02:15:27 am)    X:     60.8900
[I](2021-01-21  02:15:27 am)    Y:   -373.2714
[I](2021-01-21  02:15:27 am)    U:      0.0000
[I](2021-01-21  02:15:27 am)    V:      0.0000
[I](2021-01-21  02:15:27 am)    Z:     70.6536
[I](2021-01-21  02:15:27 am)  * Angle
[I](2021-01-21  02:15:27 am)    Ar:     -0.0049,Kr:      0.0000
[I](2021-01-21  02:15:27 am)    Taper_Ar:      0.0000
[I](2021-01-21  02:31:36 am)작업중 정지 [d:16][t:00:16:09]
[I](2021-01-21  02:31:36 am)    [LNo:0013] 000027/000679
[A](2021-01-21  02:31:36 am)[008] 작업중 단선(AWF Feed Motor Stop )
[I](2021-01-21  02:31:36 am)작업중 Wire 단선 [d:16][t:00:16:09]
[I](2021-01-21  02:33:54 am)작업 재시작
[I](2021-01-21  02:41:29 am)작업중 정지 [d:24][t:00:26:02]
[I](2021-01-21  02:41:29 am)    [LNo:0013] 000111/000679
[I](2021-01-21  02:41:29 am)작업중 M코드정지 [d:24][t:00:26:02]
[I](2021-01-21  02:42:09 am)작업중 정지 [d:25][t:00:26:42]
[I](2021-01-21  02:42:09 am)    [LNo:0013] 000113/000679
[A](2021-01-21  02:42:09 am)[008] 작업중 단선(AWF Feed Motor Stop )
[I](2021-01-21  02:42:09 am)작업중 Wire 단선 [d:25][t:00:26:42]
[I](2021-01-21  02:42:10 am)작업중 M코드정지 [d:25][t:00:26:42]
[I](2021-01-21  02:46:21 am)Reset
[I](2021-01-21  02:46:28 am)Reset
[I](2021-01-21  02:47:52 am)작업 시작 [Start d:377]
[I](2021-01-21  02:47:52 am)Nc File: [No.0013-278.NC]
[I](2021-01-21  02:47:52 am)  * Start Machine Position
[I](2021-01-21  02:47:52 am)    X:     78.3290
[I](2021-01-21  02:47:52 am)    Y:   -301.9580
[I](2021-01-21  02:47:52 am)    U:      0.0000
[I](2021-01-21  02:47:52 am)    V:      0.0000
[I](2021-01-21  02:47:52 am)    Z:     70.6536
[I](2021-01-21  02:47:52 am)  * Angle
[I](2021-01-21  02:47:52 am)    Ar:     -0.0049,Kr:      0.0000
[I](2021-01-21  02:47:52 am)    Taper_Ar:      0.0000
[I](2021-01-21  02:52:38 am)작업중 정지 [d:5][t:00:04:45]
[I](2021-01-21  02:52:38 am)    [LNo:0013] 000020/000679
[A](2021-01-21  02:52:38 am)[008] 작업중 단선(AWF Feed Motor Stop )
[I](2021-01-21  02:52:38 am)작업중 Wire 단선 [d:5][t:00:04:45]
[I](2021-01-21  02:56:31 am)작업 재시작
[I](2021-01-21  03:17:08 am)작업중 정지 [d:26][t:00:29:16]
[I](2021-01-21  03:17:08 am)    [LNo:0013] 000111/000679
[I](2021-01-21  03:17:08 am)작업중 M코드정지 [d:26][t:00:29:16]
[I](2021-01-21  03:17:49 am)작업중 정지 [d:26][t:00:29:56]
[I](2021-01-21  03:17:49 am)    [LNo:0013] 000113/000679
[I](2021-01-21  03:17:49 am)작업중 M코드정지 [d:26][t:00:29:56]
[I](2021-01-21  03:21:04 am)Reset
[I](2021-01-21  03:21:05 am)Reset
[I](2021-01-21  03:21:14 am)Reset
[I](2021-01-21  03:21:47 am)Reset
[I](2021-01-21  03:21:48 am)Reset
[I](2021-01-21  03:22:48 am)작업 시작 [Start d:403]
[I](2021-01-21  03:22:48 am)Nc File: [No.0013-278.NC]
[I](2021-01-21  03:22:48 am)  * Start Machine Position
[I](2021-01-21  03:22:48 am)    X:    166.5055
[I](2021-01-21  03:22:48 am)    Y:   -319.7535
[I](2021-01-21  03:22:48 am)    U:      0.0000
[I](2021-01-21  03:22:48 am)    V:      0.0000
[I](2021-01-21  03:22:48 am)    Z:     70.6536
[I](2021-01-21  03:22:48 am)  * Angle
[I](2021-01-21  03:22:48 am)    Ar:     -0.0049,Kr:      0.0000
[I](2021-01-21  03:22:48 am)    Taper_Ar:      0.0000
[I](2021-01-21  04:43:01 am)작업중 정지 [d:81][t:01:20:13]
[I](2021-01-21  04:43:01 am)    [LNo:0013] 000235/000679
[I](2021-01-21  04:43:01 am)작업중 30sec 접촉 정지 [d:81][t:01:20:13]
[I](2021-01-21  04:45:03 am)작업 재시작
[I](2021-01-21  05:27:09 am)작업중 정지 [d:121][t:02:04:21]
[I](2021-01-21  05:27:09 am)    [LNo:0013] 000367/000679
[I](2021-01-21  05:27:09 am)작업중 M코드정지 [d:121][t:02:04:21]
[I](2021-01-21  05:28:08 am)작업중 정지 [d:122][t:02:05:20]
[I](2021-01-21  05:28:08 am)    [LNo:0013] 000369/000679
[I](2021-01-21  05:28:08 am)작업중 M코드정지 [d:122][t:02:05:20]
[I](2021-01-21  05:35:17 am)작업중 정지 [d:128][t:02:12:29]
[I](2021-01-21  05:35:17 am)    [LNo:0013] 000389/000679
[I](2021-01-21  05:35:17 am)작업중 M코드정지 [d:128][t:02:12:29]
[I](2021-01-21  05:36:13 am)작업중 정지 [d:129][t:02:13:25]
[I](2021-01-21  05:36:13 am)    [LNo:0013] 000390/000679
[I](2021-01-21  05:36:13 am)Wire Contact Auto Stop(M52)
[I](2021-01-21  05:40:18 am)작업 재시작
[I](2021-01-21  05:40:21 am)작업중 정지 [d:129][t:02:17:33]
[I](2021-01-21  05:40:21 am)    [LNo:0013] 000391/000679
[I](2021-01-21  05:40:21 am)작업중 M코드정지 [d:129][t:02:17:33]
[A](2021-01-21  05:43:02 am)[041] AWF 명령끝날때까지 센서감지(타임아웃) 안됨
[I](2021-01-21  05:43:11 am)작업중 정지 [d:129][t:02:20:23]
[I](2021-01-21  05:43:11 am)    [LNo:0013] 000400/000679
[I](2021-01-21  07:04:48 am)작업중 정지 [d:209][t:03:42:00]
[I](2021-01-21  07:04:48 am)    [LNo:0013] 000522/000679
[I](2021-01-21  07:04:48 am)작업중 M코드정지 [d:209][t:03:42:00]
[I](2021-01-21  07:43:23 am)작업중 정지 [d:209][t:04:20:35]
[I](2021-01-21  07:43:23 am)    [LNo:0013] 000538/000679
[I](2021-01-21  07:43:23 am)작업중 30sec 접촉 정지 [d:209][t:04:20:35]
[I](2021-01-21  07:48:10 am)작업 재시작
[A](2021-01-21  08:24:15 am)[041] AWF 명령끝날때까지 센서감지(타임아웃) 안됨
[A](2021-01-21  08:24:26 am)[041] AWF 명령끝날때까지 센서감지(타임아웃) 안됨
[I](2021-01-21  08:24:26 am)작업중 정지 [d:241][t:05:01:38]
[I](2021-01-21  08:24:26 am)    [LNo:0013] 000634/000679
[A](2021-01-21  08:24:26 am)[009] 자동결선 Error(M20-삽입실패)
[A](2021-01-21  08:29:47 am)[037] 자동결선 잔여 WIRE 처리 실패!!
[I](2021-01-21  08:41:02 am)작업중 정지 [d:251][t:05:18:14]
[I](2021-01-21  08:41:02 am)    [LNo:0013] 000645/000679
[I](2021-01-21  08:41:02 am)작업중 M코드정지 [d:251][t:05:18:14]
[I](2021-01-21  08:48:49 am)작업중 정지 [d:257][t:05:26:01]
[I](2021-01-21  08:48:49 am)    [LNo:0013] 000667/000679
[I](2021-01-21  08:48:49 am)작업중 M코드정지 [d:257][t:05:26:01]
[I](2021-01-21  08:49:31 am)작업중 정지 [d:257][t:05:26:43]
[I](2021-01-21  08:49:31 am)    [LNo:0013] 000668/000679
[I](2021-01-21  08:49:31 am)Wire Contact Auto Stop(M52)
[A](2021-01-21  08:50:30 am)[036] 자동결선 절단 공정 실패!!
[I](2021-01-21  08:58:40 am)Reset
[I](2021-01-21  08:59:29 am)Reset
[I](2021-01-21  08:59:34 am)Reset
[I](2021-01-21  09:01:44 am)Reset
[I](2021-01-21  09:02:17 am)Reset
[I](2021-01-21  09:03:19 am)Reset
[I](2021-01-21  09:03:29 am)Reset
[I](2021-01-21  09:03:48 am)Reset
[I](2021-01-21  09:03:59 am)Reset
[I](2021-01-21  09:07:44 am)작업 시작 [Start d:660]
[I](2021-01-21  09:07:44 am)Nc File: [No.0014-285.NC]
[I](2021-01-21  09:07:44 am)  * Start Machine Position
[I](2021-01-21  09:07:44 am)    X:    274.2840
[I](2021-01-21  09:07:44 am)    Y:   -354.0359
[I](2021-01-21  09:07:44 am)    U:     -0.0500
[I](2021-01-21  09:07:44 am)    V:      0.0598
[I](2021-01-21  09:07:44 am)    Z:     32.3098
[I](2021-01-21  09:07:44 am)  * Angle
[I](2021-01-21  09:07:44 am)    Ar:      0.1308,Kr:      0.0000
[I](2021-01-21  09:07:44 am)    Taper_Ar:      0.0000
[I](2021-01-21  09:27:34 am)작업중 정지 [d:19][t:00:19:50]
[I](2021-01-21  09:27:34 am)    [LNo:0014] 000044/000124
[I](2021-01-21  09:27:34 am)작업중 M코드정지 [d:19][t:00:19:50]
[I](2021-01-21  09:27:50 am)작업중 정지 [d:19][t:00:20:06]
[I](2021-01-21  09:27:50 am)    [LNo:0014] 000046/000124
[I](2021-01-21  09:27:50 am)작업중 M코드정지 [d:19][t:00:20:06]
[I](2021-01-21  09:41:24 am)작업중 정지 [d:32][t:00:33:40]
[I](2021-01-21  09:41:24 am)    [LNo:0014] 000120/000124
[I](2021-01-21  09:41:24 am)작업중 M코드정지 [d:32][t:00:33:40]
[A](2021-01-21  09:42:41 am)[084] Work Tank Fluid Sensor Abnormal
[A](2021-01-21  09:42:41 am)[084] Work Tank Fluid Sensor Abnormal
[A](2021-01-21  09:42:41 am)[084] Work Tank Fluid Sensor Abnormal
[A](2021-01-21  09:42:41 am)[084] Work Tank Fluid Sensor Abnormal
[I](2021-01-21  09:43:32 am)Reset
[I](2021-01-21  09:43:41 am)Reset
[I](2021-01-21  10:17:08 am)Reset
[I](2021-01-21  10:20:29 am)Reset
[I](2021-01-21  10:20:29 am)Reset
[I](2021-01-21  10:21:09 am)Reset
[A](2021-01-21  10:21:15 am)[091] Auto Door Sensor Abnormal
[I](2021-01-21  10:24:00 am)Reset
[A](2021-01-21  10:25:27 am)[001] 와이어 미동작
[I](2021-01-21  10:25:42 am)작업 시작 [Start d:692]
[I](2021-01-21  10:25:42 am)Nc File: [No.0015-299.NC]
[I](2021-01-21  10:25:42 am)  * Start Machine Position
[I](2021-01-21  10:25:42 am)    X:     91.2921
[I](2021-01-21  10:25:42 am)    Y:   -185.4293
[I](2021-01-21  10:25:42 am)    U:      0.0000
[I](2021-01-21  10:25:42 am)    V:      0.0000
[I](2021-01-21  10:25:42 am)    Z:     55.6928
[I](2021-01-21  10:25:42 am)  * Angle
[I](2021-01-21  10:25:42 am)    Ar:     -0.0285,Kr:      0.0000
[I](2021-01-21  10:25:42 am)    Taper_Ar:      0.0000
[I](2021-01-21  10:44:36 am)작업중 정지 [d:19][t:00:18:54]
[I](2021-01-21  10:44:36 am)    [LNo:0015] 000022/000357
[I](2021-01-21  10:44:36 am)작업중 M코드정지 [d:19][t:00:18:54]
[I](2021-01-21  10:45:26 am)작업중 정지 [d:19][t:00:19:44]
[I](2021-01-21  10:45:26 am)    [LNo:0015] 000024/000357
[I](2021-01-21  10:45:45 am)작업 재시작
[I](2021-01-21  10:45:57 am)작업중 정지 [d:19][t:00:20:14]
[I](2021-01-21  10:45:57 am)    [LNo:0015] 000026/000357
[I](2021-01-21  10:45:57 am)작업중 M코드정지 [d:19][t:00:20:14]
[I](2021-01-21  10:48:56 am)작업중 정지 [d:21][t:00:23:13]
[I](2021-01-21  10:48:56 am)    [LNo:0015] 000045/000357
[I](2021-01-21  10:48:56 am)작업중 M코드정지 [d:21][t:00:23:13]
[I](2021-01-21  10:49:13 am)작업중 정지 [d:21][t:00:23:31]
[I](2021-01-21  10:49:13 am)    [LNo:0015] 000030/000357
[I](2021-01-21  10:53:13 am)작업중 정지 [d:24][t:00:27:31]
[I](2021-01-21  10:53:13 am)    [LNo:0015] 000060/000357
[I](2021-01-21  10:53:14 am)작업중 30sec 접촉 정지 [d:24][t:00:27:31]
[I](2021-01-21  10:55:14 am)Reset
[I](2021-01-21  10:55:24 am)작업 시작 [Start d:717]
[I](2021-01-21  10:55:24 am)Nc File: [No.0015-299.NC]
[I](2021-01-21  10:55:24 am)  * Start Machine Position
[I](2021-01-21  10:55:24 am)    X:     91.2921
[I](2021-01-21  10:55:24 am)    Y:   -185.4293
[I](2021-01-21  10:55:24 am)    U:      0.0000
[I](2021-01-21  10:55:24 am)    V:      0.0000
[I](2021-01-21  10:55:24 am)    Z:     55.6928
[I](2021-01-21  10:55:24 am)  * Angle
[I](2021-01-21  10:55:24 am)    Ar:     -0.0285,Kr:      0.0000
[I](2021-01-21  10:55:24 am)    Taper_Ar:      0.0000
[I](2021-01-21  10:56:02 am)작업중 정지 [d:0][t:00:00:37]
[I](2021-01-21  10:56:02 am)    [LNo:0015] 000056/000357
[I](2021-01-21  11:44:38 am)작업중 정지 [d:48][t:00:49:14]
[I](2021-01-21  11:44:38 am)    [LNo:0015] 000112/000357
[I](2021-01-21  11:44:38 am)작업중 M코드정지 [d:48][t:00:49:14]
[I](2021-01-21  11:45:43 am)작업중 정지 [d:48][t:00:50:19]
[I](2021-01-21  11:45:43 am)    [LNo:0015] 000113/000357
[I](2021-01-21  11:45:43 am)Wire Contact Auto Stop(M52)
[I](2021-01-21  11:46:57 am)작업 재시작
[I](2021-01-21  11:46:59 am)작업중 정지 [d:49][t:00:51:35]
[I](2021-01-21  11:46:59 am)    [LNo:0015] 000114/000357
[I](2021-01-21  11:46:59 am)작업중 M코드정지 [d:49][t:00:51:35]
[I](2021-01-21  11:48:15 am)작업중 정지 [d:49][t:00:52:50]
[I](2021-01-21  11:48:15 am)    [LNo:0015] 000131/000357
[I](2021-01-21  11:48:15 am)작업중 30sec 접촉 정지 [d:49][t:00:52:50]
[I](2021-01-21  11:49:13 am)작업 재시작
[I](2021-01-21  12:07:50 pm)작업중 정지 [d:67][t:01:12:26]
[I](2021-01-21  12:07:50 pm)    [LNo:0015] 000138/000357
[I](2021-01-21  12:07:50 pm)작업중 M코드정지 [d:67][t:01:12:26]
[I](2021-01-21  12:31:49 pm)작업중 정지 [d:67][t:01:36:25]
[I](2021-01-21  12:31:49 pm)    [LNo:0015] 000140/000357
[I](2021-01-21  12:32:08 pm)작업 재시작
[I](2021-01-21  12:32:20 pm)작업중 정지 [d:67][t:01:36:56]
[I](2021-01-21  12:32:20 pm)    [LNo:0015] 000142/000357
[I](2021-01-21  12:32:20 pm)작업중 M코드정지 [d:67][t:01:36:56]
[I](2021-01-21  12:35:20 pm)작업중 정지 [d:70][t:01:39:56]
[I](2021-01-21  12:35:20 pm)    [LNo:0015] 000162/000357
[I](2021-01-21  12:35:20 pm)작업중 M코드정지 [d:70][t:01:39:56]
[I](2021-01-21  12:37:14 pm)작업중 정지 [d:70][t:01:41:49]
[I](2021-01-21  12:37:14 pm)    [LNo:0015] 000146/000357
[I](2021-01-21  12:41:32 pm)작업중 정지 [d:73][t:01:46:08]
[I](2021-01-21  12:41:32 pm)    [LNo:0015] 000177/000357
[I](2021-01-21  12:41:32 pm)작업중 30sec 접촉 정지 [d:73][t:01:46:08]
[I](2021-01-21  12:42:26 pm)작업 재시작
[I](2021-01-21  01:30:48 pm)작업중 정지 [d:121][t:02:35:23]
[I](2021-01-21  01:30:48 pm)    [LNo:0015] 000229/000357
[I](2021-01-21  01:30:48 pm)작업중 M코드정지 [d:121][t:02:35:23]
[I](2021-01-21  01:36:48 pm)작업중 정지 [d:121][t:02:41:24]
[I](2021-01-21  01:36:48 pm)    [LNo:0015] 000230/000357
[I](2021-01-21  01:36:48 pm)Wire Contact Auto Stop(M52)
[I](2021-01-21  01:37:13 pm)작업 재시작
[I](2021-01-21  01:37:14 pm)작업중 정지 [d:121][t:02:41:50]
[I](2021-01-21  01:37:14 pm)    [LNo:0015] 000231/000357
[I](2021-01-21  01:37:14 pm)작업중 M코드정지 [d:121][t:02:41:50]
[I](2021-01-21  01:57:31 pm)작업중 정지 [d:140][t:03:02:07]
[I](2021-01-21  01:57:31 pm)    [LNo:0015] 000255/000357
[I](2021-01-21  01:57:32 pm)작업중 M코드정지 [d:140][t:03:02:07]
[I](2021-01-21  02:01:12 pm)작업중 정지 [d:141][t:03:05:48]
[I](2021-01-21  02:01:12 pm)    [LNo:0015] 000257/000357
[I](2021-01-21  02:01:40 pm)작업 재시작
[I](2021-01-21  02:01:51 pm)작업중 정지 [d:141][t:03:06:27]
[I](2021-01-21  02:01:51 pm)    [LNo:0015] 000259/000357
[I](2021-01-21  02:01:52 pm)작업중 M코드정지 [d:141][t:03:06:27]
[I](2021-01-21  02:04:49 pm)작업중 정지 [d:143][t:03:09:25]
[I](2021-01-21  02:04:49 pm)    [LNo:0015] 000277/000357
[I](2021-01-21  02:04:49 pm)작업중 M코드정지 [d:143][t:03:09:25]
[I](2021-01-21  02:07:23 pm)작업중 정지 [d:143][t:03:11:58]
[I](2021-01-21  02:07:23 pm)    [LNo:0015] 000263/000357
[I](2021-01-21  03:18:52 pm)작업중 정지 [d:213][t:04:23:27]
[I](2021-01-21  03:18:52 pm)    [LNo:0015] 000345/000357
[I](2021-01-21  03:18:52 pm)작업중 M코드정지 [d:213][t:04:23:27]
[I](2021-01-21  03:19:40 pm)작업중 정지 [d:213][t:04:24:16]
[I](2021-01-21  03:19:40 pm)    [LNo:0015] 000346/000357
[A](2021-01-21  03:19:40 pm)[008] 작업중 단선(AWF Feed Motor Stop )
[I](2021-01-21  03:19:40 pm)작업중 Wire 단선 [d:213][t:04:24:16]
[A](2021-01-21  03:20:53 pm)[037] 자동결선 잔여 WIRE 처리 실패!!
[I](2021-01-21  03:35:40 pm)Reset
[I](2021-01-21  03:35:48 pm)Reset
[I](2021-01-21  03:37:25 pm)Reset
[I](2021-01-21  03:39:14 pm)Reset
[I](2021-01-21  03:39:17 pm)Reset
[I](2021-01-21  03:39:17 pm)Reset
[A](2021-01-21  03:39:20 pm)[001] 와이어 미동작
[I](2021-01-21  03:39:43 pm)Reset
[I](2021-01-21  03:39:53 pm)Reset
[I](2021-01-21  03:40:09 pm)Reset
[I](2021-01-21  03:40:18 pm)Reset
[I](2021-01-21  03:43:01 pm)작업 시작 [Start d:930]
[I](2021-01-21  03:43:01 pm)Nc File: [No.0017-315.NC]
[I](2021-01-21  03:43:01 pm)  * Start Machine Position
[I](2021-01-21  03:43:01 pm)    X:     90.1897
[I](2021-01-21  03:43:01 pm)    Y:   -371.6780
[I](2021-01-21  03:43:01 pm)    U:      0.0000
[I](2021-01-21  03:43:01 pm)    V:      0.0000
[I](2021-01-21  03:43:01 pm)    Z:     20.7753
[I](2021-01-21  03:43:01 pm)  * Angle
[I](2021-01-21  03:43:01 pm)    Ar:    -23.3582,Kr:      0.0000
[I](2021-01-21  03:43:01 pm)    Taper_Ar:      0.0000
[I](2021-01-21  03:48:18 pm)작업중 정지 [d:5][t:00:05:17]
[I](2021-01-21  03:48:18 pm)    [LNo:0017] 000028/000395
[I](2021-01-21  03:48:18 pm)작업중 M코드정지 [d:5][t:00:05:17]
[I](2021-01-21  03:50:59 pm)작업중 정지 [d:6][t:00:07:57]
[I](2021-01-21  03:50:59 pm)    [LNo:0017] 000032/000395
[I](2021-01-21  03:50:59 pm)작업중 M코드정지 [d:6][t:00:07:57]
[I](2021-01-21  03:55:36 pm)Reset
[I](2021-01-21  03:55:44 pm)작업 시작 [Start d:936]
[I](2021-01-21  03:55:44 pm)Nc File: [No.0017-315.NC]
[I](2021-01-21  03:55:44 pm)  * Start Machine Position
[I](2021-01-21  03:55:44 pm)    X:     90.1897
[I](2021-01-21  03:55:44 pm)    Y:   -371.6780
[I](2021-01-21  03:55:44 pm)    U:      0.0000
[I](2021-01-21  03:55:44 pm)    V:      0.0000
[I](2021-01-21  03:55:44 pm)    Z:     20.7753
[I](2021-01-21  03:55:44 pm)  * Angle
[I](2021-01-21  03:55:44 pm)    Ar:    -23.3582,Kr:      0.0000
[I](2021-01-21  03:55:44 pm)    Taper_Ar:      0.0000
[I](2021-01-21  04:04:43 pm)작업중 정지 [d:8][t:00:08:59]
[I](2021-01-21  04:04:43 pm)    [LNo:0017] 000116/000395
[I](2021-01-21  04:04:43 pm)작업중 M코드정지 [d:8][t:00:08:59]
[I](2021-01-21  04:06:20 pm)작업중 정지 [d:8][t:00:10:35]
[I](2021-01-21  04:06:20 pm)    [LNo:0017] 000120/000395
[I](2021-01-21  04:06:20 pm)작업중 M코드정지 [d:8][t:00:10:35]
[I](2021-01-21  04:09:34 pm)작업중 정지 [d:11][t:00:13:50]
[I](2021-01-21  04:09:34 pm)    [LNo:0017] 000139/000395
[I](2021-01-21  04:09:34 pm)작업중 M코드정지 [d:11][t:00:13:50]
[A](2021-01-21  04:18:26 pm)[037] 자동결선 잔여 WIRE 처리 실패!!
[I](2021-01-21  04:24:50 pm)작업중 정지 [d:16][t:00:29:06]
[I](2021-01-21  04:24:50 pm)    [LNo:0017] 000161/000395
[I](2021-01-21  04:24:50 pm)작업중 M코드정지 [d:16][t:00:29:06]
[I](2021-01-21  04:26:53 pm)작업중 정지 [d:16][t:00:31:09]
[I](2021-01-21  04:26:53 pm)    [LNo:0017] 000165/000395
[I](2021-01-21  04:26:53 pm)작업중 M코드정지 [d:16][t:00:31:09]
[I](2021-01-21  04:29:13 pm)작업중 정지 [d:18][t:00:33:28]
[I](2021-01-21  04:29:13 pm)    [LNo:0017] 000184/000395
[I](2021-01-21  04:29:13 pm)작업중 M코드정지 [d:18][t:00:33:28]
[A](2021-01-21  04:29:30 pm)[037] 자동결선 잔여 WIRE 처리 실패!!
[I](2021-01-21  04:30:06 pm)Reset
[I](2021-01-21  04:31:01 pm)Reset
[I](2021-01-21  04:31:04 pm)작업 시작 [Start d:954]
[I](2021-01-21  04:31:04 pm)Nc File: [No.0017-315.NC]
[I](2021-01-21  04:31:04 pm)  * Start Machine Position
[I](2021-01-21  04:31:04 pm)    X:     90.1897
[I](2021-01-21  04:31:04 pm)    Y:   -371.6780
[I](2021-01-21  04:31:04 pm)    U:      0.0000
[I](2021-01-21  04:31:04 pm)    V:      0.0000
[I](2021-01-21  04:31:04 pm)    Z:     20.7753
[I](2021-01-21  04:31:04 pm)  * Angle
[I](2021-01-21  04:31:04 pm)    Ar:    -23.3582,Kr:      0.0000
[I](2021-01-21  04:31:04 pm)    Taper_Ar:      0.0000
[I](2021-01-21  04:31:31 pm)작업중 정지 [d:0][t:00:00:27]
[I](2021-01-21  04:31:31 pm)    [LNo:0017] 000013/000395
[I](2021-01-21  04:31:33 pm)Reset
[I](2021-01-21  04:31:44 pm)작업 시작 [Start d:954]
[I](2021-01-21  04:31:44 pm)Nc File: [No.0017-315.NC]
[I](2021-01-21  04:31:44 pm)  * Start Machine Position
[I](2021-01-21  04:31:44 pm)    X:     55.8044
[I](2021-01-21  04:31:44 pm)    Y:   -365.5421
[I](2021-01-21  04:31:44 pm)    U:      0.0000
[I](2021-01-21  04:31:44 pm)    V:      0.0000
[I](2021-01-21  04:31:44 pm)    Z:     20.7753
[I](2021-01-21  04:31:44 pm)  * Angle
[I](2021-01-21  04:31:44 pm)    Ar:    -23.3582,Kr:      0.0000
[I](2021-01-21  04:31:44 pm)    Taper_Ar:      0.0000
[I](2021-01-21  04:38:58 pm)작업중 정지 [d:7][t:00:07:14]
[I](2021-01-21  04:38:58 pm)    [LNo:0017] 000072/000395
[I](2021-01-21  04:38:58 pm)작업중 M코드정지 [d:7][t:00:07:14]
[I](2021-01-21  04:39:20 pm)작업중 정지 [d:7][t:00:07:36]
[I](2021-01-21  04:39:20 pm)    [LNo:0017] 000076/000395
[I](2021-01-21  04:39:20 pm)작업중 M코드정지 [d:7][t:00:07:36]
[I](2021-01-21  04:41:24 pm)작업중 정지 [d:9][t:00:09:40]
[I](2021-01-21  04:41:24 pm)    [LNo:0017] 000094/000395
[I](2021-01-21  04:41:24 pm)작업중 M코드정지 [d:9][t:00:09:40]
[A](2021-01-21  04:41:56 pm)[037] 자동결선 잔여 WIRE 처리 실패!!
[I](2021-01-21  04:44:46 pm)Reset
[I](2021-01-21  04:46:58 pm)Reset
[I](2021-01-21  04:47:06 pm)Reset
[I](2021-01-21  04:47:20 pm)Reset
[I](2021-01-21  04:47:30 pm)Reset
[I](2021-01-21  04:48:07 pm)작업 시작 [Start d:963]
[I](2021-01-21  04:48:07 pm)Nc File: [No.0017-315.NC]
[I](2021-01-21  04:48:07 pm)  * Start Machine Position
[I](2021-01-21  04:48:07 pm)    X:    512.9910
[I](2021-01-21  04:48:07 pm)    Y:   -371.6881
[I](2021-01-21  04:48:07 pm)    U:      0.0000
[I](2021-01-21  04:48:07 pm)    V:      0.0000
[I](2021-01-21  04:48:07 pm)    Z:     20.7753
[I](2021-01-21  04:48:07 pm)  * Angle
[I](2021-01-21  04:48:07 pm)    Ar:     24.8762,Kr:      0.0000
[I](2021-01-21  04:48:07 pm)    Taper_Ar:      0.0000
[I](2021-01-21  04:53:31 pm)작업중 정지 [d:4][t:00:05:23]
[I](2021-01-21  04:53:31 pm)    [LNo:0017] 000231/000395
[I](2021-01-21  04:53:31 pm)작업중 M코드정지 [d:4][t:00:05:23]
[I](2021-01-21  04:57:06 pm)작업중 정지 [d:4][t:00:08:58]
[I](2021-01-21  04:57:06 pm)    [LNo:0017] 000235/000395
[I](2021-01-21  04:57:06 pm)작업중 M코드정지 [d:4][t:00:08:58]
[I](2021-01-21  05:04:45 pm)작업중 정지 [d:10][t:00:16:37]
[I](2021-01-21  05:04:45 pm)    [LNo:0017] 000275/000395
[I](2021-01-21  05:04:45 pm)작업중 M코드정지 [d:10][t:00:16:37]
[I](2021-01-21  05:10:14 pm)작업중 정지 [d:10][t:00:22:06]
[I](2021-01-21  05:10:14 pm)    [LNo:0017] 000279/000395
[I](2021-01-21  05:10:14 pm)작업중 M코드정지 [d:10][t:00:22:06]
[I](2021-01-21  05:21:28 pm)작업중 정지 [d:20][t:00:33:21]
[I](2021-01-21  05:21:28 pm)    [LNo:0017] 000319/000395
[I](2021-01-21  05:21:28 pm)작업중 M코드정지 [d:20][t:00:33:21]
[I](2021-01-21  05:28:04 pm)작업중 정지 [d:21][t:00:39:57]
[I](2021-01-21  05:28:04 pm)    [LNo:0017] 000320/000395
[I](2021-01-21  05:28:04 pm)작업중 30sec 접촉 정지 [d:21][t:00:39:57]
[I](2021-01-21  05:28:49 pm)작업 재시작
[I](2021-01-21  05:28:59 pm)작업중 정지 [d:22][t:00:40:51]
[I](2021-01-21  05:28:59 pm)    [LNo:0017] 000323/000395
[I](2021-01-21  05:28:59 pm)작업중 M코드정지 [d:22][t:00:40:51]
[I](2021-01-21  05:38:11 pm)작업중 정지 [d:29][t:00:50:04]
[I](2021-01-21  05:38:11 pm)    [LNo:0017] 000364/000395
[I](2021-01-21  05:38:11 pm)작업중 M코드정지 [d:29][t:00:50:04]
[I](2021-01-21  05:39:45 pm)작업중 정지 [d:29][t:00:51:37]
[I](2021-01-21  05:39:45 pm)    [LNo:0017] 000368/000395
[I](2021-01-21  05:39:45 pm)작업중 M코드정지 [d:29][t:00:51:37]
[I](2021-01-21  05:42:00 pm)작업중 정지 [d:31][t:00:53:53]
[I](2021-01-21  05:42:00 pm)    [LNo:0017] 000387/000395
[I](2021-01-21  05:42:01 pm)작업중 M코드정지 [d:31][t:00:53:53]
[A](2021-01-21  05:42:39 pm)[037] 자동결선 잔여 WIRE 처리 실패!!
[I](2021-01-21  05:45:02 pm)Reset
[I](2021-01-21  05:50:48 pm)Reset
[I](2021-01-21  05:50:52 pm)Reset
[I](2021-01-21  05:50:52 pm)Reset
[A](2021-01-21  05:53:06 pm)[038] 자동결선 FEED MOTOR ALARM !!
[A](2021-01-21  05:53:09 pm)[038] 자동결선 FEED MOTOR ALARM !!
[I](2021-01-21  05:53:16 pm)Reset
[I](2021-01-21  05:53:16 pm)Reset
[I](2021-01-21  05:53:16 pm)Reset
[I](2021-01-21  05:53:17 pm)Reset
[I](2021-01-21  05:53:17 pm)Reset
[I](2021-01-21  05:53:17 pm)Reset
[A](2021-01-21  05:53:24 pm)[038] 자동결선 FEED MOTOR ALARM !!
[A](2021-01-21  05:54:49 pm)[037] 자동결선 잔여 WIRE 처리 실패!!
[I](2021-01-21  05:56:00 pm)Reset
[I](2021-01-21  05:56:04 pm)Reset
[I](2021-01-21  05:57:03 pm)Reset
[I](2021-01-21  05:57:12 pm)Reset
[I](2021-01-21  05:58:11 pm)Reset
[I](2021-01-21  05:58:25 pm)Reset
[I](2021-01-21  05:59:17 pm)작업 시작 [Start d:994]
[I](2021-01-21  05:59:17 pm)Nc File: [No.0018-281.NC]
[I](2021-01-21  05:59:17 pm)  * Start Machine Position
[I](2021-01-21  05:59:17 pm)    X:    134.8744
[I](2021-01-21  05:59:17 pm)    Y:   -366.0837
[I](2021-01-21  05:59:17 pm)    U:     -0.0699
[I](2021-01-21  05:59:17 pm)    V:      0.0599
[I](2021-01-21  05:59:17 pm)    Z:     76.2217
[I](2021-01-21  05:59:17 pm)  * Angle
[I](2021-01-21  05:59:17 pm)    Ar:     -0.0725,Kr:      0.0000
[I](2021-01-21  05:59:17 pm)    Taper_Ar:      0.0000
[I](2021-01-21  06:00:22 pm)작업중 정지 [d:0][t:00:01:04]
[I](2021-01-21  06:00:22 pm)    [LNo:0018] 000021/000207
[I](2021-01-21  06:00:22 pm)작업중 30sec 접촉 정지 [d:0][t:00:01:04]
[I](2021-01-21  06:06:24 pm)작업 재시작
[I](2021-01-21  06:09:56 pm)작업중 정지 [d:3][t:00:10:38]
[I](2021-01-21  06:09:56 pm)    [LNo:0018] 000024/000207
[A](2021-01-21  06:09:56 pm)[008] 작업중 단선(AWF Feed Motor Stop )
[I](2021-01-21  06:09:56 pm)작업중 Wire 단선 [d:3][t:00:10:38]
[I](2021-01-21  06:39:42 pm)작업 재시작
[I](2021-01-21  07:05:56 pm)작업중 정지 [d:29][t:01:06:38]
[I](2021-01-21  07:05:56 pm)    [LNo:0018] 000034/000207
[I](2021-01-21  07:05:56 pm)작업중 M코드정지 [d:29][t:01:06:38]
[I](2021-01-21  07:07:24 pm)작업중 정지 [d:30][t:01:08:06]
[I](2021-01-21  07:07:24 pm)    [LNo:0018] 000038/000207
[I](2021-01-21  07:07:24 pm)작업중 M코드정지 [d:30][t:01:08:06]
[I](2021-01-21  07:11:36 pm)작업중 정지 [d:32][t:01:12:18]
[I](2021-01-21  07:11:36 pm)    [LNo:0018] 000063/000207
[I](2021-01-21  07:11:36 pm)작업중 M코드정지 [d:32][t:01:12:18]
[A](2021-01-21  07:11:54 pm)[037] 자동결선 잔여 WIRE 처리 실패!!
[I](2021-01-21  07:52:06 pm)작업중 정지 [d:70][t:01:52:49]
[I](2021-01-21  07:52:06 pm)    [LNo:0018] 000090/000207
[I](2021-01-21  07:52:06 pm)작업중 M코드정지 [d:70][t:01:52:49]
[I](2021-01-21  07:56:42 pm)작업중 정지 [d:70][t:01:57:24]
[I](2021-01-21  07:56:42 pm)    [LNo:0018] 000094/000207
[I](2021-01-21  07:56:42 pm)작업중 M코드정지 [d:70][t:01:57:24]
[I](2021-01-21  07:59:44 pm)작업중 정지 [d:72][t:02:00:26]
[I](2021-01-21  07:59:44 pm)    [LNo:0018] 000118/000207
[I](2021-01-21  07:59:44 pm)작업중 M코드정지 [d:72][t:02:00:26]
[I](2021-01-21  08:05:01 pm)작업중 정지 [d:72][t:02:05:43]
[I](2021-01-21  08:05:01 pm)    [LNo:0018] 000098/000207
[I](2021-01-21  08:05:58 pm)작업중 정지 [d:73][t:02:06:41]
[I](2021-01-21  08:05:58 pm)    [LNo:0018] 000118/000207
[I](2021-01-21  08:05:59 pm)작업중 M코드정지 [d:73][t:02:06:41]
[I](2021-01-21  08:13:00 pm)Reset
[I](2021-01-21  08:13:13 pm)Reset
[I](2021-01-21  08:16:58 pm)Reset
[I](2021-01-21  08:16:59 pm)Reset
[I](2021-01-21  08:16:59 pm)Reset
[I](2021-01-21  08:19:28 pm)Reset
[I](2021-01-21  08:19:38 pm)Reset
[I](2021-01-21  08:21:06 pm)Reset
[I](2021-01-21  08:21:06 pm)Reset
[I](2021-01-21  08:21:31 pm)Reset
[I](2021-01-21  08:21:31 pm)Reset
[I](2021-01-21  08:22:11 pm)Reset
[I](2021-01-21  08:22:11 pm)Reset
[I](2021-01-21  08:22:37 pm)Reset
[I](2021-01-21  08:22:54 pm)Reset
[I](2021-01-21  08:24:06 pm)작업 시작 [Start d:1067]
[I](2021-01-21  08:24:06 pm)Nc File: [No.0018-281.NC]
[I](2021-01-21  08:24:06 pm)  * Start Machine Position
[I](2021-01-21  08:24:06 pm)    X:    543.3403
[I](2021-01-21  08:24:06 pm)    Y:   -355.5186
[I](2021-01-21  08:24:06 pm)    U:      0.1234
[I](2021-01-21  08:24:06 pm)    V:      0.0590
[I](2021-01-21  08:24:06 pm)    Z:     81.8792
[I](2021-01-21  08:24:06 pm)  * Angle
[I](2021-01-21  08:24:06 pm)    Ar:     -0.4487,Kr:      0.0000
[I](2021-01-21  08:24:06 pm)    Taper_Ar:      0.0000
[I](2021-01-21  08:24:13 pm)작업중 정지 [d:0][t:00:00:07]
[I](2021-01-21  08:24:13 pm)    [LNo:0018] 000138/000207
[I](2021-01-21  08:24:13 pm)작업중 M코드정지 [d:0][t:00:00:07]
[I](2021-01-21  08:24:16 pm)작업중 정지 [d:0][t:00:00:10]
[I](2021-01-21  08:24:16 pm)    [LNo:0018] 000141/000207
[I](2021-01-21  08:24:16 pm)작업중 M코드정지 [d:0][t:00:00:10]
[I](2021-01-21  08:24:44 pm)작업중 정지 [d:0][t:00:00:38]
[I](2021-01-21  08:24:44 pm)    [LNo:0018] 000143/000207
[I](2021-01-21  08:24:44 pm)작업중 M코드정지 [d:0][t:00:00:38]
[I](2021-01-21  08:25:13 pm)작업중 정지 [d:0][t:00:01:07]
[I](2021-01-21  08:25:13 pm)    [LNo:0018] 000150/000207
[I](2021-01-21  08:35:14 pm)작업중 정지 [d:9][t:00:11:08]
[I](2021-01-21  08:35:14 pm)    [LNo:0018] 000165/000207
[I](2021-01-21  08:41:21 pm)작업 재시작
[I](2021-01-21  08:52:59 pm)작업중 정지 [d:21][t:00:28:53]
[I](2021-01-21  08:52:59 pm)    [LNo:0018] 000171/000207
[I](2021-01-21  08:52:59 pm)작업중 M코드정지 [d:21][t:00:28:53]
[I](2021-01-21  08:53:33 pm)작업중 정지 [d:21][t:00:29:27]
[I](2021-01-21  08:53:33 pm)    [LNo:0018] 000173/000207
[I](2021-01-21  08:55:13 pm)작업 재시작
[I](2021-01-21  08:55:17 pm)작업중 정지 [d:21][t:00:31:10]
[I](2021-01-21  08:55:17 pm)    [LNo:0018] 000173/000207
[A](2021-01-21  08:56:44 pm)[033] 자동결선 회수 롤러 WIRE CONTACT!!
[I](2021-01-21  08:59:26 pm)작업 재시작
[I](2021-01-21  08:59:33 pm)작업중 정지 [d:21][t:00:35:27]
[I](2021-01-21  08:59:33 pm)    [LNo:0018] 000175/000207
[I](2021-01-21  08:59:33 pm)작업중 M코드정지 [d:21][t:00:35:27]
[I](2021-01-21  09:02:20 pm)작업중 정지 [d:24][t:00:38:14]
[I](2021-01-21  09:02:20 pm)    [LNo:0018] 000200/000207
[I](2021-01-21  09:02:20 pm)작업중 M코드정지 [d:24][t:00:38:14]
[I](2021-01-21  09:04:21 pm)작업중 정지 [d:24][t:00:40:15]
[I](2021-01-21  09:04:21 pm)    [LNo:0018] 000179/000207
[I](2021-01-21  09:07:11 pm)작업중 정지 [d:26][t:00:43:05]
[I](2021-01-21  09:07:11 pm)    [LNo:0018] 000200/000207
[I](2021-01-21  09:07:11 pm)작업중 M코드정지 [d:26][t:00:43:05]
[I](2021-01-21  09:08:59 pm)작업중 정지 [d:26][t:00:44:53]
[I](2021-01-21  09:08:59 pm)    [LNo:0018] 000179/000207
[I](2021-01-21  09:11:37 pm)작업중 정지 [d:28][t:00:47:31]
[I](2021-01-21  09:11:37 pm)    [LNo:0018] 000199/000207
[I](2021-01-21  09:11:37 pm)작업중 M코드정지 [d:28][t:00:47:31]
[I](2021-01-21  09:14:57 pm)작업중 정지 [d:28][t:00:50:51]
[I](2021-01-21  09:14:57 pm)    [LNo:0018] 000179/000207
[I](2021-01-21  09:15:53 pm)작업중 정지 [d:28][t:00:51:47]
[I](2021-01-21  09:15:53 pm)    [LNo:0018] 000200/000207
[I](2021-01-21  09:15:53 pm)작업중 M코드정지 [d:28][t:00:51:47]
[I](2021-01-21  09:19:31 pm)작업중 정지 [d:28][t:00:55:25]
[I](2021-01-21  09:19:31 pm)    [LNo:0018] 000179/000207
[I](2021-01-21  09:20:30 pm)작업중 정지 [d:29][t:00:56:24]
[I](2021-01-21  09:20:30 pm)    [LNo:0018] 000200/000207
[I](2021-01-21  09:20:30 pm)작업중 M코드정지 [d:29][t:00:56:24]
[I](2021-01-21  09:32:48 pm)Reset
[I](2021-01-21  09:32:59 pm)Reset
[I](2021-01-21  09:37:56 pm)Reset
[I](2021-01-21  09:37:57 pm)Reset
[I](2021-01-21  09:38:02 pm)Reset
[I](2021-01-21  09:38:02 pm)Reset
[I](2021-01-21  10:15:45 pm)Reset
[I](2021-01-21  10:15:45 pm)Reset
[I](2021-01-21  10:17:28 pm)작업 시작 [Start d:0]
[I](2021-01-21  10:17:28 pm)Nc File: [No.0001-307.NC]
[I](2021-01-21  10:17:28 pm)  * Start Machine Position
[I](2021-01-21  10:17:28 pm)    X:    201.9892
[I](2021-01-21  10:17:28 pm)    Y:   -387.9973
[I](2021-01-21  10:17:28 pm)    U:      0.0000
[I](2021-01-21  10:17:28 pm)    V:      0.0000
[I](2021-01-21  10:17:28 pm)    Z:     30.1537
[I](2021-01-21  10:17:28 pm)  * Angle
[I](2021-01-21  10:17:28 pm)    Ar:      0.1417,Kr:      0.0000
[I](2021-01-21  10:17:28 pm)    Taper_Ar:      0.0000
[I](2021-01-21  10:17:48 pm)작업중 정지 [d:0][t:00:00:20]
[I](2021-01-21  10:17:48 pm)    [LNo:0001] 000388/001138
[I](2021-01-21  10:17:51 pm)작업중 정지 [d:0][t:00:00:23]
[I](2021-01-21  10:17:51 pm)    [LNo:0001] 000389/001138
[I](2021-01-21  10:17:51 pm)작업중 M코드정지 [d:0][t:00:00:23]
[I](2021-01-21  10:18:05 pm)작업중 정지 [d:0][t:00:00:37]
[I](2021-01-21  10:18:05 pm)    [LNo:0001] 000407/001138
[I](2021-01-21  10:18:05 pm)작업중 Single Block Stop [d:0][t:00:00:37]
[I](2021-01-21  10:18:14 pm)작업중 정지 [d:0][t:00:00:46]
[I](2021-01-21  10:18:14 pm)    [LNo:0001] 000408/001138
[I](2021-01-21  10:18:14 pm)작업중 Single Block Stop [d:0][t:00:00:46]
[I](2021-01-21  10:18:15 pm)작업중 정지 [d:0][t:00:00:47]
[I](2021-01-21  10:18:15 pm)    [LNo:0001] 000409/001138
[I](2021-01-21  10:18:15 pm)작업중 Single Block Stop [d:0][t:00:00:47]
[I](2021-01-21  10:18:19 pm)작업중 정지 [d:0][t:00:00:51]
[I](2021-01-21  10:18:19 pm)    [LNo:0001] 000410/001138
[I](2021-01-21  10:18:19 pm)작업중 Single Block Stop [d:0][t:00:00:51]
[I](2021-01-21  10:18:21 pm)작업중 정지 [d:0][t:00:00:52]
[I](2021-01-21  10:18:21 pm)    [LNo:0001] 000410/001138
[I](2021-01-21  10:18:21 pm)작업중 Single Block Stop [d:0][t:00:00:52]
[I](2021-01-21  10:18:22 pm)작업중 정지 [d:0][t:00:00:54]
[I](2021-01-21  10:18:22 pm)    [LNo:0001] 000411/001138
[I](2021-01-21  10:18:22 pm)작업중 Single Block Stop [d:0][t:00:00:54]
[I](2021-01-21  10:18:27 pm)작업중 정지 [d:0][t:00:00:59]
[I](2021-01-21  10:18:27 pm)    [LNo:0001] 000412/001138
[I](2021-01-21  10:18:27 pm)작업중 M코드정지 [d:0][t:00:00:59]
[I](2021-01-21  10:18:27 pm)작업중 정지 [d:0][t:00:00:59]
[I](2021-01-21  10:18:27 pm)    [LNo:0001] 000412/001138
[I](2021-01-21  10:18:27 pm)작업중 Single Block Stop [d:0][t:00:00:59]
[I](2021-01-21  10:18:28 pm)작업중 정지 [d:0][t:00:01:00]
[I](2021-01-21  10:18:28 pm)    [LNo:0001] 000413/001138
[I](2021-01-21  10:18:28 pm)작업중 Single Block Stop [d:0][t:00:01:00]
[I](2021-01-21  10:18:34 pm)작업중 정지 [d:0][t:00:01:06]
[I](2021-01-21  10:18:34 pm)    [LNo:0001] 000414/001138
[I](2021-01-21  10:18:34 pm)작업중 M코드정지 [d:0][t:00:01:06]
[I](2021-01-21  10:18:34 pm)작업중 정지 [d:0][t:00:01:06]
[I](2021-01-21  10:18:34 pm)    [LNo:0001] 000414/001138
[I](2021-01-21  10:18:34 pm)작업중 Single Block Stop [d:0][t:00:01:06]
[I](2021-01-21  10:18:35 pm)작업중 정지 [d:0][t:00:01:07]
[I](2021-01-21  10:18:35 pm)    [LNo:0001] 000414/001138
[I](2021-01-21  10:18:36 pm)작업중 Single Block Stop [d:0][t:00:01:07]
[I](2021-01-21  10:18:37 pm)작업중 정지 [d:0][t:00:01:09]
[I](2021-01-21  10:18:37 pm)    [LNo:0001] 000415/001138
[I](2021-01-21  10:18:37 pm)작업중 Single Block Stop [d:0][t:00:01:09]
[I](2021-01-21  10:18:39 pm)작업중 정지 [d:0][t:00:01:10]
[I](2021-01-21  10:18:39 pm)    [LNo:0001] 000416/001138
[I](2021-01-21  10:18:39 pm)작업중 Single Block Stop [d:0][t:00:01:10]
[I](2021-01-21  10:18:41 pm)작업중 정지 [d:0][t:00:01:13]
[I](2021-01-21  10:18:41 pm)    [LNo:0001] 000416/001138
[I](2021-01-21  10:18:41 pm)작업중 Single Block Stop [d:0][t:00:01:13]
[I](2021-01-21  10:19:25 pm)Reset
[I](2021-01-21  10:19:25 pm)Reset
[I](2021-01-21  10:19:52 pm)작업 시작 [Start d:0]
[I](2021-01-21  10:19:52 pm)Nc File: [No.0001-307.NC]
[I](2021-01-21  10:19:52 pm)  * Start Machine Position
[I](2021-01-21  10:19:52 pm)    X:    201.9892
[I](2021-01-21  10:19:52 pm)    Y:   -387.9973
[I](2021-01-21  10:19:52 pm)    U:      0.0000
[I](2021-01-21  10:19:52 pm)    V:      0.0000
[I](2021-01-21  10:19:52 pm)    Z:     30.1537
[I](2021-01-21  10:19:52 pm)  * Angle
[I](2021-01-21  10:19:52 pm)    Ar:      0.1417,Kr:      0.0000
[I](2021-01-21  10:19:52 pm)    Taper_Ar:      0.0000
[I](2021-01-21  10:20:13 pm)작업중 정지 [d:0][t:00:00:21]
[I](2021-01-21  10:20:13 pm)    [LNo:0001] 000010/001138
[I](2021-01-21  10:20:13 pm)작업중 M코드정지 [d:0][t:00:00:21]
[I](2021-01-21  10:33:01 pm)작업중 정지 [d:12][t:00:13:09]
[I](2021-01-21  10:33:01 pm)    [LNo:0001] 000034/001138
[I](2021-01-21  10:33:01 pm)작업중 M코드정지 [d:12][t:00:13:09]
[I](2021-01-21  10:36:27 pm)작업중 정지 [d:12][t:00:16:35]
[I](2021-01-21  10:36:27 pm)    [LNo:0001] 000036/001138
[I](2021-01-21  10:36:57 pm)작업 재시작
[I](2021-01-21  10:37:02 pm)작업중 정지 [d:12][t:00:17:09]
[I](2021-01-21  10:37:02 pm)    [LNo:0001] 000038/001138
[I](2021-01-21  10:37:02 pm)작업중 M코드정지 [d:12][t:00:17:09]
[I](2021-01-21  10:50:05 pm)작업중 정지 [d:24][t:00:30:13]
[I](2021-01-21  10:50:05 pm)    [LNo:0001] 000068/001138
[I](2021-01-21  10:50:05 pm)작업중 M코드정지 [d:24][t:00:30:13]
[I](2021-01-21  11:00:32 pm)작업중 정지 [d:24][t:00:40:40]
[I](2021-01-21  11:00:32 pm)    [LNo:0001] 000070/001138
[I](2021-01-21  11:01:02 pm)작업 재시작
[I](2021-01-21  11:01:06 pm)작업중 정지 [d:24][t:00:41:13]
[I](2021-01-21  11:01:06 pm)    [LNo:0001] 000072/001138
[I](2021-01-21  11:01:06 pm)작업중 M코드정지 [d:24][t:00:41:13]
[I](2021-01-21  11:14:03 pm)작업중 정지 [d:36][t:00:54:11]
[I](2021-01-21  11:14:03 pm)    [LNo:0001] 000102/001138
[I](2021-01-21  11:14:03 pm)작업중 M코드정지 [d:36][t:00:54:11]
[I](2021-01-21  11:24:54 pm)작업중 정지 [d:36][t:01:05:02]
[I](2021-01-21  11:24:54 pm)    [LNo:0001] 000104/001138
[I](2021-01-21  11:25:29 pm)작업 재시작
[I](2021-01-21  11:25:31 pm)작업중 정지 [d:36][t:01:05:39]
[I](2021-01-21  11:25:31 pm)    [LNo:0001] 000106/001138
[I](2021-01-21  11:25:31 pm)작업중 M코드정지 [d:36][t:01:05:39]
[I](2021-01-21  11:38:33 pm)작업중 정지 [d:47][t:01:18:40]
[I](2021-01-21  11:38:33 pm)    [LNo:0001] 000136/001138
[I](2021-01-21  11:38:33 pm)작업중 M코드정지 [d:47][t:01:18:40]
[I](2021-01-21  11:41:34 pm)작업중 정지 [d:47][t:01:21:42]
[I](2021-01-21  11:41:34 pm)    [LNo:0001] 000138/001138
[I](2021-01-21  11:42:23 pm)작업 재시작
[I](2021-01-21  11:42:27 pm)작업중 정지 [d:47][t:01:22:35]
[I](2021-01-21  11:42:27 pm)    [LNo:0001] 000140/001138
[I](2021-01-21  11:42:27 pm)작업중 M코드정지 [d:47][t:01:22:35]
[I](2021-01-21  11:55:20 pm)작업중 정지 [d:59][t:01:35:27]
[I](2021-01-21  11:55:20 pm)    [LNo:0001] 000170/001138
[I](2021-01-21  11:55:20 pm)작업중 M코드정지 [d:59][t:01:35:28]
[I](2021-01-21  11:58:11 pm)작업중 정지 [d:59][t:01:38:19]
[I](2021-01-21  11:58:11 pm)    [LNo:0001] 000174/001138
[I](2021-01-21  11:58:11 pm)작업중 M코드정지 [d:59][t:01:38:19]
