[I](2021-03-30  09:19:24 am)Ready On
[I](2021-03-30  10:10:49 am)Reset
[I](2021-03-30  10:12:26 am)Reset
[I](2021-03-30  10:16:54 am)작업 시작 [Start d:128]
[I](2021-03-30  10:16:54 am)Nc File: [No.0001-590.NC]
[I](2021-03-30  10:16:54 am)  * Start Machine Position
[I](2021-03-30  10:16:54 am)    X:    128.4630
[I](2021-03-30  10:16:54 am)    Y:   -306.5346
[I](2021-03-30  10:16:54 am)    U:      0.0000
[I](2021-03-30  10:16:54 am)    V:      0.0000
[I](2021-03-30  10:16:54 am)    Z:     26.6630
[I](2021-03-30  10:16:54 am)  * Angle
[I](2021-03-30  10:16:54 am)    Ar:      0.3314,Kr:      0.0000
[I](2021-03-30  10:16:54 am)    Taper_Ar:      0.0000
[I](2021-03-30  10:21:57 am)작업중 정지 [d:5][t:00:05:02]
[I](2021-03-30  10:21:57 am)    [LNo:0001] 000021/000139
[I](2021-03-30  10:21:57 am)작업중 M코드정지 [d:5][t:00:05:02]
[I](2021-03-30  10:22:19 am)작업중 정지 [d:5][t:00:05:25]
[I](2021-03-30  10:22:19 am)    [LNo:0001] 000022/000139
[I](2021-03-30  10:22:52 am)작업 재시작
[I](2021-03-30  10:22:59 am)작업중 정지 [d:5][t:00:06:04]
[I](2021-03-30  10:22:59 am)    [LNo:0001] 000022/000139
[I](2021-03-30  10:23:21 am)작업 재시작
[I](2021-03-30  10:23:27 am)작업중 정지 [d:5][t:00:06:33]
[I](2021-03-30  10:23:27 am)    [LNo:0001] 000024/000139
[I](2021-03-30  10:23:27 am)작업중 M코드정지 [d:5][t:00:06:33]
[I](2021-03-30  10:52:18 am)작업중 정지 [d:33][t:00:35:23]
[I](2021-03-30  10:52:18 am)    [LNo:0001] 000127/000139
[I](2021-03-30  10:52:18 am)작업중 M코드정지 [d:33][t:00:35:24]
[I](2021-03-30  10:53:01 am)작업중 정지 [d:33][t:00:36:06]
[I](2021-03-30  10:53:01 am)    [LNo:0001] 000128/000139
[I](2021-03-30  10:53:01 am)Wire Contact Auto Stop(M52)
[I](2021-03-30  10:53:55 am)Reset
[I](2021-03-30  10:53:55 am)Reset
[I](2021-03-30  10:54:31 am)Reset
[I](2021-03-30  10:54:31 am)Reset
[I](2021-03-30  10:55:32 am)작업 시작 [Start d:161]
[I](2021-03-30  10:55:32 am)Nc File: [No.0002-591.NC]
[I](2021-03-30  10:55:32 am)  * Start Machine Position
[I](2021-03-30  10:55:32 am)    X:    155.4625
[I](2021-03-30  10:55:32 am)    Y:   -306.3785
[I](2021-03-30  10:55:32 am)    U:      0.0000
[I](2021-03-30  10:55:32 am)    V:      0.0000
[I](2021-03-30  10:55:32 am)    Z:     26.6630
[I](2021-03-30  10:55:32 am)  * Angle
[I](2021-03-30  10:55:32 am)    Ar:      0.3314,Kr:      0.0000
[I](2021-03-30  10:55:32 am)    Taper_Ar:      0.0000
[I](2021-03-30  11:00:05 am)작업중 정지 [d:4][t:00:04:32]
[I](2021-03-30  11:00:05 am)    [LNo:0002] 000022/000110
[I](2021-03-30  11:00:05 am)작업중 M코드정지 [d:4][t:00:04:33]
[I](2021-03-30  11:04:41 am)작업중 정지 [d:4][t:00:09:08]
[I](2021-03-30  11:04:41 am)    [LNo:0002] 000024/000110
[I](2021-03-30  11:05:10 am)작업 재시작
[I](2021-03-30  11:05:16 am)작업중 정지 [d:4][t:00:09:44]
[I](2021-03-30  11:05:16 am)    [LNo:0002] 000026/000110
[I](2021-03-30  11:05:16 am)작업중 M코드정지 [d:4][t:00:09:44]
[I](2021-03-30  11:08:01 am)작업중 정지 [d:6][t:00:12:29]
[I](2021-03-30  11:08:01 am)    [LNo:0002] 000052/000110
[I](2021-03-30  11:37:32 am)작업중 정지 [d:30][t:00:42:00]
[I](2021-03-30  11:37:32 am)    [LNo:0002] 000098/000110
[I](2021-03-30  11:37:32 am)작업중 M코드정지 [d:30][t:00:42:00]
[I](2021-03-30  11:39:36 am)작업중 정지 [d:30][t:00:44:03]
[I](2021-03-30  11:39:36 am)    [LNo:0002] 000099/000110
[I](2021-03-30  11:39:36 am)Wire Contact Auto Stop(M52)
[I](2021-03-30  11:39:38 am)작업 재시작
[I](2021-03-30  11:39:40 am)작업중 정지 [d:30][t:00:44:08]
[I](2021-03-30  11:39:40 am)    [LNo:0002] 000099/000110
[I](2021-03-30  11:50:13 am)Reset
[I](2021-03-30  11:50:27 am)Reset
[I](2021-03-30  11:55:23 am)Reset
[I](2021-03-30  11:55:24 am)Reset
[I](2021-03-30  11:55:46 am)Reset
[I](2021-03-30  11:55:47 am)Reset
[I](2021-03-30  11:56:22 am)Reset
[I](2021-03-30  11:57:41 am)Reset
[I](2021-03-30  11:58:06 am)Reset
[I](2021-03-30  11:58:07 am)Reset
[I](2021-03-30  11:59:49 am)Reset
[I](2021-03-30  11:59:49 am)Reset
[I](2021-03-30  11:59:50 am)Reset
[I](2021-03-30  12:01:25 pm)작업 시작 [Start d:191]
[I](2021-03-30  12:01:25 pm)Nc File: [No.0003-593.NC]
[I](2021-03-30  12:01:25 pm)  * Start Machine Position
[I](2021-03-30  12:01:25 pm)    X:    158.7996
[I](2021-03-30  12:01:25 pm)    Y:   -371.6627
[I](2021-03-30  12:01:25 pm)    U:     -0.0001
[I](2021-03-30  12:01:25 pm)    V:      0.0299
[I](2021-03-30  12:01:25 pm)    Z:     17.7870
[I](2021-03-30  12:01:25 pm)  * Angle
[I](2021-03-30  12:01:25 pm)    Ar:      0.1962,Kr:      0.0000
[I](2021-03-30  12:01:25 pm)    Taper_Ar:      0.0000
[I](2021-03-30  12:01:28 pm)작업중 정지 [d:0][t:00:00:02]
[I](2021-03-30  12:01:28 pm)    [LNo:0003] 000010/000203
[I](2021-03-30  12:01:28 pm)작업중 M코드정지 [d:0][t:00:00:02]
[I](2021-03-30  12:17:27 pm)작업중 정지 [d:11][t:00:16:01]
[I](2021-03-30  12:17:27 pm)    [LNo:0003] 000028/000203
[I](2021-03-30  12:17:27 pm)작업중 M코드정지 [d:11][t:00:16:01]
[I](2021-03-30  12:47:42 pm)작업중 정지 [d:11][t:00:46:16]
[I](2021-03-30  12:47:42 pm)    [LNo:0003] 000030/000203
[I](2021-03-30  12:47:42 pm)작업중 M코드정지 [d:11][t:00:46:16]
[I](2021-03-30  01:02:35 pm)작업중 정지 [d:25][t:01:01:10]
[I](2021-03-30  01:02:35 pm)    [LNo:0003] 000086/000203
[I](2021-03-30  01:02:35 pm)작업중 M코드정지 [d:25][t:01:01:10]
[I](2021-03-30  01:08:59 pm)Reset
[I](2021-03-30  01:15:23 pm)Reset
[I](2021-03-30  01:15:23 pm)Reset
[I](2021-03-30  01:15:45 pm)Reset
[I](2021-03-30  01:15:46 pm)Reset
[I](2021-03-30  01:16:11 pm)Reset
[I](2021-03-30  01:16:55 pm)Reset
[I](2021-03-30  01:16:55 pm)Reset
[I](2021-03-30  01:17:26 pm)Reset
[I](2021-03-30  01:17:27 pm)Reset
[I](2021-03-30  01:17:44 pm)Reset
[I](2021-03-30  01:19:04 pm)작업 시작 [Start d:216]
[I](2021-03-30  01:19:04 pm)Nc File: [No.0003-593.NC]
[I](2021-03-30  01:19:04 pm)  * Start Machine Position
[I](2021-03-30  01:19:04 pm)    X:    120.3237
[I](2021-03-30  01:19:04 pm)    Y:   -371.6335
[I](2021-03-30  01:19:04 pm)    U:      0.0000
[I](2021-03-30  01:19:04 pm)    V:      0.1499
[I](2021-03-30  01:19:04 pm)    Z:     29.9640
[I](2021-03-30  01:19:04 pm)  * Angle
[I](2021-03-30  01:19:04 pm)    Ar:      0.0241,Kr:      0.0000
[I](2021-03-30  01:19:04 pm)    Taper_Ar:      0.0000
[I](2021-03-30  01:19:21 pm)작업중 정지 [d:1][t:00:00:16]
[I](2021-03-30  01:19:21 pm)    [LNo:0003] 000106/000203
[I](2021-03-30  01:19:21 pm)작업중 M코드정지 [d:1][t:00:00:16]
[I](2021-03-30  01:19:56 pm)작업중 정지 [d:1][t:00:00:52]
[I](2021-03-30  01:19:56 pm)    [LNo:0003] 000109/000203
[I](2021-03-30  01:19:56 pm)작업중 M코드정지 [d:1][t:00:00:52]
[I](2021-03-30  01:19:58 pm)작업중 정지 [d:1][t:00:00:53]
[I](2021-03-30  01:19:58 pm)    [LNo:0003] 000111/000203
[I](2021-03-30  01:19:58 pm)작업중 M코드정지 [d:1][t:00:00:53]
[I](2021-03-30  01:20:32 pm)작업중 정지 [d:1][t:00:01:27]
[I](2021-03-30  01:20:32 pm)    [LNo:0003] 000121/000203
[I](2021-03-30  01:34:22 pm)작업중 정지 [d:15][t:00:15:17]
[I](2021-03-30  01:34:22 pm)    [LNo:0003] 000134/000203
[I](2021-03-30  01:34:22 pm)작업중 M코드정지 [d:15][t:00:15:17]
[I](2021-03-30  01:36:05 pm)작업중 정지 [d:15][t:00:17:00]
[I](2021-03-30  01:36:05 pm)    [LNo:0003] 000136/000203
[I](2021-03-30  01:36:05 pm)작업중 M코드정지 [d:15][t:00:17:00]
[I](2021-03-30  01:52:48 pm)작업중 정지 [d:31][t:00:33:43]
[I](2021-03-30  01:52:48 pm)    [LNo:0003] 000196/000203
[I](2021-03-30  01:52:48 pm)작업중 M코드정지 [d:31][t:00:33:43]
[I](2021-03-30  01:57:52 pm)Reset
[I](2021-03-30  01:57:52 pm)Reset
[I](2021-03-30  01:59:48 pm)Reset
[I](2021-03-30  01:59:48 pm)Reset
[I](2021-03-30  02:01:34 pm)Reset
[I](2021-03-30  02:01:35 pm)Reset
[I](2021-03-30  02:03:54 pm)작업 시작 [Start d:247]
[I](2021-03-30  02:03:54 pm)Nc File: [No.0004-592.NC]
[I](2021-03-30  02:03:54 pm)  * Start Machine Position
[I](2021-03-30  02:03:54 pm)    X:    120.3876
[I](2021-03-30  02:03:54 pm)    Y:   -268.2157
[I](2021-03-30  02:03:54 pm)    U:      0.0000
[I](2021-03-30  02:03:54 pm)    V:      0.0000
[I](2021-03-30  02:03:54 pm)    Z:     26.7770
[I](2021-03-30  02:03:54 pm)  * Angle
[I](2021-03-30  02:03:54 pm)    Ar:     -0.0305,Kr:      0.0000
[I](2021-03-30  02:03:54 pm)    Taper_Ar:      0.0000
[I](2021-03-30  02:09:12 pm)작업중 정지 [d:6][t:00:05:18]
[I](2021-03-30  02:09:12 pm)    [LNo:0004] 000021/000707
[I](2021-03-30  02:09:12 pm)작업중 M코드정지 [d:6][t:00:05:18]
[I](2021-03-30  02:11:08 pm)작업중 정지 [d:6][t:00:07:14]
[I](2021-03-30  02:11:08 pm)    [LNo:0004] 000022/000707
[I](2021-03-30  02:12:08 pm)작업 재시작
[I](2021-03-30  02:12:14 pm)작업중 정지 [d:7][t:00:08:20]
[I](2021-03-30  02:12:14 pm)    [LNo:0004] 000024/000707
[I](2021-03-30  02:12:14 pm)작업중 M코드정지 [d:7][t:00:08:20]
[I](2021-03-30  02:42:34 pm)작업중 정지 [d:36][t:00:38:40]
[I](2021-03-30  02:42:34 pm)    [LNo:0004] 000127/000707
[I](2021-03-30  02:42:34 pm)작업중 M코드정지 [d:36][t:00:38:40]
[I](2021-03-30  02:42:59 pm)작업중 정지 [d:36][t:00:39:05]
[I](2021-03-30  02:42:59 pm)    [LNo:0004] 000128/000707
[I](2021-03-30  02:42:59 pm)Wire Contact Auto Stop(M52)
[I](2021-03-30  02:43:32 pm)작업 재시작
[I](2021-03-30  02:43:35 pm)작업중 정지 [d:36][t:00:39:41]
[I](2021-03-30  02:43:35 pm)    [LNo:0004] 000129/000707
[I](2021-03-30  02:43:35 pm)작업중 M코드정지 [d:36][t:00:39:41]
[I](2021-03-30  02:50:03 pm)작업중 정지 [d:41][t:00:46:09]
[I](2021-03-30  02:50:03 pm)    [LNo:0004] 000152/000707
[I](2021-03-30  02:50:04 pm)작업중 M코드정지 [d:41][t:00:46:10]
[I](2021-03-30  02:50:19 pm)작업중 정지 [d:41][t:00:46:25]
[I](2021-03-30  02:50:19 pm)    [LNo:0004] 000153/000707
[I](2021-03-30  02:51:12 pm)작업 재시작
[I](2021-03-30  02:51:18 pm)작업중 정지 [d:41][t:00:47:24]
[I](2021-03-30  02:51:18 pm)    [LNo:0004] 000155/000707
[I](2021-03-30  02:51:18 pm)작업중 M코드정지 [d:41][t:00:47:24]
[I](2021-03-30  03:02:47 pm)작업중 정지 [d:51][t:00:58:53]
[I](2021-03-30  03:02:47 pm)    [LNo:0004] 000209/000707
[I](2021-03-30  03:02:47 pm)작업중 30sec 접촉 정지 [d:51][t:00:58:53]
[I](2021-03-30  03:03:38 pm)작업 재시작
[I](2021-03-30  03:22:34 pm)작업중 정지 [d:70][t:01:18:40]
[I](2021-03-30  03:22:34 pm)    [LNo:0004] 000258/000707
[I](2021-03-30  03:22:34 pm)작업중 M코드정지 [d:70][t:01:18:40]
[I](2021-03-30  03:22:55 pm)작업중 정지 [d:70][t:01:19:01]
[I](2021-03-30  03:22:55 pm)    [LNo:0004] 000259/000707
[I](2021-03-30  03:22:55 pm)Wire Contact Auto Stop(M52)
[I](2021-03-30  03:23:33 pm)Reset
[I](2021-03-30  03:23:34 pm)Reset
[I](2021-03-30  03:23:49 pm)Reset
[I](2021-03-30  03:26:08 pm)Reset
[I](2021-03-30  03:26:08 pm)Reset
[I](2021-03-30  03:27:42 pm)작업 시작 [Start d:317]
[I](2021-03-30  03:27:42 pm)Nc File: [No.0004-592.NC]
[I](2021-03-30  03:27:42 pm)  * Start Machine Position
[I](2021-03-30  03:27:42 pm)    X:     66.4834
[I](2021-03-30  03:27:42 pm)    Y:   -288.6139
[I](2021-03-30  03:27:42 pm)    U:      0.0000
[I](2021-03-30  03:27:42 pm)    V:      0.0000
[I](2021-03-30  03:27:42 pm)    Z:     26.7770
[I](2021-03-30  03:27:42 pm)  * Angle
[I](2021-03-30  03:27:42 pm)    Ar:     -0.0305,Kr:      0.0000
[I](2021-03-30  03:27:42 pm)    Taper_Ar:      0.0000
[I](2021-03-30  03:32:23 pm)작업중 정지 [d:5][t:00:04:41]
[I](2021-03-30  03:32:23 pm)    [LNo:0004] 000517/000707
[I](2021-03-30  03:32:23 pm)작업중 M코드정지 [d:5][t:00:04:41]
[I](2021-03-30  03:32:55 pm)작업중 정지 [d:5][t:00:05:12]
[I](2021-03-30  03:32:55 pm)    [LNo:0004] 000520/000707
[I](2021-03-30  03:33:26 pm)작업 재시작
[I](2021-03-30  03:33:27 pm)작업중 정지 [d:5][t:00:05:45]
[I](2021-03-30  03:33:27 pm)    [LNo:0004] 000521/000707
[I](2021-03-30  03:33:27 pm)작업중 M코드정지 [d:5][t:00:05:45]
[I](2021-03-30  04:01:04 pm)작업중 정지 [d:31][t:00:33:22]
[I](2021-03-30  04:01:04 pm)    [LNo:0004] 000593/000707
[I](2021-03-30  04:01:04 pm)작업중 M코드정지 [d:31][t:00:33:22]
[I](2021-03-30  04:01:57 pm)작업중 정지 [d:31][t:00:34:14]
[I](2021-03-30  04:01:57 pm)    [LNo:0004] 000594/000707
[I](2021-03-30  04:01:57 pm)Wire Contact Auto Stop(M52)
[I](2021-03-30  04:02:33 pm)작업 재시작
[I](2021-03-30  04:02:35 pm)작업중 정지 [d:31][t:00:34:53]
[I](2021-03-30  04:02:35 pm)    [LNo:0004] 000595/000707
[I](2021-03-30  04:02:35 pm)작업중 M코드정지 [d:31][t:00:34:53]
[I](2021-03-30  04:08:17 pm)작업중 정지 [d:36][t:00:40:35]
[I](2021-03-30  04:08:17 pm)    [LNo:0004] 000619/000707
[I](2021-03-30  04:08:17 pm)작업중 M코드정지 [d:36][t:00:40:35]
[I](2021-03-30  04:08:43 pm)작업중 정지 [d:36][t:00:41:01]
[I](2021-03-30  04:08:43 pm)    [LNo:0004] 000623/000707
[I](2021-03-30  04:08:43 pm)작업중 M코드정지 [d:36][t:00:41:01]
[I](2021-03-30  04:36:28 pm)작업중 정지 [d:62][t:01:08:46]
[I](2021-03-30  04:36:28 pm)    [LNo:0004] 000695/000707
[I](2021-03-30  04:36:29 pm)작업중 M코드정지 [d:62][t:01:08:46]
[I](2021-03-30  04:36:49 pm)작업중 정지 [d:62][t:01:09:06]
[I](2021-03-30  04:36:49 pm)    [LNo:0004] 000696/000707
[I](2021-03-30  04:36:49 pm)Wire Contact Auto Stop(M52)
[I](2021-03-30  04:40:14 pm)Reset
[I](2021-03-30  04:40:22 pm)Reset
[I](2021-03-30  04:43:33 pm)Reset
[I](2021-03-30  04:44:28 pm)Reset
[I](2021-03-30  04:44:29 pm)Reset
[I](2021-03-30  04:47:29 pm)Reset
[I](2021-03-30  04:47:29 pm)Reset
[I](2021-03-30  04:50:28 pm)Reset
[I](2021-03-30  04:50:52 pm)Reset
[I](2021-03-30  04:51:24 pm)Reset
[I](2021-03-30  04:51:24 pm)Reset
[I](2021-03-30  04:51:58 pm)Reset
[I](2021-03-30  04:51:58 pm)Reset
[I](2021-03-30  04:52:23 pm)Reset
[I](2021-03-30  04:52:38 pm)Reset
[I](2021-03-30  04:52:39 pm)Reset
[I](2021-03-30  04:54:14 pm)작업 시작 [Start d:379]
[I](2021-03-30  04:54:14 pm)Nc File: [No.0005-597.NC]
[I](2021-03-30  04:54:14 pm)  * Start Machine Position
[I](2021-03-30  04:54:14 pm)    X:    113.1507
[I](2021-03-30  04:54:14 pm)    Y:   -368.6523
[I](2021-03-30  04:54:14 pm)    U:      0.0234
[I](2021-03-30  04:54:14 pm)    V:      0.5898
[I](2021-03-30  04:54:14 pm)    Z:     29.3370
[I](2021-03-30  04:54:14 pm)  * Angle
[I](2021-03-30  04:54:14 pm)    Ar:     -0.3361,Kr:      0.0000
[I](2021-03-30  04:54:14 pm)    Taper_Ar:      0.0000
[I](2021-03-30  04:54:16 pm)작업중 정지 [d:0][t:00:00:02]
[I](2021-03-30  04:54:16 pm)    [LNo:0005] 000010/000226
[I](2021-03-30  04:54:16 pm)작업중 M코드정지 [d:0][t:00:00:02]
[I](2021-03-30  05:07:38 pm)작업중 정지 [d:13][t:00:13:23]
[I](2021-03-30  05:07:38 pm)    [LNo:0005] 000027/000226
[I](2021-03-30  05:08:24 pm)작업 재시작
[I](2021-03-30  05:08:28 pm)작업중 정지 [d:13][t:00:14:14]
[I](2021-03-30  05:08:28 pm)    [LNo:0005] 000028/000226
[I](2021-03-30  05:08:28 pm)작업중 M코드정지 [d:13][t:00:14:14]
[I](2021-03-30  05:09:07 pm)작업중 정지 [d:13][t:00:14:53]
[I](2021-03-30  05:09:07 pm)    [LNo:0005] 000030/000226
[I](2021-03-30  05:09:07 pm)작업중 M코드정지 [d:13][t:00:14:53]
[I](2021-03-30  05:43:10 pm)작업중 정지 [d:46][t:00:48:56]
[I](2021-03-30  05:43:10 pm)    [LNo:0005] 000087/000226
[A](2021-03-30  05:43:29 pm)[084] Work Tank Fluid Sensor Abnormal
[A](2021-03-30  05:43:30 pm)[084] Work Tank Fluid Sensor Abnormal
[A](2021-03-30  05:43:30 pm)[084] Work Tank Fluid Sensor Abnormal
[A](2021-03-30  05:43:30 pm)[084] Work Tank Fluid Sensor Abnormal
[A](2021-03-30  05:43:31 pm)[084] Work Tank Fluid Sensor Abnormal
[A](2021-03-30  05:43:31 pm)[084] Work Tank Fluid Sensor Abnormal
[A](2021-03-30  05:43:31 pm)[084] Work Tank Fluid Sensor Abnormal
[A](2021-03-30  05:43:32 pm)[084] Work Tank Fluid Sensor Abnormal
[I](2021-03-30  05:48:15 pm)Reset
[I](2021-03-30  05:48:16 pm)Reset
[I](2021-03-30  05:48:23 pm)Reset
[I](2021-03-30  05:48:24 pm)Reset
[I](2021-03-30  05:48:31 pm)Reset
[I](2021-03-30  05:52:30 pm)Reset
[I](2021-03-30  05:52:30 pm)Reset
[I](2021-03-30  05:52:53 pm)Reset
[I](2021-03-30  05:52:53 pm)Reset
[I](2021-03-30  05:53:31 pm)Reset
[I](2021-03-30  05:53:54 pm)Reset
[I](2021-03-30  05:53:54 pm)Reset
[I](2021-03-30  05:54:11 pm)Reset
[I](2021-03-30  05:54:11 pm)Reset
[I](2021-03-30  05:54:32 pm)작업 시작 [Start d:425]
[I](2021-03-30  05:54:32 pm)Nc File: [No.0005-597.NC]
[I](2021-03-30  05:54:32 pm)  * Start Machine Position
[I](2021-03-30  05:54:32 pm)    X:    112.7273
[I](2021-03-30  05:54:32 pm)    Y:   -368.7756
[I](2021-03-30  05:54:32 pm)    U:      0.0086
[I](2021-03-30  05:54:32 pm)    V:     -0.2200
[I](2021-03-30  05:54:32 pm)    Z:     29.3370
[I](2021-03-30  05:54:32 pm)  * Angle
[I](2021-03-30  05:54:32 pm)    Ar:     -0.3389,Kr:      0.0000
[I](2021-03-30  05:54:32 pm)    Taper_Ar:      0.0000
[I](2021-03-30  05:54:34 pm)작업중 정지 [d:0][t:00:00:02]
[I](2021-03-30  05:54:34 pm)    [LNo:0005] 000010/000226
[I](2021-03-30  05:54:34 pm)작업중 M코드정지 [d:0][t:00:00:02]
[I](2021-03-30  06:07:46 pm)작업중 정지 [d:12][t:00:13:13]
[I](2021-03-30  06:07:46 pm)    [LNo:0005] 000026/000226
[I](2021-03-30  06:07:46 pm)작업중 30sec 접촉 정지 [d:12][t:00:13:13]
[I](2021-03-30  06:27:08 pm)작업 재시작
[I](2021-03-30  06:32:14 pm)작업중 정지 [d:18][t:00:37:42]
[I](2021-03-30  06:32:14 pm)    [LNo:0005] 000027/000226
[I](2021-03-30  06:32:44 pm)작업 재시작
[I](2021-03-30  06:32:48 pm)작업중 정지 [d:18][t:00:38:15]
[I](2021-03-30  06:32:48 pm)    [LNo:0005] 000028/000226
[I](2021-03-30  06:32:48 pm)작업중 M코드정지 [d:18][t:00:38:15]
[I](2021-03-30  06:33:07 pm)작업중 정지 [d:18][t:00:38:35]
[I](2021-03-30  06:33:07 pm)    [LNo:0005] 000030/000226
[I](2021-03-30  06:33:07 pm)작업중 M코드정지 [d:18][t:00:38:35]
[I](2021-03-30  06:33:42 pm)Reset
[I](2021-03-30  06:33:42 pm)Reset
[I](2021-03-30  06:33:48 pm)작업 시작 [Start d:443]
[I](2021-03-30  06:33:48 pm)Nc File: [No.0005-597.NC]
[I](2021-03-30  06:33:48 pm)  * Start Machine Position
[I](2021-03-30  06:33:48 pm)    X:    112.7273
[I](2021-03-30  06:33:48 pm)    Y:   -368.7756
[I](2021-03-30  06:33:48 pm)    U:      0.0086
[I](2021-03-30  06:33:48 pm)    V:     -0.2200
[I](2021-03-30  06:33:48 pm)    Z:     29.3370
[I](2021-03-30  06:33:48 pm)  * Angle
[I](2021-03-30  06:33:48 pm)    Ar:     -0.3389,Kr:      0.0000
[I](2021-03-30  06:33:48 pm)    Taper_Ar:      0.0000
[I](2021-03-30  06:33:51 pm)작업중 정지 [d:0][t:00:00:02]
[I](2021-03-30  06:33:51 pm)    [LNo:0005] 000010/000226
[I](2021-03-30  06:33:51 pm)작업중 M코드정지 [d:0][t:00:00:02]
[I](2021-03-30  06:40:34 pm)작업중 정지 [d:7][t:00:06:45]
[I](2021-03-30  06:40:34 pm)    [LNo:0005] 000028/000226
[I](2021-03-30  06:40:34 pm)작업중 M코드정지 [d:7][t:00:06:45]
[I](2021-03-30  06:40:54 pm)작업중 정지 [d:7][t:00:07:05]
[I](2021-03-30  06:40:54 pm)    [LNo:0005] 000030/000226
[I](2021-03-30  06:40:54 pm)작업중 M코드정지 [d:7][t:00:07:05]
[I](2021-03-30  06:55:38 pm)작업중 정지 [d:22][t:00:21:49]
[I](2021-03-30  06:55:38 pm)    [LNo:0005] 000086/000226
[I](2021-03-30  06:55:38 pm)작업중 M코드정지 [d:22][t:00:21:49]
[I](2021-03-30  07:16:39 pm)Reset
[I](2021-03-30  07:16:44 pm)Reset
[I](2021-03-30  07:16:45 pm)Reset
[I](2021-03-30  07:20:48 pm)Reset
[I](2021-03-30  07:21:28 pm)Reset
[I](2021-03-30  07:22:33 pm)Reset
[I](2021-03-30  07:23:21 pm)Reset
[I](2021-03-30  07:35:29 pm)Reset
[I](2021-03-30  07:35:58 pm)Reset
[I](2021-03-30  07:36:53 pm)Reset
[I](2021-03-30  07:37:21 pm)Reset
[I](2021-03-30  07:37:43 pm)Reset
[I](2021-03-30  07:38:02 pm)Reset
[I](2021-03-30  07:39:19 pm)작업 시작 [Start d:465]
[I](2021-03-30  07:39:19 pm)Nc File: [No.0005-597.NC]
[I](2021-03-30  07:39:19 pm)  * Start Machine Position
[I](2021-03-30  07:39:19 pm)    X:    112.0118
[I](2021-03-30  07:39:19 pm)    Y:   -333.2811
[I](2021-03-30  07:39:19 pm)    U:     -0.0299
[I](2021-03-30  07:39:19 pm)    V:      0.0101
[I](2021-03-30  07:39:19 pm)    Z:     22.9022
[I](2021-03-30  07:39:19 pm)  * Angle
[I](2021-03-30  07:39:19 pm)    Ar:     -0.2666,Kr:      0.0000
[I](2021-03-30  07:39:19 pm)    Taper_Ar:      0.0000
[I](2021-03-30  07:39:27 pm)작업중 정지 [d:0][t:00:00:07]
[I](2021-03-30  07:39:27 pm)    [LNo:0005] 000106/000226
[I](2021-03-30  07:39:27 pm)작업중 M코드정지 [d:0][t:00:00:07]
[I](2021-03-30  07:39:28 pm)작업중 정지 [d:0][t:00:00:09]
[I](2021-03-30  07:39:28 pm)    [LNo:0005] 000109/000226
[I](2021-03-30  07:39:28 pm)작업중 M코드정지 [d:0][t:00:00:09]
[I](2021-03-30  07:39:34 pm)작업중 정지 [d:0][t:00:00:14]
[I](2021-03-30  07:39:34 pm)    [LNo:0005] 000112/000226
[I](2021-03-30  07:39:34 pm)작업중 M코드정지 [d:0][t:00:00:14]
[I](2021-03-30  07:43:38 pm)작업중 정지 [d:1][t:00:04:18]
[I](2021-03-30  07:43:38 pm)    [LNo:0005] 000132/000226
[A](2021-03-30  07:43:38 pm)[008] 작업중 단선(AWF Feed Motor Stop )
[I](2021-03-30  07:43:38 pm)작업중 Wire 단선 [d:1][t:00:04:19]
[I](2021-03-30  07:43:49 pm)작업 재시작
[I](2021-03-30  07:56:09 pm)작업중 정지 [d:14][t:00:16:49]
[I](2021-03-30  07:56:09 pm)    [LNo:0005] 000138/000226
[I](2021-03-30  07:56:09 pm)작업중 M코드정지 [d:14][t:00:16:49]
[I](2021-03-30  08:02:17 pm)작업중 정지 [d:14][t:00:22:58]
[I](2021-03-30  08:02:17 pm)    [LNo:0005] 000139/000226
[I](2021-03-30  08:02:20 pm)작업 재시작
[I](2021-03-30  08:02:32 pm)작업중 정지 [d:14][t:00:23:13]
[I](2021-03-30  08:02:32 pm)    [LNo:0005] 000141/000226
[I](2021-03-30  08:02:32 pm)작업중 M코드정지 [d:14][t:00:23:13]
[I](2021-03-30  08:16:29 pm)작업중 정지 [d:28][t:00:37:10]
[I](2021-03-30  08:16:29 pm)    [LNo:0005] 000218/000226
[I](2021-03-30  08:16:29 pm)작업중 M코드정지 [d:28][t:00:37:10]
[I](2021-03-30  08:25:43 pm)Reset
[I](2021-03-30  08:26:43 pm)Reset
[I](2021-03-30  08:26:44 pm)Reset
[I](2021-03-30  08:28:48 pm)Reset
[I](2021-03-30  08:28:57 pm)Reset
[I](2021-03-30  08:29:28 pm)Reset
[I](2021-03-30  08:29:38 pm)Reset
[I](2021-03-30  08:29:44 pm)Reset
[I](2021-03-30  08:29:44 pm)Reset
[I](2021-03-30  08:29:48 pm)Reset
[I](2021-03-30  08:32:20 pm)작업 시작 [Start d:493]
[I](2021-03-30  08:32:20 pm)Nc File: [No.0006-596.NC]
[I](2021-03-30  08:32:20 pm)  * Start Machine Position
[I](2021-03-30  08:32:20 pm)    X:     58.5976
[I](2021-03-30  08:32:20 pm)    Y:   -280.2830
[I](2021-03-30  08:32:20 pm)    U:     -0.0199
[I](2021-03-30  08:32:20 pm)    V:      0.0000
[I](2021-03-30  08:32:20 pm)    Z:     84.3272
[I](2021-03-30  08:32:20 pm)  * Angle
[I](2021-03-30  08:32:20 pm)    Ar:     -0.1111,Kr:      0.0000
[I](2021-03-30  08:32:20 pm)    Taper_Ar:      0.0000
[I](2021-03-30  08:32:22 pm)작업중 정지 [d:0][t:00:00:02]
[I](2021-03-30  08:32:22 pm)    [LNo:0006] 000010/000059
[I](2021-03-30  08:32:22 pm)작업중 M코드정지 [d:0][t:00:00:02]
[I](2021-03-30  08:34:40 pm)작업중 정지 [d:2][t:00:02:20]
[I](2021-03-30  08:34:40 pm)    [LNo:0006] 000027/000059
[I](2021-03-30  08:34:40 pm)작업중 M코드정지 [d:2][t:00:02:20]
[I](2021-03-30  08:36:26 pm)작업중 정지 [d:4][t:00:04:06]
[I](2021-03-30  08:36:26 pm)    [LNo:0006] 000051/000059
[I](2021-03-30  08:36:26 pm)작업중 M코드정지 [d:4][t:00:04:06]
[I](2021-03-30  08:36:33 pm)Reset
[I](2021-03-30  08:36:43 pm)작업 시작 [Start d:497]
[I](2021-03-30  08:36:43 pm)Nc File: [No.0006-596.NC]
[I](2021-03-30  08:36:43 pm)  * Start Machine Position
[I](2021-03-30  08:36:43 pm)    X:     59.5937
[I](2021-03-30  08:36:43 pm)    Y:   -282.2849
[I](2021-03-30  08:36:43 pm)    U:     -0.0199
[I](2021-03-30  08:36:43 pm)    V:      0.0000
[I](2021-03-30  08:36:43 pm)    Z:     84.3272
[I](2021-03-30  08:36:43 pm)  * Angle
[I](2021-03-30  08:36:43 pm)    Ar:     -0.1111,Kr:      0.0000
[I](2021-03-30  08:36:43 pm)    Taper_Ar:      0.0000
[I](2021-03-30  08:37:19 pm)작업중 정지 [d:1][t:00:00:35]
[I](2021-03-30  08:37:19 pm)    [LNo:0006] 000051/000059
[I](2021-03-30  08:37:19 pm)작업중 M코드정지 [d:1][t:00:00:35]
[A](2021-03-30  08:38:59 pm)[084] Work Tank Fluid Sensor Abnormal
[I](2021-03-30  08:40:24 pm)Reset
[A](2021-03-30  08:40:31 pm)[053] Emergency Stop
[A](2021-03-30  08:40:31 pm)[005] READY Off(Alarm)
[I](2021-03-30  08:40:31 pm)    X:    273.4745
[I](2021-03-30  08:40:31 pm)    Y:   -154.1514
[I](2021-03-30  08:40:31 pm)    U:      0.0000
[I](2021-03-30  08:40:31 pm)    V:      0.0000
[I](2021-03-30  08:40:31 pm)    Z:    184.3272
