[I](2021-12-21  12:12:48 am)작업중 정지 [d:156][t:03:01:00]
[I](2021-12-21  12:12:48 am)    [LNo:0001] 000265/000569
[I](2021-12-21  12:12:48 am)작업중 M코드정지 [d:156][t:03:01:00]
[I](2021-12-21  12:13:11 am)작업중 정지 [d:156][t:03:01:22]
[I](2021-12-21  12:13:11 am)    [LNo:0001] 000268/000569
[I](2021-12-21  12:13:11 am)Wire Contact Auto Stop(M52)
[I](2021-12-21  12:13:54 am)작업 재시작
[I](2021-12-21  12:13:55 am)작업중 정지 [d:156][t:03:02:07]
[I](2021-12-21  12:13:55 am)    [LNo:0001] 000269/000569
[I](2021-12-21  12:13:55 am)작업중 M코드정지 [d:156][t:03:02:07]
[I](2021-12-21  12:18:28 am)작업중 정지 [d:160][t:03:06:39]
[I](2021-12-21  12:18:28 am)    [LNo:0001] 000289/000569
[I](2021-12-21  12:18:28 am)작업중 M코드정지 [d:160][t:03:06:39]
[I](2021-12-21  12:20:07 am)작업중 정지 [d:160][t:03:08:19]
[I](2021-12-21  12:20:07 am)    [LNo:0001] 000271/000569
[I](2021-12-21  12:24:32 am)작업중 정지 [d:164][t:03:12:43]
[I](2021-12-21  12:24:32 am)    [LNo:0001] 000288/000569
[I](2021-12-21  12:24:32 am)작업중 M코드정지 [d:164][t:03:12:44]
[I](2021-12-21  12:26:10 am)작업중 정지 [d:164][t:03:14:21]
[I](2021-12-21  12:26:10 am)    [LNo:0001] 000271/000569
[I](2021-12-21  12:28:37 am)작업중 정지 [d:166][t:03:16:48]
[I](2021-12-21  12:28:37 am)    [LNo:0001] 000288/000569
[I](2021-12-21  12:28:37 am)작업중 M코드정지 [d:166][t:03:16:48]
[I](2021-12-21  12:30:15 am)작업중 정지 [d:166][t:03:18:27]
[I](2021-12-21  12:30:15 am)    [LNo:0001] 000465/000569
[I](2021-12-21  12:31:44 am)작업중 정지 [d:166][t:03:19:55]
[I](2021-12-21  12:31:44 am)    [LNo:0001] 000474/000569
[I](2021-12-21  12:31:44 am)작업중 30sec 접촉 정지 [d:166][t:03:19:55]
[I](2021-12-21  12:32:07 am)작업 재시작
[I](2021-12-21  12:32:13 am)작업중 정지 [d:166][t:03:20:24]
[I](2021-12-21  12:32:13 am)    [LNo:0001] 000474/000569
[I](2021-12-21  12:32:13 am)작업중 30sec 접촉 정지 [d:166][t:03:20:25]
[I](2021-12-21  12:32:24 am)작업 재시작
[I](2021-12-21  12:32:29 am)작업중 정지 [d:166][t:03:20:41]
[I](2021-12-21  12:32:29 am)    [LNo:0001] 000474/000569
[I](2021-12-21  12:32:29 am)작업중 30sec 접촉 정지 [d:166][t:03:20:41]
[I](2021-12-21  12:32:48 am)작업 재시작
[I](2021-12-21  01:07:19 am)작업중 정지 [d:200][t:03:55:31]
[I](2021-12-21  01:07:19 am)    [LNo:0001] 000481/000569
[I](2021-12-21  01:07:19 am)작업중 M코드정지 [d:200][t:03:55:31]
[I](2021-12-21  01:11:18 am)작업중 정지 [d:200][t:03:59:30]
[I](2021-12-21  01:11:18 am)    [LNo:0001] 000484/000569
[I](2021-12-21  01:11:18 am)Wire Contact Auto Stop(M52)
[I](2021-12-21  01:11:55 am)작업 재시작
[I](2021-12-21  01:11:56 am)작업중 정지 [d:200][t:04:00:07]
[I](2021-12-21  01:11:56 am)    [LNo:0001] 000485/000569
[I](2021-12-21  01:11:56 am)작업중 M코드정지 [d:200][t:04:00:07]
[I](2021-12-21  01:17:08 am)작업중 정지 [d:205][t:04:05:19]
[I](2021-12-21  01:17:08 am)    [LNo:0001] 000504/000569
[I](2021-12-21  01:17:08 am)작업중 M코드정지 [d:205][t:04:05:19]
[I](2021-12-21  01:19:37 am)작업중 정지 [d:205][t:04:07:49]
[I](2021-12-21  01:19:37 am)    [LNo:0001] 000487/000569
[I](2021-12-21  01:24:01 am)작업중 정지 [d:209][t:04:12:13]
[I](2021-12-21  01:24:01 am)    [LNo:0001] 000504/000569
[I](2021-12-21  01:24:01 am)작업중 M코드정지 [d:209][t:04:12:13]
[I](2021-12-21  01:28:01 am)작업중 정지 [d:209][t:04:16:13]
[I](2021-12-21  01:28:01 am)    [LNo:0001] 000489/000569
[I](2021-12-21  01:30:31 am)작업중 정지 [d:211][t:04:18:42]
[I](2021-12-21  01:30:31 am)    [LNo:0001] 000504/000569
[I](2021-12-21  01:30:31 am)작업중 M코드정지 [d:211][t:04:18:42]
[I](2021-12-21  01:33:14 am)작업중 정지 [d:211][t:04:21:26]
[I](2021-12-21  01:33:14 am)    [LNo:0001] 000294/000569
[I](2021-12-21  01:34:13 am)작업중 정지 [d:211][t:04:22:24]
[I](2021-12-21  01:34:13 am)    [LNo:0001] 000303/000569
[I](2021-12-21  01:34:13 am)작업중 30sec 접촉 정지 [d:211][t:04:22:24]
[I](2021-12-21  01:37:04 am)작업 재시작
[I](2021-12-21  01:37:09 am)작업중 정지 [d:211][t:04:25:21]
[I](2021-12-21  01:37:09 am)    [LNo:0001] 000303/000569
[I](2021-12-21  01:37:09 am)작업중 30sec 접촉 정지 [d:211][t:04:25:21]
[I](2021-12-21  01:41:21 am)작업 재시작
[I](2021-12-21  02:39:28 am)작업중 정지 [d:269][t:05:27:40]
[I](2021-12-21  02:39:28 am)    [LNo:0001] 000316/000569
[I](2021-12-21  02:39:28 am)작업중 M코드정지 [d:269][t:05:27:40]
[I](2021-12-21  02:40:03 am)작업중 정지 [d:269][t:05:28:14]
[I](2021-12-21  02:40:03 am)    [LNo:0001] 000320/000569
[I](2021-12-21  02:40:03 am)작업중 M코드정지 [d:269][t:05:28:14]
[I](2021-12-21  02:55:43 am)작업중 정지 [d:284][t:05:43:55]
[I](2021-12-21  02:55:43 am)    [LNo:0001] 000346/000569
[I](2021-12-21  02:55:43 am)작업중 M코드정지 [d:284][t:05:43:55]
[I](2021-12-21  02:58:15 am)작업중 정지 [d:284][t:05:46:27]
[I](2021-12-21  02:58:15 am)    [LNo:0001] 000192/000569
[I](2021-12-21  02:59:10 am)작업중 정지 [d:284][t:05:47:22]
[I](2021-12-21  02:59:10 am)    [LNo:0001] 000200/000569
[I](2021-12-21  03:10:15 am)작업중 정지 [d:294][t:05:58:27]
[I](2021-12-21  03:10:15 am)    [LNo:0001] 000207/000569
[A](2021-12-21  03:10:15 am)[008] 작업중 단선(AWF Feed Motor Stop )
[I](2021-12-21  03:10:15 am)작업중 Wire 단선 [d:294][t:05:58:27]
[I](2021-12-21  03:11:25 am)작업 재시작
[I](2021-12-21  03:24:44 am)작업중 정지 [d:308][t:06:12:56]
[I](2021-12-21  03:24:44 am)    [LNo:0001] 000214/000569
[I](2021-12-21  03:24:45 am)작업중 M코드정지 [d:308][t:06:12:56]
[I](2021-12-21  03:29:05 am)작업중 정지 [d:308][t:06:17:17]
[I](2021-12-21  03:29:05 am)    [LNo:0001] 000216/000569
[I](2021-12-21  03:29:48 am)작업 재시작
[I](2021-12-21  03:30:05 am)작업중 정지 [d:308][t:06:18:16]
[I](2021-12-21  03:30:05 am)    [LNo:0001] 000216/000569
[I](2021-12-21  03:30:42 am)작업 재시작
[I](2021-12-21  03:30:50 am)작업중 정지 [d:309][t:06:19:02]
[I](2021-12-21  03:30:50 am)    [LNo:0001] 000218/000569
[I](2021-12-21  03:30:50 am)작업중 M코드정지 [d:309][t:06:19:02]
[I](2021-12-21  03:37:27 am)작업중 정지 [d:315][t:06:25:39]
[I](2021-12-21  03:37:27 am)    [LNo:0001] 000244/000569
[I](2021-12-21  03:37:27 am)작업중 M코드정지 [d:315][t:06:25:39]
[I](2021-12-21  03:38:22 am)작업중 정지 [d:315][t:06:26:33]
[I](2021-12-21  03:38:22 am)    [LNo:0001] 000351/000569
[I](2021-12-21  03:39:05 am)작업중 정지 [d:315][t:06:27:17]
[I](2021-12-21  03:39:05 am)    [LNo:0001] 000360/000569
[I](2021-12-21  03:39:22 am)작업 재시작
[I](2021-12-21  03:49:42 am)작업중 정지 [d:325][t:06:37:54]
[I](2021-12-21  03:49:42 am)    [LNo:0001] 000366/000569
[A](2021-12-21  03:49:42 am)[008] 작업중 단선(AWF Feed Motor Stop )
[I](2021-12-21  03:49:42 am)작업중 Wire 단선 [d:325][t:06:37:54]
[I](2021-12-21  03:50:51 am)작업 재시작
[I](2021-12-21  04:04:05 am)작업중 정지 [d:338][t:06:52:17]
[I](2021-12-21  04:04:05 am)    [LNo:0001] 000373/000569
[I](2021-12-21  04:04:06 am)작업중 M코드정지 [d:338][t:06:52:17]
[I](2021-12-21  04:04:47 am)작업중 정지 [d:339][t:06:52:59]
[I](2021-12-21  04:04:47 am)    [LNo:0001] 000375/000569
[I](2021-12-21  04:11:26 am)작업 재시작
[I](2021-12-21  04:11:29 am)작업중 정지 [d:339][t:06:59:41]
[I](2021-12-21  04:11:29 am)    [LNo:0001] 000377/000569
[I](2021-12-21  04:11:29 am)작업중 M코드정지 [d:339][t:06:59:41]
[I](2021-12-21  04:19:43 am)작업중 정지 [d:346][t:07:07:54]
[I](2021-12-21  04:19:43 am)    [LNo:0001] 000417/000569
[I](2021-12-21  04:19:43 am)작업중 30sec 접촉 정지 [d:346][t:07:07:54]
[I](2021-12-21  04:20:35 am)작업 재시작
[I](2021-12-21  05:18:37 am)작업중 정지 [d:404][t:08:06:49]
[I](2021-12-21  05:18:37 am)    [LNo:0001] 000430/000569
[I](2021-12-21  05:18:37 am)작업중 M코드정지 [d:404][t:08:06:49]
[I](2021-12-21  05:19:01 am)작업중 정지 [d:404][t:08:07:13]
[I](2021-12-21  05:19:01 am)    [LNo:0001] 000432/000569
[I](2021-12-21  05:19:39 am)작업 재시작
[I](2021-12-21  05:19:42 am)작업중 정지 [d:404][t:08:07:54]
[I](2021-12-21  05:19:42 am)    [LNo:0001] 000434/000569
[I](2021-12-21  05:19:42 am)작업중 M코드정지 [d:404][t:08:07:54]
[I](2021-12-21  05:34:40 am)작업중 정지 [d:418][t:08:22:51]
[I](2021-12-21  05:34:40 am)    [LNo:0001] 000460/000569
[I](2021-12-21  05:34:40 am)작업중 M코드정지 [d:418][t:08:22:51]
[I](2021-12-21  05:42:04 am)작업중 정지 [d:418][t:08:30:15]
[I](2021-12-21  05:42:04 am)    [LNo:0001] 000510/000569
[I](2021-12-21  05:42:48 am)작업중 정지 [d:419][t:08:31:00]
[I](2021-12-21  05:42:48 am)    [LNo:0001] 000519/000569
[I](2021-12-21  05:43:28 am)작업 재시작
[I](2021-12-21  05:53:37 am)작업중 정지 [d:429][t:08:41:49]
[I](2021-12-21  05:53:37 am)    [LNo:0001] 000525/000569
[A](2021-12-21  05:53:37 am)[008] 작업중 단선(AWF Feed Motor Stop )
[I](2021-12-21  05:53:37 am)작업중 Wire 단선 [d:429][t:08:41:49]
[I](2021-12-21  05:54:47 am)작업 재시작
[I](2021-12-21  06:08:05 am)작업중 정지 [d:442][t:08:56:17]
[I](2021-12-21  06:08:05 am)    [LNo:0001] 000532/000569
[I](2021-12-21  06:08:05 am)작업중 M코드정지 [d:442][t:08:56:17]
[I](2021-12-21  06:08:45 am)작업중 정지 [d:443][t:08:56:57]
[I](2021-12-21  06:08:45 am)    [LNo:0001] 000534/000569
[I](2021-12-21  06:09:30 am)작업 재시작
[I](2021-12-21  06:09:34 am)작업중 정지 [d:443][t:08:57:45]
[I](2021-12-21  06:09:34 am)    [LNo:0001] 000536/000569
[I](2021-12-21  06:09:34 am)작업중 M코드정지 [d:443][t:08:57:45]
[I](2021-12-21  06:17:06 am)작업중 정지 [d:449][t:09:05:17]
[I](2021-12-21  06:17:06 am)    [LNo:0001] 000565/000569
[I](2021-12-21  06:17:06 am)작업중 M코드정지 [d:449][t:09:05:17]
[I](2021-12-21  06:35:05 am)Reset
[I](2021-12-21  06:35:17 am)Reset
[I](2021-12-21  06:35:22 am)Reset
[I](2021-12-21  06:41:53 am)Reset
[I](2021-12-21  06:41:54 am)Reset
[I](2021-12-21  06:42:24 am)Reset
[I](2021-12-21  06:42:46 am)Reset
[I](2021-12-21  06:42:46 am)Reset
[I](2021-12-21  06:43:17 am)Reset
[I](2021-12-21  06:43:17 am)Reset
[I](2021-12-21  06:43:42 am)Reset
[I](2021-12-21  06:44:09 am)Reset
[I](2021-12-21  06:44:10 am)Reset
[I](2021-12-21  06:44:19 am)Reset
[I](2021-12-21  06:47:21 am)작업 시작 [Start d:0]
[I](2021-12-21  06:47:21 am)Nc File: [No.0001-648.NC]
[I](2021-12-21  06:47:21 am)  * Start Machine Position
[I](2021-12-21  06:47:21 am)    X:    238.4168
[I](2021-12-21  06:47:21 am)    Y:   -354.7525
[I](2021-12-21  06:47:21 am)    U:      0.0000
[I](2021-12-21  06:47:21 am)    V:      0.0569
[I](2021-12-21  06:47:21 am)    Z:     60.9991
[I](2021-12-21  06:47:21 am)  * Angle
[I](2021-12-21  06:47:21 am)    Ar:     -0.0795,Kr:      0.0000
[I](2021-12-21  06:47:21 am)    Taper_Ar:      0.0000
[I](2021-12-21  06:47:27 am)작업중 정지 [d:0][t:00:00:05]
[I](2021-12-21  06:47:27 am)    [LNo:0001] 000010/000569
[I](2021-12-21  06:47:27 am)작업중 M코드정지 [d:0][t:00:00:05]
[I](2021-12-21  07:32:10 am)작업중 정지 [d:44][t:00:44:49]
[I](2021-12-21  07:32:10 am)    [LNo:0001] 000031/000569
[I](2021-12-21  07:32:10 am)작업중 30sec 접촉 정지 [d:44][t:00:44:49]
[I](2021-12-21  07:34:22 am)작업 재시작
[I](2021-12-21  07:34:23 am)작업중 정지 [d:44][t:00:47:01]
[I](2021-12-21  07:34:23 am)    [LNo:0001] 000031/000569
[I](2021-12-21  07:35:00 am)작업 재시작
[I](2021-12-21  07:35:09 am)작업중 정지 [d:44][t:00:47:47]
[I](2021-12-21  07:35:09 am)    [LNo:0001] 000032/000569
[I](2021-12-21  07:35:09 am)작업중 M코드정지 [d:44][t:00:47:47]
[I](2021-12-21  07:35:24 am)작업중 정지 [d:44][t:00:48:03]
[I](2021-12-21  07:35:24 am)    [LNo:0001] 000034/000569
[I](2021-12-21  07:35:24 am)작업중 M코드정지 [d:44][t:00:48:03]
[I](2021-12-21  07:35:48 am)작업중 정지 [d:44][t:00:48:27]
[I](2021-12-21  07:35:48 am)    [LNo:0001] 000037/000569
[I](2021-12-21  07:35:48 am)작업중 M코드정지 [d:44][t:00:48:27]
[I](2021-12-21  07:40:44 am)작업중 정지 [d:49][t:00:53:23]
[I](2021-12-21  07:40:44 am)    [LNo:0001] 000056/000569
[I](2021-12-21  07:40:44 am)작업중 M코드정지 [d:49][t:00:53:23]
[I](2021-12-21  07:41:08 am)작업중 정지 [d:49][t:00:53:46]
[I](2021-12-21  07:41:08 am)    [LNo:0001] 000058/000569
[I](2021-12-21  07:41:08 am)작업중 M코드정지 [d:49][t:00:53:46]
[I](2021-12-21  07:41:22 am)작업중 정지 [d:49][t:00:54:01]
[I](2021-12-21  07:41:22 am)    [LNo:0001] 000061/000569
[I](2021-12-21  07:41:22 am)작업중 M코드정지 [d:49][t:00:54:01]
[I](2021-12-21  07:46:21 am)작업중 정지 [d:54][t:00:59:00]
[I](2021-12-21  07:46:21 am)    [LNo:0001] 000080/000569
[I](2021-12-21  07:46:21 am)작업중 M코드정지 [d:54][t:00:59:00]
[I](2021-12-21  07:46:46 am)작업중 정지 [d:55][t:00:59:25]
[I](2021-12-21  07:46:46 am)    [LNo:0001] 000082/000569
[I](2021-12-21  07:46:46 am)작업중 M코드정지 [d:55][t:00:59:25]
[I](2021-12-21  07:46:58 am)작업중 정지 [d:55][t:00:59:36]
[I](2021-12-21  07:46:58 am)    [LNo:0001] 000084/000569
[I](2021-12-21  07:46:58 am)작업중 M코드정지 [d:55][t:00:59:36]
[I](2021-12-21  07:51:56 am)작업중 정지 [d:60][t:01:04:34]
[I](2021-12-21  07:51:56 am)    [LNo:0001] 000104/000569
[I](2021-12-21  07:51:56 am)작업중 M코드정지 [d:60][t:01:04:35]
[I](2021-12-21  07:52:12 am)작업중 정지 [d:60][t:01:04:50]
[I](2021-12-21  07:52:12 am)    [LNo:0001] 000106/000569
[I](2021-12-21  07:52:12 am)작업중 M코드정지 [d:60][t:01:04:50]
[I](2021-12-21  07:52:23 am)작업중 정지 [d:60][t:01:05:01]
[I](2021-12-21  07:52:23 am)    [LNo:0001] 000109/000569
[I](2021-12-21  07:52:23 am)작업중 M코드정지 [d:60][t:01:05:01]
[I](2021-12-21  07:57:29 am)작업중 정지 [d:64][t:01:10:08]
[I](2021-12-21  07:57:29 am)    [LNo:0001] 000127/000569
[I](2021-12-21  07:57:29 am)작업중 30sec 접촉 정지 [d:64][t:01:10:08]
[I](2021-12-21  07:58:23 am)작업 재시작
[I](2021-12-21  07:58:33 am)작업중 정지 [d:64][t:01:11:12]
[I](2021-12-21  07:58:33 am)    [LNo:0001] 000128/000569
[I](2021-12-21  07:58:33 am)작업중 M코드정지 [d:64][t:01:11:12]
[I](2021-12-21  07:58:48 am)작업중 정지 [d:64][t:01:11:27]
[I](2021-12-21  07:58:48 am)    [LNo:0001] 000130/000569
[I](2021-12-21  07:58:48 am)작업중 M코드정지 [d:64][t:01:11:27]
[I](2021-12-21  07:59:00 am)작업중 정지 [d:64][t:01:11:38]
[I](2021-12-21  07:59:00 am)    [LNo:0001] 000132/000569
[I](2021-12-21  07:59:00 am)작업중 M코드정지 [d:64][t:01:11:38]
[I](2021-12-21  08:04:08 am)작업중 정지 [d:69][t:01:16:47]
[I](2021-12-21  08:04:08 am)    [LNo:0001] 000151/000569
[I](2021-12-21  08:04:08 am)작업중 30sec 접촉 정지 [d:69][t:01:16:47]
[I](2021-12-21  08:04:27 am)작업 재시작
[I](2021-12-21  08:04:32 am)작업중 정지 [d:69][t:01:17:10]
[I](2021-12-21  08:04:32 am)    [LNo:0001] 000151/000569
[I](2021-12-21  08:04:32 am)작업중 30sec 접촉 정지 [d:69][t:01:17:11]
[I](2021-12-21  08:05:24 am)작업 재시작
[I](2021-12-21  08:05:38 am)작업중 정지 [d:69][t:01:18:17]
[I](2021-12-21  08:05:38 am)    [LNo:0001] 000152/000569
[I](2021-12-21  08:05:38 am)작업중 M코드정지 [d:69][t:01:18:17]
[I](2021-12-21  08:05:58 am)작업중 정지 [d:69][t:01:18:37]
[I](2021-12-21  08:05:58 am)    [LNo:0001] 000157/000569
[I](2021-12-21  08:49:16 am)작업중 정지 [d:112][t:02:01:55]
[I](2021-12-21  08:49:16 am)    [LNo:0001] 000181/000569
[I](2021-12-21  08:49:16 am)작업중 30sec 접촉 정지 [d:112][t:02:01:55]
[I](2021-12-21  08:49:41 am)작업 재시작
[I](2021-12-21  08:49:48 am)작업중 정지 [d:113][t:02:02:27]
[I](2021-12-21  08:49:48 am)    [LNo:0001] 000182/000569
[I](2021-12-21  08:49:48 am)작업중 M코드정지 [d:113][t:02:02:27]
[I](2021-12-21  08:50:00 am)작업중 정지 [d:113][t:02:02:39]
[I](2021-12-21  08:50:00 am)    [LNo:0001] 000184/000569
[I](2021-12-21  08:50:00 am)작업중 M코드정지 [d:113][t:02:02:39]
[I](2021-12-21  09:02:11 am)작업중 정지 [d:124][t:02:14:50]
[I](2021-12-21  09:02:11 am)    [LNo:0001] 000209/000569
[A](2021-12-21  09:02:12 am)[008] 작업중 단선(AWF Feed Motor Stop )
[I](2021-12-21  09:02:12 am)작업중 Wire 단선 [d:124][t:02:14:50]
[I](2021-12-21  09:03:24 am)작업 재시작
[I](2021-12-21  09:03:31 am)작업중 정지 [d:124][t:02:16:09]
[I](2021-12-21  09:03:31 am)    [LNo:0001] 000209/000569
[A](2021-12-21  09:03:31 am)[008] 작업중 단선(AWF Feed Motor Stop )
[I](2021-12-21  09:03:31 am)작업중 Wire 단선 [d:124][t:02:16:09]
[I](2021-12-21  09:04:41 am)작업 재시작
[I](2021-12-21  09:18:34 am)작업중 정지 [d:138][t:02:31:12]
[I](2021-12-21  09:18:34 am)    [LNo:0001] 000214/000569
[I](2021-12-21  09:18:34 am)작업중 M코드정지 [d:138][t:02:31:12]
[I](2021-12-21  09:19:20 am)작업중 정지 [d:138][t:02:31:59]
[I](2021-12-21  09:19:20 am)    [LNo:0001] 000216/000569
[I](2021-12-21  09:19:42 am)작업 재시작
[I](2021-12-21  09:20:11 am)작업중 정지 [d:138][t:02:32:50]
[I](2021-12-21  09:20:11 am)    [LNo:0001] 000218/000569
[I](2021-12-21  09:20:11 am)작업중 M코드정지 [d:138][t:02:32:50]
[I](2021-12-21  09:28:10 am)작업중 정지 [d:144][t:02:40:49]
[I](2021-12-21  09:28:10 am)    [LNo:0001] 000247/000569
[I](2021-12-21  09:28:56 am)작업 재시작
[I](2021-12-21  10:02:47 am)작업중 정지 [d:178][t:03:15:25]
[I](2021-12-21  10:02:47 am)    [LNo:0001] 000265/000569
[I](2021-12-21  10:02:47 am)작업중 M코드정지 [d:178][t:03:15:25]
[I](2021-12-21  10:03:50 am)작업중 정지 [d:179][t:03:16:29]
[I](2021-12-21  10:03:50 am)    [LNo:0001] 000268/000569
[I](2021-12-21  10:03:50 am)Wire Contact Auto Stop(M52)
[I](2021-12-21  10:04:17 am)작업 재시작
[I](2021-12-21  10:04:19 am)작업중 정지 [d:179][t:03:16:57]
[I](2021-12-21  10:04:19 am)    [LNo:0001] 000268/000569
[I](2021-12-21  10:04:29 am)작업 재시작
[I](2021-12-21  10:04:30 am)작업중 정지 [d:179][t:03:17:09]
[I](2021-12-21  10:04:30 am)    [LNo:0001] 000269/000569
[I](2021-12-21  10:04:30 am)작업중 M코드정지 [d:179][t:03:17:09]
[I](2021-12-21  10:10:50 am)작업중 정지 [d:185][t:03:23:29]
[I](2021-12-21  10:10:50 am)    [LNo:0001] 000289/000569
[I](2021-12-21  10:10:50 am)작업중 M코드정지 [d:185][t:03:23:29]
[A](2021-12-21  10:11:10 am)[037] 자동결선 잔여 WIRE 처리 실패!!
[I](2021-12-21  10:21:12 am)작업중 정지 [d:193][t:03:33:51]
[I](2021-12-21  10:21:12 am)    [LNo:0001] 000311/000569
[A](2021-12-21  10:21:12 am)[008] 작업중 단선(AWF Feed Motor Stop )
[I](2021-12-21  10:21:12 am)작업중 Wire 단선 [d:193][t:03:33:51]
[I](2021-12-21  10:21:24 am)작업 재시작
[I](2021-12-21  11:18:45 am)작업중 정지 [d:251][t:04:31:24]
[I](2021-12-21  11:18:45 am)    [LNo:0001] 000316/000569
[I](2021-12-21  11:18:45 am)작업중 M코드정지 [d:251][t:04:31:24]
[I](2021-12-21  11:19:15 am)작업중 정지 [d:251][t:04:31:54]
[I](2021-12-21  11:19:15 am)    [LNo:0001] 000320/000569
[I](2021-12-21  11:19:15 am)작업중 M코드정지 [d:251][t:04:31:54]
[I](2021-12-21  11:36:07 am)작업중 정지 [d:266][t:04:48:46]
[I](2021-12-21  11:36:07 am)    [LNo:0001] 000360/000569
[I](2021-12-21  11:36:07 am)작업중 30sec 접촉 정지 [d:266][t:04:48:46]
[I](2021-12-21  11:42:16 am)작업 재시작
[I](2021-12-21  12:05:59 pm)작업중 정지 [d:290][t:05:18:38]
[I](2021-12-21  12:05:59 pm)    [LNo:0001] 000373/000569
[I](2021-12-21  12:05:59 pm)작업중 M코드정지 [d:290][t:05:18:38]
[I](2021-12-21  12:56:17 pm)작업중 정지 [d:290][t:06:08:56]
[I](2021-12-21  12:56:17 pm)    [LNo:0001] 000377/000569
[I](2021-12-21  12:56:17 pm)작업중 M코드정지 [d:290][t:06:08:56]
[I](2021-12-21  01:04:12 pm)작업중 정지 [d:296][t:06:16:51]
[I](2021-12-21  01:04:12 pm)    [LNo:0001] 000417/000569
[I](2021-12-21  01:04:12 pm)작업중 30sec 접촉 정지 [d:296][t:06:16:51]
[I](2021-12-21  01:04:40 pm)작업 재시작
[I](2021-12-21  02:06:32 pm)작업중 정지 [d:358][t:07:19:11]
[I](2021-12-21  02:06:32 pm)    [LNo:0001] 000430/000569
[I](2021-12-21  02:06:32 pm)작업중 M코드정지 [d:358][t:07:19:11]
[I](2021-12-21  02:26:53 pm)작업중 정지 [d:359][t:07:39:32]
[I](2021-12-21  02:26:53 pm)    [LNo:0001] 000434/000569
[I](2021-12-21  02:26:53 pm)작업중 M코드정지 [d:359][t:07:39:32]
[I](2021-12-21  02:44:28 pm)작업중 정지 [d:375][t:07:57:07]
[I](2021-12-21  02:44:28 pm)    [LNo:0001] 000474/000569
[I](2021-12-21  02:44:28 pm)작업중 30sec 접촉 정지 [d:375][t:07:57:07]
[I](2021-12-21  02:45:17 pm)작업 재시작
[I](2021-12-21  03:18:23 pm)작업중 정지 [d:408][t:08:31:02]
[I](2021-12-21  03:18:23 pm)    [LNo:0001] 000481/000569
[I](2021-12-21  03:18:23 pm)작업중 M코드정지 [d:408][t:08:31:02]
[I](2021-12-21  03:19:03 pm)작업중 정지 [d:408][t:08:31:42]
[I](2021-12-21  03:19:03 pm)    [LNo:0001] 000484/000569
[I](2021-12-21  03:19:03 pm)Wire Contact Auto Stop(M52)
[I](2021-12-21  03:19:31 pm)작업 재시작
[I](2021-12-21  03:19:33 pm)작업중 정지 [d:408][t:08:32:12]
[I](2021-12-21  03:19:33 pm)    [LNo:0001] 000484/000569
[I](2021-12-21  03:19:44 pm)작업 재시작
[I](2021-12-21  03:19:46 pm)작업중 정지 [d:408][t:08:32:24]
[I](2021-12-21  03:19:46 pm)    [LNo:0001] 000485/000569
[I](2021-12-21  03:19:46 pm)작업중 M코드정지 [d:408][t:08:32:24]
[I](2021-12-21  03:27:33 pm)작업중 정지 [d:414][t:08:40:12]
[I](2021-12-21  03:27:33 pm)    [LNo:0001] 000519/000569
[I](2021-12-21  03:27:54 pm)작업 재시작
[I](2021-12-21  03:51:58 pm)작업중 정지 [d:438][t:09:04:37]
[I](2021-12-21  03:51:58 pm)    [LNo:0001] 000532/000569
[I](2021-12-21  03:51:58 pm)작업중 M코드정지 [d:438][t:09:04:37]
[I](2021-12-21  03:54:04 pm)작업중 정지 [d:438][t:09:06:42]
[I](2021-12-21  03:54:04 pm)    [LNo:0001] 000536/000569
[I](2021-12-21  03:54:04 pm)작업중 M코드정지 [d:438][t:09:06:42]
[I](2021-12-21  04:02:07 pm)작업중 정지 [d:444][t:09:14:46]
[I](2021-12-21  04:02:07 pm)    [LNo:0001] 000565/000569
[I](2021-12-21  04:02:07 pm)작업중 M코드정지 [d:444][t:09:14:46]
[I](2021-12-21  04:03:29 pm)Reset
[I](2021-12-21  04:03:38 pm)Reset
[I](2021-12-21  04:03:38 pm)Reset
[I](2021-12-21  04:05:49 pm)Reset
[I](2021-12-21  04:06:43 pm)Reset
[I](2021-12-21  04:09:28 pm)Reset
[I](2021-12-21  04:13:10 pm)Reset
[I](2021-12-21  04:14:50 pm)Reset
[I](2021-12-21  04:19:28 pm)Reset
[I](2021-12-21  04:19:28 pm)Reset
[I](2021-12-21  04:20:52 pm)Reset
[I](2021-12-21  04:20:53 pm)Reset
[I](2021-12-21  04:24:54 pm)Reset
[I](2021-12-21  04:25:29 pm)Reset
[A](2021-12-21  04:26:03 pm)[037] 자동결선 잔여 WIRE 처리 실패!!
[I](2021-12-21  04:27:13 pm)Reset
[I](2021-12-21  04:27:19 pm)Reset
[I](2021-12-21  04:27:44 pm)Reset
[I](2021-12-21  04:29:34 pm)Reset
[A](2021-12-21  04:29:37 pm)[002] 가공액 미동작
[I](2021-12-21  04:31:29 pm)Reset
[I](2021-12-21  04:31:38 pm)작업 시작 [Start d:444]
[I](2021-12-21  04:31:38 pm)Nc File: [No.0002-660.NC]
[I](2021-12-21  04:31:38 pm)  * Start Machine Position
[I](2021-12-21  04:31:38 pm)    X:    121.7401
[I](2021-12-21  04:31:38 pm)    Y:   -295.2263
[I](2021-12-21  04:31:38 pm)    U:      0.0000
[I](2021-12-21  04:31:38 pm)    V:      0.0000
[I](2021-12-21  04:31:38 pm)    Z:     30.3045
[I](2021-12-21  04:31:38 pm)  * Angle
[I](2021-12-21  04:31:38 pm)    Ar:      0.4495,Kr:      0.0000
[I](2021-12-21  04:31:39 pm)    Taper_Ar:      0.0000
[I](2021-12-21  04:31:41 pm)작업중 정지 [d:1][t:00:00:02]
[I](2021-12-21  04:31:41 pm)    [LNo:0002] 000013/001808
[I](2021-12-21  04:31:47 pm)Reset
[I](2021-12-21  04:32:06 pm)Reset
[I](2021-12-21  04:32:12 pm)Reset
[I](2021-12-21  04:32:16 pm)작업 시작 [Start d:445]
[I](2021-12-21  04:32:16 pm)Nc File: [No.0002-660.NC]
[I](2021-12-21  04:32:16 pm)  * Start Machine Position
[I](2021-12-21  04:32:16 pm)    X:    121.7408
[I](2021-12-21  04:32:16 pm)    Y:   -295.3262
[I](2021-12-21  04:32:16 pm)    U:      0.0000
[I](2021-12-21  04:32:16 pm)    V:      0.0000
[I](2021-12-21  04:32:16 pm)    Z:     30.3045
[I](2021-12-21  04:32:16 pm)  * Angle
[I](2021-12-21  04:32:16 pm)    Ar:      0.4495,Kr:      0.0000
[I](2021-12-21  04:32:16 pm)    Taper_Ar:      0.0000
[I](2021-12-21  05:12:13 pm)작업중 정지 [d:39][t:00:39:57]
[I](2021-12-21  05:12:13 pm)    [LNo:0002] 000256/001808
[I](2021-12-21  05:12:13 pm)작업중 30sec 접촉 정지 [d:39][t:00:39:57]
[I](2021-12-21  05:15:46 pm)작업 재시작
[I](2021-12-21  05:55:11 pm)작업중 정지 [d:78][t:01:22:54]
[I](2021-12-21  05:55:11 pm)    [LNo:0002] 000491/001808
[I](2021-12-21  06:18:56 pm)작업중 정지 [d:101][t:01:46:39]
[I](2021-12-21  06:18:56 pm)    [LNo:0002] 000534/001808
[I](2021-12-21  06:18:56 pm)작업중 30sec 접촉 정지 [d:101][t:01:46:39]
[I](2021-12-21  06:19:09 pm)작업 재시작
[I](2021-12-21  06:30:49 pm)작업중 정지 [d:113][t:01:58:33]
[I](2021-12-21  06:30:49 pm)    [LNo:0002] 000596/001808
[I](2021-12-21  06:30:50 pm)작업중 M코드정지 [d:113][t:01:58:33]
[I](2021-12-21  06:54:35 pm)작업중 정지 [d:113][t:02:22:18]
[I](2021-12-21  06:54:35 pm)    [LNo:0002] 000597/001808
[I](2021-12-21  06:54:35 pm)Wire Contact Auto Stop(M52)
[I](2021-12-21  06:54:59 pm)작업 재시작
[I](2021-12-21  06:55:02 pm)작업중 정지 [d:113][t:02:22:46]
[I](2021-12-21  06:55:02 pm)    [LNo:0002] 000598/001808
[I](2021-12-21  06:55:02 pm)작업중 M코드정지 [d:113][t:02:22:46]
[I](2021-12-21  06:56:30 pm)작업중 정지 [d:113][t:02:24:13]
[I](2021-12-21  06:56:30 pm)    [LNo:0002] 000614/001808
[I](2021-12-21  06:56:48 pm)작업 재시작
[I](2021-12-21  07:04:26 pm)작업중 정지 [d:120][t:02:32:09]
[I](2021-12-21  07:04:26 pm)    [LNo:0002] 000639/001808
[A](2021-12-21  07:04:26 pm)[008] 작업중 단선(AWF Feed Motor Stop )
[I](2021-12-21  07:04:26 pm)작업중 Wire 단선 [d:120][t:02:32:09]
[A](2021-12-21  07:06:03 pm)[001] 와이어 미동작
[I](2021-12-21  07:06:07 pm)작업 재시작
[I](2021-12-21  07:38:23 pm)작업중 정지 [d:151][t:03:06:07]
[I](2021-12-21  07:38:23 pm)    [LNo:0002] 000849/001808
[I](2021-12-21  08:23:57 pm)작업중 정지 [d:189][t:03:51:40]
[I](2021-12-21  08:23:57 pm)    [LNo:0002] 001099/001808
[I](2021-12-21  08:23:57 pm)작업중 30sec 접촉 정지 [d:189][t:03:51:40]
[A](2021-12-21  08:24:58 pm)[002] 가공액 미동작
[I](2021-12-21  08:27:04 pm)작업 재시작
[I](2021-12-21  08:50:01 pm)작업중 정지 [d:212][t:04:17:45]
[I](2021-12-21  08:50:02 pm)    [LNo:0002] 001134/001808
[I](2021-12-21  08:50:02 pm)작업중 30sec 접촉 정지 [d:212][t:04:17:45]
[I](2021-12-21  08:52:33 pm)작업 재시작
[I](2021-12-21  08:59:01 pm)작업중 정지 [d:219][t:04:26:45]
[I](2021-12-21  08:59:01 pm)    [LNo:0002] 001164/001808
[I](2021-12-21  08:59:01 pm)작업중 30sec 접촉 정지 [d:219][t:04:26:45]
[I](2021-12-21  08:59:24 pm)작업 재시작
[I](2021-12-21  08:59:29 pm)작업중 정지 [d:219][t:04:27:12]
[I](2021-12-21  08:59:29 pm)    [LNo:0002] 001164/001808
[I](2021-12-21  08:59:29 pm)작업중 30sec 접촉 정지 [d:219][t:04:27:12]
[I](2021-12-21  08:59:41 pm)작업 재시작
[I](2021-12-21  09:05:33 pm)작업중 정지 [d:224][t:04:33:17]
[I](2021-12-21  09:05:33 pm)    [LNo:0002] 001196/001808
[I](2021-12-21  09:05:33 pm)작업중 M코드정지 [d:224][t:04:33:17]
[I](2021-12-21  09:05:57 pm)작업중 정지 [d:224][t:04:33:40]
[I](2021-12-21  09:05:57 pm)    [LNo:0002] 001198/001808
[I](2021-12-21  09:05:57 pm)작업중 M코드정지 [d:224][t:04:33:40]
[I](2021-12-21  09:07:39 pm)작업중 정지 [d:224][t:04:35:23]
[I](2021-12-21  09:07:39 pm)    [LNo:0002] 001207/001808
[I](2021-12-21  09:08:43 pm)작업중 정지 [d:225][t:04:36:27]
[I](2021-12-21  09:08:43 pm)    [LNo:0002] 001214/001808
[I](2021-12-21  09:08:43 pm)작업중 30sec 접촉 정지 [d:225][t:04:36:27]
[I](2021-12-21  09:10:02 pm)작업 재시작
[I](2021-12-21  09:50:07 pm)작업중 정지 [d:265][t:05:17:51]
[I](2021-12-21  09:50:07 pm)    [LNo:0002] 001456/001808
[I](2021-12-21  09:50:07 pm)작업중 30sec 접촉 정지 [d:265][t:05:17:51]
[I](2021-12-21  09:50:54 pm)작업 재시작
[I](2021-12-21  10:30:57 pm)작업중 정지 [d:304][t:05:58:40]
[I](2021-12-21  10:30:57 pm)    [LNo:0002] 001699/001808
[I](2021-12-21  10:31:37 pm)작업 재시작
[I](2021-12-21  10:54:28 pm)작업중 정지 [d:327][t:06:22:12]
[I](2021-12-21  10:54:28 pm)    [LNo:0002] 001734/001808
[I](2021-12-21  10:54:28 pm)작업중 30sec 접촉 정지 [d:327][t:06:22:12]
[I](2021-12-21  10:54:45 pm)작업 재시작
[I](2021-12-21  11:06:48 pm)작업중 정지 [d:339][t:06:34:31]
[I](2021-12-21  11:06:48 pm)    [LNo:0002] 001796/001808
[I](2021-12-21  11:06:48 pm)작업중 M코드정지 [d:339][t:06:34:31]
[I](2021-12-21  11:07:05 pm)작업중 정지 [d:339][t:06:34:48]
[I](2021-12-21  11:07:05 pm)    [LNo:0002] 001797/001808
[I](2021-12-21  11:07:05 pm)Wire Contact Auto Stop(M52)
[I](2021-12-21  11:10:45 pm)Reset
[I](2021-12-21  11:10:45 pm)Reset
[I](2021-12-21  11:10:54 pm)Reset
[I](2021-12-21  11:14:46 pm)Reset
[I](2021-12-21  11:16:31 pm)Reset
[I](2021-12-21  11:18:07 pm)Reset
[I](2021-12-21  11:22:31 pm)작업 시작 [Start d:0]
[I](2021-12-21  11:22:31 pm)Nc File: [No.0001-667.NC]
[I](2021-12-21  11:22:31 pm)  * Start Machine Position
[I](2021-12-21  11:22:31 pm)    X:     93.4513
[I](2021-12-21  11:22:31 pm)    Y:   -337.1706
[I](2021-12-21  11:22:31 pm)    U:      0.0000
[I](2021-12-21  11:22:31 pm)    V:      0.0000
[I](2021-12-21  11:22:31 pm)    Z:     60.8595
[I](2021-12-21  11:22:31 pm)  * Angle
[I](2021-12-21  11:22:31 pm)    Ar:      0.2580,Kr:      0.0000
[I](2021-12-21  11:22:31 pm)    Taper_Ar:      0.0000
[I](2021-12-21  11:43:52 pm)작업중 정지 [d:22][t:00:21:20]
[I](2021-12-21  11:43:52 pm)    [LNo:0001] 000048/000532
[I](2021-12-21  11:43:52 pm)작업중 30sec 접촉 정지 [d:22][t:00:21:20]
[I](2021-12-21  11:46:01 pm)작업 재시작
[I](2021-12-21  11:52:00 pm)작업중 정지 [d:28][t:00:29:28]
[I](2021-12-21  11:52:00 pm)    [LNo:0001] 000101/000532
[I](2021-12-21  11:52:00 pm)작업중 30sec 접촉 정지 [d:28][t:00:29:29]
[I](2021-12-21  11:53:33 pm)작업 재시작
[I](2021-12-21  11:56:53 pm)작업중 정지 [d:32][t:00:34:21]
[I](2021-12-21  11:56:53 pm)    [LNo:0001] 000127/000532
[I](2021-12-21  11:56:53 pm)작업중 M코드정지 [d:32][t:00:34:22]
[I](2021-12-21  11:57:25 pm)작업중 정지 [d:32][t:00:34:53]
[I](2021-12-21  11:57:25 pm)    [LNo:0001] 000128/000532
[I](2021-12-21  11:57:25 pm)Wire Contact Auto Stop(M52)
[I](2021-12-21  11:58:43 pm)작업 재시작
[I](2021-12-21  11:58:44 pm)작업중 정지 [d:32][t:00:36:13]
[I](2021-12-21  11:58:44 pm)    [LNo:0001] 000129/000532
[I](2021-12-21  11:58:45 pm)작업중 M코드정지 [d:32][t:00:36:13]
