[I](2021-10-23  12:06:46 am)Reset
[I](2021-10-23  12:21:47 am)Reset
[I](2021-10-23  12:32:48 am)Reset
[I](2021-10-23  12:34:27 am)작업 시작 [Start d:511]
[I](2021-10-23  12:34:27 am)Nc File: [No.0001-376.NC]
[I](2021-10-23  12:34:27 am)  * Start Machine Position
[I](2021-10-23  12:34:27 am)    X:    217.8534
[I](2021-10-23  12:34:27 am)    Y:   -152.8975
[I](2021-10-23  12:34:27 am)    U:      0.0000
[I](2021-10-23  12:34:27 am)    V:      0.0000
[I](2021-10-23  12:34:27 am)    Z:     30.4668
[I](2021-10-23  12:34:27 am)  * Angle
[I](2021-10-23  12:34:27 am)    Ar:      0.3686,Kr:      0.0000
[I](2021-10-23  12:34:27 am)    Taper_Ar:      0.0000
[I](2021-10-23  12:34:50 am)작업중 정지 [d:0][t:00:00:23]
[I](2021-10-23  12:34:50 am)    [LNo:0001] 000010/000302
[I](2021-10-23  12:34:50 am)작업중 M코드정지 [d:0][t:00:00:23]
[I](2021-10-23  12:37:15 am)작업중 정지 [d:2][t:00:02:48]
[I](2021-10-23  12:37:15 am)    [LNo:0001] 000032/000302
[I](2021-10-23  12:37:15 am)작업중 M코드정지 [d:2][t:00:02:48]
[I](2021-10-23  12:38:26 am)작업중 정지 [d:2][t:00:03:59]
[I](2021-10-23  12:38:26 am)    [LNo:0001] 000035/000302
[I](2021-10-23  12:38:26 am)작업중 M코드정지 [d:2][t:00:03:59]
[I](2021-10-23  02:08:05 am)작업중 정지 [d:90][t:01:33:38]
[I](2021-10-23  02:08:05 am)    [LNo:0001] 000081/000302
[A](2021-10-23  02:08:05 am)[093] 보빈 와이어 단선
[I](2021-10-23  02:08:05 am)작업중 Wire 단선 [d:90][t:01:33:38]
[I](2021-10-23  02:12:55 am)작업 재시작
[I](2021-10-23  03:10:58 am)작업중 정지 [d:148][t:02:36:31]
[I](2021-10-23  03:10:58 am)    [LNo:0001] 000104/000302
[I](2021-10-23  03:10:58 am)작업중 M코드정지 [d:148][t:02:36:31]
[I](2021-10-23  03:12:39 am)작업중 정지 [d:148][t:02:38:11]
[I](2021-10-23  03:12:39 am)    [LNo:0001] 000108/000302
[I](2021-10-23  03:12:39 am)작업중 M코드정지 [d:148][t:02:38:12]
[I](2021-10-23  03:48:34 am)작업중 정지 [d:183][t:03:14:07]
[I](2021-10-23  03:48:34 am)    [LNo:0001] 000163/000302
[I](2021-10-23  03:48:34 am)작업중 M코드정지 [d:183][t:03:14:07]
[I](2021-10-23  06:12:37 am)작업중 정지 [d:318][t:05:38:10]
[I](2021-10-23  06:12:37 am)    [LNo:0001] 000236/000302
[A](2021-10-23  06:12:37 am)[008] 작업중 단선(AWF Feed Motor Stop )
[I](2021-10-23  06:12:37 am)작업중 Wire 단선 [d:318][t:05:38:10]
[I](2021-10-23  06:12:48 am)작업 재시작
[I](2021-10-23  06:12:54 am)작업중 정지 [d:319][t:05:38:26]
[I](2021-10-23  06:12:54 am)    [LNo:0001] 000236/000302
[I](2021-10-23  06:12:54 am)Wire Contact Auto Stop(M52)
[I](2021-10-23  07:33:57 am)작업 재시작
[I](2021-10-23  07:34:00 am)작업중 정지 [d:319][t:06:59:33]
[I](2021-10-23  07:34:00 am)    [LNo:0001] 000236/000302
[I](2021-10-23  07:34:53 am)작업 재시작
[I](2021-10-23  07:35:11 am)작업중 정지 [d:319][t:07:00:44]
[I](2021-10-23  07:35:11 am)    [LNo:0001] 000237/000302
[I](2021-10-23  07:35:11 am)작업중 M코드정지 [d:319][t:07:00:44]
[I](2021-10-23  07:54:54 am)작업중 정지 [d:320][t:07:20:27]
[I](2021-10-23  07:54:54 am)    [LNo:0001] 000241/000302
[I](2021-10-23  07:54:54 am)작업중 M코드정지 [d:320][t:07:20:27]
[I](2021-10-23  08:07:01 am)작업중 정지 [d:332][t:07:32:34]
[I](2021-10-23  08:07:01 am)    [LNo:0001] 000265/000302
[I](2021-10-23  08:11:33 am)작업 재시작
[I](2021-10-23  08:25:02 am)작업중 정지 [d:346][t:07:50:35]
[I](2021-10-23  08:25:02 am)    [LNo:0001] 000276/000302
[I](2021-10-23  08:34:42 am)작업 재시작
[I](2021-10-23  08:45:02 am)작업중 정지 [d:357][t:08:10:35]
[I](2021-10-23  08:45:02 am)    [LNo:0001] 000294/000302
[I](2021-10-23  08:45:02 am)작업중 M코드정지 [d:357][t:08:10:35]
[I](2021-10-23  09:16:42 am)Reset
[I](2021-10-23  09:16:43 am)Reset
[I](2021-10-23  09:16:50 am)Reset
[I](2021-10-23  09:16:50 am)Reset
[I](2021-10-23  09:16:56 am)Reset
[I](2021-10-23  09:18:06 am)Reset
[I](2021-10-23  09:18:07 am)Reset
[I](2021-10-23  09:18:33 am)Reset
[I](2021-10-23  09:18:33 am)Reset
[I](2021-10-23  09:20:02 am)Reset
[I](2021-10-23  09:20:03 am)Reset
[I](2021-10-23  09:20:48 am)Reset
[I](2021-10-23  09:21:22 am)Reset
[I](2021-10-23  09:22:18 am)Reset
[I](2021-10-23  09:22:45 am)Reset
[I](2021-10-23  09:23:01 am)Reset
[I](2021-10-23  09:24:40 am)Reset
[I](2021-10-23  09:25:44 am)Reset
[I](2021-10-23  09:25:50 am)Reset
[I](2021-10-23  09:25:51 am)Reset
[I](2021-10-23  09:25:59 am)Reset
[I](2021-10-23  09:28:17 am)작업 시작 [Start d:868]
[I](2021-10-23  09:28:17 am)Nc File: [No.0002-371.NC]
[I](2021-10-23  09:28:17 am)  * Start Machine Position
[I](2021-10-23  09:28:17 am)    X:     26.9314
[I](2021-10-23  09:28:17 am)    Y:   -341.5022
[I](2021-10-23  09:28:17 am)    U:      0.0000
[I](2021-10-23  09:28:17 am)    V:      0.0000
[I](2021-10-23  09:28:17 am)    Z:     51.1323
[I](2021-10-23  09:28:17 am)  * Angle
[I](2021-10-23  09:28:17 am)    Ar:     -0.8756,Kr:      0.0000
[I](2021-10-23  09:28:17 am)    Taper_Ar:      0.0000
[I](2021-10-23  09:28:19 am)작업중 정지 [d:0][t:00:00:02]
[I](2021-10-23  09:28:19 am)    [LNo:0002] 000010/000059
[I](2021-10-23  09:28:19 am)작업중 M코드정지 [d:0][t:00:00:02]
[I](2021-10-23  09:28:23 am)작업중 정지 [d:0][t:00:00:05]
[I](2021-10-23  09:28:23 am)    [LNo:0002] 000010/000059
[I](2021-10-23  09:28:23 am)작업중 M코드정지 [d:0][t:00:00:05]
[I](2021-10-23  09:32:46 am)작업중 정지 [d:4][t:00:04:28]
[I](2021-10-23  09:32:46 am)    [LNo:0002] 000051/000059
[I](2021-10-23  09:32:46 am)작업중 M코드정지 [d:4][t:00:04:28]
[I](2021-10-23  09:32:56 am)
[I](2021-10-23  09:32:56 am)Work completed.
[I](2021-10-23  09:32:56 am)작업 끝.(M02) [d:4][t:00:04:39]
[I](2021-10-23  09:37:51 am)Reset
[I](2021-10-23  09:37:51 am)Reset
[I](2021-10-23  09:38:32 am)Reset
[I](2021-10-23  09:38:32 am)Reset
[I](2021-10-23  09:40:45 am)Reset
[I](2021-10-23  09:40:46 am)Reset
[I](2021-10-23  09:41:27 am)Reset
[I](2021-10-23  09:42:14 am)Reset
[I](2021-10-23  09:42:38 am)Reset
[I](2021-10-23  09:43:13 am)Reset
[I](2021-10-23  09:43:50 am)Reset
[I](2021-10-23  09:44:14 am)Reset
[I](2021-10-23  09:44:22 am)Reset
[I](2021-10-23  09:44:23 am)Reset
[I](2021-10-23  09:44:30 am)Reset
[I](2021-10-23  09:45:32 am)Reset
[I](2021-10-23  09:45:33 am)작업 시작 [Start d:872]
[I](2021-10-23  09:45:33 am)Nc File: [No.0002-371.NC]
[I](2021-10-23  09:45:33 am)  * Start Machine Position
[I](2021-10-23  09:45:33 am)    X:     27.1115
[I](2021-10-23  09:45:33 am)    Y:   -335.3693
[I](2021-10-23  09:45:33 am)    U:      0.0000
[I](2021-10-23  09:45:33 am)    V:      0.0000
[I](2021-10-23  09:45:33 am)    Z:     51.1323
[I](2021-10-23  09:45:33 am)  * Angle
[I](2021-10-23  09:45:33 am)    Ar:     -1.4272,Kr:      0.0000
[I](2021-10-23  09:45:33 am)    Taper_Ar:      0.0000
[I](2021-10-23  09:45:34 am)작업중 정지 [d:0][t:00:00:01]
[I](2021-10-23  09:45:34 am)    [LNo:0002] 000009/000059
[I](2021-10-23  09:45:35 am)작업중 M코드정지 [d:0][t:00:00:01]
[I](2021-10-23  09:45:43 am)작업중 정지 [d:0][t:00:00:09]
[I](2021-10-23  09:45:43 am)    [LNo:0002] 000016/000059
[I](2021-10-23  09:45:49 am)Reset
[I](2021-10-23  09:45:55 am)작업 시작 [Start d:872]
[I](2021-10-23  09:45:55 am)Nc File: [No.0002-371.NC]
[I](2021-10-23  09:45:55 am)  * Start Machine Position
[I](2021-10-23  09:45:55 am)    X:     27.1115
[I](2021-10-23  09:45:55 am)    Y:   -335.3693
[I](2021-10-23  09:45:55 am)    U:      0.0000
[I](2021-10-23  09:45:55 am)    V:      0.0000
[I](2021-10-23  09:45:55 am)    Z:     51.1323
[I](2021-10-23  09:45:55 am)  * Angle
[I](2021-10-23  09:45:55 am)    Ar:     -1.4272,Kr:      0.0000
[I](2021-10-23  09:45:55 am)    Taper_Ar:      0.0000
[I](2021-10-23  09:45:56 am)작업중 정지 [d:0][t:00:00:01]
[I](2021-10-23  09:45:56 am)    [LNo:0002] 000013/000059
[I](2021-10-23  09:45:56 am)작업중 M코드정지 [d:0][t:00:00:01]
[I](2021-10-23  09:50:17 am)작업중 정지 [d:4][t:00:04:22]
[I](2021-10-23  09:50:17 am)    [LNo:0002] 000051/000059
[I](2021-10-23  09:50:17 am)작업중 M코드정지 [d:4][t:00:04:22]
[A](2021-10-23  09:51:31 am)[084] Work Tank Fluid Sensor Abnormal
[A](2021-10-23  09:52:05 am)[033] 자동결선 회수 롤러 WIRE CONTACT!!
[I](2021-10-23  09:52:47 am)Reset
[I](2021-10-23  09:52:53 am)Reset
[I](2021-10-23  09:53:00 am)Reset
[I](2021-10-23  09:53:06 am)Reset
[I](2021-10-23  09:53:06 am)Reset
[I](2021-10-23  09:54:41 am)Reset
[I](2021-10-23  09:54:45 am)Reset
[I](2021-10-23  09:54:48 am)Reset
[I](2021-10-23  10:00:40 am)Reset
[I](2021-10-23  10:00:43 am)Reset
[I](2021-10-23  10:02:58 am)Reset
[I](2021-10-23  10:03:02 am)Reset
[I](2021-10-23  10:03:03 am)Reset
[I](2021-10-23  10:07:11 am)Reset
[I](2021-10-23  10:08:31 am)Reset
[I](2021-10-23  10:08:38 am)Reset
[I](2021-10-23  10:10:24 am)Reset
[I](2021-10-23  10:10:39 am)Reset
[I](2021-10-23  10:10:42 am)Reset
[I](2021-10-23  10:11:31 am)Reset
[I](2021-10-23  10:11:37 am)Reset
[A](2021-10-23  10:12:01 am)[037] 자동결선 잔여 WIRE 처리 실패!!
[I](2021-10-23  10:13:22 am)Reset
[I](2021-10-23  10:13:31 am)작업 시작 [Start d:0]
[I](2021-10-23  10:13:31 am)Nc File: [No.0003-369.NC]
[I](2021-10-23  10:13:31 am)  * Start Machine Position
[I](2021-10-23  10:13:31 am)    X:    131.2474
[I](2021-10-23  10:13:31 am)    Y:   -327.5835
[I](2021-10-23  10:13:31 am)    U:     -0.1098
[I](2021-10-23  10:13:31 am)    V:      0.0207
[I](2021-10-23  10:13:31 am)    Z:    110.3588
[I](2021-10-23  10:13:31 am)  * Angle
[I](2021-10-23  10:13:31 am)    Ar:     -0.4614,Kr:      0.0000
[I](2021-10-23  10:13:31 am)    Taper_Ar:      0.0000
[I](2021-10-23  10:14:02 am)작업중 정지 [d:0][t:00:00:31]
[I](2021-10-23  10:14:02 am)    [LNo:0003] 000086/000308
[I](2021-10-23  10:18:33 am)작업중 정지 [d:0][t:00:05:02]
[I](2021-10-23  10:18:33 am)    [LNo:0003] 000094/000308
[I](2021-10-23  10:19:12 am)Reset
[I](2021-10-23  10:19:21 am)작업 시작 [Start d:0]
[I](2021-10-23  10:19:21 am)Nc File: [No.0003-369.NC]
[I](2021-10-23  10:19:21 am)  * Start Machine Position
[I](2021-10-23  10:19:21 am)    X:    131.2474
[I](2021-10-23  10:19:21 am)    Y:   -327.5835
[I](2021-10-23  10:19:21 am)    U:     -0.1098
[I](2021-10-23  10:19:21 am)    V:      0.0207
[I](2021-10-23  10:19:21 am)    Z:    110.3588
[I](2021-10-23  10:19:21 am)  * Angle
[I](2021-10-23  10:19:21 am)    Ar:     -0.4614,Kr:      0.0000
[I](2021-10-23  10:19:21 am)    Taper_Ar:      0.0000
[I](2021-10-23  10:20:14 am)작업중 정지 [d:0][t:00:00:53]
[I](2021-10-23  10:20:14 am)    [LNo:0003] 000160/000308
[I](2021-10-23  10:21:04 am)작업중 정지 [d:0][t:00:01:42]
[I](2021-10-23  10:21:04 am)    [LNo:0003] 000168/000308
[I](2021-10-23  10:21:51 am)Reset
[I](2021-10-23  10:22:00 am)작업 시작 [Start d:0]
[I](2021-10-23  10:22:00 am)Nc File: [No.0003-369.NC]
[I](2021-10-23  10:22:00 am)  * Start Machine Position
[I](2021-10-23  10:22:00 am)    X:    131.2474
[I](2021-10-23  10:22:00 am)    Y:   -327.5835
[I](2021-10-23  10:22:00 am)    U:     -0.1098
[I](2021-10-23  10:22:00 am)    V:      0.0207
[I](2021-10-23  10:22:00 am)    Z:    110.3588
[I](2021-10-23  10:22:00 am)  * Angle
[I](2021-10-23  10:22:00 am)    Ar:     -0.4614,Kr:      0.0000
[I](2021-10-23  10:22:00 am)    Taper_Ar:      0.0000
[I](2021-10-23  10:23:00 am)작업중 정지 [d:0][t:00:00:59]
[I](2021-10-23  10:23:00 am)    [LNo:0003] 000234/000308
[A](2021-10-23  10:23:17 am)[008] 작업중 단선(AWF Feed Motor Stop )
[I](2021-10-23  10:23:17 am)작업중 Wire 단선 [d:0][t:00:01:16]
[A](2021-10-23  10:24:02 am)[037] 자동결선 잔여 WIRE 처리 실패!!
[A](2021-10-23  10:24:17 am)[041] AWF 명령끝날때까지 센서감지(타임아웃) 안됨
[A](2021-10-23  10:25:02 am)[084] Work Tank Fluid Sensor Abnormal
[A](2021-10-23  10:25:02 am)[084] Work Tank Fluid Sensor Abnormal
[A](2021-10-23  10:25:02 am)[084] Work Tank Fluid Sensor Abnormal
[A](2021-10-23  10:25:03 am)[084] Work Tank Fluid Sensor Abnormal
[A](2021-10-23  10:25:03 am)[084] Work Tank Fluid Sensor Abnormal
[A](2021-10-23  10:25:03 am)[084] Work Tank Fluid Sensor Abnormal
[A](2021-10-23  10:25:04 am)[084] Work Tank Fluid Sensor Abnormal
[A](2021-10-23  10:25:04 am)[084] Work Tank Fluid Sensor Abnormal
[A](2021-10-23  10:25:04 am)[084] Work Tank Fluid Sensor Abnormal
[A](2021-10-23  10:25:04 am)[084] Work Tank Fluid Sensor Abnormal
[A](2021-10-23  10:25:04 am)[084] Work Tank Fluid Sensor Abnormal
[A](2021-10-23  10:25:05 am)[084] Work Tank Fluid Sensor Abnormal
[A](2021-10-23  10:25:05 am)[084] Work Tank Fluid Sensor Abnormal
[A](2021-10-23  10:25:05 am)[084] Work Tank Fluid Sensor Abnormal
[A](2021-10-23  10:25:05 am)[084] Work Tank Fluid Sensor Abnormal
[A](2021-10-23  10:25:06 am)[084] Work Tank Fluid Sensor Abnormal
[A](2021-10-23  10:25:06 am)[084] Work Tank Fluid Sensor Abnormal
[A](2021-10-23  10:25:06 am)[084] Work Tank Fluid Sensor Abnormal
[A](2021-10-23  10:25:07 am)[084] Work Tank Fluid Sensor Abnormal
[A](2021-10-23  10:25:07 am)[084] Work Tank Fluid Sensor Abnormal
[A](2021-10-23  10:25:07 am)[084] Work Tank Fluid Sensor Abnormal
[A](2021-10-23  10:25:07 am)[084] Work Tank Fluid Sensor Abnormal
[A](2021-10-23  10:25:08 am)[084] Work Tank Fluid Sensor Abnormal
[A](2021-10-23  10:25:08 am)[084] Work Tank Fluid Sensor Abnormal
[A](2021-10-23  10:25:08 am)[084] Work Tank Fluid Sensor Abnormal
[A](2021-10-23  10:25:08 am)[084] Work Tank Fluid Sensor Abnormal
[A](2021-10-23  10:25:08 am)[084] Work Tank Fluid Sensor Abnormal
[A](2021-10-23  10:29:45 am)[001] 와이어 미동작
[I](2021-10-23  10:30:31 am)작업중 정지 [d:0][t:00:08:30]
[I](2021-10-23  10:30:31 am)    [LNo:0003] 000242/000308
[I](2021-10-23  10:31:14 am)Reset
[I](2021-10-23  10:31:17 am)작업 시작 [Start d:0]
[I](2021-10-23  10:31:17 am)Nc File: [No.0003-369.NC]
[I](2021-10-23  10:31:17 am)  * Start Machine Position
[I](2021-10-23  10:31:17 am)    X:    131.2474
[I](2021-10-23  10:31:17 am)    Y:   -327.5835
[I](2021-10-23  10:31:17 am)    U:     -0.1098
[I](2021-10-23  10:31:17 am)    V:      0.0207
[I](2021-10-23  10:31:17 am)    Z:    110.3588
[I](2021-10-23  10:31:17 am)  * Angle
[I](2021-10-23  10:31:17 am)    Ar:     -0.4614,Kr:      0.0000
[I](2021-10-23  10:31:17 am)    Taper_Ar:      0.0000
[I](2021-10-23  10:31:26 am)작업중 정지 [d:0][t:00:00:09]
[I](2021-10-23  10:31:26 am)    [LNo:0003] 000013/000308
[A](2021-10-23  10:31:43 am)[041] AWF 명령끝날때까지 센서감지(타임아웃) 안됨
[A](2021-10-23  10:32:55 am)[037] 자동결선 잔여 WIRE 처리 실패!!
[A](2021-10-23  10:33:54 am)[084] Work Tank Fluid Sensor Abnormal
[A](2021-10-23  10:33:54 am)[084] Work Tank Fluid Sensor Abnormal
[A](2021-10-23  10:33:55 am)[084] Work Tank Fluid Sensor Abnormal
[A](2021-10-23  10:33:55 am)[084] Work Tank Fluid Sensor Abnormal
[A](2021-10-23  10:33:55 am)[084] Work Tank Fluid Sensor Abnormal
[A](2021-10-23  10:33:55 am)[084] Work Tank Fluid Sensor Abnormal
[A](2021-10-23  10:33:56 am)[084] Work Tank Fluid Sensor Abnormal
[A](2021-10-23  10:33:56 am)[084] Work Tank Fluid Sensor Abnormal
[A](2021-10-23  10:33:56 am)[084] Work Tank Fluid Sensor Abnormal
[A](2021-10-23  10:33:56 am)[084] Work Tank Fluid Sensor Abnormal
[A](2021-10-23  10:33:56 am)[084] Work Tank Fluid Sensor Abnormal
[A](2021-10-23  10:33:57 am)[084] Work Tank Fluid Sensor Abnormal
[A](2021-10-23  10:33:57 am)[084] Work Tank Fluid Sensor Abnormal
[A](2021-10-23  10:33:57 am)[084] Work Tank Fluid Sensor Abnormal
[A](2021-10-23  10:33:57 am)[084] Work Tank Fluid Sensor Abnormal
[A](2021-10-23  10:33:58 am)[084] Work Tank Fluid Sensor Abnormal
[A](2021-10-23  10:33:58 am)[084] Work Tank Fluid Sensor Abnormal
[A](2021-10-23  10:33:58 am)[084] Work Tank Fluid Sensor Abnormal
[A](2021-10-23  10:33:58 am)[084] Work Tank Fluid Sensor Abnormal
[A](2021-10-23  10:33:59 am)[084] Work Tank Fluid Sensor Abnormal
[A](2021-10-23  10:33:59 am)[084] Work Tank Fluid Sensor Abnormal
[A](2021-10-23  10:33:59 am)[084] Work Tank Fluid Sensor Abnormal
[A](2021-10-23  10:33:59 am)[084] Work Tank Fluid Sensor Abnormal
[A](2021-10-23  10:33:59 am)[084] Work Tank Fluid Sensor Abnormal
[A](2021-10-23  10:34:00 am)[084] Work Tank Fluid Sensor Abnormal
[A](2021-10-23  10:34:00 am)[084] Work Tank Fluid Sensor Abnormal
[A](2021-10-23  10:34:00 am)[084] Work Tank Fluid Sensor Abnormal
[A](2021-10-23  10:34:00 am)[084] Work Tank Fluid Sensor Abnormal
[A](2021-10-23  10:34:01 am)[084] Work Tank Fluid Sensor Abnormal
[A](2021-10-23  10:34:01 am)[084] Work Tank Fluid Sensor Abnormal
[A](2021-10-23  10:34:01 am)[084] Work Tank Fluid Sensor Abnormal
[A](2021-10-23  10:34:01 am)[084] Work Tank Fluid Sensor Abnormal
[A](2021-10-23  10:34:01 am)[084] Work Tank Fluid Sensor Abnormal
[A](2021-10-23  10:34:02 am)[084] Work Tank Fluid Sensor Abnormal
[A](2021-10-23  10:34:02 am)[084] Work Tank Fluid Sensor Abnormal
[A](2021-10-23  10:34:02 am)[084] Work Tank Fluid Sensor Abnormal
[I](2021-10-23  11:32:50 am)작업중 정지 [d:52][t:01:01:33]
[I](2021-10-23  11:32:50 am)    [LNo:0003] 000027/000308
[I](2021-10-23  11:32:50 am)작업중 30sec 접촉 정지 [d:52][t:01:01:33]
[I](2021-10-23  11:32:56 am)작업 재시작
[I](2021-10-23  12:11:49 pm)작업중 정지 [d:90][t:01:40:32]
[I](2021-10-23  12:11:49 pm)    [LNo:0003] 000036/000308
[I](2021-10-23  12:11:49 pm)작업중 30sec 접촉 정지 [d:90][t:01:40:32]
[I](2021-10-23  12:13:16 pm)작업 재시작
[I](2021-10-23  12:13:21 pm)작업중 정지 [d:90][t:01:42:03]
[I](2021-10-23  12:13:21 pm)    [LNo:0003] 000036/000308
[I](2021-10-23  12:13:21 pm)작업중 30sec 접촉 정지 [d:90][t:01:42:04]
[I](2021-10-23  12:13:25 pm)작업 재시작
[I](2021-10-23  12:13:30 pm)작업중 정지 [d:90][t:01:42:12]
[I](2021-10-23  12:13:30 pm)    [LNo:0003] 000036/000308
[I](2021-10-23  12:13:30 pm)작업중 30sec 접촉 정지 [d:90][t:01:42:12]
[I](2021-10-23  12:14:03 pm)작업 재시작
[I](2021-10-23  12:14:09 pm)작업중 정지 [d:90][t:01:42:51]
[I](2021-10-23  12:14:09 pm)    [LNo:0003] 000036/000308
[I](2021-10-23  12:14:09 pm)작업중 30sec 접촉 정지 [d:90][t:01:42:51]
[I](2021-10-23  12:14:15 pm)작업 재시작
[I](2021-10-23  12:14:20 pm)작업중 정지 [d:90][t:01:43:03]
[I](2021-10-23  12:14:20 pm)    [LNo:0003] 000036/000308
[I](2021-10-23  12:14:24 pm)작업 재시작
[I](2021-10-23  12:14:25 pm)작업중 정지 [d:90][t:01:43:08]
[I](2021-10-23  12:14:25 pm)    [LNo:0003] 000036/000308
[A](2021-10-23  12:16:59 pm)[037] 자동결선 잔여 WIRE 처리 실패!!
[A](2021-10-23  12:17:18 pm)[041] AWF 명령끝날때까지 센서감지(타임아웃) 안됨
[A](2021-10-23  12:19:21 pm)[037] 자동결선 잔여 WIRE 처리 실패!!
[I](2021-10-23  12:21:38 pm)Reset
[I](2021-10-23  12:21:51 pm)작업 시작 [Start d:90]
[I](2021-10-23  12:21:51 pm)Nc File: [No.0003-369.NC]
[I](2021-10-23  12:21:51 pm)  * Start Machine Position
[I](2021-10-23  12:21:51 pm)    X:     95.6095
[I](2021-10-23  12:21:51 pm)    Y:   -363.1976
[I](2021-10-23  12:21:51 pm)    U:     -0.1098
[I](2021-10-23  12:21:51 pm)    V:      0.0207
[I](2021-10-23  12:21:51 pm)    Z:    110.3588
[I](2021-10-23  12:21:51 pm)  * Angle
[I](2021-10-23  12:21:51 pm)    Ar:     -0.4614,Kr:      0.0000
[I](2021-10-23  12:21:51 pm)    Taper_Ar:      0.0000
[I](2021-10-23  12:39:10 pm)작업중 정지 [d:18][t:00:17:19]
[I](2021-10-23  12:39:10 pm)    [LNo:0003] 000064/000308
[I](2021-10-23  12:39:10 pm)작업중 30sec 접촉 정지 [d:18][t:00:17:19]
[A](2021-10-23  12:46:02 pm)[037] 자동결선 잔여 WIRE 처리 실패!!
[A](2021-10-23  12:50:35 pm)[041] AWF 명령끝날때까지 센서감지(타임아웃) 안됨
[A](2021-10-23  12:51:06 pm)[041] AWF 명령끝날때까지 센서감지(타임아웃) 안됨
[A](2021-10-23  12:51:38 pm)[041] AWF 명령끝날때까지 센서감지(타임아웃) 안됨
[A](2021-10-23  12:52:29 pm)[084] Work Tank Fluid Sensor Abnormal
[A](2021-10-23  12:52:29 pm)[084] Work Tank Fluid Sensor Abnormal
[A](2021-10-23  12:52:29 pm)[084] Work Tank Fluid Sensor Abnormal
[A](2021-10-23  12:52:47 pm)[084] Work Tank Fluid Sensor Abnormal
[I](2021-10-23  12:54:21 pm)작업 재시작
[I](2021-10-23  12:55:57 pm)작업중 정지 [d:20][t:00:34:06]
[I](2021-10-23  12:55:57 pm)    [LNo:0003] 000079/000308
[I](2021-10-23  12:55:57 pm)작업중 M코드정지 [d:20][t:00:34:06]
[I](2021-10-23  12:56:01 pm)Reset
[I](2021-10-23  12:56:01 pm)Reset
[I](2021-10-23  12:56:08 pm)Reset
[I](2021-10-23  12:56:16 pm)작업 시작 [Start d:110]
[I](2021-10-23  12:56:16 pm)Nc File: [No.0003-369.NC]
[I](2021-10-23  12:56:16 pm)  * Start Machine Position
[I](2021-10-23  12:56:16 pm)    X:     95.6095
[I](2021-10-23  12:56:16 pm)    Y:   -363.1976
[I](2021-10-23  12:56:16 pm)    U:     -0.1098
[I](2021-10-23  12:56:16 pm)    V:      0.0207
[I](2021-10-23  12:56:16 pm)    Z:    110.3588
[I](2021-10-23  12:56:16 pm)  * Angle
[I](2021-10-23  12:56:16 pm)    Ar:     -0.4614,Kr:      0.0000
[I](2021-10-23  12:56:16 pm)    Taper_Ar:      0.0000
[I](2021-10-23  01:03:34 pm)작업중 정지 [d:7][t:00:07:18]
[I](2021-10-23  01:03:34 pm)    [LNo:0003] 000079/000308
[I](2021-10-23  01:03:34 pm)작업중 M코드정지 [d:7][t:00:07:18]
[I](2021-10-23  01:04:50 pm)작업중 정지 [d:7][t:00:08:34]
[I](2021-10-23  01:04:50 pm)    [LNo:0003] 000086/000308
[I](2021-10-23  01:04:51 pm)작업중 정지 [d:7][t:00:08:35]
[I](2021-10-23  01:04:51 pm)    [LNo:0003] 000088/000308
[I](2021-10-23  01:05:14 pm)작업중 정지 [d:7][t:00:08:58]
[I](2021-10-23  01:05:14 pm)    [LNo:0003] 000233/000308
[I](2021-10-23  03:07:40 pm)작업중 정지 [d:127][t:02:11:24]
[I](2021-10-23  03:07:40 pm)    [LNo:0003] 000262/000308
[I](2021-10-23  03:07:40 pm)Wire Contact Auto Stop(M52)
[I](2021-10-23  03:07:51 pm)작업 재시작
[I](2021-10-23  03:07:54 pm)작업중 정지 [d:127][t:02:11:38]
[I](2021-10-23  03:07:54 pm)    [LNo:0003] 000262/000308
[A](2021-10-23  03:09:56 pm)[084] Work Tank Fluid Sensor Abnormal
[A](2021-10-23  03:09:56 pm)[084] Work Tank Fluid Sensor Abnormal
[A](2021-10-23  03:09:56 pm)[084] Work Tank Fluid Sensor Abnormal
[A](2021-10-23  03:09:57 pm)[084] Work Tank Fluid Sensor Abnormal
[A](2021-10-23  03:09:57 pm)[084] Work Tank Fluid Sensor Abnormal
[A](2021-10-23  03:09:57 pm)[084] Work Tank Fluid Sensor Abnormal
[A](2021-10-23  03:09:58 pm)[084] Work Tank Fluid Sensor Abnormal
[A](2021-10-23  03:09:58 pm)[084] Work Tank Fluid Sensor Abnormal
[A](2021-10-23  03:09:58 pm)[084] Work Tank Fluid Sensor Abnormal
[A](2021-10-23  03:09:58 pm)[084] Work Tank Fluid Sensor Abnormal
[A](2021-10-23  03:09:59 pm)[084] Work Tank Fluid Sensor Abnormal
[A](2021-10-23  03:09:59 pm)[084] Work Tank Fluid Sensor Abnormal
[A](2021-10-23  03:09:59 pm)[084] Work Tank Fluid Sensor Abnormal
[A](2021-10-23  03:10:02 pm)[084] Work Tank Fluid Sensor Abnormal
[A](2021-10-23  03:10:02 pm)[084] Work Tank Fluid Sensor Abnormal
[A](2021-10-23  03:10:02 pm)[084] Work Tank Fluid Sensor Abnormal
[A](2021-10-23  03:10:03 pm)[084] Work Tank Fluid Sensor Abnormal
[A](2021-10-23  03:10:03 pm)[084] Work Tank Fluid Sensor Abnormal
[A](2021-10-23  03:10:03 pm)[084] Work Tank Fluid Sensor Abnormal
[A](2021-10-23  03:10:03 pm)[084] Work Tank Fluid Sensor Abnormal
[A](2021-10-23  03:10:03 pm)[084] Work Tank Fluid Sensor Abnormal
[A](2021-10-23  03:10:04 pm)[084] Work Tank Fluid Sensor Abnormal
[A](2021-10-23  03:10:04 pm)[084] Work Tank Fluid Sensor Abnormal
[A](2021-10-23  03:10:04 pm)[084] Work Tank Fluid Sensor Abnormal
[A](2021-10-23  03:10:04 pm)[084] Work Tank Fluid Sensor Abnormal
[A](2021-10-23  03:10:04 pm)[084] Work Tank Fluid Sensor Abnormal
[A](2021-10-23  03:10:05 pm)[084] Work Tank Fluid Sensor Abnormal
[A](2021-10-23  03:10:05 pm)[084] Work Tank Fluid Sensor Abnormal
[A](2021-10-23  03:10:05 pm)[084] Work Tank Fluid Sensor Abnormal
[A](2021-10-23  03:10:05 pm)[084] Work Tank Fluid Sensor Abnormal
[A](2021-10-23  03:10:06 pm)[084] Work Tank Fluid Sensor Abnormal
[A](2021-10-23  03:10:06 pm)[084] Work Tank Fluid Sensor Abnormal
[A](2021-10-23  03:10:06 pm)[084] Work Tank Fluid Sensor Abnormal
[A](2021-10-23  03:10:06 pm)[084] Work Tank Fluid Sensor Abnormal
[A](2021-10-23  03:10:06 pm)[084] Work Tank Fluid Sensor Abnormal
[A](2021-10-23  03:10:07 pm)[084] Work Tank Fluid Sensor Abnormal
[A](2021-10-23  03:10:07 pm)[084] Work Tank Fluid Sensor Abnormal
[A](2021-10-23  03:10:07 pm)[084] Work Tank Fluid Sensor Abnormal
[A](2021-10-23  03:10:07 pm)[084] Work Tank Fluid Sensor Abnormal
[A](2021-10-23  03:10:07 pm)[084] Work Tank Fluid Sensor Abnormal
[A](2021-10-23  03:10:08 pm)[084] Work Tank Fluid Sensor Abnormal
[A](2021-10-23  03:10:08 pm)[084] Work Tank Fluid Sensor Abnormal
[A](2021-10-23  03:10:08 pm)[084] Work Tank Fluid Sensor Abnormal
[A](2021-10-23  03:10:08 pm)[084] Work Tank Fluid Sensor Abnormal
[A](2021-10-23  03:10:09 pm)[084] Work Tank Fluid Sensor Abnormal
[A](2021-10-23  03:10:09 pm)[084] Work Tank Fluid Sensor Abnormal
[A](2021-10-23  03:10:09 pm)[084] Work Tank Fluid Sensor Abnormal
[A](2021-10-23  03:10:09 pm)[084] Work Tank Fluid Sensor Abnormal
[A](2021-10-23  03:10:10 pm)[084] Work Tank Fluid Sensor Abnormal
[A](2021-10-23  03:10:10 pm)[084] Work Tank Fluid Sensor Abnormal
[A](2021-10-23  03:10:10 pm)[084] Work Tank Fluid Sensor Abnormal
[A](2021-10-23  03:10:10 pm)[084] Work Tank Fluid Sensor Abnormal
[A](2021-10-23  03:10:10 pm)[084] Work Tank Fluid Sensor Abnormal
[A](2021-10-23  03:10:11 pm)[084] Work Tank Fluid Sensor Abnormal
[A](2021-10-23  03:10:11 pm)[084] Work Tank Fluid Sensor Abnormal
[A](2021-10-23  03:10:11 pm)[084] Work Tank Fluid Sensor Abnormal
[A](2021-10-23  03:10:11 pm)[084] Work Tank Fluid Sensor Abnormal
[A](2021-10-23  03:10:12 pm)[084] Work Tank Fluid Sensor Abnormal
[A](2021-10-23  03:10:12 pm)[084] Work Tank Fluid Sensor Abnormal
[A](2021-10-23  03:10:12 pm)[084] Work Tank Fluid Sensor Abnormal
[A](2021-10-23  03:10:12 pm)[084] Work Tank Fluid Sensor Abnormal
[A](2021-10-23  03:10:13 pm)[084] Work Tank Fluid Sensor Abnormal
[A](2021-10-23  03:10:13 pm)[084] Work Tank Fluid Sensor Abnormal
[A](2021-10-23  03:10:13 pm)[084] Work Tank Fluid Sensor Abnormal
[A](2021-10-23  03:10:13 pm)[084] Work Tank Fluid Sensor Abnormal
[A](2021-10-23  03:10:14 pm)[084] Work Tank Fluid Sensor Abnormal
[A](2021-10-23  03:10:14 pm)[084] Work Tank Fluid Sensor Abnormal
[A](2021-10-23  03:10:14 pm)[084] Work Tank Fluid Sensor Abnormal
[A](2021-10-23  03:10:14 pm)[084] Work Tank Fluid Sensor Abnormal
[A](2021-10-23  03:10:15 pm)[084] Work Tank Fluid Sensor Abnormal
[A](2021-10-23  03:10:15 pm)[084] Work Tank Fluid Sensor Abnormal
[A](2021-10-23  03:10:15 pm)[084] Work Tank Fluid Sensor Abnormal
[A](2021-10-23  03:10:15 pm)[084] Work Tank Fluid Sensor Abnormal
[A](2021-10-23  03:10:16 pm)[084] Work Tank Fluid Sensor Abnormal
[A](2021-10-23  03:11:02 pm)[037] 자동결선 잔여 WIRE 처리 실패!!
[I](2021-10-23  03:14:55 pm)Reset
[I](2021-10-23  03:15:08 pm)작업 시작 [Start d:237]
[I](2021-10-23  03:15:08 pm)Nc File: [No.0003-369.NC]
[I](2021-10-23  03:15:08 pm)  * Start Machine Position
[I](2021-10-23  03:15:08 pm)    X:     16.6121
[I](2021-10-23  03:15:08 pm)    Y:   -362.5615
[I](2021-10-23  03:15:08 pm)    U:     -0.1098
[I](2021-10-23  03:15:08 pm)    V:      0.0207
[I](2021-10-23  03:15:08 pm)    Z:    110.3588
[I](2021-10-23  03:15:08 pm)  * Angle
[I](2021-10-23  03:15:08 pm)    Ar:     -0.4614,Kr:      0.0000
[I](2021-10-23  03:15:08 pm)    Taper_Ar:      0.0000
[I](2021-10-23  03:17:35 pm)작업중 정지 [d:2][t:00:02:26]
[I](2021-10-23  03:17:35 pm)    [LNo:0003] 000279/000308
[A](2021-10-23  03:17:54 pm)[084] Work Tank Fluid Sensor Abnormal
[A](2021-10-23  03:17:55 pm)[084] Work Tank Fluid Sensor Abnormal
[A](2021-10-23  03:17:55 pm)[084] Work Tank Fluid Sensor Abnormal
[A](2021-10-23  03:17:56 pm)[084] Work Tank Fluid Sensor Abnormal
[A](2021-10-23  03:17:56 pm)[084] Work Tank Fluid Sensor Abnormal
[A](2021-10-23  03:17:56 pm)[084] Work Tank Fluid Sensor Abnormal
[A](2021-10-23  03:17:56 pm)[084] Work Tank Fluid Sensor Abnormal
[A](2021-10-23  03:17:56 pm)[084] Work Tank Fluid Sensor Abnormal
[A](2021-10-23  03:17:57 pm)[084] Work Tank Fluid Sensor Abnormal
[A](2021-10-23  03:17:57 pm)[084] Work Tank Fluid Sensor Abnormal
[A](2021-10-23  03:17:57 pm)[084] Work Tank Fluid Sensor Abnormal
[A](2021-10-23  03:17:57 pm)[084] Work Tank Fluid Sensor Abnormal
[A](2021-10-23  03:17:58 pm)[084] Work Tank Fluid Sensor Abnormal
[A](2021-10-23  03:17:58 pm)[084] Work Tank Fluid Sensor Abnormal
[A](2021-10-23  03:17:58 pm)[084] Work Tank Fluid Sensor Abnormal
[A](2021-10-23  03:17:58 pm)[084] Work Tank Fluid Sensor Abnormal
[A](2021-10-23  03:17:59 pm)[084] Work Tank Fluid Sensor Abnormal
[A](2021-10-23  03:17:59 pm)[084] Work Tank Fluid Sensor Abnormal
[A](2021-10-23  03:17:59 pm)[084] Work Tank Fluid Sensor Abnormal
[A](2021-10-23  03:17:59 pm)[084] Work Tank Fluid Sensor Abnormal
[A](2021-10-23  03:18:00 pm)[084] Work Tank Fluid Sensor Abnormal
[A](2021-10-23  03:18:00 pm)[084] Work Tank Fluid Sensor Abnormal
[A](2021-10-23  03:18:00 pm)[084] Work Tank Fluid Sensor Abnormal
[A](2021-10-23  03:18:00 pm)[084] Work Tank Fluid Sensor Abnormal
[A](2021-10-23  03:18:01 pm)[084] Work Tank Fluid Sensor Abnormal
[A](2021-10-23  03:18:01 pm)[084] Work Tank Fluid Sensor Abnormal
[A](2021-10-23  03:18:01 pm)[084] Work Tank Fluid Sensor Abnormal
[A](2021-10-23  03:18:02 pm)[084] Work Tank Fluid Sensor Abnormal
[A](2021-10-23  03:18:02 pm)[084] Work Tank Fluid Sensor Abnormal
[A](2021-10-23  03:18:02 pm)[084] Work Tank Fluid Sensor Abnormal
[A](2021-10-23  03:18:02 pm)[084] Work Tank Fluid Sensor Abnormal
[A](2021-10-23  03:18:03 pm)[084] Work Tank Fluid Sensor Abnormal
[A](2021-10-23  03:18:03 pm)[084] Work Tank Fluid Sensor Abnormal
[A](2021-10-23  03:18:03 pm)[084] Work Tank Fluid Sensor Abnormal
[A](2021-10-23  03:18:03 pm)[084] Work Tank Fluid Sensor Abnormal
[A](2021-10-23  03:18:04 pm)[084] Work Tank Fluid Sensor Abnormal
[A](2021-10-23  03:18:04 pm)[084] Work Tank Fluid Sensor Abnormal
[A](2021-10-23  03:18:04 pm)[084] Work Tank Fluid Sensor Abnormal
[A](2021-10-23  03:18:05 pm)[084] Work Tank Fluid Sensor Abnormal
[A](2021-10-23  03:18:05 pm)[084] Work Tank Fluid Sensor Abnormal
[A](2021-10-23  03:18:05 pm)[084] Work Tank Fluid Sensor Abnormal
[A](2021-10-23  03:18:05 pm)[084] Work Tank Fluid Sensor Abnormal
[A](2021-10-23  03:18:06 pm)[084] Work Tank Fluid Sensor Abnormal
[A](2021-10-23  03:18:06 pm)[084] Work Tank Fluid Sensor Abnormal
[A](2021-10-23  03:18:06 pm)[084] Work Tank Fluid Sensor Abnormal
[A](2021-10-23  03:18:06 pm)[084] Work Tank Fluid Sensor Abnormal
[A](2021-10-23  03:18:07 pm)[084] Work Tank Fluid Sensor Abnormal
[A](2021-10-23  03:18:07 pm)[084] Work Tank Fluid Sensor Abnormal
[A](2021-10-23  03:18:07 pm)[084] Work Tank Fluid Sensor Abnormal
[A](2021-10-23  03:18:08 pm)[084] Work Tank Fluid Sensor Abnormal
[I](2021-10-23  03:19:47 pm)Reset
[I](2021-10-23  03:19:54 pm)작업 시작 [Start d:239]
[I](2021-10-23  03:19:54 pm)Nc File: [No.0003-369.NC]
[I](2021-10-23  03:19:54 pm)  * Start Machine Position
[I](2021-10-23  03:19:54 pm)    X:     16.6121
[I](2021-10-23  03:19:54 pm)    Y:   -362.5615
[I](2021-10-23  03:19:54 pm)    U:     -0.1098
[I](2021-10-23  03:19:54 pm)    V:      0.0207
[I](2021-10-23  03:19:54 pm)    Z:    110.3588
[I](2021-10-23  03:19:54 pm)  * Angle
[I](2021-10-23  03:19:54 pm)    Ar:     -0.4614,Kr:      0.0000
[I](2021-10-23  03:19:54 pm)    Taper_Ar:      0.0000
[I](2021-10-23  03:30:30 pm)작업중 정지 [d:10][t:00:10:35]
[I](2021-10-23  03:30:30 pm)    [LNo:0003] 000300/000308
[I](2021-10-23  03:30:30 pm)작업중 M코드정지 [d:10][t:00:10:35]
[A](2021-10-23  03:31:03 pm)[037] 자동결선 잔여 WIRE 처리 실패!!
[I](2021-10-23  03:33:03 pm)Reset
[I](2021-10-23  03:33:14 pm)작업 시작 [Start d:249]
[I](2021-10-23  03:33:14 pm)Nc File: [No.0003-369.NC]
[I](2021-10-23  03:33:14 pm)  * Start Machine Position
[I](2021-10-23  03:33:14 pm)    X:    131.2474
[I](2021-10-23  03:33:14 pm)    Y:   -327.5835
[I](2021-10-23  03:33:14 pm)    U:     -0.1098
[I](2021-10-23  03:33:14 pm)    V:      0.0207
[I](2021-10-23  03:33:14 pm)    Z:    110.3588
[I](2021-10-23  03:33:14 pm)  * Angle
[I](2021-10-23  03:33:14 pm)    Ar:     -0.4614,Kr:      0.0000
[I](2021-10-23  03:33:14 pm)    Taper_Ar:      0.0000
[I](2021-10-23  05:29:26 pm)작업중 정지 [d:115][t:01:56:12]
[I](2021-10-23  05:29:26 pm)    [LNo:0003] 000116/000308
[I](2021-10-23  05:29:26 pm)작업중 30sec 접촉 정지 [d:115][t:01:56:12]
[I](2021-10-23  05:33:25 pm)작업 재시작
[I](2021-10-23  05:33:31 pm)작업중 정지 [d:115][t:02:00:16]
[I](2021-10-23  05:33:31 pm)    [LNo:0003] 000116/000308
[A](2021-10-23  05:33:31 pm)[008] 작업중 단선(AWF Feed Motor Stop )
[I](2021-10-23  05:33:31 pm)작업중 Wire 단선 [d:115][t:02:00:16]
[I](2021-10-23  05:33:57 pm)작업 재시작
[I](2021-10-23  05:44:14 pm)작업중 정지 [d:125][t:02:10:59]
[I](2021-10-23  05:44:14 pm)    [LNo:0003] 000153/000308
[I](2021-10-23  05:44:14 pm)작업중 M코드정지 [d:125][t:02:10:59]
[I](2021-10-23  07:42:20 pm)작업중 정지 [d:241][t:04:09:05]
[I](2021-10-23  07:42:20 pm)    [LNo:0003] 000189/000308
[I](2021-10-23  07:42:20 pm)작업중 M코드정지 [d:241][t:04:09:05]
