[I](2021-07-18  12:55:43 am)작업중 정지 [d:-650][t:08:30:01]
[I](2021-07-18  12:55:43 am)    [LNo:0001] 000510/001529
[A](2021-07-18  12:55:43 am)[008] 작업중 단선(AWF Feed Motor Stop )
[I](2021-07-18  12:55:43 am)작업중 Wire 단선 [d:-650][t:08:30:01]
[I](2021-07-18  12:57:01 am)작업 재시작
[I](2021-07-18  03:01:13 am)작업중 정지 [d:-527][t:10:35:31]
[I](2021-07-18  03:01:13 am)    [LNo:0001] 000631/001529
[A](2021-07-18  03:01:13 am)[008] 작업중 단선(AWF Feed Motor Stop )
[I](2021-07-18  03:01:13 am)작업중 Wire 단선 [d:-527][t:10:35:31]
[I](2021-07-18  03:03:15 am)작업 재시작
[I](2021-07-18  01:05:31 pm)작업중 정지 [d:70][t:20:39:48]
[I](2021-07-18  01:05:31 pm)    [LNo:0001] 001132/001529
[I](2021-07-18  01:05:31 pm)작업중 M코드정지 [d:70][t:20:39:48]
[I](2021-07-18  01:27:51 pm)작업중 정지 [d:90][t:21:02:09]
[I](2021-07-18  01:27:51 pm)    [LNo:0001] 001208/001529
[I](2021-07-18  01:27:51 pm)작업중 30sec 접촉 정지 [d:90][t:21:02:09]
[I](2021-07-18  01:28:11 pm)작업 재시작
[I](2021-07-18  01:51:49 pm)작업중 정지 [d:111][t:21:26:07]
[I](2021-07-18  01:51:49 pm)    [LNo:0001] 001303/001529
[I](2021-07-18  01:51:49 pm)작업중 M코드정지 [d:111][t:21:26:07]
[I](2021-07-18  01:53:36 pm)작업중 정지 [d:113][t:21:27:54]
[I](2021-07-18  01:53:36 pm)    [LNo:0001] 001316/001529
[A](2021-07-18  01:53:36 pm)[008] 작업중 단선(AWF Feed Motor Stop )
[I](2021-07-18  01:53:36 pm)작업중 Wire 단선 [d:113][t:21:27:54]
[I](2021-07-18  01:54:49 pm)작업 재시작
[I](2021-07-18  02:04:53 pm)작업중 정지 [d:123][t:21:39:11]
[I](2021-07-18  02:04:53 pm)    [LNo:0001] 001317/001529
[I](2021-07-18  02:04:53 pm)작업중 M코드정지 [d:123][t:21:39:11]
[I](2021-07-18  02:05:36 pm)작업중 정지 [d:124][t:21:39:54]
[I](2021-07-18  02:05:36 pm)    [LNo:0001] 001318/001529
[I](2021-07-18  02:06:15 pm)작업 재시작
[I](2021-07-18  02:06:18 pm)작업중 정지 [d:124][t:21:40:36]
[I](2021-07-18  02:06:18 pm)    [LNo:0001] 001319/001529
[I](2021-07-18  02:06:18 pm)작업중 M코드정지 [d:124][t:21:40:36]
[I](2021-07-18  02:09:16 pm)작업중 정지 [d:125][t:21:43:33]
[I](2021-07-18  02:09:16 pm)    [LNo:0001] 001338/001529
[A](2021-07-18  02:09:16 pm)[008] 작업중 단선(AWF Feed Motor Stop )
[I](2021-07-18  02:09:16 pm)작업중 Wire 단선 [d:125][t:21:43:33]
[I](2021-07-18  02:10:30 pm)작업 재시작
[I](2021-07-18  02:21:54 pm)작업중 정지 [d:136][t:21:56:11]
[I](2021-07-18  02:21:54 pm)    [LNo:0001] 001339/001529
[I](2021-07-18  02:21:54 pm)작업중 M코드정지 [d:136][t:21:56:11]
[I](2021-07-18  02:22:32 pm)작업중 정지 [d:137][t:21:56:50]
[I](2021-07-18  02:22:32 pm)    [LNo:0001] 001340/001529
[I](2021-07-18  02:23:13 pm)작업 재시작
[I](2021-07-18  02:23:17 pm)작업중 정지 [d:137][t:21:57:34]
[I](2021-07-18  02:23:17 pm)    [LNo:0001] 001341/001529
[I](2021-07-18  02:23:17 pm)작업중 M코드정지 [d:137][t:21:57:34]
[I](2021-07-18  02:37:18 pm)작업중 정지 [d:149][t:22:11:36]
[I](2021-07-18  02:37:18 pm)    [LNo:0001] 001361/001529
[I](2021-07-18  02:37:18 pm)작업중 M코드정지 [d:149][t:22:11:36]
[I](2021-07-18  02:38:26 pm)작업중 정지 [d:150][t:22:12:43]
[I](2021-07-18  02:38:26 pm)    [LNo:0001] 001362/001529
[I](2021-07-18  02:39:03 pm)작업 재시작
[I](2021-07-18  02:39:06 pm)작업중 정지 [d:150][t:22:13:24]
[I](2021-07-18  02:39:06 pm)    [LNo:0001] 001363/001529
[I](2021-07-18  02:39:06 pm)작업중 M코드정지 [d:150][t:22:13:24]
[I](2021-07-18  02:54:39 pm)작업중 정지 [d:163][t:22:28:57]
[I](2021-07-18  02:54:39 pm)    [LNo:0001] 001383/001529
[I](2021-07-18  02:54:39 pm)작업중 M코드정지 [d:163][t:22:28:57]
[I](2021-07-18  03:02:34 pm)작업중 정지 [d:164][t:22:36:52]
[I](2021-07-18  03:02:34 pm)    [LNo:0001] 001384/001529
[I](2021-07-18  03:03:09 pm)작업 재시작
[I](2021-07-18  03:03:12 pm)작업중 정지 [d:164][t:22:37:30]
[I](2021-07-18  03:03:12 pm)    [LNo:0001] 001385/001529
[I](2021-07-18  03:03:12 pm)작업중 M코드정지 [d:164][t:22:37:30]
[I](2021-07-18  03:17:18 pm)작업중 정지 [d:176][t:22:51:36]
[I](2021-07-18  03:17:18 pm)    [LNo:0001] 001405/001529
[I](2021-07-18  03:17:18 pm)작업중 M코드정지 [d:176][t:22:51:36]
[I](2021-07-18  03:22:41 pm)작업중 정지 [d:177][t:22:56:59]
[I](2021-07-18  03:22:41 pm)    [LNo:0001] 001406/001529
[I](2021-07-18  03:23:16 pm)작업 재시작
[I](2021-07-18  03:23:19 pm)작업중 정지 [d:177][t:22:57:36]
[I](2021-07-18  03:23:19 pm)    [LNo:0001] 001407/001529
[I](2021-07-18  03:23:19 pm)작업중 M코드정지 [d:177][t:22:57:37]
[I](2021-07-18  03:37:22 pm)작업중 정지 [d:189][t:23:11:39]
[I](2021-07-18  03:37:22 pm)    [LNo:0001] 001427/001529
[I](2021-07-18  03:37:22 pm)작업중 M코드정지 [d:189][t:23:11:39]
[I](2021-07-18  03:41:56 pm)작업중 정지 [d:189][t:23:16:14]
[I](2021-07-18  03:41:56 pm)    [LNo:0001] 001428/001529
[I](2021-07-18  03:42:38 pm)작업 재시작
[I](2021-07-18  03:42:40 pm)작업중 정지 [d:189][t:23:16:58]
[I](2021-07-18  03:42:40 pm)    [LNo:0001] 001429/001529
[I](2021-07-18  03:42:40 pm)작업중 M코드정지 [d:189][t:23:16:58]
[I](2021-07-18  03:55:47 pm)작업중 정지 [d:200][t:23:30:05]
[I](2021-07-18  03:55:47 pm)    [LNo:0001] 001449/001529
[I](2021-07-18  03:55:47 pm)작업중 M코드정지 [d:200][t:23:30:05]
[I](2021-07-18  03:56:57 pm)작업중 정지 [d:200][t:23:31:15]
[I](2021-07-18  03:56:57 pm)    [LNo:0001] 001450/001529
[I](2021-07-18  03:57:32 pm)작업 재시작
[I](2021-07-18  03:57:36 pm)작업중 정지 [d:200][t:23:31:54]
[I](2021-07-18  03:57:36 pm)    [LNo:0001] 001451/001529
[I](2021-07-18  03:57:36 pm)작업중 M코드정지 [d:200][t:23:31:54]
[I](2021-07-18  04:29:53 pm)작업중 정지 [d:231][t:00:04:10]
[I](2021-07-18  04:29:53 pm)    [LNo:0001] 001477/001529
[I](2021-07-18  04:29:53 pm)작업중 M코드정지 [d:231][t:00:04:10]
[I](2021-07-18  04:30:35 pm)작업중 정지 [d:232][t:00:04:52]
[I](2021-07-18  04:30:35 pm)    [LNo:0001] 001478/001529
[I](2021-07-18  04:31:09 pm)작업 재시작
[I](2021-07-18  04:31:12 pm)작업중 정지 [d:232][t:00:05:30]
[I](2021-07-18  04:31:12 pm)    [LNo:0001] 001479/001529
[I](2021-07-18  04:31:12 pm)작업중 M코드정지 [d:232][t:00:05:30]
[I](2021-07-18  04:34:31 pm)작업중 정지 [d:235][t:00:08:48]
[I](2021-07-18  04:34:31 pm)    [LNo:0001] 001498/001529
[I](2021-07-18  04:34:31 pm)Wire Contact Auto Stop(M52)
[I](2021-07-18  04:34:46 pm)작업 재시작
[I](2021-07-18  04:35:05 pm)작업중 정지 [d:235][t:00:09:23]
[I](2021-07-18  04:35:05 pm)    [LNo:0001] 001499/001529
[I](2021-07-18  04:35:06 pm)작업중 M코드정지 [d:235][t:00:09:23]
[I](2021-07-18  04:54:25 pm)작업중 정지 [d:253][t:00:28:43]
[I](2021-07-18  04:54:25 pm)    [LNo:0001] 001518/001529
[I](2021-07-18  04:54:25 pm)Wire Contact Auto Stop(M52)
[I](2021-07-18  04:55:32 pm)작업 재시작
[I](2021-07-18  04:55:39 pm)작업중 정지 [d:253][t:00:29:57]
[I](2021-07-18  04:55:39 pm)    [LNo:0001] 001519/001529
[I](2021-07-18  04:55:39 pm)작업중 M코드정지 [d:253][t:00:29:57]
[I](2021-07-18  05:03:25 pm)Reset
[I](2021-07-18  05:03:25 pm)Reset
[I](2021-07-18  05:03:56 pm)Reset
[I](2021-07-18  05:05:00 pm)Reset
[I](2021-07-18  05:06:24 pm)Reset
[I](2021-07-18  05:06:24 pm)Reset
[I](2021-07-18  05:06:28 pm)작업 시작 [Start d:0]
[I](2021-07-18  05:06:28 pm)Nc File: [No.0002-580.NC]
[I](2021-07-18  05:06:28 pm)  * Start Machine Position
[I](2021-07-18  05:06:28 pm)    X:    208.8562
[I](2021-07-18  05:06:28 pm)    Y:   -276.2078
[I](2021-07-18  05:06:28 pm)    U:      0.0000
[I](2021-07-18  05:06:28 pm)    V:      0.0000
[I](2021-07-18  05:06:28 pm)    Z:     61.5004
[I](2021-07-18  05:06:28 pm)  * Angle
[I](2021-07-18  05:06:28 pm)    Ar:      0.1107,Kr:      0.0000
[I](2021-07-18  05:06:28 pm)    Taper_Ar:      0.0000
[I](2021-07-18  05:06:29 pm)작업중 정지 [d:0][t:00:00:01]
[I](2021-07-18  05:06:29 pm)    [LNo:0002] 000009/000036
[I](2021-07-18  05:06:31 pm)작업 재시작
[I](2021-07-18  05:06:44 pm)작업중 정지 [d:0][t:00:00:15]
[I](2021-07-18  05:06:44 pm)    [LNo:0002] 000010/000036
[I](2021-07-18  05:06:44 pm)작업중 M코드정지 [d:0][t:00:00:16]
[I](2021-07-18  05:07:00 pm)작업중 정지 [d:0][t:00:00:32]
[I](2021-07-18  05:07:00 pm)    [LNo:0002] 000021/000036
[I](2021-07-18  05:07:00 pm)작업중 Single Block Stop [d:0][t:00:00:32]
[I](2021-07-18  05:14:24 pm)Reset
[I](2021-07-18  05:14:24 pm)Reset
[I](2021-07-18  05:14:32 pm)Reset
[I](2021-07-18  05:14:37 pm)Reset
[I](2021-07-18  05:14:37 pm)Reset
[I](2021-07-18  05:15:46 pm)Reset
[I](2021-07-18  05:15:46 pm)Reset
[I](2021-07-18  05:16:45 pm)Reset
[I](2021-07-18  05:16:45 pm)Reset
[I](2021-07-18  05:16:51 pm)Reset
[I](2021-07-18  05:16:52 pm)Reset
[I](2021-07-18  05:17:52 pm)Reset
[I](2021-07-18  05:17:53 pm)Reset
[I](2021-07-18  05:19:25 pm)Reset
[I](2021-07-18  05:19:25 pm)Reset
[I](2021-07-18  05:19:29 pm)Reset
[I](2021-07-18  05:26:58 pm)Reset
[I](2021-07-18  05:26:59 pm)Reset
[I](2021-07-18  05:27:28 pm)Reset
[I](2021-07-18  05:28:14 pm)Reset
[I](2021-07-18  05:28:14 pm)Reset
[I](2021-07-18  05:28:46 pm)Reset
[I](2021-07-18  05:29:34 pm)Reset
[I](2021-07-18  05:29:41 pm)Reset
[I](2021-07-18  05:29:41 pm)Reset
[I](2021-07-18  05:30:27 pm)작업 시작 [Start d:0]
[I](2021-07-18  05:30:27 pm)Nc File: [No.0002-580.NC]
[I](2021-07-18  05:30:27 pm)  * Start Machine Position
[I](2021-07-18  05:30:27 pm)    X:     79.4735
[I](2021-07-18  05:30:27 pm)    Y:   -352.8848
[I](2021-07-18  05:30:27 pm)    U:      0.0000
[I](2021-07-18  05:30:27 pm)    V:      0.0000
[I](2021-07-18  05:30:27 pm)    Z:     62.0129
[I](2021-07-18  05:30:27 pm)  * Angle
[I](2021-07-18  05:30:27 pm)    Ar:      0.1686,Kr:      0.0000
[I](2021-07-18  05:30:27 pm)    Taper_Ar:      0.0000
[I](2021-07-18  05:30:27 pm)작업중 정지 [d:0][t:00:00:00]
[I](2021-07-18  05:30:27 pm)    [LNo:0002] 000005/000036
[I](2021-07-18  05:30:27 pm)작업중 Single Block Stop [d:0][t:00:00:00]
[I](2021-07-18  05:31:29 pm)Reset
[I](2021-07-18  05:31:30 pm)Reset
[I](2021-07-18  05:31:38 pm)Reset
[I](2021-07-18  05:31:47 pm)작업 시작 [Start d:0]
[I](2021-07-18  05:31:47 pm)Nc File: [No.0002-580.NC]
[I](2021-07-18  05:31:47 pm)  * Start Machine Position
[I](2021-07-18  05:31:47 pm)    X:     79.4735
[I](2021-07-18  05:31:47 pm)    Y:   -352.8848
[I](2021-07-18  05:31:47 pm)    U:      0.0000
[I](2021-07-18  05:31:47 pm)    V:      0.0000
[I](2021-07-18  05:31:47 pm)    Z:     62.0129
[I](2021-07-18  05:31:47 pm)  * Angle
[I](2021-07-18  05:31:47 pm)    Ar:      0.1686,Kr:      0.0000
[I](2021-07-18  05:31:47 pm)    Taper_Ar:      0.0000
[I](2021-07-18  05:31:50 pm)작업중 정지 [d:0][t:00:00:03]
[I](2021-07-18  05:31:50 pm)    [LNo:0002] 000010/000036
[I](2021-07-18  05:31:50 pm)작업중 M코드정지 [d:0][t:00:00:03]
[I](2021-07-18  05:34:52 pm)작업중 정지 [d:3][t:00:03:05]
[I](2021-07-18  05:34:52 pm)    [LNo:0002] 000023/000036
[I](2021-07-18  05:36:11 pm)작업 재시작
[I](2021-07-18  05:38:00 pm)작업중 정지 [d:5][t:00:06:13]
[I](2021-07-18  05:38:00 pm)    [LNo:0002] 000023/000036
[A](2021-07-18  05:38:00 pm)[008] 작업중 단선(AWF Feed Motor Stop )
[I](2021-07-18  05:38:00 pm)작업중 Wire 단선 [d:5][t:00:06:13]
[A](2021-07-18  05:40:15 pm)[038] 자동결선 FEED MOTOR ALARM !!
[I](2021-07-18  05:57:18 pm)작업중 정지 [d:5][t:00:25:31]
[I](2021-07-18  05:57:18 pm)    [LNo:0002] 000012/000036
