[I](2021-07-21  12:22:42 am)작업중 정지 [d:264][t:04:31:17]
[I](2021-07-21  12:22:42 am)    [LNo:0008] 000216/000756
[I](2021-07-21  12:22:43 am)작업중 30sec 접촉 정지 [d:264][t:04:31:17]
[I](2021-07-21  08:00:33 am)작업 재시작
[I](2021-07-21  10:15:33 am)작업중 정지 [d:392][t:14:24:08]
[I](2021-07-21  10:15:33 am)    [LNo:0008] 000500/000756
[I](2021-07-21  10:15:33 am)작업중 M코드정지 [d:392][t:14:24:08]
[A](2021-07-21  10:18:35 am)[036] 자동결선 절단 공정 실패!!
[I](2021-07-21  10:19:31 am)작업중 정지 [d:392][t:14:28:06]
[I](2021-07-21  10:19:31 am)    [LNo:0008] 000505/000756
[I](2021-07-21  10:19:31 am)작업중 M코드정지 [d:392][t:14:28:06]
[I](2021-07-21  10:22:28 am)작업중 정지 [d:395][t:14:31:02]
[I](2021-07-21  10:22:28 am)    [LNo:0008] 000518/000756
[I](2021-07-21  10:22:28 am)작업중 M코드정지 [d:395][t:14:31:02]
[I](2021-07-21  10:23:34 am)작업중 정지 [d:395][t:14:32:09]
[I](2021-07-21  10:23:34 am)    [LNo:0008] 000519/000756
[I](2021-07-21  10:24:03 am)작업 재시작
[I](2021-07-21  10:24:07 am)작업중 정지 [d:395][t:14:32:41]
[I](2021-07-21  10:24:07 am)    [LNo:0008] 000519/000756
[A](2021-07-21  10:24:07 am)[001] 와이어 미동작
[I](2021-07-21  10:24:10 am)작업 재시작
[I](2021-07-21  10:24:10 am)작업중 정지 [d:395][t:14:32:45]
[I](2021-07-21  10:24:10 am)    [LNo:0008] 000519/000756
[I](2021-07-21  10:24:10 am)Wire Contact Auto Stop(M52)
[I](2021-07-21  10:24:11 am)작업 재시작
[I](2021-07-21  10:24:13 am)작업중 정지 [d:395][t:14:32:47]
[I](2021-07-21  10:24:13 am)    [LNo:0008] 000519/000756
[A](2021-07-21  10:24:15 am)[002] 가공액 미동작
[I](2021-07-21  10:24:16 am)작업 재시작
[I](2021-07-21  10:27:56 am)작업중 정지 [d:397][t:14:36:30]
[I](2021-07-21  10:27:56 am)    [LNo:0008] 000539/000756
[I](2021-07-21  10:27:56 am)작업중 M코드정지 [d:397][t:14:36:30]
[I](2021-07-21  10:28:29 am)작업중 정지 [d:397][t:14:37:04]
[I](2021-07-21  10:28:29 am)    [LNo:0008] 000543/000756
[A](2021-07-21  10:30:05 am)[032] 자동결선 상부 센서 WIRE CONTACT!!
[I](2021-07-21  10:30:05 am)작업중 정지 [d:397][t:14:38:40]
[I](2021-07-21  10:30:05 am)    [LNo:0008] 000547/000756
[A](2021-07-21  10:31:14 am)[037] 자동결선 잔여 WIRE 처리 실패!!
[A](2021-07-21  10:31:38 am)[002] 가공액 미동작
[I](2021-07-21  10:34:05 am)작업중 정지 [d:399][t:14:42:39]
[I](2021-07-21  10:34:05 am)    [LNo:0008] 000560/000756
[I](2021-07-21  10:34:05 am)작업중 M코드정지 [d:399][t:14:42:39]
[I](2021-07-21  10:35:21 am)작업중 정지 [d:399][t:14:43:56]
[I](2021-07-21  10:35:21 am)    [LNo:0008] 000561/000756
[I](2021-07-21  10:35:41 am)작업 재시작
[I](2021-07-21  10:35:41 am)작업중 정지 [d:399][t:14:44:16]
[I](2021-07-21  10:35:41 am)    [LNo:0008] 000561/000756
[I](2021-07-21  10:35:41 am)Wire Contact Auto Stop(M52)
[I](2021-07-21  10:35:48 am)작업 재시작
[I](2021-07-21  10:39:19 am)작업중 정지 [d:402][t:14:47:54]
[I](2021-07-21  10:39:19 am)    [LNo:0008] 000581/000756
[I](2021-07-21  10:39:19 am)작업중 M코드정지 [d:402][t:14:47:54]
[A](2021-07-21  10:39:22 am)[002] 가공액 미동작
[I](2021-07-21  10:39:36 am)작업중 정지 [d:402][t:14:48:10]
[I](2021-07-21  10:39:36 am)    [LNo:0008] 000582/000756
[I](2021-07-21  10:39:36 am)Wire Contact Auto Stop(M52)
[I](2021-07-21  10:39:59 am)작업 재시작
[I](2021-07-21  10:43:33 am)작업중 정지 [d:404][t:14:52:07]
[I](2021-07-21  10:43:33 am)    [LNo:0008] 000602/000756
[I](2021-07-21  10:43:33 am)작업중 M코드정지 [d:404][t:14:52:07]
[I](2021-07-21  10:44:01 am)작업중 정지 [d:404][t:14:52:35]
[I](2021-07-21  10:44:01 am)    [LNo:0008] 000606/000756
[I](2021-07-21  10:48:44 am)작업중 정지 [d:406][t:14:57:18]
[I](2021-07-21  10:48:44 am)    [LNo:0008] 000623/000756
[I](2021-07-21  10:48:44 am)작업중 M코드정지 [d:406][t:14:57:18]
[I](2021-07-21  10:49:58 am)작업중 정지 [d:406][t:14:58:33]
[I](2021-07-21  10:49:58 am)    [LNo:0008] 000624/000756
[I](2021-07-21  10:50:20 am)작업 재시작
[I](2021-07-21  10:51:29 am)작업중 정지 [d:406][t:15:00:04]
[I](2021-07-21  10:51:29 am)    [LNo:0008] 000632/000756
[I](2021-07-21  10:51:29 am)작업중 M코드정지 [d:406][t:15:00:04]
[I](2021-07-21  10:55:02 am)작업중 정지 [d:409][t:15:03:36]
[I](2021-07-21  10:55:02 am)    [LNo:0008] 000648/000756
[I](2021-07-21  10:55:02 am)작업중 M코드정지 [d:409][t:15:03:36]
[I](2021-07-21  10:55:10 am)작업중 정지 [d:410][t:15:03:45]
[I](2021-07-21  10:55:10 am)    [LNo:0008] 000649/000756
[I](2021-07-21  10:55:10 am)Wire Contact Auto Stop(M52)
[I](2021-07-21  10:55:30 am)작업 재시작
[I](2021-07-21  10:55:36 am)작업중 정지 [d:410][t:15:04:11]
[I](2021-07-21  10:55:36 am)    [LNo:0008] 000650/000756
[I](2021-07-21  10:55:36 am)작업중 M코드정지 [d:410][t:15:04:11]
[I](2021-07-21  10:59:51 am)작업중 정지 [d:413][t:15:08:26]
[I](2021-07-21  10:59:51 am)    [LNo:0008] 000672/000756
[I](2021-07-21  10:59:51 am)작업중 M코드정지 [d:413][t:15:08:26]
[I](2021-07-21  11:00:08 am)작업중 정지 [d:413][t:15:08:43]
[I](2021-07-21  11:00:08 am)    [LNo:0008] 000673/000756
[I](2021-07-21  11:00:08 am)Wire Contact Auto Stop(M52)
[I](2021-07-21  11:00:54 am)작업 재시작
[I](2021-07-21  11:00:56 am)작업중 정지 [d:413][t:15:09:30]
[I](2021-07-21  11:00:56 am)    [LNo:0008] 000674/000756
[I](2021-07-21  11:00:56 am)작업중 M코드정지 [d:413][t:15:09:30]
[I](2021-07-21  11:04:50 am)작업중 정지 [d:415][t:15:13:25]
[I](2021-07-21  11:04:50 am)    [LNo:0008] 000696/000756
[I](2021-07-21  11:04:50 am)작업중 M코드정지 [d:415][t:15:13:25]
[I](2021-07-21  11:05:11 am)작업중 정지 [d:416][t:15:13:46]
[I](2021-07-21  11:05:11 am)    [LNo:0008] 000697/000756
[I](2021-07-21  11:05:11 am)Wire Contact Auto Stop(M52)
[I](2021-07-21  11:05:45 am)작업 재시작
[I](2021-07-21  11:05:47 am)작업중 정지 [d:416][t:15:14:22]
[I](2021-07-21  11:05:47 am)    [LNo:0008] 000698/000756
[I](2021-07-21  11:05:48 am)작업중 M코드정지 [d:416][t:15:14:22]
[I](2021-07-21  11:09:44 am)작업중 정지 [d:419][t:15:18:19]
[I](2021-07-21  11:09:44 am)    [LNo:0008] 000720/000756
[I](2021-07-21  11:09:44 am)작업중 M코드정지 [d:419][t:15:18:19]
[I](2021-07-21  11:09:58 am)작업중 정지 [d:419][t:15:18:33]
[I](2021-07-21  11:09:58 am)    [LNo:0008] 000721/000756
[I](2021-07-21  11:09:59 am)Wire Contact Auto Stop(M52)
[I](2021-07-21  11:10:33 am)작업 재시작
[I](2021-07-21  11:10:35 am)작업중 정지 [d:419][t:15:19:10]
[I](2021-07-21  11:10:35 am)    [LNo:0008] 000722/000756
[I](2021-07-21  11:10:35 am)작업중 M코드정지 [d:419][t:15:19:10]
[I](2021-07-21  11:14:33 am)작업중 정지 [d:422][t:15:23:08]
[I](2021-07-21  11:14:33 am)    [LNo:0008] 000744/000756
[I](2021-07-21  11:14:33 am)작업중 M코드정지 [d:422][t:15:23:08]
[I](2021-07-21  11:14:47 am)작업중 정지 [d:422][t:15:23:22]
[I](2021-07-21  11:14:47 am)    [LNo:0008] 000745/000756
[I](2021-07-21  11:14:47 am)Wire Contact Auto Stop(M52)
[I](2021-07-21  11:18:46 am)Reset
[I](2021-07-21  11:18:56 am)Reset
[I](2021-07-21  11:18:57 am)Reset
[I](2021-07-21  11:20:31 am)Reset
[I](2021-07-21  11:20:32 am)Reset
[I](2021-07-21  11:33:46 am)Reset
[I](2021-07-21  11:39:13 am)작업 시작 [Start d:928]
[I](2021-07-21  11:39:13 am)Nc File: [No.0001-293.NC]
[I](2021-07-21  11:39:13 am)  * Start Machine Position
[I](2021-07-21  11:39:13 am)    X:    207.3305
[I](2021-07-21  11:39:13 am)    Y:   -286.8302
[I](2021-07-21  11:39:13 am)    U:      0.0000
[I](2021-07-21  11:39:13 am)    V:      0.0000
[I](2021-07-21  11:39:13 am)    Z:     51.3089
[I](2021-07-21  11:39:13 am)  * Angle
[I](2021-07-21  11:39:13 am)    Ar:     -0.0090,Kr:      0.0000
[I](2021-07-21  11:39:13 am)    Taper_Ar:      0.0000
[I](2021-07-21  11:39:16 am)작업중 정지 [d:0][t:00:00:03]
[I](2021-07-21  11:39:16 am)    [LNo:0001] 000010/000062
[I](2021-07-21  11:39:16 am)작업중 M코드정지 [d:0][t:00:00:03]
[I](2021-07-21  11:40:20 am)작업중 정지 [d:-927][t:00:01:07]
[I](2021-07-21  11:40:20 am)    [LNo:0001] 000027/000062
[A](2021-07-21  11:40:20 am)[008] 작업중 단선(AWF Feed Motor Stop )
[I](2021-07-21  11:40:20 am)작업중 Wire 단선 [d:-927][t:00:01:07]
[I](2021-07-21  11:41:32 am)작업 재시작
[I](2021-07-21  11:54:54 am)작업중 정지 [d:-914][t:00:15:40]
[I](2021-07-21  11:54:54 am)    [LNo:0001] 000030/000062
[I](2021-07-21  11:54:54 am)작업중 M코드정지 [d:-914][t:00:15:40]
[I](2021-07-21  11:55:15 am)작업중 정지 [d:-914][t:00:16:01]
[I](2021-07-21  11:55:15 am)    [LNo:0001] 000031/000062
[I](2021-07-21  11:56:15 am)작업 재시작
[I](2021-07-21  11:56:19 am)작업중 정지 [d:-914][t:00:17:06]
[I](2021-07-21  11:56:19 am)    [LNo:0001] 000032/000062
[I](2021-07-21  11:56:20 am)작업중 M코드정지 [d:-914][t:00:17:06]
[I](2021-07-21  11:59:09 am)작업중 정지 [d:-911][t:00:19:56]
[I](2021-07-21  11:59:09 am)    [LNo:0001] 000054/000062
[I](2021-07-21  11:59:09 am)작업중 M코드정지 [d:-911][t:00:19:56]
[I](2021-07-21  12:04:31 pm)작업중 정지 [d:-911][t:00:25:17]
[I](2021-07-21  12:04:31 pm)    [LNo:0001] 000036/000062
[I](2021-07-21  12:06:03 pm)작업중 정지 [d:-910][t:00:26:50]
[I](2021-07-21  12:06:03 pm)    [LNo:0001] 000054/000062
[I](2021-07-21  12:06:03 pm)작업중 M코드정지 [d:-910][t:00:26:50]
[A](2021-07-21  12:06:58 pm)[091] Auto Door Sensor Abnormal
[I](2021-07-21  12:56:38 pm)Reset
[I](2021-07-21  12:56:47 pm)Reset
[I](2021-07-21  12:56:47 pm)Reset
[I](2021-07-21  01:01:55 pm)Reset
[I](2021-07-21  01:01:56 pm)Reset
[I](2021-07-21  01:02:46 pm)작업 시작 [Start d:18]
[I](2021-07-21  01:02:46 pm)Nc File: [No.0002-573.NC]
[I](2021-07-21  01:02:46 pm)  * Start Machine Position
[I](2021-07-21  01:02:46 pm)    X:     61.2614
[I](2021-07-21  01:02:46 pm)    Y:   -347.5811
[I](2021-07-21  01:02:46 pm)    U:      0.0000
[I](2021-07-21  01:02:46 pm)    V:      0.0000
[I](2021-07-21  01:02:46 pm)    Z:     28.5974
[I](2021-07-21  01:02:46 pm)  * Angle
[I](2021-07-21  01:02:46 pm)    Ar:     -8.9321,Kr:      0.0000
[I](2021-07-21  01:02:46 pm)    Taper_Ar:      0.0000
[I](2021-07-21  01:02:57 pm)작업중 정지 [d:0][t:00:00:10]
[I](2021-07-21  01:02:57 pm)    [LNo:0002] 000458/000687
[I](2021-07-21  01:04:19 pm)Reset
[I](2021-07-21  01:04:19 pm)Reset
[I](2021-07-21  01:05:44 pm)작업 시작 [Start d:18]
[I](2021-07-21  01:05:44 pm)Nc File: [No.0002-573.NC]
[I](2021-07-21  01:05:44 pm)  * Start Machine Position
[I](2021-07-21  01:05:44 pm)    X:     61.2614
[I](2021-07-21  01:05:44 pm)    Y:   -347.5811
[I](2021-07-21  01:05:44 pm)    U:      0.0000
[I](2021-07-21  01:05:44 pm)    V:      0.0000
[I](2021-07-21  01:05:44 pm)    Z:     28.5974
[I](2021-07-21  01:05:44 pm)  * Angle
[I](2021-07-21  01:05:44 pm)    Ar:     -8.9321,Kr:      0.0000
[I](2021-07-21  01:05:44 pm)    Taper_Ar:      0.0000
[I](2021-07-21  01:13:55 pm)작업중 정지 [d:8][t:00:08:10]
[I](2021-07-21  01:13:55 pm)    [LNo:0002] 000020/000687
[I](2021-07-21  01:13:55 pm)작업중 M코드정지 [d:8][t:00:08:10]
[I](2021-07-21  01:14:55 pm)작업중 정지 [d:8][t:00:09:11]
[I](2021-07-21  01:14:55 pm)    [LNo:0002] 000021/000687
[I](2021-07-21  01:15:29 pm)작업 재시작
[I](2021-07-21  01:15:35 pm)작업중 정지 [d:8][t:00:09:50]
[I](2021-07-21  01:15:35 pm)    [LNo:0002] 000023/000687
[I](2021-07-21  01:15:35 pm)작업중 M코드정지 [d:8][t:00:09:51]
[I](2021-07-21  01:16:14 pm)작업중 정지 [d:8][t:00:10:29]
[I](2021-07-21  01:16:14 pm)    [LNo:0002] 000026/000687
[I](2021-07-21  01:16:14 pm)작업중 M코드정지 [d:8][t:00:10:30]
[I](2021-07-21  01:27:15 pm)작업중 정지 [d:18][t:00:21:31]
[I](2021-07-21  01:27:15 pm)    [LNo:0002] 000047/000687
[I](2021-07-21  01:27:16 pm)작업중 M코드정지 [d:18][t:00:21:31]
[I](2021-07-21  01:28:45 pm)작업중 정지 [d:18][t:00:23:01]
[I](2021-07-21  01:28:45 pm)    [LNo:0002] 000051/000687
[I](2021-07-21  01:28:45 pm)작업중 M코드정지 [d:18][t:00:23:01]
[I](2021-07-21  01:35:01 pm)작업중 정지 [d:23][t:00:29:17]
[I](2021-07-21  01:35:01 pm)    [LNo:0002] 000070/000687
[I](2021-07-21  01:35:01 pm)작업중 M코드정지 [d:23][t:00:29:17]
[I](2021-07-21  01:39:25 pm)작업중 정지 [d:26][t:00:33:41]
[I](2021-07-21  01:39:25 pm)    [LNo:0002] 000088/000687
[A](2021-07-21  01:39:27 pm)[053] Emergency Stop
[A](2021-07-21  01:39:27 pm)[005] READY Off(Alarm)
[I](2021-07-21  01:39:27 pm)    X:     26.3157
[I](2021-07-21  01:39:27 pm)    Y:   -325.0629
[I](2021-07-21  01:39:27 pm)    U:      0.0000
[I](2021-07-21  01:39:27 pm)    V:      0.0000
[I](2021-07-21  01:39:27 pm)    Z:     28.5974
[I](2021-07-21  01:41:47 pm)Ready On
[I](2021-07-21  01:42:38 pm)작업 재시작
[I](2021-07-21  01:49:41 pm)작업중 정지 [d:33][t:00:43:57]
[I](2021-07-21  01:49:41 pm)    [LNo:0002] 000091/000687
[I](2021-07-21  01:49:41 pm)작업중 M코드정지 [d:33][t:00:43:57]
[I](2021-07-21  01:50:02 pm)작업중 정지 [d:33][t:00:44:18]
[I](2021-07-21  01:50:02 pm)    [LNo:0002] 000095/000687
[I](2021-07-21  01:50:02 pm)작업중 M코드정지 [d:33][t:00:44:18]
[I](2021-07-21  01:54:37 pm)작업중 정지 [d:37][t:00:48:53]
[I](2021-07-21  01:54:37 pm)    [LNo:0002] 000113/000687
[I](2021-07-21  01:54:37 pm)작업중 M코드정지 [d:37][t:00:48:53]
[I](2021-07-21  02:04:35 pm)작업중 정지 [d:44][t:00:58:50]
[I](2021-07-21  02:04:35 pm)    [LNo:0002] 000133/000687
[I](2021-07-21  02:04:35 pm)작업중 M코드정지 [d:44][t:00:58:50]
[I](2021-07-21  02:06:20 pm)작업중 정지 [d:44][t:01:00:36]
[I](2021-07-21  02:06:20 pm)    [LNo:0002] 000134/000687
[I](2021-07-21  02:07:04 pm)작업 재시작
[I](2021-07-21  02:07:11 pm)작업중 정지 [d:45][t:01:01:26]
[I](2021-07-21  02:07:11 pm)    [LNo:0002] 000136/000687
[I](2021-07-21  02:07:11 pm)작업중 M코드정지 [d:45][t:01:01:26]
[A](2021-07-21  02:07:31 pm)[053] Emergency Stop
[A](2021-07-21  02:07:32 pm)[005] READY Off(Alarm)
[I](2021-07-21  02:07:32 pm)    X:     39.5681
[I](2021-07-21  02:07:32 pm)    Y:   -313.5438
[I](2021-07-21  02:07:32 pm)    U:      0.0000
[I](2021-07-21  02:07:32 pm)    V:      0.0000
[I](2021-07-21  02:07:32 pm)    Z:     28.5974
[I](2021-07-21  02:09:25 pm)Ready On
[I](2021-07-21  02:10:22 pm)작업중 정지 [d:45][t:01:04:37]
[I](2021-07-21  02:10:22 pm)    [LNo:0002] 000139/000687
[I](2021-07-21  02:10:22 pm)작업중 M코드정지 [d:45][t:01:04:37]
[I](2021-07-21  02:13:54 pm)작업중 정지 [d:46][t:01:08:10]
[I](2021-07-21  02:13:54 pm)    [LNo:0002] 000153/000687
[A](2021-07-21  02:13:55 pm)[053] Emergency Stop
[A](2021-07-21  02:13:55 pm)[005] READY Off(Alarm)
[I](2021-07-21  02:13:55 pm)    X:     57.1045
[I](2021-07-21  02:13:55 pm)    Y:   -304.5689
[I](2021-07-21  02:13:55 pm)    U:      0.0000
[I](2021-07-21  02:13:55 pm)    V:      0.0000
[I](2021-07-21  02:13:55 pm)    Z:     28.5974
[I](2021-07-21  02:16:24 pm)Ready On
[I](2021-07-21  02:17:16 pm)작업 재시작
[I](2021-07-21  02:25:11 pm)작업중 정지 [d:54][t:01:19:27]
[I](2021-07-21  02:25:11 pm)    [LNo:0002] 000160/000687
[I](2021-07-21  02:25:11 pm)작업중 M코드정지 [d:54][t:01:19:27]
[I](2021-07-21  02:25:30 pm)작업중 정지 [d:54][t:01:19:46]
[I](2021-07-21  02:25:30 pm)    [LNo:0002] 000164/000687
[I](2021-07-21  02:25:30 pm)작업중 M코드정지 [d:54][t:01:19:46]
[I](2021-07-21  02:39:31 pm)작업중 정지 [d:67][t:01:33:47]
[I](2021-07-21  02:39:31 pm)    [LNo:0002] 000204/000687
[I](2021-07-21  02:39:31 pm)작업중 M코드정지 [d:67][t:01:33:47]
[I](2021-07-21  02:39:46 pm)작업중 정지 [d:67][t:01:34:02]
[I](2021-07-21  02:39:46 pm)    [LNo:0002] 000208/000687
[I](2021-07-21  02:39:46 pm)작업중 M코드정지 [d:67][t:01:34:02]
[I](2021-07-21  02:51:16 pm)작업중 정지 [d:77][t:01:45:31]
[I](2021-07-21  02:51:16 pm)    [LNo:0002] 000246/000687
[I](2021-07-21  02:51:16 pm)작업중 M코드정지 [d:77][t:01:45:31]
[I](2021-07-21  02:54:03 pm)작업중 정지 [d:77][t:01:48:19]
[I](2021-07-21  02:54:03 pm)    [LNo:0002] 000247/000687
[I](2021-07-21  02:55:41 pm)작업 재시작
[I](2021-07-21  02:55:46 pm)작업중 정지 [d:77][t:01:50:02]
[I](2021-07-21  02:55:46 pm)    [LNo:0002] 000249/000687
[I](2021-07-21  02:55:46 pm)작업중 M코드정지 [d:77][t:01:50:02]
[I](2021-07-21  02:56:32 pm)작업중 정지 [d:77][t:01:50:48]
[I](2021-07-21  02:56:32 pm)    [LNo:0002] 000252/000687
[I](2021-07-21  02:56:32 pm)작업중 Single Block Stop [d:77][t:01:50:48]
[I](2021-07-21  02:56:48 pm)작업중 정지 [d:77][t:01:51:04]
[I](2021-07-21  02:56:48 pm)    [LNo:0002] 000168/000687
[I](2021-07-21  02:58:58 pm)작업중 정지 [d:77][t:01:53:14]
[I](2021-07-21  02:58:58 pm)    [LNo:0002] 000189/000687
[I](2021-07-21  02:58:58 pm)작업중 Single Block Stop [d:77][t:01:53:14]
[I](2021-07-21  02:59:10 pm)작업중 정지 [d:77][t:01:53:25]
[I](2021-07-21  02:59:10 pm)    [LNo:0002] 000212/000687
[I](2021-07-21  03:00:26 pm)작업중 정지 [d:77][t:01:54:41]
[I](2021-07-21  03:00:26 pm)    [LNo:0002] 000227/000687
[I](2021-07-21  03:00:26 pm)작업중 Single Block Stop [d:77][t:01:54:42]
[I](2021-07-21  03:01:16 pm)작업중 정지 [d:77][t:01:55:32]
[I](2021-07-21  03:01:16 pm)    [LNo:0002] 000257/000687
[I](2021-07-21  03:11:14 pm)작업중 정지 [d:87][t:02:05:30]
[I](2021-07-21  03:11:14 pm)    [LNo:0002] 000273/000687
[I](2021-07-21  03:11:14 pm)작업중 M코드정지 [d:87][t:02:05:30]
[I](2021-07-21  03:11:42 pm)작업중 정지 [d:87][t:02:05:57]
[I](2021-07-21  03:11:42 pm)    [LNo:0002] 000277/000687
[I](2021-07-21  03:11:42 pm)작업중 M코드정지 [d:87][t:02:05:57]
[I](2021-07-21  03:15:08 pm)작업중 정지 [d:89][t:02:09:24]
[I](2021-07-21  03:15:08 pm)    [LNo:0002] 000296/000687
[I](2021-07-21  03:15:08 pm)작업중 Single Block Stop [d:89][t:02:09:24]
[I](2021-07-21  03:16:29 pm)작업중 정지 [d:89][t:02:10:45]
[I](2021-07-21  03:16:29 pm)    [LNo:0002] 000279/000687
[I](2021-07-21  03:16:40 pm)작업중 정지 [d:89][t:02:10:56]
[I](2021-07-21  03:16:40 pm)    [LNo:0002] 000281/000687
[I](2021-07-21  03:16:40 pm)작업중 Single Block Stop [d:89][t:02:10:56]
[I](2021-07-21  03:28:24 pm)작업중 정지 [d:99][t:02:22:40]
[I](2021-07-21  03:28:24 pm)    [LNo:0002] 000317/000687
[I](2021-07-21  03:28:24 pm)작업중 M코드정지 [d:99][t:02:22:40]
[I](2021-07-21  03:28:48 pm)작업중 정지 [d:99][t:02:23:03]
[I](2021-07-21  03:28:48 pm)    [LNo:0002] 000321/000687
[I](2021-07-21  03:28:48 pm)작업중 M코드정지 [d:99][t:02:23:03]
[I](2021-07-21  03:41:16 pm)작업중 정지 [d:109][t:02:35:32]
[I](2021-07-21  03:41:16 pm)    [LNo:0002] 000361/000687
[I](2021-07-21  03:41:16 pm)작업중 M코드정지 [d:109][t:02:35:32]
[I](2021-07-21  03:41:39 pm)작업중 정지 [d:109][t:02:35:55]
[I](2021-07-21  03:41:39 pm)    [LNo:0002] 000365/000687
[I](2021-07-21  03:41:39 pm)작업중 M코드정지 [d:109][t:02:35:55]
[I](2021-07-21  03:54:40 pm)작업중 정지 [d:120][t:02:48:56]
[I](2021-07-21  03:54:40 pm)    [LNo:0002] 000405/000687
[I](2021-07-21  03:54:40 pm)작업중 M코드정지 [d:120][t:02:48:56]
[I](2021-07-21  03:54:56 pm)작업중 정지 [d:120][t:02:49:12]
[I](2021-07-21  03:54:56 pm)    [LNo:0002] 000407/000687
[I](2021-07-21  03:55:25 pm)작업 재시작
[I](2021-07-21  03:55:30 pm)작업중 정지 [d:120][t:02:49:45]
[I](2021-07-21  03:55:30 pm)    [LNo:0002] 000409/000687
[I](2021-07-21  03:55:30 pm)작업중 M코드정지 [d:120][t:02:49:45]
[I](2021-07-21  04:05:02 pm)작업중 정지 [d:127][t:02:59:18]
[I](2021-07-21  04:05:02 pm)    [LNo:0002] 000447/000687
[I](2021-07-21  04:05:02 pm)작업중 M코드정지 [d:127][t:02:59:18]
[I](2021-07-21  04:06:11 pm)작업중 정지 [d:128][t:03:00:27]
[I](2021-07-21  04:06:11 pm)    [LNo:0002] 000448/000687
[I](2021-07-21  04:06:47 pm)작업 재시작
[I](2021-07-21  04:06:52 pm)작업중 정지 [d:128][t:03:01:08]
[I](2021-07-21  04:06:52 pm)    [LNo:0002] 000450/000687
[I](2021-07-21  04:06:52 pm)작업중 M코드정지 [d:128][t:03:01:08]
[I](2021-07-21  04:16:01 pm)작업중 정지 [d:135][t:03:10:16]
[I](2021-07-21  04:16:01 pm)    [LNo:0002] 000474/000687
[I](2021-07-21  04:16:01 pm)작업중 M코드정지 [d:135][t:03:10:16]
[I](2021-07-21  04:16:18 pm)작업중 정지 [d:135][t:03:10:34]
[I](2021-07-21  04:16:18 pm)    [LNo:0002] 000478/000687
[I](2021-07-21  04:16:18 pm)작업중 M코드정지 [d:135][t:03:10:34]
[I](2021-07-21  04:27:51 pm)작업중 정지 [d:145][t:03:22:07]
[I](2021-07-21  04:27:51 pm)    [LNo:0002] 000519/000687
[I](2021-07-21  04:27:51 pm)작업중 M코드정지 [d:145][t:03:22:07]
[I](2021-07-21  04:28:25 pm)작업중 정지 [d:145][t:03:22:40]
[I](2021-07-21  04:28:25 pm)    [LNo:0002] 000523/000687
[I](2021-07-21  04:28:25 pm)작업중 M코드정지 [d:145][t:03:22:41]
[I](2021-07-21  04:37:53 pm)작업중 정지 [d:152][t:03:32:09]
[I](2021-07-21  04:37:53 pm)    [LNo:0002] 000563/000687
[I](2021-07-21  04:37:53 pm)작업중 30sec 접촉 정지 [d:152][t:03:32:09]
[A](2021-07-21  04:38:02 pm)[001] 와이어 미동작
[A](2021-07-21  04:38:03 pm)[001] 와이어 미동작
[I](2021-07-21  04:38:14 pm)작업 재시작
[I](2021-07-21  04:38:23 pm)작업중 정지 [d:152][t:03:32:38]
[I](2021-07-21  04:38:23 pm)    [LNo:0002] 000565/000687
[I](2021-07-21  04:38:23 pm)작업중 M코드정지 [d:152][t:03:32:38]
[A](2021-07-21  04:42:46 pm)[037] 자동결선 잔여 WIRE 처리 실패!!
[I](2021-07-21  04:42:50 pm)작업중 정지 [d:152][t:03:37:06]
[I](2021-07-21  04:42:50 pm)    [LNo:0002] 000568/000687
[I](2021-07-21  04:42:53 pm)작업중 정지 [d:152][t:03:37:08]
[I](2021-07-21  04:42:53 pm)    [LNo:0002] 000568/000687
[A](2021-07-21  04:42:53 pm)[010] 자동결선 Error(M21-절단실패)
[I](2021-07-21  04:51:24 pm)작업중 정지 [d:160][t:03:45:40]
[I](2021-07-21  04:51:24 pm)    [LNo:0002] 000589/000687
[I](2021-07-21  04:51:24 pm)작업중 M코드정지 [d:160][t:03:45:40]
[I](2021-07-21  04:52:25 pm)작업중 정지 [d:160][t:03:46:40]
[I](2021-07-21  04:52:25 pm)    [LNo:0002] 000593/000687
[I](2021-07-21  04:52:25 pm)작업중 M코드정지 [d:160][t:03:46:41]
[I](2021-07-21  05:03:53 pm)작업중 정지 [d:170][t:03:58:09]
[I](2021-07-21  05:03:53 pm)    [LNo:0002] 000633/000687
[I](2021-07-21  05:03:53 pm)작업중 M코드정지 [d:170][t:03:58:09]
[I](2021-07-21  05:04:17 pm)작업중 정지 [d:170][t:03:58:33]
[I](2021-07-21  05:04:17 pm)    [LNo:0002] 000637/000687
[I](2021-07-21  05:04:17 pm)작업중 M코드정지 [d:170][t:03:58:33]
[I](2021-07-21  05:33:12 pm)작업중 정지 [d:197][t:04:27:28]
[I](2021-07-21  05:33:12 pm)    [LNo:0002] 000672/000687
[A](2021-07-21  05:35:37 pm)[037] 자동결선 잔여 WIRE 처리 실패!!
[I](2021-07-21  05:37:04 pm)작업 재시작
[I](2021-07-21  06:41:11 pm)작업중 정지 [d:262][t:05:35:27]
[I](2021-07-21  06:41:11 pm)    [LNo:0002] 000675/000687
[I](2021-07-21  06:41:11 pm)작업중 M코드정지 [d:262][t:05:35:27]
[I](2021-07-21  06:41:36 pm)작업중 정지 [d:262][t:05:35:52]
[I](2021-07-21  06:41:36 pm)    [LNo:0002] 000676/000687
[A](2021-07-21  06:41:36 pm)[008] 작업중 단선(AWF Feed Motor Stop )
[I](2021-07-21  06:41:36 pm)작업중 Wire 단선 [d:262][t:05:35:52]
[I](2021-07-21  06:47:31 pm)Reset
[I](2021-07-21  06:48:40 pm)Reset
[I](2021-07-21  06:48:45 pm)Reset
[I](2021-07-21  06:51:10 pm)Reset
[I](2021-07-21  06:55:49 pm)Reset
[I](2021-07-21  06:56:58 pm)작업 시작 [Start d:280]
[I](2021-07-21  06:56:58 pm)Nc File: [No.0003-309.NC]
[I](2021-07-21  06:56:58 pm)  * Start Machine Position
[I](2021-07-21  06:56:58 pm)    X:    113.0612
[I](2021-07-21  06:56:58 pm)    Y:   -314.6096
[I](2021-07-21  06:56:58 pm)    U:      0.0000
[I](2021-07-21  06:56:58 pm)    V:      0.0000
[I](2021-07-21  06:56:58 pm)    Z:     70.5698
[I](2021-07-21  06:56:58 pm)  * Angle
[I](2021-07-21  06:56:58 pm)    Ar:      0.2550,Kr:      0.0000
[I](2021-07-21  06:56:58 pm)    Taper_Ar:      0.0000
[I](2021-07-21  06:57:29 pm)작업중 정지 [d:0][t:00:00:30]
[I](2021-07-21  06:57:29 pm)    [LNo:0003] 000102/001588
[I](2021-07-21  06:58:17 pm)Reset
[I](2021-07-21  06:58:26 pm)작업 시작 [Start d:280]
[I](2021-07-21  06:58:26 pm)Nc File: [No.0003-309.NC]
[I](2021-07-21  06:58:26 pm)  * Start Machine Position
[I](2021-07-21  06:58:26 pm)    X:    113.0612
[I](2021-07-21  06:58:26 pm)    Y:   -314.6096
[I](2021-07-21  06:58:26 pm)    U:      0.0000
[I](2021-07-21  06:58:26 pm)    V:      0.0000
[I](2021-07-21  06:58:26 pm)    Z:     70.5698
[I](2021-07-21  06:58:26 pm)  * Angle
[I](2021-07-21  06:58:26 pm)    Ar:      0.2550,Kr:      0.0000
[I](2021-07-21  06:58:26 pm)    Taper_Ar:      0.0000
[I](2021-07-21  06:58:55 pm)작업중 정지 [d:0][t:00:00:29]
[I](2021-07-21  06:58:55 pm)    [LNo:0003] 000215/001588
[I](2021-07-21  06:59:41 pm)Reset
[I](2021-07-21  06:59:50 pm)작업 시작 [Start d:280]
[I](2021-07-21  06:59:50 pm)Nc File: [No.0003-309.NC]
[I](2021-07-21  06:59:50 pm)  * Start Machine Position
[I](2021-07-21  06:59:50 pm)    X:    113.0612
[I](2021-07-21  06:59:50 pm)    Y:   -314.6096
[I](2021-07-21  06:59:50 pm)    U:      0.0000
[I](2021-07-21  06:59:50 pm)    V:      0.0000
[I](2021-07-21  06:59:50 pm)    Z:     70.5698
[I](2021-07-21  06:59:50 pm)  * Angle
[I](2021-07-21  06:59:50 pm)    Ar:      0.2550,Kr:      0.0000
[I](2021-07-21  06:59:50 pm)    Taper_Ar:      0.0000
[I](2021-07-21  07:00:19 pm)작업중 정지 [d:0][t:00:00:29]
[I](2021-07-21  07:00:19 pm)    [LNo:0003] 000328/001588
[I](2021-07-21  07:01:03 pm)작업중 정지 [d:0][t:00:01:12]
[I](2021-07-21  07:01:03 pm)    [LNo:0003] 000339/001588
[I](2021-07-21  07:01:08 pm)작업 재시작
[I](2021-07-21  07:01:13 pm)작업중 정지 [d:0][t:00:01:22]
[I](2021-07-21  07:01:13 pm)    [LNo:0003] 000339/001588
[I](2021-07-21  07:01:50 pm)Reset
[I](2021-07-21  07:01:59 pm)작업 시작 [Start d:280]
[I](2021-07-21  07:01:59 pm)Nc File: [No.0003-309.NC]
[I](2021-07-21  07:01:59 pm)  * Start Machine Position
[I](2021-07-21  07:01:59 pm)    X:    113.0612
[I](2021-07-21  07:01:59 pm)    Y:   -314.6096
[I](2021-07-21  07:01:59 pm)    U:      0.0000
[I](2021-07-21  07:01:59 pm)    V:      0.0000
[I](2021-07-21  07:01:59 pm)    Z:     70.5698
[I](2021-07-21  07:01:59 pm)  * Angle
[I](2021-07-21  07:01:59 pm)    Ar:      0.2550,Kr:      0.0000
[I](2021-07-21  07:01:59 pm)    Taper_Ar:      0.0000
[I](2021-07-21  07:02:09 pm)작업중 정지 [d:0][t:00:00:10]
[I](2021-07-21  07:02:09 pm)    [LNo:0003] 000359/001588
[I](2021-07-21  07:02:10 pm)작업 재시작
[I](2021-07-21  07:02:13 pm)작업중 정지 [d:0][t:00:00:13]
[I](2021-07-21  07:02:13 pm)    [LNo:0003] 000359/001588
[I](2021-07-21  07:02:21 pm)Reset
[I](2021-07-21  07:02:26 pm)작업 시작 [Start d:280]
[I](2021-07-21  07:02:26 pm)Nc File: [No.0003-309.NC]
[I](2021-07-21  07:02:26 pm)  * Start Machine Position
[I](2021-07-21  07:02:26 pm)    X:    113.0612
[I](2021-07-21  07:02:26 pm)    Y:   -314.6096
[I](2021-07-21  07:02:26 pm)    U:      0.0000
[I](2021-07-21  07:02:26 pm)    V:      0.0000
[I](2021-07-21  07:02:26 pm)    Z:     70.5698
[I](2021-07-21  07:02:26 pm)  * Angle
[I](2021-07-21  07:02:26 pm)    Ar:      0.2550,Kr:      0.0000
[I](2021-07-21  07:02:26 pm)    Taper_Ar:      0.0000
[I](2021-07-21  07:02:55 pm)작업중 정지 [d:0][t:00:00:28]
[I](2021-07-21  07:02:55 pm)    [LNo:0003] 000360/001588
[I](2021-07-21  07:03:19 pm)작업중 정지 [d:1][t:00:00:52]
[I](2021-07-21  07:03:19 pm)    [LNo:0003] 000371/001588
[I](2021-07-21  07:03:58 pm)Reset
[I](2021-07-21  07:04:07 pm)작업 시작 [Start d:281]
[I](2021-07-21  07:04:07 pm)Nc File: [No.0003-309.NC]
[I](2021-07-21  07:04:07 pm)  * Start Machine Position
[I](2021-07-21  07:04:07 pm)    X:    113.0612
[I](2021-07-21  07:04:07 pm)    Y:   -314.6096
[I](2021-07-21  07:04:07 pm)    U:      0.0000
[I](2021-07-21  07:04:07 pm)    V:      0.0000
[I](2021-07-21  07:04:07 pm)    Z:     70.5698
[I](2021-07-21  07:04:07 pm)  * Angle
[I](2021-07-21  07:04:07 pm)    Ar:      0.2550,Kr:      0.0000
[I](2021-07-21  07:04:07 pm)    Taper_Ar:      0.0000
[I](2021-07-21  07:04:45 pm)작업중 정지 [d:0][t:00:00:38]
[I](2021-07-21  07:04:45 pm)    [LNo:0003] 000396/001588
[I](2021-07-21  07:05:10 pm)작업중 정지 [d:1][t:00:01:03]
[I](2021-07-21  07:05:10 pm)    [LNo:0003] 000403/001588
[I](2021-07-21  07:05:47 pm)Reset
[I](2021-07-21  07:05:55 pm)작업 시작 [Start d:282]
[I](2021-07-21  07:05:55 pm)Nc File: [No.0003-309.NC]
[I](2021-07-21  07:05:55 pm)  * Start Machine Position
[I](2021-07-21  07:05:55 pm)    X:    113.0612
[I](2021-07-21  07:05:55 pm)    Y:   -314.6096
[I](2021-07-21  07:05:55 pm)    U:      0.0000
[I](2021-07-21  07:05:55 pm)    V:      0.0000
[I](2021-07-21  07:05:55 pm)    Z:     70.5698
[I](2021-07-21  07:05:55 pm)  * Angle
[I](2021-07-21  07:05:55 pm)    Ar:      0.2550,Kr:      0.0000
[I](2021-07-21  07:05:55 pm)    Taper_Ar:      0.0000
[I](2021-07-21  07:06:29 pm)작업중 정지 [d:0][t:00:00:33]
[I](2021-07-21  07:06:29 pm)    [LNo:0003] 000513/001588
[I](2021-07-21  07:06:57 pm)작업중 정지 [d:0][t:00:01:01]
[I](2021-07-21  07:06:57 pm)    [LNo:0003] 000524/001588
[I](2021-07-21  07:07:34 pm)Reset
[I](2021-07-21  07:07:44 pm)작업 시작 [Start d:282]
[I](2021-07-21  07:07:44 pm)Nc File: [No.0003-309.NC]
[I](2021-07-21  07:07:44 pm)  * Start Machine Position
[I](2021-07-21  07:07:44 pm)    X:    113.0612
[I](2021-07-21  07:07:44 pm)    Y:   -314.6096
[I](2021-07-21  07:07:44 pm)    U:      0.0000
[I](2021-07-21  07:07:44 pm)    V:      0.0000
[I](2021-07-21  07:07:44 pm)    Z:     70.5698
[I](2021-07-21  07:07:44 pm)  * Angle
[I](2021-07-21  07:07:44 pm)    Ar:      0.2550,Kr:      0.0000
[I](2021-07-21  07:07:44 pm)    Taper_Ar:      0.0000
[I](2021-07-21  07:08:19 pm)작업중 정지 [d:0][t:00:00:35]
[I](2021-07-21  07:08:19 pm)    [LNo:0003] 000634/001588
[I](2021-07-21  07:09:20 pm)Reset
[I](2021-07-21  07:09:28 pm)작업 시작 [Start d:282]
[I](2021-07-21  07:09:28 pm)Nc File: [No.0003-309.NC]
[I](2021-07-21  07:09:28 pm)  * Start Machine Position
[I](2021-07-21  07:09:28 pm)    X:    113.0612
[I](2021-07-21  07:09:28 pm)    Y:   -314.6096
[I](2021-07-21  07:09:28 pm)    U:      0.0000
[I](2021-07-21  07:09:28 pm)    V:      0.0000
[I](2021-07-21  07:09:28 pm)    Z:     70.5698
[I](2021-07-21  07:09:28 pm)  * Angle
[I](2021-07-21  07:09:28 pm)    Ar:      0.2550,Kr:      0.0000
[I](2021-07-21  07:09:28 pm)    Taper_Ar:      0.0000
[I](2021-07-21  07:10:26 pm)작업중 정지 [d:0][t:00:00:57]
[I](2021-07-21  07:10:26 pm)    [LNo:0003] 000758/001588
[I](2021-07-21  07:11:11 pm)Reset
[I](2021-07-21  07:11:21 pm)작업 시작 [Start d:282]
[I](2021-07-21  07:11:21 pm)Nc File: [No.0003-309.NC]
[I](2021-07-21  07:11:21 pm)  * Start Machine Position
[I](2021-07-21  07:11:21 pm)    X:    113.0612
[I](2021-07-21  07:11:21 pm)    Y:   -314.6096
[I](2021-07-21  07:11:21 pm)    U:      0.0000
[I](2021-07-21  07:11:21 pm)    V:      0.0000
[I](2021-07-21  07:11:21 pm)    Z:     70.5698
[I](2021-07-21  07:11:21 pm)  * Angle
[I](2021-07-21  07:11:21 pm)    Ar:      0.2550,Kr:      0.0000
[I](2021-07-21  07:11:21 pm)    Taper_Ar:      0.0000
[I](2021-07-21  07:12:02 pm)작업중 정지 [d:0][t:00:00:40]
[I](2021-07-21  07:12:02 pm)    [LNo:0003] 000865/001588
[I](2021-07-21  07:12:48 pm)Reset
[I](2021-07-21  07:12:58 pm)작업 시작 [Start d:282]
[I](2021-07-21  07:12:58 pm)Nc File: [No.0003-309.NC]
[I](2021-07-21  07:12:58 pm)  * Start Machine Position
[I](2021-07-21  07:12:58 pm)    X:    113.0612
[I](2021-07-21  07:12:58 pm)    Y:   -314.6096
[I](2021-07-21  07:12:58 pm)    U:      0.0000
[I](2021-07-21  07:12:58 pm)    V:      0.0000
[I](2021-07-21  07:12:58 pm)    Z:     70.5698
[I](2021-07-21  07:12:58 pm)  * Angle
[I](2021-07-21  07:12:58 pm)    Ar:      0.2550,Kr:      0.0000
[I](2021-07-21  07:12:58 pm)    Taper_Ar:      0.0000
[I](2021-07-21  07:13:54 pm)작업중 정지 [d:0][t:00:00:56]
[I](2021-07-21  07:13:54 pm)    [LNo:0003] 000903/001588
[I](2021-07-21  07:14:37 pm)Reset
[I](2021-07-21  07:14:46 pm)작업 시작 [Start d:282]
[I](2021-07-21  07:14:46 pm)Nc File: [No.0003-309.NC]
[I](2021-07-21  07:14:46 pm)  * Start Machine Position
[I](2021-07-21  07:14:46 pm)    X:    113.0612
[I](2021-07-21  07:14:46 pm)    Y:   -314.6096
[I](2021-07-21  07:14:46 pm)    U:      0.0000
[I](2021-07-21  07:14:46 pm)    V:      0.0000
[I](2021-07-21  07:14:46 pm)    Z:     70.5698
[I](2021-07-21  07:14:46 pm)  * Angle
[I](2021-07-21  07:14:46 pm)    Ar:      0.2550,Kr:      0.0000
[I](2021-07-21  07:14:46 pm)    Taper_Ar:      0.0000
[I](2021-07-21  07:15:58 pm)작업중 정지 [d:0][t:00:01:11]
[I](2021-07-21  07:15:58 pm)    [LNo:0003] 000935/001588
[I](2021-07-21  07:16:41 pm)Reset
[I](2021-07-21  07:17:07 pm)Reset
[I](2021-07-21  07:17:12 pm)작업 시작 [Start d:282]
[I](2021-07-21  07:17:12 pm)Nc File: [No.0003-309.NC]
[I](2021-07-21  07:17:12 pm)  * Start Machine Position
[I](2021-07-21  07:17:12 pm)    X:    113.0612
[I](2021-07-21  07:17:12 pm)    Y:   -314.6096
[I](2021-07-21  07:17:12 pm)    U:      0.0000
[I](2021-07-21  07:17:12 pm)    V:      0.0000
[I](2021-07-21  07:17:12 pm)    Z:     70.5698
[I](2021-07-21  07:17:12 pm)  * Angle
[I](2021-07-21  07:17:12 pm)    Ar:      0.2550,Kr:      0.0000
[I](2021-07-21  07:17:12 pm)    Taper_Ar:      0.0000
[I](2021-07-21  09:40:44 pm)작업중 정지 [d:142][t:02:23:31]
[I](2021-07-21  09:40:44 pm)    [LNo:0003] 000197/001588
[I](2021-07-21  09:40:44 pm)작업중 30sec 접촉 정지 [d:142][t:02:23:31]
