[I](2021-03-12  12:14:27 am)작업중 정지 [d:30][t:00:35:29]
[I](2021-03-12  12:14:27 am)    [LNo:0008] 000083/000176
[I](2021-03-12  12:14:28 am)작업중 M코드정지 [d:30][t:00:35:29]
[I](2021-03-12  12:15:19 am)작업중 정지 [d:30][t:00:36:20]
[I](2021-03-12  12:15:19 am)    [LNo:0008] 000085/000176
[I](2021-03-12  12:15:19 am)작업중 30sec 접촉 정지 [d:30][t:00:36:20]
[I](2021-03-12  12:15:37 am)작업 재시작
[I](2021-03-12  12:15:45 am)작업중 정지 [d:30][t:00:36:46]
[I](2021-03-12  12:15:45 am)    [LNo:0008] 000087/000176
[I](2021-03-12  12:15:45 am)작업중 M코드정지 [d:30][t:00:36:46]
[I](2021-03-12  12:23:55 am)작업중 정지 [d:37][t:00:44:56]
[I](2021-03-12  12:23:55 am)    [LNo:0008] 000128/000176
[I](2021-03-12  12:23:55 am)작업중 M코드정지 [d:37][t:00:44:56]
[I](2021-03-12  12:40:27 am)작업중 정지 [d:46][t:01:01:28]
[I](2021-03-12  12:40:27 am)    [LNo:0008] 000146/000176
[I](2021-03-12  12:40:27 am)작업중 M코드정지 [d:46][t:01:01:29]
[I](2021-03-12  12:48:49 am)작업중 정지 [d:46][t:01:09:50]
[I](2021-03-12  12:48:49 am)    [LNo:0008] 000150/000176
[I](2021-03-12  12:48:49 am)작업중 M코드정지 [d:46][t:01:09:50]
[I](2021-03-12  12:51:18 am)작업중 정지 [d:47][t:01:12:19]
[I](2021-03-12  12:51:18 am)    [LNo:0008] 000172/000176
[I](2021-03-12  12:51:18 am)작업중 M코드정지 [d:47][t:01:12:19]
[I](2021-03-12  12:53:08 am)Reset
[I](2021-03-12  12:53:17 am)작업 시작 [Start d:484]
[I](2021-03-12  12:53:17 am)Nc File: [No.0008-323.NC]
[I](2021-03-12  12:53:17 am)  * Start Machine Position
[I](2021-03-12  12:53:17 am)    X:    141.1494
[I](2021-03-12  12:53:17 am)    Y:   -355.7276
[I](2021-03-12  12:53:17 am)    U:      0.0000
[I](2021-03-12  12:53:17 am)    V:      0.0000
[I](2021-03-12  12:53:17 am)    Z:     50.0378
[I](2021-03-12  12:53:17 am)  * Angle
[I](2021-03-12  12:53:17 am)    Ar:      0.0286,Kr:      0.0000
[I](2021-03-12  12:53:17 am)    Taper_Ar:      0.0000
[I](2021-03-12  12:53:40 am)작업중 정지 [d:0][t:00:00:22]
[I](2021-03-12  12:53:40 am)    [LNo:0008] 000131/000176
[I](2021-03-12  12:53:41 am)Reset
[I](2021-03-12  12:53:42 am)Reset
[I](2021-03-12  12:53:53 am)작업 시작 [Start d:484]
[I](2021-03-12  12:53:53 am)Nc File: [No.0008-323.NC]
[I](2021-03-12  12:53:53 am)  * Start Machine Position
[I](2021-03-12  12:53:53 am)    X:    131.8495
[I](2021-03-12  12:53:53 am)    Y:   -355.7322
[I](2021-03-12  12:53:53 am)    U:      0.0000
[I](2021-03-12  12:53:53 am)    V:      0.0000
[I](2021-03-12  12:53:53 am)    Z:     50.0378
[I](2021-03-12  12:53:53 am)  * Angle
[I](2021-03-12  12:53:53 am)    Ar:      0.0286,Kr:      0.0000
[I](2021-03-12  12:53:53 am)    Taper_Ar:      0.0000
[I](2021-03-12  12:54:44 am)작업중 정지 [d:0][t:00:00:51]
[I](2021-03-12  12:54:44 am)    [LNo:0008] 000169/000176
[A](2021-03-12  12:55:05 am)[084] Work Tank Fluid Sensor Abnormal
[A](2021-03-12  12:55:05 am)[084] Work Tank Fluid Sensor Abnormal
[I](2021-03-12  12:59:14 am)Reset
[I](2021-03-12  01:00:45 am)Reset
[A](2021-03-12  01:01:06 am)[037] 자동결선 잔여 WIRE 처리 실패!!
[I](2021-03-12  01:05:30 am)Reset
[I](2021-03-12  01:08:31 am)Reset
[I](2021-03-12  01:08:57 am)Reset
[I](2021-03-12  01:09:53 am)Reset
[I](2021-03-12  01:12:08 am)Reset
[I](2021-03-12  01:13:15 am)작업 시작 [Start d:484]
[I](2021-03-12  01:13:15 am)Nc File: [No.0007-322.NC]
[I](2021-03-12  01:13:15 am)  * Start Machine Position
[I](2021-03-12  01:13:15 am)    X:    143.3510
[I](2021-03-12  01:13:15 am)    Y:   -292.6266
[I](2021-03-12  01:13:15 am)    U:      0.0000
[I](2021-03-12  01:13:15 am)    V:      0.0000
[I](2021-03-12  01:13:15 am)    Z:     26.7708
[I](2021-03-12  01:13:15 am)  * Angle
[I](2021-03-12  01:13:15 am)    Ar:      0.0000,Kr:      0.0000
[I](2021-03-12  01:13:15 am)    Taper_Ar:      0.0000
[I](2021-03-12  01:14:48 am)작업중 정지 [d:1][t:00:01:33]
[I](2021-03-12  01:14:48 am)    [LNo:0007] 000022/000428
[I](2021-03-12  01:14:48 am)작업중 M코드정지 [d:1][t:00:01:33]
[I](2021-03-12  01:14:56 am)작업중 정지 [d:1][t:00:01:41]
[I](2021-03-12  01:14:56 am)    [LNo:0007] 000024/000428
[A](2021-03-12  01:14:56 am)[008] 작업중 단선(AWF Feed Motor Stop )
[I](2021-03-12  01:14:56 am)작업중 Wire 단선 [d:1][t:00:01:41]
[I](2021-03-12  01:17:28 am)Reset
[I](2021-03-12  01:17:35 am)작업 시작 [Start d:485]
[I](2021-03-12  01:17:35 am)Nc File: [No.0007-322.NC]
[I](2021-03-12  01:17:35 am)  * Start Machine Position
[I](2021-03-12  01:17:35 am)    X:    143.3510
[I](2021-03-12  01:17:35 am)    Y:   -292.6266
[I](2021-03-12  01:17:35 am)    U:      0.0000
[I](2021-03-12  01:17:35 am)    V:      0.0000
[I](2021-03-12  01:17:35 am)    Z:     26.7708
[I](2021-03-12  01:17:35 am)  * Angle
[I](2021-03-12  01:17:35 am)    Ar:      0.0000,Kr:      0.0000
[I](2021-03-12  01:17:35 am)    Taper_Ar:      0.0000
[I](2021-03-12  01:19:10 am)작업중 정지 [d:1][t:00:01:34]
[I](2021-03-12  01:19:10 am)    [LNo:0007] 000046/000428
[I](2021-03-12  01:19:48 am)Reset
[I](2021-03-12  01:19:57 am)작업 시작 [Start d:486]
[I](2021-03-12  01:19:57 am)Nc File: [No.0007-322.NC]
[I](2021-03-12  01:19:57 am)  * Start Machine Position
[I](2021-03-12  01:19:57 am)    X:    143.3510
[I](2021-03-12  01:19:57 am)    Y:   -292.6266
[I](2021-03-12  01:19:57 am)    U:      0.0000
[I](2021-03-12  01:19:57 am)    V:      0.0000
[I](2021-03-12  01:19:57 am)    Z:     26.7708
[I](2021-03-12  01:19:57 am)  * Angle
[I](2021-03-12  01:19:57 am)    Ar:      0.0000,Kr:      0.0000
[I](2021-03-12  01:19:57 am)    Taper_Ar:      0.0000
[I](2021-03-12  01:20:25 am)작업중 정지 [d:0][t:00:00:27]
[I](2021-03-12  01:20:25 am)    [LNo:0007] 000096/000428
[I](2021-03-12  01:22:00 am)작업중 정지 [d:2][t:00:02:02]
[I](2021-03-12  01:22:00 am)    [LNo:0007] 000121/000428
[A](2021-03-12  01:22:20 am)[037] 자동결선 잔여 WIRE 처리 실패!!
[I](2021-03-12  01:24:48 am)작업중 정지 [d:3][t:00:04:50]
[I](2021-03-12  01:24:48 am)    [LNo:0007] 000138/000428
[I](2021-03-12  01:24:48 am)작업중 M코드정지 [d:3][t:00:04:50]
[I](2021-03-12  01:26:51 am)Reset
[I](2021-03-12  01:27:03 am)작업 시작 [Start d:489]
[I](2021-03-12  01:27:03 am)Nc File: [No.0007-322.NC]
[I](2021-03-12  01:27:03 am)  * Start Machine Position
[I](2021-03-12  01:27:03 am)    X:    168.3510
[I](2021-03-12  01:27:03 am)    Y:   -292.6266
[I](2021-03-12  01:27:03 am)    U:      0.0000
[I](2021-03-12  01:27:03 am)    V:      0.0000
[I](2021-03-12  01:27:03 am)    Z:     26.7708
[I](2021-03-12  01:27:03 am)  * Angle
[I](2021-03-12  01:27:03 am)    Ar:      0.0000,Kr:      0.0000
[I](2021-03-12  01:27:03 am)    Taper_Ar:      0.0000
[I](2021-03-12  01:27:48 am)작업중 정지 [d:0][t:00:00:45]
[I](2021-03-12  01:27:48 am)    [LNo:0007] 000141/000428
[I](2021-03-12  01:27:48 am)작업중 M코드정지 [d:0][t:00:00:45]
[I](2021-03-12  01:28:05 am)Reset
[I](2021-03-12  01:28:13 am)작업 시작 [Start d:489]
[I](2021-03-12  01:28:13 am)Nc File: [No.0007-322.NC]
[I](2021-03-12  01:28:13 am)  * Start Machine Position
[I](2021-03-12  01:28:13 am)    X:    143.3510
[I](2021-03-12  01:28:13 am)    Y:   -292.6266
[I](2021-03-12  01:28:13 am)    U:      0.0000
[I](2021-03-12  01:28:13 am)    V:      0.0000
[I](2021-03-12  01:28:13 am)    Z:     26.7708
[I](2021-03-12  01:28:13 am)  * Angle
[I](2021-03-12  01:28:13 am)    Ar:      0.0000,Kr:      0.0000
[I](2021-03-12  01:28:13 am)    Taper_Ar:      0.0000
[I](2021-03-12  01:30:02 am)작업중 정지 [d:2][t:00:01:48]
[I](2021-03-12  01:30:02 am)    [LNo:0007] 000231/000428
[I](2021-03-12  01:30:02 am)작업중 30sec 접촉 정지 [d:2][t:00:01:48]
[I](2021-03-12  01:30:08 am)작업 재시작
[I](2021-03-12  01:30:10 am)작업중 정지 [d:2][t:00:01:56]
[I](2021-03-12  01:30:10 am)    [LNo:0007] 000231/000428
[I](2021-03-12  01:30:27 am)작업 재시작
[I](2021-03-12  01:31:19 am)작업중 정지 [d:3][t:00:03:05]
[I](2021-03-12  01:31:19 am)    [LNo:0007] 000235/000428
[I](2021-03-12  01:31:42 am)작업 재시작
[I](2021-03-12  01:31:44 am)작업중 정지 [d:3][t:00:03:31]
[I](2021-03-12  01:31:44 am)    [LNo:0007] 000235/000428
[I](2021-03-12  01:31:57 am)작업 재시작
[I](2021-03-12  01:32:07 am)작업중 정지 [d:3][t:00:03:54]
[I](2021-03-12  01:32:07 am)    [LNo:0007] 000243/000428
[A](2021-03-12  01:32:24 am)[037] 자동결선 잔여 WIRE 처리 실패!!
[I](2021-03-12  01:34:20 am)작업중 정지 [d:4][t:00:06:06]
[I](2021-03-12  01:34:20 am)    [LNo:0007] 000257/000428
[I](2021-03-12  01:34:20 am)작업중 M코드정지 [d:4][t:00:06:06]
[I](2021-03-12  01:34:34 am)Reset
[I](2021-03-12  01:34:44 am)작업 시작 [Start d:493]
[I](2021-03-12  01:34:44 am)Nc File: [No.0007-322.NC]
[I](2021-03-12  01:34:44 am)  * Start Machine Position
[I](2021-03-12  01:34:44 am)    X:    142.5100
[I](2021-03-12  01:34:44 am)    Y:   -313.6046
[I](2021-03-12  01:34:44 am)    U:      0.0000
[I](2021-03-12  01:34:44 am)    V:      0.0000
[I](2021-03-12  01:34:44 am)    Z:     26.7708
[I](2021-03-12  01:34:44 am)  * Angle
[I](2021-03-12  01:34:44 am)    Ar:      0.0000,Kr:      0.0000
[I](2021-03-12  01:34:44 am)    Taper_Ar:      0.0000
[I](2021-03-12  01:38:03 am)작업중 정지 [d:3][t:00:03:18]
[I](2021-03-12  01:38:03 am)    [LNo:0007] 000326/000428
[I](2021-03-12  01:38:03 am)작업중 M코드정지 [d:3][t:00:03:18]
[I](2021-03-12  01:39:19 am)작업중 정지 [d:4][t:00:04:34]
[I](2021-03-12  01:39:19 am)    [LNo:0007] 000346/000428
[I](2021-03-12  01:39:21 am)Reset
[I](2021-03-12  01:39:31 am)작업 시작 [Start d:497]
[I](2021-03-12  01:39:31 am)Nc File: [No.0007-322.NC]
[I](2021-03-12  01:39:31 am)  * Start Machine Position
[I](2021-03-12  01:39:31 am)    X:    165.5100
[I](2021-03-12  01:39:31 am)    Y:   -313.6046
[I](2021-03-12  01:39:31 am)    U:      0.0000
[I](2021-03-12  01:39:31 am)    V:      0.0000
[I](2021-03-12  01:39:31 am)    Z:     26.7708
[I](2021-03-12  01:39:31 am)  * Angle
[I](2021-03-12  01:39:31 am)    Ar:      0.0000,Kr:      0.0000
[I](2021-03-12  01:39:31 am)    Taper_Ar:      0.0000
[I](2021-03-12  01:40:10 am)작업중 정지 [d:0][t:00:00:38]
[I](2021-03-12  01:40:10 am)    [LNo:0007] 000346/000428
[I](2021-03-12  01:41:03 am)Reset
[I](2021-03-12  01:41:11 am)작업 시작 [Start d:497]
[I](2021-03-12  01:41:11 am)Nc File: [No.0007-322.NC]
[I](2021-03-12  01:41:11 am)  * Start Machine Position
[I](2021-03-12  01:41:11 am)    X:    143.3510
[I](2021-03-12  01:41:11 am)    Y:   -292.6266
[I](2021-03-12  01:41:11 am)    U:      0.0000
[I](2021-03-12  01:41:11 am)    V:      0.0000
[I](2021-03-12  01:41:11 am)    Z:     26.7708
[I](2021-03-12  01:41:11 am)  * Angle
[I](2021-03-12  01:41:11 am)    Ar:      0.0000,Kr:      0.0000
[I](2021-03-12  01:41:11 am)    Taper_Ar:      0.0000
[I](2021-03-12  01:46:43 am)작업중 정지 [d:4][t:00:05:31]
[I](2021-03-12  01:46:43 am)    [LNo:0007] 000067/000428
[I](2021-03-12  01:46:43 am)작업중 M코드정지 [d:4][t:00:05:31]
[I](2021-03-12  01:47:33 am)작업중 정지 [d:4][t:00:06:21]
[I](2021-03-12  01:47:33 am)    [LNo:0007] 000071/000428
[I](2021-03-12  01:47:33 am)작업중 M코드정지 [d:4][t:00:06:21]
[I](2021-03-12  01:50:02 am)작업중 정지 [d:5][t:00:08:50]
[I](2021-03-12  01:50:02 am)    [LNo:0007] 000093/000428
[I](2021-03-12  01:50:02 am)작업중 M코드정지 [d:5][t:00:08:50]
[I](2021-03-12  01:50:45 am)Reset
[I](2021-03-12  01:50:54 am)작업 시작 [Start d:502]
[I](2021-03-12  01:50:54 am)Nc File: [No.0007-322.NC]
[I](2021-03-12  01:50:54 am)  * Start Machine Position
[I](2021-03-12  01:50:54 am)    X:    143.3510
[I](2021-03-12  01:50:54 am)    Y:   -292.6266
[I](2021-03-12  01:50:54 am)    U:      0.0000
[I](2021-03-12  01:50:54 am)    V:      0.0000
[I](2021-03-12  01:50:54 am)    Z:     26.7708
[I](2021-03-12  01:50:54 am)  * Angle
[I](2021-03-12  01:50:54 am)    Ar:      0.0000,Kr:      0.0000
[I](2021-03-12  01:50:54 am)    Taper_Ar:      0.0000
[I](2021-03-12  01:56:18 am)작업중 정지 [d:5][t:00:05:23]
[I](2021-03-12  01:56:18 am)    [LNo:0007] 000278/000428
[I](2021-03-12  01:56:18 am)작업중 M코드정지 [d:5][t:00:05:23]
[I](2021-03-12  01:57:47 am)작업중 정지 [d:5][t:00:06:52]
[I](2021-03-12  01:57:47 am)    [LNo:0007] 000282/000428
[I](2021-03-12  01:57:47 am)작업중 M코드정지 [d:5][t:00:06:52]
[I](2021-03-12  02:00:16 am)작업중 정지 [d:6][t:00:09:22]
[I](2021-03-12  02:00:16 am)    [LNo:0007] 000304/000428
[I](2021-03-12  02:00:16 am)작업중 M코드정지 [d:6][t:00:09:22]
[I](2021-03-12  02:00:39 am)Reset
[I](2021-03-12  02:00:48 am)작업 시작 [Start d:508]
[I](2021-03-12  02:00:48 am)Nc File: [No.0007-322.NC]
[I](2021-03-12  02:00:48 am)  * Start Machine Position
[I](2021-03-12  02:00:48 am)    X:    143.3510
[I](2021-03-12  02:00:48 am)    Y:   -292.6266
[I](2021-03-12  02:00:48 am)    U:      0.0000
[I](2021-03-12  02:00:48 am)    V:      0.0000
[I](2021-03-12  02:00:48 am)    Z:     26.7708
[I](2021-03-12  02:00:48 am)  * Angle
[I](2021-03-12  02:00:48 am)    Ar:      0.0000,Kr:      0.0000
[I](2021-03-12  02:00:48 am)    Taper_Ar:      0.0000
[I](2021-03-12  02:38:14 am)작업중 정지 [d:37][t:00:37:26]
[I](2021-03-12  02:38:14 am)    [LNo:0007] 000207/000428
[I](2021-03-12  02:38:14 am)작업중 M코드정지 [d:37][t:00:37:26]
[I](2021-03-12  02:38:48 am)작업중 정지 [d:37][t:00:38:00]
[I](2021-03-12  02:38:48 am)    [LNo:0007] 000209/000428
[I](2021-03-12  02:38:48 am)작업중 M코드정지 [d:37][t:00:38:00]
[I](2021-03-12  02:39:45 am)Reset
[I](2021-03-12  02:39:57 am)작업 시작 [Start d:545]
[I](2021-03-12  02:39:57 am)Nc File: [No.0007-322.NC]
[I](2021-03-12  02:39:57 am)  * Start Machine Position
[I](2021-03-12  02:39:57 am)    X:    143.3510
[I](2021-03-12  02:39:57 am)    Y:   -292.6266
[I](2021-03-12  02:39:57 am)    U:      0.0000
[I](2021-03-12  02:39:57 am)    V:      0.0000
[I](2021-03-12  02:39:57 am)    Z:     26.7708
[I](2021-03-12  02:39:57 am)  * Angle
[I](2021-03-12  02:39:57 am)    Ar:      0.0000,Kr:      0.0000
[I](2021-03-12  02:39:57 am)    Taper_Ar:      0.0000
[I](2021-03-12  03:16:25 am)작업중 정지 [d:36][t:00:36:27]
[I](2021-03-12  03:16:25 am)    [LNo:0007] 000416/000428
[I](2021-03-12  03:16:25 am)작업중 M코드정지 [d:36][t:00:36:27]
[I](2021-03-12  03:17:08 am)작업중 정지 [d:36][t:00:37:10]
[I](2021-03-12  03:17:08 am)    [LNo:0007] 000418/000428
[I](2021-03-12  03:17:08 am)작업중 M코드정지 [d:36][t:00:37:10]
[I](2021-03-12  03:21:10 am)Reset
[I](2021-03-12  03:24:07 am)Reset
[I](2021-03-12  03:24:41 am)Reset
[I](2021-03-12  03:26:57 am)작업 시작 [Start d:581]
[I](2021-03-12  03:26:57 am)Nc File: [No.0018-333.NC *]
[I](2021-03-12  03:26:57 am)  * Start Machine Position
[I](2021-03-12  03:26:57 am)    X:    540.1993
[I](2021-03-12  03:26:57 am)    Y:   -332.3384
[I](2021-03-12  03:26:57 am)    U:      0.0000
[I](2021-03-12  03:26:57 am)    V:      0.0000
[I](2021-03-12  03:26:57 am)    Z:      9.5878
[I](2021-03-12  03:26:57 am)  * Angle
[I](2021-03-12  03:26:57 am)    Ar:      0.0000,Kr:      0.0000
[I](2021-03-12  03:26:57 am)    Taper_Ar:      0.0000
[I](2021-03-12  03:29:07 am)작업중 정지 [d:2][t:00:02:10]
[I](2021-03-12  03:29:07 am)    [LNo:0018] 000022/000371
[I](2021-03-12  03:29:07 am)작업중 M코드정지 [d:2][t:00:02:10]
[I](2021-03-12  03:34:10 am)작업중 정지 [d:2][t:00:07:13]
[I](2021-03-12  03:34:10 am)    [LNo:0018] 000024/000371
[I](2021-03-12  03:34:25 am)작업 재시작
[I](2021-03-12  03:34:33 am)작업중 정지 [d:2][t:00:07:36]
[I](2021-03-12  03:34:33 am)    [LNo:0018] 000026/000371
[I](2021-03-12  03:34:33 am)작업중 M코드정지 [d:2][t:00:07:36]
[I](2021-03-12  03:35:48 am)작업중 정지 [d:3][t:00:08:51]
[I](2021-03-12  03:35:48 am)    [LNo:0018] 000046/000371
[I](2021-03-12  03:35:48 am)작업중 M코드정지 [d:3][t:00:08:51]
[A](2021-03-12  03:37:18 am)[037] 자동결선 잔여 WIRE 처리 실패!!
[I](2021-03-12  03:44:26 am)작업중 정지 [d:9][t:00:17:29]
[I](2021-03-12  03:44:26 am)    [LNo:0018] 000122/000371
[I](2021-03-12  03:44:26 am)작업중 M코드정지 [d:9][t:00:17:29]
[I](2021-03-12  03:45:14 am)작업중 정지 [d:9][t:00:18:17]
[I](2021-03-12  03:45:14 am)    [LNo:0018] 000125/000371
[I](2021-03-12  03:45:14 am)작업중 M코드정지 [d:9][t:00:18:17]
[I](2021-03-12  04:02:06 am)작업중 정지 [d:25][t:00:35:09]
[I](2021-03-12  04:02:06 am)    [LNo:0018] 000319/000371
[I](2021-03-12  04:02:06 am)작업중 30sec 접촉 정지 [d:25][t:00:35:09]
[I](2021-03-12  04:04:45 am)작업 재시작
[I](2021-03-12  04:16:21 am)작업중 정지 [d:37][t:00:49:24]
[I](2021-03-12  04:16:21 am)    [LNo:0018] 000360/000371
[I](2021-03-12  04:16:21 am)작업중 M코드정지 [d:37][t:00:49:24]
[I](2021-03-12  04:16:37 am)작업중 정지 [d:37][t:00:49:40]
[I](2021-03-12  04:16:37 am)    [LNo:0018] 000361/000371
[I](2021-03-12  04:16:37 am)Wire Contact Auto Stop(M52)
[I](2021-03-12  04:23:40 am)Reset
[I](2021-03-12  04:28:27 am)Reset
[I](2021-03-12  04:28:29 am)Reset
[I](2021-03-12  04:30:57 am)Reset
[I](2021-03-12  04:32:34 am)작업 시작 [Start d:618]
[I](2021-03-12  04:32:34 am)Nc File: [No.0012-327.NC]
[I](2021-03-12  04:32:34 am)  * Start Machine Position
[I](2021-03-12  04:32:34 am)    X:     26.6563
[I](2021-03-12  04:32:34 am)    Y:   -375.4783
[I](2021-03-12  04:32:34 am)    U:      0.0000
[I](2021-03-12  04:32:34 am)    V:      0.0000
[I](2021-03-12  04:32:34 am)    Z:     36.1453
[I](2021-03-12  04:32:34 am)  * Angle
[I](2021-03-12  04:32:34 am)    Ar:      0.2223,Kr:      0.0000
[I](2021-03-12  04:32:34 am)    Taper_Ar:      0.0000
[I](2021-03-12  04:34:00 am)작업중 정지 [d:2][t:00:01:25]
[I](2021-03-12  04:34:00 am)    [LNo:0012] 000065/000391
[I](2021-03-12  04:34:00 am)작업중 M코드정지 [d:2][t:00:01:25]
[I](2021-03-12  04:35:05 am)작업중 정지 [d:2][t:00:02:30]
[I](2021-03-12  04:35:05 am)    [LNo:0012] 000077/000391
[I](2021-03-12  04:35:05 am)작업중 M코드정지 [d:2][t:00:02:31]
[A](2021-03-12  04:35:48 am)[037] 자동결선 잔여 WIRE 처리 실패!!
[I](2021-03-12  04:36:39 am)작업중 정지 [d:2][t:00:04:05]
[I](2021-03-12  04:36:39 am)    [LNo:0012] 000084/000391
[I](2021-03-12  04:42:45 am)작업중 정지 [d:5][t:00:10:10]
[I](2021-03-12  04:42:45 am)    [LNo:0012] 000304/000391
[A](2021-03-12  04:43:17 am)[037] 자동결선 잔여 WIRE 처리 실패!!
[I](2021-03-12  04:44:26 am)작업 재시작
[I](2021-03-12  04:44:31 am)작업중 정지 [d:5][t:00:11:56]
[I](2021-03-12  04:44:31 am)    [LNo:0012] 000304/000391
[I](2021-03-12  04:44:34 am)작업 재시작
[I](2021-03-12  04:44:45 am)작업중 정지 [d:5][t:00:12:10]
[I](2021-03-12  04:44:45 am)    [LNo:0012] 000307/000391
[I](2021-03-12  04:44:45 am)작업중 M코드정지 [d:5][t:00:12:10]
[I](2021-03-12  04:46:46 am)작업중 정지 [d:6][t:00:14:11]
[I](2021-03-12  04:46:46 am)    [LNo:0012] 000333/000391
[I](2021-03-12  04:47:02 am)작업중 정지 [d:6][t:00:14:27]
[I](2021-03-12  04:47:02 am)    [LNo:0012] 000341/000391
[I](2021-03-12  04:47:06 am)작업 재시작
[I](2021-03-12  04:47:09 am)작업중 정지 [d:6][t:00:14:34]
[I](2021-03-12  04:47:09 am)    [LNo:0012] 000341/000391
[I](2021-03-12  04:47:44 am)작업 재시작
[I](2021-03-12  04:47:46 am)작업중 정지 [d:6][t:00:15:11]
[I](2021-03-12  04:47:46 am)    [LNo:0012] 000341/000391
[A](2021-03-12  04:47:53 am)[002] 가공액 미동작
[I](2021-03-12  04:47:56 am)작업 재시작
[I](2021-03-12  04:47:58 am)작업중 정지 [d:6][t:00:15:23]
[I](2021-03-12  04:47:58 am)    [LNo:0012] 000341/000391
[I](2021-03-12  04:48:12 am)작업 재시작
[I](2021-03-12  04:48:14 am)작업중 정지 [d:6][t:00:15:39]
[I](2021-03-12  04:48:14 am)    [LNo:0012] 000341/000391
[I](2021-03-12  04:49:46 am)작업 재시작
[I](2021-03-12  04:49:48 am)작업중 정지 [d:6][t:00:17:13]
[I](2021-03-12  04:49:48 am)    [LNo:0012] 000341/000391
[I](2021-03-12  04:50:34 am)작업 재시작
[I](2021-03-12  04:50:35 am)작업중 정지 [d:6][t:00:18:01]
[I](2021-03-12  04:50:35 am)    [LNo:0012] 000341/000391
[I](2021-03-12  04:51:25 am)작업 재시작
[I](2021-03-12  04:51:27 am)작업중 정지 [d:6][t:00:18:52]
[I](2021-03-12  04:51:27 am)    [LNo:0012] 000341/000391
[I](2021-03-12  04:51:51 am)작업 재시작
[I](2021-03-12  04:51:54 am)작업중 정지 [d:7][t:00:19:19]
[I](2021-03-12  04:51:54 am)    [LNo:0012] 000341/000391
[I](2021-03-12  04:52:43 am)작업 재시작
[I](2021-03-12  04:53:04 am)작업중 정지 [d:8][t:00:20:29]
[I](2021-03-12  04:53:04 am)    [LNo:0012] 000341/000391
[I](2021-03-12  04:53:04 am)작업중 30sec 접촉 정지 [d:8][t:00:20:29]
[I](2021-03-12  04:53:07 am)작업 재시작
[I](2021-03-12  04:53:09 am)작업중 정지 [d:8][t:00:20:34]
[I](2021-03-12  04:53:09 am)    [LNo:0012] 000341/000391
[A](2021-03-12  04:54:11 am)[037] 자동결선 잔여 WIRE 처리 실패!!
[I](2021-03-12  04:54:34 am)Reset
[I](2021-03-12  04:54:43 am)작업 시작 [Start d:626]
[I](2021-03-12  04:54:43 am)Nc File: [No.0012-327.NC]
[I](2021-03-12  04:54:43 am)  * Start Machine Position
[I](2021-03-12  04:54:43 am)    X:     26.6563
[I](2021-03-12  04:54:43 am)    Y:   -375.4783
[I](2021-03-12  04:54:43 am)    U:      0.0000
[I](2021-03-12  04:54:43 am)    V:      0.0000
[I](2021-03-12  04:54:43 am)    Z:     36.1453
[I](2021-03-12  04:54:43 am)  * Angle
[I](2021-03-12  04:54:43 am)    Ar:      0.2223,Kr:      0.0000
[I](2021-03-12  04:54:43 am)    Taper_Ar:      0.0000
[I](2021-03-12  04:55:06 am)작업중 정지 [d:0][t:00:00:23]
[I](2021-03-12  04:55:06 am)    [LNo:0012] 000333/000391
[I](2021-03-12  05:22:23 am)작업중 정지 [d:27][t:00:27:40]
[I](2021-03-12  05:22:23 am)    [LNo:0012] 000365/000391
[I](2021-03-12  05:22:23 am)작업중 30sec 접촉 정지 [d:27][t:00:27:40]
[I](2021-03-12  06:45:53 am)작업 재시작
[I](2021-03-12  06:47:55 am)작업중 정지 [d:29][t:01:53:12]
[I](2021-03-12  06:47:55 am)    [LNo:0012] 000378/000391
[I](2021-03-12  06:47:55 am)Wire Contact Auto Stop(M52)
[I](2021-03-12  06:48:53 am)작업 재시작
[I](2021-03-12  06:49:03 am)작업중 정지 [d:29][t:01:54:20]
[I](2021-03-12  06:49:03 am)    [LNo:0012] 000378/000391
[I](2021-03-12  06:49:03 am)작업중 30sec 접촉 정지 [d:29][t:01:54:20]
[I](2021-03-12  06:49:27 am)작업 재시작
[I](2021-03-12  06:49:41 am)작업중 정지 [d:29][t:01:54:58]
[I](2021-03-12  06:49:41 am)    [LNo:0012] 000378/000391
[I](2021-03-12  06:49:41 am)작업중 30sec 접촉 정지 [d:29][t:01:54:58]
[I](2021-03-12  06:49:47 am)작업 재시작
[I](2021-03-12  06:49:56 am)작업중 정지 [d:30][t:01:55:12]
[I](2021-03-12  06:49:56 am)    [LNo:0012] 000378/000391
[I](2021-03-12  06:50:16 am)작업 재시작
[I](2021-03-12  06:50:42 am)작업중 정지 [d:30][t:01:55:58]
[I](2021-03-12  06:50:42 am)    [LNo:0012] 000378/000391
[I](2021-03-12  06:50:42 am)작업중 30sec 접촉 정지 [d:30][t:01:55:59]
[I](2021-03-12  06:50:48 am)작업 재시작
[I](2021-03-12  06:50:50 am)작업중 정지 [d:30][t:01:56:07]
[I](2021-03-12  06:50:50 am)    [LNo:0012] 000378/000391
[I](2021-03-12  06:51:07 am)작업 재시작
[I](2021-03-12  06:51:22 am)작업중 정지 [d:30][t:01:56:39]
[I](2021-03-12  06:51:22 am)    [LNo:0012] 000378/000391
[I](2021-03-12  06:51:22 am)작업중 30sec 접촉 정지 [d:30][t:01:56:39]
[I](2021-03-12  06:51:42 am)작업 재시작
[I](2021-03-12  06:51:53 am)작업중 정지 [d:31][t:01:57:09]
[I](2021-03-12  06:51:53 am)    [LNo:0012] 000378/000391
[I](2021-03-12  06:51:53 am)작업중 30sec 접촉 정지 [d:31][t:01:57:10]
[I](2021-03-12  06:51:54 am)작업 재시작
[I](2021-03-12  06:51:58 am)작업중 정지 [d:31][t:01:57:15]
[I](2021-03-12  06:51:58 am)    [LNo:0012] 000378/000391
[A](2021-03-12  06:53:30 am)[037] 자동결선 잔여 WIRE 처리 실패!!
[I](2021-03-12  06:55:11 am)작업 재시작
[I](2021-03-12  06:55:31 am)작업중 정지 [d:31][t:02:00:48]
[I](2021-03-12  06:55:31 am)    [LNo:0012] 000378/000391
[I](2021-03-12  06:55:31 am)작업중 30sec 접촉 정지 [d:31][t:02:00:48]
[I](2021-03-12  06:55:37 am)작업 재시작
[I](2021-03-12  06:55:40 am)작업중 정지 [d:31][t:02:00:57]
[I](2021-03-12  06:55:40 am)    [LNo:0012] 000378/000391
[I](2021-03-12  06:55:44 am)작업 재시작
[I](2021-03-12  06:55:45 am)작업중 정지 [d:31][t:02:01:02]
[I](2021-03-12  06:55:45 am)    [LNo:0012] 000378/000391
[I](2021-03-12  06:56:05 am)작업 재시작
[I](2021-03-12  06:56:42 am)작업중 정지 [d:31][t:02:01:59]
[I](2021-03-12  06:56:42 am)    [LNo:0012] 000378/000391
[I](2021-03-12  06:56:42 am)작업중 30sec 접촉 정지 [d:31][t:02:01:59]
[I](2021-03-12  06:56:50 am)작업 재시작
[I](2021-03-12  06:56:55 am)작업중 정지 [d:32][t:02:02:11]
[I](2021-03-12  06:56:55 am)    [LNo:0012] 000378/000391
[I](2021-03-12  06:56:55 am)작업중 30sec 접촉 정지 [d:32][t:02:02:12]
[I](2021-03-12  06:56:59 am)작업 재시작
[I](2021-03-12  06:57:01 am)작업중 정지 [d:32][t:02:02:18]
[I](2021-03-12  06:57:01 am)    [LNo:0012] 000378/000391
[I](2021-03-12  06:57:51 am)작업 재시작
[I](2021-03-12  06:57:53 am)작업중 정지 [d:33][t:02:03:10]
[I](2021-03-12  06:57:53 am)    [LNo:0012] 000378/000391
[I](2021-03-12  06:57:57 am)작업 재시작
[I](2021-03-12  06:57:59 am)작업중 정지 [d:33][t:02:03:16]
[I](2021-03-12  06:57:59 am)    [LNo:0012] 000378/000391
[A](2021-03-12  06:58:20 am)[037] 자동결선 잔여 WIRE 처리 실패!!
[I](2021-03-12  06:59:45 am)작업 재시작
[I](2021-03-12  07:00:04 am)작업중 정지 [d:34][t:02:05:21]
[I](2021-03-12  07:00:04 am)    [LNo:0012] 000378/000391
[I](2021-03-12  07:00:04 am)작업중 30sec 접촉 정지 [d:34][t:02:05:21]
[A](2021-03-12  07:00:42 am)[037] 자동결선 잔여 WIRE 처리 실패!!
[I](2021-03-12  07:01:31 am)작업 재시작
[I](2021-03-12  07:05:03 am)작업중 정지 [d:38][t:02:10:20]
[I](2021-03-12  07:05:03 am)    [LNo:0012] 000379/000391
[I](2021-03-12  07:05:03 am)작업중 M코드정지 [d:38][t:02:10:20]
[I](2021-03-12  07:05:45 am)작업중 정지 [d:38][t:02:11:02]
[I](2021-03-12  07:05:45 am)    [LNo:0012] 000380/000391
[I](2021-03-12  07:05:45 am)Wire Contact Auto Stop(M52)
[I](2021-03-12  07:08:35 am)Reset
[I](2021-03-12  07:10:17 am)Reset
[I](2021-03-12  07:13:14 am)Reset
[A](2021-03-12  07:13:16 am)[002] 가공액 미동작
[I](2021-03-12  07:13:21 am)작업 시작 [Start d:664]
[I](2021-03-12  07:13:21 am)Nc File: [No.0017-332.NC]
[I](2021-03-12  07:13:21 am)  * Start Machine Position
[I](2021-03-12  07:13:21 am)    X:    557.8129
[I](2021-03-12  07:13:21 am)    Y:   -199.8662
[I](2021-03-12  07:13:21 am)    U:      0.0000
[I](2021-03-12  07:13:21 am)    V:      0.0000
[I](2021-03-12  07:13:21 am)    Z:     92.4958
[I](2021-03-12  07:13:21 am)  * Angle
[I](2021-03-12  07:13:21 am)    Ar:      0.2223,Kr:      0.0000
[I](2021-03-12  07:13:21 am)    Taper_Ar:      0.0000
[I](2021-03-12  07:32:09 am)작업중 정지 [d:19][t:00:18:48]
[I](2021-03-12  07:32:09 am)    [LNo:0017] 000044/000380
[A](2021-03-12  07:32:09 am)[008] 작업중 단선(AWF Feed Motor Stop )
[I](2021-03-12  07:32:09 am)작업중 Wire 단선 [d:19][t:00:18:48]
[I](2021-03-12  07:33:48 am)작업 재시작
[I](2021-03-12  07:54:22 am)작업중 정지 [d:39][t:00:41:01]
[I](2021-03-12  07:54:22 am)    [LNo:0017] 000221/000380
[I](2021-03-12  07:54:22 am)작업중 30sec 접촉 정지 [d:39][t:00:41:01]
[I](2021-03-12  07:54:43 am)작업 재시작
[I](2021-03-12  07:54:53 am)작업중 정지 [d:40][t:00:41:31]
[I](2021-03-12  07:54:53 am)    [LNo:0017] 000221/000380
[I](2021-03-12  07:54:53 am)작업중 30sec 접촉 정지 [d:40][t:00:41:31]
[I](2021-03-12  07:54:57 am)작업 재시작
[I](2021-03-12  07:55:07 am)작업중 정지 [d:40][t:00:41:46]
[I](2021-03-12  07:55:07 am)    [LNo:0017] 000221/000380
[I](2021-03-12  07:55:07 am)작업중 30sec 접촉 정지 [d:40][t:00:41:46]
[I](2021-03-12  07:55:11 am)작업 재시작
[I](2021-03-12  07:56:15 am)작업중 정지 [d:41][t:00:42:53]
[I](2021-03-12  07:56:15 am)    [LNo:0017] 000244/000380
[I](2021-03-12  07:56:15 am)작업중 30sec 접촉 정지 [d:41][t:00:42:53]
[I](2021-03-12  07:59:57 am)작업 재시작
[I](2021-03-12  08:00:14 am)작업중 정지 [d:41][t:00:46:53]
[I](2021-03-12  08:00:14 am)    [LNo:0017] 000244/000380
[I](2021-03-12  08:00:18 am)작업 재시작
[I](2021-03-12  08:00:34 am)작업중 정지 [d:41][t:00:47:12]
[I](2021-03-12  08:00:34 am)    [LNo:0017] 000244/000380
[I](2021-03-12  08:00:34 am)작업중 30sec 접촉 정지 [d:41][t:00:47:12]
[I](2021-03-12  08:00:38 am)작업 재시작
[I](2021-03-12  08:02:15 am)작업중 정지 [d:43][t:00:48:53]
[I](2021-03-12  08:02:15 am)    [LNo:0017] 000294/000380
[I](2021-03-12  08:02:15 am)작업중 30sec 접촉 정지 [d:43][t:00:48:54]
[I](2021-03-12  08:02:49 am)작업 재시작
[I](2021-03-12  08:07:22 am)작업중 정지 [d:47][t:00:54:00]
[I](2021-03-12  08:07:22 am)    [LNo:0017] 000339/000380
[I](2021-03-12  08:07:22 am)작업중 M코드정지 [d:47][t:00:54:00]
[I](2021-03-12  08:12:00 am)작업중 정지 [d:48][t:00:58:39]
[I](2021-03-12  08:12:00 am)    [LNo:0017] 000343/000380
[I](2021-03-12  08:12:00 am)작업중 M코드정지 [d:48][t:00:58:39]
[I](2021-03-12  08:13:56 am)작업중 정지 [d:48][t:01:00:35]
[I](2021-03-12  08:13:56 am)    [LNo:0017] 000352/000380
[A](2021-03-12  08:13:56 am)[009] 자동결선 Error(M20-삽입실패)
[I](2021-03-12  08:36:05 am)작업중 정지 [d:50][t:01:22:43]
[I](2021-03-12  08:36:05 am)    [LNo:0017] 000366/000380
[I](2021-03-12  08:36:05 am)작업중 M코드정지 [d:50][t:01:22:43]
[I](2021-03-12  08:38:38 am)작업중 정지 [d:50][t:01:25:17]
[I](2021-03-12  08:38:38 am)    [LNo:0017] 000369/000380
[I](2021-03-12  08:38:38 am)Wire Contact Auto Stop(M52)
[I](2021-03-12  09:12:28 am)Reset
[I](2021-03-12  09:12:28 am)Reset
[I](2021-03-12  09:13:40 am)Reset
[I](2021-03-12  09:14:09 am)Reset
[I](2021-03-12  09:18:04 am)Reset
[I](2021-03-12  09:31:41 am)Reset
[I](2021-03-12  09:44:22 am)Reset
[I](2021-03-12  09:55:56 am)Reset
[I](2021-03-12  09:55:56 am)Reset
[I](2021-03-12  09:58:32 am)작업 시작 [Start d:714]
[I](2021-03-12  09:58:32 am)Nc File: [No.0012-327.NC]
[I](2021-03-12  09:58:32 am)  * Start Machine Position
[I](2021-03-12  09:58:32 am)    X:     46.3038
[I](2021-03-12  09:58:32 am)    Y:   -357.2523
[I](2021-03-12  09:58:32 am)    U:      0.0000
[I](2021-03-12  09:58:32 am)    V:      0.0000
[I](2021-03-12  09:58:32 am)    Z:     36.4203
[I](2021-03-12  09:58:32 am)  * Angle
[I](2021-03-12  09:58:32 am)    Ar:      0.0738,Kr:      0.0000
[I](2021-03-12  09:58:32 am)    Taper_Ar:      0.0000
[I](2021-03-12  09:59:11 am)작업중 정지 [d:0][t:00:00:39]
[I](2021-03-12  09:59:11 am)    [LNo:0012] 000065/000391
[I](2021-03-12  09:59:11 am)작업중 M코드정지 [d:0][t:00:00:39]
[I](2021-03-12  09:59:15 am)작업중 정지 [d:0][t:00:00:42]
[I](2021-03-12  09:59:15 am)    [LNo:0012] 000077/000391
[I](2021-03-12  09:59:15 am)작업중 M코드정지 [d:0][t:00:00:42]
[I](2021-03-12  09:59:34 am)작업중 정지 [d:0][t:00:01:01]
[I](2021-03-12  09:59:34 am)    [LNo:0012] 000303/000391
[I](2021-03-12  09:59:34 am)작업중 M코드정지 [d:0][t:00:01:01]
[I](2021-03-12  09:59:35 am)작업중 정지 [d:0][t:00:01:03]
[I](2021-03-12  09:59:35 am)    [LNo:0012] 000307/000391
[I](2021-03-12  09:59:35 am)작업중 M코드정지 [d:0][t:00:01:03]
[I](2021-03-12  10:00:08 am)작업중 정지 [d:0][t:00:01:35]
[I](2021-03-12  10:00:08 am)    [LNo:0012] 000379/000391
[I](2021-03-12  10:00:08 am)작업중 M코드정지 [d:0][t:00:01:35]
[I](2021-03-12  10:01:04 am)작업중 정지 [d:0][t:00:02:32]
[I](2021-03-12  10:01:04 am)    [LNo:0012] 000381/000391
[I](2021-03-12  10:01:04 am)작업중 M코드정지 [d:0][t:00:02:32]
[I](2021-03-12  10:01:08 am)작업중 정지 [d:0][t:00:02:35]
[I](2021-03-12  10:01:08 am)    [LNo:0012] 000387/000391
[I](2021-03-12  10:01:08 am)작업중 M코드정지 [d:0][t:00:02:35]
[I](2021-03-12  10:01:47 am)Reset
[I](2021-03-12  10:01:47 am)Reset
[I](2021-03-12  10:02:03 am)작업 시작 [Start d:714]
[I](2021-03-12  10:02:03 am)Nc File: [No.0012-327.NC]
[I](2021-03-12  10:02:03 am)  * Start Machine Position
[I](2021-03-12  10:02:03 am)    X:     46.3038
[I](2021-03-12  10:02:03 am)    Y:   -357.2523
[I](2021-03-12  10:02:03 am)    U:      0.0000
[I](2021-03-12  10:02:03 am)    V:      0.0000
[I](2021-03-12  10:02:03 am)    Z:     36.4203
[I](2021-03-12  10:02:03 am)  * Angle
[I](2021-03-12  10:02:03 am)    Ar:      0.0738,Kr:      0.0000
[I](2021-03-12  10:02:03 am)    Taper_Ar:      0.0000
[I](2021-03-12  10:02:04 am)작업중 정지 [d:0][t:00:00:01]
[I](2021-03-12  10:02:04 am)    [LNo:0012] 000007/000391
[I](2021-03-12  10:04:06 am)작업중 정지 [d:2][t:00:02:02]
[I](2021-03-12  10:04:06 am)    [LNo:0012] 000065/000391
[I](2021-03-12  10:04:06 am)작업중 M코드정지 [d:2][t:00:02:03]
[I](2021-03-12  10:04:24 am)작업중 정지 [d:2][t:00:02:21]
[I](2021-03-12  10:04:24 am)    [LNo:0012] 000066/000391
[I](2021-03-12  10:11:13 am)작업 재시작
[I](2021-03-12  10:11:21 am)작업중 정지 [d:2][t:00:09:17]
[I](2021-03-12  10:11:21 am)    [LNo:0012] 000067/000391
[I](2021-03-12  10:11:41 am)Reset
[I](2021-03-12  10:11:41 am)Reset
[I](2021-03-12  10:11:56 am)작업 시작 [Start d:716]
[I](2021-03-12  10:11:56 am)Nc File: [No.0012-327.NC]
[I](2021-03-12  10:11:56 am)  * Start Machine Position
[I](2021-03-12  10:11:56 am)    X:     46.3038
[I](2021-03-12  10:11:56 am)    Y:   -357.2523
[I](2021-03-12  10:11:56 am)    U:      0.0000
[I](2021-03-12  10:11:56 am)    V:      0.0000
[I](2021-03-12  10:11:56 am)    Z:     36.4203
[I](2021-03-12  10:11:56 am)  * Angle
[I](2021-03-12  10:11:56 am)    Ar:      0.0738,Kr:      0.0000
[I](2021-03-12  10:11:56 am)    Taper_Ar:      0.0000
[I](2021-03-12  10:12:59 am)작업중 정지 [d:1][t:00:01:02]
[I](2021-03-12  10:12:59 am)    [LNo:0012] 000065/000391
[I](2021-03-12  10:12:59 am)작업중 M코드정지 [d:1][t:00:01:03]
[I](2021-03-12  10:13:16 am)작업중 정지 [d:1][t:00:01:20]
[I](2021-03-12  10:13:16 am)    [LNo:0012] 000077/000391
[I](2021-03-12  10:13:16 am)작업중 M코드정지 [d:1][t:00:01:20]
[I](2021-03-12  10:18:17 am)작업중 정지 [d:5][t:00:06:20]
[I](2021-03-12  10:18:17 am)    [LNo:0012] 000303/000391
[I](2021-03-12  10:18:17 am)작업중 M코드정지 [d:5][t:00:06:20]
[I](2021-03-12  10:18:32 am)작업중 정지 [d:5][t:00:06:35]
[I](2021-03-12  10:18:32 am)    [LNo:0012] 000304/000391
[I](2021-03-12  10:19:58 am)작업 재시작
[I](2021-03-12  10:20:03 am)작업중 정지 [d:5][t:00:08:06]
[I](2021-03-12  10:20:03 am)    [LNo:0012] 000307/000391
[I](2021-03-12  10:20:03 am)작업중 M코드정지 [d:5][t:00:08:06]
[I](2021-03-12  10:24:27 am)작업중 정지 [d:8][t:00:12:30]
[I](2021-03-12  10:24:27 am)    [LNo:0012] 000341/000391
[I](2021-03-12  10:24:27 am)작업중 30sec 접촉 정지 [d:8][t:00:12:30]
[A](2021-03-12  10:33:57 am)[001] 와이어 미동작
[I](2021-03-12  10:40:38 am)작업 재시작
[I](2021-03-12  11:05:53 am)작업중 정지 [d:40][t:00:53:56]
[I](2021-03-12  11:05:53 am)    [LNo:0012] 000365/000391
[I](2021-03-12  11:05:53 am)작업중 30sec 접촉 정지 [d:40][t:00:53:56]
[I](2021-03-12  11:08:35 am)작업 재시작
[I](2021-03-12  11:13:27 am)작업중 정지 [d:45][t:01:01:30]
[I](2021-03-12  11:13:27 am)    [LNo:0012] 000379/000391
[I](2021-03-12  11:13:27 am)작업중 M코드정지 [d:45][t:01:01:30]
[I](2021-03-12  11:13:47 am)작업중 정지 [d:45][t:01:01:50]
[I](2021-03-12  11:13:47 am)    [LNo:0012] 000380/000391
[I](2021-03-12  11:13:47 am)Wire Contact Auto Stop(M52)
[I](2021-03-12  11:20:45 am)Reset
[I](2021-03-12  11:20:55 am)Reset
[I](2021-03-12  01:50:22 pm)Reset
[I](2021-03-12  01:51:46 pm)Reset
[I](2021-03-12  01:51:54 pm)Reset
[I](2021-03-12  01:54:16 pm)Reset
[I](2021-03-12  01:55:10 pm)Reset
[I](2021-03-12  01:55:52 pm)Reset
[I](2021-03-12  01:59:54 pm)Reset
[I](2021-03-12  02:00:12 pm)Reset
[I](2021-03-12  02:02:29 pm)작업 시작 [Start d:0]
[I](2021-03-12  02:02:29 pm)Nc File: [No.0001-339.NC]
[I](2021-03-12  02:02:29 pm)  * Start Machine Position
[I](2021-03-12  02:02:29 pm)    X:     32.6042
[I](2021-03-12  02:02:29 pm)    Y:   -337.2646
[I](2021-03-12  02:02:29 pm)    U:      0.0000
[I](2021-03-12  02:02:29 pm)    V:      0.0000
[I](2021-03-12  02:02:29 pm)    Z:     32.3503
[I](2021-03-12  02:02:29 pm)  * Angle
[I](2021-03-12  02:02:29 pm)    Ar:      0.5852,Kr:      0.0000
[I](2021-03-12  02:02:29 pm)    Taper_Ar:      0.0000
[I](2021-03-12  02:06:23 pm)작업중 정지 [d:4][t:00:03:53]
[I](2021-03-12  02:06:23 pm)    [LNo:0001] 000028/001004
[I](2021-03-12  02:06:44 pm)작업 재시작
[I](2021-03-12  02:06:45 pm)작업중 정지 [d:4][t:00:04:16]
[I](2021-03-12  02:06:45 pm)    [LNo:0001] 000028/001004
[I](2021-03-12  02:08:21 pm)작업 재시작
[I](2021-03-12  02:12:41 pm)작업중 정지 [d:8][t:00:10:12]
[I](2021-03-12  02:12:41 pm)    [LNo:0001] 000081/001004
[I](2021-03-12  02:22:31 pm)작업중 정지 [d:16][t:00:20:02]
[I](2021-03-12  02:22:31 pm)    [LNo:0001] 000099/001004
[I](2021-03-12  02:22:31 pm)Wire Contact Auto Stop(M52)
[I](2021-03-12  02:24:58 pm)작업 재시작
[I](2021-03-12  02:25:06 pm)작업중 정지 [d:16][t:00:22:37]
[I](2021-03-12  02:25:06 pm)    [LNo:0001] 000100/001004
[I](2021-03-12  02:25:06 pm)작업중 M코드정지 [d:16][t:00:22:37]
[I](2021-03-12  02:25:51 pm)작업중 정지 [d:17][t:00:23:22]
[I](2021-03-12  02:25:51 pm)    [LNo:0001] 000101/001004
[I](2021-03-12  02:27:20 pm)작업 재시작
[I](2021-03-12  02:27:26 pm)작업중 정지 [d:17][t:00:24:57]
[I](2021-03-12  02:27:26 pm)    [LNo:0001] 000102/001004
[I](2021-03-12  02:27:26 pm)작업중 M코드정지 [d:17][t:00:24:57]
[I](2021-03-12  02:44:18 pm)작업중 정지 [d:32][t:00:41:49]
[I](2021-03-12  02:44:18 pm)    [LNo:0001] 000204/001004
[I](2021-03-12  02:44:18 pm)작업중 M코드정지 [d:32][t:00:41:49]
[I](2021-03-12  02:49:52 pm)작업중 정지 [d:33][t:00:47:23]
[I](2021-03-12  02:49:52 pm)    [LNo:0001] 000205/001004
[I](2021-03-12  02:49:52 pm)작업중 30sec 접촉 정지 [d:33][t:00:47:23]
[I](2021-03-12  02:50:03 pm)작업 재시작
[I](2021-03-12  02:50:07 pm)작업중 정지 [d:33][t:00:47:37]
[I](2021-03-12  02:50:07 pm)    [LNo:0001] 000205/001004
[I](2021-03-12  02:50:38 pm)작업 재시작
[I](2021-03-12  02:51:02 pm)작업중 정지 [d:34][t:00:48:33]
[I](2021-03-12  02:51:02 pm)    [LNo:0001] 000205/001004
[I](2021-03-12  02:51:02 pm)작업중 30sec 접촉 정지 [d:34][t:00:48:33]
[I](2021-03-12  02:52:10 pm)작업 재시작
[I](2021-03-12  02:52:19 pm)작업중 정지 [d:34][t:00:49:49]
[I](2021-03-12  02:52:19 pm)    [LNo:0001] 000206/001004
[I](2021-03-12  02:52:19 pm)작업중 M코드정지 [d:34][t:00:49:49]
[I](2021-03-12  03:14:46 pm)작업중 정지 [d:55][t:01:12:16]
[I](2021-03-12  03:14:46 pm)    [LNo:0001] 000234/001004
[I](2021-03-12  03:14:46 pm)작업중 M코드정지 [d:55][t:01:12:16]
[I](2021-03-12  03:15:21 pm)작업중 정지 [d:55][t:01:12:52]
[I](2021-03-12  03:15:21 pm)    [LNo:0001] 000235/001004
[I](2021-03-12  03:15:48 pm)작업 재시작
[I](2021-03-12  03:15:59 pm)작업중 정지 [d:56][t:01:13:29]
[I](2021-03-12  03:15:59 pm)    [LNo:0001] 000235/001004
[I](2021-03-12  03:15:59 pm)작업중 30sec 접촉 정지 [d:56][t:01:13:29]
[I](2021-03-12  03:16:56 pm)작업 재시작
[I](2021-03-12  03:17:06 pm)작업중 정지 [d:56][t:01:14:37]
[I](2021-03-12  03:17:06 pm)    [LNo:0001] 000237/001004
[I](2021-03-12  03:17:06 pm)작업중 M코드정지 [d:56][t:01:14:37]
[I](2021-03-12  03:47:41 pm)작업중 정지 [d:85][t:01:45:11]
[I](2021-03-12  03:47:41 pm)    [LNo:0001] 000288/001004
[I](2021-03-12  03:47:41 pm)작업중 M코드정지 [d:85][t:01:45:12]
[I](2021-03-12  03:51:32 pm)작업중 정지 [d:85][t:01:49:03]
[I](2021-03-12  03:51:32 pm)    [LNo:0001] 000289/001004
[I](2021-03-12  03:51:32 pm)작업중 30sec 접촉 정지 [d:85][t:01:49:03]
[I](2021-03-12  03:51:37 pm)작업 재시작
[I](2021-03-12  03:51:42 pm)작업중 정지 [d:85][t:01:49:12]
[I](2021-03-12  03:51:42 pm)    [LNo:0001] 000289/001004
[I](2021-03-12  03:52:13 pm)작업 재시작
[I](2021-03-12  03:52:52 pm)작업중 정지 [d:86][t:01:50:22]
[I](2021-03-12  03:52:52 pm)    [LNo:0001] 000290/001004
[I](2021-03-12  03:54:43 pm)작업 재시작
[I](2021-03-12  03:54:48 pm)작업중 정지 [d:86][t:01:52:19]
[I](2021-03-12  03:54:48 pm)    [LNo:0001] 000291/001004
[I](2021-03-12  03:54:48 pm)작업중 M코드정지 [d:86][t:01:52:19]
[I](2021-03-12  04:14:50 pm)작업중 정지 [d:105][t:02:12:20]
[I](2021-03-12  04:14:50 pm)    [LNo:0001] 000319/001004
[I](2021-03-12  04:14:50 pm)작업중 M코드정지 [d:105][t:02:12:20]
[I](2021-03-12  04:15:13 pm)작업중 정지 [d:105][t:02:12:44]
[I](2021-03-12  04:15:13 pm)    [LNo:0001] 000320/001004
[I](2021-03-12  04:16:00 pm)작업 재시작
[I](2021-03-12  04:16:11 pm)작업중 정지 [d:105][t:02:13:41]
[I](2021-03-12  04:16:11 pm)    [LNo:0001] 000322/001004
[I](2021-03-12  04:16:11 pm)작업중 M코드정지 [d:105][t:02:13:41]
[I](2021-03-12  04:43:39 pm)작업중 정지 [d:131][t:02:41:09]
[I](2021-03-12  04:43:39 pm)    [LNo:0001] 000373/001004
[I](2021-03-12  04:43:39 pm)작업중 M코드정지 [d:131][t:02:41:10]
[I](2021-03-12  04:44:43 pm)작업중 정지 [d:131][t:02:42:13]
[I](2021-03-12  04:44:43 pm)    [LNo:0001] 000374/001004
[I](2021-03-12  04:45:30 pm)작업 재시작
[I](2021-03-12  04:45:31 pm)작업중 정지 [d:131][t:02:43:02]
[I](2021-03-12  04:45:31 pm)    [LNo:0001] 000374/001004
[I](2021-03-12  04:45:34 pm)작업 재시작
[I](2021-03-12  04:45:37 pm)작업중 정지 [d:131][t:02:43:08]
[I](2021-03-12  04:45:37 pm)    [LNo:0001] 000374/001004
[I](2021-03-12  04:46:06 pm)작업 재시작
[I](2021-03-12  04:46:09 pm)작업중 정지 [d:131][t:02:43:40]
[I](2021-03-12  04:46:09 pm)    [LNo:0001] 000374/001004
[I](2021-03-12  04:46:19 pm)작업 재시작
[I](2021-03-12  04:46:21 pm)작업중 정지 [d:131][t:02:43:52]
[I](2021-03-12  04:46:21 pm)    [LNo:0001] 000374/001004
[I](2021-03-12  04:46:55 pm)작업 재시작
[I](2021-03-12  04:47:00 pm)작업중 정지 [d:131][t:02:44:30]
[I](2021-03-12  04:47:00 pm)    [LNo:0001] 000374/001004
[I](2021-03-12  04:47:00 pm)작업중 30sec 접촉 정지 [d:131][t:02:44:30]
[I](2021-03-12  04:47:32 pm)작업 재시작
[I](2021-03-12  04:47:35 pm)작업중 정지 [d:131][t:02:45:06]
[I](2021-03-12  04:47:35 pm)    [LNo:0001] 000374/001004
[I](2021-03-12  04:48:01 pm)작업 재시작
[I](2021-03-12  04:48:06 pm)작업중 정지 [d:131][t:02:45:36]
[I](2021-03-12  04:48:06 pm)    [LNo:0001] 000374/001004
[I](2021-03-12  04:48:50 pm)작업 재시작
[I](2021-03-12  04:49:11 pm)작업중 정지 [d:131][t:02:46:42]
[I](2021-03-12  04:49:11 pm)    [LNo:0001] 000374/001004
[I](2021-03-12  04:49:11 pm)작업중 30sec 접촉 정지 [d:131][t:02:46:42]
[I](2021-03-12  04:49:43 pm)작업 재시작
[I](2021-03-12  04:50:14 pm)작업중 정지 [d:132][t:02:47:45]
[I](2021-03-12  04:50:14 pm)    [LNo:0001] 000376/001004
[I](2021-03-12  04:50:14 pm)작업중 M코드정지 [d:132][t:02:47:45]
[I](2021-03-12  04:52:49 pm)작업중 정지 [d:132][t:02:50:20]
[I](2021-03-12  04:52:49 pm)    [LNo:0001] 000385/001004
[I](2021-03-12  05:12:31 pm)작업중 정지 [d:150][t:03:10:02]
[I](2021-03-12  05:12:31 pm)    [LNo:0001] 000404/001004
[I](2021-03-12  05:12:31 pm)작업중 M코드정지 [d:150][t:03:10:02]
[I](2021-03-12  05:14:23 pm)작업중 정지 [d:150][t:03:11:53]
[I](2021-03-12  05:14:23 pm)    [LNo:0001] 000405/001004
[I](2021-03-12  05:15:07 pm)작업 재시작
[I](2021-03-12  05:15:14 pm)작업중 정지 [d:150][t:03:12:45]
[I](2021-03-12  05:15:14 pm)    [LNo:0001] 000407/001004
[I](2021-03-12  05:15:14 pm)작업중 M코드정지 [d:150][t:03:12:45]
[I](2021-03-12  05:42:06 pm)작업중 정지 [d:176][t:03:39:36]
[I](2021-03-12  05:42:06 pm)    [LNo:0001] 000458/001004
[I](2021-03-12  05:42:06 pm)작업중 M코드정지 [d:176][t:03:39:37]
[I](2021-03-12  05:50:37 pm)작업중 정지 [d:176][t:03:48:07]
[I](2021-03-12  05:50:37 pm)    [LNo:0001] 000461/001004
[I](2021-03-12  05:50:37 pm)작업중 M코드정지 [d:176][t:03:48:07]
[I](2021-03-12  06:12:16 pm)작업중 정지 [d:195][t:04:09:46]
[I](2021-03-12  06:12:16 pm)    [LNo:0001] 000489/001004
[I](2021-03-12  06:12:16 pm)작업중 M코드정지 [d:195][t:04:09:46]
[I](2021-03-12  06:39:27 pm)작업중 정지 [d:195][t:04:36:58]
[I](2021-03-12  06:39:27 pm)    [LNo:0001] 000490/001004
[I](2021-03-12  06:40:15 pm)작업 재시작
[I](2021-03-12  06:40:24 pm)작업중 정지 [d:195][t:04:37:55]
[I](2021-03-12  06:40:24 pm)    [LNo:0001] 000492/001004
[I](2021-03-12  06:40:24 pm)작업중 M코드정지 [d:195][t:04:37:55]
[I](2021-03-12  07:09:08 pm)작업중 정지 [d:223][t:05:06:38]
[I](2021-03-12  07:09:08 pm)    [LNo:0001] 000543/001004
[I](2021-03-12  07:09:08 pm)작업중 M코드정지 [d:223][t:05:06:38]
[I](2021-03-12  07:15:29 pm)작업중 정지 [d:223][t:05:13:00]
[I](2021-03-12  07:15:29 pm)    [LNo:0001] 000546/001004
[I](2021-03-12  07:15:29 pm)작업중 M코드정지 [d:223][t:05:13:00]
[I](2021-03-12  07:38:28 pm)작업중 정지 [d:244][t:05:35:59]
[I](2021-03-12  07:38:28 pm)    [LNo:0001] 000574/001004
[I](2021-03-12  07:38:28 pm)작업중 M코드정지 [d:244][t:05:35:59]
[I](2021-03-12  07:40:12 pm)작업중 정지 [d:244][t:05:37:43]
[I](2021-03-12  07:40:12 pm)    [LNo:0001] 000575/001004
[I](2021-03-12  07:40:42 pm)작업 재시작
[I](2021-03-12  07:40:50 pm)작업중 정지 [d:245][t:05:38:20]
[I](2021-03-12  07:40:50 pm)    [LNo:0001] 000577/001004
[I](2021-03-12  07:40:50 pm)작업중 M코드정지 [d:245][t:05:38:21]
[I](2021-03-12  08:06:23 pm)작업중 정지 [d:269][t:06:03:54]
[I](2021-03-12  08:06:23 pm)    [LNo:0001] 000628/001004
[I](2021-03-12  08:06:23 pm)작업중 M코드정지 [d:269][t:06:03:54]
[I](2021-03-12  08:08:08 pm)작업중 정지 [d:269][t:06:05:38]
[I](2021-03-12  08:08:08 pm)    [LNo:0001] 000631/001004
[I](2021-03-12  08:08:08 pm)작업중 M코드정지 [d:269][t:06:05:39]
[I](2021-03-12  08:09:00 pm)작업중 정지 [d:269][t:06:06:31]
[I](2021-03-12  08:09:00 pm)    [LNo:0001] 000634/001004
[I](2021-03-12  08:09:03 pm)작업중 정지 [d:269][t:06:06:34]
[I](2021-03-12  08:09:03 pm)    [LNo:0001] 000634/001004
[A](2021-03-12  08:09:03 pm)[010] 자동결선 Error(M21-절단실패)
[I](2021-03-12  08:33:36 pm)작업중 정지 [d:292][t:06:31:06]
[I](2021-03-12  08:33:36 pm)    [LNo:0001] 000663/001004
[I](2021-03-12  08:33:36 pm)작업중 M코드정지 [d:292][t:06:31:06]
[I](2021-03-12  09:11:02 pm)작업중 정지 [d:328][t:07:08:33]
[I](2021-03-12  09:11:02 pm)    [LNo:0001] 000711/001004
[I](2021-03-12  09:11:03 pm)작업중 M코드정지 [d:328][t:07:08:33]
[I](2021-03-12  09:22:51 pm)작업중 정지 [d:329][t:07:20:22]
[I](2021-03-12  09:22:51 pm)    [LNo:0001] 000713/001004
[I](2021-03-12  09:23:30 pm)작업 재시작
[I](2021-03-12  09:23:35 pm)작업중 정지 [d:329][t:07:21:06]
[I](2021-03-12  09:23:35 pm)    [LNo:0001] 000713/001004
[I](2021-03-12  09:23:36 pm)작업 재시작
[I](2021-03-12  09:23:38 pm)작업중 정지 [d:329][t:07:21:09]
[I](2021-03-12  09:23:38 pm)    [LNo:0001] 000713/001004
[I](2021-03-12  09:23:39 pm)작업 재시작
[I](2021-03-12  09:23:41 pm)작업중 정지 [d:329][t:07:21:12]
[I](2021-03-12  09:23:41 pm)    [LNo:0001] 000714/001004
[I](2021-03-12  09:23:41 pm)작업중 M코드정지 [d:329][t:07:21:12]
[I](2021-03-12  09:23:45 pm)작업중 정지 [d:329][t:07:21:16]
[I](2021-03-12  09:23:45 pm)    [LNo:0001] 000717/001004
[I](2021-03-12  09:23:48 pm)작업중 정지 [d:329][t:07:21:19]
[I](2021-03-12  09:23:48 pm)    [LNo:0001] 000717/001004
[A](2021-03-12  09:23:48 pm)[010] 자동결선 Error(M21-절단실패)
[I](2021-03-12  09:24:00 pm)작업중 정지 [d:329][t:07:21:31]
[I](2021-03-12  09:24:00 pm)    [LNo:0001] 000723/001004
[I](2021-03-12  09:24:03 pm)Reset
[I](2021-03-12  09:24:03 pm)Reset
[I](2021-03-12  09:26:28 pm)Reset
[I](2021-03-12  09:29:30 pm)Reset
[I](2021-03-12  09:31:18 pm)작업 시작 [Start d:329]
[I](2021-03-12  09:31:18 pm)Nc File: [No.0005-360.NC]
[I](2021-03-12  09:31:18 pm)  * Start Machine Position
[I](2021-03-12  09:31:18 pm)    X:    434.7764
[I](2021-03-12  09:31:18 pm)    Y:   -293.6119
[I](2021-03-12  09:31:18 pm)    U:      0.0000
[I](2021-03-12  09:31:18 pm)    V:      0.0000
[I](2021-03-12  09:31:18 pm)    Z:     26.6388
[I](2021-03-12  09:31:18 pm)  * Angle
[I](2021-03-12  09:31:18 pm)    Ar:     -0.3004,Kr:      0.0000
[I](2021-03-12  09:31:18 pm)    Taper_Ar:      0.0000
[I](2021-03-12  09:34:24 pm)작업중 정지 [d:3][t:00:03:05]
[I](2021-03-12  09:34:24 pm)    [LNo:0005] 000017/000265
[I](2021-03-12  09:34:42 pm)작업 재시작
[I](2021-03-12  09:37:05 pm)작업중 정지 [d:5][t:00:05:47]
[I](2021-03-12  09:37:05 pm)    [LNo:0005] 000074/000265
[I](2021-03-12  09:37:05 pm)작업중 M코드정지 [d:5][t:00:05:47]
[A](2021-03-12  09:39:36 pm)[002] 가공액 미동작
[I](2021-03-12  09:42:44 pm)작업중 정지 [d:8][t:00:11:26]
[I](2021-03-12  09:42:44 pm)    [LNo:0005] 000083/000265
[I](2021-03-12  09:43:01 pm)작업 재시작
[I](2021-03-12  09:48:43 pm)작업중 정지 [d:12][t:00:17:25]
[I](2021-03-12  09:48:43 pm)    [LNo:0005] 000154/000265
[I](2021-03-12  09:48:43 pm)작업중 M코드정지 [d:12][t:00:17:25]
[I](2021-03-12  09:50:48 pm)작업중 정지 [d:13][t:00:19:30]
[I](2021-03-12  09:50:48 pm)    [LNo:0005] 000155/000265
[I](2021-03-12  09:51:07 pm)작업 재시작
[I](2021-03-12  09:51:14 pm)작업중 정지 [d:13][t:00:19:56]
[I](2021-03-12  09:51:14 pm)    [LNo:0005] 000157/000265
[I](2021-03-12  09:51:14 pm)작업중 M코드정지 [d:13][t:00:19:56]
[I](2021-03-12  09:53:22 pm)작업중 정지 [d:15][t:00:22:03]
[I](2021-03-12  09:53:22 pm)    [LNo:0005] 000177/000265
[A](2021-03-12  09:53:22 pm)[011] 자동결선 Error(M21-잔여와이어 처리실패)
[I](2021-03-12  10:36:39 pm)작업중 정지 [d:57][t:01:05:21]
[I](2021-03-12  10:36:39 pm)    [LNo:0005] 000253/000265
[I](2021-03-12  10:36:39 pm)작업중 M코드정지 [d:57][t:01:05:21]
[I](2021-03-12  10:50:10 pm)작업중 정지 [d:57][t:01:18:52]
[I](2021-03-12  10:50:10 pm)    [LNo:0005] 000255/000265
[I](2021-03-12  10:50:10 pm)작업중 M코드정지 [d:57][t:01:18:52]
[I](2021-03-12  10:59:36 pm)Reset
[I](2021-03-12  11:01:24 pm)Reset
[I](2021-03-12  11:02:37 pm)Reset
[I](2021-03-12  11:02:46 pm)Reset
[I](2021-03-12  11:03:00 pm)Reset
[I](2021-03-12  11:03:19 pm)Reset
[I](2021-03-12  11:03:30 pm)Reset
[I](2021-03-12  11:04:32 pm)작업 시작 [Start d:386]
[I](2021-03-12  11:04:32 pm)Nc File: [No.0006-351.NC]
[I](2021-03-12  11:04:32 pm)  * Start Machine Position
[I](2021-03-12  11:04:32 pm)    X:    484.2937
[I](2021-03-12  11:04:32 pm)    Y:   -390.0947
[I](2021-03-12  11:04:32 pm)    U:      0.0011
[I](2021-03-12  11:04:32 pm)    V:      0.4099
[I](2021-03-12  11:04:32 pm)    Z:     32.1278
[I](2021-03-12  11:04:32 pm)  * Angle
[I](2021-03-12  11:04:32 pm)    Ar:     -0.1550,Kr:      0.0000
[I](2021-03-12  11:04:32 pm)    Taper_Ar:      0.0000
[I](2021-03-12  11:04:35 pm)작업중 정지 [d:0][t:00:00:02]
[I](2021-03-12  11:04:35 pm)    [LNo:0006] 000010/000230
[I](2021-03-12  11:04:35 pm)작업중 M코드정지 [d:0][t:00:00:02]
[I](2021-03-12  11:05:15 pm)작업중 정지 [d:1][t:00:00:42]
[I](2021-03-12  11:05:15 pm)    [LNo:0006] 000023/000230
[A](2021-03-12  11:05:15 pm)[008] 작업중 단선(AWF Feed Motor Stop )
[I](2021-03-12  11:05:15 pm)작업중 Wire 단선 [d:1][t:00:00:42]
[I](2021-03-12  11:05:26 pm)작업 재시작
[I](2021-03-12  11:05:31 pm)작업중 정지 [d:1][t:00:00:58]
[I](2021-03-12  11:05:31 pm)    [LNo:0006] 000023/000230
[I](2021-03-12  11:05:31 pm)작업중 30sec 접촉 정지 [d:1][t:00:00:58]
[I](2021-03-12  11:05:43 pm)Reset
[I](2021-03-12  11:05:50 pm)작업 시작 [Start d:387]
[I](2021-03-12  11:05:50 pm)Nc File: [No.0006-351.NC]
[I](2021-03-12  11:05:50 pm)  * Start Machine Position
[I](2021-03-12  11:05:50 pm)    X:    485.4272
[I](2021-03-12  11:05:50 pm)    Y:   -395.8207
[I](2021-03-12  11:05:50 pm)    U:      0.0011
[I](2021-03-12  11:05:50 pm)    V:      0.4099
[I](2021-03-12  11:05:50 pm)    Z:     32.1278
[I](2021-03-12  11:05:50 pm)  * Angle
[I](2021-03-12  11:05:50 pm)    Ar:     -0.1550,Kr:      0.0000
[I](2021-03-12  11:05:50 pm)    Taper_Ar:      0.0000
[I](2021-03-12  11:25:42 pm)작업중 정지 [d:19][t:00:19:51]
[I](2021-03-12  11:25:42 pm)    [LNo:0006] 000028/000230
[I](2021-03-12  11:25:42 pm)작업중 M코드정지 [d:19][t:00:19:51]
[I](2021-03-12  11:26:40 pm)작업중 정지 [d:19][t:00:20:50]
[I](2021-03-12  11:26:40 pm)    [LNo:0006] 000030/000230
[I](2021-03-12  11:26:40 pm)작업중 M코드정지 [d:19][t:00:20:50]
[I](2021-03-12  11:41:14 pm)작업중 정지 [d:34][t:00:35:23]
[I](2021-03-12  11:41:14 pm)    [LNo:0006] 000087/000230
[I](2021-03-12  11:41:14 pm)작업중 M코드정지 [d:34][t:00:35:23]
[I](2021-03-12  11:42:47 pm)Reset
[I](2021-03-12  11:45:27 pm)Reset
[I](2021-03-12  11:50:00 pm)Reset
[I](2021-03-12  11:50:08 pm)Reset
[I](2021-03-12  11:50:49 pm)Reset
[I](2021-03-12  11:50:55 pm)Reset
[I](2021-03-12  11:51:14 pm)작업 시작 [Start d:421]
[I](2021-03-12  11:51:14 pm)Nc File: [No.0006-351.NC]
[I](2021-03-12  11:51:14 pm)  * Start Machine Position
[I](2021-03-12  11:51:14 pm)    X:    482.5003
[I](2021-03-12  11:51:14 pm)    Y:   -363.8623
[I](2021-03-12  11:51:14 pm)    U:      0.0002
[I](2021-03-12  11:51:14 pm)    V:      0.1099
[I](2021-03-12  11:51:14 pm)    Z:     32.1278
[I](2021-03-12  11:51:14 pm)  * Angle
[I](2021-03-12  11:51:14 pm)    Ar:     -0.1067,Kr:      0.0000
[I](2021-03-12  11:51:14 pm)    Taper_Ar:      0.0000
[I](2021-03-12  11:51:22 pm)작업중 정지 [d:0][t:00:00:08]
[I](2021-03-12  11:51:22 pm)    [LNo:0006] 000111/000230
[I](2021-03-12  11:51:22 pm)작업중 M코드정지 [d:0][t:00:00:08]
[I](2021-03-12  11:51:27 pm)작업중 정지 [d:0][t:00:00:13]
[I](2021-03-12  11:51:27 pm)    [LNo:0006] 000121/000230
