[I](2021-12-18  01:14:42 am)작업중 정지 [d:259][t:05:22:03]
[I](2021-12-18  01:14:42 am)    [LNo:0003] 000982/001016
[I](2021-12-18  01:14:43 am)작업중 M코드정지 [d:259][t:05:22:03]
[I](2021-12-18  01:19:19 am)작업중 정지 [d:259][t:05:26:40]
[I](2021-12-18  01:19:20 am)    [LNo:0003] 000984/001016
[I](2021-12-18  01:19:20 am)작업중 M코드정지 [d:259][t:05:26:40]
[I](2021-12-18  01:25:37 am)작업중 정지 [d:264][t:05:32:58]
[I](2021-12-18  01:25:37 am)    [LNo:0003] 001004/001016
[I](2021-12-18  01:25:38 am)작업중 M코드정지 [d:264][t:05:32:58]
[I](2021-12-18  01:26:34 am)작업중 정지 [d:264][t:05:33:54]
[I](2021-12-18  01:26:34 am)    [LNo:0003] 001006/001016
[I](2021-12-18  01:26:34 am)작업중 M코드정지 [d:264][t:05:33:54]
[I](2021-12-18  01:32:32 am)Reset
[I](2021-12-18  01:37:16 am)Reset
[I](2021-12-18  01:46:50 am)Reset
[I](2021-12-18  01:47:55 am)Reset
[I](2021-12-18  01:48:53 am)Reset
[I](2021-12-18  01:58:12 am)Reset
[I](2021-12-18  02:13:03 am)Reset
[I](2021-12-18  02:16:39 am)작업 시작 [Start d:264]
[I](2021-12-18  02:16:39 am)Nc File: [No.0001-563.NC]
[I](2021-12-18  02:16:39 am)  * Start Machine Position
[I](2021-12-18  02:16:39 am)    X:    157.0499
[I](2021-12-18  02:16:39 am)    Y:   -278.6387
[I](2021-12-18  02:16:39 am)    U:      0.0000
[I](2021-12-18  02:16:39 am)    V:      0.0000
[I](2021-12-18  02:16:39 am)    Z:     26.3086
[I](2021-12-18  02:16:39 am)  * Angle
[I](2021-12-18  02:16:39 am)    Ar:      0.0096,Kr:      0.0000
[I](2021-12-18  02:16:39 am)    Taper_Ar:      0.0000
[I](2021-12-18  02:16:54 am)작업중 정지 [d:0][t:00:00:14]
[I](2021-12-18  02:16:54 am)    [LNo:0001] 000010/001085
[I](2021-12-18  02:16:54 am)작업중 M코드정지 [d:0][t:00:00:14]
[I](2021-12-18  04:00:51 am)작업중 정지 [d:94][t:01:44:11]
[I](2021-12-18  04:00:51 am)    [LNo:0001] 000113/001085
[I](2021-12-18  04:00:51 am)작업중 M코드정지 [d:94][t:01:44:11]
[I](2021-12-18  04:01:25 am)작업중 정지 [d:94][t:01:44:45]
[I](2021-12-18  04:01:25 am)    [LNo:0001] 000117/001085
[I](2021-12-18  04:01:25 am)작업중 M코드정지 [d:94][t:01:44:45]
[I](2021-12-18  05:05:28 am)작업중 정지 [d:156][t:02:48:48]
[I](2021-12-18  05:05:28 am)    [LNo:0001] 000193/001085
[I](2021-12-18  05:05:28 am)작업중 M코드정지 [d:156][t:02:48:48]
[I](2021-12-18  05:06:47 am)작업중 정지 [d:156][t:02:50:07]
[I](2021-12-18  05:06:47 am)    [LNo:0001] 000197/001085
[I](2021-12-18  05:06:47 am)작업중 M코드정지 [d:156][t:02:50:07]
[I](2021-12-18  06:05:59 am)작업중 정지 [d:213][t:03:49:19]
[I](2021-12-18  06:05:59 am)    [LNo:0001] 000259/001085
[I](2021-12-18  06:05:59 am)작업중 M코드정지 [d:213][t:03:49:19]
[I](2021-12-18  06:17:31 am)작업중 정지 [d:213][t:04:00:51]
[I](2021-12-18  06:17:31 am)    [LNo:0001] 000263/001085
[I](2021-12-18  06:17:31 am)작업중 M코드정지 [d:213][t:04:00:51]
[I](2021-12-18  06:41:53 am)작업중 정지 [d:233][t:04:25:13]
[I](2021-12-18  06:41:53 am)    [LNo:0001] 000295/001085
[I](2021-12-18  06:41:53 am)작업중 M코드정지 [d:233][t:04:25:13]
[I](2021-12-18  06:42:35 am)작업중 정지 [d:233][t:04:25:55]
[I](2021-12-18  06:42:35 am)    [LNo:0001] 000297/001085
[I](2021-12-18  06:42:35 am)작업중 30sec 접촉 정지 [d:233][t:04:25:55]
[I](2021-12-18  06:43:10 am)작업 재시작
[I](2021-12-18  06:43:19 am)작업중 정지 [d:233][t:04:26:39]
[I](2021-12-18  06:43:19 am)    [LNo:0001] 000299/001085
[I](2021-12-18  06:43:19 am)작업중 M코드정지 [d:233][t:04:26:39]
[I](2021-12-18  06:51:15 am)작업중 정지 [d:239][t:04:34:36]
[I](2021-12-18  06:51:16 am)    [LNo:0001] 000323/001085
[I](2021-12-18  06:51:16 am)작업중 M코드정지 [d:239][t:04:34:36]
[I](2021-12-18  06:52:00 am)작업중 정지 [d:240][t:04:35:20]
[I](2021-12-18  06:52:00 am)    [LNo:0001] 000325/001085
[I](2021-12-18  06:54:19 am)작업 재시작
[I](2021-12-18  06:54:22 am)작업중 정지 [d:240][t:04:37:43]
[I](2021-12-18  06:54:22 am)    [LNo:0001] 000327/001085
[I](2021-12-18  06:54:23 am)작업중 M코드정지 [d:240][t:04:37:43]
[I](2021-12-18  07:01:53 am)작업중 정지 [d:245][t:04:45:13]
[I](2021-12-18  07:01:53 am)    [LNo:0001] 000351/001085
[I](2021-12-18  07:01:53 am)작업중 M코드정지 [d:245][t:04:45:13]
[I](2021-12-18  07:03:42 am)작업중 정지 [d:245][t:04:47:02]
[I](2021-12-18  07:03:42 am)    [LNo:0001] 000353/001085
[I](2021-12-18  07:04:17 am)작업 재시작
[I](2021-12-18  07:04:21 am)작업중 정지 [d:245][t:04:47:41]
[I](2021-12-18  07:04:21 am)    [LNo:0001] 000355/001085
[I](2021-12-18  07:04:21 am)작업중 M코드정지 [d:245][t:04:47:41]
[I](2021-12-18  07:11:40 am)작업중 정지 [d:251][t:04:55:00]
[I](2021-12-18  07:11:40 am)    [LNo:0001] 000379/001085
[I](2021-12-18  07:11:40 am)작업중 M코드정지 [d:251][t:04:55:00]
[I](2021-12-18  07:15:25 am)작업중 정지 [d:251][t:04:58:45]
[I](2021-12-18  07:15:25 am)    [LNo:0001] 000383/001085
[I](2021-12-18  07:15:25 am)작업중 M코드정지 [d:251][t:04:58:45]
[I](2021-12-18  07:23:41 am)작업중 정지 [d:257][t:05:07:01]
[I](2021-12-18  07:23:41 am)    [LNo:0001] 000407/001085
[I](2021-12-18  07:23:41 am)작업중 M코드정지 [d:257][t:05:07:01]
[I](2021-12-18  07:26:16 am)작업중 정지 [d:257][t:05:09:36]
[I](2021-12-18  07:26:16 am)    [LNo:0001] 000409/001085
[I](2021-12-18  07:26:16 am)작업중 30sec 접촉 정지 [d:257][t:05:09:36]
[I](2021-12-18  07:26:48 am)작업 재시작
[I](2021-12-18  07:26:56 am)작업중 정지 [d:257][t:05:10:16]
[I](2021-12-18  07:26:56 am)    [LNo:0001] 000411/001085
[I](2021-12-18  07:26:56 am)작업중 M코드정지 [d:257][t:05:10:16]
[I](2021-12-18  07:34:28 am)작업중 정지 [d:263][t:05:17:48]
[I](2021-12-18  07:34:28 am)    [LNo:0001] 000435/001085
[I](2021-12-18  07:34:28 am)작업중 M코드정지 [d:263][t:05:17:48]
[I](2021-12-18  07:36:08 am)작업중 정지 [d:264][t:05:19:28]
[I](2021-12-18  07:36:08 am)    [LNo:0001] 000439/001085
[I](2021-12-18  07:36:08 am)작업중 M코드정지 [d:264][t:05:19:28]
[I](2021-12-18  07:58:45 am)작업중 정지 [d:285][t:05:42:05]
[I](2021-12-18  07:58:45 am)    [LNo:0001] 000464/001085
[I](2021-12-18  07:58:45 am)작업중 M코드정지 [d:285][t:05:42:05]
[I](2021-12-18  08:02:58 am)작업중 정지 [d:285][t:05:46:18]
[I](2021-12-18  08:02:58 am)    [LNo:0001] 000465/001085
[I](2021-12-18  08:03:30 am)작업 재시작
[I](2021-12-18  08:03:35 am)작업중 정지 [d:285][t:05:46:55]
[I](2021-12-18  08:03:35 am)    [LNo:0001] 000467/001085
[I](2021-12-18  08:03:35 am)작업중 M코드정지 [d:285][t:05:46:55]
[I](2021-12-18  08:23:21 am)작업중 정지 [d:303][t:06:06:41]
[I](2021-12-18  08:23:21 am)    [LNo:0001] 000492/001085
[I](2021-12-18  08:23:21 am)작업중 M코드정지 [d:303][t:06:06:41]
[I](2021-12-18  08:24:17 am)작업중 정지 [d:303][t:06:07:37]
[I](2021-12-18  08:24:17 am)    [LNo:0001] 000493/001085
[I](2021-12-18  08:24:49 am)작업 재시작
[I](2021-12-18  08:24:58 am)작업중 정지 [d:303][t:06:08:18]
[I](2021-12-18  08:24:58 am)    [LNo:0001] 000495/001085
[I](2021-12-18  08:24:58 am)작업중 M코드정지 [d:303][t:06:08:18]
[I](2021-12-18  08:45:42 am)작업중 정지 [d:322][t:06:29:02]
[I](2021-12-18  08:45:42 am)    [LNo:0001] 000520/001085
[I](2021-12-18  08:45:42 am)작업중 M코드정지 [d:322][t:06:29:02]
[I](2021-12-18  08:46:58 am)작업중 정지 [d:322][t:06:30:18]
[I](2021-12-18  08:46:58 am)    [LNo:0001] 000521/001085
[I](2021-12-18  08:47:34 am)작업 재시작
[I](2021-12-18  08:47:38 am)작업중 정지 [d:322][t:06:30:58]
[I](2021-12-18  08:47:38 am)    [LNo:0001] 000523/001085
[I](2021-12-18  08:47:38 am)작업중 M코드정지 [d:322][t:06:30:58]
[I](2021-12-18  09:08:18 am)작업중 정지 [d:341][t:06:51:39]
[I](2021-12-18  09:08:18 am)    [LNo:0001] 000548/001085
[I](2021-12-18  09:08:18 am)작업중 M코드정지 [d:341][t:06:51:39]
[I](2021-12-18  09:08:46 am)작업중 정지 [d:341][t:06:52:06]
[I](2021-12-18  09:08:46 am)    [LNo:0001] 000549/001085
[I](2021-12-18  09:09:40 am)작업 재시작
[I](2021-12-18  09:09:43 am)작업중 정지 [d:341][t:06:53:03]
[I](2021-12-18  09:09:43 am)    [LNo:0001] 000551/001085
[I](2021-12-18  09:09:43 am)작업중 M코드정지 [d:341][t:06:53:03]
[I](2021-12-18  09:10:52 am)작업중 정지 [d:341][t:06:54:12]
[I](2021-12-18  09:10:52 am)    [LNo:0001] 000557/001085
[I](2021-12-18  09:10:52 am)작업중 M코드정지 [d:341][t:06:54:13]
[I](2021-12-18  10:33:04 am)작업중 정지 [d:410][t:08:16:24]
[I](2021-12-18  10:33:04 am)    [LNo:0001] 000887/001085
[I](2021-12-18  10:33:41 am)작업 재시작
[I](2021-12-18  11:15:09 am)작업중 정지 [d:443][t:08:58:29]
[I](2021-12-18  11:15:09 am)    [LNo:0001] 001081/001085
[I](2021-12-18  11:15:09 am)작업중 M코드정지 [d:443][t:08:58:29]
[I](2021-12-18  11:18:50 am)Reset
[I](2021-12-18  11:19:10 am)Reset
[I](2021-12-18  11:19:13 am)작업 시작 [Start d:707]
[I](2021-12-18  11:19:13 am)Nc File: [No.0001-563.NC]
[I](2021-12-18  11:19:13 am)  * Start Machine Position
[I](2021-12-18  11:19:13 am)    X:    157.0499
[I](2021-12-18  11:19:13 am)    Y:   -278.6387
[I](2021-12-18  11:19:13 am)    U:      0.0000
[I](2021-12-18  11:19:13 am)    V:      0.0000
[I](2021-12-18  11:19:13 am)    Z:     31.3086
[I](2021-12-18  11:19:13 am)  * Angle
[I](2021-12-18  11:19:13 am)    Ar:      0.0096,Kr:      0.0000
[I](2021-12-18  11:19:13 am)    Taper_Ar:      0.0000
[I](2021-12-18  11:19:19 am)작업중 정지 [d:0][t:00:00:05]
[I](2021-12-18  11:19:19 am)    [LNo:0001] 000798/001085
[I](2021-12-18  11:21:47 am)작업중 정지 [d:2][t:00:02:33]
[I](2021-12-18  11:21:47 am)    [LNo:0001] 000821/001085
[I](2021-12-18  11:24:27 am)Reset
[I](2021-12-18  11:24:27 am)Reset
[I](2021-12-18  11:24:44 am)Reset
[I](2021-12-18  11:24:44 am)Reset
[I](2021-12-18  11:30:20 am)Reset
[I](2021-12-18  11:30:21 am)Reset
[I](2021-12-18  11:32:28 am)Reset
[I](2021-12-18  11:32:28 am)Reset
[I](2021-12-18  11:35:46 am)작업 시작 [Start d:709]
[I](2021-12-18  11:35:46 am)Nc File: [No.0001-618.NC]
[I](2021-12-18  11:35:46 am)  * Start Machine Position
[I](2021-12-18  11:35:46 am)    X:     17.8780
[I](2021-12-18  11:35:46 am)    Y:   -381.5017
[I](2021-12-18  11:35:46 am)    U:      0.0000
[I](2021-12-18  11:35:46 am)    V:      0.0000
[I](2021-12-18  11:35:46 am)    Z:    214.9951
[I](2021-12-18  11:35:46 am)  * Angle
[I](2021-12-18  11:35:46 am)    Ar:      0.0000,Kr:      0.0000
[I](2021-12-18  11:35:46 am)    Taper_Ar:      0.0000
[I](2021-12-18  11:36:12 am)작업중 정지 [d:1][t:00:00:25]
[I](2021-12-18  11:36:12 am)    [LNo:0001] 000015/000063
[I](2021-12-18  11:36:12 am)작업중 30sec 접촉 정지 [d:1][t:00:00:25]
[I](2021-12-18  11:37:09 am)작업 재시작
[I](2021-12-18  11:37:14 am)작업중 정지 [d:1][t:00:01:27]
[I](2021-12-18  11:37:14 am)    [LNo:0001] 000015/000063
[I](2021-12-18  11:37:14 am)작업중 30sec 접촉 정지 [d:1][t:00:01:27]
[I](2021-12-18  11:37:25 am)작업 재시작
[I](2021-12-18  11:37:58 am)작업중 정지 [d:1][t:00:02:12]
[I](2021-12-18  11:37:58 am)    [LNo:0001] 000015/000063
[I](2021-12-18  11:37:58 am)작업중 30sec 접촉 정지 [d:1][t:00:02:12]
[I](2021-12-18  11:38:09 am)작업 재시작
[I](2021-12-18  11:38:35 am)작업중 정지 [d:1][t:00:02:48]
[I](2021-12-18  11:38:35 am)    [LNo:0001] 000015/000063
[I](2021-12-18  11:38:35 am)작업중 30sec 접촉 정지 [d:1][t:00:02:48]
[I](2021-12-18  11:38:42 am)작업 재시작
[I](2021-12-18  11:38:47 am)작업중 정지 [d:1][t:00:03:01]
[I](2021-12-18  11:38:47 am)    [LNo:0001] 000015/000063
[I](2021-12-18  11:38:47 am)작업중 30sec 접촉 정지 [d:1][t:00:03:01]
[I](2021-12-18  11:38:59 am)작업 재시작
[I](2021-12-18  11:38:59 am)작업중 정지 [d:1][t:00:03:13]
[I](2021-12-18  11:38:59 am)    [LNo:0001] 000015/000063
[I](2021-12-18  11:39:05 am)작업중 정지 [d:1][t:00:03:18]
[I](2021-12-18  11:39:05 am)    [LNo:0001] 000006/000063
[I](2021-12-18  11:41:51 am)작업중 정지 [d:3][t:00:06:05]
[I](2021-12-18  11:41:51 am)    [LNo:0001] 000017/000063
[I](2021-12-18  11:41:51 am)작업중 30sec 접촉 정지 [d:3][t:00:06:05]
[I](2021-12-18  11:42:18 am)작업중 정지 [d:3][t:00:06:32]
[I](2021-12-18  11:42:18 am)    [LNo:0001] 000006/000063
[I](2021-12-18  12:22:54 pm)작업중 정지 [d:43][t:00:47:07]
[I](2021-12-18  12:22:54 pm)    [LNo:0001] 000020/000063
[I](2021-12-18  12:22:54 pm)작업중 M코드정지 [d:43][t:00:47:07]
[I](2021-12-18  12:24:16 pm)작업중 정지 [d:44][t:00:48:29]
[I](2021-12-18  12:24:16 pm)    [LNo:0001] 000023/000063
[I](2021-12-18  12:24:16 pm)작업중 M코드정지 [d:44][t:00:48:29]
[I](2021-12-18  12:24:21 pm)작업중 정지 [d:44][t:00:48:34]
[I](2021-12-18  12:24:21 pm)    [LNo:0001] 000025/000063
[A](2021-12-18  12:33:56 pm)[001] 와이어 미동작
[I](2021-12-18  12:33:58 pm)작업 재시작
[I](2021-12-18  12:59:33 pm)
[I](2021-12-18  12:59:33 pm)Work completed.
[I](2021-12-18  12:59:33 pm)작업 끝.(M02) [d:70][t:01:23:46]
[I](2021-12-18  01:02:31 pm)Reset
[I](2021-12-18  01:02:36 pm)Reset
[I](2021-12-18  01:02:39 pm)Reset
[I](2021-12-18  01:03:05 pm)Reset
[I](2021-12-18  01:19:52 pm)Reset
[I](2021-12-18  01:19:52 pm)Reset
[I](2021-12-18  01:21:58 pm)Reset
[I](2021-12-18  01:21:58 pm)Reset
[I](2021-12-18  01:24:26 pm)작업 시작 [Start d:0]
[I](2021-12-18  01:24:26 pm)Nc File: [No.0002-623.NC]
[I](2021-12-18  01:24:26 pm)  * Start Machine Position
[I](2021-12-18  01:24:26 pm)    X:    154.8837
[I](2021-12-18  01:24:26 pm)    Y:   -254.1852
[I](2021-12-18  01:24:26 pm)    U:      0.0000
[I](2021-12-18  01:24:26 pm)    V:      0.0000
[I](2021-12-18  01:24:26 pm)    Z:     26.3216
[I](2021-12-18  01:24:26 pm)  * Angle
[I](2021-12-18  01:24:26 pm)    Ar:     -0.0963,Kr:      0.0000
[I](2021-12-18  01:24:26 pm)    Taper_Ar:      0.0000
[I](2021-12-18  01:24:45 pm)작업중 정지 [d:0][t:00:00:19]
[I](2021-12-18  01:24:45 pm)    [LNo:0002] 000646/001514
[I](2021-12-18  01:25:50 pm)작업중 정지 [d:0][t:00:01:23]
[I](2021-12-18  01:25:50 pm)    [LNo:0002] 000012/001514
[I](2021-12-18  01:33:13 pm)작업중 정지 [d:7][t:00:08:46]
[I](2021-12-18  01:33:13 pm)    [LNo:0002] 000028/001514
[I](2021-12-18  01:33:13 pm)작업중 M코드정지 [d:7][t:00:08:46]
[I](2021-12-18  01:33:22 pm)작업중 정지 [d:7][t:00:08:55]
[I](2021-12-18  01:33:22 pm)    [LNo:0002] 000030/001514
[I](2021-12-18  01:33:25 pm)작업 재시작
[I](2021-12-18  01:33:29 pm)작업중 정지 [d:7][t:00:09:02]
[I](2021-12-18  01:33:29 pm)    [LNo:0002] 000032/001514
[I](2021-12-18  01:33:29 pm)작업중 M코드정지 [d:7][t:00:09:02]
[I](2021-12-18  01:41:27 pm)작업중 정지 [d:13][t:00:17:00]
[I](2021-12-18  01:41:27 pm)    [LNo:0002] 000056/001514
[I](2021-12-18  01:41:27 pm)작업중 M코드정지 [d:13][t:00:17:00]
[I](2021-12-18  01:41:38 pm)작업중 정지 [d:13][t:00:17:12]
[I](2021-12-18  01:41:38 pm)    [LNo:0002] 000060/001514
[I](2021-12-18  01:41:38 pm)작업중 M코드정지 [d:13][t:00:17:12]
[I](2021-12-18  01:49:23 pm)작업중 정지 [d:20][t:00:24:57]
[I](2021-12-18  01:49:23 pm)    [LNo:0002] 000084/001514
[I](2021-12-18  01:49:23 pm)작업중 M코드정지 [d:20][t:00:24:57]
[I](2021-12-18  01:49:46 pm)작업중 정지 [d:20][t:00:25:19]
[I](2021-12-18  01:49:46 pm)    [LNo:0002] 000088/001514
[I](2021-12-18  01:49:46 pm)작업중 M코드정지 [d:20][t:00:25:19]
[I](2021-12-18  01:57:59 pm)작업중 정지 [d:27][t:00:33:33]
[I](2021-12-18  01:57:59 pm)    [LNo:0002] 000112/001514
[I](2021-12-18  01:58:00 pm)작업중 M코드정지 [d:27][t:00:33:33]
[I](2021-12-18  01:58:10 pm)작업중 정지 [d:27][t:00:33:43]
[I](2021-12-18  01:58:10 pm)    [LNo:0002] 000114/001514
[I](2021-12-18  01:58:30 pm)작업 재시작
[I](2021-12-18  01:58:36 pm)작업중 정지 [d:27][t:00:34:09]
[I](2021-12-18  01:58:36 pm)    [LNo:0002] 000116/001514
[I](2021-12-18  01:58:36 pm)작업중 M코드정지 [d:27][t:00:34:09]
[I](2021-12-18  02:06:01 pm)작업중 정지 [d:34][t:00:41:34]
[I](2021-12-18  02:06:01 pm)    [LNo:0002] 000140/001514
[I](2021-12-18  02:06:01 pm)작업중 M코드정지 [d:34][t:00:41:35]
[I](2021-12-18  02:07:08 pm)작업중 정지 [d:34][t:00:42:42]
[I](2021-12-18  02:07:08 pm)    [LNo:0002] 000142/001514
[I](2021-12-18  02:07:47 pm)작업 재시작
[I](2021-12-18  02:07:51 pm)작업중 정지 [d:34][t:00:43:24]
[I](2021-12-18  02:07:51 pm)    [LNo:0002] 000144/001514
[I](2021-12-18  02:07:51 pm)작업중 M코드정지 [d:34][t:00:43:24]
[I](2021-12-18  02:15:21 pm)작업중 정지 [d:40][t:00:50:55]
[I](2021-12-18  02:15:21 pm)    [LNo:0002] 000168/001514
[I](2021-12-18  02:15:21 pm)작업중 M코드정지 [d:40][t:00:50:55]
[I](2021-12-18  02:17:57 pm)작업중 정지 [d:40][t:00:53:30]
[I](2021-12-18  02:17:57 pm)    [LNo:0002] 000170/001514
[I](2021-12-18  02:20:25 pm)작업 재시작
[I](2021-12-18  02:20:26 pm)작업중 정지 [d:40][t:00:56:00]
[I](2021-12-18  02:20:26 pm)    [LNo:0002] 000170/001514
[I](2021-12-18  02:20:55 pm)작업 재시작
[I](2021-12-18  02:20:58 pm)작업중 정지 [d:41][t:00:56:32]
[I](2021-12-18  02:20:58 pm)    [LNo:0002] 000172/001514
[I](2021-12-18  02:20:58 pm)작업중 M코드정지 [d:41][t:00:56:32]
[I](2021-12-18  02:40:01 pm)작업중 정지 [d:59][t:01:15:35]
[I](2021-12-18  02:40:01 pm)    [LNo:0002] 000202/001514
[I](2021-12-18  02:40:02 pm)작업중 M코드정지 [d:59][t:01:15:35]
[I](2021-12-18  02:41:42 pm)작업중 정지 [d:59][t:01:17:16]
[I](2021-12-18  02:41:42 pm)    [LNo:0002] 000206/001514
[I](2021-12-18  02:41:42 pm)작업중 M코드정지 [d:59][t:01:17:16]
[I](2021-12-18  02:55:51 pm)작업중 정지 [d:71][t:01:31:24]
[I](2021-12-18  02:55:51 pm)    [LNo:0002] 000236/001514
[I](2021-12-18  02:55:51 pm)작업중 M코드정지 [d:71][t:01:31:24]
[I](2021-12-18  02:56:14 pm)작업중 정지 [d:71][t:01:31:47]
[I](2021-12-18  02:56:14 pm)    [LNo:0002] 000240/001514
[I](2021-12-18  02:56:14 pm)작업중 M코드정지 [d:71][t:01:31:48]
[I](2021-12-18  03:10:57 pm)작업중 정지 [d:83][t:01:46:30]
[I](2021-12-18  03:10:57 pm)    [LNo:0002] 000270/001514
[I](2021-12-18  03:10:57 pm)작업중 M코드정지 [d:83][t:01:46:30]
[I](2021-12-18  03:11:20 pm)작업중 정지 [d:83][t:01:46:53]
[I](2021-12-18  03:11:20 pm)    [LNo:0002] 000274/001514
[I](2021-12-18  03:11:20 pm)작업중 M코드정지 [d:83][t:01:46:53]
[I](2021-12-18  03:26:13 pm)작업중 정지 [d:97][t:02:01:46]
[I](2021-12-18  03:26:13 pm)    [LNo:0002] 000304/001514
[I](2021-12-18  03:26:13 pm)작업중 M코드정지 [d:97][t:02:01:46]
[I](2021-12-18  03:26:29 pm)작업중 정지 [d:97][t:02:02:03]
[I](2021-12-18  03:26:29 pm)    [LNo:0002] 000308/001514
[I](2021-12-18  03:26:30 pm)작업중 M코드정지 [d:97][t:02:02:03]
[I](2021-12-18  03:27:32 pm)작업중 정지 [d:97][t:02:03:05]
[I](2021-12-18  03:27:32 pm)    [LNo:0002] 000311/001514
[I](2021-12-18  03:27:32 pm)작업중 Single Block Stop [d:97][t:02:03:05]
[I](2021-12-18  03:27:56 pm)Reset
[I](2021-12-18  03:28:09 pm)작업 시작 [Start d:97]
[I](2021-12-18  03:28:09 pm)Nc File: [No.0003-625.NC]
[I](2021-12-18  03:28:09 pm)  * Start Machine Position
[I](2021-12-18  03:28:09 pm)    X:    154.8837
[I](2021-12-18  03:28:09 pm)    Y:   -254.1852
[I](2021-12-18  03:28:09 pm)    U:      0.0000
[I](2021-12-18  03:28:09 pm)    V:      0.0000
[I](2021-12-18  03:28:09 pm)    Z:     26.3216
[I](2021-12-18  03:28:09 pm)  * Angle
[I](2021-12-18  03:28:09 pm)    Ar:     -0.0963,Kr:      0.0000
[I](2021-12-18  03:28:09 pm)    Taper_Ar:      0.0000
[I](2021-12-18  04:13:12 pm)작업중 정지 [d:45][t:00:45:03]
[I](2021-12-18  04:13:12 pm)    [LNo:0003] 000038/001033
[A](2021-12-18  04:13:12 pm)[008] 작업중 단선(AWF Feed Motor Stop )
[I](2021-12-18  04:13:12 pm)작업중 Wire 단선 [d:45][t:00:45:03]
[I](2021-12-18  04:14:20 pm)작업 재시작
[I](2021-12-18  10:22:47 pm)작업중 정지 [d:399][t:06:54:37]
[I](2021-12-18  10:22:47 pm)    [LNo:0003] 000395/001033
[I](2021-12-18  10:22:47 pm)작업중 M코드정지 [d:399][t:06:54:37]
