[I](2021-12-02  12:02:09 am)Reset
[I](2021-12-02  12:02:24 am)Reset
[I](2021-12-02  12:08:26 am)작업 시작 [Start d:559]
[I](2021-12-02  12:08:26 am)Nc File: [No.0003-689.NC]
[I](2021-12-02  12:08:26 am)  * Start Machine Position
[I](2021-12-02  12:08:26 am)    X:     76.2032
[I](2021-12-02  12:08:26 am)    Y:   -347.2419
[I](2021-12-02  12:08:26 am)    U:      0.0000
[I](2021-12-02  12:08:26 am)    V:      0.0000
[I](2021-12-02  12:08:26 am)    Z:     60.9503
[I](2021-12-02  12:08:26 am)  * Angle
[I](2021-12-02  12:08:26 am)    Ar:      0.0764,Kr:      0.0000
[I](2021-12-02  12:08:26 am)    Taper_Ar:      0.0000
[I](2021-12-02  12:08:35 am)작업중 정지 [d:1][t:00:00:08]
[I](2021-12-02  12:08:35 am)    [LNo:0003] 000016/002788
[A](2021-12-02  12:08:35 am)[008] 작업중 단선(AWF Feed Motor Stop )
[I](2021-12-02  12:08:35 am)작업중 Wire 단선 [d:1][t:00:00:08]
[I](2021-12-02  12:09:42 am)작업 재시작
[I](2021-12-02  12:18:28 am)작업중 정지 [d:9][t:00:10:02]
[I](2021-12-02  12:18:28 am)    [LNo:0003] 000021/002788
[A](2021-12-02  12:18:28 am)[008] 작업중 단선(AWF Feed Motor Stop )
[I](2021-12-02  12:18:28 am)작업중 Wire 단선 [d:9][t:00:10:02]
[I](2021-12-02  12:20:32 am)작업 재시작
[I](2021-12-02  12:31:09 am)작업중 정지 [d:19][t:00:22:42]
[I](2021-12-02  12:31:09 am)    [LNo:0003] 000107/002788
[I](2021-12-02  12:31:09 am)작업중 30sec 접촉 정지 [d:19][t:00:22:42]
[I](2021-12-02  12:31:34 am)작업 재시작
[I](2021-12-02  12:34:11 am)작업중 정지 [d:21][t:00:25:44]
[I](2021-12-02  12:34:11 am)    [LNo:0003] 000135/002788
[I](2021-12-02  12:34:11 am)작업중 M코드정지 [d:21][t:00:25:44]
[I](2021-12-02  12:38:04 am)작업중 정지 [d:21][t:00:29:37]
[I](2021-12-02  12:38:04 am)    [LNo:0003] 000137/002788
[I](2021-12-02  12:38:04 am)작업중 M코드정지 [d:21][t:00:29:38]
[I](2021-12-02  12:51:16 am)작업중 정지 [d:28][t:00:42:49]
[I](2021-12-02  12:51:16 am)    [LNo:0003] 000161/002788
[A](2021-12-02  12:51:16 am)[008] 작업중 단선(AWF Feed Motor Stop )
[I](2021-12-02  12:51:16 am)작업중 Wire 단선 [d:28][t:00:42:49]
[I](2021-12-02  12:52:24 am)작업 재시작
[I](2021-12-02  12:54:19 am)작업중 정지 [d:30][t:00:45:53]
[I](2021-12-02  12:54:19 am)    [LNo:0003] 000163/002788
[I](2021-12-02  12:55:18 am)작업 재시작
[I](2021-12-02  01:01:44 am)작업중 정지 [d:37][t:00:53:18]
[I](2021-12-02  01:01:44 am)    [LNo:0003] 000172/002788
[A](2021-12-02  01:01:44 am)[008] 작업중 단선(AWF Feed Motor Stop )
[I](2021-12-02  01:01:44 am)작업중 Wire 단선 [d:37][t:00:53:18]
[I](2021-12-02  01:02:55 am)작업 재시작
[I](2021-12-02  01:08:11 am)작업중 정지 [d:42][t:00:59:45]
[I](2021-12-02  01:08:11 am)    [LNo:0003] 000274/002788
[I](2021-12-02  01:08:11 am)작업중 M코드정지 [d:42][t:00:59:45]
[I](2021-12-02  01:08:51 am)작업중 정지 [d:42][t:01:00:24]
[I](2021-12-02  01:08:51 am)    [LNo:0003] 000276/002788
[I](2021-12-02  01:08:51 am)작업중 M코드정지 [d:42][t:01:00:24]
[I](2021-12-02  01:29:47 am)작업중 정지 [d:60][t:01:21:21]
[I](2021-12-02  01:29:47 am)    [LNo:0003] 000413/002788
[I](2021-12-02  01:29:47 am)작업중 M코드정지 [d:60][t:01:21:21]
[I](2021-12-02  01:30:40 am)작업중 정지 [d:61][t:01:22:14]
[I](2021-12-02  01:30:40 am)    [LNo:0003] 000415/002788
[I](2021-12-02  01:30:40 am)작업중 M코드정지 [d:61][t:01:22:14]
[I](2021-12-02  01:51:43 am)작업중 정지 [d:79][t:01:43:16]
[I](2021-12-02  01:51:43 am)    [LNo:0003] 000552/002788
[I](2021-12-02  01:51:43 am)작업중 M코드정지 [d:79][t:01:43:16]
[I](2021-12-02  01:55:56 am)작업중 정지 [d:79][t:01:47:30]
[I](2021-12-02  01:55:56 am)    [LNo:0003] 000554/002788
[I](2021-12-02  01:55:57 am)작업중 M코드정지 [d:79][t:01:47:30]
[I](2021-12-02  02:20:26 am)작업중 정지 [d:95][t:02:11:59]
[I](2021-12-02  02:20:26 am)    [LNo:0003] 000691/002788
[I](2021-12-02  02:20:26 am)작업중 M코드정지 [d:95][t:02:11:59]
[I](2021-12-02  02:25:53 am)작업중 정지 [d:95][t:02:17:26]
[I](2021-12-02  02:25:53 am)    [LNo:0003] 000693/002788
[I](2021-12-02  02:25:53 am)작업중 M코드정지 [d:95][t:02:17:27]
[I](2021-12-02  02:29:48 am)작업중 정지 [d:95][t:02:21:21]
[I](2021-12-02  02:29:48 am)    [LNo:0003] 000696/002788
[A](2021-12-02  02:29:48 am)[010] 자동결선 Error(M21-절단실패)
[A](2021-12-02  02:30:04 am)[038] 자동결선 FEED MOTOR ALARM !!
[I](2021-12-02  02:48:30 am)작업중 정지 [d:112][t:02:40:04]
[I](2021-12-02  02:48:30 am)    [LNo:0003] 000802/002788
[I](2021-12-02  02:48:30 am)작업중 30sec 접촉 정지 [d:112][t:02:40:04]
[I](2021-12-02  02:50:46 am)작업 재시작
[I](2021-12-02  02:52:36 am)작업중 정지 [d:114][t:02:44:10]
[I](2021-12-02  02:52:36 am)    [LNo:0003] 000830/002788
[I](2021-12-02  02:52:36 am)작업중 M코드정지 [d:114][t:02:44:10]
[I](2021-12-02  02:53:25 am)작업중 정지 [d:114][t:02:44:58]
[I](2021-12-02  02:53:25 am)    [LNo:0003] 000832/002788
[I](2021-12-02  02:53:25 am)작업중 M코드정지 [d:114][t:02:44:59]
[I](2021-12-02  02:54:36 am)작업중 정지 [d:114][t:02:46:09]
[I](2021-12-02  02:54:36 am)    [LNo:0003] 000835/002788
[A](2021-12-02  02:54:36 am)[010] 자동결선 Error(M21-절단실패)
[A](2021-12-02  02:55:56 am)[038] 자동결선 FEED MOTOR ALARM !!
[I](2021-12-02  03:18:37 am)작업중 정지 [d:136][t:03:10:11]
[I](2021-12-02  03:18:37 am)    [LNo:0003] 000969/002788
[I](2021-12-02  03:18:37 am)작업중 M코드정지 [d:136][t:03:10:11]
[I](2021-12-02  03:22:38 am)작업중 정지 [d:137][t:03:14:12]
[I](2021-12-02  03:22:38 am)    [LNo:0003] 000971/002788
[I](2021-12-02  03:22:38 am)작업중 M코드정지 [d:137][t:03:14:12]
[I](2021-12-02  03:42:04 am)작업중 정지 [d:155][t:03:33:38]
[I](2021-12-02  03:42:04 am)    [LNo:0003] 001108/002788
[I](2021-12-02  03:42:04 am)작업중 M코드정지 [d:155][t:03:33:38]
[I](2021-12-02  03:52:50 am)작업중 정지 [d:155][t:03:44:24]
[I](2021-12-02  03:52:50 am)    [LNo:0003] 001110/002788
[I](2021-12-02  03:52:50 am)작업중 M코드정지 [d:155][t:03:44:24]
[I](2021-12-02  04:11:44 am)작업중 정지 [d:172][t:04:03:17]
[I](2021-12-02  04:11:44 am)    [LNo:0003] 001247/002788
[I](2021-12-02  04:11:44 am)작업중 M코드정지 [d:172][t:04:03:17]
[I](2021-12-02  04:13:24 am)작업중 정지 [d:172][t:04:04:57]
[I](2021-12-02  04:13:24 am)    [LNo:0003] 001249/002788
[I](2021-12-02  04:13:24 am)작업중 M코드정지 [d:172][t:04:04:57]
[I](2021-12-02  04:30:34 am)작업중 정지 [d:188][t:04:22:07]
[I](2021-12-02  04:30:34 am)    [LNo:0003] 001357/002788
[I](2021-12-02  04:30:34 am)작업중 30sec 접촉 정지 [d:188][t:04:22:07]
[I](2021-12-02  04:32:53 am)작업 재시작
[I](2021-12-02  04:35:03 am)작업중 정지 [d:190][t:04:26:36]
[I](2021-12-02  04:35:03 am)    [LNo:0003] 001386/002788
[I](2021-12-02  04:35:03 am)작업중 M코드정지 [d:190][t:04:26:36]
[I](2021-12-02  04:35:39 am)작업중 정지 [d:191][t:04:27:13]
[I](2021-12-02  04:35:39 am)    [LNo:0003] 001388/002788
[I](2021-12-02  04:35:39 am)작업중 M코드정지 [d:191][t:04:27:13]
[I](2021-12-02  04:36:37 am)작업중 정지 [d:191][t:04:28:10]
[I](2021-12-02  04:36:37 am)    [LNo:0003] 001391/002788
[A](2021-12-02  04:36:37 am)[010] 자동결선 Error(M21-절단실패)
[A](2021-12-02  04:38:27 am)[038] 자동결선 FEED MOTOR ALARM !!
[I](2021-12-02  04:58:23 am)작업중 정지 [d:209][t:04:49:57]
[I](2021-12-02  04:58:23 am)    [LNo:0003] 001525/002788
[I](2021-12-02  04:58:23 am)작업중 M코드정지 [d:209][t:04:49:57]
[I](2021-12-02  04:59:05 am)작업중 정지 [d:209][t:04:50:38]
[I](2021-12-02  04:59:05 am)    [LNo:0003] 001527/002788
[I](2021-12-02  04:59:05 am)작업중 M코드정지 [d:209][t:04:50:39]
[I](2021-12-02  05:17:54 am)작업중 정지 [d:226][t:05:09:27]
[I](2021-12-02  05:17:54 am)    [LNo:0003] 001648/002788
[I](2021-12-02  05:17:54 am)작업중 30sec 접촉 정지 [d:226][t:05:09:27]
[I](2021-12-02  05:29:21 am)작업 재시작
[I](2021-12-02  05:29:31 am)작업중 정지 [d:227][t:05:21:04]
[I](2021-12-02  05:29:31 am)    [LNo:0003] 001648/002788
[I](2021-12-02  05:29:31 am)작업중 30sec 접촉 정지 [d:227][t:05:21:04]
[I](2021-12-02  05:35:37 am)작업 재시작
[I](2021-12-02  05:37:10 am)작업중 정지 [d:228][t:05:28:43]
[I](2021-12-02  05:37:10 am)    [LNo:0003] 001664/002788
[I](2021-12-02  05:37:10 am)작업중 M코드정지 [d:228][t:05:28:43]
[I](2021-12-02  05:38:50 am)작업중 정지 [d:228][t:05:30:24]
[I](2021-12-02  05:38:50 am)    [LNo:0003] 001666/002788
[I](2021-12-02  05:38:51 am)작업중 M코드정지 [d:228][t:05:30:25]
[I](2021-12-02  05:57:34 am)작업중 정지 [d:245][t:05:49:07]
[I](2021-12-02  05:57:34 am)    [LNo:0003] 001803/002788
[I](2021-12-02  05:57:34 am)작업중 M코드정지 [d:245][t:05:49:07]
[I](2021-12-02  05:58:10 am)작업중 정지 [d:245][t:05:49:43]
[I](2021-12-02  05:58:10 am)    [LNo:0003] 001805/002788
[I](2021-12-02  05:58:10 am)작업중 M코드정지 [d:245][t:05:49:43]
[I](2021-12-02  05:59:04 am)작업중 정지 [d:245][t:05:50:37]
[I](2021-12-02  05:59:04 am)    [LNo:0003] 001808/002788
[A](2021-12-02  05:59:04 am)[010] 자동결선 Error(M21-절단실패)
[A](2021-12-02  05:59:21 am)[038] 자동결선 FEED MOTOR ALARM !!
[A](2021-12-02  05:59:27 am)[038] 자동결선 FEED MOTOR ALARM !!
[A](2021-12-02  05:59:34 am)[038] 자동결선 FEED MOTOR ALARM !!
[A](2021-12-02  05:59:38 am)[038] 자동결선 FEED MOTOR ALARM !!
[I](2021-12-02  06:16:54 am)작업중 정지 [d:261][t:06:08:28]
[I](2021-12-02  06:16:54 am)    [LNo:0003] 001942/002788
[I](2021-12-02  06:16:54 am)작업중 M코드정지 [d:261][t:06:08:28]
[I](2021-12-02  06:17:56 am)작업중 정지 [d:261][t:06:09:30]
[I](2021-12-02  06:17:56 am)    [LNo:0003] 001943/002788
[I](2021-12-02  06:17:56 am)Wire Contact Auto Stop(M52)
[I](2021-12-02  06:18:34 am)작업 재시작
[I](2021-12-02  06:18:36 am)작업중 정지 [d:261][t:06:10:09]
[I](2021-12-02  06:18:36 am)    [LNo:0003] 001944/002788
[I](2021-12-02  06:18:36 am)작업중 M코드정지 [d:261][t:06:10:09]
[I](2021-12-02  06:37:50 am)작업중 정지 [d:279][t:06:29:23]
[I](2021-12-02  06:37:50 am)    [LNo:0003] 002081/002788
[I](2021-12-02  06:37:50 am)작업중 M코드정지 [d:279][t:06:29:23]
[I](2021-12-02  06:40:05 am)작업중 정지 [d:279][t:06:31:39]
[I](2021-12-02  06:40:05 am)    [LNo:0003] 002083/002788
[I](2021-12-02  06:40:06 am)작업중 M코드정지 [d:279][t:06:31:39]
[I](2021-12-02  06:59:46 am)작업중 정지 [d:297][t:06:51:20]
[I](2021-12-02  06:59:46 am)    [LNo:0003] 002220/002788
[I](2021-12-02  06:59:46 am)작업중 M코드정지 [d:297][t:06:51:20]
[I](2021-12-02  07:44:33 am)작업중 정지 [d:298][t:07:36:06]
[I](2021-12-02  07:44:33 am)    [LNo:0003] 002221/002788
[I](2021-12-02  07:45:25 am)작업 재시작
[I](2021-12-02  07:45:26 am)작업중 정지 [d:298][t:07:37:00]
[I](2021-12-02  07:45:26 am)    [LNo:0003] 002222/002788
[I](2021-12-02  07:45:26 am)작업중 M코드정지 [d:298][t:07:37:00]
[I](2021-12-02  07:46:01 am)작업중 정지 [d:298][t:07:37:34]
[I](2021-12-02  07:46:01 am)    [LNo:0003] 002225/002788
[A](2021-12-02  07:46:01 am)[010] 자동결선 Error(M21-절단실패)
[A](2021-12-02  07:49:00 am)[038] 자동결선 FEED MOTOR ALARM !!
[A](2021-12-02  07:49:06 am)[038] 자동결선 FEED MOTOR ALARM !!
[A](2021-12-02  07:49:08 am)[038] 자동결선 FEED MOTOR ALARM !!
[I](2021-12-02  07:50:51 am)작업중 정지 [d:298][t:07:42:24]
[I](2021-12-02  07:50:51 am)    [LNo:0003] 002240/002788
[I](2021-12-02  07:50:51 am)작업중 30sec 접촉 정지 [d:298][t:07:42:24]
[I](2021-12-02  07:51:38 am)작업 재시작
[I](2021-12-02  08:09:09 am)작업중 정지 [d:315][t:08:00:42]
[I](2021-12-02  08:09:09 am)    [LNo:0003] 002359/002788
[I](2021-12-02  08:09:09 am)작업중 M코드정지 [d:315][t:08:00:42]
[I](2021-12-02  08:13:26 am)작업중 정지 [d:315][t:08:05:00]
[I](2021-12-02  08:13:26 am)    [LNo:0003] 002361/002788
[I](2021-12-02  08:13:26 am)작업중 M코드정지 [d:315][t:08:05:00]
[I](2021-12-02  08:33:36 am)작업중 정지 [d:334][t:08:25:10]
[I](2021-12-02  08:33:36 am)    [LNo:0003] 002498/002788
[I](2021-12-02  08:33:36 am)작업중 M코드정지 [d:334][t:08:25:10]
[I](2021-12-02  08:34:54 am)작업중 정지 [d:335][t:08:26:28]
[I](2021-12-02  08:34:54 am)    [LNo:0003] 002500/002788
[I](2021-12-02  08:34:54 am)작업중 M코드정지 [d:335][t:08:26:28]
[I](2021-12-02  08:36:40 am)작업중 정지 [d:335][t:08:28:13]
[I](2021-12-02  08:36:40 am)    [LNo:0003] 002518/002788
[I](2021-12-02  08:36:40 am)작업중 30sec 접촉 정지 [d:335][t:08:28:14]
[I](2021-12-02  08:45:04 am)작업 재시작
[I](2021-12-02  08:45:08 am)작업중 정지 [d:335][t:08:36:41]
[I](2021-12-02  08:45:08 am)    [LNo:0003] 002518/002788
[I](2021-12-02  08:45:28 am)작업 재시작
[I](2021-12-02  09:00:05 am)작업중 정지 [d:349][t:08:51:38]
[I](2021-12-02  09:00:05 am)    [LNo:0003] 002621/002788
[I](2021-12-02  09:00:05 am)작업중 30sec 접촉 정지 [d:349][t:08:51:38]
[I](2021-12-02  09:06:27 am)작업 재시작
[I](2021-12-02  09:08:06 am)작업중 정지 [d:351][t:08:59:39]
[I](2021-12-02  09:08:06 am)    [LNo:0003] 002637/002788
[I](2021-12-02  09:08:06 am)작업중 M코드정지 [d:351][t:08:59:39]
[I](2021-12-02  09:09:26 am)작업중 정지 [d:351][t:09:01:00]
[I](2021-12-02  09:09:26 am)    [LNo:0003] 002639/002788
[I](2021-12-02  09:09:26 am)작업중 M코드정지 [d:351][t:09:01:00]
[A](2021-12-02  09:12:22 am)[001] 와이어 미동작
[I](2021-12-02  09:30:10 am)작업중 정지 [d:367][t:09:21:44]
[I](2021-12-02  09:30:10 am)    [LNo:0003] 002776/002788
[I](2021-12-02  09:30:10 am)작업중 M코드정지 [d:367][t:09:21:44]
[I](2021-12-02  09:43:12 am)작업중 정지 [d:-559][t:09:34:45]
[I](2021-12-02  09:43:12 am)    [LNo:0003] 002778/002788
[I](2021-12-02  09:43:12 am)작업중 M코드정지 [d:-559][t:09:34:45]
[I](2021-12-02  09:45:50 am)Reset
[I](2021-12-02  09:49:47 am)Reset
[I](2021-12-02  09:49:52 am)Reset
[I](2021-12-02  09:50:40 am)Reset
[I](2021-12-02  09:51:53 am)Reset
[I](2021-12-02  09:51:57 am)Reset
[I](2021-12-02  09:51:58 am)Reset
[I](2021-12-02  09:52:55 am)Reset
[I](2021-12-02  09:53:10 am)Reset
[I](2021-12-02  09:53:17 am)Reset
[I](2021-12-02  09:53:32 am)Reset
[I](2021-12-02  09:53:51 am)Reset
[I](2021-12-02  09:53:59 am)Reset
[I](2021-12-02  09:54:02 am)Reset
[I](2021-12-02  09:54:08 am)Reset
[I](2021-12-02  09:54:36 am)작업 시작 [Start d:0]
[I](2021-12-02  09:54:36 am)Nc File: [No.0002-261.NC]
[I](2021-12-02  09:54:36 am)  * Start Machine Position
[I](2021-12-02  09:54:36 am)    X:     33.0858
[I](2021-12-02  09:54:36 am)    Y:   -312.9582
[I](2021-12-02  09:54:36 am)    U:      0.0000
[I](2021-12-02  09:54:36 am)    V:      0.0000
[I](2021-12-02  09:54:36 am)    Z:     26.3403
[I](2021-12-02  09:54:36 am)  * Angle
[I](2021-12-02  09:54:36 am)    Ar:      0.0333,Kr:      0.0000
[I](2021-12-02  09:54:36 am)    Taper_Ar:      0.0000
[I](2021-12-02  10:06:17 am)작업중 정지 [d:10][t:00:11:41]
[I](2021-12-02  10:06:17 am)    [LNo:0002] 000053/000083
[I](2021-12-02  10:06:17 am)작업중 M코드정지 [d:10][t:00:11:41]
[I](2021-12-02  10:09:47 am)작업중 정지 [d:10][t:00:15:11]
[I](2021-12-02  10:09:47 am)    [LNo:0002] 000055/000083
[I](2021-12-02  10:10:07 am)작업 재시작
[I](2021-12-02  10:10:12 am)작업중 정지 [d:10][t:00:15:36]
[I](2021-12-02  10:10:12 am)    [LNo:0002] 000057/000083
[I](2021-12-02  10:10:12 am)작업중 M코드정지 [d:10][t:00:15:36]
[I](2021-12-02  10:13:05 am)작업중 정지 [d:13][t:00:18:28]
[I](2021-12-02  10:13:05 am)    [LNo:0002] 000076/000083
[I](2021-12-02  10:21:40 am)Reset
[I](2021-12-02  10:25:25 am)Reset
[I](2021-12-02  10:27:51 am)Reset
[A](2021-12-02  10:28:17 am)[037] 자동결선 잔여 WIRE 처리 실패!!
[I](2021-12-02  10:32:59 am)Reset
[I](2021-12-02  10:36:01 am)Reset
[I](2021-12-02  10:36:42 am)Reset
[I](2021-12-02  10:37:32 am)Reset
[I](2021-12-02  10:38:17 am)작업 시작 [Start d:13]
[I](2021-12-02  10:38:17 am)Nc File: [No.0001-258.NC]
[I](2021-12-02  10:38:17 am)  * Start Machine Position
[I](2021-12-02  10:38:17 am)    X:    189.0817
[I](2021-12-02  10:38:17 am)    Y:   -266.2196
[I](2021-12-02  10:38:17 am)    U:      0.0000
[I](2021-12-02  10:38:17 am)    V:      0.0000
[I](2021-12-02  10:38:17 am)    Z:     30.3748
[I](2021-12-02  10:38:17 am)  * Angle
[I](2021-12-02  10:38:17 am)    Ar:     -0.1128,Kr:      0.0000
[I](2021-12-02  10:38:17 am)    Taper_Ar:      0.0000
[I](2021-12-02  10:38:43 am)작업중 정지 [d:0][t:00:00:26]
[I](2021-12-02  10:38:43 am)    [LNo:0001] 000013/000222
[I](2021-12-02  10:54:46 am)작업중 정지 [d:13][t:00:16:28]
[I](2021-12-02  10:54:46 am)    [LNo:0001] 000052/000222
[I](2021-12-02  10:54:46 am)작업중 M코드정지 [d:13][t:00:16:28]
[I](2021-12-02  10:55:50 am)작업중 정지 [d:13][t:00:17:33]
[I](2021-12-02  10:55:50 am)    [LNo:0001] 000055/000222
[I](2021-12-02  10:55:50 am)작업중 M코드정지 [d:13][t:00:17:33]
[I](2021-12-02  11:16:16 am)작업중 정지 [d:31][t:00:37:59]
[I](2021-12-02  11:16:16 am)    [LNo:0001] 000097/000222
[I](2021-12-02  11:16:37 am)작업 재시작
[I](2021-12-02  11:16:41 am)작업중 정지 [d:31][t:00:38:24]
[I](2021-12-02  11:16:41 am)    [LNo:0001] 000099/000222
[I](2021-12-02  11:16:42 am)작업중 M코드정지 [d:31][t:00:38:24]
[I](2021-12-02  11:26:50 am)작업중 정지 [d:40][t:00:48:32]
[I](2021-12-02  11:26:50 am)    [LNo:0001] 000140/000222
[I](2021-12-02  11:26:50 am)작업중 M코드정지 [d:40][t:00:48:33]
[I](2021-12-02  11:27:20 am)작업중 정지 [d:40][t:00:49:03]
[I](2021-12-02  11:27:20 am)    [LNo:0001] 000142/000222
[I](2021-12-02  11:27:20 am)작업중 M코드정지 [d:40][t:00:49:03]
[I](2021-12-02  11:39:03 am)작업중 정지 [d:50][t:01:00:46]
[I](2021-12-02  11:39:03 am)    [LNo:0001] 000189/000222
[I](2021-12-02  11:39:03 am)작업중 M코드정지 [d:50][t:01:00:46]
[I](2021-12-02  11:40:41 am)작업중 정지 [d:50][t:01:02:24]
[I](2021-12-02  11:40:41 am)    [LNo:0001] 000191/000222
[I](2021-12-02  11:40:42 am)작업중 M코드정지 [d:50][t:01:02:24]
[I](2021-12-02  11:43:48 am)작업중 정지 [d:52][t:01:05:31]
[I](2021-12-02  11:43:48 am)    [LNo:0001] 000218/000222
[I](2021-12-02  11:43:48 am)작업중 M코드정지 [d:52][t:01:05:31]
[I](2021-12-02  11:48:49 am)Reset
[I](2021-12-02  11:53:00 am)Reset
[I](2021-12-02  11:53:03 am)Reset
[I](2021-12-02  11:53:04 am)Reset
[I](2021-12-02  11:53:20 am)Reset
[I](2021-12-02  11:53:28 am)Reset
[I](2021-12-02  11:53:46 am)Reset
[I](2021-12-02  11:54:02 am)Reset
[I](2021-12-02  11:54:12 am)Reset
[A](2021-12-02  11:54:50 am)[037] 자동결선 잔여 WIRE 처리 실패!!
[I](2021-12-02  11:57:45 am)Reset
[I](2021-12-02  11:57:56 am)Reset
[I](2021-12-02  11:58:19 am)작업 시작 [Start d:65]
[I](2021-12-02  11:58:19 am)Nc File: [No.0005-259.NC]
[I](2021-12-02  11:58:19 am)  * Start Machine Position
[I](2021-12-02  11:58:19 am)    X:     95.1719
[I](2021-12-02  11:58:19 am)    Y:   -355.3666
[I](2021-12-02  11:58:19 am)    U:      0.0000
[I](2021-12-02  11:58:19 am)    V:      0.0000
[I](2021-12-02  11:58:19 am)    Z:     49.3128
[I](2021-12-02  11:58:19 am)  * Angle
[I](2021-12-02  11:58:19 am)    Ar:      0.0272,Kr:      0.0000
[I](2021-12-02  11:58:19 am)    Taper_Ar:      0.0000
[I](2021-12-02  12:14:38 pm)작업중 정지 [d:16][t:00:16:18]
[I](2021-12-02  12:14:38 pm)    [LNo:0005] 000053/000184
[I](2021-12-02  12:14:38 pm)작업중 M코드정지 [d:16][t:00:16:18]
[I](2021-12-02  12:56:59 pm)작업중 정지 [d:16][t:00:58:39]
[I](2021-12-02  12:56:59 pm)    [LNo:0005] 000056/000184
[I](2021-12-02  12:56:59 pm)Wire Contact Auto Stop(M52)
[I](2021-12-02  12:57:04 pm)작업 재시작
[I](2021-12-02  12:57:08 pm)작업중 정지 [d:16][t:00:58:48]
[I](2021-12-02  12:57:08 pm)    [LNo:0005] 000056/000184
[I](2021-12-02  12:57:37 pm)작업 재시작
[I](2021-12-02  12:57:42 pm)작업중 정지 [d:16][t:00:59:22]
[I](2021-12-02  12:57:42 pm)    [LNo:0005] 000057/000184
[I](2021-12-02  12:57:42 pm)작업중 M코드정지 [d:16][t:00:59:22]
[I](2021-12-02  01:01:48 pm)작업중 정지 [d:20][t:01:03:29]
[I](2021-12-02  01:01:48 pm)    [LNo:0005] 000076/000184
[I](2021-12-02  01:01:49 pm)작업중 M코드정지 [d:20][t:01:03:29]
[A](2021-12-02  01:02:41 pm)[037] 자동결선 잔여 WIRE 처리 실패!!
[I](2021-12-02  01:17:07 pm)작업중 정지 [d:33][t:01:18:47]
[I](2021-12-02  01:17:07 pm)    [LNo:0005] 000100/000184
[I](2021-12-02  01:17:07 pm)작업중 30sec 접촉 정지 [d:33][t:01:18:47]
[I](2021-12-02  01:19:12 pm)작업 재시작
[I](2021-12-02  01:19:26 pm)작업중 정지 [d:33][t:01:21:06]
[I](2021-12-02  01:19:26 pm)    [LNo:0005] 000101/000184
[I](2021-12-02  01:19:26 pm)작업중 M코드정지 [d:33][t:01:21:06]
[I](2021-12-02  01:36:03 pm)작업중 정지 [d:47][t:01:37:43]
[I](2021-12-02  01:36:03 pm)    [LNo:0005] 000151/000184
[I](2021-12-02  01:36:03 pm)작업중 M코드정지 [d:47][t:01:37:43]
[I](2021-12-02  01:37:11 pm)작업중 정지 [d:47][t:01:38:51]
[I](2021-12-02  01:37:11 pm)    [LNo:0005] 000153/000184
[I](2021-12-02  01:37:11 pm)작업중 M코드정지 [d:47][t:01:38:51]
[I](2021-12-02  01:41:53 pm)작업중 정지 [d:52][t:01:43:33]
[I](2021-12-02  01:41:53 pm)    [LNo:0005] 000177/000184
[A](2021-12-02  01:41:53 pm)[011] 자동결선 Error(M21-잔여와이어 처리실패)
[I](2021-12-02  01:50:57 pm)Reset
[I](2021-12-02  01:50:57 pm)Reset
[I](2021-12-02  01:51:51 pm)Reset
[I](2021-12-02  01:51:55 pm)Reset
[I](2021-12-02  01:51:58 pm)Reset
[I](2021-12-02  01:58:50 pm)Reset
[I](2021-12-02  01:58:50 pm)Reset
[I](2021-12-02  01:59:28 pm)작업 시작 [Start d:117]
[I](2021-12-02  01:59:28 pm)Nc File: [No.0006-271.NC]
[I](2021-12-02  01:59:28 pm)  * Start Machine Position
[I](2021-12-02  01:59:28 pm)    X:    129.4077
[I](2021-12-02  01:59:28 pm)    Y:   -361.7615
[I](2021-12-02  01:59:28 pm)    U:      0.0000
[I](2021-12-02  01:59:28 pm)    V:      0.0000
[I](2021-12-02  01:59:28 pm)    Z:     34.2431
[I](2021-12-02  01:59:28 pm)  * Angle
[I](2021-12-02  01:59:28 pm)    Ar:      0.0000,Kr:      0.0000
[I](2021-12-02  01:59:28 pm)    Taper_Ar:      0.0000
[I](2021-12-02  02:04:13 pm)작업중 정지 [d:4][t:00:04:45]
[I](2021-12-02  02:04:13 pm)    [LNo:0006] 000028/000110
[I](2021-12-02  02:04:13 pm)Wire Contact Auto Stop(M52)
[I](2021-12-02  02:17:48 pm)작업 재시작
[I](2021-12-02  02:17:49 pm)작업중 정지 [d:4][t:00:18:21]
[I](2021-12-02  02:17:50 pm)    [LNo:0006] 000029/000110
[I](2021-12-02  02:17:50 pm)작업중 M코드정지 [d:4][t:00:18:21]
[I](2021-12-02  02:18:08 pm)작업중 정지 [d:4][t:00:18:39]
[I](2021-12-02  02:18:08 pm)    [LNo:0006] 000031/000110
[A](2021-12-02  02:18:32 pm)[037] 자동결선 잔여 WIRE 처리 실패!!
[I](2021-12-02  02:19:43 pm)작업 재시작
[I](2021-12-02  02:19:50 pm)작업중 정지 [d:4][t:00:20:22]
[I](2021-12-02  02:19:50 pm)    [LNo:0006] 000032/000110
[I](2021-12-02  02:19:50 pm)작업중 M코드정지 [d:4][t:00:20:22]
[I](2021-12-02  02:19:57 pm)작업중 정지 [d:4][t:00:20:28]
[I](2021-12-02  02:19:57 pm)    [LNo:0006] 000035/000110
[I](2021-12-02  02:20:00 pm)작업중 정지 [d:4][t:00:20:31]
[I](2021-12-02  02:20:00 pm)    [LNo:0006] 000035/000110
[A](2021-12-02  02:20:00 pm)[010] 자동결선 Error(M21-절단실패)
[I](2021-12-02  02:25:31 pm)작업중 정지 [d:9][t:00:26:03]
[I](2021-12-02  02:25:31 pm)    [LNo:0006] 000063/000110
[I](2021-12-02  02:25:31 pm)작업중 M코드정지 [d:9][t:00:26:03]
[I](2021-12-02  02:36:48 pm)작업중 정지 [d:9][t:00:37:19]
[I](2021-12-02  02:36:48 pm)    [LNo:0006] 000065/000110
[A](2021-12-02  02:37:11 pm)[037] 자동결선 잔여 WIRE 처리 실패!!
[I](2021-12-02  02:38:03 pm)작업 재시작
[I](2021-12-02  02:38:12 pm)작업중 정지 [d:9][t:00:38:43]
[I](2021-12-02  02:38:12 pm)    [LNo:0006] 000066/000110
[I](2021-12-02  02:38:12 pm)작업중 M코드정지 [d:9][t:00:38:43]
[I](2021-12-02  02:38:18 pm)작업중 정지 [d:9][t:00:38:49]
[I](2021-12-02  02:38:18 pm)    [LNo:0006] 000069/000110
[I](2021-12-02  02:38:19 pm)작업중 정지 [d:9][t:00:38:50]
[I](2021-12-02  02:38:19 pm)    [LNo:0006] 000069/000110
[I](2021-12-02  02:38:21 pm)작업중 정지 [d:9][t:00:38:52]
[I](2021-12-02  02:38:21 pm)    [LNo:0006] 000069/000110
[A](2021-12-02  02:38:21 pm)[010] 자동결선 Error(M21-절단실패)
[I](2021-12-02  02:43:50 pm)작업중 정지 [d:14][t:00:44:22]
[I](2021-12-02  02:43:50 pm)    [LNo:0006] 000097/000110
[I](2021-12-02  02:43:50 pm)작업중 M코드정지 [d:14][t:00:44:22]
[I](2021-12-02  02:49:09 pm)작업중 정지 [d:14][t:00:49:40]
[I](2021-12-02  02:49:09 pm)    [LNo:0006] 000099/000110
[I](2021-12-02  02:49:09 pm)작업중 30sec 접촉 정지 [d:14][t:00:49:40]
[A](2021-12-02  02:50:16 pm)[037] 자동결선 잔여 WIRE 처리 실패!!
[I](2021-12-02  02:56:57 pm)Reset
[I](2021-12-02  02:58:22 pm)Reset
[I](2021-12-02  02:59:13 pm)Reset
[I](2021-12-02  02:59:21 pm)Reset
[I](2021-12-02  03:00:47 pm)작업 시작 [Start d:131]
[I](2021-12-02  03:00:47 pm)Nc File: [No.0008-686.NC]
[I](2021-12-02  03:00:47 pm)  * Start Machine Position
[I](2021-12-02  03:00:47 pm)    X:    162.0806
[I](2021-12-02  03:00:47 pm)    Y:   -372.8070
[I](2021-12-02  03:00:47 pm)    U:      0.0000
[I](2021-12-02  03:00:47 pm)    V:      0.0000
[I](2021-12-02  03:00:47 pm)    Z:     35.2431
[I](2021-12-02  03:00:47 pm)  * Angle
[I](2021-12-02  03:00:47 pm)    Ar:     -0.2548,Kr:      0.0000
[I](2021-12-02  03:00:47 pm)    Taper_Ar:      0.0000
[I](2021-12-02  05:22:13 pm)작업중 정지 [d:133][t:02:21:25]
[I](2021-12-02  05:22:13 pm)    [LNo:0008] 000412/000696
[A](2021-12-02  05:22:37 pm)[037] 자동결선 잔여 WIRE 처리 실패!!
[I](2021-12-02  05:25:05 pm)작업 재시작
[I](2021-12-02  05:46:50 pm)작업중 정지 [d:153][t:02:46:02]
[I](2021-12-02  05:46:50 pm)    [LNo:0008] 000454/000696
[I](2021-12-02  05:46:50 pm)작업중 30sec 접촉 정지 [d:153][t:02:46:02]
[I](2021-12-02  05:47:21 pm)작업 재시작
[I](2021-12-02  06:05:42 pm)작업중 정지 [d:171][t:03:04:55]
[I](2021-12-02  06:05:42 pm)    [LNo:0008] 000487/000696
[A](2021-12-02  06:05:42 pm)[008] 작업중 단선(AWF Feed Motor Stop )
[I](2021-12-02  06:05:42 pm)작업중 Wire 단선 [d:171][t:03:04:55]
[I](2021-12-02  06:05:54 pm)작업 재시작
[I](2021-12-02  06:45:49 pm)작업중 정지 [d:209][t:03:45:01]
[I](2021-12-02  06:45:49 pm)    [LNo:0008] 000553/000696
[A](2021-12-02  06:45:49 pm)[008] 작업중 단선(AWF Feed Motor Stop )
[I](2021-12-02  06:45:49 pm)작업중 Wire 단선 [d:209][t:03:45:01]
[I](2021-12-02  06:46:00 pm)작업 재시작
[I](2021-12-02  07:08:04 pm)작업중 정지 [d:230][t:04:07:16]
[I](2021-12-02  07:08:04 pm)    [LNo:0008] 000584/000696
[I](2021-12-02  07:08:04 pm)작업중 M코드정지 [d:230][t:04:07:16]
[I](2021-12-02  08:56:17 pm)작업중 정지 [d:293][t:05:55:29]
[I](2021-12-02  08:56:17 pm)    [LNo:0008] 000688/000696
[I](2021-12-02  08:56:17 pm)작업중 M코드정지 [d:293][t:05:55:29]
[I](2021-12-02  09:02:00 pm)Reset
[I](2021-12-02  09:04:55 pm)Reset
[I](2021-12-02  09:06:28 pm)Reset
[I](2021-12-02  09:06:29 pm)Reset
[I](2021-12-02  09:13:09 pm)작업 시작 [Start d:424]
[I](2021-12-02  09:13:09 pm)Nc File: [No.0001-266.NC]
[I](2021-12-02  09:13:09 pm)  * Start Machine Position
[I](2021-12-02  09:13:09 pm)    X:     41.3648
[I](2021-12-02  09:13:09 pm)    Y:   -380.0518
[I](2021-12-02  09:13:09 pm)    U:      0.0000
[I](2021-12-02  09:13:09 pm)    V:      0.0000
[I](2021-12-02  09:13:09 pm)    Z:     35.1741
[I](2021-12-02  09:13:09 pm)  * Angle
[I](2021-12-02  09:13:09 pm)    Ar:      0.1688,Kr:      0.0000
[I](2021-12-02  09:13:09 pm)    Taper_Ar:      0.0000
[I](2021-12-02  09:13:35 pm)작업중 정지 [d:0][t:00:00:25]
[I](2021-12-02  09:13:35 pm)    [LNo:0001] 001378/002807
[I](2021-12-02  09:14:51 pm)Reset
[I](2021-12-02  09:14:51 pm)Reset
[I](2021-12-02  09:15:33 pm)작업 시작 [Start d:424]
[I](2021-12-02  09:15:33 pm)Nc File: [No.0001-266.NC]
[I](2021-12-02  09:15:33 pm)  * Start Machine Position
[I](2021-12-02  09:15:33 pm)    X:     41.3648
[I](2021-12-02  09:15:33 pm)    Y:   -380.0518
[I](2021-12-02  09:15:33 pm)    U:      0.0000
[I](2021-12-02  09:15:33 pm)    V:      0.0000
[I](2021-12-02  09:15:33 pm)    Z:     35.1741
[I](2021-12-02  09:15:33 pm)  * Angle
[I](2021-12-02  09:15:33 pm)    Ar:      0.1688,Kr:      0.0000
[I](2021-12-02  09:15:33 pm)    Taper_Ar:      0.0000
[I](2021-12-02  10:37:57 pm)작업중 정지 [d:63][t:01:22:23]
[I](2021-12-02  10:37:57 pm)    [LNo:0001] 001692/002807
[I](2021-12-02  10:37:57 pm)작업중 M코드정지 [d:63][t:01:22:23]
[I](2021-12-02  10:39:31 pm)작업중 정지 [d:64][t:01:23:58]
[I](2021-12-02  10:39:31 pm)    [LNo:0001] 001693/002807
[I](2021-12-02  10:40:33 pm)작업 재시작
[I](2021-12-02  10:40:37 pm)작업중 정지 [d:64][t:01:25:04]
[I](2021-12-02  10:40:37 pm)    [LNo:0001] 001694/002807
[I](2021-12-02  10:40:38 pm)작업중 M코드정지 [d:64][t:01:25:04]
[I](2021-12-02  10:46:31 pm)작업중 정지 [d:69][t:01:30:58]
[I](2021-12-02  10:46:31 pm)    [LNo:0001] 001722/002807
[I](2021-12-02  10:46:31 pm)작업중 M코드정지 [d:69][t:01:30:58]
[I](2021-12-02  10:47:30 pm)작업중 정지 [d:70][t:01:31:56]
[I](2021-12-02  10:47:30 pm)    [LNo:0001] 001723/002807
[I](2021-12-02  10:48:19 pm)작업 재시작
[I](2021-12-02  10:48:25 pm)작업중 정지 [d:70][t:01:32:51]
[I](2021-12-02  10:48:25 pm)    [LNo:0001] 001724/002807
[I](2021-12-02  10:48:25 pm)작업중 M코드정지 [d:70][t:01:32:51]
[I](2021-12-02  10:54:15 pm)작업중 정지 [d:74][t:01:38:41]
[I](2021-12-02  10:54:15 pm)    [LNo:0001] 001752/002807
[I](2021-12-02  10:54:15 pm)작업중 M코드정지 [d:74][t:01:38:41]
[I](2021-12-02  10:55:27 pm)작업중 정지 [d:75][t:01:39:53]
[I](2021-12-02  10:55:27 pm)    [LNo:0001] 001753/002807
[I](2021-12-02  10:56:26 pm)작업 재시작
[I](2021-12-02  10:56:30 pm)작업중 정지 [d:75][t:01:40:57]
[I](2021-12-02  10:56:30 pm)    [LNo:0001] 001754/002807
[I](2021-12-02  10:56:30 pm)작업중 M코드정지 [d:75][t:01:40:57]
[I](2021-12-02  11:03:49 pm)작업중 정지 [d:79][t:01:48:15]
[I](2021-12-02  11:03:49 pm)    [LNo:0001] 001782/002807
[I](2021-12-02  11:03:49 pm)작업중 M코드정지 [d:79][t:01:48:15]
[I](2021-12-02  11:04:43 pm)작업중 정지 [d:79][t:01:49:10]
[I](2021-12-02  11:04:43 pm)    [LNo:0001] 001783/002807
[I](2021-12-02  11:05:30 pm)작업 재시작
[I](2021-12-02  11:05:36 pm)작업중 정지 [d:79][t:01:50:02]
[I](2021-12-02  11:05:36 pm)    [LNo:0001] 001784/002807
[I](2021-12-02  11:05:36 pm)작업중 M코드정지 [d:79][t:01:50:02]
[I](2021-12-02  11:10:44 pm)작업중 정지 [d:83][t:01:55:11]
[I](2021-12-02  11:10:44 pm)    [LNo:0001] 001812/002807
[I](2021-12-02  11:10:45 pm)작업중 M코드정지 [d:83][t:01:55:11]
[I](2021-12-02  11:11:43 pm)작업중 정지 [d:83][t:01:56:09]
[I](2021-12-02  11:11:43 pm)    [LNo:0001] 001813/002807
[A](2021-12-02  11:11:43 pm)[008] 작업중 단선(AWF Feed Motor Stop )
[I](2021-12-02  11:11:43 pm)작업중 Wire 단선 [d:83][t:01:56:09]
[I](2021-12-02  11:12:32 pm)작업 재시작
[I](2021-12-02  11:12:35 pm)작업중 정지 [d:83][t:01:57:02]
[I](2021-12-02  11:12:35 pm)    [LNo:0001] 001814/002807
[I](2021-12-02  11:12:35 pm)작업중 M코드정지 [d:83][t:01:57:02]
[I](2021-12-02  11:17:49 pm)작업중 정지 [d:87][t:02:02:16]
[I](2021-12-02  11:17:49 pm)    [LNo:0001] 001842/002807
[I](2021-12-02  11:17:49 pm)작업중 M코드정지 [d:87][t:02:02:16]
[I](2021-12-02  11:18:52 pm)작업중 정지 [d:87][t:02:03:18]
[I](2021-12-02  11:18:52 pm)    [LNo:0001] 001843/002807
[I](2021-12-02  11:19:34 pm)작업 재시작
[I](2021-12-02  11:19:38 pm)작업중 정지 [d:87][t:02:04:05]
[I](2021-12-02  11:19:38 pm)    [LNo:0001] 001844/002807
[I](2021-12-02  11:19:38 pm)작업중 M코드정지 [d:87][t:02:04:05]
[I](2021-12-02  11:24:46 pm)작업중 정지 [d:91][t:02:09:13]
[I](2021-12-02  11:24:46 pm)    [LNo:0001] 001872/002807
[I](2021-12-02  11:24:46 pm)작업중 M코드정지 [d:91][t:02:09:13]
[I](2021-12-02  11:25:30 pm)작업중 정지 [d:92][t:02:09:57]
[I](2021-12-02  11:25:30 pm)    [LNo:0001] 001873/002807
[I](2021-12-02  11:26:12 pm)작업 재시작
[I](2021-12-02  11:26:15 pm)작업중 정지 [d:92][t:02:10:41]
[I](2021-12-02  11:26:15 pm)    [LNo:0001] 001874/002807
[I](2021-12-02  11:26:15 pm)작업중 M코드정지 [d:92][t:02:10:41]
[I](2021-12-02  11:31:16 pm)작업중 정지 [d:95][t:02:15:42]
[I](2021-12-02  11:31:16 pm)    [LNo:0001] 001902/002807
[I](2021-12-02  11:31:16 pm)작업중 M코드정지 [d:95][t:02:15:42]
[I](2021-12-02  11:32:57 pm)작업중 정지 [d:95][t:02:17:23]
[I](2021-12-02  11:32:57 pm)    [LNo:0001] 001903/002807
[I](2021-12-02  11:33:41 pm)작업 재시작
[I](2021-12-02  11:33:45 pm)작업중 정지 [d:95][t:02:18:11]
[I](2021-12-02  11:33:45 pm)    [LNo:0001] 001904/002807
[I](2021-12-02  11:33:45 pm)작업중 M코드정지 [d:95][t:02:18:11]
[I](2021-12-02  11:39:02 pm)작업중 정지 [d:99][t:02:23:28]
[I](2021-12-02  11:39:02 pm)    [LNo:0001] 001932/002807
[I](2021-12-02  11:39:02 pm)작업중 M코드정지 [d:99][t:02:23:28]
[I](2021-12-02  11:48:24 pm)작업중 정지 [d:99][t:02:32:50]
[I](2021-12-02  11:48:24 pm)    [LNo:0001] 001933/002807
[I](2021-12-02  11:49:11 pm)작업 재시작
[I](2021-12-02  11:49:14 pm)작업중 정지 [d:99][t:02:33:41]
[I](2021-12-02  11:49:14 pm)    [LNo:0001] 001934/002807
[I](2021-12-02  11:49:14 pm)작업중 M코드정지 [d:99][t:02:33:41]
[I](2021-12-02  11:54:25 pm)작업중 정지 [d:103][t:02:38:51]
[I](2021-12-02  11:54:25 pm)    [LNo:0001] 001962/002807
[I](2021-12-02  11:54:25 pm)작업중 M코드정지 [d:103][t:02:38:51]
[I](2021-12-02  11:59:13 pm)작업중 정지 [d:103][t:02:43:40]
[I](2021-12-02  11:59:13 pm)    [LNo:0001] 001963/002807
[I](2021-12-02  11:59:55 pm)작업 재시작
[I](2021-12-02  11:59:59 pm)작업중 정지 [d:103][t:02:44:25]
[I](2021-12-02  11:59:59 pm)    [LNo:0001] 001964/002807
[I](2021-12-02  11:59:59 pm)작업중 M코드정지 [d:103][t:02:44:25]
