[I](2021-03-02  08:38:01 am)Reset
[I](2021-03-02  08:38:01 am)Reset
[I](2021-03-02  08:38:02 am)Reset
[I](2021-03-02  08:38:02 am)Reset
[I](2021-03-02  08:38:03 am)Reset
[I](2021-03-02  08:38:12 am)작업 시작 [Start d:271]
[I](2021-03-02  08:38:12 am)Nc File: [No.0002-503.NC]
[I](2021-03-02  08:38:12 am)  * Start Machine Position
[I](2021-03-02  08:38:12 am)    X:    251.7173
[I](2021-03-02  08:38:12 am)    Y:   -387.4203
[I](2021-03-02  08:38:12 am)    U:      0.0000
[I](2021-03-02  08:38:12 am)    V:      0.0000
[I](2021-03-02  08:38:12 am)    Z:     30.2868
[I](2021-03-02  08:38:12 am)  * Angle
[I](2021-03-02  08:38:12 am)    Ar:      0.0262,Kr:      0.0000
[I](2021-03-02  08:38:12 am)    Taper_Ar:      0.0000
[I](2021-03-02  08:39:30 am)작업중 정지 [d:0][t:00:01:17]
[I](2021-03-02  08:39:30 am)    [LNo:0002] 000324/001655
[I](2021-03-02  08:40:02 am)Reset
[I](2021-03-02  08:40:10 am)작업 시작 [Start d:271]
[I](2021-03-02  08:40:10 am)Nc File: [No.0002-503.NC]
[I](2021-03-02  08:40:10 am)  * Start Machine Position
[I](2021-03-02  08:40:10 am)    X:    251.7173
[I](2021-03-02  08:40:10 am)    Y:   -387.4203
[I](2021-03-02  08:40:10 am)    U:      0.0000
[I](2021-03-02  08:40:10 am)    V:      0.0000
[I](2021-03-02  08:40:10 am)    Z:     30.2868
[I](2021-03-02  08:40:10 am)  * Angle
[I](2021-03-02  08:40:10 am)    Ar:      0.0262,Kr:      0.0000
[I](2021-03-02  08:40:10 am)    Taper_Ar:      0.0000
[I](2021-03-02  08:40:38 am)작업중 정지 [d:0][t:00:00:28]
[I](2021-03-02  08:40:38 am)    [LNo:0002] 000689/001655
[I](2021-03-02  08:40:38 am)작업중 M코드정지 [d:0][t:00:00:28]
[I](2021-03-02  08:41:40 am)작업중 정지 [d:0][t:00:01:29]
[I](2021-03-02  08:41:40 am)    [LNo:0002] 000694/001655
[I](2021-03-02  08:41:40 am)작업중 M코드정지 [d:0][t:00:01:29]
[I](2021-03-02  08:45:05 am)작업중 정지 [d:3][t:00:04:54]
[I](2021-03-02  08:45:05 am)    [LNo:0002] 000709/001655
[I](2021-03-02  08:45:05 am)작업중 M코드정지 [d:3][t:00:04:54]
[I](2021-03-02  08:49:04 am)작업중 정지 [d:3][t:00:08:53]
[I](2021-03-02  08:49:04 am)    [LNo:0002] 000710/001655
[A](2021-03-02  08:49:04 am)[008] 작업중 단선(AWF Feed Motor Stop )
[I](2021-03-02  08:49:04 am)작업중 Wire 단선 [d:3][t:00:08:53]
[I](2021-03-02  08:50:30 am)작업 재시작
[I](2021-03-02  08:50:42 am)작업중 정지 [d:3][t:00:10:32]
[I](2021-03-02  08:50:42 am)    [LNo:0002] 000713/001655
[I](2021-03-02  08:52:54 am)작업중 정지 [d:5][t:00:12:43]
[I](2021-03-02  08:52:54 am)    [LNo:0002] 000733/001655
[I](2021-03-02  08:52:54 am)작업중 M코드정지 [d:5][t:00:12:43]
[I](2021-03-02  08:53:10 am)작업중 정지 [d:5][t:00:12:59]
[I](2021-03-02  08:53:10 am)    [LNo:0002] 000735/001655
[I](2021-03-02  08:54:58 am)Reset
[I](2021-03-02  08:54:58 am)Reset
[I](2021-03-02  08:55:16 am)Reset
[I](2021-03-02  08:55:31 am)작업 시작 [Start d:276]
[I](2021-03-02  08:55:31 am)Nc File: [No.0001-493.NC]
[I](2021-03-02  08:55:31 am)  * Start Machine Position
[I](2021-03-02  08:55:31 am)    X:    251.7173
[I](2021-03-02  08:55:31 am)    Y:   -387.4203
[I](2021-03-02  08:55:31 am)    U:      0.0000
[I](2021-03-02  08:55:31 am)    V:      0.0000
[I](2021-03-02  08:55:31 am)    Z:     30.2868
[I](2021-03-02  08:55:31 am)  * Angle
[I](2021-03-02  08:55:31 am)    Ar:      0.0262,Kr:      0.0000
[I](2021-03-02  08:55:31 am)    Taper_Ar:      0.0000
[I](2021-03-02  09:07:32 am)작업중 정지 [d:11][t:00:12:01]
[I](2021-03-02  09:07:32 am)    [LNo:0001] 000465/002042
[I](2021-03-02  09:07:32 am)작업중 M코드정지 [d:11][t:00:12:01]
[I](2021-03-02  09:07:54 am)작업중 정지 [d:11][t:00:12:23]
[I](2021-03-02  09:07:54 am)    [LNo:0001] 000467/002042
[I](2021-03-02  09:07:55 am)작업중 30sec 접촉 정지 [d:11][t:00:12:23]
[I](2021-03-02  09:08:30 am)작업 재시작
[I](2021-03-02  09:08:39 am)작업중 정지 [d:11][t:00:13:07]
[I](2021-03-02  09:08:39 am)    [LNo:0001] 000469/002042
[I](2021-03-02  09:08:39 am)작업중 M코드정지 [d:11][t:00:13:07]
[I](2021-03-02  09:10:05 am)작업중 정지 [d:11][t:00:14:34]
[I](2021-03-02  09:10:05 am)    [LNo:0001] 000486/002042
[I](2021-03-02  09:10:05 am)작업중 30sec 접촉 정지 [d:11][t:00:14:34]
[I](2021-03-02  09:11:37 am)작업 재시작
[I](2021-03-02  09:22:40 am)작업중 정지 [d:22][t:00:27:09]
[I](2021-03-02  09:22:40 am)    [LNo:0001] 000499/002042
[I](2021-03-02  09:22:40 am)작업중 M코드정지 [d:22][t:00:27:09]
[I](2021-03-02  09:25:54 am)작업중 정지 [d:22][t:00:30:23]
[I](2021-03-02  09:25:54 am)    [LNo:0001] 000501/002042
[I](2021-03-02  09:26:41 am)작업 재시작
[I](2021-03-02  09:26:46 am)작업중 정지 [d:22][t:00:31:15]
[I](2021-03-02  09:26:46 am)    [LNo:0001] 000503/002042
[I](2021-03-02  09:26:47 am)작업중 M코드정지 [d:22][t:00:31:15]
[I](2021-03-02  09:39:04 am)작업중 정지 [d:33][t:00:43:33]
[I](2021-03-02  09:39:04 am)    [LNo:0001] 000533/002042
[I](2021-03-02  09:39:04 am)작업중 M코드정지 [d:33][t:00:43:33]
[I](2021-03-02  09:39:31 am)작업중 정지 [d:34][t:00:44:00]
[I](2021-03-02  09:39:31 am)    [LNo:0001] 000535/002042
[A](2021-03-02  09:40:06 am)[001] 와이어 미동작
[I](2021-03-02  09:40:08 am)작업 재시작
[I](2021-03-02  09:40:16 am)작업중 정지 [d:34][t:00:44:44]
[I](2021-03-02  09:40:16 am)    [LNo:0001] 000537/002042
[I](2021-03-02  09:40:16 am)작업중 M코드정지 [d:34][t:00:44:45]
[I](2021-03-02  09:41:46 am)작업중 정지 [d:34][t:00:46:15]
[I](2021-03-02  09:41:46 am)    [LNo:0001] 000554/002042
[I](2021-03-02  09:41:46 am)작업중 30sec 접촉 정지 [d:34][t:00:46:15]
[I](2021-03-02  09:41:50 am)작업 재시작
[I](2021-03-02  09:41:55 am)작업중 정지 [d:34][t:00:46:23]
[I](2021-03-02  09:41:55 am)    [LNo:0001] 000554/002042
[I](2021-03-02  09:41:55 am)작업중 30sec 접촉 정지 [d:34][t:00:46:23]
[I](2021-03-02  09:42:02 am)작업 재시작
[I](2021-03-02  09:53:09 am)작업중 정지 [d:45][t:00:57:38]
[I](2021-03-02  09:53:09 am)    [LNo:0001] 000567/002042
[I](2021-03-02  09:53:09 am)작업중 M코드정지 [d:45][t:00:57:38]
[I](2021-03-02  09:53:29 am)작업중 정지 [d:46][t:00:57:58]
[I](2021-03-02  09:53:29 am)    [LNo:0001] 000569/002042
[I](2021-03-02  09:54:16 am)작업 재시작
[I](2021-03-02  09:54:22 am)작업중 정지 [d:46][t:00:58:50]
[I](2021-03-02  09:54:22 am)    [LNo:0001] 000571/002042
[I](2021-03-02  09:54:22 am)작업중 M코드정지 [d:46][t:00:58:50]
[I](2021-03-02  09:55:47 am)작업중 정지 [d:46][t:01:00:16]
[I](2021-03-02  09:55:47 am)    [LNo:0001] 000588/002042
[I](2021-03-02  09:55:47 am)작업중 30sec 접촉 정지 [d:46][t:01:00:16]
[I](2021-03-02  09:56:46 am)작업 재시작
[I](2021-03-02  11:57:38 am)작업중 정지 [d:167][t:03:02:07]
[I](2021-03-02  11:57:38 am)    [LNo:0001] 000647/002042
[I](2021-03-02  11:57:38 am)작업중 M코드정지 [d:167][t:03:02:07]
[I](2021-03-02  12:28:05 pm)작업중 정지 [d:167][t:03:32:34]
[I](2021-03-02  12:28:05 pm)    [LNo:0001] 000651/002042
[I](2021-03-02  12:28:05 pm)작업중 M코드정지 [d:167][t:03:32:34]
[I](2021-03-02  12:39:40 pm)작업중 정지 [d:177][t:03:44:09]
[I](2021-03-02  12:39:40 pm)    [LNo:0001] 000677/002042
[A](2021-03-02  12:39:40 pm)[008] 작업중 단선(AWF Feed Motor Stop )
[I](2021-03-02  12:39:40 pm)작업중 Wire 단선 [d:177][t:03:44:09]
[I](2021-03-02  12:39:51 pm)작업 재시작
[I](2021-03-02  12:46:38 pm)작업중 정지 [d:184][t:03:51:06]
[I](2021-03-02  12:46:38 pm)    [LNo:0001] 000683/002042
[I](2021-03-02  12:46:38 pm)작업중 M코드정지 [d:184][t:03:51:06]
[I](2021-03-02  12:47:29 pm)작업중 정지 [d:185][t:03:51:58]
[I](2021-03-02  12:47:29 pm)    [LNo:0001] 000687/002042
[I](2021-03-02  12:47:29 pm)작업중 M코드정지 [d:185][t:03:51:58]
[I](2021-03-02  12:48:53 pm)작업중 정지 [d:185][t:03:53:22]
[I](2021-03-02  12:48:53 pm)    [LNo:0001] 000696/002042
[A](2021-03-02  12:48:53 pm)[009] 자동결선 Error(M20-삽입실패)
[I](2021-03-02  01:08:37 pm)작업중 정지 [d:201][t:04:13:06]
[I](2021-03-02  01:08:37 pm)    [LNo:0001] 000719/002042
[I](2021-03-02  01:08:37 pm)작업중 M코드정지 [d:201][t:04:13:06]
[I](2021-03-02  01:15:16 pm)작업중 정지 [d:201][t:04:19:45]
[I](2021-03-02  01:15:16 pm)    [LNo:0001] 000723/002042
[I](2021-03-02  01:15:16 pm)작업중 M코드정지 [d:201][t:04:19:45]
[I](2021-03-02  01:34:50 pm)작업중 정지 [d:219][t:04:39:19]
[I](2021-03-02  01:34:50 pm)    [LNo:0001] 000755/002042
[I](2021-03-02  01:34:50 pm)작업중 M코드정지 [d:219][t:04:39:19]
[I](2021-03-02  01:35:12 pm)작업중 정지 [d:219][t:04:39:41]
[I](2021-03-02  01:35:12 pm)    [LNo:0001] 000759/002042
[I](2021-03-02  01:35:12 pm)작업중 M코드정지 [d:219][t:04:39:41]
[I](2021-03-02  01:36:55 pm)작업중 정지 [d:219][t:04:41:24]
[I](2021-03-02  01:36:55 pm)    [LNo:0001] 000776/002042
[I](2021-03-02  01:36:56 pm)작업중 30sec 접촉 정지 [d:219][t:04:41:24]
[I](2021-03-02  01:38:32 pm)작업 재시작
[I](2021-03-02  02:00:11 pm)작업중 정지 [d:240][t:05:04:40]
[I](2021-03-02  02:00:11 pm)    [LNo:0001] 000791/002042
[I](2021-03-02  02:00:11 pm)작업중 M코드정지 [d:240][t:05:04:40]
[I](2021-03-02  02:00:39 pm)작업중 정지 [d:240][t:05:05:08]
[I](2021-03-02  02:00:39 pm)    [LNo:0001] 000795/002042
[I](2021-03-02  02:00:39 pm)작업중 M코드정지 [d:240][t:05:05:08]
[I](2021-03-02  02:02:27 pm)작업중 정지 [d:240][t:05:06:56]
[I](2021-03-02  02:02:27 pm)    [LNo:0001] 000812/002042
[I](2021-03-02  02:02:27 pm)작업중 30sec 접촉 정지 [d:240][t:05:06:56]
[I](2021-03-02  02:03:25 pm)작업 재시작
[I](2021-03-02  02:42:29 pm)작업중 정지 [d:280][t:05:46:58]
[I](2021-03-02  02:42:29 pm)    [LNo:0001] 000827/002042
[I](2021-03-02  02:42:29 pm)작업중 M코드정지 [d:280][t:05:46:58]
[I](2021-03-02  02:43:09 pm)작업중 정지 [d:280][t:05:47:38]
[I](2021-03-02  02:43:09 pm)    [LNo:0001] 000829/002042
[A](2021-03-02  02:43:09 pm)[008] 작업중 단선(AWF Feed Motor Stop )
[I](2021-03-02  02:43:09 pm)작업중 Wire 단선 [d:280][t:05:47:38]
[I](2021-03-02  02:43:51 pm)작업 재시작
[I](2021-03-02  02:43:54 pm)작업중 정지 [d:280][t:05:48:23]
[I](2021-03-02  02:43:54 pm)    [LNo:0001] 000831/002042
[I](2021-03-02  02:43:54 pm)작업중 M코드정지 [d:280][t:05:48:23]
[I](2021-03-02  03:31:32 pm)작업중 정지 [d:327][t:06:36:01]
[I](2021-03-02  03:31:32 pm)    [LNo:0001] 000875/002042
[I](2021-03-02  03:31:32 pm)작업중 M코드정지 [d:327][t:06:36:01]
[I](2021-03-02  03:34:11 pm)작업중 정지 [d:327][t:06:38:40]
[I](2021-03-02  03:34:11 pm)    [LNo:0001] 000879/002042
[I](2021-03-02  03:34:11 pm)작업중 M코드정지 [d:327][t:06:38:40]
[I](2021-03-02  04:13:24 pm)작업중 정지 [d:364][t:07:17:53]
[I](2021-03-02  04:13:24 pm)    [LNo:0001] 000941/002042
[I](2021-03-02  04:13:24 pm)작업중 M코드정지 [d:364][t:07:17:53]
[I](2021-03-02  04:16:38 pm)작업중 정지 [d:364][t:07:21:07]
[I](2021-03-02  04:16:38 pm)    [LNo:0001] 000945/002042
[I](2021-03-02  04:16:38 pm)작업중 M코드정지 [d:364][t:07:21:07]
[I](2021-03-02  04:18:48 pm)작업중 정지 [d:364][t:07:23:17]
[I](2021-03-02  04:18:48 pm)    [LNo:0001] 000962/002042
[I](2021-03-02  04:18:48 pm)작업중 30sec 접촉 정지 [d:364][t:07:23:17]
[I](2021-03-02  04:18:59 pm)작업 재시작
[I](2021-03-02  04:58:41 pm)작업중 정지 [d:404][t:08:03:10]
[I](2021-03-02  04:58:41 pm)    [LNo:0001] 001009/002042
[I](2021-03-02  04:58:41 pm)작업중 M코드정지 [d:404][t:08:03:10]
[I](2021-03-02  04:59:11 pm)작업중 정지 [d:404][t:08:03:40]
[I](2021-03-02  04:59:11 pm)    [LNo:0001] 001013/002042
[I](2021-03-02  04:59:11 pm)작업중 M코드정지 [d:404][t:08:03:40]
[I](2021-03-02  05:01:47 pm)작업중 정지 [d:404][t:08:06:16]
[I](2021-03-02  05:01:47 pm)    [LNo:0001] 001030/002042
[I](2021-03-02  05:01:47 pm)작업중 30sec 접촉 정지 [d:404][t:08:06:16]
[I](2021-03-02  05:02:43 pm)작업 재시작
[I](2021-03-02  05:02:48 pm)작업중 정지 [d:404][t:08:07:17]
[I](2021-03-02  05:02:48 pm)    [LNo:0001] 001030/002042
[I](2021-03-02  05:02:48 pm)작업중 30sec 접촉 정지 [d:404][t:08:07:17]
[I](2021-03-02  05:03:34 pm)작업 재시작
[I](2021-03-02  05:50:59 pm)작업중 정지 [d:451][t:08:55:28]
[I](2021-03-02  05:50:59 pm)    [LNo:0001] 001075/002042
[I](2021-03-02  05:51:00 pm)작업중 M코드정지 [d:451][t:08:55:28]
[I](2021-03-02  05:52:37 pm)작업중 정지 [d:451][t:08:57:05]
[I](2021-03-02  05:52:37 pm)    [LNo:0001] 001077/002042
[I](2021-03-02  05:52:37 pm)작업중 M코드정지 [d:451][t:08:57:05]
[I](2021-03-02  06:02:28 pm)작업중 정지 [d:460][t:09:06:56]
[I](2021-03-02  06:02:28 pm)    [LNo:0001] 001109/002042
[I](2021-03-02  06:02:28 pm)작업중 M코드정지 [d:460][t:09:06:57]
[A](2021-03-02  06:03:57 pm)[037] 자동결선 잔여 WIRE 처리 실패!!
[I](2021-03-02  06:09:11 pm)작업중 정지 [d:460][t:09:13:40]
[I](2021-03-02  06:09:11 pm)    [LNo:0001] 001111/002042
[I](2021-03-02  06:09:11 pm)작업중 M코드정지 [d:460][t:09:13:40]
[I](2021-03-02  06:09:14 pm)작업중 정지 [d:460][t:09:13:42]
[I](2021-03-02  06:09:14 pm)    [LNo:0001] 001114/002042
[I](2021-03-02  06:09:16 pm)작업중 정지 [d:460][t:09:13:44]
[I](2021-03-02  06:09:16 pm)    [LNo:0001] 001114/002042
[I](2021-03-02  06:09:17 pm)작업중 정지 [d:460][t:09:13:46]
[I](2021-03-02  06:09:17 pm)    [LNo:0001] 001114/002042
[A](2021-03-02  06:09:17 pm)[010] 자동결선 Error(M21-절단실패)
[I](2021-03-02  06:29:48 pm)작업중 정지 [d:480][t:09:34:16]
[I](2021-03-02  06:29:48 pm)    [LNo:0001] 001136/002042
[I](2021-03-02  06:29:48 pm)작업중 M코드정지 [d:480][t:09:34:17]
[I](2021-03-02  06:32:51 pm)작업중 정지 [d:480][t:09:37:20]
[I](2021-03-02  06:32:51 pm)    [LNo:0001] 001137/002042
[I](2021-03-02  06:33:13 pm)작업 재시작
[I](2021-03-02  06:33:18 pm)작업중 정지 [d:480][t:09:37:47]
[I](2021-03-02  06:33:18 pm)    [LNo:0001] 001139/002042
[I](2021-03-02  06:33:18 pm)작업중 M코드정지 [d:480][t:09:37:47]
[I](2021-03-02  06:46:12 pm)작업중 정지 [d:491][t:09:50:41]
[I](2021-03-02  06:46:12 pm)    [LNo:0001] 001163/002042
[I](2021-03-02  06:46:12 pm)작업중 M코드정지 [d:491][t:09:50:41]
[I](2021-03-02  06:46:34 pm)작업중 정지 [d:492][t:09:51:03]
[I](2021-03-02  06:46:34 pm)    [LNo:0001] 001165/002042
[I](2021-03-02  06:47:17 pm)작업 재시작
[I](2021-03-02  06:47:22 pm)작업중 정지 [d:492][t:09:51:51]
[I](2021-03-02  06:47:22 pm)    [LNo:0001] 001167/002042
[I](2021-03-02  06:47:22 pm)작업중 M코드정지 [d:492][t:09:51:51]
[I](2021-03-02  06:57:43 pm)작업중 정지 [d:501][t:10:02:12]
[I](2021-03-02  06:57:43 pm)    [LNo:0001] 001191/002042
[I](2021-03-02  06:57:43 pm)작업중 M코드정지 [d:501][t:10:02:12]
[I](2021-03-02  06:58:18 pm)작업중 정지 [d:501][t:10:02:47]
[I](2021-03-02  06:58:18 pm)    [LNo:0001] 001193/002042
[I](2021-03-02  06:58:18 pm)작업중 30sec 접촉 정지 [d:501][t:10:02:47]
[I](2021-03-02  06:58:57 pm)작업 재시작
[I](2021-03-02  06:59:06 pm)작업중 정지 [d:501][t:10:03:35]
[I](2021-03-02  06:59:06 pm)    [LNo:0001] 001195/002042
[I](2021-03-02  06:59:06 pm)작업중 M코드정지 [d:501][t:10:03:35]
[I](2021-03-02  07:08:51 pm)작업중 정지 [d:510][t:10:13:20]
[I](2021-03-02  07:08:51 pm)    [LNo:0001] 001219/002042
[I](2021-03-02  07:08:51 pm)작업중 M코드정지 [d:510][t:10:13:20]
[I](2021-03-02  07:11:12 pm)작업중 정지 [d:510][t:10:15:41]
[I](2021-03-02  07:11:12 pm)    [LNo:0001] 001223/002042
[I](2021-03-02  07:11:12 pm)작업중 M코드정지 [d:510][t:10:15:41]
[I](2021-03-02  07:35:32 pm)작업중 정지 [d:530][t:10:40:01]
[I](2021-03-02  07:35:32 pm)    [LNo:0001] 001248/002042
[I](2021-03-02  07:35:32 pm)작업중 M코드정지 [d:530][t:10:40:01]
[I](2021-03-02  07:44:22 pm)작업중 정지 [d:530][t:10:48:51]
[I](2021-03-02  07:44:22 pm)    [LNo:0001] 001249/002042
[I](2021-03-02  07:44:22 pm)작업중 30sec 접촉 정지 [d:530][t:10:48:51]
[I](2021-03-02  07:44:40 pm)작업 재시작
[I](2021-03-02  07:44:50 pm)작업중 정지 [d:530][t:10:49:19]
[I](2021-03-02  07:44:50 pm)    [LNo:0001] 001251/002042
[I](2021-03-02  07:44:50 pm)작업중 M코드정지 [d:530][t:10:49:19]
[I](2021-03-02  08:05:31 pm)작업중 정지 [d:549][t:11:10:00]
[I](2021-03-02  08:05:31 pm)    [LNo:0001] 001276/002042
[I](2021-03-02  08:05:31 pm)작업중 M코드정지 [d:549][t:11:10:00]
[I](2021-03-02  08:05:57 pm)작업중 정지 [d:549][t:11:10:26]
[I](2021-03-02  08:05:57 pm)    [LNo:0001] 001277/002042
[I](2021-03-02  08:06:30 pm)작업 재시작
[I](2021-03-02  08:06:34 pm)작업중 정지 [d:549][t:11:11:03]
[I](2021-03-02  08:06:34 pm)    [LNo:0001] 001279/002042
[I](2021-03-02  08:06:35 pm)작업중 M코드정지 [d:549][t:11:11:03]
[I](2021-03-02  08:19:34 pm)작업중 정지 [d:561][t:11:24:03]
[I](2021-03-02  08:19:34 pm)    [LNo:0001] 001303/002042
[I](2021-03-02  08:19:34 pm)작업중 M코드정지 [d:561][t:11:24:03]
[I](2021-03-02  08:22:05 pm)작업중 정지 [d:561][t:11:26:33]
[I](2021-03-02  08:22:05 pm)    [LNo:0001] 001305/002042
[I](2021-03-02  08:22:34 pm)작업 재시작
[I](2021-03-02  08:22:37 pm)작업중 정지 [d:561][t:11:27:06]
[I](2021-03-02  08:22:37 pm)    [LNo:0001] 001307/002042
[I](2021-03-02  08:22:37 pm)작업중 M코드정지 [d:561][t:11:27:06]
[I](2021-03-02  08:43:44 pm)작업중 정지 [d:580][t:11:48:13]
[I](2021-03-02  08:43:44 pm)    [LNo:0001] 001332/002042
[I](2021-03-02  08:43:44 pm)작업중 M코드정지 [d:580][t:11:48:13]
[I](2021-03-02  08:49:47 pm)작업중 정지 [d:580][t:11:54:16]
[I](2021-03-02  08:49:47 pm)    [LNo:0001] 001335/002042
[I](2021-03-02  08:49:48 pm)작업중 M코드정지 [d:580][t:11:54:16]
[I](2021-03-02  08:51:16 pm)작업중 정지 [d:580][t:11:55:45]
[I](2021-03-02  08:51:16 pm)    [LNo:0001] 001344/002042
[I](2021-03-02  08:51:17 pm)작업중 M코드정지 [d:580][t:11:55:45]
[I](2021-03-02  09:56:12 pm)작업중 정지 [d:640][t:13:00:41]
[I](2021-03-02  09:56:12 pm)    [LNo:0001] 001452/002042
[I](2021-03-02  09:56:12 pm)작업중 M코드정지 [d:640][t:13:00:41]
[I](2021-03-02  10:00:26 pm)작업중 정지 [d:640][t:13:04:55]
[I](2021-03-02  10:00:26 pm)    [LNo:0001] 001401/002042
[I](2021-03-02  10:11:42 pm)작업중 정지 [d:651][t:13:16:11]
[I](2021-03-02  10:11:42 pm)    [LNo:0001] 001452/002042
[I](2021-03-02  10:11:43 pm)작업중 M코드정지 [d:651][t:13:16:11]
[I](2021-03-02  10:17:23 pm)작업중 정지 [d:654][t:13:21:52]
[I](2021-03-02  10:17:23 pm)    [LNo:0001] 001481/002042
[I](2021-03-02  10:17:24 pm)작업중 M코드정지 [d:654][t:13:21:52]
[I](2021-03-02  10:46:20 pm)작업중 정지 [d:675][t:13:50:49]
[I](2021-03-02  10:46:20 pm)    [LNo:0001] 001592/002042
[I](2021-03-02  10:46:20 pm)작업중 M코드정지 [d:675][t:13:50:49]
[I](2021-03-02  11:45:12 pm)작업중 정지 [d:724][t:14:49:41]
[I](2021-03-02  11:45:12 pm)    [LNo:0001] 001837/002042
[I](2021-03-02  11:45:12 pm)작업중 Single Block Stop [d:724][t:14:49:41]
