[I](2021-03-10  12:37:20 am)작업중 정지 [d:133][t:02:15:07]
[I](2021-03-10  12:37:20 am)    [LNo:0003] 000226/000520
[A](2021-03-10  12:37:20 am)[093] 보빈 와이어 단선
[I](2021-03-10  12:37:20 am)작업중 Wire 단선 [d:133][t:02:15:07]
[I](2021-03-10  12:45:54 am)작업 재시작
[I](2021-03-10  12:58:28 am)작업중 정지 [d:145][t:02:36:15]
[I](2021-03-10  12:58:28 am)    [LNo:0003] 000256/000520
[I](2021-03-10  12:58:28 am)작업중 M코드정지 [d:145][t:02:36:16]
[I](2021-03-10  01:00:57 am)작업중 정지 [d:145][t:02:38:44]
[I](2021-03-10  01:00:57 am)    [LNo:0003] 000272/000520
[I](2021-03-10  01:00:57 am)작업중 30sec 접촉 정지 [d:145][t:02:38:44]
[I](2021-03-10  01:02:42 am)작업 재시작
[I](2021-03-10  03:15:39 am)작업중 정지 [d:275][t:04:53:27]
[I](2021-03-10  03:15:39 am)    [LNo:0003] 000491/000520
[A](2021-03-10  03:15:39 am)[009] 자동결선 Error(M20-삽입실패)
[I](2021-03-10  03:41:01 am)작업중 정지 [d:292][t:05:18:48]
[I](2021-03-10  03:41:01 am)    [LNo:0003] 000509/000520
[I](2021-03-10  03:41:01 am)Wire Contact Auto Stop(M52)
[I](2021-03-10  03:52:46 am)Reset
[I](2021-03-10  03:55:03 am)Reset
[I](2021-03-10  03:55:49 am)Reset
[I](2021-03-10  03:56:48 am)Reset
[I](2021-03-10  03:56:57 am)Reset
[A](2021-03-10  03:56:59 am)[002] 가공액 미동작
[I](2021-03-10  03:57:33 am)Reset
[I](2021-03-10  03:57:44 am)Reset
[I](2021-03-10  03:59:01 am)Reset
[I](2021-03-10  03:59:02 am)Reset
[I](2021-03-10  03:59:03 am)작업 시작 [Start d:292]
[I](2021-03-10  03:59:03 am)Nc File: [No.0005-285.NC *]
[I](2021-03-10  03:59:03 am)  * Start Machine Position
[I](2021-03-10  03:59:03 am)    X:    497.1371
[I](2021-03-10  03:59:03 am)    Y:   -371.2390
[I](2021-03-10  03:59:03 am)    U:     -0.1297
[I](2021-03-10  03:59:03 am)    V:      0.1001
[I](2021-03-10  03:59:03 am)    Z:     49.9109
[I](2021-03-10  03:59:03 am)  * Angle
[I](2021-03-10  03:59:03 am)    Ar:     -0.1278,Kr:      0.0000
[I](2021-03-10  03:59:03 am)    Taper_Ar:      0.0000
[I](2021-03-10  03:59:05 am)작업중 정지 [d:0][t:00:00:02]
[I](2021-03-10  03:59:05 am)    [LNo:0005] 000010/000128
[I](2021-03-10  03:59:05 am)작업중 M코드정지 [d:0][t:00:00:02]
[I](2021-03-10  03:59:49 am)작업중 정지 [d:0][t:00:00:45]
[I](2021-03-10  03:59:49 am)    [LNo:0005] 000028/000128
[I](2021-03-10  03:59:49 am)작업중 M코드정지 [d:0][t:00:00:45]
[I](2021-03-10  04:00:51 am)작업중 정지 [d:0][t:00:01:47]
[I](2021-03-10  04:00:51 am)    [LNo:0005] 000051/000128
[I](2021-03-10  04:00:51 am)작업중 M코드정지 [d:0][t:00:01:48]
[A](2021-03-10  04:02:47 am)[084] Work Tank Fluid Sensor Abnormal
[A](2021-03-10  04:02:47 am)[084] Work Tank Fluid Sensor Abnormal
[A](2021-03-10  04:02:47 am)[084] Work Tank Fluid Sensor Abnormal
[A](2021-03-10  04:02:47 am)[084] Work Tank Fluid Sensor Abnormal
[A](2021-03-10  04:02:48 am)[084] Work Tank Fluid Sensor Abnormal
[A](2021-03-10  04:02:48 am)[084] Work Tank Fluid Sensor Abnormal
[A](2021-03-10  04:02:48 am)[084] Work Tank Fluid Sensor Abnormal
[A](2021-03-10  04:02:48 am)[084] Work Tank Fluid Sensor Abnormal
[A](2021-03-10  04:02:49 am)[084] Work Tank Fluid Sensor Abnormal
[I](2021-03-10  04:04:25 am)Reset
[I](2021-03-10  04:05:51 am)Reset
[I](2021-03-10  04:06:00 am)Reset
[I](2021-03-10  04:06:21 am)Reset
[I](2021-03-10  04:06:29 am)Reset
[I](2021-03-10  04:06:41 am)Reset
[I](2021-03-10  04:06:52 am)작업 시작 [Start d:292]
[I](2021-03-10  04:06:52 am)Nc File: [No.0005-285.NC *]
[I](2021-03-10  04:06:52 am)  * Start Machine Position
[I](2021-03-10  04:06:52 am)    X:    497.6147
[I](2021-03-10  04:06:52 am)    Y:   -371.2418
[I](2021-03-10  04:06:52 am)    U:     -0.1697
[I](2021-03-10  04:06:52 am)    V:      0.0503
[I](2021-03-10  04:06:52 am)    Z:     49.9109
[I](2021-03-10  04:06:52 am)  * Angle
[I](2021-03-10  04:06:52 am)    Ar:     -0.1976,Kr:      0.0000
[I](2021-03-10  04:06:52 am)    Taper_Ar:      0.0000
[I](2021-03-10  04:07:01 am)작업중 정지 [d:0][t:00:00:08]
[I](2021-03-10  04:07:01 am)    [LNo:0005] 000076/000128
[I](2021-03-10  04:07:01 am)작업중 M코드정지 [d:0][t:00:00:08]
[I](2021-03-10  04:08:34 am)작업중 정지 [d:1][t:00:01:41]
[I](2021-03-10  04:08:34 am)    [LNo:0005] 000122/000128
[I](2021-03-10  04:08:34 am)작업중 M코드정지 [d:1][t:00:01:41]
[A](2021-03-10  04:09:08 am)[037] 자동결선 잔여 WIRE 처리 실패!!
[I](2021-03-10  04:11:03 am)Reset
[I](2021-03-10  04:15:01 am)Reset
[I](2021-03-10  04:17:20 am)Reset
[I](2021-03-10  04:17:28 am)Reset
[I](2021-03-10  04:17:42 am)Reset
[I](2021-03-10  04:17:52 am)Reset
[A](2021-03-10  04:18:12 am)[037] 자동결선 잔여 WIRE 처리 실패!!
[I](2021-03-10  04:18:37 am)Reset
[I](2021-03-10  04:19:20 am)작업 시작 [Start d:293]
[I](2021-03-10  04:19:20 am)Nc File: [No.0006-274.NC]
[I](2021-03-10  04:19:20 am)  * Start Machine Position
[I](2021-03-10  04:19:20 am)    X:    281.5107
[I](2021-03-10  04:19:20 am)    Y:   -252.4743
[I](2021-03-10  04:19:20 am)    U:      0.0000
[I](2021-03-10  04:19:20 am)    V:      0.0000
[I](2021-03-10  04:19:20 am)    Z:     18.7429
[I](2021-03-10  04:19:20 am)  * Angle
[I](2021-03-10  04:19:20 am)    Ar:     -0.0467,Kr:      0.0000
[I](2021-03-10  04:19:20 am)    Taper_Ar:      0.0000
[I](2021-03-10  04:46:38 am)작업중 정지 [d:26][t:00:27:18]
[I](2021-03-10  04:46:38 am)    [LNo:0006] 000036/000152
[I](2021-03-10  04:46:38 am)작업중 M코드정지 [d:26][t:00:27:18]
[I](2021-03-10  07:01:28 am)작업중 정지 [d:26][t:02:42:08]
[I](2021-03-10  07:01:28 am)    [LNo:0006] 000039/000152
[I](2021-03-10  07:01:28 am)작업중 M코드정지 [d:26][t:02:42:08]
[I](2021-03-10  07:28:58 am)작업중 정지 [d:52][t:03:09:38]
[I](2021-03-10  07:28:58 am)    [LNo:0006] 000070/000152
[I](2021-03-10  07:28:58 am)작업중 M코드정지 [d:52][t:03:09:38]
[I](2021-03-10  07:59:19 am)작업중 정지 [d:53][t:03:39:58]
[I](2021-03-10  07:59:19 am)    [LNo:0006] 000073/000152
[I](2021-03-10  07:59:19 am)작업중 M코드정지 [d:53][t:03:39:58]
[I](2021-03-10  08:18:58 am)작업중 정지 [d:71][t:03:59:38]
[I](2021-03-10  08:18:58 am)    [LNo:0006] 000105/000152
[I](2021-03-10  08:18:58 am)작업중 M코드정지 [d:71][t:03:59:38]
[I](2021-03-10  08:26:23 am)작업중 정지 [d:71][t:04:07:03]
[I](2021-03-10  08:26:23 am)    [LNo:0006] 000108/000152
[I](2021-03-10  08:26:24 am)작업중 M코드정지 [d:71][t:04:07:03]
[I](2021-03-10  08:42:46 am)작업중 정지 [d:85][t:04:23:26]
[I](2021-03-10  08:42:46 am)    [LNo:0006] 000139/000152
[I](2021-03-10  08:42:46 am)작업중 M코드정지 [d:85][t:04:23:26]
[I](2021-03-10  08:43:33 am)작업중 정지 [d:85][t:04:24:13]
[I](2021-03-10  08:43:33 am)    [LNo:0006] 000142/000152
[I](2021-03-10  08:43:34 am)작업중 M코드정지 [d:85][t:04:24:13]
[I](2021-03-10  08:46:00 am)작업중 정지 [d:85][t:04:26:40]
[I](2021-03-10  08:46:00 am)    [LNo:0006] 000148/000152
[I](2021-03-10  08:46:00 am)작업중 M코드정지 [d:85][t:04:26:40]
[I](2021-03-10  09:07:15 am)Reset
[I](2021-03-10  09:08:37 am)Reset
[I](2021-03-10  09:09:07 am)Reset
[I](2021-03-10  09:11:04 am)Reset
[I](2021-03-10  09:14:56 am)Reset
[I](2021-03-10  09:16:01 am)Reset
[I](2021-03-10  09:17:13 am)Reset
[I](2021-03-10  09:18:03 am)Reset
[I](2021-03-10  09:18:10 am)Reset
[I](2021-03-10  09:18:24 am)Reset
[I](2021-03-10  09:23:17 am)작업 시작 [Start d:378]
[I](2021-03-10  09:23:17 am)Nc File: [No.0004-287.NC]
[I](2021-03-10  09:23:17 am)  * Start Machine Position
[I](2021-03-10  09:23:17 am)    X:     49.5014
[I](2021-03-10  09:23:17 am)    Y:   -333.6428
[I](2021-03-10  09:23:17 am)    U:      0.1599
[I](2021-03-10  09:23:17 am)    V:      0.0009
[I](2021-03-10  09:23:17 am)    Z:     31.6869
[I](2021-03-10  09:23:17 am)  * Angle
[I](2021-03-10  09:23:17 am)    Ar:      0.3290,Kr:      0.0000
[I](2021-03-10  09:23:17 am)    Taper_Ar:      0.0000
[I](2021-03-10  09:23:20 am)작업중 정지 [d:0][t:00:00:02]
[I](2021-03-10  09:23:20 am)    [LNo:0004] 000211/000269
[I](2021-03-10  09:23:20 am)작업중 M코드정지 [d:0][t:00:00:02]
[I](2021-03-10  09:23:23 am)작업중 정지 [d:0][t:00:00:05]
[I](2021-03-10  09:23:23 am)    [LNo:0004] 000214/000269
[I](2021-03-10  09:23:23 am)작업중 M코드정지 [d:0][t:00:00:05]
[I](2021-03-10  09:23:29 am)작업중 정지 [d:0][t:00:00:11]
[I](2021-03-10  09:23:29 am)    [LNo:0004] 000217/000269
[I](2021-03-10  09:23:35 am)작업중 정지 [d:0][t:00:00:17]
[I](2021-03-10  09:23:35 am)    [LNo:0004] 000226/000269
[I](2021-03-10  09:25:33 am)작업중 정지 [d:0][t:00:02:15]
[I](2021-03-10  09:25:33 am)    [LNo:0004] 000237/000269
[I](2021-03-10  09:25:33 am)작업중 M코드정지 [d:0][t:00:02:15]
[I](2021-03-10  09:25:54 am)작업중 정지 [d:0][t:00:02:36]
[I](2021-03-10  09:25:54 am)    [LNo:0004] 000240/000269
[I](2021-03-10  09:25:54 am)작업중 M코드정지 [d:0][t:00:02:36]
[A](2021-03-10  09:26:19 am)[084] Work Tank Fluid Sensor Abnormal
[A](2021-03-10  09:26:23 am)[084] Work Tank Fluid Sensor Abnormal
[I](2021-03-10  09:28:53 am)작업중 정지 [d:0][t:00:05:35]
[I](2021-03-10  09:28:53 am)    [LNo:0004] 000261/000269
[I](2021-03-10  09:28:53 am)작업중 M코드정지 [d:0][t:00:05:35]
[I](2021-03-10  09:28:58 am)작업중 정지 [d:0][t:00:05:40]
[I](2021-03-10  09:28:58 am)    [LNo:0004] 000264/000269
[I](2021-03-10  09:30:51 am)Reset
[I](2021-03-10  09:30:58 am)Reset
[I](2021-03-10  09:31:54 am)Reset
[I](2021-03-10  09:32:21 am)Reset
[I](2021-03-10  09:35:21 am)Reset
[I](2021-03-10  09:35:47 am)Reset
[I](2021-03-10  09:36:26 am)Reset
[I](2021-03-10  09:36:50 am)Reset
[I](2021-03-10  09:36:57 am)Reset
[I](2021-03-10  09:37:12 am)Reset
[I](2021-03-10  09:38:15 am)작업 시작 [Start d:378]
[I](2021-03-10  09:38:15 am)Nc File: [No.0004-287.NC]
[I](2021-03-10  09:38:15 am)  * Start Machine Position
[I](2021-03-10  09:38:15 am)    X:     50.7960
[I](2021-03-10  09:38:15 am)    Y:   -333.6316
[I](2021-03-10  09:38:15 am)    U:     -0.0199
[I](2021-03-10  09:38:15 am)    V:     -0.0081
[I](2021-03-10  09:38:15 am)    Z:     31.6869
[I](2021-03-10  09:38:15 am)  * Angle
[I](2021-03-10  09:38:15 am)    Ar:      0.3234,Kr:      0.0000
[I](2021-03-10  09:38:15 am)    Taper_Ar:      0.0000
[I](2021-03-10  09:38:17 am)작업중 정지 [d:0][t:00:00:02]
[I](2021-03-10  09:38:17 am)    [LNo:0004] 000141/000269
[I](2021-03-10  09:38:17 am)작업중 M코드정지 [d:0][t:00:00:02]
[I](2021-03-10  09:38:19 am)작업중 정지 [d:0][t:00:00:04]
[I](2021-03-10  09:38:19 am)    [LNo:0004] 000144/000269
[I](2021-03-10  09:38:19 am)작업중 M코드정지 [d:0][t:00:00:04]
[I](2021-03-10  09:38:24 am)작업중 정지 [d:0][t:00:00:08]
[I](2021-03-10  09:38:24 am)    [LNo:0004] 000146/000269
[I](2021-03-10  09:38:24 am)작업중 M코드정지 [d:0][t:00:00:08]
[I](2021-03-10  09:38:38 am)작업중 정지 [d:0][t:00:00:22]
[I](2021-03-10  09:38:38 am)    [LNo:0004] 000156/000269
[I](2021-03-10  09:39:20 am)작업중 정지 [d:1][t:00:01:05]
[I](2021-03-10  09:39:20 am)    [LNo:0004] 000167/000269
[I](2021-03-10  09:39:21 am)작업중 M코드정지 [d:1][t:00:01:05]
[I](2021-03-10  09:39:38 am)작업중 정지 [d:1][t:00:01:23]
[I](2021-03-10  09:39:38 am)    [LNo:0004] 000170/000269
[I](2021-03-10  09:39:38 am)작업중 M코드정지 [d:1][t:00:01:23]
[A](2021-03-10  09:39:59 am)[084] Work Tank Fluid Sensor Abnormal
[I](2021-03-10  09:41:29 am)작업중 정지 [d:2][t:00:03:14]
[I](2021-03-10  09:41:29 am)    [LNo:0004] 000191/000269
[I](2021-03-10  09:41:29 am)작업중 M코드정지 [d:2][t:00:03:14]
[I](2021-03-10  09:45:33 am)Reset
[I](2021-03-10  09:45:43 am)Reset
[I](2021-03-10  09:47:11 am)Reset
[I](2021-03-10  09:47:11 am)Reset
[I](2021-03-10  09:47:42 am)Reset
[I](2021-03-10  09:51:20 am)Reset
[I](2021-03-10  09:52:17 am)Reset
[I](2021-03-10  09:53:43 am)Reset
[I](2021-03-10  09:54:41 am)Reset
[I](2021-03-10  09:54:49 am)Reset
[I](2021-03-10  09:55:03 am)Reset
[I](2021-03-10  09:58:08 am)작업 시작 [Start d:380]
[I](2021-03-10  09:58:08 am)Nc File: [No.0007-292.NC]
[I](2021-03-10  09:58:08 am)  * Start Machine Position
[I](2021-03-10  09:58:08 am)    X:     45.9385
[I](2021-03-10  09:58:08 am)    Y:   -358.3835
[I](2021-03-10  09:58:08 am)    U:      0.0361
[I](2021-03-10  09:58:08 am)    V:      0.0095
[I](2021-03-10  09:58:08 am)    Z:     31.6869
[I](2021-03-10  09:58:08 am)  * Angle
[I](2021-03-10  09:58:08 am)    Ar:     -0.7589,Kr:      0.0000
[I](2021-03-10  09:58:08 am)    Taper_Ar:      0.0000
[I](2021-03-10  09:58:16 am)작업중 정지 [d:0][t:00:00:07]
[I](2021-03-10  09:58:16 am)    [LNo:0007] 000074/000135
[I](2021-03-10  09:58:16 am)작업중 M코드정지 [d:0][t:00:00:07]
[I](2021-03-10  09:58:18 am)작업중 정지 [d:0][t:00:00:10]
[I](2021-03-10  09:58:18 am)    [LNo:0007] 000077/000135
[I](2021-03-10  09:58:18 am)작업중 M코드정지 [d:0][t:00:00:10]
[I](2021-03-10  09:58:21 am)작업중 정지 [d:0][t:00:00:12]
[I](2021-03-10  09:58:21 am)    [LNo:0007] 000080/000135
[I](2021-03-10  09:58:21 am)작업중 M코드정지 [d:0][t:00:00:12]
[I](2021-03-10  10:00:07 am)작업중 정지 [d:1][t:00:01:59]
[I](2021-03-10  10:00:07 am)    [LNo:0007] 000103/000135
[I](2021-03-10  10:00:07 am)작업중 M코드정지 [d:1][t:00:01:59]
[I](2021-03-10  10:00:25 am)작업중 정지 [d:1][t:00:02:17]
[I](2021-03-10  10:00:25 am)    [LNo:0007] 000107/000135
[I](2021-03-10  10:00:25 am)작업중 M코드정지 [d:1][t:00:02:17]
[I](2021-03-10  10:01:47 am)작업중 정지 [d:2][t:00:03:39]
[I](2021-03-10  10:01:47 am)    [LNo:0007] 000127/000135
[I](2021-03-10  10:01:47 am)작업중 M코드정지 [d:2][t:00:03:39]
[I](2021-03-10  10:03:36 am)작업중 정지 [d:2][t:00:05:27]
[I](2021-03-10  10:03:36 am)    [LNo:0007] 000109/000135
[I](2021-03-10  10:04:33 am)작업중 정지 [d:3][t:00:06:24]
[I](2021-03-10  10:04:33 am)    [LNo:0007] 000127/000135
[I](2021-03-10  10:04:33 am)작업중 M코드정지 [d:3][t:00:06:24]
[I](2021-03-10  10:07:09 am)Reset
[I](2021-03-10  10:09:31 am)Reset
[I](2021-03-10  10:09:58 am)Reset
[I](2021-03-10  10:14:20 am)Reset
[I](2021-03-10  10:14:47 am)Reset
[I](2021-03-10  10:15:24 am)Reset
[I](2021-03-10  10:15:50 am)Reset
[I](2021-03-10  10:15:58 am)Reset
[I](2021-03-10  10:16:15 am)Reset
[I](2021-03-10  10:17:17 am)작업 시작 [Start d:383]
[I](2021-03-10  10:17:17 am)Nc File: [No.0007-292.NC]
[I](2021-03-10  10:17:17 am)  * Start Machine Position
[I](2021-03-10  10:17:17 am)    X:     46.5126
[I](2021-03-10  10:17:17 am)    Y:   -351.2590
[I](2021-03-10  10:17:17 am)    U:      0.0921
[I](2021-03-10  10:17:17 am)    V:     -0.0888
[I](2021-03-10  10:17:17 am)    Z:     31.6869
[I](2021-03-10  10:17:17 am)  * Angle
[I](2021-03-10  10:17:17 am)    Ar:      0.7292,Kr:      0.0000
[I](2021-03-10  10:17:17 am)    Taper_Ar:      0.0000
[I](2021-03-10  10:17:21 am)작업중 정지 [d:0][t:00:00:04]
[I](2021-03-10  10:17:21 am)    [LNo:0007] 000010/000135
[I](2021-03-10  10:17:21 am)작업중 M코드정지 [d:0][t:00:00:04]
[I](2021-03-10  10:17:49 am)작업중 정지 [d:0][t:00:00:32]
[I](2021-03-10  10:17:49 am)    [LNo:0007] 000013/000135
[I](2021-03-10  10:20:05 am)작업중 정지 [d:2][t:00:02:47]
[I](2021-03-10  10:20:05 am)    [LNo:0007] 000054/000135
[I](2021-03-10  10:20:05 am)작업중 M코드정지 [d:2][t:00:02:47]
[I](2021-03-10  10:21:36 am)작업중 정지 [d:2][t:00:04:19]
[I](2021-03-10  10:21:36 am)    [LNo:0007] 000038/000135
[I](2021-03-10  10:22:21 am)작업중 정지 [d:3][t:00:05:04]
[I](2021-03-10  10:22:21 am)    [LNo:0007] 000054/000135
[I](2021-03-10  10:22:21 am)작업중 M코드정지 [d:3][t:00:05:04]
[I](2021-03-10  10:23:50 am)작업중 정지 [d:3][t:00:06:33]
[I](2021-03-10  10:23:50 am)    [LNo:0007] 000036/000135
[I](2021-03-10  10:24:57 am)작업중 정지 [d:3][t:00:07:40]
[I](2021-03-10  10:24:57 am)    [LNo:0007] 000055/000135
[I](2021-03-10  10:24:57 am)작업중 M코드정지 [d:3][t:00:07:40]
[I](2021-03-10  10:27:47 am)작업중 정지 [d:3][t:00:10:30]
[I](2021-03-10  10:27:47 am)    [LNo:0007] 000038/000135
[I](2021-03-10  10:28:29 am)작업중 정지 [d:4][t:00:11:12]
[I](2021-03-10  10:28:29 am)    [LNo:0007] 000054/000135
[I](2021-03-10  10:28:29 am)작업중 M코드정지 [d:4][t:00:11:12]
[I](2021-03-10  10:31:58 am)Reset
[I](2021-03-10  10:32:17 am)Reset
[A](2021-03-10  10:39:25 am)[001] 와이어 미동작
[I](2021-03-10  10:57:58 am)Reset
[I](2021-03-10  10:58:43 am)Reset
[I](2021-03-10  11:01:24 am)Reset
[I](2021-03-10  11:02:27 am)Reset
[I](2021-03-10  11:03:22 am)Reset
[I](2021-03-10  11:04:34 am)Reset
[I](2021-03-10  11:05:02 am)Reset
[I](2021-03-10  11:05:15 am)Reset
[I](2021-03-10  11:05:38 am)Reset
[I](2021-03-10  11:11:21 am)Reset
[I](2021-03-10  11:11:37 am)작업 시작 [Start d:387]
[I](2021-03-10  11:11:37 am)Nc File: [No.0008-676.NC]
[I](2021-03-10  11:11:37 am)  * Start Machine Position
[I](2021-03-10  11:11:37 am)    X:    302.0610
[I](2021-03-10  11:11:37 am)    Y:   -222.8338
[I](2021-03-10  11:11:37 am)    U:      0.0000
[I](2021-03-10  11:11:37 am)    V:      0.0000
[I](2021-03-10  11:11:37 am)    Z:     27.5174
[I](2021-03-10  11:11:37 am)  * Angle
[I](2021-03-10  11:11:37 am)    Ar:      0.5435,Kr:      0.0000
[I](2021-03-10  11:11:37 am)    Taper_Ar:      0.0000
[I](2021-03-10  11:11:45 am)작업중 정지 [d:0][t:00:00:08]
[I](2021-03-10  11:11:45 am)    [LNo:0008] 000010/000146
[I](2021-03-10  11:11:45 am)작업중 M코드정지 [d:0][t:00:00:08]
[I](2021-03-10  11:25:33 am)작업중 정지 [d:13][t:00:13:55]
[I](2021-03-10  11:25:33 am)    [LNo:0008] 000033/000146
[I](2021-03-10  11:25:33 am)작업중 M코드정지 [d:13][t:00:13:56]
[I](2021-03-10  11:27:31 am)작업중 정지 [d:13][t:00:15:54]
[I](2021-03-10  11:27:31 am)    [LNo:0008] 000034/000146
[I](2021-03-10  11:27:53 am)작업 재시작
[I](2021-03-10  11:27:58 am)작업중 정지 [d:13][t:00:16:21]
[I](2021-03-10  11:27:58 am)    [LNo:0008] 000035/000146
[I](2021-03-10  11:27:58 am)작업중 M코드정지 [d:13][t:00:16:21]
[I](2021-03-10  11:28:03 am)작업중 정지 [d:13][t:00:16:26]
[I](2021-03-10  11:28:03 am)    [LNo:0008] 000040/000146
[I](2021-03-10  11:28:04 am)작업 재시작
[I](2021-03-10  11:47:21 am)작업중 정지 [d:32][t:00:35:44]
[I](2021-03-10  11:47:21 am)    [LNo:0008] 000064/000146
[I](2021-03-10  11:47:21 am)작업중 M코드정지 [d:32][t:00:35:44]
[I](2021-03-10  11:50:52 am)작업중 정지 [d:32][t:00:39:15]
[I](2021-03-10  11:50:52 am)    [LNo:0008] 000066/000146
[I](2021-03-10  11:50:52 am)작업중 M코드정지 [d:32][t:00:39:15]
[I](2021-03-10  12:14:36 pm)작업중 정지 [d:52][t:01:02:59]
[I](2021-03-10  12:14:36 pm)    [LNo:0008] 000100/000146
[I](2021-03-10  12:14:36 pm)작업중 M코드정지 [d:52][t:01:02:59]
[I](2021-03-10  12:53:08 pm)작업중 정지 [d:52][t:01:41:31]
[I](2021-03-10  12:53:08 pm)    [LNo:0008] 000102/000146
[I](2021-03-10  12:53:08 pm)작업중 M코드정지 [d:52][t:01:41:31]
[I](2021-03-10  01:08:56 pm)작업중 정지 [d:66][t:01:57:19]
[I](2021-03-10  01:08:56 pm)    [LNo:0008] 000133/000146
[I](2021-03-10  01:08:56 pm)작업중 30sec 접촉 정지 [d:66][t:01:57:19]
[I](2021-03-10  01:33:08 pm)작업 재시작
[I](2021-03-10  01:33:17 pm)작업중 정지 [d:66][t:02:21:40]
[I](2021-03-10  01:33:17 pm)    [LNo:0008] 000134/000146
[I](2021-03-10  01:33:17 pm)작업중 M코드정지 [d:66][t:02:21:40]
[I](2021-03-10  01:56:41 pm)작업중 정지 [d:66][t:02:45:04]
[I](2021-03-10  01:56:41 pm)    [LNo:0008] 000136/000146
[I](2021-03-10  01:56:41 pm)작업중 M코드정지 [d:66][t:02:45:04]
[I](2021-03-10  01:57:32 pm)작업중 정지 [d:66][t:02:45:55]
[I](2021-03-10  01:57:32 pm)    [LNo:0008] 000141/000146
[I](2021-03-10  02:08:04 pm)Reset
[I](2021-03-10  03:08:59 pm)Reset
[I](2021-03-10  03:09:00 pm)Reset
[I](2021-03-10  03:09:05 pm)Reset
[I](2021-03-10  04:57:43 pm)Reset
[I](2021-03-10  04:58:18 pm)Reset
[I](2021-03-10  05:07:26 pm)Reset
[I](2021-03-10  05:12:23 pm)Reset
[I](2021-03-10  05:15:45 pm)Reset
[I](2021-03-10  05:16:54 pm)Reset
[I](2021-03-10  05:17:55 pm)작업 시작 [Start d:453]
[I](2021-03-10  05:17:55 pm)Nc File: [No.0009-302.NC]
[I](2021-03-10  05:17:55 pm)  * Start Machine Position
[I](2021-03-10  05:17:55 pm)    X:    373.2220
[I](2021-03-10  05:17:55 pm)    Y:   -265.4374
[I](2021-03-10  05:17:55 pm)    U:      0.0000
[I](2021-03-10  05:17:55 pm)    V:      0.0000
[I](2021-03-10  05:17:55 pm)    Z:     32.6304
[I](2021-03-10  05:17:55 pm)  * Angle
[I](2021-03-10  05:17:55 pm)    Ar:      0.0308,Kr:      0.0000
[I](2021-03-10  05:17:55 pm)    Taper_Ar:      0.0000
[I](2021-03-10  05:18:08 pm)작업중 정지 [d:0][t:00:00:13]
[I](2021-03-10  05:18:08 pm)    [LNo:0009] 000010/000122
[I](2021-03-10  05:18:08 pm)작업중 M코드정지 [d:0][t:00:00:13]
[I](2021-03-10  05:19:45 pm)작업중 정지 [d:1][t:00:01:50]
[I](2021-03-10  05:19:45 pm)    [LNo:0009] 000040/000122
[I](2021-03-10  05:20:01 pm)작업중 정지 [d:1][t:00:02:05]
[I](2021-03-10  05:20:01 pm)    [LNo:0009] 000012/000122
[I](2021-03-10  05:21:17 pm)작업중 정지 [d:2][t:00:03:21]
[I](2021-03-10  05:21:17 pm)    [LNo:0009] 000043/000122
[I](2021-03-10  05:21:17 pm)작업중 M코드정지 [d:2][t:00:03:21]
[I](2021-03-10  05:21:21 pm)작업중 정지 [d:2][t:00:03:25]
[I](2021-03-10  05:21:21 pm)    [LNo:0009] 000046/000122
[I](2021-03-10  05:21:21 pm)작업중 M코드정지 [d:2][t:00:03:25]
[I](2021-03-10  05:21:27 pm)작업중 정지 [d:2][t:00:03:31]
[I](2021-03-10  05:21:27 pm)    [LNo:0009] 000049/000122
[I](2021-03-10  05:21:30 pm)작업중 정지 [d:2][t:00:03:34]
[I](2021-03-10  05:21:30 pm)    [LNo:0009] 000055/000122
[I](2021-03-10  05:36:55 pm)작업중 정지 [d:9][t:00:18:59]
[I](2021-03-10  05:36:55 pm)    [LNo:0009] 000080/000122
[I](2021-03-10  05:36:55 pm)작업중 M코드정지 [d:9][t:00:18:59]
[I](2021-03-10  05:37:11 pm)작업중 정지 [d:9][t:00:19:15]
[I](2021-03-10  05:37:11 pm)    [LNo:0009] 000083/000122
[I](2021-03-10  05:37:11 pm)작업중 M코드정지 [d:9][t:00:19:16]
[I](2021-03-10  05:38:51 pm)작업중 정지 [d:9][t:00:20:55]
[I](2021-03-10  05:38:51 pm)    [LNo:0009] 000100/000122
[I](2021-03-10  05:39:03 pm)작업 재시작
[I](2021-03-10  06:29:31 pm)작업중 정지 [d:59][t:01:11:35]
[I](2021-03-10  06:29:31 pm)    [LNo:0009] 000115/000122
[I](2021-03-10  06:29:31 pm)작업중 M코드정지 [d:59][t:01:11:35]
[I](2021-03-10  07:15:33 pm)Reset
[I](2021-03-10  07:17:05 pm)Reset
[I](2021-03-10  07:17:34 pm)Reset
[I](2021-03-10  07:21:54 pm)Reset
[I](2021-03-10  07:24:50 pm)Reset
[I](2021-03-10  07:30:37 pm)작업 시작 [Start d:512]
[I](2021-03-10  07:30:37 pm)Nc File: [No.0011-301.NC]
[I](2021-03-10  07:30:37 pm)  * Start Machine Position
[I](2021-03-10  07:30:37 pm)    X:    298.9088
[I](2021-03-10  07:30:37 pm)    Y:   -232.7483
[I](2021-03-10  07:30:37 pm)    U:      0.0000
[I](2021-03-10  07:30:37 pm)    V:      0.0000
[I](2021-03-10  07:30:37 pm)    Z:     30.4544
[I](2021-03-10  07:30:37 pm)  * Angle
[I](2021-03-10  07:30:37 pm)    Ar:     -0.4832,Kr:      0.0000
[I](2021-03-10  07:30:37 pm)    Taper_Ar:      0.0000
[I](2021-03-10  08:53:47 pm)작업중 정지 [d:83][t:01:23:09]
[I](2021-03-10  08:53:47 pm)    [LNo:0011] 000080/000478
[I](2021-03-10  08:53:47 pm)작업중 M코드정지 [d:83][t:01:23:09]
[I](2021-03-10  11:14:39 pm)작업중 정지 [d:219][t:03:44:02]
[I](2021-03-10  11:14:39 pm)    [LNo:0011] 000441/000478
[I](2021-03-10  11:14:40 pm)작업중 M코드정지 [d:219][t:03:44:02]
[I](2021-03-10  11:17:15 pm)작업중 정지 [d:219][t:03:46:37]
[I](2021-03-10  11:17:15 pm)    [LNo:0011] 000443/000478
[I](2021-03-10  11:17:15 pm)작업중 M코드정지 [d:219][t:03:46:37]
[I](2021-03-10  11:22:28 pm)작업중 정지 [d:223][t:03:51:50]
[I](2021-03-10  11:22:28 pm)    [LNo:0011] 000467/000478
[I](2021-03-10  11:22:28 pm)Wire Contact Auto Stop(M52)
[I](2021-03-10  11:26:20 pm)Reset
[I](2021-03-10  11:27:24 pm)작업 시작 [Start d:735]
[I](2021-03-10  11:27:24 pm)Nc File: [No.0012-303.NC]
[I](2021-03-10  11:27:24 pm)  * Start Machine Position
[I](2021-03-10  11:27:24 pm)    X:    300.3613
[I](2021-03-10  11:27:24 pm)    Y:   -266.0798
[I](2021-03-10  11:27:24 pm)    U:      0.0000
[I](2021-03-10  11:27:24 pm)    V:      0.0000
[I](2021-03-10  11:27:25 pm)    Z:     30.4544
[I](2021-03-10  11:27:25 pm)  * Angle
[I](2021-03-10  11:27:25 pm)    Ar:     -0.4832,Kr:      0.0000
[I](2021-03-10  11:27:25 pm)    Taper_Ar:      0.0000
[I](2021-03-10  11:36:04 pm)작업중 정지 [d:9][t:00:08:39]
[I](2021-03-10  11:36:04 pm)    [LNo:0012] 000028/000268
[I](2021-03-10  11:36:04 pm)작업중 M코드정지 [d:9][t:00:08:39]
[I](2021-03-10  11:36:57 pm)작업중 정지 [d:10][t:00:09:32]
[I](2021-03-10  11:36:57 pm)    [LNo:0012] 000032/000268
[I](2021-03-10  11:36:57 pm)작업중 M코드정지 [d:10][t:00:09:32]
