[I](2021-09-28  12:00:42 am)작업중 정지 [d:10][t:00:13:46]
[I](2021-09-28  12:00:42 am)    [LNo:0004] 000096/002822
[I](2021-09-28  12:00:42 am)작업중 M코드정지 [d:10][t:00:13:46]
[I](2021-09-28  12:03:11 am)작업중 정지 [d:10][t:00:16:15]
[I](2021-09-28  12:03:11 am)    [LNo:0004] 000097/002822
[I](2021-09-28  12:03:11 am)Wire Contact Auto Stop(M52)
[I](2021-09-28  12:12:31 am)작업중 정지 [d:10][t:00:25:35]
[I](2021-09-28  12:12:31 am)    [LNo:0004] 000106/002822
[I](2021-09-28  12:16:22 am)작업중 정지 [d:14][t:00:29:26]
[I](2021-09-28  12:16:22 am)    [LNo:0004] 000178/002822
[I](2021-09-28  12:16:22 am)작업중 M코드정지 [d:14][t:00:29:26]
[I](2021-09-28  12:42:23 am)작업중 정지 [d:26][t:00:55:27]
[I](2021-09-28  12:42:23 am)    [LNo:0004] 000496/002822
[A](2021-09-28  12:42:23 am)[008] 작업중 단선(AWF Feed Motor Stop )
[I](2021-09-28  12:42:24 am)작업중 Wire 단선 [d:26][t:00:55:27]
[I](2021-09-28  02:05:21 am)작업중 정지 [d:86][t:02:18:25]
[I](2021-09-28  02:05:21 am)    [LNo:0004] 001969/002822
[A](2021-09-28  02:05:21 am)[008] 작업중 단선(AWF Feed Motor Stop )
[I](2021-09-28  02:05:21 am)작업중 Wire 단선 [d:86][t:02:18:25]
[I](2021-09-28  02:07:23 am)작업 재시작
[I](2021-09-28  02:34:28 am)작업중 정지 [d:113][t:02:47:32]
[I](2021-09-28  02:34:28 am)    [LNo:0004] 002017/002822
[A](2021-09-28  02:34:29 am)[008] 작업중 단선(AWF Feed Motor Stop )
[I](2021-09-28  02:34:29 am)작업중 Wire 단선 [d:113][t:02:47:33]
[I](2021-09-28  02:35:40 am)작업 재시작
[I](2021-09-28  03:32:48 am)작업중 정지 [d:170][t:03:45:52]
[I](2021-09-28  03:32:48 am)    [LNo:0004] 002121/002822
[I](2021-09-28  03:32:48 am)작업중 M코드정지 [d:170][t:03:45:52]
[I](2021-09-28  03:42:49 am)작업중 정지 [d:170][t:03:55:53]
[I](2021-09-28  03:42:49 am)    [LNo:0004] 002122/002822
[I](2021-09-28  03:42:49 am)Wire Contact Auto Stop(M52)
[I](2021-09-28  03:46:29 am)Reset
[I](2021-09-28  03:46:29 am)Reset
[I](2021-09-28  03:49:44 am)Reset
[I](2021-09-28  03:55:48 am)작업 시작 [Start d:984]
[I](2021-09-28  03:55:48 am)Nc File: [No.0004-289.NC]
[I](2021-09-28  03:55:48 am)  * Start Machine Position
[I](2021-09-28  03:55:48 am)    X:    246.2589
[I](2021-09-28  03:55:48 am)    Y:   -390.0929
[I](2021-09-28  03:55:48 am)    U:      0.0000
[I](2021-09-28  03:55:48 am)    V:      0.0000
[I](2021-09-28  03:55:48 am)    Z:     10.7958
[I](2021-09-28  03:55:48 am)  * Angle
[I](2021-09-28  03:55:48 am)    Ar:      0.4324,Kr:      0.0000
[I](2021-09-28  03:55:48 am)    Taper_Ar:      0.0000
[I](2021-09-28  04:31:39 am)작업중 정지 [d:27][t:00:35:51]
[I](2021-09-28  04:31:39 am)    [LNo:0004] 002759/002822
[A](2021-09-28  04:31:39 am)[008] 작업중 단선(AWF Feed Motor Stop )
[I](2021-09-28  04:31:39 am)작업중 Wire 단선 [d:27][t:00:35:51]
[I](2021-09-28  04:32:50 am)작업 재시작
[I](2021-09-28  04:39:11 am)작업중 정지 [d:33][t:00:43:22]
[I](2021-09-28  04:39:11 am)    [LNo:0004] 002771/002822
[A](2021-09-28  04:39:11 am)[008] 작업중 단선(AWF Feed Motor Stop )
[I](2021-09-28  04:39:11 am)작업중 Wire 단선 [d:33][t:00:43:22]
[I](2021-09-28  04:40:21 am)작업 재시작
[I](2021-09-28  05:00:34 am)작업중 정지 [d:53][t:01:04:46]
[I](2021-09-28  05:00:34 am)    [LNo:0004] 002810/002822
[I](2021-09-28  05:00:34 am)작업중 M코드정지 [d:53][t:01:04:46]
[I](2021-09-28  05:39:34 am)작업중 정지 [d:53][t:01:43:45]
[I](2021-09-28  05:39:34 am)    [LNo:0004] 002811/002822
[I](2021-09-28  05:39:34 am)Wire Contact Auto Stop(M52)
[I](2021-09-28  06:06:34 am)Reset
[I](2021-09-28  06:06:42 am)Reset
[I](2021-09-28  06:19:34 am)Reset
[I](2021-09-28  06:20:56 am)작업 시작 [Start d:0]
[I](2021-09-28  06:20:56 am)Nc File: [No.0004-289.NC]
[I](2021-09-28  06:20:56 am)  * Start Machine Position
[I](2021-09-28  06:20:56 am)    X:    239.1948
[I](2021-09-28  06:20:56 am)    Y:   -371.3211
[I](2021-09-28  06:20:56 am)    U:      0.0000
[I](2021-09-28  06:20:56 am)    V:      0.0000
[I](2021-09-28  06:20:56 am)    Z:     10.7958
[I](2021-09-28  06:20:56 am)  * Angle
[I](2021-09-28  06:20:56 am)    Ar:     -0.7127,Kr:      0.0000
[I](2021-09-28  06:20:56 am)    Taper_Ar:      0.0000
[I](2021-09-28  06:21:25 am)작업중 정지 [d:0][t:00:00:29]
[I](2021-09-28  06:21:25 am)    [LNo:0004] 001492/002822
[I](2021-09-28  06:23:51 am)Reset
[I](2021-09-28  06:25:05 am)작업 시작 [Start d:0]
[I](2021-09-28  06:25:05 am)Nc File: [No.0004-289.NC]
[I](2021-09-28  06:25:05 am)  * Start Machine Position
[I](2021-09-28  06:25:05 am)    X:    239.1948
[I](2021-09-28  06:25:05 am)    Y:   -371.3211
[I](2021-09-28  06:25:05 am)    U:      0.0000
[I](2021-09-28  06:25:05 am)    V:      0.0000
[I](2021-09-28  06:25:05 am)    Z:     10.7958
[I](2021-09-28  06:25:05 am)  * Angle
[I](2021-09-28  06:25:05 am)    Ar:     -0.7127,Kr:      0.0000
[I](2021-09-28  06:25:05 am)    Taper_Ar:      0.0000
[I](2021-09-28  06:45:46 am)작업중 정지 [d:17][t:00:20:41]
[I](2021-09-28  06:45:46 am)    [LNo:0004] 000492/002822
[I](2021-09-28  06:45:46 am)작업중 M코드정지 [d:17][t:00:20:41]
[I](2021-09-28  08:14:53 am)작업중 정지 [d:80][t:01:49:48]
[I](2021-09-28  08:14:53 am)    [LNo:0004] 001972/002822
[A](2021-09-28  08:14:53 am)[008] 작업중 단선(AWF Feed Motor Stop )
[I](2021-09-28  08:14:53 am)작업중 Wire 단선 [d:80][t:01:49:48]
[I](2021-09-28  08:16:00 am)작업 재시작
[I](2021-09-28  09:38:58 am)작업중 정지 [d:163][t:03:13:53]
[I](2021-09-28  09:38:58 am)    [LNo:0004] 002121/002822
[I](2021-09-28  09:38:58 am)작업중 M코드정지 [d:163][t:03:13:53]
[I](2021-09-28  09:40:13 am)작업중 정지 [d:163][t:03:15:08]
[I](2021-09-28  09:40:13 am)    [LNo:0004] 002122/002822
[I](2021-09-28  09:40:13 am)Wire Contact Auto Stop(M52)
[I](2021-09-28  09:45:59 am)Reset
[I](2021-09-28  09:46:36 am)Reset
[I](2021-09-28  09:46:36 am)Reset
[I](2021-09-28  09:47:22 am)Reset
[I](2021-09-28  09:49:59 am)Reset
[I](2021-09-28  09:50:22 am)Reset
[I](2021-09-28  09:52:12 am)Reset
[I](2021-09-28  09:52:36 am)Reset
[I](2021-09-28  09:52:44 am)Reset
[I](2021-09-28  09:54:36 am)작업 시작 [Start d:163]
[I](2021-09-28  09:54:36 am)Nc File: [No.0012-330.NC]
[I](2021-09-28  09:54:36 am)  * Start Machine Position
[I](2021-09-28  09:54:36 am)    X:    393.5199
[I](2021-09-28  09:54:36 am)    Y:   -341.2760
[I](2021-09-28  09:54:36 am)    U:      0.0000
[I](2021-09-28  09:54:36 am)    V:      0.0000
[I](2021-09-28  09:54:36 am)    Z:     19.5663
[I](2021-09-28  09:54:36 am)  * Angle
[I](2021-09-28  09:54:36 am)    Ar:     -0.4627,Kr:      0.0000
[I](2021-09-28  09:54:36 am)    Taper_Ar:      0.0000
[I](2021-09-28  09:54:39 am)작업중 정지 [d:0][t:00:00:03]
[I](2021-09-28  09:54:39 am)    [LNo:0012] 000010/000055
[I](2021-09-28  09:54:39 am)작업중 M코드정지 [d:0][t:00:00:03]
[I](2021-09-28  10:00:54 am)작업중 정지 [d:5][t:00:06:18]
[I](2021-09-28  10:00:54 am)    [LNo:0012] 000026/000055
[I](2021-09-28  10:00:54 am)작업중 M코드정지 [d:5][t:00:06:18]
[I](2021-09-28  10:01:37 am)작업중 정지 [d:5][t:00:07:01]
[I](2021-09-28  10:01:37 am)    [LNo:0012] 000027/000055
[I](2021-09-28  10:02:14 am)작업 재시작
[I](2021-09-28  10:02:25 am)작업중 정지 [d:5][t:00:07:48]
[I](2021-09-28  10:02:25 am)    [LNo:0012] 000029/000055
[I](2021-09-28  10:02:25 am)작업중 M코드정지 [d:5][t:00:07:48]
[I](2021-09-28  10:03:49 am)작업중 정지 [d:6][t:00:09:13]
[I](2021-09-28  10:03:49 am)    [LNo:0012] 000048/000055
[I](2021-09-28  10:03:49 am)작업중 M코드정지 [d:6][t:00:09:13]
[I](2021-09-28  10:07:20 am)작업중 정지 [d:6][t:00:12:44]
[I](2021-09-28  10:07:20 am)    [LNo:0012] 000033/000055
[I](2021-09-28  10:08:02 am)작업중 정지 [d:6][t:00:13:26]
[I](2021-09-28  10:08:02 am)    [LNo:0012] 000048/000055
[I](2021-09-28  10:08:02 am)작업중 M코드정지 [d:6][t:00:13:26]
[I](2021-09-28  10:09:27 am)작업중 정지 [d:6][t:00:14:51]
[I](2021-09-28  10:09:27 am)    [LNo:0012] 000033/000055
[I](2021-09-28  10:10:58 am)작업중 정지 [d:6][t:00:16:22]
[I](2021-09-28  10:10:58 am)    [LNo:0012] 000048/000055
[I](2021-09-28  10:10:59 am)작업중 M코드정지 [d:6][t:00:16:22]
[I](2021-09-28  10:16:18 am)Reset
[I](2021-09-28  10:16:59 am)Reset
[I](2021-09-28  10:20:36 am)Reset
[I](2021-09-28  10:21:27 am)Reset
[I](2021-09-28  10:21:52 am)Reset
[I](2021-09-28  10:23:58 am)Reset
[I](2021-09-28  10:24:10 am)Reset
[I](2021-09-28  10:25:12 am)작업 시작 [Start d:169]
[I](2021-09-28  10:25:12 am)Nc File: [No.0012-330.NC]
[I](2021-09-28  10:25:12 am)  * Start Machine Position
[I](2021-09-28  10:25:12 am)    X:    393.3781
[I](2021-09-28  10:25:12 am)    Y:   -338.9285
[I](2021-09-28  10:25:12 am)    U:      0.0000
[I](2021-09-28  10:25:12 am)    V:      0.0000
[I](2021-09-28  10:25:12 am)    Z:     19.5663
[I](2021-09-28  10:25:12 am)  * Angle
[I](2021-09-28  10:25:12 am)    Ar:     -0.5003,Kr:      0.0000
[I](2021-09-28  10:25:12 am)    Taper_Ar:      0.0000
[I](2021-09-28  10:25:16 am)작업중 정지 [d:0][t:00:00:03]
[I](2021-09-28  10:25:16 am)    [LNo:0012] 000010/000055
[I](2021-09-28  10:25:16 am)작업중 M코드정지 [d:0][t:00:00:03]
[I](2021-09-28  10:30:41 am)작업중 정지 [d:5][t:00:05:28]
[I](2021-09-28  10:30:41 am)    [LNo:0012] 000026/000055
[I](2021-09-28  10:30:41 am)작업중 M코드정지 [d:5][t:00:05:29]
[I](2021-09-28  10:31:25 am)작업중 정지 [d:6][t:00:06:12]
[I](2021-09-28  10:31:25 am)    [LNo:0012] 000027/000055
[A](2021-09-28  10:31:41 am)[001] 와이어 미동작
[I](2021-09-28  10:31:44 am)작업 재시작
[I](2021-09-28  10:31:55 am)작업중 정지 [d:6][t:00:06:42]
[I](2021-09-28  10:31:55 am)    [LNo:0012] 000029/000055
[I](2021-09-28  10:31:55 am)작업중 M코드정지 [d:6][t:00:06:42]
[I](2021-09-28  10:31:56 am)작업중 정지 [d:6][t:00:06:44]
[I](2021-09-28  10:31:56 am)    [LNo:0012] 000031/000055
[I](2021-09-28  10:31:59 am)작업 재시작
[I](2021-09-28  10:33:46 am)작업중 정지 [d:8][t:00:08:33]
[I](2021-09-28  10:33:46 am)    [LNo:0012] 000048/000055
[I](2021-09-28  10:33:46 am)작업중 M코드정지 [d:8][t:00:08:33]
[A](2021-09-28  10:34:12 am)[037] 자동결선 잔여 WIRE 처리 실패!!
[I](2021-09-28  10:35:07 am)Reset
[I](2021-09-28  10:35:07 am)Reset
[I](2021-09-28  10:35:07 am)Reset
[I](2021-09-28  10:35:18 am)작업 시작 [Start d:177]
[I](2021-09-28  10:35:18 am)Nc File: [No.0012-330.NC]
[I](2021-09-28  10:35:18 am)  * Start Machine Position
[I](2021-09-28  10:35:18 am)    X:    404.3776
[I](2021-09-28  10:35:18 am)    Y:   -339.0245
[I](2021-09-28  10:35:18 am)    U:      0.0000
[I](2021-09-28  10:35:18 am)    V:      0.0000
[I](2021-09-28  10:35:18 am)    Z:     19.5663
[I](2021-09-28  10:35:18 am)  * Angle
[I](2021-09-28  10:35:18 am)    Ar:     -0.5003,Kr:      0.0000
[I](2021-09-28  10:35:18 am)    Taper_Ar:      0.0000
[I](2021-09-28  10:35:47 am)작업중 정지 [d:0][t:00:00:29]
[I](2021-09-28  10:35:47 am)    [LNo:0012] 000048/000055
[I](2021-09-28  10:35:47 am)작업중 M코드정지 [d:0][t:00:00:29]
[I](2021-09-28  10:39:36 am)Reset
[I](2021-09-28  10:41:37 am)Reset
[I](2021-09-28  10:41:53 am)Reset
[I](2021-09-28  10:42:08 am)Reset
[I](2021-09-28  10:42:21 am)Reset
[I](2021-09-28  10:42:33 am)Reset
[I](2021-09-28  10:42:45 am)Reset
[I](2021-09-28  10:43:13 am)Reset
[I](2021-09-28  10:43:59 am)작업 시작 [Start d:177]
[I](2021-09-28  10:43:59 am)Nc File: [No.0004-289.NC]
[I](2021-09-28  10:43:59 am)  * Start Machine Position
[I](2021-09-28  10:43:59 am)    X:    244.9718
[I](2021-09-28  10:43:59 am)    Y:   -379.2410
[I](2021-09-28  10:43:59 am)    U:      0.0000
[I](2021-09-28  10:43:59 am)    V:      0.0000
[I](2021-09-28  10:43:59 am)    Z:     13.3488
[I](2021-09-28  10:43:59 am)  * Angle
[I](2021-09-28  10:43:59 am)    Ar:     -0.2135,Kr:      0.0000
[I](2021-09-28  10:43:59 am)    Taper_Ar:      0.0000
[I](2021-09-28  10:43:59 am)작업중 정지 [d:0][t:00:00:00]
[I](2021-09-28  10:43:59 am)    [LNo:0004] 002132/002822
[I](2021-09-28  10:44:32 am)작업중 정지 [d:0][t:00:00:32]
[I](2021-09-28  10:44:32 am)    [LNo:0004] 002593/002822
[I](2021-09-28  10:45:38 am)Reset
[I](2021-09-28  10:46:09 am)작업 시작 [Start d:177]
[I](2021-09-28  10:46:09 am)Nc File: [No.0004-289.NC]
[I](2021-09-28  10:46:09 am)  * Start Machine Position
[I](2021-09-28  10:46:09 am)    X:    244.9718
[I](2021-09-28  10:46:09 am)    Y:   -379.2410
[I](2021-09-28  10:46:09 am)    U:      0.0000
[I](2021-09-28  10:46:09 am)    V:      0.0000
[I](2021-09-28  10:46:09 am)    Z:     13.3488
[I](2021-09-28  10:46:09 am)  * Angle
[I](2021-09-28  10:46:09 am)    Ar:     -0.2135,Kr:      0.0000
[I](2021-09-28  10:46:09 am)    Taper_Ar:      0.0000
[I](2021-09-28  11:07:23 am)작업중 정지 [d:17][t:00:21:14]
[I](2021-09-28  11:07:23 am)    [LNo:0004] 002517/002822
[I](2021-09-28  11:39:18 am)작업중 정지 [d:31][t:00:53:09]
[I](2021-09-28  11:39:18 am)    [LNo:0004] 002767/002822
[A](2021-09-28  11:39:18 am)[008] 작업중 단선(AWF Feed Motor Stop )
[I](2021-09-28  11:39:18 am)작업중 Wire 단선 [d:31][t:00:53:09]
[I](2021-09-28  11:40:28 am)작업 재시작
[I](2021-09-28  12:04:33 pm)작업중 정지 [d:55][t:01:18:24]
[I](2021-09-28  12:04:33 pm)    [LNo:0004] 002810/002822
[I](2021-09-28  12:04:33 pm)작업중 M코드정지 [d:55][t:01:18:24]
[I](2021-09-28  12:43:34 pm)작업중 정지 [d:55][t:01:57:24]
[I](2021-09-28  12:43:34 pm)    [LNo:0004] 002811/002822
[I](2021-09-28  12:43:34 pm)Wire Contact Auto Stop(M52)
[I](2021-09-28  12:47:51 pm)Reset
[I](2021-09-28  12:50:59 pm)Reset
[I](2021-09-28  12:51:02 pm)Reset
[I](2021-09-28  12:53:02 pm)Reset
[I](2021-09-28  12:53:19 pm)Reset
[A](2021-09-28  12:53:46 pm)[037] 자동결선 잔여 WIRE 처리 실패!!
[I](2021-09-28  12:53:47 pm)작업 시작 [Start d:232]
[I](2021-09-28  12:53:47 pm)Nc File: [No.0004-289.NC]
[I](2021-09-28  12:53:47 pm)  * Start Machine Position
[I](2021-09-28  12:53:47 pm)    X:    247.0425
[I](2021-09-28  12:53:47 pm)    Y:   -379.1238
[I](2021-09-28  12:53:47 pm)    U:      0.0000
[I](2021-09-28  12:53:47 pm)    V:      0.0000
[I](2021-09-28  12:53:47 pm)    Z:     13.3488
[I](2021-09-28  12:53:47 pm)  * Angle
[I](2021-09-28  12:53:47 pm)    Ar:     -0.0868,Kr:      0.0000
[I](2021-09-28  12:53:47 pm)    Taper_Ar:      0.0000
[I](2021-09-28  12:53:47 pm)작업중 정지 [d:0][t:00:00:00]
[I](2021-09-28  12:53:47 pm)    [LNo:0004] 002132/002822
[I](2021-09-28  12:54:10 pm)작업중 정지 [d:0][t:00:00:22]
[I](2021-09-28  12:54:10 pm)    [LNo:0004] 002593/002822
[I](2021-09-28  12:55:10 pm)Reset
[I](2021-09-28  12:55:42 pm)작업 시작 [Start d:232]
[I](2021-09-28  12:55:42 pm)Nc File: [No.0004-289.NC]
[I](2021-09-28  12:55:42 pm)  * Start Machine Position
[I](2021-09-28  12:55:42 pm)    X:    247.0425
[I](2021-09-28  12:55:42 pm)    Y:   -379.1238
[I](2021-09-28  12:55:42 pm)    U:      0.0000
[I](2021-09-28  12:55:42 pm)    V:      0.0000
[I](2021-09-28  12:55:42 pm)    Z:     13.3488
[I](2021-09-28  12:55:42 pm)  * Angle
[I](2021-09-28  12:55:42 pm)    Ar:     -0.0868,Kr:      0.0000
[I](2021-09-28  12:55:42 pm)    Taper_Ar:      0.0000
[I](2021-09-28  01:32:01 pm)작업중 정지 [d:28][t:00:36:19]
[I](2021-09-28  01:32:01 pm)    [LNo:0004] 002762/002822
[A](2021-09-28  01:32:01 pm)[008] 작업중 단선(AWF Feed Motor Stop )
[I](2021-09-28  01:32:01 pm)작업중 Wire 단선 [d:28][t:00:36:19]
[I](2021-09-28  01:33:16 pm)작업 재시작
[I](2021-09-28  01:58:55 pm)작업중 정지 [d:53][t:01:03:13]
[I](2021-09-28  01:58:55 pm)    [LNo:0004] 002811/002822
[I](2021-09-28  01:58:55 pm)Wire Contact Auto Stop(M52)
[A](2021-09-28  01:59:20 pm)[037] 자동결선 잔여 WIRE 처리 실패!!
[A](2021-09-28  01:59:37 pm)[084] Work Tank Fluid Sensor Abnormal
[I](2021-09-28  02:00:21 pm)Reset
[I](2021-09-28  02:03:26 pm)Reset
[I](2021-09-28  02:06:55 pm)Reset
[I](2021-09-28  02:07:08 pm)Reset
[I](2021-09-28  02:07:14 pm)Reset
[I](2021-09-28  02:07:48 pm)Reset
[I](2021-09-28  02:08:01 pm)작업 시작 [Start d:285]
[I](2021-09-28  02:08:01 pm)Nc File: [No.0004-289.NC]
[I](2021-09-28  02:08:01 pm)  * Start Machine Position
[I](2021-09-28  02:08:01 pm)    X:    236.6447
[I](2021-09-28  02:08:01 pm)    Y:   -369.8924
[I](2021-09-28  02:08:01 pm)    U:      0.0000
[I](2021-09-28  02:08:01 pm)    V:      0.0000
[I](2021-09-28  02:08:01 pm)    Z:     13.3488
[I](2021-09-28  02:08:01 pm)  * Angle
[I](2021-09-28  02:08:01 pm)    Ar:      0.3865,Kr:      0.0000
[I](2021-09-28  02:08:01 pm)    Taper_Ar:      0.0000
[I](2021-09-28  02:08:02 pm)작업중 정지 [d:0][t:00:00:00]
[I](2021-09-28  02:08:02 pm)    [LNo:0004] 000107/002822
[I](2021-09-28  02:08:03 pm)작업중 정지 [d:0][t:00:00:01]
[I](2021-09-28  02:08:03 pm)    [LNo:0004] 000107/002822
[I](2021-09-28  02:08:53 pm)작업중 정지 [d:0][t:00:00:51]
[I](2021-09-28  02:08:53 pm)    [LNo:0004] 001492/002822
[I](2021-09-28  02:09:57 pm)Reset
[I](2021-09-28  02:10:24 pm)작업 시작 [Start d:285]
[I](2021-09-28  02:10:24 pm)Nc File: [No.0004-289.NC]
[I](2021-09-28  02:10:24 pm)  * Start Machine Position
[I](2021-09-28  02:10:24 pm)    X:    236.6447
[I](2021-09-28  02:10:24 pm)    Y:   -369.8924
[I](2021-09-28  02:10:24 pm)    U:      0.0000
[I](2021-09-28  02:10:24 pm)    V:      0.0000
[I](2021-09-28  02:10:24 pm)    Z:     13.3488
[I](2021-09-28  02:10:24 pm)  * Angle
[I](2021-09-28  02:10:24 pm)    Ar:      0.3865,Kr:      0.0000
[I](2021-09-28  02:10:24 pm)    Taper_Ar:      0.0000
[I](2021-09-28  02:10:25 pm)작업중 정지 [d:0][t:00:00:00]
[I](2021-09-28  02:10:25 pm)    [LNo:0004] 000001/002822
[I](2021-09-28  03:56:08 pm)작업중 정지 [d:78][t:01:45:44]
[I](2021-09-28  03:56:08 pm)    [LNo:0004] 001972/002822
[A](2021-09-28  03:56:08 pm)[008] 작업중 단선(AWF Feed Motor Stop )
[I](2021-09-28  03:56:08 pm)작업중 Wire 단선 [d:78][t:01:45:44]
[I](2021-09-28  03:57:14 pm)작업 재시작
[I](2021-09-28  05:29:31 pm)작업중 정지 [d:170][t:03:19:07]
[I](2021-09-28  05:29:31 pm)    [LNo:0004] 002121/002822
[I](2021-09-28  05:29:31 pm)작업중 M코드정지 [d:170][t:03:19:07]
[I](2021-09-28  05:45:19 pm)작업중 정지 [d:171][t:03:34:55]
[I](2021-09-28  05:45:19 pm)    [LNo:0004] 002122/002822
[I](2021-09-28  05:45:19 pm)Wire Contact Auto Stop(M52)
[I](2021-09-28  06:28:52 pm)Reset
[I](2021-09-28  06:29:41 pm)Reset
[I](2021-09-28  06:34:18 pm)Reset
[I](2021-09-28  06:34:23 pm)Reset
[I](2021-09-28  06:36:35 pm)Reset
[I](2021-09-28  06:36:46 pm)Reset
[I](2021-09-28  06:40:45 pm)작업 시작 [Start d:0]
[I](2021-09-28  06:40:45 pm)Nc File: [No.0014-375.NC]
[I](2021-09-28  06:40:45 pm)  * Start Machine Position
[I](2021-09-28  06:40:45 pm)    X:     74.8897
[I](2021-09-28  06:40:45 pm)    Y:   -314.5172
[I](2021-09-28  06:40:45 pm)    U:      0.0000
[I](2021-09-28  06:40:45 pm)    V:      0.0000
[I](2021-09-28  06:40:45 pm)    Z:     70.6292
[I](2021-09-28  06:40:45 pm)  * Angle
[I](2021-09-28  06:40:45 pm)    Ar:      0.4428,Kr:      0.0000
[I](2021-09-28  06:40:45 pm)    Taper_Ar:      0.0000
[I](2021-09-28  07:23:06 pm)작업중 정지 [d:42][t:00:42:21]
[I](2021-09-28  07:23:06 pm)    [LNo:0014] 000099/000532
[I](2021-09-28  07:23:06 pm)작업중 30sec 접촉 정지 [d:42][t:00:42:21]
[I](2021-09-28  07:23:19 pm)작업 재시작
[I](2021-09-28  07:28:56 pm)작업중 정지 [d:47][t:00:48:11]
[I](2021-09-28  07:28:56 pm)    [LNo:0014] 000127/000532
[I](2021-09-28  07:28:56 pm)작업중 M코드정지 [d:47][t:00:48:11]
[I](2021-09-28  07:29:40 pm)작업중 정지 [d:48][t:00:48:55]
[I](2021-09-28  07:29:40 pm)    [LNo:0014] 000129/000532
[I](2021-09-28  07:29:40 pm)작업중 M코드정지 [d:48][t:00:48:55]
[I](2021-09-28  07:33:39 pm)작업중 정지 [d:48][t:00:52:54]
[I](2021-09-28  07:33:39 pm)    [LNo:0014] 000132/000532
[I](2021-09-28  07:33:42 pm)작업중 정지 [d:48][t:00:52:57]
[I](2021-09-28  07:33:42 pm)    [LNo:0014] 000132/000532
[A](2021-09-28  07:33:42 pm)[010] 자동결선 Error(M21-절단실패)
[I](2021-09-28  07:34:13 pm)작업중 정지 [d:48][t:00:53:28]
[I](2021-09-28  07:34:13 pm)    [LNo:0014] 000138/000532
[I](2021-09-28  08:17:03 pm)작업중 정지 [d:89][t:01:36:18]
[I](2021-09-28  08:17:03 pm)    [LNo:0014] 000231/000532
[I](2021-09-28  08:17:03 pm)작업중 30sec 접촉 정지 [d:89][t:01:36:18]
[I](2021-09-28  08:17:17 pm)작업 재시작
[I](2021-09-28  08:22:12 pm)작업중 정지 [d:94][t:01:41:27]
[I](2021-09-28  08:22:12 pm)    [LNo:0014] 000258/000532
[I](2021-09-28  08:22:12 pm)작업중 M코드정지 [d:94][t:01:41:27]
[I](2021-09-28  08:22:54 pm)작업중 정지 [d:94][t:01:42:08]
[I](2021-09-28  08:22:54 pm)    [LNo:0014] 000260/000532
[I](2021-09-28  08:22:54 pm)작업중 M코드정지 [d:94][t:01:42:08]
[I](2021-09-28  08:26:23 pm)작업중 정지 [d:94][t:01:45:38]
[I](2021-09-28  08:26:23 pm)    [LNo:0014] 000278/000532
[I](2021-09-28  08:26:23 pm)작업중 30sec 접촉 정지 [d:94][t:01:45:38]
[I](2021-09-28  08:27:01 pm)작업 재시작
[I](2021-09-28  09:06:56 pm)작업중 정지 [d:134][t:02:26:11]
[I](2021-09-28  09:06:56 pm)    [LNo:0014] 000361/000532
[I](2021-09-28  09:06:56 pm)작업중 30sec 접촉 정지 [d:134][t:02:26:11]
[I](2021-09-28  09:07:41 pm)작업 재시작
[I](2021-09-28  09:12:57 pm)작업중 정지 [d:139][t:02:32:12]
[I](2021-09-28  09:12:57 pm)    [LNo:0014] 000389/000532
[I](2021-09-28  09:12:57 pm)작업중 M코드정지 [d:139][t:02:32:12]
[I](2021-09-28  09:15:26 pm)작업중 정지 [d:140][t:02:34:41]
[I](2021-09-28  09:15:26 pm)    [LNo:0014] 000391/000532
[I](2021-09-28  09:15:26 pm)작업중 M코드정지 [d:140][t:02:34:41]
[I](2021-09-28  10:00:40 pm)작업중 정지 [d:183][t:03:19:55]
[I](2021-09-28  10:00:40 pm)    [LNo:0014] 000493/000532
[I](2021-09-28  10:00:40 pm)작업중 30sec 접촉 정지 [d:183][t:03:19:55]
[I](2021-09-28  10:00:53 pm)작업 재시작
[I](2021-09-28  10:05:26 pm)작업중 정지 [d:188][t:03:24:41]
[I](2021-09-28  10:05:26 pm)    [LNo:0014] 000520/000532
[I](2021-09-28  10:05:27 pm)작업중 M코드정지 [d:188][t:03:24:41]
[I](2021-09-28  10:06:17 pm)작업중 정지 [d:189][t:03:25:32]
[I](2021-09-28  10:06:17 pm)    [LNo:0014] 000522/000532
[I](2021-09-28  10:06:17 pm)작업중 M코드정지 [d:189][t:03:25:32]
[I](2021-09-28  10:07:08 pm)Reset
[I](2021-09-28  10:07:22 pm)Reset
[I](2021-09-28  10:13:41 pm)Reset
[I](2021-09-28  10:16:16 pm)Reset
[I](2021-09-28  10:21:17 pm)작업 시작 [Start d:189]
[I](2021-09-28  10:21:17 pm)Nc File: [No.0013-377.NC]
[I](2021-09-28  10:21:17 pm)  * Start Machine Position
[I](2021-09-28  10:21:17 pm)    X:     89.0964
[I](2021-09-28  10:21:17 pm)    Y:   -359.2941
[I](2021-09-28  10:21:17 pm)    U:      0.0000
[I](2021-09-28  10:21:17 pm)    V:      0.0000
[I](2021-09-28  10:21:17 pm)    Z:     26.5322
[I](2021-09-28  10:21:17 pm)  * Angle
[I](2021-09-28  10:21:17 pm)    Ar:     -0.2134,Kr:      0.0000
[I](2021-09-28  10:21:17 pm)    Taper_Ar:      0.0000
