[I](2021-11-20  12:11:22 am)작업중 정지 [d:29][t:00:30:07]
[I](2021-11-20  12:11:22 am)    [LNo:0006] 000333/000668
[I](2021-11-20  12:11:22 am)작업중 30sec 접촉 정지 [d:29][t:00:30:07]
[I](2021-11-20  12:12:12 am)작업 재시작
[I](2021-11-20  12:12:23 am)작업중 정지 [d:29][t:00:31:07]
[I](2021-11-20  12:12:23 am)    [LNo:0006] 000334/000668
[I](2021-11-20  12:12:23 am)작업중 M코드정지 [d:29][t:00:31:07]
[I](2021-11-20  12:12:34 am)작업중 정지 [d:30][t:00:31:19]
[I](2021-11-20  12:12:34 am)    [LNo:0006] 000336/000668
[I](2021-11-20  12:12:34 am)작업중 M코드정지 [d:30][t:00:31:19]
[I](2021-11-20  12:18:58 am)작업중 정지 [d:36][t:00:37:43]
[I](2021-11-20  12:18:58 am)    [LNo:0006] 000364/000668
[I](2021-11-20  12:18:58 am)작업중 M코드정지 [d:36][t:00:37:43]
[I](2021-11-20  12:35:33 am)작업중 정지 [d:52][t:00:54:17]
[I](2021-11-20  12:35:33 am)    [LNo:0006] 000393/000668
[I](2021-11-20  12:35:33 am)작업중 30sec 접촉 정지 [d:52][t:00:54:18]
[I](2021-11-20  12:35:58 am)작업 재시작
[I](2021-11-20  12:36:00 am)작업중 정지 [d:52][t:00:54:44]
[I](2021-11-20  12:36:00 am)    [LNo:0006] 000393/000668
[I](2021-11-20  12:37:08 am)작업 재시작
[I](2021-11-20  12:37:21 am)작업중 정지 [d:52][t:00:56:06]
[I](2021-11-20  12:37:21 am)    [LNo:0006] 000394/000668
[I](2021-11-20  12:37:21 am)작업중 M코드정지 [d:52][t:00:56:06]
[I](2021-11-20  12:37:31 am)작업중 정지 [d:53][t:00:56:16]
[I](2021-11-20  12:37:31 am)    [LNo:0006] 000396/000668
[I](2021-11-20  12:37:32 am)작업중 M코드정지 [d:53][t:00:56:16]
[I](2021-11-20  01:09:34 am)작업중 정지 [d:83][t:01:28:19]
[I](2021-11-20  01:09:34 am)    [LNo:0006] 000453/000668
[I](2021-11-20  01:09:34 am)작업중 30sec 접촉 정지 [d:83][t:01:28:19]
[I](2021-11-20  01:10:15 am)작업 재시작
[I](2021-11-20  01:10:25 am)작업중 정지 [d:83][t:01:29:09]
[I](2021-11-20  01:10:25 am)    [LNo:0006] 000454/000668
[I](2021-11-20  01:10:25 am)작업중 M코드정지 [d:83][t:01:29:09]
[I](2021-11-20  01:10:35 am)작업중 정지 [d:84][t:01:29:20]
[I](2021-11-20  01:10:35 am)    [LNo:0006] 000456/000668
[I](2021-11-20  01:10:35 am)작업중 M코드정지 [d:84][t:01:29:20]
[I](2021-11-20  01:27:59 am)작업중 정지 [d:100][t:01:46:44]
[I](2021-11-20  01:27:59 am)    [LNo:0006] 000514/000668
[I](2021-11-20  01:27:59 am)작업중 M코드정지 [d:100][t:01:46:44]
[I](2021-11-20  01:29:38 am)작업중 정지 [d:100][t:01:48:23]
[I](2021-11-20  01:29:38 am)    [LNo:0006] 000516/000668
[I](2021-11-20  01:29:38 am)작업중 M코드정지 [d:100][t:01:48:23]
[I](2021-11-20  01:57:36 am)작업중 정지 [d:126][t:02:16:20]
[I](2021-11-20  01:57:36 am)    [LNo:0006] 000573/000668
[I](2021-11-20  01:57:36 am)작업중 30sec 접촉 정지 [d:126][t:02:16:21]
[I](2021-11-20  01:59:19 am)작업 재시작
[I](2021-11-20  01:59:29 am)작업중 정지 [d:126][t:02:18:14]
[I](2021-11-20  01:59:29 am)    [LNo:0006] 000574/000668
[I](2021-11-20  01:59:29 am)작업중 M코드정지 [d:126][t:02:18:14]
[I](2021-11-20  01:59:39 am)작업중 정지 [d:126][t:02:18:24]
[I](2021-11-20  01:59:39 am)    [LNo:0006] 000576/000668
[I](2021-11-20  01:59:39 am)작업중 M코드정지 [d:126][t:02:18:24]
[I](2021-11-20  02:17:47 am)작업중 정지 [d:143][t:02:36:31]
[I](2021-11-20  02:17:47 am)    [LNo:0006] 000633/000668
[I](2021-11-20  02:17:47 am)작업중 30sec 접촉 정지 [d:143][t:02:36:31]
[I](2021-11-20  02:22:43 am)작업 재시작
[I](2021-11-20  02:22:59 am)작업중 정지 [d:143][t:02:41:44]
[I](2021-11-20  02:22:59 am)    [LNo:0006] 000634/000668
[I](2021-11-20  02:22:59 am)작업중 M코드정지 [d:143][t:02:41:44]
[I](2021-11-20  02:23:09 am)작업중 정지 [d:143][t:02:41:54]
[I](2021-11-20  02:23:09 am)    [LNo:0006] 000636/000668
[I](2021-11-20  02:23:09 am)작업중 M코드정지 [d:143][t:02:41:54]
[I](2021-11-20  02:26:59 am)작업중 정지 [d:146][t:02:45:44]
[I](2021-11-20  02:26:59 am)    [LNo:0006] 000664/000668
[I](2021-11-20  02:26:59 am)작업중 M코드정지 [d:146][t:02:45:44]
[I](2021-11-20  02:32:24 am)Reset
[I](2021-11-20  02:32:37 am)작업 시작 [Start d:558]
[I](2021-11-20  02:32:37 am)Nc File: [No.0006-476.NC]
[I](2021-11-20  02:32:37 am)  * Start Machine Position
[I](2021-11-20  02:32:37 am)    X:    257.4605
[I](2021-11-20  02:32:37 am)    Y:    -67.2726
[I](2021-11-20  02:32:37 am)    U:      0.0000
[I](2021-11-20  02:32:37 am)    V:      0.0000
[I](2021-11-20  02:32:37 am)    Z:     49.5217
[I](2021-11-20  02:32:37 am)  * Angle
[I](2021-11-20  02:32:37 am)    Ar:     -0.0173,Kr:      0.0000
[I](2021-11-20  02:32:37 am)    Taper_Ar:      0.0000
[I](2021-11-20  03:16:31 am)작업중 정지 [d:43][t:00:43:53]
[I](2021-11-20  03:16:31 am)    [LNo:0006] 000077/000668
[I](2021-11-20  03:17:21 am)작업 재시작
[I](2021-11-20  03:17:25 am)작업중 정지 [d:43][t:00:44:47]
[I](2021-11-20  03:17:25 am)    [LNo:0006] 000078/000668
[I](2021-11-20  03:17:25 am)작업중 M코드정지 [d:43][t:00:44:47]
[I](2021-11-20  03:17:36 am)작업중 정지 [d:44][t:00:44:58]
[I](2021-11-20  03:17:36 am)    [LNo:0006] 000080/000668
[I](2021-11-20  03:17:36 am)작업중 M코드정지 [d:44][t:00:44:58]
[I](2021-11-20  03:49:44 am)작업중 정지 [d:75][t:01:17:06]
[I](2021-11-20  03:49:44 am)    [LNo:0006] 000138/000668
[I](2021-11-20  03:49:44 am)작업중 M코드정지 [d:75][t:01:17:07]
[I](2021-11-20  03:50:14 am)작업중 정지 [d:75][t:01:17:37]
[I](2021-11-20  03:50:14 am)    [LNo:0006] 000140/000668
[I](2021-11-20  03:50:15 am)작업중 M코드정지 [d:75][t:01:17:37]
[I](2021-11-20  04:24:05 am)작업중 정지 [d:108][t:01:51:27]
[I](2021-11-20  04:24:05 am)    [LNo:0006] 000197/000668
[I](2021-11-20  04:24:50 am)작업 재시작
[I](2021-11-20  04:24:57 am)작업중 정지 [d:108][t:01:52:19]
[I](2021-11-20  04:24:57 am)    [LNo:0006] 000198/000668
[I](2021-11-20  04:24:57 am)작업중 M코드정지 [d:108][t:01:52:19]
[I](2021-11-20  04:25:07 am)작업중 정지 [d:108][t:01:52:29]
[I](2021-11-20  04:25:07 am)    [LNo:0006] 000200/000668
[I](2021-11-20  04:25:07 am)작업중 M코드정지 [d:108][t:01:52:29]
[I](2021-11-20  04:47:40 am)작업중 정지 [d:130][t:02:15:03]
[I](2021-11-20  04:47:41 am)    [LNo:0006] 000266/000668
[I](2021-11-20  04:47:41 am)작업중 M코드정지 [d:130][t:02:15:03]
[I](2021-11-20  05:50:23 am)작업중 정지 [d:130][t:03:17:45]
[I](2021-11-20  05:50:23 am)    [LNo:0006] 000268/000668
[I](2021-11-20  05:50:23 am)작업중 M코드정지 [d:130][t:03:17:45]
[I](2021-11-20  05:54:10 am)작업중 정지 [d:132][t:03:21:32]
[I](2021-11-20  05:54:10 am)    [LNo:0006] 000304/000668
[I](2021-11-20  05:54:10 am)작업중 M코드정지 [d:132][t:03:21:32]
[I](2021-11-20  06:11:01 am)Reset
[I](2021-11-20  06:11:51 am)Reset
[I](2021-11-20  06:11:58 am)Reset
[I](2021-11-20  06:29:01 am)Reset
[I](2021-11-20  06:33:22 am)Reset
[I](2021-11-20  06:36:34 am)Reset
[I](2021-11-20  06:37:49 am)Reset
[I](2021-11-20  06:42:55 am)Reset
[I](2021-11-20  06:46:16 am)Reset
[I](2021-11-20  06:46:48 am)Reset
[I](2021-11-20  06:47:14 am)Reset
[I](2021-11-20  06:47:40 am)Reset
[I](2021-11-20  06:49:07 am)Reset
[I](2021-11-20  06:49:07 am)Reset
[I](2021-11-20  06:49:43 am)Reset
[I](2021-11-20  06:55:32 am)작업 시작 [Start d:0]
[I](2021-11-20  06:55:32 am)Nc File: [No.0012-481.NC]
[I](2021-11-20  06:55:32 am)  * Start Machine Position
[I](2021-11-20  06:55:32 am)    X:    475.9160
[I](2021-11-20  06:55:32 am)    Y:   -193.1348
[I](2021-11-20  06:55:32 am)    U:      0.0000
[I](2021-11-20  06:55:32 am)    V:      0.0000
[I](2021-11-20  06:55:32 am)    Z:     30.3677
[I](2021-11-20  06:55:32 am)  * Angle
[I](2021-11-20  06:55:32 am)    Ar:      0.0540,Kr:      0.0000
[I](2021-11-20  06:55:32 am)    Taper_Ar:      0.0000
[I](2021-11-20  06:56:45 am)작업중 정지 [d:0][t:00:01:12]
[I](2021-11-20  06:56:45 am)    [LNo:0012] 000013/000590
[I](2021-11-20  06:56:52 am)작업중 정지 [d:0][t:00:01:19]
[I](2021-11-20  06:56:52 am)    [LNo:0012] 000021/000590
[I](2021-11-20  06:57:06 am)작업 재시작
[I](2021-11-20  06:58:18 am)작업중 정지 [d:1][t:00:02:45]
[I](2021-11-20  06:58:18 am)    [LNo:0012] 000061/000590
[I](2021-11-20  06:58:25 am)작업 재시작
[I](2021-11-20  07:00:21 am)작업중 정지 [d:2][t:00:04:48]
[I](2021-11-20  07:00:21 am)    [LNo:0012] 000079/000590
[I](2021-11-20  07:00:21 am)작업중 M코드정지 [d:2][t:00:04:48]
[I](2021-11-20  07:00:54 am)작업중 정지 [d:2][t:00:05:21]
[I](2021-11-20  07:00:54 am)    [LNo:0012] 000087/000590
[I](2021-11-20  07:04:25 am)작업중 정지 [d:3][t:00:08:52]
[I](2021-11-20  07:04:25 am)    [LNo:0012] 000094/000590
[I](2021-11-20  07:04:52 am)작업 재시작
[I](2021-11-20  07:12:21 am)작업중 정지 [d:9][t:00:16:48]
[I](2021-11-20  07:12:21 am)    [LNo:0012] 000133/000590
[I](2021-11-20  07:12:21 am)작업중 M코드정지 [d:9][t:00:16:48]
[I](2021-11-20  07:18:21 am)작업중 정지 [d:12][t:00:22:48]
[I](2021-11-20  07:18:21 am)    [LNo:0012] 000142/000590
[I](2021-11-20  07:18:21 am)작업중 M코드정지 [d:12][t:00:22:48]
[I](2021-11-20  07:20:51 am)작업중 정지 [d:12][t:00:25:18]
[I](2021-11-20  07:20:51 am)    [LNo:0012] 000144/000590
[I](2021-11-20  07:21:10 am)작업 재시작
[I](2021-11-20  07:21:17 am)작업중 정지 [d:12][t:00:25:44]
[I](2021-11-20  07:21:17 am)    [LNo:0012] 000145/000590
[I](2021-11-20  07:21:17 am)작업중 M코드정지 [d:12][t:00:25:44]
[I](2021-11-20  07:30:50 am)작업중 정지 [d:21][t:00:35:17]
[I](2021-11-20  07:30:50 am)    [LNo:0012] 000204/000590
[I](2021-11-20  07:30:50 am)작업중 M코드정지 [d:21][t:00:35:17]
[I](2021-11-20  07:31:25 am)작업중 정지 [d:21][t:00:35:52]
[I](2021-11-20  07:31:25 am)    [LNo:0012] 000206/000590
[I](2021-11-20  07:31:25 am)작업중 M코드정지 [d:21][t:00:35:52]
[I](2021-11-20  07:40:23 am)작업중 정지 [d:28][t:00:44:50]
[I](2021-11-20  07:40:23 am)    [LNo:0012] 000256/000590
[I](2021-11-20  07:40:23 am)작업중 M코드정지 [d:28][t:00:44:50]
[I](2021-11-20  07:44:58 am)작업중 정지 [d:28][t:00:49:25]
[I](2021-11-20  07:44:58 am)    [LNo:0012] 000258/000590
[I](2021-11-20  07:44:58 am)작업중 M코드정지 [d:28][t:00:49:25]
[I](2021-11-20  08:04:35 am)작업중 정지 [d:47][t:01:09:02]
[I](2021-11-20  08:04:35 am)    [LNo:0012] 000309/000590
[I](2021-11-20  08:04:35 am)작업중 30sec 접촉 정지 [d:47][t:01:09:02]
[I](2021-11-20  08:05:52 am)작업 재시작
[I](2021-11-20  08:06:00 am)작업중 정지 [d:47][t:01:10:27]
[I](2021-11-20  08:06:00 am)    [LNo:0012] 000310/000590
[I](2021-11-20  08:06:00 am)작업중 M코드정지 [d:47][t:01:10:27]
[I](2021-11-20  08:06:10 am)작업중 정지 [d:47][t:01:10:37]
[I](2021-11-20  08:06:10 am)    [LNo:0012] 000312/000590
[I](2021-11-20  08:06:10 am)작업중 M코드정지 [d:47][t:01:10:37]
[I](2021-11-20  08:44:21 am)작업중 정지 [d:84][t:01:48:48]
[I](2021-11-20  08:44:21 am)    [LNo:0012] 000390/000590
[I](2021-11-20  08:44:21 am)작업중 M코드정지 [d:84][t:01:48:48]
[I](2021-11-20  08:45:11 am)작업중 정지 [d:84][t:01:49:38]
[I](2021-11-20  08:45:11 am)    [LNo:0012] 000394/000590
[I](2021-11-20  08:45:11 am)작업중 M코드정지 [d:84][t:01:49:38]
[I](2021-11-20  09:26:25 am)작업중 정지 [d:122][t:02:30:52]
[I](2021-11-20  09:26:25 am)    [LNo:0012] 000485/000590
[I](2021-11-20  09:26:25 am)작업중 M코드정지 [d:122][t:02:30:52]
[I](2021-11-20  09:28:27 am)작업중 정지 [d:122][t:02:32:54]
[I](2021-11-20  09:28:27 am)    [LNo:0012] 000489/000590
[I](2021-11-20  09:28:27 am)작업중 M코드정지 [d:122][t:02:32:54]
[I](2021-11-20  09:47:02 am)작업중 정지 [d:138][t:02:51:29]
[I](2021-11-20  09:47:02 am)    [LNo:0012] 000555/000590
[I](2021-11-20  09:47:02 am)작업중 30sec 접촉 정지 [d:138][t:02:51:29]
[I](2021-11-20  09:49:53 am)작업 재시작
[I](2021-11-20  09:50:02 am)작업중 정지 [d:138][t:02:54:29]
[I](2021-11-20  09:50:02 am)    [LNo:0012] 000556/000590
[I](2021-11-20  09:50:02 am)작업중 M코드정지 [d:138][t:02:54:29]
[I](2021-11-20  09:50:03 am)작업중 정지 [d:138][t:02:54:30]
[I](2021-11-20  09:50:03 am)    [LNo:0012] 000557/000590
[I](2021-11-20  09:50:14 am)작업 재시작
[I](2021-11-20  09:50:20 am)작업중 정지 [d:138][t:02:54:47]
[I](2021-11-20  09:50:20 am)    [LNo:0012] 000558/000590
[I](2021-11-20  09:50:20 am)작업중 M코드정지 [d:138][t:02:54:47]
[I](2021-11-20  09:54:32 am)작업중 정지 [d:140][t:02:58:59]
[I](2021-11-20  09:54:32 am)    [LNo:0012] 000586/000590
[I](2021-11-20  09:54:32 am)작업중 M코드정지 [d:140][t:02:58:59]
[I](2021-11-20  10:08:13 am)Reset
[I](2021-11-20  10:11:52 am)Reset
[I](2021-11-20  10:12:18 am)Reset
[I](2021-11-20  10:13:09 am)Reset
[I](2021-11-20  10:16:02 am)Reset
[I](2021-11-20  10:19:06 am)작업 시작 [Start d:140]
[I](2021-11-20  10:19:06 am)Nc File: [No.0001-489.NC]
[I](2021-11-20  10:19:06 am)  * Start Machine Position
[I](2021-11-20  10:19:06 am)    X:    448.4790
[I](2021-11-20  10:19:06 am)    Y:   -172.9948
[I](2021-11-20  10:19:06 am)    U:      0.0000
[I](2021-11-20  10:19:06 am)    V:      0.0000
[I](2021-11-20  10:19:06 am)    Z:     12.1102
[I](2021-11-20  10:19:06 am)  * Angle
[I](2021-11-20  10:19:06 am)    Ar:     -0.3317,Kr:      0.0000
[I](2021-11-20  10:19:06 am)    Taper_Ar:      0.0000
[I](2021-11-20  10:43:59 am)작업중 정지 [d:25][t:00:24:52]
[I](2021-11-20  10:43:59 am)    [LNo:0001] 000072/000268
[I](2021-11-20  10:43:59 am)작업중 M코드정지 [d:25][t:00:24:52]
[I](2021-11-20  10:58:53 am)작업중 정지 [d:25][t:00:39:47]
[I](2021-11-20  10:58:53 am)    [LNo:0001] 000074/000268
[I](2021-11-20  10:58:53 am)작업중 M코드정지 [d:25][t:00:39:47]
[I](2021-11-20  11:27:10 am)작업중 정지 [d:50][t:01:08:03]
[I](2021-11-20  11:27:10 am)    [LNo:0001] 000148/000268
[I](2021-11-20  11:27:10 am)작업중 M코드정지 [d:50][t:01:08:03]
[I](2021-11-20  11:32:17 am)작업중 정지 [d:50][t:01:13:10]
[I](2021-11-20  11:32:17 am)    [LNo:0001] 000150/000268
[I](2021-11-20  11:32:17 am)작업중 M코드정지 [d:50][t:01:13:10]
[I](2021-11-20  11:49:49 am)작업중 정지 [d:66][t:01:30:42]
[I](2021-11-20  11:49:49 am)    [LNo:0001] 000184/000268
[I](2021-11-20  11:49:49 am)작업중 M코드정지 [d:66][t:01:30:42]
[I](2021-11-20  11:50:09 am)작업중 정지 [d:66][t:01:31:03]
[I](2021-11-20  11:50:09 am)    [LNo:0001] 000186/000268
[I](2021-11-20  11:50:09 am)작업중 M코드정지 [d:66][t:01:31:03]
[I](2021-11-20  12:08:15 pm)작업중 정지 [d:82][t:01:49:08]
[I](2021-11-20  12:08:15 pm)    [LNo:0001] 000220/000268
[I](2021-11-20  12:08:15 pm)작업중 M코드정지 [d:82][t:01:49:08]
[I](2021-11-20  12:08:38 pm)작업중 정지 [d:82][t:01:49:32]
[I](2021-11-20  12:08:38 pm)    [LNo:0001] 000222/000268
[I](2021-11-20  12:08:38 pm)작업중 M코드정지 [d:82][t:01:49:32]
[I](2021-11-20  12:23:56 pm)작업중 정지 [d:96][t:02:04:50]
[I](2021-11-20  12:23:56 pm)    [LNo:0001] 000256/000268
[I](2021-11-20  12:23:56 pm)작업중 M코드정지 [d:96][t:02:04:50]
[I](2021-11-20  12:43:22 pm)작업중 정지 [d:96][t:02:24:16]
[I](2021-11-20  12:43:22 pm)    [LNo:0001] 000257/000268
[I](2021-11-20  12:43:23 pm)작업중 30sec 접촉 정지 [d:96][t:02:24:16]
[I](2021-11-20  12:50:19 pm)Reset
[I](2021-11-20  12:54:45 pm)Reset
[I](2021-11-20  12:54:49 pm)Reset
[I](2021-11-20  01:08:14 pm)Reset
[I](2021-11-20  01:56:40 pm)Reset
[I](2021-11-20  01:57:19 pm)Reset
[I](2021-11-20  02:00:26 pm)Reset
[I](2021-11-20  02:02:19 pm)Reset
[I](2021-11-20  02:02:35 pm)Reset
[I](2021-11-20  02:05:48 pm)작업 시작 [Start d:236]
[I](2021-11-20  02:05:48 pm)Nc File: [No.0001-492.NC]
[I](2021-11-20  02:05:48 pm)  * Start Machine Position
[I](2021-11-20  02:05:48 pm)    X:    217.1714
[I](2021-11-20  02:05:48 pm)    Y:   -304.4641
[I](2021-11-20  02:05:48 pm)    U:     -0.0302
[I](2021-11-20  02:05:48 pm)    V:      0.1018
[I](2021-11-20  02:05:48 pm)    Z:    109.6147
[I](2021-11-20  02:05:48 pm)  * Angle
[I](2021-11-20  02:05:48 pm)    Ar:      0.2208,Kr:      0.0000
[I](2021-11-20  02:05:48 pm)    Taper_Ar:      0.0000
[I](2021-11-20  02:06:04 pm)작업중 정지 [d:0][t:00:00:15]
[I](2021-11-20  02:06:04 pm)    [LNo:0001] 000010/000268
[I](2021-11-20  02:06:04 pm)작업중 M코드정지 [d:0][t:00:00:15]
[I](2021-11-20  02:38:03 pm)작업중 정지 [d:31][t:00:32:15]
[I](2021-11-20  02:38:03 pm)    [LNo:0001] 000028/000268
[I](2021-11-20  02:38:03 pm)작업중 M코드정지 [d:31][t:00:32:15]
[I](2021-11-20  02:38:58 pm)작업중 정지 [d:31][t:00:33:09]
[I](2021-11-20  02:38:58 pm)    [LNo:0001] 000030/000268
[A](2021-11-20  02:40:54 pm)[091] Auto Door Sensor Abnormal
[A](2021-11-20  02:40:58 pm)[091] Auto Door Sensor Abnormal
[I](2021-11-20  02:41:23 pm)작업 재시작
[I](2021-11-20  02:41:28 pm)작업중 정지 [d:32][t:00:35:39]
[I](2021-11-20  02:41:28 pm)    [LNo:0001] 000030/000268
[I](2021-11-20  02:41:28 pm)작업중 30sec 접촉 정지 [d:32][t:00:35:39]
[I](2021-11-20  02:41:32 pm)작업 재시작
[I](2021-11-20  02:41:37 pm)작업중 정지 [d:32][t:00:35:48]
[I](2021-11-20  02:41:37 pm)    [LNo:0001] 000030/000268
[I](2021-11-20  02:41:37 pm)작업중 30sec 접촉 정지 [d:32][t:00:35:48]
[I](2021-11-20  02:41:51 pm)작업 재시작
[I](2021-11-20  02:41:54 pm)작업중 정지 [d:32][t:00:36:05]
[I](2021-11-20  02:41:54 pm)    [LNo:0001] 000030/000268
[I](2021-11-20  02:45:38 pm)작업 재시작
[I](2021-11-20  02:45:56 pm)작업중 정지 [d:32][t:00:40:07]
[I](2021-11-20  02:45:56 pm)    [LNo:0001] 000032/000268
[I](2021-11-20  02:45:56 pm)작업중 M코드정지 [d:32][t:00:40:07]
[I](2021-11-20  02:48:37 pm)작업중 정지 [d:34][t:00:42:48]
[I](2021-11-20  02:48:37 pm)    [LNo:0001] 000051/000268
[I](2021-11-20  02:48:37 pm)작업중 M코드정지 [d:34][t:00:42:48]
[A](2021-11-20  02:51:12 pm)[091] Auto Door Sensor Abnormal
[I](2021-11-20  02:52:50 pm)작업중 정지 [d:34][t:00:47:01]
[I](2021-11-20  02:52:50 pm)    [LNo:0001] 000036/000268
[I](2021-11-20  02:54:38 pm)작업중 정지 [d:36][t:00:48:49]
[I](2021-11-20  02:54:38 pm)    [LNo:0001] 000050/000268
[I](2021-11-20  02:54:38 pm)작업중 M코드정지 [d:36][t:00:48:49]
[I](2021-11-20  02:57:49 pm)작업중 정지 [d:36][t:00:52:00]
[I](2021-11-20  02:57:49 pm)    [LNo:0001] 000036/000268
[I](2021-11-20  02:59:40 pm)작업중 정지 [d:38][t:00:53:51]
[I](2021-11-20  02:59:40 pm)    [LNo:0001] 000050/000268
[I](2021-11-20  02:59:40 pm)작업중 M코드정지 [d:38][t:00:53:51]
[I](2021-11-20  03:03:06 pm)작업중 정지 [d:38][t:00:57:17]
[I](2021-11-20  03:03:06 pm)    [LNo:0001] 000034/000268
[I](2021-11-20  03:05:52 pm)작업중 정지 [d:40][t:01:00:03]
[I](2021-11-20  03:05:52 pm)    [LNo:0001] 000050/000268
[I](2021-11-20  03:05:52 pm)작업중 M코드정지 [d:40][t:01:00:03]
[I](2021-11-20  03:44:42 pm)작업중 정지 [d:72][t:01:38:53]
[I](2021-11-20  03:44:42 pm)    [LNo:0001] 000072/000268
[I](2021-11-20  03:44:42 pm)작업중 M코드정지 [d:72][t:01:38:53]
[I](2021-11-20  03:47:03 pm)작업중 정지 [d:72][t:01:41:15]
[I](2021-11-20  03:47:03 pm)    [LNo:0001] 000073/000268
[I](2021-11-20  03:47:04 pm)작업중 30sec 접촉 정지 [d:72][t:01:41:15]
[I](2021-11-20  03:47:13 pm)작업 재시작
[I](2021-11-20  03:47:18 pm)작업중 정지 [d:72][t:01:41:29]
[I](2021-11-20  03:47:18 pm)    [LNo:0001] 000073/000268
[I](2021-11-20  03:47:18 pm)작업중 30sec 접촉 정지 [d:72][t:01:41:29]
[I](2021-11-20  03:47:24 pm)작업 재시작
[I](2021-11-20  03:47:25 pm)작업중 정지 [d:72][t:01:41:36]
[I](2021-11-20  03:47:25 pm)    [LNo:0001] 000073/000268
[I](2021-11-20  03:53:07 pm)작업 재시작
[I](2021-11-20  03:54:03 pm)작업중 정지 [d:73][t:01:48:14]
[I](2021-11-20  03:54:03 pm)    [LNo:0001] 000074/000268
[I](2021-11-20  03:54:03 pm)작업중 30sec 접촉 정지 [d:73][t:01:48:14]
[I](2021-11-20  03:55:41 pm)작업 재시작
[I](2021-11-20  03:56:00 pm)작업중 정지 [d:73][t:01:50:11]
[I](2021-11-20  03:56:00 pm)    [LNo:0001] 000076/000268
[I](2021-11-20  03:56:00 pm)작업중 M코드정지 [d:73][t:01:50:12]
[I](2021-11-20  04:00:03 pm)작업중 정지 [d:74][t:01:54:14]
[I](2021-11-20  04:00:03 pm)    [LNo:0001] 000094/000268
[I](2021-11-20  04:00:03 pm)작업중 M코드정지 [d:74][t:01:54:14]
[I](2021-11-20  04:07:00 pm)작업중 정지 [d:74][t:02:01:11]
[I](2021-11-20  04:07:00 pm)    [LNo:0001] 000080/000268
[I](2021-11-20  04:08:45 pm)작업중 정지 [d:76][t:02:02:56]
[I](2021-11-20  04:08:45 pm)    [LNo:0001] 000094/000268
[I](2021-11-20  04:08:45 pm)작업중 M코드정지 [d:76][t:02:02:56]
[I](2021-11-20  04:11:54 pm)작업중 정지 [d:76][t:02:06:05]
[I](2021-11-20  04:11:54 pm)    [LNo:0001] 000078/000268
[I](2021-11-20  04:13:36 pm)작업중 정지 [d:78][t:02:07:47]
[I](2021-11-20  04:13:36 pm)    [LNo:0001] 000094/000268
[I](2021-11-20  04:13:36 pm)작업중 M코드정지 [d:78][t:02:07:47]
[I](2021-11-20  04:17:43 pm)Reset
[I](2021-11-20  04:17:52 pm)작업 시작 [Start d:314]
[I](2021-11-20  04:17:52 pm)Nc File: [No.0001-492.NC]
[I](2021-11-20  04:17:52 pm)  * Start Machine Position
[I](2021-11-20  04:17:52 pm)    X:     47.4772
[I](2021-11-20  04:17:52 pm)    Y:   -384.1186
[I](2021-11-20  04:17:52 pm)    U:     -0.0302
[I](2021-11-20  04:17:52 pm)    V:      0.1018
[I](2021-11-20  04:17:52 pm)    Z:    109.6147
[I](2021-11-20  04:17:52 pm)  * Angle
[I](2021-11-20  04:17:52 pm)    Ar:      0.2208,Kr:      0.0000
[I](2021-11-20  04:17:52 pm)    Taper_Ar:      0.0000
[I](2021-11-20  04:18:01 pm)작업중 정지 [d:0][t:00:00:09]
[I](2021-11-20  04:18:01 pm)    [LNo:0001] 000088/000268
[I](2021-11-20  04:18:08 pm)작업 재시작
[I](2021-11-20  04:19:12 pm)작업중 정지 [d:1][t:00:01:19]
[I](2021-11-20  04:19:12 pm)    [LNo:0001] 000095/000268
[I](2021-11-20  04:19:12 pm)작업중 M코드정지 [d:1][t:00:01:19]
[A](2021-11-20  04:20:53 pm)[041] AWF 명령끝날때까지 센서감지(타임아웃) 안됨
[I](2021-11-20  04:21:05 pm)작업중 정지 [d:1][t:00:03:13]
[I](2021-11-20  04:21:05 pm)    [LNo:0001] 000101/000268
[I](2021-11-20  04:35:15 pm)작업중 정지 [d:13][t:00:17:23]
[I](2021-11-20  04:35:15 pm)    [LNo:0001] 000118/000268
[I](2021-11-20  04:35:15 pm)작업중 M코드정지 [d:13][t:00:17:23]
[I](2021-11-20  04:36:01 pm)작업중 정지 [d:13][t:00:18:09]
[I](2021-11-20  04:36:01 pm)    [LNo:0001] 000122/000268
[I](2021-11-20  04:36:01 pm)작업중 M코드정지 [d:13][t:00:18:09]
[A](2021-11-20  04:36:48 pm)[084] Work Tank Fluid Sensor Abnormal
[A](2021-11-20  04:36:48 pm)[084] Work Tank Fluid Sensor Abnormal
[A](2021-11-20  04:36:51 pm)[084] Work Tank Fluid Sensor Abnormal
[I](2021-11-20  04:42:19 pm)작업중 정지 [d:15][t:00:24:27]
[I](2021-11-20  04:42:19 pm)    [LNo:0001] 000143/000268
[I](2021-11-20  04:42:19 pm)작업중 M코드정지 [d:15][t:00:24:27]
[A](2021-11-20  04:46:47 pm)[084] Work Tank Fluid Sensor Abnormal
[A](2021-11-20  04:46:50 pm)[084] Work Tank Fluid Sensor Abnormal
[A](2021-11-20  04:48:03 pm)[091] Auto Door Sensor Abnormal
[I](2021-11-20  04:48:14 pm)작업중 정지 [d:15][t:00:30:22]
[I](2021-11-20  04:48:14 pm)    [LNo:0001] 000126/000268
[I](2021-11-20  04:52:11 pm)작업중 정지 [d:17][t:00:34:19]
[I](2021-11-20  04:52:11 pm)    [LNo:0001] 000143/000268
[I](2021-11-20  04:52:11 pm)작업중 M코드정지 [d:17][t:00:34:19]
[I](2021-11-20  04:54:16 pm)작업중 정지 [d:17][t:00:36:24]
[I](2021-11-20  04:54:16 pm)    [LNo:0001] 000126/000268
[I](2021-11-20  04:57:14 pm)작업중 정지 [d:19][t:00:39:22]
[I](2021-11-20  04:57:14 pm)    [LNo:0001] 000142/000268
[I](2021-11-20  04:57:14 pm)작업중 M코드정지 [d:19][t:00:39:22]
[A](2021-11-20  04:58:04 pm)[084] Work Tank Fluid Sensor Abnormal
[A](2021-11-20  04:58:38 pm)[091] Auto Door Sensor Abnormal
[A](2021-11-20  04:59:27 pm)[041] AWF 명령끝날때까지 센서감지(타임아웃) 안됨
[A](2021-11-20  05:00:02 pm)[041] AWF 명령끝날때까지 센서감지(타임아웃) 안됨
[A](2021-11-20  05:00:36 pm)[041] AWF 명령끝날때까지 센서감지(타임아웃) 안됨
[A](2021-11-20  05:01:09 pm)[041] AWF 명령끝날때까지 센서감지(타임아웃) 안됨
[I](2021-11-20  05:01:13 pm)작업중 정지 [d:19][t:00:43:21]
[I](2021-11-20  05:01:13 pm)    [LNo:0001] 000149/000268
[I](2021-11-20  05:11:06 pm)작업중 정지 [d:26][t:00:53:14]
[I](2021-11-20  05:11:06 pm)    [LNo:0001] 000164/000268
[I](2021-11-20  05:11:06 pm)작업중 M코드정지 [d:26][t:00:53:14]
[I](2021-11-20  05:11:48 pm)작업중 정지 [d:27][t:00:53:56]
[I](2021-11-20  05:11:48 pm)    [LNo:0001] 000168/000268
[I](2021-11-20  05:11:48 pm)작업중 M코드정지 [d:27][t:00:53:56]
[I](2021-11-20  05:14:35 pm)작업중 정지 [d:29][t:00:56:42]
[I](2021-11-20  05:14:35 pm)    [LNo:0001] 000186/000268
[I](2021-11-20  05:14:35 pm)작업중 M코드정지 [d:29][t:00:56:42]
[I](2021-11-20  05:17:02 pm)작업중 정지 [d:29][t:00:59:10]
[I](2021-11-20  05:17:02 pm)    [LNo:0001] 000172/000268
[I](2021-11-20  05:19:11 pm)작업중 정지 [d:30][t:01:01:18]
[I](2021-11-20  05:19:11 pm)    [LNo:0001] 000187/000268
[I](2021-11-20  05:19:11 pm)작업중 M코드정지 [d:30][t:01:01:18]
[A](2021-11-20  05:20:31 pm)[041] AWF 명령끝날때까지 센서감지(타임아웃) 안됨
[A](2021-11-20  05:21:05 pm)[041] AWF 명령끝날때까지 센서감지(타임아웃) 안됨
[A](2021-11-20  05:21:37 pm)[041] AWF 명령끝날때까지 센서감지(타임아웃) 안됨
[A](2021-11-20  05:22:12 pm)[084] Work Tank Fluid Sensor Abnormal
[A](2021-11-20  05:23:01 pm)[091] Auto Door Sensor Abnormal
[I](2021-11-20  05:23:08 pm)작업중 정지 [d:30][t:01:05:16]
[I](2021-11-20  05:23:08 pm)    [LNo:0001] 000170/000268
[I](2021-11-20  05:25:24 pm)작업중 정지 [d:31][t:01:07:32]
[I](2021-11-20  05:25:24 pm)    [LNo:0001] 000187/000268
[I](2021-11-20  05:25:24 pm)작업중 M코드정지 [d:31][t:01:07:32]
[A](2021-11-20  05:26:34 pm)[091] Auto Door Sensor Abnormal
[A](2021-11-20  05:28:17 pm)[041] AWF 명령끝날때까지 센서감지(타임아웃) 안됨
[I](2021-11-20  05:28:39 pm)Reset
[I](2021-11-20  05:28:39 pm)Reset
[I](2021-11-20  05:28:48 pm)작업 시작 [Start d:345]
[I](2021-11-20  05:28:48 pm)Nc File: [No.0002-503.NC]
[I](2021-11-20  05:28:48 pm)  * Start Machine Position
[I](2021-11-20  05:28:48 pm)    X:    217.1714
[I](2021-11-20  05:28:48 pm)    Y:   -304.4641
[I](2021-11-20  05:28:48 pm)    U:     -0.0302
[I](2021-11-20  05:28:48 pm)    V:      0.1018
[I](2021-11-20  05:28:48 pm)    Z:    109.6147
[I](2021-11-20  05:28:48 pm)  * Angle
[I](2021-11-20  05:28:48 pm)    Ar:      0.2208,Kr:      0.0000
[I](2021-11-20  05:28:48 pm)    Taper_Ar:      0.0000
[I](2021-11-20  05:28:59 pm)작업중 정지 [d:0][t:00:00:10]
[I](2021-11-20  05:28:59 pm)    [LNo:0002] 000010/000151
[A](2021-11-20  05:29:45 pm)[041] AWF 명령끝날때까지 센서감지(타임아웃) 안됨
[A](2021-11-20  05:30:16 pm)[041] AWF 명령끝날때까지 센서감지(타임아웃) 안됨
[I](2021-11-20  06:07:40 pm)작업중 정지 [d:35][t:00:38:52]
[I](2021-11-20  06:07:40 pm)    [LNo:0002] 000028/000151
[A](2021-11-20  06:07:40 pm)[010] 자동결선 Error(M21-절단실패)
