[I](2021-02-13  01:40:08 am)작업중 정지 [d:-423][t:09:32:48]
[I](2021-02-13  01:40:08 am)    [LNo:0011] 000548/003448
[I](2021-02-13  01:40:08 am)작업중 30sec 접촉 정지 [d:-423][t:09:32:48]
[I](2021-02-13  08:34:51 am)작업 재시작
[I](2021-02-13  08:36:20 am)작업중 정지 [d:-421][t:16:29:00]
[I](2021-02-13  08:36:20 am)    [LNo:0011] 000548/003448
[I](2021-02-13  08:36:50 am)Reset
[I](2021-02-13  08:37:59 am)Reset
[I](2021-02-13  08:38:03 am)작업 시작 [Start d:550]
[I](2021-02-13  08:38:03 am)Nc File: [No.0011-610.NC]
[I](2021-02-13  08:38:03 am)  * Start Machine Position
[I](2021-02-13  08:38:03 am)    X:    301.8114
[I](2021-02-13  08:38:03 am)    Y:   -239.6939
[I](2021-02-13  08:38:03 am)    U:      0.0000
[I](2021-02-13  08:38:03 am)    V:      0.0000
[I](2021-02-13  08:38:03 am)    Z:     70.7022
[I](2021-02-13  08:38:03 am)  * Angle
[I](2021-02-13  08:38:03 am)    Ar:     -0.3239,Kr:      0.0000
[I](2021-02-13  08:38:03 am)    Taper_Ar:      0.0000
[I](2021-02-13  09:07:51 am)작업중 정지 [d:29][t:00:29:47]
[I](2021-02-13  09:07:51 am)    [LNo:0011] 000572/003448
[I](2021-02-13  09:08:15 am)Reset
[I](2021-02-13  09:08:15 am)Reset
[I](2021-02-13  09:08:29 am)작업 시작 [Start d:579]
[I](2021-02-13  09:08:29 am)Nc File: [No.0012-617.NC]
[I](2021-02-13  09:08:29 am)  * Start Machine Position
[I](2021-02-13  09:08:29 am)    X:    207.9761
[I](2021-02-13  09:08:29 am)    Y:   -249.2145
[I](2021-02-13  09:08:29 am)    U:      0.0000
[I](2021-02-13  09:08:29 am)    V:      0.0000
[I](2021-02-13  09:08:29 am)    Z:     70.7022
[I](2021-02-13  09:08:29 am)  * Angle
[I](2021-02-13  09:08:29 am)    Ar:     -0.3239,Kr:      0.0000
[I](2021-02-13  09:08:29 am)    Taper_Ar:      0.0000
[I](2021-02-13  09:08:51 am)작업중 정지 [d:0][t:00:00:21]
[I](2021-02-13  09:08:51 am)    [LNo:0012] 000569/001077
[I](2021-02-13  09:08:56 am)작업중 정지 [d:0][t:00:00:26]
[I](2021-02-13  09:08:56 am)    [LNo:0012] 000570/001077
[I](2021-02-13  09:08:56 am)작업중 M코드정지 [d:0][t:00:00:26]
[I](2021-02-13  09:54:49 am)작업중 정지 [d:42][t:00:46:19]
[I](2021-02-13  09:54:49 am)    [LNo:0012] 000834/001077
[I](2021-02-13  09:58:45 am)작업중 정지 [d:46][t:00:50:15]
[I](2021-02-13  09:58:45 am)    [LNo:0012] 000850/001077
[I](2021-02-13  09:58:45 am)작업중 30sec 접촉 정지 [d:46][t:00:50:15]
[I](2021-02-13  10:00:40 am)작업 재시작
[I](2021-02-13  10:00:46 am)작업중 정지 [d:46][t:00:52:16]
[I](2021-02-13  10:00:46 am)    [LNo:0012] 000850/001077
[I](2021-02-13  10:00:46 am)작업중 30sec 접촉 정지 [d:46][t:00:52:16]
[I](2021-02-13  10:00:50 am)작업 재시작
[I](2021-02-13  10:07:37 am)작업중 정지 [d:52][t:00:59:07]
[I](2021-02-13  10:07:37 am)    [LNo:0012] 000912/001077
[I](2021-02-13  10:07:37 am)작업중 M코드정지 [d:52][t:00:59:07]
[I](2021-02-13  10:28:11 am)작업중 정지 [d:72][t:01:19:41]
[I](2021-02-13  10:28:11 am)    [LNo:0012] 000932/001077
[I](2021-02-13  10:28:11 am)작업중 M코드정지 [d:72][t:01:19:41]
[I](2021-02-13  10:28:51 am)작업중 정지 [d:72][t:01:20:22]
[I](2021-02-13  10:28:51 am)    [LNo:0012] 000934/001077
[I](2021-02-13  10:28:52 am)작업중 M코드정지 [d:72][t:01:20:22]
[I](2021-02-13  10:41:59 am)작업중 정지 [d:83][t:01:33:30]
[I](2021-02-13  10:41:59 am)    [LNo:0012] 000956/001077
[I](2021-02-13  10:41:59 am)작업중 M코드정지 [d:83][t:01:33:30]
[I](2021-02-13  10:43:51 am)작업중 정지 [d:83][t:01:35:21]
[I](2021-02-13  10:43:51 am)    [LNo:0012] 000958/001077
[I](2021-02-13  10:43:51 am)Wire Contact Auto Stop(M52)
[I](2021-02-13  10:44:20 am)작업 재시작
[I](2021-02-13  10:44:23 am)작업중 정지 [d:83][t:01:35:53]
[I](2021-02-13  10:44:23 am)    [LNo:0012] 000959/001077
[I](2021-02-13  10:44:23 am)작업중 M코드정지 [d:83][t:01:35:54]
[I](2021-02-13  11:15:40 am)작업중 정지 [d:113][t:02:07:10]
[I](2021-02-13  11:15:40 am)    [LNo:0012] 000985/001077
[I](2021-02-13  11:15:40 am)작업중 M코드정지 [d:113][t:02:07:10]
[I](2021-02-13  11:17:37 am)작업중 정지 [d:113][t:02:09:07]
[I](2021-02-13  11:17:37 am)    [LNo:0012] 000987/001077
[I](2021-02-13  11:17:37 am)작업중 M코드정지 [d:113][t:02:09:07]
[I](2021-02-13  11:27:10 am)작업중 정지 [d:121][t:02:18:40]
[I](2021-02-13  11:27:10 am)    [LNo:0012] 001007/001077
[I](2021-02-13  11:27:10 am)작업중 M코드정지 [d:121][t:02:18:41]
[I](2021-02-13  11:36:26 am)작업중 정지 [d:129][t:02:27:56]
[I](2021-02-13  11:36:26 am)    [LNo:0012] 001027/001077
[I](2021-02-13  11:36:26 am)작업중 M코드정지 [d:129][t:02:27:56]
[I](2021-02-13  11:46:13 am)작업중 정지 [d:137][t:02:37:43]
[I](2021-02-13  11:46:13 am)    [LNo:0012] 001047/001077
[I](2021-02-13  11:46:13 am)작업중 M코드정지 [d:137][t:02:37:43]
[I](2021-02-13  11:47:06 am)작업중 정지 [d:137][t:02:38:37]
[I](2021-02-13  11:47:06 am)    [LNo:0012] 001050/001077
[I](2021-02-13  11:55:37 am)작업중 정지 [d:144][t:02:47:07]
[I](2021-02-13  11:55:37 am)    [LNo:0012] 001066/001077
[I](2021-02-13  11:55:37 am)Wire Contact Auto Stop(M52)
[I](2021-02-13  11:56:23 am)작업 재시작
[I](2021-02-13  11:56:34 am)작업중 정지 [d:144][t:02:48:04]
[I](2021-02-13  11:56:34 am)    [LNo:0012] 001067/001077
[I](2021-02-13  11:56:34 am)작업중 M코드정지 [d:144][t:02:48:04]
[I](2021-02-13  11:57:48 am)작업중 정지 [d:144][t:02:49:18]
[I](2021-02-13  11:57:48 am)    [LNo:0012] 001073/001077
[I](2021-02-13  11:57:48 am)작업중 M코드정지 [d:144][t:02:49:18]
[I](2021-02-13  11:57:52 am)Reset
[I](2021-02-13  11:58:10 am)Reset
[I](2021-02-13  12:03:32 pm)Reset
[I](2021-02-13  12:03:33 pm)Reset
[I](2021-02-13  12:04:07 pm)작업 시작 [Start d:723]
[I](2021-02-13  12:04:07 pm)Nc File: [No.0001-618.NC]
[I](2021-02-13  12:04:07 pm)  * Start Machine Position
[I](2021-02-13  12:04:07 pm)    X:    207.9761
[I](2021-02-13  12:04:07 pm)    Y:   -249.2145
[I](2021-02-13  12:04:07 pm)    U:      0.0000
[I](2021-02-13  12:04:07 pm)    V:      0.0000
[I](2021-02-13  12:04:07 pm)    Z:     70.7022
[I](2021-02-13  12:04:07 pm)  * Angle
[I](2021-02-13  12:04:07 pm)    Ar:     -0.3239,Kr:      0.0000
[I](2021-02-13  12:04:07 pm)    Taper_Ar:      0.0000
[I](2021-02-13  12:04:18 pm)작업중 정지 [d:0][t:00:00:10]
[I](2021-02-13  12:04:18 pm)    [LNo:0001] 000010/002740
[I](2021-02-13  12:04:18 pm)작업중 M코드정지 [d:0][t:00:00:10]
[I](2021-02-13  12:35:44 pm)작업중 정지 [d:30][t:00:31:36]
[I](2021-02-13  12:35:44 pm)    [LNo:0001] 000113/002740
[I](2021-02-13  12:35:44 pm)작업중 M코드정지 [d:30][t:00:31:36]
[I](2021-02-13  12:45:35 pm)작업중 정지 [d:30][t:00:41:27]
[I](2021-02-13  12:45:35 pm)    [LNo:0001] 000114/002740
[I](2021-02-13  12:45:35 pm)Wire Contact Auto Stop(M52)
[I](2021-02-13  12:46:12 pm)작업 재시작
[I](2021-02-13  12:46:18 pm)작업중 정지 [d:30][t:00:42:10]
[I](2021-02-13  12:46:18 pm)    [LNo:0001] 000115/002740
[I](2021-02-13  12:46:18 pm)작업중 M코드정지 [d:30][t:00:42:10]
[I](2021-02-13  01:19:33 pm)작업중 정지 [d:62][t:01:15:25]
[I](2021-02-13  01:19:33 pm)    [LNo:0001] 000220/002740
[I](2021-02-13  01:19:33 pm)작업중 M코드정지 [d:62][t:01:15:25]
[I](2021-02-13  01:20:06 pm)작업중 정지 [d:62][t:01:15:58]
[I](2021-02-13  01:20:06 pm)    [LNo:0001] 000222/002740
[I](2021-02-13  01:20:06 pm)작업중 M코드정지 [d:62][t:01:15:58]
[I](2021-02-13  01:21:34 pm)작업중 정지 [d:62][t:01:17:26]
[I](2021-02-13  01:21:34 pm)    [LNo:0001] 000228/002740
[I](2021-02-13  01:21:34 pm)작업중 M코드정지 [d:62][t:01:17:26]
[I](2021-02-13  03:21:10 pm)작업중 정지 [d:-609][t:03:17:02]
[I](2021-02-13  03:21:10 pm)    [LNo:0001] 000385/002740
[I](2021-02-13  03:25:20 pm)작업 재시작
[I](2021-02-13  03:31:20 pm)작업중 정지 [d:-603][t:03:27:12]
[I](2021-02-13  03:31:20 pm)    [LNo:0001] 000389/002740
[I](2021-02-13  03:31:20 pm)작업중 M코드정지 [d:-603][t:03:27:12]
[I](2021-02-13  03:32:03 pm)작업중 정지 [d:-603][t:03:27:55]
[I](2021-02-13  03:32:03 pm)    [LNo:0001] 000391/002740
[I](2021-02-13  03:32:03 pm)작업중 M코드정지 [d:-603][t:03:27:55]
[I](2021-02-13  03:33:37 pm)Reset
[I](2021-02-13  03:33:37 pm)Reset
[I](2021-02-13  03:33:37 pm)Reset
[I](2021-02-13  03:33:38 pm)Reset
[I](2021-02-13  03:34:18 pm)작업 시작 [Start d:120]
[I](2021-02-13  03:34:18 pm)Nc File: [No.0002-619.NC]
[I](2021-02-13  03:34:18 pm)  * Start Machine Position
[I](2021-02-13  03:34:18 pm)    X:    207.9761
[I](2021-02-13  03:34:18 pm)    Y:   -249.2145
[I](2021-02-13  03:34:18 pm)    U:      0.0000
[I](2021-02-13  03:34:18 pm)    V:      0.0000
[I](2021-02-13  03:34:18 pm)    Z:     70.7022
[I](2021-02-13  03:34:18 pm)  * Angle
[I](2021-02-13  03:34:18 pm)    Ar:     -0.3239,Kr:      0.0000
[I](2021-02-13  03:34:18 pm)    Taper_Ar:      0.0000
[I](2021-02-13  03:34:28 pm)작업중 정지 [d:0][t:00:00:09]
[I](2021-02-13  03:34:28 pm)    [LNo:0002] 000355/002388
[I](2021-02-13  03:35:42 pm)작업중 정지 [d:0][t:00:01:24]
[I](2021-02-13  03:35:42 pm)    [LNo:0002] 000393/002388
[I](2021-02-13  03:36:58 pm)작업중 정지 [d:0][t:00:02:40]
[I](2021-02-13  03:36:58 pm)    [LNo:0002] 000429/002388
[I](2021-02-13  03:39:42 pm)작업중 정지 [d:0][t:00:05:23]
[I](2021-02-13  03:39:42 pm)    [LNo:0002] 000467/002388
[I](2021-02-13  03:40:47 pm)작업중 정지 [d:0][t:00:06:29]
[I](2021-02-13  03:40:47 pm)    [LNo:0002] 000503/002388
[I](2021-02-13  03:50:58 pm)작업중 정지 [d:0][t:00:16:40]
[I](2021-02-13  03:50:58 pm)    [LNo:0002] 000541/002388
[I](2021-02-13  03:52:04 pm)작업중 정지 [d:0][t:00:17:45]
[I](2021-02-13  03:52:04 pm)    [LNo:0002] 000577/002388
[I](2021-02-13  03:53:09 pm)작업중 정지 [d:0][t:00:18:51]
[I](2021-02-13  03:53:09 pm)    [LNo:0002] 000615/002388
[I](2021-02-13  03:54:11 pm)작업중 정지 [d:0][t:00:19:53]
[I](2021-02-13  03:54:11 pm)    [LNo:0002] 000651/002388
[I](2021-02-13  03:55:14 pm)작업중 정지 [d:0][t:00:20:56]
[I](2021-02-13  03:55:14 pm)    [LNo:0002] 000689/002388
[I](2021-02-13  03:56:34 pm)Reset
[I](2021-02-13  03:56:34 pm)Reset
[I](2021-02-13  03:56:39 pm)Reset
[I](2021-02-13  03:57:03 pm)작업 시작 [Start d:120]
[I](2021-02-13  03:57:03 pm)Nc File: [No.0002-619.NC]
[I](2021-02-13  03:57:03 pm)  * Start Machine Position
[I](2021-02-13  03:57:03 pm)    X:    207.9761
[I](2021-02-13  03:57:03 pm)    Y:   -249.2145
[I](2021-02-13  03:57:03 pm)    U:      0.0000
[I](2021-02-13  03:57:03 pm)    V:      0.0000
[I](2021-02-13  03:57:03 pm)    Z:     70.7022
[I](2021-02-13  03:57:03 pm)  * Angle
[I](2021-02-13  03:57:03 pm)    Ar:     -0.3239,Kr:      0.0000
[I](2021-02-13  03:57:03 pm)    Taper_Ar:      0.0000
