[I](2021-08-18  12:10:31 am)작업중 정지 [d:129][t:02:20:38]
[I](2021-08-18  12:10:31 am)    [LNo:0001] 000088/000416
[I](2021-08-18  12:10:31 am)작업중 M코드정지 [d:129][t:02:20:38]
[I](2021-08-18  12:18:41 am)작업중 정지 [d:129][t:02:28:48]
[I](2021-08-18  12:18:41 am)    [LNo:0001] 000102/000416
[I](2021-08-18  12:18:41 am)작업중 30sec 접촉 정지 [d:129][t:02:28:48]
[I](2021-08-18  12:19:14 am)작업 재시작
[I](2021-08-18  01:52:57 am)작업중 정지 [d:222][t:04:03:04]
[I](2021-08-18  01:52:57 am)    [LNo:0001] 000115/000416
[I](2021-08-18  01:52:57 am)작업중 M코드정지 [d:222][t:04:03:04]
[I](2021-08-18  01:59:31 am)작업중 정지 [d:222][t:04:09:38]
[I](2021-08-18  01:59:31 am)    [LNo:0001] 000119/000416
[I](2021-08-18  01:59:31 am)작업중 M코드정지 [d:222][t:04:09:38]
[I](2021-08-18  02:25:56 am)작업중 정지 [d:247][t:04:36:03]
[I](2021-08-18  02:25:56 am)    [LNo:0001] 000144/000416
[I](2021-08-18  02:25:56 am)작업중 M코드정지 [d:247][t:04:36:03]
[I](2021-08-18  02:31:25 am)작업중 정지 [d:247][t:04:41:33]
[I](2021-08-18  02:31:25 am)    [LNo:0001] 000123/000416
[I](2021-08-18  02:37:08 am)작업중 정지 [d:252][t:04:47:16]
[I](2021-08-18  02:37:08 am)    [LNo:0001] 000143/000416
[I](2021-08-18  02:37:09 am)작업중 M코드정지 [d:252][t:04:47:16]
[I](2021-08-18  02:38:30 am)작업중 정지 [d:252][t:04:48:37]
[I](2021-08-18  02:38:30 am)    [LNo:0001] 000067/000416
[I](2021-08-18  02:44:55 am)작업중 정지 [d:257][t:04:55:03]
[I](2021-08-18  02:44:55 am)    [LNo:0001] 000087/000416
[I](2021-08-18  02:44:55 am)작업중 M코드정지 [d:257][t:04:55:03]
[I](2021-08-18  02:45:57 am)작업중 정지 [d:257][t:04:56:04]
[I](2021-08-18  02:45:57 am)    [LNo:0001] 000149/000416
[I](2021-08-18  02:46:40 am)작업중 정지 [d:257][t:04:56:47]
[I](2021-08-18  02:46:40 am)    [LNo:0001] 000158/000416
[I](2021-08-18  02:47:01 am)작업 재시작
[I](2021-08-18  02:53:15 am)작업중 정지 [d:264][t:05:03:22]
[I](2021-08-18  02:53:15 am)    [LNo:0001] 000163/000416
[I](2021-08-18  02:53:15 am)작업중 M코드정지 [d:264][t:05:03:23]
[I](2021-08-18  02:53:48 am)작업중 정지 [d:264][t:05:03:56]
[I](2021-08-18  02:53:48 am)    [LNo:0001] 000165/000416
[I](2021-08-18  02:54:19 am)작업 재시작
[I](2021-08-18  02:54:21 am)작업중 정지 [d:264][t:05:04:28]
[I](2021-08-18  02:54:21 am)    [LNo:0001] 000166/000416
[I](2021-08-18  02:54:21 am)작업중 M코드정지 [d:264][t:05:04:28]
[I](2021-08-18  02:55:53 am)작업중 정지 [d:264][t:05:06:00]
[I](2021-08-18  02:55:53 am)    [LNo:0001] 000183/000416
[I](2021-08-18  02:56:38 am)작업 재시작
[I](2021-08-18  03:11:07 am)작업중 정지 [d:278][t:05:21:14]
[I](2021-08-18  03:11:07 am)    [LNo:0001] 000191/000416
[I](2021-08-18  03:11:07 am)작업중 M코드정지 [d:278][t:05:21:14]
[I](2021-08-18  03:11:42 am)작업중 정지 [d:278][t:05:21:50]
[I](2021-08-18  03:11:42 am)    [LNo:0001] 000194/000416
[I](2021-08-18  03:11:42 am)작업중 M코드정지 [d:278][t:05:21:50]
[I](2021-08-18  03:17:31 am)작업중 정지 [d:283][t:05:27:38]
[I](2021-08-18  03:17:31 am)    [LNo:0001] 000229/000416
[I](2021-08-18  03:17:31 am)작업중 M코드정지 [d:283][t:05:27:39]
[I](2021-08-18  03:19:33 am)작업중 정지 [d:283][t:05:29:40]
[I](2021-08-18  03:19:33 am)    [LNo:0001] 000214/000416
[I](2021-08-18  03:22:32 am)작업중 정지 [d:286][t:05:32:39]
[I](2021-08-18  03:22:32 am)    [LNo:0001] 000228/000416
[I](2021-08-18  03:22:32 am)작업중 M코드정지 [d:286][t:05:32:39]
[I](2021-08-18  03:24:20 am)작업중 정지 [d:286][t:05:34:27]
[I](2021-08-18  03:24:20 am)    [LNo:0001] 000214/000416
[I](2021-08-18  03:26:23 am)작업중 정지 [d:288][t:05:36:31]
[I](2021-08-18  03:26:23 am)    [LNo:0001] 000228/000416
[I](2021-08-18  03:26:24 am)작업중 M코드정지 [d:288][t:05:36:31]
[I](2021-08-18  03:28:25 am)작업중 정지 [d:288][t:05:38:32]
[I](2021-08-18  03:28:25 am)    [LNo:0001] 000240/000416
[I](2021-08-18  03:44:50 am)작업중 정지 [d:303][t:05:54:57]
[I](2021-08-18  03:44:50 am)    [LNo:0001] 000251/000416
[I](2021-08-18  03:44:50 am)작업중 M코드정지 [d:303][t:05:54:57]
[I](2021-08-18  03:45:23 am)작업중 정지 [d:303][t:05:55:30]
[I](2021-08-18  03:45:23 am)    [LNo:0001] 000254/000416
[I](2021-08-18  03:45:23 am)작업중 M코드정지 [d:303][t:05:55:30]
[I](2021-08-18  03:51:37 am)작업중 정지 [d:309][t:06:01:44]
[I](2021-08-18  03:51:37 am)    [LNo:0001] 000288/000416
[I](2021-08-18  03:51:37 am)작업중 M코드정지 [d:309][t:06:01:44]
[I](2021-08-18  03:54:16 am)작업중 정지 [d:309][t:06:04:23]
[I](2021-08-18  03:54:16 am)    [LNo:0001] 000300/000416
[I](2021-08-18  04:09:34 am)작업중 정지 [d:324][t:06:19:41]
[I](2021-08-18  04:09:34 am)    [LNo:0001] 000311/000416
[I](2021-08-18  04:09:34 am)작업중 M코드정지 [d:324][t:06:19:41]
[I](2021-08-18  04:14:16 am)작업중 정지 [d:325][t:06:24:23]
[I](2021-08-18  04:14:16 am)    [LNo:0001] 000314/000416
[I](2021-08-18  04:14:16 am)작업중 M코드정지 [d:325][t:06:24:23]
[I](2021-08-18  04:21:54 am)작업중 정지 [d:331][t:06:32:01]
[I](2021-08-18  04:21:54 am)    [LNo:0001] 000363/000416
[I](2021-08-18  04:21:54 am)작업중 30sec 접촉 정지 [d:331][t:06:32:01]
[I](2021-08-18  04:22:33 am)작업 재시작
[I](2021-08-18  04:37:52 am)작업중 정지 [d:346][t:06:47:59]
[I](2021-08-18  04:37:52 am)    [LNo:0001] 000371/000416
[I](2021-08-18  04:37:52 am)작업중 M코드정지 [d:346][t:06:47:59]
[I](2021-08-18  04:38:16 am)작업중 정지 [d:347][t:06:48:23]
[I](2021-08-18  04:38:16 am)    [LNo:0001] 000374/000416
[I](2021-08-18  04:38:16 am)작업중 M코드정지 [d:347][t:06:48:23]
[I](2021-08-18  04:45:06 am)작업중 정지 [d:353][t:06:55:13]
[I](2021-08-18  04:45:06 am)    [LNo:0001] 000412/000416
[I](2021-08-18  04:45:06 am)작업중 M코드정지 [d:353][t:06:55:13]
[I](2021-08-18  05:04:25 am)Reset
[I](2021-08-18  05:04:35 am)Reset
[I](2021-08-18  05:31:39 am)Reset
[I](2021-08-18  05:31:40 am)Reset
[I](2021-08-18  05:32:00 am)Reset
[I](2021-08-18  05:32:00 am)Reset
[I](2021-08-18  05:32:42 am)Reset
[I](2021-08-18  05:32:43 am)Reset
[I](2021-08-18  05:33:03 am)Reset
[I](2021-08-18  05:39:14 am)작업 시작 [Start d:495]
[I](2021-08-18  05:39:14 am)Nc File: [No.0002-626.NC]
[I](2021-08-18  05:39:14 am)  * Start Machine Position
[I](2021-08-18  05:39:14 am)    X:    323.9613
[I](2021-08-18  05:39:14 am)    Y:   -209.2405
[I](2021-08-18  05:39:14 am)    U:      0.0000
[I](2021-08-18  05:39:14 am)    V:      0.0000
[I](2021-08-18  05:39:14 am)    Z:     27.5937
[I](2021-08-18  05:39:14 am)  * Angle
[I](2021-08-18  05:39:14 am)    Ar:      0.0117,Kr:      0.0000
[I](2021-08-18  05:39:14 am)    Taper_Ar:      0.0000
[I](2021-08-18  05:39:27 am)작업중 정지 [d:0][t:00:00:12]
[I](2021-08-18  05:39:27 am)    [LNo:0002] 000010/000084
[I](2021-08-18  05:39:27 am)작업중 M코드정지 [d:0][t:00:00:12]
[I](2021-08-18  05:43:44 am)작업중 정지 [d:0][t:00:04:29]
[I](2021-08-18  05:43:44 am)    [LNo:0002] 000021/000084
[I](2021-08-18  05:43:44 am)작업중 30sec 접촉 정지 [d:0][t:00:04:29]
[I](2021-08-18  05:49:41 am)작업 재시작
[I](2021-08-18  07:07:08 am)작업중 정지 [d:77][t:01:27:54]
[I](2021-08-18  07:07:08 am)    [LNo:0002] 000035/000084
[I](2021-08-18  07:08:52 am)작업 재시작
[I](2021-08-18  08:09:13 am)작업중 정지 [d:138][t:02:29:58]
[I](2021-08-18  08:09:13 am)    [LNo:0002] 000053/000084
[I](2021-08-18  08:10:18 am)작업 재시작
[I](2021-08-18  09:41:02 am)작업중 정지 [d:228][t:04:01:47]
[I](2021-08-18  09:41:02 am)    [LNo:0002] 000071/000084
[I](2021-08-18  09:41:02 am)작업중 M코드정지 [d:228][t:04:01:47]
[I](2021-08-18  09:43:31 am)작업중 정지 [d:228][t:04:04:16]
[I](2021-08-18  09:43:31 am)    [LNo:0002] 000072/000084
[A](2021-08-18  09:43:31 am)[008] 작업중 단선(AWF Feed Motor Stop )
[I](2021-08-18  09:43:31 am)작업중 Wire 단선 [d:228][t:04:04:16]
[I](2021-08-18  09:49:24 am)Reset
[I](2021-08-18  09:49:41 am)Reset
[A](2021-08-18  09:50:20 am)[001] 와이어 미동작
[I](2021-08-18  09:51:13 am)Reset
[I](2021-08-18  09:51:29 am)Reset
[I](2021-08-18  09:51:53 am)Reset
[I](2021-08-18  09:52:21 am)Reset
[I](2021-08-18  09:52:45 am)Reset
[I](2021-08-18  09:52:52 am)Reset
[I](2021-08-18  09:53:50 am)Reset
[I](2021-08-18  09:53:50 am)Reset
[I](2021-08-18  09:53:59 am)작업 시작 [Start d:723]
[I](2021-08-18  09:53:59 am)Nc File: [No.0003-628.NC]
[I](2021-08-18  09:53:59 am)  * Start Machine Position
[I](2021-08-18  09:53:59 am)    X:    154.0072
[I](2021-08-18  09:53:59 am)    Y:   -313.4920
[I](2021-08-18  09:53:59 am)    U:      0.0000
[I](2021-08-18  09:53:59 am)    V:      0.0000
[I](2021-08-18  09:53:59 am)    Z:     27.5937
[I](2021-08-18  09:53:59 am)  * Angle
[I](2021-08-18  09:53:59 am)    Ar:      0.0117,Kr:      0.0000
[I](2021-08-18  09:53:59 am)    Taper_Ar:      0.0000
[I](2021-08-18  09:54:58 am)작업중 정지 [d:0][t:00:00:58]
[I](2021-08-18  09:54:58 am)    [LNo:0003] 000331/000381
[I](2021-08-18  09:55:49 am)Reset
[I](2021-08-18  09:55:49 am)Reset
[I](2021-08-18  09:56:44 am)작업 시작 [Start d:723]
[I](2021-08-18  09:56:44 am)Nc File: [No.0003-628.NC]
[I](2021-08-18  09:56:44 am)  * Start Machine Position
[I](2021-08-18  09:56:44 am)    X:    154.0072
[I](2021-08-18  09:56:44 am)    Y:   -313.4920
[I](2021-08-18  09:56:44 am)    U:      0.0000
[I](2021-08-18  09:56:44 am)    V:      0.0000
[I](2021-08-18  09:56:44 am)    Z:     27.5937
[I](2021-08-18  09:56:44 am)  * Angle
[I](2021-08-18  09:56:44 am)    Ar:      0.0117,Kr:      0.0000
[I](2021-08-18  09:56:44 am)    Taper_Ar:      0.0000
[I](2021-08-18  09:57:03 am)작업중 정지 [d:0][t:00:00:18]
[I](2021-08-18  09:57:03 am)    [LNo:0003] 000010/000381
[I](2021-08-18  09:57:03 am)작업중 M코드정지 [d:0][t:00:00:19]
[I](2021-08-18  10:00:29 am)작업중 정지 [d:4][t:00:03:44]
[I](2021-08-18  10:00:29 am)    [LNo:0003] 000065/000381
[I](2021-08-18  10:00:39 am)Reset
[I](2021-08-18  10:01:09 am)작업 시작 [Start d:727]
[I](2021-08-18  10:01:09 am)Nc File: [No.0003-628.NC]
[I](2021-08-18  10:01:09 am)  * Start Machine Position
[I](2021-08-18  10:01:09 am)    X:    272.0230
[I](2021-08-18  10:01:09 am)    Y:   -268.4680
[I](2021-08-18  10:01:09 am)    U:      0.0000
[I](2021-08-18  10:01:09 am)    V:      0.0000
[I](2021-08-18  10:01:09 am)    Z:     27.5937
[I](2021-08-18  10:01:09 am)  * Angle
[I](2021-08-18  10:01:09 am)    Ar:      0.0117,Kr:      0.0000
[I](2021-08-18  10:01:09 am)    Taper_Ar:      0.0000
[I](2021-08-18  10:26:26 am)작업중 정지 [d:25][t:00:25:16]
[I](2021-08-18  10:26:26 am)    [LNo:0003] 000071/000381
[I](2021-08-18  10:26:26 am)작업중 M코드정지 [d:25][t:00:25:17]
[I](2021-08-18  10:27:11 am)작업중 정지 [d:26][t:00:26:01]
[I](2021-08-18  10:27:11 am)    [LNo:0003] 000074/000381
[I](2021-08-18  10:27:11 am)작업중 M코드정지 [d:26][t:00:26:01]
[I](2021-08-18  10:27:42 am)작업중 정지 [d:26][t:00:26:32]
[I](2021-08-18  10:27:42 am)    [LNo:0003] 000088/000381
[I](2021-08-18  10:27:42 am)작업중 30sec 접촉 정지 [d:26][t:00:26:32]
[I](2021-08-18  10:27:52 am)작업 재시작
[I](2021-08-18  10:27:53 am)작업중 정지 [d:26][t:00:26:44]
[I](2021-08-18  10:27:53 am)    [LNo:0003] 000088/000381
[I](2021-08-18  10:28:00 am)Reset
[I](2021-08-18  10:28:21 am)작업 시작 [Start d:753]
[I](2021-08-18  10:28:21 am)Nc File: [No.0003-628.NC]
[I](2021-08-18  10:28:21 am)  * Start Machine Position
[I](2021-08-18  10:28:21 am)    X:    272.0230
[I](2021-08-18  10:28:21 am)    Y:   -268.4680
[I](2021-08-18  10:28:21 am)    U:      0.0000
[I](2021-08-18  10:28:21 am)    V:      0.0000
[I](2021-08-18  10:28:21 am)    Z:     27.5937
[I](2021-08-18  10:28:21 am)  * Angle
[I](2021-08-18  10:28:21 am)    Ar:      0.0117,Kr:      0.0000
[I](2021-08-18  10:28:21 am)    Taper_Ar:      0.0000
[I](2021-08-18  11:08:38 am)작업중 정지 [d:40][t:00:40:16]
[I](2021-08-18  11:08:38 am)    [LNo:0003] 000136/000381
[I](2021-08-18  11:10:46 am)Reset
[I](2021-08-18  11:10:54 am)작업 시작 [Start d:793]
[I](2021-08-18  11:10:54 am)Nc File: [No.0003-628.NC]
[I](2021-08-18  11:10:54 am)  * Start Machine Position
[I](2021-08-18  11:10:54 am)    X:    272.0230
[I](2021-08-18  11:10:54 am)    Y:   -268.4680
[I](2021-08-18  11:10:54 am)    U:      0.0000
[I](2021-08-18  11:10:54 am)    V:      0.0000
[I](2021-08-18  11:10:54 am)    Z:     27.5937
[I](2021-08-18  11:10:54 am)  * Angle
[I](2021-08-18  11:10:54 am)    Ar:      0.0117,Kr:      0.0000
[I](2021-08-18  11:10:54 am)    Taper_Ar:      0.0000
[I](2021-08-18  11:11:33 am)작업중 정지 [d:1][t:00:00:39]
[I](2021-08-18  11:11:33 am)    [LNo:0003] 000089/000381
[I](2021-08-18  11:11:33 am)작업중 30sec 접촉 정지 [d:1][t:00:00:39]
[I](2021-08-18  11:11:36 am)작업 재시작
[I](2021-08-18  11:11:39 am)작업중 정지 [d:1][t:00:00:45]
[I](2021-08-18  11:11:39 am)    [LNo:0003] 000089/000381
[I](2021-08-18  11:11:46 am)Reset
[I](2021-08-18  11:11:59 am)작업 시작 [Start d:794]
[I](2021-08-18  11:11:59 am)Nc File: [No.0003-628.NC]
[I](2021-08-18  11:11:59 am)  * Start Machine Position
[I](2021-08-18  11:11:59 am)    X:    272.0230
[I](2021-08-18  11:11:59 am)    Y:   -268.4680
[I](2021-08-18  11:11:59 am)    U:      0.0000
[I](2021-08-18  11:11:59 am)    V:      0.0000
[I](2021-08-18  11:11:59 am)    Z:     27.5937
[I](2021-08-18  11:11:59 am)  * Angle
[I](2021-08-18  11:11:59 am)    Ar:      0.0117,Kr:      0.0000
[I](2021-08-18  11:11:59 am)    Taper_Ar:      0.0000
[I](2021-08-18  12:32:21 pm)작업중 정지 [d:79][t:01:20:22]
[I](2021-08-18  12:32:21 pm)    [LNo:0003] 000155/000381
[I](2021-08-18  12:32:21 pm)작업중 M코드정지 [d:79][t:01:20:22]
[I](2021-08-18  12:36:36 pm)작업중 정지 [d:79][t:01:24:37]
[I](2021-08-18  12:36:36 pm)    [LNo:0003] 000156/000381
[I](2021-08-18  12:37:08 pm)작업 재시작
[I](2021-08-18  12:37:13 pm)작업중 정지 [d:79][t:01:25:13]
[I](2021-08-18  12:37:13 pm)    [LNo:0003] 000158/000381
[I](2021-08-18  12:37:13 pm)작업중 M코드정지 [d:79][t:01:25:14]
[I](2021-08-18  12:44:12 pm)작업중 정지 [d:86][t:01:32:13]
[I](2021-08-18  12:44:12 pm)    [LNo:0003] 000192/000381
[I](2021-08-18  12:44:12 pm)작업중 M코드정지 [d:86][t:01:32:13]
[A](2021-08-18  12:50:21 pm)[036] 자동결선 절단 공정 실패!!
[I](2021-08-18  12:55:01 pm)작업중 정지 [d:86][t:01:43:02]
[I](2021-08-18  12:55:01 pm)    [LNo:0003] 000207/000381
[I](2021-08-18  12:55:01 pm)작업중 30sec 접촉 정지 [d:86][t:01:43:02]
[I](2021-08-18  12:55:20 pm)작업 재시작
[I](2021-08-18  12:55:26 pm)작업중 정지 [d:86][t:01:43:27]
[I](2021-08-18  12:55:26 pm)    [LNo:0003] 000207/000381
[I](2021-08-18  12:55:26 pm)작업중 30sec 접촉 정지 [d:86][t:01:43:27]
[I](2021-08-18  12:56:01 pm)작업 재시작
[I](2021-08-18  01:18:38 pm)작업중 정지 [d:109][t:02:06:39]
[I](2021-08-18  01:18:38 pm)    [LNo:0003] 000213/000381
[I](2021-08-18  01:18:38 pm)작업중 M코드정지 [d:109][t:02:06:39]
[I](2021-08-18  01:19:07 pm)작업중 정지 [d:109][t:02:07:07]
[I](2021-08-18  01:19:07 pm)    [LNo:0003] 000214/000381
[I](2021-08-18  01:19:24 pm)작업 재시작
[I](2021-08-18  01:19:31 pm)작업중 정지 [d:109][t:02:07:32]
[I](2021-08-18  01:19:31 pm)    [LNo:0003] 000216/000381
[I](2021-08-18  01:19:31 pm)작업중 M코드정지 [d:109][t:02:07:32]
[I](2021-08-18  01:28:13 pm)작업중 정지 [d:117][t:02:16:14]
[I](2021-08-18  01:28:13 pm)    [LNo:0003] 000269/000381
[I](2021-08-18  01:28:13 pm)작업중 30sec 접촉 정지 [d:117][t:02:16:14]
[I](2021-08-18  01:28:44 pm)작업 재시작
[I](2021-08-18  01:51:59 pm)작업중 정지 [d:140][t:02:40:00]
[I](2021-08-18  01:51:59 pm)    [LNo:0003] 000275/000381
[I](2021-08-18  01:51:59 pm)작업중 M코드정지 [d:140][t:02:40:00]
[I](2021-08-18  01:53:08 pm)작업중 정지 [d:141][t:02:41:08]
[I](2021-08-18  01:53:08 pm)    [LNo:0003] 000276/000381
[I](2021-08-18  01:53:08 pm)Wire Contact Auto Stop(M52)
[I](2021-08-18  01:53:45 pm)작업 재시작
[I](2021-08-18  01:53:49 pm)작업중 정지 [d:141][t:02:41:50]
[I](2021-08-18  01:53:49 pm)    [LNo:0003] 000277/000381
[I](2021-08-18  01:53:49 pm)작업중 M코드정지 [d:141][t:02:41:50]
[I](2021-08-18  02:25:02 pm)작업중 정지 [d:171][t:03:13:02]
[I](2021-08-18  02:25:02 pm)    [LNo:0003] 000332/000381
[I](2021-08-18  02:25:02 pm)작업중 M코드정지 [d:171][t:03:13:02]
[I](2021-08-18  02:25:27 pm)작업중 정지 [d:171][t:03:13:27]
[I](2021-08-18  02:25:27 pm)    [LNo:0003] 000333/000381
[A](2021-08-18  02:25:55 pm)[002] 가공액 미동작
[A](2021-08-18  02:25:55 pm)[002] 가공액 미동작
[I](2021-08-18  02:25:58 pm)작업 재시작
[I](2021-08-18  02:26:04 pm)작업중 정지 [d:171][t:03:14:05]
[I](2021-08-18  02:26:04 pm)    [LNo:0003] 000335/000381
[I](2021-08-18  02:26:04 pm)작업중 M코드정지 [d:171][t:03:14:05]
[I](2021-08-18  02:33:11 pm)작업중 정지 [d:177][t:03:21:12]
[I](2021-08-18  02:33:11 pm)    [LNo:0003] 000374/000381
[I](2021-08-18  02:36:00 pm)Reset
[I](2021-08-18  02:36:17 pm)작업 시작 [Start d:971]
[I](2021-08-18  02:36:17 pm)Nc File: [No.0003-628.NC]
[I](2021-08-18  02:36:17 pm)  * Start Machine Position
[I](2021-08-18  02:36:17 pm)    X:    272.0230
[I](2021-08-18  02:36:17 pm)    Y:   -268.4680
[I](2021-08-18  02:36:17 pm)    U:      0.0000
[I](2021-08-18  02:36:17 pm)    V:      0.0000
[I](2021-08-18  02:36:17 pm)    Z:     32.5937
[I](2021-08-18  02:36:17 pm)  * Angle
[I](2021-08-18  02:36:17 pm)    Ar:      0.0117,Kr:      0.0000
[I](2021-08-18  02:36:17 pm)    Taper_Ar:      0.0000
[I](2021-08-18  03:09:42 pm)작업중 정지 [d:33][t:00:33:25]
[I](2021-08-18  03:09:42 pm)    [LNo:0003] 000136/000381
[I](2021-08-18  03:09:42 pm)작업중 M코드정지 [d:33][t:00:33:25]
[A](2021-08-18  03:10:30 pm)[037] 자동결선 잔여 WIRE 처리 실패!!
[I](2021-08-18  03:12:16 pm)Reset
[I](2021-08-18  03:12:23 pm)작업 시작 [Start d:1004]
[I](2021-08-18  03:12:23 pm)Nc File: [No.0003-628.NC]
[I](2021-08-18  03:12:23 pm)  * Start Machine Position
[I](2021-08-18  03:12:23 pm)    X:    272.0230
[I](2021-08-18  03:12:23 pm)    Y:   -268.4680
[I](2021-08-18  03:12:23 pm)    U:      0.0000
[I](2021-08-18  03:12:23 pm)    V:      0.0000
[I](2021-08-18  03:12:23 pm)    Z:     32.5937
[I](2021-08-18  03:12:23 pm)  * Angle
[I](2021-08-18  03:12:23 pm)    Ar:      0.0117,Kr:      0.0000
[I](2021-08-18  03:12:23 pm)    Taper_Ar:      0.0000
[I](2021-08-18  03:29:29 pm)작업중 정지 [d:17][t:00:17:05]
[I](2021-08-18  03:29:29 pm)    [LNo:0003] 000136/000381
[I](2021-08-18  03:29:29 pm)작업중 M코드정지 [d:17][t:00:17:05]
[A](2021-08-18  03:30:02 pm)[037] 자동결선 잔여 WIRE 처리 실패!!
[I](2021-08-18  03:31:46 pm)Reset
[I](2021-08-18  03:31:53 pm)작업 시작 [Start d:1021]
[I](2021-08-18  03:31:53 pm)Nc File: [No.0003-628.NC]
[I](2021-08-18  03:31:53 pm)  * Start Machine Position
[I](2021-08-18  03:31:53 pm)    X:    272.0230
[I](2021-08-18  03:31:53 pm)    Y:   -268.4680
[I](2021-08-18  03:31:53 pm)    U:      0.0000
[I](2021-08-18  03:31:53 pm)    V:      0.0000
[I](2021-08-18  03:31:53 pm)    Z:     32.5937
[I](2021-08-18  03:31:53 pm)  * Angle
[I](2021-08-18  03:31:53 pm)    Ar:      0.0117,Kr:      0.0000
[I](2021-08-18  03:31:53 pm)    Taper_Ar:      0.0000
[I](2021-08-18  03:41:38 pm)작업중 정지 [d:10][t:00:09:44]
[I](2021-08-18  03:41:38 pm)    [LNo:0003] 000104/000381
[I](2021-08-18  03:41:38 pm)작업중 Single Block Stop [d:10][t:00:09:44]
[I](2021-08-18  03:51:10 pm)작업중 정지 [d:20][t:00:19:16]
[I](2021-08-18  03:51:10 pm)    [LNo:0003] 000136/000381
[I](2021-08-18  03:51:10 pm)작업중 M코드정지 [d:20][t:00:19:16]
[I](2021-08-18  03:53:36 pm)Reset
[I](2021-08-18  03:53:46 pm)작업 시작 [Start d:1041]
[I](2021-08-18  03:53:46 pm)Nc File: [No.0003-628.NC]
[I](2021-08-18  03:53:46 pm)  * Start Machine Position
[I](2021-08-18  03:53:46 pm)    X:    272.0230
[I](2021-08-18  03:53:46 pm)    Y:   -268.4680
[I](2021-08-18  03:53:46 pm)    U:      0.0000
[I](2021-08-18  03:53:46 pm)    V:      0.0000
[I](2021-08-18  03:53:46 pm)    Z:     32.5937
[I](2021-08-18  03:53:46 pm)  * Angle
[I](2021-08-18  03:53:46 pm)    Ar:      0.0117,Kr:      0.0000
[I](2021-08-18  03:53:46 pm)    Taper_Ar:      0.0000
[I](2021-08-18  04:00:45 pm)작업중 정지 [d:7][t:00:06:58]
[I](2021-08-18  04:00:45 pm)    [LNo:0003] 000135/000381
[I](2021-08-18  04:00:45 pm)작업중 M코드정지 [d:7][t:00:06:58]
[A](2021-08-18  04:01:10 pm)[037] 자동결선 잔여 WIRE 처리 실패!!
[I](2021-08-18  04:15:19 pm)Reset
[I](2021-08-18  04:15:28 pm)Reset
[I](2021-08-18  04:15:28 pm)Reset
[I](2021-08-18  04:16:10 pm)Reset
[I](2021-08-18  04:16:16 pm)Reset
[I](2021-08-18  04:18:08 pm)Reset
[I](2021-08-18  04:19:21 pm)Reset
[I](2021-08-18  04:19:59 pm)Reset
[I](2021-08-18  04:21:11 pm)Reset
[I](2021-08-18  04:21:11 pm)Reset
[I](2021-08-18  04:21:31 pm)Reset
[I](2021-08-18  04:21:34 pm)Reset
[I](2021-08-18  04:22:18 pm)Reset
[I](2021-08-18  04:22:22 pm)Reset
[I](2021-08-18  04:23:39 pm)Reset
[I](2021-08-18  04:23:49 pm)Reset
[I](2021-08-18  04:23:52 pm)Reset
[I](2021-08-18  04:23:52 pm)Reset
[I](2021-08-18  04:23:53 pm)Reset
[I](2021-08-18  04:24:04 pm)Reset
[I](2021-08-18  04:24:18 pm)Reset
[I](2021-08-18  04:24:24 pm)Reset
[I](2021-08-18  04:24:24 pm)Reset
[I](2021-08-18  04:24:43 pm)Reset
[I](2021-08-18  04:24:46 pm)Reset
[I](2021-08-18  04:25:07 pm)Reset
[I](2021-08-18  04:25:11 pm)Reset
[I](2021-08-18  04:25:48 pm)Reset
[I](2021-08-18  04:26:12 pm)Reset
[I](2021-08-18  04:26:32 pm)작업 시작 [Start d:1048]
[I](2021-08-18  04:26:32 pm)Nc File: [No.0005-639.NC]
[I](2021-08-18  04:26:32 pm)  * Start Machine Position
[I](2021-08-18  04:26:32 pm)    X:     54.0866
[I](2021-08-18  04:26:32 pm)    Y:   -346.7108
[I](2021-08-18  04:26:32 pm)    U:     -0.0120
[I](2021-08-18  04:26:32 pm)    V:      0.0299
[I](2021-08-18  04:26:32 pm)    Z:     33.7697
[I](2021-08-18  04:26:32 pm)  * Angle
[I](2021-08-18  04:26:32 pm)    Ar:      0.2826,Kr:      0.0000
[I](2021-08-18  04:26:32 pm)    Taper_Ar:      0.0000
[I](2021-08-18  04:26:33 pm)작업중 정지 [d:0][t:00:00:01]
[I](2021-08-18  04:26:33 pm)    [LNo:0005] 000090/000202
[I](2021-08-18  04:26:42 pm)Reset
[I](2021-08-18  04:27:28 pm)Reset
[I](2021-08-18  04:27:30 pm)작업 시작 [Start d:1048]
[I](2021-08-18  04:27:30 pm)Nc File: [No.0005-639.NC]
[I](2021-08-18  04:27:30 pm)  * Start Machine Position
[I](2021-08-18  04:27:30 pm)    X:     54.0866
[I](2021-08-18  04:27:30 pm)    Y:   -346.7108
[I](2021-08-18  04:27:30 pm)    U:     -0.0120
[I](2021-08-18  04:27:30 pm)    V:      0.0299
[I](2021-08-18  04:27:30 pm)    Z:     33.7697
[I](2021-08-18  04:27:30 pm)  * Angle
[I](2021-08-18  04:27:30 pm)    Ar:      0.2826,Kr:      0.0000
[I](2021-08-18  04:27:30 pm)    Taper_Ar:      0.0000
[I](2021-08-18  04:27:56 pm)작업중 정지 [d:0][t:00:00:26]
[I](2021-08-18  04:27:56 pm)    [LNo:0005] 000013/000202
[I](2021-08-18  04:28:59 pm)작업중 정지 [d:1][t:00:01:28]
[I](2021-08-18  04:28:59 pm)    [LNo:0005] 000050/000202
[I](2021-08-18  04:28:59 pm)작업중 M코드정지 [d:1][t:00:01:28]
[I](2021-08-18  04:31:00 pm)작업중 정지 [d:3][t:00:03:29]
[I](2021-08-18  04:31:00 pm)    [LNo:0005] 000083/000202
[I](2021-08-18  04:31:00 pm)작업중 M코드정지 [d:3][t:00:03:29]
[A](2021-08-18  04:31:57 pm)[037] 자동결선 잔여 WIRE 처리 실패!!
[I](2021-08-18  04:32:59 pm)작업중 정지 [d:3][t:00:05:28]
[I](2021-08-18  04:32:59 pm)    [LNo:0005] 000090/000202
[I](2021-08-18  04:35:12 pm)작업중 정지 [d:6][t:00:07:41]
[I](2021-08-18  04:35:12 pm)    [LNo:0005] 000141/000202
[I](2021-08-18  04:35:12 pm)작업중 M코드정지 [d:6][t:00:07:41]
[I](2021-08-18  04:35:30 pm)작업중 정지 [d:6][t:00:07:59]
[I](2021-08-18  04:35:30 pm)    [LNo:0005] 000145/000202
[I](2021-08-18  04:35:30 pm)작업중 M코드정지 [d:6][t:00:07:59]
[I](2021-08-18  04:40:12 pm)작업중 정지 [d:10][t:00:12:41]
[I](2021-08-18  04:40:12 pm)    [LNo:0005] 000198/000202
[I](2021-08-18  04:40:12 pm)작업중 M코드정지 [d:10][t:00:12:41]
[A](2021-08-18  04:41:34 pm)[036] 자동결선 절단 공정 실패!!
[I](2021-08-18  04:42:49 pm)Reset
[I](2021-08-18  04:42:58 pm)작업 시작 [Start d:1058]
[I](2021-08-18  04:42:58 pm)Nc File: [No.0005-639.NC]
[I](2021-08-18  04:42:58 pm)  * Start Machine Position
[I](2021-08-18  04:42:58 pm)    X:     54.0866
[I](2021-08-18  04:42:58 pm)    Y:   -346.7108
[I](2021-08-18  04:42:58 pm)    U:     -0.0120
[I](2021-08-18  04:42:58 pm)    V:      0.0299
[I](2021-08-18  04:42:58 pm)    Z:     33.7697
[I](2021-08-18  04:42:58 pm)  * Angle
[I](2021-08-18  04:42:58 pm)    Ar:      0.2826,Kr:      0.0000
[I](2021-08-18  04:42:58 pm)    Taper_Ar:      0.0000
[I](2021-08-18  04:43:01 pm)작업중 정지 [d:0][t:00:00:03]
[I](2021-08-18  04:43:01 pm)    [LNo:0005] 000092/000202
[I](2021-08-18  04:43:02 pm)Reset
[I](2021-08-18  04:43:02 pm)Reset
[I](2021-08-18  04:43:13 pm)작업 시작 [Start d:1058]
[I](2021-08-18  04:43:13 pm)Nc File: [No.0005-639.NC]
[I](2021-08-18  04:43:13 pm)  * Start Machine Position
[I](2021-08-18  04:43:13 pm)    X:     59.2842
[I](2021-08-18  04:43:13 pm)    Y:   -355.1462
[I](2021-08-18  04:43:13 pm)    U:     -0.0120
[I](2021-08-18  04:43:13 pm)    V:      0.0299
[I](2021-08-18  04:43:13 pm)    Z:     33.7697
[I](2021-08-18  04:43:13 pm)  * Angle
[I](2021-08-18  04:43:13 pm)    Ar:      0.2826,Kr:      0.0000
[I](2021-08-18  04:43:13 pm)    Taper_Ar:      0.0000
[I](2021-08-18  04:50:26 pm)작업중 정지 [d:6][t:00:07:13]
[I](2021-08-18  04:50:26 pm)    [LNo:0005] 000195/000202
[A](2021-08-18  04:50:26 pm)[011] 자동결선 Error(M21-잔여와이어 처리실패)
[I](2021-08-18  04:53:46 pm)Reset
[I](2021-08-18  04:56:20 pm)Reset
[I](2021-08-18  04:58:34 pm)Reset
[I](2021-08-18  04:58:53 pm)Reset
[I](2021-08-18  04:59:44 pm)작업 시작 [Start d:1064]
[I](2021-08-18  04:59:44 pm)Nc File: [No.0006-501.NC]
[I](2021-08-18  04:59:44 pm)  * Start Machine Position
[I](2021-08-18  04:59:44 pm)    X:    141.8588
[I](2021-08-18  04:59:44 pm)    Y:   -377.4222
[I](2021-08-18  04:59:44 pm)    U:      0.0000
[I](2021-08-18  04:59:44 pm)    V:      0.0000
[I](2021-08-18  04:59:44 pm)    Z:     30.6832
[I](2021-08-18  04:59:44 pm)  * Angle
[I](2021-08-18  04:59:44 pm)    Ar:      0.0000,Kr:      0.0000
[I](2021-08-18  04:59:44 pm)    Taper_Ar:      0.0000
[I](2021-08-18  04:59:45 pm)작업중 정지 [d:0][t:00:00:01]
[I](2021-08-18  04:59:45 pm)    [LNo:0006] 000007/000158
[I](2021-08-18  05:11:09 pm)
[I](2021-08-18  05:11:09 pm)Work completed.
[I](2021-08-18  05:11:09 pm)작업 끝.(M02) [d:11][t:00:11:24]
[A](2021-08-18  05:11:40 pm)[084] Work Tank Fluid Sensor Abnormal
[A](2021-08-18  05:11:40 pm)[084] Work Tank Fluid Sensor Abnormal
[A](2021-08-18  05:11:40 pm)[084] Work Tank Fluid Sensor Abnormal
[A](2021-08-18  05:11:41 pm)[084] Work Tank Fluid Sensor Abnormal
[A](2021-08-18  05:11:41 pm)[084] Work Tank Fluid Sensor Abnormal
[A](2021-08-18  05:11:41 pm)[084] Work Tank Fluid Sensor Abnormal
[A](2021-08-18  05:11:41 pm)[084] Work Tank Fluid Sensor Abnormal
[A](2021-08-18  05:11:42 pm)[084] Work Tank Fluid Sensor Abnormal
[A](2021-08-18  05:11:42 pm)[084] Work Tank Fluid Sensor Abnormal
[A](2021-08-18  05:11:42 pm)[084] Work Tank Fluid Sensor Abnormal
[A](2021-08-18  05:11:43 pm)[084] Work Tank Fluid Sensor Abnormal
[A](2021-08-18  05:11:43 pm)[084] Work Tank Fluid Sensor Abnormal
[A](2021-08-18  05:11:44 pm)[084] Work Tank Fluid Sensor Abnormal
[A](2021-08-18  05:11:44 pm)[084] Work Tank Fluid Sensor Abnormal
[A](2021-08-18  05:11:44 pm)[084] Work Tank Fluid Sensor Abnormal
[A](2021-08-18  05:11:45 pm)[084] Work Tank Fluid Sensor Abnormal
[A](2021-08-18  05:11:45 pm)[084] Work Tank Fluid Sensor Abnormal
[A](2021-08-18  05:11:45 pm)[084] Work Tank Fluid Sensor Abnormal
[A](2021-08-18  05:11:45 pm)[084] Work Tank Fluid Sensor Abnormal
[A](2021-08-18  05:11:46 pm)[084] Work Tank Fluid Sensor Abnormal
[A](2021-08-18  05:11:46 pm)[084] Work Tank Fluid Sensor Abnormal
[A](2021-08-18  05:11:46 pm)[084] Work Tank Fluid Sensor Abnormal
[A](2021-08-18  05:11:47 pm)[084] Work Tank Fluid Sensor Abnormal
[A](2021-08-18  05:11:47 pm)[084] Work Tank Fluid Sensor Abnormal
[A](2021-08-18  05:11:47 pm)[084] Work Tank Fluid Sensor Abnormal
[I](2021-08-18  05:17:17 pm)Reset
[I](2021-08-18  05:20:38 pm)Reset
[I](2021-08-18  05:21:11 pm)작업 시작 [Start d:1075]
[I](2021-08-18  05:21:11 pm)Nc File: [No.0007-641.NC]
[I](2021-08-18  05:21:11 pm)  * Start Machine Position
[I](2021-08-18  05:21:11 pm)    X:    136.6716
[I](2021-08-18  05:21:11 pm)    Y:   -370.8930
[I](2021-08-18  05:21:11 pm)    U:      0.0000
[I](2021-08-18  05:21:11 pm)    V:      0.0000
[I](2021-08-18  05:21:11 pm)    Z:     31.5427
[I](2021-08-18  05:21:11 pm)  * Angle
[I](2021-08-18  05:21:11 pm)    Ar:      0.0348,Kr:      0.0000
[I](2021-08-18  05:21:11 pm)    Taper_Ar:      0.0000
[I](2021-08-18  05:44:14 pm)작업중 정지 [d:23][t:00:23:03]
[I](2021-08-18  05:44:14 pm)    [LNo:0007] 000021/000218
[I](2021-08-18  05:44:14 pm)작업중 30sec 접촉 정지 [d:23][t:00:23:03]
[I](2021-08-18  05:45:18 pm)작업 재시작
[I](2021-08-18  06:43:09 pm)작업중 정지 [d:78][t:01:21:57]
[I](2021-08-18  06:43:09 pm)    [LNo:0007] 000091/000218
[I](2021-08-18  06:43:09 pm)작업중 30sec 접촉 정지 [d:78][t:01:21:57]
[I](2021-08-18  06:51:00 pm)작업 재시작
[I](2021-08-18  07:24:39 pm)작업중 정지 [d:111][t:02:03:27]
[I](2021-08-18  07:24:39 pm)    [LNo:0007] 000136/000218
[I](2021-08-18  07:24:39 pm)작업중 30sec 접촉 정지 [d:111][t:02:03:27]
[I](2021-08-18  07:36:38 pm)작업 재시작
[I](2021-08-18  07:36:41 pm)작업중 정지 [d:111][t:02:15:29]
[I](2021-08-18  07:36:41 pm)    [LNo:0007] 000136/000218
[I](2021-08-18  07:36:49 pm)작업 재시작
[I](2021-08-18  07:37:09 pm)작업중 정지 [d:111][t:02:15:57]
[I](2021-08-18  07:37:09 pm)    [LNo:0007] 000141/000218
[A](2021-08-18  07:37:09 pm)[010] 자동결선 Error(M21-절단실패)
[I](2021-08-18  08:45:13 pm)작업중 정지 [d:168][t:03:24:01]
[I](2021-08-18  08:45:13 pm)    [LNo:0007] 000210/000218
[I](2021-08-18  08:45:13 pm)작업중 M코드정지 [d:168][t:03:24:01]
[I](2021-08-18  08:47:43 pm)Reset
[I](2021-08-18  08:54:16 pm)Reset
[I](2021-08-18  08:55:12 pm)작업 시작 [Start d:1243]
[I](2021-08-18  08:55:12 pm)Nc File: [No.0008-642.NC]
[I](2021-08-18  08:55:12 pm)  * Start Machine Position
[I](2021-08-18  08:55:12 pm)    X:    147.6990
[I](2021-08-18  08:55:12 pm)    Y:   -361.9350
[I](2021-08-18  08:55:12 pm)    U:      0.0000
[I](2021-08-18  08:55:12 pm)    V:      0.0000
[I](2021-08-18  08:55:12 pm)    Z:     31.5427
[I](2021-08-18  08:55:12 pm)  * Angle
[I](2021-08-18  08:55:12 pm)    Ar:      0.5598,Kr:      0.0000
[I](2021-08-18  08:55:12 pm)    Taper_Ar:      0.0000
[I](2021-08-18  11:37:21 pm)작업중 정지 [d:156][t:02:42:09]
[I](2021-08-18  11:37:21 pm)    [LNo:0008] 000206/000288
[I](2021-08-18  11:37:21 pm)작업중 30sec 접촉 정지 [d:156][t:02:42:09]
[I](2021-08-18  11:38:17 pm)작업 재시작
