[I](2021-02-24  12:14:07 am)작업중 정지 [d:52][t:00:51:45]
[I](2021-02-24  12:14:07 am)    [LNo:0001] 000074/000384
[A](2021-02-24  12:14:07 am)[008] 작업중 단선(AWF Feed Motor Stop )
[I](2021-02-24  12:14:07 am)작업중 Wire 단선 [d:52][t:00:51:45]
[I](2021-02-24  12:14:18 am)작업 재시작
[I](2021-02-24  12:34:19 am)작업중 정지 [d:72][t:01:11:57]
[I](2021-02-24  12:34:19 am)    [LNo:0001] 000188/000384
[I](2021-02-24  12:34:19 am)작업중 M코드정지 [d:72][t:01:11:57]
[I](2021-02-24  12:36:55 am)작업중 정지 [d:73][t:01:14:33]
[I](2021-02-24  12:36:55 am)    [LNo:0001] 000191/000384
[I](2021-02-24  12:36:55 am)작업중 M코드정지 [d:73][t:01:14:33]
[I](2021-02-24  01:54:17 am)작업중 정지 [d:140][t:02:31:55]
[I](2021-02-24  01:54:17 am)    [LNo:0001] 000372/000384
[I](2021-02-24  01:54:17 am)작업중 M코드정지 [d:140][t:02:31:55]
[I](2021-02-24  02:00:22 am)작업중 정지 [d:140][t:02:38:00]
[I](2021-02-24  02:00:22 am)    [LNo:0001] 000374/000384
[I](2021-02-24  02:00:22 am)작업중 M코드정지 [d:140][t:02:38:00]
[I](2021-02-24  02:09:07 am)Reset
[I](2021-02-24  02:09:28 am)Reset
[I](2021-02-24  02:10:12 am)Reset
[I](2021-02-24  02:17:38 am)Reset
[I](2021-02-24  02:21:00 am)Reset
[I](2021-02-24  02:25:44 am)작업 시작 [Start d:140]
[I](2021-02-24  02:25:44 am)Nc File: [No.0004-378.NC]
[I](2021-02-24  02:25:44 am)  * Start Machine Position
[I](2021-02-24  02:25:44 am)    X:    171.8349
[I](2021-02-24  02:25:44 am)    Y:   -266.8452
[I](2021-02-24  02:25:44 am)    U:      0.0000
[I](2021-02-24  02:25:44 am)    V:      0.0000
[I](2021-02-24  02:25:44 am)    Z:     70.6259
[I](2021-02-24  02:25:44 am)  * Angle
[I](2021-02-24  02:25:44 am)    Ar:      0.8215,Kr:      0.0000
[I](2021-02-24  02:25:44 am)    Taper_Ar:      0.0000
[I](2021-02-24  03:21:25 am)작업중 정지 [d:55][t:00:55:40]
[I](2021-02-24  03:21:25 am)    [LNo:0004] 000099/000137
[I](2021-02-24  03:31:06 am)작업 재시작
[I](2021-02-24  03:44:13 am)작업중 정지 [d:68][t:01:18:28]
[I](2021-02-24  03:44:13 am)    [LNo:0004] 000125/000137
[I](2021-02-24  03:44:13 am)작업중 M코드정지 [d:68][t:01:18:28]
[I](2021-02-24  03:48:30 am)작업중 정지 [d:68][t:01:22:45]
[I](2021-02-24  03:48:30 am)    [LNo:0004] 000126/000137
[I](2021-02-24  03:48:30 am)Wire Contact Auto Stop(M52)
[I](2021-02-24  03:49:45 am)작업 재시작
[I](2021-02-24  03:50:25 am)작업중 정지 [d:68][t:01:24:41]
[I](2021-02-24  03:50:25 am)    [LNo:0004] 000127/000137
[I](2021-02-24  03:50:25 am)작업중 M코드정지 [d:68][t:01:24:41]
[I](2021-02-24  03:52:22 am)Reset
[I](2021-02-24  03:53:13 am)Reset
[I](2021-02-24  03:55:04 am)작업 시작 [Start d:208]
[I](2021-02-24  03:55:04 am)Nc File: [No.0005-390.NC]
[I](2021-02-24  03:55:04 am)  * Start Machine Position
[I](2021-02-24  03:55:04 am)    X:    236.8952
[I](2021-02-24  03:55:04 am)    Y:   -263.6121
[I](2021-02-24  03:55:04 am)    U:      0.0000
[I](2021-02-24  03:55:04 am)    V:      0.0000
[I](2021-02-24  03:55:04 am)    Z:     70.6259
[I](2021-02-24  03:55:04 am)  * Angle
[I](2021-02-24  03:55:04 am)    Ar:      0.8215,Kr:      0.0000
[I](2021-02-24  03:55:04 am)    Taper_Ar:      0.0000
[I](2021-02-24  04:51:39 am)작업중 정지 [d:56][t:00:56:34]
[I](2021-02-24  04:51:39 am)    [LNo:0005] 000155/000648
[I](2021-02-24  04:51:39 am)작업중 M코드정지 [d:56][t:00:56:34]
[I](2021-02-24  04:52:25 am)작업중 정지 [d:56][t:00:57:21]
[I](2021-02-24  04:52:25 am)    [LNo:0005] 000158/000648
[I](2021-02-24  04:52:25 am)작업중 M코드정지 [d:56][t:00:57:21]
[I](2021-02-24  05:52:02 am)작업중 정지 [d:113][t:01:56:58]
[I](2021-02-24  05:52:02 am)    [LNo:0005] 000315/000648
[I](2021-02-24  05:52:02 am)작업중 M코드정지 [d:113][t:01:56:58]
[I](2021-02-24  05:56:56 am)작업중 정지 [d:113][t:02:01:51]
[I](2021-02-24  05:56:56 am)    [LNo:0005] 000318/000648
[I](2021-02-24  05:56:56 am)작업중 M코드정지 [d:113][t:02:01:51]
[I](2021-02-24  05:58:48 am)작업중 정지 [d:114][t:02:03:43]
[I](2021-02-24  05:58:48 am)    [LNo:0005] 000336/000648
[I](2021-02-24  05:58:48 am)작업중 30sec 접촉 정지 [d:114][t:02:03:43]
[I](2021-02-24  06:00:36 am)작업 재시작
[I](2021-02-24  06:00:39 am)작업중 정지 [d:114][t:02:05:34]
[I](2021-02-24  06:00:39 am)    [LNo:0005] 000336/000648
[I](2021-02-24  06:01:11 am)작업 재시작
[I](2021-02-24  06:57:30 am)작업중 정지 [d:170][t:03:02:26]
[I](2021-02-24  06:57:30 am)    [LNo:0005] 000474/000648
[I](2021-02-24  06:57:30 am)Wire Contact Auto Stop(M52)
[I](2021-02-24  06:59:37 am)작업 재시작
[I](2021-02-24  06:59:48 am)작업중 정지 [d:171][t:03:04:44]
[I](2021-02-24  06:59:48 am)    [LNo:0005] 000475/000648
[I](2021-02-24  06:59:48 am)작업중 M코드정지 [d:171][t:03:04:44]
[I](2021-02-24  07:00:27 am)작업중 정지 [d:171][t:03:05:23]
[I](2021-02-24  07:00:27 am)    [LNo:0005] 000478/000648
[I](2021-02-24  07:00:28 am)작업중 M코드정지 [d:171][t:03:05:23]
[I](2021-02-24  07:58:19 am)작업중 정지 [d:227][t:04:03:15]
[I](2021-02-24  07:58:19 am)    [LNo:0005] 000635/000648
[I](2021-02-24  07:58:19 am)작업중 M코드정지 [d:227][t:04:03:15]
[I](2021-02-24  07:58:47 am)작업중 정지 [d:227][t:04:03:43]
[I](2021-02-24  07:58:47 am)    [LNo:0005] 000638/000648
[I](2021-02-24  07:58:47 am)작업중 M코드정지 [d:227][t:04:03:43]
[I](2021-02-24  08:03:31 am)Reset
[I](2021-02-24  08:03:43 am)Reset
[I](2021-02-24  08:04:29 am)Reset
[I](2021-02-24  08:04:52 am)Reset
[I](2021-02-24  08:06:58 am)Reset
[I](2021-02-24  08:14:13 am)작업 시작 [Start d:435]
[I](2021-02-24  08:14:13 am)Nc File: [No.0006-377.NC]
[I](2021-02-24  08:14:13 am)  * Start Machine Position
[I](2021-02-24  08:14:13 am)    X:     46.8832
[I](2021-02-24  08:14:13 am)    Y:   -320.5254
[I](2021-02-24  08:14:13 am)    U:      0.0000
[I](2021-02-24  08:14:13 am)    V:      0.0000
[I](2021-02-24  08:14:13 am)    Z:     42.4964
[I](2021-02-24  08:14:13 am)  * Angle
[I](2021-02-24  08:14:13 am)    Ar:      0.5929,Kr:      0.0000
[I](2021-02-24  08:14:13 am)    Taper_Ar:      0.0000
[I](2021-02-24  09:05:34 am)작업중 정지 [d:51][t:00:51:20]
[I](2021-02-24  09:05:34 am)    [LNo:0006] 000063/000090
[I](2021-02-24  09:05:34 am)작업중 30sec 접촉 정지 [d:51][t:00:51:20]
[I](2021-02-24  09:13:08 am)작업 재시작
[I](2021-02-24  09:21:17 am)작업중 정지 [d:59][t:01:07:04]
[I](2021-02-24  09:21:17 am)    [LNo:0006] 000078/000090
[I](2021-02-24  09:21:17 am)작업중 M코드정지 [d:59][t:01:07:04]
[I](2021-02-24  09:21:37 am)작업중 정지 [d:59][t:01:07:23]
[I](2021-02-24  09:21:37 am)    [LNo:0006] 000079/000090
[I](2021-02-24  09:21:37 am)Wire Contact Auto Stop(M52)
[I](2021-02-24  09:22:49 am)작업 재시작
[I](2021-02-24  09:22:59 am)작업중 정지 [d:59][t:01:08:45]
[I](2021-02-24  09:22:59 am)    [LNo:0006] 000080/000090
[I](2021-02-24  09:22:59 am)작업중 M코드정지 [d:59][t:01:08:45]
[I](2021-02-24  09:27:21 am)Reset
[I](2021-02-24  09:27:58 am)Reset
[I](2021-02-24  09:27:58 am)Reset
[I](2021-02-24  09:27:59 am)Reset
[I](2021-02-24  09:28:43 am)Reset
[I](2021-02-24  09:28:47 am)Reset
[I](2021-02-24  09:28:47 am)Reset
[I](2021-02-24  09:30:44 am)작업 시작 [Start d:494]
[I](2021-02-24  09:30:44 am)Nc File: [No.0007-376.NC]
[I](2021-02-24  09:30:44 am)  * Start Machine Position
[I](2021-02-24  09:30:44 am)    X:    144.2335
[I](2021-02-24  09:30:44 am)    Y:   -321.0628
[I](2021-02-24  09:30:44 am)    U:      0.0000
[I](2021-02-24  09:30:44 am)    V:      0.0000
[I](2021-02-24  09:30:44 am)    Z:     13.2029
[I](2021-02-24  09:30:44 am)  * Angle
[I](2021-02-24  09:30:44 am)    Ar:      0.0000,Kr:      0.0000
[I](2021-02-24  09:30:44 am)    Taper_Ar:      0.0000
[I](2021-02-24  09:42:32 am)작업중 정지 [d:11][t:00:11:47]
[I](2021-02-24  09:42:32 am)    [LNo:0007] 000035/000164
[I](2021-02-24  09:42:32 am)작업중 M코드정지 [d:11][t:00:11:47]
[I](2021-02-24  09:43:02 am)작업중 정지 [d:11][t:00:12:18]
[I](2021-02-24  09:43:02 am)    [LNo:0007] 000037/000164
[I](2021-02-24  09:43:02 am)작업중 M코드정지 [d:11][t:00:12:18]
[I](2021-02-24  09:44:13 am)작업중 정지 [d:11][t:00:13:29]
[I](2021-02-24  09:44:13 am)    [LNo:0007] 000040/000164
[I](2021-02-24  10:02:24 am)작업중 정지 [d:29][t:00:31:40]
[I](2021-02-24  10:02:24 am)    [LNo:0007] 000074/000164
[I](2021-02-24  10:02:24 am)작업중 M코드정지 [d:29][t:00:31:40]
[I](2021-02-24  10:17:55 am)작업중 정지 [d:29][t:00:47:11]
[I](2021-02-24  10:17:55 am)    [LNo:0007] 000076/000164
[I](2021-02-24  10:17:55 am)작업중 M코드정지 [d:29][t:00:47:11]
[I](2021-02-24  10:18:30 am)작업중 정지 [d:29][t:00:47:46]
[I](2021-02-24  10:18:30 am)    [LNo:0007] 000079/000164
[I](2021-02-24  10:18:33 am)작업중 정지 [d:29][t:00:47:48]
[I](2021-02-24  10:18:33 am)    [LNo:0007] 000079/000164
[A](2021-02-24  10:18:33 am)[010] 자동결선 Error(M21-절단실패)
[I](2021-02-24  10:30:26 am)작업중 정지 [d:40][t:00:59:41]
[I](2021-02-24  10:30:26 am)    [LNo:0007] 000113/000164
[I](2021-02-24  10:30:26 am)작업중 M코드정지 [d:40][t:00:59:41]
[I](2021-02-24  10:31:16 am)작업중 정지 [d:40][t:01:00:32]
[I](2021-02-24  10:31:16 am)    [LNo:0007] 000114/000164
[I](2021-02-24  10:31:16 am)Wire Contact Auto Stop(M52)
[A](2021-02-24  10:31:40 am)[001] 와이어 미동작
[I](2021-02-24  10:31:41 am)작업 재시작
[I](2021-02-24  10:31:43 am)작업중 정지 [d:41][t:01:00:59]
[I](2021-02-24  10:31:43 am)    [LNo:0007] 000115/000164
[I](2021-02-24  10:31:44 am)작업중 M코드정지 [d:41][t:01:00:59]
[I](2021-02-24  10:31:49 am)작업중 정지 [d:41][t:01:01:05]
[I](2021-02-24  10:31:49 am)    [LNo:0007] 000118/000164
[I](2021-02-24  10:31:52 am)작업중 정지 [d:41][t:01:01:08]
[I](2021-02-24  10:31:52 am)    [LNo:0007] 000118/000164
[A](2021-02-24  10:31:52 am)[010] 자동결선 Error(M21-절단실패)
[I](2021-02-24  10:48:49 am)작업중 정지 [d:58][t:01:18:05]
[I](2021-02-24  10:48:49 am)    [LNo:0007] 000152/000164
[I](2021-02-24  10:48:50 am)작업중 M코드정지 [d:58][t:01:18:05]
[I](2021-02-24  10:51:14 am)작업중 정지 [d:58][t:01:20:30]
[I](2021-02-24  10:51:14 am)    [LNo:0007] 000153/000164
[I](2021-02-24  10:51:14 am)Wire Contact Auto Stop(M52)
[I](2021-02-24  11:06:10 am)Reset
[I](2021-02-24  11:08:03 am)Reset
[I](2021-02-24  11:08:07 am)Reset
[I](2021-02-24  11:08:12 am)Reset
[I](2021-02-24  11:09:03 am)Reset
[I](2021-02-24  11:10:53 am)Reset
[I](2021-02-24  11:11:16 am)Reset
[I](2021-02-24  11:11:24 am)Reset
[I](2021-02-24  11:11:40 am)Reset
[I](2021-02-24  11:12:00 am)Reset
[I](2021-02-24  11:12:08 am)Reset
[I](2021-02-24  11:12:52 am)Reset
[I](2021-02-24  11:13:12 am)작업 시작 [Start d:552]
[I](2021-02-24  11:13:12 am)Nc File: [No.0008-397.NC]
[I](2021-02-24  11:13:12 am)  * Start Machine Position
[I](2021-02-24  11:13:12 am)    X:    178.3338
[I](2021-02-24  11:13:12 am)    Y:   -266.8944
[I](2021-02-24  11:13:12 am)    U:      0.0000
[I](2021-02-24  11:13:12 am)    V:      0.0000
[I](2021-02-24  11:13:12 am)    Z:     26.6399
[I](2021-02-24  11:13:12 am)  * Angle
[I](2021-02-24  11:13:12 am)    Ar:     -0.0039,Kr:      0.0000
[I](2021-02-24  11:13:12 am)    Taper_Ar:      0.0000
[I](2021-02-24  11:13:49 am)작업중 정지 [d:0][t:00:00:37]
[I](2021-02-24  11:13:49 am)    [LNo:0008] 000013/000083
[I](2021-02-24  11:19:59 am)작업중 정지 [d:5][t:00:06:47]
[I](2021-02-24  11:19:59 am)    [LNo:0008] 000053/000083
[I](2021-02-24  11:19:59 am)작업중 M코드정지 [d:5][t:00:06:47]
[I](2021-02-24  11:27:46 am)작업중 정지 [d:6][t:00:14:33]
[I](2021-02-24  11:27:46 am)    [LNo:0008] 000055/000083
[I](2021-02-24  11:27:46 am)작업중 30sec 접촉 정지 [d:6][t:00:14:33]
[I](2021-02-24  11:28:47 am)작업 재시작
[I](2021-02-24  11:31:03 am)작업중 정지 [d:7][t:00:17:51]
[I](2021-02-24  11:31:03 am)    [LNo:0008] 000079/000083
[I](2021-02-24  11:31:03 am)작업중 M코드정지 [d:7][t:00:17:51]
[I](2021-02-24  11:35:14 am)Reset
[I](2021-02-24  11:36:18 am)Reset
[I](2021-02-24  11:36:18 am)Reset
[I](2021-02-24  11:54:03 am)Reset
[I](2021-02-24  11:56:10 am)Reset
[I](2021-02-24  11:56:11 am)Reset
[I](2021-02-24  11:56:38 am)Reset
[I](2021-02-24  11:57:24 am)Reset
[I](2021-02-24  11:59:08 am)작업 시작 [Start d:559]
[I](2021-02-24  11:59:08 am)Nc File: [No.0001-395.NC]
[I](2021-02-24  11:59:08 am)  * Start Machine Position
[I](2021-02-24  11:59:08 am)    X:    319.8889
[I](2021-02-24  11:59:08 am)    Y:   -247.6781
[I](2021-02-24  11:59:08 am)    U:      0.0000
[I](2021-02-24  11:59:08 am)    V:      0.0000
[I](2021-02-24  11:59:08 am)    Z:     30.4399
[I](2021-02-24  11:59:08 am)  * Angle
[I](2021-02-24  11:59:08 am)    Ar:      0.0504,Kr:      0.0000
[I](2021-02-24  11:59:08 am)    Taper_Ar:      0.0000
[I](2021-02-24  01:05:22 pm)작업중 정지 [d:64][t:01:06:13]
[I](2021-02-24  01:05:22 pm)    [LNo:0001] 000044/000150
[I](2021-02-24  01:05:22 pm)작업중 M코드정지 [d:64][t:01:06:14]
[I](2021-02-24  01:08:24 pm)작업중 정지 [d:64][t:01:09:15]
[I](2021-02-24  01:08:24 pm)    [LNo:0001] 000046/000150
[I](2021-02-24  01:08:24 pm)작업중 M코드정지 [d:64][t:01:09:15]
[I](2021-02-24  01:19:23 pm)작업중 정지 [d:72][t:01:20:15]
[I](2021-02-24  01:19:23 pm)    [LNo:0001] 000070/000150
[I](2021-02-24  01:19:23 pm)작업중 M코드정지 [d:72][t:01:20:15]
[I](2021-02-24  01:21:26 pm)작업중 정지 [d:72][t:01:22:18]
[I](2021-02-24  01:21:26 pm)    [LNo:0001] 000074/000150
[I](2021-02-24  01:21:26 pm)작업중 M코드정지 [d:72][t:01:22:18]
[I](2021-02-24  02:32:29 pm)작업중 정지 [d:140][t:02:33:21]
[I](2021-02-24  02:32:29 pm)    [LNo:0001] 000138/000150
[I](2021-02-24  02:32:29 pm)작업중 M코드정지 [d:140][t:02:33:21]
[I](2021-02-24  02:36:39 pm)작업중 정지 [d:140][t:02:37:31]
[I](2021-02-24  02:36:39 pm)    [LNo:0001] 000139/000150
[I](2021-02-24  02:36:39 pm)Wire Contact Auto Stop(M52)
[I](2021-02-24  02:37:43 pm)작업 재시작
[I](2021-02-24  02:37:44 pm)작업중 정지 [d:140][t:02:38:36]
[I](2021-02-24  02:37:44 pm)    [LNo:0001] 000140/000150
[I](2021-02-24  02:37:44 pm)작업중 M코드정지 [d:140][t:02:38:36]
[I](2021-02-24  02:39:01 pm)작업중 정지 [d:140][t:02:39:53]
[I](2021-02-24  02:39:01 pm)    [LNo:0001] 000146/000150
[I](2021-02-24  02:39:01 pm)작업중 M코드정지 [d:140][t:02:39:53]
[I](2021-02-24  02:43:02 pm)Reset
[I](2021-02-24  02:43:02 pm)Reset
[I](2021-02-24  02:43:40 pm)작업 시작 [Start d:699]
[I](2021-02-24  02:43:40 pm)Nc File: [No.0002-396.NC]
[I](2021-02-24  02:43:40 pm)  * Start Machine Position
[I](2021-02-24  02:43:40 pm)    X:    319.8889
[I](2021-02-24  02:43:40 pm)    Y:   -247.6781
[I](2021-02-24  02:43:40 pm)    U:      0.0000
[I](2021-02-24  02:43:40 pm)    V:      0.0000
[I](2021-02-24  02:43:40 pm)    Z:     30.4399
[I](2021-02-24  02:43:40 pm)  * Angle
[I](2021-02-24  02:43:40 pm)    Ar:      0.0504,Kr:      0.0000
[I](2021-02-24  02:43:40 pm)    Taper_Ar:      0.0000
[I](2021-02-24  02:44:09 pm)작업중 정지 [d:0][t:00:00:28]
[I](2021-02-24  02:44:09 pm)    [LNo:0002] 000756/001486
[I](2021-02-24  02:44:40 pm)작업중 정지 [d:0][t:00:00:59]
[I](2021-02-24  02:44:40 pm)    [LNo:0002] 000798/001486
[I](2021-02-24  02:44:40 pm)작업중 M코드정지 [d:0][t:00:00:59]
[I](2021-02-24  02:44:43 pm)작업중 정지 [d:0][t:00:01:02]
[I](2021-02-24  02:44:43 pm)    [LNo:0002] 000802/001486
[I](2021-02-24  02:44:43 pm)작업중 M코드정지 [d:0][t:00:01:02]
[I](2021-02-24  02:44:46 pm)작업중 정지 [d:0][t:00:01:06]
[I](2021-02-24  02:44:46 pm)    [LNo:0002] 000808/001486
[I](2021-02-24  02:45:23 pm)Reset
[I](2021-02-24  02:45:23 pm)Reset
[I](2021-02-24  02:46:37 pm)작업 시작 [Start d:699]
[I](2021-02-24  02:46:37 pm)Nc File: [No.0002-396.NC]
[I](2021-02-24  02:46:37 pm)  * Start Machine Position
[I](2021-02-24  02:46:37 pm)    X:    319.8889
[I](2021-02-24  02:46:37 pm)    Y:   -247.6781
[I](2021-02-24  02:46:37 pm)    U:      0.0000
[I](2021-02-24  02:46:37 pm)    V:      0.0000
[I](2021-02-24  02:46:37 pm)    Z:     30.4399
[I](2021-02-24  02:46:37 pm)  * Angle
[I](2021-02-24  02:46:37 pm)    Ar:      0.0504,Kr:      0.0000
[I](2021-02-24  02:46:37 pm)    Taper_Ar:      0.0000
[I](2021-02-24  02:47:17 pm)작업중 정지 [d:0][t:00:00:40]
[I](2021-02-24  02:47:17 pm)    [LNo:0002] 000010/001486
[I](2021-02-24  02:47:17 pm)작업중 M코드정지 [d:0][t:00:00:40]
[I](2021-02-24  03:23:45 pm)작업중 정지 [d:36][t:00:37:07]
[I](2021-02-24  03:23:45 pm)    [LNo:0002] 000040/001486
[I](2021-02-24  03:23:45 pm)작업중 M코드정지 [d:36][t:00:37:07]
[I](2021-02-24  03:24:09 pm)작업중 정지 [d:36][t:00:37:32]
[I](2021-02-24  03:24:09 pm)    [LNo:0002] 000043/001486
[I](2021-02-24  03:24:09 pm)Wire Contact Auto Stop(M52)
[I](2021-02-24  03:24:42 pm)작업 재시작
[I](2021-02-24  03:24:43 pm)작업중 정지 [d:36][t:00:38:06]
[I](2021-02-24  03:24:43 pm)    [LNo:0002] 000044/001486
[I](2021-02-24  03:24:43 pm)작업중 M코드정지 [d:36][t:00:38:06]
[I](2021-02-24  03:52:26 pm)작업중 정지 [d:62][t:01:05:49]
[I](2021-02-24  03:52:26 pm)    [LNo:0002] 000112/001486
[I](2021-02-24  03:52:26 pm)작업중 M코드정지 [d:62][t:01:05:49]
[I](2021-02-24  03:54:51 pm)작업중 정지 [d:63][t:01:08:13]
[I](2021-02-24  03:54:51 pm)    [LNo:0002] 000115/001486
[I](2021-02-24  03:54:51 pm)Wire Contact Auto Stop(M52)
[I](2021-02-24  03:55:21 pm)작업 재시작
[I](2021-02-24  03:55:23 pm)작업중 정지 [d:63][t:01:08:46]
[I](2021-02-24  03:55:23 pm)    [LNo:0002] 000116/001486
[I](2021-02-24  03:55:23 pm)작업중 M코드정지 [d:63][t:01:08:46]
[I](2021-02-24  04:07:54 pm)작업중 정지 [d:74][t:01:21:17]
[I](2021-02-24  04:07:54 pm)    [LNo:0002] 000140/001486
[I](2021-02-24  04:07:54 pm)작업중 M코드정지 [d:74][t:01:21:17]
[I](2021-02-24  04:08:43 pm)작업중 정지 [d:75][t:01:22:06]
[I](2021-02-24  04:08:43 pm)    [LNo:0002] 000144/001486
[I](2021-02-24  04:08:43 pm)작업중 M코드정지 [d:75][t:01:22:06]
[I](2021-02-24  04:10:26 pm)작업중 정지 [d:75][t:01:23:48]
[I](2021-02-24  04:10:26 pm)    [LNo:0002] 000147/001486
[I](2021-02-24  04:10:29 pm)작업중 정지 [d:75][t:01:23:51]
[I](2021-02-24  04:10:29 pm)    [LNo:0002] 000147/001486
[A](2021-02-24  04:10:29 pm)[010] 자동결선 Error(M21-절단실패)
[I](2021-02-24  04:22:29 pm)작업중 정지 [d:86][t:01:35:52]
[I](2021-02-24  04:22:29 pm)    [LNo:0002] 000168/001486
[I](2021-02-24  04:22:29 pm)작업중 M코드정지 [d:86][t:01:35:52]
[I](2021-02-24  04:22:57 pm)작업중 정지 [d:86][t:01:36:20]
[I](2021-02-24  04:22:57 pm)    [LNo:0002] 000170/001486
[I](2021-02-24  04:23:30 pm)작업 재시작
[I](2021-02-24  04:23:34 pm)작업중 정지 [d:86][t:01:36:57]
[I](2021-02-24  04:23:34 pm)    [LNo:0002] 000172/001486
[I](2021-02-24  04:23:34 pm)작업중 M코드정지 [d:86][t:01:36:57]
[I](2021-02-24  04:36:34 pm)작업중 정지 [d:97][t:01:49:56]
[I](2021-02-24  04:36:34 pm)    [LNo:0002] 000196/001486
[I](2021-02-24  04:36:34 pm)작업중 M코드정지 [d:97][t:01:49:56]
[I](2021-02-24  04:37:18 pm)작업중 정지 [d:97][t:01:50:41]
[I](2021-02-24  04:37:18 pm)    [LNo:0002] 000198/001486
[I](2021-02-24  04:37:52 pm)작업 재시작
[I](2021-02-24  04:37:55 pm)작업중 정지 [d:97][t:01:51:18]
[I](2021-02-24  04:37:55 pm)    [LNo:0002] 000200/001486
[I](2021-02-24  04:37:55 pm)작업중 M코드정지 [d:97][t:01:51:18]
[I](2021-02-24  04:50:48 pm)작업중 정지 [d:109][t:02:04:11]
[I](2021-02-24  04:50:48 pm)    [LNo:0002] 000224/001486
[I](2021-02-24  04:50:49 pm)작업중 M코드정지 [d:109][t:02:04:11]
[I](2021-02-24  04:51:32 pm)작업중 정지 [d:109][t:02:04:55]
[I](2021-02-24  04:51:32 pm)    [LNo:0002] 000226/001486
[I](2021-02-24  04:52:03 pm)작업 재시작
[I](2021-02-24  04:52:06 pm)작업중 정지 [d:109][t:02:05:29]
[I](2021-02-24  04:52:06 pm)    [LNo:0002] 000228/001486
[I](2021-02-24  04:52:06 pm)작업중 M코드정지 [d:109][t:02:05:29]
[I](2021-02-24  05:05:00 pm)작업중 정지 [d:121][t:02:18:23]
[I](2021-02-24  05:05:00 pm)    [LNo:0002] 000252/001486
[I](2021-02-24  05:05:00 pm)작업중 M코드정지 [d:121][t:02:18:23]
[I](2021-02-24  05:07:58 pm)작업중 정지 [d:121][t:02:21:20]
[I](2021-02-24  05:07:58 pm)    [LNo:0002] 000256/001486
[I](2021-02-24  05:07:58 pm)작업중 M코드정지 [d:121][t:02:21:20]
[I](2021-02-24  05:21:04 pm)작업중 정지 [d:132][t:02:34:27]
[I](2021-02-24  05:21:04 pm)    [LNo:0002] 000280/001486
[I](2021-02-24  05:21:04 pm)작업중 M코드정지 [d:132][t:02:34:27]
[I](2021-02-24  05:22:39 pm)작업중 정지 [d:132][t:02:36:01]
[I](2021-02-24  05:22:39 pm)    [LNo:0002] 000282/001486
[I](2021-02-24  05:23:08 pm)작업 재시작
[I](2021-02-24  05:23:12 pm)작업중 정지 [d:132][t:02:36:34]
[I](2021-02-24  05:23:12 pm)    [LNo:0002] 000284/001486
[I](2021-02-24  05:23:12 pm)작업중 M코드정지 [d:132][t:02:36:35]
[I](2021-02-24  05:38:23 pm)작업중 정지 [d:143][t:02:51:46]
[I](2021-02-24  05:38:23 pm)    [LNo:0002] 000308/001486
[I](2021-02-24  05:38:23 pm)작업중 M코드정지 [d:143][t:02:51:46]
[I](2021-02-24  05:38:51 pm)작업중 정지 [d:143][t:02:52:14]
[I](2021-02-24  05:38:51 pm)    [LNo:0002] 000310/001486
[I](2021-02-24  05:39:33 pm)작업 재시작
[I](2021-02-24  05:39:37 pm)작업중 정지 [d:143][t:02:53:00]
[I](2021-02-24  05:39:37 pm)    [LNo:0002] 000312/001486
[I](2021-02-24  05:39:37 pm)작업중 M코드정지 [d:143][t:02:53:00]
[I](2021-02-24  05:40:21 pm)작업중 정지 [d:143][t:02:53:43]
[I](2021-02-24  05:40:21 pm)    [LNo:0002] 000315/001486
[I](2021-02-24  05:40:21 pm)작업중 Single Block Stop [d:143][t:02:53:44]
[I](2021-02-24  05:41:26 pm)작업중 정지 [d:143][t:02:54:49]
[I](2021-02-24  05:41:26 pm)    [LNo:0002] 000318/001486
[I](2021-02-24  05:41:26 pm)작업중 Single Block Stop [d:143][t:02:54:49]
[I](2021-02-24  05:43:08 pm)작업중 정지 [d:144][t:02:56:31]
[I](2021-02-24  05:43:08 pm)    [LNo:0002] 000329/001486
[A](2021-02-24  05:43:08 pm)[008] 작업중 단선(AWF Feed Motor Stop )
[I](2021-02-24  05:43:08 pm)작업중 Wire 단선 [d:144][t:02:56:31]
[I](2021-02-24  05:43:19 pm)작업 재시작
[I](2021-02-24  05:54:39 pm)작업중 정지 [d:155][t:03:08:02]
[I](2021-02-24  05:54:39 pm)    [LNo:0002] 000336/001486
[I](2021-02-24  05:54:39 pm)작업중 M코드정지 [d:155][t:03:08:02]
[I](2021-02-24  06:31:17 pm)작업중 정지 [d:155][t:03:44:40]
[I](2021-02-24  06:31:17 pm)    [LNo:0002] 000338/001486
[I](2021-02-24  06:31:46 pm)작업 재시작
[I](2021-02-24  06:31:50 pm)작업중 정지 [d:155][t:03:45:13]
[I](2021-02-24  06:31:50 pm)    [LNo:0002] 000340/001486
[I](2021-02-24  06:31:50 pm)작업중 M코드정지 [d:155][t:03:45:13]
[I](2021-02-24  06:44:49 pm)작업중 정지 [d:167][t:03:58:12]
[I](2021-02-24  06:44:49 pm)    [LNo:0002] 000364/001486
[I](2021-02-24  06:44:49 pm)작업중 M코드정지 [d:167][t:03:58:12]
[I](2021-02-24  06:45:16 pm)작업중 정지 [d:167][t:03:58:39]
[I](2021-02-24  06:45:16 pm)    [LNo:0002] 000365/001486
[I](2021-02-24  06:46:02 pm)작업 재시작
[I](2021-02-24  06:46:15 pm)작업중 정지 [d:167][t:03:59:38]
[I](2021-02-24  06:46:15 pm)    [LNo:0002] 000366/001486
[I](2021-02-24  06:46:35 pm)작업 재시작
[I](2021-02-24  06:46:41 pm)작업중 정지 [d:168][t:04:00:04]
[I](2021-02-24  06:46:41 pm)    [LNo:0002] 000368/001486
[I](2021-02-24  06:46:41 pm)작업중 M코드정지 [d:168][t:04:00:04]
[A](2021-02-24  06:47:39 pm)[038] 자동결선 FEED MOTOR ALARM !!
[I](2021-02-24  06:47:39 pm)작업중 정지 [d:168][t:04:01:02]
[I](2021-02-24  06:47:39 pm)    [LNo:0002] 000377/001486
[A](2021-02-24  06:47:39 pm)[009] 자동결선 Error(M20-삽입실패)
[A](2021-02-24  06:58:42 pm)[001] 와이어 미동작
[A](2021-02-24  06:58:43 pm)[001] 와이어 미동작
[A](2021-02-24  06:58:44 pm)[001] 와이어 미동작
[A](2021-02-24  06:59:12 pm)[001] 와이어 미동작
[A](2021-02-24  06:59:13 pm)[001] 와이어 미동작
[A](2021-02-24  06:59:55 pm)[001] 와이어 미동작
[A](2021-02-24  06:59:56 pm)[001] 와이어 미동작
[A](2021-02-24  06:59:56 pm)[001] 와이어 미동작
[A](2021-02-24  06:59:57 pm)[001] 와이어 미동작
[A](2021-02-24  07:00:03 pm)[038] 자동결선 FEED MOTOR ALARM !!
[A](2021-02-24  07:00:06 pm)[038] 자동결선 FEED MOTOR ALARM !!
[A](2021-02-24  07:00:28 pm)[038] 자동결선 FEED MOTOR ALARM !!
[A](2021-02-24  07:03:56 pm)[038] 자동결선 FEED MOTOR ALARM !!
[A](2021-02-24  07:06:26 pm)[053] Emergency Stop
[A](2021-02-24  07:06:26 pm)[005] READY Off(Alarm)
[I](2021-02-24  07:06:26 pm)    X:    392.3481
[I](2021-02-24  07:06:26 pm)    Y:   -363.8764
[I](2021-02-24  07:06:26 pm)    U:      0.0000
[I](2021-02-24  07:06:26 pm)    V:      0.0000
[I](2021-02-24  07:06:26 pm)    Z:     30.4399
[I](2021-02-24  07:06:32 pm)SPM Device Closed.
[I](2021-02-24  07:20:31 pm)SPM Device Open Succeeded.
[I](2021-02-24  07:20:31 pm)Initialization is completed.
[A](2021-02-24  07:20:32 pm)[053] Emergency Stop
[I](2021-02-24  07:21:15 pm)Ready On
[I](2021-02-24  07:34:01 pm)작업중 정지 [d:879][t:19:34:01]
[I](2021-02-24  07:34:01 pm)    [LNo:0002] 000392/001486
[I](2021-02-24  07:34:01 pm)작업중 M코드정지 [d:879][t:19:34:01]
[I](2021-02-24  07:35:05 pm)작업중 정지 [d:880][t:19:35:05]
[I](2021-02-24  07:35:05 pm)    [LNo:0002] 000394/001486
[I](2021-02-24  07:35:49 pm)작업 재시작
[I](2021-02-24  07:35:53 pm)작업중 정지 [d:880][t:19:35:53]
[I](2021-02-24  07:35:53 pm)    [LNo:0002] 000396/001486
[I](2021-02-24  07:35:53 pm)작업중 M코드정지 [d:880][t:19:35:53]
[I](2021-02-24  07:45:51 pm)작업중 정지 [d:888][t:19:45:51]
[I](2021-02-24  07:45:51 pm)    [LNo:0002] 000421/001486
[I](2021-02-24  07:47:01 pm)작업 재시작
[I](2021-02-24  07:56:04 pm)작업중 정지 [d:897][t:19:56:04]
[I](2021-02-24  07:56:04 pm)    [LNo:0002] 000428/001486
[I](2021-02-24  07:56:04 pm)작업중 M코드정지 [d:897][t:19:56:04]
[I](2021-02-24  08:10:42 pm)작업중 정지 [d:897][t:20:10:42]
[I](2021-02-24  08:10:42 pm)    [LNo:0002] 000432/001486
[I](2021-02-24  08:10:42 pm)작업중 M코드정지 [d:897][t:20:10:42]
[I](2021-02-24  08:31:15 pm)작업중 정지 [d:916][t:20:31:15]
[I](2021-02-24  08:31:15 pm)    [LNo:0002] 000464/001486
[I](2021-02-24  08:31:15 pm)작업중 M코드정지 [d:916][t:20:31:15]
[I](2021-02-24  08:40:18 pm)작업중 정지 [d:916][t:20:40:18]
[I](2021-02-24  08:40:18 pm)    [LNo:0002] 000468/001486
[I](2021-02-24  08:40:18 pm)작업중 M코드정지 [d:916][t:20:40:18]
[I](2021-02-24  09:34:30 pm)작업중 정지 [d:968][t:21:34:30]
[I](2021-02-24  09:34:30 pm)    [LNo:0002] 000500/001486
[I](2021-02-24  09:34:30 pm)작업중 M코드정지 [d:968][t:21:34:30]
[I](2021-02-24  09:38:58 pm)작업중 정지 [d:968][t:21:38:58]
[I](2021-02-24  09:38:58 pm)    [LNo:0002] 000504/001486
[I](2021-02-24  09:38:58 pm)작업중 M코드정지 [d:968][t:21:38:58]
[I](2021-02-24  10:14:57 pm)작업중 정지 [d:1002][t:22:14:57]
[I](2021-02-24  10:14:57 pm)    [LNo:0002] 000536/001486
[I](2021-02-24  10:14:57 pm)작업중 M코드정지 [d:1002][t:22:14:57]
[I](2021-02-24  10:28:12 pm)작업중 정지 [d:1003][t:22:28:12]
[I](2021-02-24  10:28:12 pm)    [LNo:0002] 000540/001486
[I](2021-02-24  10:28:12 pm)작업중 M코드정지 [d:1003][t:22:28:12]
[I](2021-02-24  10:29:37 pm)작업중 정지 [d:1003][t:22:29:37]
[I](2021-02-24  10:29:37 pm)    [LNo:0002] 000549/001486
[A](2021-02-24  10:29:37 pm)[009] 자동결선 Error(M20-삽입실패)
[I](2021-02-24  10:59:25 pm)작업중 정지 [d:1028][t:22:59:25]
[I](2021-02-24  10:59:25 pm)    [LNo:0002] 000589/001486
[I](2021-02-24  10:59:25 pm)작업중 30sec 접촉 정지 [d:1028][t:22:59:25]
[I](2021-02-24  11:03:38 pm)작업 재시작
[I](2021-02-24  11:03:50 pm)작업중 정지 [d:1028][t:23:03:50]
[I](2021-02-24  11:03:50 pm)    [LNo:0002] 000590/001486
[I](2021-02-24  11:03:50 pm)작업중 M코드정지 [d:1028][t:23:03:50]
[I](2021-02-24  11:03:55 pm)작업중 정지 [d:1028][t:23:03:55]
[I](2021-02-24  11:03:55 pm)    [LNo:0002] 000591/001486
[I](2021-02-24  11:04:07 pm)작업 재시작
[I](2021-02-24  11:04:12 pm)작업중 정지 [d:1028][t:23:04:12]
[I](2021-02-24  11:04:12 pm)    [LNo:0002] 000592/001486
[I](2021-02-24  11:04:12 pm)작업중 M코드정지 [d:1028][t:23:04:12]
