[A](2021-11-29  08:31:10 am)[038] 자동결선 FEED MOTOR ALARM !!
[A](2021-11-29  08:31:18 am)[038] 자동결선 FEED MOTOR ALARM !!
[A](2021-11-29  08:31:22 am)[038] 자동결선 FEED MOTOR ALARM !!
[A](2021-11-29  09:00:57 am)[038] 자동결선 FEED MOTOR ALARM !!
[A](2021-11-29  09:01:07 am)[038] 자동결선 FEED MOTOR ALARM !!
[A](2021-11-29  09:01:17 am)[038] 자동결선 FEED MOTOR ALARM !!
[I](2021-11-29  09:02:36 am)작업중 정지 [d:134][t:16:42:37]
[I](2021-11-29  09:02:36 am)    [LNo:0002] 000433/001127
[A](2021-11-29  09:03:32 am)[037] 자동결선 잔여 WIRE 처리 실패!!
[I](2021-11-29  09:06:00 am)작업중 정지 [d:135][t:16:46:01]
[I](2021-11-29  09:06:00 am)    [LNo:0002] 000445/001127
[I](2021-11-29  09:06:00 am)작업중 30sec 접촉 정지 [d:135][t:16:46:01]
[I](2021-11-29  09:06:11 am)작업 재시작
[I](2021-11-29  09:07:38 am)작업중 정지 [d:136][t:16:47:39]
[I](2021-11-29  09:07:38 am)    [LNo:0002] 000446/001127
[I](2021-11-29  09:07:38 am)작업중 M코드정지 [d:136][t:16:47:40]
[I](2021-11-29  09:08:08 am)작업중 정지 [d:136][t:16:48:10]
[I](2021-11-29  09:08:08 am)    [LNo:0002] 000447/001127
[I](2021-11-29  09:08:58 am)작업 재시작
[I](2021-11-29  09:10:40 am)작업중 정지 [d:136][t:16:50:42]
[I](2021-11-29  09:10:40 am)    [LNo:0002] 000464/001127
[I](2021-11-29  09:10:40 am)작업중 30sec 접촉 정지 [d:136][t:16:50:42]
[I](2021-11-29  09:11:21 am)작업 재시작
[I](2021-11-29  09:13:04 am)작업중 정지 [d:138][t:16:53:05]
[I](2021-11-29  09:13:04 am)    [LNo:0002] 000469/001127
[I](2021-11-29  09:13:04 am)작업중 M코드정지 [d:138][t:16:53:05]
[I](2021-11-29  09:13:35 am)작업중 정지 [d:138][t:16:53:37]
[I](2021-11-29  09:13:35 am)    [LNo:0002] 000473/001127
[I](2021-11-29  09:15:01 am)Reset
[I](2021-11-29  09:15:01 am)Reset
[I](2021-11-29  09:15:02 am)Reset
[I](2021-11-29  09:15:09 am)Reset
[I](2021-11-29  09:15:09 am)Reset
[I](2021-11-29  09:15:51 am)작업 시작 [Start d:210]
[I](2021-11-29  09:15:51 am)Nc File: [No.0003-641.NC]
[I](2021-11-29  09:15:51 am)  * Start Machine Position
[I](2021-11-29  09:15:51 am)    X:    207.3146
[I](2021-11-29  09:15:51 am)    Y:   -387.9600
[I](2021-11-29  09:15:51 am)    U:      0.0000
[I](2021-11-29  09:15:51 am)    V:      0.0000
[I](2021-11-29  09:15:51 am)    Z:     26.2595
[I](2021-11-29  09:15:51 am)  * Angle
[I](2021-11-29  09:15:51 am)    Ar:      0.0438,Kr:      0.0000
[I](2021-11-29  09:15:51 am)    Taper_Ar:      0.0000
[I](2021-11-29  09:16:01 am)작업중 정지 [d:0][t:00:00:09]
[I](2021-11-29  09:16:01 am)    [LNo:0003] 000150/001823
[I](2021-11-29  10:01:13 am)작업중 정지 [d:44][t:00:45:22]
[I](2021-11-29  10:01:13 am)    [LNo:0003] 000186/001823
[I](2021-11-29  10:01:13 am)작업중 M코드정지 [d:44][t:00:45:22]
[I](2021-11-29  10:02:23 am)작업중 정지 [d:44][t:00:46:31]
[I](2021-11-29  10:02:23 am)    [LNo:0003] 000190/001823
[I](2021-11-29  10:02:23 am)작업중 M코드정지 [d:44][t:00:46:31]
[I](2021-11-29  10:30:24 am)작업중 정지 [d:70][t:01:14:32]
[I](2021-11-29  10:30:24 am)    [LNo:0003] 000220/001823
[I](2021-11-29  10:30:24 am)작업중 M코드정지 [d:70][t:01:14:32]
[I](2021-11-29  10:31:22 am)작업중 정지 [d:70][t:01:15:31]
[I](2021-11-29  10:31:22 am)    [LNo:0003] 000224/001823
[I](2021-11-29  10:31:22 am)작업중 M코드정지 [d:70][t:01:15:31]
[I](2021-11-29  11:13:10 am)작업중 정지 [d:110][t:01:57:18]
[I](2021-11-29  11:13:10 am)    [LNo:0003] 000254/001823
[I](2021-11-29  11:13:10 am)작업중 M코드정지 [d:110][t:01:57:18]
[I](2021-11-29  11:13:22 am)작업중 정지 [d:110][t:01:57:30]
[I](2021-11-29  11:13:22 am)    [LNo:0003] 000258/001823
[I](2021-11-29  11:13:22 am)작업중 M코드정지 [d:110][t:01:57:30]
[I](2021-11-29  12:00:45 pm)작업중 정지 [d:156][t:02:44:54]
[I](2021-11-29  12:00:45 pm)    [LNo:0003] 000310/001823
[I](2021-11-29  12:00:45 pm)작업중 M코드정지 [d:156][t:02:44:54]
[I](2021-11-29  12:01:03 pm)작업중 정지 [d:156][t:02:45:12]
[I](2021-11-29  12:01:03 pm)    [LNo:0003] 000312/001823
[I](2021-11-29  12:01:40 pm)작업 재시작
[I](2021-11-29  12:01:45 pm)작업중 정지 [d:157][t:02:45:54]
[I](2021-11-29  12:01:45 pm)    [LNo:0003] 000314/001823
[I](2021-11-29  12:01:45 pm)작업중 M코드정지 [d:157][t:02:45:54]
[I](2021-11-29  12:31:58 pm)작업중 정지 [d:186][t:03:16:06]
[I](2021-11-29  12:31:58 pm)    [LNo:0003] 000362/001823
[I](2021-11-29  12:31:58 pm)작업중 M코드정지 [d:186][t:03:16:07]
[I](2021-11-29  12:51:29 pm)작업중 정지 [d:186][t:03:35:37]
[I](2021-11-29  12:51:29 pm)    [LNo:0003] 000364/001823
[A](2021-11-29  12:51:29 pm)[008] 작업중 단선(AWF Feed Motor Stop )
[I](2021-11-29  12:51:29 pm)작업중 Wire 단선 [d:186][t:03:35:38]
[A](2021-11-29  12:51:45 pm)[041] AWF 명령끝날때까지 센서감지(타임아웃) 안됨
[I](2021-11-29  12:52:49 pm)작업 재시작
[I](2021-11-29  12:52:52 pm)작업중 정지 [d:186][t:03:37:01]
[I](2021-11-29  12:52:52 pm)    [LNo:0003] 000366/001823
[I](2021-11-29  12:52:52 pm)작업중 M코드정지 [d:186][t:03:37:01]
[I](2021-11-29  12:53:26 pm)작업중 정지 [d:186][t:03:37:34]
[I](2021-11-29  12:53:26 pm)    [LNo:0003] 000372/001823
[I](2021-11-29  12:54:21 pm)작업중 정지 [d:186][t:03:38:30]
[I](2021-11-29  12:54:21 pm)    [LNo:0003] 000710/001823
[I](2021-11-29  01:02:20 pm)작업중 정지 [d:193][t:03:46:28]
[I](2021-11-29  01:02:20 pm)    [LNo:0003] 000726/001823
[I](2021-11-29  01:02:20 pm)작업중 M코드정지 [d:193][t:03:46:28]
[I](2021-11-29  01:02:40 pm)작업중 정지 [d:193][t:03:46:49]
[I](2021-11-29  01:02:40 pm)    [LNo:0003] 000730/001823
[I](2021-11-29  01:02:40 pm)작업중 M코드정지 [d:193][t:03:46:49]
[I](2021-11-29  01:12:35 pm)작업중 정지 [d:201][t:03:56:43]
[I](2021-11-29  01:12:35 pm)    [LNo:0003] 000754/001823
[I](2021-11-29  01:12:35 pm)작업중 M코드정지 [d:201][t:03:56:43]
[I](2021-11-29  01:13:01 pm)작업중 정지 [d:201][t:03:57:09]
[I](2021-11-29  01:13:01 pm)    [LNo:0003] 000758/001823
[I](2021-11-29  01:13:01 pm)작업중 M코드정지 [d:201][t:03:57:10]
[I](2021-11-29  01:22:36 pm)작업중 정지 [d:209][t:04:06:45]
[I](2021-11-29  01:22:36 pm)    [LNo:0003] 000782/001823
[I](2021-11-29  01:22:36 pm)작업중 M코드정지 [d:209][t:04:06:45]
[I](2021-11-29  01:23:07 pm)작업중 정지 [d:209][t:04:07:16]
[I](2021-11-29  01:23:07 pm)    [LNo:0003] 000786/001823
[I](2021-11-29  01:23:07 pm)작업중 M코드정지 [d:209][t:04:07:16]
[I](2021-11-29  01:23:54 pm)작업중 정지 [d:209][t:04:08:03]
[I](2021-11-29  01:23:54 pm)    [LNo:0003] 000789/001823
[A](2021-11-29  01:23:54 pm)[010] 자동결선 Error(M21-절단실패)
[A](2021-11-29  01:26:29 pm)[038] 자동결선 FEED MOTOR ALARM !!
[A](2021-11-29  01:26:48 pm)[038] 자동결선 FEED MOTOR ALARM !!
[A](2021-11-29  01:26:50 pm)[038] 자동결선 FEED MOTOR ALARM !!
[A](2021-11-29  01:26:53 pm)[038] 자동결선 FEED MOTOR ALARM !!
[A](2021-11-29  01:26:58 pm)[038] 자동결선 FEED MOTOR ALARM !!
[A](2021-11-29  01:28:39 pm)[041] AWF 명령끝날때까지 센서감지(타임아웃) 안됨
[I](2021-11-29  01:28:40 pm)작업중 정지 [d:209][t:04:12:49]
[I](2021-11-29  01:28:40 pm)    [LNo:0003] 000795/001823
[A](2021-11-29  01:28:41 pm)[009] 자동결선 Error(M20-삽입실패)
[A](2021-11-29  01:31:03 pm)[038] 자동결선 FEED MOTOR ALARM !!
[A](2021-11-29  01:31:09 pm)[038] 자동결선 FEED MOTOR ALARM !!
[A](2021-11-29  01:31:10 pm)[038] 자동결선 FEED MOTOR ALARM !!
[A](2021-11-29  01:31:19 pm)[038] 자동결선 FEED MOTOR ALARM !!
[A](2021-11-29  01:31:24 pm)[038] 자동결선 FEED MOTOR ALARM !!
[A](2021-11-29  01:31:39 pm)[038] 자동결선 FEED MOTOR ALARM !!
[I](2021-11-29  01:40:25 pm)작업중 정지 [d:216][t:04:24:34]
[I](2021-11-29  01:40:25 pm)    [LNo:0003] 000810/001823
[I](2021-11-29  01:40:25 pm)작업중 M코드정지 [d:216][t:04:24:34]
[I](2021-11-29  01:41:57 pm)작업중 정지 [d:216][t:04:26:05]
[I](2021-11-29  01:41:57 pm)    [LNo:0003] 000814/001823
[I](2021-11-29  01:41:57 pm)작업중 M코드정지 [d:216][t:04:26:05]
[I](2021-11-29  01:49:15 pm)작업중 정지 [d:222][t:04:33:24]
[I](2021-11-29  01:49:15 pm)    [LNo:0003] 000838/001823
[I](2021-11-29  01:49:15 pm)작업중 M코드정지 [d:222][t:04:33:24]
[I](2021-11-29  01:51:42 pm)작업중 정지 [d:222][t:04:35:50]
[I](2021-11-29  01:51:42 pm)    [LNo:0003] 000840/001823
[I](2021-11-29  01:52:40 pm)작업 재시작
[I](2021-11-29  01:52:47 pm)작업중 정지 [d:223][t:04:36:55]
[I](2021-11-29  01:52:47 pm)    [LNo:0003] 000842/001823
[I](2021-11-29  01:52:47 pm)작업중 M코드정지 [d:223][t:04:36:55]
[I](2021-11-29  01:59:57 pm)작업중 정지 [d:229][t:04:44:05]
[I](2021-11-29  01:59:57 pm)    [LNo:0003] 000866/001823
[I](2021-11-29  01:59:57 pm)작업중 M코드정지 [d:229][t:04:44:05]
[I](2021-11-29  02:01:07 pm)작업중 정지 [d:229][t:04:45:16]
[I](2021-11-29  02:01:07 pm)    [LNo:0003] 000868/001823
[I](2021-11-29  02:01:39 pm)작업 재시작
[I](2021-11-29  02:01:46 pm)작업중 정지 [d:230][t:04:45:54]
[I](2021-11-29  02:01:46 pm)    [LNo:0003] 000870/001823
[I](2021-11-29  02:01:46 pm)작업중 M코드정지 [d:230][t:04:45:54]
[I](2021-11-29  02:02:09 pm)작업중 정지 [d:230][t:04:46:18]
[I](2021-11-29  02:02:09 pm)    [LNo:0003] 000873/001823
[A](2021-11-29  02:02:10 pm)[010] 자동결선 Error(M21-절단실패)
[A](2021-11-29  02:03:38 pm)[038] 자동결선 FEED MOTOR ALARM !!
[I](2021-11-29  02:24:43 pm)작업중 정지 [d:249][t:05:08:52]
[I](2021-11-29  02:24:43 pm)    [LNo:0003] 000895/001823
[I](2021-11-29  02:24:43 pm)작업중 M코드정지 [d:249][t:05:08:52]
[I](2021-11-29  02:42:53 pm)작업중 정지 [d:250][t:05:27:02]
[I](2021-11-29  02:42:53 pm)    [LNo:0003] 000896/001823
[I](2021-11-29  02:44:09 pm)작업 재시작
[I](2021-11-29  02:49:01 pm)작업중 정지 [d:250][t:05:33:09]
[I](2021-11-29  02:49:01 pm)    [LNo:0003] 000896/001823
[I](2021-11-29  02:49:31 pm)작업 재시작
[I](2021-11-29  02:49:37 pm)작업중 정지 [d:250][t:05:33:46]
[I](2021-11-29  02:49:37 pm)    [LNo:0003] 000898/001823
[I](2021-11-29  02:49:37 pm)작업중 M코드정지 [d:250][t:05:33:46]
[I](2021-11-29  02:51:28 pm)작업중 정지 [d:250][t:05:35:36]
[I](2021-11-29  02:51:28 pm)    [LNo:0003] 000901/001823
[A](2021-11-29  02:51:28 pm)[010] 자동결선 Error(M21-절단실패)
[A](2021-11-29  02:52:11 pm)[038] 자동결선 FEED MOTOR ALARM !!
[I](2021-11-29  03:13:00 pm)작업중 정지 [d:269][t:05:57:09]
[I](2021-11-29  03:13:00 pm)    [LNo:0003] 000923/001823
[I](2021-11-29  03:13:00 pm)작업중 M코드정지 [d:269][t:05:57:09]
[I](2021-11-29  03:13:30 pm)작업중 정지 [d:269][t:05:57:38]
[I](2021-11-29  03:13:30 pm)    [LNo:0003] 000924/001823
[I](2021-11-29  03:13:49 pm)작업 재시작
[I](2021-11-29  03:13:54 pm)작업중 정지 [d:269][t:05:58:03]
[I](2021-11-29  03:13:54 pm)    [LNo:0003] 000926/001823
[I](2021-11-29  03:13:54 pm)작업중 M코드정지 [d:269][t:05:58:03]
[I](2021-11-29  03:34:05 pm)작업중 정지 [d:287][t:06:18:13]
[I](2021-11-29  03:34:05 pm)    [LNo:0003] 000951/001823
[I](2021-11-29  03:34:05 pm)작업중 M코드정지 [d:287][t:06:18:13]
[I](2021-11-29  03:35:25 pm)작업중 정지 [d:287][t:06:19:33]
[I](2021-11-29  03:35:25 pm)    [LNo:0003] 000952/001823
[I](2021-11-29  03:35:44 pm)작업 재시작
[I](2021-11-29  03:35:49 pm)작업중 정지 [d:288][t:06:19:58]
[I](2021-11-29  03:35:49 pm)    [LNo:0003] 000954/001823
[I](2021-11-29  03:35:49 pm)작업중 M코드정지 [d:288][t:06:19:58]
[I](2021-11-29  03:55:16 pm)작업중 정지 [d:306][t:06:39:24]
[I](2021-11-29  03:55:16 pm)    [LNo:0003] 000979/001823
[I](2021-11-29  03:55:16 pm)작업중 M코드정지 [d:306][t:06:39:24]
[I](2021-11-29  03:57:15 pm)작업중 정지 [d:306][t:06:41:23]
[I](2021-11-29  03:57:15 pm)    [LNo:0003] 000980/001823
[I](2021-11-29  03:57:59 pm)작업 재시작
[I](2021-11-29  03:58:07 pm)작업중 정지 [d:306][t:06:42:16]
[I](2021-11-29  03:58:07 pm)    [LNo:0003] 000982/001823
[I](2021-11-29  03:58:07 pm)작업중 M코드정지 [d:306][t:06:42:16]
[I](2021-11-29  03:58:30 pm)작업중 정지 [d:306][t:06:42:38]
[I](2021-11-29  03:58:30 pm)    [LNo:0003] 000985/001823
[A](2021-11-29  03:58:30 pm)[010] 자동결선 Error(M21-절단실패)
[A](2021-11-29  03:58:45 pm)[038] 자동결선 FEED MOTOR ALARM !!
[I](2021-11-29  03:59:41 pm)작업중 정지 [d:306][t:06:43:49]
[I](2021-11-29  03:59:41 pm)    [LNo:0003] 000988/001823
[I](2021-11-29  04:01:16 pm)작업 재시작
[I](2021-11-29  04:41:01 pm)작업중 정지 [d:342][t:07:25:10]
[I](2021-11-29  04:41:01 pm)    [LNo:0003] 001110/001823
[A](2021-11-29  04:41:02 pm)[010] 자동결선 Error(M21-절단실패)
[A](2021-11-29  04:45:15 pm)[041] AWF 명령끝날때까지 센서감지(타임아웃) 안됨
[I](2021-11-29  04:45:16 pm)작업중 정지 [d:342][t:07:29:25]
[I](2021-11-29  04:45:17 pm)    [LNo:0003] 001116/001823
[A](2021-11-29  04:45:17 pm)[009] 자동결선 Error(M20-삽입실패)
[I](2021-11-29  04:56:40 pm)작업중 정지 [d:351][t:07:40:48]
[I](2021-11-29  04:56:40 pm)    [LNo:0003] 001147/001823
[I](2021-11-29  04:56:40 pm)작업중 M코드정지 [d:351][t:07:40:49]
[I](2021-11-29  05:08:05 pm)작업중 정지 [d:358][t:07:52:13]
[I](2021-11-29  05:08:05 pm)    [LNo:0003] 001175/001823
[I](2021-11-29  05:08:05 pm)작업중 M코드정지 [d:358][t:07:52:13]
[I](2021-11-29  05:20:34 pm)작업중 정지 [d:368][t:08:04:43]
[I](2021-11-29  05:20:34 pm)    [LNo:0003] 001201/001823
[I](2021-11-29  05:20:34 pm)작업중 M코드정지 [d:368][t:08:04:43]
[I](2021-11-29  05:36:26 pm)작업중 정지 [d:381][t:08:20:35]
[I](2021-11-29  05:36:26 pm)    [LNo:0003] 001242/001823
[I](2021-11-29  05:36:26 pm)작업중 M코드정지 [d:381][t:08:20:35]
[A](2021-11-29  05:47:02 pm)[036] 자동결선 절단 공정 실패!!
[I](2021-11-29  06:03:38 pm)작업중 정지 [d:393][t:08:47:47]
[I](2021-11-29  06:03:38 pm)    [LNo:0003] 001283/001823
[I](2021-11-29  06:03:38 pm)작업중 M코드정지 [d:393][t:08:47:47]
[I](2021-11-29  06:27:48 pm)작업중 정지 [d:393][t:09:11:57]
[I](2021-11-29  06:27:48 pm)    [LNo:0003] 001287/001823
[I](2021-11-29  06:28:39 pm)작업 재시작
[I](2021-11-29  06:31:12 pm)작업중 정지 [d:395][t:09:15:21]
[I](2021-11-29  06:31:12 pm)    [LNo:0003] 001305/001823
[I](2021-11-29  06:31:12 pm)작업중 M코드정지 [d:395][t:09:15:21]
[I](2021-11-29  06:36:15 pm)작업중 정지 [d:395][t:09:20:23]
[I](2021-11-29  06:36:15 pm)    [LNo:0003] 001289/001823
[I](2021-11-29  06:37:23 pm)작업중 정지 [d:396][t:09:21:31]
[I](2021-11-29  06:37:23 pm)    [LNo:0003] 001304/001823
[I](2021-11-29  06:37:23 pm)작업중 M코드정지 [d:396][t:09:21:31]
[I](2021-11-29  06:39:12 pm)작업중 정지 [d:396][t:09:23:21]
[I](2021-11-29  06:39:12 pm)    [LNo:0003] 001289/001823
[I](2021-11-29  06:40:25 pm)작업중 정지 [d:396][t:09:24:34]
[I](2021-11-29  06:40:25 pm)    [LNo:0003] 001304/001823
[I](2021-11-29  06:40:25 pm)작업중 M코드정지 [d:396][t:09:24:34]
[A](2021-11-29  06:40:44 pm)[036] 자동결선 절단 공정 실패!!
[I](2021-11-29  06:45:16 pm)작업중 정지 [d:397][t:09:29:25]
[I](2021-11-29  06:45:16 pm)    [LNo:0003] 001326/001823
[I](2021-11-29  06:45:16 pm)작업중 M코드정지 [d:397][t:09:29:25]
[A](2021-11-29  06:46:12 pm)[037] 자동결선 잔여 WIRE 처리 실패!!
[I](2021-11-29  06:54:14 pm)작업중 정지 [d:401][t:09:38:22]
[I](2021-11-29  06:54:14 pm)    [LNo:0003] 001390/001823
[I](2021-11-29  06:54:14 pm)작업중 M코드정지 [d:401][t:09:38:22]
[A](2021-11-29  06:54:41 pm)[037] 자동결선 잔여 WIRE 처리 실패!!
[I](2021-11-29  07:18:36 pm)작업중 정지 [d:415][t:10:02:45]
[I](2021-11-29  07:18:36 pm)    [LNo:0003] 001559/001823
[A](2021-11-29  07:18:36 pm)[038] 자동결선 FEED MOTOR ALARM !!
[A](2021-11-29  07:18:37 pm)[010] 자동결선 Error(M21-절단실패)
[A](2021-11-29  07:21:38 pm)[038] 자동결선 FEED MOTOR ALARM !!
[I](2021-11-29  07:45:40 pm)작업중 정지 [d:432][t:10:29:48]
[I](2021-11-29  07:45:40 pm)    [LNo:0003] 001700/001823
[I](2021-11-29  07:45:40 pm)작업중 M코드정지 [d:432][t:10:29:48]
[I](2021-11-29  07:54:27 pm)작업중 정지 [d:432][t:10:38:35]
[I](2021-11-29  07:54:27 pm)    [LNo:0003] 001686/001823
[I](2021-11-29  07:56:35 pm)작업중 정지 [d:433][t:10:40:44]
[I](2021-11-29  07:56:35 pm)    [LNo:0003] 001700/001823
[I](2021-11-29  07:56:35 pm)작업중 M코드정지 [d:433][t:10:40:44]
[I](2021-11-29  08:04:39 pm)작업중 정지 [d:433][t:10:48:48]
[I](2021-11-29  08:04:39 pm)    [LNo:0003] 001686/001823
[I](2021-11-29  08:08:21 pm)작업중 정지 [d:435][t:10:52:30]
[I](2021-11-29  08:08:21 pm)    [LNo:0003] 001701/001823
[I](2021-11-29  08:08:21 pm)작업중 M코드정지 [d:435][t:10:52:30]
[I](2021-11-29  08:11:05 pm)작업중 정지 [d:435][t:10:55:13]
[I](2021-11-29  08:11:05 pm)    [LNo:0003] 001686/001823
[I](2021-11-29  08:14:32 pm)작업중 정지 [d:438][t:10:58:40]
[I](2021-11-29  08:14:32 pm)    [LNo:0003] 001701/001823
[I](2021-11-29  08:14:32 pm)작업중 M코드정지 [d:438][t:10:58:40]
[I](2021-11-29  08:25:39 pm)작업중 정지 [d:445][t:11:09:48]
[I](2021-11-29  08:25:39 pm)    [LNo:0003] 001738/001823
[I](2021-11-29  08:25:39 pm)작업중 M코드정지 [d:445][t:11:09:48]
[I](2021-11-29  08:38:14 pm)작업중 정지 [d:453][t:11:22:22]
[I](2021-11-29  08:38:14 pm)    [LNo:0003] 001777/001823
[A](2021-11-29  08:38:14 pm)[010] 자동결선 Error(M21-절단실패)
[A](2021-11-29  08:40:22 pm)[038] 자동결선 FEED MOTOR ALARM !!
[A](2021-11-29  08:40:33 pm)[038] 자동결선 FEED MOTOR ALARM !!
[I](2021-11-29  08:51:37 pm)작업중 정지 [d:461][t:11:35:46]
[I](2021-11-29  08:51:37 pm)    [LNo:0003] 001819/001823
[I](2021-11-29  08:51:37 pm)작업중 M코드정지 [d:461][t:11:35:46]
[I](2021-11-29  08:56:20 pm)작업중 정지 [d:461][t:11:40:29]
[I](2021-11-29  08:56:20 pm)    [LNo:0003] 001289/001823
[I](2021-11-29  08:58:46 pm)작업중 정지 [d:462][t:11:42:54]
[I](2021-11-29  08:58:46 pm)    [LNo:0003] 001305/001823
[I](2021-11-29  08:58:46 pm)작업중 Single Block Stop [d:462][t:11:42:55]
[I](2021-11-29  08:59:44 pm)작업중 정지 [d:462][t:11:43:52]
[I](2021-11-29  08:59:44 pm)    [LNo:0003] 001417/001823
[I](2021-11-29  09:04:15 pm)작업중 정지 [d:463][t:11:48:24]
[I](2021-11-29  09:04:15 pm)    [LNo:0003] 001439/001823
[I](2021-11-29  09:29:52 pm)Reset
[I](2021-11-29  09:29:52 pm)Reset
[I](2021-11-29  09:29:57 pm)Reset
[I](2021-11-29  09:29:58 pm)Reset
[A](2021-11-29  09:34:40 pm)[036] 자동결선 절단 공정 실패!!
[I](2021-11-29  09:36:37 pm)Reset
[I](2021-11-29  09:36:38 pm)Reset
[I](2021-11-29  09:41:40 pm)Reset
[I](2021-11-29  09:41:41 pm)Reset
[I](2021-11-29  09:47:07 pm)작업 시작 [Start d:673]
[I](2021-11-29  09:47:07 pm)Nc File: [No.0004-643.NC]
[I](2021-11-29  09:47:07 pm)  * Start Machine Position
[I](2021-11-29  09:47:07 pm)    X:    195.1221
[I](2021-11-29  09:47:07 pm)    Y:   -207.1918
[I](2021-11-29  09:47:07 pm)    U:      0.0000
[I](2021-11-29  09:47:07 pm)    V:      0.0000
[I](2021-11-29  09:47:07 pm)    Z:     26.3295
[I](2021-11-29  09:47:07 pm)  * Angle
[I](2021-11-29  09:47:07 pm)    Ar:     -0.2065,Kr:      0.0000
[I](2021-11-29  09:47:07 pm)    Taper_Ar:      0.0000
[I](2021-11-29  09:47:36 pm)작업중 정지 [d:0][t:00:00:29]
[I](2021-11-29  09:47:36 pm)    [LNo:0004] 000010/000196
[I](2021-11-29  09:47:36 pm)작업중 M코드정지 [d:0][t:00:00:29]
[I](2021-11-29  09:51:03 pm)작업중 정지 [d:0][t:00:03:55]
[I](2021-11-29  09:51:03 pm)    [LNo:0004] 000026/000196
[I](2021-11-29  09:51:03 pm)작업중 M코드정지 [d:0][t:00:03:55]
[I](2021-11-29  09:51:06 pm)작업중 정지 [d:0][t:00:03:59]
[I](2021-11-29  09:51:06 pm)    [LNo:0004] 000029/000196
[I](2021-11-29  09:51:06 pm)작업중 M코드정지 [d:0][t:00:03:59]
[I](2021-11-29  09:51:09 pm)작업중 정지 [d:0][t:00:04:02]
[I](2021-11-29  09:51:09 pm)    [LNo:0004] 000031/000196
[I](2021-11-29  09:51:09 pm)작업중 M코드정지 [d:0][t:00:04:02]
[I](2021-11-29  09:54:06 pm)작업중 정지 [d:2][t:00:06:59]
[I](2021-11-29  09:54:06 pm)    [LNo:0004] 000050/000196
[I](2021-11-29  09:54:06 pm)작업중 30sec 접촉 정지 [d:2][t:00:06:59]
[I](2021-11-29  09:54:59 pm)작업 재시작
[I](2021-11-29  10:15:05 pm)작업중 정지 [d:22][t:00:27:57]
[I](2021-11-29  10:15:05 pm)    [LNo:0004] 000059/000196
[I](2021-11-29  10:15:05 pm)작업중 M코드정지 [d:22][t:00:27:57]
[I](2021-11-29  10:15:34 pm)작업중 정지 [d:22][t:00:28:27]
[I](2021-11-29  10:15:34 pm)    [LNo:0004] 000062/000196
[I](2021-11-29  10:16:22 pm)작업 재시작
[I](2021-11-29  10:16:23 pm)작업중 정지 [d:22][t:00:29:16]
[I](2021-11-29  10:16:23 pm)    [LNo:0004] 000063/000196
[I](2021-11-29  10:16:23 pm)작업중 M코드정지 [d:22][t:00:29:16]
[I](2021-11-29  10:22:31 pm)작업중 정지 [d:28][t:00:35:24]
[I](2021-11-29  10:22:31 pm)    [LNo:0004] 000088/000196
[I](2021-11-29  10:22:31 pm)작업중 M코드정지 [d:28][t:00:35:24]
[I](2021-11-29  10:36:48 pm)작업중 정지 [d:40][t:00:49:41]
[I](2021-11-29  10:36:48 pm)    [LNo:0004] 000118/000196
[I](2021-11-29  10:36:48 pm)작업중 M코드정지 [d:40][t:00:49:41]
[I](2021-11-29  10:37:47 pm)작업중 정지 [d:40][t:00:50:40]
[I](2021-11-29  10:37:47 pm)    [LNo:0004] 000119/000196
[I](2021-11-29  10:38:16 pm)작업 재시작
[I](2021-11-29  10:38:25 pm)작업중 정지 [d:40][t:00:51:17]
[I](2021-11-29  10:38:25 pm)    [LNo:0004] 000120/000196
[I](2021-11-29  10:38:25 pm)작업중 M코드정지 [d:40][t:00:51:17]
[I](2021-11-29  10:48:54 pm)작업중 정지 [d:50][t:01:01:46]
[I](2021-11-29  10:48:54 pm)    [LNo:0004] 000166/000196
[I](2021-11-29  10:48:54 pm)작업중 M코드정지 [d:50][t:01:01:47]
[I](2021-11-29  10:50:34 pm)작업중 정지 [d:50][t:01:03:27]
[I](2021-11-29  10:50:34 pm)    [LNo:0004] 000168/000196
[I](2021-11-29  10:51:03 pm)작업 재시작
[I](2021-11-29  10:51:10 pm)작업중 정지 [d:50][t:01:04:03]
[I](2021-11-29  10:51:10 pm)    [LNo:0004] 000170/000196
[I](2021-11-29  10:51:10 pm)작업중 M코드정지 [d:50][t:01:04:03]
[I](2021-11-29  10:53:18 pm)작업중 정지 [d:52][t:01:06:10]
[I](2021-11-29  10:53:18 pm)    [LNo:0004] 000188/000196
[I](2021-11-29  10:53:18 pm)작업중 M코드정지 [d:52][t:01:06:10]
[I](2021-11-29  11:02:57 pm)Reset
[I](2021-11-29  11:02:57 pm)Reset
[I](2021-11-29  11:03:09 pm)Reset
[I](2021-11-29  11:09:01 pm)Reset
[I](2021-11-29  11:10:18 pm)작업 시작 [Start d:725]
[I](2021-11-29  11:10:18 pm)Nc File: [No.0005-648.NC]
[I](2021-11-29  11:10:18 pm)  * Start Machine Position
[I](2021-11-29  11:10:18 pm)    X:    140.7962
[I](2021-11-29  11:10:18 pm)    Y:   -353.5096
[I](2021-11-29  11:10:18 pm)    U:      0.0000
[I](2021-11-29  11:10:18 pm)    V:      0.0000
[I](2021-11-29  11:10:18 pm)    Z:     27.6989
[I](2021-11-29  11:10:18 pm)  * Angle
[I](2021-11-29  11:10:18 pm)    Ar:      0.2967,Kr:      0.0000
[I](2021-11-29  11:10:18 pm)    Taper_Ar:      0.0000
[I](2021-11-29  11:16:30 pm)작업중 정지 [d:6][t:00:06:11]
[I](2021-11-29  11:16:30 pm)    [LNo:0005] 000020/000063
[I](2021-11-29  11:16:30 pm)작업중 M코드정지 [d:6][t:00:06:11]
[I](2021-11-29  11:16:47 pm)작업중 정지 [d:6][t:00:06:29]
[I](2021-11-29  11:16:47 pm)    [LNo:0005] 000021/000063
[I](2021-11-29  11:17:25 pm)작업 재시작
[I](2021-11-29  11:17:32 pm)작업중 정지 [d:6][t:00:07:14]
[I](2021-11-29  11:17:32 pm)    [LNo:0005] 000023/000063
[I](2021-11-29  11:17:32 pm)작업중 M코드정지 [d:6][t:00:07:14]
[I](2021-11-29  11:45:08 pm)작업중 정지 [d:32][t:00:34:50]
[I](2021-11-29  11:45:08 pm)    [LNo:0005] 000051/000063
[I](2021-11-29  11:45:08 pm)작업중 M코드정지 [d:32][t:00:34:50]
[I](2021-11-29  11:45:29 pm)작업중 정지 [d:32][t:00:35:10]
[I](2021-11-29  11:45:29 pm)    [LNo:0005] 000052/000063
[I](2021-11-29  11:45:29 pm)Wire Contact Auto Stop(M52)
[I](2021-11-29  11:50:51 pm)Reset
[I](2021-11-29  11:50:59 pm)Reset
[I](2021-11-29  11:54:17 pm)Reset
[I](2021-11-29  11:56:47 pm)Reset
[I](2021-11-29  11:57:17 pm)Reset
[I](2021-11-29  11:57:17 pm)Reset
[I](2021-11-29  11:57:18 pm)Reset
[I](2021-11-29  11:58:38 pm)Reset
[I](2021-11-29  11:59:04 pm)Reset
