[I](2021-07-08  01:29:07 am)작업중 정지 [d:320][t:05:52:10]
[I](2021-07-08  01:29:07 am)    [LNo:0002] 000143/000250
[I](2021-07-08  01:29:07 am)작업중 30sec 접촉 정지 [d:320][t:05:52:10]
[I](2021-07-08  08:10:29 am)작업 재시작
[I](2021-07-08  08:10:41 am)작업중 정지 [d:320][t:12:33:44]
[I](2021-07-08  08:10:41 am)    [LNo:0002] 000143/000250
[I](2021-07-08  08:10:41 am)작업중 30sec 접촉 정지 [d:320][t:12:33:44]
[I](2021-07-08  08:10:51 am)작업 재시작
[I](2021-07-08  08:11:01 am)작업중 정지 [d:320][t:12:34:04]
[I](2021-07-08  08:11:01 am)    [LNo:0002] 000143/000250
[A](2021-07-08  08:11:01 am)[008] 작업중 단선(AWF Feed Motor Stop )
[I](2021-07-08  08:11:01 am)작업중 Wire 단선 [d:320][t:12:34:04]
[I](2021-07-08  08:13:48 am)작업 재시작
[I](2021-07-08  08:23:09 am)작업중 정지 [d:329][t:12:46:12]
[I](2021-07-08  08:23:09 am)    [LNo:0002] 000143/000250
[A](2021-07-08  08:23:09 am)[008] 작업중 단선(AWF Feed Motor Stop )
[I](2021-07-08  08:23:09 am)작업중 Wire 단선 [d:329][t:12:46:12]
[I](2021-07-08  08:23:21 am)작업 재시작
[I](2021-07-08  08:24:13 am)작업중 정지 [d:330][t:12:47:16]
[I](2021-07-08  08:24:13 am)    [LNo:0002] 000143/000250
[A](2021-07-08  08:24:13 am)[008] 작업중 단선(AWF Feed Motor Stop )
[I](2021-07-08  08:24:13 am)작업중 Wire 단선 [d:330][t:12:47:16]
[I](2021-07-08  08:24:24 am)작업 재시작
[I](2021-07-08  08:38:27 am)작업중 정지 [d:344][t:13:01:30]
[I](2021-07-08  08:38:27 am)    [LNo:0002] 000144/000250
[I](2021-07-08  08:38:27 am)작업중 30sec 접촉 정지 [d:344][t:13:01:30]
[I](2021-07-08  08:39:26 am)작업 재시작
[I](2021-07-08  08:39:57 am)작업중 정지 [d:344][t:13:03:01]
[I](2021-07-08  08:39:57 am)    [LNo:0002] 000144/000250
[I](2021-07-08  08:40:03 am)작업 재시작
[I](2021-07-08  08:40:20 am)작업중 정지 [d:344][t:13:03:23]
[I](2021-07-08  08:40:20 am)    [LNo:0002] 000144/000250
[I](2021-07-08  08:40:20 am)작업중 30sec 접촉 정지 [d:344][t:13:03:23]
[I](2021-07-08  08:40:25 am)작업 재시작
[I](2021-07-08  08:40:50 am)작업중 정지 [d:344][t:13:03:53]
[I](2021-07-08  08:40:50 am)    [LNo:0002] 000144/000250
[I](2021-07-08  08:40:55 am)작업 재시작
[I](2021-07-08  08:41:19 am)작업중 정지 [d:344][t:13:04:22]
[I](2021-07-08  08:41:19 am)    [LNo:0002] 000144/000250
[I](2021-07-08  08:41:19 am)작업중 30sec 접촉 정지 [d:344][t:13:04:22]
[I](2021-07-08  08:41:28 am)작업 재시작
[I](2021-07-08  08:41:42 am)작업중 정지 [d:344][t:13:04:45]
[I](2021-07-08  08:41:42 am)    [LNo:0002] 000144/000250
[I](2021-07-08  08:41:46 am)작업 재시작
[I](2021-07-08  08:41:48 am)작업중 정지 [d:344][t:13:04:51]
[I](2021-07-08  08:41:48 am)    [LNo:0002] 000144/000250
[I](2021-07-08  08:41:53 am)작업 재시작
[I](2021-07-08  08:42:08 am)작업중 정지 [d:344][t:13:05:11]
[I](2021-07-08  08:42:08 am)    [LNo:0002] 000144/000250
[I](2021-07-08  08:42:11 am)작업 재시작
[I](2021-07-08  08:42:15 am)작업중 정지 [d:344][t:13:05:18]
[I](2021-07-08  08:42:15 am)    [LNo:0002] 000144/000250
[I](2021-07-08  08:42:18 am)작업 재시작
[I](2021-07-08  08:42:23 am)작업중 정지 [d:344][t:13:05:26]
[I](2021-07-08  08:42:23 am)    [LNo:0002] 000144/000250
[I](2021-07-08  08:42:23 am)작업중 30sec 접촉 정지 [d:344][t:13:05:27]
[I](2021-07-08  08:42:28 am)작업 재시작
[I](2021-07-08  08:42:30 am)작업중 정지 [d:344][t:13:05:33]
[I](2021-07-08  08:42:30 am)    [LNo:0002] 000144/000250
[I](2021-07-08  08:42:36 am)작업 재시작
[I](2021-07-08  08:42:38 am)작업중 정지 [d:344][t:13:05:41]
[I](2021-07-08  08:42:38 am)    [LNo:0002] 000144/000250
[I](2021-07-08  08:42:41 am)작업 재시작
[I](2021-07-08  08:42:43 am)작업중 정지 [d:344][t:13:05:46]
[I](2021-07-08  08:42:43 am)    [LNo:0002] 000144/000250
[I](2021-07-08  08:43:12 am)작업 재시작
[I](2021-07-08  08:43:29 am)작업중 정지 [d:344][t:13:06:32]
[I](2021-07-08  08:43:29 am)    [LNo:0002] 000145/000250
[I](2021-07-08  08:43:29 am)작업중 M코드정지 [d:344][t:13:06:32]
[I](2021-07-08  08:43:30 am)작업중 정지 [d:344][t:13:06:33]
[I](2021-07-08  08:43:30 am)    [LNo:0002] 000147/000250
[I](2021-07-08  08:43:30 am)작업중 M코드정지 [d:344][t:13:06:33]
[I](2021-07-08  08:43:31 am)작업중 정지 [d:344][t:13:06:34]
[I](2021-07-08  08:43:31 am)    [LNo:0002] 000153/000250
[I](2021-07-08  08:46:35 am)작업중 정지 [d:345][t:13:09:38]
[I](2021-07-08  08:46:35 am)    [LNo:0002] 000161/000250
[A](2021-07-08  08:46:35 am)[008] 작업중 단선(AWF Feed Motor Stop )
[I](2021-07-08  08:46:35 am)작업중 Wire 단선 [d:345][t:13:09:38]
[I](2021-07-08  08:46:48 am)작업 재시작
[I](2021-07-08  08:47:17 am)작업중 정지 [d:345][t:13:10:21]
[I](2021-07-08  08:47:17 am)    [LNo:0002] 000161/000250
[A](2021-07-08  08:47:17 am)[008] 작업중 단선(AWF Feed Motor Stop )
[I](2021-07-08  08:47:18 am)작업중 Wire 단선 [d:345][t:13:10:21]
[I](2021-07-08  08:47:29 am)작업 재시작
[I](2021-07-08  09:10:26 am)작업중 정지 [d:368][t:13:33:29]
[I](2021-07-08  09:10:26 am)    [LNo:0002] 000161/000250
[A](2021-07-08  09:10:26 am)[008] 작업중 단선(AWF Feed Motor Stop )
[I](2021-07-08  09:10:26 am)작업중 Wire 단선 [d:368][t:13:33:30]
[I](2021-07-08  09:10:38 am)작업 재시작
[I](2021-07-08  09:10:43 am)작업중 정지 [d:368][t:13:33:46]
[I](2021-07-08  09:10:43 am)    [LNo:0002] 000161/000250
[I](2021-07-08  09:10:43 am)작업중 30sec 접촉 정지 [d:368][t:13:33:46]
[A](2021-07-08  09:22:59 am)[084] Work Tank Fluid Sensor Abnormal
[A](2021-07-08  09:23:00 am)[084] Work Tank Fluid Sensor Abnormal
[A](2021-07-08  09:23:00 am)[084] Work Tank Fluid Sensor Abnormal
[A](2021-07-08  09:23:00 am)[084] Work Tank Fluid Sensor Abnormal
[A](2021-07-08  09:23:03 am)[084] Work Tank Fluid Sensor Abnormal
[A](2021-07-08  09:23:03 am)[084] Work Tank Fluid Sensor Abnormal
[A](2021-07-08  09:23:03 am)[084] Work Tank Fluid Sensor Abnormal
[A](2021-07-08  09:23:04 am)[084] Work Tank Fluid Sensor Abnormal
[A](2021-07-08  09:23:04 am)[084] Work Tank Fluid Sensor Abnormal
[A](2021-07-08  09:23:04 am)[084] Work Tank Fluid Sensor Abnormal
[A](2021-07-08  09:23:04 am)[084] Work Tank Fluid Sensor Abnormal
[A](2021-07-08  09:23:04 am)[084] Work Tank Fluid Sensor Abnormal
[A](2021-07-08  09:23:04 am)[084] Work Tank Fluid Sensor Abnormal
[A](2021-07-08  09:23:05 am)[084] Work Tank Fluid Sensor Abnormal
[A](2021-07-08  09:23:05 am)[084] Work Tank Fluid Sensor Abnormal
[A](2021-07-08  09:23:33 am)[084] Work Tank Fluid Sensor Abnormal
[A](2021-07-08  09:23:33 am)[084] Work Tank Fluid Sensor Abnormal
[I](2021-07-08  09:25:52 am)작업 재시작
[I](2021-07-08  09:26:51 am)작업중 정지 [d:369][t:13:49:54]
[I](2021-07-08  09:26:51 am)    [LNo:0002] 000175/000250
[I](2021-07-08  09:27:07 am)작업중 정지 [d:369][t:13:50:10]
[I](2021-07-08  09:27:07 am)    [LNo:0002] 000183/000250
[I](2021-07-08  09:27:07 am)작업중 M코드정지 [d:369][t:13:50:10]
[I](2021-07-08  09:27:15 am)작업중 정지 [d:369][t:13:50:18]
[I](2021-07-08  09:27:15 am)    [LNo:0002] 000187/000250
[I](2021-07-08  09:27:15 am)작업중 M코드정지 [d:369][t:13:50:18]
[I](2021-07-08  09:31:53 am)작업중 정지 [d:374][t:13:54:56]
[I](2021-07-08  09:31:53 am)    [LNo:0002] 000200/000250
[I](2021-07-08  09:31:53 am)작업중 30sec 접촉 정지 [d:374][t:13:54:56]
[I](2021-07-08  09:33:59 am)작업 재시작
[I](2021-07-08  09:34:26 am)작업중 정지 [d:375][t:13:57:29]
[I](2021-07-08  09:34:26 am)    [LNo:0002] 000200/000250
[I](2021-07-08  09:34:26 am)작업중 30sec 접촉 정지 [d:375][t:13:57:29]
[I](2021-07-08  09:34:40 am)작업 재시작
[I](2021-07-08  09:34:49 am)작업중 정지 [d:375][t:13:57:53]
[I](2021-07-08  09:34:49 am)    [LNo:0002] 000200/000250
[I](2021-07-08  09:34:49 am)작업중 30sec 접촉 정지 [d:375][t:13:57:53]
[A](2021-07-08  09:35:04 am)[001] 와이어 미동작
[I](2021-07-08  09:35:06 am)작업 재시작
[I](2021-07-08  09:35:16 am)작업중 정지 [d:375][t:13:58:19]
[I](2021-07-08  09:35:16 am)    [LNo:0002] 000200/000250
[I](2021-07-08  09:35:16 am)작업중 30sec 접촉 정지 [d:375][t:13:58:19]
[I](2021-07-08  09:36:01 am)작업 재시작
[I](2021-07-08  09:36:11 am)작업중 정지 [d:375][t:13:59:14]
[I](2021-07-08  09:36:11 am)    [LNo:0002] 000200/000250
[I](2021-07-08  09:36:11 am)작업중 30sec 접촉 정지 [d:375][t:13:59:14]
[I](2021-07-08  09:36:15 am)작업 재시작
[I](2021-07-08  09:36:25 am)작업중 정지 [d:376][t:13:59:28]
[I](2021-07-08  09:36:25 am)    [LNo:0002] 000200/000250
[I](2021-07-08  09:36:25 am)작업중 30sec 접촉 정지 [d:376][t:13:59:28]
[I](2021-07-08  09:36:27 am)작업 재시작
[I](2021-07-08  09:36:44 am)작업중 정지 [d:376][t:13:59:47]
[I](2021-07-08  09:36:44 am)    [LNo:0002] 000200/000250
[I](2021-07-08  09:36:44 am)작업중 30sec 접촉 정지 [d:376][t:13:59:47]
[I](2021-07-08  09:36:48 am)작업 재시작
[I](2021-07-08  09:37:12 am)작업중 정지 [d:376][t:14:00:15]
[I](2021-07-08  09:37:12 am)    [LNo:0002] 000200/000250
[I](2021-07-08  09:37:12 am)작업중 30sec 접촉 정지 [d:376][t:14:00:15]
[I](2021-07-08  09:37:15 am)작업 재시작
[I](2021-07-08  12:28:53 pm)작업중 정지 [d:548][t:16:51:56]
[I](2021-07-08  12:28:53 pm)    [LNo:0002] 000203/000250
[I](2021-07-08  12:28:53 pm)작업중 30sec 접촉 정지 [d:548][t:16:51:56]
[I](2021-07-08  12:34:07 pm)작업 재시작
[I](2021-07-08  12:36:53 pm)작업중 정지 [d:551][t:16:59:56]
[I](2021-07-08  12:36:53 pm)    [LNo:0002] 000203/000250
[I](2021-07-08  12:36:53 pm)작업중 30sec 접촉 정지 [d:551][t:16:59:56]
[I](2021-07-08  12:38:32 pm)작업 재시작
[I](2021-07-08  12:38:37 pm)작업중 정지 [d:551][t:17:01:40]
[I](2021-07-08  12:38:37 pm)    [LNo:0002] 000203/000250
[I](2021-07-08  12:38:37 pm)작업중 30sec 접촉 정지 [d:551][t:17:01:40]
[I](2021-07-08  12:40:00 pm)Reset
[I](2021-07-08  12:40:00 pm)Reset
[I](2021-07-08  12:40:27 pm)Reset
[I](2021-07-08  12:40:36 pm)작업 시작 [Start d:647]
[I](2021-07-08  12:40:36 pm)Nc File: [No.0002-398.NC]
[I](2021-07-08  12:40:36 pm)  * Start Machine Position
[I](2021-07-08  12:40:36 pm)    X:    145.5820
[I](2021-07-08  12:40:36 pm)    Y:   -370.2832
[I](2021-07-08  12:40:36 pm)    U:      0.0799
[I](2021-07-08  12:40:36 pm)    V:     -0.0299
[I](2021-07-08  12:40:36 pm)    Z:    160.9145
[I](2021-07-08  12:40:36 pm)  * Angle
[I](2021-07-08  12:40:36 pm)    Ar:     -0.0419,Kr:      0.0000
[I](2021-07-08  12:40:36 pm)    Taper_Ar:      0.0000
[I](2021-07-08  12:40:45 pm)작업중 정지 [d:0][t:00:00:08]
[I](2021-07-08  12:40:45 pm)    [LNo:0002] 000069/000250
[I](2021-07-08  12:40:45 pm)작업중 M코드정지 [d:0][t:00:00:08]
[I](2021-07-08  12:41:14 pm)작업중 정지 [d:0][t:00:00:37]
[I](2021-07-08  12:41:14 pm)    [LNo:0002] 000086/000250
[I](2021-07-08  12:41:14 pm)작업중 M코드정지 [d:0][t:00:00:37]
[I](2021-07-08  12:41:15 pm)작업중 정지 [d:0][t:00:00:39]
[I](2021-07-08  12:41:15 pm)    [LNo:0002] 000088/000250
[I](2021-07-08  12:41:15 pm)작업중 M코드정지 [d:0][t:00:00:39]
[I](2021-07-08  12:41:17 pm)작업중 정지 [d:0][t:00:00:40]
[I](2021-07-08  12:41:17 pm)    [LNo:0002] 000096/000250
[I](2021-07-08  12:48:11 pm)작업중 정지 [d:6][t:00:07:34]
[I](2021-07-08  12:48:11 pm)    [LNo:0002] 000102/000250
[I](2021-07-08  12:48:38 pm)작업 재시작
[I](2021-07-08  12:48:44 pm)작업중 정지 [d:6][t:00:08:07]
[I](2021-07-08  12:48:44 pm)    [LNo:0002] 000102/000250
[I](2021-07-08  12:48:55 pm)Reset
[I](2021-07-08  12:49:10 pm)작업 시작 [Start d:653]
[I](2021-07-08  12:49:10 pm)Nc File: [No.0002-398.NC]
[I](2021-07-08  12:49:10 pm)  * Start Machine Position
[I](2021-07-08  12:49:10 pm)    X:     81.2162
[I](2021-07-08  12:49:10 pm)    Y:   -370.0292
[I](2021-07-08  12:49:10 pm)    U:      0.0799
[I](2021-07-08  12:49:10 pm)    V:     -0.0299
[I](2021-07-08  12:49:10 pm)    Z:    160.9145
[I](2021-07-08  12:49:10 pm)  * Angle
[I](2021-07-08  12:49:10 pm)    Ar:     -0.0419,Kr:      0.0000
[I](2021-07-08  12:49:10 pm)    Taper_Ar:      0.0000
[I](2021-07-08  01:19:20 pm)작업중 정지 [d:30][t:00:30:10]
[I](2021-07-08  01:19:20 pm)    [LNo:0002] 000102/000250
[A](2021-07-08  01:19:20 pm)[008] 작업중 단선(AWF Feed Motor Stop )
[I](2021-07-08  01:19:20 pm)작업중 Wire 단선 [d:30][t:00:30:10]
[I](2021-07-08  01:19:32 pm)작업 재시작
[I](2021-07-08  01:19:36 pm)작업중 정지 [d:30][t:00:30:26]
[I](2021-07-08  01:19:36 pm)    [LNo:0002] 000102/000250
[A](2021-07-08  01:20:31 pm)[084] Work Tank Fluid Sensor Abnormal
[A](2021-07-08  01:20:39 pm)[084] Work Tank Fluid Sensor Abnormal
[A](2021-07-08  01:20:39 pm)[084] Work Tank Fluid Sensor Abnormal
[A](2021-07-08  01:20:39 pm)[084] Work Tank Fluid Sensor Abnormal
[A](2021-07-08  01:20:39 pm)[084] Work Tank Fluid Sensor Abnormal
[A](2021-07-08  01:20:40 pm)[084] Work Tank Fluid Sensor Abnormal
[A](2021-07-08  01:20:40 pm)[084] Work Tank Fluid Sensor Abnormal
[A](2021-07-08  01:20:40 pm)[084] Work Tank Fluid Sensor Abnormal
[A](2021-07-08  01:20:40 pm)[084] Work Tank Fluid Sensor Abnormal
[A](2021-07-08  01:20:40 pm)[084] Work Tank Fluid Sensor Abnormal
[A](2021-07-08  01:20:41 pm)[084] Work Tank Fluid Sensor Abnormal
[A](2021-07-08  01:20:41 pm)[084] Work Tank Fluid Sensor Abnormal
[A](2021-07-08  01:20:41 pm)[084] Work Tank Fluid Sensor Abnormal
[A](2021-07-08  01:20:41 pm)[084] Work Tank Fluid Sensor Abnormal
[A](2021-07-08  01:20:42 pm)[084] Work Tank Fluid Sensor Abnormal
[A](2021-07-08  01:20:42 pm)[084] Work Tank Fluid Sensor Abnormal
[A](2021-07-08  01:20:42 pm)[084] Work Tank Fluid Sensor Abnormal
[A](2021-07-08  01:20:42 pm)[084] Work Tank Fluid Sensor Abnormal
[A](2021-07-08  01:20:43 pm)[084] Work Tank Fluid Sensor Abnormal
[A](2021-07-08  01:20:43 pm)[084] Work Tank Fluid Sensor Abnormal
[A](2021-07-08  01:20:43 pm)[084] Work Tank Fluid Sensor Abnormal
[A](2021-07-08  01:20:43 pm)[084] Work Tank Fluid Sensor Abnormal
[A](2021-07-08  01:20:44 pm)[084] Work Tank Fluid Sensor Abnormal
[A](2021-07-08  01:20:44 pm)[084] Work Tank Fluid Sensor Abnormal
[A](2021-07-08  01:20:44 pm)[084] Work Tank Fluid Sensor Abnormal
[A](2021-07-08  01:20:45 pm)[084] Work Tank Fluid Sensor Abnormal
[A](2021-07-08  01:20:45 pm)[084] Work Tank Fluid Sensor Abnormal
[A](2021-07-08  01:20:45 pm)[084] Work Tank Fluid Sensor Abnormal
[A](2021-07-08  01:20:45 pm)[084] Work Tank Fluid Sensor Abnormal
[A](2021-07-08  01:20:46 pm)[084] Work Tank Fluid Sensor Abnormal
[A](2021-07-08  01:20:46 pm)[084] Work Tank Fluid Sensor Abnormal
[A](2021-07-08  01:20:46 pm)[084] Work Tank Fluid Sensor Abnormal
[A](2021-07-08  01:20:46 pm)[084] Work Tank Fluid Sensor Abnormal
[A](2021-07-08  01:20:47 pm)[084] Work Tank Fluid Sensor Abnormal
[A](2021-07-08  01:20:47 pm)[084] Work Tank Fluid Sensor Abnormal
[A](2021-07-08  01:20:47 pm)[084] Work Tank Fluid Sensor Abnormal
[A](2021-07-08  01:20:47 pm)[084] Work Tank Fluid Sensor Abnormal
[A](2021-07-08  01:20:47 pm)[084] Work Tank Fluid Sensor Abnormal
[A](2021-07-08  01:20:48 pm)[084] Work Tank Fluid Sensor Abnormal
[I](2021-07-08  01:22:20 pm)Reset
[I](2021-07-08  01:22:41 pm)작업 시작 [Start d:683]
[I](2021-07-08  01:22:41 pm)Nc File: [No.0002-398.NC]
[I](2021-07-08  01:22:41 pm)  * Start Machine Position
[I](2021-07-08  01:22:41 pm)    X:    145.5820
[I](2021-07-08  01:22:41 pm)    Y:   -370.2832
[I](2021-07-08  01:22:41 pm)    U:      0.0799
[I](2021-07-08  01:22:41 pm)    V:     -0.0299
[I](2021-07-08  01:22:41 pm)    Z:    160.9145
[I](2021-07-08  01:22:41 pm)  * Angle
[I](2021-07-08  01:22:41 pm)    Ar:     -0.0419,Kr:      0.0000
[I](2021-07-08  01:22:41 pm)    Taper_Ar:      0.0000
[I](2021-07-08  01:22:47 pm)작업중 정지 [d:0][t:00:00:05]
[I](2021-07-08  01:22:47 pm)    [LNo:0002] 000010/000250
[I](2021-07-08  01:22:47 pm)작업중 M코드정지 [d:0][t:00:00:05]
[I](2021-07-08  01:22:50 pm)작업중 정지 [d:0][t:00:00:09]
[I](2021-07-08  01:22:50 pm)    [LNo:0002] 000010/000250
[I](2021-07-08  01:22:50 pm)작업중 M코드정지 [d:0][t:00:00:09]
[I](2021-07-08  01:27:34 pm)작업중 정지 [d:5][t:00:04:53]
[I](2021-07-08  01:27:34 pm)    [LNo:0002] 000027/000250
[I](2021-07-08  01:27:34 pm)작업중 M코드정지 [d:5][t:00:04:53]
[I](2021-07-08  01:28:26 pm)작업중 정지 [d:6][t:00:05:45]
[I](2021-07-08  01:28:26 pm)    [LNo:0002] 000029/000250
[I](2021-07-08  01:28:27 pm)작업중 M코드정지 [d:6][t:00:05:45]
[I](2021-07-08  02:17:10 pm)작업중 정지 [d:54][t:00:54:29]
[I](2021-07-08  02:17:10 pm)    [LNo:0002] 000065/000250
[I](2021-07-08  02:17:10 pm)작업중 M코드정지 [d:54][t:00:54:29]
[I](2021-07-08  02:21:26 pm)Reset
[I](2021-07-08  02:21:28 pm)작업 시작 [Start d:737]
[I](2021-07-08  02:21:28 pm)Nc File: [No.0002-398.NC]
[I](2021-07-08  02:21:28 pm)  * Start Machine Position
[I](2021-07-08  02:21:28 pm)    X:    145.5820
[I](2021-07-08  02:21:28 pm)    Y:   -370.2832
[I](2021-07-08  02:21:28 pm)    U:      0.0799
[I](2021-07-08  02:21:28 pm)    V:     -0.0299
[I](2021-07-08  02:21:28 pm)    Z:    160.9145
[I](2021-07-08  02:21:28 pm)  * Angle
[I](2021-07-08  02:21:28 pm)    Ar:     -0.0419,Kr:      0.0000
[I](2021-07-08  02:21:28 pm)    Taper_Ar:      0.0000
[I](2021-07-08  02:21:34 pm)작업중 정지 [d:0][t:00:00:05]
[I](2021-07-08  02:21:34 pm)    [LNo:0002] 000010/000250
[I](2021-07-08  02:21:34 pm)작업중 M코드정지 [d:0][t:00:00:05]
[I](2021-07-08  02:21:40 pm)작업중 정지 [d:0][t:00:00:11]
[I](2021-07-08  02:21:40 pm)    [LNo:0002] 000013/000250
[I](2021-07-08  02:21:40 pm)작업중 M코드정지 [d:0][t:00:00:11]
[I](2021-07-08  02:22:02 pm)작업중 정지 [d:0][t:00:00:33]
[I](2021-07-08  02:22:02 pm)    [LNo:0002] 000027/000250
[I](2021-07-08  02:22:02 pm)작업중 M코드정지 [d:0][t:00:00:33]
[I](2021-07-08  02:22:06 pm)작업중 정지 [d:0][t:00:00:37]
[I](2021-07-08  02:22:06 pm)    [LNo:0002] 000029/000250
[I](2021-07-08  02:22:06 pm)작업중 M코드정지 [d:0][t:00:00:37]
[I](2021-07-08  02:28:20 pm)작업중 정지 [d:6][t:00:06:51]
[I](2021-07-08  02:28:20 pm)    [LNo:0002] 000065/000250
[I](2021-07-08  02:28:20 pm)작업중 M코드정지 [d:6][t:00:06:51]
[I](2021-07-08  02:29:33 pm)Reset
[I](2021-07-08  02:30:04 pm)작업 시작 [Start d:743]
[I](2021-07-08  02:30:04 pm)Nc File: [No.0002-398.NC]
[I](2021-07-08  02:30:04 pm)  * Start Machine Position
[I](2021-07-08  02:30:04 pm)    X:    115.7042
[I](2021-07-08  02:30:04 pm)    Y:   -370.0544
[I](2021-07-08  02:30:04 pm)    U:      0.0799
[I](2021-07-08  02:30:04 pm)    V:     -0.0299
[I](2021-07-08  02:30:04 pm)    Z:    160.9145
[I](2021-07-08  02:30:04 pm)  * Angle
[I](2021-07-08  02:30:04 pm)    Ar:     -0.0419,Kr:      0.0000
[I](2021-07-08  02:30:04 pm)    Taper_Ar:      0.0000
[I](2021-07-08  02:38:26 pm)작업중 정지 [d:9][t:00:08:22]
[I](2021-07-08  02:38:26 pm)    [LNo:0002] 000066/000250
[I](2021-07-08  02:38:26 pm)작업중 M코드정지 [d:9][t:00:08:22]
[I](2021-07-08  02:39:36 pm)Reset
[I](2021-07-08  02:39:45 pm)작업 시작 [Start d:752]
[I](2021-07-08  02:39:45 pm)Nc File: [No.0002-398.NC]
[I](2021-07-08  02:39:45 pm)  * Start Machine Position
[I](2021-07-08  02:39:45 pm)    X:    115.7042
[I](2021-07-08  02:39:45 pm)    Y:   -370.0544
[I](2021-07-08  02:39:45 pm)    U:      0.0799
[I](2021-07-08  02:39:45 pm)    V:     -0.0299
[I](2021-07-08  02:39:45 pm)    Z:    160.9145
[I](2021-07-08  02:39:45 pm)  * Angle
[I](2021-07-08  02:39:45 pm)    Ar:     -0.0419,Kr:      0.0000
[I](2021-07-08  02:39:45 pm)    Taper_Ar:      0.0000
[I](2021-07-08  02:47:19 pm)작업중 정지 [d:7][t:00:07:33]
[I](2021-07-08  02:47:19 pm)    [LNo:0002] 000066/000250
[I](2021-07-08  02:47:19 pm)작업중 M코드정지 [d:7][t:00:07:34]
[I](2021-07-08  02:48:14 pm)작업중 정지 [d:7][t:00:08:29]
[I](2021-07-08  02:48:14 pm)    [LNo:0002] 000069/000250
[I](2021-07-08  02:48:14 pm)작업중 M코드정지 [d:7][t:00:08:29]
[I](2021-07-08  02:48:51 pm)작업중 정지 [d:8][t:00:09:06]
[I](2021-07-08  02:48:51 pm)    [LNo:0002] 000086/000250
[I](2021-07-08  02:48:51 pm)작업중 M코드정지 [d:8][t:00:09:06]
[I](2021-07-08  02:48:55 pm)작업중 정지 [d:8][t:00:09:10]
[I](2021-07-08  02:48:55 pm)    [LNo:0002] 000088/000250
[I](2021-07-08  02:48:56 pm)작업중 M코드정지 [d:8][t:00:09:10]
[I](2021-07-08  03:40:46 pm)작업중 정지 [d:60][t:01:01:01]
[I](2021-07-08  03:40:46 pm)    [LNo:0002] 000125/000250
[I](2021-07-08  03:40:46 pm)작업중 M코드정지 [d:60][t:01:01:01]
[I](2021-07-08  03:41:41 pm)작업중 정지 [d:60][t:01:01:56]
[I](2021-07-08  03:41:41 pm)    [LNo:0002] 000131/000250
[I](2021-07-08  03:41:41 pm)작업중 M코드정지 [d:60][t:01:01:56]
[I](2021-07-08  03:42:06 pm)작업중 정지 [d:60][t:01:02:21]
[I](2021-07-08  03:42:06 pm)    [LNo:0002] 000145/000250
[I](2021-07-08  03:42:07 pm)작업중 M코드정지 [d:60][t:01:02:21]
[I](2021-07-08  03:42:11 pm)작업중 정지 [d:60][t:01:02:25]
[I](2021-07-08  03:42:11 pm)    [LNo:0002] 000147/000250
[I](2021-07-08  03:42:11 pm)작업중 M코드정지 [d:60][t:01:02:25]
[I](2021-07-08  04:26:17 pm)작업중 정지 [d:104][t:01:46:31]
[I](2021-07-08  04:26:17 pm)    [LNo:0002] 000183/000250
[I](2021-07-08  04:26:17 pm)작업중 M코드정지 [d:104][t:01:46:31]
[I](2021-07-08  04:27:30 pm)작업중 정지 [d:104][t:01:47:44]
[I](2021-07-08  04:27:30 pm)    [LNo:0002] 000190/000250
[I](2021-07-08  04:27:30 pm)작업중 M코드정지 [d:104][t:01:47:44]
[I](2021-07-08  04:27:51 pm)작업중 정지 [d:104][t:01:48:06]
[I](2021-07-08  04:27:51 pm)    [LNo:0002] 000210/000250
[I](2021-07-08  05:26:51 pm)작업중 정지 [d:163][t:02:47:05]
[I](2021-07-08  05:26:51 pm)    [LNo:0002] 000242/000250
[I](2021-07-08  05:26:51 pm)작업중 M코드정지 [d:163][t:02:47:05]
[A](2021-07-08  05:31:37 pm)[036] 자동결선 절단 공정 실패!!
[I](2021-07-08  05:37:43 pm)Reset
[I](2021-07-08  05:37:44 pm)Reset
[I](2021-07-08  05:37:50 pm)Reset
[I](2021-07-08  05:43:03 pm)Reset
[I](2021-07-08  05:43:47 pm)Reset
[I](2021-07-08  05:46:08 pm)Reset
[I](2021-07-08  05:46:50 pm)Reset
[I](2021-07-08  05:47:02 pm)Reset
[I](2021-07-08  05:49:11 pm)작업 시작 [Start d:0]
[I](2021-07-08  05:49:11 pm)Nc File: [No.0003-437.NC]
[I](2021-07-08  05:49:11 pm)  * Start Machine Position
[I](2021-07-08  05:49:11 pm)    X:    271.9840
[I](2021-07-08  05:49:11 pm)    Y:   -340.9030
[I](2021-07-08  05:49:11 pm)    U:      0.0000
[I](2021-07-08  05:49:11 pm)    V:      0.0000
[I](2021-07-08  05:49:11 pm)    Z:     24.5465
[I](2021-07-08  05:49:11 pm)  * Angle
[I](2021-07-08  05:49:11 pm)    Ar:      0.4419,Kr:      0.0000
[I](2021-07-08  05:49:11 pm)    Taper_Ar:      0.0000
[I](2021-07-08  06:33:40 pm)작업중 정지 [d:44][t:00:44:28]
[I](2021-07-08  06:33:40 pm)    [LNo:0003] 000042/000194
[I](2021-07-08  06:33:40 pm)작업중 M코드정지 [d:44][t:00:44:28]
[I](2021-07-08  06:43:50 pm)작업중 정지 [d:44][t:00:54:38]
[I](2021-07-08  06:43:50 pm)    [LNo:0003] 000046/000194
[I](2021-07-08  06:43:50 pm)작업중 M코드정지 [d:44][t:00:54:38]
[I](2021-07-08  06:55:59 pm)작업중 정지 [d:55][t:01:06:47]
[I](2021-07-08  06:55:59 pm)    [LNo:0003] 000063/000194
[I](2021-07-08  06:56:26 pm)작업 재시작
[I](2021-07-08  06:56:32 pm)작업중 정지 [d:55][t:01:07:20]
[I](2021-07-08  06:56:32 pm)    [LNo:0003] 000066/000194
[I](2021-07-08  06:56:32 pm)작업중 M코드정지 [d:55][t:01:07:20]
[I](2021-07-08  06:56:44 pm)작업중 정지 [d:55][t:01:07:32]
[I](2021-07-08  06:56:44 pm)    [LNo:0003] 000050/000194
[I](2021-07-08  07:59:29 pm)작업중 정지 [d:117][t:02:10:18]
[I](2021-07-08  07:59:29 pm)    [LNo:0003] 000102/000194
[I](2021-07-08  07:59:30 pm)작업중 M코드정지 [d:117][t:02:10:18]
