[I](2021-11-23  12:08:56 am)작업중 정지 [d:14][t:00:15:39]
[I](2021-11-23  12:08:56 am)    [LNo:0001] 000063/000371
[I](2021-11-23  12:08:56 am)작업중 30sec 접촉 정지 [d:14][t:00:15:39]
[I](2021-11-23  12:12:08 am)작업 재시작
[I](2021-11-23  12:12:13 am)작업중 정지 [d:14][t:00:18:56]
[I](2021-11-23  12:12:13 am)    [LNo:0001] 000063/000371
[I](2021-11-23  12:12:13 am)작업중 30sec 접촉 정지 [d:14][t:00:18:56]
[I](2021-11-23  12:20:12 am)작업 재시작
[I](2021-11-23  12:20:25 am)작업중 정지 [d:15][t:00:27:07]
[I](2021-11-23  12:20:25 am)    [LNo:0001] 000064/000371
[I](2021-11-23  12:20:25 am)작업중 M코드정지 [d:15][t:00:27:07]
[I](2021-11-23  12:21:13 am)작업중 정지 [d:15][t:00:27:55]
[I](2021-11-23  12:21:13 am)    [LNo:0001] 000066/000371
[I](2021-11-23  12:21:13 am)작업중 M코드정지 [d:15][t:00:27:55]
[I](2021-11-23  12:25:38 am)작업중 정지 [d:18][t:00:32:20]
[I](2021-11-23  12:25:38 am)    [LNo:0001] 000122/000371
[I](2021-11-23  12:25:38 am)작업중 M코드정지 [d:18][t:00:32:20]
[I](2021-11-23  12:31:34 am)Reset
[I](2021-11-23  12:31:44 am)Reset
[I](2021-11-23  12:38:38 am)Reset
[I](2021-11-23  12:39:12 am)Reset
[I](2021-11-23  12:41:10 am)Reset
[I](2021-11-23  12:43:09 am)Reset
[I](2021-11-23  12:43:24 am)Reset
[I](2021-11-23  12:44:01 am)Reset
[I](2021-11-23  12:44:15 am)작업 시작 [Start d:956]
[I](2021-11-23  12:44:15 am)Nc File: [No.0001-443.NC]
[I](2021-11-23  12:44:15 am)  * Start Machine Position
[I](2021-11-23  12:44:15 am)    X:    240.7115
[I](2021-11-23  12:44:15 am)    Y:   -352.0587
[I](2021-11-23  12:44:15 am)    U:     -0.0594
[I](2021-11-23  12:44:15 am)    V:      0.5395
[I](2021-11-23  12:44:15 am)    Z:     39.6261
[I](2021-11-23  12:44:15 am)  * Angle
[I](2021-11-23  12:44:15 am)    Ar:      0.4867,Kr:      0.0000
[I](2021-11-23  12:44:15 am)    Taper_Ar:      0.0000
[I](2021-11-23  12:44:25 am)작업중 정지 [d:0][t:00:00:09]
[I](2021-11-23  12:44:25 am)    [LNo:0001] 000010/000371
[I](2021-11-23  12:44:25 am)작업중 M코드정지 [d:0][t:00:00:09]
[I](2021-11-23  12:58:37 am)작업중 정지 [d:14][t:00:14:21]
[I](2021-11-23  12:58:37 am)    [LNo:0001] 000064/000371
[I](2021-11-23  12:58:37 am)작업중 M코드정지 [d:14][t:00:14:21]
[I](2021-11-23  01:09:33 am)작업중 정지 [d:14][t:00:25:17]
[I](2021-11-23  01:09:33 am)    [LNo:0001] 000066/000371
[I](2021-11-23  01:09:33 am)작업중 M코드정지 [d:14][t:00:25:17]
[I](2021-11-23  01:13:21 am)작업중 정지 [d:18][t:00:29:06]
[I](2021-11-23  01:13:21 am)    [LNo:0001] 000122/000371
[I](2021-11-23  01:13:22 am)작업중 M코드정지 [d:18][t:00:29:06]
[I](2021-11-23  01:25:59 am)Reset
[I](2021-11-23  01:26:03 am)Reset
[I](2021-11-23  01:29:00 am)Reset
[I](2021-11-23  01:29:58 am)Reset
[I](2021-11-23  01:33:33 am)작업 시작 [Start d:974]
[I](2021-11-23  01:33:33 am)Nc File: [No.0001-443.NC]
[I](2021-11-23  01:33:33 am)  * Start Machine Position
[I](2021-11-23  01:33:33 am)    X:    253.7353
[I](2021-11-23  01:33:33 am)    Y:   -283.8073
[I](2021-11-23  01:33:33 am)    U:      0.0000
[I](2021-11-23  01:33:33 am)    V:      0.0000
[I](2021-11-23  01:33:33 am)    Z:     26.5235
[I](2021-11-23  01:33:33 am)  * Angle
[I](2021-11-23  01:33:33 am)    Ar:     -0.1917,Kr:      0.0000
[I](2021-11-23  01:33:33 am)    Taper_Ar:      0.0000
[I](2021-11-23  01:33:35 am)작업중 정지 [d:0][t:00:00:02]
[I](2021-11-23  01:33:35 am)    [LNo:0001] 000139/000371
[I](2021-11-23  01:33:48 am)작업 재시작
[I](2021-11-23  01:33:51 am)작업중 정지 [d:0][t:00:00:18]
[I](2021-11-23  01:33:51 am)    [LNo:0001] 000142/000371
[I](2021-11-23  01:33:51 am)작업중 M코드정지 [d:0][t:00:00:18]
[I](2021-11-23  01:33:58 am)작업중 정지 [d:0][t:00:00:25]
[I](2021-11-23  01:33:58 am)    [LNo:0001] 000145/000371
[I](2021-11-23  01:33:58 am)작업중 M코드정지 [d:0][t:00:00:25]
[I](2021-11-23  01:34:00 am)작업중 정지 [d:0][t:00:00:27]
[I](2021-11-23  01:34:00 am)    [LNo:0001] 000148/000371
[I](2021-11-23  01:34:00 am)작업중 M코드정지 [d:0][t:00:00:27]
[I](2021-11-23  01:34:09 am)작업중 정지 [d:0][t:00:00:36]
[I](2021-11-23  01:34:09 am)    [LNo:0001] 000171/000371
[I](2021-11-23  01:34:17 am)Reset
[I](2021-11-23  01:34:24 am)Reset
[I](2021-11-23  01:45:36 am)Reset
[I](2021-11-23  01:46:25 am)Reset
[I](2021-11-23  01:47:17 am)Reset
[I](2021-11-23  01:47:32 am)Reset
[I](2021-11-23  01:48:56 am)작업 시작 [Start d:974]
[I](2021-11-23  01:48:56 am)Nc File: [No.0001-443.NC]
[I](2021-11-23  01:48:56 am)  * Start Machine Position
[I](2021-11-23  01:48:56 am)    X:    182.3183
[I](2021-11-23  01:48:56 am)    Y:   -339.8198
[I](2021-11-23  01:48:56 am)    U:      0.0175
[I](2021-11-23  01:48:56 am)    V:      0.1549
[I](2021-11-23  01:48:56 am)    Z:     27.4235
[I](2021-11-23  01:48:56 am)  * Angle
[I](2021-11-23  01:48:56 am)    Ar:     -0.1917,Kr:      0.0000
[I](2021-11-23  01:48:56 am)    Taper_Ar:      0.0000
[I](2021-11-23  01:49:01 am)작업중 정지 [d:0][t:00:00:04]
[I](2021-11-23  01:49:01 am)    [LNo:0001] 000142/000371
[I](2021-11-23  01:49:01 am)작업중 M코드정지 [d:0][t:00:00:04]
[I](2021-11-23  01:49:03 am)작업중 정지 [d:0][t:00:00:06]
[I](2021-11-23  01:49:03 am)    [LNo:0001] 000145/000371
[I](2021-11-23  01:49:03 am)작업중 M코드정지 [d:0][t:00:00:06]
[I](2021-11-23  01:49:04 am)작업중 정지 [d:0][t:00:00:07]
[I](2021-11-23  01:49:04 am)    [LNo:0001] 000148/000371
[I](2021-11-23  01:49:04 am)작업중 M코드정지 [d:0][t:00:00:07]
[I](2021-11-23  02:16:15 am)작업중 정지 [d:26][t:00:27:18]
[I](2021-11-23  02:16:15 am)    [LNo:0001] 000233/000371
[I](2021-11-23  02:16:15 am)작업중 M코드정지 [d:26][t:00:27:18]
[I](2021-11-23  02:26:23 am)작업중 정지 [d:26][t:00:37:26]
[I](2021-11-23  02:26:23 am)    [LNo:0001] 000235/000371
[I](2021-11-23  02:26:23 am)작업중 M코드정지 [d:26][t:00:37:26]
[I](2021-11-23  02:33:06 am)작업중 정지 [d:32][t:00:44:09]
[I](2021-11-23  02:33:06 am)    [LNo:0001] 000320/000371
[I](2021-11-23  02:33:06 am)작업중 M코드정지 [d:32][t:00:44:09]
[I](2021-11-23  02:38:25 am)작업중 정지 [d:32][t:00:49:28]
[I](2021-11-23  02:38:25 am)    [LNo:0001] 000326/000371
[A](2021-11-23  02:39:05 am)[036] 자동결선 절단 공정 실패!!
[A](2021-11-23  02:39:31 am)[037] 자동결선 잔여 WIRE 처리 실패!!
[I](2021-11-23  02:41:55 am)작업중 정지 [d:32][t:00:52:58]
[I](2021-11-23  02:41:55 am)    [LNo:0001] 000339/000371
[A](2021-11-23  02:41:55 am)[008] 작업중 단선(AWF Feed Motor Stop )
[I](2021-11-23  02:41:55 am)작업중 Wire 단선 [d:32][t:00:52:58]
[A](2021-11-23  02:42:37 am)[041] AWF 명령끝날때까지 센서감지(타임아웃) 안됨
[I](2021-11-23  02:46:38 am)작업 재시작
[I](2021-11-23  02:46:43 am)작업중 정지 [d:32][t:00:57:46]
[I](2021-11-23  02:46:43 am)    [LNo:0001] 000339/000371
[I](2021-11-23  02:46:43 am)작업중 30sec 접촉 정지 [d:32][t:00:57:46]
[I](2021-11-23  02:47:22 am)작업 재시작
[I](2021-11-23  02:47:29 am)작업중 정지 [d:32][t:00:58:32]
[I](2021-11-23  02:47:29 am)    [LNo:0001] 000339/000371
[A](2021-11-23  02:47:29 am)[008] 작업중 단선(AWF Feed Motor Stop )
[I](2021-11-23  02:47:29 am)작업중 Wire 단선 [d:32][t:00:58:32]
[A](2021-11-23  02:48:12 am)[041] AWF 명령끝날때까지 센서감지(타임아웃) 안됨
[A](2021-11-23  02:49:35 am)[051] 회수부 와이어 이탈
[A](2021-11-23  02:49:38 am)[051] 회수부 와이어 이탈
[A](2021-11-23  02:49:39 am)[051] 회수부 와이어 이탈
[A](2021-11-23  02:49:40 am)[051] 회수부 와이어 이탈
[A](2021-11-23  02:49:41 am)[051] 회수부 와이어 이탈
[A](2021-11-23  02:49:43 am)[051] 회수부 와이어 이탈
[A](2021-11-23  02:49:44 am)[051] 회수부 와이어 이탈
[A](2021-11-23  02:49:47 am)[051] 회수부 와이어 이탈
[A](2021-11-23  02:49:47 am)[051] 회수부 와이어 이탈
[A](2021-11-23  02:49:47 am)[051] 회수부 와이어 이탈
[A](2021-11-23  02:49:47 am)[051] 회수부 와이어 이탈
[A](2021-11-23  02:49:47 am)[051] 회수부 와이어 이탈
[A](2021-11-23  02:49:48 am)[051] 회수부 와이어 이탈
[A](2021-11-23  02:49:48 am)[051] 회수부 와이어 이탈
[A](2021-11-23  02:49:48 am)[051] 회수부 와이어 이탈
[A](2021-11-23  02:49:48 am)[051] 회수부 와이어 이탈
[A](2021-11-23  02:49:48 am)[051] 회수부 와이어 이탈
[A](2021-11-23  02:49:51 am)[051] 회수부 와이어 이탈
[A](2021-11-23  02:49:51 am)[051] 회수부 와이어 이탈
[A](2021-11-23  02:49:51 am)[051] 회수부 와이어 이탈
[A](2021-11-23  02:49:51 am)[051] 회수부 와이어 이탈
[A](2021-11-23  02:49:51 am)[051] 회수부 와이어 이탈
[A](2021-11-23  02:49:52 am)[051] 회수부 와이어 이탈
[A](2021-11-23  02:49:52 am)[051] 회수부 와이어 이탈
[A](2021-11-23  02:49:52 am)[051] 회수부 와이어 이탈
[A](2021-11-23  02:49:52 am)[051] 회수부 와이어 이탈
[A](2021-11-23  02:49:52 am)[051] 회수부 와이어 이탈
[A](2021-11-23  02:49:52 am)[051] 회수부 와이어 이탈
[A](2021-11-23  02:49:53 am)[051] 회수부 와이어 이탈
[A](2021-11-23  02:49:53 am)[051] 회수부 와이어 이탈
[A](2021-11-23  02:49:53 am)[051] 회수부 와이어 이탈
[A](2021-11-23  02:49:53 am)[051] 회수부 와이어 이탈
[A](2021-11-23  02:49:53 am)[051] 회수부 와이어 이탈
[A](2021-11-23  02:49:53 am)[051] 회수부 와이어 이탈
[A](2021-11-23  02:49:53 am)[051] 회수부 와이어 이탈
[A](2021-11-23  02:49:53 am)[051] 회수부 와이어 이탈
[A](2021-11-23  02:49:53 am)[051] 회수부 와이어 이탈
[A](2021-11-23  02:49:53 am)[051] 회수부 와이어 이탈
[A](2021-11-23  02:49:53 am)[051] 회수부 와이어 이탈
[A](2021-11-23  02:49:53 am)[051] 회수부 와이어 이탈
[A](2021-11-23  02:49:53 am)[051] 회수부 와이어 이탈
[A](2021-11-23  02:49:53 am)[051] 회수부 와이어 이탈
[A](2021-11-23  02:49:54 am)[051] 회수부 와이어 이탈
[A](2021-11-23  02:49:54 am)[051] 회수부 와이어 이탈
[A](2021-11-23  02:49:57 am)[051] 회수부 와이어 이탈
[A](2021-11-23  02:49:57 am)[051] 회수부 와이어 이탈
[A](2021-11-23  02:49:58 am)[051] 회수부 와이어 이탈
[A](2021-11-23  02:49:58 am)[051] 회수부 와이어 이탈
[A](2021-11-23  02:49:58 am)[051] 회수부 와이어 이탈
[A](2021-11-23  02:49:59 am)[051] 회수부 와이어 이탈
[A](2021-11-23  02:50:03 am)[051] 회수부 와이어 이탈
[A](2021-11-23  02:50:03 am)[051] 회수부 와이어 이탈
[A](2021-11-23  02:50:18 am)[051] 회수부 와이어 이탈
[A](2021-11-23  02:50:18 am)[051] 회수부 와이어 이탈
[A](2021-11-23  02:50:22 am)[051] 회수부 와이어 이탈
[A](2021-11-23  02:50:22 am)[051] 회수부 와이어 이탈
[A](2021-11-23  02:50:22 am)[051] 회수부 와이어 이탈
[A](2021-11-23  02:50:22 am)[051] 회수부 와이어 이탈
[A](2021-11-23  02:50:22 am)[051] 회수부 와이어 이탈
[A](2021-11-23  02:50:22 am)[051] 회수부 와이어 이탈
[A](2021-11-23  02:50:22 am)[051] 회수부 와이어 이탈
[A](2021-11-23  02:50:22 am)[051] 회수부 와이어 이탈
[A](2021-11-23  02:50:22 am)[051] 회수부 와이어 이탈
[A](2021-11-23  02:50:22 am)[051] 회수부 와이어 이탈
[A](2021-11-23  02:50:22 am)[051] 회수부 와이어 이탈
[A](2021-11-23  02:50:22 am)[051] 회수부 와이어 이탈
[A](2021-11-23  02:50:22 am)[051] 회수부 와이어 이탈
[A](2021-11-23  02:50:22 am)[051] 회수부 와이어 이탈
[A](2021-11-23  02:50:23 am)[051] 회수부 와이어 이탈
[A](2021-11-23  02:50:23 am)[051] 회수부 와이어 이탈
[A](2021-11-23  02:50:23 am)[051] 회수부 와이어 이탈
[A](2021-11-23  02:50:23 am)[051] 회수부 와이어 이탈
[A](2021-11-23  02:50:23 am)[051] 회수부 와이어 이탈
[A](2021-11-23  02:50:38 am)[051] 회수부 와이어 이탈
[A](2021-11-23  02:51:32 am)[051] 회수부 와이어 이탈
[I](2021-11-23  02:53:13 am)작업 재시작
[I](2021-11-23  02:57:40 am)작업중 정지 [d:37][t:01:08:43]
[I](2021-11-23  02:57:40 am)    [LNo:0001] 000341/000371
[I](2021-11-23  02:57:40 am)작업중 M코드정지 [d:37][t:01:08:43]
[I](2021-11-23  03:01:37 am)작업중 정지 [d:37][t:01:12:40]
[I](2021-11-23  03:01:37 am)    [LNo:0001] 000343/000371
[I](2021-11-23  03:01:37 am)작업중 M코드정지 [d:37][t:01:12:40]
[I](2021-11-23  03:03:51 am)작업중 정지 [d:39][t:01:14:54]
[I](2021-11-23  03:03:51 am)    [LNo:0001] 000367/000371
[I](2021-11-23  03:03:51 am)작업중 M코드정지 [d:39][t:01:14:54]
[I](2021-11-23  03:16:11 am)Reset
[I](2021-11-23  03:16:15 am)Reset
[I](2021-11-23  03:17:22 am)Reset
[I](2021-11-23  03:18:01 am)Reset
[I](2021-11-23  03:18:47 am)Reset
[I](2021-11-23  03:21:13 am)Reset
[I](2021-11-23  03:21:46 am)Reset
[I](2021-11-23  03:23:03 am)Reset
[I](2021-11-23  03:23:37 am)Reset
[I](2021-11-23  03:25:10 am)Reset
[I](2021-11-23  03:26:04 am)Reset
[I](2021-11-23  03:26:18 am)Reset
[I](2021-11-23  03:26:56 am)작업 시작 [Start d:0]
[I](2021-11-23  03:26:56 am)Nc File: [No.0001-443.NC]
[I](2021-11-23  03:26:56 am)  * Start Machine Position
[I](2021-11-23  03:26:56 am)    X:    192.0746
[I](2021-11-23  03:26:56 am)    Y:   -340.3321
[I](2021-11-23  03:26:56 am)    U:     -0.0007
[I](2021-11-23  03:26:56 am)    V:      0.1399
[I](2021-11-23  03:26:56 am)    Z:     27.4235
[I](2021-11-23  03:26:56 am)  * Angle
[I](2021-11-23  03:26:56 am)    Ar:      0.3261,Kr:      0.0000
[I](2021-11-23  03:26:56 am)    Taper_Ar:      0.0000
[I](2021-11-23  03:26:59 am)작업중 정지 [d:0][t:00:00:02]
[I](2021-11-23  03:26:59 am)    [LNo:0001] 000142/000371
[I](2021-11-23  03:26:59 am)작업중 M코드정지 [d:0][t:00:00:02]
[I](2021-11-23  03:27:01 am)작업중 정지 [d:0][t:00:00:04]
[I](2021-11-23  03:27:01 am)    [LNo:0001] 000145/000371
[I](2021-11-23  03:27:01 am)작업중 M코드정지 [d:0][t:00:00:04]
[I](2021-11-23  03:27:05 am)작업중 정지 [d:0][t:00:00:09]
[I](2021-11-23  03:27:05 am)    [LNo:0001] 000171/000371
[I](2021-11-23  03:27:23 am)작업중 정지 [d:0][t:00:00:27]
[I](2021-11-23  03:27:23 am)    [LNo:0001] 000153/000371
[I](2021-11-23  03:56:26 am)작업중 정지 [d:29][t:00:29:30]
[I](2021-11-23  03:56:26 am)    [LNo:0001] 000232/000371
[I](2021-11-23  03:56:26 am)작업중 30sec 접촉 정지 [d:29][t:00:29:30]
[I](2021-11-23  03:59:44 am)작업 재시작
[I](2021-11-23  03:59:56 am)작업중 정지 [d:29][t:00:33:00]
[I](2021-11-23  03:59:56 am)    [LNo:0001] 000233/000371
[I](2021-11-23  03:59:56 am)작업중 M코드정지 [d:29][t:00:33:00]
[I](2021-11-23  04:00:01 am)작업중 정지 [d:29][t:00:33:05]
[I](2021-11-23  04:00:01 am)    [LNo:0001] 000234/000371
[I](2021-11-23  04:00:12 am)작업 재시작
[I](2021-11-23  04:00:18 am)작업중 정지 [d:30][t:00:33:22]
[I](2021-11-23  04:00:18 am)    [LNo:0001] 000235/000371
[I](2021-11-23  04:00:19 am)작업중 M코드정지 [d:30][t:00:33:22]
[I](2021-11-23  04:07:21 am)작업중 정지 [d:36][t:00:40:24]
[I](2021-11-23  04:07:21 am)    [LNo:0001] 000320/000371
[A](2021-11-23  04:07:21 am)[011] 자동결선 Error(M21-잔여와이어 처리실패)
[I](2021-11-23  04:14:07 am)작업중 정지 [d:36][t:00:47:10]
[I](2021-11-23  04:14:07 am)    [LNo:0001] 000323/000371
[I](2021-11-23  04:14:59 am)작업 재시작
[I](2021-11-23  04:20:25 am)작업중 정지 [d:41][t:00:53:29]
[I](2021-11-23  04:20:25 am)    [LNo:0001] 000341/000371
[I](2021-11-23  04:20:25 am)작업중 M코드정지 [d:41][t:00:53:29]
[I](2021-11-23  04:21:35 am)작업중 정지 [d:41][t:00:54:38]
[I](2021-11-23  04:21:35 am)    [LNo:0001] 000343/000371
[I](2021-11-23  04:21:35 am)작업중 M코드정지 [d:41][t:00:54:38]
[I](2021-11-23  04:23:31 am)작업중 정지 [d:42][t:00:56:35]
[I](2021-11-23  04:23:31 am)    [LNo:0001] 000367/000371
[I](2021-11-23  04:23:31 am)작업중 M코드정지 [d:42][t:00:56:35]
[I](2021-11-23  04:28:38 am)Reset
[I](2021-11-23  04:28:45 am)Reset
[I](2021-11-23  04:29:13 am)Reset
[I](2021-11-23  04:29:49 am)Reset
[I](2021-11-23  04:33:25 am)Reset
[I](2021-11-23  04:34:08 am)Reset
[I](2021-11-23  04:36:19 am)Reset
[I](2021-11-23  04:36:59 am)Reset
[I](2021-11-23  04:37:16 am)Reset
[I](2021-11-23  04:37:41 am)작업 시작 [Start d:42]
[I](2021-11-23  04:37:41 am)Nc File: [No.0001-443.NC]
[I](2021-11-23  04:37:41 am)  * Start Machine Position
[I](2021-11-23  04:37:41 am)    X:    198.6570
[I](2021-11-23  04:37:41 am)    Y:   -340.2804
[I](2021-11-23  04:37:41 am)    U:     -0.0106
[I](2021-11-23  04:37:41 am)    V:      0.1299
[I](2021-11-23  04:37:41 am)    Z:     27.4235
[I](2021-11-23  04:37:41 am)  * Angle
[I](2021-11-23  04:37:41 am)    Ar:      0.3000,Kr:      0.0000
[I](2021-11-23  04:37:41 am)    Taper_Ar:      0.0000
[I](2021-11-23  04:37:44 am)작업중 정지 [d:0][t:00:00:02]
[I](2021-11-23  04:37:44 am)    [LNo:0001] 000142/000371
[I](2021-11-23  04:37:44 am)작업중 M코드정지 [d:0][t:00:00:02]
[I](2021-11-23  04:37:48 am)작업중 정지 [d:0][t:00:00:06]
[I](2021-11-23  04:37:48 am)    [LNo:0001] 000145/000371
[I](2021-11-23  04:37:48 am)작업중 M코드정지 [d:0][t:00:00:07]
[I](2021-11-23  04:37:54 am)작업중 정지 [d:0][t:00:00:13]
[I](2021-11-23  04:37:54 am)    [LNo:0001] 000148/000371
[I](2021-11-23  04:37:58 am)작업중 정지 [d:0][t:00:00:17]
[I](2021-11-23  04:37:58 am)    [LNo:0001] 000154/000371
[I](2021-11-23  04:56:10 am)작업중 정지 [d:17][t:00:18:29]
[I](2021-11-23  04:56:10 am)    [LNo:0001] 000231/000371
[A](2021-11-23  04:56:10 am)[008] 작업중 단선(AWF Feed Motor Stop )
[I](2021-11-23  04:56:10 am)작업중 Wire 단선 [d:17][t:00:18:29]
[I](2021-11-23  05:07:27 am)작업 재시작
[I](2021-11-23  05:18:50 am)작업중 정지 [d:28][t:00:41:09]
[I](2021-11-23  05:18:50 am)    [LNo:0001] 000233/000371
[I](2021-11-23  05:18:50 am)작업중 M코드정지 [d:28][t:00:41:09]
[I](2021-11-23  05:33:40 am)작업중 정지 [d:28][t:00:55:59]
[I](2021-11-23  05:33:40 am)    [LNo:0001] 000235/000371
[I](2021-11-23  05:33:40 am)작업중 M코드정지 [d:28][t:00:55:59]
[I](2021-11-23  05:41:19 am)작업중 정지 [d:34][t:01:03:38]
[I](2021-11-23  05:41:19 am)    [LNo:0001] 000320/000371
[A](2021-11-23  05:41:19 am)[011] 자동결선 Error(M21-잔여와이어 처리실패)
[I](2021-11-23  05:47:31 am)작업중 정지 [d:39][t:01:09:50]
[I](2021-11-23  05:47:31 am)    [LNo:0001] 000341/000371
[I](2021-11-23  05:47:31 am)작업중 M코드정지 [d:39][t:01:09:50]
[I](2021-11-23  05:49:27 am)작업중 정지 [d:39][t:01:11:45]
[I](2021-11-23  05:49:27 am)    [LNo:0001] 000343/000371
[I](2021-11-23  05:49:27 am)작업중 M코드정지 [d:39][t:01:11:45]
[I](2021-11-23  05:50:49 am)작업중 정지 [d:40][t:01:13:08]
[I](2021-11-23  05:50:49 am)    [LNo:0001] 000364/000371
[I](2021-11-23  05:50:49 am)작업중 M코드정지 [d:40][t:01:13:08]
[I](2021-11-23  05:54:39 am)Reset
[I](2021-11-23  05:54:43 am)Reset
[I](2021-11-23  05:56:19 am)Reset
[I](2021-11-23  05:56:56 am)Reset
[I](2021-11-23  06:01:58 am)Reset
[I](2021-11-23  06:02:33 am)Reset
[I](2021-11-23  06:03:15 am)Reset
[I](2021-11-23  06:03:24 am)Reset
[I](2021-11-23  06:03:40 am)Reset
[I](2021-11-23  06:03:58 am)작업 시작 [Start d:82]
[I](2021-11-23  06:03:58 am)Nc File: [No.0001-443.NC]
[I](2021-11-23  06:03:58 am)  * Start Machine Position
[I](2021-11-23  06:03:58 am)    X:    201.3155
[I](2021-11-23  06:03:58 am)    Y:   -340.2090
[I](2021-11-23  06:03:58 am)    U:      0.0102
[I](2021-11-23  06:03:58 am)    V:     -0.0499
[I](2021-11-23  06:03:58 am)    Z:     27.4235
[I](2021-11-23  06:03:58 am)  * Angle
[I](2021-11-23  06:03:58 am)    Ar:      0.3024,Kr:      0.0000
[I](2021-11-23  06:03:58 am)    Taper_Ar:      0.0000
[I](2021-11-23  06:04:09 am)작업중 정지 [d:0][t:00:00:11]
[I](2021-11-23  06:04:09 am)    [LNo:0001] 000142/000371
[I](2021-11-23  06:04:09 am)작업중 M코드정지 [d:0][t:00:00:11]
[I](2021-11-23  06:04:10 am)작업중 정지 [d:0][t:00:00:12]
[I](2021-11-23  06:04:10 am)    [LNo:0001] 000145/000371
[I](2021-11-23  06:04:11 am)작업중 M코드정지 [d:0][t:00:00:12]
[I](2021-11-23  06:04:14 am)작업중 정지 [d:0][t:00:00:16]
[I](2021-11-23  06:04:14 am)    [LNo:0001] 000147/000371
[I](2021-11-23  06:04:14 am)작업중 M코드정지 [d:0][t:00:00:16]
[A](2021-11-23  06:04:19 am)[091] Auto Door Sensor Abnormal
[I](2021-11-23  06:04:19 am)작업중 정지 [d:0][t:00:00:21]
[I](2021-11-23  06:04:19 am)    [LNo:0001] 000157/000371
[A](2021-11-23  06:04:46 am)[091] Auto Door Sensor Abnormal
[I](2021-11-23  06:23:55 am)작업중 정지 [d:18][t:00:19:57]
[I](2021-11-23  06:23:55 am)    [LNo:0001] 000231/000371
[A](2021-11-23  06:23:55 am)[008] 작업중 단선(AWF Feed Motor Stop )
[I](2021-11-23  06:23:55 am)작업중 Wire 단선 [d:18][t:00:19:57]
[I](2021-11-23  06:43:21 am)작업 재시작
[I](2021-11-23  06:53:07 am)작업중 정지 [d:27][t:00:49:09]
[I](2021-11-23  06:53:07 am)    [LNo:0001] 000233/000371
[I](2021-11-23  06:53:07 am)작업중 M코드정지 [d:27][t:00:49:09]
[I](2021-11-23  06:53:28 am)작업중 정지 [d:27][t:00:49:30]
[I](2021-11-23  06:53:28 am)    [LNo:0001] 000235/000371
[I](2021-11-23  06:53:28 am)작업중 M코드정지 [d:27][t:00:49:30]
[I](2021-11-23  07:07:13 am)작업중 정지 [d:39][t:01:03:14]
[I](2021-11-23  07:07:13 am)    [LNo:0001] 000341/000371
[I](2021-11-23  07:07:13 am)작업중 M코드정지 [d:39][t:01:03:15]
[I](2021-11-23  07:15:52 am)작업중 정지 [d:39][t:01:11:53]
[I](2021-11-23  07:15:52 am)    [LNo:0001] 000343/000371
[I](2021-11-23  07:15:52 am)작업중 M코드정지 [d:39][t:01:11:54]
[I](2021-11-23  07:17:50 am)작업중 정지 [d:41][t:01:13:52]
[I](2021-11-23  07:17:50 am)    [LNo:0001] 000367/000371
[I](2021-11-23  07:17:50 am)작업중 M코드정지 [d:41][t:01:13:52]
[I](2021-11-23  07:27:02 am)Reset
[I](2021-11-23  07:33:17 am)Reset
[I](2021-11-23  07:33:57 am)Reset
[I](2021-11-23  07:38:07 am)Reset
[I](2021-11-23  07:39:27 am)작업 시작 [Start d:123]
[I](2021-11-23  07:39:27 am)Nc File: [No.0002-535.NC]
[I](2021-11-23  07:39:27 am)  * Start Machine Position
[I](2021-11-23  07:39:27 am)    X:    239.8204
[I](2021-11-23  07:39:27 am)    Y:   -376.2748
[I](2021-11-23  07:39:27 am)    U:      0.0000
[I](2021-11-23  07:39:27 am)    V:      0.0000
[I](2021-11-23  07:39:27 am)    Z:     13.6540
[I](2021-11-23  07:39:27 am)  * Angle
[I](2021-11-23  07:39:27 am)    Ar:      0.9585,Kr:      0.0000
[I](2021-11-23  07:39:27 am)    Taper_Ar:      0.0000
[I](2021-11-23  07:50:16 am)작업중 정지 [d:11][t:00:10:48]
[I](2021-11-23  07:50:16 am)    [LNo:0002] 000024/000446
[I](2021-11-23  07:50:16 am)작업중 M코드정지 [d:11][t:00:10:48]
[I](2021-11-23  07:54:52 am)작업중 정지 [d:11][t:00:15:24]
[I](2021-11-23  07:54:52 am)    [LNo:0002] 000025/000446
[I](2021-11-23  07:54:52 am)Wire Contact Auto Stop(M52)
[I](2021-11-23  08:11:33 am)작업 재시작
[I](2021-11-23  08:11:45 am)작업중 정지 [d:11][t:00:32:17]
[I](2021-11-23  08:11:45 am)    [LNo:0002] 000026/000446
[I](2021-11-23  08:11:45 am)작업중 M코드정지 [d:11][t:00:32:17]
[I](2021-11-23  08:11:57 am)작업중 정지 [d:11][t:00:32:29]
[I](2021-11-23  08:11:57 am)    [LNo:0002] 000029/000446
[A](2021-11-23  08:11:57 am)[010] 자동결선 Error(M21-절단실패)
[I](2021-11-23  08:19:58 am)작업중 정지 [d:15][t:00:40:31]
[I](2021-11-23  08:19:58 am)    [LNo:0002] 000048/000446
[I](2021-11-23  08:19:59 am)작업중 30sec 접촉 정지 [d:15][t:00:40:31]
[I](2021-11-23  08:20:24 am)작업 재시작
[I](2021-11-23  09:14:54 am)작업중 정지 [d:69][t:01:35:27]
[I](2021-11-23  09:14:54 am)    [LNo:0002] 000137/000446
[I](2021-11-23  09:14:54 am)작업중 M코드정지 [d:69][t:01:35:27]
[I](2021-11-23  09:15:35 am)작업중 정지 [d:69][t:01:36:07]
[I](2021-11-23  09:15:35 am)    [LNo:0002] 000138/000446
[I](2021-11-23  09:15:35 am)Wire Contact Auto Stop(M52)
[A](2021-11-23  09:16:06 am)[037] 자동결선 잔여 WIRE 처리 실패!!
[I](2021-11-23  09:19:04 am)Reset
[I](2021-11-23  09:20:29 am)Reset
[I](2021-11-23  09:20:29 am)Reset
[I](2021-11-23  09:21:57 am)작업 시작 [Start d:192]
[I](2021-11-23  09:21:57 am)Nc File: [No.0005-543.NC]
[I](2021-11-23  09:21:57 am)  * Start Machine Position
[I](2021-11-23  09:21:57 am)    X:    160.9062
[I](2021-11-23  09:21:57 am)    Y:   -325.4913
[I](2021-11-23  09:21:57 am)    U:      0.0000
[I](2021-11-23  09:21:57 am)    V:      0.0000
[I](2021-11-23  09:21:57 am)    Z:     30.3850
[I](2021-11-23  09:21:57 am)  * Angle
[I](2021-11-23  09:21:57 am)    Ar:      0.0000,Kr:      0.0000
[I](2021-11-23  09:21:57 am)    Taper_Ar:      0.0000
[I](2021-11-23  09:53:08 am)작업중 정지 [d:30][t:00:31:10]
[I](2021-11-23  09:53:08 am)    [LNo:0005] 000242/000254
[I](2021-11-23  09:53:08 am)작업중 M코드정지 [d:30][t:00:31:10]
[I](2021-11-23  09:53:34 am)작업중 정지 [d:30][t:00:31:36]
[I](2021-11-23  09:53:34 am)    [LNo:0005] 000244/000254
[I](2021-11-23  09:53:34 am)작업중 M코드정지 [d:30][t:00:31:36]
[I](2021-11-23  09:56:36 am)Reset
[I](2021-11-23  09:56:42 am)Reset
[I](2021-11-23  09:56:42 am)Reset
[I](2021-11-23  09:57:44 am)Reset
[I](2021-11-23  09:58:39 am)작업 시작 [Start d:222]
[I](2021-11-23  09:58:39 am)Nc File: [No.0006-545.NC]
[I](2021-11-23  09:58:39 am)  * Start Machine Position
[I](2021-11-23  09:58:39 am)    X:    197.8562
[I](2021-11-23  09:58:39 am)    Y:   -367.4883
[I](2021-11-23  09:58:39 am)    U:      0.0000
[I](2021-11-23  09:58:39 am)    V:      0.0000
[I](2021-11-23  09:58:39 am)    Z:     18.9900
[I](2021-11-23  09:58:39 am)  * Angle
[I](2021-11-23  09:58:39 am)    Ar:      0.0000,Kr:      0.0000
[I](2021-11-23  09:58:39 am)    Taper_Ar:      0.0000
[I](2021-11-23  10:02:05 am)작업중 정지 [d:3][t:00:03:25]
[I](2021-11-23  10:02:05 am)    [LNo:0006] 000077/000166
[I](2021-11-23  10:02:05 am)작업중 M코드정지 [d:3][t:00:03:25]
[A](2021-11-23  10:02:41 am)[037] 자동결선 잔여 WIRE 처리 실패!!
[I](2021-11-23  10:17:15 am)작업중 정지 [d:17][t:00:18:35]
[I](2021-11-23  10:17:15 am)    [LNo:0006] 000140/000166
[I](2021-11-23  10:17:15 am)작업중 30sec 접촉 정지 [d:17][t:00:18:35]
[I](2021-11-23  10:17:42 am)작업 재시작
[I](2021-11-23  10:19:23 am)작업중 정지 [d:19][t:00:20:43]
[I](2021-11-23  10:19:23 am)    [LNo:0006] 000155/000166
[I](2021-11-23  10:19:23 am)Wire Contact Auto Stop(M52)
[I](2021-11-23  10:20:00 am)Reset
[I](2021-11-23  10:20:01 am)Reset
[I](2021-11-23  11:05:34 am)Reset
[I](2021-11-23  11:07:50 am)Reset
[I](2021-11-23  11:08:40 am)작업 시작 [Start d:241]
[I](2021-11-23  11:08:40 am)Nc File: [No.0007-546.NC]
[I](2021-11-23  11:08:40 am)  * Start Machine Position
[I](2021-11-23  11:08:40 am)    X:     88.5048
[I](2021-11-23  11:08:40 am)    Y:   -362.6230
[I](2021-11-23  11:08:40 am)    U:      0.0000
[I](2021-11-23  11:08:40 am)    V:      0.0000
[I](2021-11-23  11:08:40 am)    Z:     24.3140
[I](2021-11-23  11:08:40 am)  * Angle
[I](2021-11-23  11:08:40 am)    Ar:     -0.2002,Kr:      0.0000
[I](2021-11-23  11:08:40 am)    Taper_Ar:      0.0000
[I](2021-11-23  11:30:09 am)작업중 정지 [d:21][t:00:21:29]
[I](2021-11-23  11:30:09 am)    [LNo:0007] 000106/000639
[I](2021-11-23  11:30:09 am)Wire Contact Auto Stop(M52)
[I](2021-11-23  11:30:40 am)작업 재시작
[I](2021-11-23  11:30:45 am)작업중 정지 [d:21][t:00:22:04]
[I](2021-11-23  11:30:45 am)    [LNo:0007] 000107/000639
[I](2021-11-23  11:30:45 am)작업중 M코드정지 [d:21][t:00:22:04]
[I](2021-11-23  12:04:01 pm)작업중 정지 [d:53][t:00:55:21]
[I](2021-11-23  12:04:01 pm)    [LNo:0007] 000210/000639
[I](2021-11-23  12:04:01 pm)작업중 M코드정지 [d:53][t:00:55:21]
[I](2021-11-23  12:04:14 pm)작업중 정지 [d:54][t:00:55:34]
[I](2021-11-23  12:04:14 pm)    [LNo:0007] 000212/000639
[I](2021-11-23  12:04:14 pm)작업중 M코드정지 [d:54][t:00:55:34]
[I](2021-11-23  12:33:46 pm)작업중 정지 [d:82][t:01:25:05]
[I](2021-11-23  12:33:46 pm)    [LNo:0007] 000307/000639
[I](2021-11-23  12:33:46 pm)작업중 M코드정지 [d:82][t:01:25:05]
[I](2021-11-23  12:33:55 pm)작업중 정지 [d:82][t:01:25:15]
[I](2021-11-23  12:33:55 pm)    [LNo:0007] 000308/000639
[I](2021-11-23  12:33:55 pm)Wire Contact Auto Stop(M52)
[I](2021-11-23  12:34:25 pm)작업 재시작
[I](2021-11-23  12:34:28 pm)작업중 정지 [d:82][t:01:25:48]
[I](2021-11-23  12:34:28 pm)    [LNo:0007] 000309/000639
[I](2021-11-23  12:34:28 pm)작업중 M코드정지 [d:82][t:01:25:48]
[I](2021-11-23  01:06:46 pm)작업중 정지 [d:113][t:01:58:05]
[I](2021-11-23  01:06:46 pm)    [LNo:0007] 000412/000639
[I](2021-11-23  01:06:46 pm)Wire Contact Auto Stop(M52)
[I](2021-11-23  01:07:10 pm)작업 재시작
[I](2021-11-23  01:07:14 pm)작업중 정지 [d:114][t:01:58:33]
[I](2021-11-23  01:07:14 pm)    [LNo:0007] 000413/000639
[I](2021-11-23  01:07:14 pm)작업중 M코드정지 [d:114][t:01:58:33]
[I](2021-11-23  01:39:16 pm)작업중 정지 [d:145][t:02:30:36]
[I](2021-11-23  01:39:16 pm)    [LNo:0007] 000523/000639
[I](2021-11-23  01:39:16 pm)작업중 M코드정지 [d:145][t:02:30:36]
[I](2021-11-23  02:09:54 pm)작업중 정지 [d:174][t:03:01:14]
[I](2021-11-23  02:09:54 pm)    [LNo:0007] 000581/000639
[I](2021-11-23  02:09:54 pm)작업중 30sec 접촉 정지 [d:174][t:03:01:14]
[I](2021-11-23  02:10:17 pm)작업 재시작
[I](2021-11-23  02:27:05 pm)작업중 정지 [d:190][t:03:18:24]
[I](2021-11-23  02:27:05 pm)    [LNo:0007] 000629/000639
[I](2021-11-23  02:27:05 pm)작업중 M코드정지 [d:190][t:03:18:25]
[I](2021-11-23  02:29:29 pm)Reset
[I](2021-11-23  02:31:26 pm)Reset
[I](2021-11-23  02:32:23 pm)작업 시작 [Start d:431]
[I](2021-11-23  02:32:23 pm)Nc File: [No.0008-547.NC]
[I](2021-11-23  02:32:23 pm)  * Start Machine Position
[I](2021-11-23  02:32:23 pm)    X:     78.8066
[I](2021-11-23  02:32:24 pm)    Y:   -365.3033
[I](2021-11-23  02:32:24 pm)    U:      0.0000
[I](2021-11-23  02:32:24 pm)    V:      0.0000
[I](2021-11-23  02:32:24 pm)    Z:     30.3690
[I](2021-11-23  02:32:24 pm)  * Angle
[I](2021-11-23  02:32:24 pm)    Ar:      0.0000,Kr:      0.0000
[I](2021-11-23  02:32:24 pm)    Taper_Ar:      0.0000
[I](2021-11-23  02:42:06 pm)작업중 정지 [d:9][t:00:09:42]
[I](2021-11-23  02:42:06 pm)    [LNo:0008] 000021/000119
[I](2021-11-23  02:42:06 pm)작업중 M코드정지 [d:9][t:00:09:42]
[I](2021-11-23  02:42:23 pm)작업중 정지 [d:10][t:00:09:59]
[I](2021-11-23  02:42:23 pm)    [LNo:0008] 000024/000119
[I](2021-11-23  02:42:23 pm)작업중 M코드정지 [d:10][t:00:09:59]
[I](2021-11-23  03:15:46 pm)작업중 정지 [d:42][t:00:43:22]
[I](2021-11-23  03:15:46 pm)    [LNo:0008] 000109/000119
[I](2021-11-23  03:15:46 pm)작업중 M코드정지 [d:42][t:00:43:22]
[I](2021-11-23  03:16:15 pm)Reset
[I](2021-11-23  03:19:59 pm)Reset
[I](2021-11-23  03:21:08 pm)Reset
[I](2021-11-23  03:21:09 pm)Reset
[I](2021-11-23  03:21:14 pm)Reset
[I](2021-11-23  03:21:15 pm)Reset
[I](2021-11-23  03:21:15 pm)Reset
[I](2021-11-23  03:21:46 pm)Reset
[I](2021-11-23  03:23:17 pm)Reset
[I](2021-11-23  03:23:17 pm)Reset
[I](2021-11-23  03:23:36 pm)Reset
[I](2021-11-23  03:24:37 pm)Reset
[I](2021-11-23  03:24:37 pm)Reset
[I](2021-11-23  03:24:57 pm)Reset
[I](2021-11-23  03:24:57 pm)Reset
[I](2021-11-23  03:25:11 pm)Reset
[I](2021-11-23  03:25:11 pm)Reset
[A](2021-11-23  03:25:30 pm)[036] 자동결선 절단 공정 실패!!
[A](2021-11-23  03:25:50 pm)[037] 자동결선 잔여 WIRE 처리 실패!!
[I](2021-11-23  03:26:40 pm)Reset
[I](2021-11-23  03:27:45 pm)Reset
[I](2021-11-23  03:28:26 pm)Reset
[I](2021-11-23  03:29:06 pm)Reset
[I](2021-11-23  03:29:21 pm)Reset
[I](2021-11-23  03:30:09 pm)Reset
[I](2021-11-23  03:30:33 pm)Reset
[I](2021-11-23  03:31:08 pm)Reset
[I](2021-11-23  03:31:15 pm)Reset
[I](2021-11-23  03:31:26 pm)Reset
[I](2021-11-23  03:33:13 pm)Reset
[I](2021-11-23  03:33:27 pm)작업 시작 [Start d:473]
[I](2021-11-23  03:33:27 pm)Nc File: [No.0011-552.NC]
[I](2021-11-23  03:33:27 pm)  * Start Machine Position
[I](2021-11-23  03:33:27 pm)    X:    196.0939
[I](2021-11-23  03:33:27 pm)    Y:   -371.4711
[I](2021-11-23  03:33:27 pm)    U:      0.0000
[I](2021-11-23  03:33:27 pm)    V:      0.0000
[I](2021-11-23  03:33:27 pm)    Z:     36.7750
[I](2021-11-23  03:33:27 pm)  * Angle
[I](2021-11-23  03:33:27 pm)    Ar:      1.0226,Kr:      0.0000
[I](2021-11-23  03:33:27 pm)    Taper_Ar:      0.0000
[I](2021-11-23  03:40:23 pm)작업중 정지 [d:7][t:00:06:55]
[I](2021-11-23  03:40:23 pm)    [LNo:0011] 000192/000200
[I](2021-11-23  03:40:23 pm)작업중 M코드정지 [d:7][t:00:06:55]
[A](2021-11-23  03:40:50 pm)[037] 자동결선 잔여 WIRE 처리 실패!!
[I](2021-11-23  03:41:29 pm)작업중 정지 [d:7][t:00:08:02]
[I](2021-11-23  03:41:29 pm)    [LNo:0011] 000196/000200
[I](2021-11-23  03:41:29 pm)작업중 M코드정지 [d:7][t:00:08:02]
[I](2021-11-23  03:41:30 pm)Reset
[I](2021-11-23  03:41:58 pm)작업 시작 [Start d:480]
[I](2021-11-23  03:41:58 pm)Nc File: [No.0011-552.NC]
[I](2021-11-23  03:41:58 pm)  * Start Machine Position
[I](2021-11-23  03:41:58 pm)    X:    196.0939
[I](2021-11-23  03:41:58 pm)    Y:   -371.4711
[I](2021-11-23  03:41:58 pm)    U:      0.0000
[I](2021-11-23  03:41:58 pm)    V:      0.0000
[I](2021-11-23  03:41:58 pm)    Z:     36.7750
[I](2021-11-23  03:41:58 pm)  * Angle
[I](2021-11-23  03:41:58 pm)    Ar:      1.0226,Kr:      0.0000
[I](2021-11-23  03:41:58 pm)    Taper_Ar:      0.0000
[I](2021-11-23  03:50:25 pm)작업중 정지 [d:9][t:00:08:27]
[I](2021-11-23  03:50:25 pm)    [LNo:0011] 000053/000200
[I](2021-11-23  03:50:25 pm)작업중 M코드정지 [d:9][t:00:08:27]
[I](2021-11-23  03:50:54 pm)작업중 정지 [d:9][t:00:08:55]
[I](2021-11-23  03:50:54 pm)    [LNo:0011] 000057/000200
[I](2021-11-23  03:50:54 pm)작업중 M코드정지 [d:9][t:00:08:55]
[I](2021-11-23  03:54:19 pm)작업중 정지 [d:12][t:00:12:20]
[I](2021-11-23  03:54:19 pm)    [LNo:0011] 000106/000200
[I](2021-11-23  03:54:19 pm)작업중 M코드정지 [d:12][t:00:12:20]
[I](2021-11-23  03:54:20 pm)Reset
[I](2021-11-23  03:54:30 pm)작업 시작 [Start d:492]
[I](2021-11-23  03:54:30 pm)Nc File: [No.0011-552.NC]
[I](2021-11-23  03:54:30 pm)  * Start Machine Position
[I](2021-11-23  03:54:30 pm)    X:    196.0939
[I](2021-11-23  03:54:30 pm)    Y:   -371.4711
[I](2021-11-23  03:54:30 pm)    U:      0.0000
[I](2021-11-23  03:54:30 pm)    V:      0.0000
[I](2021-11-23  03:54:30 pm)    Z:     36.7750
[I](2021-11-23  03:54:30 pm)  * Angle
[I](2021-11-23  03:54:30 pm)    Ar:      1.0226,Kr:      0.0000
[I](2021-11-23  03:54:30 pm)    Taper_Ar:      0.0000
[I](2021-11-23  03:55:32 pm)작업중 정지 [d:1][t:00:01:01]
[I](2021-11-23  03:55:32 pm)    [LNo:0011] 000107/000200
[I](2021-11-23  03:55:32 pm)작업중 M코드정지 [d:1][t:00:01:01]
[I](2021-11-23  03:59:38 pm)Reset
[I](2021-11-23  04:00:18 pm)Reset
[I](2021-11-23  04:01:20 pm)작업 시작 [Start d:493]
[I](2021-11-23  04:01:20 pm)Nc File: [No.0009-550.NC]
[I](2021-11-23  04:01:20 pm)  * Start Machine Position
[I](2021-11-23  04:01:20 pm)    X:     84.7107
[I](2021-11-23  04:01:20 pm)    Y:   -369.4687
[I](2021-11-23  04:01:20 pm)    U:      0.0000
[I](2021-11-23  04:01:20 pm)    V:      0.0000
[I](2021-11-23  04:01:20 pm)    Z:     30.3540
[I](2021-11-23  04:01:20 pm)  * Angle
[I](2021-11-23  04:01:20 pm)    Ar:      0.0000,Kr:      0.0000
[I](2021-11-23  04:01:20 pm)    Taper_Ar:      0.0000
[I](2021-11-23  04:51:59 pm)작업중 정지 [d:50][t:00:50:38]
[I](2021-11-23  04:51:59 pm)    [LNo:0009] 000030/000066
[I](2021-11-23  04:51:59 pm)작업중 M코드정지 [d:50][t:00:50:38]
[I](2021-11-23  04:52:28 pm)작업중 정지 [d:50][t:00:51:07]
[I](2021-11-23  04:52:28 pm)    [LNo:0009] 000034/000066
[I](2021-11-23  04:52:28 pm)작업중 M코드정지 [d:50][t:00:51:07]
[I](2021-11-23  05:03:31 pm)작업중 정지 [d:60][t:01:02:10]
[I](2021-11-23  05:03:31 pm)    [LNo:0009] 000061/000066
[I](2021-11-23  05:03:31 pm)작업중 M코드정지 [d:60][t:01:02:10]
[A](2021-11-23  05:03:54 pm)[037] 자동결선 잔여 WIRE 처리 실패!!
[I](2021-11-23  05:08:07 pm)Reset
[I](2021-11-23  05:08:55 pm)Reset
[I](2021-11-23  05:08:55 pm)Reset
[I](2021-11-23  05:10:14 pm)작업 시작 [Start d:553]
[I](2021-11-23  05:10:14 pm)Nc File: [No.0010-551.NC]
[I](2021-11-23  05:10:14 pm)  * Start Machine Position
[I](2021-11-23  05:10:14 pm)    X:     84.7107
[I](2021-11-23  05:10:14 pm)    Y:   -369.4687
[I](2021-11-23  05:10:14 pm)    U:      0.0000
[I](2021-11-23  05:10:14 pm)    V:      0.0000
[I](2021-11-23  05:10:14 pm)    Z:     56.3175
[I](2021-11-23  05:10:14 pm)  * Angle
[I](2021-11-23  05:10:14 pm)    Ar:      0.0000,Kr:      0.0000
[I](2021-11-23  05:10:14 pm)    Taper_Ar:      0.0000
[I](2021-11-23  05:45:06 pm)작업중 정지 [d:34][t:00:34:52]
[I](2021-11-23  05:45:06 pm)    [LNo:0010] 000027/000129
[I](2021-11-23  05:45:07 pm)작업중 M코드정지 [d:34][t:00:34:52]
[I](2021-11-23  05:57:56 pm)작업중 정지 [d:34][t:00:47:41]
[I](2021-11-23  05:57:56 pm)    [LNo:0010] 000030/000129
[I](2021-11-23  05:57:56 pm)작업중 M코드정지 [d:34][t:00:47:41]
[I](2021-11-23  06:03:02 pm)작업중 정지 [d:38][t:00:52:48]
[I](2021-11-23  06:03:02 pm)    [LNo:0010] 000076/000129
[I](2021-11-23  06:03:02 pm)작업중 M코드정지 [d:38][t:00:52:48]
[A](2021-11-23  06:19:01 pm)[036] 자동결선 절단 공정 실패!!
[I](2021-11-23  06:28:31 pm)작업중 정지 [d:47][t:01:18:16]
[I](2021-11-23  06:28:31 pm)    [LNo:0010] 000098/000129
[I](2021-11-23  06:28:31 pm)Wire Contact Auto Stop(M52)
[I](2021-11-23  06:28:43 pm)작업 재시작
[I](2021-11-23  06:28:47 pm)작업중 정지 [d:47][t:01:18:32]
[I](2021-11-23  06:28:47 pm)    [LNo:0010] 000099/000129
[I](2021-11-23  06:28:47 pm)작업중 M코드정지 [d:47][t:01:18:32]
[I](2021-11-23  06:29:16 pm)작업중 정지 [d:48][t:01:19:02]
[I](2021-11-23  06:29:16 pm)    [LNo:0010] 000102/000129
[I](2021-11-23  06:29:16 pm)작업중 M코드정지 [d:48][t:01:19:02]
[I](2021-11-23  06:30:35 pm)작업중 정지 [d:49][t:01:20:21]
[I](2021-11-23  06:30:35 pm)    [LNo:0010] 000121/000129
[I](2021-11-23  06:30:35 pm)작업중 M코드정지 [d:49][t:01:20:21]
[I](2021-11-23  06:31:12 pm)작업중 정지 [d:49][t:01:20:57]
[I](2021-11-23  06:31:12 pm)    [LNo:0010] 000124/000129
[I](2021-11-23  06:31:19 pm)작업 재시작
[I](2021-11-23  06:31:20 pm)작업중 정지 [d:49][t:01:21:06]
[I](2021-11-23  06:31:20 pm)    [LNo:0010] 000125/000129
[I](2021-11-23  06:31:20 pm)작업중 M코드정지 [d:49][t:01:21:06]
[A](2021-11-23  06:31:33 pm)[036] 자동결선 절단 공정 실패!!
[I](2021-11-23  06:32:01 pm)Reset
[I](2021-11-23  06:32:09 pm)작업 시작 [Start d:602]
[I](2021-11-23  06:32:09 pm)Nc File: [No.0010-551.NC]
[I](2021-11-23  06:32:09 pm)  * Start Machine Position
[I](2021-11-23  06:32:09 pm)    X:     84.7107
[I](2021-11-23  06:32:09 pm)    Y:   -369.4687
[I](2021-11-23  06:32:09 pm)    U:      0.0000
[I](2021-11-23  06:32:09 pm)    V:      0.0000
[I](2021-11-23  06:32:09 pm)    Z:     56.3175
[I](2021-11-23  06:32:09 pm)  * Angle
[I](2021-11-23  06:32:09 pm)    Ar:      0.0000,Kr:      0.0000
[I](2021-11-23  06:32:09 pm)    Taper_Ar:      0.0000
[I](2021-11-23  06:32:34 pm)작업중 정지 [d:0][t:00:00:24]
[I](2021-11-23  06:32:34 pm)    [LNo:0010] 000083/000129
[I](2021-11-23  06:32:35 pm)Reset
[I](2021-11-23  06:32:36 pm)Reset
[I](2021-11-23  06:32:47 pm)작업 시작 [Start d:602]
[I](2021-11-23  06:32:47 pm)Nc File: [No.0010-551.NC]
[I](2021-11-23  06:32:47 pm)  * Start Machine Position
[I](2021-11-23  06:32:47 pm)    X:     84.7107
[I](2021-11-23  06:32:47 pm)    Y:   -349.3687
[I](2021-11-23  06:32:47 pm)    U:      0.0000
[I](2021-11-23  06:32:47 pm)    V:      0.0000
[I](2021-11-23  06:32:47 pm)    Z:     56.3175
[I](2021-11-23  06:32:47 pm)  * Angle
[I](2021-11-23  06:32:47 pm)    Ar:      0.0000,Kr:      0.0000
[I](2021-11-23  06:32:47 pm)    Taper_Ar:      0.0000
[I](2021-11-23  06:33:35 pm)작업중 정지 [d:1][t:00:00:48]
[I](2021-11-23  06:33:35 pm)    [LNo:0010] 000121/000129
[I](2021-11-23  06:33:36 pm)작업중 M코드정지 [d:1][t:00:00:48]
[A](2021-11-23  06:33:41 pm)[036] 자동결선 절단 공정 실패!!
[A](2021-11-23  06:34:53 pm)[084] Work Tank Fluid Sensor Abnormal
[A](2021-11-23  06:34:53 pm)[084] Work Tank Fluid Sensor Abnormal
[A](2021-11-23  06:34:53 pm)[084] Work Tank Fluid Sensor Abnormal
[A](2021-11-23  06:34:54 pm)[084] Work Tank Fluid Sensor Abnormal
[A](2021-11-23  06:34:54 pm)[084] Work Tank Fluid Sensor Abnormal
[A](2021-11-23  06:34:54 pm)[084] Work Tank Fluid Sensor Abnormal
[A](2021-11-23  06:34:54 pm)[084] Work Tank Fluid Sensor Abnormal
[A](2021-11-23  06:34:54 pm)[084] Work Tank Fluid Sensor Abnormal
[A](2021-11-23  06:35:11 pm)[084] Work Tank Fluid Sensor Abnormal
[A](2021-11-23  06:35:11 pm)[084] Work Tank Fluid Sensor Abnormal
[A](2021-11-23  06:35:11 pm)[084] Work Tank Fluid Sensor Abnormal
[A](2021-11-23  06:35:14 pm)[084] Work Tank Fluid Sensor Abnormal
[A](2021-11-23  06:35:14 pm)[084] Work Tank Fluid Sensor Abnormal
[I](2021-11-23  06:35:17 pm)Reset
[I](2021-11-23  06:35:18 pm)Reset
[A](2021-11-23  06:35:18 pm)[084] Work Tank Fluid Sensor Abnormal
[I](2021-11-23  06:40:48 pm)Reset
[I](2021-11-23  06:42:39 pm)Reset
[I](2021-11-23  06:43:48 pm)Reset
[I](2021-11-23  06:43:58 pm)Reset
[I](2021-11-23  06:45:19 pm)작업 시작 [Start d:603]
[I](2021-11-23  06:45:19 pm)Nc File: [No.0012-554.NC]
[I](2021-11-23  06:45:19 pm)  * Start Machine Position
[I](2021-11-23  06:45:19 pm)    X:    130.9752
[I](2021-11-23  06:45:19 pm)    Y:   -327.3657
[I](2021-11-23  06:45:19 pm)    U:     -0.0302
[I](2021-11-23  06:45:19 pm)    V:      0.0598
[I](2021-11-23  06:45:19 pm)    Z:    112.1319
[I](2021-11-23  06:45:19 pm)  * Angle
[I](2021-11-23  06:45:19 pm)    Ar:      0.3750,Kr:      0.0000
[I](2021-11-23  06:45:19 pm)    Taper_Ar:      0.0000
[I](2021-11-23  06:45:57 pm)작업중 정지 [d:0][t:00:00:38]
[I](2021-11-23  06:45:57 pm)    [LNo:0012] 000013/000060
[A](2021-11-23  06:46:32 pm)[036] 자동결선 절단 공정 실패!!
[A](2021-11-23  06:46:56 pm)[037] 자동결선 잔여 WIRE 처리 실패!!
[I](2021-11-23  06:50:16 pm)작업중 정지 [d:3][t:00:04:56]
[I](2021-11-23  06:50:16 pm)    [LNo:0012] 000022/000060
[I](2021-11-23  06:58:27 pm)작업 재시작
[I](2021-11-23  07:16:10 pm)작업중 정지 [d:20][t:00:30:51]
[I](2021-11-23  07:16:10 pm)    [LNo:0012] 000024/000060
[I](2021-11-23  07:16:10 pm)작업중 30sec 접촉 정지 [d:20][t:00:30:51]
[I](2021-11-23  07:19:25 pm)작업 재시작
[I](2021-11-23  07:19:39 pm)작업중 정지 [d:20][t:00:34:19]
[I](2021-11-23  07:19:39 pm)    [LNo:0012] 000025/000060
[I](2021-11-23  07:19:39 pm)작업중 M코드정지 [d:20][t:00:34:19]
[I](2021-11-23  07:19:59 pm)작업중 정지 [d:20][t:00:34:39]
[I](2021-11-23  07:19:59 pm)    [LNo:0012] 000027/000060
[I](2021-11-23  07:19:59 pm)작업중 M코드정지 [d:20][t:00:34:39]
[I](2021-11-23  07:21:26 pm)작업중 정지 [d:20][t:00:36:07]
[I](2021-11-23  07:21:26 pm)    [LNo:0012] 000030/000060
[I](2021-11-23  07:21:28 pm)작업중 정지 [d:20][t:00:36:08]
[I](2021-11-23  07:21:28 pm)    [LNo:0012] 000030/000060
[I](2021-11-23  07:22:22 pm)작업중 정지 [d:20][t:00:37:02]
[I](2021-11-23  07:22:22 pm)    [LNo:0012] 000044/000060
[I](2021-11-23  07:49:56 pm)작업 재시작
[I](2021-11-23  08:10:36 pm)작업중 정지 [d:41][t:01:25:16]
[I](2021-11-23  08:10:36 pm)    [LNo:0012] 000047/000060
[I](2021-11-23  08:10:36 pm)작업중 30sec 접촉 정지 [d:41][t:01:25:16]
[A](2021-11-23  08:20:09 pm)[041] AWF 명령끝날때까지 센서감지(타임아웃) 안됨
[A](2021-11-23  08:20:47 pm)[041] AWF 명령끝날때까지 센서감지(타임아웃) 안됨
[A](2021-11-23  08:21:36 pm)[041] AWF 명령끝날때까지 센서감지(타임아웃) 안됨
[I](2021-11-23  08:42:14 pm)작업 재시작
[I](2021-11-23  08:42:26 pm)작업중 정지 [d:41][t:01:57:07]
[I](2021-11-23  08:42:26 pm)    [LNo:0012] 000048/000060
[I](2021-11-23  08:42:26 pm)작업중 M코드정지 [d:41][t:01:57:07]
[I](2021-11-23  08:43:55 pm)작업중 정지 [d:41][t:01:58:36]
[I](2021-11-23  08:43:55 pm)    [LNo:0012] 000050/000060
[I](2021-11-23  08:43:55 pm)작업중 M코드정지 [d:41][t:01:58:36]
[I](2021-11-23  08:45:51 pm)작업중 정지 [d:41][t:02:00:32]
[I](2021-11-23  08:45:51 pm)    [LNo:0012] 000056/000060
[I](2021-11-23  08:45:51 pm)작업중 M코드정지 [d:41][t:02:00:32]
[I](2021-11-23  08:52:49 pm)Reset
[I](2021-11-23  08:52:56 pm)Reset
[I](2021-11-23  08:54:16 pm)Reset
[I](2021-11-23  08:54:45 pm)Reset
[I](2021-11-23  08:56:09 pm)Reset
[A](2021-11-23  08:57:45 pm)[036] 자동결선 절단 공정 실패!!
[I](2021-11-23  08:58:23 pm)Reset
[I](2021-11-23  08:59:51 pm)작업 시작 [Start d:644]
[I](2021-11-23  08:59:51 pm)Nc File: [No.0001-560.NC]
[I](2021-11-23  08:59:51 pm)  * Start Machine Position
[I](2021-11-23  08:59:51 pm)    X:     51.0350
[I](2021-11-23  08:59:51 pm)    Y:   -356.0778
[I](2021-11-23  08:59:51 pm)    U:      0.0000
[I](2021-11-23  08:59:51 pm)    V:      0.0000
[I](2021-11-23  08:59:51 pm)    Z:     26.4174
[I](2021-11-23  08:59:51 pm)  * Angle
[I](2021-11-23  08:59:51 pm)    Ar:      0.4872,Kr:      0.0000
[I](2021-11-23  08:59:51 pm)    Taper_Ar:      0.0000
[I](2021-11-23  09:32:44 pm)작업중 정지 [d:33][t:00:32:53]
[I](2021-11-23  09:32:44 pm)    [LNo:0001] 000089/000101
[I](2021-11-23  09:32:44 pm)작업중 M코드정지 [d:33][t:00:32:53]
[I](2021-11-23  09:33:42 pm)작업중 정지 [d:33][t:00:33:50]
[I](2021-11-23  09:33:42 pm)    [LNo:0001] 000090/000101
[I](2021-11-23  09:33:42 pm)Wire Contact Auto Stop(M52)
[I](2021-11-23  09:39:12 pm)Reset
[I](2021-11-23  09:39:45 pm)Reset
[I](2021-11-23  09:41:46 pm)Reset
[I](2021-11-23  09:44:22 pm)Reset
[I](2021-11-23  09:45:31 pm)작업 시작 [Start d:677]
[I](2021-11-23  09:45:31 pm)Nc File: [No.0001-560.NC]
[I](2021-11-23  09:45:31 pm)  * Start Machine Position
[I](2021-11-23  09:45:31 pm)    X:    258.4416
[I](2021-11-23  09:45:32 pm)    Y:   -380.1773
[I](2021-11-23  09:45:32 pm)    U:      0.0000
[I](2021-11-23  09:45:32 pm)    V:      0.0000
[I](2021-11-23  09:45:32 pm)    Z:     24.4141
[I](2021-11-23  09:45:32 pm)  * Angle
[I](2021-11-23  09:45:32 pm)    Ar:     -0.4900,Kr:      0.0000
[I](2021-11-23  09:45:32 pm)    Taper_Ar:      0.0000
[I](2021-11-23  10:17:37 pm)작업중 정지 [d:32][t:00:32:05]
[I](2021-11-23  10:17:37 pm)    [LNo:0001] 000089/000101
[I](2021-11-23  10:17:37 pm)작업중 M코드정지 [d:32][t:00:32:05]
[I](2021-11-23  10:25:53 pm)작업중 정지 [d:32][t:00:40:21]
[I](2021-11-23  10:25:53 pm)    [LNo:0001] 000090/000101
[I](2021-11-23  10:25:53 pm)Wire Contact Auto Stop(M52)
[I](2021-11-23  10:27:55 pm)Reset
[I](2021-11-23  10:36:39 pm)Reset
[I](2021-11-23  10:37:10 pm)Reset
[I](2021-11-23  10:38:20 pm)Reset
[I](2021-11-23  10:42:34 pm)Reset
[I](2021-11-23  10:42:45 pm)Reset
[I](2021-11-23  10:42:45 pm)Reset
[I](2021-11-23  10:53:43 pm)Reset
[I](2021-11-23  10:53:43 pm)Reset
[I](2021-11-23  10:53:47 pm)Reset
[I](2021-11-23  10:54:16 pm)작업 시작 [Start d:0]
[I](2021-11-23  10:54:16 pm)Nc File: [No.0004-561.NC]
[I](2021-11-23  10:54:16 pm)  * Start Machine Position
[I](2021-11-23  10:54:16 pm)    X:     89.6783
[I](2021-11-23  10:54:16 pm)    Y:   -286.2667
[I](2021-11-23  10:54:16 pm)    U:      0.0000
[I](2021-11-23  10:54:16 pm)    V:      0.0000
[I](2021-11-23  10:54:16 pm)    Z:     80.6621
[I](2021-11-23  10:54:16 pm)  * Angle
[I](2021-11-23  10:54:16 pm)    Ar:     -0.0556,Kr:      0.0000
[I](2021-11-23  10:54:16 pm)    Taper_Ar:      0.0000
