[I](2022-10-03  03:09:45 am)작업중 정지 [d:453][t:07:35:19]
[I](2022-10-03  03:09:45 am)    [LNo:0005] 000437/001673
[I](2022-10-03  03:09:45 am)작업중 30sec 접촉 정지 [d:453][t:07:35:20]
[I](2022-10-03  05:13:06 am)작업 재시작
[I](2022-10-03  05:13:28 am)작업중 정지 [d:453][t:09:39:03]
[I](2022-10-03  05:13:28 am)    [LNo:0005] 000437/001673
[I](2022-10-03  05:13:28 am)작업중 30sec 접촉 정지 [d:453][t:09:39:03]
[I](2022-10-03  05:14:11 am)작업 재시작
[I](2022-10-03  05:14:16 am)작업중 정지 [d:453][t:09:39:51]
[I](2022-10-03  05:14:16 am)    [LNo:0005] 000437/001673
[I](2022-10-03  05:14:16 am)작업중 30sec 접촉 정지 [d:453][t:09:39:51]
[I](2022-10-03  05:14:57 am)작업 재시작
[I](2022-10-03  08:57:29 am)작업중 정지 [d:674][t:13:23:03]
[I](2022-10-03  08:57:29 am)    [LNo:0005] 000539/001673
[I](2022-10-03  09:03:46 am)작업 재시작
[I](2022-10-03  11:03:13 am)SPM Device Closed.
[I](2022-10-03  11:03:41 am)SPM Device Open Succeeded.
[I](2022-10-03  11:03:41 am)Initialization is completed.
[I](2022-10-03  11:19:38 am)작업중 정지 [d:136][t:11:19:38]
[I](2022-10-03  11:19:38 am)    [LNo:0005] 000660/001673
[I](2022-10-03  11:19:38 am)작업중 M코드정지 [d:136][t:11:19:38]
[I](2022-10-03  11:21:53 am)작업중 정지 [d:136][t:11:21:53]
[I](2022-10-03  11:21:53 am)    [LNo:0005] 001419/001673
[I](2022-10-03  12:28:02 pm)작업중 정지 [d:200][t:12:28:02]
[I](2022-10-03  12:28:02 pm)    [LNo:0005] 001437/001673
[I](2022-10-03  12:28:03 pm)작업중 M코드정지 [d:200][t:12:28:03]
[I](2022-10-03  12:31:06 pm)작업중 정지 [d:201][t:12:31:06]
[I](2022-10-03  12:31:06 pm)    [LNo:0005] 001438/001673
[A](2022-10-03  12:31:06 pm)[008] 작업중 단선(AWF Feed Motor Stop )
[I](2022-10-03  12:31:06 pm)작업중 Wire 단선 [d:201][t:12:31:06]
[A](2022-10-03  12:32:11 pm)[001] 와이어 미동작
[I](2022-10-03  12:32:44 pm)작업 재시작
[I](2022-10-03  12:32:48 pm)작업중 정지 [d:201][t:12:32:48]
[I](2022-10-03  12:32:48 pm)    [LNo:0005] 001439/001673
[I](2022-10-03  12:32:48 pm)작업중 M코드정지 [d:201][t:12:32:48]
[I](2022-10-03  12:32:52 pm)작업중 정지 [d:201][t:12:32:52]
[I](2022-10-03  12:32:52 pm)    [LNo:0005] 001442/001673
[I](2022-10-03  12:32:52 pm)작업중 M코드정지 [d:201][t:12:32:52]
[I](2022-10-03  12:34:29 pm)작업중 정지 [d:201][t:12:34:29]
[I](2022-10-03  12:34:29 pm)    [LNo:0005] 001445/001673
[I](2022-10-03  12:44:53 pm)작업중 정지 [d:208][t:12:44:53]
[I](2022-10-03  12:44:53 pm)    [LNo:0005] 001461/001673
[A](2022-10-03  12:44:53 pm)[008] 작업중 단선(AWF Feed Motor Stop )
[I](2022-10-03  12:44:53 pm)작업중 Wire 단선 [d:208][t:12:44:53]
[I](2022-10-03  12:46:03 pm)작업 재시작
[I](2022-10-03  01:10:13 pm)작업중 정지 [d:232][t:13:10:13]
[I](2022-10-03  01:10:13 pm)    [LNo:0005] 001465/001673
[I](2022-10-03  01:10:13 pm)작업중 M코드정지 [d:232][t:13:10:13]
[I](2022-10-03  01:10:51 pm)작업중 정지 [d:232][t:13:10:51]
[I](2022-10-03  01:10:51 pm)    [LNo:0005] 001466/001673
[A](2022-10-03  01:10:51 pm)[008] 작업중 단선(AWF Feed Motor Stop )
[I](2022-10-03  01:10:51 pm)작업중 Wire 단선 [d:232][t:13:10:51]
[I](2022-10-03  01:15:44 pm)Reset
[I](2022-10-03  01:19:40 pm)Reset
[I](2022-10-03  01:19:40 pm)Reset
[I](2022-10-03  01:19:49 pm)Reset
[I](2022-10-03  01:20:45 pm)Reset
[I](2022-10-03  01:31:01 pm)Reset
[I](2022-10-03  01:31:01 pm)Reset
[I](2022-10-03  01:35:52 pm)작업 시작 [Start d:233]
[I](2022-10-03  01:35:52 pm)Nc File: [No.0006-261.NC]
[I](2022-10-03  01:35:52 pm)  * Start Machine Position
[I](2022-10-03  01:35:52 pm)    X:    481.8226
[I](2022-10-03  01:35:52 pm)    Y:   -208.0533
[I](2022-10-03  01:35:52 pm)    U:      0.0000
[I](2022-10-03  01:35:52 pm)    V:      0.0000
[I](2022-10-03  01:35:52 pm)    Z:     70.5725
[I](2022-10-03  01:35:52 pm)  * Angle
[I](2022-10-03  01:35:52 pm)    Ar:     -0.1168,Kr:      0.0000
[I](2022-10-03  01:35:52 pm)    Taper_Ar:      0.0000
[I](2022-10-03  02:52:01 pm)작업중 정지 [d:77][t:01:16:09]
[I](2022-10-03  02:52:01 pm)    [LNo:0006] 000095/000251
[I](2022-10-03  02:52:01 pm)작업중 30sec 접촉 정지 [d:77][t:01:16:09]
[I](2022-10-03  02:53:32 pm)작업 재시작
[I](2022-10-03  03:02:09 pm)작업중 정지 [d:86][t:01:26:17]
[I](2022-10-03  03:02:09 pm)    [LNo:0006] 000122/000251
[I](2022-10-03  03:02:09 pm)작업중 M코드정지 [d:86][t:01:26:17]
[I](2022-10-03  03:04:01 pm)작업중 정지 [d:87][t:01:28:08]
[I](2022-10-03  03:04:01 pm)    [LNo:0006] 000124/000251
[I](2022-10-03  03:04:01 pm)작업중 M코드정지 [d:87][t:01:28:08]
[I](2022-10-03  04:18:59 pm)작업중 정지 [d:161][t:02:43:07]
[I](2022-10-03  04:18:59 pm)    [LNo:0006] 000239/000251
[I](2022-10-03  04:18:59 pm)작업중 M코드정지 [d:161][t:02:43:07]
[I](2022-10-03  04:20:10 pm)작업중 정지 [d:162][t:02:44:18]
[I](2022-10-03  04:20:10 pm)    [LNo:0006] 000241/000251
[I](2022-10-03  04:20:10 pm)작업중 M코드정지 [d:162][t:02:44:18]
[I](2022-10-03  04:23:00 pm)Reset
[I](2022-10-03  04:23:43 pm)Reset
[I](2022-10-03  04:25:52 pm)Reset
[I](2022-10-03  04:27:26 pm)작업 시작 [Start d:0]
[I](2022-10-03  04:27:26 pm)Nc File: [No.0005-697.NC]
[I](2022-10-03  04:27:26 pm)  * Start Machine Position
[I](2022-10-03  04:27:26 pm)    X:    101.2328
[I](2022-10-03  04:27:26 pm)    Y:   -243.1122
[I](2022-10-03  04:27:26 pm)    U:      0.0000
[I](2022-10-03  04:27:26 pm)    V:      0.0000
[I](2022-10-03  04:27:26 pm)    Z:     70.3380
[I](2022-10-03  04:27:26 pm)  * Angle
[I](2022-10-03  04:27:26 pm)    Ar:      0.2558,Kr:      0.0000
[I](2022-10-03  04:27:26 pm)    Taper_Ar:      0.0000
[I](2022-10-03  04:27:39 pm)작업중 정지 [d:0][t:00:00:12]
[I](2022-10-03  04:27:39 pm)    [LNo:0005] 000742/001673
[I](2022-10-03  04:31:19 pm)작업중 정지 [d:0][t:00:03:52]
[I](2022-10-03  04:31:19 pm)    [LNo:0005] 000853/001673
[I](2022-10-03  04:33:02 pm)작업중 정지 [d:0][t:00:05:35]
[I](2022-10-03  04:33:02 pm)    [LNo:0005] 000940/001673
[I](2022-10-03  04:39:21 pm)작업중 정지 [d:0][t:00:11:54]
[I](2022-10-03  04:39:21 pm)    [LNo:0005] 001060/001673
[I](2022-10-03  04:40:33 pm)작업중 정지 [d:0][t:00:13:06]
[I](2022-10-03  04:40:33 pm)    [LNo:0005] 001159/001673
[I](2022-10-03  04:41:45 pm)작업중 정지 [d:0][t:00:14:18]
[I](2022-10-03  04:41:45 pm)    [LNo:0005] 001282/001673
[I](2022-10-03  04:44:02 pm)작업중 정지 [d:0][t:00:16:36]
[I](2022-10-03  04:44:02 pm)    [LNo:0005] 000667/001673
[I](2022-10-03  07:33:21 pm)작업중 정지 [d:168][t:03:05:54]
[I](2022-10-03  07:33:21 pm)    [LNo:0005] 000751/001673
[I](2022-10-03  07:33:21 pm)작업중 30sec 접촉 정지 [d:168][t:03:05:54]
[I](2022-10-03  10:30:52 pm)작업 재시작
[I](2022-10-03  10:32:32 pm)작업중 정지 [d:169][t:06:05:05]
[I](2022-10-03  10:32:32 pm)    [LNo:0005] 000753/001673
[I](2022-10-03  10:33:31 pm)작업 재시작
[I](2022-10-03  11:15:43 pm)작업중 정지 [d:207][t:06:48:16]
[I](2022-10-03  11:15:43 pm)    [LNo:0005] 000894/001673
[I](2022-10-03  11:15:43 pm)작업중 30sec 접촉 정지 [d:207][t:06:48:16]
[I](2022-10-03  11:23:28 pm)작업 재시작
[I](2022-10-03  11:27:25 pm)작업중 정지 [d:211][t:06:59:58]
[I](2022-10-03  11:27:25 pm)    [LNo:0005] 000920/001673
[I](2022-10-03  11:27:25 pm)작업중 30sec 접촉 정지 [d:211][t:06:59:58]
[I](2022-10-03  11:33:53 pm)작업 재시작
[I](2022-10-03  11:34:54 pm)작업중 정지 [d:212][t:07:07:27]
[I](2022-10-03  11:34:54 pm)    [LNo:0005] 000925/001673
[I](2022-10-03  11:34:54 pm)작업중 30sec 접촉 정지 [d:212][t:07:07:27]
[I](2022-10-03  11:35:23 pm)작업 재시작
[I](2022-10-03  11:35:28 pm)작업중 정지 [d:212][t:07:08:01]
[I](2022-10-03  11:35:28 pm)    [LNo:0005] 000925/001673
[I](2022-10-03  11:35:28 pm)작업중 30sec 접촉 정지 [d:212][t:07:08:01]
[I](2022-10-03  11:35:47 pm)작업 재시작
[I](2022-10-03  11:35:52 pm)작업중 정지 [d:213][t:07:08:25]
[I](2022-10-03  11:35:52 pm)    [LNo:0005] 000925/001673
[I](2022-10-03  11:35:52 pm)작업중 30sec 접촉 정지 [d:213][t:07:08:25]
[I](2022-10-03  11:36:12 pm)작업 재시작
[I](2022-10-03  11:38:59 pm)작업중 정지 [d:214][t:07:11:32]
[I](2022-10-03  11:38:59 pm)    [LNo:0005] 000949/001673
[A](2022-10-03  11:38:59 pm)[008] 작업중 단선(AWF Feed Motor Stop )
[I](2022-10-03  11:38:59 pm)작업중 Wire 단선 [d:214][t:07:11:32]
[I](2022-10-03  11:40:07 pm)작업 재시작
