[I](2022-10-27  06:04:21 am)작업중 정지 [d:122][t:09:41:43]
[I](2022-10-27  06:04:21 am)    [LNo:0003] 000065/001242
[A](2022-10-27  06:04:21 am)[008] 작업중 단선(AWF Feed Motor Stop )
[I](2022-10-27  06:04:21 am)작업중 Wire 단선 [d:122][t:09:41:43]
[A](2022-10-27  06:11:55 am)[038] 자동결선 FEED MOTOR ALARM !!
[A](2022-10-27  08:09:00 am)[001] 와이어 미동작
[I](2022-10-27  08:10:44 am)작업 재시작
[I](2022-10-27  08:10:49 am)작업중 정지 [d:122][t:11:48:10]
[I](2022-10-27  08:10:49 am)    [LNo:0003] 000065/001242
[I](2022-10-27  08:10:52 am)작업 재시작
[I](2022-10-27  08:11:04 am)작업중 정지 [d:122][t:11:48:26]
[I](2022-10-27  08:11:04 am)    [LNo:0003] 000066/001242
[I](2022-10-27  08:11:04 am)작업중 M코드정지 [d:122][t:11:48:26]
[I](2022-10-27  08:12:30 am)작업중 정지 [d:122][t:11:49:51]
[I](2022-10-27  08:12:30 am)    [LNo:0003] 000468/001242
[I](2022-10-27  08:13:32 am)작업중 정지 [d:123][t:11:50:54]
[I](2022-10-27  08:13:32 am)    [LNo:0003] 000480/001242
[I](2022-10-27  08:13:32 am)작업중 M코드정지 [d:123][t:11:50:54]
[I](2022-10-27  08:15:20 am)작업중 정지 [d:124][t:11:52:42]
[I](2022-10-27  08:15:20 am)    [LNo:0003] 000482/001242
[I](2022-10-27  08:15:20 am)Wire Contact Auto Stop(M52)
[I](2022-10-27  08:18:33 am)작업 재시작
[I](2022-10-27  08:18:40 am)작업중 정지 [d:124][t:11:56:02]
[I](2022-10-27  08:18:40 am)    [LNo:0003] 000485/001242
[I](2022-10-27  08:21:43 am)작업중 정지 [d:124][t:11:59:05]
[I](2022-10-27  08:21:43 am)    [LNo:0003] 000488/001242
[I](2022-10-27  08:26:24 am)Reset
[I](2022-10-27  08:26:25 am)Reset
[I](2022-10-27  08:26:33 am)작업 시작 [Start d:156]
[I](2022-10-27  08:26:33 am)Nc File: [No.0002-283.NC]
[I](2022-10-27  08:26:33 am)  * Start Machine Position
[I](2022-10-27  08:26:33 am)    X:    291.4085
[I](2022-10-27  08:26:33 am)    Y:   -292.2005
[I](2022-10-27  08:26:33 am)    U:      0.0000
[I](2022-10-27  08:26:33 am)    V:      0.0000
[I](2022-10-27  08:26:33 am)    Z:     30.4142
[I](2022-10-27  08:26:33 am)  * Angle
[I](2022-10-27  08:26:33 am)    Ar:      0.1297,Kr:      0.0000
[I](2022-10-27  08:26:33 am)    Taper_Ar:      0.0000
[I](2022-10-27  08:27:02 am)작업중 정지 [d:0][t:00:00:29]
[I](2022-10-27  08:27:02 am)    [LNo:0002] 000010/001778
[I](2022-10-27  08:27:02 am)작업중 M코드정지 [d:0][t:00:00:29]
[I](2022-10-27  08:40:01 am)작업중 정지 [d:12][t:00:13:28]
[I](2022-10-27  08:40:01 am)    [LNo:0002] 000034/001778
[I](2022-10-27  08:40:01 am)작업중 M코드정지 [d:12][t:00:13:28]
[I](2022-10-27  08:41:06 am)작업중 정지 [d:12][t:00:14:33]
[I](2022-10-27  08:41:06 am)    [LNo:0002] 000038/001778
[I](2022-10-27  08:41:06 am)작업중 M코드정지 [d:12][t:00:14:33]
[I](2022-10-27  08:41:55 am)작업중 정지 [d:12][t:00:15:22]
[I](2022-10-27  08:41:55 am)    [LNo:0002] 000041/001778
[A](2022-10-27  08:41:55 am)[011] 자동결선 Error(M21-잔여와이어 처리실패)
[I](2022-10-27  08:57:27 am)작업중 정지 [d:25][t:00:30:54]
[I](2022-10-27  08:57:27 am)    [LNo:0002] 000068/001778
[I](2022-10-27  08:57:27 am)작업중 M코드정지 [d:25][t:00:30:54]
[I](2022-10-27  09:03:40 am)작업중 정지 [d:25][t:00:37:07]
[I](2022-10-27  09:03:40 am)    [LNo:0002] 000070/001778
[I](2022-10-27  09:04:15 am)작업 재시작
[I](2022-10-27  09:04:20 am)작업중 정지 [d:25][t:00:37:47]
[I](2022-10-27  09:04:20 am)    [LNo:0002] 000072/001778
[I](2022-10-27  09:04:20 am)작업중 M코드정지 [d:25][t:00:37:47]
[I](2022-10-27  09:04:46 am)작업중 정지 [d:25][t:00:38:13]
[I](2022-10-27  09:04:46 am)    [LNo:0002] 000075/001778
[A](2022-10-27  09:04:46 am)[011] 자동결선 Error(M21-잔여와이어 처리실패)
[I](2022-10-27  09:19:57 am)작업중 정지 [d:37][t:00:53:24]
[I](2022-10-27  09:19:57 am)    [LNo:0002] 000102/001778
[I](2022-10-27  09:19:57 am)작업중 M코드정지 [d:37][t:00:53:24]
[I](2022-10-27  09:20:12 am)작업중 정지 [d:38][t:00:53:39]
[I](2022-10-27  09:20:12 am)    [LNo:0002] 000106/001778
[I](2022-10-27  09:20:12 am)작업중 M코드정지 [d:38][t:00:53:39]
[I](2022-10-27  09:33:27 am)작업중 정지 [d:50][t:01:06:54]
[I](2022-10-27  09:33:27 am)    [LNo:0002] 000136/001778
[I](2022-10-27  09:33:27 am)작업중 M코드정지 [d:50][t:01:06:54]
[I](2022-10-27  09:34:02 am)작업중 정지 [d:50][t:01:07:29]
[I](2022-10-27  09:34:02 am)    [LNo:0002] 000140/001778
[I](2022-10-27  09:34:02 am)작업중 M코드정지 [d:50][t:01:07:29]
[I](2022-10-27  09:47:13 am)작업중 정지 [d:62][t:01:20:40]
[I](2022-10-27  09:47:13 am)    [LNo:0002] 000170/001778
[I](2022-10-27  09:47:13 am)작업중 M코드정지 [d:62][t:01:20:40]
[I](2022-10-27  09:47:34 am)작업중 정지 [d:62][t:01:21:01]
[I](2022-10-27  09:47:34 am)    [LNo:0002] 000174/001778
[I](2022-10-27  09:47:35 am)작업중 M코드정지 [d:62][t:01:21:01]
[I](2022-10-27  10:00:42 am)작업중 정지 [d:73][t:01:34:09]
[I](2022-10-27  10:00:42 am)    [LNo:0002] 000204/001778
[I](2022-10-27  10:00:42 am)작업중 M코드정지 [d:73][t:01:34:09]
[I](2022-10-27  10:01:07 am)작업중 정지 [d:73][t:01:34:34]
[I](2022-10-27  10:01:07 am)    [LNo:0002] 000208/001778
[I](2022-10-27  10:01:07 am)작업중 M코드정지 [d:73][t:01:34:34]
[I](2022-10-27  10:14:09 am)작업중 정지 [d:84][t:01:47:36]
[I](2022-10-27  10:14:09 am)    [LNo:0002] 000238/001778
[I](2022-10-27  10:14:09 am)작업중 M코드정지 [d:84][t:01:47:36]
[I](2022-10-27  10:14:40 am)작업중 정지 [d:84][t:01:48:07]
[I](2022-10-27  10:14:40 am)    [LNo:0002] 000242/001778
[I](2022-10-27  10:14:40 am)작업중 M코드정지 [d:84][t:01:48:07]
[I](2022-10-27  10:27:36 am)작업중 정지 [d:95][t:02:01:03]
[I](2022-10-27  10:27:36 am)    [LNo:0002] 000272/001778
[I](2022-10-27  10:27:36 am)작업중 M코드정지 [d:95][t:02:01:03]
[I](2022-10-27  10:29:38 am)작업중 정지 [d:95][t:02:03:05]
[I](2022-10-27  10:29:38 am)    [LNo:0002] 000276/001778
[I](2022-10-27  10:29:38 am)작업중 M코드정지 [d:95][t:02:03:05]
[I](2022-10-27  10:42:46 am)작업중 정지 [d:106][t:02:16:13]
[I](2022-10-27  10:42:46 am)    [LNo:0002] 000306/001778
[I](2022-10-27  10:42:46 am)작업중 M코드정지 [d:106][t:02:16:13]
[I](2022-10-27  10:44:23 am)작업중 정지 [d:106][t:02:17:50]
[I](2022-10-27  10:44:23 am)    [LNo:0002] 000308/001778
[I](2022-10-27  10:44:52 am)작업 재시작
[I](2022-10-27  10:44:58 am)작업중 정지 [d:106][t:02:18:24]
[I](2022-10-27  10:44:58 am)    [LNo:0002] 000310/001778
[I](2022-10-27  10:44:58 am)작업중 M코드정지 [d:106][t:02:18:25]
[I](2022-10-27  10:57:35 am)작업중 정지 [d:117][t:02:31:02]
[I](2022-10-27  10:57:35 am)    [LNo:0002] 000340/001778
[I](2022-10-27  10:57:36 am)작업중 M코드정지 [d:117][t:02:31:02]
[I](2022-10-27  10:58:11 am)작업중 정지 [d:118][t:02:31:38]
[I](2022-10-27  10:58:11 am)    [LNo:0002] 000342/001778
[I](2022-10-27  10:58:29 am)작업 재시작
[I](2022-10-27  10:58:35 am)작업중 정지 [d:118][t:02:32:01]
[I](2022-10-27  10:58:35 am)    [LNo:0002] 000344/001778
[I](2022-10-27  10:58:35 am)작업중 M코드정지 [d:118][t:02:32:02]
[I](2022-10-27  11:11:09 am)작업중 정지 [d:130][t:02:44:36]
[I](2022-10-27  11:11:09 am)    [LNo:0002] 000374/001778
[I](2022-10-27  11:11:09 am)작업중 M코드정지 [d:130][t:02:44:36]
[I](2022-10-27  11:12:25 am)작업중 정지 [d:130][t:02:45:52]
[I](2022-10-27  11:12:25 am)    [LNo:0002] 000376/001778
[I](2022-10-27  11:12:48 am)작업 재시작
[I](2022-10-27  11:12:54 am)작업중 정지 [d:130][t:02:46:21]
[I](2022-10-27  11:12:54 am)    [LNo:0002] 000378/001778
[I](2022-10-27  11:12:54 am)작업중 M코드정지 [d:130][t:02:46:21]
[I](2022-10-27  11:15:20 am)작업중 정지 [d:131][t:02:48:47]
[I](2022-10-27  11:15:20 am)    [LNo:0002] 000399/001778
[I](2022-10-27  11:16:02 am)작업중 정지 [d:131][t:02:49:29]
[I](2022-10-27  11:16:02 am)    [LNo:0002] 000448/001778
[I](2022-10-27  11:16:58 am)작업중 정지 [d:131][t:02:50:25]
[I](2022-10-27  11:16:58 am)    [LNo:0002] 000457/001778
[I](2022-10-27  11:16:58 am)작업중 30sec 접촉 정지 [d:131][t:02:50:25]
[I](2022-10-27  11:19:03 am)작업 재시작
[I](2022-10-27  11:19:03 am)작업중 정지 [d:131][t:02:52:30]
[I](2022-10-27  11:19:03 am)    [LNo:0002] 000457/001778
[I](2022-10-27  11:20:26 am)Reset
[I](2022-10-27  11:20:26 am)Reset
[I](2022-10-27  11:20:41 am)작업 시작 [Start d:287]
[I](2022-10-27  11:20:41 am)Nc File: [No.0002-283.NC]
[I](2022-10-27  11:20:41 am)  * Start Machine Position
[I](2022-10-27  11:20:41 am)    X:    291.4085
[I](2022-10-27  11:20:41 am)    Y:   -292.2005
[I](2022-10-27  11:20:41 am)    U:      0.0000
[I](2022-10-27  11:20:41 am)    V:      0.0000
[I](2022-10-27  11:20:41 am)    Z:     30.4142
[I](2022-10-27  11:20:41 am)  * Angle
[I](2022-10-27  11:20:41 am)    Ar:      0.1297,Kr:      0.0000
[I](2022-10-27  11:20:41 am)    Taper_Ar:      0.0000
[I](2022-10-27  11:20:59 am)작업중 정지 [d:0][t:00:00:18]
[I](2022-10-27  11:20:59 am)    [LNo:0002] 000448/001778
[I](2022-10-27  11:21:49 am)작업중 정지 [d:0][t:00:01:07]
[I](2022-10-27  11:21:49 am)    [LNo:0002] 000457/001778
[I](2022-10-27  11:21:49 am)작업중 30sec 접촉 정지 [d:0][t:00:01:07]
[A](2022-10-27  11:22:30 am)[001] 와이어 미동작
[I](2022-10-27  11:26:39 am)작업중 정지 [d:0][t:00:05:58]
[I](2022-10-27  11:26:39 am)    [LNo:0002] 000484/001778
[I](2022-10-27  11:53:58 am)작업중 정지 [d:26][t:00:33:17]
[I](2022-10-27  11:53:58 am)    [LNo:0002] 000508/001778
[I](2022-10-27  11:53:58 am)작업중 M코드정지 [d:26][t:00:33:17]
[I](2022-10-27  11:57:09 am)작업중 정지 [d:27][t:00:36:28]
[I](2022-10-27  11:57:09 am)    [LNo:0002] 000512/001778
[I](2022-10-27  11:57:09 am)작업중 M코드정지 [d:27][t:00:36:28]
[I](2022-10-27  12:18:59 pm)작업중 정지 [d:47][t:00:58:18]
[I](2022-10-27  12:18:59 pm)    [LNo:0002] 000544/001778
[I](2022-10-27  12:18:59 pm)작업중 M코드정지 [d:47][t:00:58:18]
[I](2022-10-27  12:21:51 pm)작업중 정지 [d:47][t:01:01:09]
[I](2022-10-27  12:21:51 pm)    [LNo:0002] 000546/001778
[I](2022-10-27  12:22:11 pm)작업 재시작
[I](2022-10-27  12:22:17 pm)작업중 정지 [d:47][t:01:01:36]
[I](2022-10-27  12:22:17 pm)    [LNo:0002] 000548/001778
[I](2022-10-27  12:22:17 pm)작업중 M코드정지 [d:47][t:01:01:36]
[I](2022-10-27  12:37:02 pm)작업중 정지 [d:60][t:01:16:21]
[I](2022-10-27  12:37:02 pm)    [LNo:0002] 000580/001778
[I](2022-10-27  12:37:02 pm)작업중 M코드정지 [d:60][t:01:16:21]
[I](2022-10-27  12:37:24 pm)작업중 정지 [d:60][t:01:16:43]
[I](2022-10-27  12:37:24 pm)    [LNo:0002] 000584/001778
[I](2022-10-27  12:37:24 pm)작업중 M코드정지 [d:60][t:01:16:43]
[I](2022-10-27  12:46:13 pm)작업중 정지 [d:68][t:01:25:32]
[I](2022-10-27  12:46:13 pm)    [LNo:0002] 000607/001778
[I](2022-10-27  12:46:13 pm)작업중 M코드정지 [d:68][t:01:25:32]
[I](2022-10-27  12:54:22 pm)작업중 정지 [d:68][t:01:33:41]
[I](2022-10-27  12:54:22 pm)    [LNo:0002] 000608/001778
[I](2022-10-27  12:55:20 pm)작업 재시작
[I](2022-10-27  12:55:27 pm)작업중 정지 [d:68][t:01:34:45]
[I](2022-10-27  12:55:27 pm)    [LNo:0002] 000610/001778
[I](2022-10-27  12:55:27 pm)작업중 M코드정지 [d:68][t:01:34:46]
[I](2022-10-27  01:04:00 pm)작업중 정지 [d:75][t:01:43:19]
[I](2022-10-27  01:04:00 pm)    [LNo:0002] 000633/001778
[I](2022-10-27  01:04:00 pm)작업중 M코드정지 [d:75][t:01:43:19]
[I](2022-10-27  01:06:15 pm)작업중 정지 [d:76][t:01:45:34]
[I](2022-10-27  01:06:15 pm)    [LNo:0002] 000634/001778
[I](2022-10-27  01:06:36 pm)작업 재시작
[I](2022-10-27  01:06:41 pm)작업중 정지 [d:76][t:01:46:00]
[I](2022-10-27  01:06:41 pm)    [LNo:0002] 000636/001778
[I](2022-10-27  01:06:42 pm)작업중 M코드정지 [d:76][t:01:46:00]
[I](2022-10-27  01:47:59 pm)작업중 정지 [d:115][t:02:27:18]
[I](2022-10-27  01:47:59 pm)    [LNo:0002] 000686/001778
[I](2022-10-27  01:47:59 pm)작업중 M코드정지 [d:115][t:02:27:18]
[I](2022-10-27  01:48:27 pm)작업중 정지 [d:115][t:02:27:46]
[I](2022-10-27  01:48:27 pm)    [LNo:0002] 000690/001778
[I](2022-10-27  01:48:27 pm)작업중 M코드정지 [d:115][t:02:27:46]
[A](2022-10-27  01:48:53 pm)[001] 와이어 미동작
[I](2022-10-27  02:05:26 pm)작업중 정지 [d:130][t:02:44:45]
[I](2022-10-27  02:05:26 pm)    [LNo:0002] 000714/001778
[I](2022-10-27  02:05:26 pm)작업중 M코드정지 [d:130][t:02:44:45]
[I](2022-10-27  02:06:32 pm)작업중 정지 [d:130][t:02:45:51]
[I](2022-10-27  02:06:32 pm)    [LNo:0002] 000716/001778
[I](2022-10-27  02:06:53 pm)작업 재시작
[I](2022-10-27  02:06:58 pm)작업중 정지 [d:130][t:02:46:17]
[I](2022-10-27  02:06:58 pm)    [LNo:0002] 000718/001778
[I](2022-10-27  02:06:58 pm)작업중 M코드정지 [d:130][t:02:46:17]
[I](2022-10-27  02:23:40 pm)작업중 정지 [d:145][t:03:02:58]
[I](2022-10-27  02:23:40 pm)    [LNo:0002] 000742/001778
[I](2022-10-27  02:23:40 pm)작업중 M코드정지 [d:145][t:03:02:58]
[I](2022-10-27  02:23:52 pm)작업중 정지 [d:145][t:03:03:10]
[I](2022-10-27  02:23:52 pm)    [LNo:0002] 000744/001778
[I](2022-10-27  02:24:09 pm)작업 재시작
[I](2022-10-27  02:24:13 pm)작업중 정지 [d:146][t:03:03:32]
[I](2022-10-27  02:24:13 pm)    [LNo:0002] 000746/001778
[I](2022-10-27  02:24:13 pm)작업중 M코드정지 [d:146][t:03:03:32]
[I](2022-10-27  02:37:20 pm)작업중 정지 [d:146][t:03:16:39]
[I](2022-10-27  02:37:20 pm)    [LNo:0002] 000749/001778
[A](2022-10-27  02:37:20 pm)[010] 자동결선 Error(M21-절단실패)
[I](2022-10-27  03:44:24 pm)작업중 정지 [d:208][t:04:23:43]
[I](2022-10-27  03:44:24 pm)    [LNo:0002] 000784/001778
[I](2022-10-27  03:44:24 pm)작업중 M코드정지 [d:208][t:04:23:43]
[I](2022-10-27  03:44:45 pm)작업중 정지 [d:208][t:04:24:04]
[I](2022-10-27  03:44:45 pm)    [LNo:0002] 000787/001778
[I](2022-10-27  03:44:45 pm)Wire Contact Auto Stop(M52)
[I](2022-10-27  03:45:12 pm)작업 재시작
[I](2022-10-27  04:11:01 pm)작업중 정지 [d:232][t:04:50:20]
[I](2022-10-27  04:11:01 pm)    [LNo:0002] 000844/001778
[I](2022-10-27  04:11:02 pm)작업중 M코드정지 [d:232][t:04:50:20]
[I](2022-10-27  04:12:09 pm)작업중 정지 [d:233][t:04:51:28]
[I](2022-10-27  04:12:09 pm)    [LNo:0002] 000846/001778
[I](2022-10-27  04:12:09 pm)작업중 M코드정지 [d:233][t:04:51:28]
[I](2022-10-27  04:21:18 pm)작업중 정지 [d:241][t:05:00:37]
[I](2022-10-27  04:21:18 pm)    [LNo:0002] 000876/001778
[I](2022-10-27  04:21:18 pm)작업중 M코드정지 [d:241][t:05:00:37]
[I](2022-10-27  04:22:08 pm)작업중 정지 [d:242][t:05:01:27]
[I](2022-10-27  04:22:08 pm)    [LNo:0002] 000878/001778
[I](2022-10-27  04:22:21 pm)작업 재시작
[I](2022-10-27  04:22:23 pm)작업중 정지 [d:242][t:05:01:42]
[I](2022-10-27  04:22:23 pm)    [LNo:0002] 000879/001778
[I](2022-10-27  04:22:23 pm)작업중 M코드정지 [d:242][t:05:01:42]
[I](2022-10-27  04:43:21 pm)작업중 정지 [d:262][t:05:22:40]
[I](2022-10-27  04:43:21 pm)    [LNo:0002] 000904/001778
[I](2022-10-27  04:43:21 pm)작업중 M코드정지 [d:262][t:05:22:40]
[I](2022-10-27  04:43:44 pm)작업중 정지 [d:262][t:05:23:03]
[I](2022-10-27  04:43:44 pm)    [LNo:0002] 000905/001778
[I](2022-10-27  04:44:03 pm)작업 재시작
[I](2022-10-27  04:44:08 pm)작업중 정지 [d:263][t:05:23:27]
[I](2022-10-27  04:44:08 pm)    [LNo:0002] 000907/001778
[I](2022-10-27  04:44:08 pm)작업중 M코드정지 [d:263][t:05:23:27]
[I](2022-10-27  04:56:43 pm)작업중 정지 [d:274][t:05:36:02]
[I](2022-10-27  04:56:43 pm)    [LNo:0002] 000932/001778
[I](2022-10-27  04:56:43 pm)작업중 M코드정지 [d:274][t:05:36:02]
[I](2022-10-27  04:56:55 pm)작업중 정지 [d:274][t:05:36:14]
[I](2022-10-27  04:56:55 pm)    [LNo:0002] 000935/001778
[I](2022-10-27  04:56:55 pm)작업중 M코드정지 [d:274][t:05:36:14]
[I](2022-10-27  05:18:08 pm)작업중 정지 [d:294][t:05:57:27]
[I](2022-10-27  05:18:08 pm)    [LNo:0002] 000960/001778
[I](2022-10-27  05:18:08 pm)작업중 M코드정지 [d:294][t:05:57:27]
[I](2022-10-27  05:19:13 pm)작업중 정지 [d:295][t:05:58:32]
[I](2022-10-27  05:19:13 pm)    [LNo:0002] 000961/001778
[I](2022-10-27  05:19:36 pm)작업 재시작
[I](2022-10-27  05:19:41 pm)작업중 정지 [d:295][t:05:59:00]
[I](2022-10-27  05:19:41 pm)    [LNo:0002] 000963/001778
[I](2022-10-27  05:19:41 pm)작업중 M코드정지 [d:295][t:05:59:00]
[I](2022-10-27  05:33:07 pm)작업중 정지 [d:306][t:06:12:26]
[I](2022-10-27  05:33:07 pm)    [LNo:0002] 000988/001778
[I](2022-10-27  05:33:07 pm)작업중 M코드정지 [d:306][t:06:12:26]
[I](2022-10-27  05:35:52 pm)작업중 정지 [d:306][t:06:15:11]
[I](2022-10-27  05:35:52 pm)    [LNo:0002] 000991/001778
[I](2022-10-27  05:35:52 pm)작업중 M코드정지 [d:306][t:06:15:11]
[I](2022-10-27  05:46:34 pm)작업중 정지 [d:315][t:06:25:53]
[I](2022-10-27  05:46:34 pm)    [LNo:0002] 001016/001778
[I](2022-10-27  05:46:34 pm)작업중 M코드정지 [d:315][t:06:25:53]
[I](2022-10-27  05:51:09 pm)작업중 정지 [d:316][t:06:30:28]
[I](2022-10-27  05:51:09 pm)    [LNo:0002] 001019/001778
[I](2022-10-27  05:51:09 pm)작업중 M코드정지 [d:316][t:06:30:28]
[I](2022-10-27  06:01:38 pm)작업중 정지 [d:325][t:06:40:56]
[I](2022-10-27  06:01:38 pm)    [LNo:0002] 001044/001778
[I](2022-10-27  06:01:38 pm)작업중 M코드정지 [d:325][t:06:40:56]
[I](2022-10-27  06:16:50 pm)작업중 정지 [d:325][t:06:56:08]
[I](2022-10-27  06:16:50 pm)    [LNo:0002] 001047/001778
[I](2022-10-27  06:16:50 pm)작업중 M코드정지 [d:325][t:06:56:08]
[I](2022-10-27  06:37:22 pm)작업중 정지 [d:344][t:07:16:41]
[I](2022-10-27  06:37:22 pm)    [LNo:0002] 001072/001778
[I](2022-10-27  06:37:22 pm)작업중 M코드정지 [d:344][t:07:16:41]
[I](2022-10-27  06:37:40 pm)작업중 정지 [d:344][t:07:16:59]
[I](2022-10-27  06:37:40 pm)    [LNo:0002] 001073/001778
[I](2022-10-27  06:38:09 pm)작업 재시작
[I](2022-10-27  06:38:14 pm)작업중 정지 [d:344][t:07:17:32]
[I](2022-10-27  06:38:14 pm)    [LNo:0002] 001075/001778
[I](2022-10-27  06:38:14 pm)작업중 M코드정지 [d:344][t:07:17:32]
[I](2022-10-27  06:58:53 pm)작업중 정지 [d:363][t:07:38:12]
[I](2022-10-27  06:58:53 pm)    [LNo:0002] 001100/001778
[I](2022-10-27  06:58:53 pm)작업중 M코드정지 [d:363][t:07:38:12]
[I](2022-10-27  06:59:33 pm)작업중 정지 [d:363][t:07:38:52]
[I](2022-10-27  06:59:33 pm)    [LNo:0002] 001101/001778
[I](2022-10-27  06:59:33 pm)작업중 30sec 접촉 정지 [d:363][t:07:38:52]
[A](2022-10-27  07:00:11 pm)[037] 자동결선 잔여 WIRE 처리 실패!!
[I](2022-10-27  07:00:46 pm)Reset
[I](2022-10-27  07:00:54 pm)작업 시작 [Start d:650]
[I](2022-10-27  07:00:54 pm)Nc File: [No.0002-283.NC]
[I](2022-10-27  07:00:54 pm)  * Start Machine Position
[I](2022-10-27  07:00:54 pm)    X:    291.4085
[I](2022-10-27  07:00:54 pm)    Y:   -292.2005
[I](2022-10-27  07:00:54 pm)    U:      0.0000
[I](2022-10-27  07:00:54 pm)    V:      0.0000
[I](2022-10-27  07:00:54 pm)    Z:     30.4142
[I](2022-10-27  07:00:54 pm)  * Angle
[I](2022-10-27  07:00:54 pm)    Ar:      0.1297,Kr:      0.0000
[I](2022-10-27  07:00:54 pm)    Taper_Ar:      0.0000
[I](2022-10-27  07:01:34 pm)작업중 정지 [d:0][t:00:00:39]
[I](2022-10-27  07:01:34 pm)    [LNo:0002] 000449/001778
[A](2022-10-27  07:01:34 pm)[009] 자동결선 Error(M20-삽입실패)
[A](2022-10-27  07:01:45 pm)[001] 와이어 미동작
[A](2022-10-27  07:01:45 pm)[001] 와이어 미동작
[A](2022-10-27  07:01:45 pm)[001] 와이어 미동작
[I](2022-10-27  07:25:29 pm)작업중 정지 [d:20][t:00:24:35]
[I](2022-10-27  07:25:29 pm)    [LNo:0002] 000472/001778
[I](2022-10-27  07:25:29 pm)작업중 M코드정지 [d:20][t:00:24:35]
[I](2022-10-27  07:42:19 pm)작업중 정지 [d:20][t:00:41:24]
[I](2022-10-27  07:42:19 pm)    [LNo:0002] 000473/001778
[I](2022-10-27  07:42:24 pm)작업 재시작
[I](2022-10-27  07:42:37 pm)작업중 정지 [d:20][t:00:41:42]
[I](2022-10-27  07:42:37 pm)    [LNo:0002] 000474/001778
[I](2022-10-27  07:42:55 pm)작업 재시작
[I](2022-10-27  07:43:01 pm)작업중 정지 [d:20][t:00:42:06]
[I](2022-10-27  07:43:01 pm)    [LNo:0002] 000476/001778
[I](2022-10-27  07:43:01 pm)작업중 M코드정지 [d:20][t:00:42:06]
[I](2022-10-27  07:43:38 pm)작업중 정지 [d:20][t:00:42:43]
[I](2022-10-27  07:43:38 pm)    [LNo:0002] 000485/001778
[I](2022-10-27  07:43:38 pm)작업중 M코드정지 [d:20][t:00:42:43]
[I](2022-10-27  08:00:37 pm)Reset
[I](2022-10-27  08:00:37 pm)Reset
[I](2022-10-27  08:00:45 pm)Reset
[I](2022-10-27  08:05:19 pm)Reset
[I](2022-10-27  08:06:33 pm)작업 시작 [Start d:670]
[I](2022-10-27  08:06:33 pm)Nc File: [No.0002-283.NC]
[I](2022-10-27  08:06:33 pm)  * Start Machine Position
[I](2022-10-27  08:06:33 pm)    X:    291.4085
[I](2022-10-27  08:06:33 pm)    Y:   -292.2005
[I](2022-10-27  08:06:33 pm)    U:      0.0000
[I](2022-10-27  08:06:33 pm)    V:      0.0000
[I](2022-10-27  08:06:33 pm)    Z:     35.4142
[I](2022-10-27  08:06:33 pm)  * Angle
[I](2022-10-27  08:06:33 pm)    Ar:      0.1297,Kr:      0.0000
[I](2022-10-27  08:06:33 pm)    Taper_Ar:      0.0000
[I](2022-10-27  08:07:02 pm)작업중 정지 [d:-670][t:00:00:29]
[I](2022-10-27  08:07:03 pm)    [LNo:0002] 000010/001778
[I](2022-10-27  08:07:03 pm)작업중 M코드정지 [d:-670][t:00:00:29]
[I](2022-10-27  08:07:04 pm)작업중 정지 [d:-670][t:00:00:30]
[I](2022-10-27  08:07:04 pm)    [LNo:0002] 000013/001778
[I](2022-10-27  08:07:58 pm)작업중 정지 [d:-670][t:00:01:24]
[I](2022-10-27  08:07:58 pm)    [LNo:0002] 001149/001778
[I](2022-10-27  08:48:56 pm)작업중 정지 [d:-632][t:00:42:22]
[I](2022-10-27  08:48:56 pm)    [LNo:0002] 001246/001778
[A](2022-10-27  08:48:56 pm)[011] 자동결선 Error(M21-잔여와이어 처리실패)
[I](2022-10-27  08:55:27 pm)작업중 정지 [d:-627][t:00:48:54]
[I](2022-10-27  08:55:27 pm)    [LNo:0002] 001273/001778
[I](2022-10-27  08:55:28 pm)작업중 M코드정지 [d:-627][t:00:48:54]
[A](2022-10-27  08:56:48 pm)[037] 자동결선 잔여 WIRE 처리 실패!!
[I](2022-10-27  09:51:58 pm)작업중 정지 [d:-583][t:01:45:25]
[I](2022-10-27  09:51:58 pm)    [LNo:0002] 001526/001778
[A](2022-10-27  09:51:59 pm)[008] 작업중 단선(AWF Feed Motor Stop )
[I](2022-10-27  09:51:59 pm)작업중 Wire 단선 [d:-583][t:01:45:25]
[I](2022-10-27  09:52:10 pm)작업 재시작
[I](2022-10-27  10:49:37 pm)작업중 정지 [d:-535][t:02:43:03]
[I](2022-10-27  10:49:37 pm)    [LNo:0002] 001774/001778
[I](2022-10-27  10:49:37 pm)작업중 M코드정지 [d:-535][t:02:43:03]
