[I](2022-03-23  04:06:35 am)작업중 정지 [d:447][t:08:23:39]
[I](2022-03-23  04:06:35 am)    [LNo:0003] 002818/005417
[I](2022-03-23  04:06:36 am)작업중 M코드정지 [d:447][t:08:23:39]
[I](2022-03-23  08:38:14 am)작업중 정지 [d:447][t:12:55:17]
[I](2022-03-23  08:38:14 am)    [LNo:0003] 002823/005417
[I](2022-03-23  08:38:14 am)작업중 M코드정지 [d:447][t:12:55:17]
[I](2022-03-23  08:42:19 am)작업중 정지 [d:447][t:12:59:22]
[I](2022-03-23  08:42:19 am)    [LNo:0003] 002833/005417
[I](2022-03-23  08:42:19 am)작업중 30sec 접촉 정지 [d:447][t:12:59:22]
[I](2022-03-23  08:45:47 am)작업 재시작
[I](2022-03-23  08:46:34 am)작업중 정지 [d:448][t:13:03:37]
[I](2022-03-23  08:46:34 am)    [LNo:0003] 002839/005417
[I](2022-03-23  08:46:34 am)작업중 M코드정지 [d:448][t:13:03:37]
[I](2022-03-23  08:47:08 am)작업중 정지 [d:448][t:13:04:11]
[I](2022-03-23  08:47:08 am)    [LNo:0003] 002841/005417
[I](2022-03-23  08:47:35 am)작업 재시작
[I](2022-03-23  08:49:16 am)작업중 정지 [d:448][t:13:06:20]
[I](2022-03-23  08:49:16 am)    [LNo:0003] 002860/005417
[I](2022-03-23  08:49:16 am)작업중 30sec 접촉 정지 [d:448][t:13:06:20]
[I](2022-03-23  08:51:15 am)작업 재시작
[I](2022-03-23  08:51:59 am)작업중 정지 [d:449][t:13:09:02]
[I](2022-03-23  08:51:59 am)    [LNo:0003] 002861/005417
[I](2022-03-23  08:51:59 am)작업중 M코드정지 [d:449][t:13:09:02]
[I](2022-03-23  08:52:20 am)작업중 정지 [d:449][t:13:09:23]
[I](2022-03-23  08:52:20 am)    [LNo:0003] 002862/005417
[I](2022-03-23  08:52:49 am)작업 재시작
[I](2022-03-23  08:54:54 am)작업중 정지 [d:450][t:13:11:58]
[I](2022-03-23  08:54:54 am)    [LNo:0003] 002886/005417
[I](2022-03-23  08:54:54 am)작업중 M코드정지 [d:450][t:13:11:58]
[I](2022-03-23  08:56:29 am)작업중 정지 [d:450][t:13:13:32]
[I](2022-03-23  08:56:29 am)    [LNo:0003] 002887/005417
[I](2022-03-23  08:56:51 am)작업 재시작
[I](2022-03-23  08:59:01 am)작업중 정지 [d:451][t:13:16:05]
[I](2022-03-23  08:59:01 am)    [LNo:0003] 002909/005417
[I](2022-03-23  08:59:01 am)작업중 M코드정지 [d:451][t:13:16:05]
[I](2022-03-23  08:59:18 am)작업중 정지 [d:451][t:13:16:21]
[I](2022-03-23  08:59:18 am)    [LNo:0003] 002910/005417
[I](2022-03-23  08:59:39 am)작업 재시작
[I](2022-03-23  09:01:40 am)작업중 정지 [d:451][t:13:18:43]
[I](2022-03-23  09:01:40 am)    [LNo:0003] 002932/005417
[I](2022-03-23  09:01:40 am)작업중 M코드정지 [d:451][t:13:18:43]
[I](2022-03-23  09:01:54 am)작업중 정지 [d:452][t:13:18:57]
[I](2022-03-23  09:01:54 am)    [LNo:0003] 002933/005417
[I](2022-03-23  09:02:17 am)작업 재시작
[I](2022-03-23  09:04:31 am)작업중 정지 [d:453][t:13:21:35]
[I](2022-03-23  09:04:31 am)    [LNo:0003] 002955/005417
[I](2022-03-23  09:04:31 am)작업중 M코드정지 [d:453][t:13:21:35]
[I](2022-03-23  09:04:57 am)작업중 정지 [d:454][t:13:22:00]
[I](2022-03-23  09:04:57 am)    [LNo:0003] 002956/005417
[I](2022-03-23  09:05:32 am)작업 재시작
[I](2022-03-23  09:07:34 am)작업중 정지 [d:455][t:13:24:37]
[I](2022-03-23  09:07:34 am)    [LNo:0003] 002978/005417
[I](2022-03-23  09:07:34 am)작업중 M코드정지 [d:455][t:13:24:37]
[A](2022-03-23  09:07:46 am)[001] 와이어 미동작
[I](2022-03-23  09:08:00 am)작업중 정지 [d:455][t:13:25:03]
[I](2022-03-23  09:08:00 am)    [LNo:0003] 002980/005417
[I](2022-03-23  09:08:20 am)작업 재시작
[I](2022-03-23  09:10:29 am)작업중 정지 [d:456][t:13:27:32]
[I](2022-03-23  09:10:29 am)    [LNo:0003] 003002/005417
[I](2022-03-23  09:10:29 am)작업중 M코드정지 [d:456][t:13:27:32]
[I](2022-03-23  09:10:42 am)작업중 정지 [d:456][t:13:27:46]
[I](2022-03-23  09:10:42 am)    [LNo:0003] 003003/005417
[I](2022-03-23  09:11:02 am)작업 재시작
[I](2022-03-23  09:13:05 am)작업중 정지 [d:457][t:13:30:08]
[I](2022-03-23  09:13:05 am)    [LNo:0003] 003025/005417
[I](2022-03-23  09:13:05 am)작업중 M코드정지 [d:457][t:13:30:08]
[I](2022-03-23  09:13:30 am)작업중 정지 [d:457][t:13:30:34]
[I](2022-03-23  09:13:30 am)    [LNo:0003] 003026/005417
[I](2022-03-23  09:14:04 am)작업 재시작
[I](2022-03-23  09:16:31 am)작업중 정지 [d:458][t:13:33:35]
[I](2022-03-23  09:16:31 am)    [LNo:0003] 003049/005417
[I](2022-03-23  09:16:32 am)작업중 M코드정지 [d:458][t:13:33:35]
[I](2022-03-23  09:16:59 am)작업중 정지 [d:458][t:13:34:03]
[I](2022-03-23  09:16:59 am)    [LNo:0003] 003050/005417
[I](2022-03-23  09:17:32 am)작업 재시작
[I](2022-03-23  09:19:38 am)작업중 정지 [d:459][t:13:36:41]
[I](2022-03-23  09:19:38 am)    [LNo:0003] 003072/005417
[I](2022-03-23  09:19:38 am)작업중 M코드정지 [d:459][t:13:36:41]
[I](2022-03-23  09:19:57 am)작업중 정지 [d:460][t:13:37:01]
[I](2022-03-23  09:19:57 am)    [LNo:0003] 003074/005417
[I](2022-03-23  09:20:25 am)작업 재시작
[I](2022-03-23  09:22:52 am)작업중 정지 [d:462][t:13:39:56]
[I](2022-03-23  09:22:52 am)    [LNo:0003] 003096/005417
[I](2022-03-23  09:22:52 am)작업중 M코드정지 [d:462][t:13:39:56]
[I](2022-03-23  09:24:36 am)작업중 정지 [d:462][t:13:41:40]
[I](2022-03-23  09:24:36 am)    [LNo:0003] 003097/005417
[I](2022-03-23  09:25:08 am)작업 재시작
[I](2022-03-23  09:27:48 am)작업중 정지 [d:463][t:13:44:52]
[I](2022-03-23  09:27:48 am)    [LNo:0003] 003119/005417
[I](2022-03-23  09:27:48 am)작업중 M코드정지 [d:463][t:13:44:52]
[I](2022-03-23  09:28:09 am)작업중 정지 [d:463][t:13:45:13]
[I](2022-03-23  09:28:09 am)    [LNo:0003] 003120/005417
[I](2022-03-23  09:28:52 am)작업 재시작
[I](2022-03-23  09:31:16 am)작업중 정지 [d:464][t:13:48:19]
[I](2022-03-23  09:31:16 am)    [LNo:0003] 003142/005417
[I](2022-03-23  09:31:16 am)작업중 M코드정지 [d:464][t:13:48:19]
[I](2022-03-23  09:32:16 am)작업중 정지 [d:464][t:13:49:20]
[I](2022-03-23  09:32:16 am)    [LNo:0003] 003143/005417
[I](2022-03-23  09:32:45 am)작업 재시작
[I](2022-03-23  09:35:27 am)작업중 정지 [d:465][t:13:52:30]
[I](2022-03-23  09:35:27 am)    [LNo:0003] 003165/005417
[I](2022-03-23  09:35:27 am)작업중 M코드정지 [d:465][t:13:52:30]
[I](2022-03-23  09:36:11 am)작업중 정지 [d:465][t:13:53:14]
[I](2022-03-23  09:36:11 am)    [LNo:0003] 003166/005417
[I](2022-03-23  09:36:53 am)작업 재시작
[I](2022-03-23  09:37:24 am)작업중 정지 [d:465][t:13:54:27]
[I](2022-03-23  09:37:24 am)    [LNo:0003] 003169/005417
[I](2022-03-23  09:37:24 am)작업중 Single Block Stop [d:465][t:13:54:27]
[A](2022-03-23  09:38:18 am)[084] Work Tank Fluid Sensor Abnormal
[I](2022-03-23  09:39:27 am)Reset
[I](2022-03-23  09:39:27 am)Reset
[I](2022-03-23  09:45:25 am)Reset
[I](2022-03-23  09:46:15 am)Reset
[I](2022-03-23  09:48:41 am)Reset
[I](2022-03-23  09:49:12 am)Reset
[A](2022-03-23  09:53:01 am)[091] Auto Door Sensor Abnormal
[I](2022-03-23  09:53:18 am)작업 시작 [Start d:482]
[I](2022-03-23  09:53:18 am)Nc File: [No.0001-452.NC]
[I](2022-03-23  09:53:18 am)  * Start Machine Position
[I](2022-03-23  09:53:18 am)    X:     41.4764
[I](2022-03-23  09:53:18 am)    Y:   -382.7570
[I](2022-03-23  09:53:18 am)    U:      0.0000
[I](2022-03-23  09:53:18 am)    V:      0.0000
[I](2022-03-23  09:53:18 am)    Z:     37.6628
[I](2022-03-23  09:53:18 am)  * Angle
[I](2022-03-23  09:53:18 am)    Ar:      1.0948,Kr:      0.0000
[I](2022-03-23  09:53:18 am)    Taper_Ar:      0.0000
[I](2022-03-23  10:14:12 am)작업중 정지 [d:18][t:00:20:53]
[I](2022-03-23  10:14:12 am)    [LNo:0001] 000177/000680
[A](2022-03-23  10:14:12 am)[008] 작업중 단선(AWF Feed Motor Stop )
[I](2022-03-23  10:14:12 am)작업중 Wire 단선 [d:18][t:00:20:53]
[I](2022-03-23  10:14:23 am)작업 재시작
[I](2022-03-23  10:56:47 am)작업중 정지 [d:53][t:01:03:28]
[I](2022-03-23  10:56:47 am)    [LNo:0001] 000458/000680
[I](2022-03-23  10:56:47 am)작업중 M코드정지 [d:53][t:01:03:28]
[I](2022-03-23  10:57:21 am)작업중 정지 [d:53][t:01:04:03]
[I](2022-03-23  10:57:21 am)    [LNo:0001] 000459/000680
[I](2022-03-23  10:58:39 am)작업 재시작
[I](2022-03-23  10:58:42 am)작업중 정지 [d:53][t:01:05:24]
[I](2022-03-23  10:58:42 am)    [LNo:0001] 000460/000680
[I](2022-03-23  10:58:42 am)작업중 M코드정지 [d:53][t:01:05:24]
[I](2022-03-23  11:06:13 am)작업중 정지 [d:59][t:01:12:54]
[I](2022-03-23  11:06:13 am)    [LNo:0001] 000488/000680
[I](2022-03-23  11:06:13 am)작업중 M코드정지 [d:59][t:01:12:54]
[I](2022-03-23  11:06:43 am)작업중 정지 [d:59][t:01:13:25]
[I](2022-03-23  11:06:43 am)    [LNo:0001] 000489/000680
[I](2022-03-23  11:09:00 am)작업 재시작
[I](2022-03-23  11:09:05 am)작업중 정지 [d:59][t:01:15:46]
[I](2022-03-23  11:09:05 am)    [LNo:0001] 000490/000680
[I](2022-03-23  11:09:05 am)작업중 M코드정지 [d:59][t:01:15:46]
[I](2022-03-23  11:16:06 am)작업중 정지 [d:65][t:01:22:48]
[I](2022-03-23  11:16:06 am)    [LNo:0001] 000518/000680
[I](2022-03-23  11:16:06 am)작업중 M코드정지 [d:65][t:01:22:48]
[I](2022-03-23  11:16:47 am)작업중 정지 [d:65][t:01:23:28]
[I](2022-03-23  11:16:47 am)    [LNo:0001] 000520/000680
[I](2022-03-23  11:16:47 am)작업중 M코드정지 [d:65][t:01:23:28]
[I](2022-03-23  11:23:24 am)작업중 정지 [d:70][t:01:30:06]
[I](2022-03-23  11:23:24 am)    [LNo:0001] 000548/000680
[I](2022-03-23  11:23:25 am)작업중 M코드정지 [d:70][t:01:30:06]
[I](2022-03-23  11:24:13 am)작업중 정지 [d:70][t:01:30:55]
[I](2022-03-23  11:24:13 am)    [LNo:0001] 000550/000680
[I](2022-03-23  11:24:14 am)작업중 M코드정지 [d:70][t:01:30:55]
[I](2022-03-23  11:27:37 am)작업중 정지 [d:72][t:01:34:18]
[I](2022-03-23  11:27:37 am)    [LNo:0001] 000571/000680
[A](2022-03-23  11:27:37 am)[008] 작업중 단선(AWF Feed Motor Stop )
[I](2022-03-23  11:27:37 am)작업중 Wire 단선 [d:72][t:01:34:18]
[I](2022-03-23  11:27:48 am)작업 재시작
[I](2022-03-23  11:31:17 am)작업중 정지 [d:76][t:01:37:58]
[I](2022-03-23  11:31:17 am)    [LNo:0001] 000578/000680
[I](2022-03-23  11:31:17 am)작업중 M코드정지 [d:76][t:01:37:58]
[I](2022-03-23  11:31:58 am)작업중 정지 [d:76][t:01:38:40]
[I](2022-03-23  11:31:58 am)    [LNo:0001] 000580/000680
[I](2022-03-23  11:31:59 am)작업중 M코드정지 [d:76][t:01:38:40]
[I](2022-03-23  11:39:00 am)작업중 정지 [d:81][t:01:45:41]
[I](2022-03-23  11:39:00 am)    [LNo:0001] 000608/000680
[I](2022-03-23  11:39:00 am)작업중 M코드정지 [d:81][t:01:45:41]
[I](2022-03-23  11:39:45 am)작업중 정지 [d:81][t:01:46:27]
[I](2022-03-23  11:39:45 am)    [LNo:0001] 000610/000680
[I](2022-03-23  11:39:45 am)작업중 M코드정지 [d:81][t:01:46:27]
[I](2022-03-23  11:47:45 am)작업중 정지 [d:87][t:01:54:26]
[I](2022-03-23  11:47:45 am)    [LNo:0001] 000638/000680
[I](2022-03-23  11:47:45 am)작업중 M코드정지 [d:87][t:01:54:26]
[I](2022-03-23  11:48:22 am)작업중 정지 [d:87][t:01:55:04]
[I](2022-03-23  11:48:22 am)    [LNo:0001] 000640/000680
[I](2022-03-23  11:48:22 am)작업중 M코드정지 [d:87][t:01:55:04]
[I](2022-03-23  11:56:40 am)작업중 정지 [d:93][t:02:03:21]
[I](2022-03-23  11:56:40 am)    [LNo:0001] 000668/000680
[I](2022-03-23  11:56:40 am)작업중 M코드정지 [d:93][t:02:03:21]
[I](2022-03-23  11:57:20 am)작업중 정지 [d:93][t:02:04:02]
[I](2022-03-23  11:57:20 am)    [LNo:0001] 000669/000680
[I](2022-03-23  12:01:24 pm)Reset
[I](2022-03-23  12:01:24 pm)Reset
[I](2022-03-23  12:11:50 pm)Reset
[I](2022-03-23  12:12:52 pm)작업 시작 [Start d:575]
[I](2022-03-23  12:12:52 pm)Nc File: [No.0002-436.NC]
[I](2022-03-23  12:12:52 pm)  * Start Machine Position
[I](2022-03-23  12:12:52 pm)    X:    454.4136
[I](2022-03-23  12:12:52 pm)    Y:   -350.1590
[I](2022-03-23  12:12:52 pm)    U:      0.0000
[I](2022-03-23  12:12:52 pm)    V:      0.0000
[I](2022-03-23  12:12:52 pm)    Z:     18.4901
[I](2022-03-23  12:12:52 pm)  * Angle
[I](2022-03-23  12:12:52 pm)    Ar:     -0.1171,Kr:      0.0000
[I](2022-03-23  12:12:52 pm)    Taper_Ar:      0.0000
[I](2022-03-23  12:13:33 pm)작업중 정지 [d:0][t:00:00:41]
[I](2022-03-23  12:13:33 pm)    [LNo:0002] 000393/000721
[I](2022-03-23  12:13:48 pm)작업중 정지 [d:0][t:00:00:56]
[I](2022-03-23  12:13:48 pm)    [LNo:0002] 000410/000721
[I](2022-03-23  12:13:48 pm)작업중 M코드정지 [d:0][t:00:00:56]
[I](2022-03-23  12:13:51 pm)작업중 정지 [d:0][t:00:00:59]
[I](2022-03-23  12:13:51 pm)    [LNo:0002] 000413/000721
[I](2022-03-23  12:13:51 pm)작업중 M코드정지 [d:0][t:00:00:59]
[I](2022-03-23  12:15:05 pm)작업중 정지 [d:0][t:00:02:13]
[I](2022-03-23  12:15:05 pm)    [LNo:0002] 000569/000721
[I](2022-03-23  12:15:05 pm)작업중 M코드정지 [d:0][t:00:02:13]
[I](2022-03-23  12:16:41 pm)Reset
[I](2022-03-23  12:16:41 pm)Reset
[I](2022-03-23  12:17:57 pm)작업 시작 [Start d:575]
[I](2022-03-23  12:17:57 pm)Nc File: [No.0002-436.NC]
[I](2022-03-23  12:17:57 pm)  * Start Machine Position
[I](2022-03-23  12:17:57 pm)    X:    454.4136
[I](2022-03-23  12:17:57 pm)    Y:   -350.1590
[I](2022-03-23  12:17:57 pm)    U:      0.0000
[I](2022-03-23  12:17:57 pm)    V:      0.0000
[I](2022-03-23  12:17:57 pm)    Z:     18.4901
[I](2022-03-23  12:17:57 pm)  * Angle
[I](2022-03-23  12:17:57 pm)    Ar:     -0.1171,Kr:      0.0000
[I](2022-03-23  12:17:57 pm)    Taper_Ar:      0.0000
[I](2022-03-23  12:50:22 pm)작업중 정지 [d:28][t:00:32:24]
[I](2022-03-23  12:50:22 pm)    [LNo:0002] 000201/000721
[I](2022-03-23  12:50:22 pm)작업중 M코드정지 [d:28][t:00:32:24]
[I](2022-03-23  12:52:16 pm)작업중 정지 [d:28][t:00:34:18]
[I](2022-03-23  12:52:16 pm)    [LNo:0002] 000202/000721
[I](2022-03-23  12:52:35 pm)작업 재시작
[I](2022-03-23  01:11:15 pm)작업중 정지 [d:45][t:00:53:17]
[I](2022-03-23  01:11:15 pm)    [LNo:0002] 000264/000721
[I](2022-03-23  01:11:38 pm)작업 재시작
[I](2022-03-23  01:14:42 pm)작업중 정지 [d:48][t:00:56:44]
[I](2022-03-23  01:14:42 pm)    [LNo:0002] 000284/000721
[I](2022-03-23  01:14:42 pm)작업중 M코드정지 [d:48][t:00:56:45]
[I](2022-03-23  01:16:02 pm)작업중 정지 [d:48][t:00:58:04]
[I](2022-03-23  01:16:02 pm)    [LNo:0002] 000270/000721
[I](2022-03-23  01:29:42 pm)작업중 정지 [d:60][t:01:11:44]
[I](2022-03-23  01:29:42 pm)    [LNo:0002] 000316/000721
[I](2022-03-23  01:29:42 pm)작업중 M코드정지 [d:60][t:01:11:44]
[I](2022-03-23  01:32:17 pm)작업중 정지 [d:60][t:01:14:19]
[I](2022-03-23  01:32:17 pm)    [LNo:0002] 000320/000721
[I](2022-03-23  01:32:17 pm)작업중 M코드정지 [d:60][t:01:14:19]
[I](2022-03-23  01:48:01 pm)작업중 정지 [d:73][t:01:30:03]
[I](2022-03-23  01:48:01 pm)    [LNo:0002] 000365/000721
[I](2022-03-23  01:48:01 pm)작업중 M코드정지 [d:73][t:01:30:03]
[I](2022-03-23  01:48:26 pm)작업중 정지 [d:73][t:01:30:28]
[I](2022-03-23  01:48:26 pm)    [LNo:0002] 000368/000721
[I](2022-03-23  01:48:26 pm)작업중 M코드정지 [d:73][t:01:30:28]
[I](2022-03-23  01:52:32 pm)작업중 정지 [d:76][t:01:34:34]
[I](2022-03-23  01:52:32 pm)    [LNo:0002] 000388/000721
[I](2022-03-23  01:52:32 pm)작업중 Single Block Stop [d:76][t:01:34:34]
[I](2022-03-23  02:09:45 pm)작업중 정지 [d:90][t:01:51:47]
[I](2022-03-23  02:09:45 pm)    [LNo:0002] 000410/000721
[I](2022-03-23  02:09:45 pm)작업중 M코드정지 [d:90][t:01:51:47]
[I](2022-03-23  02:10:12 pm)작업중 정지 [d:90][t:01:52:14]
[I](2022-03-23  02:10:12 pm)    [LNo:0002] 000411/000721
[I](2022-03-23  02:10:34 pm)작업 재시작
[I](2022-03-23  02:10:42 pm)작업중 정지 [d:90][t:01:52:44]
[I](2022-03-23  02:10:42 pm)    [LNo:0002] 000413/000721
[I](2022-03-23  02:10:42 pm)작업중 M코드정지 [d:90][t:01:52:44]
[I](2022-03-23  02:28:58 pm)작업중 정지 [d:107][t:02:11:00]
[I](2022-03-23  02:28:58 pm)    [LNo:0002] 000479/000721
[I](2022-03-23  02:28:58 pm)작업중 M코드정지 [d:107][t:02:11:00]
[I](2022-03-23  02:29:22 pm)작업중 정지 [d:107][t:02:11:24]
[I](2022-03-23  02:29:22 pm)    [LNo:0002] 000481/000721
[I](2022-03-23  02:29:54 pm)작업 재시작
[I](2022-03-23  02:29:59 pm)작업중 정지 [d:107][t:02:12:01]
[I](2022-03-23  02:29:59 pm)    [LNo:0002] 000483/000721
[I](2022-03-23  02:29:59 pm)작업중 M코드정지 [d:107][t:02:12:01]
[I](2022-03-23  02:49:54 pm)작업중 정지 [d:125][t:02:31:56]
[I](2022-03-23  02:49:54 pm)    [LNo:0002] 000528/000721
[I](2022-03-23  02:49:54 pm)작업중 M코드정지 [d:125][t:02:31:56]
[I](2022-03-23  02:50:12 pm)작업중 정지 [d:125][t:02:32:14]
[I](2022-03-23  02:50:12 pm)    [LNo:0002] 000531/000721
[I](2022-03-23  02:50:12 pm)작업중 M코드정지 [d:125][t:02:32:14]
[I](2022-03-23  03:08:22 pm)작업중 정지 [d:142][t:02:50:24]
[I](2022-03-23  03:08:22 pm)    [LNo:0002] 000588/000721
[I](2022-03-23  03:08:22 pm)작업중 M코드정지 [d:142][t:02:50:24]
[I](2022-03-23  03:08:34 pm)작업중 정지 [d:142][t:02:50:36]
[I](2022-03-23  03:08:34 pm)    [LNo:0002] 000591/000721
[I](2022-03-23  03:08:34 pm)작업중 M코드정지 [d:142][t:02:50:36]
[I](2022-03-23  03:23:20 pm)작업중 정지 [d:155][t:03:05:22]
[I](2022-03-23  03:23:20 pm)    [LNo:0002] 000632/000721
[I](2022-03-23  03:23:20 pm)작업중 M코드정지 [d:155][t:03:05:22]
[I](2022-03-23  03:25:32 pm)작업중 정지 [d:155][t:03:07:34]
[I](2022-03-23  03:25:32 pm)    [LNo:0002] 000635/000721
[I](2022-03-23  03:25:32 pm)작업중 M코드정지 [d:155][t:03:07:34]
[I](2022-03-23  03:45:44 pm)작업중 정지 [d:173][t:03:27:47]
[I](2022-03-23  03:45:44 pm)    [LNo:0002] 000676/000721
[I](2022-03-23  03:45:45 pm)작업중 M코드정지 [d:173][t:03:27:47]
[I](2022-03-23  03:46:11 pm)작업중 정지 [d:173][t:03:28:13]
[I](2022-03-23  03:46:11 pm)    [LNo:0002] 000677/000721
[I](2022-03-23  03:47:53 pm)작업 재시작
[I](2022-03-23  03:47:58 pm)작업중 정지 [d:173][t:03:30:00]
[I](2022-03-23  03:47:58 pm)    [LNo:0002] 000679/000721
[I](2022-03-23  03:47:58 pm)작업중 M코드정지 [d:173][t:03:30:00]
[I](2022-03-23  03:55:51 pm)작업중 정지 [d:180][t:03:37:53]
[I](2022-03-23  03:55:51 pm)    [LNo:0002] 000716/000721
[I](2022-03-23  04:00:53 pm)Reset
[I](2022-03-23  04:02:36 pm)Reset
[I](2022-03-23  04:08:06 pm)Reset
[I](2022-03-23  04:12:16 pm)Reset
[I](2022-03-23  04:12:16 pm)Reset
[I](2022-03-23  04:15:14 pm)작업 시작 [Start d:0]
[I](2022-03-23  04:15:14 pm)Nc File: [No.0001-407.NC]
[I](2022-03-23  04:15:14 pm)  * Start Machine Position
[I](2022-03-23  04:15:14 pm)    X:    103.5169
[I](2022-03-23  04:15:14 pm)    Y:   -362.3401
[I](2022-03-23  04:15:14 pm)    U:      0.0000
[I](2022-03-23  04:15:14 pm)    V:      0.0000
[I](2022-03-23  04:15:14 pm)    Z:     18.3941
[I](2022-03-23  04:15:14 pm)  * Angle
[I](2022-03-23  04:15:14 pm)    Ar:      0.0905,Kr:      0.0000
[I](2022-03-23  04:15:14 pm)    Taper_Ar:      0.0000
[I](2022-03-23  04:19:00 pm)작업중 정지 [d:4][t:00:03:45]
[I](2022-03-23  04:19:00 pm)    [LNo:0001] 000022/000391
[I](2022-03-23  04:19:00 pm)작업중 M코드정지 [d:4][t:00:03:45]
[I](2022-03-23  04:32:41 pm)작업중 정지 [d:4][t:00:17:26]
[I](2022-03-23  04:32:41 pm)    [LNo:0001] 000026/000391
[I](2022-03-23  04:32:41 pm)작업중 M코드정지 [d:4][t:00:17:26]
[I](2022-03-23  04:34:33 pm)작업중 정지 [d:5][t:00:19:18]
[I](2022-03-23  04:34:33 pm)    [LNo:0001] 000045/000391
[I](2022-03-23  04:34:33 pm)작업중 M코드정지 [d:5][t:00:19:18]
[A](2022-03-23  04:44:40 pm)[037] 자동결선 잔여 WIRE 처리 실패!!
[I](2022-03-23  04:57:29 pm)작업중 정지 [d:16][t:00:42:15]
[I](2022-03-23  04:57:29 pm)    [LNo:0001] 000095/000391
[I](2022-03-23  04:57:29 pm)작업중 30sec 접촉 정지 [d:16][t:00:42:15]
[I](2022-03-23  04:57:49 pm)작업 재시작
[I](2022-03-23  05:01:19 pm)작업중 정지 [d:19][t:00:46:04]
[I](2022-03-23  05:01:19 pm)    [LNo:0001] 000104/000391
[I](2022-03-23  05:01:19 pm)작업중 30sec 접촉 정지 [d:19][t:00:46:04]
[I](2022-03-23  05:02:49 pm)작업 재시작
[I](2022-03-23  05:06:32 pm)작업중 정지 [d:22][t:00:51:18]
[I](2022-03-23  05:06:32 pm)    [LNo:0001] 000147/000391
[I](2022-03-23  05:06:32 pm)작업중 M코드정지 [d:22][t:00:51:18]
[I](2022-03-23  05:06:49 pm)작업중 정지 [d:23][t:00:51:34]
[I](2022-03-23  05:06:49 pm)    [LNo:0001] 000148/000391
[I](2022-03-23  05:06:49 pm)Wire Contact Auto Stop(M52)
[I](2022-03-23  05:09:32 pm)작업 재시작
[I](2022-03-23  05:09:34 pm)작업중 정지 [d:23][t:00:54:19]
[I](2022-03-23  05:09:34 pm)    [LNo:0001] 000149/000391
[I](2022-03-23  05:09:34 pm)작업중 M코드정지 [d:23][t:00:54:20]
[I](2022-03-23  05:13:35 pm)작업중 정지 [d:25][t:00:58:21]
[I](2022-03-23  05:13:35 pm)    [LNo:0001] 000173/000391
[I](2022-03-23  05:13:35 pm)작업중 M코드정지 [d:25][t:00:58:21]
[I](2022-03-23  05:14:10 pm)작업중 정지 [d:25][t:00:58:56]
[I](2022-03-23  05:14:10 pm)    [LNo:0001] 000175/000391
[I](2022-03-23  05:14:32 pm)작업 재시작
[I](2022-03-23  05:14:38 pm)작업중 정지 [d:25][t:00:59:24]
[I](2022-03-23  05:14:38 pm)    [LNo:0001] 000177/000391
[I](2022-03-23  05:14:38 pm)작업중 M코드정지 [d:25][t:00:59:24]
[I](2022-03-23  05:27:30 pm)작업중 정지 [d:36][t:01:12:15]
[I](2022-03-23  05:27:30 pm)    [LNo:0001] 000247/000391
[I](2022-03-23  05:27:30 pm)작업중 30sec 접촉 정지 [d:36][t:01:12:15]
[I](2022-03-23  05:29:29 pm)작업 재시작
[I](2022-03-23  05:32:42 pm)작업중 정지 [d:39][t:01:17:27]
[I](2022-03-23  05:32:42 pm)    [LNo:0001] 000256/000391
[I](2022-03-23  05:32:42 pm)작업중 30sec 접촉 정지 [d:39][t:01:17:28]
[I](2022-03-23  05:33:20 pm)작업 재시작
[I](2022-03-23  05:36:34 pm)작업중 정지 [d:42][t:01:21:20]
[I](2022-03-23  05:36:34 pm)    [LNo:0001] 000299/000391
[I](2022-03-23  05:36:35 pm)작업중 M코드정지 [d:42][t:01:21:20]
[I](2022-03-23  05:36:52 pm)작업중 정지 [d:42][t:01:21:37]
[I](2022-03-23  05:36:52 pm)    [LNo:0001] 000300/000391
[I](2022-03-23  05:36:52 pm)Wire Contact Auto Stop(M52)
[I](2022-03-23  05:37:13 pm)작업 재시작
[I](2022-03-23  05:37:16 pm)작업중 정지 [d:42][t:01:22:02]
[I](2022-03-23  05:37:16 pm)    [LNo:0001] 000301/000391
[I](2022-03-23  05:37:16 pm)작업중 M코드정지 [d:42][t:01:22:02]
[I](2022-03-23  06:02:21 pm)작업중 정지 [d:66][t:01:47:07]
[I](2022-03-23  06:02:21 pm)    [LNo:0001] 000348/000391
[I](2022-03-23  06:02:21 pm)작업중 30sec 접촉 정지 [d:66][t:01:47:07]
[I](2022-03-23  06:03:07 pm)작업 재시작
[I](2022-03-23  06:09:31 pm)작업중 정지 [d:72][t:01:54:17]
[I](2022-03-23  06:09:31 pm)    [LNo:0001] 000379/000391
[I](2022-03-23  06:09:31 pm)작업중 M코드정지 [d:72][t:01:54:17]
[I](2022-03-23  06:09:43 pm)작업중 정지 [d:72][t:01:54:29]
[I](2022-03-23  06:09:43 pm)    [LNo:0001] 000380/000391
[I](2022-03-23  06:09:43 pm)Wire Contact Auto Stop(M52)
[I](2022-03-23  06:50:24 pm)Reset
[I](2022-03-23  06:50:31 pm)Reset
[I](2022-03-23  06:52:04 pm)Reset
[I](2022-03-23  06:52:54 pm)Reset
[I](2022-03-23  06:57:10 pm)Reset
[I](2022-03-23  06:57:15 pm)Reset
[I](2022-03-23  06:57:15 pm)Reset
[I](2022-03-23  06:59:00 pm)작업 시작 [Start d:72]
[I](2022-03-23  06:59:00 pm)Nc File: [No.0002-409.NC]
[I](2022-03-23  06:59:00 pm)  * Start Machine Position
[I](2022-03-23  06:59:00 pm)    X:    105.0984
[I](2022-03-23  06:59:00 pm)    Y:   -386.2464
[I](2022-03-23  06:59:00 pm)    U:      0.0000
[I](2022-03-23  06:59:00 pm)    V:      0.0000
[I](2022-03-23  06:59:00 pm)    Z:     20.3821
[I](2022-03-23  06:59:00 pm)  * Angle
[I](2022-03-23  06:59:00 pm)    Ar:     -0.0036,Kr:      0.0000
[I](2022-03-23  06:59:00 pm)    Taper_Ar:      0.0000
[I](2022-03-23  06:59:48 pm)작업중 정지 [d:0][t:00:00:47]
[I](2022-03-23  06:59:48 pm)    [LNo:0002] 000635/001483
[I](2022-03-23  07:00:19 pm)작업중 정지 [d:0][t:00:01:18]
[I](2022-03-23  07:00:19 pm)    [LNo:0002] 000638/001483
[I](2022-03-23  07:00:38 pm)작업중 정지 [d:0][t:00:01:38]
[I](2022-03-23  07:00:38 pm)    [LNo:0002] 000690/001483
[I](2022-03-23  07:01:34 pm)작업중 정지 [d:0][t:00:02:33]
[I](2022-03-23  07:01:34 pm)    [LNo:0002] 000691/001483
[I](2022-03-23  07:01:34 pm)작업중 정지 [d:0][t:00:02:34]
[I](2022-03-23  07:01:34 pm)    [LNo:0002] 000691/001483
[I](2022-03-23  07:02:02 pm)작업중 정지 [d:0][t:00:03:02]
[I](2022-03-23  07:02:02 pm)    [LNo:0002] 000746/001483
[I](2022-03-23  07:02:58 pm)작업중 정지 [d:0][t:00:03:57]
[I](2022-03-23  07:02:58 pm)    [LNo:0002] 000747/001483
[I](2022-03-23  07:03:17 pm)작업중 정지 [d:0][t:00:04:16]
[I](2022-03-23  07:03:17 pm)    [LNo:0002] 000774/001483
[I](2022-03-23  07:04:21 pm)Reset
[I](2022-03-23  07:04:21 pm)Reset
[I](2022-03-23  07:04:28 pm)작업 시작 [Start d:72]
[I](2022-03-23  07:04:28 pm)Nc File: [No.0005-462.NC]
[I](2022-03-23  07:04:28 pm)  * Start Machine Position
[I](2022-03-23  07:04:28 pm)    X:    105.0984
[I](2022-03-23  07:04:28 pm)    Y:   -386.2464
[I](2022-03-23  07:04:28 pm)    U:      0.0000
[I](2022-03-23  07:04:28 pm)    V:      0.0000
[I](2022-03-23  07:04:28 pm)    Z:     20.3821
[I](2022-03-23  07:04:28 pm)  * Angle
[I](2022-03-23  07:04:28 pm)    Ar:     -0.0036,Kr:      0.0000
[I](2022-03-23  07:04:28 pm)    Taper_Ar:      0.0000
[I](2022-03-23  07:46:44 pm)작업중 정지 [d:39][t:00:42:15]
[I](2022-03-23  07:46:44 pm)    [LNo:0005] 000150/001737
[I](2022-03-23  07:46:44 pm)작업중 30sec 접촉 정지 [d:39][t:00:42:15]
[I](2022-03-23  07:56:14 pm)작업 재시작
[I](2022-03-23  07:56:56 pm)작업중 정지 [d:40][t:00:52:28]
[I](2022-03-23  07:56:56 pm)    [LNo:0005] 000152/001737
[I](2022-03-23  07:58:34 pm)작업 재시작
[I](2022-03-23  10:37:48 pm)작업중 정지 [d:180][t:03:33:19]
[I](2022-03-23  10:37:48 pm)    [LNo:0005] 000703/001737
[A](2022-03-23  10:37:48 pm)[008] 작업중 단선(AWF Feed Motor Stop )
[I](2022-03-23  10:37:48 pm)작업중 Wire 단선 [d:180][t:03:33:20]
[I](2022-03-23  10:37:59 pm)작업 재시작
[I](2022-03-23  10:51:16 pm)작업중 정지 [d:192][t:03:46:48]
[I](2022-03-23  10:51:16 pm)    [LNo:0005] 000717/001737
[I](2022-03-23  10:51:16 pm)작업중 M코드정지 [d:192][t:03:46:48]
