[I](2022-01-28  08:41:58 am)작업중 정지 [d:-577][t:13:51:41]
[I](2022-01-28  08:41:58 am)    [LNo:0001] 000435/000446
[A](2022-01-28  08:42:27 am)[037] 자동결선 잔여 WIRE 처리 실패!!
[A](2022-01-28  08:42:39 am)[084] Work Tank Fluid Sensor Abnormal
[A](2022-01-28  08:42:39 am)[084] Work Tank Fluid Sensor Abnormal
[A](2022-01-28  08:42:39 am)[084] Work Tank Fluid Sensor Abnormal
[A](2022-01-28  08:42:40 am)[084] Work Tank Fluid Sensor Abnormal
[A](2022-01-28  08:42:40 am)[084] Work Tank Fluid Sensor Abnormal
[A](2022-01-28  08:42:40 am)[084] Work Tank Fluid Sensor Abnormal
[A](2022-01-28  08:42:41 am)[084] Work Tank Fluid Sensor Abnormal
[A](2022-01-28  08:42:41 am)[084] Work Tank Fluid Sensor Abnormal
[A](2022-01-28  08:42:41 am)[084] Work Tank Fluid Sensor Abnormal
[A](2022-01-28  08:42:42 am)[084] Work Tank Fluid Sensor Abnormal
[A](2022-01-28  08:42:42 am)[084] Work Tank Fluid Sensor Abnormal
[A](2022-01-28  08:42:42 am)[084] Work Tank Fluid Sensor Abnormal
[A](2022-01-28  08:42:43 am)[084] Work Tank Fluid Sensor Abnormal
[A](2022-01-28  08:42:43 am)[084] Work Tank Fluid Sensor Abnormal
[A](2022-01-28  08:42:43 am)[084] Work Tank Fluid Sensor Abnormal
[A](2022-01-28  08:42:43 am)[084] Work Tank Fluid Sensor Abnormal
[A](2022-01-28  08:42:44 am)[084] Work Tank Fluid Sensor Abnormal
[A](2022-01-28  08:42:44 am)[084] Work Tank Fluid Sensor Abnormal
[A](2022-01-28  08:42:44 am)[084] Work Tank Fluid Sensor Abnormal
[A](2022-01-28  08:42:45 am)[084] Work Tank Fluid Sensor Abnormal
[A](2022-01-28  08:42:45 am)[084] Work Tank Fluid Sensor Abnormal
[A](2022-01-28  08:42:45 am)[084] Work Tank Fluid Sensor Abnormal
[A](2022-01-28  08:42:45 am)[084] Work Tank Fluid Sensor Abnormal
[A](2022-01-28  08:42:46 am)[084] Work Tank Fluid Sensor Abnormal
[A](2022-01-28  08:42:46 am)[084] Work Tank Fluid Sensor Abnormal
[A](2022-01-28  08:42:46 am)[084] Work Tank Fluid Sensor Abnormal
[A](2022-01-28  08:42:46 am)[084] Work Tank Fluid Sensor Abnormal
[A](2022-01-28  08:42:47 am)[084] Work Tank Fluid Sensor Abnormal
[A](2022-01-28  08:42:47 am)[084] Work Tank Fluid Sensor Abnormal
[A](2022-01-28  08:42:47 am)[084] Work Tank Fluid Sensor Abnormal
[A](2022-01-28  08:42:47 am)[084] Work Tank Fluid Sensor Abnormal
[A](2022-01-28  08:42:48 am)[084] Work Tank Fluid Sensor Abnormal
[A](2022-01-28  08:42:48 am)[084] Work Tank Fluid Sensor Abnormal
[A](2022-01-28  08:42:48 am)[084] Work Tank Fluid Sensor Abnormal
[A](2022-01-28  08:42:49 am)[084] Work Tank Fluid Sensor Abnormal
[A](2022-01-28  08:42:49 am)[084] Work Tank Fluid Sensor Abnormal
[A](2022-01-28  08:42:49 am)[084] Work Tank Fluid Sensor Abnormal
[A](2022-01-28  08:42:50 am)[084] Work Tank Fluid Sensor Abnormal
[A](2022-01-28  08:42:50 am)[084] Work Tank Fluid Sensor Abnormal
[I](2022-01-28  08:42:53 am)Reset
[A](2022-01-28  08:42:54 am)[084] Work Tank Fluid Sensor Abnormal
[A](2022-01-28  08:42:55 am)[084] Work Tank Fluid Sensor Abnormal
[I](2022-01-28  08:47:04 am)Reset
[I](2022-01-28  08:50:28 am)Reset
[I](2022-01-28  08:50:30 am)Reset
[I](2022-01-28  09:01:34 am)Reset
[I](2022-01-28  09:02:08 am)Reset
[I](2022-01-28  09:02:13 am)Reset
[I](2022-01-28  09:02:15 am)Reset
[A](2022-01-28  09:02:32 am)[037] 자동결선 잔여 WIRE 처리 실패!!
[A](2022-01-28  09:02:48 am)[033] 자동결선 회수 롤러 WIRE CONTACT!!
[I](2022-01-28  09:03:56 am)Reset
[I](2022-01-28  09:05:55 am)작업 시작 [Start d:0]
[I](2022-01-28  09:05:55 am)Nc File: [No.0005-379.NC]
[I](2022-01-28  09:05:55 am)  * Start Machine Position
[I](2022-01-28  09:05:55 am)    X:     42.8743
[I](2022-01-28  09:05:55 am)    Y:   -375.8409
[I](2022-01-28  09:05:55 am)    U:      0.0000
[I](2022-01-28  09:05:55 am)    V:      0.0000
[I](2022-01-28  09:05:55 am)    Z:     33.5592
[I](2022-01-28  09:05:55 am)  * Angle
[I](2022-01-28  09:05:55 am)    Ar:     -0.2384,Kr:      0.0000
[I](2022-01-28  09:05:55 am)    Taper_Ar:      0.0000
[I](2022-01-28  09:06:11 am)작업중 정지 [d:0][t:00:00:16]
[I](2022-01-28  09:06:11 am)    [LNo:0005] 000782/000807
[I](2022-01-28  09:07:14 am)Reset
[I](2022-01-28  09:07:38 am)Reset
[I](2022-01-28  09:07:47 am)작업 시작 [Start d:0]
[I](2022-01-28  09:07:47 am)Nc File: [No.0005-379.NC]
[I](2022-01-28  09:07:47 am)  * Start Machine Position
[I](2022-01-28  09:07:47 am)    X:     42.8743
[I](2022-01-28  09:07:47 am)    Y:   -375.8409
[I](2022-01-28  09:07:47 am)    U:      0.0000
[I](2022-01-28  09:07:47 am)    V:      0.0000
[I](2022-01-28  09:07:47 am)    Z:     33.5592
[I](2022-01-28  09:07:47 am)  * Angle
[I](2022-01-28  09:07:47 am)    Ar:     -0.2384,Kr:      0.0000
[I](2022-01-28  09:07:47 am)    Taper_Ar:      0.0000
[I](2022-01-28  09:15:53 am)작업중 정지 [d:8][t:00:08:05]
[I](2022-01-28  09:15:53 am)    [LNo:0005] 000055/000807
[I](2022-01-28  09:15:53 am)작업중 M코드정지 [d:8][t:00:08:05]
[I](2022-01-28  09:40:42 am)작업중 정지 [d:8][t:00:32:55]
[I](2022-01-28  09:40:42 am)    [LNo:0005] 000057/000807
[I](2022-01-28  09:40:43 am)작업중 M코드정지 [d:8][t:00:32:55]
[I](2022-01-28  09:42:22 am)작업중 정지 [d:8][t:00:34:35]
[I](2022-01-28  09:42:22 am)    [LNo:0005] 000060/000807
[I](2022-01-28  09:42:25 am)작업중 정지 [d:8][t:00:34:37]
[I](2022-01-28  09:42:25 am)    [LNo:0005] 000060/000807
[A](2022-01-28  09:42:25 am)[010] 자동결선 Error(M21-절단실패)
[I](2022-01-28  09:50:33 am)작업중 정지 [d:16][t:00:42:46]
[I](2022-01-28  09:50:33 am)    [LNo:0005] 000114/000807
[I](2022-01-28  09:50:33 am)작업중 M코드정지 [d:16][t:00:42:46]
[I](2022-01-28  09:55:23 am)작업중 정지 [d:16][t:00:47:36]
[I](2022-01-28  09:55:23 am)    [LNo:0005] 000115/000807
[I](2022-01-28  09:56:54 am)작업 재시작
[I](2022-01-28  09:57:04 am)작업중 정지 [d:16][t:00:49:17]
[I](2022-01-28  09:57:04 am)    [LNo:0005] 000116/000807
[I](2022-01-28  09:57:04 am)작업중 M코드정지 [d:16][t:00:49:17]
[I](2022-01-28  09:57:08 am)작업중 정지 [d:16][t:00:49:21]
[I](2022-01-28  09:57:08 am)    [LNo:0005] 000119/000807
[I](2022-01-28  09:57:11 am)작업중 정지 [d:16][t:00:49:24]
[I](2022-01-28  09:57:11 am)    [LNo:0005] 000119/000807
[A](2022-01-28  09:57:11 am)[010] 자동결선 Error(M21-절단실패)
[I](2022-01-28  10:05:21 am)작업중 정지 [d:24][t:00:57:34]
[I](2022-01-28  10:05:21 am)    [LNo:0005] 000172/000807
[I](2022-01-28  10:05:22 am)Wire Contact Auto Stop(M52)
[I](2022-01-28  10:05:41 am)작업 재시작
[I](2022-01-28  10:05:48 am)작업중 정지 [d:24][t:00:58:00]
[I](2022-01-28  10:05:48 am)    [LNo:0005] 000172/000807
[A](2022-01-28  10:06:08 am)[037] 자동결선 잔여 WIRE 처리 실패!!
[I](2022-01-28  10:07:34 am)작업 재시작
[I](2022-01-28  10:07:37 am)작업중 정지 [d:24][t:00:59:50]
[I](2022-01-28  10:07:37 am)    [LNo:0005] 000173/000807
[I](2022-01-28  10:07:37 am)작업중 M코드정지 [d:24][t:00:59:50]
[I](2022-01-28  10:07:47 am)작업중 정지 [d:24][t:00:59:59]
[I](2022-01-28  10:07:47 am)    [LNo:0005] 000175/000807
[I](2022-01-28  10:07:47 am)작업중 M코드정지 [d:24][t:00:59:59]
[I](2022-01-28  10:07:52 am)작업중 정지 [d:24][t:01:00:04]
[I](2022-01-28  10:07:52 am)    [LNo:0005] 000178/000807
[I](2022-01-28  10:07:54 am)작업중 정지 [d:24][t:01:00:07]
[I](2022-01-28  10:07:54 am)    [LNo:0005] 000178/000807
[A](2022-01-28  10:07:54 am)[010] 자동결선 Error(M21-절단실패)
[I](2022-01-28  10:16:38 am)작업중 정지 [d:32][t:01:08:50]
[I](2022-01-28  10:16:38 am)    [LNo:0005] 000232/000807
[I](2022-01-28  10:16:38 am)작업중 M코드정지 [d:32][t:01:08:50]
[I](2022-01-28  10:17:14 am)작업중 정지 [d:32][t:01:09:27]
[I](2022-01-28  10:17:14 am)    [LNo:0005] 000233/000807
[I](2022-01-28  10:18:43 am)작업 재시작
[I](2022-01-28  10:18:48 am)작업중 정지 [d:32][t:01:11:00]
[I](2022-01-28  10:18:48 am)    [LNo:0005] 000234/000807
[I](2022-01-28  10:18:48 am)작업중 M코드정지 [d:32][t:01:11:00]
[I](2022-01-28  10:28:12 am)작업중 정지 [d:40][t:01:20:25]
[I](2022-01-28  10:28:12 am)    [LNo:0005] 000291/000807
[I](2022-01-28  10:28:12 am)작업중 M코드정지 [d:40][t:01:20:25]
[I](2022-01-28  11:10:48 am)작업중 정지 [d:40][t:02:03:00]
[I](2022-01-28  11:10:48 am)    [LNo:0005] 000292/000807
[I](2022-01-28  11:12:47 am)작업 재시작
[I](2022-01-28  11:12:54 am)작업중 정지 [d:40][t:02:05:06]
[I](2022-01-28  11:12:54 am)    [LNo:0005] 000293/000807
[I](2022-01-28  11:12:54 am)작업중 M코드정지 [d:40][t:02:05:06]
[I](2022-01-28  11:22:12 am)작업중 정지 [d:48][t:02:14:24]
[I](2022-01-28  11:22:12 am)    [LNo:0005] 000349/000807
[I](2022-01-28  11:22:12 am)Wire Contact Auto Stop(M52)
[I](2022-01-28  11:25:58 am)작업 재시작
[I](2022-01-28  11:25:59 am)작업중 정지 [d:48][t:02:18:12]
[I](2022-01-28  11:25:59 am)    [LNo:0005] 000350/000807
[I](2022-01-28  11:25:59 am)작업중 M코드정지 [d:48][t:02:18:12]
[I](2022-01-28  11:26:15 am)작업중 정지 [d:48][t:02:18:28]
[I](2022-01-28  11:26:15 am)    [LNo:0005] 000352/000807
[I](2022-01-28  11:26:16 am)작업중 M코드정지 [d:48][t:02:18:28]
[I](2022-01-28  11:36:12 am)작업중 정지 [d:56][t:02:28:25]
[I](2022-01-28  11:36:12 am)    [LNo:0005] 000409/000807
[I](2022-01-28  11:36:12 am)작업중 M코드정지 [d:56][t:02:28:25]
[I](2022-01-28  11:39:15 am)작업중 정지 [d:56][t:02:31:27]
[I](2022-01-28  11:39:15 am)    [LNo:0005] 000410/000807
[I](2022-01-28  11:40:13 am)작업 재시작
[I](2022-01-28  11:40:15 am)작업중 정지 [d:56][t:02:32:27]
[I](2022-01-28  11:40:15 am)    [LNo:0005] 000411/000807
[I](2022-01-28  11:40:15 am)작업중 M코드정지 [d:56][t:02:32:27]
[I](2022-01-28  11:52:16 am)작업중 정지 [d:65][t:02:44:29]
[I](2022-01-28  11:52:16 am)    [LNo:0005] 000468/000807
[I](2022-01-28  11:52:16 am)작업중 M코드정지 [d:65][t:02:44:29]
[I](2022-01-28  11:53:07 am)작업중 정지 [d:65][t:02:45:20]
[I](2022-01-28  11:53:07 am)    [LNo:0005] 000470/000807
[I](2022-01-28  11:53:07 am)작업중 M코드정지 [d:65][t:02:45:20]
[I](2022-01-28  12:03:15 pm)작업중 정지 [d:73][t:02:55:27]
[I](2022-01-28  12:03:15 pm)    [LNo:0005] 000527/000807
[I](2022-01-28  12:03:15 pm)작업중 M코드정지 [d:73][t:02:55:27]
[I](2022-01-28  12:40:48 pm)작업중 정지 [d:73][t:03:33:01]
[I](2022-01-28  12:40:48 pm)    [LNo:0005] 000529/000807
[I](2022-01-28  12:40:48 pm)작업중 M코드정지 [d:73][t:03:33:01]
[I](2022-01-28  12:44:47 pm)작업중 정지 [d:73][t:03:37:00]
[I](2022-01-28  12:44:47 pm)    [LNo:0005] 000532/000807
[A](2022-01-28  12:44:49 pm)[001] 와이어 미동작
[I](2022-01-28  01:33:40 pm)작업중 정지 [d:120][t:04:25:53]
[I](2022-01-28  01:33:40 pm)    [LNo:0005] 000596/000807
[I](2022-01-28  01:33:40 pm)작업중 30sec 접촉 정지 [d:120][t:04:25:53]
[I](2022-01-28  01:36:05 pm)작업 재시작
[I](2022-01-28  01:36:07 pm)작업중 정지 [d:120][t:04:28:20]
[I](2022-01-28  01:36:07 pm)    [LNo:0005] 000596/000807
[I](2022-01-28  01:36:30 pm)작업 재시작
[I](2022-01-28  02:04:59 pm)작업중 정지 [d:147][t:04:57:12]
[I](2022-01-28  02:04:59 pm)    [LNo:0005] 000639/000807
[I](2022-01-28  02:04:59 pm)작업중 30sec 접촉 정지 [d:147][t:04:57:12]
[I](2022-01-28  02:18:22 pm)작업 재시작
[I](2022-01-28  02:54:01 pm)작업중 정지 [d:180][t:05:46:13]
[I](2022-01-28  02:54:01 pm)    [LNo:0005] 000718/000807
[I](2022-01-28  03:29:31 pm)작업 재시작
[I](2022-01-28  03:53:13 pm)작업중 정지 [d:204][t:06:45:26]
[I](2022-01-28  03:53:13 pm)    [LNo:0005] 000724/000807
[I](2022-01-28  03:53:13 pm)작업중 30sec 접촉 정지 [d:204][t:06:45:26]
[I](2022-01-28  04:03:00 pm)작업 재시작
[I](2022-01-28  05:25:25 pm)
[I](2022-01-28  05:25:25 pm)Work completed.
[I](2022-01-28  05:25:25 pm)작업 끝.(M02) [d:283][t:08:17:37]
[I](2022-01-28  08:22:12 pm)Reset
[I](2022-01-28  08:25:53 pm)Reset
[I](2022-01-28  08:25:59 pm)Reset
[I](2022-01-28  08:50:55 pm)Reset
[I](2022-01-28  08:51:34 pm)Reset
[I](2022-01-28  08:57:35 pm)Reset
[I](2022-01-28  08:59:26 pm)Reset
[I](2022-01-28  08:59:56 pm)Reset
[I](2022-01-28  09:00:20 pm)Reset
[I](2022-01-28  09:01:09 pm)Reset
[I](2022-01-28  09:07:55 pm)작업 시작 [Start d:283]
[I](2022-01-28  09:07:55 pm)Nc File: [No.0001-370.NC]
[I](2022-01-28  09:07:55 pm)  * Start Machine Position
[I](2022-01-28  09:07:55 pm)    X:    213.6254
[I](2022-01-28  09:07:55 pm)    Y:   -271.2176
[I](2022-01-28  09:07:56 pm)    U:      0.0000
[I](2022-01-28  09:07:56 pm)    V:      0.0000
[I](2022-01-28  09:07:56 pm)    Z:     30.3687
[I](2022-01-28  09:07:56 pm)  * Angle
[I](2022-01-28  09:07:56 pm)    Ar:      0.0685,Kr:      0.0000
[I](2022-01-28  09:07:56 pm)    Taper_Ar:      0.0000
[I](2022-01-28  09:08:06 pm)작업중 정지 [d:0][t:00:00:10]
[I](2022-01-28  09:08:06 pm)    [LNo:0001] 000124/008999
[I](2022-01-28  09:09:19 pm)작업중 정지 [d:0][t:00:01:23]
[I](2022-01-28  09:09:19 pm)    [LNo:0001] 000460/008999
[I](2022-01-28  09:11:29 pm)Reset
[I](2022-01-28  09:11:29 pm)Reset
[I](2022-01-28  09:13:00 pm)작업 시작 [Start d:283]
[I](2022-01-28  09:13:00 pm)Nc File: [No.0001-370.NC]
[I](2022-01-28  09:13:00 pm)  * Start Machine Position
[I](2022-01-28  09:13:00 pm)    X:     53.4774
[I](2022-01-28  09:13:00 pm)    Y:   -398.4091
[I](2022-01-28  09:13:00 pm)    U:      0.0000
[I](2022-01-28  09:13:00 pm)    V:      0.0000
[I](2022-01-28  09:13:00 pm)    Z:     30.3687
[I](2022-01-28  09:13:00 pm)  * Angle
[I](2022-01-28  09:13:00 pm)    Ar:      0.0685,Kr:      0.0000
[I](2022-01-28  09:13:00 pm)    Taper_Ar:      0.0000
[I](2022-01-28  09:13:12 pm)작업중 정지 [d:0][t:00:00:12]
[I](2022-01-28  09:13:12 pm)    [LNo:0001] 000628/008999
[A](2022-01-28  09:13:19 pm)[036] 자동결선 절단 공정 실패!!
[I](2022-01-28  09:14:33 pm)작업중 정지 [d:0][t:00:01:33]
[I](2022-01-28  09:14:33 pm)    [LNo:0001] 000645/008999
[I](2022-01-28  09:14:33 pm)작업중 M코드정지 [d:0][t:00:01:33]
[I](2022-01-28  09:14:34 pm)작업중 정지 [d:0][t:00:01:34]
[I](2022-01-28  09:14:34 pm)    [LNo:0001] 000648/008999
[I](2022-01-28  09:14:34 pm)작업중 M코드정지 [d:0][t:00:01:34]
[I](2022-01-28  09:14:41 pm)작업중 정지 [d:0][t:00:01:41]
[I](2022-01-28  09:14:41 pm)    [LNo:0001] 000672/008999
[I](2022-01-28  09:14:41 pm)작업중 M코드정지 [d:0][t:00:01:41]
[I](2022-01-28  09:14:44 pm)작업중 정지 [d:0][t:00:01:44]
[I](2022-01-28  09:14:44 pm)    [LNo:0001] 000676/008999
[I](2022-01-28  09:14:44 pm)작업중 M코드정지 [d:0][t:00:01:44]
[I](2022-01-28  09:15:08 pm)작업중 정지 [d:0][t:00:02:08]
[I](2022-01-28  09:15:08 pm)    [LNo:0001] 000740/008999
[I](2022-01-28  09:17:27 pm)Reset
[I](2022-01-28  09:17:27 pm)Reset
[I](2022-01-28  09:17:27 pm)Reset
[I](2022-01-28  09:17:37 pm)Reset
[I](2022-01-28  09:18:07 pm)작업 시작 [Start d:283]
[I](2022-01-28  09:18:07 pm)Nc File: [No.0001-370.NC]
[I](2022-01-28  09:18:07 pm)  * Start Machine Position
[I](2022-01-28  09:18:07 pm)    X:    213.3254
[I](2022-01-28  09:18:07 pm)    Y:   -271.2180
[I](2022-01-28  09:18:07 pm)    U:      0.0000
[I](2022-01-28  09:18:07 pm)    V:      0.0000
[I](2022-01-28  09:18:07 pm)    Z:     30.3687
[I](2022-01-28  09:18:07 pm)  * Angle
[I](2022-01-28  09:18:07 pm)    Ar:      0.0685,Kr:      0.0000
[I](2022-01-28  09:18:07 pm)    Taper_Ar:      0.0000
[I](2022-01-28  09:18:17 pm)작업중 정지 [d:0][t:00:00:10]
[I](2022-01-28  09:18:17 pm)    [LNo:0001] 000124/008999
[I](2022-01-28  09:21:09 pm)작업중 정지 [d:0][t:00:03:02]
[I](2022-01-28  09:21:09 pm)    [LNo:0001] 000432/008999
[I](2022-01-28  09:22:30 pm)작업중 정지 [d:0][t:00:04:22]
[I](2022-01-28  09:22:30 pm)    [LNo:0001] 000768/008999
[A](2022-01-28  09:25:22 pm)[036] 자동결선 절단 공정 실패!!
[I](2022-01-28  09:25:57 pm)Reset
[I](2022-01-28  09:25:57 pm)Reset
[I](2022-01-28  09:26:23 pm)작업 시작 [Start d:283]
[I](2022-01-28  09:26:23 pm)Nc File: [No.0001-370.NC]
[I](2022-01-28  09:26:23 pm)  * Start Machine Position
[I](2022-01-28  09:26:23 pm)    X:    116.9304
[I](2022-01-28  09:26:23 pm)    Y:   -290.4832
[I](2022-01-28  09:26:23 pm)    U:      0.0000
[I](2022-01-28  09:26:23 pm)    V:      0.0000
[I](2022-01-28  09:26:23 pm)    Z:     30.3687
[I](2022-01-28  09:26:23 pm)  * Angle
[I](2022-01-28  09:26:23 pm)    Ar:      0.0685,Kr:      0.0000
[I](2022-01-28  09:26:23 pm)    Taper_Ar:      0.0000
[I](2022-01-28  09:26:24 pm)작업중 정지 [d:0][t:00:00:01]
[I](2022-01-28  09:26:24 pm)    [LNo:0001] 000784/008999
[I](2022-01-28  09:28:04 pm)Reset
[I](2022-01-28  09:28:14 pm)Reset
[I](2022-01-28  09:28:45 pm)작업 시작 [Start d:283]
[I](2022-01-28  09:28:45 pm)Nc File: [No.0001-370.NC]
[I](2022-01-28  09:28:45 pm)  * Start Machine Position
[I](2022-01-28  09:28:46 pm)    X:    213.4574
[I](2022-01-28  09:28:46 pm)    Y:   -271.2178
[I](2022-01-28  09:28:46 pm)    U:      0.0000
[I](2022-01-28  09:28:46 pm)    V:      0.0000
[I](2022-01-28  09:28:46 pm)    Z:     30.3687
[I](2022-01-28  09:28:46 pm)  * Angle
[I](2022-01-28  09:28:46 pm)    Ar:      0.0685,Kr:      0.0000
[I](2022-01-28  09:28:46 pm)    Taper_Ar:      0.0000
[I](2022-01-28  09:28:59 pm)작업중 정지 [d:0][t:00:00:13]
[I](2022-01-28  09:28:59 pm)    [LNo:0001] 000152/008999
[I](2022-01-28  09:38:55 pm)작업중 정지 [d:0][t:00:10:09]
[I](2022-01-28  09:38:55 pm)    [LNo:0001] 000628/008999
[I](2022-01-28  09:41:06 pm)작업중 정지 [d:0][t:00:12:20]
[I](2022-01-28  09:41:06 pm)    [LNo:0001] 000768/008999
[I](2022-01-28  09:43:30 pm)작업중 정지 [d:0][t:00:14:44]
[I](2022-01-28  09:43:30 pm)    [LNo:0001] 001150/008999
[I](2022-01-28  09:48:17 pm)작업중 정지 [d:0][t:00:19:30]
[I](2022-01-28  09:48:17 pm)    [LNo:0001] 001532/008999
[I](2022-01-28  09:49:53 pm)작업중 정지 [d:0][t:00:21:07]
[I](2022-01-28  09:49:53 pm)    [LNo:0001] 001914/008999
[I](2022-01-28  09:51:14 pm)작업중 정지 [d:0][t:00:22:28]
[I](2022-01-28  09:51:14 pm)    [LNo:0001] 002296/008999
[I](2022-01-28  09:52:44 pm)작업중 정지 [d:0][t:00:23:58]
[I](2022-01-28  09:52:44 pm)    [LNo:0001] 002677/008999
[I](2022-01-28  09:54:11 pm)작업중 정지 [d:0][t:00:25:25]
[I](2022-01-28  09:54:11 pm)    [LNo:0001] 003058/008999
[I](2022-01-28  09:56:03 pm)작업중 정지 [d:0][t:00:27:16]
[I](2022-01-28  09:56:03 pm)    [LNo:0001] 003439/008999
[I](2022-01-28  09:57:52 pm)작업중 정지 [d:0][t:00:29:06]
[I](2022-01-28  09:57:52 pm)    [LNo:0001] 003821/008999
[I](2022-01-28  09:59:39 pm)작업중 정지 [d:0][t:00:30:53]
[I](2022-01-28  09:59:39 pm)    [LNo:0001] 004203/008999
[I](2022-01-28  10:01:58 pm)Reset
[I](2022-01-28  10:01:58 pm)Reset
[I](2022-01-28  10:02:36 pm)Reset
[I](2022-01-28  10:02:37 pm)Reset
[I](2022-01-28  10:02:55 pm)작업 시작 [Start d:283]
[I](2022-01-28  10:02:55 pm)Nc File: [No.0001-370.NC]
[I](2022-01-28  10:02:55 pm)  * Start Machine Position
[I](2022-01-28  10:02:55 pm)    X:    213.4574
[I](2022-01-28  10:02:55 pm)    Y:   -271.2178
[I](2022-01-28  10:02:55 pm)    U:      0.0000
[I](2022-01-28  10:02:55 pm)    V:      0.0000
[I](2022-01-28  10:02:55 pm)    Z:     30.3687
[I](2022-01-28  10:02:55 pm)  * Angle
[I](2022-01-28  10:02:55 pm)    Ar:      0.0685,Kr:      0.0000
[I](2022-01-28  10:02:55 pm)    Taper_Ar:      0.0000
[I](2022-01-28  10:03:00 pm)작업중 정지 [d:0][t:00:00:04]
[I](2022-01-28  10:03:00 pm)    [LNo:0001] 000010/008999
[I](2022-01-28  10:03:00 pm)작업중 M코드정지 [d:0][t:00:00:04]
[I](2022-01-28  10:10:50 pm)작업중 정지 [d:6][t:00:07:55]
[I](2022-01-28  10:10:50 pm)    [LNo:0001] 000028/008999
[I](2022-01-28  10:10:51 pm)작업중 M코드정지 [d:6][t:00:07:55]
[A](2022-01-28  10:11:04 pm)[059] 가공조 Water Full 센서 동작 이상 - 점검(청소)요망
[A](2022-01-28  10:11:27 pm)[056] 가공조 Water Low 센서 동작 이상 - 점검(청소)요망
[A](2022-01-28  10:11:32 pm)[084] Work Tank Fluid Sensor Abnormal
[A](2022-01-28  10:11:33 pm)[084] Work Tank Fluid Sensor Abnormal
[A](2022-01-28  10:11:36 pm)[056] 가공조 Water Low 센서 동작 이상 - 점검(청소)요망
[A](2022-01-28  10:11:48 pm)[056] 가공조 Water Low 센서 동작 이상 - 점검(청소)요망
[A](2022-01-28  10:11:54 pm)[084] Work Tank Fluid Sensor Abnormal
[A](2022-01-28  10:11:55 pm)[084] Work Tank Fluid Sensor Abnormal
[A](2022-01-28  10:11:56 pm)[084] Work Tank Fluid Sensor Abnormal
[A](2022-01-28  10:11:57 pm)[084] Work Tank Fluid Sensor Abnormal
[A](2022-01-28  10:11:59 pm)[084] Work Tank Fluid Sensor Abnormal
[A](2022-01-28  10:12:01 pm)[084] Work Tank Fluid Sensor Abnormal
[A](2022-01-28  10:12:05 pm)[056] 가공조 Water Low 센서 동작 이상 - 점검(청소)요망
[A](2022-01-28  10:12:24 pm)[084] Work Tank Fluid Sensor Abnormal
[A](2022-01-28  10:14:26 pm)[084] Work Tank Fluid Sensor Abnormal
[A](2022-01-28  10:14:27 pm)[084] Work Tank Fluid Sensor Abnormal
[A](2022-01-28  10:14:27 pm)[091] Auto Door Sensor Abnormal
[A](2022-01-28  10:14:28 pm)[084] Work Tank Fluid Sensor Abnormal
[A](2022-01-28  10:14:28 pm)[084] Work Tank Fluid Sensor Abnormal
[A](2022-01-28  10:14:29 pm)[091] Auto Door Sensor Abnormal
[A](2022-01-28  10:14:30 pm)[084] Work Tank Fluid Sensor Abnormal
[A](2022-01-28  10:14:55 pm)[084] Work Tank Fluid Sensor Abnormal
[A](2022-01-28  10:15:22 pm)[084] Work Tank Fluid Sensor Abnormal
[A](2022-01-28  10:15:23 pm)[084] Work Tank Fluid Sensor Abnormal
[A](2022-01-28  10:16:31 pm)[084] Work Tank Fluid Sensor Abnormal
[A](2022-01-28  10:16:32 pm)[084] Work Tank Fluid Sensor Abnormal
[A](2022-01-28  10:16:32 pm)[084] Work Tank Fluid Sensor Abnormal
[A](2022-01-28  10:16:41 pm)[084] Work Tank Fluid Sensor Abnormal
[A](2022-01-28  10:16:41 pm)[084] Work Tank Fluid Sensor Abnormal
[I](2022-01-28  10:29:20 pm)작업중 정지 [d:6][t:00:26:25]
[I](2022-01-28  10:29:20 pm)    [LNo:0001] 000030/008999
[I](2022-01-28  10:29:54 pm)작업 재시작
[I](2022-01-28  10:29:59 pm)작업중 정지 [d:6][t:00:27:04]
[I](2022-01-28  10:29:59 pm)    [LNo:0001] 000032/008999
[I](2022-01-28  10:29:59 pm)작업중 M코드정지 [d:6][t:00:27:04]
[I](2022-01-28  10:45:52 pm)작업중 정지 [d:12][t:00:42:56]
[I](2022-01-28  10:45:52 pm)    [LNo:0001] 000056/008999
[I](2022-01-28  10:45:52 pm)작업중 M코드정지 [d:12][t:00:42:56]
[I](2022-01-28  10:46:31 pm)작업중 정지 [d:12][t:00:43:35]
[I](2022-01-28  10:46:31 pm)    [LNo:0001] 000058/008999
[I](2022-01-28  10:47:05 pm)작업 재시작
[I](2022-01-28  10:47:08 pm)작업중 정지 [d:12][t:00:44:12]
[I](2022-01-28  10:47:08 pm)    [LNo:0001] 000058/008999
[I](2022-01-28  10:47:37 pm)작업 재시작
[I](2022-01-28  10:47:44 pm)작업중 정지 [d:12][t:00:44:49]
[I](2022-01-28  10:47:44 pm)    [LNo:0001] 000060/008999
[I](2022-01-28  10:47:44 pm)작업중 M코드정지 [d:12][t:00:44:49]
[I](2022-01-28  10:55:21 pm)작업중 정지 [d:19][t:00:52:26]
[I](2022-01-28  10:55:21 pm)    [LNo:0001] 000084/008999
[I](2022-01-28  10:55:22 pm)작업중 M코드정지 [d:19][t:00:52:26]
[A](2022-01-28  10:55:25 pm)[091] Auto Door Sensor Abnormal
[I](2022-01-28  10:55:44 pm)작업중 정지 [d:19][t:00:52:49]
[I](2022-01-28  10:55:44 pm)    [LNo:0001] 000086/008999
[I](2022-01-28  10:56:14 pm)작업 재시작
[I](2022-01-28  10:56:20 pm)작업중 정지 [d:19][t:00:53:25]
[I](2022-01-28  10:56:20 pm)    [LNo:0001] 000088/008999
[I](2022-01-28  10:56:21 pm)작업중 M코드정지 [d:19][t:00:53:25]
[I](2022-01-28  11:04:06 pm)작업중 정지 [d:26][t:01:01:10]
[I](2022-01-28  11:04:06 pm)    [LNo:0001] 000112/008999
[I](2022-01-28  11:04:06 pm)작업중 M코드정지 [d:26][t:01:01:10]
[I](2022-01-28  11:04:33 pm)작업중 정지 [d:26][t:01:01:37]
[I](2022-01-28  11:04:33 pm)    [LNo:0001] 000114/008999
[I](2022-01-28  11:05:04 pm)작업 재시작
[I](2022-01-28  11:05:10 pm)작업중 정지 [d:26][t:01:02:15]
[I](2022-01-28  11:05:10 pm)    [LNo:0001] 000116/008999
[I](2022-01-28  11:05:10 pm)작업중 M코드정지 [d:26][t:01:02:15]
[I](2022-01-28  11:13:05 pm)작업중 정지 [d:33][t:01:10:09]
[I](2022-01-28  11:13:05 pm)    [LNo:0001] 000140/008999
[I](2022-01-28  11:13:05 pm)작업중 M코드정지 [d:33][t:01:10:09]
[I](2022-01-28  11:13:30 pm)작업중 정지 [d:33][t:01:10:34]
[I](2022-01-28  11:13:30 pm)    [LNo:0001] 000141/008999
[I](2022-01-28  11:14:00 pm)작업 재시작
[I](2022-01-28  11:14:07 pm)작업중 정지 [d:33][t:01:11:12]
[I](2022-01-28  11:14:07 pm)    [LNo:0001] 000144/008999
[I](2022-01-28  11:14:07 pm)작업중 M코드정지 [d:33][t:01:11:12]
[I](2022-01-28  11:15:29 pm)작업중 정지 [d:33][t:01:12:33]
[I](2022-01-28  11:15:29 pm)    [LNo:0001] 000161/008999
[I](2022-01-28  11:15:29 pm)작업중 30sec 접촉 정지 [d:33][t:01:12:33]
[I](2022-01-28  11:16:27 pm)작업 재시작
[I](2022-01-28  11:23:13 pm)작업중 정지 [d:40][t:01:20:17]
[I](2022-01-28  11:23:13 pm)    [LNo:0001] 000168/008999
[I](2022-01-28  11:23:13 pm)작업중 M코드정지 [d:40][t:01:20:18]
[I](2022-01-28  11:23:43 pm)작업중 정지 [d:40][t:01:20:47]
[I](2022-01-28  11:23:43 pm)    [LNo:0001] 000169/008999
[I](2022-01-28  11:24:12 pm)작업 재시작
[I](2022-01-28  11:24:19 pm)작업중 정지 [d:40][t:01:21:24]
[I](2022-01-28  11:24:19 pm)    [LNo:0001] 000172/008999
[I](2022-01-28  11:24:19 pm)작업중 M코드정지 [d:40][t:01:21:24]
[I](2022-01-28  11:32:19 pm)작업중 정지 [d:47][t:01:29:23]
[I](2022-01-28  11:32:19 pm)    [LNo:0001] 000196/008999
[I](2022-01-28  11:32:19 pm)작업중 M코드정지 [d:47][t:01:29:23]
[I](2022-01-28  11:32:46 pm)작업중 정지 [d:47][t:01:29:50]
[I](2022-01-28  11:32:46 pm)    [LNo:0001] 000197/008999
[I](2022-01-28  11:32:46 pm)작업중 30sec 접촉 정지 [d:47][t:01:29:51]
[I](2022-01-28  11:35:58 pm)작업 재시작
[I](2022-01-28  11:36:08 pm)작업중 정지 [d:48][t:01:33:13]
[I](2022-01-28  11:36:08 pm)    [LNo:0001] 000200/008999
[I](2022-01-28  11:36:08 pm)작업중 M코드정지 [d:48][t:01:33:13]
[I](2022-01-28  11:44:20 pm)작업중 정지 [d:55][t:01:41:24]
[I](2022-01-28  11:44:20 pm)    [LNo:0001] 000224/008999
[I](2022-01-28  11:44:20 pm)작업중 M코드정지 [d:55][t:01:41:24]
[I](2022-01-28  11:45:28 pm)작업중 정지 [d:55][t:01:42:32]
[I](2022-01-28  11:45:28 pm)    [LNo:0001] 000225/008999
[I](2022-01-28  11:45:58 pm)작업 재시작
[I](2022-01-28  11:46:05 pm)작업중 정지 [d:56][t:01:43:10]
[I](2022-01-28  11:46:05 pm)    [LNo:0001] 000228/008999
[I](2022-01-28  11:46:05 pm)작업중 M코드정지 [d:56][t:01:43:10]
[I](2022-01-28  11:54:15 pm)작업중 정지 [d:63][t:01:51:19]
[I](2022-01-28  11:54:15 pm)    [LNo:0001] 000252/008999
[I](2022-01-28  11:54:15 pm)작업중 M코드정지 [d:63][t:01:51:19]
[I](2022-01-28  11:55:57 pm)작업중 정지 [d:63][t:01:53:02]
[I](2022-01-28  11:55:57 pm)    [LNo:0001] 000254/008999
[I](2022-01-28  11:55:57 pm)작업중 30sec 접촉 정지 [d:63][t:01:53:02]
[I](2022-01-28  11:56:36 pm)작업 재시작
[I](2022-01-28  11:56:45 pm)작업중 정지 [d:63][t:01:53:49]
[I](2022-01-28  11:56:45 pm)    [LNo:0001] 000256/008999
[I](2022-01-28  11:56:45 pm)작업중 M코드정지 [d:63][t:01:53:49]
