[I](2022-05-27  03:03:50 am)작업중 정지 [d:158][t:07:27:06]
[I](2022-05-27  03:03:50 am)    [LNo:0002] 001254/004615
[A](2022-05-27  03:03:50 am)[008] 작업중 단선(AWF Feed Motor Stop )
[I](2022-05-27  03:03:50 am)작업중 Wire 단선 [d:158][t:07:27:06]
[I](2022-05-27  03:04:58 am)작업 재시작
[I](2022-05-27  05:07:01 am)작업중 정지 [d:277][t:09:30:18]
[I](2022-05-27  05:07:01 am)    [LNo:0002] 001422/004615
[A](2022-05-27  05:07:01 am)[008] 작업중 단선(AWF Feed Motor Stop )
[I](2022-05-27  05:07:01 am)작업중 Wire 단선 [d:277][t:09:30:18]
[I](2022-05-27  05:08:09 am)작업 재시작
[I](2022-05-27  05:41:32 am)작업중 정지 [d:310][t:10:04:49]
[I](2022-05-27  05:41:32 am)    [LNo:0002] 001428/004615
[A](2022-05-27  05:41:32 am)[008] 작업중 단선(AWF Feed Motor Stop )
[I](2022-05-27  05:41:32 am)작업중 Wire 단선 [d:310][t:10:04:49]
[I](2022-05-27  05:42:40 am)작업 재시작
[I](2022-05-27  09:03:31 am)작업중 정지 [d:506][t:13:26:47]
[I](2022-05-27  09:03:31 am)    [LNo:0002] 001752/004615
[A](2022-05-27  09:11:20 am)[034] 자동결선 하부 뭉치 WIRE CONTACT!!
[A](2022-05-27  09:11:31 am)[034] 자동결선 하부 뭉치 WIRE CONTACT!!
[A](2022-05-27  09:11:35 am)[034] 자동결선 하부 뭉치 WIRE CONTACT!!
[I](2022-05-27  09:12:36 am)작업 재시작
[I](2022-05-27  09:12:41 am)작업중 정지 [d:-264][t:13:35:58]
[I](2022-05-27  09:12:41 am)    [LNo:0002] 001752/004615
[I](2022-05-27  09:12:41 am)작업중 30sec 접촉 정지 [d:-264][t:13:35:58]
[I](2022-05-27  09:12:46 am)작업 재시작
[I](2022-05-27  09:12:51 am)작업중 정지 [d:-264][t:13:36:08]
[I](2022-05-27  09:12:51 am)    [LNo:0002] 001752/004615
[I](2022-05-27  09:12:56 am)작업 재시작
[I](2022-05-27  09:22:08 am)작업중 정지 [d:-255][t:13:45:25]
[I](2022-05-27  09:22:08 am)    [LNo:0002] 001754/004615
[I](2022-05-27  09:22:16 am)작업 재시작
[I](2022-05-27  09:57:23 am)작업중 정지 [d:-220][t:14:20:39]
[I](2022-05-27  09:57:23 am)    [LNo:0002] 001764/004615
[A](2022-05-27  09:57:23 am)[008] 작업중 단선(AWF Feed Motor Stop )
[I](2022-05-27  09:57:23 am)작업중 Wire 단선 [d:-220][t:14:20:40]
[I](2022-05-27  09:58:34 am)작업 재시작
[I](2022-05-27  12:48:41 pm)작업중 정지 [d:-53][t:17:11:58]
[I](2022-05-27  12:48:41 pm)    [LNo:0002] 002022/004615
[A](2022-05-27  12:48:41 pm)[008] 작업중 단선(AWF Feed Motor Stop )
[I](2022-05-27  12:48:41 pm)작업중 Wire 단선 [d:-53][t:17:11:58]
[I](2022-05-27  12:49:51 pm)작업 재시작
[I](2022-05-27  01:11:22 pm)작업중 정지 [d:-32][t:17:34:39]
[I](2022-05-27  01:11:22 pm)    [LNo:0002] 002102/004615
[I](2022-05-27  01:11:22 pm)작업중 M코드정지 [d:-32][t:17:34:39]
[I](2022-05-27  01:12:38 pm)Reset
[I](2022-05-27  01:12:56 pm)작업 시작 [Start d:232]
[I](2022-05-27  01:12:56 pm)Nc File: [No.0003-660.NC]
[I](2022-05-27  01:12:56 pm)  * Start Machine Position
[I](2022-05-27  01:12:56 pm)    X:    359.2296
[I](2022-05-27  01:12:56 pm)    Y:   -266.5026
[I](2022-05-27  01:12:56 pm)    U:      0.0000
[I](2022-05-27  01:12:56 pm)    V:      0.0000
[I](2022-05-27  01:12:56 pm)    Z:     26.8140
[I](2022-05-27  01:12:56 pm)  * Angle
[I](2022-05-27  01:12:56 pm)    Ar:     -0.1448,Kr:      0.0000
[I](2022-05-27  01:12:56 pm)    Taper_Ar:      0.0000
[I](2022-05-27  01:17:35 pm)작업중 정지 [d:5][t:00:04:39]
[I](2022-05-27  01:17:35 pm)    [LNo:0003] 001877/003840
[I](2022-05-27  01:17:57 pm)작업 재시작
[I](2022-05-27  01:18:04 pm)작업중 정지 [d:5][t:00:05:08]
[I](2022-05-27  01:18:04 pm)    [LNo:0003] 001879/003840
[I](2022-05-27  01:18:04 pm)작업중 M코드정지 [d:5][t:00:05:08]
[I](2022-05-27  01:27:15 pm)작업중 정지 [d:13][t:00:14:19]
[I](2022-05-27  01:27:15 pm)    [LNo:0003] 001921/003840
[I](2022-05-27  01:27:15 pm)작업중 M코드정지 [d:13][t:00:14:19]
[I](2022-05-27  01:27:33 pm)작업중 정지 [d:14][t:00:14:37]
[I](2022-05-27  01:27:33 pm)    [LNo:0003] 001922/003840
[I](2022-05-27  01:27:57 pm)작업 재시작
[I](2022-05-27  01:28:06 pm)작업중 정지 [d:14][t:00:15:10]
[I](2022-05-27  01:28:06 pm)    [LNo:0003] 001924/003840
[I](2022-05-27  01:28:06 pm)작업중 M코드정지 [d:14][t:00:15:10]
[I](2022-05-27  01:37:06 pm)작업중 정지 [d:22][t:00:24:10]
[I](2022-05-27  01:37:06 pm)    [LNo:0003] 001966/003840
[I](2022-05-27  01:37:06 pm)작업중 M코드정지 [d:22][t:00:24:10]
[I](2022-05-27  01:37:25 pm)작업중 정지 [d:22][t:00:24:29]
[I](2022-05-27  01:37:25 pm)    [LNo:0003] 001967/003840
[I](2022-05-27  01:37:51 pm)작업 재시작
[I](2022-05-27  01:37:59 pm)작업중 정지 [d:22][t:00:25:03]
[I](2022-05-27  01:37:59 pm)    [LNo:0003] 001969/003840
[I](2022-05-27  01:37:59 pm)작업중 M코드정지 [d:22][t:00:25:03]
[I](2022-05-27  01:46:51 pm)작업중 정지 [d:30][t:00:33:55]
[I](2022-05-27  01:46:51 pm)    [LNo:0003] 002011/003840
[I](2022-05-27  01:46:51 pm)작업중 M코드정지 [d:30][t:00:33:55]
[I](2022-05-27  01:47:07 pm)작업중 정지 [d:30][t:00:34:11]
[I](2022-05-27  01:47:07 pm)    [LNo:0003] 002012/003840
[I](2022-05-27  01:47:07 pm)작업중 30sec 접촉 정지 [d:30][t:00:34:11]
[I](2022-05-27  01:47:23 pm)작업 재시작
[I](2022-05-27  01:47:33 pm)작업중 정지 [d:30][t:00:34:36]
[I](2022-05-27  01:47:33 pm)    [LNo:0003] 002014/003840
[I](2022-05-27  01:47:33 pm)작업중 M코드정지 [d:30][t:00:34:37]
[I](2022-05-27  01:56:36 pm)작업중 정지 [d:38][t:00:43:39]
[I](2022-05-27  01:56:36 pm)    [LNo:0003] 002056/003840
[I](2022-05-27  01:56:36 pm)작업중 M코드정지 [d:38][t:00:43:40]
[I](2022-05-27  01:56:53 pm)작업중 정지 [d:38][t:00:43:57]
[I](2022-05-27  01:56:53 pm)    [LNo:0003] 002057/003840
[I](2022-05-27  01:56:53 pm)작업중 30sec 접촉 정지 [d:38][t:00:43:57]
[I](2022-05-27  01:57:19 pm)작업 재시작
[I](2022-05-27  01:57:28 pm)작업중 정지 [d:38][t:00:44:32]
[I](2022-05-27  01:57:28 pm)    [LNo:0003] 002059/003840
[I](2022-05-27  01:57:28 pm)작업중 M코드정지 [d:38][t:00:44:32]
[I](2022-05-27  02:06:18 pm)작업중 정지 [d:44][t:00:53:22]
[I](2022-05-27  02:06:18 pm)    [LNo:0003] 002101/003840
[I](2022-05-27  02:06:18 pm)작업중 M코드정지 [d:44][t:00:53:22]
[I](2022-05-27  02:06:31 pm)작업중 정지 [d:44][t:00:53:35]
[I](2022-05-27  02:06:31 pm)    [LNo:0003] 002102/003840
[I](2022-05-27  02:06:44 pm)작업 재시작
[I](2022-05-27  02:06:52 pm)작업중 정지 [d:44][t:00:53:56]
[I](2022-05-27  02:06:52 pm)    [LNo:0003] 002104/003840
[I](2022-05-27  02:06:52 pm)작업중 M코드정지 [d:44][t:00:53:56]
[I](2022-05-27  02:15:45 pm)작업중 정지 [d:52][t:01:02:49]
[I](2022-05-27  02:15:45 pm)    [LNo:0003] 002146/003840
[I](2022-05-27  02:15:45 pm)작업중 M코드정지 [d:52][t:01:02:49]
[I](2022-05-27  02:16:38 pm)작업중 정지 [d:52][t:01:03:42]
[I](2022-05-27  02:16:38 pm)    [LNo:0003] 002147/003840
[I](2022-05-27  02:16:56 pm)작업 재시작
[I](2022-05-27  02:17:04 pm)작업중 정지 [d:52][t:01:04:08]
[I](2022-05-27  02:17:04 pm)    [LNo:0003] 002149/003840
[I](2022-05-27  02:17:04 pm)작업중 M코드정지 [d:52][t:01:04:08]
[I](2022-05-27  02:25:59 pm)작업중 정지 [d:60][t:01:13:03]
[I](2022-05-27  02:25:59 pm)    [LNo:0003] 002191/003840
[I](2022-05-27  02:26:00 pm)작업중 M코드정지 [d:60][t:01:13:03]
[I](2022-05-27  02:26:12 pm)작업중 정지 [d:60][t:01:13:16]
[I](2022-05-27  02:26:12 pm)    [LNo:0003] 002193/003840
[I](2022-05-27  02:26:27 pm)작업 재시작
[I](2022-05-27  02:26:28 pm)작업중 정지 [d:60][t:01:13:32]
[I](2022-05-27  02:26:28 pm)    [LNo:0003] 002194/003840
[I](2022-05-27  02:26:28 pm)작업중 M코드정지 [d:60][t:01:13:32]
[I](2022-05-27  02:35:07 pm)작업중 정지 [d:66][t:01:22:11]
[I](2022-05-27  02:35:07 pm)    [LNo:0003] 002236/003840
[I](2022-05-27  02:35:07 pm)작업중 M코드정지 [d:66][t:01:22:11]
[I](2022-05-27  02:35:21 pm)작업중 정지 [d:66][t:01:22:25]
[I](2022-05-27  02:35:21 pm)    [LNo:0003] 002238/003840
[I](2022-05-27  02:35:49 pm)작업 재시작
[I](2022-05-27  02:35:51 pm)작업중 정지 [d:66][t:01:22:55]
[I](2022-05-27  02:35:51 pm)    [LNo:0003] 002239/003840
[I](2022-05-27  02:35:51 pm)작업중 M코드정지 [d:66][t:01:22:55]
[I](2022-05-27  02:44:45 pm)작업중 정지 [d:74][t:01:31:49]
[I](2022-05-27  02:44:45 pm)    [LNo:0003] 002281/003840
[I](2022-05-27  02:44:45 pm)작업중 M코드정지 [d:74][t:01:31:49]
[I](2022-05-27  02:45:32 pm)작업중 정지 [d:74][t:01:32:36]
[I](2022-05-27  02:45:32 pm)    [LNo:0003] 002282/003840
[I](2022-05-27  02:45:57 pm)작업 재시작
[I](2022-05-27  02:46:06 pm)작업중 정지 [d:74][t:01:33:10]
[I](2022-05-27  02:46:06 pm)    [LNo:0003] 002284/003840
[I](2022-05-27  02:46:07 pm)작업중 M코드정지 [d:74][t:01:33:10]
[I](2022-05-27  02:55:03 pm)작업중 정지 [d:82][t:01:42:07]
[I](2022-05-27  02:55:03 pm)    [LNo:0003] 002326/003840
[I](2022-05-27  02:55:03 pm)작업중 M코드정지 [d:82][t:01:42:07]
[I](2022-05-27  02:55:25 pm)작업중 정지 [d:82][t:01:42:29]
[I](2022-05-27  02:55:25 pm)    [LNo:0003] 002328/003840
[I](2022-05-27  02:55:45 pm)작업 재시작
[I](2022-05-27  02:55:46 pm)작업중 정지 [d:82][t:01:42:50]
[I](2022-05-27  02:55:46 pm)    [LNo:0003] 002329/003840
[I](2022-05-27  02:55:47 pm)작업중 M코드정지 [d:82][t:01:42:50]
[I](2022-05-27  03:04:26 pm)작업중 정지 [d:89][t:01:51:30]
[I](2022-05-27  03:04:26 pm)    [LNo:0003] 002371/003840
[I](2022-05-27  03:04:26 pm)작업중 M코드정지 [d:89][t:01:51:30]
[I](2022-05-27  03:04:47 pm)작업중 정지 [d:89][t:01:51:51]
[I](2022-05-27  03:04:47 pm)    [LNo:0003] 002373/003840
[I](2022-05-27  03:05:10 pm)작업 재시작
[I](2022-05-27  03:05:11 pm)작업중 정지 [d:89][t:01:52:15]
[I](2022-05-27  03:05:11 pm)    [LNo:0003] 002374/003840
[I](2022-05-27  03:05:11 pm)작업중 M코드정지 [d:89][t:01:52:15]
[I](2022-05-27  03:14:05 pm)작업중 정지 [d:97][t:02:01:09]
[I](2022-05-27  03:14:05 pm)    [LNo:0003] 002416/003840
[I](2022-05-27  03:14:05 pm)작업중 M코드정지 [d:97][t:02:01:09]
[I](2022-05-27  03:14:15 pm)작업중 정지 [d:97][t:02:01:19]
[I](2022-05-27  03:14:15 pm)    [LNo:0003] 002417/003840
[I](2022-05-27  03:14:15 pm)작업중 30sec 접촉 정지 [d:97][t:02:01:19]
[I](2022-05-27  03:14:34 pm)작업 재시작
[I](2022-05-27  03:14:43 pm)작업중 정지 [d:97][t:02:01:47]
[I](2022-05-27  03:14:43 pm)    [LNo:0003] 002419/003840
[I](2022-05-27  03:14:43 pm)작업중 M코드정지 [d:97][t:02:01:47]
[I](2022-05-27  03:23:36 pm)작업중 정지 [d:105][t:02:10:40]
[I](2022-05-27  03:23:36 pm)    [LNo:0003] 002461/003840
[I](2022-05-27  03:23:36 pm)작업중 M코드정지 [d:105][t:02:10:40]
[I](2022-05-27  03:24:59 pm)작업중 정지 [d:105][t:02:12:03]
[I](2022-05-27  03:24:59 pm)    [LNo:0003] 002463/003840
[I](2022-05-27  03:25:29 pm)작업 재시작
[I](2022-05-27  03:25:31 pm)작업중 정지 [d:105][t:02:12:35]
[I](2022-05-27  03:25:31 pm)    [LNo:0003] 002464/003840
[I](2022-05-27  03:25:31 pm)작업중 M코드정지 [d:105][t:02:12:35]
[I](2022-05-27  03:34:19 pm)작업중 정지 [d:112][t:02:21:23]
[I](2022-05-27  03:34:19 pm)    [LNo:0003] 002506/003840
[I](2022-05-27  03:34:19 pm)작업중 M코드정지 [d:112][t:02:21:23]
[I](2022-05-27  03:34:47 pm)작업중 정지 [d:112][t:02:21:51]
[I](2022-05-27  03:34:47 pm)    [LNo:0003] 002509/003840
[I](2022-05-27  03:34:47 pm)작업중 M코드정지 [d:112][t:02:21:51]
[I](2022-05-27  03:43:46 pm)작업중 정지 [d:120][t:02:30:50]
[I](2022-05-27  03:43:46 pm)    [LNo:0003] 002551/003840
[I](2022-05-27  03:43:47 pm)작업중 M코드정지 [d:120][t:02:30:50]
[I](2022-05-27  03:44:09 pm)작업중 정지 [d:120][t:02:31:12]
[I](2022-05-27  03:44:09 pm)    [LNo:0003] 002552/003840
[I](2022-05-27  03:44:09 pm)작업중 30sec 접촉 정지 [d:120][t:02:31:13]
[I](2022-05-27  03:44:30 pm)작업 재시작
[I](2022-05-27  03:44:41 pm)작업중 정지 [d:121][t:02:31:45]
[I](2022-05-27  03:44:41 pm)    [LNo:0003] 002554/003840
[I](2022-05-27  03:44:41 pm)작업중 M코드정지 [d:121][t:02:31:45]
[I](2022-05-27  03:50:04 pm)작업중 정지 [d:124][t:02:37:08]
[I](2022-05-27  03:50:04 pm)    [LNo:0003] 002588/003840
[I](2022-05-27  03:50:04 pm)작업중 30sec 접촉 정지 [d:124][t:02:37:08]
[I](2022-05-27  03:50:17 pm)작업 재시작
[I](2022-05-27  03:55:00 pm)작업중 정지 [d:129][t:02:42:04]
[I](2022-05-27  03:55:00 pm)    [LNo:0003] 002596/003840
[I](2022-05-27  03:55:00 pm)작업중 M코드정지 [d:129][t:02:42:04]
[I](2022-05-27  03:55:26 pm)작업중 정지 [d:129][t:02:42:30]
[I](2022-05-27  03:55:26 pm)    [LNo:0003] 002597/003840
[I](2022-05-27  03:55:26 pm)작업중 30sec 접촉 정지 [d:129][t:02:42:30]
[I](2022-05-27  03:55:44 pm)작업 재시작
[I](2022-05-27  03:55:54 pm)작업중 정지 [d:129][t:02:42:57]
[I](2022-05-27  03:55:54 pm)    [LNo:0003] 002599/003840
[I](2022-05-27  03:55:54 pm)작업중 M코드정지 [d:129][t:02:42:58]
[I](2022-05-27  04:05:07 pm)작업중 정지 [d:137][t:02:52:11]
[I](2022-05-27  04:05:07 pm)    [LNo:0003] 002641/003840
[I](2022-05-27  04:05:07 pm)작업중 M코드정지 [d:137][t:02:52:11]
[I](2022-05-27  04:07:04 pm)작업중 정지 [d:137][t:02:54:08]
[I](2022-05-27  04:07:04 pm)    [LNo:0003] 002644/003840
[I](2022-05-27  04:07:05 pm)작업중 M코드정지 [d:137][t:02:54:09]
[I](2022-05-27  04:16:02 pm)작업중 정지 [d:145][t:03:03:06]
[I](2022-05-27  04:16:02 pm)    [LNo:0003] 002686/003840
[I](2022-05-27  04:16:02 pm)작업중 M코드정지 [d:145][t:03:03:06]
[I](2022-05-27  04:16:24 pm)작업중 정지 [d:145][t:03:03:28]
[I](2022-05-27  04:16:24 pm)    [LNo:0003] 002687/003840
[I](2022-05-27  04:16:49 pm)작업 재시작
[I](2022-05-27  04:16:58 pm)작업중 정지 [d:145][t:03:04:02]
[I](2022-05-27  04:16:58 pm)    [LNo:0003] 002689/003840
[I](2022-05-27  04:16:58 pm)작업중 M코드정지 [d:145][t:03:04:02]
[I](2022-05-27  04:19:39 pm)작업중 정지 [d:148][t:03:06:43]
[I](2022-05-27  04:19:39 pm)    [LNo:0003] 002705/003840
[I](2022-05-27  04:19:45 pm)작업 재시작
[I](2022-05-27  04:20:49 pm)작업중 정지 [d:148][t:03:07:53]
[I](2022-05-27  04:20:49 pm)    [LNo:0003] 002715/003840
[I](2022-05-27  04:20:49 pm)작업중 M코드정지 [d:148][t:03:07:53]
[I](2022-05-27  04:20:51 pm)작업중 정지 [d:148][t:03:07:55]
[I](2022-05-27  04:20:51 pm)    [LNo:0003] 002718/003840
[I](2022-05-27  04:21:37 pm)작업중 정지 [d:148][t:03:08:40]
[I](2022-05-27  04:21:37 pm)    [LNo:0003] 003704/003840
[I](2022-05-27  04:21:38 pm)작업중 정지 [d:148][t:03:08:42]
[I](2022-05-27  04:21:38 pm)    [LNo:0003] 003704/003840
[I](2022-05-27  04:21:38 pm)작업중 M코드정지 [d:148][t:03:08:42]
[I](2022-05-27  04:22:35 pm)작업중 정지 [d:148][t:03:09:39]
[I](2022-05-27  04:22:35 pm)    [LNo:0003] 003836/003840
[I](2022-05-27  04:22:35 pm)작업중 M코드정지 [d:148][t:03:09:39]
[I](2022-05-27  04:22:43 pm)Reset
[I](2022-05-27  04:22:56 pm)Reset
[I](2022-05-27  04:24:52 pm)작업 시작 [Start d:380]
[I](2022-05-27  04:24:52 pm)Nc File: [No.0002-659.NC]
[I](2022-05-27  04:24:52 pm)  * Start Machine Position
[I](2022-05-27  04:24:52 pm)    X:    432.3486
[I](2022-05-27  04:24:52 pm)    Y:   -187.0602
[I](2022-05-27  04:24:52 pm)    U:      0.0000
[I](2022-05-27  04:24:52 pm)    V:      0.0000
[I](2022-05-27  04:24:52 pm)    Z:     26.8140
[I](2022-05-27  04:24:52 pm)  * Angle
[I](2022-05-27  04:24:52 pm)    Ar:     -0.1448,Kr:      0.0000
[I](2022-05-27  04:24:52 pm)    Taper_Ar:      0.0000
[I](2022-05-27  04:25:21 pm)작업중 정지 [d:0][t:00:00:28]
[I](2022-05-27  04:25:21 pm)    [LNo:0002] 002516/004615
[I](2022-05-27  04:25:39 pm)작업중 정지 [d:0][t:00:00:47]
[I](2022-05-27  04:25:39 pm)    [LNo:0002] 002536/004615
[I](2022-05-27  04:25:39 pm)작업중 M코드정지 [d:0][t:00:00:47]
[I](2022-05-27  04:26:05 pm)작업중 정지 [d:0][t:00:01:13]
[I](2022-05-27  04:26:05 pm)    [LNo:0002] 002540/004615
[I](2022-05-27  04:26:11 pm)작업중 정지 [d:0][t:00:01:18]
[I](2022-05-27  04:26:11 pm)    [LNo:0002] 002541/004615
[I](2022-05-27  04:26:11 pm)작업중 M코드정지 [d:0][t:00:01:18]
[I](2022-05-27  04:26:15 pm)작업중 정지 [d:0][t:00:01:23]
[I](2022-05-27  04:26:15 pm)    [LNo:0002] 002556/004615
[I](2022-05-27  04:26:15 pm)작업중 M코드정지 [d:0][t:00:01:23]
[I](2022-05-27  04:26:22 pm)작업중 정지 [d:0][t:00:01:29]
[I](2022-05-27  04:26:22 pm)    [LNo:0002] 002579/004615
[I](2022-05-27  04:26:22 pm)작업중 M코드정지 [d:0][t:00:01:29]
[I](2022-05-27  04:26:27 pm)작업중 정지 [d:0][t:00:01:35]
[I](2022-05-27  04:26:27 pm)    [LNo:0002] 002602/004615
[I](2022-05-27  04:26:27 pm)작업중 M코드정지 [d:0][t:00:01:35]
[I](2022-05-27  04:27:18 pm)작업중 정지 [d:0][t:00:02:26]
[I](2022-05-27  04:27:18 pm)    [LNo:0002] 002620/004615
[I](2022-05-27  04:28:10 pm)작업 재시작
[I](2022-05-27  04:29:15 pm)작업중 정지 [d:1][t:00:04:22]
[I](2022-05-27  04:29:15 pm)    [LNo:0002] 002625/004615
[I](2022-05-27  04:29:15 pm)작업중 M코드정지 [d:1][t:00:04:23]
[I](2022-05-27  04:30:04 pm)작업중 정지 [d:1][t:00:05:12]
[I](2022-05-27  04:30:04 pm)    [LNo:0002] 002626/004615
[I](2022-05-27  04:30:04 pm)Wire Contact Auto Stop(M52)
[I](2022-05-27  04:30:27 pm)작업 재시작
[I](2022-05-27  04:32:56 pm)작업중 정지 [d:2][t:00:08:03]
[I](2022-05-27  04:32:56 pm)    [LNo:0002] 002648/004615
[I](2022-05-27  04:32:56 pm)작업중 M코드정지 [d:2][t:00:08:03]
[I](2022-05-27  04:34:36 pm)작업중 정지 [d:3][t:00:09:44]
[I](2022-05-27  04:34:36 pm)    [LNo:0002] 002651/004615
[I](2022-05-27  04:35:06 pm)작업 재시작
[I](2022-05-27  04:37:34 pm)작업중 정지 [d:5][t:00:12:41]
[I](2022-05-27  04:37:34 pm)    [LNo:0002] 002671/004615
[I](2022-05-27  04:37:34 pm)작업중 M코드정지 [d:5][t:00:12:41]
[I](2022-05-27  04:39:10 pm)작업중 정지 [d:5][t:00:14:18]
[I](2022-05-27  04:39:10 pm)    [LNo:0002] 002672/004615
[I](2022-05-27  04:39:39 pm)작업 재시작
[I](2022-05-27  04:42:04 pm)작업중 정지 [d:6][t:00:17:11]
[I](2022-05-27  04:42:04 pm)    [LNo:0002] 002694/004615
[I](2022-05-27  04:42:04 pm)작업중 M코드정지 [d:6][t:00:17:11]
[I](2022-05-27  04:44:21 pm)작업중 정지 [d:6][t:00:19:29]
[I](2022-05-27  04:44:21 pm)    [LNo:0002] 002697/004615
[I](2022-05-27  04:44:46 pm)작업 재시작
[I](2022-05-27  04:44:46 pm)작업중 정지 [d:6][t:00:19:54]
[I](2022-05-27  04:44:46 pm)    [LNo:0002] 002698/004615
[I](2022-05-27  04:44:48 pm)작업중 정지 [d:6][t:00:19:56]
[I](2022-05-27  04:44:48 pm)    [LNo:0002] 002698/004615
[I](2022-05-27  04:44:49 pm)작업중 정지 [d:6][t:00:19:57]
[I](2022-05-27  04:44:49 pm)    [LNo:0002] 002698/004615
[A](2022-05-27  04:45:35 pm)[001] 와이어 미동작
[I](2022-05-27  04:49:55 pm)작업중 정지 [d:6][t:00:25:03]
[I](2022-05-27  04:49:55 pm)    [LNo:0002] 002702/004615
[A](2022-05-27  04:49:55 pm)[009] 자동결선 Error(M20-삽입실패)
[I](2022-05-27  04:52:44 pm)작업중 정지 [d:7][t:00:27:52]
[I](2022-05-27  04:52:44 pm)    [LNo:0002] 002716/004615
[A](2022-05-27  04:52:45 pm)[008] 작업중 단선(AWF Feed Motor Stop )
[I](2022-05-27  04:52:45 pm)작업중 Wire 단선 [d:7][t:00:27:52]
[I](2022-05-27  04:53:55 pm)작업 재시작
[I](2022-05-27  04:54:33 pm)작업중 정지 [d:8][t:00:29:41]
[I](2022-05-27  04:54:33 pm)    [LNo:0002] 002717/004615
[I](2022-05-27  04:54:33 pm)작업중 M코드정지 [d:8][t:00:29:41]
[I](2022-05-27  04:55:32 pm)작업중 정지 [d:9][t:00:30:40]
[I](2022-05-27  04:55:32 pm)    [LNo:0002] 002718/004615
[A](2022-05-27  04:55:52 pm)[001] 와이어 미동작
[I](2022-05-27  04:55:54 pm)작업 재시작
[I](2022-05-27  04:58:23 pm)작업중 정지 [d:10][t:00:33:31]
[I](2022-05-27  04:58:23 pm)    [LNo:0002] 002740/004615
[I](2022-05-27  04:58:23 pm)작업중 M코드정지 [d:10][t:00:33:31]
[I](2022-05-27  04:59:42 pm)작업중 정지 [d:11][t:00:34:50]
[I](2022-05-27  04:59:42 pm)    [LNo:0002] 002741/004615
[I](2022-05-27  05:00:03 pm)작업 재시작
[I](2022-05-27  05:02:29 pm)작업중 정지 [d:12][t:00:37:36]
[I](2022-05-27  05:02:29 pm)    [LNo:0002] 002763/004615
[I](2022-05-27  05:02:29 pm)작업중 M코드정지 [d:12][t:00:37:36]
[I](2022-05-27  05:04:15 pm)작업중 정지 [d:12][t:00:39:23]
[I](2022-05-27  05:04:15 pm)    [LNo:0002] 002766/004615
[I](2022-05-27  05:04:36 pm)작업 재시작
[I](2022-05-27  05:07:00 pm)작업중 정지 [d:13][t:00:42:08]
[I](2022-05-27  05:07:00 pm)    [LNo:0002] 002788/004615
[I](2022-05-27  05:07:00 pm)작업중 M코드정지 [d:13][t:00:42:08]
[I](2022-05-27  05:08:22 pm)작업중 정지 [d:13][t:00:43:30]
[I](2022-05-27  05:08:22 pm)    [LNo:0002] 002789/004615
[I](2022-05-27  05:08:41 pm)작업 재시작
[I](2022-05-27  05:11:02 pm)작업중 정지 [d:14][t:00:46:09]
[I](2022-05-27  05:11:02 pm)    [LNo:0002] 002811/004615
[I](2022-05-27  05:11:02 pm)작업중 M코드정지 [d:14][t:00:46:09]
[I](2022-05-27  05:12:02 pm)작업중 정지 [d:14][t:00:47:09]
[I](2022-05-27  05:12:02 pm)    [LNo:0002] 002812/004615
[I](2022-05-27  05:12:02 pm)Wire Contact Auto Stop(M52)
[I](2022-05-27  05:12:25 pm)작업 재시작
[I](2022-05-27  05:13:03 pm)작업중 정지 [d:14][t:00:48:11]
[I](2022-05-27  05:13:03 pm)    [LNo:0002] 002819/004615
[I](2022-05-27  05:13:05 pm)작업중 정지 [d:14][t:00:48:12]
[I](2022-05-27  05:13:05 pm)    [LNo:0002] 002824/004615
[I](2022-05-27  05:13:55 pm)작업중 정지 [d:14][t:00:49:02]
[I](2022-05-27  05:13:55 pm)    [LNo:0002] 003235/004615
[I](2022-05-27  05:13:59 pm)작업중 정지 [d:14][t:00:49:07]
[I](2022-05-27  05:13:59 pm)    [LNo:0002] 003248/004615
[I](2022-05-27  05:13:59 pm)작업중 M코드정지 [d:14][t:00:49:07]
[I](2022-05-27  05:14:25 pm)작업중 정지 [d:14][t:00:49:33]
[I](2022-05-27  05:14:25 pm)    [LNo:0002] 003255/004615
[I](2022-05-27  05:14:27 pm)작업중 정지 [d:14][t:00:49:34]
[I](2022-05-27  05:14:27 pm)    [LNo:0002] 003260/004615
[I](2022-05-27  05:38:54 pm)작업중 정지 [d:33][t:01:14:02]
[I](2022-05-27  05:38:54 pm)    [LNo:0002] 003414/004615
[I](2022-05-27  05:38:54 pm)작업중 M코드정지 [d:33][t:01:14:02]
[I](2022-05-27  06:27:18 pm)작업중 정지 [d:71][t:02:02:25]
[I](2022-05-27  06:27:18 pm)    [LNo:0002] 003589/004615
[I](2022-05-27  06:28:03 pm)작업중 정지 [d:71][t:02:03:11]
[I](2022-05-27  06:28:03 pm)    [LNo:0002] 003594/004615
[I](2022-05-27  06:28:36 pm)작업중 정지 [d:71][t:02:03:44]
[I](2022-05-27  06:28:36 pm)    [LNo:0002] 003595/004615
[I](2022-05-27  06:29:27 pm)작업중 정지 [d:71][t:02:04:34]
[I](2022-05-27  06:29:27 pm)    [LNo:0002] 003969/004615
[I](2022-05-27  06:29:59 pm)작업중 정지 [d:71][t:02:05:07]
[I](2022-05-27  06:29:59 pm)    [LNo:0002] 003989/004615
[I](2022-05-27  06:30:02 pm)작업중 정지 [d:71][t:02:05:10]
[I](2022-05-27  06:30:02 pm)    [LNo:0002] 003990/004615
[I](2022-05-27  06:30:02 pm)작업중 M코드정지 [d:71][t:02:05:10]
[I](2022-05-27  06:30:05 pm)작업중 정지 [d:71][t:02:05:13]
[I](2022-05-27  06:30:05 pm)    [LNo:0002] 004010/004615
[I](2022-05-27  06:30:06 pm)작업중 M코드정지 [d:71][t:02:05:13]
[I](2022-05-27  06:30:06 pm)작업중 정지 [d:71][t:02:05:14]
[I](2022-05-27  06:30:06 pm)    [LNo:0002] 004012/004615
[I](2022-05-27  06:30:06 pm)작업중 M코드정지 [d:71][t:02:05:14]
[I](2022-05-27  06:30:12 pm)작업중 정지 [d:71][t:02:05:20]
[I](2022-05-27  06:30:12 pm)    [LNo:0002] 004038/004615
[I](2022-05-27  06:30:12 pm)작업중 M코드정지 [d:71][t:02:05:20]
[I](2022-05-27  06:30:13 pm)작업중 정지 [d:71][t:02:05:21]
[I](2022-05-27  06:30:13 pm)    [LNo:0002] 004040/004615
[I](2022-05-27  06:30:13 pm)작업중 M코드정지 [d:71][t:02:05:21]
[I](2022-05-27  06:30:19 pm)작업중 정지 [d:71][t:02:05:26]
[I](2022-05-27  06:30:19 pm)    [LNo:0002] 004065/004615
[I](2022-05-27  06:30:19 pm)작업중 M코드정지 [d:71][t:02:05:26]
[I](2022-05-27  06:30:21 pm)작업중 정지 [d:71][t:02:05:29]
[I](2022-05-27  06:30:21 pm)    [LNo:0002] 004067/004615
[I](2022-05-27  06:30:21 pm)작업중 M코드정지 [d:71][t:02:05:29]
[I](2022-05-27  06:30:32 pm)작업중 정지 [d:71][t:02:05:40]
[I](2022-05-27  06:30:32 pm)    [LNo:0002] 004070/004615
[A](2022-05-27  06:30:32 pm)[010] 자동결선 Error(M21-절단실패)
[I](2022-05-27  06:35:43 pm)작업중 정지 [d:76][t:02:10:51]
[I](2022-05-27  06:35:43 pm)    [LNo:0002] 004092/004615
[I](2022-05-27  06:35:43 pm)작업중 M코드정지 [d:76][t:02:10:51]
[I](2022-05-27  06:35:56 pm)작업중 정지 [d:76][t:02:11:03]
[I](2022-05-27  06:35:56 pm)    [LNo:0002] 004093/004615
[I](2022-05-27  06:35:56 pm)Wire Contact Auto Stop(M52)
[I](2022-05-27  06:36:14 pm)작업 재시작
[I](2022-05-27  06:36:17 pm)작업중 정지 [d:76][t:02:11:25]
[I](2022-05-27  06:36:17 pm)    [LNo:0002] 004094/004615
[I](2022-05-27  06:36:17 pm)작업중 M코드정지 [d:76][t:02:11:25]
[I](2022-05-27  06:41:57 pm)작업중 정지 [d:80][t:02:17:04]
[I](2022-05-27  06:41:57 pm)    [LNo:0002] 004118/004615
[I](2022-05-27  06:41:57 pm)작업중 M코드정지 [d:80][t:02:17:04]
[I](2022-05-27  06:43:12 pm)작업중 정지 [d:80][t:02:18:20]
[I](2022-05-27  06:43:12 pm)    [LNo:0002] 004120/004615
[I](2022-05-27  06:43:12 pm)작업중 M코드정지 [d:80][t:02:18:20]
[I](2022-05-27  06:49:04 pm)작업중 정지 [d:84][t:02:24:11]
[I](2022-05-27  06:49:04 pm)    [LNo:0002] 004145/004615
[I](2022-05-27  06:49:04 pm)작업중 M코드정지 [d:84][t:02:24:11]
[I](2022-05-27  06:49:56 pm)작업중 정지 [d:84][t:02:25:04]
[I](2022-05-27  06:49:56 pm)    [LNo:0002] 004146/004615
[I](2022-05-27  06:49:56 pm)Wire Contact Auto Stop(M52)
[I](2022-05-27  06:50:26 pm)작업 재시작
[I](2022-05-27  06:50:28 pm)작업중 정지 [d:84][t:02:25:36]
[I](2022-05-27  06:50:28 pm)    [LNo:0002] 004147/004615
[I](2022-05-27  06:50:28 pm)작업중 M코드정지 [d:84][t:02:25:36]
[I](2022-05-27  06:51:39 pm)작업중 정지 [d:84][t:02:26:47]
[I](2022-05-27  06:51:39 pm)    [LNo:0002] 004158/004615
[A](2022-05-27  06:51:40 pm)[053] Emergency Stop
[A](2022-05-27  06:51:40 pm)[005] READY Off(Alarm)
[I](2022-05-27  06:51:40 pm)    X:    399.0979
[I](2022-05-27  06:51:40 pm)    Y:   -232.0193
[I](2022-05-27  06:51:40 pm)    U:      0.0000
[I](2022-05-27  06:51:40 pm)    V:      0.0000
[I](2022-05-27  06:51:40 pm)    Z:     26.8140
[I](2022-05-27  06:52:47 pm)Ready On
[I](2022-05-27  06:57:02 pm)작업중 정지 [d:87][t:02:32:09]
[I](2022-05-27  06:57:02 pm)    [LNo:0002] 004171/004615
[I](2022-05-27  06:57:02 pm)작업중 M코드정지 [d:87][t:02:32:10]
[I](2022-05-27  06:57:17 pm)작업중 정지 [d:87][t:02:32:25]
[I](2022-05-27  06:57:17 pm)    [LNo:0002] 004172/004615
[I](2022-05-27  06:57:17 pm)Wire Contact Auto Stop(M52)
[I](2022-05-27  06:57:47 pm)작업 재시작
[I](2022-05-27  06:57:49 pm)작업중 정지 [d:87][t:02:32:56]
[I](2022-05-27  06:57:49 pm)    [LNo:0002] 004173/004615
[I](2022-05-27  06:57:49 pm)작업중 M코드정지 [d:87][t:02:32:56]
[I](2022-05-27  07:02:20 pm)작업중 정지 [d:90][t:02:37:28]
[I](2022-05-27  07:02:20 pm)    [LNo:0002] 004197/004615
[I](2022-05-27  07:02:20 pm)작업중 M코드정지 [d:90][t:02:37:28]
[I](2022-05-27  07:02:48 pm)작업중 정지 [d:90][t:02:37:56]
[I](2022-05-27  07:02:48 pm)    [LNo:0002] 004198/004615
[I](2022-05-27  07:02:48 pm)Wire Contact Auto Stop(M52)
[I](2022-05-27  07:03:20 pm)작업 재시작
[I](2022-05-27  07:03:21 pm)작업중 정지 [d:90][t:02:38:29]
[I](2022-05-27  07:03:21 pm)    [LNo:0002] 004199/004615
[I](2022-05-27  07:03:21 pm)작업중 M코드정지 [d:90][t:02:38:29]
[I](2022-05-27  07:08:17 pm)작업중 정지 [d:93][t:02:43:24]
[I](2022-05-27  07:08:17 pm)    [LNo:0002] 004224/004615
[I](2022-05-27  07:08:17 pm)작업중 M코드정지 [d:93][t:02:43:25]
[I](2022-05-27  07:08:44 pm)작업중 정지 [d:93][t:02:43:51]
[I](2022-05-27  07:08:44 pm)    [LNo:0002] 004225/004615
[I](2022-05-27  07:08:44 pm)Wire Contact Auto Stop(M52)
[I](2022-05-27  07:09:23 pm)작업 재시작
[I](2022-05-27  07:09:26 pm)작업중 정지 [d:93][t:02:44:34]
[I](2022-05-27  07:09:26 pm)    [LNo:0002] 004226/004615
[I](2022-05-27  07:09:26 pm)작업중 M코드정지 [d:93][t:02:44:34]
[I](2022-05-27  07:14:00 pm)작업중 정지 [d:96][t:02:49:08]
[I](2022-05-27  07:14:00 pm)    [LNo:0002] 004250/004615
[I](2022-05-27  07:14:00 pm)작업중 M코드정지 [d:96][t:02:49:08]
[A](2022-05-27  07:14:30 pm)[001] 와이어 미동작
[A](2022-05-27  07:14:32 pm)[001] 와이어 미동작
[I](2022-05-27  07:14:53 pm)작업중 정지 [d:96][t:02:50:01]
[I](2022-05-27  07:14:53 pm)    [LNo:0002] 004252/004615
[I](2022-05-27  07:14:54 pm)작업중 M코드정지 [d:96][t:02:50:01]
[A](2022-05-27  07:15:24 pm)[001] 와이어 미동작
[I](2022-05-27  07:20:13 pm)작업중 정지 [d:99][t:02:55:20]
[I](2022-05-27  07:20:13 pm)    [LNo:0002] 004277/004615
[I](2022-05-27  07:20:13 pm)작업중 M코드정지 [d:99][t:02:55:20]
[I](2022-05-27  07:20:49 pm)작업중 정지 [d:99][t:02:55:56]
[I](2022-05-27  07:20:49 pm)    [LNo:0002] 004278/004615
[I](2022-05-27  07:20:49 pm)Wire Contact Auto Stop(M52)
[I](2022-05-27  07:21:21 pm)작업 재시작
[I](2022-05-27  07:21:23 pm)작업중 정지 [d:99][t:02:56:30]
[I](2022-05-27  07:21:23 pm)    [LNo:0002] 004279/004615
[I](2022-05-27  07:21:23 pm)작업중 M코드정지 [d:99][t:02:56:30]
[I](2022-05-27  07:26:08 pm)작업중 정지 [d:102][t:03:01:16]
[I](2022-05-27  07:26:08 pm)    [LNo:0002] 004303/004615
[I](2022-05-27  07:26:08 pm)작업중 M코드정지 [d:102][t:03:01:16]
[I](2022-05-27  07:26:30 pm)작업중 정지 [d:102][t:03:01:38]
[I](2022-05-27  07:26:30 pm)    [LNo:0002] 004304/004615
[I](2022-05-27  07:26:30 pm)Wire Contact Auto Stop(M52)
[I](2022-05-27  07:27:13 pm)작업 재시작
[I](2022-05-27  07:27:15 pm)작업중 정지 [d:102][t:03:02:23]
[I](2022-05-27  07:27:15 pm)    [LNo:0002] 004305/004615
[I](2022-05-27  07:27:15 pm)작업중 M코드정지 [d:102][t:03:02:23]
[I](2022-05-27  07:29:18 pm)작업중 정지 [d:102][t:03:04:26]
[I](2022-05-27  07:29:18 pm)    [LNo:0002] 004325/004615
[A](2022-05-27  07:29:19 pm)[008] 작업중 단선(AWF Feed Motor Stop )
[I](2022-05-27  07:29:19 pm)작업중 Wire 단선 [d:102][t:03:04:26]
[I](2022-05-27  07:30:29 pm)작업 재시작
[I](2022-05-27  07:37:44 pm)작업중 정지 [d:110][t:03:12:51]
[I](2022-05-27  07:37:44 pm)    [LNo:0002] 004333/004615
[I](2022-05-27  07:37:44 pm)작업중 M코드정지 [d:110][t:03:12:51]
[I](2022-05-27  07:37:59 pm)작업중 정지 [d:110][t:03:13:06]
[I](2022-05-27  07:37:59 pm)    [LNo:0002] 004335/004615
[I](2022-05-27  07:37:59 pm)작업중 M코드정지 [d:110][t:03:13:06]
[I](2022-05-27  07:47:26 pm)작업중 정지 [d:117][t:03:22:34]
[I](2022-05-27  07:47:26 pm)    [LNo:0002] 004363/004615
[I](2022-05-27  07:47:26 pm)작업중 M코드정지 [d:117][t:03:22:34]
[I](2022-05-27  07:47:32 pm)작업중 정지 [d:118][t:03:22:40]
[I](2022-05-27  07:47:32 pm)    [LNo:0002] 004364/004615
[I](2022-05-27  07:47:32 pm)Wire Contact Auto Stop(M52)
[I](2022-05-27  07:47:55 pm)작업 재시작
[I](2022-05-27  07:48:00 pm)작업중 정지 [d:118][t:03:23:07]
[I](2022-05-27  07:48:00 pm)    [LNo:0002] 004365/004615
[I](2022-05-27  07:48:00 pm)작업중 M코드정지 [d:118][t:03:23:07]
[I](2022-05-27  07:55:48 pm)작업중 정지 [d:125][t:03:30:55]
[I](2022-05-27  07:55:48 pm)    [LNo:0002] 004393/004615
[I](2022-05-27  07:55:48 pm)작업중 M코드정지 [d:125][t:03:30:55]
[I](2022-05-27  07:56:02 pm)작업중 정지 [d:125][t:03:31:10]
[I](2022-05-27  07:56:02 pm)    [LNo:0002] 004395/004615
[I](2022-05-27  07:56:02 pm)작업중 M코드정지 [d:125][t:03:31:10]
[I](2022-05-27  07:59:06 pm)작업중 정지 [d:126][t:03:34:14]
[I](2022-05-27  07:59:06 pm)    [LNo:0002] 004415/004615
[A](2022-05-27  07:59:06 pm)[008] 작업중 단선(AWF Feed Motor Stop )
[I](2022-05-27  07:59:06 pm)작업중 Wire 단선 [d:126][t:03:34:14]
[I](2022-05-27  08:00:16 pm)작업 재시작
[I](2022-05-27  08:06:48 pm)작업중 정지 [d:133][t:03:41:56]
[I](2022-05-27  08:06:48 pm)    [LNo:0002] 004423/004615
[I](2022-05-27  08:06:48 pm)작업중 M코드정지 [d:133][t:03:41:56]
[I](2022-05-27  08:06:56 pm)작업중 정지 [d:133][t:03:42:04]
[I](2022-05-27  08:06:56 pm)    [LNo:0002] 004425/004615
[I](2022-05-27  08:06:57 pm)작업중 M코드정지 [d:133][t:03:42:04]
[I](2022-05-27  08:16:12 pm)작업중 정지 [d:141][t:03:51:19]
[I](2022-05-27  08:16:12 pm)    [LNo:0002] 004453/004615
[I](2022-05-27  08:16:12 pm)작업중 M코드정지 [d:141][t:03:51:19]
[I](2022-05-27  08:16:23 pm)작업중 정지 [d:141][t:03:51:31]
[I](2022-05-27  08:16:23 pm)    [LNo:0002] 004455/004615
[I](2022-05-27  08:16:23 pm)작업중 M코드정지 [d:141][t:03:51:31]
[I](2022-05-27  08:19:58 pm)작업중 정지 [d:143][t:03:55:06]
[I](2022-05-27  08:19:58 pm)    [LNo:0002] 004477/004615
[A](2022-05-27  08:19:58 pm)[008] 작업중 단선(AWF Feed Motor Stop )
[I](2022-05-27  08:19:58 pm)작업중 Wire 단선 [d:143][t:03:55:06]
[I](2022-05-27  08:21:07 pm)작업 재시작
[I](2022-05-27  08:26:22 pm)작업중 정지 [d:148][t:04:01:29]
[I](2022-05-27  08:26:22 pm)    [LNo:0002] 004483/004615
[I](2022-05-27  08:26:22 pm)작업중 M코드정지 [d:148][t:04:01:30]
[I](2022-05-27  08:26:27 pm)작업중 정지 [d:148][t:04:01:35]
[I](2022-05-27  08:26:27 pm)    [LNo:0002] 004484/004615
[I](2022-05-27  08:26:27 pm)Wire Contact Auto Stop(M52)
[I](2022-05-27  08:26:50 pm)작업 재시작
[I](2022-05-27  08:26:53 pm)작업중 정지 [d:148][t:04:02:00]
[I](2022-05-27  08:26:53 pm)    [LNo:0002] 004485/004615
[I](2022-05-27  08:26:53 pm)작업중 M코드정지 [d:148][t:04:02:00]
[I](2022-05-27  08:34:29 pm)작업중 정지 [d:154][t:04:09:37]
[I](2022-05-27  08:34:29 pm)    [LNo:0002] 004513/004615
[I](2022-05-27  08:34:29 pm)작업중 M코드정지 [d:154][t:04:09:37]
[I](2022-05-27  08:34:59 pm)작업중 정지 [d:154][t:04:10:07]
[I](2022-05-27  08:34:59 pm)    [LNo:0002] 004515/004615
[I](2022-05-27  08:34:59 pm)작업중 M코드정지 [d:154][t:04:10:07]
[I](2022-05-27  08:40:11 pm)작업중 정지 [d:158][t:04:15:18]
[I](2022-05-27  08:40:11 pm)    [LNo:0002] 004538/004615
[A](2022-05-27  08:40:11 pm)[008] 작업중 단선(AWF Feed Motor Stop )
[I](2022-05-27  08:40:11 pm)작업중 Wire 단선 [d:158][t:04:15:19]
[I](2022-05-27  08:41:22 pm)작업 재시작
[I](2022-05-27  08:44:27 pm)작업중 정지 [d:161][t:04:19:35]
[I](2022-05-27  08:44:27 pm)    [LNo:0002] 004543/004615
[I](2022-05-27  08:44:27 pm)작업중 M코드정지 [d:161][t:04:19:35]
[I](2022-05-27  09:30:27 pm)작업중 정지 [d:161][t:05:05:34]
[I](2022-05-27  09:30:27 pm)    [LNo:0002] 004545/004615
[I](2022-05-27  09:30:27 pm)작업중 M코드정지 [d:161][t:05:05:34]
[I](2022-05-27  09:39:32 pm)작업중 정지 [d:169][t:05:14:39]
[I](2022-05-27  09:39:32 pm)    [LNo:0002] 004573/004615
[I](2022-05-27  09:39:32 pm)작업중 M코드정지 [d:169][t:05:14:39]
[I](2022-05-27  09:39:39 pm)작업중 정지 [d:169][t:05:14:47]
[I](2022-05-27  09:39:39 pm)    [LNo:0002] 004575/004615
[I](2022-05-27  09:39:40 pm)작업중 M코드정지 [d:169][t:05:14:47]
[I](2022-05-27  09:42:57 pm)작업중 정지 [d:171][t:05:18:05]
[I](2022-05-27  09:42:57 pm)    [LNo:0002] 004598/004615
[A](2022-05-27  09:42:57 pm)[008] 작업중 단선(AWF Feed Motor Stop )
[I](2022-05-27  09:42:58 pm)작업중 Wire 단선 [d:171][t:05:18:05]
[I](2022-05-27  09:44:08 pm)작업 재시작
[I](2022-05-27  09:47:19 pm)작업중 정지 [d:174][t:05:22:27]
[I](2022-05-27  09:47:19 pm)    [LNo:0002] 004603/004615
[I](2022-05-27  09:47:19 pm)작업중 M코드정지 [d:174][t:05:22:27]
[I](2022-05-27  09:49:22 pm)작업중 정지 [d:174][t:05:24:30]
[I](2022-05-27  09:49:22 pm)    [LNo:0002] 004605/004615
[I](2022-05-27  09:49:22 pm)작업중 M코드정지 [d:174][t:05:24:30]
[I](2022-05-27  09:56:40 pm)Reset
[I](2022-05-27  09:56:42 pm)Reset
[I](2022-05-27  10:18:45 pm)Reset
[I](2022-05-27  10:18:46 pm)Reset
[I](2022-05-27  10:18:53 pm)Reset
[I](2022-05-27  10:18:53 pm)Reset
[I](2022-05-27  10:19:01 pm)Reset
[I](2022-05-27  10:19:34 pm)Reset
[I](2022-05-27  10:19:34 pm)Reset
[I](2022-05-27  10:23:20 pm)Reset
[I](2022-05-27  10:23:21 pm)Reset
[I](2022-05-27  10:23:25 pm)Reset
[I](2022-05-27  10:23:25 pm)Reset
[I](2022-05-27  10:28:21 pm)Reset
[I](2022-05-27  10:32:42 pm)Reset
[I](2022-05-27  10:34:07 pm)작업 시작 [Start d:0]
[I](2022-05-27  10:34:07 pm)Nc File: [No.0006-268.NC]
[I](2022-05-27  10:34:07 pm)  * Start Machine Position
[I](2022-05-27  10:34:07 pm)    X:    144.0312
[I](2022-05-27  10:34:07 pm)    Y:   -303.1445
[I](2022-05-27  10:34:07 pm)    U:      0.0000
[I](2022-05-27  10:34:07 pm)    V:      0.0000
[I](2022-05-27  10:34:07 pm)    Z:     30.4765
[I](2022-05-27  10:34:07 pm)  * Angle
[I](2022-05-27  10:34:07 pm)    Ar:     -0.5872,Kr:      0.0000
[I](2022-05-27  10:34:07 pm)    Taper_Ar:      0.0000
[I](2022-05-27  10:34:16 pm)작업중 정지 [d:0][t:00:00:08]
[I](2022-05-27  10:34:16 pm)    [LNo:0006] 000010/001681
[I](2022-05-27  10:34:30 pm)Reset
[I](2022-05-27  10:34:30 pm)Reset
[I](2022-05-27  10:34:42 pm)작업 시작 [Start d:0]
[I](2022-05-27  10:34:42 pm)Nc File: [No.0006-268.NC]
[I](2022-05-27  10:34:42 pm)  * Start Machine Position
[I](2022-05-27  10:34:42 pm)    X:    144.0312
[I](2022-05-27  10:34:42 pm)    Y:   -303.1445
[I](2022-05-27  10:34:42 pm)    U:      0.0000
[I](2022-05-27  10:34:42 pm)    V:      0.0000
[I](2022-05-27  10:34:42 pm)    Z:     30.4765
[I](2022-05-27  10:34:42 pm)  * Angle
[I](2022-05-27  10:34:42 pm)    Ar:     -0.5872,Kr:      0.0000
[I](2022-05-27  10:34:42 pm)    Taper_Ar:      0.0000
[I](2022-05-27  10:34:58 pm)작업중 정지 [d:0][t:00:00:16]
[I](2022-05-27  10:34:58 pm)    [LNo:0006] 000561/001681
[I](2022-05-27  10:35:07 pm)작업중 정지 [d:0][t:00:00:25]
[I](2022-05-27  10:35:07 pm)    [LNo:0006] 000564/001681
[I](2022-05-27  10:36:18 pm)작업중 정지 [d:0][t:00:01:36]
[I](2022-05-27  10:36:18 pm)    [LNo:0006] 000584/001681
[I](2022-05-27  10:38:18 pm)작업중 정지 [d:0][t:00:03:36]
[I](2022-05-27  10:38:18 pm)    [LNo:0006] 000630/001681
[I](2022-05-27  10:39:32 pm)작업중 정지 [d:0][t:00:04:50]
[I](2022-05-27  10:39:32 pm)    [LNo:0006] 000653/001681
[I](2022-05-27  10:51:45 pm)Reset
[I](2022-05-27  10:51:46 pm)Reset
[I](2022-05-27  10:52:57 pm)작업 시작 [Start d:0]
[I](2022-05-27  10:52:57 pm)Nc File: [No.0005-289.NC]
[I](2022-05-27  10:52:57 pm)  * Start Machine Position
[I](2022-05-27  10:52:57 pm)    X:    144.0312
[I](2022-05-27  10:52:57 pm)    Y:   -303.1445
[I](2022-05-27  10:52:57 pm)    U:      0.0000
[I](2022-05-27  10:52:57 pm)    V:      0.0000
[I](2022-05-27  10:52:57 pm)    Z:     30.4765
[I](2022-05-27  10:52:57 pm)  * Angle
[I](2022-05-27  10:52:57 pm)    Ar:     -0.5872,Kr:      0.0000
[I](2022-05-27  10:52:57 pm)    Taper_Ar:      0.0000
[I](2022-05-27  10:53:02 pm)작업중 정지 [d:0][t:00:00:04]
[I](2022-05-27  10:53:02 pm)    [LNo:0005] 000010/000104
[I](2022-05-27  10:53:02 pm)작업중 M코드정지 [d:0][t:00:00:04]
[I](2022-05-27  10:55:58 pm)작업중 정지 [d:2][t:00:03:00]
[I](2022-05-27  10:55:58 pm)    [LNo:0005] 000021/000104
[A](2022-05-27  10:55:58 pm)[008] 작업중 단선(AWF Feed Motor Stop )
[I](2022-05-27  10:55:58 pm)작업중 Wire 단선 [d:2][t:00:03:00]
[I](2022-05-27  10:57:10 pm)작업 재시작
[I](2022-05-27  10:57:13 pm)작업중 정지 [d:2][t:00:04:15]
[I](2022-05-27  10:57:13 pm)    [LNo:0005] 000021/000104
[A](2022-05-27  10:57:13 pm)[008] 작업중 단선(AWF Feed Motor Stop )
[I](2022-05-27  10:57:13 pm)작업중 Wire 단선 [d:2][t:00:04:15]
[I](2022-05-27  10:58:24 pm)작업 재시작
[I](2022-05-27  11:11:20 pm)작업중 정지 [d:15][t:00:18:22]
[I](2022-05-27  11:11:20 pm)    [LNo:0005] 000029/000104
[I](2022-05-27  11:11:20 pm)작업중 M코드정지 [d:15][t:00:18:22]
[I](2022-05-27  11:11:34 pm)작업중 정지 [d:16][t:00:18:36]
[I](2022-05-27  11:11:34 pm)    [LNo:0005] 000030/000104
[I](2022-05-27  11:11:54 pm)작업 재시작
[I](2022-05-27  11:12:02 pm)작업중 정지 [d:16][t:00:19:04]
[I](2022-05-27  11:12:02 pm)    [LNo:0005] 000032/000104
[I](2022-05-27  11:12:02 pm)작업중 M코드정지 [d:16][t:00:19:04]
[I](2022-05-27  11:15:12 pm)작업중 정지 [d:19][t:00:22:14]
[I](2022-05-27  11:15:12 pm)    [LNo:0005] 000051/000104
[I](2022-05-27  11:15:12 pm)작업중 M코드정지 [d:19][t:00:22:14]
[I](2022-05-27  11:17:02 pm)작업중 정지 [d:19][t:00:24:04]
[I](2022-05-27  11:17:02 pm)    [LNo:0005] 000066/000104
[A](2022-05-27  11:17:02 pm)[008] 작업중 단선(AWF Feed Motor Stop )
[I](2022-05-27  11:17:02 pm)작업중 Wire 단선 [d:19][t:00:24:04]
[I](2022-05-27  11:18:13 pm)작업 재시작
[I](2022-05-27  11:32:36 pm)작업중 정지 [d:34][t:00:39:38]
[I](2022-05-27  11:32:36 pm)    [LNo:0005] 000074/000104
[I](2022-05-27  11:32:36 pm)작업중 M코드정지 [d:34][t:00:39:38]
[I](2022-05-27  11:32:54 pm)작업중 정지 [d:34][t:00:39:56]
[I](2022-05-27  11:32:54 pm)    [LNo:0005] 000075/000104
[I](2022-05-27  11:33:14 pm)작업 재시작
[I](2022-05-27  11:33:22 pm)작업중 정지 [d:34][t:00:40:24]
[I](2022-05-27  11:33:22 pm)    [LNo:0005] 000077/000104
[I](2022-05-27  11:33:22 pm)작업중 M코드정지 [d:34][t:00:40:24]
[I](2022-05-27  11:37:11 pm)작업중 정지 [d:37][t:00:44:13]
[I](2022-05-27  11:37:11 pm)    [LNo:0005] 000100/000104
[I](2022-05-27  11:37:11 pm)작업중 M코드정지 [d:37][t:00:44:13]
[I](2022-05-27  11:45:06 pm)Reset
[I](2022-05-27  11:51:46 pm)작업 시작 [Start d:37]
[I](2022-05-27  11:51:46 pm)Nc File: [No.0006-268.NC]
[I](2022-05-27  11:51:46 pm)  * Start Machine Position
[I](2022-05-27  11:51:46 pm)    X:    144.0312
[I](2022-05-27  11:51:46 pm)    Y:   -303.1445
[I](2022-05-27  11:51:46 pm)    U:      0.0000
[I](2022-05-27  11:51:46 pm)    V:      0.0000
[I](2022-05-27  11:51:46 pm)    Z:     30.4765
[I](2022-05-27  11:51:46 pm)  * Angle
[I](2022-05-27  11:51:46 pm)    Ar:     -0.5872,Kr:      0.0000
[I](2022-05-27  11:51:46 pm)    Taper_Ar:      0.0000
[I](2022-05-27  11:51:53 pm)작업중 정지 [d:0][t:00:00:07]
[I](2022-05-27  11:51:53 pm)    [LNo:0006] 000009/001681
[I](2022-05-27  11:51:53 pm)작업중 M코드정지 [d:0][t:00:00:07]
