[I](2022-11-21  08:27:07 am)작업중 정지 [d:79][t:13:53:34]
[I](2022-11-21  08:27:07 am)    [LNo:0006] 000066/000142
[I](2022-11-21  08:27:07 am)작업중 M코드정지 [d:79][t:13:53:34]
[I](2022-11-21  09:02:04 am)작업중 정지 [d:80][t:14:28:31]
[I](2022-11-21  09:02:04 am)    [LNo:0006] 000068/000142
[I](2022-11-21  09:02:04 am)작업중 M코드정지 [d:80][t:14:28:31]
[I](2022-11-21  09:02:33 am)작업중 정지 [d:80][t:14:29:01]
[I](2022-11-21  09:02:33 am)    [LNo:0006] 000071/000142
[I](2022-11-21  09:06:13 am)작업중 정지 [d:80][t:14:32:40]
[I](2022-11-21  09:06:13 am)    [LNo:0006] 000072/000142
[I](2022-11-21  09:11:27 am)작업중 정지 [d:84][t:14:37:54]
[I](2022-11-21  09:11:27 am)    [LNo:0006] 000089/000142
[I](2022-11-21  09:11:27 am)작업중 M코드정지 [d:84][t:14:37:54]
[I](2022-11-21  09:38:22 am)작업중 정지 [d:85][t:15:04:49]
[I](2022-11-21  09:38:22 am)    [LNo:0006] 000091/000142
[I](2022-11-21  09:38:23 am)작업중 M코드정지 [d:85][t:15:04:50]
[A](2022-11-21  09:38:47 am)[001] 와이어 미동작
[I](2022-11-21  09:38:48 am)작업중 정지 [d:85][t:15:05:15]
[I](2022-11-21  09:38:48 am)    [LNo:0006] 000093/000142
[A](2022-11-21  09:39:21 am)[084] Work Tank Fluid Sensor Abnormal
[A](2022-11-21  09:39:21 am)[084] Work Tank Fluid Sensor Abnormal
[A](2022-11-21  09:39:21 am)[084] Work Tank Fluid Sensor Abnormal
[A](2022-11-21  09:39:22 am)[084] Work Tank Fluid Sensor Abnormal
[A](2022-11-21  09:40:18 am)[037] 자동결선 잔여 WIRE 처리 실패!!
[I](2022-11-21  09:40:48 am)작업 재시작
[I](2022-11-21  09:40:49 am)작업중 정지 [d:85][t:15:07:17]
[I](2022-11-21  09:40:49 am)    [LNo:0006] 000094/000142
[I](2022-11-21  09:40:51 am)작업중 정지 [d:85][t:15:07:18]
[I](2022-11-21  09:40:51 am)    [LNo:0006] 000094/000142
[I](2022-11-21  09:40:52 am)작업중 정지 [d:85][t:15:07:19]
[I](2022-11-21  09:40:52 am)    [LNo:0006] 000094/000142
[A](2022-11-21  09:40:52 am)[010] 자동결선 Error(M21-절단실패)
[I](2022-11-21  09:40:53 am)작업중 정지 [d:85][t:15:07:20]
[I](2022-11-21  09:40:53 am)    [LNo:0006] 000095/000142
[I](2022-11-21  09:40:55 am)작업중 정지 [d:85][t:15:07:22]
[I](2022-11-21  09:40:55 am)    [LNo:0006] 000095/000142
[A](2022-11-21  09:40:55 am)[010] 자동결선 Error(M21-절단실패)
[I](2022-11-21  09:43:23 am)작업중 정지 [d:85][t:15:09:51]
[I](2022-11-21  09:43:23 am)    [LNo:0006] 000098/000142
[A](2022-11-21  09:43:23 am)[090] Work Tank Fluid Fill Time Out
[I](2022-11-21  09:57:38 am)작업중 정지 [d:96][t:15:24:05]
[I](2022-11-21  09:57:38 am)    [LNo:0006] 000118/000142
[A](2022-11-21  09:57:38 am)[090] Work Tank Fluid Fill Time Out
[I](2022-11-21  10:27:23 am)작업중 정지 [d:125][t:15:53:50]
[I](2022-11-21  10:27:23 am)    [LNo:0006] 000135/000142
[I](2022-11-21  10:27:23 am)작업중 M코드정지 [d:125][t:15:53:50]
[I](2022-11-21  10:35:40 am)Reset
[I](2022-11-21  10:35:40 am)Reset
[I](2022-11-21  10:35:59 am)작업 시작 [Start d:407]
[I](2022-11-21  10:35:59 am)Nc File: [No.0005-546.NC]
[I](2022-11-21  10:35:59 am)  * Start Machine Position
[I](2022-11-21  10:35:59 am)    X:    177.4619
[I](2022-11-21  10:35:59 am)    Y:   -334.8418
[I](2022-11-21  10:35:59 am)    U:     -0.0671
[I](2022-11-21  10:35:59 am)    V:      0.2512
[I](2022-11-21  10:35:59 am)    Z:    101.5114
[I](2022-11-21  10:35:59 am)  * Angle
[I](2022-11-21  10:35:59 am)    Ar:     -0.1922,Kr:      0.0000
[I](2022-11-21  10:35:59 am)    Taper_Ar:      0.0000
[I](2022-11-21  10:36:03 am)작업중 정지 [d:0][t:00:00:03]
[I](2022-11-21  10:36:03 am)    [LNo:0005] 000010/000134
[I](2022-11-21  10:36:03 am)작업중 M코드정지 [d:0][t:00:00:03]
[I](2022-11-21  10:36:10 am)작업중 정지 [d:0][t:00:00:11]
[I](2022-11-21  10:36:10 am)    [LNo:0005] 000026/000134
[I](2022-11-21  10:36:11 am)작업중 M코드정지 [d:0][t:00:00:11]
[I](2022-11-21  10:36:17 am)작업중 정지 [d:0][t:00:00:18]
[I](2022-11-21  10:36:17 am)    [LNo:0005] 000028/000134
[I](2022-11-21  10:36:18 am)작업중 M코드정지 [d:0][t:00:00:18]
[I](2022-11-21  10:39:11 am)작업중 정지 [d:3][t:00:03:12]
[I](2022-11-21  10:39:11 am)    [LNo:0005] 000046/000134
[I](2022-11-21  10:39:11 am)작업중 M코드정지 [d:3][t:00:03:12]
[I](2022-11-21  10:42:15 am)작업중 정지 [d:3][t:00:06:15]
[I](2022-11-21  10:42:15 am)    [LNo:0005] 000053/000134
[I](2022-11-21  10:43:02 am)작업중 정지 [d:4][t:00:07:03]
[I](2022-11-21  10:43:02 am)    [LNo:0005] 000066/000134
[I](2022-11-21  10:43:02 am)작업중 M코드정지 [d:4][t:00:07:03]
[I](2022-11-21  10:43:06 am)작업중 정지 [d:4][t:00:07:07]
[I](2022-11-21  10:43:06 am)    [LNo:0005] 000068/000134
[I](2022-11-21  10:43:06 am)작업중 M코드정지 [d:4][t:00:07:07]
[I](2022-11-21  10:44:22 am)작업중 정지 [d:5][t:00:08:23]
[I](2022-11-21  10:44:22 am)    [LNo:0005] 000087/000134
[I](2022-11-21  10:44:22 am)작업중 M코드정지 [d:5][t:00:08:23]
[I](2022-11-21  10:48:28 am)Reset
[I](2022-11-21  10:48:38 am)작업 시작 [Start d:412]
[I](2022-11-21  10:48:38 am)Nc File: [No.0005-546.NC]
[I](2022-11-21  10:48:38 am)  * Start Machine Position
[I](2022-11-21  10:48:38 am)    X:    167.8805
[I](2022-11-21  10:48:38 am)    Y:   -322.1406
[I](2022-11-21  10:48:38 am)    U:     -0.0671
[I](2022-11-21  10:48:38 am)    V:      0.2512
[I](2022-11-21  10:48:38 am)    Z:    101.5114
[I](2022-11-21  10:48:38 am)  * Angle
[I](2022-11-21  10:48:38 am)    Ar:     -0.1922,Kr:      0.0000
[I](2022-11-21  10:48:38 am)    Taper_Ar:      0.0000
[I](2022-11-21  10:49:34 am)작업중 정지 [d:1][t:00:00:56]
[I](2022-11-21  10:49:34 am)    [LNo:0005] 000086/000134
[I](2022-11-21  10:49:34 am)작업중 M코드정지 [d:1][t:00:00:56]
[I](2022-11-21  10:49:40 am)작업중 정지 [d:1][t:00:01:02]
[I](2022-11-21  10:49:40 am)    [LNo:0005] 000093/000134
[I](2022-11-21  10:50:30 am)작업중 정지 [d:2][t:00:01:52]
[I](2022-11-21  10:50:30 am)    [LNo:0005] 000106/000134
[I](2022-11-21  10:50:30 am)작업중 M코드정지 [d:2][t:00:01:52]
[I](2022-11-21  10:50:36 am)작업중 정지 [d:2][t:00:01:58]
[I](2022-11-21  10:50:36 am)    [LNo:0005] 000108/000134
[I](2022-11-21  10:50:36 am)작업중 M코드정지 [d:2][t:00:01:58]
[I](2022-11-21  10:52:13 am)작업중 정지 [d:4][t:00:03:35]
[I](2022-11-21  10:52:13 am)    [LNo:0005] 000126/000134
[I](2022-11-21  10:52:13 am)작업중 M코드정지 [d:4][t:00:03:35]
[I](2022-11-21  10:54:05 am)Reset
[I](2022-11-21  10:54:16 am)작업 시작 [Start d:416]
[I](2022-11-21  10:54:16 am)Nc File: [No.0005-546.NC]
[I](2022-11-21  10:54:16 am)  * Start Machine Position
[I](2022-11-21  10:54:16 am)    X:    193.2525
[I](2022-11-21  10:54:16 am)    Y:   -332.8947
[I](2022-11-21  10:54:16 am)    U:     -0.0671
[I](2022-11-21  10:54:16 am)    V:      0.2512
[I](2022-11-21  10:54:16 am)    Z:    101.5114
[I](2022-11-21  10:54:16 am)  * Angle
[I](2022-11-21  10:54:16 am)    Ar:     -0.1922,Kr:      0.0000
[I](2022-11-21  10:54:16 am)    Taper_Ar:      0.0000
[I](2022-11-21  10:54:28 am)작업중 정지 [d:0][t:00:00:12]
[I](2022-11-21  10:54:28 am)    [LNo:0005] 000126/000134
[I](2022-11-21  10:54:28 am)작업중 M코드정지 [d:0][t:00:00:12]
[I](2022-11-21  10:59:00 am)Reset
[I](2022-11-21  10:59:04 am)Reset
[I](2022-11-21  10:59:09 am)Reset
[I](2022-11-21  11:05:35 am)Reset
[I](2022-11-21  11:14:27 am)Reset
[I](2022-11-21  11:14:32 am)Reset
[I](2022-11-21  11:14:33 am)Reset
[I](2022-11-21  11:14:33 am)Reset
[I](2022-11-21  11:15:05 am)Reset
[I](2022-11-21  11:17:46 am)Reset
[I](2022-11-21  11:17:50 am)Reset
[I](2022-11-21  11:17:51 am)Reset
[I](2022-11-21  11:17:51 am)Reset
[I](2022-11-21  11:17:51 am)Reset
[I](2022-11-21  11:17:52 am)Reset
[I](2022-11-21  11:17:52 am)Reset
[I](2022-11-21  11:20:03 am)Reset
[I](2022-11-21  11:20:07 am)Reset
[I](2022-11-21  11:22:15 am)Reset
[I](2022-11-21  11:22:22 am)Reset
[I](2022-11-21  11:22:23 am)Reset
[I](2022-11-21  11:26:40 am)Reset
[I](2022-11-21  11:30:49 am)Reset
[I](2022-11-21  11:33:45 am)Reset
[I](2022-11-21  11:39:13 am)Reset
[I](2022-11-21  11:39:49 am)Reset
[I](2022-11-21  11:39:50 am)Reset
[I](2022-11-21  11:39:50 am)Reset
[A](2022-11-21  11:40:42 am)[036] 자동결선 절단 공정 실패!!
[I](2022-11-21  11:41:05 am)작업 시작 [Start d:416]
[I](2022-11-21  11:41:05 am)Nc File: [No.0007-559.NC]
[I](2022-11-21  11:41:05 am)  * Start Machine Position
[I](2022-11-21  11:41:05 am)    X:    174.8273
[I](2022-11-21  11:41:05 am)    Y:   -358.0923
[I](2022-11-21  11:41:05 am)    U:     -0.0799
[I](2022-11-21  11:41:05 am)    V:      0.0105
[I](2022-11-21  11:41:05 am)    Z:     41.7834
[I](2022-11-21  11:41:05 am)  * Angle
[I](2022-11-21  11:41:05 am)    Ar:     -0.3809,Kr:      0.0000
[I](2022-11-21  11:41:05 am)    Taper_Ar:      0.0000
[I](2022-11-21  11:41:46 am)작업중 정지 [d:0][t:00:00:41]
[I](2022-11-21  11:41:46 am)    [LNo:0007] 000071/000329
[A](2022-11-21  11:41:47 am)[091] Auto Door Sensor Abnormal
[I](2022-11-21  11:41:47 am)작업중 정지 [d:0][t:00:00:42]
[I](2022-11-21  11:41:47 am)    [LNo:0007] 000074/000329
[I](2022-11-21  11:42:08 am)작업중 정지 [d:0][t:00:01:02]
[I](2022-11-21  11:42:08 am)    [LNo:0007] 000244/000329
[I](2022-11-21  11:42:10 am)작업중 정지 [d:0][t:00:01:04]
[I](2022-11-21  11:42:10 am)    [LNo:0007] 000245/000329
[I](2022-11-21  11:42:32 am)
[I](2022-11-21  11:42:32 am)Work completed.
[I](2022-11-21  11:42:32 am)작업 끝.(M02) [d:0][t:00:01:27]
[I](2022-11-21  11:42:39 am)작업 시작 [Start d:416]
[I](2022-11-21  11:42:39 am)Nc File: [No.0007-559.NC]
[I](2022-11-21  11:42:39 am)  * Start Machine Position
[I](2022-11-21  11:42:39 am)    X:    174.8273
[I](2022-11-21  11:42:39 am)    Y:   -358.0923
[I](2022-11-21  11:42:39 am)    U:     -0.0799
[I](2022-11-21  11:42:39 am)    V:      0.0105
[I](2022-11-21  11:42:39 am)    Z:     41.7834
[I](2022-11-21  11:42:39 am)  * Angle
[I](2022-11-21  11:42:39 am)    Ar:     -0.3809,Kr:      0.0000
[I](2022-11-21  11:42:39 am)    Taper_Ar:      0.0000
[I](2022-11-21  11:42:39 am)작업 끝.(M02) [d:0][t:00:00:00]
[I](2022-11-21  11:43:05 am)Reset
[I](2022-11-21  11:43:05 am)Reset
[I](2022-11-21  11:43:21 am)Reset
[I](2022-11-21  11:43:21 am)Reset
[I](2022-11-21  11:43:59 am)작업 시작 [Start d:416]
[I](2022-11-21  11:43:59 am)Nc File: [No.0007-559.NC]
[I](2022-11-21  11:43:59 am)  * Start Machine Position
[I](2022-11-21  11:43:59 am)    X:    174.8273
[I](2022-11-21  11:43:59 am)    Y:   -358.0923
[I](2022-11-21  11:43:59 am)    U:     -0.0799
[I](2022-11-21  11:43:59 am)    V:      0.0105
[I](2022-11-21  11:43:59 am)    Z:     41.7834
[I](2022-11-21  11:43:59 am)  * Angle
[I](2022-11-21  11:43:59 am)    Ar:     -0.3809,Kr:      0.0000
[I](2022-11-21  11:43:59 am)    Taper_Ar:      0.0000
[I](2022-11-21  12:06:58 pm)작업중 정지 [d:22][t:00:22:59]
[I](2022-11-21  12:06:58 pm)    [LNo:0007] 000027/000329
[I](2022-11-21  12:06:59 pm)작업중 M코드정지 [d:22][t:00:22:59]
[I](2022-11-21  12:07:43 pm)작업중 정지 [d:22][t:00:23:43]
[I](2022-11-21  12:07:43 pm)    [LNo:0007] 000028/000329
[I](2022-11-21  12:08:05 pm)작업 재시작
[I](2022-11-21  12:35:58 pm)작업중 정지 [d:48][t:00:51:59]
[I](2022-11-21  12:35:58 pm)    [LNo:0007] 000085/000329
[I](2022-11-21  12:35:58 pm)작업중 M코드정지 [d:48][t:00:51:59]
[I](2022-11-21  12:37:46 pm)작업중 정지 [d:48][t:00:53:46]
[I](2022-11-21  12:37:46 pm)    [LNo:0007] 000087/000329
[I](2022-11-21  12:38:01 pm)작업 재시작
[I](2022-11-21  12:38:03 pm)작업중 정지 [d:48][t:00:54:03]
[I](2022-11-21  12:38:03 pm)    [LNo:0007] 000087/000329
[I](2022-11-21  12:38:03 pm)Wire Contact Auto Stop(M52)
[I](2022-11-21  12:38:08 pm)작업 재시작
[I](2022-11-21  12:59:10 pm)작업중 정지 [d:68][t:01:15:10]
[I](2022-11-21  12:59:10 pm)    [LNo:0007] 000143/000329
[I](2022-11-21  12:59:10 pm)작업중 M코드정지 [d:68][t:01:15:11]
[I](2022-11-21  01:03:39 pm)작업중 정지 [d:68][t:01:19:40]
[I](2022-11-21  01:03:39 pm)    [LNo:0007] 000144/000329
[I](2022-11-21  01:03:59 pm)작업 재시작
[I](2022-11-21  01:04:08 pm)작업중 정지 [d:68][t:01:20:09]
[I](2022-11-21  01:04:08 pm)    [LNo:0007] 000146/000329
[I](2022-11-21  01:04:08 pm)작업중 M코드정지 [d:68][t:01:20:09]
[I](2022-11-21  01:31:07 pm)작업중 정지 [d:94][t:01:47:08]
[I](2022-11-21  01:31:07 pm)    [LNo:0007] 000201/000329
[I](2022-11-21  01:31:07 pm)작업중 M코드정지 [d:94][t:01:47:08]
[I](2022-11-21  01:31:40 pm)작업중 정지 [d:94][t:01:47:40]
[I](2022-11-21  01:31:40 pm)    [LNo:0007] 000203/000329
[I](2022-11-21  01:31:40 pm)Wire Contact Auto Stop(M52)
[I](2022-11-21  01:32:15 pm)작업 재시작
[I](2022-11-21  01:32:23 pm)작업중 정지 [d:94][t:01:48:23]
[I](2022-11-21  01:32:23 pm)    [LNo:0007] 000204/000329
[I](2022-11-21  01:32:23 pm)작업중 M코드정지 [d:94][t:01:48:23]
[I](2022-11-21  01:46:48 pm)작업중 정지 [d:107][t:02:02:48]
[I](2022-11-21  01:46:48 pm)    [LNo:0007] 000259/000329
[I](2022-11-21  01:46:48 pm)작업중 M코드정지 [d:107][t:02:02:48]
[I](2022-11-21  01:48:37 pm)작업중 정지 [d:107][t:02:04:37]
[I](2022-11-21  01:48:37 pm)    [LNo:0007] 000260/000329
[A](2022-11-21  01:48:37 pm)[008] 작업중 단선(AWF Feed Motor Stop )
[I](2022-11-21  01:48:37 pm)작업중 Wire 단선 [d:107][t:02:04:37]
[A](2022-11-21  01:48:59 pm)[001] 와이어 미동작
[A](2022-11-21  01:49:00 pm)[001] 와이어 미동작
[A](2022-11-21  01:49:00 pm)[001] 와이어 미동작
[I](2022-11-21  01:51:14 pm)작업 재시작
[I](2022-11-21  01:51:19 pm)작업중 정지 [d:107][t:02:07:19]
[I](2022-11-21  01:51:19 pm)    [LNo:0007] 000262/000329
[I](2022-11-21  01:51:19 pm)작업중 M코드정지 [d:107][t:02:07:19]
[I](2022-11-21  02:12:38 pm)작업중 정지 [d:127][t:02:28:38]
[I](2022-11-21  02:12:38 pm)    [LNo:0007] 000316/000329
[I](2022-11-21  02:12:38 pm)작업중 M코드정지 [d:127][t:02:28:38]
[I](2022-11-21  02:18:06 pm)작업중 정지 [d:128][t:02:34:06]
[I](2022-11-21  02:18:06 pm)    [LNo:0007] 000319/000329
[I](2022-11-21  02:18:06 pm)작업중 M코드정지 [d:128][t:02:34:06]
[I](2022-11-21  02:18:45 pm)작업중 정지 [d:128][t:02:34:45]
[I](2022-11-21  02:18:45 pm)    [LNo:0007] 000322/000329
[I](2022-11-21  02:18:46 pm)작업중 정지 [d:128][t:02:34:46]
[I](2022-11-21  02:18:46 pm)    [LNo:0007] 000322/000329
[I](2022-11-21  02:18:48 pm)작업중 정지 [d:128][t:02:34:48]
[I](2022-11-21  02:18:48 pm)    [LNo:0007] 000322/000329
[A](2022-11-21  02:18:48 pm)[010] 자동결선 Error(M21-절단실패)
[I](2022-11-21  02:18:52 pm)작업중 정지 [d:128][t:02:34:53]
[I](2022-11-21  02:18:52 pm)    [LNo:0007] 000325/000329
[I](2022-11-21  02:18:52 pm)작업중 M코드정지 [d:128][t:02:34:53]
[I](2022-11-21  02:51:18 pm)Reset
[I](2022-11-21  02:51:25 pm)Reset
[I](2022-11-21  02:51:25 pm)Reset
[I](2022-11-21  02:51:26 pm)Reset
[I](2022-11-21  02:53:44 pm)작업 시작 [Start d:544]
[I](2022-11-21  02:53:44 pm)Nc File: [No.0008-560.NC]
[I](2022-11-21  02:53:44 pm)  * Start Machine Position
[I](2022-11-21  02:53:44 pm)    X:    174.8273
[I](2022-11-21  02:53:44 pm)    Y:   -358.0923
[I](2022-11-21  02:53:44 pm)    U:     -0.0799
[I](2022-11-21  02:53:44 pm)    V:      0.0105
[I](2022-11-21  02:53:44 pm)    Z:     56.4469
[I](2022-11-21  02:53:44 pm)  * Angle
[I](2022-11-21  02:53:44 pm)    Ar:     -0.3809,Kr:      0.0000
[I](2022-11-21  02:53:44 pm)    Taper_Ar:      0.0000
[I](2022-11-21  02:53:48 pm)작업중 정지 [d:0][t:00:00:03]
[I](2022-11-21  02:53:48 pm)    [LNo:0008] 000241/000333
[I](2022-11-21  03:00:30 pm)작업중 정지 [d:5][t:00:06:45]
[I](2022-11-21  03:00:30 pm)    [LNo:0008] 000248/000333
[I](2022-11-21  03:00:30 pm)작업중 30sec 접촉 정지 [d:5][t:00:06:45]
[I](2022-11-21  03:00:37 pm)작업 재시작
[I](2022-11-21  03:21:13 pm)작업중 정지 [d:26][t:00:27:28]
[I](2022-11-21  03:21:13 pm)    [LNo:0008] 000325/000333
[I](2022-11-21  03:21:13 pm)작업중 M코드정지 [d:26][t:00:27:28]
[A](2022-11-21  03:21:52 pm)[037] 자동결선 잔여 WIRE 처리 실패!!
[I](2022-11-21  03:22:54 pm)작업중 정지 [d:26][t:00:29:09]
[I](2022-11-21  03:22:54 pm)    [LNo:0008] 000290/000333
[I](2022-11-21  03:23:45 pm)작업중 정지 [d:27][t:00:30:01]
[I](2022-11-21  03:23:45 pm)    [LNo:0008] 000316/000333
[A](2022-11-21  03:24:13 pm)[037] 자동결선 잔여 WIRE 처리 실패!!
[I](2022-11-21  03:25:26 pm)작업중 정지 [d:27][t:00:31:42]
[I](2022-11-21  03:25:26 pm)    [LNo:0008] 000325/000333
[I](2022-11-21  03:25:26 pm)작업중 M코드정지 [d:27][t:00:31:42]
[A](2022-11-21  03:25:45 pm)[037] 자동결선 잔여 WIRE 처리 실패!!
[I](2022-11-21  03:26:20 pm)작업중 정지 [d:27][t:00:32:35]
[I](2022-11-21  03:26:20 pm)    [LNo:0008] 000329/000333
[I](2022-11-21  03:26:20 pm)작업중 M코드정지 [d:27][t:00:32:35]
[I](2022-11-21  03:26:21 pm)Reset
[I](2022-11-21  03:26:45 pm)Reset
[I](2022-11-21  03:26:45 pm)Reset
[I](2022-11-21  03:26:51 pm)작업 시작 [Start d:571]
[I](2022-11-21  03:26:51 pm)Nc File: [No.0008-560.NC]
[I](2022-11-21  03:26:51 pm)  * Start Machine Position
[I](2022-11-21  03:26:51 pm)    X:    174.8273
[I](2022-11-21  03:26:51 pm)    Y:   -358.0923
[I](2022-11-21  03:26:51 pm)    U:     -0.0799
[I](2022-11-21  03:26:51 pm)    V:      0.0105
[I](2022-11-21  03:26:51 pm)    Z:     56.4469
[I](2022-11-21  03:26:51 pm)  * Angle
[I](2022-11-21  03:26:51 pm)    Ar:     -0.3809,Kr:      0.0000
[I](2022-11-21  03:26:51 pm)    Taper_Ar:      0.0000
[I](2022-11-21  04:21:22 pm)작업중 정지 [d:55][t:00:54:30]
[I](2022-11-21  04:21:22 pm)    [LNo:0008] 000078/000333
[I](2022-11-21  04:21:22 pm)작업중 M코드정지 [d:55][t:00:54:30]
[I](2022-11-21  04:28:27 pm)작업중 정지 [d:55][t:01:01:35]
[I](2022-11-21  04:28:27 pm)    [LNo:0008] 000082/000333
[I](2022-11-21  04:28:27 pm)작업중 M코드정지 [d:55][t:01:01:35]
[A](2022-11-21  04:28:58 pm)[001] 와이어 미동작
[I](2022-11-21  04:33:24 pm)작업중 정지 [d:59][t:01:06:33]
[I](2022-11-21  04:33:24 pm)    [LNo:0008] 000234/000333
[I](2022-11-21  04:33:24 pm)작업중 M코드정지 [d:59][t:01:06:33]
[I](2022-11-21  04:42:47 pm)Reset
[I](2022-11-21  05:02:00 pm)Reset
[I](2022-11-21  05:02:05 pm)Reset
[I](2022-11-21  05:04:41 pm)Reset
[I](2022-11-21  05:04:45 pm)Reset
[I](2022-11-21  05:04:45 pm)Reset
[I](2022-11-21  05:06:34 pm)Reset
[A](2022-11-21  05:08:00 pm)[036] 자동결선 절단 공정 실패!!
[I](2022-11-21  05:08:46 pm)Reset
[I](2022-11-21  05:10:09 pm)작업 시작 [Start d:0]
[I](2022-11-21  05:10:09 pm)Nc File: [No.0009-562.NC]
[I](2022-11-21  05:10:09 pm)  * Start Machine Position
[I](2022-11-21  05:10:09 pm)    X:     21.8715
[I](2022-11-21  05:10:09 pm)    Y:   -366.2254
[I](2022-11-21  05:10:09 pm)    U:      0.0000
[I](2022-11-21  05:10:09 pm)    V:      0.0000
[I](2022-11-21  05:10:09 pm)    Z:     74.9629
[I](2022-11-21  05:10:09 pm)  * Angle
[I](2022-11-21  05:10:09 pm)    Ar:     -0.2081,Kr:      0.0000
[I](2022-11-21  05:10:09 pm)    Taper_Ar:      0.0000
[I](2022-11-21  05:10:18 pm)작업중 정지 [d:0][t:00:00:09]
[I](2022-11-21  05:10:18 pm)    [LNo:0009] 000176/000991
[I](2022-11-21  05:11:33 pm)작업중 정지 [d:0][t:00:01:24]
[I](2022-11-21  05:11:33 pm)    [LNo:0009] 000179/000991
[I](2022-11-21  05:11:49 pm)작업중 정지 [d:0][t:00:01:40]
[I](2022-11-21  05:11:49 pm)    [LNo:0009] 000313/000991
[I](2022-11-21  05:13:00 pm)작업중 정지 [d:0][t:00:02:51]
[I](2022-11-21  05:13:00 pm)    [LNo:0009] 000314/000991
[I](2022-11-21  05:13:16 pm)작업중 정지 [d:0][t:00:03:07]
[I](2022-11-21  05:13:16 pm)    [LNo:0009] 000451/000991
[I](2022-11-21  05:14:13 pm)작업중 정지 [d:0][t:00:04:04]
[I](2022-11-21  05:14:13 pm)    [LNo:0009] 000452/000991
[I](2022-11-21  05:14:31 pm)작업중 정지 [d:0][t:00:04:22]
[I](2022-11-21  05:14:31 pm)    [LNo:0009] 000562/000991
[I](2022-11-21  05:15:25 pm)작업중 정지 [d:0][t:00:05:16]
[I](2022-11-21  05:15:25 pm)    [LNo:0009] 000563/000991
[I](2022-11-21  05:15:50 pm)작업중 정지 [d:0][t:00:05:40]
[I](2022-11-21  05:15:50 pm)    [LNo:0009] 000728/000991
[I](2022-11-21  05:17:01 pm)작업중 정지 [d:0][t:00:06:52]
[I](2022-11-21  05:17:01 pm)    [LNo:0009] 000729/000991
[I](2022-11-21  05:17:19 pm)작업중 정지 [d:0][t:00:07:10]
[I](2022-11-21  05:17:19 pm)    [LNo:0009] 000842/000991
[I](2022-11-21  05:18:43 pm)Reset
[I](2022-11-21  05:18:43 pm)Reset
[I](2022-11-21  05:19:12 pm)Reset
[I](2022-11-21  05:19:13 pm)Reset
[I](2022-11-21  05:19:15 pm)작업 시작 [Start d:0]
[I](2022-11-21  05:19:15 pm)Nc File: [No.0009-562.NC]
[I](2022-11-21  05:19:15 pm)  * Start Machine Position
[I](2022-11-21  05:19:15 pm)    X:     21.8715
[I](2022-11-21  05:19:15 pm)    Y:   -366.2254
[I](2022-11-21  05:19:15 pm)    U:      0.0000
[I](2022-11-21  05:19:15 pm)    V:      0.0000
[I](2022-11-21  05:19:15 pm)    Z:     74.9629
[I](2022-11-21  05:19:15 pm)  * Angle
[I](2022-11-21  05:19:15 pm)    Ar:     -0.2081,Kr:      0.0000
[I](2022-11-21  05:19:15 pm)    Taper_Ar:      0.0000
[I](2022-11-21  05:19:16 pm)작업중 정지 [d:0][t:00:00:00]
[I](2022-11-21  05:19:16 pm)    [LNo:0009] 000007/000991
[I](2022-11-21  06:27:03 pm)작업중 정지 [d:67][t:01:07:47]
[I](2022-11-21  06:27:03 pm)    [LNo:0009] 000077/000991
[I](2022-11-21  06:27:03 pm)작업중 M코드정지 [d:67][t:01:07:48]
[I](2022-11-21  06:27:48 pm)작업중 정지 [d:67][t:01:08:32]
[I](2022-11-21  06:27:48 pm)    [LNo:0009] 000079/000991
[I](2022-11-21  06:27:48 pm)작업중 M코드정지 [d:67][t:01:08:32]
[A](2022-11-21  06:34:52 pm)[037] 자동결선 잔여 WIRE 처리 실패!!
[I](2022-11-21  06:35:35 pm)작업중 정지 [d:67][t:01:16:19]
[I](2022-11-21  06:35:35 pm)    [LNo:0009] 000082/000991
[I](2022-11-21  06:35:38 pm)작업중 정지 [d:67][t:01:16:22]
[I](2022-11-21  06:35:38 pm)    [LNo:0009] 000082/000991
[A](2022-11-21  06:35:38 pm)[010] 자동결선 Error(M21-절단실패)
[I](2022-11-21  07:06:08 pm)작업중 정지 [d:97][t:01:46:52]
[I](2022-11-21  07:06:08 pm)    [LNo:0009] 000103/000991
[I](2022-11-21  07:06:08 pm)작업중 M코드정지 [d:97][t:01:46:52]
[I](2022-11-21  07:09:58 pm)작업중 정지 [d:98][t:01:50:42]
[I](2022-11-21  07:09:58 pm)    [LNo:0009] 000105/000991
[I](2022-11-21  07:09:58 pm)작업중 30sec 접촉 정지 [d:98][t:01:50:42]
[A](2022-11-21  07:10:28 pm)[001] 와이어 미동작
[A](2022-11-21  07:10:29 pm)[001] 와이어 미동작
[A](2022-11-21  07:11:30 pm)[084] Work Tank Fluid Sensor Abnormal
[A](2022-11-21  07:11:31 pm)[084] Work Tank Fluid Sensor Abnormal
[A](2022-11-21  07:11:33 pm)[091] Auto Door Sensor Abnormal
[A](2022-11-21  07:11:33 pm)[084] Work Tank Fluid Sensor Abnormal
[A](2022-11-21  07:11:34 pm)[084] Work Tank Fluid Sensor Abnormal
[A](2022-11-21  07:11:34 pm)[084] Work Tank Fluid Sensor Abnormal
[A](2022-11-21  07:11:35 pm)[084] Work Tank Fluid Sensor Abnormal
[I](2022-11-21  07:14:09 pm)작업 재시작
[I](2022-11-21  07:19:52 pm)작업중 정지 [d:103][t:02:00:36]
[I](2022-11-21  07:19:52 pm)    [LNo:0009] 000125/000991
[I](2022-11-21  07:19:52 pm)작업중 M코드정지 [d:103][t:02:00:36]
[A](2022-11-21  07:20:24 pm)[037] 자동결선 잔여 WIRE 처리 실패!!
[I](2022-11-21  07:21:30 pm)작업중 정지 [d:103][t:02:02:14]
[I](2022-11-21  07:21:30 pm)    [LNo:0009] 000111/000991
[I](2022-11-21  07:52:12 pm)작업중 정지 [d:133][t:02:32:56]
[I](2022-11-21  07:52:12 pm)    [LNo:0009] 000147/000991
[I](2022-11-21  07:52:12 pm)작업중 M코드정지 [d:133][t:02:32:56]
[I](2022-11-21  07:53:43 pm)작업중 정지 [d:134][t:02:34:27]
[I](2022-11-21  07:53:43 pm)    [LNo:0009] 000149/000991
[I](2022-11-21  07:53:43 pm)작업중 30sec 접촉 정지 [d:134][t:02:34:27]
[I](2022-11-21  07:56:17 pm)작업 재시작
[I](2022-11-21  08:01:50 pm)작업중 정지 [d:139][t:02:42:34]
[I](2022-11-21  08:01:50 pm)    [LNo:0009] 000169/000991
[I](2022-11-21  08:01:50 pm)작업중 M코드정지 [d:139][t:02:42:34]
[I](2022-11-21  08:03:20 pm)작업중 정지 [d:139][t:02:44:04]
[I](2022-11-21  08:03:20 pm)    [LNo:0009] 000153/000991
[I](2022-11-21  08:05:52 pm)작업중 정지 [d:141][t:02:46:36]
[I](2022-11-21  08:05:52 pm)    [LNo:0009] 000170/000991
[I](2022-11-21  10:30:59 pm)작업중 정지 [d:285][t:05:11:43]
[I](2022-11-21  10:30:59 pm)    [LNo:0009] 000268/000991
[I](2022-11-21  10:30:59 pm)작업중 30sec 접촉 정지 [d:285][t:05:11:43]
