[I](2022-01-29  12:04:53 am)작업중 정지 [d:70][t:02:01:57]
[I](2022-01-29  12:04:53 am)    [LNo:0001] 000280/008999
[I](2022-01-29  12:04:53 am)작업중 M코드정지 [d:70][t:02:01:57]
[I](2022-01-29  12:05:20 am)작업중 정지 [d:70][t:02:02:25]
[I](2022-01-29  12:05:20 am)    [LNo:0001] 000282/008999
[I](2022-01-29  12:05:20 am)작업중 30sec 접촉 정지 [d:70][t:02:02:25]
[I](2022-01-29  12:05:56 am)작업 재시작
[I](2022-01-29  12:06:06 am)작업중 정지 [d:71][t:02:03:11]
[I](2022-01-29  12:06:06 am)    [LNo:0001] 000284/008999
[I](2022-01-29  12:06:06 am)작업중 M코드정지 [d:71][t:02:03:11]
[I](2022-01-29  12:14:04 am)작업중 정지 [d:78][t:02:11:08]
[I](2022-01-29  12:14:04 am)    [LNo:0001] 000308/008999
[I](2022-01-29  12:14:04 am)작업중 M코드정지 [d:78][t:02:11:08]
[I](2022-01-29  12:14:29 am)작업중 정지 [d:78][t:02:11:34]
[I](2022-01-29  12:14:29 am)    [LNo:0001] 000310/008999
[I](2022-01-29  12:14:58 am)작업 재시작
[I](2022-01-29  12:15:04 am)작업중 정지 [d:79][t:02:12:09]
[I](2022-01-29  12:15:04 am)    [LNo:0001] 000312/008999
[I](2022-01-29  12:15:05 am)작업중 M코드정지 [d:79][t:02:12:09]
[I](2022-01-29  12:23:12 am)작업중 정지 [d:86][t:02:20:16]
[I](2022-01-29  12:23:12 am)    [LNo:0001] 000336/008999
[I](2022-01-29  12:23:12 am)작업중 M코드정지 [d:86][t:02:20:16]
[I](2022-01-29  12:23:38 am)작업중 정지 [d:86][t:02:20:42]
[I](2022-01-29  12:23:38 am)    [LNo:0001] 000338/008999
[I](2022-01-29  12:24:10 am)작업 재시작
[I](2022-01-29  12:24:16 am)작업중 정지 [d:86][t:02:21:21]
[I](2022-01-29  12:24:16 am)    [LNo:0001] 000340/008999
[I](2022-01-29  12:24:16 am)작업중 M코드정지 [d:86][t:02:21:21]
[I](2022-01-29  12:32:20 am)작업중 정지 [d:93][t:02:29:24]
[I](2022-01-29  12:32:20 am)    [LNo:0001] 000364/008999
[I](2022-01-29  12:32:20 am)작업중 M코드정지 [d:93][t:02:29:24]
[I](2022-01-29  12:32:53 am)작업중 정지 [d:93][t:02:29:57]
[I](2022-01-29  12:32:53 am)    [LNo:0001] 000365/008999
[I](2022-01-29  12:33:21 am)작업 재시작
[I](2022-01-29  12:33:28 am)작업중 정지 [d:93][t:02:30:32]
[I](2022-01-29  12:33:28 am)    [LNo:0001] 000368/008999
[I](2022-01-29  12:33:28 am)작업중 M코드정지 [d:93][t:02:30:32]
[I](2022-01-29  12:41:29 am)작업중 정지 [d:100][t:02:38:33]
[I](2022-01-29  12:41:29 am)    [LNo:0001] 000392/008999
[I](2022-01-29  12:41:29 am)작업중 M코드정지 [d:100][t:02:38:33]
[I](2022-01-29  12:42:03 am)작업중 정지 [d:101][t:02:39:07]
[I](2022-01-29  12:42:03 am)    [LNo:0001] 000394/008999
[I](2022-01-29  12:42:33 am)작업 재시작
[I](2022-01-29  12:42:40 am)작업중 정지 [d:101][t:02:39:44]
[I](2022-01-29  12:42:40 am)    [LNo:0001] 000396/008999
[I](2022-01-29  12:42:40 am)작업중 M코드정지 [d:101][t:02:39:44]
[I](2022-01-29  12:52:56 am)작업중 정지 [d:107][t:02:50:01]
[I](2022-01-29  12:52:56 am)    [LNo:0001] 000420/008999
[I](2022-01-29  12:52:56 am)작업중 M코드정지 [d:107][t:02:50:01]
[I](2022-01-29  12:53:34 am)작업중 정지 [d:107][t:02:50:39]
[I](2022-01-29  12:53:34 am)    [LNo:0001] 000421/008999
[I](2022-01-29  12:54:12 am)작업 재시작
[I](2022-01-29  12:54:19 am)작업중 정지 [d:107][t:02:51:24]
[I](2022-01-29  12:54:19 am)    [LNo:0001] 000424/008999
[I](2022-01-29  12:54:19 am)작업중 M코드정지 [d:107][t:02:51:24]
[I](2022-01-29  01:02:30 am)작업중 정지 [d:114][t:02:59:34]
[I](2022-01-29  01:02:30 am)    [LNo:0001] 000448/008999
[I](2022-01-29  01:02:30 am)작업중 M코드정지 [d:114][t:02:59:34]
[I](2022-01-29  01:03:05 am)작업중 정지 [d:115][t:03:00:09]
[I](2022-01-29  01:03:05 am)    [LNo:0001] 000449/008999
[I](2022-01-29  01:03:54 am)작업 재시작
[I](2022-01-29  01:04:01 am)작업중 정지 [d:116][t:03:01:06]
[I](2022-01-29  01:04:01 am)    [LNo:0001] 000452/008999
[I](2022-01-29  01:04:01 am)작업중 M코드정지 [d:116][t:03:01:06]
[I](2022-01-29  01:12:11 am)작업중 정지 [d:123][t:03:09:15]
[I](2022-01-29  01:12:11 am)    [LNo:0001] 000476/008999
[I](2022-01-29  01:12:11 am)작업중 M코드정지 [d:123][t:03:09:15]
[I](2022-01-29  01:12:39 am)작업중 정지 [d:123][t:03:09:44]
[I](2022-01-29  01:12:39 am)    [LNo:0001] 000477/008999
[I](2022-01-29  01:13:08 am)작업 재시작
[I](2022-01-29  01:13:14 am)작업중 정지 [d:123][t:03:10:19]
[I](2022-01-29  01:13:14 am)    [LNo:0001] 000480/008999
[I](2022-01-29  01:13:14 am)작업중 M코드정지 [d:123][t:03:10:19]
[I](2022-01-29  01:20:58 am)작업중 정지 [d:129][t:03:18:02]
[I](2022-01-29  01:20:58 am)    [LNo:0001] 000504/008999
[I](2022-01-29  01:20:58 am)작업중 M코드정지 [d:129][t:03:18:02]
[I](2022-01-29  01:21:27 am)작업중 정지 [d:129][t:03:18:32]
[I](2022-01-29  01:21:27 am)    [LNo:0001] 000505/008999
[I](2022-01-29  01:21:58 am)작업 재시작
[I](2022-01-29  01:22:06 am)작업중 정지 [d:130][t:03:19:10]
[I](2022-01-29  01:22:06 am)    [LNo:0001] 000508/008999
[I](2022-01-29  01:22:06 am)작업중 M코드정지 [d:130][t:03:19:10]
[I](2022-01-29  01:30:16 am)작업중 정지 [d:137][t:03:27:20]
[I](2022-01-29  01:30:16 am)    [LNo:0001] 000532/008999
[I](2022-01-29  01:30:16 am)작업중 M코드정지 [d:137][t:03:27:20]
[I](2022-01-29  01:35:09 am)작업중 정지 [d:138][t:03:32:13]
[I](2022-01-29  01:35:09 am)    [LNo:0001] 000534/008999
[I](2022-01-29  01:35:09 am)작업중 30sec 접촉 정지 [d:138][t:03:32:13]
[I](2022-01-29  01:36:00 am)작업 재시작
[I](2022-01-29  01:36:11 am)작업중 정지 [d:138][t:03:33:15]
[I](2022-01-29  01:36:11 am)    [LNo:0001] 000536/008999
[I](2022-01-29  01:36:11 am)작업중 M코드정지 [d:138][t:03:33:15]
[I](2022-01-29  01:45:50 am)작업중 정지 [d:145][t:03:42:54]
[I](2022-01-29  01:45:50 am)    [LNo:0001] 000560/008999
[I](2022-01-29  01:45:50 am)작업중 M코드정지 [d:145][t:03:42:54]
[I](2022-01-29  01:46:21 am)작업중 정지 [d:145][t:03:43:25]
[I](2022-01-29  01:46:21 am)    [LNo:0001] 000562/008999
[I](2022-01-29  01:46:54 am)작업 재시작
[I](2022-01-29  01:47:00 am)작업중 정지 [d:146][t:03:44:04]
[I](2022-01-29  01:47:00 am)    [LNo:0001] 000564/008999
[I](2022-01-29  01:47:00 am)작업중 M코드정지 [d:146][t:03:44:04]
[I](2022-01-29  01:55:03 am)작업중 정지 [d:153][t:03:52:07]
[I](2022-01-29  01:55:03 am)    [LNo:0001] 000588/008999
[I](2022-01-29  01:55:03 am)작업중 M코드정지 [d:153][t:03:52:07]
[I](2022-01-29  01:55:29 am)작업중 정지 [d:153][t:03:52:33]
[I](2022-01-29  01:55:29 am)    [LNo:0001] 000590/008999
[I](2022-01-29  01:55:59 am)작업 재시작
[I](2022-01-29  01:56:06 am)작업중 정지 [d:153][t:03:53:10]
[I](2022-01-29  01:56:06 am)    [LNo:0001] 000592/008999
[I](2022-01-29  01:56:06 am)작업중 M코드정지 [d:153][t:03:53:10]
[I](2022-01-29  02:04:07 am)작업중 정지 [d:160][t:04:01:11]
[I](2022-01-29  02:04:07 am)    [LNo:0001] 000616/008999
[I](2022-01-29  02:04:07 am)작업중 M코드정지 [d:160][t:04:01:11]
[I](2022-01-29  02:04:37 am)작업중 정지 [d:160][t:04:01:41]
[I](2022-01-29  02:04:37 am)    [LNo:0001] 000618/008999
[I](2022-01-29  02:05:08 am)작업 재시작
[I](2022-01-29  02:05:15 am)작업중 정지 [d:160][t:04:02:20]
[I](2022-01-29  02:05:15 am)    [LNo:0001] 000620/008999
[I](2022-01-29  02:05:15 am)작업중 M코드정지 [d:160][t:04:02:20]
[I](2022-01-29  02:13:10 am)작업중 정지 [d:167][t:04:10:14]
[I](2022-01-29  02:13:10 am)    [LNo:0001] 000644/008999
[I](2022-01-29  02:13:10 am)작업중 M코드정지 [d:167][t:04:10:14]
[I](2022-01-29  02:13:39 am)작업중 정지 [d:167][t:04:10:44]
[I](2022-01-29  02:13:39 am)    [LNo:0001] 000646/008999
[I](2022-01-29  02:14:09 am)작업 재시작
[I](2022-01-29  02:14:16 am)작업중 정지 [d:167][t:04:11:20]
[I](2022-01-29  02:14:16 am)    [LNo:0001] 000648/008999
[I](2022-01-29  02:14:16 am)작업중 M코드정지 [d:167][t:04:11:20]
[I](2022-01-29  02:22:12 am)작업중 정지 [d:174][t:04:19:16]
[I](2022-01-29  02:22:12 am)    [LNo:0001] 000672/008999
[I](2022-01-29  02:22:12 am)작업중 M코드정지 [d:174][t:04:19:16]
[I](2022-01-29  02:22:41 am)작업중 정지 [d:174][t:04:19:45]
[I](2022-01-29  02:22:41 am)    [LNo:0001] 000673/008999
[I](2022-01-29  02:23:14 am)작업 재시작
[I](2022-01-29  02:23:20 am)작업중 정지 [d:174][t:04:20:24]
[I](2022-01-29  02:23:20 am)    [LNo:0001] 000676/008999
[I](2022-01-29  02:23:20 am)작업중 M코드정지 [d:174][t:04:20:25]
[I](2022-01-29  02:31:12 am)작업중 정지 [d:181][t:04:28:16]
[I](2022-01-29  02:31:12 am)    [LNo:0001] 000700/008999
[I](2022-01-29  02:31:12 am)작업중 M코드정지 [d:181][t:04:28:16]
[I](2022-01-29  02:31:41 am)작업중 정지 [d:181][t:04:28:46]
[I](2022-01-29  02:31:41 am)    [LNo:0001] 000701/008999
[I](2022-01-29  02:32:11 am)작업 재시작
[I](2022-01-29  02:32:18 am)작업중 정지 [d:181][t:04:29:22]
[I](2022-01-29  02:32:18 am)    [LNo:0001] 000704/008999
[I](2022-01-29  02:32:18 am)작업중 M코드정지 [d:181][t:04:29:22]
[I](2022-01-29  02:41:10 am)작업중 정지 [d:188][t:04:38:15]
[I](2022-01-29  02:41:10 am)    [LNo:0001] 000728/008999
[I](2022-01-29  02:41:10 am)작업중 M코드정지 [d:188][t:04:38:15]
[I](2022-01-29  02:41:42 am)작업중 정지 [d:188][t:04:38:47]
[I](2022-01-29  02:41:42 am)    [LNo:0001] 000729/008999
[I](2022-01-29  02:42:13 am)작업 재시작
[I](2022-01-29  02:42:20 am)작업중 정지 [d:188][t:04:39:25]
[I](2022-01-29  02:42:20 am)    [LNo:0001] 000732/008999
[I](2022-01-29  02:42:20 am)작업중 M코드정지 [d:188][t:04:39:25]
[I](2022-01-29  02:50:15 am)작업중 정지 [d:195][t:04:47:19]
[I](2022-01-29  02:50:15 am)    [LNo:0001] 000756/008999
[I](2022-01-29  02:50:15 am)작업중 M코드정지 [d:195][t:04:47:19]
[I](2022-01-29  02:50:56 am)작업중 정지 [d:195][t:04:48:00]
[I](2022-01-29  02:50:56 am)    [LNo:0001] 000757/008999
[I](2022-01-29  02:51:26 am)작업 재시작
[I](2022-01-29  02:51:33 am)작업중 정지 [d:195][t:04:48:38]
[I](2022-01-29  02:51:33 am)    [LNo:0001] 000760/008999
[I](2022-01-29  02:51:33 am)작업중 M코드정지 [d:195][t:04:48:38]
[I](2022-01-29  02:52:47 am)작업중 정지 [d:195][t:04:49:52]
[I](2022-01-29  02:52:47 am)    [LNo:0001] 000769/008999
[I](2022-01-29  02:53:27 am)Reset
[I](2022-01-29  02:53:28 am)Reset
[I](2022-01-29  02:53:45 am)작업 시작 [Start d:478]
[I](2022-01-29  02:53:45 am)Nc File: [No.0002-391.NC]
[I](2022-01-29  02:53:45 am)  * Start Machine Position
[I](2022-01-29  02:53:45 am)    X:    213.4574
[I](2022-01-29  02:53:45 am)    Y:   -271.2178
[I](2022-01-29  02:53:45 am)    U:      0.0000
[I](2022-01-29  02:53:45 am)    V:      0.0000
[I](2022-01-29  02:53:45 am)    Z:     30.3687
[I](2022-01-29  02:53:45 am)  * Angle
[I](2022-01-29  02:53:45 am)    Ar:      0.0685,Kr:      0.0000
[I](2022-01-29  02:53:45 am)    Taper_Ar:      0.0000
[I](2022-01-29  09:19:18 am)작업중 정지 [d:383][t:06:25:32]
[I](2022-01-29  09:19:18 am)    [LNo:0002] 000750/003971
[I](2022-01-29  09:19:18 am)작업중 M코드정지 [d:383][t:06:25:32]
[I](2022-01-29  09:25:01 am)Reset
[I](2022-01-29  09:25:01 am)Reset
[I](2022-01-29  09:25:35 am)작업 시작 [Start d:861]
[I](2022-01-29  09:25:35 am)Nc File: [No.0001-370.NC]
[I](2022-01-29  09:25:35 am)  * Start Machine Position
[I](2022-01-29  09:25:35 am)    X:    213.4574
[I](2022-01-29  09:25:35 am)    Y:   -271.2178
[I](2022-01-29  09:25:35 am)    U:      0.0000
[I](2022-01-29  09:25:35 am)    V:      0.0000
[I](2022-01-29  09:25:35 am)    Z:     30.3687
[I](2022-01-29  09:25:35 am)  * Angle
[I](2022-01-29  09:25:35 am)    Ar:      0.0685,Kr:      0.0000
[I](2022-01-29  09:25:35 am)    Taper_Ar:      0.0000
[I](2022-01-29  09:25:49 am)작업중 정지 [d:0][t:00:00:14]
[I](2022-01-29  09:25:49 am)    [LNo:0001] 000348/008999
[I](2022-01-29  09:25:53 am)작업중 정지 [d:0][t:00:00:17]
[I](2022-01-29  09:25:53 am)    [LNo:0001] 000349/008999
[I](2022-01-29  09:26:42 am)작업중 정지 [d:0][t:00:01:06]
[I](2022-01-29  09:26:42 am)    [LNo:0001] 000352/008999
[I](2022-01-29  09:27:14 am)Reset
[I](2022-01-29  09:27:27 am)Reset
[I](2022-01-29  09:27:27 am)Reset
[I](2022-01-29  09:27:42 am)작업 시작 [Start d:861]
[I](2022-01-29  09:27:42 am)Nc File: [No.0001-370.NC]
[I](2022-01-29  09:27:42 am)  * Start Machine Position
[I](2022-01-29  09:27:42 am)    X:    213.4574
[I](2022-01-29  09:27:42 am)    Y:   -271.2178
[I](2022-01-29  09:27:42 am)    U:      0.0000
[I](2022-01-29  09:27:42 am)    V:      0.0000
[I](2022-01-29  09:27:42 am)    Z:     30.3687
[I](2022-01-29  09:27:42 am)  * Angle
[I](2022-01-29  09:27:42 am)    Ar:      0.0685,Kr:      0.0000
[I](2022-01-29  09:27:42 am)    Taper_Ar:      0.0000
[I](2022-01-29  09:28:03 am)작업중 정지 [d:0][t:00:00:21]
[I](2022-01-29  09:28:03 am)    [LNo:0001] 001532/008999
[I](2022-01-29  09:30:43 am)작업중 정지 [d:-860][t:00:03:01]
[I](2022-01-29  09:30:43 am)    [LNo:0001] 001548/008999
[I](2022-01-29  09:30:51 am)작업 재시작
[I](2022-01-29  12:27:23 pm)작업중 정지 [d:-683][t:02:59:41]
[I](2022-01-29  12:27:23 pm)    [LNo:0001] 001902/008999
[I](2022-01-29  12:27:23 pm)작업중 M코드정지 [d:-683][t:02:59:41]
[I](2022-01-29  12:39:00 pm)작업중 정지 [d:-682][t:03:11:18]
[I](2022-01-29  12:39:00 pm)    [LNo:0001] 001906/008999
[I](2022-01-29  12:39:00 pm)작업중 M코드정지 [d:-682][t:03:11:18]
[A](2022-01-29  12:39:46 pm)[001] 와이어 미동작
[I](2022-01-29  12:39:48 pm)작업중 정지 [d:-682][t:03:12:06]
[I](2022-01-29  12:39:48 pm)    [LNo:0001] 001908/008999
[A](2022-01-29  12:39:48 pm)[008] 작업중 단선(AWF Feed Motor Stop )
[I](2022-01-29  12:39:48 pm)작업중 Wire 단선 [d:-682][t:03:12:06]
[A](2022-01-29  12:40:02 pm)[033] 자동결선 회수 롤러 WIRE CONTACT!!
[A](2022-01-29  12:40:02 pm)[034] 자동결선 하부 뭉치 WIRE CONTACT!!
[A](2022-01-29  12:40:02 pm)[013] 회수부 와이어 단선
[I](2022-01-29  12:40:48 pm)Reset
[I](2022-01-29  12:40:48 pm)Reset
[I](2022-01-29  12:41:32 pm)작업 시작 [Start d:179]
[I](2022-01-29  12:41:32 pm)Nc File: [No.0002-391.NC]
[I](2022-01-29  12:41:32 pm)  * Start Machine Position
[I](2022-01-29  12:41:32 pm)    X:    213.4574
[I](2022-01-29  12:41:32 pm)    Y:   -271.2178
[I](2022-01-29  12:41:32 pm)    U:      0.0000
[I](2022-01-29  12:41:32 pm)    V:      0.0000
[I](2022-01-29  12:41:32 pm)    Z:     30.3687
[I](2022-01-29  12:41:32 pm)  * Angle
[I](2022-01-29  12:41:32 pm)    Ar:      0.0685,Kr:      0.0000
[I](2022-01-29  12:41:32 pm)    Taper_Ar:      0.0000
[I](2022-01-29  12:41:46 pm)작업중 정지 [d:0][t:00:00:14]
[I](2022-01-29  12:41:46 pm)    [LNo:0002] 001122/003971
[I](2022-01-29  12:41:49 pm)작업중 정지 [d:0][t:00:00:17]
[I](2022-01-29  12:41:49 pm)    [LNo:0002] 001125/003971
[I](2022-01-29  05:53:11 pm)작업중 정지 [d:310][t:05:11:39]
[I](2022-01-29  05:53:11 pm)    [LNo:0002] 001771/003971
[I](2022-01-29  05:59:36 pm)작업 재시작
