[I](2022-01-16  08:36:09 am)작업 재시작
[I](2022-01-16  09:27:23 am)작업중 정지 [d:119][t:17:37:23]
[I](2022-01-16  09:27:23 am)    [LNo:0017] 000102/000346
[A](2022-01-16  09:27:23 am)[008] 작업중 단선(AWF Feed Motor Stop )
[I](2022-01-16  09:27:24 am)작업중 Wire 단선 [d:119][t:17:37:23]
[I](2022-01-16  09:28:32 am)작업 재시작
[I](2022-01-16  11:32:56 am)작업중 정지 [d:239][t:19:42:55]
[I](2022-01-16  11:32:56 am)    [LNo:0017] 000191/000346
[I](2022-01-16  11:32:56 am)작업중 M코드정지 [d:239][t:19:42:55]
[I](2022-01-16  12:18:04 pm)Reset
[I](2022-01-16  12:18:05 pm)Reset
[I](2022-01-16  12:22:33 pm)작업 시작 [Start d:468]
[I](2022-01-16  12:22:33 pm)Nc File: [No.0001-296.NC]
[I](2022-01-16  12:22:33 pm)  * Start Machine Position
[I](2022-01-16  12:22:33 pm)    X:     79.2577
[I](2022-01-16  12:22:33 pm)    Y:   -292.1240
[I](2022-01-16  12:22:33 pm)    U:      0.0000
[I](2022-01-16  12:22:33 pm)    V:      0.0000
[I](2022-01-16  12:22:33 pm)    Z:     53.6341
[I](2022-01-16  12:22:33 pm)  * Angle
[I](2022-01-16  12:22:33 pm)    Ar:      0.1352,Kr:      0.0000
[I](2022-01-16  12:22:33 pm)    Taper_Ar:      0.0000
[I](2022-01-16  01:57:26 pm)작업중 정지 [d:89][t:01:34:53]
[I](2022-01-16  01:57:26 pm)    [LNo:0001] 000215/000525
[I](2022-01-16  01:57:26 pm)작업중 M코드정지 [d:89][t:01:34:53]
[I](2022-01-16  01:59:23 pm)작업중 정지 [d:89][t:01:36:50]
[I](2022-01-16  01:59:23 pm)    [LNo:0001] 000218/000525
[I](2022-01-16  02:03:49 pm)Reset
[I](2022-01-16  02:04:18 pm)작업 시작 [Start d:557]
[I](2022-01-16  02:04:18 pm)Nc File: [No.0001-298.NC]
[I](2022-01-16  02:04:18 pm)  * Start Machine Position
[I](2022-01-16  02:04:18 pm)    X:     79.2577
[I](2022-01-16  02:04:18 pm)    Y:   -292.1240
[I](2022-01-16  02:04:19 pm)    U:      0.0000
[I](2022-01-16  02:04:19 pm)    V:      0.0000
[I](2022-01-16  02:04:19 pm)    Z:     53.6341
[I](2022-01-16  02:04:19 pm)  * Angle
[I](2022-01-16  02:04:19 pm)    Ar:      0.1352,Kr:      0.0000
[I](2022-01-16  02:04:19 pm)    Taper_Ar:      0.0000
[I](2022-01-16  02:04:21 pm)작업중 정지 [d:0][t:00:00:02]
[I](2022-01-16  02:04:21 pm)    [LNo:0001] 000058/000094
[I](2022-01-16  02:07:07 pm)작업중 정지 [d:2][t:00:02:48]
[I](2022-01-16  02:07:07 pm)    [LNo:0001] 000067/000094
[I](2022-01-16  02:07:07 pm)작업중 30sec 접촉 정지 [d:2][t:00:02:48]
[I](2022-01-16  02:24:52 pm)작업 재시작
[I](2022-01-16  02:59:48 pm)작업중 정지 [d:37][t:00:55:29]
[I](2022-01-16  02:59:48 pm)    [LNo:0001] 000080/000094
[I](2022-01-16  02:59:48 pm)작업중 M코드정지 [d:37][t:00:55:29]
[I](2022-01-16  03:02:04 pm)작업중 정지 [d:37][t:00:57:45]
[I](2022-01-16  03:02:04 pm)    [LNo:0001] 000083/000094
[I](2022-01-16  03:02:04 pm)Wire Contact Auto Stop(M52)
[I](2022-01-16  03:02:10 pm)작업 재시작
[I](2022-01-16  03:02:13 pm)작업중 정지 [d:37][t:00:57:54]
[I](2022-01-16  03:02:13 pm)    [LNo:0001] 000083/000094
[I](2022-01-16  03:12:29 pm)Reset
[I](2022-01-16  03:13:00 pm)작업 시작 [Start d:594]
[I](2022-01-16  03:13:00 pm)Nc File: [No.0002-299.NC]
[I](2022-01-16  03:13:00 pm)  * Start Machine Position
[I](2022-01-16  03:13:00 pm)    X:     79.2577
[I](2022-01-16  03:13:00 pm)    Y:   -292.1240
[I](2022-01-16  03:13:00 pm)    U:      0.0000
[I](2022-01-16  03:13:00 pm)    V:      0.0000
[I](2022-01-16  03:13:00 pm)    Z:     53.6341
[I](2022-01-16  03:13:00 pm)  * Angle
[I](2022-01-16  03:13:00 pm)    Ar:      0.1352,Kr:      0.0000
[I](2022-01-16  03:13:00 pm)    Taper_Ar:      0.0000
[I](2022-01-16  03:13:05 pm)작업중 정지 [d:0][t:00:00:05]
[I](2022-01-16  03:13:05 pm)    [LNo:0002] 000214/000525
[I](2022-01-16  03:13:29 pm)작업중 정지 [d:0][t:00:00:29]
[I](2022-01-16  03:13:29 pm)    [LNo:0002] 000215/000525
[I](2022-01-16  03:52:48 pm)작업중 정지 [d:38][t:00:39:48]
[I](2022-01-16  03:52:48 pm)    [LNo:0002] 000252/000525
[A](2022-01-16  03:52:48 pm)[008] 작업중 단선(AWF Feed Motor Stop )
[I](2022-01-16  03:52:48 pm)작업중 Wire 단선 [d:38][t:00:39:48]
[I](2022-01-16  03:53:59 pm)작업 재시작
[I](2022-01-16  05:20:01 pm)작업중 정지 [d:124][t:02:07:01]
[I](2022-01-16  05:20:01 pm)    [LNo:0002] 000287/000525
[I](2022-01-16  05:20:01 pm)작업중 M코드정지 [d:124][t:02:07:01]
