[I](2022-03-12  08:38:29 am)작업 재시작
[I](2022-03-12  08:39:37 am)작업중 정지 [d:79][t:11:40:01]
[I](2022-03-12  08:39:37 am)    [LNo:0005] 000585/000864
[I](2022-03-12  08:39:37 am)작업중 30sec 접촉 정지 [d:79][t:11:40:01]
[I](2022-03-12  08:40:18 am)작업 재시작
[I](2022-03-12  08:40:29 am)작업중 정지 [d:79][t:11:40:53]
[I](2022-03-12  08:40:29 am)    [LNo:0005] 000585/000864
[I](2022-03-12  08:40:29 am)작업중 30sec 접촉 정지 [d:79][t:11:40:53]
[I](2022-03-12  08:44:47 am)작업 재시작
[I](2022-03-12  10:12:45 am)작업중 정지 [d:165][t:13:13:09]
[I](2022-03-12  10:12:45 am)    [LNo:0005] 000829/000864
[I](2022-03-12  10:20:21 am)Reset
[I](2022-03-12  10:26:17 am)Reset
[I](2022-03-12  10:26:17 am)Reset
[I](2022-03-12  10:26:54 am)Reset
[I](2022-03-12  10:27:56 am)작업 시작 [Start d:165]
[I](2022-03-12  10:27:56 am)Nc File: [No.0001-631.NC]
[I](2022-03-12  10:27:56 am)  * Start Machine Position
[I](2022-03-12  10:27:56 am)    X:    204.3506
[I](2022-03-12  10:27:56 am)    Y:   -322.4754
[I](2022-03-12  10:27:56 am)    U:      0.0000
[I](2022-03-12  10:27:56 am)    V:      0.0000
[I](2022-03-12  10:27:56 am)    Z:     71.4812
[I](2022-03-12  10:27:56 am)  * Angle
[I](2022-03-12  10:27:56 am)    Ar:      0.0498,Kr:      0.0000
[I](2022-03-12  10:27:56 am)    Taper_Ar:      0.0000
[I](2022-03-12  10:28:36 am)작업중 정지 [d:0][t:00:00:39]
[I](2022-03-12  10:28:36 am)    [LNo:0001] 000010/000190
[I](2022-03-12  10:28:36 am)작업중 M코드정지 [d:0][t:00:00:40]
[I](2022-03-12  11:52:45 am)작업중 정지 [d:82][t:01:24:48]
[I](2022-03-12  11:52:45 am)    [LNo:0001] 000042/000190
[I](2022-03-12  11:52:45 am)작업중 M코드정지 [d:82][t:01:24:48]
[I](2022-03-12  11:53:19 am)작업중 정지 [d:83][t:01:25:22]
[I](2022-03-12  11:53:19 am)    [LNo:0001] 000044/000190
[I](2022-03-12  11:54:21 am)작업 재시작
[I](2022-03-12  11:54:39 am)작업중 정지 [d:83][t:01:26:42]
[I](2022-03-12  11:54:39 am)    [LNo:0001] 000046/000190
[I](2022-03-12  11:54:39 am)작업중 M코드정지 [d:83][t:01:26:42]
[I](2022-03-12  12:24:05 pm)작업중 정지 [d:111][t:01:56:08]
[I](2022-03-12  12:24:05 pm)    [LNo:0001] 000068/000190
[I](2022-03-12  12:24:05 pm)작업중 M코드정지 [d:111][t:01:56:08]
[I](2022-03-12  12:42:15 pm)작업중 정지 [d:112][t:02:14:18]
[I](2022-03-12  12:42:15 pm)    [LNo:0001] 000069/000190
[I](2022-03-12  12:42:57 pm)작업 재시작
[I](2022-03-12  12:43:12 pm)작업중 정지 [d:112][t:02:15:15]
[I](2022-03-12  12:43:12 pm)    [LNo:0001] 000070/000190
[I](2022-03-12  12:43:12 pm)작업중 M코드정지 [d:112][t:02:15:15]
[I](2022-03-12  01:13:08 pm)작업중 정지 [d:139][t:02:45:11]
[I](2022-03-12  01:13:08 pm)    [LNo:0001] 000091/000190
[A](2022-03-12  01:13:08 pm)[008] 작업중 단선(AWF Feed Motor Stop )
[I](2022-03-12  01:13:08 pm)작업중 Wire 단선 [d:139][t:02:45:11]
[I](2022-03-12  01:16:01 pm)작업 재시작
[I](2022-03-12  01:16:38 pm)작업중 정지 [d:140][t:02:48:42]
[I](2022-03-12  01:16:38 pm)    [LNo:0001] 000092/000190
[I](2022-03-12  01:16:38 pm)작업중 M코드정지 [d:140][t:02:48:42]
[I](2022-03-12  01:17:12 pm)작업중 정지 [d:140][t:02:49:15]
[I](2022-03-12  01:17:12 pm)    [LNo:0001] 000094/000190
[I](2022-03-12  01:17:12 pm)작업중 M코드정지 [d:140][t:02:49:15]
[I](2022-03-12  01:45:04 pm)작업중 정지 [d:166][t:03:17:07]
[I](2022-03-12  01:45:04 pm)    [LNo:0001] 000115/000190
[I](2022-03-12  01:45:04 pm)작업중 30sec 접촉 정지 [d:166][t:03:17:07]
[I](2022-03-12  01:45:49 pm)작업 재시작
[I](2022-03-12  01:47:19 pm)작업중 정지 [d:168][t:03:19:22]
[I](2022-03-12  01:47:19 pm)    [LNo:0001] 000115/000190
[I](2022-03-12  01:48:13 pm)작업 재시작
[I](2022-03-12  01:48:35 pm)작업중 정지 [d:168][t:03:20:38]
[I](2022-03-12  01:48:35 pm)    [LNo:0001] 000116/000190
[I](2022-03-12  01:48:35 pm)작업중 M코드정지 [d:168][t:03:20:38]
[I](2022-03-12  01:49:25 pm)작업중 정지 [d:169][t:03:21:29]
[I](2022-03-12  01:49:25 pm)    [LNo:0001] 000118/000190
[I](2022-03-12  01:49:25 pm)작업중 M코드정지 [d:169][t:03:21:29]
[I](2022-03-12  01:49:33 pm)작업중 정지 [d:169][t:03:21:36]
[I](2022-03-12  01:49:33 pm)    [LNo:0001] 000121/000190
[A](2022-03-12  01:50:14 pm)[041] AWF 명령끝날때까지 센서감지(타임아웃) 안됨
[I](2022-03-12  02:19:11 pm)작업중 정지 [d:196][t:03:51:14]
[I](2022-03-12  02:19:11 pm)    [LNo:0001] 000139/000190
[I](2022-03-12  02:19:33 pm)작업 재시작
[I](2022-03-12  02:19:57 pm)작업중 정지 [d:196][t:03:52:00]
[I](2022-03-12  02:19:57 pm)    [LNo:0001] 000140/000190
[I](2022-03-12  02:19:57 pm)작업중 M코드정지 [d:196][t:03:52:01]
[I](2022-03-12  02:20:17 pm)작업중 정지 [d:197][t:03:52:21]
[I](2022-03-12  02:20:17 pm)    [LNo:0001] 000142/000190
[I](2022-03-12  02:20:18 pm)작업중 M코드정지 [d:197][t:03:52:21]
[I](2022-03-12  02:20:20 pm)작업중 정지 [d:197][t:03:52:23]
[I](2022-03-12  02:20:20 pm)    [LNo:0001] 000144/000190
[I](2022-03-12  02:20:21 pm)작업 재시작
[I](2022-03-12  02:20:22 pm)작업중 정지 [d:197][t:03:52:25]
[I](2022-03-12  02:20:22 pm)    [LNo:0001] 000145/000190
[I](2022-03-12  03:56:05 pm)작업중 정지 [d:276][t:05:28:09]
[I](2022-03-12  03:56:05 pm)    [LNo:0001] 000162/000190
[I](2022-03-12  03:57:29 pm)작업 재시작
[I](2022-03-12  03:58:28 pm)작업중 정지 [d:277][t:05:30:31]
[I](2022-03-12  03:58:28 pm)    [LNo:0001] 000163/000190
[I](2022-03-12  03:58:28 pm)작업중 M코드정지 [d:277][t:05:30:31]
[I](2022-03-12  03:59:03 pm)작업중 정지 [d:277][t:05:31:06]
[I](2022-03-12  03:59:03 pm)    [LNo:0001] 000165/000190
[I](2022-03-12  03:59:03 pm)작업중 M코드정지 [d:277][t:05:31:06]
[I](2022-03-12  04:32:36 pm)작업중 정지 [d:311][t:06:04:39]
[I](2022-03-12  04:32:36 pm)    [LNo:0001] 000183/000190
[A](2022-03-12  04:33:14 pm)[084] Work Tank Fluid Sensor Abnormal
[I](2022-03-12  04:37:11 pm)Reset
[I](2022-03-12  04:41:46 pm)Reset
[I](2022-03-12  04:41:47 pm)Reset
[I](2022-03-12  04:41:48 pm)Reset
[I](2022-03-12  04:41:51 pm)Reset
[I](2022-03-12  04:41:52 pm)Reset
[I](2022-03-12  04:56:42 pm)Reset
[I](2022-03-12  04:56:42 pm)Reset
[I](2022-03-12  04:56:43 pm)Reset
[I](2022-03-12  04:57:04 pm)Reset
[I](2022-03-12  04:57:04 pm)Reset
[I](2022-03-12  05:02:42 pm)Reset
[I](2022-03-12  05:02:42 pm)Reset
[I](2022-03-12  05:03:11 pm)Reset
[I](2022-03-12  05:03:57 pm)Reset
[I](2022-03-12  05:05:26 pm)Reset
[I](2022-03-12  05:07:17 pm)Reset
[I](2022-03-12  05:08:34 pm)Reset
[I](2022-03-12  05:10:02 pm)Reset
[I](2022-03-12  05:11:13 pm)Reset
[I](2022-03-12  05:12:35 pm)Reset
[I](2022-03-12  05:13:09 pm)Reset
[I](2022-03-12  05:14:09 pm)Reset
[I](2022-03-12  05:15:05 pm)Reset
[I](2022-03-12  05:16:38 pm)Reset
[I](2022-03-12  05:17:05 pm)Reset
[I](2022-03-12  05:18:37 pm)Reset
[I](2022-03-12  05:19:34 pm)Reset
[I](2022-03-12  05:21:02 pm)Reset
[I](2022-03-12  05:25:28 pm)Reset
[I](2022-03-12  05:26:00 pm)Reset
[I](2022-03-12  05:27:01 pm)Reset
[I](2022-03-12  05:28:14 pm)Reset
[I](2022-03-12  05:28:36 pm)Reset
[I](2022-03-12  05:30:17 pm)작업 시작 [Start d:0]
[I](2022-03-12  05:30:17 pm)Nc File: [No.0002-615.NC]
[I](2022-03-12  05:30:17 pm)  * Start Machine Position
[I](2022-03-12  05:30:17 pm)    X:     78.6499
[I](2022-03-12  05:30:17 pm)    Y:   -366.1056
[I](2022-03-12  05:30:17 pm)    U:      0.0000
[I](2022-03-12  05:30:17 pm)    V:      0.0000
[I](2022-03-12  05:30:17 pm)    Z:     78.0317
[I](2022-03-12  05:30:17 pm)  * Angle
[I](2022-03-12  05:30:17 pm)    Ar:     -1.1940,Kr:      0.0000
[I](2022-03-12  05:30:17 pm)    Taper_Ar:      0.0000
[I](2022-03-12  05:30:27 pm)작업중 정지 [d:0][t:00:00:09]
[I](2022-03-12  05:30:27 pm)    [LNo:0002] 000010/000267
[I](2022-03-12  05:30:27 pm)작업중 M코드정지 [d:0][t:00:00:09]
[I](2022-03-12  05:35:49 pm)작업중 정지 [d:4][t:00:05:31]
[I](2022-03-12  05:35:49 pm)    [LNo:0002] 000029/000267
[I](2022-03-12  05:35:49 pm)작업중 M코드정지 [d:4][t:00:05:31]
[I](2022-03-12  05:42:49 pm)작업중 정지 [d:4][t:00:12:31]
[I](2022-03-12  05:42:49 pm)    [LNo:0002] 000032/000267
[I](2022-03-12  05:42:49 pm)작업중 M코드정지 [d:4][t:00:12:31]
[I](2022-03-12  05:42:59 pm)작업중 정지 [d:4][t:00:12:41]
[I](2022-03-12  05:42:59 pm)    [LNo:0002] 000038/000267
[I](2022-03-12  05:53:40 pm)작업중 정지 [d:13][t:00:23:22]
[I](2022-03-12  05:53:40 pm)    [LNo:0002] 000051/000267
[I](2022-03-12  05:53:40 pm)작업중 M코드정지 [d:13][t:00:23:22]
[I](2022-03-12  06:07:48 pm)작업중 정지 [d:19][t:00:37:30]
[I](2022-03-12  06:07:48 pm)    [LNo:0002] 000072/000267
[I](2022-03-12  06:07:48 pm)Wire Contact Auto Stop(M52)
[I](2022-03-12  06:07:54 pm)작업 재시작
[I](2022-03-12  06:08:01 pm)작업중 정지 [d:19][t:00:37:43]
[I](2022-03-12  06:08:01 pm)    [LNo:0002] 000073/000267
[I](2022-03-12  06:08:01 pm)작업중 M코드정지 [d:19][t:00:37:43]
[I](2022-03-12  06:08:14 pm)작업중 정지 [d:20][t:00:37:56]
[I](2022-03-12  06:08:14 pm)    [LNo:0002] 000074/000267
[I](2022-03-12  06:09:41 pm)작업 재시작
[I](2022-03-12  06:09:49 pm)작업중 정지 [d:20][t:00:39:31]
[I](2022-03-12  06:09:49 pm)    [LNo:0002] 000076/000267
[I](2022-03-12  06:09:49 pm)작업중 M코드정지 [d:20][t:00:39:31]
[I](2022-03-12  06:36:42 pm)작업중 정지 [d:46][t:01:06:24]
[I](2022-03-12  06:36:42 pm)    [LNo:0002] 000114/000267
[A](2022-03-12  06:36:42 pm)[008] 작업중 단선(AWF Feed Motor Stop )
[I](2022-03-12  06:36:42 pm)작업중 Wire 단선 [d:46][t:01:06:24]
[I](2022-03-12  06:37:55 pm)작업 재시작
[I](2022-03-12  07:24:26 pm)작업중 정지 [d:93][t:01:54:08]
[I](2022-03-12  07:24:26 pm)    [LNo:0002] 000123/000267
[I](2022-03-12  07:27:20 pm)작업 재시작
[I](2022-03-12  08:54:10 pm)작업중 정지 [d:179][t:03:23:53]
[I](2022-03-12  08:54:10 pm)    [LNo:0002] 000138/000267
[A](2022-03-12  08:54:11 pm)[008] 작업중 단선(AWF Feed Motor Stop )
[I](2022-03-12  08:54:11 pm)작업중 Wire 단선 [d:179][t:03:23:53]
[I](2022-03-12  08:54:22 pm)작업 재시작
[I](2022-03-12  08:54:36 pm)작업중 정지 [d:179][t:03:24:18]
[I](2022-03-12  08:54:36 pm)    [LNo:0002] 000138/000267
[A](2022-03-12  08:54:36 pm)[008] 작업중 단선(AWF Feed Motor Stop )
[I](2022-03-12  08:54:37 pm)작업중 Wire 단선 [d:179][t:03:24:19]
[I](2022-03-12  08:54:48 pm)작업 재시작
