[I](2022-11-06  01:57:43 am)작업중 정지 [d:647][t:11:07:03]
[I](2022-11-06  01:57:43 am)    [LNo:0001] 001166/001200
[I](2022-11-06  01:57:43 am)작업중 M코드정지 [d:647][t:11:07:03]
[I](2022-11-06  08:14:11 am)작업중 정지 [d:647][t:17:23:31]
[I](2022-11-06  08:14:11 am)    [LNo:0001] 001168/001200
[I](2022-11-06  08:14:11 am)작업중 M코드정지 [d:647][t:17:23:31]
[I](2022-11-06  08:14:14 am)작업중 정지 [d:647][t:17:23:34]
[I](2022-11-06  08:14:14 am)    [LNo:0001] 001171/001200
[I](2022-11-06  08:14:17 am)작업중 정지 [d:647][t:17:23:37]
[I](2022-11-06  08:14:17 am)    [LNo:0001] 001171/001200
[A](2022-11-06  08:14:17 am)[010] 자동결선 Error(M21-절단실패)
[I](2022-11-06  08:17:23 am)작업중 정지 [d:650][t:17:26:43]
[I](2022-11-06  08:17:23 am)    [LNo:0001] 001187/001200
[A](2022-11-06  08:17:23 am)[008] 작업중 단선(AWF Feed Motor Stop )
[I](2022-11-06  08:17:23 am)작업중 Wire 단선 [d:650][t:17:26:43]
[A](2022-11-06  08:17:39 am)[041] AWF 명령끝날때까지 센서감지(타임아웃) 안됨
[I](2022-11-06  09:19:46 am)Reset
[I](2022-11-06  09:19:46 am)Reset
[I](2022-11-06  09:24:49 am)Reset
[I](2022-11-06  09:24:58 am)Reset
[I](2022-11-06  09:24:58 am)Reset
[I](2022-11-06  09:28:18 am)Reset
[I](2022-11-06  09:28:18 am)Reset
[I](2022-11-06  09:28:23 am)Reset
[I](2022-11-06  09:28:23 am)Reset
[I](2022-11-06  09:28:56 am)Reset
[I](2022-11-06  09:28:56 am)Reset
[I](2022-11-06  09:34:24 am)Reset
[I](2022-11-06  09:34:24 am)Reset
[I](2022-11-06  09:34:56 am)Reset
[I](2022-11-06  09:34:57 am)Reset
[I](2022-11-06  09:36:22 am)Reset
[I](2022-11-06  09:36:22 am)Reset
[I](2022-11-06  09:36:44 am)Reset
[I](2022-11-06  09:38:41 am)작업 시작 [Start d:0]
[I](2022-11-06  09:38:41 am)Nc File: [No.0005-401.NC]
[I](2022-11-06  09:38:41 am)  * Start Machine Position
[I](2022-11-06  09:38:41 am)    X:     72.3624
[I](2022-11-06  09:38:41 am)    Y:   -357.3908
[I](2022-11-06  09:38:41 am)    U:      0.0000
[I](2022-11-06  09:38:41 am)    V:      0.0349
[I](2022-11-06  09:38:41 am)    Z:     56.5059
[I](2022-11-06  09:38:41 am)  * Angle
[I](2022-11-06  09:38:41 am)    Ar:      0.0282,Kr:      0.0000
[I](2022-11-06  09:38:41 am)    Taper_Ar:      0.0000
[I](2022-11-06  09:38:46 am)작업중 정지 [d:0][t:00:00:04]
[I](2022-11-06  09:38:46 am)    [LNo:0005] 000010/000102
[I](2022-11-06  09:38:46 am)작업중 M코드정지 [d:0][t:00:00:04]
[I](2022-11-06  09:56:18 am)작업중 정지 [d:16][t:00:17:36]
[I](2022-11-06  09:56:18 am)    [LNo:0005] 000028/000102
[I](2022-11-06  09:56:18 am)작업중 M코드정지 [d:16][t:00:17:36]
[I](2022-11-06  09:58:51 am)작업중 정지 [d:16][t:00:20:09]
[I](2022-11-06  09:58:51 am)    [LNo:0005] 000030/000102
[I](2022-11-06  09:59:20 am)작업 재시작
[I](2022-11-06  09:59:24 am)작업중 정지 [d:17][t:00:20:43]
[I](2022-11-06  09:59:24 am)    [LNo:0005] 000032/000102
[I](2022-11-06  09:59:25 am)작업중 M코드정지 [d:17][t:00:20:43]
[I](2022-11-06  10:03:08 am)작업중 정지 [d:20][t:00:24:26]
[I](2022-11-06  10:03:08 am)    [LNo:0005] 000047/000102
[I](2022-11-06  10:03:08 am)작업중 30sec 접촉 정지 [d:20][t:00:24:26]
[I](2022-11-06  10:05:13 am)작업중 정지 [d:20][t:00:26:31]
[I](2022-11-06  10:05:13 am)    [LNo:0005] 000036/000102
[I](2022-11-06  10:08:17 am)작업중 정지 [d:20][t:00:29:35]
[I](2022-11-06  10:08:17 am)    [LNo:0005] 000044/000102
[I](2022-11-06  10:08:17 am)작업중 30sec 접촉 정지 [d:20][t:00:29:35]
[I](2022-11-06  10:09:01 am)작업 재시작
[I](2022-11-06  10:28:51 am)작업중 정지 [d:39][t:00:50:09]
[I](2022-11-06  10:28:51 am)    [LNo:0005] 000072/000102
[I](2022-11-06  10:28:51 am)작업중 M코드정지 [d:39][t:00:50:09]
[I](2022-11-06  10:33:03 am)작업중 정지 [d:39][t:00:54:21]
[I](2022-11-06  10:33:03 am)    [LNo:0005] 000074/000102
[I](2022-11-06  10:33:29 am)작업 재시작
[I](2022-11-06  10:33:34 am)작업중 정지 [d:39][t:00:54:52]
[I](2022-11-06  10:33:34 am)    [LNo:0005] 000076/000102
[I](2022-11-06  10:33:34 am)작업중 M코드정지 [d:39][t:00:54:52]
[I](2022-11-06  10:37:58 am)작업중 정지 [d:43][t:00:59:16]
[I](2022-11-06  10:37:58 am)    [LNo:0005] 000094/000102
[I](2022-11-06  10:37:58 am)작업중 M코드정지 [d:43][t:00:59:16]
[I](2022-11-06  10:40:15 am)작업중 정지 [d:43][t:01:01:33]
[I](2022-11-06  10:40:15 am)    [LNo:0005] 000080/000102
[I](2022-11-06  10:42:32 am)작업중 정지 [d:45][t:01:03:50]
[I](2022-11-06  10:42:32 am)    [LNo:0005] 000095/000102
[I](2022-11-06  10:42:32 am)작업중 M코드정지 [d:45][t:01:03:50]
[I](2022-11-06  10:49:26 am)Reset
[I](2022-11-06  10:49:27 am)Reset
[I](2022-11-06  10:54:52 am)Reset
[I](2022-11-06  10:55:22 am)Reset
[I](2022-11-06  10:55:22 am)Reset
[I](2022-11-06  10:55:23 am)Reset
[I](2022-11-06  11:01:32 am)Reset
[I](2022-11-06  11:05:24 am)Reset
[I](2022-11-06  11:05:25 am)Reset
[I](2022-11-06  11:06:10 am)Reset
[I](2022-11-06  11:06:10 am)Reset
[I](2022-11-06  11:06:32 am)Reset
[I](2022-11-06  11:06:32 am)Reset
[I](2022-11-06  11:08:30 am)작업 시작 [Start d:45]
[I](2022-11-06  11:08:30 am)Nc File: [No.0005-401.NC]
[I](2022-11-06  11:08:30 am)  * Start Machine Position
[I](2022-11-06  11:08:30 am)    X:     68.4929
[I](2022-11-06  11:08:30 am)    Y:   -357.2767
[I](2022-11-06  11:08:30 am)    U:      0.0000
[I](2022-11-06  11:08:30 am)    V:      0.0099
[I](2022-11-06  11:08:30 am)    Z:     56.5059
[I](2022-11-06  11:08:30 am)  * Angle
[I](2022-11-06  11:08:30 am)    Ar:      0.0930,Kr:      0.0000
[I](2022-11-06  11:08:30 am)    Taper_Ar:      0.0000
[I](2022-11-06  11:08:34 am)작업중 정지 [d:0][t:00:00:04]
[I](2022-11-06  11:08:34 am)    [LNo:0005] 000010/000102
[I](2022-11-06  11:08:34 am)작업중 M코드정지 [d:0][t:00:00:04]
[I](2022-11-06  11:25:17 am)작업중 정지 [d:16][t:00:16:46]
[I](2022-11-06  11:25:17 am)    [LNo:0005] 000028/000102
[I](2022-11-06  11:25:17 am)작업중 M코드정지 [d:16][t:00:16:47]
[I](2022-11-06  11:34:01 am)작업중 정지 [d:16][t:00:25:31]
[I](2022-11-06  11:34:01 am)    [LNo:0005] 000030/000102
[I](2022-11-06  11:34:26 am)작업 재시작
[I](2022-11-06  11:34:30 am)작업중 정지 [d:16][t:00:26:00]
[I](2022-11-06  11:34:30 am)    [LNo:0005] 000032/000102
[I](2022-11-06  11:34:30 am)작업중 M코드정지 [d:16][t:00:26:00]
[I](2022-11-06  11:38:13 am)작업중 정지 [d:19][t:00:29:43]
[I](2022-11-06  11:38:13 am)    [LNo:0005] 000050/000102
[I](2022-11-06  11:38:14 am)작업중 M코드정지 [d:19][t:00:29:43]
[I](2022-11-06  11:39:45 am)작업중 정지 [d:19][t:00:31:15]
[I](2022-11-06  11:39:45 am)    [LNo:0005] 000034/000102
[I](2022-11-06  11:59:03 am)작업중 정지 [d:37][t:00:50:32]
[I](2022-11-06  11:59:03 am)    [LNo:0005] 000072/000102
[I](2022-11-06  11:59:03 am)작업중 M코드정지 [d:37][t:00:50:33]
[I](2022-11-06  12:00:04 pm)작업중 정지 [d:37][t:00:51:34]
[I](2022-11-06  12:00:04 pm)    [LNo:0005] 000074/000102
[I](2022-11-06  12:00:32 pm)작업 재시작
[I](2022-11-06  12:00:36 pm)작업중 정지 [d:37][t:00:52:06]
[I](2022-11-06  12:00:36 pm)    [LNo:0005] 000076/000102
[I](2022-11-06  12:00:37 pm)작업중 M코드정지 [d:37][t:00:52:06]
[I](2022-11-06  12:04:23 pm)작업중 정지 [d:41][t:00:55:53]
[I](2022-11-06  12:04:23 pm)    [LNo:0005] 000094/000102
[I](2022-11-06  12:04:24 pm)작업중 M코드정지 [d:41][t:00:55:53]
[I](2022-11-06  12:05:10 pm)작업중 정지 [d:41][t:00:56:40]
[I](2022-11-06  12:05:10 pm)    [LNo:0005] 000080/000102
[A](2022-11-06  12:05:12 pm)[002] 가공액 미동작
[I](2022-11-06  12:08:01 pm)작업중 정지 [d:44][t:00:59:31]
[I](2022-11-06  12:08:01 pm)    [LNo:0005] 000098/000102
[I](2022-11-06  12:08:01 pm)작업중 M코드정지 [d:44][t:00:59:31]
[I](2022-11-06  12:27:14 pm)Reset
[I](2022-11-06  12:27:14 pm)Reset
[I](2022-11-06  12:29:29 pm)Reset
[I](2022-11-06  12:29:30 pm)Reset
[I](2022-11-06  12:30:00 pm)Reset
[I](2022-11-06  12:30:00 pm)Reset
[I](2022-11-06  12:55:40 pm)Reset
[I](2022-11-06  12:55:40 pm)Reset
[I](2022-11-06  12:57:28 pm)Reset
[I](2022-11-06  12:57:28 pm)Reset
[I](2022-11-06  12:57:57 pm)Reset
[I](2022-11-06  12:59:05 pm)Reset
[I](2022-11-06  12:59:05 pm)Reset
[I](2022-11-06  12:59:30 pm)Reset
[I](2022-11-06  12:59:31 pm)Reset
[I](2022-11-06  01:01:20 pm)작업 시작 [Start d:89]
[I](2022-11-06  01:01:20 pm)Nc File: [No.0005-401.NC]
[I](2022-11-06  01:01:20 pm)  * Start Machine Position
[I](2022-11-06  01:01:20 pm)    X:     66.7934
[I](2022-11-06  01:01:20 pm)    Y:   -357.4138
[I](2022-11-06  01:01:20 pm)    U:      0.0000
[I](2022-11-06  01:01:20 pm)    V:      0.0459
[I](2022-11-06  01:01:20 pm)    Z:     56.5059
[I](2022-11-06  01:01:20 pm)  * Angle
[I](2022-11-06  01:01:20 pm)    Ar:     -0.0539,Kr:      0.0000
[I](2022-11-06  01:01:20 pm)    Taper_Ar:      0.0000
[I](2022-11-06  01:01:24 pm)작업중 정지 [d:0][t:00:00:04]
[I](2022-11-06  01:01:24 pm)    [LNo:0005] 000010/000102
[I](2022-11-06  01:01:24 pm)작업중 M코드정지 [d:0][t:00:00:04]
[I](2022-11-06  01:18:10 pm)작업중 정지 [d:16][t:00:16:50]
[I](2022-11-06  01:18:10 pm)    [LNo:0005] 000028/000102
[I](2022-11-06  01:18:10 pm)작업중 M코드정지 [d:16][t:00:16:50]
[I](2022-11-06  01:18:27 pm)작업중 정지 [d:17][t:00:17:07]
[I](2022-11-06  01:18:27 pm)    [LNo:0005] 000030/000102
[I](2022-11-06  01:18:55 pm)작업 재시작
[I](2022-11-06  01:19:00 pm)작업중 정지 [d:17][t:00:17:39]
[I](2022-11-06  01:19:00 pm)    [LNo:0005] 000032/000102
[I](2022-11-06  01:19:00 pm)작업중 M코드정지 [d:17][t:00:17:40]
[I](2022-11-06  01:23:02 pm)작업중 정지 [d:21][t:00:21:41]
[I](2022-11-06  01:23:02 pm)    [LNo:0005] 000050/000102
[I](2022-11-06  01:23:02 pm)작업중 M코드정지 [d:21][t:00:21:42]
[I](2022-11-06  01:28:24 pm)작업중 정지 [d:21][t:00:27:04]
[I](2022-11-06  01:28:24 pm)    [LNo:0005] 000034/000102
[I](2022-11-06  01:47:44 pm)작업중 정지 [d:39][t:00:46:24]
[I](2022-11-06  01:47:44 pm)    [LNo:0005] 000072/000102
[I](2022-11-06  01:47:44 pm)작업중 M코드정지 [d:39][t:00:46:24]
[I](2022-11-06  01:48:12 pm)작업중 정지 [d:39][t:00:46:52]
[I](2022-11-06  01:48:12 pm)    [LNo:0005] 000074/000102
[I](2022-11-06  01:48:46 pm)작업 재시작
[I](2022-11-06  01:48:50 pm)작업중 정지 [d:39][t:00:47:30]
[I](2022-11-06  01:48:50 pm)    [LNo:0005] 000076/000102
[I](2022-11-06  01:48:50 pm)작업중 M코드정지 [d:39][t:00:47:30]
[I](2022-11-06  01:52:52 pm)작업중 정지 [d:43][t:00:51:32]
[I](2022-11-06  01:52:52 pm)    [LNo:0005] 000095/000102
[I](2022-11-06  01:52:52 pm)작업중 M코드정지 [d:43][t:00:51:32]
[I](2022-11-06  01:53:08 pm)작업중 정지 [d:43][t:00:51:48]
[I](2022-11-06  01:53:08 pm)    [LNo:0005] 000080/000102
[I](2022-11-06  01:56:03 pm)작업중 정지 [d:46][t:00:54:43]
[I](2022-11-06  01:56:03 pm)    [LNo:0005] 000098/000102
[I](2022-11-06  01:56:03 pm)작업중 M코드정지 [d:46][t:00:54:43]
[I](2022-11-06  01:58:22 pm)Reset
[I](2022-11-06  02:01:03 pm)Reset
[I](2022-11-06  02:01:03 pm)Reset
[I](2022-11-06  02:01:34 pm)Reset
[I](2022-11-06  02:01:34 pm)Reset
[I](2022-11-06  02:05:42 pm)Reset
[I](2022-11-06  02:06:09 pm)Reset
[I](2022-11-06  02:06:43 pm)Reset
[I](2022-11-06  02:06:43 pm)Reset
[I](2022-11-06  02:07:04 pm)Reset
[I](2022-11-06  02:07:05 pm)Reset
[I](2022-11-06  02:07:51 pm)작업 시작 [Start d:135]
[I](2022-11-06  02:07:51 pm)Nc File: [No.0005-401.NC]
[I](2022-11-06  02:07:51 pm)  * Start Machine Position
[I](2022-11-06  02:07:51 pm)    X:     69.4911
[I](2022-11-06  02:07:51 pm)    Y:   -357.2250
[I](2022-11-06  02:07:51 pm)    U:      0.0000
[I](2022-11-06  02:07:51 pm)    V:      0.0149
[I](2022-11-06  02:07:51 pm)    Z:     56.5059
[I](2022-11-06  02:07:51 pm)  * Angle
[I](2022-11-06  02:07:51 pm)    Ar:      0.1329,Kr:      0.0000
[I](2022-11-06  02:07:51 pm)    Taper_Ar:      0.0000
[I](2022-11-06  02:07:55 pm)작업중 정지 [d:0][t:00:00:04]
[I](2022-11-06  02:07:55 pm)    [LNo:0005] 000010/000102
[I](2022-11-06  02:07:55 pm)작업중 M코드정지 [d:0][t:00:00:04]
[I](2022-11-06  02:24:50 pm)작업중 정지 [d:16][t:00:16:58]
[I](2022-11-06  02:24:50 pm)    [LNo:0005] 000028/000102
[I](2022-11-06  02:24:50 pm)작업중 M코드정지 [d:16][t:00:16:58]
[I](2022-11-06  02:25:37 pm)작업중 정지 [d:16][t:00:17:46]
[I](2022-11-06  02:25:37 pm)    [LNo:0005] 000030/000102
[I](2022-11-06  02:26:06 pm)작업 재시작
[I](2022-11-06  02:26:10 pm)작업중 정지 [d:16][t:00:18:19]
[I](2022-11-06  02:26:10 pm)    [LNo:0005] 000032/000102
[I](2022-11-06  02:26:10 pm)작업중 M코드정지 [d:16][t:00:18:19]
[I](2022-11-06  02:30:27 pm)작업중 정지 [d:20][t:00:22:35]
[I](2022-11-06  02:30:27 pm)    [LNo:0005] 000050/000102
[I](2022-11-06  02:30:27 pm)작업중 M코드정지 [d:20][t:00:22:35]
[I](2022-11-06  02:32:26 pm)작업중 정지 [d:20][t:00:24:34]
[I](2022-11-06  02:32:26 pm)    [LNo:0005] 000034/000102
[I](2022-11-06  02:51:59 pm)작업중 정지 [d:38][t:00:44:07]
[I](2022-11-06  02:51:59 pm)    [LNo:0005] 000072/000102
[I](2022-11-06  02:51:59 pm)작업중 M코드정지 [d:38][t:00:44:07]
[I](2022-11-06  02:56:11 pm)작업중 정지 [d:38][t:00:48:20]
[I](2022-11-06  02:56:11 pm)    [LNo:0005] 000074/000102
[I](2022-11-06  02:56:11 pm)작업중 30sec 접촉 정지 [d:38][t:00:48:20]
[I](2022-11-06  02:56:34 pm)작업 재시작
[I](2022-11-06  02:56:41 pm)작업중 정지 [d:38][t:00:48:50]
[I](2022-11-06  02:56:41 pm)    [LNo:0005] 000076/000102
[I](2022-11-06  02:56:41 pm)작업중 M코드정지 [d:38][t:00:48:50]
[I](2022-11-06  03:00:36 pm)작업중 정지 [d:42][t:00:52:44]
[I](2022-11-06  03:00:36 pm)    [LNo:0005] 000094/000102
[I](2022-11-06  03:00:36 pm)작업중 M코드정지 [d:42][t:00:52:44]
[I](2022-11-06  03:04:55 pm)작업중 정지 [d:42][t:00:57:04]
[I](2022-11-06  03:04:55 pm)    [LNo:0005] 000080/000102
[I](2022-11-06  03:07:46 pm)작업중 정지 [d:44][t:00:59:55]
[I](2022-11-06  03:07:46 pm)    [LNo:0005] 000098/000102
[I](2022-11-06  03:07:46 pm)작업중 M코드정지 [d:44][t:00:59:55]
[I](2022-11-06  03:14:18 pm)Reset
[I](2022-11-06  03:18:38 pm)Reset
[I](2022-11-06  03:18:39 pm)Reset
[I](2022-11-06  03:19:09 pm)Reset
[I](2022-11-06  03:19:09 pm)Reset
[I](2022-11-06  03:41:19 pm)Reset
[I](2022-11-06  03:41:50 pm)Reset
[I](2022-11-06  03:41:50 pm)Reset
[I](2022-11-06  03:42:21 pm)Reset
[I](2022-11-06  03:42:47 pm)Reset
[I](2022-11-06  03:42:55 pm)Reset
[I](2022-11-06  03:42:56 pm)Reset
[I](2022-11-06  03:43:12 pm)Reset
[A](2022-11-06  03:43:45 pm)[036] 자동결선 절단 공정 실패!!
[I](2022-11-06  03:44:15 pm)작업 시작 [Start d:179]
[I](2022-11-06  03:44:15 pm)Nc File: [No.0007-404.NC]
[I](2022-11-06  03:44:15 pm)  * Start Machine Position
[I](2022-11-06  03:44:15 pm)    X:     58.9975
[I](2022-11-06  03:44:15 pm)    Y:   -357.4791
[I](2022-11-06  03:44:15 pm)    U:      0.0100
[I](2022-11-06  03:44:15 pm)    V:      0.0269
[I](2022-11-06  03:44:15 pm)    Z:     66.2253
[I](2022-11-06  03:44:15 pm)  * Angle
[I](2022-11-06  03:44:15 pm)    Ar:     -0.1202,Kr:      0.0000
[I](2022-11-06  03:44:15 pm)    Taper_Ar:      0.0000
[I](2022-11-06  03:44:18 pm)작업중 정지 [d:0][t:00:00:03]
[I](2022-11-06  03:44:18 pm)    [LNo:0007] 000010/000068
[I](2022-11-06  03:44:18 pm)작업중 M코드정지 [d:0][t:00:00:03]
[I](2022-11-06  03:44:30 pm)작업중 정지 [d:0][t:00:00:14]
[I](2022-11-06  03:44:30 pm)    [LNo:0007] 000010/000068
[I](2022-11-06  03:44:30 pm)작업중 M코드정지 [d:0][t:00:00:14]
[I](2022-11-06  04:44:44 pm)작업중 정지 [d:60][t:01:00:29]
[I](2022-11-06  04:44:44 pm)    [LNo:0007] 000038/000068
[I](2022-11-06  04:44:44 pm)작업중 M코드정지 [d:60][t:01:00:29]
[I](2022-11-06  06:06:12 pm)작업중 정지 [d:65][t:02:21:56]
[I](2022-11-06  06:06:12 pm)    [LNo:0007] 000060/000068
[I](2022-11-06  06:06:12 pm)작업중 M코드정지 [d:65][t:02:21:56]
[I](2022-11-06  06:20:15 pm)Reset
[I](2022-11-06  06:20:17 pm)Reset
[I](2022-11-06  06:22:32 pm)Reset
[I](2022-11-06  06:22:32 pm)Reset
[I](2022-11-06  06:53:07 pm)Reset
[I](2022-11-06  06:53:07 pm)Reset
[I](2022-11-06  06:54:12 pm)Reset
[I](2022-11-06  06:54:12 pm)Reset
[I](2022-11-06  06:55:47 pm)Reset
[I](2022-11-06  06:58:00 pm)Reset
[I](2022-11-06  06:58:00 pm)Reset
[I](2022-11-06  06:59:42 pm)Reset
[I](2022-11-06  07:00:32 pm)작업 시작 [Start d:244]
[I](2022-11-06  07:00:32 pm)Nc File: [No.0002-0.29  2 호기  FFX  WALL.NC *]
[I](2022-11-06  07:00:32 pm)  * Start Machine Position
[I](2022-11-06  07:00:32 pm)    X:    516.8304
[I](2022-11-06  07:00:32 pm)    Y:   -350.5068
[I](2022-11-06  07:00:32 pm)    U:      0.0000
[I](2022-11-06  07:00:32 pm)    V:      0.0000
[I](2022-11-06  07:00:32 pm)    Z:     44.6863
[I](2022-11-06  07:00:32 pm)  * Angle
[I](2022-11-06  07:00:32 pm)    Ar:      0.0819,Kr:      0.0000
[I](2022-11-06  07:00:32 pm)    Taper_Ar:      0.0000
[I](2022-11-06  07:00:53 pm)작업중 정지 [d:0][t:00:00:20]
[I](2022-11-06  07:00:53 pm)    [LNo:0002] 000439/000825
[I](2022-11-06  07:04:41 pm)Reset
[I](2022-11-06  07:04:41 pm)Reset
[I](2022-11-06  07:04:49 pm)Reset
[I](2022-11-06  07:04:49 pm)Reset
[I](2022-11-06  07:05:00 pm)작업 시작 [Start d:0]
[I](2022-11-06  07:05:00 pm)Nc File: [No.0002-0.29  2 호기  FFX  WALL.NC *]
[I](2022-11-06  07:05:00 pm)  * Start Machine Position
[I](2022-11-06  07:05:00 pm)    X:    516.8304
[I](2022-11-06  07:05:00 pm)    Y:   -350.5068
[I](2022-11-06  07:05:00 pm)    U:      0.0000
[I](2022-11-06  07:05:00 pm)    V:      0.0000
[I](2022-11-06  07:05:00 pm)    Z:     44.6863
[I](2022-11-06  07:05:00 pm)  * Angle
[I](2022-11-06  07:05:00 pm)    Ar:      0.0819,Kr:      0.0000
[I](2022-11-06  07:05:00 pm)    Taper_Ar:      0.0000
[I](2022-11-06  08:31:37 pm)작업중 정지 [d:81][t:01:26:36]
[I](2022-11-06  08:31:37 pm)    [LNo:0002] 000123/000825
[A](2022-11-06  08:31:37 pm)[008] 작업중 단선(AWF Feed Motor Stop )
[I](2022-11-06  08:31:37 pm)작업중 Wire 단선 [d:81][t:01:26:36]
[I](2022-11-06  08:32:46 pm)작업 재시작
[I](2022-11-06  09:39:06 pm)작업중 정지 [d:144][t:02:34:05]
[I](2022-11-06  09:39:06 pm)    [LNo:0002] 000204/000825
[A](2022-11-06  09:39:06 pm)[008] 작업중 단선(AWF Feed Motor Stop )
[I](2022-11-06  09:39:06 pm)작업중 Wire 단선 [d:144][t:02:34:05]
[I](2022-11-06  09:40:15 pm)작업 재시작
[I](2022-11-06  09:40:15 pm)작업중 정지 [d:144][t:02:35:14]
[I](2022-11-06  09:40:15 pm)    [LNo:0002] 000204/000825
[A](2022-11-06  09:40:15 pm)[008] 작업중 단선(AWF Feed Motor Stop )
[I](2022-11-06  09:40:15 pm)작업중 Wire 단선 [d:144][t:02:35:14]
[I](2022-11-06  09:41:24 pm)작업 재시작
[I](2022-11-06  09:41:25 pm)작업중 정지 [d:144][t:02:36:24]
[I](2022-11-06  09:41:25 pm)    [LNo:0002] 000204/000825
[A](2022-11-06  09:41:25 pm)[008] 작업중 단선(AWF Feed Motor Stop )
[I](2022-11-06  09:41:25 pm)작업중 Wire 단선 [d:144][t:02:36:24]
[I](2022-11-06  09:42:34 pm)작업 재시작
[I](2022-11-06  10:05:37 pm)작업중 정지 [d:166][t:03:00:36]
[I](2022-11-06  10:05:37 pm)    [LNo:0002] 000231/000825
[A](2022-11-06  10:05:37 pm)[008] 작업중 단선(AWF Feed Motor Stop )
[I](2022-11-06  10:05:37 pm)작업중 Wire 단선 [d:166][t:03:00:36]
[I](2022-11-06  10:16:44 pm)작업 재시작
[I](2022-11-06  10:20:09 pm)작업중 정지 [d:166][t:03:15:08]
[I](2022-11-06  10:20:09 pm)    [LNo:0002] 000242/000825
[A](2022-11-06  10:20:09 pm)[010] 자동결선 Error(M21-절단실패)
[I](2022-11-06  11:54:48 pm)작업중 정지 [d:251][t:04:49:47]
[I](2022-11-06  11:54:48 pm)    [LNo:0002] 000366/000825
[A](2022-11-06  11:54:48 pm)[008] 작업중 단선(AWF Feed Motor Stop )
[I](2022-11-06  11:54:48 pm)작업중 Wire 단선 [d:251][t:04:49:47]
