[I](2022-05-30  06:55:13 am)작업중 정지 [d:147][t:11:08:02]
[I](2022-05-30  06:55:13 am)    [LNo:0001] 000466/001254
[I](2022-05-30  06:55:13 am)작업중 M코드정지 [d:147][t:11:08:02]
[I](2022-05-30  08:42:34 am)작업중 정지 [d:147][t:12:55:23]
[I](2022-05-30  08:42:34 am)    [LNo:0001] 000471/001254
[I](2022-05-30  08:42:34 am)작업중 M코드정지 [d:147][t:12:55:23]
[I](2022-05-30  08:43:26 am)작업중 정지 [d:148][t:12:56:14]
[I](2022-05-30  08:43:26 am)    [LNo:0001] 000481/001254
[I](2022-05-30  08:44:30 am)Reset
[I](2022-05-30  08:44:31 am)Reset
[I](2022-05-30  08:44:52 am)작업 시작 [Start d:642]
[I](2022-05-30  08:44:52 am)Nc File: [No.0001-323.NC]
[I](2022-05-30  08:44:52 am)  * Start Machine Position
[I](2022-05-30  08:44:52 am)    X:    231.5783
[I](2022-05-30  08:44:52 am)    Y:   -301.7731
[I](2022-05-30  08:44:52 am)    U:      0.0000
[I](2022-05-30  08:44:52 am)    V:      0.0000
[I](2022-05-30  08:44:52 am)    Z:     26.4479
[I](2022-05-30  08:44:52 am)  * Angle
[I](2022-05-30  08:44:52 am)    Ar:      0.0862,Kr:      0.0000
[I](2022-05-30  08:44:52 am)    Taper_Ar:      0.0000
[I](2022-05-30  08:45:16 am)작업중 정지 [d:0][t:00:00:23]
[I](2022-05-30  08:45:16 am)    [LNo:0001] 001232/001254
[I](2022-05-30  08:45:45 am)작업중 정지 [d:0][t:00:00:52]
[I](2022-05-30  08:45:45 am)    [LNo:0001] 001235/001254
[I](2022-05-30  08:47:43 am)작업중 정지 [d:1][t:00:02:50]
[I](2022-05-30  08:47:43 am)    [LNo:0001] 001240/001254
[I](2022-05-30  08:47:43 am)작업중 30sec 접촉 정지 [d:1][t:00:02:50]
[I](2022-05-30  08:48:28 am)작업 재시작
[I](2022-05-30  08:51:32 am)작업중 정지 [d:4][t:00:06:39]
[I](2022-05-30  08:51:32 am)    [LNo:0001] 001243/001254
[I](2022-05-30  08:51:32 am)작업중 M코드정지 [d:4][t:00:06:39]
[I](2022-05-30  08:52:57 am)작업중 정지 [d:4][t:00:08:04]
[I](2022-05-30  08:52:57 am)    [LNo:0001] 001244/001254
[I](2022-05-30  08:52:57 am)Wire Contact Auto Stop(M52)
[I](2022-05-30  08:53:46 am)작업 재시작
[I](2022-05-30  08:54:27 am)작업중 정지 [d:4][t:00:09:34]
[I](2022-05-30  08:54:27 am)    [LNo:0001] 001250/001254
[I](2022-05-30  08:54:27 am)작업중 M코드정지 [d:4][t:00:09:35]
[I](2022-05-30  08:55:16 am)작업중 정지 [d:4][t:00:10:23]
[I](2022-05-30  08:55:16 am)    [LNo:0001] 000771/001254
[I](2022-05-30  08:55:58 am)작업중 정지 [d:4][t:00:11:05]
[I](2022-05-30  08:55:58 am)    [LNo:0001] 000473/001254
[A](2022-05-30  08:56:59 am)[001] 와이어 미동작
[A](2022-05-30  08:57:00 am)[001] 와이어 미동작
[A](2022-05-30  08:57:52 am)[001] 와이어 미동작
[I](2022-05-30  09:02:47 am)작업중 정지 [d:9][t:00:17:54]
[I](2022-05-30  09:02:47 am)    [LNo:0001] 000486/001254
[I](2022-05-30  09:02:47 am)작업중 M코드정지 [d:9][t:00:17:54]
[I](2022-05-30  09:02:59 am)작업중 정지 [d:9][t:00:18:06]
[I](2022-05-30  09:02:59 am)    [LNo:0001] 000487/001254
[I](2022-05-30  09:02:59 am)Wire Contact Auto Stop(M52)
[I](2022-05-30  09:03:10 am)작업 재시작
[I](2022-05-30  09:03:13 am)작업중 정지 [d:9][t:00:18:20]
[I](2022-05-30  09:03:13 am)    [LNo:0001] 000490/001254
[I](2022-05-30  09:08:00 am)작업중 정지 [d:10][t:00:23:07]
[I](2022-05-30  09:08:00 am)    [LNo:0001] 000509/001254
[I](2022-05-30  09:08:00 am)작업중 M코드정지 [d:10][t:00:23:07]
[I](2022-05-30  09:08:19 am)작업중 정지 [d:11][t:00:23:26]
[I](2022-05-30  09:08:19 am)    [LNo:0001] 000510/001254
[I](2022-05-30  09:08:19 am)Wire Contact Auto Stop(M52)
[I](2022-05-30  09:08:53 am)작업 재시작
[I](2022-05-30  09:09:23 am)작업중 정지 [d:11][t:00:24:30]
[I](2022-05-30  09:09:23 am)    [LNo:0001] 000513/001254
[I](2022-05-30  09:09:23 am)작업중 Single Block Stop [d:11][t:00:24:30]
[I](2022-05-30  09:10:56 am)작업중 정지 [d:11][t:00:26:03]
[I](2022-05-30  09:10:56 am)    [LNo:0001] 000517/001254
[I](2022-05-30  09:10:56 am)작업중 M코드정지 [d:11][t:00:26:03]
[I](2022-05-30  09:12:46 am)작업중 정지 [d:12][t:00:27:53]
[I](2022-05-30  09:12:46 am)    [LNo:0001] 000532/001254
[I](2022-05-30  09:12:46 am)작업중 M코드정지 [d:12][t:00:27:53]
[I](2022-05-30  09:13:11 am)작업중 정지 [d:12][t:00:28:18]
[I](2022-05-30  09:13:11 am)    [LNo:0001] 000533/001254
[I](2022-05-30  09:13:11 am)Wire Contact Auto Stop(M52)
[I](2022-05-30  09:13:39 am)작업 재시작
[I](2022-05-30  09:16:04 am)작업중 정지 [d:13][t:00:31:11]
[I](2022-05-30  09:16:04 am)    [LNo:0001] 000555/001254
[I](2022-05-30  09:16:04 am)작업중 M코드정지 [d:13][t:00:31:11]
[I](2022-05-30  09:16:33 am)작업중 정지 [d:13][t:00:31:40]
[I](2022-05-30  09:16:33 am)    [LNo:0001] 000556/001254
[I](2022-05-30  09:16:33 am)Wire Contact Auto Stop(M52)
[I](2022-05-30  09:16:57 am)작업 재시작
[I](2022-05-30  09:19:12 am)작업중 정지 [d:14][t:00:34:20]
[I](2022-05-30  09:19:12 am)    [LNo:0001] 000578/001254
[I](2022-05-30  09:19:13 am)작업중 M코드정지 [d:14][t:00:34:20]
[I](2022-05-30  09:19:24 am)작업중 정지 [d:14][t:00:34:31]
[I](2022-05-30  09:19:24 am)    [LNo:0001] 000579/001254
[I](2022-05-30  09:19:24 am)Wire Contact Auto Stop(M52)
[I](2022-05-30  09:19:47 am)작업 재시작
[I](2022-05-30  09:22:18 am)작업중 정지 [d:15][t:00:37:25]
[I](2022-05-30  09:22:18 am)    [LNo:0001] 000601/001254
[I](2022-05-30  09:22:18 am)작업중 M코드정지 [d:15][t:00:37:25]
[I](2022-05-30  09:22:33 am)작업중 정지 [d:15][t:00:37:40]
[I](2022-05-30  09:22:33 am)    [LNo:0001] 000602/001254
[I](2022-05-30  09:22:33 am)Wire Contact Auto Stop(M52)
[I](2022-05-30  09:22:54 am)작업 재시작
[I](2022-05-30  09:25:10 am)작업중 정지 [d:16][t:00:40:17]
[I](2022-05-30  09:25:10 am)    [LNo:0001] 000624/001254
[I](2022-05-30  09:25:10 am)작업중 M코드정지 [d:16][t:00:40:18]
[A](2022-05-30  09:25:13 am)[002] 가공액 미동작
[I](2022-05-30  09:25:26 am)작업중 정지 [d:16][t:00:40:33]
[I](2022-05-30  09:25:26 am)    [LNo:0001] 000625/001254
[I](2022-05-30  09:25:26 am)Wire Contact Auto Stop(M52)
[I](2022-05-30  09:25:50 am)작업 재시작
[I](2022-05-30  09:28:06 am)작업중 정지 [d:17][t:00:43:13]
[I](2022-05-30  09:28:06 am)    [LNo:0001] 000647/001254
[I](2022-05-30  09:28:06 am)작업중 M코드정지 [d:17][t:00:43:13]
[I](2022-05-30  09:30:08 am)작업중 정지 [d:17][t:00:45:15]
[I](2022-05-30  09:30:08 am)    [LNo:0001] 000648/001254
[I](2022-05-30  09:30:08 am)Wire Contact Auto Stop(M52)
[I](2022-05-30  09:30:32 am)작업 재시작
[I](2022-05-30  09:32:55 am)작업중 정지 [d:18][t:00:48:02]
[I](2022-05-30  09:32:55 am)    [LNo:0001] 000670/001254
[I](2022-05-30  09:32:55 am)작업중 M코드정지 [d:18][t:00:48:02]
[I](2022-05-30  09:33:24 am)작업중 정지 [d:19][t:00:48:32]
[I](2022-05-30  09:33:24 am)    [LNo:0001] 000671/001254
[I](2022-05-30  09:33:25 am)Wire Contact Auto Stop(M52)
[I](2022-05-30  09:33:49 am)작업 재시작
[I](2022-05-30  09:36:09 am)작업중 정지 [d:20][t:00:51:16]
[I](2022-05-30  09:36:09 am)    [LNo:0001] 000693/001254
[I](2022-05-30  09:36:09 am)작업중 M코드정지 [d:20][t:00:51:16]
[I](2022-05-30  09:36:24 am)작업중 정지 [d:21][t:00:51:31]
[I](2022-05-30  09:36:24 am)    [LNo:0001] 000694/001254
[I](2022-05-30  09:36:24 am)Wire Contact Auto Stop(M52)
[I](2022-05-30  09:36:45 am)작업 재시작
[I](2022-05-30  09:39:13 am)작업중 정지 [d:22][t:00:54:20]
[I](2022-05-30  09:39:13 am)    [LNo:0001] 000716/001254
[I](2022-05-30  09:39:13 am)작업중 M코드정지 [d:22][t:00:54:20]
[I](2022-05-30  09:39:30 am)작업중 정지 [d:22][t:00:54:37]
[I](2022-05-30  09:39:30 am)    [LNo:0001] 000717/001254
[I](2022-05-30  09:39:30 am)Wire Contact Auto Stop(M52)
[I](2022-05-30  09:39:51 am)작업 재시작
[I](2022-05-30  09:42:56 am)작업중 정지 [d:23][t:00:58:03]
[I](2022-05-30  09:42:56 am)    [LNo:0001] 000739/001254
[I](2022-05-30  09:42:56 am)작업중 M코드정지 [d:23][t:00:58:03]
[I](2022-05-30  09:43:15 am)작업중 정지 [d:23][t:00:58:22]
[I](2022-05-30  09:43:15 am)    [LNo:0001] 000740/001254
[I](2022-05-30  09:43:15 am)Wire Contact Auto Stop(M52)
[I](2022-05-30  09:43:50 am)작업 재시작
[I](2022-05-30  09:46:14 am)작업중 정지 [d:24][t:01:01:21]
[I](2022-05-30  09:46:14 am)    [LNo:0001] 000762/001254
[I](2022-05-30  09:46:14 am)작업중 M코드정지 [d:24][t:01:01:21]
[I](2022-05-30  09:46:34 am)작업중 정지 [d:24][t:01:01:41]
[I](2022-05-30  09:46:34 am)    [LNo:0001] 000763/001254
[I](2022-05-30  09:46:34 am)Wire Contact Auto Stop(M52)
[I](2022-05-30  09:47:03 am)작업 재시작
[I](2022-05-30  09:47:05 am)작업중 정지 [d:24][t:01:02:12]
[I](2022-05-30  09:47:05 am)    [LNo:0001] 000763/001254
[I](2022-05-30  09:47:05 am)작업중 Single Block Stop [d:24][t:01:02:12]
[I](2022-05-30  09:47:47 am)작업중 정지 [d:24][t:01:02:54]
[I](2022-05-30  09:47:47 am)    [LNo:0001] 000766/001254
[I](2022-05-30  09:47:47 am)작업중 Single Block Stop [d:24][t:01:02:54]
[I](2022-05-30  09:48:16 am)Reset
[I](2022-05-30  09:48:16 am)Reset
[I](2022-05-30  09:51:03 am)작업 시작 [Start d:666]
[I](2022-05-30  09:51:03 am)Nc File: [No.0002-686.NC]
[I](2022-05-30  09:51:03 am)  * Start Machine Position
[I](2022-05-30  09:51:03 am)    X:    231.5783
[I](2022-05-30  09:51:03 am)    Y:   -301.7731
[I](2022-05-30  09:51:03 am)    U:      0.0000
[I](2022-05-30  09:51:03 am)    V:      0.0000
[I](2022-05-30  09:51:03 am)    Z:     26.4479
[I](2022-05-30  09:51:03 am)  * Angle
[I](2022-05-30  09:51:03 am)    Ar:      0.0862,Kr:      0.0000
[I](2022-05-30  09:51:03 am)    Taper_Ar:      0.0000
[I](2022-05-30  09:51:20 am)작업중 정지 [d:0][t:00:00:17]
[I](2022-05-30  09:51:20 am)    [LNo:0002] 000427/001112
[I](2022-05-30  09:59:11 am)작업중 정지 [d:7][t:00:08:08]
[I](2022-05-30  09:59:11 am)    [LNo:0002] 000443/001112
[I](2022-05-30  09:59:11 am)작업중 M코드정지 [d:7][t:00:08:08]
[I](2022-05-30  10:04:05 am)작업중 정지 [d:7][t:00:13:02]
[I](2022-05-30  10:04:05 am)    [LNo:0002] 000445/001112
[I](2022-05-30  10:04:48 am)작업 재시작
[I](2022-05-30  10:04:52 am)작업중 정지 [d:7][t:00:13:49]
[I](2022-05-30  10:04:52 am)    [LNo:0002] 000447/001112
[I](2022-05-30  10:04:52 am)작업중 M코드정지 [d:7][t:00:13:49]
[I](2022-05-30  10:05:07 am)작업중 정지 [d:7][t:00:14:04]
[I](2022-05-30  10:05:07 am)    [LNo:0002] 000449/001112
[I](2022-05-30  10:05:07 am)작업중 M코드정지 [d:7][t:00:14:04]
[I](2022-05-30  10:06:14 am)작업중 정지 [d:7][t:00:15:11]
[I](2022-05-30  10:06:14 am)    [LNo:0002] 000511/001112
[I](2022-05-30  10:06:14 am)작업중 Single Block Stop [d:7][t:00:15:11]
[I](2022-05-30  10:07:59 am)작업중 정지 [d:7][t:00:16:56]
[I](2022-05-30  10:07:59 am)    [LNo:0002] 000511/001112
[I](2022-05-30  10:18:36 am)작업중 정지 [d:15][t:00:27:33]
[I](2022-05-30  10:18:36 am)    [LNo:0002] 000527/001112
[I](2022-05-30  10:18:36 am)작업중 M코드정지 [d:15][t:00:27:33]
[I](2022-05-30  10:19:05 am)작업중 정지 [d:15][t:00:28:02]
[I](2022-05-30  10:19:05 am)    [LNo:0002] 000529/001112
[I](2022-05-30  10:19:38 am)작업 재시작
[I](2022-05-30  10:19:43 am)작업중 정지 [d:15][t:00:28:40]
[I](2022-05-30  10:19:43 am)    [LNo:0002] 000531/001112
[I](2022-05-30  10:19:43 am)작업중 M코드정지 [d:15][t:00:28:40]
[I](2022-05-30  10:20:28 am)작업중 정지 [d:15][t:00:29:25]
[I](2022-05-30  10:20:28 am)    [LNo:0002] 000534/001112
[I](2022-05-30  10:20:28 am)작업중 Single Block Stop [d:15][t:00:29:25]
[I](2022-05-30  10:24:22 am)작업중 정지 [d:15][t:00:33:19]
[I](2022-05-30  10:24:22 am)    [LNo:0002] 000595/001112
[I](2022-05-30  11:27:02 am)작업중 정지 [d:76][t:01:35:59]
[I](2022-05-30  11:27:02 am)    [LNo:0002] 000708/001112
[I](2022-05-30  11:27:02 am)작업중 M코드정지 [d:76][t:01:35:59]
[I](2022-05-30  11:27:54 am)작업중 정지 [d:76][t:01:36:51]
[I](2022-05-30  11:27:54 am)    [LNo:0002] 000794/001112
[I](2022-05-30  11:32:14 am)작업중 정지 [d:79][t:01:41:11]
[I](2022-05-30  11:32:14 am)    [LNo:0002] 000809/001112
[I](2022-05-30  11:32:14 am)작업중 M코드정지 [d:79][t:01:41:11]
[I](2022-05-30  11:37:42 am)작업중 정지 [d:83][t:01:46:39]
[I](2022-05-30  11:37:42 am)    [LNo:0002] 000832/001112
[I](2022-05-30  11:37:42 am)작업중 M코드정지 [d:83][t:01:46:39]
[I](2022-05-30  11:41:22 am)작업중 정지 [d:83][t:01:50:19]
[I](2022-05-30  11:41:22 am)    [LNo:0002] 000918/001112
[I](2022-05-30  11:44:49 am)작업중 정지 [d:85][t:01:53:46]
[I](2022-05-30  11:44:49 am)    [LNo:0002] 000934/001112
[I](2022-05-30  11:44:49 am)작업중 M코드정지 [d:85][t:01:53:46]
[I](2022-05-30  11:58:18 am)작업중 정지 [d:93][t:02:07:15]
[I](2022-05-30  11:58:18 am)    [LNo:0002] 000970/001112
[I](2022-05-30  11:58:18 am)작업중 M코드정지 [d:93][t:02:07:15]
[I](2022-05-30  12:00:05 pm)작업중 정지 [d:93][t:02:09:02]
[I](2022-05-30  12:00:05 pm)    [LNo:0002] 000939/001112
[I](2022-05-30  12:03:54 pm)작업중 정지 [d:96][t:02:12:51]
[I](2022-05-30  12:03:54 pm)    [LNo:0002] 000971/001112
[I](2022-05-30  12:03:54 pm)작업중 M코드정지 [d:96][t:02:12:51]
[I](2022-05-30  12:37:25 pm)작업중 정지 [d:122][t:02:46:22]
[I](2022-05-30  12:37:25 pm)    [LNo:0002] 001108/001112
[I](2022-05-30  12:37:25 pm)작업중 M코드정지 [d:122][t:02:46:22]
[I](2022-05-30  12:52:37 pm)Reset
[I](2022-05-30  12:52:38 pm)Reset
[I](2022-05-30  01:07:57 pm)Reset
[I](2022-05-30  01:07:57 pm)Reset
[I](2022-05-30  01:07:57 pm)Reset
[I](2022-05-30  01:07:58 pm)Reset
[I](2022-05-30  01:07:58 pm)Reset
[I](2022-05-30  01:07:59 pm)Reset
[I](2022-05-30  01:07:59 pm)Reset
[I](2022-05-30  01:08:00 pm)Reset
[A](2022-05-30  01:08:06 pm)[001] 와이어 미동작
[I](2022-05-30  01:09:10 pm)Reset
[A](2022-05-30  01:09:36 pm)[037] 자동결선 잔여 WIRE 처리 실패!!
[I](2022-05-30  01:10:03 pm)Reset
[I](2022-05-30  01:10:20 pm)Reset
[I](2022-05-30  01:15:08 pm)Reset
[I](2022-05-30  01:15:12 pm)Reset
[I](2022-05-30  01:15:45 pm)Reset
[I](2022-05-30  01:21:56 pm)Reset
[I](2022-05-30  01:24:46 pm)Reset
[I](2022-05-30  01:24:49 pm)Reset
[A](2022-05-30  01:25:11 pm)[037] 자동결선 잔여 WIRE 처리 실패!!
[I](2022-05-30  01:28:47 pm)Reset
[I](2022-05-30  01:31:36 pm)Reset
[I](2022-05-30  01:32:05 pm)Reset
[I](2022-05-30  01:32:40 pm)Reset
[I](2022-05-30  01:32:47 pm)Reset
[I](2022-05-30  01:32:47 pm)Reset
[I](2022-05-30  01:33:07 pm)작업 시작 [Start d:0]
[I](2022-05-30  01:33:07 pm)Nc File: [No.0001-336.NC]
[I](2022-05-30  01:33:07 pm)  * Start Machine Position
[I](2022-05-30  01:33:07 pm)    X:    218.7148
[I](2022-05-30  01:33:07 pm)    Y:   -227.6365
[I](2022-05-30  01:33:07 pm)    U:      0.0000
[I](2022-05-30  01:33:07 pm)    V:      0.0000
[I](2022-05-30  01:33:07 pm)    Z:     26.4409
[I](2022-05-30  01:33:07 pm)  * Angle
[I](2022-05-30  01:33:07 pm)    Ar:     -0.1032,Kr:      0.0000
[I](2022-05-30  01:33:07 pm)    Taper_Ar:      0.0000
[I](2022-05-30  01:33:39 pm)작업중 정지 [d:0][t:00:00:31]
[I](2022-05-30  01:33:39 pm)    [LNo:0001] 000013/000101
[I](2022-05-30  01:34:06 pm)작업중 정지 [d:0][t:00:00:58]
[I](2022-05-30  01:34:06 pm)    [LNo:0001] 000021/000101
[I](2022-05-30  01:34:11 pm)작업 재시작
[I](2022-05-30  01:34:42 pm)작업중 정지 [d:1][t:00:01:35]
[I](2022-05-30  01:34:42 pm)    [LNo:0001] 000031/000101
[I](2022-05-30  01:34:47 pm)작업 재시작
[I](2022-05-30  01:38:10 pm)작업중 정지 [d:3][t:00:05:02]
[I](2022-05-30  01:38:10 pm)    [LNo:0001] 000052/000101
[A](2022-05-30  01:38:10 pm)[008] 작업중 단선(AWF Feed Motor Stop )
[I](2022-05-30  01:38:10 pm)작업중 Wire 단선 [d:3][t:00:05:02]
[I](2022-05-30  01:39:21 pm)작업 재시작
[I](2022-05-30  01:52:04 pm)작업중 정지 [d:15][t:00:18:56]
[I](2022-05-30  01:52:04 pm)    [LNo:0001] 000065/000101
[I](2022-05-30  01:52:04 pm)작업중 M코드정지 [d:15][t:00:18:56]
[I](2022-05-30  02:00:06 pm)작업중 정지 [d:15][t:00:26:58]
[I](2022-05-30  02:00:06 pm)    [LNo:0001] 000069/000101
[I](2022-05-30  02:00:06 pm)작업중 M코드정지 [d:15][t:00:26:58]
[I](2022-05-30  02:05:21 pm)작업중 정지 [d:19][t:00:32:13]
[I](2022-05-30  02:05:21 pm)    [LNo:0001] 000096/000101
[I](2022-05-30  02:11:00 pm)Reset
[I](2022-05-30  02:12:02 pm)Reset
[I](2022-05-30  02:12:10 pm)Reset
[I](2022-05-30  02:18:13 pm)Reset
[I](2022-05-30  02:22:19 pm)Reset
[I](2022-05-30  02:30:41 pm)Reset
[I](2022-05-30  02:35:04 pm)Reset
[I](2022-05-30  02:36:39 pm)작업 시작 [Start d:19]
[I](2022-05-30  02:36:39 pm)Nc File: [No.0007-335.NC]
[I](2022-05-30  02:36:39 pm)  * Start Machine Position
[I](2022-05-30  02:36:39 pm)    X:    216.8525
[I](2022-05-30  02:36:39 pm)    Y:   -227.6772
[I](2022-05-30  02:36:39 pm)    U:      0.0000
[I](2022-05-30  02:36:39 pm)    V:      0.0000
[I](2022-05-30  02:36:39 pm)    Z:     30.6049
[I](2022-05-30  02:36:39 pm)  * Angle
[I](2022-05-30  02:36:39 pm)    Ar:     -0.0377,Kr:      0.0000
[I](2022-05-30  02:36:39 pm)    Taper_Ar:      0.0000
[I](2022-05-30  02:37:04 pm)작업중 정지 [d:0][t:00:00:24]
[I](2022-05-30  02:37:04 pm)    [LNo:0007] 000010/000127
[I](2022-05-30  02:37:04 pm)작업중 M코드정지 [d:0][t:00:00:24]
[I](2022-05-30  02:42:26 pm)Reset
[I](2022-05-30  02:46:41 pm)작업 시작 [Start d:19]
[I](2022-05-30  02:46:41 pm)Nc File: [No.0007-335.NC]
[I](2022-05-30  02:46:41 pm)  * Start Machine Position
[I](2022-05-30  02:46:41 pm)    X:     98.7640
[I](2022-05-30  02:46:41 pm)    Y:   -345.8279
[I](2022-05-30  02:46:41 pm)    U:      0.0000
[I](2022-05-30  02:46:41 pm)    V:      0.0000
[I](2022-05-30  02:46:41 pm)    Z:     30.6049
[I](2022-05-30  02:46:41 pm)  * Angle
[I](2022-05-30  02:46:41 pm)    Ar:     -0.0377,Kr:      0.0000
[I](2022-05-30  02:46:41 pm)    Taper_Ar:      0.0000
[I](2022-05-30  02:46:43 pm)작업중 정지 [d:0][t:00:00:02]
[I](2022-05-30  02:46:43 pm)    [LNo:0007] 000009/000127
[I](2022-05-30  02:47:27 pm)Reset
[I](2022-05-30  02:47:27 pm)Reset
[I](2022-05-30  02:47:49 pm)작업 시작 [Start d:19]
[I](2022-05-30  02:47:49 pm)Nc File: [No.0007-335.NC]
[I](2022-05-30  02:47:49 pm)  * Start Machine Position
[I](2022-05-30  02:47:49 pm)    X:    216.8524
[I](2022-05-30  02:47:49 pm)    Y:   -227.6773
[I](2022-05-30  02:47:49 pm)    U:      0.0000
[I](2022-05-30  02:47:49 pm)    V:      0.0000
[I](2022-05-30  02:47:49 pm)    Z:     30.6049
[I](2022-05-30  02:47:49 pm)  * Angle
[I](2022-05-30  02:47:49 pm)    Ar:     -0.0377,Kr:      0.0000
[I](2022-05-30  02:47:49 pm)    Taper_Ar:      0.0000
[I](2022-05-30  02:48:02 pm)작업중 정지 [d:0][t:00:00:13]
[I](2022-05-30  02:48:02 pm)    [LNo:0007] 000037/000127
[I](2022-05-30  03:33:48 pm)작업중 정지 [d:45][t:00:45:58]
[I](2022-05-30  03:33:48 pm)    [LNo:0007] 000077/000127
[I](2022-05-30  03:33:48 pm)작업중 M코드정지 [d:45][t:00:45:58]
[I](2022-05-30  03:38:30 pm)작업중 정지 [d:45][t:00:50:40]
[I](2022-05-30  03:38:30 pm)    [LNo:0007] 000081/000127
[I](2022-05-30  03:38:30 pm)작업중 M코드정지 [d:45][t:00:50:40]
[I](2022-05-30  03:49:50 pm)작업중 정지 [d:56][t:01:02:00]
[I](2022-05-30  03:49:50 pm)    [LNo:0007] 000119/000127
[I](2022-05-30  03:49:50 pm)작업중 M코드정지 [d:56][t:01:02:00]
[I](2022-05-30  03:57:30 pm)Reset
[I](2022-05-30  03:57:30 pm)Reset
[I](2022-05-30  03:57:39 pm)Reset
[I](2022-05-30  04:00:30 pm)Reset
[I](2022-05-30  04:00:31 pm)Reset
[I](2022-05-30  04:09:55 pm)Reset
[I](2022-05-30  04:13:50 pm)Reset
[I](2022-05-30  04:17:07 pm)Reset
[I](2022-05-30  04:17:59 pm)Reset
[I](2022-05-30  04:20:51 pm)작업 시작 [Start d:75]
[I](2022-05-30  04:20:51 pm)Nc File: [No.0005-333.NC]
[I](2022-05-30  04:20:51 pm)  * Start Machine Position
[I](2022-05-30  04:20:51 pm)    X:    215.9649
[I](2022-05-30  04:20:51 pm)    Y:   -171.9857
[I](2022-05-30  04:20:51 pm)    U:      0.0000
[I](2022-05-30  04:20:51 pm)    V:      0.0000
[I](2022-05-30  04:20:51 pm)    Z:     23.5804
[I](2022-05-30  04:20:51 pm)  * Angle
[I](2022-05-30  04:20:51 pm)    Ar:     -0.0020,Kr:      0.0000
[I](2022-05-30  04:20:51 pm)    Taper_Ar:      0.0000
[I](2022-05-30  04:21:21 pm)작업중 정지 [d:0][t:00:00:30]
[I](2022-05-30  04:21:21 pm)    [LNo:0005] 000010/000133
[I](2022-05-30  04:21:21 pm)작업중 M코드정지 [d:0][t:00:00:30]
[I](2022-05-30  04:22:45 pm)작업중 정지 [d:1][t:00:01:54]
[I](2022-05-30  04:22:45 pm)    [LNo:0005] 000036/000133
[I](2022-05-30  04:22:45 pm)작업중 M코드정지 [d:1][t:00:01:54]
[I](2022-05-30  04:23:53 pm)작업중 정지 [d:1][t:00:03:02]
[I](2022-05-30  04:23:53 pm)    [LNo:0005] 000039/000133
[I](2022-05-30  04:23:53 pm)작업중 M코드정지 [d:1][t:00:03:02]
[I](2022-05-30  04:24:06 pm)작업중 정지 [d:1][t:00:03:15]
[I](2022-05-30  04:24:06 pm)    [LNo:0005] 000042/000133
[I](2022-05-30  04:24:06 pm)작업중 M코드정지 [d:1][t:00:03:15]
[I](2022-05-30  05:06:05 pm)작업중 정지 [d:41][t:00:45:13]
[I](2022-05-30  05:06:05 pm)    [LNo:0005] 000085/000133
[I](2022-05-30  05:06:05 pm)작업중 M코드정지 [d:41][t:00:45:13]
[I](2022-05-30  05:06:43 pm)작업중 정지 [d:41][t:00:45:52]
[I](2022-05-30  05:06:43 pm)    [LNo:0005] 000087/000133
[I](2022-05-30  05:07:20 pm)작업 재시작
[I](2022-05-30  05:07:23 pm)작업중 정지 [d:41][t:00:46:31]
[I](2022-05-30  05:07:23 pm)    [LNo:0005] 000089/000133
[I](2022-05-30  05:07:23 pm)작업중 M코드정지 [d:41][t:00:46:31]
[I](2022-05-30  05:19:36 pm)작업중 정지 [d:53][t:00:58:45]
[I](2022-05-30  05:19:36 pm)    [LNo:0005] 000126/000133
[I](2022-05-30  05:19:36 pm)작업중 M코드정지 [d:53][t:00:58:45]
[I](2022-05-30  06:01:22 pm)Reset
[I](2022-05-30  06:01:22 pm)Reset
[I](2022-05-30  06:01:37 pm)Reset
[I](2022-05-30  06:01:41 pm)Reset
[I](2022-05-30  06:01:47 pm)Reset
[I](2022-05-30  06:27:09 pm)Reset
[I](2022-05-30  06:27:10 pm)Reset
[I](2022-05-30  06:33:49 pm)작업 시작 [Start d:0]
[I](2022-05-30  06:33:49 pm)Nc File: [No.0001-299.NC]
[I](2022-05-30  06:33:49 pm)  * Start Machine Position
[I](2022-05-30  06:33:49 pm)    X:    328.1824
[I](2022-05-30  06:33:49 pm)    Y:   -277.0202
[I](2022-05-30  06:33:49 pm)    U:      0.0000
[I](2022-05-30  06:33:49 pm)    V:      0.0000
[I](2022-05-30  06:33:49 pm)    Z:     26.4549
[I](2022-05-30  06:33:49 pm)  * Angle
[I](2022-05-30  06:33:49 pm)    Ar:     -0.0335,Kr:      0.0000
[I](2022-05-30  06:33:49 pm)    Taper_Ar:      0.0000
[I](2022-05-30  06:34:15 pm)작업중 정지 [d:0][t:00:00:25]
[I](2022-05-30  06:34:15 pm)    [LNo:0001] 000582/001131
[I](2022-05-30  06:35:36 pm)작업중 정지 [d:0][t:00:01:46]
[I](2022-05-30  06:35:36 pm)    [LNo:0001] 000226/001131
[A](2022-05-30  06:36:49 pm)[037] 자동결선 잔여 WIRE 처리 실패!!
[I](2022-05-30  06:37:58 pm)작업중 정지 [d:0][t:00:04:09]
[I](2022-05-30  06:37:58 pm)    [LNo:0001] 000498/001131
[A](2022-05-30  06:39:07 pm)[037] 자동결선 잔여 WIRE 처리 실패!!
[I](2022-05-30  06:39:44 pm)Reset
[I](2022-05-30  06:39:45 pm)Reset
[I](2022-05-30  06:40:10 pm)Reset
[I](2022-05-30  06:40:10 pm)Reset
[I](2022-05-30  06:40:20 pm)작업 시작 [Start d:0]
[I](2022-05-30  06:40:20 pm)Nc File: [No.0001-299.NC]
[I](2022-05-30  06:40:20 pm)  * Start Machine Position
[I](2022-05-30  06:40:20 pm)    X:    328.1824
[I](2022-05-30  06:40:20 pm)    Y:   -277.0202
[I](2022-05-30  06:40:20 pm)    U:      0.0000
[I](2022-05-30  06:40:20 pm)    V:      0.0000
[I](2022-05-30  06:40:20 pm)    Z:     26.4549
[I](2022-05-30  06:40:20 pm)  * Angle
[I](2022-05-30  06:40:20 pm)    Ar:     -0.0335,Kr:      0.0000
[I](2022-05-30  06:40:20 pm)    Taper_Ar:      0.0000
[I](2022-05-30  06:40:31 pm)작업중 정지 [d:0][t:00:00:10]
[I](2022-05-30  06:40:31 pm)    [LNo:0001] 000226/001131
[I](2022-05-30  06:48:53 pm)작업중 정지 [d:7][t:00:08:32]
[I](2022-05-30  06:48:53 pm)    [LNo:0001] 000242/001131
[I](2022-05-30  06:48:53 pm)작업중 M코드정지 [d:7][t:00:08:32]
[I](2022-05-30  06:51:03 pm)작업중 정지 [d:7][t:00:10:42]
[I](2022-05-30  06:51:03 pm)    [LNo:0001] 000244/001131
[I](2022-05-30  06:51:35 pm)작업 재시작
[I](2022-05-30  06:51:45 pm)작업중 정지 [d:7][t:00:11:24]
[I](2022-05-30  06:51:45 pm)    [LNo:0001] 000246/001131
[I](2022-05-30  06:51:45 pm)작업중 M코드정지 [d:7][t:00:11:24]
[I](2022-05-30  06:52:26 pm)작업중 정지 [d:7][t:00:12:05]
[I](2022-05-30  06:52:26 pm)    [LNo:0001] 000249/001131
[I](2022-05-30  06:52:26 pm)작업중 Single Block Stop [d:7][t:00:12:05]
[I](2022-05-30  06:52:47 pm)작업중 정지 [d:7][t:00:12:26]
[I](2022-05-30  06:52:47 pm)    [LNo:0001] 000288/001131
[A](2022-05-30  06:52:50 pm)[034] 자동결선 하부 뭉치 WIRE CONTACT!!
[A](2022-05-30  06:52:53 pm)[034] 자동결선 하부 뭉치 WIRE CONTACT!!
[I](2022-05-30  07:05:50 pm)작업중 정지 [d:14][t:00:25:29]
[I](2022-05-30  07:05:50 pm)    [LNo:0001] 000304/001131
[I](2022-05-30  07:05:50 pm)작업중 M코드정지 [d:14][t:00:25:29]
[I](2022-05-30  07:06:11 pm)작업중 정지 [d:14][t:00:25:50]
[I](2022-05-30  07:06:11 pm)    [LNo:0001] 000306/001131
[I](2022-05-30  07:06:41 pm)작업 재시작
[I](2022-05-30  07:06:50 pm)작업중 정지 [d:14][t:00:26:29]
[I](2022-05-30  07:06:50 pm)    [LNo:0001] 000308/001131
[I](2022-05-30  07:06:50 pm)작업중 M코드정지 [d:14][t:00:26:29]
[I](2022-05-30  07:07:33 pm)작업중 정지 [d:14][t:00:27:12]
[I](2022-05-30  07:07:33 pm)    [LNo:0001] 000311/001131
[I](2022-05-30  07:07:33 pm)작업중 Single Block Stop [d:14][t:00:27:12]
[I](2022-05-30  07:07:46 pm)작업중 정지 [d:14][t:00:27:25]
[I](2022-05-30  07:07:46 pm)    [LNo:0001] 000344/001131
[I](2022-05-30  07:08:14 pm)작업중 정지 [d:14][t:00:27:53]
[I](2022-05-30  07:08:14 pm)    [LNo:0001] 000378/001131
[I](2022-05-30  07:15:00 pm)작업중 정지 [d:20][t:00:34:39]
[I](2022-05-30  07:15:00 pm)    [LNo:0001] 000394/001131
[I](2022-05-30  07:15:00 pm)작업중 M코드정지 [d:20][t:00:34:39]
[I](2022-05-30  07:18:27 pm)작업중 정지 [d:20][t:00:38:06]
[I](2022-05-30  07:18:27 pm)    [LNo:0001] 000396/001131
[I](2022-05-30  07:18:55 pm)작업 재시작
[I](2022-05-30  07:19:03 pm)작업중 정지 [d:20][t:00:38:42]
[I](2022-05-30  07:19:03 pm)    [LNo:0001] 000398/001131
[I](2022-05-30  07:19:03 pm)작업중 M코드정지 [d:20][t:00:38:42]
[I](2022-05-30  07:26:47 pm)작업중 정지 [d:27][t:00:46:26]
[I](2022-05-30  07:26:47 pm)    [LNo:0001] 000422/001131
[I](2022-05-30  07:26:47 pm)작업중 M코드정지 [d:27][t:00:46:26]
[I](2022-05-30  07:29:59 pm)작업중 정지 [d:27][t:00:49:38]
[I](2022-05-30  07:29:59 pm)    [LNo:0001] 000424/001131
[I](2022-05-30  07:30:37 pm)작업 재시작
[I](2022-05-30  07:30:48 pm)작업중 정지 [d:27][t:00:50:27]
[I](2022-05-30  07:30:48 pm)    [LNo:0001] 000426/001131
[I](2022-05-30  07:30:48 pm)작업중 M코드정지 [d:27][t:00:50:27]
[I](2022-05-30  07:31:34 pm)작업중 정지 [d:27][t:00:51:13]
[I](2022-05-30  07:31:34 pm)    [LNo:0001] 000429/001131
[I](2022-05-30  07:31:34 pm)작업중 Single Block Stop [d:27][t:00:51:13]
[I](2022-05-30  07:31:53 pm)작업중 정지 [d:27][t:00:51:32]
[I](2022-05-30  07:31:53 pm)    [LNo:0001] 000470/001131
[I](2022-05-30  07:39:54 pm)작업중 정지 [d:34][t:00:59:33]
[I](2022-05-30  07:39:54 pm)    [LNo:0001] 000486/001131
[I](2022-05-30  07:39:54 pm)작업중 M코드정지 [d:34][t:00:59:33]
[I](2022-05-30  07:45:51 pm)작업중 정지 [d:34][t:01:05:30]
[I](2022-05-30  07:45:51 pm)    [LNo:0001] 000488/001131
[I](2022-05-30  07:46:23 pm)작업 재시작
[I](2022-05-30  07:46:32 pm)작업중 정지 [d:34][t:01:06:12]
[I](2022-05-30  07:46:32 pm)    [LNo:0001] 000490/001131
[I](2022-05-30  07:46:33 pm)작업중 M코드정지 [d:34][t:01:06:12]
[I](2022-05-30  07:47:22 pm)작업중 정지 [d:34][t:01:07:01]
[I](2022-05-30  07:47:22 pm)    [LNo:0001] 000496/001131
[I](2022-05-30  07:47:22 pm)작업중 M코드정지 [d:34][t:01:07:01]
[I](2022-05-30  07:47:48 pm)Reset
[I](2022-05-30  07:47:48 pm)Reset
[I](2022-05-30  07:47:57 pm)Reset
[I](2022-05-30  07:47:57 pm)Reset
[I](2022-05-30  07:48:07 pm)작업 시작 [Start d:34]
[I](2022-05-30  07:48:07 pm)Nc File: [No.0002-339.NC]
[I](2022-05-30  07:48:07 pm)  * Start Machine Position
[I](2022-05-30  07:48:07 pm)    X:    328.1824
[I](2022-05-30  07:48:07 pm)    Y:   -277.0202
[I](2022-05-30  07:48:07 pm)    U:      0.0000
[I](2022-05-30  07:48:07 pm)    V:      0.0000
[I](2022-05-30  07:48:07 pm)    Z:     26.4549
[I](2022-05-30  07:48:07 pm)  * Angle
[I](2022-05-30  07:48:07 pm)    Ar:     -0.0335,Kr:      0.0000
[I](2022-05-30  07:48:07 pm)    Taper_Ar:      0.0000
