[I](2022-02-10  12:05:25 am)작업중 정지 [d:260][t:04:23:06]
[I](2022-02-10  12:05:25 am)    [LNo:0002] 000207/000615
[I](2022-02-10  12:05:25 am)작업중 30sec 접촉 정지 [d:260][t:04:23:06]
[I](2022-02-10  08:37:49 am)작업 재시작
[I](2022-02-10  08:37:59 am)작업중 정지 [d:260][t:12:55:40]
[I](2022-02-10  08:37:59 am)    [LNo:0002] 000207/000615
[I](2022-02-10  08:37:59 am)작업중 30sec 접촉 정지 [d:260][t:12:55:40]
[I](2022-02-10  08:38:13 am)작업 재시작
[I](2022-02-10  08:56:44 am)작업중 정지 [d:279][t:13:14:25]
[I](2022-02-10  08:56:44 am)    [LNo:0002] 000225/000615
[I](2022-02-10  08:56:44 am)작업중 M코드정지 [d:279][t:13:14:25]
[I](2022-02-10  08:58:26 am)작업중 정지 [d:279][t:13:16:07]
[I](2022-02-10  08:58:26 am)    [LNo:0002] 000475/000615
[I](2022-02-10  09:11:09 am)작업중 정지 [d:291][t:13:28:50]
[I](2022-02-10  09:11:09 am)    [LNo:0002] 000491/000615
[I](2022-02-10  09:11:09 am)작업중 M코드정지 [d:291][t:13:28:50]
[I](2022-02-10  09:11:53 am)작업중 정지 [d:291][t:13:29:33]
[I](2022-02-10  09:11:53 am)    [LNo:0002] 000492/000615
[I](2022-02-10  09:11:53 am)Wire Contact Auto Stop(M52)
[I](2022-02-10  09:12:36 am)작업 재시작
[I](2022-02-10  09:12:38 am)작업중 정지 [d:291][t:13:30:18]
[I](2022-02-10  09:12:38 am)    [LNo:0002] 000493/000615
[I](2022-02-10  09:12:38 am)작업중 M코드정지 [d:291][t:13:30:19]
[I](2022-02-10  09:21:11 am)작업중 정지 [d:298][t:13:38:52]
[I](2022-02-10  09:21:11 am)    [LNo:0002] 000515/000615
[I](2022-02-10  09:21:11 am)작업중 M코드정지 [d:298][t:13:38:52]
[I](2022-02-10  09:21:33 am)작업중 정지 [d:298][t:13:39:13]
[I](2022-02-10  09:21:33 am)    [LNo:0002] 000516/000615
[I](2022-02-10  09:21:33 am)Wire Contact Auto Stop(M52)
[I](2022-02-10  09:22:17 am)작업 재시작
[I](2022-02-10  09:22:19 am)작업중 정지 [d:298][t:13:40:00]
[I](2022-02-10  09:22:19 am)    [LNo:0002] 000517/000615
[I](2022-02-10  09:22:19 am)작업중 M코드정지 [d:298][t:13:40:00]
[I](2022-02-10  09:22:33 am)작업중 정지 [d:298][t:13:40:13]
[I](2022-02-10  09:22:33 am)    [LNo:0002] 000520/000615
[I](2022-02-10  09:22:33 am)작업중 M코드정지 [d:298][t:13:40:13]
[I](2022-02-10  09:37:35 am)작업중 정지 [d:312][t:13:55:15]
[I](2022-02-10  09:37:35 am)    [LNo:0002] 000539/000615
[I](2022-02-10  09:37:35 am)작업중 M코드정지 [d:312][t:13:55:15]
[I](2022-02-10  09:38:01 am)작업중 정지 [d:312][t:13:55:41]
[I](2022-02-10  09:38:01 am)    [LNo:0002] 000541/000615
[I](2022-02-10  09:38:01 am)작업중 M코드정지 [d:312][t:13:55:42]
[I](2022-02-10  09:41:12 am)Reset
[I](2022-02-10  09:42:36 am)Reset
[I](2022-02-10  09:42:51 am)Reset
[I](2022-02-10  09:45:44 am)Reset
[I](2022-02-10  09:45:44 am)Reset
[I](2022-02-10  09:49:41 am)Reset
[I](2022-02-10  09:50:11 am)Reset
[I](2022-02-10  09:50:11 am)Reset
[I](2022-02-10  09:50:37 am)Reset
[I](2022-02-10  09:51:06 am)Reset
[I](2022-02-10  09:51:37 am)Reset
[I](2022-02-10  09:51:52 am)Reset
[I](2022-02-10  09:51:53 am)Reset
[I](2022-02-10  09:53:58 am)작업 시작 [Start d:312]
[I](2022-02-10  09:53:58 am)Nc File: [No.0003-616.NC]
[I](2022-02-10  09:53:58 am)  * Start Machine Position
[I](2022-02-10  09:53:58 am)    X:    212.0901
[I](2022-02-10  09:53:58 am)    Y:   -344.4509
[I](2022-02-10  09:53:58 am)    U:      0.0001
[I](2022-02-10  09:53:58 am)    V:     -0.0099
[I](2022-02-10  09:53:58 am)    Z:     23.5190
[I](2022-02-10  09:53:58 am)  * Angle
[I](2022-02-10  09:53:58 am)    Ar:      0.5920,Kr:      0.0000
[I](2022-02-10  09:53:58 am)    Taper_Ar:      0.0000
[I](2022-02-10  09:54:01 am)작업중 정지 [d:0][t:00:00:03]
[I](2022-02-10  09:54:01 am)    [LNo:0003] 000010/000175
[I](2022-02-10  09:54:01 am)작업중 M코드정지 [d:0][t:00:00:03]
[I](2022-02-10  09:56:34 am)작업중 정지 [d:2][t:00:02:36]
[I](2022-02-10  09:56:34 am)    [LNo:0003] 000026/000175
[A](2022-02-10  09:56:34 am)[008] 작업중 단선(AWF Feed Motor Stop )
[I](2022-02-10  09:56:35 am)작업중 Wire 단선 [d:2][t:00:02:36]
[I](2022-02-10  09:57:43 am)작업 재시작
[I](2022-02-10  10:00:57 am)작업중 정지 [d:6][t:00:06:59]
[I](2022-02-10  10:00:57 am)    [LNo:0003] 000030/000175
[I](2022-02-10  10:00:58 am)작업중 M코드정지 [d:6][t:00:06:59]
[I](2022-02-10  10:01:36 am)작업중 정지 [d:6][t:00:07:38]
[I](2022-02-10  10:01:36 am)    [LNo:0003] 000032/000175
[I](2022-02-10  10:01:36 am)작업중 M코드정지 [d:6][t:00:07:38]
[I](2022-02-10  10:05:56 am)작업중 정지 [d:10][t:00:11:58]
[I](2022-02-10  10:05:56 am)    [LNo:0003] 000074/000175
[I](2022-02-10  10:05:56 am)작업중 M코드정지 [d:10][t:00:11:58]
[I](2022-02-10  10:07:48 am)Reset
[I](2022-02-10  10:07:48 am)Reset
[I](2022-02-10  10:07:59 am)Reset
[I](2022-02-10  10:08:34 am)Reset
[I](2022-02-10  10:13:44 am)Reset
[I](2022-02-10  10:14:08 am)Reset
[I](2022-02-10  10:14:08 am)Reset
[I](2022-02-10  10:14:44 am)Reset
[I](2022-02-10  10:15:09 am)Reset
[I](2022-02-10  10:15:28 am)Reset
[I](2022-02-10  10:15:28 am)Reset
[I](2022-02-10  10:16:03 am)작업 시작 [Start d:322]
[I](2022-02-10  10:16:03 am)Nc File: [No.0003-616.NC]
[I](2022-02-10  10:16:03 am)  * Start Machine Position
[I](2022-02-10  10:16:03 am)    X:    212.7999
[I](2022-02-10  10:16:03 am)    Y:   -345.1528
[I](2022-02-10  10:16:03 am)    U:     -0.0008
[I](2022-02-10  10:16:03 am)    V:      0.0699
[I](2022-02-10  10:16:03 am)    Z:     39.6230
[I](2022-02-10  10:16:03 am)  * Angle
[I](2022-02-10  10:16:03 am)    Ar:      0.7251,Kr:      0.0000
[I](2022-02-10  10:16:03 am)    Taper_Ar:      0.0000
[I](2022-02-10  10:16:11 am)작업중 정지 [d:0][t:00:00:07]
[I](2022-02-10  10:16:11 am)    [LNo:0003] 000094/000175
[I](2022-02-10  10:16:11 am)작업중 M코드정지 [d:0][t:00:00:07]
[I](2022-02-10  10:16:12 am)작업중 정지 [d:0][t:00:00:08]
[I](2022-02-10  10:16:12 am)    [LNo:0003] 000097/000175
[I](2022-02-10  10:16:13 am)작업중 M코드정지 [d:0][t:00:00:09]
[I](2022-02-10  10:16:14 am)작업중 정지 [d:0][t:00:00:10]
[I](2022-02-10  10:16:14 am)    [LNo:0003] 000099/000175
[I](2022-02-10  10:16:14 am)작업중 M코드정지 [d:0][t:00:00:10]
[I](2022-02-10  10:16:32 am)작업중 정지 [d:0][t:00:00:28]
[I](2022-02-10  10:16:32 am)    [LNo:0003] 000109/000175
[I](2022-02-10  10:25:05 am)작업중 정지 [d:8][t:00:09:01]
[I](2022-02-10  10:25:05 am)    [LNo:0003] 000123/000175
[I](2022-02-10  10:25:05 am)작업중 M코드정지 [d:8][t:00:09:01]
[I](2022-02-10  10:28:35 am)작업중 정지 [d:8][t:00:12:31]
[I](2022-02-10  10:28:35 am)    [LNo:0003] 000125/000175
[I](2022-02-10  10:28:35 am)작업중 M코드정지 [d:8][t:00:12:31]
[I](2022-02-10  10:34:48 am)작업중 정지 [d:14][t:00:18:44]
[I](2022-02-10  10:34:48 am)    [LNo:0003] 000167/000175
[I](2022-02-10  10:34:48 am)작업중 M코드정지 [d:14][t:00:18:44]
[A](2022-02-10  10:35:36 am)[033] 자동결선 회수 롤러 WIRE CONTACT!!
[I](2022-02-10  10:36:56 am)Reset
[I](2022-02-10  10:37:09 am)Reset
[I](2022-02-10  10:37:09 am)Reset
[I](2022-02-10  10:39:56 am)Reset
[I](2022-02-10  10:52:08 am)Reset
[I](2022-02-10  10:53:36 am)Reset
[I](2022-02-10  10:53:36 am)Reset
[I](2022-02-10  10:54:54 am)Reset
[I](2022-02-10  10:54:55 am)Reset
[I](2022-02-10  10:56:24 am)Reset
[I](2022-02-10  10:57:38 am)Reset
[I](2022-02-10  10:57:38 am)Reset
[I](2022-02-10  11:00:17 am)Reset
[I](2022-02-10  11:00:17 am)Reset
[I](2022-02-10  11:01:29 am)Reset
[I](2022-02-10  11:01:42 am)Reset
[I](2022-02-10  11:03:41 am)Reset
[I](2022-02-10  11:07:17 am)Reset
[I](2022-02-10  11:08:46 am)Reset
[I](2022-02-10  11:08:47 am)Reset
[I](2022-02-10  11:12:11 am)Reset
[I](2022-02-10  11:13:54 am)Reset
[I](2022-02-10  11:15:03 am)Reset
[I](2022-02-10  11:15:04 am)Reset
[I](2022-02-10  11:15:36 am)Reset
[I](2022-02-10  12:00:15 pm)Reset
[I](2022-02-10  12:02:12 pm)Reset
[I](2022-02-10  12:05:53 pm)작업 시작 [Start d:336]
[I](2022-02-10  12:05:53 pm)Nc File: [No.0004-637.NC]
[I](2022-02-10  12:05:53 pm)  * Start Machine Position
[I](2022-02-10  12:05:53 pm)    X:     47.3137
[I](2022-02-10  12:05:53 pm)    Y:   -319.9287
[I](2022-02-10  12:05:53 pm)    U:      0.0000
[I](2022-02-10  12:05:53 pm)    V:      0.0000
[I](2022-02-10  12:05:53 pm)    Z:     24.4875
[I](2022-02-10  12:05:53 pm)  * Angle
[I](2022-02-10  12:05:53 pm)    Ar:      0.1458,Kr:      0.0000
[I](2022-02-10  12:05:53 pm)    Taper_Ar:      0.0000
[I](2022-02-10  12:05:57 pm)작업중 정지 [d:0][t:00:00:03]
[I](2022-02-10  12:05:57 pm)    [LNo:0004] 000010/000230
[I](2022-02-10  12:05:57 pm)작업중 M코드정지 [d:0][t:00:00:03]
[I](2022-02-10  12:07:53 pm)작업중 정지 [d:1][t:00:01:59]
[I](2022-02-10  12:07:53 pm)    [LNo:0004] 000023/000230
[A](2022-02-10  12:07:53 pm)[008] 작업중 단선(AWF Feed Motor Stop )
[I](2022-02-10  12:07:53 pm)작업중 Wire 단선 [d:1][t:00:01:59]
[I](2022-02-10  12:09:03 pm)작업 재시작
[I](2022-02-10  12:09:04 pm)작업중 정지 [d:1][t:00:03:11]
[I](2022-02-10  12:09:04 pm)    [LNo:0004] 000023/000230
[A](2022-02-10  12:09:04 pm)[008] 작업중 단선(AWF Feed Motor Stop )
[I](2022-02-10  12:09:04 pm)작업중 Wire 단선 [d:1][t:00:03:11]
[I](2022-02-10  12:10:13 pm)작업 재시작
[I](2022-02-10  12:10:14 pm)작업중 정지 [d:1][t:00:04:20]
[I](2022-02-10  12:10:14 pm)    [LNo:0004] 000023/000230
[A](2022-02-10  12:10:14 pm)[008] 작업중 단선(AWF Feed Motor Stop )
[I](2022-02-10  12:10:14 pm)작업중 Wire 단선 [d:1][t:00:04:20]
[I](2022-02-10  12:11:24 pm)작업 재시작
[I](2022-02-10  12:11:24 pm)작업중 정지 [d:1][t:00:05:31]
[I](2022-02-10  12:11:24 pm)    [LNo:0004] 000023/000230
[A](2022-02-10  12:11:25 pm)[008] 작업중 단선(AWF Feed Motor Stop )
[I](2022-02-10  12:11:25 pm)작업중 Wire 단선 [d:1][t:00:05:31]
[I](2022-02-10  12:12:34 pm)작업 재시작
[I](2022-02-10  12:12:35 pm)작업중 정지 [d:1][t:00:06:41]
[I](2022-02-10  12:12:35 pm)    [LNo:0004] 000023/000230
[A](2022-02-10  12:12:35 pm)[008] 작업중 단선(AWF Feed Motor Stop )
[I](2022-02-10  12:12:35 pm)작업중 Wire 단선 [d:1][t:00:06:41]
[I](2022-02-10  12:14:43 pm)작업 재시작
[I](2022-02-10  12:35:51 pm)작업중 정지 [d:23][t:00:29:58]
[I](2022-02-10  12:35:51 pm)    [LNo:0004] 000036/000230
[I](2022-02-10  12:35:51 pm)작업중 M코드정지 [d:23][t:00:29:58]
[I](2022-02-10  12:36:37 pm)작업중 정지 [d:23][t:00:30:43]
[I](2022-02-10  12:36:37 pm)    [LNo:0004] 000038/000230
[I](2022-02-10  12:36:37 pm)작업중 M코드정지 [d:23][t:00:30:43]
[I](2022-02-10  12:43:22 pm)작업중 정지 [d:29][t:00:37:28]
[I](2022-02-10  12:43:22 pm)    [LNo:0004] 000066/000230
[I](2022-02-10  12:43:22 pm)작업중 M코드정지 [d:29][t:00:37:28]
[I](2022-02-10  01:14:14 pm)작업중 정지 [d:47][t:01:08:20]
[I](2022-02-10  01:14:14 pm)    [LNo:0004] 000095/000230
[I](2022-02-10  01:16:12 pm)작업 재시작
[I](2022-02-10  01:16:15 pm)작업중 정지 [d:47][t:01:10:21]
[I](2022-02-10  01:16:15 pm)    [LNo:0004] 000096/000230
[I](2022-02-10  01:16:15 pm)작업중 M코드정지 [d:47][t:01:10:21]
[I](2022-02-10  01:16:30 pm)작업중 정지 [d:47][t:01:10:37]
[I](2022-02-10  01:16:30 pm)    [LNo:0004] 000098/000230
[I](2022-02-10  01:16:30 pm)작업중 M코드정지 [d:47][t:01:10:37]
[I](2022-02-10  01:23:00 pm)작업중 정지 [d:54][t:01:17:06]
[I](2022-02-10  01:23:00 pm)    [LNo:0004] 000126/000230
[I](2022-02-10  01:23:00 pm)작업중 M코드정지 [d:54][t:01:17:07]
[I](2022-02-10  01:24:37 pm)작업중 정지 [d:54][t:01:18:43]
[I](2022-02-10  01:24:37 pm)    [LNo:0004] 000042/000230
[I](2022-02-10  01:26:52 pm)작업중 정지 [d:56][t:01:20:59]
[I](2022-02-10  01:26:52 pm)    [LNo:0004] 000066/000230
[I](2022-02-10  01:26:52 pm)작업중 M코드정지 [d:56][t:01:20:59]
[I](2022-02-10  01:27:00 pm)작업중 정지 [d:56][t:01:21:07]
[I](2022-02-10  01:27:00 pm)    [LNo:0004] 000102/000230
[I](2022-02-10  01:28:51 pm)작업중 정지 [d:58][t:01:22:57]
[I](2022-02-10  01:28:51 pm)    [LNo:0004] 000126/000230
[I](2022-02-10  01:28:51 pm)작업중 M코드정지 [d:58][t:01:22:57]
[I](2022-02-10  01:29:29 pm)Reset
[I](2022-02-10  01:29:29 pm)Reset
[I](2022-02-10  01:39:25 pm)Reset
[I](2022-02-10  01:39:26 pm)Reset
[I](2022-02-10  01:40:01 pm)작업 시작 [Start d:394]
[I](2022-02-10  01:40:01 pm)Nc File: [No.0004-637.NC]
[I](2022-02-10  01:40:01 pm)  * Start Machine Position
[I](2022-02-10  01:40:01 pm)    X:     47.2137
[I](2022-02-10  01:40:01 pm)    Y:   -319.8291
[I](2022-02-10  01:40:01 pm)    U:      0.0000
[I](2022-02-10  01:40:01 pm)    V:      0.0000
[I](2022-02-10  01:40:01 pm)    Z:     46.1100
[I](2022-02-10  01:40:01 pm)  * Angle
[I](2022-02-10  01:40:01 pm)    Ar:      0.1458,Kr:      0.0000
[I](2022-02-10  01:40:01 pm)    Taper_Ar:      0.0000
[I](2022-02-10  01:40:04 pm)작업중 정지 [d:0][t:00:00:02]
[I](2022-02-10  01:40:04 pm)    [LNo:0004] 000132/000230
[I](2022-02-10  01:43:24 pm)작업중 정지 [d:2][t:00:03:22]
[I](2022-02-10  01:43:24 pm)    [LNo:0004] 000147/000230
[I](2022-02-10  01:44:22 pm)작업 재시작
[I](2022-02-10  01:45:27 pm)작업중 정지 [d:3][t:00:05:25]
[I](2022-02-10  01:45:27 pm)    [LNo:0004] 000148/000230
[I](2022-02-10  01:46:38 pm)작업 재시작
[I](2022-02-10  01:46:47 pm)작업중 정지 [d:4][t:00:06:45]
[I](2022-02-10  01:46:47 pm)    [LNo:0004] 000149/000230
[I](2022-02-10  01:46:47 pm)작업중 M코드정지 [d:4][t:00:06:45]
[I](2022-02-10  01:47:03 pm)작업중 정지 [d:4][t:00:07:01]
[I](2022-02-10  01:47:03 pm)    [LNo:0004] 000153/000230
[I](2022-02-10  01:47:03 pm)작업중 M코드정지 [d:4][t:00:07:01]
[I](2022-02-10  01:48:58 pm)작업중 정지 [d:6][t:00:08:56]
[I](2022-02-10  01:48:58 pm)    [LNo:0004] 000173/000230
[I](2022-02-10  01:48:58 pm)작업중 M코드정지 [d:6][t:00:08:56]
[I](2022-02-10  01:56:05 pm)작업중 정지 [d:10][t:00:16:04]
[I](2022-02-10  01:56:05 pm)    [LNo:0004] 000196/000230
[I](2022-02-10  01:56:42 pm)작업 재시작
[I](2022-02-10  01:56:59 pm)작업중 정지 [d:11][t:00:16:58]
[I](2022-02-10  01:57:00 pm)    [LNo:0004] 000197/000230
[I](2022-02-10  01:57:00 pm)작업중 M코드정지 [d:11][t:00:16:58]
[I](2022-02-10  01:57:16 pm)작업중 정지 [d:11][t:00:17:14]
[I](2022-02-10  01:57:16 pm)    [LNo:0004] 000201/000230
[I](2022-02-10  01:57:16 pm)작업중 M코드정지 [d:11][t:00:17:14]
[I](2022-02-10  01:59:09 pm)작업중 정지 [d:13][t:00:19:07]
[I](2022-02-10  01:59:09 pm)    [LNo:0004] 000223/000230
[I](2022-02-10  01:59:09 pm)작업중 M코드정지 [d:13][t:00:19:08]
[I](2022-02-10  02:13:31 pm)Reset
[I](2022-02-10  02:13:50 pm)Reset
[I](2022-02-10  02:25:16 pm)Reset
[I](2022-02-10  02:25:16 pm)Reset
[I](2022-02-10  02:30:40 pm)Reset
[I](2022-02-10  02:32:36 pm)Reset
[I](2022-02-10  02:32:36 pm)Reset
[I](2022-02-10  02:35:15 pm)Reset
[I](2022-02-10  02:35:16 pm)Reset
[I](2022-02-10  02:37:38 pm)Reset
[I](2022-02-10  02:37:39 pm)Reset
[I](2022-02-10  02:41:58 pm)Reset
[I](2022-02-10  02:41:59 pm)Reset
[I](2022-02-10  02:44:32 pm)작업 시작 [Start d:407]
[I](2022-02-10  02:44:32 pm)Nc File: [No.0003-625.NC]
[I](2022-02-10  02:44:32 pm)  * Start Machine Position
[I](2022-02-10  02:44:32 pm)    X:    116.6028
[I](2022-02-10  02:44:32 pm)    Y:   -358.0036
[I](2022-02-10  02:44:32 pm)    U:      0.0000
[I](2022-02-10  02:44:32 pm)    V:      0.0000
[I](2022-02-10  02:44:32 pm)    Z:     29.2820
[I](2022-02-10  02:44:32 pm)  * Angle
[I](2022-02-10  02:44:32 pm)    Ar:     -0.3168,Kr:      0.0000
[I](2022-02-10  02:44:32 pm)    Taper_Ar:      0.0000
[I](2022-02-10  02:44:37 pm)작업중 정지 [d:0][t:00:00:04]
[I](2022-02-10  02:44:37 pm)    [LNo:0003] 000010/000155
[I](2022-02-10  02:44:37 pm)작업중 M코드정지 [d:0][t:00:00:04]
[I](2022-02-10  02:48:02 pm)작업중 정지 [d:0][t:00:03:29]
[I](2022-02-10  02:48:02 pm)    [LNo:0003] 000037/000155
[I](2022-02-10  02:57:54 pm)작업중 정지 [d:9][t:00:13:21]
[I](2022-02-10  02:57:54 pm)    [LNo:0003] 000052/000155
[I](2022-02-10  02:57:54 pm)작업중 M코드정지 [d:9][t:00:13:22]
[I](2022-02-10  03:01:41 pm)작업중 정지 [d:9][t:00:17:08]
[I](2022-02-10  03:01:41 pm)    [LNo:0003] 000055/000155
[I](2022-02-10  03:01:41 pm)작업중 M코드정지 [d:9][t:00:17:08]
[A](2022-02-10  03:02:57 pm)[036] 자동결선 절단 공정 실패!!
[I](2022-02-10  03:15:15 pm)작업중 정지 [d:20][t:00:30:42]
[I](2022-02-10  03:15:15 pm)    [LNo:0003] 000110/000155
[I](2022-02-10  03:15:15 pm)작업중 M코드정지 [d:20][t:00:30:42]
[I](2022-02-10  03:15:41 pm)작업중 정지 [d:20][t:00:31:08]
[I](2022-02-10  03:15:41 pm)    [LNo:0003] 000111/000155
[I](2022-02-10  03:17:21 pm)작업 재시작
[I](2022-02-10  03:17:26 pm)작업중 정지 [d:20][t:00:32:53]
[I](2022-02-10  03:17:26 pm)    [LNo:0003] 000113/000155
[I](2022-02-10  03:17:26 pm)작업중 M코드정지 [d:20][t:00:32:54]
[I](2022-02-10  03:20:45 pm)작업중 정지 [d:23][t:00:36:12]
[I](2022-02-10  03:20:45 pm)    [LNo:0003] 000151/000155
[I](2022-02-10  03:20:45 pm)작업중 M코드정지 [d:23][t:00:36:12]
[I](2022-02-10  03:23:24 pm)Reset
[I](2022-02-10  03:36:27 pm)Reset
[I](2022-02-10  03:40:16 pm)Reset
[I](2022-02-10  03:40:17 pm)Reset
[I](2022-02-10  03:43:10 pm)Reset
[I](2022-02-10  03:43:11 pm)Reset
[I](2022-02-10  03:45:43 pm)Reset
[I](2022-02-10  03:50:49 pm)Reset
[I](2022-02-10  03:53:44 pm)Reset
[I](2022-02-10  03:54:41 pm)Reset
[I](2022-02-10  03:55:42 pm)작업 시작 [Start d:430]
[I](2022-02-10  03:55:42 pm)Nc File: [No.0005-587.NC]
[I](2022-02-10  03:55:42 pm)  * Start Machine Position
[I](2022-02-10  03:55:42 pm)    X:    220.7478
[I](2022-02-10  03:55:42 pm)    Y:   -242.0657
[I](2022-02-10  03:55:42 pm)    U:      0.0000
[I](2022-02-10  03:55:42 pm)    V:      0.0000
[I](2022-02-10  03:55:42 pm)    Z:     36.5050
[I](2022-02-10  03:55:42 pm)  * Angle
[I](2022-02-10  03:55:42 pm)    Ar:      0.3546,Kr:      0.0000
[I](2022-02-10  03:55:42 pm)    Taper_Ar:      0.0000
[I](2022-02-10  03:55:51 pm)작업중 정지 [d:0][t:00:00:09]
[I](2022-02-10  03:55:51 pm)    [LNo:0005] 000010/000402
[I](2022-02-10  03:55:51 pm)작업중 M코드정지 [d:0][t:00:00:09]
[I](2022-02-10  03:59:15 pm)작업중 정지 [d:3][t:00:03:33]
[I](2022-02-10  03:59:15 pm)    [LNo:0005] 000056/000402
[I](2022-02-10  03:59:15 pm)작업중 M코드정지 [d:3][t:00:03:33]
[I](2022-02-10  03:59:37 pm)작업중 정지 [d:3][t:00:03:55]
[I](2022-02-10  03:59:37 pm)    [LNo:0005] 000059/000402
[I](2022-02-10  03:59:38 pm)작업중 M코드정지 [d:3][t:00:03:55]
[I](2022-02-10  03:59:52 pm)작업중 정지 [d:3][t:00:04:09]
[I](2022-02-10  03:59:52 pm)    [LNo:0005] 000062/000402
[I](2022-02-10  03:59:52 pm)작업중 M코드정지 [d:3][t:00:04:09]
[I](2022-02-10  04:00:00 pm)작업중 정지 [d:3][t:00:04:17]
[I](2022-02-10  04:00:00 pm)    [LNo:0005] 000068/000402
[I](2022-02-10  04:12:22 pm)작업중 정지 [d:14][t:00:16:40]
[I](2022-02-10  04:12:22 pm)    [LNo:0005] 000088/000402
[I](2022-02-10  04:12:22 pm)작업중 30sec 접촉 정지 [d:14][t:00:16:40]
[I](2022-02-10  04:13:07 pm)작업 재시작
[I](2022-02-10  04:13:14 pm)작업중 정지 [d:14][t:00:17:32]
[I](2022-02-10  04:13:14 pm)    [LNo:0005] 000088/000402
[I](2022-02-10  04:13:46 pm)작업 재시작
[I](2022-02-10  04:13:47 pm)작업중 정지 [d:14][t:00:18:04]
[I](2022-02-10  04:13:47 pm)    [LNo:0005] 000089/000402
[I](2022-02-10  04:13:47 pm)작업중 M코드정지 [d:14][t:00:18:04]
[I](2022-02-10  04:14:04 pm)작업중 정지 [d:14][t:00:18:21]
[I](2022-02-10  04:14:04 pm)    [LNo:0005] 000091/000402
[I](2022-02-10  04:14:04 pm)작업중 M코드정지 [d:14][t:00:18:21]
[I](2022-02-10  05:02:52 pm)작업중 정지 [d:62][t:01:07:10]
[I](2022-02-10  05:02:52 pm)    [LNo:0005] 000154/000402
[I](2022-02-10  05:02:52 pm)Wire Contact Auto Stop(M52)
[I](2022-02-10  05:03:24 pm)작업 재시작
[I](2022-02-10  05:03:26 pm)작업중 정지 [d:62][t:01:07:43]
[I](2022-02-10  05:03:26 pm)    [LNo:0005] 000154/000402
[I](2022-02-10  05:03:59 pm)작업 재시작
[I](2022-02-10  05:04:19 pm)작업중 정지 [d:62][t:01:08:36]
[I](2022-02-10  05:04:19 pm)    [LNo:0005] 000155/000402
[I](2022-02-10  05:04:19 pm)작업중 M코드정지 [d:62][t:01:08:36]
[I](2022-02-10  05:04:28 pm)작업중 정지 [d:62][t:01:08:46]
[I](2022-02-10  05:04:28 pm)    [LNo:0005] 000156/000402
[I](2022-02-10  05:04:40 pm)작업 재시작
[I](2022-02-10  05:16:36 pm)작업중 정지 [d:74][t:01:20:53]
[I](2022-02-10  05:16:36 pm)    [LNo:0005] 000169/000402
[I](2022-02-10  05:16:36 pm)작업중 M코드정지 [d:74][t:01:20:54]
[I](2022-02-10  05:18:13 pm)작업중 정지 [d:74][t:01:22:31]
[I](2022-02-10  05:18:13 pm)    [LNo:0005] 000170/000402
[I](2022-02-10  05:18:52 pm)작업 재시작
[I](2022-02-10  05:18:56 pm)작업중 정지 [d:74][t:01:23:14]
[I](2022-02-10  05:18:56 pm)    [LNo:0005] 000171/000402
[I](2022-02-10  05:18:56 pm)작업중 M코드정지 [d:74][t:01:23:14]
[I](2022-02-10  05:34:57 pm)작업중 정지 [d:90][t:01:39:14]
[I](2022-02-10  05:34:57 pm)    [LNo:0005] 000212/000402
[A](2022-02-10  05:34:57 pm)[008] 작업중 단선(AWF Feed Motor Stop )
[I](2022-02-10  05:34:57 pm)작업중 Wire 단선 [d:90][t:01:39:14]
[I](2022-02-10  05:43:21 pm)작업 재시작
[I](2022-02-10  05:43:38 pm)작업중 정지 [d:90][t:01:47:55]
[I](2022-02-10  05:43:38 pm)    [LNo:0005] 000217/000402
[I](2022-02-10  05:43:38 pm)작업중 M코드정지 [d:90][t:01:47:55]
[I](2022-02-10  05:57:13 pm)작업중 정지 [d:101][t:02:01:30]
[I](2022-02-10  05:57:13 pm)    [LNo:0005] 000248/000402
[I](2022-02-10  05:57:13 pm)작업중 M코드정지 [d:101][t:02:01:30]
[I](2022-02-10  06:10:41 pm)작업중 정지 [d:111][t:02:14:58]
[I](2022-02-10  06:10:41 pm)    [LNo:0005] 000262/000402
[I](2022-02-10  06:10:41 pm)작업중 M코드정지 [d:111][t:02:14:59]
[I](2022-02-10  06:11:46 pm)작업중 정지 [d:112][t:02:16:03]
[I](2022-02-10  06:11:46 pm)    [LNo:0005] 000264/000402
[I](2022-02-10  06:11:46 pm)작업중 M코드정지 [d:112][t:02:16:03]
[I](2022-02-10  06:26:28 pm)작업중 정지 [d:125][t:02:30:45]
[I](2022-02-10  06:26:28 pm)    [LNo:0005] 000316/000402
[I](2022-02-10  06:26:28 pm)작업중 M코드정지 [d:125][t:02:30:45]
[I](2022-02-10  06:45:57 pm)작업중 정지 [d:125][t:02:50:14]
[I](2022-02-10  06:45:57 pm)    [LNo:0005] 000318/000402
[I](2022-02-10  06:45:57 pm)작업중 M코드정지 [d:125][t:02:50:14]
[I](2022-02-10  06:55:49 pm)작업중 정지 [d:134][t:03:00:06]
[I](2022-02-10  06:55:49 pm)    [LNo:0005] 000339/000402
[I](2022-02-10  06:55:49 pm)작업중 30sec 접촉 정지 [d:134][t:03:00:06]
[I](2022-02-10  06:56:32 pm)작업 재시작
[I](2022-02-10  07:03:16 pm)작업중 정지 [d:141][t:03:07:33]
[I](2022-02-10  07:03:16 pm)    [LNo:0005] 000342/000402
[I](2022-02-10  07:03:16 pm)작업중 M코드정지 [d:141][t:03:07:33]
[I](2022-02-10  07:03:37 pm)작업중 정지 [d:141][t:03:07:54]
[I](2022-02-10  07:03:37 pm)    [LNo:0005] 000344/000402
[I](2022-02-10  07:03:37 pm)작업중 M코드정지 [d:141][t:03:07:54]
[I](2022-02-10  07:12:27 pm)작업중 정지 [d:147][t:03:16:44]
[I](2022-02-10  07:12:27 pm)    [LNo:0005] 000364/000402
[I](2022-02-10  07:12:27 pm)작업중 M코드정지 [d:147][t:03:16:45]
[I](2022-02-10  07:13:43 pm)작업중 정지 [d:147][t:03:18:00]
[I](2022-02-10  07:13:43 pm)    [LNo:0005] 000366/000402
[I](2022-02-10  07:13:43 pm)작업중 M코드정지 [d:147][t:03:18:00]
[I](2022-02-10  07:20:59 pm)작업중 정지 [d:153][t:03:25:16]
[I](2022-02-10  07:20:59 pm)    [LNo:0005] 000387/000402
[I](2022-02-10  07:20:59 pm)작업중 30sec 접촉 정지 [d:153][t:03:25:17]
[I](2022-02-10  07:24:10 pm)작업 재시작
[I](2022-02-10  07:30:54 pm)작업중 정지 [d:160][t:03:35:11]
[I](2022-02-10  07:30:54 pm)    [LNo:0005] 000390/000402
[I](2022-02-10  07:30:54 pm)작업중 M코드정지 [d:160][t:03:35:11]
[I](2022-02-10  07:32:36 pm)작업중 정지 [d:160][t:03:36:53]
[I](2022-02-10  07:32:36 pm)    [LNo:0005] 000392/000402
[I](2022-02-10  07:32:36 pm)작업중 M코드정지 [d:160][t:03:36:53]
[I](2022-02-10  07:33:14 pm)작업중 정지 [d:160][t:03:37:32]
[I](2022-02-10  07:33:14 pm)    [LNo:0005] 000395/000402
[I](2022-02-10  07:33:14 pm)작업중 Single Block Stop [d:160][t:03:37:32]
[A](2022-02-10  07:33:38 pm)[084] Work Tank Fluid Sensor Abnormal
[I](2022-02-10  07:37:52 pm)Reset
[I](2022-02-10  07:37:59 pm)Reset
[I](2022-02-10  07:38:02 pm)Reset
[A](2022-02-10  07:44:27 pm)[001] 와이어 미동작
[A](2022-02-10  07:44:28 pm)[001] 와이어 미동작
[I](2022-02-10  07:46:15 pm)Reset
[I](2022-02-10  07:46:15 pm)Reset
[I](2022-02-10  07:46:58 pm)작업 시작 [Start d:590]
[I](2022-02-10  07:46:58 pm)Nc File: [No.0003-645.NC]
[I](2022-02-10  07:46:58 pm)  * Start Machine Position
[I](2022-02-10  07:46:58 pm)    X:    126.4773
[I](2022-02-10  07:46:58 pm)    Y:   -286.0560
[I](2022-02-10  07:46:58 pm)    U:      0.0000
[I](2022-02-10  07:46:58 pm)    V:      0.0000
[I](2022-02-10  07:46:58 pm)    Z:     45.6665
[I](2022-02-10  07:46:58 pm)  * Angle
[I](2022-02-10  07:46:58 pm)    Ar:     -0.3059,Kr:      0.0000
[I](2022-02-10  07:46:58 pm)    Taper_Ar:      0.0000
[I](2022-02-10  07:47:04 pm)작업중 정지 [d:0][t:00:00:05]
[I](2022-02-10  07:47:04 pm)    [LNo:0003] 000028/000316
[I](2022-02-10  07:48:04 pm)작업중 정지 [d:0][t:00:01:05]
[I](2022-02-10  07:48:04 pm)    [LNo:0003] 000061/000316
[A](2022-02-10  07:48:59 pm)[001] 와이어 미동작
[I](2022-02-10  07:51:18 pm)작업중 정지 [d:0][t:00:04:19]
[I](2022-02-10  07:51:18 pm)    [LNo:0003] 000100/000316
[I](2022-02-10  07:53:38 pm)Reset
[I](2022-02-10  07:53:39 pm)Reset
[I](2022-02-10  07:54:11 pm)Reset
[I](2022-02-10  07:54:39 pm)작업 시작 [Start d:590]
[I](2022-02-10  07:54:39 pm)Nc File: [No.0003-645.NC]
[I](2022-02-10  07:54:39 pm)  * Start Machine Position
[I](2022-02-10  07:54:39 pm)    X:    126.4773
[I](2022-02-10  07:54:39 pm)    Y:   -286.0560
[I](2022-02-10  07:54:39 pm)    U:      0.0000
[I](2022-02-10  07:54:39 pm)    V:      0.0000
[I](2022-02-10  07:54:39 pm)    Z:     45.6665
[I](2022-02-10  07:54:39 pm)  * Angle
[I](2022-02-10  07:54:39 pm)    Ar:     -0.3059,Kr:      0.0000
[I](2022-02-10  07:54:39 pm)    Taper_Ar:      0.0000
[I](2022-02-10  07:58:46 pm)작업중 정지 [d:5][t:00:04:06]
[I](2022-02-10  07:58:46 pm)    [LNo:0003] 000017/000316
[A](2022-02-10  07:58:46 pm)[008] 작업중 단선(AWF Feed Motor Stop )
[I](2022-02-10  07:58:46 pm)작업중 Wire 단선 [d:5][t:00:04:06]
[I](2022-02-10  07:59:53 pm)작업 재시작
