[I](2022-04-29  08:56:05 am)작업중 정지 [d:584][t:13:43:01]
[I](2022-04-29  08:56:05 am)    [LNo:0002] 001178/003483
[I](2022-04-29  08:56:05 am)작업중 M코드정지 [d:584][t:13:43:01]
[I](2022-04-29  08:56:37 am)Reset
[I](2022-04-29  08:56:37 am)Reset
[I](2022-04-29  08:57:02 am)작업 시작 [Start d:808]
[I](2022-04-29  08:57:02 am)Nc File: [No.0001-505.NC]
[I](2022-04-29  08:57:02 am)  * Start Machine Position
[I](2022-04-29  08:57:02 am)    X:    429.7209
[I](2022-04-29  08:57:02 am)    Y:    -63.5357
[I](2022-04-29  08:57:02 am)    U:      0.0000
[I](2022-04-29  08:57:02 am)    V:      0.0000
[I](2022-04-29  08:57:02 am)    Z:     36.5460
[I](2022-04-29  08:57:02 am)  * Angle
[I](2022-04-29  08:57:02 am)    Ar:      0.0407,Kr:      0.0000
[I](2022-04-29  08:57:02 am)    Taper_Ar:      0.0000
[I](2022-04-29  08:57:20 am)작업중 정지 [d:0][t:00:00:18]
[I](2022-04-29  08:57:20 am)    [LNo:0001] 000911/003272
[I](2022-04-29  08:57:44 am)작업중 정지 [d:0][t:00:00:42]
[I](2022-04-29  08:57:44 am)    [LNo:0001] 000912/003272
[I](2022-04-29  08:59:23 am)Reset
[I](2022-04-29  08:59:23 am)Reset
[I](2022-04-29  09:03:42 am)작업 시작 [Start d:808]
[I](2022-04-29  09:03:42 am)Nc File: [No.0003-511.NC]
[I](2022-04-29  09:03:42 am)  * Start Machine Position
[I](2022-04-29  09:03:42 am)    X:    429.7209
[I](2022-04-29  09:03:42 am)    Y:    -63.5357
[I](2022-04-29  09:03:42 am)    U:      0.0000
[I](2022-04-29  09:03:42 am)    V:      0.0000
[I](2022-04-29  09:03:42 am)    Z:     36.5460
[I](2022-04-29  09:03:42 am)  * Angle
[I](2022-04-29  09:03:42 am)    Ar:      0.0407,Kr:      0.0000
[I](2022-04-29  09:03:42 am)    Taper_Ar:      0.0000
[I](2022-04-29  09:03:49 am)작업중 정지 [d:0][t:00:00:07]
[I](2022-04-29  09:03:49 am)    [LNo:0003] 000407/001123
[I](2022-04-29  09:03:51 am)작업중 정지 [d:0][t:00:00:09]
[I](2022-04-29  09:03:51 am)    [LNo:0003] 000410/001123
[I](2022-04-29  09:07:39 am)작업중 정지 [d:1][t:00:03:57]
[I](2022-04-29  09:07:39 am)    [LNo:0003] 000419/001123
[I](2022-04-29  09:07:39 am)작업중 M코드정지 [d:1][t:00:03:57]
[I](2022-04-29  09:08:01 am)작업중 정지 [d:1][t:00:04:19]
[I](2022-04-29  09:08:01 am)    [LNo:0003] 000422/001123
[I](2022-04-29  09:08:24 am)작업 재시작
[I](2022-04-29  09:10:00 am)작업중 정지 [d:1][t:00:06:18]
[I](2022-04-29  09:10:00 am)    [LNo:0003] 000438/001123
[I](2022-04-29  09:10:00 am)작업중 30sec 접촉 정지 [d:1][t:00:06:18]
[I](2022-04-29  09:11:10 am)작업 재시작
[I](2022-04-29  09:12:21 am)작업중 정지 [d:2][t:00:08:39]
[I](2022-04-29  09:12:21 am)    [LNo:0003] 000441/001123
[I](2022-04-29  09:12:21 am)작업중 M코드정지 [d:2][t:00:08:39]
[I](2022-04-29  09:13:14 am)작업중 정지 [d:3][t:00:09:32]
[I](2022-04-29  09:13:14 am)    [LNo:0003] 000444/001123
[I](2022-04-29  09:13:42 am)작업 재시작
[I](2022-04-29  09:16:38 am)작업중 정지 [d:4][t:00:12:56]
[I](2022-04-29  09:16:38 am)    [LNo:0003] 000463/001123
[I](2022-04-29  09:16:38 am)작업중 M코드정지 [d:4][t:00:12:56]
[I](2022-04-29  09:17:11 am)작업중 정지 [d:5][t:00:13:29]
[I](2022-04-29  09:17:11 am)    [LNo:0003] 000464/001123
[I](2022-04-29  09:17:12 am)Wire Contact Auto Stop(M52)
[I](2022-04-29  09:17:36 am)작업 재시작
[I](2022-04-29  12:49:12 pm)작업중 정지 [d:206][t:03:45:30]
[I](2022-04-29  12:49:12 pm)    [LNo:0003] 000999/001123
[I](2022-04-29  12:49:12 pm)작업중 M코드정지 [d:206][t:03:45:30]
[I](2022-04-29  12:53:03 pm)작업중 정지 [d:208][t:03:49:21]
[I](2022-04-29  12:53:03 pm)    [LNo:0003] 001015/001123
[I](2022-04-29  12:53:03 pm)작업중 M코드정지 [d:208][t:03:49:21]
[I](2022-04-29  12:54:25 pm)작업중 정지 [d:208][t:03:50:43]
[I](2022-04-29  12:54:25 pm)    [LNo:0003] 001016/001123
[I](2022-04-29  12:54:25 pm)Wire Contact Auto Stop(M52)
[I](2022-04-29  12:54:47 pm)작업 재시작
[I](2022-04-29  12:54:56 pm)작업중 정지 [d:208][t:03:51:14]
[I](2022-04-29  12:54:56 pm)    [LNo:0003] 001017/001123
[I](2022-04-29  12:54:56 pm)작업중 M코드정지 [d:208][t:03:51:14]
[I](2022-04-29  01:07:15 pm)작업중 정지 [d:219][t:04:03:33]
[I](2022-04-29  01:07:15 pm)    [LNo:0003] 001041/001123
[I](2022-04-29  01:07:15 pm)작업중 M코드정지 [d:219][t:04:03:33]
[I](2022-04-29  01:18:20 pm)작업중 정지 [d:228][t:04:14:38]
[I](2022-04-29  01:18:20 pm)    [LNo:0003] 001064/001123
[I](2022-04-29  01:18:20 pm)Wire Contact Auto Stop(M52)
[I](2022-04-29  01:20:30 pm)작업 재시작
[I](2022-04-29  01:20:35 pm)작업중 정지 [d:228][t:04:16:53]
[I](2022-04-29  01:20:35 pm)    [LNo:0003] 001064/001123
[I](2022-04-29  01:20:35 pm)작업중 30sec 접촉 정지 [d:228][t:04:16:53]
[I](2022-04-29  01:21:41 pm)작업 재시작
[I](2022-04-29  01:21:57 pm)작업중 정지 [d:228][t:04:18:15]
[I](2022-04-29  01:21:57 pm)    [LNo:0003] 001065/001123
[I](2022-04-29  01:21:57 pm)작업중 M코드정지 [d:228][t:04:18:15]
[I](2022-04-29  01:34:16 pm)작업중 정지 [d:239][t:04:30:34]
[I](2022-04-29  01:34:16 pm)    [LNo:0003] 001089/001123
[I](2022-04-29  01:34:16 pm)작업중 M코드정지 [d:239][t:04:30:34]
[I](2022-04-29  01:44:51 pm)작업중 정지 [d:248][t:04:41:09]
[I](2022-04-29  01:44:51 pm)    [LNo:0003] 001112/001123
[I](2022-04-29  01:44:51 pm)Wire Contact Auto Stop(M52)
[A](2022-04-29  01:46:01 pm)[037] 자동결선 잔여 WIRE 처리 실패!!
[I](2022-04-29  01:47:34 pm)Reset
[I](2022-04-29  01:50:27 pm)Reset
[I](2022-04-29  01:50:35 pm)Reset
[I](2022-04-29  01:53:35 pm)Reset
[I](2022-04-29  01:53:36 pm)Reset
[I](2022-04-29  02:05:34 pm)Reset
[I](2022-04-29  02:08:52 pm)Reset
[I](2022-04-29  02:11:26 pm)Reset
[I](2022-04-29  02:12:17 pm)Reset
[I](2022-04-29  02:12:37 pm)작업 시작 [Start d:0]
[I](2022-04-29  02:12:37 pm)Nc File: [No.0004-518.NC]
[I](2022-04-29  02:12:37 pm)  * Start Machine Position
[I](2022-04-29  02:12:37 pm)    X:    173.0781
[I](2022-04-29  02:12:37 pm)    Y:   -301.4840
[I](2022-04-29  02:12:37 pm)    U:      0.0000
[I](2022-04-29  02:12:37 pm)    V:      0.0000
[I](2022-04-29  02:12:37 pm)    Z:     21.7105
[I](2022-04-29  02:12:37 pm)  * Angle
[I](2022-04-29  02:12:37 pm)    Ar:     -0.1846,Kr:      0.0000
[I](2022-04-29  02:12:37 pm)    Taper_Ar:      0.0000
[I](2022-04-29  02:13:02 pm)작업중 정지 [d:0][t:00:00:24]
[I](2022-04-29  02:13:02 pm)    [LNo:0004] 000010/000095
[I](2022-04-29  02:13:02 pm)작업중 M코드정지 [d:0][t:00:00:24]
[I](2022-04-29  02:16:41 pm)작업중 정지 [d:0][t:00:04:03]
[I](2022-04-29  02:16:41 pm)    [LNo:0004] 000026/000095
[I](2022-04-29  02:16:41 pm)작업중 M코드정지 [d:0][t:00:04:03]
[I](2022-04-29  02:16:43 pm)작업중 정지 [d:0][t:00:04:05]
[I](2022-04-29  02:16:43 pm)    [LNo:0004] 000029/000095
[I](2022-04-29  02:16:43 pm)작업중 M코드정지 [d:0][t:00:04:05]
[I](2022-04-29  02:16:47 pm)작업중 정지 [d:0][t:00:04:09]
[I](2022-04-29  02:16:47 pm)    [LNo:0004] 000035/000095
[I](2022-04-29  02:16:50 pm)작업 재시작
[I](2022-04-29  02:29:03 pm)작업중 정지 [d:11][t:00:16:25]
[I](2022-04-29  02:29:03 pm)    [LNo:0004] 000055/000095
[I](2022-04-29  02:31:43 pm)작업 재시작
[I](2022-04-29  02:37:39 pm)작업중 정지 [d:17][t:00:25:02]
[I](2022-04-29  02:37:39 pm)    [LNo:0004] 000059/000095
[I](2022-04-29  02:37:39 pm)작업중 M코드정지 [d:17][t:00:25:02]
[I](2022-04-29  02:40:20 pm)작업중 정지 [d:17][t:00:27:42]
[I](2022-04-29  02:40:20 pm)    [LNo:0004] 000061/000095
[I](2022-04-29  02:40:48 pm)작업 재시작
[I](2022-04-29  02:40:52 pm)작업중 정지 [d:17][t:00:28:14]
[I](2022-04-29  02:40:52 pm)    [LNo:0004] 000063/000095
[I](2022-04-29  02:40:52 pm)작업중 M코드정지 [d:17][t:00:28:14]
[I](2022-04-29  02:46:02 pm)작업중 정지 [d:22][t:00:33:25]
[I](2022-04-29  02:46:02 pm)    [LNo:0004] 000088/000095
[I](2022-04-29  02:46:02 pm)작업중 M코드정지 [d:22][t:00:33:25]
[I](2022-04-29  02:51:18 pm)작업중 정지 [d:22][t:00:38:41]
[I](2022-04-29  02:51:18 pm)    [LNo:0004] 000067/000095
[I](2022-04-29  02:53:39 pm)작업중 정지 [d:23][t:00:41:01]
[I](2022-04-29  02:53:39 pm)    [LNo:0004] 000091/000095
[I](2022-04-29  02:53:39 pm)작업중 M코드정지 [d:23][t:00:41:01]
[I](2022-04-29  02:56:07 pm)Reset
[I](2022-04-29  03:01:22 pm)Reset
[I](2022-04-29  03:05:25 pm)Reset
[I](2022-04-29  03:09:56 pm)Reset
[I](2022-04-29  03:13:23 pm)Reset
[I](2022-04-29  03:14:16 pm)Reset
[I](2022-04-29  03:14:36 pm)작업 시작 [Start d:23]
[I](2022-04-29  03:14:36 pm)Nc File: [No.0004-518.NC]
[I](2022-04-29  03:14:36 pm)  * Start Machine Position
[I](2022-04-29  03:14:36 pm)    X:    173.0331
[I](2022-04-29  03:14:36 pm)    Y:   -298.1089
[I](2022-04-29  03:14:36 pm)    U:      0.0000
[I](2022-04-29  03:14:36 pm)    V:      0.0000
[I](2022-04-29  03:14:36 pm)    Z:     26.8210
[I](2022-04-29  03:14:36 pm)  * Angle
[I](2022-04-29  03:14:36 pm)    Ar:     -0.1205,Kr:      0.0000
[I](2022-04-29  03:14:36 pm)    Taper_Ar:      0.0000
[I](2022-04-29  03:15:01 pm)작업중 정지 [d:0][t:00:00:24]
[I](2022-04-29  03:15:01 pm)    [LNo:0004] 000010/000095
[I](2022-04-29  03:15:01 pm)작업중 M코드정지 [d:0][t:00:00:24]
[I](2022-04-29  03:18:38 pm)Reset
[I](2022-04-29  03:19:00 pm)Reset
[I](2022-04-29  03:21:21 pm)Reset
[I](2022-04-29  03:24:42 pm)작업 시작 [Start d:23]
[I](2022-04-29  03:24:42 pm)Nc File: [No.0004-518.NC]
[I](2022-04-29  03:24:42 pm)  * Start Machine Position
[I](2022-04-29  03:24:42 pm)    X:     10.4289
[I](2022-04-29  03:24:42 pm)    Y:   -347.7554
[I](2022-04-29  03:24:42 pm)    U:      0.0000
[I](2022-04-29  03:24:42 pm)    V:      0.0000
[I](2022-04-29  03:24:42 pm)    Z:     26.8210
[I](2022-04-29  03:24:42 pm)  * Angle
[I](2022-04-29  03:24:42 pm)    Ar:     -0.1205,Kr:      0.0000
[I](2022-04-29  03:24:42 pm)    Taper_Ar:      0.0000
[I](2022-04-29  03:24:45 pm)작업중 정지 [d:0][t:00:00:03]
[I](2022-04-29  03:24:45 pm)    [LNo:0004] 000009/000095
[A](2022-04-29  03:24:45 pm)[006] 작업중 H/W Limit(X-)
[I](2022-04-29  03:25:11 pm)Reset
[I](2022-04-29  03:25:49 pm)Reset
[I](2022-04-29  03:26:00 pm)Reset
[I](2022-04-29  03:26:24 pm)작업 시작 [Start d:23]
[I](2022-04-29  03:26:24 pm)Nc File: [No.0004-518.NC]
[I](2022-04-29  03:26:24 pm)  * Start Machine Position
[I](2022-04-29  03:26:24 pm)    X:    173.0333
[I](2022-04-29  03:26:24 pm)    Y:   -298.1088
[I](2022-04-29  03:26:24 pm)    U:      0.0000
[I](2022-04-29  03:26:24 pm)    V:      0.0000
[I](2022-04-29  03:26:24 pm)    Z:     26.8210
[I](2022-04-29  03:26:24 pm)  * Angle
[I](2022-04-29  03:26:24 pm)    Ar:     -0.1205,Kr:      0.0000
[I](2022-04-29  03:26:24 pm)    Taper_Ar:      0.0000
[I](2022-04-29  03:26:37 pm)작업중 정지 [d:0][t:00:00:12]
[I](2022-04-29  03:26:37 pm)    [LNo:0004] 000037/000095
[I](2022-04-29  03:49:06 pm)작업중 정지 [d:22][t:00:22:42]
[I](2022-04-29  03:49:06 pm)    [LNo:0004] 000059/000095
[I](2022-04-29  03:49:06 pm)작업중 M코드정지 [d:22][t:00:22:42]
[I](2022-04-29  03:49:25 pm)작업중 정지 [d:22][t:00:23:00]
[I](2022-04-29  03:49:25 pm)    [LNo:0004] 000063/000095
[I](2022-04-29  03:49:25 pm)작업중 M코드정지 [d:22][t:00:23:00]
[I](2022-04-29  03:55:25 pm)작업중 정지 [d:27][t:00:29:00]
[I](2022-04-29  03:55:25 pm)    [LNo:0004] 000088/000095
[I](2022-04-29  03:55:25 pm)작업중 Single Block Stop [d:27][t:00:29:00]
[I](2022-04-29  03:58:44 pm)Reset
[I](2022-04-29  03:58:44 pm)Reset
[I](2022-04-29  04:02:39 pm)Reset
[I](2022-04-29  04:04:07 pm)작업 시작 [Start d:50]
[I](2022-04-29  04:04:07 pm)Nc File: [No.0005-490.NC]
[I](2022-04-29  04:04:07 pm)  * Start Machine Position
[I](2022-04-29  04:04:07 pm)    X:     48.4388
[I](2022-04-29  04:04:07 pm)    Y:    -95.7678
[I](2022-04-29  04:04:07 pm)    U:      0.0000
[I](2022-04-29  04:04:07 pm)    V:      0.0000
[I](2022-04-29  04:04:07 pm)    Z:     24.2160
[I](2022-04-29  04:04:07 pm)  * Angle
[I](2022-04-29  04:04:07 pm)    Ar:      0.6085,Kr:      0.0000
[I](2022-04-29  04:04:07 pm)    Taper_Ar:      0.0000
[I](2022-04-29  04:34:08 pm)작업중 정지 [d:30][t:00:30:00]
[I](2022-04-29  04:34:08 pm)    [LNo:0005] 000047/000282
[A](2022-04-29  04:37:12 pm)[037] 자동결선 잔여 WIRE 처리 실패!!
[I](2022-04-29  04:38:05 pm)작업 재시작
[I](2022-04-29  05:05:47 pm)작업중 정지 [d:57][t:01:01:39]
[I](2022-04-29  05:05:47 pm)    [LNo:0005] 000133/000282
[I](2022-04-29  05:05:47 pm)작업중 M코드정지 [d:57][t:01:01:39]
[I](2022-04-29  05:06:04 pm)작업중 정지 [d:58][t:01:01:56]
[I](2022-04-29  05:06:04 pm)    [LNo:0005] 000135/000282
[I](2022-04-29  05:06:04 pm)작업중 M코드정지 [d:58][t:01:01:56]
[I](2022-04-29  06:05:08 pm)작업중 정지 [d:116][t:02:01:00]
[I](2022-04-29  06:05:08 pm)    [LNo:0005] 000270/000282
[I](2022-04-29  06:05:08 pm)작업중 M코드정지 [d:116][t:02:01:00]
[I](2022-04-29  06:25:54 pm)작업중 정지 [d:116][t:02:21:47]
[I](2022-04-29  06:25:54 pm)    [LNo:0005] 000272/000282
[I](2022-04-29  06:25:54 pm)작업중 M코드정지 [d:116][t:02:21:47]
[I](2022-04-29  06:37:44 pm)Reset
[I](2022-04-29  06:38:48 pm)Reset
[I](2022-04-29  06:38:49 pm)Reset
[I](2022-04-29  06:39:22 pm)Reset
[I](2022-04-29  06:39:22 pm)Reset
[I](2022-04-29  06:39:39 pm)Reset
[I](2022-04-29  06:39:39 pm)Reset
[I](2022-04-29  06:40:52 pm)Reset
[I](2022-04-29  06:41:01 pm)Reset
[I](2022-04-29  06:42:41 pm)Reset
[I](2022-04-29  06:42:59 pm)작업 시작 [Start d:166]
[I](2022-04-29  06:42:59 pm)Nc File: [No.0007-539.NC]
[I](2022-04-29  06:42:59 pm)  * Start Machine Position
[I](2022-04-29  06:42:59 pm)    X:    429.7209
[I](2022-04-29  06:42:59 pm)    Y:    -63.5357
[I](2022-04-29  06:42:59 pm)    U:      0.0000
[I](2022-04-29  06:42:59 pm)    V:      0.0000
[I](2022-04-29  06:42:59 pm)    Z:     36.4020
[I](2022-04-29  06:42:59 pm)  * Angle
[I](2022-04-29  06:42:59 pm)    Ar:      0.0407,Kr:      0.0000
[I](2022-04-29  06:42:59 pm)    Taper_Ar:      0.0000
[I](2022-04-29  06:43:32 pm)작업중 정지 [d:0][t:00:00:33]
[I](2022-04-29  06:43:32 pm)    [LNo:0007] 000453/002077
[I](2022-04-29  06:44:10 pm)작업중 정지 [d:0][t:00:01:11]
[I](2022-04-29  06:44:10 pm)    [LNo:0007] 000458/002077
[I](2022-04-29  06:44:48 pm)작업중 정지 [d:0][t:00:01:49]
[I](2022-04-29  06:44:48 pm)    [LNo:0007] 000872/002077
[I](2022-04-29  06:47:44 pm)Reset
[I](2022-04-29  06:47:44 pm)Reset
[I](2022-04-29  06:47:47 pm)Reset
[I](2022-04-29  06:47:49 pm)Reset
[I](2022-04-29  06:47:49 pm)Reset
[I](2022-04-29  06:48:10 pm)Reset
[I](2022-04-29  06:48:17 pm)작업 시작 [Start d:166]
[I](2022-04-29  06:48:17 pm)Nc File: [No.0007-539.NC]
[I](2022-04-29  06:48:17 pm)  * Start Machine Position
[I](2022-04-29  06:48:17 pm)    X:    429.7209
[I](2022-04-29  06:48:17 pm)    Y:    -63.5357
[I](2022-04-29  06:48:17 pm)    U:      0.0000
[I](2022-04-29  06:48:17 pm)    V:      0.0000
[I](2022-04-29  06:48:17 pm)    Z:     36.4020
[I](2022-04-29  06:48:17 pm)  * Angle
[I](2022-04-29  06:48:17 pm)    Ar:      0.0407,Kr:      0.0000
[I](2022-04-29  06:48:17 pm)    Taper_Ar:      0.0000
[I](2022-04-29  06:48:20 pm)작업중 정지 [d:0][t:00:00:02]
[I](2022-04-29  06:48:20 pm)    [LNo:0007] 000009/002077
[A](2022-04-29  06:48:20 pm)[008] 작업중 단선(AWF Feed Motor Stop )
[I](2022-04-29  06:48:20 pm)작업중 Wire 단선 [d:0][t:00:00:02]
[A](2022-04-29  06:48:46 pm)[037] 자동결선 잔여 WIRE 처리 실패!!
[I](2022-04-29  06:49:08 pm)Reset
[I](2022-04-29  06:49:13 pm)Reset
[I](2022-04-29  06:49:13 pm)Reset
[I](2022-04-29  06:49:15 pm)작업 시작 [Start d:166]
[I](2022-04-29  06:49:15 pm)Nc File: [No.0007-539.NC]
[I](2022-04-29  06:49:15 pm)  * Start Machine Position
[I](2022-04-29  06:49:15 pm)    X:    429.7209
[I](2022-04-29  06:49:15 pm)    Y:    -63.5357
[I](2022-04-29  06:49:15 pm)    U:      0.0000
[I](2022-04-29  06:49:15 pm)    V:      0.0000
[I](2022-04-29  06:49:15 pm)    Z:     36.4020
[I](2022-04-29  06:49:15 pm)  * Angle
[I](2022-04-29  06:49:15 pm)    Ar:      0.0407,Kr:      0.0000
[I](2022-04-29  06:49:15 pm)    Taper_Ar:      0.0000
[I](2022-04-29  09:21:49 pm)작업중 정지 [d:147][t:02:32:33]
[I](2022-04-29  09:21:49 pm)    [LNo:0007] 000273/002077
[A](2022-04-29  09:21:49 pm)[008] 작업중 단선(AWF Feed Motor Stop )
[I](2022-04-29  09:21:49 pm)작업중 Wire 단선 [d:147][t:02:32:33]
