[I](2022-07-02  07:37:01 am)작업중 정지 [d:571][t:09:38:56]
[I](2022-07-02  07:37:01 am)    [LNo:0005] 000165/000325
[A](2022-07-02  07:37:01 am)[010] 자동결선 Error(M21-절단실패)
[I](2022-07-02  08:28:30 am)작업중 정지 [d:571][t:10:30:25]
[I](2022-07-02  08:28:30 am)    [LNo:0005] 000299/000325
[I](2022-07-02  08:44:29 am)작업중 정지 [d:586][t:10:46:24]
[I](2022-07-02  08:44:29 am)    [LNo:0005] 000311/000325
[I](2022-07-02  08:44:29 am)작업중 M코드정지 [d:586][t:10:46:24]
[I](2022-07-02  08:45:24 am)작업중 정지 [d:586][t:10:47:19]
[I](2022-07-02  08:45:24 am)    [LNo:0005] 000314/000325
[I](2022-07-02  08:45:24 am)작업중 M코드정지 [d:586][t:10:47:19]
[A](2022-07-02  08:46:04 am)[001] 와이어 미동작
[I](2022-07-02  08:46:06 am)작업중 정지 [d:586][t:10:48:01]
[I](2022-07-02  08:46:06 am)    [LNo:0005] 000317/000325
[I](2022-07-02  08:46:43 am)작업중 정지 [d:586][t:10:48:38]
[I](2022-07-02  08:46:43 am)    [LNo:0005] 000173/000325
[I](2022-07-02  08:46:47 am)작업중 정지 [d:586][t:10:48:41]
[I](2022-07-02  08:46:47 am)    [LNo:0005] 000176/000325
[I](2022-07-02  08:51:56 am)작업중 정지 [d:587][t:10:53:51]
[I](2022-07-02  08:51:56 am)    [LNo:0005] 000181/000325
[I](2022-07-02  08:51:56 am)작업중 30sec 접촉 정지 [d:587][t:10:53:51]
[I](2022-07-02  08:53:38 am)작업 재시작
[I](2022-07-02  08:54:53 am)작업중 정지 [d:589][t:10:56:48]
[I](2022-07-02  08:54:53 am)    [LNo:0005] 000184/000325
[I](2022-07-02  08:54:53 am)작업중 M코드정지 [d:589][t:10:56:48]
[I](2022-07-02  08:55:32 am)작업중 정지 [d:589][t:10:57:27]
[I](2022-07-02  08:55:32 am)    [LNo:0005] 000185/000325
[I](2022-07-02  08:55:32 am)Wire Contact Auto Stop(M52)
[I](2022-07-02  09:00:13 am)작업 재시작
[I](2022-07-02  09:01:49 am)작업중 정지 [d:590][t:11:03:44]
[I](2022-07-02  09:01:49 am)    [LNo:0005] 000202/000325
[I](2022-07-02  09:01:49 am)작업중 30sec 접촉 정지 [d:590][t:11:03:44]
[I](2022-07-02  09:02:17 am)작업 재시작
[I](2022-07-02  09:03:27 am)작업중 정지 [d:591][t:11:05:22]
[I](2022-07-02  09:03:27 am)    [LNo:0005] 000205/000325
[I](2022-07-02  09:03:27 am)작업중 M코드정지 [d:591][t:11:05:22]
[I](2022-07-02  09:07:31 am)작업중 정지 [d:591][t:11:09:26]
[I](2022-07-02  09:07:31 am)    [LNo:0005] 000206/000325
[I](2022-07-02  09:07:31 am)Wire Contact Auto Stop(M52)
[I](2022-07-02  09:07:57 am)작업 재시작
[I](2022-07-02  09:10:35 am)작업중 정지 [d:592][t:11:12:30]
[I](2022-07-02  09:10:35 am)    [LNo:0005] 000226/000325
[I](2022-07-02  09:10:35 am)작업중 M코드정지 [d:592][t:11:12:30]
[I](2022-07-02  09:12:54 am)작업중 정지 [d:593][t:11:14:49]
[I](2022-07-02  09:12:54 am)    [LNo:0005] 000227/000325
[I](2022-07-02  09:12:54 am)Wire Contact Auto Stop(M52)
[I](2022-07-02  09:14:04 am)작업 재시작
[I](2022-07-02  09:16:47 am)작업중 정지 [d:595][t:11:18:42]
[I](2022-07-02  09:16:47 am)    [LNo:0005] 000247/000325
[I](2022-07-02  09:16:48 am)작업중 M코드정지 [d:595][t:11:18:42]
[I](2022-07-02  09:17:45 am)작업중 정지 [d:596][t:11:19:39]
[I](2022-07-02  09:17:45 am)    [LNo:0005] 000248/000325
[I](2022-07-02  09:17:45 am)Wire Contact Auto Stop(M52)
[I](2022-07-02  09:18:21 am)작업 재시작
[I](2022-07-02  09:21:00 am)작업중 정지 [d:598][t:11:22:55]
[I](2022-07-02  09:21:00 am)    [LNo:0005] 000268/000325
[I](2022-07-02  09:21:00 am)작업중 M코드정지 [d:598][t:11:22:55]
[I](2022-07-02  09:22:02 am)작업중 정지 [d:598][t:11:23:56]
[I](2022-07-02  09:22:02 am)    [LNo:0005] 000269/000325
[I](2022-07-02  09:22:02 am)Wire Contact Auto Stop(M52)
[I](2022-07-02  09:22:35 am)작업 재시작
[I](2022-07-02  09:25:13 am)작업중 정지 [d:599][t:11:27:07]
[I](2022-07-02  09:25:13 am)    [LNo:0005] 000289/000325
[I](2022-07-02  09:25:13 am)작업중 M코드정지 [d:599][t:11:27:07]
[I](2022-07-02  09:26:35 am)작업중 정지 [d:599][t:11:28:30]
[I](2022-07-02  09:26:35 am)    [LNo:0005] 000290/000325
[I](2022-07-02  09:26:35 am)Wire Contact Auto Stop(M52)
[I](2022-07-02  09:27:11 am)작업 재시작
[I](2022-07-02  09:28:55 am)작업중 정지 [d:599][t:11:30:50]
[I](2022-07-02  09:28:55 am)    [LNo:0005] 000297/000325
[A](2022-07-02  09:29:44 am)[037] 자동결선 잔여 WIRE 처리 실패!!
[I](2022-07-02  09:29:57 am)Reset
[I](2022-07-02  09:30:04 am)작업 시작 [Start d:709]
[I](2022-07-02  09:30:04 am)Nc File: [No.0006-537.NC]
[I](2022-07-02  09:30:04 am)  * Start Machine Position
[I](2022-07-02  09:30:04 am)    X:    449.9465
[I](2022-07-02  09:30:04 am)    Y:   -376.3587
[I](2022-07-02  09:30:04 am)    U:      0.0000
[I](2022-07-02  09:30:04 am)    V:      0.0000
[I](2022-07-02  09:30:04 am)    Z:     38.7105
[I](2022-07-02  09:30:04 am)  * Angle
[I](2022-07-02  09:30:04 am)    Ar:     -0.5534,Kr:      0.0000
[I](2022-07-02  09:30:04 am)    Taper_Ar:      0.0000
[I](2022-07-02  10:06:47 am)작업중 정지 [d:36][t:00:36:42]
[I](2022-07-02  10:06:47 am)    [LNo:0006] 000024/000036
[I](2022-07-02  10:06:47 am)작업중 M코드정지 [d:36][t:00:36:42]
[I](2022-07-02  10:13:45 am)Reset
[I](2022-07-02  10:14:37 am)Reset
[I](2022-07-02  10:18:54 am)Reset
[I](2022-07-02  10:19:44 am)작업 시작 [Start d:0]
[I](2022-07-02  10:19:44 am)Nc File: [No.0007-512.NC]
[I](2022-07-02  10:19:44 am)  * Start Machine Position
[I](2022-07-02  10:19:44 am)    X:    116.5850
[I](2022-07-02  10:19:44 am)    Y:   -381.5071
[I](2022-07-02  10:19:44 am)    U:      0.0000
[I](2022-07-02  10:19:44 am)    V:      0.0000
[I](2022-07-02  10:19:44 am)    Z:     26.5236
[I](2022-07-02  10:19:44 am)  * Angle
[I](2022-07-02  10:19:44 am)    Ar:      0.0000,Kr:      0.0000
[I](2022-07-02  10:19:44 am)    Taper_Ar:      0.0000
[I](2022-07-02  11:00:03 am)작업중 정지 [d:40][t:00:40:19]
[I](2022-07-02  11:00:03 am)    [LNo:0007] 000044/000084
[I](2022-07-02  11:00:04 am)작업중 30sec 접촉 정지 [d:40][t:00:40:19]
[I](2022-07-02  11:02:39 am)작업 재시작
[I](2022-07-02  11:19:50 am)작업중 정지 [d:58][t:01:00:05]
[I](2022-07-02  11:19:50 am)    [LNo:0007] 000073/000084
[I](2022-07-02  11:19:50 am)Wire Contact Auto Stop(M52)
[I](2022-07-02  11:32:58 am)Reset
[I](2022-07-02  11:33:02 am)Reset
[I](2022-07-02  11:36:18 am)Reset
[I](2022-07-02  11:36:23 am)Reset
[I](2022-07-02  11:36:23 am)Reset
[I](2022-07-02  11:37:22 am)작업 시작 [Start d:58]
[I](2022-07-02  11:37:22 am)Nc File: [No.0001-329.NC]
[I](2022-07-02  11:37:22 am)  * Start Machine Position
[I](2022-07-02  11:37:22 am)    X:    516.8969
[I](2022-07-02  11:37:22 am)    Y:   -383.0480
[I](2022-07-02  11:37:22 am)    U:      0.0000
[I](2022-07-02  11:37:22 am)    V:      0.0000
[I](2022-07-02  11:37:22 am)    Z:     15.5917
[I](2022-07-02  11:37:22 am)  * Angle
[I](2022-07-02  11:37:22 am)    Ar:     -0.0592,Kr:      0.0000
[I](2022-07-02  11:37:22 am)    Taper_Ar:      0.0000
[I](2022-07-02  03:05:52 pm)작업중 정지 [d:209][t:03:28:29]
[I](2022-07-02  03:05:52 pm)    [LNo:0001] 000434/000446
[I](2022-07-02  03:05:52 pm)작업중 M코드정지 [d:209][t:03:28:29]
[I](2022-07-02  03:11:06 pm)작업중 정지 [d:209][t:03:33:43]
[I](2022-07-02  03:11:06 pm)    [LNo:0001] 000436/000446
[I](2022-07-02  03:11:06 pm)작업중 M코드정지 [d:209][t:03:33:43]
[I](2022-07-02  03:13:09 pm)Reset
[I](2022-07-02  03:13:10 pm)Reset
[I](2022-07-02  03:13:20 pm)Reset
[I](2022-07-02  03:13:20 pm)Reset
[I](2022-07-02  03:13:23 pm)Reset
[I](2022-07-02  03:18:49 pm)Reset
[I](2022-07-02  03:18:50 pm)Reset
[I](2022-07-02  03:18:56 pm)Reset
[I](2022-07-02  03:18:57 pm)Reset
[I](2022-07-02  03:18:57 pm)Reset
[I](2022-07-02  03:32:52 pm)Reset
[I](2022-07-02  03:32:53 pm)Reset
[I](2022-07-02  03:32:53 pm)Reset
[I](2022-07-02  03:37:15 pm)Reset
[I](2022-07-02  03:37:19 pm)Reset
[I](2022-07-02  03:37:19 pm)Reset
[I](2022-07-02  03:39:52 pm)Reset
[I](2022-07-02  03:39:56 pm)Reset
[I](2022-07-02  03:42:18 pm)Reset
[I](2022-07-02  03:45:28 pm)작업 시작 [Start d:0]
[I](2022-07-02  03:45:28 pm)Nc File: [No.0002-557.NC]
[I](2022-07-02  03:45:28 pm)  * Start Machine Position
[I](2022-07-02  03:45:28 pm)    X:    238.8587
[I](2022-07-02  03:45:28 pm)    Y:   -111.5930
[I](2022-07-02  03:45:28 pm)    U:      0.0000
[I](2022-07-02  03:45:28 pm)    V:      0.0000
[I](2022-07-02  03:45:28 pm)    Z:     30.3137
[I](2022-07-02  03:45:28 pm)  * Angle
[I](2022-07-02  03:45:28 pm)    Ar:     -0.1970,Kr:      0.0000
[I](2022-07-02  03:45:28 pm)    Taper_Ar:      0.0000
[I](2022-07-02  03:46:03 pm)작업중 정지 [d:0][t:00:00:34]
[I](2022-07-02  03:46:03 pm)    [LNo:0002] 000752/001009
[I](2022-07-02  03:46:56 pm)작업중 정지 [d:0][t:00:01:27]
[I](2022-07-02  03:46:56 pm)    [LNo:0002] 000755/001009
[I](2022-07-02  03:47:09 pm)작업중 정지 [d:0][t:00:01:41]
[I](2022-07-02  03:47:09 pm)    [LNo:0002] 000879/001009
[I](2022-07-02  03:49:49 pm)Reset
[I](2022-07-02  03:50:13 pm)작업 시작 [Start d:0]
[I](2022-07-02  03:50:13 pm)Nc File: [No.0003-558.NC]
[I](2022-07-02  03:50:13 pm)  * Start Machine Position
[I](2022-07-02  03:50:13 pm)    X:    238.8587
[I](2022-07-02  03:50:13 pm)    Y:   -111.5930
[I](2022-07-02  03:50:13 pm)    U:      0.0000
[I](2022-07-02  03:50:13 pm)    V:      0.0000
[I](2022-07-02  03:50:13 pm)    Z:     30.3137
[I](2022-07-02  03:50:13 pm)  * Angle
[I](2022-07-02  03:50:13 pm)    Ar:     -0.1970,Kr:      0.0000
[I](2022-07-02  03:50:13 pm)    Taper_Ar:      0.0000
[I](2022-07-02  03:50:17 pm)작업중 정지 [d:0][t:00:00:04]
[I](2022-07-02  03:50:17 pm)    [LNo:0003] 000010/000964
[I](2022-07-02  03:50:19 pm)작업중 정지 [d:0][t:00:00:05]
[I](2022-07-02  03:50:19 pm)    [LNo:0003] 000015/000964
[I](2022-07-02  03:50:27 pm)작업중 정지 [d:0][t:00:00:13]
[I](2022-07-02  03:50:27 pm)    [LNo:0003] 000033/000964
[I](2022-07-02  03:51:13 pm)작업중 정지 [d:0][t:00:01:00]
[I](2022-07-02  03:51:13 pm)    [LNo:0003] 000041/000964
[I](2022-07-02  03:51:40 pm)작업 재시작
[I](2022-07-02  03:52:15 pm)작업중 정지 [d:0][t:00:02:01]
[I](2022-07-02  03:52:15 pm)    [LNo:0003] 000060/000964
[I](2022-07-02  03:52:35 pm)작업중 정지 [d:0][t:00:02:21]
[I](2022-07-02  03:52:35 pm)    [LNo:0003] 000070/000964
[I](2022-07-02  03:53:00 pm)작업 재시작
[I](2022-07-02  03:53:01 pm)작업중 정지 [d:0][t:00:02:47]
[I](2022-07-02  03:53:01 pm)    [LNo:0003] 000070/000964
[I](2022-07-02  03:53:07 pm)작업 재시작
[I](2022-07-02  03:53:21 pm)작업중 정지 [d:0][t:00:03:07]
[I](2022-07-02  03:53:21 pm)    [LNo:0003] 000081/000964
[I](2022-07-02  03:53:22 pm)작업중 정지 [d:0][t:00:03:08]
[I](2022-07-02  03:53:22 pm)    [LNo:0003] 000085/000964
[I](2022-07-02  03:53:40 pm)작업중 정지 [d:0][t:00:03:26]
[I](2022-07-02  03:53:40 pm)    [LNo:0003] 000208/000964
[I](2022-07-02  03:54:34 pm)작업중 정지 [d:0][t:00:04:21]
[I](2022-07-02  03:54:34 pm)    [LNo:0003] 000211/000964
[I](2022-07-02  03:54:55 pm)작업중 정지 [d:0][t:00:04:42]
[I](2022-07-02  03:54:55 pm)    [LNo:0003] 000248/000964
[I](2022-07-02  03:55:57 pm)작업중 정지 [d:0][t:00:05:43]
[I](2022-07-02  03:55:57 pm)    [LNo:0003] 000257/000964
[I](2022-07-02  03:56:53 pm)Reset
[I](2022-07-02  03:56:53 pm)Reset
[I](2022-07-02  03:57:46 pm)Reset
[I](2022-07-02  03:57:47 pm)Reset
[I](2022-07-02  03:57:52 pm)작업 시작 [Start d:0]
[I](2022-07-02  03:57:52 pm)Nc File: [No.0002-557.NC]
[I](2022-07-02  03:57:52 pm)  * Start Machine Position
[I](2022-07-02  03:57:52 pm)    X:    238.8587
[I](2022-07-02  03:57:52 pm)    Y:   -111.5930
[I](2022-07-02  03:57:52 pm)    U:      0.0000
[I](2022-07-02  03:57:52 pm)    V:      0.0000
[I](2022-07-02  03:57:52 pm)    Z:     30.3137
[I](2022-07-02  03:57:52 pm)  * Angle
[I](2022-07-02  03:57:52 pm)    Ar:     -0.1970,Kr:      0.0000
[I](2022-07-02  03:57:52 pm)    Taper_Ar:      0.0000
[I](2022-07-02  04:06:05 pm)작업중 정지 [d:7][t:00:08:13]
[I](2022-07-02  04:06:05 pm)    [LNo:0002] 000097/001009
[I](2022-07-02  04:06:05 pm)작업중 30sec 접촉 정지 [d:7][t:00:08:13]
[I](2022-07-02  04:07:08 pm)작업 재시작
[I](2022-07-02  04:07:10 pm)작업중 정지 [d:7][t:00:09:17]
[I](2022-07-02  04:07:10 pm)    [LNo:0002] 000097/001009
[I](2022-07-02  04:07:25 pm)작업 재시작
[I](2022-07-02  04:22:14 pm)작업중 정지 [d:21][t:00:24:22]
[I](2022-07-02  04:22:14 pm)    [LNo:0002] 000188/001009
[I](2022-07-02  04:22:14 pm)작업중 M코드정지 [d:21][t:00:24:22]
[I](2022-07-02  04:22:34 pm)작업중 정지 [d:21][t:00:24:41]
[I](2022-07-02  04:22:34 pm)    [LNo:0002] 000190/001009
[I](2022-07-02  04:22:52 pm)작업 재시작
[I](2022-07-02  04:23:02 pm)작업중 정지 [d:21][t:00:25:10]
[I](2022-07-02  04:23:02 pm)    [LNo:0002] 000192/001009
[I](2022-07-02  04:23:02 pm)작업중 M코드정지 [d:21][t:00:25:10]
[I](2022-07-02  04:32:44 pm)작업중 정지 [d:29][t:00:34:52]
[I](2022-07-02  04:32:44 pm)    [LNo:0002] 000232/001009
[I](2022-07-02  04:32:44 pm)작업중 M코드정지 [d:29][t:00:34:52]
[A](2022-07-02  04:32:51 pm)[001] 와이어 미동작
[I](2022-07-02  04:33:11 pm)작업중 정지 [d:29][t:00:35:19]
[I](2022-07-02  04:33:11 pm)    [LNo:0002] 000234/001009
[A](2022-07-02  04:33:45 pm)[001] 와이어 미동작
[I](2022-07-02  04:33:48 pm)작업 재시작
[I](2022-07-02  04:36:35 pm)작업중 정지 [d:31][t:00:38:43]
[I](2022-07-02  04:36:35 pm)    [LNo:0002] 000261/001009
[I](2022-07-02  04:36:35 pm)작업중 M코드정지 [d:31][t:00:38:43]
[A](2022-07-02  04:38:57 pm)[084] Work Tank Fluid Sensor Abnormal
[A](2022-07-02  04:38:57 pm)[084] Work Tank Fluid Sensor Abnormal
[I](2022-07-02  04:39:59 pm)Reset
[I](2022-07-02  04:39:59 pm)Reset
[I](2022-07-02  04:40:05 pm)작업 시작 [Start d:31]
[I](2022-07-02  04:40:05 pm)Nc File: [No.0003-558.NC]
[I](2022-07-02  04:40:05 pm)  * Start Machine Position
[I](2022-07-02  04:40:05 pm)    X:    238.8587
[I](2022-07-02  04:40:05 pm)    Y:   -111.5930
[I](2022-07-02  04:40:05 pm)    U:      0.0000
[I](2022-07-02  04:40:05 pm)    V:      0.0000
[I](2022-07-02  04:40:05 pm)    Z:     30.3137
[I](2022-07-02  04:40:05 pm)  * Angle
[I](2022-07-02  04:40:05 pm)    Ar:     -0.1970,Kr:      0.0000
[I](2022-07-02  04:40:05 pm)    Taper_Ar:      0.0000
[I](2022-07-02  04:40:10 pm)작업중 정지 [d:0][t:00:00:04]
[I](2022-07-02  04:40:10 pm)    [LNo:0003] 000010/000964
[I](2022-07-02  04:40:13 pm)작업중 정지 [d:0][t:00:00:07]
[I](2022-07-02  04:40:13 pm)    [LNo:0003] 000015/000964
[I](2022-07-02  04:40:26 pm)작업중 정지 [d:0][t:00:00:21]
[I](2022-07-02  04:40:26 pm)    [LNo:0003] 000083/000964
[I](2022-07-02  04:41:19 pm)작업중 정지 [d:0][t:00:01:13]
[I](2022-07-02  04:41:19 pm)    [LNo:0003] 000086/000964
[I](2022-07-02  04:41:29 pm)작업중 정지 [d:0][t:00:01:23]
[I](2022-07-02  04:41:29 pm)    [LNo:0003] 000112/000964
[I](2022-07-02  04:42:21 pm)작업중 정지 [d:0][t:00:02:15]
[I](2022-07-02  04:42:21 pm)    [LNo:0003] 000115/000964
[I](2022-07-02  04:42:21 pm)작업중 정지 [d:0][t:00:02:15]
[I](2022-07-02  04:42:21 pm)    [LNo:0003] 000115/000964
[I](2022-07-02  04:42:30 pm)작업중 정지 [d:0][t:00:02:25]
[I](2022-07-02  04:42:30 pm)    [LNo:0003] 000141/000964
[I](2022-07-02  04:43:34 pm)작업중 정지 [d:0][t:00:03:28]
[I](2022-07-02  04:43:34 pm)    [LNo:0003] 000144/000964
[I](2022-07-02  04:43:34 pm)작업중 정지 [d:0][t:00:03:28]
[I](2022-07-02  04:43:34 pm)    [LNo:0003] 000144/000964
[I](2022-07-02  04:43:43 pm)작업중 정지 [d:0][t:00:03:37]
[I](2022-07-02  04:43:43 pm)    [LNo:0003] 000162/000964
[I](2022-07-02  04:46:29 pm)Reset
[I](2022-07-02  04:46:30 pm)Reset
[I](2022-07-02  04:46:30 pm)Reset
[I](2022-07-02  04:46:31 pm)Reset
[I](2022-07-02  04:46:31 pm)Reset
[I](2022-07-02  04:46:35 pm)작업 시작 [Start d:31]
[I](2022-07-02  04:46:35 pm)Nc File: [No.0003-558.NC]
[I](2022-07-02  04:46:35 pm)  * Start Machine Position
[I](2022-07-02  04:46:35 pm)    X:    238.8587
[I](2022-07-02  04:46:35 pm)    Y:   -111.5930
[I](2022-07-02  04:46:35 pm)    U:      0.0000
[I](2022-07-02  04:46:35 pm)    V:      0.0000
[I](2022-07-02  04:46:35 pm)    Z:     30.3137
[I](2022-07-02  04:46:35 pm)  * Angle
[I](2022-07-02  04:46:35 pm)    Ar:     -0.1970,Kr:      0.0000
[I](2022-07-02  04:46:35 pm)    Taper_Ar:      0.0000
