[I](2022-10-29  08:05:29 am)작업중 정지 [d:24][t:12:08:29]
[I](2022-10-29  08:05:29 am)    [LNo:0006] 001173/001900
[I](2022-10-29  08:07:44 am)작업 재시작
[I](2022-10-29  08:48:55 am)작업중 정지 [d:57][t:12:51:55]
[I](2022-10-29  08:48:55 am)    [LNo:0006] 001365/001900
[I](2022-10-29  08:51:38 am)작업중 정지 [d:58][t:12:54:38]
[I](2022-10-29  08:51:38 am)    [LNo:0006] 001381/001900
[I](2022-10-29  08:52:50 am)작업중 정지 [d:58][t:12:55:50]
[I](2022-10-29  08:52:50 am)    [LNo:0006] 001395/001900
[A](2022-10-29  08:52:50 am)[008] 작업중 단선(AWF Feed Motor Stop )
[I](2022-10-29  08:52:50 am)작업중 Wire 단선 [d:58][t:12:55:50]
[I](2022-10-29  09:50:51 am)작업중 정지 [d:92][t:13:53:51]
[I](2022-10-29  09:50:51 am)    [LNo:0006] 001778/001900
[I](2022-10-29  09:50:51 am)작업중 M코드정지 [d:92][t:13:53:51]
[A](2022-10-29  09:51:32 am)[037] 자동결선 잔여 WIRE 처리 실패!!
[I](2022-10-29  10:25:07 am)작업중 정지 [d:118][t:14:28:07]
[I](2022-10-29  10:25:07 am)    [LNo:0006] 001897/001900
[I](2022-10-29  10:25:07 am)작업중 M코드정지 [d:118][t:14:28:07]
[I](2022-10-29  10:33:36 am)Reset
[I](2022-10-29  10:33:37 am)Reset
[I](2022-10-29  10:35:48 am)Reset
[I](2022-10-29  10:35:53 am)Reset
[I](2022-10-29  10:35:53 am)Reset
[I](2022-10-29  10:36:52 am)Reset
[I](2022-10-29  10:36:52 am)Reset
[I](2022-10-29  10:37:09 am)Reset
[I](2022-10-29  10:37:10 am)Reset
[I](2022-10-29  10:37:10 am)Reset
[I](2022-10-29  10:53:48 am)Reset
[I](2022-10-29  10:53:53 am)Reset
[I](2022-10-29  10:54:44 am)Reset
[A](2022-10-29  10:56:00 am)[036] 자동결선 절단 공정 실패!!
[I](2022-10-29  10:56:03 am)Reset
[I](2022-10-29  10:56:58 am)Reset
[I](2022-10-29  10:57:55 am)Reset
[I](2022-10-29  10:58:01 am)Reset
[I](2022-10-29  10:58:01 am)Reset
[I](2022-10-29  10:58:26 am)Reset
[I](2022-10-29  10:59:32 am)작업 시작 [Start d:0]
[I](2022-10-29  10:59:32 am)Nc File: [No.0007-321.NC]
[I](2022-10-29  10:59:32 am)  * Start Machine Position
[I](2022-10-29  10:59:32 am)    X:    239.8636
[I](2022-10-29  10:59:32 am)    Y:   -387.0036
[I](2022-10-29  10:59:32 am)    U:      0.0000
[I](2022-10-29  10:59:32 am)    V:      0.0000
[I](2022-10-29  10:59:32 am)    Z:     26.4418
[I](2022-10-29  10:59:32 am)  * Angle
[I](2022-10-29  10:59:32 am)    Ar:      0.0592,Kr:      0.0000
[I](2022-10-29  10:59:32 am)    Taper_Ar:      0.0000
[I](2022-10-29  11:00:22 am)작업중 정지 [d:0][t:00:00:50]
[I](2022-10-29  11:00:22 am)    [LNo:0007] 000860/002108
[I](2022-10-29  11:01:22 am)Reset
[I](2022-10-29  11:01:31 am)작업 시작 [Start d:0]
[I](2022-10-29  11:01:31 am)Nc File: [No.0007-321.NC]
[I](2022-10-29  11:01:31 am)  * Start Machine Position
[I](2022-10-29  11:01:31 am)    X:    239.8636
[I](2022-10-29  11:01:31 am)    Y:   -387.0036
[I](2022-10-29  11:01:31 am)    U:      0.0000
[I](2022-10-29  11:01:31 am)    V:      0.0000
[I](2022-10-29  11:01:31 am)    Z:     26.4418
[I](2022-10-29  11:01:31 am)  * Angle
[I](2022-10-29  11:01:31 am)    Ar:      0.0592,Kr:      0.0000
[I](2022-10-29  11:01:31 am)    Taper_Ar:      0.0000
[I](2022-10-29  11:08:43 am)작업중 정지 [d:6][t:00:07:12]
[I](2022-10-29  11:08:43 am)    [LNo:0007] 000253/002108
[I](2022-10-29  11:08:43 am)작업중 M코드정지 [d:6][t:00:07:12]
[I](2022-10-29  11:09:49 am)작업중 정지 [d:6][t:00:08:18]
[I](2022-10-29  11:09:49 am)    [LNo:0007] 000255/002108
[I](2022-10-29  11:10:08 am)작업 재시작
[I](2022-10-29  11:10:12 am)작업중 정지 [d:6][t:00:08:40]
[I](2022-10-29  11:10:12 am)    [LNo:0007] 000257/002108
[I](2022-10-29  11:10:12 am)작업중 M코드정지 [d:6][t:00:08:40]
[I](2022-10-29  11:18:18 am)작업중 정지 [d:13][t:00:16:47]
[I](2022-10-29  11:18:18 am)    [LNo:0007] 000283/002108
[I](2022-10-29  11:18:37 am)작업 재시작
[I](2022-10-29  11:18:40 am)작업중 정지 [d:13][t:00:17:09]
[I](2022-10-29  11:18:40 am)    [LNo:0007] 000285/002108
[I](2022-10-29  11:18:40 am)작업중 M코드정지 [d:13][t:00:17:09]
[I](2022-10-29  11:26:39 am)작업중 정지 [d:19][t:00:25:08]
[I](2022-10-29  11:26:39 am)    [LNo:0007] 000309/002108
[I](2022-10-29  11:26:39 am)작업중 M코드정지 [d:19][t:00:25:08]
[I](2022-10-29  11:28:01 am)작업중 정지 [d:20][t:00:26:30]
[I](2022-10-29  11:28:01 am)    [LNo:0007] 000313/002108
[I](2022-10-29  11:28:01 am)작업중 M코드정지 [d:20][t:00:26:30]
[I](2022-10-29  11:35:55 am)작업중 정지 [d:26][t:00:34:24]
[I](2022-10-29  11:35:55 am)    [LNo:0007] 000337/002108
[I](2022-10-29  11:35:55 am)작업중 M코드정지 [d:26][t:00:34:24]
[I](2022-10-29  11:39:36 am)작업중 정지 [d:26][t:00:38:05]
[I](2022-10-29  11:39:36 am)    [LNo:0007] 000339/002108
[I](2022-10-29  11:39:36 am)작업중 30sec 접촉 정지 [d:26][t:00:38:05]
[I](2022-10-29  11:39:56 am)작업 재시작
[I](2022-10-29  11:40:04 am)작업중 정지 [d:27][t:00:38:33]
[I](2022-10-29  11:40:04 am)    [LNo:0007] 000341/002108
[I](2022-10-29  11:40:04 am)작업중 M코드정지 [d:27][t:00:38:33]
[I](2022-10-29  11:46:28 am)작업중 정지 [d:32][t:00:44:57]
[I](2022-10-29  11:46:28 am)    [LNo:0007] 000365/002108
[I](2022-10-29  11:46:28 am)작업중 M코드정지 [d:32][t:00:44:57]
[I](2022-10-29  11:51:26 am)작업중 정지 [d:32][t:00:49:55]
[I](2022-10-29  11:51:26 am)    [LNo:0007] 000369/002108
[I](2022-10-29  11:51:26 am)작업중 M코드정지 [d:32][t:00:49:55]
[I](2022-10-29  11:58:07 am)작업중 정지 [d:37][t:00:56:36]
[I](2022-10-29  11:58:07 am)    [LNo:0007] 000393/002108
[I](2022-10-29  11:58:07 am)작업중 M코드정지 [d:37][t:00:56:36]
[I](2022-10-29  12:00:46 pm)작업중 정지 [d:37][t:00:59:14]
[I](2022-10-29  12:00:46 pm)    [LNo:0007] 000397/002108
[I](2022-10-29  12:00:46 pm)작업중 M코드정지 [d:37][t:00:59:14]
[I](2022-10-29  12:07:29 pm)작업중 정지 [d:42][t:01:05:58]
[I](2022-10-29  12:07:29 pm)    [LNo:0007] 000421/002108
[I](2022-10-29  12:07:29 pm)작업중 M코드정지 [d:42][t:01:05:58]
[I](2022-10-29  12:07:52 pm)작업중 정지 [d:42][t:01:06:21]
[I](2022-10-29  12:07:52 pm)    [LNo:0007] 000425/002108
[I](2022-10-29  12:07:53 pm)작업중 M코드정지 [d:42][t:01:06:21]
[I](2022-10-29  12:14:43 pm)작업중 정지 [d:47][t:01:13:12]
[I](2022-10-29  12:14:43 pm)    [LNo:0007] 000449/002108
[I](2022-10-29  12:14:43 pm)작업중 M코드정지 [d:47][t:01:13:12]
[I](2022-10-29  12:16:24 pm)작업중 정지 [d:47][t:01:14:53]
[I](2022-10-29  12:16:24 pm)    [LNo:0007] 000453/002108
[I](2022-10-29  12:16:24 pm)작업중 M코드정지 [d:47][t:01:14:53]
[I](2022-10-29  12:23:06 pm)작업중 정지 [d:52][t:01:21:35]
[I](2022-10-29  12:23:06 pm)    [LNo:0007] 000477/002108
[I](2022-10-29  12:23:06 pm)작업중 M코드정지 [d:52][t:01:21:35]
[I](2022-10-29  12:23:54 pm)작업중 정지 [d:52][t:01:22:23]
[I](2022-10-29  12:23:54 pm)    [LNo:0007] 000481/002108
[I](2022-10-29  12:23:54 pm)작업중 M코드정지 [d:52][t:01:22:23]
[I](2022-10-29  12:30:35 pm)작업중 정지 [d:57][t:01:29:04]
[I](2022-10-29  12:30:35 pm)    [LNo:0007] 000505/002108
[I](2022-10-29  12:30:35 pm)작업중 M코드정지 [d:57][t:01:29:04]
[I](2022-10-29  12:30:47 pm)작업중 정지 [d:57][t:01:29:16]
[I](2022-10-29  12:30:47 pm)    [LNo:0007] 000509/002108
[I](2022-10-29  12:30:47 pm)작업중 M코드정지 [d:57][t:01:29:16]
[I](2022-10-29  12:37:36 pm)작업중 정지 [d:62][t:01:36:05]
[I](2022-10-29  12:37:36 pm)    [LNo:0007] 000533/002108
[I](2022-10-29  12:37:37 pm)작업중 M코드정지 [d:62][t:01:36:05]
[I](2022-10-29  12:46:21 pm)작업중 정지 [d:62][t:01:44:49]
[I](2022-10-29  12:46:21 pm)    [LNo:0007] 000537/002108
[I](2022-10-29  12:46:21 pm)작업중 M코드정지 [d:62][t:01:44:50]
[I](2022-10-29  12:53:14 pm)작업중 정지 [d:67][t:01:51:43]
[I](2022-10-29  12:53:14 pm)    [LNo:0007] 000561/002108
[I](2022-10-29  12:53:14 pm)작업중 M코드정지 [d:67][t:01:51:43]
[I](2022-10-29  12:54:56 pm)작업중 정지 [d:67][t:01:53:25]
[I](2022-10-29  12:54:56 pm)    [LNo:0007] 000563/002108
[I](2022-10-29  12:55:16 pm)작업 재시작
[I](2022-10-29  12:55:21 pm)작업중 정지 [d:67][t:01:53:50]
[I](2022-10-29  12:55:21 pm)    [LNo:0007] 000565/002108
[I](2022-10-29  12:55:21 pm)작업중 M코드정지 [d:67][t:01:53:50]
[I](2022-10-29  01:02:24 pm)작업중 정지 [d:73][t:02:00:53]
[I](2022-10-29  01:02:24 pm)    [LNo:0007] 000589/002108
[I](2022-10-29  01:02:25 pm)작업중 M코드정지 [d:73][t:02:00:53]
[I](2022-10-29  01:04:05 pm)작업중 정지 [d:74][t:02:02:34]
[I](2022-10-29  01:04:05 pm)    [LNo:0007] 000593/002108
[I](2022-10-29  01:04:05 pm)작업중 M코드정지 [d:74][t:02:02:34]
[I](2022-10-29  01:09:26 pm)작업중 정지 [d:78][t:02:07:55]
[I](2022-10-29  01:09:26 pm)    [LNo:0007] 000617/002108
[I](2022-10-29  01:09:26 pm)작업중 M코드정지 [d:78][t:02:07:55]
[I](2022-10-29  01:12:53 pm)작업중 정지 [d:78][t:02:11:22]
[I](2022-10-29  01:12:53 pm)    [LNo:0007] 000619/002108
[I](2022-10-29  01:13:16 pm)작업 재시작
[I](2022-10-29  01:13:24 pm)작업중 정지 [d:78][t:02:11:52]
[I](2022-10-29  01:13:24 pm)    [LNo:0007] 000619/002108
[I](2022-10-29  01:13:40 pm)작업 재시작
[I](2022-10-29  01:13:49 pm)작업중 정지 [d:78][t:02:12:17]
[I](2022-10-29  01:13:49 pm)    [LNo:0007] 000621/002108
[I](2022-10-29  01:13:49 pm)작업중 M코드정지 [d:78][t:02:12:17]
[I](2022-10-29  01:18:56 pm)작업중 정지 [d:81][t:02:17:25]
[I](2022-10-29  01:18:56 pm)    [LNo:0007] 000645/002108
[I](2022-10-29  01:18:56 pm)작업중 M코드정지 [d:81][t:02:17:25]
[I](2022-10-29  01:19:26 pm)작업중 정지 [d:81][t:02:17:55]
[I](2022-10-29  01:19:26 pm)    [LNo:0007] 000649/002108
[I](2022-10-29  01:19:26 pm)작업중 M코드정지 [d:81][t:02:17:55]
[I](2022-10-29  01:26:15 pm)작업중 정지 [d:86][t:02:24:44]
[I](2022-10-29  01:26:15 pm)    [LNo:0007] 000673/002108
[I](2022-10-29  01:26:15 pm)작업중 M코드정지 [d:86][t:02:24:44]
[I](2022-10-29  01:26:44 pm)작업중 정지 [d:86][t:02:25:13]
[I](2022-10-29  01:26:44 pm)    [LNo:0007] 000677/002108
[I](2022-10-29  01:26:45 pm)작업중 M코드정지 [d:86][t:02:25:13]
[I](2022-10-29  01:34:15 pm)작업중 정지 [d:92][t:02:32:44]
[I](2022-10-29  01:34:15 pm)    [LNo:0007] 000701/002108
[I](2022-10-29  01:34:15 pm)작업중 M코드정지 [d:92][t:02:32:44]
[I](2022-10-29  01:36:25 pm)작업중 정지 [d:92][t:02:34:53]
[I](2022-10-29  01:36:25 pm)    [LNo:0007] 000703/002108
[I](2022-10-29  01:36:46 pm)작업 재시작
[I](2022-10-29  01:36:53 pm)작업중 정지 [d:92][t:02:35:21]
[I](2022-10-29  01:36:53 pm)    [LNo:0007] 000705/002108
[I](2022-10-29  01:36:53 pm)작업중 M코드정지 [d:92][t:02:35:22]
[I](2022-10-29  01:44:02 pm)작업중 정지 [d:98][t:02:42:30]
[I](2022-10-29  01:44:02 pm)    [LNo:0007] 000729/002108
[I](2022-10-29  01:44:02 pm)작업중 M코드정지 [d:98][t:02:42:31]
[I](2022-10-29  01:45:21 pm)작업중 정지 [d:98][t:02:43:50]
[I](2022-10-29  01:45:21 pm)    [LNo:0007] 000731/002108
[I](2022-10-29  01:45:42 pm)작업 재시작
[I](2022-10-29  01:45:50 pm)작업중 정지 [d:98][t:02:44:19]
[I](2022-10-29  01:45:50 pm)    [LNo:0007] 000733/002108
[I](2022-10-29  01:45:50 pm)작업중 M코드정지 [d:98][t:02:44:19]
[I](2022-10-29  01:50:52 pm)작업중 정지 [d:101][t:02:49:21]
[I](2022-10-29  01:50:52 pm)    [LNo:0007] 000757/002108
[I](2022-10-29  01:50:52 pm)작업중 M코드정지 [d:101][t:02:49:21]
[I](2022-10-29  01:51:37 pm)작업중 정지 [d:101][t:02:50:06]
[I](2022-10-29  01:51:37 pm)    [LNo:0007] 000760/002108
[I](2022-10-29  01:51:58 pm)작업 재시작
[I](2022-10-29  01:52:02 pm)작업중 정지 [d:101][t:02:50:31]
[I](2022-10-29  01:52:02 pm)    [LNo:0007] 000761/002108
[I](2022-10-29  01:52:02 pm)작업중 M코드정지 [d:101][t:02:50:31]
[I](2022-10-29  01:57:11 pm)작업중 정지 [d:105][t:02:55:40]
[I](2022-10-29  01:57:11 pm)    [LNo:0007] 000785/002108
[I](2022-10-29  01:57:12 pm)작업중 M코드정지 [d:105][t:02:55:40]
[I](2022-10-29  01:57:56 pm)작업중 정지 [d:105][t:02:56:25]
[I](2022-10-29  01:57:56 pm)    [LNo:0007] 000789/002108
[I](2022-10-29  01:57:56 pm)작업중 M코드정지 [d:105][t:02:56:25]
[I](2022-10-29  02:04:49 pm)작업중 정지 [d:110][t:03:03:18]
[I](2022-10-29  02:04:49 pm)    [LNo:0007] 000813/002108
[I](2022-10-29  02:04:49 pm)작업중 M코드정지 [d:110][t:03:03:18]
[I](2022-10-29  02:07:49 pm)작업중 정지 [d:110][t:03:06:18]
[I](2022-10-29  02:07:49 pm)    [LNo:0007] 000817/002108
[I](2022-10-29  02:07:49 pm)작업중 M코드정지 [d:110][t:03:06:18]
[I](2022-10-29  02:23:44 pm)작업중 정지 [d:124][t:03:22:13]
[I](2022-10-29  02:23:44 pm)    [LNo:0007] 000847/002108
[I](2022-10-29  02:23:44 pm)작업중 M코드정지 [d:124][t:03:22:13]
[I](2022-10-29  02:26:44 pm)작업중 정지 [d:124][t:03:25:13]
[I](2022-10-29  02:26:44 pm)    [LNo:0007] 000851/002108
[I](2022-10-29  02:26:44 pm)작업중 M코드정지 [d:124][t:03:25:13]
[I](2022-10-29  02:33:30 pm)작업중 정지 [d:129][t:03:31:59]
[I](2022-10-29  02:33:30 pm)    [LNo:0007] 000875/002108
[I](2022-10-29  02:33:30 pm)작업중 M코드정지 [d:129][t:03:31:59]
[I](2022-10-29  02:35:02 pm)작업중 정지 [d:130][t:03:33:31]
[I](2022-10-29  02:35:02 pm)    [LNo:0007] 000879/002108
[I](2022-10-29  02:35:02 pm)작업중 M코드정지 [d:130][t:03:33:31]
[I](2022-10-29  03:05:02 pm)작업중 정지 [d:157][t:04:03:31]
[I](2022-10-29  03:05:02 pm)    [LNo:0007] 001045/002108
[I](2022-10-29  03:05:02 pm)작업중 M코드정지 [d:157][t:04:03:31]
[I](2022-10-29  03:06:34 pm)Reset
[I](2022-10-29  03:06:45 pm)작업 시작 [Start d:157]
[I](2022-10-29  03:06:45 pm)Nc File: [No.0007-321.NC]
[I](2022-10-29  03:06:45 pm)  * Start Machine Position
[I](2022-10-29  03:06:45 pm)    X:    239.8636
[I](2022-10-29  03:06:45 pm)    Y:   -387.0036
[I](2022-10-29  03:06:45 pm)    U:      0.0000
[I](2022-10-29  03:06:45 pm)    V:      0.0000
[I](2022-10-29  03:06:45 pm)    Z:     26.4418
[I](2022-10-29  03:06:45 pm)  * Angle
[I](2022-10-29  03:06:45 pm)    Ar:      0.0592,Kr:      0.0000
[I](2022-10-29  03:06:45 pm)    Taper_Ar:      0.0000
[I](2022-10-29  03:22:04 pm)작업중 정지 [d:15][t:00:15:18]
[I](2022-10-29  03:22:04 pm)    [LNo:0007] 000068/002108
[I](2022-10-29  03:22:04 pm)작업중 M코드정지 [d:15][t:00:15:18]
[I](2022-10-29  03:23:07 pm)작업중 정지 [d:15][t:00:16:21]
[I](2022-10-29  03:23:07 pm)    [LNo:0007] 000072/002108
[I](2022-10-29  03:23:07 pm)작업중 M코드정지 [d:15][t:00:16:21]
[I](2022-10-29  03:23:52 pm)작업중 정지 [d:15][t:00:17:07]
[I](2022-10-29  03:23:52 pm)    [LNo:0007] 000075/002108
[A](2022-10-29  03:23:52 pm)[011] 자동결선 Error(M21-잔여와이어 처리실패)
[I](2022-10-29  03:24:29 pm)작업중 정지 [d:15][t:00:17:44]
[I](2022-10-29  03:24:29 pm)    [LNo:0007] 000169/002108
[I](2022-10-29  03:47:58 pm)작업중 정지 [d:38][t:00:41:12]
[I](2022-10-29  03:47:58 pm)    [LNo:0007] 000191/002108
[I](2022-10-29  03:47:58 pm)작업중 M코드정지 [d:38][t:00:41:12]
[I](2022-10-29  03:48:21 pm)작업중 정지 [d:38][t:00:41:35]
[I](2022-10-29  03:48:21 pm)    [LNo:0007] 000195/002108
[I](2022-10-29  03:48:21 pm)작업중 M코드정지 [d:38][t:00:41:35]
[I](2022-10-29  03:59:30 pm)작업중 정지 [d:47][t:00:52:44]
[I](2022-10-29  03:59:30 pm)    [LNo:0007] 000225/002108
[I](2022-10-29  03:59:30 pm)작업중 M코드정지 [d:47][t:00:52:44]
[I](2022-10-29  03:59:49 pm)작업중 정지 [d:47][t:00:53:04]
[I](2022-10-29  03:59:49 pm)    [LNo:0007] 000229/002108
[I](2022-10-29  03:59:49 pm)작업중 M코드정지 [d:47][t:00:53:04]
[I](2022-10-29  04:01:19 pm)Reset
[I](2022-10-29  04:01:20 pm)Reset
[I](2022-10-29  04:01:25 pm)작업 시작 [Start d:204]
[I](2022-10-29  04:01:25 pm)Nc File: [No.0006-333.NC]
[I](2022-10-29  04:01:25 pm)  * Start Machine Position
[I](2022-10-29  04:01:25 pm)    X:    239.8636
[I](2022-10-29  04:01:25 pm)    Y:   -387.0036
[I](2022-10-29  04:01:25 pm)    U:      0.0000
[I](2022-10-29  04:01:25 pm)    V:      0.0000
[I](2022-10-29  04:01:25 pm)    Z:     26.4418
[I](2022-10-29  04:01:25 pm)  * Angle
[I](2022-10-29  04:01:25 pm)    Ar:      0.0592,Kr:      0.0000
[I](2022-10-29  04:01:25 pm)    Taper_Ar:      0.0000
[I](2022-10-29  04:47:32 pm)작업중 정지 [d:43][t:00:46:06]
[I](2022-10-29  04:47:32 pm)    [LNo:0006] 000048/000612
[A](2022-10-29  04:51:52 pm)[037] 자동결선 잔여 WIRE 처리 실패!!
[I](2022-10-29  07:49:13 pm)작업중 정지 [d:212][t:03:47:47]
[I](2022-10-29  07:49:13 pm)    [LNo:0006] 000212/000612
[I](2022-10-29  07:49:13 pm)작업중 M코드정지 [d:212][t:03:47:47]
