[I](2022-07-23  01:35:52 am)작업중 정지 [d:314][t:05:22:00]
[I](2022-07-23  01:35:52 am)    [LNo:0006] 000341/001028
[A](2022-07-23  01:35:52 am)[008] 작업중 단선(AWF Feed Motor Stop )
[I](2022-07-23  01:35:52 am)작업중 Wire 단선 [d:314][t:05:22:00]
[I](2022-07-23  01:37:01 am)작업 재시작
[I](2022-07-23  02:54:41 am)작업중 정지 [d:387][t:06:40:50]
[I](2022-07-23  02:54:41 am)    [LNo:0006] 000430/001028
[I](2022-07-23  02:54:41 am)작업중 M코드정지 [d:387][t:06:40:50]
[I](2022-07-23  08:23:06 am)작업중 정지 [d:387][t:12:09:14]
[I](2022-07-23  08:23:06 am)    [LNo:0006] 000435/001028
[I](2022-07-23  08:23:06 am)작업중 M코드정지 [d:387][t:12:09:14]
[I](2022-07-23  08:24:13 am)작업중 정지 [d:387][t:12:10:21]
[I](2022-07-23  08:24:13 am)    [LNo:0006] 000448/001028
[I](2022-07-23  08:24:13 am)작업중 M코드정지 [d:387][t:12:10:21]
[I](2022-07-23  08:30:14 am)작업중 정지 [d:387][t:12:16:22]
[I](2022-07-23  08:30:14 am)    [LNo:0006] 000452/001028
[I](2022-07-23  08:32:04 am)작업중 정지 [d:387][t:12:18:12]
[I](2022-07-23  08:32:04 am)    [LNo:0006] 000469/001028
[I](2022-07-23  08:32:04 am)작업중 M코드정지 [d:387][t:12:18:12]
[I](2022-07-23  08:32:07 am)작업중 정지 [d:387][t:12:18:15]
[I](2022-07-23  08:32:07 am)    [LNo:0006] 000484/001028
[I](2022-07-23  08:32:11 am)작업중 정지 [d:387][t:12:18:19]
[I](2022-07-23  08:32:11 am)    [LNo:0006] 000486/001028
[I](2022-07-23  08:32:51 am)작업중 정지 [d:388][t:12:18:59]
[I](2022-07-23  08:32:51 am)    [LNo:0006] 000490/001028
[I](2022-07-23  08:33:01 am)작업 재시작
[I](2022-07-23  08:33:09 am)작업중 정지 [d:388][t:12:19:18]
[I](2022-07-23  08:33:09 am)    [LNo:0006] 000491/001028
[I](2022-07-23  08:33:42 am)작업중 정지 [d:388][t:12:19:50]
[I](2022-07-23  08:33:42 am)    [LNo:0006] 000479/001028
[I](2022-07-23  08:34:34 am)작업중 정지 [d:388][t:12:20:42]
[I](2022-07-23  08:34:34 am)    [LNo:0006] 000487/001028
[I](2022-07-23  08:34:34 am)작업중 30sec 접촉 정지 [d:388][t:12:20:42]
[I](2022-07-23  08:37:01 am)작업 재시작
[I](2022-07-23  08:39:39 am)작업중 정지 [d:390][t:12:25:47]
[I](2022-07-23  08:39:39 am)    [LNo:0006] 000492/001028
[I](2022-07-23  08:39:39 am)작업중 M코드정지 [d:390][t:12:25:47]
[I](2022-07-23  09:08:13 am)작업중 정지 [d:390][t:12:54:22]
[I](2022-07-23  09:08:13 am)    [LNo:0006] 000493/001028
[A](2022-07-23  09:08:13 am)[008] 작업중 단선(AWF Feed Motor Stop )
[I](2022-07-23  09:08:13 am)작업중 Wire 단선 [d:390][t:12:54:22]
[I](2022-07-23  09:09:21 am)작업 재시작
[I](2022-07-23  09:13:45 am)작업중 정지 [d:394][t:12:59:53]
[I](2022-07-23  09:13:45 am)    [LNo:0006] 000515/001028
[I](2022-07-23  09:13:45 am)작업중 M코드정지 [d:394][t:12:59:53]
[I](2022-07-23  09:15:34 am)작업중 정지 [d:394][t:13:01:42]
[I](2022-07-23  09:15:34 am)    [LNo:0006] 000516/001028
[I](2022-07-23  09:16:28 am)작업 재시작
[I](2022-07-23  09:20:29 am)작업중 정지 [d:396][t:13:06:37]
[I](2022-07-23  09:20:29 am)    [LNo:0006] 000537/001028
[I](2022-07-23  09:20:29 am)작업중 M코드정지 [d:396][t:13:06:37]
[I](2022-07-23  09:20:44 am)작업중 정지 [d:396][t:13:06:52]
[I](2022-07-23  09:20:44 am)    [LNo:0006] 000538/001028
[I](2022-07-23  09:21:39 am)작업중 정지 [d:396][t:13:07:48]
[I](2022-07-23  09:21:39 am)    [LNo:0006] 000539/001028
[I](2022-07-23  09:22:08 am)작업 재시작
[I](2022-07-23  09:22:08 am)작업중 정지 [d:396][t:13:08:16]
[I](2022-07-23  09:22:08 am)    [LNo:0006] 000539/001028
[I](2022-07-23  09:22:08 am)Wire Contact Auto Stop(M52)
[I](2022-07-23  09:22:09 am)작업 재시작
[I](2022-07-23  09:22:14 am)작업중 정지 [d:396][t:13:08:22]
[I](2022-07-23  09:22:14 am)    [LNo:0006] 000540/001028
[I](2022-07-23  09:22:14 am)작업중 M코드정지 [d:396][t:13:08:22]
[I](2022-07-23  09:22:52 am)작업중 정지 [d:396][t:13:09:01]
[I](2022-07-23  09:22:52 am)    [LNo:0006] 000544/001028
[A](2022-07-23  09:22:52 am)[010] 자동결선 Error(M21-절단실패)
[I](2022-07-23  09:26:16 am)작업중 정지 [d:399][t:13:12:25]
[I](2022-07-23  09:26:16 am)    [LNo:0006] 000562/001028
[I](2022-07-23  09:26:16 am)작업중 M코드정지 [d:399][t:13:12:25]
[I](2022-07-23  09:28:12 am)작업중 정지 [d:400][t:13:14:20]
[I](2022-07-23  09:28:12 am)    [LNo:0006] 000564/001028
[I](2022-07-23  09:28:36 am)작업 재시작
[I](2022-07-23  09:28:43 am)작업중 정지 [d:400][t:13:14:51]
[I](2022-07-23  09:28:43 am)    [LNo:0006] 000565/001028
[I](2022-07-23  09:28:43 am)작업중 M코드정지 [d:400][t:13:14:51]
[I](2022-07-23  09:29:17 am)작업중 정지 [d:400][t:13:15:26]
[I](2022-07-23  09:29:17 am)    [LNo:0006] 000569/001028
[I](2022-07-23  09:34:36 am)작업중 정지 [d:404][t:13:20:44]
[I](2022-07-23  09:34:36 am)    [LNo:0006] 000589/001028
[I](2022-07-23  09:34:36 am)작업중 M코드정지 [d:404][t:13:20:44]
[I](2022-07-23  09:35:49 am)작업중 정지 [d:405][t:13:21:58]
[I](2022-07-23  09:35:49 am)    [LNo:0006] 000590/001028
[I](2022-07-23  09:35:49 am)Wire Contact Auto Stop(M52)
[I](2022-07-23  09:36:29 am)작업 재시작
[I](2022-07-23  09:40:51 am)작업중 정지 [d:408][t:13:26:59]
[I](2022-07-23  09:40:51 am)    [LNo:0006] 000613/001028
[I](2022-07-23  09:40:51 am)작업중 M코드정지 [d:408][t:13:26:59]
[I](2022-07-23  09:41:14 am)작업중 정지 [d:408][t:13:27:22]
[I](2022-07-23  09:41:14 am)    [LNo:0006] 000614/001028
[I](2022-07-23  09:41:56 am)작업 재시작
[I](2022-07-23  09:46:00 am)작업중 정지 [d:411][t:13:32:08]
[I](2022-07-23  09:46:00 am)    [LNo:0006] 000636/001028
[I](2022-07-23  09:46:00 am)작업중 M코드정지 [d:411][t:13:32:08]
[I](2022-07-23  09:46:44 am)작업중 정지 [d:412][t:13:32:53]
[I](2022-07-23  09:46:44 am)    [LNo:0006] 000637/001028
[I](2022-07-23  09:46:45 am)Wire Contact Auto Stop(M52)
[I](2022-07-23  09:47:15 am)작업 재시작
[I](2022-07-23  09:51:21 am)작업중 정지 [d:415][t:13:37:29]
[I](2022-07-23  09:51:21 am)    [LNo:0006] 000660/001028
[I](2022-07-23  09:51:21 am)작업중 M코드정지 [d:415][t:13:37:29]
[I](2022-07-23  09:53:06 am)작업중 정지 [d:415][t:13:39:14]
[I](2022-07-23  09:53:06 am)    [LNo:0006] 000661/001028
[I](2022-07-23  09:53:42 am)작업 재시작
[I](2022-07-23  09:58:11 am)작업중 정지 [d:418][t:13:44:19]
[I](2022-07-23  09:58:11 am)    [LNo:0006] 000684/001028
[I](2022-07-23  09:58:11 am)작업중 M코드정지 [d:418][t:13:44:19]
[I](2022-07-23  10:01:07 am)작업중 정지 [d:418][t:13:47:15]
[I](2022-07-23  10:01:07 am)    [LNo:0006] 000685/001028
[I](2022-07-23  10:01:07 am)Wire Contact Auto Stop(M52)
[I](2022-07-23  10:01:33 am)작업 재시작
[I](2022-07-23  10:05:41 am)작업중 정지 [d:420][t:13:51:49]
[I](2022-07-23  10:05:41 am)    [LNo:0006] 000707/001028
[I](2022-07-23  10:05:41 am)작업중 M코드정지 [d:420][t:13:51:49]
[I](2022-07-23  10:06:44 am)작업중 정지 [d:421][t:13:52:52]
[I](2022-07-23  10:06:44 am)    [LNo:0006] 000708/001028
[I](2022-07-23  10:06:44 am)Wire Contact Auto Stop(M52)
[I](2022-07-23  10:07:34 am)작업 재시작
[I](2022-07-23  10:43:16 am)작업중 정지 [d:455][t:14:29:24]
[I](2022-07-23  10:43:16 am)    [LNo:0006] 000758/001028
[I](2022-07-23  10:43:16 am)작업중 M코드정지 [d:455][t:14:29:24]
[A](2022-07-23  10:47:44 am)[037] 자동결선 잔여 WIRE 처리 실패!!
[I](2022-07-23  11:44:28 am)작업중 정지 [d:506][t:15:30:36]
[I](2022-07-23  11:44:28 am)    [LNo:0006] 000839/001028
[I](2022-07-23  11:44:28 am)작업중 M코드정지 [d:506][t:15:30:36]
[I](2022-07-23  01:02:39 pm)작업중 정지 [d:572][t:16:48:47]
[I](2022-07-23  01:02:39 pm)    [LNo:0006] 001021/001028
[I](2022-07-23  01:02:39 pm)작업중 Single Block Stop [d:572][t:16:48:47]
[I](2022-07-23  01:08:32 pm)작업중 정지 [d:572][t:16:54:41]
[I](2022-07-23  01:08:32 pm)    [LNo:0006] 000716/001028
[I](2022-07-23  01:17:43 pm)작업중 정지 [d:580][t:17:03:51]
[I](2022-07-23  01:17:43 pm)    [LNo:0006] 000757/001028
[I](2022-07-23  01:17:43 pm)작업중 M코드정지 [d:580][t:17:03:51]
[I](2022-07-23  01:20:40 pm)작업중 정지 [d:580][t:17:06:48]
[I](2022-07-23  01:20:40 pm)    [LNo:0006] 000763/001028
[I](2022-07-23  01:29:26 pm)작업중 정지 [d:588][t:17:15:35]
[I](2022-07-23  01:29:26 pm)    [LNo:0006] 000804/001028
[I](2022-07-23  01:29:27 pm)작업중 M코드정지 [d:588][t:17:15:35]
[I](2022-07-23  01:46:58 pm)Reset
[I](2022-07-23  01:59:14 pm)Reset
[I](2022-07-23  02:03:03 pm)Reset
[I](2022-07-23  02:07:04 pm)Reset
[I](2022-07-23  02:17:56 pm)작업 시작 [Start d:857]
[I](2022-07-23  02:17:56 pm)Nc File: [No.0007-496.NC]
[I](2022-07-23  02:17:56 pm)  * Start Machine Position
[I](2022-07-23  02:17:56 pm)    X:    248.8634
[I](2022-07-23  02:17:56 pm)    Y:   -209.4072
[I](2022-07-23  02:17:56 pm)    U:      0.0000
[I](2022-07-23  02:17:56 pm)    V:      0.0000
[I](2022-07-23  02:17:56 pm)    Z:     31.8336
[I](2022-07-23  02:17:56 pm)  * Angle
[I](2022-07-23  02:17:56 pm)    Ar:      0.2293,Kr:      0.0000
[I](2022-07-23  02:17:56 pm)    Taper_Ar:      0.0000
[I](2022-07-23  02:18:19 pm)작업중 정지 [d:0][t:00:00:23]
[I](2022-07-23  02:18:19 pm)    [LNo:0007] 000010/000268
[I](2022-07-23  02:18:19 pm)작업중 M코드정지 [d:0][t:00:00:23]
[I](2022-07-23  02:18:45 pm)작업중 정지 [d:0][t:00:00:49]
[I](2022-07-23  02:18:45 pm)    [LNo:0007] 000075/000268
[I](2022-07-23  02:25:10 pm)작업중 정지 [d:6][t:00:07:13]
[I](2022-07-23  02:25:10 pm)    [LNo:0007] 000133/000268
[I](2022-07-23  02:25:10 pm)작업중 M코드정지 [d:6][t:00:07:13]
[I](2022-07-23  02:31:16 pm)작업중 정지 [d:6][t:00:13:20]
[I](2022-07-23  02:31:16 pm)    [LNo:0007] 000204/000268
[I](2022-07-23  02:37:45 pm)작업중 정지 [d:12][t:00:19:48]
[I](2022-07-23  02:37:45 pm)    [LNo:0007] 000260/000268
[I](2022-07-23  02:37:45 pm)작업중 M코드정지 [d:12][t:00:19:48]
[I](2022-07-23  02:50:36 pm)Reset
[I](2022-07-23  02:50:40 pm)Reset
[I](2022-07-23  02:50:46 pm)Reset
[I](2022-07-23  02:54:02 pm)Reset
[I](2022-07-23  02:54:02 pm)Reset
[I](2022-07-23  03:10:16 pm)Reset
[I](2022-07-23  03:10:46 pm)Reset
[I](2022-07-23  03:19:52 pm)Reset
[I](2022-07-23  03:21:54 pm)Reset
[I](2022-07-23  03:23:30 pm)Reset
[I](2022-07-23  03:23:30 pm)Reset
[I](2022-07-23  03:24:37 pm)작업 시작 [Start d:0]
[I](2022-07-23  03:24:37 pm)Nc File: [No.0005-497.NC]
[I](2022-07-23  03:24:37 pm)  * Start Machine Position
[I](2022-07-23  03:24:37 pm)    X:    156.8156
[I](2022-07-23  03:24:37 pm)    Y:   -390.0641
[I](2022-07-23  03:24:37 pm)    U:      0.0000
[I](2022-07-23  03:24:37 pm)    V:      0.0000
[I](2022-07-23  03:24:37 pm)    Z:     18.4295
[I](2022-07-23  03:24:37 pm)  * Angle
[I](2022-07-23  03:24:37 pm)    Ar:     -0.3265,Kr:      0.0000
[I](2022-07-23  03:24:37 pm)    Taper_Ar:      0.0000
[I](2022-07-23  03:24:51 pm)작업중 정지 [d:0][t:00:00:14]
[I](2022-07-23  03:24:51 pm)    [LNo:0005] 000268/000762
[A](2022-07-23  03:25:19 pm)[002] 가공액 미동작
[I](2022-07-23  03:26:06 pm)작업중 정지 [d:0][t:00:01:29]
[I](2022-07-23  03:26:06 pm)    [LNo:0005] 000175/000762
[I](2022-07-23  03:27:17 pm)Reset
[I](2022-07-23  03:28:01 pm)작업 시작 [Start d:0]
[I](2022-07-23  03:28:01 pm)Nc File: [No.0004-455.NC]
[I](2022-07-23  03:28:01 pm)  * Start Machine Position
[I](2022-07-23  03:28:01 pm)    X:    156.8156
[I](2022-07-23  03:28:01 pm)    Y:   -390.0641
[I](2022-07-23  03:28:01 pm)    U:      0.0000
[I](2022-07-23  03:28:01 pm)    V:      0.0000
[I](2022-07-23  03:28:01 pm)    Z:     18.4295
[I](2022-07-23  03:28:01 pm)  * Angle
[I](2022-07-23  03:28:01 pm)    Ar:     -0.3265,Kr:      0.0000
[I](2022-07-23  03:28:01 pm)    Taper_Ar:      0.0000
[I](2022-07-23  03:35:40 pm)작업중 정지 [d:7][t:00:07:39]
[I](2022-07-23  03:35:40 pm)    [LNo:0004] 000020/000480
[I](2022-07-23  03:35:40 pm)작업중 M코드정지 [d:7][t:00:07:39]
[I](2022-07-23  03:38:45 pm)작업중 정지 [d:8][t:00:10:43]
[I](2022-07-23  03:38:45 pm)    [LNo:0004] 000021/000480
[I](2022-07-23  03:39:15 pm)작업 재시작
[I](2022-07-23  03:39:19 pm)작업중 정지 [d:8][t:00:11:18]
[I](2022-07-23  03:39:19 pm)    [LNo:0004] 000023/000480
[I](2022-07-23  03:39:19 pm)작업중 M코드정지 [d:8][t:00:11:18]
[I](2022-07-23  03:48:17 pm)작업중 정지 [d:16][t:00:20:15]
[I](2022-07-23  03:48:17 pm)    [LNo:0004] 000045/000480
[I](2022-07-23  03:48:17 pm)작업중 M코드정지 [d:16][t:00:20:15]
[I](2022-07-23  03:53:23 pm)작업중 정지 [d:16][t:00:25:22]
[I](2022-07-23  03:53:23 pm)    [LNo:0004] 000046/000480
[I](2022-07-23  03:53:53 pm)작업 재시작
[I](2022-07-23  03:53:57 pm)작업중 정지 [d:16][t:00:25:55]
[I](2022-07-23  03:53:57 pm)    [LNo:0004] 000048/000480
[I](2022-07-23  03:53:57 pm)작업중 M코드정지 [d:16][t:00:25:55]
[I](2022-07-23  03:54:39 pm)작업중 정지 [d:16][t:00:26:38]
[I](2022-07-23  03:54:39 pm)    [LNo:0004] 000051/000480
[I](2022-07-23  03:54:39 pm)작업중 Single Block Stop [d:16][t:00:26:38]
[I](2022-07-23  03:54:51 pm)Reset
[I](2022-07-23  03:54:51 pm)Reset
[I](2022-07-23  03:55:16 pm)작업 시작 [Start d:16]
[I](2022-07-23  03:55:16 pm)Nc File: [No.0005-497.NC]
[I](2022-07-23  03:55:16 pm)  * Start Machine Position
[I](2022-07-23  03:55:16 pm)    X:    156.8156
[I](2022-07-23  03:55:16 pm)    Y:   -390.0641
[I](2022-07-23  03:55:16 pm)    U:      0.0000
[I](2022-07-23  03:55:16 pm)    V:      0.0000
[I](2022-07-23  03:55:16 pm)    Z:     18.4295
[I](2022-07-23  03:55:16 pm)  * Angle
[I](2022-07-23  03:55:16 pm)    Ar:     -0.3265,Kr:      0.0000
[I](2022-07-23  03:55:16 pm)    Taper_Ar:      0.0000
[I](2022-07-23  03:55:24 pm)작업중 정지 [d:0][t:00:00:07]
[I](2022-07-23  03:55:24 pm)    [LNo:0005] 000049/000762
[I](2022-07-23  04:13:39 pm)작업중 정지 [d:14][t:00:18:22]
[I](2022-07-23  04:13:39 pm)    [LNo:0005] 000089/000762
[I](2022-07-23  04:16:47 pm)Reset
[I](2022-07-23  04:16:47 pm)Reset
[I](2022-07-23  04:20:09 pm)Reset
[I](2022-07-23  04:20:09 pm)Reset
[I](2022-07-23  04:20:30 pm)Reset
[I](2022-07-23  04:21:55 pm)작업 시작 [Start d:30]
[I](2022-07-23  04:21:55 pm)Nc File: [No.0005-497.NC]
[I](2022-07-23  04:21:55 pm)  * Start Machine Position
[I](2022-07-23  04:21:55 pm)    X:     39.3362
[I](2022-07-23  04:21:55 pm)    Y:   -329.8047
[I](2022-07-23  04:21:55 pm)    U:      0.0000
[I](2022-07-23  04:21:55 pm)    V:      0.0000
[I](2022-07-23  04:21:55 pm)    Z:     18.4295
[I](2022-07-23  04:21:55 pm)  * Angle
[I](2022-07-23  04:21:55 pm)    Ar:     -0.3265,Kr:      0.0000
[I](2022-07-23  04:21:55 pm)    Taper_Ar:      0.0000
[I](2022-07-23  04:53:28 pm)작업중 정지 [d:28][t:00:31:33]
[I](2022-07-23  04:53:28 pm)    [LNo:0005] 000166/000762
[I](2022-07-23  04:53:28 pm)작업중 M코드정지 [d:28][t:00:31:33]
[I](2022-07-23  04:54:25 pm)Reset
[I](2022-07-23  04:54:25 pm)Reset
[I](2022-07-23  04:55:39 pm)작업 시작 [Start d:58]
[I](2022-07-23  04:55:39 pm)Nc File: [No.0005-497.NC *]
[I](2022-07-23  04:55:39 pm)  * Start Machine Position
[I](2022-07-23  04:55:39 pm)    X:     39.3362
[I](2022-07-23  04:55:39 pm)    Y:   -329.8047
[I](2022-07-23  04:55:39 pm)    U:      0.0000
[I](2022-07-23  04:55:39 pm)    V:      0.0000
[I](2022-07-23  04:55:39 pm)    Z:     18.4295
[I](2022-07-23  04:55:39 pm)  * Angle
[I](2022-07-23  04:55:39 pm)    Ar:     -0.3265,Kr:      0.0000
[I](2022-07-23  04:55:39 pm)    Taper_Ar:      0.0000
[I](2022-07-23  04:55:59 pm)작업중 정지 [d:0][t:00:00:19]
[I](2022-07-23  04:55:59 pm)    [LNo:0005] 000104/000761
[I](2022-07-23  04:55:59 pm)작업중 M코드정지 [d:0][t:00:00:19]
[I](2022-07-23  04:56:31 pm)작업중 정지 [d:0][t:00:00:52]
[I](2022-07-23  04:56:31 pm)    [LNo:0005] 000175/000761
[I](2022-07-23  05:00:21 pm)작업중 정지 [d:3][t:00:04:42]
[I](2022-07-23  05:00:21 pm)    [LNo:0005] 000185/000761
[I](2022-07-23  05:00:59 pm)작업 재시작
[I](2022-07-23  07:45:08 pm)작업중 정지 [d:163][t:02:49:29]
[I](2022-07-23  07:45:08 pm)    [LNo:0005] 000294/000761
[I](2022-07-23  07:45:08 pm)작업중 M코드정지 [d:163][t:02:49:29]
