[A](2022-10-19  08:26:36 am)[037] 자동결선 잔여 WIRE 처리 실패!!
[I](2022-10-19  08:33:49 am)Reset
[I](2022-10-19  08:33:50 am)Reset
[I](2022-10-19  08:38:51 am)Reset
[I](2022-10-19  08:39:29 am)Reset
[I](2022-10-19  08:39:43 am)Reset
[I](2022-10-19  08:39:58 am)Reset
[I](2022-10-19  08:40:07 am)Reset
[I](2022-10-19  08:40:36 am)Reset
[I](2022-10-19  08:40:51 am)Reset
[I](2022-10-19  08:41:03 am)Reset
[I](2022-10-19  08:41:05 am)Reset
[I](2022-10-19  08:41:06 am)Reset
[I](2022-10-19  08:41:46 am)Reset
[A](2022-10-19  08:45:26 am)[037] 자동결선 잔여 WIRE 처리 실패!!
[I](2022-10-19  08:45:32 am)Reset
[I](2022-10-19  08:45:49 am)Reset
[I](2022-10-19  08:45:52 am)Reset
[I](2022-10-19  08:45:53 am)Reset
[I](2022-10-19  08:47:30 am)작업 시작 [Start d:242]
[I](2022-10-19  08:47:30 am)Nc File: [No.0007-519.NC]
[I](2022-10-19  08:47:30 am)  * Start Machine Position
[I](2022-10-19  08:47:30 am)    X:    165.8323
[I](2022-10-19  08:47:30 am)    Y:   -326.7236
[I](2022-10-19  08:47:30 am)    U:      0.0000
[I](2022-10-19  08:47:30 am)    V:      0.0000
[I](2022-10-19  08:47:30 am)    Z:      8.6073
[I](2022-10-19  08:47:30 am)  * Angle
[I](2022-10-19  08:47:30 am)    Ar:      0.1649,Kr:      0.0000
[I](2022-10-19  08:47:30 am)    Taper_Ar:      0.0000
[A](2022-10-19  08:47:59 am)[091] Auto Door Sensor Abnormal
[I](2022-10-19  08:48:00 am)작업중 정지 [d:0][t:00:00:30]
[I](2022-10-19  08:48:00 am)    [LNo:0007] 000945/003922
[A](2022-10-19  08:48:02 am)[091] Auto Door Sensor Abnormal
[A](2022-10-19  08:48:03 am)[091] Auto Door Sensor Abnormal
[A](2022-10-19  08:48:03 am)[091] Auto Door Sensor Abnormal
[A](2022-10-19  08:48:03 am)[091] Auto Door Sensor Abnormal
[A](2022-10-19  08:48:04 am)[091] Auto Door Sensor Abnormal
[A](2022-10-19  08:48:04 am)[091] Auto Door Sensor Abnormal
[I](2022-10-19  08:48:41 am)작업중 정지 [d:0][t:00:01:11]
[I](2022-10-19  08:48:41 am)    [LNo:0007] 000947/003922
[I](2022-10-19  08:49:30 am)작업중 정지 [d:0][t:00:02:00]
[I](2022-10-19  08:49:30 am)    [LNo:0007] 001882/003922
[I](2022-10-19  08:50:46 am)작업중 정지 [d:0][t:00:03:16]
[I](2022-10-19  08:50:46 am)    [LNo:0007] 001883/003922
[I](2022-10-19  08:51:55 am)작업중 정지 [d:0][t:00:04:25]
[I](2022-10-19  08:51:55 am)    [LNo:0007] 003423/003922
[I](2022-10-19  08:53:14 am)Reset
[I](2022-10-19  08:53:14 am)Reset
[I](2022-10-19  08:53:39 am)Reset
[I](2022-10-19  08:53:40 am)Reset
[I](2022-10-19  08:53:47 am)작업 시작 [Start d:0]
[I](2022-10-19  08:53:47 am)Nc File: [No.0007-519.NC]
[I](2022-10-19  08:53:47 am)  * Start Machine Position
[I](2022-10-19  08:53:47 am)    X:    165.8323
[I](2022-10-19  08:53:47 am)    Y:   -326.7236
[I](2022-10-19  08:53:47 am)    U:      0.0000
[I](2022-10-19  08:53:47 am)    V:      0.0000
[I](2022-10-19  08:53:47 am)    Z:      8.6073
[I](2022-10-19  08:53:47 am)  * Angle
[I](2022-10-19  08:53:47 am)    Ar:      0.1649,Kr:      0.0000
[I](2022-10-19  08:53:47 am)    Taper_Ar:      0.0000
[I](2022-10-19  10:14:30 am)작업중 정지 [d:36][t:01:20:42]
[I](2022-10-19  10:14:30 am)    [LNo:0007] 002762/003922
[A](2022-10-19  10:14:30 am)[008] 작업중 단선(AWF Feed Motor Stop )
[I](2022-10-19  10:14:30 am)작업중 Wire 단선 [d:36][t:01:20:42]
[I](2022-10-19  10:15:18 am)작업 재시작
[I](2022-10-19  10:15:28 am)작업중 정지 [d:36][t:01:21:41]
[I](2022-10-19  10:15:28 am)    [LNo:0007] 002768/003922
[A](2022-10-19  10:15:28 am)[008] 작업중 단선(AWF Feed Motor Stop )
[I](2022-10-19  10:15:28 am)작업중 Wire 단선 [d:36][t:01:21:41]
[I](2022-10-19  02:41:43 pm)작업중 정지 [d:285][t:05:47:56]
[I](2022-10-19  02:41:43 pm)    [LNo:0007] 003910/003922
[I](2022-10-19  02:41:43 pm)작업중 M코드정지 [d:285][t:05:47:56]
[I](2022-10-19  02:42:09 pm)작업중 정지 [d:285][t:05:48:22]
[I](2022-10-19  02:42:09 pm)    [LNo:0007] 003912/003922
[I](2022-10-19  02:42:09 pm)작업중 M코드정지 [d:285][t:05:48:22]
[I](2022-10-19  02:44:15 pm)Reset
[I](2022-10-19  02:44:15 pm)Reset
[I](2022-10-19  02:47:41 pm)Reset
[I](2022-10-19  02:48:42 pm)Reset
[I](2022-10-19  02:48:51 pm)Reset
[I](2022-10-19  02:49:05 pm)Reset
[I](2022-10-19  02:49:17 pm)Reset
[I](2022-10-19  02:49:25 pm)Reset
[I](2022-10-19  02:50:02 pm)Reset
[I](2022-10-19  02:50:03 pm)Reset
[I](2022-10-19  02:52:31 pm)Reset
[I](2022-10-19  02:57:11 pm)Reset
[I](2022-10-19  02:57:22 pm)작업 시작 [Start d:285]
[I](2022-10-19  02:57:22 pm)Nc File: [No.0009-517.NC]
[I](2022-10-19  02:57:22 pm)  * Start Machine Position
[I](2022-10-19  02:57:22 pm)    X:    102.4376
[I](2022-10-19  02:57:22 pm)    Y:   -305.0839
[I](2022-10-19  02:57:22 pm)    U:      0.0000
[I](2022-10-19  02:57:22 pm)    V:      0.0000
[I](2022-10-19  02:57:22 pm)    Z:      8.6073
[I](2022-10-19  02:57:22 pm)  * Angle
[I](2022-10-19  02:57:22 pm)    Ar:      0.1037,Kr:      0.0000
[I](2022-10-19  02:57:22 pm)    Taper_Ar:      0.0000
[I](2022-10-19  02:57:22 pm)작업중 정지 [d:0][t:00:00:00]
[I](2022-10-19  02:57:22 pm)    [LNo:0009] 000007/002254
[I](2022-10-19  02:57:49 pm)작업중 정지 [d:0][t:00:00:26]
[I](2022-10-19  02:57:49 pm)    [LNo:0009] 000274/002254
[I](2022-10-19  02:58:51 pm)작업중 정지 [d:0][t:00:01:29]
[I](2022-10-19  02:58:51 pm)    [LNo:0009] 000275/002254
[I](2022-10-19  02:59:28 pm)작업중 정지 [d:0][t:00:02:05]
[I](2022-10-19  02:59:28 pm)    [LNo:0009] 000944/002254
[I](2022-10-19  03:00:28 pm)작업중 정지 [d:0][t:00:03:05]
[I](2022-10-19  03:00:28 pm)    [LNo:0009] 000945/002254
[I](2022-10-19  03:01:10 pm)작업중 정지 [d:0][t:00:03:48]
[I](2022-10-19  03:01:10 pm)    [LNo:0009] 000947/002254
[I](2022-10-19  03:02:07 pm)작업중 정지 [d:0][t:00:04:45]
[I](2022-10-19  03:02:07 pm)    [LNo:0009] 001681/002254
[I](2022-10-19  03:03:13 pm)Reset
[I](2022-10-19  03:03:13 pm)Reset
[I](2022-10-19  03:03:13 pm)Reset
[I](2022-10-19  03:03:37 pm)Reset
[I](2022-10-19  03:03:37 pm)Reset
[I](2022-10-19  03:03:38 pm)Reset
[I](2022-10-19  03:03:38 pm)Reset
[I](2022-10-19  03:03:46 pm)작업 시작 [Start d:285]
[I](2022-10-19  03:03:46 pm)Nc File: [No.0009-517.NC]
[I](2022-10-19  03:03:46 pm)  * Start Machine Position
[I](2022-10-19  03:03:46 pm)    X:    102.4376
[I](2022-10-19  03:03:46 pm)    Y:   -305.0839
[I](2022-10-19  03:03:46 pm)    U:      0.0000
[I](2022-10-19  03:03:46 pm)    V:      0.0000
[I](2022-10-19  03:03:46 pm)    Z:      8.6073
[I](2022-10-19  03:03:46 pm)  * Angle
[I](2022-10-19  03:03:46 pm)    Ar:      0.1037,Kr:      0.0000
[I](2022-10-19  03:03:46 pm)    Taper_Ar:      0.0000
[I](2022-10-19  06:29:24 pm)작업중 정지 [d:168][t:03:25:37]
[I](2022-10-19  06:29:24 pm)    [LNo:0009] 002242/002254
[I](2022-10-19  06:29:24 pm)작업중 M코드정지 [d:168][t:03:25:37]
[I](2022-10-19  06:34:30 pm)작업중 정지 [d:168][t:03:30:43]
[I](2022-10-19  06:34:30 pm)    [LNo:0009] 002244/002254
[I](2022-10-19  06:34:30 pm)작업중 M코드정지 [d:168][t:03:30:43]
[I](2022-10-19  06:34:40 pm)Reset
[I](2022-10-19  06:34:41 pm)Reset
[I](2022-10-19  06:40:18 pm)Reset
[I](2022-10-19  06:40:36 pm)Reset
[I](2022-10-19  06:40:42 pm)Reset
[I](2022-10-19  06:40:55 pm)Reset
[I](2022-10-19  06:41:09 pm)Reset
[I](2022-10-19  06:41:17 pm)Reset
[I](2022-10-19  06:42:21 pm)Reset
[I](2022-10-19  06:44:21 pm)Reset
[I](2022-10-19  06:45:05 pm)Reset
[I](2022-10-19  06:45:14 pm)작업 시작 [Start d:453]
[I](2022-10-19  06:45:14 pm)Nc File: [No.0008-516.NC]
[I](2022-10-19  06:45:14 pm)  * Start Machine Position
[I](2022-10-19  06:45:14 pm)    X:    102.5335
[I](2022-10-19  06:45:14 pm)    Y:   -292.1669
[I](2022-10-19  06:45:14 pm)    U:      0.0000
[I](2022-10-19  06:45:14 pm)    V:      0.0000
[I](2022-10-19  06:45:14 pm)    Z:      8.6073
[I](2022-10-19  06:45:14 pm)  * Angle
[I](2022-10-19  06:45:14 pm)    Ar:      0.4663,Kr:      0.0000
[I](2022-10-19  06:45:14 pm)    Taper_Ar:      0.0000
[I](2022-10-19  06:45:43 pm)작업중 정지 [d:0][t:00:00:28]
[I](2022-10-19  06:45:43 pm)    [LNo:0008] 000744/002832
[I](2022-10-19  06:46:17 pm)작업중 정지 [d:0][t:00:01:02]
[I](2022-10-19  06:46:17 pm)    [LNo:0008] 000746/002832
[I](2022-10-19  06:47:04 pm)작업중 정지 [d:0][t:00:01:50]
[I](2022-10-19  06:47:04 pm)    [LNo:0008] 002016/002832
[I](2022-10-19  06:48:01 pm)작업중 정지 [d:0][t:00:02:47]
[I](2022-10-19  06:48:01 pm)    [LNo:0008] 002017/002832
[I](2022-10-19  06:48:57 pm)작업중 정지 [d:0][t:00:03:42]
[I](2022-10-19  06:48:57 pm)    [LNo:0008] 002686/002832
[I](2022-10-19  06:50:03 pm)Reset
[I](2022-10-19  06:50:04 pm)Reset
[I](2022-10-19  06:50:04 pm)Reset
[I](2022-10-19  06:50:29 pm)Reset
[I](2022-10-19  06:50:34 pm)작업 시작 [Start d:453]
[I](2022-10-19  06:50:34 pm)Nc File: [No.0008-516.NC]
[I](2022-10-19  06:50:34 pm)  * Start Machine Position
[I](2022-10-19  06:50:34 pm)    X:    102.5335
[I](2022-10-19  06:50:34 pm)    Y:   -292.1669
[I](2022-10-19  06:50:34 pm)    U:      0.0000
[I](2022-10-19  06:50:34 pm)    V:      0.0000
[I](2022-10-19  06:50:34 pm)    Z:      8.6073
[I](2022-10-19  06:50:34 pm)  * Angle
[I](2022-10-19  06:50:34 pm)    Ar:      0.4663,Kr:      0.0000
[I](2022-10-19  06:50:34 pm)    Taper_Ar:      0.0000
[I](2022-10-19  07:09:02 pm)작업중 정지 [d:10][t:00:18:28]
[I](2022-10-19  07:09:02 pm)    [LNo:0008] 000670/002832
[I](2022-10-19  07:09:02 pm)작업중 M코드정지 [d:10][t:00:18:28]
[I](2022-10-19  10:33:17 pm)작업중 정지 [d:181][t:03:42:42]
[I](2022-10-19  10:33:17 pm)    [LNo:0008] 002778/002832
[I](2022-10-19  10:33:17 pm)작업중 M코드정지 [d:181][t:03:42:42]
