[I](2022-08-10  07:35:27 am)작업중 정지 [d:775][t:13:04:48]
[I](2022-08-10  07:35:27 am)    [LNo:0004] 000420/000432
[I](2022-08-10  07:35:27 am)작업중 M코드정지 [d:775][t:13:04:48]
[I](2022-08-10  08:32:47 am)작업중 정지 [d:775][t:14:02:09]
[I](2022-08-10  08:32:47 am)    [LNo:0004] 000421/000432
[I](2022-08-10  08:32:47 am)작업중 30sec 접촉 정지 [d:775][t:14:02:09]
[I](2022-08-10  08:49:46 am)Reset
[I](2022-08-10  08:56:06 am)Reset
[I](2022-08-10  08:56:13 am)Reset
[I](2022-08-10  08:59:15 am)Reset
[I](2022-08-10  08:59:27 am)Reset
[I](2022-08-10  09:01:40 am)작업 시작 [Start d:799]
[I](2022-08-10  09:01:40 am)Nc File: [No.0005-282.NC]
[I](2022-08-10  09:01:40 am)  * Start Machine Position
[I](2022-08-10  09:01:40 am)    X:    544.2811
[I](2022-08-10  09:01:40 am)    Y:   -321.7065
[I](2022-08-10  09:01:40 am)    U:      0.0000
[I](2022-08-10  09:01:40 am)    V:      0.0000
[I](2022-08-10  09:01:40 am)    Z:     53.0586
[I](2022-08-10  09:01:40 am)  * Angle
[I](2022-08-10  09:01:40 am)    Ar:     -0.2417,Kr:      0.0000
[I](2022-08-10  09:01:40 am)    Taper_Ar:      0.0000
[I](2022-08-10  10:34:49 am)작업중 정지 [d:-706][t:01:33:09]
[I](2022-08-10  10:34:49 am)    [LNo:0005] 000026/000210
[I](2022-08-10  10:34:49 am)작업중 M코드정지 [d:-706][t:01:33:09]
[I](2022-08-10  10:35:33 am)작업중 정지 [d:-706][t:01:33:53]
[I](2022-08-10  10:35:33 am)    [LNo:0005] 000027/000210
[I](2022-08-10  10:35:33 am)작업중 30sec 접촉 정지 [d:-706][t:01:33:53]
[I](2022-08-10  10:37:04 am)작업 재시작
[I](2022-08-10  10:37:13 am)작업중 정지 [d:-706][t:01:35:33]
[I](2022-08-10  10:37:13 am)    [LNo:0005] 000029/000210
[I](2022-08-10  10:37:13 am)작업중 M코드정지 [d:-706][t:01:35:33]
[I](2022-08-10  11:20:04 am)작업중 정지 [d:-665][t:02:18:24]
[I](2022-08-10  11:20:04 am)    [LNo:0005] 000090/000210
[I](2022-08-10  11:20:04 am)작업중 30sec 접촉 정지 [d:-665][t:02:18:24]
[I](2022-08-10  11:20:36 am)작업 재시작
[I](2022-08-10  11:20:51 am)작업중 정지 [d:-665][t:02:19:11]
[I](2022-08-10  11:20:51 am)    [LNo:0005] 000090/000210
[A](2022-08-10  11:20:51 am)[008] 작업중 단선(AWF Feed Motor Stop )
[I](2022-08-10  11:20:51 am)작업중 Wire 단선 [d:-665][t:02:19:11]
[I](2022-08-10  11:22:01 am)작업 재시작
[I](2022-08-10  12:57:41 pm)작업중 정지 [d:-570][t:03:56:01]
[I](2022-08-10  12:57:41 pm)    [LNo:0005] 000101/000210
[I](2022-08-10  12:57:42 pm)작업중 M코드정지 [d:-570][t:03:56:01]
[I](2022-08-10  01:00:39 pm)작업중 정지 [d:-570][t:03:58:59]
[I](2022-08-10  01:00:39 pm)    [LNo:0005] 000102/000210
[I](2022-08-10  01:00:39 pm)작업중 30sec 접촉 정지 [d:-570][t:03:58:59]
[I](2022-08-10  01:00:44 pm)작업 재시작
[I](2022-08-10  01:00:49 pm)작업중 정지 [d:-570][t:03:59:09]
[I](2022-08-10  01:00:49 pm)    [LNo:0005] 000102/000210
[I](2022-08-10  01:02:01 pm)작업 재시작
[I](2022-08-10  01:02:14 pm)작업중 정지 [d:-570][t:04:00:34]
[I](2022-08-10  01:02:14 pm)    [LNo:0005] 000104/000210
[I](2022-08-10  01:02:14 pm)작업중 M코드정지 [d:-570][t:04:00:34]
[I](2022-08-10  01:50:41 pm)작업중 정지 [d:-523][t:04:49:01]
[I](2022-08-10  01:50:41 pm)    [LNo:0005] 000169/000210
[A](2022-08-10  01:50:41 pm)[008] 작업중 단선(AWF Feed Motor Stop )
[I](2022-08-10  01:50:41 pm)작업중 Wire 단선 [d:-523][t:04:49:01]
[I](2022-08-10  01:51:58 pm)작업 재시작
[I](2022-08-10  03:27:33 pm)작업중 정지 [d:-428][t:06:25:53]
[I](2022-08-10  03:27:33 pm)    [LNo:0005] 000178/000210
[A](2022-08-10  03:27:35 pm)[053] Emergency Stop
[A](2022-08-10  03:27:35 pm)[005] READY Off(Alarm)
[I](2022-08-10  03:27:35 pm)    X:    535.5025
[I](2022-08-10  03:27:35 pm)    Y:   -303.5654
[I](2022-08-10  03:27:35 pm)    U:      0.0000
[I](2022-08-10  03:27:35 pm)    V:      0.0000
[I](2022-08-10  03:27:35 pm)    Z:     53.0586
[I](2022-08-10  03:31:42 pm)Ready On
[I](2022-08-10  03:33:48 pm)작업 재시작
[I](2022-08-10  05:33:34 pm)작업중 정지 [d:-308][t:08:31:54]
[I](2022-08-10  05:33:34 pm)    [LNo:0005] 000198/000210
[I](2022-08-10  05:33:34 pm)작업중 M코드정지 [d:-308][t:08:31:54]
[I](2022-08-10  05:34:40 pm)작업중 정지 [d:-308][t:08:33:00]
[I](2022-08-10  05:34:40 pm)    [LNo:0005] 000199/000210
[I](2022-08-10  05:34:40 pm)Wire Contact Auto Stop(M52)
[A](2022-08-10  05:35:11 pm)[037] 자동결선 잔여 WIRE 처리 실패!!
[I](2022-08-10  05:42:06 pm)Reset
[I](2022-08-10  05:42:07 pm)Reset
[I](2022-08-10  05:42:11 pm)Reset
[I](2022-08-10  05:42:17 pm)Reset
[I](2022-08-10  05:42:56 pm)Reset
[I](2022-08-10  05:43:57 pm)Reset
[I](2022-08-10  05:44:38 pm)Reset
[I](2022-08-10  05:44:42 pm)Reset
[I](2022-08-10  05:45:03 pm)Reset
[I](2022-08-10  05:46:24 pm)Reset
[A](2022-08-10  05:46:51 pm)[037] 자동결선 잔여 WIRE 처리 실패!!
[I](2022-08-10  05:48:16 pm)Reset
[I](2022-08-10  05:48:37 pm)Reset
[I](2022-08-10  05:49:51 pm)Reset
[I](2022-08-10  05:51:05 pm)Reset
[I](2022-08-10  05:51:05 pm)Reset
[I](2022-08-10  05:51:20 pm)Reset
[I](2022-08-10  05:51:32 pm)Reset
[I](2022-08-10  05:51:33 pm)Reset
[I](2022-08-10  05:52:08 pm)Reset
[I](2022-08-10  05:52:43 pm)작업 시작 [Start d:0]
[I](2022-08-10  05:52:43 pm)Nc File: [No.0008-283.NC]
[I](2022-08-10  05:52:43 pm)  * Start Machine Position
[I](2022-08-10  05:52:43 pm)    X:    114.7646
[I](2022-08-10  05:52:43 pm)    Y:   -330.7277
[I](2022-08-10  05:52:43 pm)    U:      0.0000
[I](2022-08-10  05:52:43 pm)    V:      0.0000
[I](2022-08-10  05:52:43 pm)    Z:     38.6356
[I](2022-08-10  05:52:43 pm)  * Angle
[I](2022-08-10  05:52:43 pm)    Ar:      0.3067,Kr:      0.0000
[I](2022-08-10  05:52:43 pm)    Taper_Ar:      0.0000
[I](2022-08-10  05:53:18 pm)작업중 정지 [d:0][t:00:00:35]
[I](2022-08-10  05:53:18 pm)    [LNo:0008] 000013/000454
[I](2022-08-10  05:56:49 pm)작업중 정지 [d:2][t:00:04:06]
[I](2022-08-10  05:56:49 pm)    [LNo:0008] 000065/000454
[I](2022-08-10  05:59:06 pm)작업중 정지 [d:3][t:00:06:22]
[I](2022-08-10  05:59:06 pm)    [LNo:0008] 000117/000454
[I](2022-08-10  05:59:06 pm)작업중 정지 [d:3][t:00:06:23]
[I](2022-08-10  05:59:06 pm)    [LNo:0008] 000120/000454
[I](2022-08-10  05:59:25 pm)작업중 정지 [d:3][t:00:06:41]
[I](2022-08-10  05:59:25 pm)    [LNo:0008] 000220/000454
[I](2022-08-10  05:59:27 pm)작업중 정지 [d:3][t:00:06:43]
[I](2022-08-10  05:59:27 pm)    [LNo:0008] 000221/000454
[I](2022-08-10  05:59:39 pm)작업중 정지 [d:3][t:00:06:56]
[I](2022-08-10  05:59:39 pm)    [LNo:0008] 000272/000454
[I](2022-08-10  06:00:54 pm)작업중 정지 [d:4][t:00:08:10]
[I](2022-08-10  06:00:54 pm)    [LNo:0008] 000305/000454
[I](2022-08-10  06:03:12 pm)작업중 정지 [d:5][t:00:10:29]
[I](2022-08-10  06:03:12 pm)    [LNo:0008] 000333/000454
[I](2022-08-10  06:04:32 pm)Reset
[I](2022-08-10  06:04:32 pm)Reset
[I](2022-08-10  06:04:33 pm)Reset
[I](2022-08-10  06:04:36 pm)작업 시작 [Start d:5]
[I](2022-08-10  06:04:36 pm)Nc File: [No.0008-283.NC]
[I](2022-08-10  06:04:36 pm)  * Start Machine Position
[I](2022-08-10  06:04:36 pm)    X:    114.7646
[I](2022-08-10  06:04:36 pm)    Y:   -330.7277
[I](2022-08-10  06:04:36 pm)    U:      0.0000
[I](2022-08-10  06:04:36 pm)    V:      0.0000
[I](2022-08-10  06:04:36 pm)    Z:     38.6356
[I](2022-08-10  06:04:36 pm)  * Angle
[I](2022-08-10  06:04:36 pm)    Ar:      0.3067,Kr:      0.0000
[I](2022-08-10  06:04:36 pm)    Taper_Ar:      0.0000
[I](2022-08-10  06:40:23 pm)작업중 정지 [d:35][t:00:35:46]
[I](2022-08-10  06:40:23 pm)    [LNo:0008] 000059/000454
[A](2022-08-10  06:45:00 pm)[037] 자동결선 잔여 WIRE 처리 실패!!
