[I](2022-08-04  08:41:23 am)작업중 정지 [d:162][t:13:09:12]
[I](2022-08-04  08:41:23 am)    [LNo:0004] 001929/001951
[I](2022-08-04  08:44:19 am)작업중 정지 [d:164][t:13:12:08]
[I](2022-08-04  08:44:19 am)    [LNo:0004] 001940/001951
[I](2022-08-04  08:44:19 am)작업중 M코드정지 [d:164][t:13:12:08]
[I](2022-08-04  08:44:39 am)작업중 정지 [d:164][t:13:12:28]
[I](2022-08-04  08:44:39 am)    [LNo:0004] 001941/001951
[A](2022-08-04  08:44:39 am)[008] 작업중 단선(AWF Feed Motor Stop )
[I](2022-08-04  08:44:39 am)작업중 Wire 단선 [d:164][t:13:12:28]
[A](2022-08-04  08:45:37 am)[001] 와이어 미동작
[I](2022-08-04  08:45:56 am)작업 재시작
[I](2022-08-04  08:46:25 am)작업중 정지 [d:164][t:13:14:14]
[I](2022-08-04  08:46:25 am)    [LNo:0004] 001946/001951
[I](2022-08-04  08:46:41 am)Reset
[I](2022-08-04  08:46:41 am)Reset
[I](2022-08-04  08:47:00 am)작업 시작 [Start d:245]
[I](2022-08-04  08:47:00 am)Nc File: [No.0005-653.NC]
[I](2022-08-04  08:47:00 am)  * Start Machine Position
[I](2022-08-04  08:47:00 am)    X:    238.6733
[I](2022-08-04  08:47:00 am)    Y:   -256.5322
[I](2022-08-04  08:47:00 am)    U:      0.0000
[I](2022-08-04  08:47:00 am)    V:      0.0000
[I](2022-08-04  08:47:00 am)    Z:     30.5170
[I](2022-08-04  08:47:00 am)  * Angle
[I](2022-08-04  08:47:00 am)    Ar:      0.0322,Kr:      0.0000
[I](2022-08-04  08:47:00 am)    Taper_Ar:      0.0000
[I](2022-08-04  08:47:19 am)작업중 정지 [d:0][t:00:00:19]
[I](2022-08-04  08:47:19 am)    [LNo:0005] 000148/002025
[I](2022-08-04  08:50:05 am)작업중 정지 [d:0][t:00:03:05]
[I](2022-08-04  08:50:05 am)    [LNo:0005] 000157/002025
[A](2022-08-04  08:50:05 am)[008] 작업중 단선(AWF Feed Motor Stop )
[I](2022-08-04  08:50:05 am)작업중 Wire 단선 [d:0][t:00:03:05]
[I](2022-08-04  08:50:58 am)작업 재시작
[I](2022-08-04  08:53:46 am)작업중 정지 [d:3][t:00:06:46]
[I](2022-08-04  08:53:46 am)    [LNo:0005] 000160/002025
[A](2022-08-04  08:53:46 am)[008] 작업중 단선(AWF Feed Motor Stop )
[I](2022-08-04  08:53:46 am)작업중 Wire 단선 [d:3][t:00:06:46]
[I](2022-08-04  08:54:59 am)작업 재시작
[I](2022-08-04  08:55:04 am)작업중 정지 [d:3][t:00:08:04]
[I](2022-08-04  08:55:04 am)    [LNo:0005] 000160/002025
[I](2022-08-04  08:55:04 am)작업중 30sec 접촉 정지 [d:3][t:00:08:04]
[I](2022-08-04  08:55:40 am)작업 재시작
[I](2022-08-04  09:06:51 am)작업중 정지 [d:14][t:00:19:51]
[I](2022-08-04  09:06:51 am)    [LNo:0005] 000170/002025
[I](2022-08-04  09:06:51 am)작업중 M코드정지 [d:14][t:00:19:51]
[I](2022-08-04  09:07:08 am)작업중 정지 [d:14][t:00:20:08]
[I](2022-08-04  09:07:08 am)    [LNo:0005] 000172/002025
[I](2022-08-04  09:07:29 am)작업 재시작
[I](2022-08-04  09:07:33 am)작업중 정지 [d:14][t:00:20:33]
[I](2022-08-04  09:07:33 am)    [LNo:0005] 000174/002025
[I](2022-08-04  09:07:33 am)작업중 M코드정지 [d:14][t:00:20:33]
[I](2022-08-04  09:10:30 am)작업중 정지 [d:16][t:00:23:30]
[I](2022-08-04  09:10:30 am)    [LNo:0005] 000195/002025
[I](2022-08-04  09:10:30 am)작업중 30sec 접촉 정지 [d:16][t:00:23:30]
[I](2022-08-04  09:10:44 am)작업 재시작
[I](2022-08-04  09:10:59 am)작업중 정지 [d:16][t:00:23:58]
[I](2022-08-04  09:10:59 am)    [LNo:0005] 000195/002025
[A](2022-08-04  09:10:59 am)[008] 작업중 단선(AWF Feed Motor Stop )
[I](2022-08-04  09:10:59 am)작업중 Wire 단선 [d:16][t:00:23:59]
[I](2022-08-04  09:12:09 am)작업 재시작
[I](2022-08-04  09:24:19 am)작업중 정지 [d:28][t:00:37:19]
[I](2022-08-04  09:24:19 am)    [LNo:0005] 000204/002025
[I](2022-08-04  09:24:19 am)작업중 M코드정지 [d:28][t:00:37:19]
[I](2022-08-04  09:25:25 am)작업중 정지 [d:28][t:00:38:25]
[I](2022-08-04  09:25:25 am)    [LNo:0005] 000206/002025
[I](2022-08-04  09:25:44 am)작업 재시작
[I](2022-08-04  09:25:55 am)작업중 정지 [d:28][t:00:38:55]
[I](2022-08-04  09:25:55 am)    [LNo:0005] 000208/002025
[I](2022-08-04  09:25:55 am)작업중 M코드정지 [d:28][t:00:38:55]
[I](2022-08-04  09:29:23 am)작업중 정지 [d:30][t:00:42:23]
[I](2022-08-04  09:29:23 am)    [LNo:0005] 000229/002025
[A](2022-08-04  09:29:23 am)[008] 작업중 단선(AWF Feed Motor Stop )
[I](2022-08-04  09:29:23 am)작업중 Wire 단선 [d:30][t:00:42:23]
[I](2022-08-04  09:30:33 am)작업 재시작
[I](2022-08-04  09:42:17 am)작업중 정지 [d:41][t:00:55:17]
[I](2022-08-04  09:42:17 am)    [LNo:0005] 000238/002025
[I](2022-08-04  09:42:17 am)작업중 M코드정지 [d:41][t:00:55:17]
[I](2022-08-04  09:42:48 am)작업중 정지 [d:41][t:00:55:48]
[I](2022-08-04  09:42:48 am)    [LNo:0005] 000240/002025
[I](2022-08-04  09:43:17 am)작업 재시작
[I](2022-08-04  09:43:27 am)작업중 정지 [d:41][t:00:56:27]
[I](2022-08-04  09:43:27 am)    [LNo:0005] 000242/002025
[I](2022-08-04  09:43:27 am)작업중 M코드정지 [d:41][t:00:56:27]
[I](2022-08-04  09:51:27 am)작업중 정지 [d:43][t:01:04:27]
[I](2022-08-04  09:51:27 am)    [LNo:0005] 000263/002025
[A](2022-08-04  09:51:27 am)[008] 작업중 단선(AWF Feed Motor Stop )
[I](2022-08-04  09:51:27 am)작업중 Wire 단선 [d:43][t:01:04:27]
[I](2022-08-04  09:52:39 am)작업 재시작
[I](2022-08-04  10:04:27 am)작업중 정지 [d:54][t:01:17:27]
[I](2022-08-04  10:04:27 am)    [LNo:0005] 000272/002025
[I](2022-08-04  10:04:27 am)작업중 M코드정지 [d:54][t:01:17:27]
[I](2022-08-04  10:07:28 am)작업중 정지 [d:55][t:01:20:28]
[I](2022-08-04  10:07:28 am)    [LNo:0005] 000274/002025
[I](2022-08-04  10:08:06 am)작업 재시작
[I](2022-08-04  10:08:17 am)작업중 정지 [d:55][t:01:21:17]
[I](2022-08-04  10:08:17 am)    [LNo:0005] 000276/002025
[I](2022-08-04  10:08:17 am)작업중 M코드정지 [d:55][t:01:21:17]
[I](2022-08-04  10:23:49 am)작업중 정지 [d:69][t:01:36:49]
[I](2022-08-04  10:23:49 am)    [LNo:0005] 000306/002025
[I](2022-08-04  10:23:49 am)작업중 M코드정지 [d:69][t:01:36:49]
[I](2022-08-04  10:28:04 am)작업중 정지 [d:69][t:01:41:04]
[I](2022-08-04  10:28:04 am)    [LNo:0005] 000308/002025
[I](2022-08-04  10:28:43 am)작업 재시작
[I](2022-08-04  10:28:53 am)작업중 정지 [d:69][t:01:41:53]
[I](2022-08-04  10:28:53 am)    [LNo:0005] 000310/002025
[I](2022-08-04  10:28:53 am)작업중 M코드정지 [d:69][t:01:41:53]
[I](2022-08-04  10:32:35 am)작업중 정지 [d:72][t:01:45:35]
[I](2022-08-04  10:32:35 am)    [LNo:0005] 000331/002025
[A](2022-08-04  10:32:35 am)[008] 작업중 단선(AWF Feed Motor Stop )
[I](2022-08-04  10:32:35 am)작업중 Wire 단선 [d:72][t:01:45:35]
[I](2022-08-04  10:33:46 am)작업 재시작
[I](2022-08-04  10:45:41 am)작업중 정지 [d:84][t:01:58:41]
[I](2022-08-04  10:45:41 am)    [LNo:0005] 000340/002025
[I](2022-08-04  10:45:41 am)작업중 M코드정지 [d:84][t:01:58:41]
[I](2022-08-04  10:49:28 am)작업중 정지 [d:85][t:02:02:28]
[I](2022-08-04  10:49:28 am)    [LNo:0005] 000342/002025
[I](2022-08-04  10:49:58 am)작업 재시작
[I](2022-08-04  10:50:09 am)작업중 정지 [d:85][t:02:03:09]
[I](2022-08-04  10:50:09 am)    [LNo:0005] 000344/002025
[I](2022-08-04  10:50:09 am)작업중 M코드정지 [d:85][t:02:03:09]
[I](2022-08-04  10:53:55 am)작업중 정지 [d:87][t:02:06:55]
[I](2022-08-04  10:53:55 am)    [LNo:0005] 000365/002025
[A](2022-08-04  10:53:55 am)[008] 작업중 단선(AWF Feed Motor Stop )
[I](2022-08-04  10:53:55 am)작업중 Wire 단선 [d:87][t:02:06:55]
[I](2022-08-04  10:55:06 am)작업 재시작
[I](2022-08-04  11:07:04 am)작업중 정지 [d:99][t:02:20:04]
[I](2022-08-04  11:07:04 am)    [LNo:0005] 000374/002025
[I](2022-08-04  11:07:04 am)작업중 M코드정지 [d:99][t:02:20:04]
[I](2022-08-04  11:16:04 am)작업중 정지 [d:99][t:02:29:04]
[I](2022-08-04  11:16:04 am)    [LNo:0005] 000376/002025
[I](2022-08-04  11:16:32 am)작업 재시작
[I](2022-08-04  11:16:42 am)작업중 정지 [d:99][t:02:29:42]
[I](2022-08-04  11:16:42 am)    [LNo:0005] 000378/002025
[I](2022-08-04  11:16:42 am)작업중 M코드정지 [d:99][t:02:29:42]
[I](2022-08-04  11:32:04 am)작업중 정지 [d:113][t:02:45:04]
[I](2022-08-04  11:32:04 am)    [LNo:0005] 000408/002025
[I](2022-08-04  11:32:04 am)작업중 M코드정지 [d:113][t:02:45:04]
[I](2022-08-04  11:32:14 am)작업중 정지 [d:113][t:02:45:14]
[I](2022-08-04  11:32:14 am)    [LNo:0005] 000410/002025
[I](2022-08-04  11:32:35 am)작업 재시작
[I](2022-08-04  11:32:46 am)작업중 정지 [d:113][t:02:45:46]
[I](2022-08-04  11:32:46 am)    [LNo:0005] 000412/002025
[I](2022-08-04  11:32:46 am)작업중 M코드정지 [d:113][t:02:45:46]
[I](2022-08-04  11:48:08 am)작업중 정지 [d:127][t:03:01:08]
[I](2022-08-04  11:48:08 am)    [LNo:0005] 000442/002025
[I](2022-08-04  11:48:08 am)작업중 M코드정지 [d:127][t:03:01:08]
[I](2022-08-04  11:51:54 am)작업중 정지 [d:127][t:03:04:54]
[I](2022-08-04  11:51:54 am)    [LNo:0005] 000444/002025
[I](2022-08-04  11:52:24 am)작업 재시작
[I](2022-08-04  11:52:36 am)작업중 정지 [d:128][t:03:05:36]
[I](2022-08-04  11:52:36 am)    [LNo:0005] 000446/002025
[I](2022-08-04  11:52:36 am)작업중 M코드정지 [d:128][t:03:05:36]
[I](2022-08-04  12:08:05 pm)작업중 정지 [d:142][t:03:21:05]
[I](2022-08-04  12:08:05 pm)    [LNo:0005] 000476/002025
[I](2022-08-04  12:08:05 pm)작업중 M코드정지 [d:142][t:03:21:05]
[I](2022-08-04  12:11:23 pm)작업중 정지 [d:142][t:03:24:23]
[I](2022-08-04  12:11:23 pm)    [LNo:0005] 000478/002025
[I](2022-08-04  12:11:44 pm)작업 재시작
[I](2022-08-04  12:11:55 pm)작업중 정지 [d:142][t:03:24:55]
[I](2022-08-04  12:11:55 pm)    [LNo:0005] 000480/002025
[I](2022-08-04  12:11:55 pm)작업중 M코드정지 [d:142][t:03:24:55]
[I](2022-08-04  12:26:58 pm)작업중 정지 [d:156][t:03:39:58]
[I](2022-08-04  12:26:58 pm)    [LNo:0005] 000510/002025
[I](2022-08-04  12:26:58 pm)작업중 M코드정지 [d:156][t:03:39:58]
[I](2022-08-04  12:27:35 pm)작업중 정지 [d:157][t:03:40:35]
[I](2022-08-04  12:27:35 pm)    [LNo:0005] 000512/002025
[I](2022-08-04  12:27:57 pm)작업 재시작
[I](2022-08-04  12:28:10 pm)작업중 정지 [d:157][t:03:41:10]
[I](2022-08-04  12:28:10 pm)    [LNo:0005] 000514/002025
[I](2022-08-04  12:28:10 pm)작업중 M코드정지 [d:157][t:03:41:10]
[I](2022-08-04  12:28:14 pm)작업중 정지 [d:157][t:03:41:14]
[I](2022-08-04  12:28:14 pm)    [LNo:0005] 000517/002025
[I](2022-08-04  12:29:28 pm)작업중 정지 [d:157][t:03:42:28]
[I](2022-08-04  12:29:28 pm)    [LNo:0005] 000629/002025
[I](2022-08-04  01:00:33 pm)작업중 정지 [d:187][t:04:13:33]
[I](2022-08-04  01:00:33 pm)    [LNo:0005] 000653/002025
[I](2022-08-04  01:00:34 pm)작업중 M코드정지 [d:187][t:04:13:33]
[I](2022-08-04  01:03:13 pm)작업중 정지 [d:187][t:04:16:13]
[I](2022-08-04  01:03:13 pm)    [LNo:0005] 000655/002025
[I](2022-08-04  01:03:42 pm)작업 재시작
[I](2022-08-04  01:03:56 pm)작업중 정지 [d:187][t:04:16:56]
[I](2022-08-04  01:03:56 pm)    [LNo:0005] 000657/002025
[I](2022-08-04  01:03:56 pm)작업중 M코드정지 [d:187][t:04:16:56]
[I](2022-08-04  01:08:05 pm)작업중 정지 [d:189][t:04:21:05]
[I](2022-08-04  01:08:05 pm)    [LNo:0005] 000678/002025
[A](2022-08-04  01:08:05 pm)[008] 작업중 단선(AWF Feed Motor Stop )
[I](2022-08-04  01:08:05 pm)작업중 Wire 단선 [d:189][t:04:21:05]
[I](2022-08-04  01:09:15 pm)작업 재시작
[I](2022-08-04  01:25:31 pm)작업중 정지 [d:206][t:04:38:31]
[I](2022-08-04  01:25:31 pm)    [LNo:0005] 000689/002025
[I](2022-08-04  01:25:31 pm)작업중 M코드정지 [d:206][t:04:38:31]
[I](2022-08-04  01:27:05 pm)작업중 정지 [d:206][t:04:40:05]
[I](2022-08-04  01:27:05 pm)    [LNo:0005] 000691/002025
[I](2022-08-04  01:27:41 pm)작업 재시작
[I](2022-08-04  01:27:55 pm)작업중 정지 [d:206][t:04:40:55]
[I](2022-08-04  01:27:55 pm)    [LNo:0005] 000693/002025
[I](2022-08-04  01:27:55 pm)작업중 M코드정지 [d:206][t:04:40:55]
[I](2022-08-04  01:50:31 pm)작업중 정지 [d:227][t:05:03:31]
[I](2022-08-04  01:50:31 pm)    [LNo:0005] 000725/002025
[I](2022-08-04  01:50:31 pm)작업중 M코드정지 [d:227][t:05:03:31]
[I](2022-08-04  01:50:59 pm)작업중 정지 [d:227][t:05:03:59]
[I](2022-08-04  01:50:59 pm)    [LNo:0005] 000727/002025
[I](2022-08-04  01:51:29 pm)작업 재시작
[I](2022-08-04  01:51:42 pm)작업중 정지 [d:227][t:05:04:42]
[I](2022-08-04  01:51:42 pm)    [LNo:0005] 000729/002025
[I](2022-08-04  01:51:42 pm)작업중 M코드정지 [d:227][t:05:04:42]
[I](2022-08-04  02:05:46 pm)작업중 정지 [d:240][t:05:18:46]
[I](2022-08-04  02:05:46 pm)    [LNo:0005] 000753/002025
[I](2022-08-04  02:05:46 pm)작업중 M코드정지 [d:240][t:05:18:46]
[I](2022-08-04  02:06:11 pm)작업중 정지 [d:240][t:05:19:11]
[I](2022-08-04  02:06:11 pm)    [LNo:0005] 000755/002025
[I](2022-08-04  02:06:40 pm)작업 재시작
[I](2022-08-04  02:06:49 pm)작업중 정지 [d:240][t:05:19:49]
[I](2022-08-04  02:06:49 pm)    [LNo:0005] 000757/002025
[I](2022-08-04  02:06:49 pm)작업중 M코드정지 [d:240][t:05:19:49]
[I](2022-08-04  02:25:17 pm)작업중 정지 [d:257][t:05:38:17]
[I](2022-08-04  02:25:17 pm)    [LNo:0005] 000781/002025
[I](2022-08-04  02:25:17 pm)작업중 M코드정지 [d:257][t:05:38:17]
[I](2022-08-04  02:29:32 pm)작업중 정지 [d:258][t:05:42:32]
[I](2022-08-04  02:29:32 pm)    [LNo:0005] 000783/002025
[I](2022-08-04  02:29:53 pm)작업 재시작
[I](2022-08-04  02:30:04 pm)작업중 정지 [d:258][t:05:43:04]
[I](2022-08-04  02:30:04 pm)    [LNo:0005] 000785/002025
[I](2022-08-04  02:30:04 pm)작업중 M코드정지 [d:258][t:05:43:04]
[I](2022-08-04  02:49:00 pm)작업중 정지 [d:275][t:06:02:00]
[I](2022-08-04  02:49:00 pm)    [LNo:0005] 000817/002025
[I](2022-08-04  02:49:01 pm)작업중 M코드정지 [d:275][t:06:02:01]
[I](2022-08-04  02:51:09 pm)작업중 정지 [d:275][t:06:04:09]
[I](2022-08-04  02:51:09 pm)    [LNo:0005] 000819/002025
[I](2022-08-04  02:51:40 pm)작업 재시작
[I](2022-08-04  02:51:52 pm)작업중 정지 [d:275][t:06:04:52]
[I](2022-08-04  02:51:52 pm)    [LNo:0005] 000821/002025
[I](2022-08-04  02:51:52 pm)작업중 M코드정지 [d:275][t:06:04:52]
[I](2022-08-04  03:12:30 pm)작업중 정지 [d:295][t:06:25:30]
[I](2022-08-04  03:12:30 pm)    [LNo:0005] 000853/002025
[I](2022-08-04  03:12:30 pm)작업중 M코드정지 [d:295][t:06:25:30]
[I](2022-08-04  03:13:42 pm)작업중 정지 [d:295][t:06:26:42]
[I](2022-08-04  03:13:42 pm)    [LNo:0005] 000855/002025
[I](2022-08-04  03:14:14 pm)작업 재시작
[I](2022-08-04  03:14:27 pm)작업중 정지 [d:296][t:06:27:27]
[I](2022-08-04  03:14:27 pm)    [LNo:0005] 000857/002025
[I](2022-08-04  03:14:27 pm)작업중 M코드정지 [d:296][t:06:27:27]
[I](2022-08-04  03:27:18 pm)작업중 정지 [d:307][t:06:40:18]
[I](2022-08-04  03:27:18 pm)    [LNo:0005] 000881/002025
[I](2022-08-04  03:27:18 pm)작업중 M코드정지 [d:307][t:06:40:18]
[I](2022-08-04  03:27:59 pm)작업중 정지 [d:307][t:06:40:59]
[I](2022-08-04  03:27:59 pm)    [LNo:0005] 000883/002025
[I](2022-08-04  03:28:36 pm)작업 재시작
[I](2022-08-04  03:28:46 pm)작업중 정지 [d:307][t:06:41:46]
[I](2022-08-04  03:28:46 pm)    [LNo:0005] 000885/002025
[I](2022-08-04  03:28:47 pm)작업중 M코드정지 [d:307][t:06:41:46]
[I](2022-08-04  03:29:27 pm)작업중 정지 [d:307][t:06:42:27]
[I](2022-08-04  03:29:27 pm)    [LNo:0005] 000888/002025
[I](2022-08-04  03:29:27 pm)작업중 Single Block Stop [d:307][t:06:42:27]
[I](2022-08-04  03:30:11 pm)작업중 정지 [d:307][t:06:43:11]
[I](2022-08-04  03:30:11 pm)    [LNo:0005] 000942/002025
[I](2022-08-04  03:55:40 pm)작업중 정지 [d:332][t:07:08:40]
[I](2022-08-04  03:55:40 pm)    [LNo:0005] 000982/002025
[I](2022-08-04  03:55:40 pm)작업중 M코드정지 [d:332][t:07:08:40]
[I](2022-08-04  03:57:02 pm)작업중 정지 [d:332][t:07:10:02]
[I](2022-08-04  03:57:02 pm)    [LNo:0005] 000983/002025
[I](2022-08-04  03:57:39 pm)작업 재시작
[I](2022-08-04  03:57:45 pm)작업중 정지 [d:332][t:07:10:45]
[I](2022-08-04  03:57:45 pm)    [LNo:0005] 000984/002025
[I](2022-08-04  03:57:45 pm)작업중 M코드정지 [d:332][t:07:10:45]
[I](2022-08-04  04:00:19 pm)작업중 정지 [d:332][t:07:13:18]
[I](2022-08-04  04:00:19 pm)    [LNo:0005] 000986/002025
[I](2022-08-04  04:00:45 pm)작업 재시작
[I](2022-08-04  04:47:44 pm)작업중 정지 [d:378][t:08:00:44]
[I](2022-08-04  04:47:44 pm)    [LNo:0005] 001036/002025
[I](2022-08-04  04:47:45 pm)작업중 M코드정지 [d:378][t:08:00:44]
[I](2022-08-04  04:51:15 pm)작업중 정지 [d:378][t:08:04:15]
[I](2022-08-04  04:51:15 pm)    [LNo:0005] 001038/002025
[I](2022-08-04  04:51:45 pm)작업 재시작
[I](2022-08-04  04:52:00 pm)작업중 정지 [d:378][t:08:05:00]
[I](2022-08-04  04:52:00 pm)    [LNo:0005] 001040/002025
[I](2022-08-04  04:52:00 pm)작업중 M코드정지 [d:378][t:08:05:00]
[I](2022-08-04  05:18:01 pm)작업중 정지 [d:402][t:08:31:01]
[I](2022-08-04  05:18:01 pm)    [LNo:0005] 001085/002025
[I](2022-08-04  05:18:01 pm)작업중 30sec 접촉 정지 [d:402][t:08:31:01]
[I](2022-08-04  05:18:17 pm)작업 재시작
[I](2022-08-04  05:18:28 pm)작업중 정지 [d:403][t:08:31:28]
[I](2022-08-04  05:18:28 pm)    [LNo:0005] 001087/002025
[I](2022-08-04  05:18:57 pm)작업 재시작
[I](2022-08-04  05:19:00 pm)작업중 정지 [d:403][t:08:32:00]
[I](2022-08-04  05:19:00 pm)    [LNo:0005] 001088/002025
[I](2022-08-04  05:19:00 pm)작업중 M코드정지 [d:403][t:08:32:00]
[I](2022-08-04  05:27:15 pm)작업중 정지 [d:403][t:08:40:15]
[I](2022-08-04  05:27:15 pm)    [LNo:0005] 001090/002025
[I](2022-08-04  05:27:15 pm)작업중 M코드정지 [d:403][t:08:40:15]
[I](2022-08-04  06:15:54 pm)작업중 정지 [d:450][t:09:28:54]
[I](2022-08-04  06:15:54 pm)    [LNo:0005] 001152/002025
[I](2022-08-04  06:15:54 pm)작업중 M코드정지 [d:450][t:09:28:54]
[I](2022-08-04  06:17:23 pm)작업중 정지 [d:450][t:09:30:23]
[I](2022-08-04  06:17:23 pm)    [LNo:0005] 001153/002025
[I](2022-08-04  06:17:53 pm)작업 재시작
[I](2022-08-04  06:17:59 pm)작업중 정지 [d:450][t:09:30:59]
[I](2022-08-04  06:17:59 pm)    [LNo:0005] 001154/002025
[I](2022-08-04  06:17:59 pm)작업중 M코드정지 [d:450][t:09:30:59]
[I](2022-08-04  06:18:41 pm)작업중 정지 [d:450][t:09:31:41]
[I](2022-08-04  06:18:41 pm)    [LNo:0005] 001157/002025
[I](2022-08-04  06:18:41 pm)작업중 Single Block Stop [d:450][t:09:31:41]
[I](2022-08-04  06:19:10 pm)작업중 정지 [d:450][t:09:32:10]
[I](2022-08-04  06:19:10 pm)    [LNo:0005] 000893/002025
[I](2022-08-04  06:49:06 pm)작업중 정지 [d:479][t:10:02:06]
[I](2022-08-04  06:49:06 pm)    [LNo:0005] 000930/002025
[I](2022-08-04  06:49:06 pm)작업중 M코드정지 [d:479][t:10:02:06]
[I](2022-08-04  06:49:48 pm)작업중 정지 [d:479][t:10:02:48]
[I](2022-08-04  06:49:48 pm)    [LNo:0005] 000932/002025
[I](2022-08-04  06:50:22 pm)작업 재시작
[I](2022-08-04  06:50:36 pm)작업중 정지 [d:480][t:10:03:36]
[I](2022-08-04  06:50:36 pm)    [LNo:0005] 000934/002025
[I](2022-08-04  06:50:36 pm)작업중 M코드정지 [d:480][t:10:03:36]
[I](2022-08-04  06:51:18 pm)작업중 정지 [d:480][t:10:04:18]
[I](2022-08-04  06:51:18 pm)    [LNo:0005] 000937/002025
[I](2022-08-04  06:51:18 pm)작업중 Single Block Stop [d:480][t:10:04:18]
[I](2022-08-04  06:56:31 pm)Reset
[I](2022-08-04  06:56:31 pm)Reset
[I](2022-08-04  06:56:43 pm)작업 시작 [Start d:0]
[I](2022-08-04  06:56:43 pm)Nc File: [No.0001-687.NC]
[I](2022-08-04  06:56:43 pm)  * Start Machine Position
[I](2022-08-04  06:56:43 pm)    X:    238.6733
[I](2022-08-04  06:56:43 pm)    Y:   -256.5322
[I](2022-08-04  06:56:43 pm)    U:      0.0000
[I](2022-08-04  06:56:43 pm)    V:      0.0000
[I](2022-08-04  06:56:43 pm)    Z:     30.5170
[I](2022-08-04  06:56:43 pm)  * Angle
[I](2022-08-04  06:56:43 pm)    Ar:      0.0322,Kr:      0.0000
[I](2022-08-04  06:56:43 pm)    Taper_Ar:      0.0000
[I](2022-08-04  06:56:43 pm)작업중 정지 [d:0][t:00:00:00]
[I](2022-08-04  06:56:43 pm)    [LNo:0001] 000005/000709
[I](2022-08-04  06:56:43 pm)작업중 Single Block Stop [d:0][t:00:00:00]
[I](2022-08-04  06:56:50 pm)작업중 정지 [d:0][t:00:00:06]
[I](2022-08-04  06:56:50 pm)    [LNo:0001] 000009/000709
[I](2022-08-04  06:56:57 pm)Reset
[I](2022-08-04  06:56:57 pm)Reset
[I](2022-08-04  06:57:10 pm)Reset
[I](2022-08-04  06:57:12 pm)작업 시작 [Start d:0]
[I](2022-08-04  06:57:12 pm)Nc File: [No.0001-687.NC]
[I](2022-08-04  06:57:12 pm)  * Start Machine Position
[I](2022-08-04  06:57:12 pm)    X:    238.6733
[I](2022-08-04  06:57:12 pm)    Y:   -256.5322
[I](2022-08-04  06:57:12 pm)    U:      0.0000
[I](2022-08-04  06:57:12 pm)    V:      0.0000
[I](2022-08-04  06:57:12 pm)    Z:     30.5170
[I](2022-08-04  06:57:12 pm)  * Angle
[I](2022-08-04  06:57:12 pm)    Ar:      0.0322,Kr:      0.0000
[I](2022-08-04  06:57:12 pm)    Taper_Ar:      0.0000
[I](2022-08-04  07:38:06 pm)작업중 정지 [d:40][t:00:40:54]
[I](2022-08-04  07:38:06 pm)    [LNo:0001] 000041/000709
[I](2022-08-04  07:40:54 pm)작업 재시작
