[I](2022-09-11  12:15:55 am)작업중 정지 [d:13][t:07:41:42]
[I](2022-09-11  12:15:55 am)    [LNo:0001] 001929/002454
[A](2022-09-11  12:15:55 am)[008] 작업중 단선(AWF Feed Motor Stop )
[I](2022-09-11  12:15:56 am)작업중 Wire 단선 [d:13][t:07:41:42]
[I](2022-09-11  12:17:04 am)작업 재시작
[I](2022-09-11  12:17:06 am)작업중 정지 [d:13][t:07:42:53]
[I](2022-09-11  12:17:06 am)    [LNo:0001] 001929/002454
[A](2022-09-11  12:17:06 am)[008] 작업중 단선(AWF Feed Motor Stop )
[I](2022-09-11  12:17:06 am)작업중 Wire 단선 [d:13][t:07:42:53]
[I](2022-09-11  12:18:13 am)작업 재시작
[I](2022-09-11  12:18:13 am)작업중 정지 [d:13][t:07:44:00]
[I](2022-09-11  12:18:13 am)    [LNo:0001] 001929/002454
[A](2022-09-11  12:18:13 am)[008] 작업중 단선(AWF Feed Motor Stop )
[I](2022-09-11  12:18:13 am)작업중 Wire 단선 [d:13][t:07:44:00]
[I](2022-09-11  12:19:28 am)작업 재시작
[I](2022-09-11  08:16:12 am)작업중 정지 [d:490][t:15:41:58]
[I](2022-09-11  08:16:12 am)    [LNo:0001] 002151/002454
[I](2022-09-11  08:16:28 am)작업 재시작
[I](2022-09-11  09:21:02 am)작업중 정지 [d:555][t:16:46:49]
[I](2022-09-11  09:21:02 am)    [LNo:0001] 002182/002454
[I](2022-09-11  09:25:43 am)작업 재시작
[I](2022-09-11  09:47:34 am)작업중 정지 [d:-373][t:17:13:21]
[I](2022-09-11  09:47:34 am)    [LNo:0001] 002196/002454
[I](2022-09-11  09:48:56 am)작업 재시작
[I](2022-09-11  11:13:38 am)작업중 정지 [d:-288][t:18:39:25]
[I](2022-09-11  11:13:38 am)    [LNo:0001] 002242/002454
[I](2022-09-11  11:13:38 am)작업중 Single Block Stop [d:-288][t:18:39:25]
[I](2022-09-11  11:15:07 am)Reset
[I](2022-09-11  11:15:19 am)Reset
[I](2022-09-11  11:15:42 am)Reset
[I](2022-09-11  11:16:21 am)작업 시작 [Start d:107]
[I](2022-09-11  11:16:21 am)Nc File: [No.0005-375.NC]
[I](2022-09-11  11:16:21 am)  * Start Machine Position
[I](2022-09-11  11:16:21 am)    X:    123.3371
[I](2022-09-11  11:16:21 am)    Y:   -286.2408
[I](2022-09-11  11:16:21 am)    U:      0.0000
[I](2022-09-11  11:16:21 am)    V:      0.0000
[I](2022-09-11  11:16:21 am)    Z:     44.4120
[I](2022-09-11  11:16:21 am)  * Angle
[I](2022-09-11  11:16:21 am)    Ar:      0.3236,Kr:      0.0000
[I](2022-09-11  11:16:21 am)    Taper_Ar:      0.0000
[I](2022-09-11  11:16:31 am)작업중 정지 [d:0][t:00:00:09]
[I](2022-09-11  11:16:31 am)    [LNo:0005] 000066/003471
[I](2022-09-11  11:17:55 am)작업중 정지 [d:0][t:00:01:33]
[I](2022-09-11  11:17:55 am)    [LNo:0005] 000903/003471
[I](2022-09-11  11:19:38 am)작업중 정지 [d:0][t:00:03:16]
[I](2022-09-11  11:19:38 am)    [LNo:0005] 000795/003471
[I](2022-09-11  11:24:09 am)Reset
[I](2022-09-11  11:24:09 am)Reset
[I](2022-09-11  11:24:10 am)Reset
[I](2022-09-11  11:25:55 am)Reset
[I](2022-09-11  11:26:13 am)Reset
[I](2022-09-11  11:26:19 am)Reset
[I](2022-09-11  11:26:30 am)Reset
[I](2022-09-11  11:26:30 am)Reset
[A](2022-09-11  11:28:36 am)[001] 와이어 미동작
[I](2022-09-11  11:29:12 am)Reset
[I](2022-09-11  11:29:12 am)Reset
[I](2022-09-11  11:31:00 am)Reset
[I](2022-09-11  11:31:22 am)Reset
[I](2022-09-11  11:31:34 am)Reset
[I](2022-09-11  11:32:09 am)Reset
[I](2022-09-11  11:32:09 am)Reset
[I](2022-09-11  11:32:21 am)Reset
[I](2022-09-11  11:32:50 am)Reset
[I](2022-09-11  11:33:09 am)Reset
[I](2022-09-11  11:33:09 am)Reset
[I](2022-09-11  11:33:10 am)Reset
[I](2022-09-11  11:34:38 am)Reset
[I](2022-09-11  11:35:54 am)작업 시작 [Start d:107]
[I](2022-09-11  11:35:54 am)Nc File: [No.0005-375.NC]
[I](2022-09-11  11:35:54 am)  * Start Machine Position
[I](2022-09-11  11:35:54 am)    X:    123.3177
[I](2022-09-11  11:35:54 am)    Y:   -286.4134
[I](2022-09-11  11:35:54 am)    U:      0.0000
[I](2022-09-11  11:35:54 am)    V:      0.0000
[I](2022-09-11  11:35:54 am)    Z:     44.4120
[I](2022-09-11  11:35:54 am)  * Angle
[I](2022-09-11  11:35:54 am)    Ar:      0.2727,Kr:      0.0000
[I](2022-09-11  11:35:54 am)    Taper_Ar:      0.0000
[I](2022-09-11  11:36:17 am)작업중 정지 [d:0][t:00:00:22]
[I](2022-09-11  11:36:17 am)    [LNo:0005] 000930/003471
[I](2022-09-11  11:38:09 am)작업중 정지 [d:0][t:00:02:14]
[I](2022-09-11  11:38:09 am)    [LNo:0005] 000147/003471
[I](2022-09-11  11:42:29 am)작업중 정지 [d:0][t:00:06:34]
[I](2022-09-11  11:42:29 am)    [LNo:0005] 001065/003471
[I](2022-09-11  11:44:01 am)작업중 정지 [d:0][t:00:08:07]
[I](2022-09-11  11:44:01 am)    [LNo:0005] 001848/003471
[I](2022-09-11  11:46:16 am)Reset
[I](2022-09-11  11:46:17 am)Reset
[I](2022-09-11  11:46:29 am)작업 시작 [Start d:107]
[I](2022-09-11  11:46:29 am)Nc File: [No.0005-375.NC]
[I](2022-09-11  11:46:29 am)  * Start Machine Position
[I](2022-09-11  11:46:29 am)    X:    123.3177
[I](2022-09-11  11:46:29 am)    Y:   -286.4134
[I](2022-09-11  11:46:29 am)    U:      0.0000
[I](2022-09-11  11:46:29 am)    V:      0.0000
[I](2022-09-11  11:46:29 am)    Z:     44.4120
[I](2022-09-11  11:46:29 am)  * Angle
[I](2022-09-11  11:46:29 am)    Ar:      0.2727,Kr:      0.0000
[I](2022-09-11  11:46:29 am)    Taper_Ar:      0.0000
[I](2022-09-11  11:47:29 am)작업중 정지 [d:0][t:00:01:00]
[I](2022-09-11  11:47:29 am)    [LNo:0005] 000020/003471
[A](2022-09-11  11:47:29 am)[008] 작업중 단선(AWF Feed Motor Stop )
[I](2022-09-11  11:47:29 am)작업중 Wire 단선 [d:0][t:00:01:00]
[I](2022-09-11  11:48:39 am)작업 재시작
[I](2022-09-11  12:07:09 pm)작업중 정지 [d:19][t:00:20:39]
[I](2022-09-11  12:07:09 pm)    [LNo:0005] 000031/003471
[I](2022-09-11  12:07:09 pm)작업중 M코드정지 [d:19][t:00:20:39]
[I](2022-09-11  01:24:38 pm)작업중 정지 [d:90][t:01:38:09]
[I](2022-09-11  01:24:38 pm)    [LNo:0005] 000139/003471
[A](2022-09-11  01:24:39 pm)[011] 자동결선 Error(M21-잔여와이어 처리실패)
[I](2022-09-11  01:24:45 pm)작업중 정지 [d:90][t:01:38:15]
[I](2022-09-11  01:24:45 pm)    [LNo:0005] 000145/003471
[I](2022-09-11  01:24:45 pm)작업중 M코드정지 [d:90][t:01:38:15]
[I](2022-09-11  01:45:18 pm)작업중 정지 [d:108][t:01:58:49]
[I](2022-09-11  01:45:18 pm)    [LNo:0005] 000182/003471
[A](2022-09-11  01:45:18 pm)[008] 작업중 단선(AWF Feed Motor Stop )
[I](2022-09-11  01:45:18 pm)작업중 Wire 단선 [d:108][t:01:58:49]
[A](2022-09-11  01:45:35 pm)[041] AWF 명령끝날때까지 센서감지(타임아웃) 안됨
[I](2022-09-11  01:47:36 pm)작업 재시작
[I](2022-09-11  02:06:31 pm)작업중 정지 [d:125][t:02:20:01]
[I](2022-09-11  02:06:31 pm)    [LNo:0005] 000209/003471
[I](2022-09-11  02:06:31 pm)작업중 30sec 접촉 정지 [d:125][t:02:20:01]
[I](2022-09-11  02:07:03 pm)작업 재시작
[I](2022-09-11  02:07:05 pm)작업중 정지 [d:125][t:02:20:35]
[I](2022-09-11  02:07:05 pm)    [LNo:0005] 000209/003471
[A](2022-09-11  02:07:05 pm)[008] 작업중 단선(AWF Feed Motor Stop )
[I](2022-09-11  02:07:05 pm)작업중 Wire 단선 [d:125][t:02:20:35]
[I](2022-09-11  02:08:13 pm)작업 재시작
[I](2022-09-11  02:08:14 pm)작업중 정지 [d:125][t:02:21:45]
[I](2022-09-11  02:08:14 pm)    [LNo:0005] 000209/003471
[A](2022-09-11  02:08:14 pm)[008] 작업중 단선(AWF Feed Motor Stop )
[I](2022-09-11  02:08:14 pm)작업중 Wire 단선 [d:125][t:02:21:45]
[I](2022-09-11  02:09:22 pm)작업 재시작
[I](2022-09-11  02:29:28 pm)작업중 정지 [d:144][t:02:42:59]
[I](2022-09-11  02:29:28 pm)    [LNo:0005] 000236/003471
[A](2022-09-11  02:29:28 pm)[008] 작업중 단선(AWF Feed Motor Stop )
[I](2022-09-11  02:29:29 pm)작업중 Wire 단선 [d:144][t:02:42:59]
[I](2022-09-11  02:30:37 pm)작업 재시작
[I](2022-09-11  03:53:31 pm)작업중 정지 [d:224][t:04:07:01]
[I](2022-09-11  03:53:31 pm)    [LNo:0005] 000334/003471
[I](2022-09-11  03:53:31 pm)작업중 M코드정지 [d:224][t:04:07:01]
[I](2022-09-11  05:04:21 pm)작업중 정지 [d:-46][t:05:17:51]
[I](2022-09-11  05:04:21 pm)    [LNo:0005] 000425/003471
[A](2022-09-11  05:04:21 pm)[008] 작업중 단선(AWF Feed Motor Stop )
[I](2022-09-11  05:04:21 pm)작업중 Wire 단선 [d:-46][t:05:17:52]
[I](2022-09-11  05:05:30 pm)작업 재시작
[I](2022-09-11  06:30:50 pm)작업중 정지 [d:35][t:06:44:20]
[I](2022-09-11  06:30:50 pm)    [LNo:0005] 000533/003471
[I](2022-09-11  06:30:50 pm)작업중 30sec 접촉 정지 [d:35][t:06:44:20]
