[I](2022-04-04  08:35:36 am)Reset
[A](2022-04-04  08:39:15 am)[083] Oil Lack Alarm
[I](2022-04-04  08:39:15 am)Ready On
[I](2022-04-04  08:39:17 am)Reset
[I](2022-04-04  09:07:25 am)Reset
[I](2022-04-04  09:09:42 am)Reset
[I](2022-04-04  09:10:37 am)Reset
[I](2022-04-04  09:10:43 am)Reset
[I](2022-04-04  09:15:31 am)작업 시작 [Start d:287]
[I](2022-04-04  09:15:31 am)Nc File: [No.0002-610.NC]
[I](2022-04-04  09:15:31 am)  * Start Machine Position
[I](2022-04-04  09:15:31 am)    X:     52.7786
[I](2022-04-04  09:15:31 am)    Y:   -379.2453
[I](2022-04-04  09:15:31 am)    U:      0.0000
[I](2022-04-04  09:15:31 am)    V:      0.0000
[I](2022-04-04  09:15:31 am)    Z:     10.0187
[I](2022-04-04  09:15:31 am)  * Angle
[I](2022-04-04  09:15:31 am)    Ar:      0.1147,Kr:      0.0000
[I](2022-04-04  09:15:31 am)    Taper_Ar:      0.0000
[I](2022-04-04  09:15:35 am)작업중 정지 [d:0][t:00:00:03]
[I](2022-04-04  09:15:35 am)    [LNo:0002] 000009/000049
[I](2022-04-04  09:29:32 am)작업중 정지 [d:13][t:00:14:01]
[I](2022-04-04  09:29:32 am)    [LNo:0002] 000037/000049
[I](2022-04-04  09:29:32 am)작업중 M코드정지 [d:13][t:00:14:01]
[I](2022-04-04  09:30:26 am)작업중 정지 [d:13][t:00:14:54]
[I](2022-04-04  09:30:26 am)    [LNo:0002] 000039/000049
[I](2022-04-04  09:30:26 am)작업중 M코드정지 [d:13][t:00:14:54]
[A](2022-04-04  09:30:59 am)[037] 자동결선 잔여 WIRE 처리 실패!!
[I](2022-04-04  09:33:04 am)Reset
[I](2022-04-04  09:33:08 am)Reset
[I](2022-04-04  09:33:25 am)작업 시작 [Start d:300]
[I](2022-04-04  09:33:25 am)Nc File: [No.0002-610.NC]
[I](2022-04-04  09:33:25 am)  * Start Machine Position
[I](2022-04-04  09:33:25 am)    X:     52.6323
[I](2022-04-04  09:33:25 am)    Y:   -372.0537
[I](2022-04-04  09:33:25 am)    U:      0.0000
[I](2022-04-04  09:33:25 am)    V:      0.0000
[I](2022-04-04  09:33:25 am)    Z:     11.1332
[I](2022-04-04  09:33:25 am)  * Angle
[I](2022-04-04  09:33:25 am)    Ar:      0.1147,Kr:      0.0000
[I](2022-04-04  09:33:25 am)    Taper_Ar:      0.0000
[I](2022-04-04  09:33:29 am)작업중 정지 [d:0][t:00:00:03]
[I](2022-04-04  09:33:29 am)    [LNo:0002] 000009/000049
[I](2022-04-04  09:48:22 am)작업중 정지 [d:15][t:00:14:56]
[I](2022-04-04  09:48:22 am)    [LNo:0002] 000037/000049
[I](2022-04-04  09:48:22 am)작업중 M코드정지 [d:15][t:00:14:56]
[I](2022-04-04  09:48:43 am)작업중 정지 [d:16][t:00:15:17]
[I](2022-04-04  09:48:43 am)    [LNo:0002] 000039/000049
[I](2022-04-04  09:48:43 am)작업중 M코드정지 [d:16][t:00:15:17]
[A](2022-04-04  09:49:11 am)[037] 자동결선 잔여 WIRE 처리 실패!!
[I](2022-04-04  03:56:56 pm)Reset
[I](2022-04-04  03:57:14 pm)Reset
[A](2022-04-04  04:43:36 pm)[053] Emergency Stop
[A](2022-04-04  04:43:36 pm)[005] READY Off(Alarm)
[I](2022-04-04  04:43:36 pm)    X:    274.1485
[I](2022-04-04  04:43:36 pm)    Y:   -106.1958
[I](2022-04-04  04:43:36 pm)    U:      0.0000
[I](2022-04-04  04:43:36 pm)    V:      0.0000
[I](2022-04-04  04:43:36 pm)    Z:    111.1332
