[I](2022-10-17  08:29:16 am)작업중 정지 [d:123][t:12:17:57]
[I](2022-10-17  08:29:16 am)    [LNo:0005] 000620/001510
[I](2022-10-17  08:30:37 am)작업중 정지 [d:124][t:12:19:17]
[I](2022-10-17  08:30:37 am)    [LNo:0005] 000628/001510
[I](2022-10-17  08:30:37 am)작업중 30sec 접촉 정지 [d:124][t:12:19:17]
[A](2022-10-17  08:31:02 am)[001] 와이어 미동작
[I](2022-10-17  08:31:09 am)작업 재시작
[I](2022-10-17  08:32:02 am)작업중 정지 [d:125][t:12:20:43]
[I](2022-10-17  08:32:02 am)    [LNo:0005] 000633/001510
[I](2022-10-17  08:32:02 am)작업중 M코드정지 [d:125][t:12:20:43]
[I](2022-10-17  08:32:15 am)작업중 정지 [d:126][t:12:20:56]
[I](2022-10-17  08:32:15 am)    [LNo:0005] 000634/001510
[A](2022-10-17  08:32:15 am)[008] 작업중 단선(AWF Feed Motor Stop )
[I](2022-10-17  08:32:15 am)작업중 Wire 단선 [d:126][t:12:20:56]
[A](2022-10-17  08:32:53 am)[001] 와이어 미동작
[I](2022-10-17  08:32:55 am)작업 재시작
[I](2022-10-17  08:32:55 am)작업중 정지 [d:126][t:12:21:36]
[I](2022-10-17  08:32:55 am)    [LNo:0005] 000634/001510
[I](2022-10-17  08:32:55 am)Wire Contact Auto Stop(M52)
[I](2022-10-17  08:33:01 am)작업 재시작
[I](2022-10-17  08:33:33 am)작업중 정지 [d:126][t:12:22:14]
[I](2022-10-17  08:33:33 am)    [LNo:0005] 000637/001510
[I](2022-10-17  08:33:54 am)Reset
[I](2022-10-17  08:33:54 am)Reset
[I](2022-10-17  08:34:07 am)Reset
[I](2022-10-17  08:36:04 am)Reset
[I](2022-10-17  08:36:05 am)Reset
[I](2022-10-17  08:36:06 am)Reset
[I](2022-10-17  08:36:11 am)작업 시작 [Start d:126]
[I](2022-10-17  08:36:11 am)Nc File: [No.0006-485.NC]
[I](2022-10-17  08:36:11 am)  * Start Machine Position
[I](2022-10-17  08:36:11 am)    X:    339.0049
[I](2022-10-17  08:36:11 am)    Y:   -388.2277
[I](2022-10-17  08:36:11 am)    U:      0.0000
[I](2022-10-17  08:36:11 am)    V:      0.0000
[I](2022-10-17  08:36:11 am)    Z:     23.4838
[I](2022-10-17  08:36:11 am)  * Angle
[I](2022-10-17  08:36:11 am)    Ar:      0.3076,Kr:      0.0000
[I](2022-10-17  08:36:11 am)    Taper_Ar:      0.0000
[I](2022-10-17  08:36:23 am)작업중 정지 [d:0][t:00:00:12]
[I](2022-10-17  08:36:23 am)    [LNo:0006] 000010/001526
[I](2022-10-17  08:36:23 am)작업중 M코드정지 [d:0][t:00:00:12]
[I](2022-10-17  08:36:26 am)작업중 정지 [d:0][t:00:00:14]
[I](2022-10-17  08:36:26 am)    [LNo:0006] 000013/001526
[I](2022-10-17  08:36:49 am)작업중 정지 [d:0][t:00:00:37]
[I](2022-10-17  08:36:49 am)    [LNo:0006] 000140/001526
[A](2022-10-17  08:39:12 am)[037] 자동결선 잔여 WIRE 처리 실패!!
[I](2022-10-17  08:43:53 am)작업중 정지 [d:4][t:00:07:41]
[I](2022-10-17  08:43:53 am)    [LNo:0006] 000161/001526
[A](2022-10-17  08:43:53 am)[008] 작업중 단선(AWF Feed Motor Stop )
[I](2022-10-17  08:43:53 am)작업중 Wire 단선 [d:4][t:00:07:41]
[A](2022-10-17  08:52:35 am)[037] 자동결선 잔여 WIRE 처리 실패!!
[I](2022-10-17  08:55:40 am)작업 재시작
[I](2022-10-17  10:14:17 am)작업중 정지 [d:83][t:01:38:06]
[I](2022-10-17  10:14:17 am)    [LNo:0006] 000256/001526
[I](2022-10-17  10:14:17 am)작업중 M코드정지 [d:83][t:01:38:06]
[I](2022-10-17  10:14:46 am)작업중 정지 [d:83][t:01:38:35]
[I](2022-10-17  10:14:46 am)    [LNo:0006] 000260/001526
[I](2022-10-17  10:14:46 am)작업중 M코드정지 [d:83][t:01:38:35]
[I](2022-10-17  10:15:39 am)작업중 정지 [d:83][t:01:39:27]
[I](2022-10-17  10:15:39 am)    [LNo:0006] 000263/001526
[A](2022-10-17  10:15:39 am)[011] 자동결선 Error(M21-잔여와이어 처리실패)
[I](2022-10-17  10:38:54 am)작업중 정지 [d:102][t:02:02:43]
[I](2022-10-17  10:38:54 am)    [LNo:0006] 000292/001526
[I](2022-10-17  10:38:54 am)작업중 M코드정지 [d:102][t:02:02:43]
[I](2022-10-17  10:43:19 am)작업중 정지 [d:103][t:02:07:08]
[I](2022-10-17  10:43:19 am)    [LNo:0006] 000294/001526
[I](2022-10-17  10:43:37 am)작업 재시작
[I](2022-10-17  10:43:41 am)작업중 정지 [d:103][t:02:07:30]
[I](2022-10-17  10:43:41 am)    [LNo:0006] 000296/001526
[I](2022-10-17  10:43:42 am)작업중 M코드정지 [d:103][t:02:07:30]
[I](2022-10-17  11:00:18 am)작업중 정지 [d:119][t:02:24:07]
[I](2022-10-17  11:00:18 am)    [LNo:0006] 000328/001526
[I](2022-10-17  11:00:18 am)작업중 M코드정지 [d:119][t:02:24:07]
[I](2022-10-17  11:01:25 am)작업중 정지 [d:119][t:02:25:13]
[I](2022-10-17  11:01:25 am)    [LNo:0006] 000332/001526
[I](2022-10-17  11:01:25 am)작업중 M코드정지 [d:119][t:02:25:13]
[I](2022-10-17  11:25:08 am)작업중 정지 [d:141][t:02:48:57]
[I](2022-10-17  11:25:08 am)    [LNo:0006] 000364/001526
[I](2022-10-17  11:25:08 am)작업중 M코드정지 [d:141][t:02:48:57]
[I](2022-10-17  11:25:56 am)작업중 정지 [d:141][t:02:49:45]
[I](2022-10-17  11:25:56 am)    [LNo:0006] 000366/001526
[I](2022-10-17  11:26:16 am)작업 재시작
[I](2022-10-17  11:26:25 am)작업중 정지 [d:141][t:02:50:13]
[I](2022-10-17  11:26:25 am)    [LNo:0006] 000368/001526
[I](2022-10-17  11:26:25 am)작업중 M코드정지 [d:141][t:02:50:13]
[I](2022-10-17  11:43:17 am)작업중 정지 [d:157][t:03:07:06]
[I](2022-10-17  11:43:17 am)    [LNo:0006] 000424/001526
[I](2022-10-17  11:43:17 am)작업중 M코드정지 [d:157][t:03:07:06]
[I](2022-10-17  11:43:47 am)작업중 정지 [d:157][t:03:07:36]
[I](2022-10-17  11:43:47 am)    [LNo:0006] 000426/001526
[I](2022-10-17  11:44:09 am)작업 재시작
[I](2022-10-17  11:44:14 am)작업중 정지 [d:158][t:03:08:03]
[I](2022-10-17  11:44:14 am)    [LNo:0006] 000428/001526
[I](2022-10-17  11:44:14 am)작업중 M코드정지 [d:158][t:03:08:03]
[I](2022-10-17  12:10:24 pm)작업중 정지 [d:183][t:03:34:13]
[I](2022-10-17  12:10:24 pm)    [LNo:0006] 000506/001526
[I](2022-10-17  12:10:24 pm)작업중 M코드정지 [d:183][t:03:34:13]
[I](2022-10-17  12:11:16 pm)작업중 정지 [d:184][t:03:35:05]
[I](2022-10-17  12:11:16 pm)    [LNo:0006] 000510/001526
[I](2022-10-17  12:11:16 pm)작업중 M코드정지 [d:184][t:03:35:05]
[I](2022-10-17  12:23:53 pm)작업중 정지 [d:195][t:03:47:42]
[I](2022-10-17  12:23:53 pm)    [LNo:0006] 000558/001526
[I](2022-10-17  12:23:53 pm)작업중 M코드정지 [d:195][t:03:47:42]
[I](2022-10-17  12:24:11 pm)작업중 정지 [d:195][t:03:47:59]
[I](2022-10-17  12:24:11 pm)    [LNo:0006] 000562/001526
[I](2022-10-17  12:24:11 pm)작업중 M코드정지 [d:195][t:03:47:59]
[I](2022-10-17  12:30:06 pm)작업중 정지 [d:199][t:03:53:55]
[I](2022-10-17  12:30:06 pm)    [LNo:0006] 000586/001526
[I](2022-10-17  12:30:06 pm)작업중 M코드정지 [d:199][t:03:53:55]
[I](2022-10-17  12:30:20 pm)작업중 정지 [d:200][t:03:54:09]
[I](2022-10-17  12:30:20 pm)    [LNo:0006] 000590/001526
[I](2022-10-17  12:30:20 pm)작업중 M코드정지 [d:200][t:03:54:09]
[I](2022-10-17  12:36:14 pm)작업중 정지 [d:205][t:04:00:02]
[I](2022-10-17  12:36:14 pm)    [LNo:0006] 000614/001526
[I](2022-10-17  12:36:14 pm)작업중 M코드정지 [d:205][t:04:00:02]
[I](2022-10-17  12:36:40 pm)작업중 정지 [d:205][t:04:00:29]
[I](2022-10-17  12:36:40 pm)    [LNo:0006] 000618/001526
[I](2022-10-17  12:36:40 pm)작업중 M코드정지 [d:205][t:04:00:29]
[I](2022-10-17  12:42:47 pm)작업중 정지 [d:209][t:04:06:36]
[I](2022-10-17  12:42:47 pm)    [LNo:0006] 000642/001526
[I](2022-10-17  12:42:47 pm)작업중 M코드정지 [d:209][t:04:06:36]
[A](2022-10-17  12:44:21 pm)[001] 와이어 미동작
[I](2022-10-17  12:44:36 pm)작업중 정지 [d:209][t:04:08:25]
[I](2022-10-17  12:44:36 pm)    [LNo:0006] 000646/001526
[I](2022-10-17  12:44:36 pm)작업중 M코드정지 [d:209][t:04:08:25]
[A](2022-10-17  12:47:33 pm)[037] 자동결선 잔여 WIRE 처리 실패!!
[I](2022-10-17  12:47:43 pm)작업중 정지 [d:209][t:04:11:31]
[I](2022-10-17  12:47:43 pm)    [LNo:0006] 000649/001526
[I](2022-10-17  12:47:44 pm)작업중 정지 [d:209][t:04:11:33]
[I](2022-10-17  12:47:44 pm)    [LNo:0006] 000649/001526
[A](2022-10-17  12:47:44 pm)[010] 자동결선 Error(M21-절단실패)
[I](2022-10-17  01:01:27 pm)작업중 정지 [d:222][t:04:25:15]
[I](2022-10-17  01:01:27 pm)    [LNo:0006] 000671/001526
[I](2022-10-17  01:01:27 pm)작업중 M코드정지 [d:222][t:04:25:15]
[I](2022-10-17  01:01:45 pm)작업중 정지 [d:222][t:04:25:34]
[I](2022-10-17  01:01:45 pm)    [LNo:0006] 000672/001526
[I](2022-10-17  01:02:14 pm)작업 재시작
[I](2022-10-17  01:02:20 pm)작업중 정지 [d:222][t:04:26:09]
[I](2022-10-17  01:02:20 pm)    [LNo:0006] 000674/001526
[I](2022-10-17  01:02:20 pm)작업중 M코드정지 [d:222][t:04:26:09]
[I](2022-10-17  01:12:55 pm)작업중 정지 [d:231][t:04:36:44]
[I](2022-10-17  01:12:55 pm)    [LNo:0006] 000699/001526
[I](2022-10-17  01:12:55 pm)작업중 M코드정지 [d:231][t:04:36:44]
[I](2022-10-17  01:15:30 pm)작업중 정지 [d:231][t:04:39:19]
[I](2022-10-17  01:15:30 pm)    [LNo:0006] 000702/001526
[I](2022-10-17  01:15:30 pm)작업중 M코드정지 [d:231][t:04:39:19]
[I](2022-10-17  01:30:44 pm)작업중 정지 [d:244][t:04:54:33]
[I](2022-10-17  01:30:44 pm)    [LNo:0006] 000727/001526
[I](2022-10-17  01:30:44 pm)작업중 M코드정지 [d:244][t:04:54:33]
[I](2022-10-17  01:31:07 pm)작업중 정지 [d:244][t:04:54:55]
[I](2022-10-17  01:31:07 pm)    [LNo:0006] 000728/001526
[I](2022-10-17  01:31:29 pm)작업 재시작
[I](2022-10-17  01:31:34 pm)작업중 정지 [d:244][t:04:55:23]
[I](2022-10-17  01:31:34 pm)    [LNo:0006] 000730/001526
[I](2022-10-17  01:31:34 pm)작업중 M코드정지 [d:244][t:04:55:23]
[I](2022-10-17  01:46:52 pm)작업중 정지 [d:257][t:05:10:40]
[I](2022-10-17  01:46:52 pm)    [LNo:0006] 000755/001526
[I](2022-10-17  01:46:52 pm)작업중 M코드정지 [d:257][t:05:10:40]
[I](2022-10-17  01:47:16 pm)작업중 정지 [d:258][t:05:11:05]
[I](2022-10-17  01:47:16 pm)    [LNo:0006] 000756/001526
[I](2022-10-17  01:47:37 pm)작업 재시작
[I](2022-10-17  01:47:44 pm)작업중 정지 [d:258][t:05:11:33]
[I](2022-10-17  01:47:44 pm)    [LNo:0006] 000758/001526
[I](2022-10-17  01:47:44 pm)작업중 M코드정지 [d:258][t:05:11:33]
[I](2022-10-17  01:50:14 pm)작업중 정지 [d:260][t:05:14:03]
[I](2022-10-17  01:50:14 pm)    [LNo:0006] 000777/001526
[I](2022-10-17  01:50:14 pm)작업중 30sec 접촉 정지 [d:260][t:05:14:03]
[A](2022-10-17  01:50:35 pm)[001] 와이어 미동작
[I](2022-10-17  01:50:39 pm)작업 재시작
[I](2022-10-17  02:01:10 pm)작업중 정지 [d:270][t:05:24:59]
[I](2022-10-17  02:01:10 pm)    [LNo:0006] 000783/001526
[I](2022-10-17  02:01:10 pm)작업중 M코드정지 [d:270][t:05:24:59]
[I](2022-10-17  02:04:43 pm)작업중 정지 [d:270][t:05:28:31]
[I](2022-10-17  02:04:43 pm)    [LNo:0006] 000786/001526
[I](2022-10-17  02:04:43 pm)작업중 M코드정지 [d:270][t:05:28:31]
[I](2022-10-17  02:19:35 pm)작업중 정지 [d:283][t:05:43:24]
[I](2022-10-17  02:19:35 pm)    [LNo:0006] 000811/001526
[I](2022-10-17  02:19:35 pm)작업중 M코드정지 [d:283][t:05:43:24]
[I](2022-10-17  02:21:41 pm)작업중 정지 [d:283][t:05:45:30]
[I](2022-10-17  02:21:41 pm)    [LNo:0006] 000812/001526
[I](2022-10-17  02:22:04 pm)작업 재시작
[I](2022-10-17  02:22:07 pm)작업중 정지 [d:283][t:05:45:56]
[I](2022-10-17  02:22:07 pm)    [LNo:0006] 000812/001526
[I](2022-10-17  02:22:10 pm)작업 재시작
[I](2022-10-17  02:22:15 pm)작업중 정지 [d:284][t:05:46:04]
[I](2022-10-17  02:22:15 pm)    [LNo:0006] 000814/001526
[I](2022-10-17  02:22:15 pm)작업중 M코드정지 [d:284][t:05:46:04]
[I](2022-10-17  02:56:54 pm)작업중 정지 [d:316][t:06:20:42]
[I](2022-10-17  02:56:54 pm)    [LNo:0006] 000925/001526
[A](2022-10-17  02:56:54 pm)[093] 보빈 와이어 단선
[I](2022-10-17  02:56:54 pm)작업중 Wire 단선 [d:316][t:06:20:43]
[A](2022-10-17  03:00:09 pm)[036] 자동결선 절단 공정 실패!!
[A](2022-10-17  03:00:28 pm)[037] 자동결선 잔여 WIRE 처리 실패!!
[I](2022-10-17  03:01:19 pm)작업 재시작
[I](2022-10-17  03:04:09 pm)작업중 정지 [d:318][t:06:27:58]
[I](2022-10-17  03:04:09 pm)    [LNo:0006] 000928/001526
[I](2022-10-17  03:04:10 pm)작업중 M코드정지 [d:318][t:06:27:58]
[I](2022-10-17  03:04:35 pm)작업중 정지 [d:318][t:06:28:24]
[I](2022-10-17  03:04:35 pm)    [LNo:0006] 000822/001526
[I](2022-10-17  03:09:00 pm)작업중 정지 [d:321][t:06:32:49]
[I](2022-10-17  03:09:00 pm)    [LNo:0006] 000938/001526
[I](2022-10-17  04:16:19 pm)작업중 정지 [d:381][t:07:40:08]
[I](2022-10-17  04:16:19 pm)    [LNo:0006] 001281/001526
[I](2022-10-17  04:16:19 pm)작업중 M코드정지 [d:381][t:07:40:08]
[I](2022-10-17  04:31:31 pm)작업중 정지 [d:393][t:07:55:20]
[I](2022-10-17  04:31:31 pm)    [LNo:0006] 001360/001526
[I](2022-10-17  04:31:31 pm)작업중 M코드정지 [d:393][t:07:55:20]
[A](2022-10-17  04:33:24 pm)[037] 자동결선 잔여 WIRE 처리 실패!!
[I](2022-10-17  04:35:26 pm)작업중 정지 [d:393][t:07:59:15]
[I](2022-10-17  04:35:26 pm)    [LNo:0006] 001346/001526
[I](2022-10-17  05:14:31 pm)작업중 정지 [d:423][t:08:38:20]
[I](2022-10-17  05:14:31 pm)    [LNo:0006] 001521/001526
[I](2022-10-17  05:19:23 pm)Reset
[I](2022-10-17  05:19:37 pm)작업 시작 [Start d:549]
[I](2022-10-17  05:19:37 pm)Nc File: [No.0006-485.NC]
[I](2022-10-17  05:19:37 pm)  * Start Machine Position
[I](2022-10-17  05:19:37 pm)    X:    339.0049
[I](2022-10-17  05:19:37 pm)    Y:   -388.2277
[I](2022-10-17  05:19:37 pm)    U:      0.0000
[I](2022-10-17  05:19:37 pm)    V:      0.0000
[I](2022-10-17  05:19:37 pm)    Z:     28.4838
[I](2022-10-17  05:19:37 pm)  * Angle
[I](2022-10-17  05:19:37 pm)    Ar:      0.3076,Kr:      0.0000
[I](2022-10-17  05:19:37 pm)    Taper_Ar:      0.0000
[I](2022-10-17  05:20:21 pm)작업중 정지 [d:0][t:00:00:44]
[I](2022-10-17  05:20:21 pm)    [LNo:0006] 000141/001526
[I](2022-10-17  05:20:23 pm)Reset
[I](2022-10-17  05:20:23 pm)Reset
[I](2022-10-17  05:20:41 pm)작업 시작 [Start d:549]
[I](2022-10-17  05:20:41 pm)Nc File: [No.0006-485.NC]
[I](2022-10-17  05:20:41 pm)  * Start Machine Position
[I](2022-10-17  05:20:41 pm)    X:    254.8270
[I](2022-10-17  05:20:41 pm)    Y:   -240.5676
[I](2022-10-17  05:20:41 pm)    U:      0.0000
[I](2022-10-17  05:20:41 pm)    V:      0.0000
[I](2022-10-17  05:20:41 pm)    Z:     28.4838
[I](2022-10-17  05:20:41 pm)  * Angle
[I](2022-10-17  05:20:41 pm)    Ar:      0.3076,Kr:      0.0000
[I](2022-10-17  05:20:41 pm)    Taper_Ar:      0.0000
[I](2022-10-17  05:25:23 pm)작업중 정지 [d:5][t:00:04:41]
[I](2022-10-17  05:25:23 pm)    [LNo:0006] 001036/001526
[I](2022-10-17  05:25:23 pm)작업중 M코드정지 [d:5][t:00:04:41]
[A](2022-10-17  05:25:55 pm)[037] 자동결선 잔여 WIRE 처리 실패!!
[I](2022-10-17  05:29:53 pm)Reset
[I](2022-10-17  05:29:53 pm)Reset
[I](2022-10-17  05:30:00 pm)작업 시작 [Start d:554]
[I](2022-10-17  05:30:00 pm)Nc File: [No.0006-485.NC]
[I](2022-10-17  05:30:00 pm)  * Start Machine Position
[I](2022-10-17  05:30:00 pm)    X:    254.8270
[I](2022-10-17  05:30:00 pm)    Y:   -240.5676
[I](2022-10-17  05:30:00 pm)    U:      0.0000
[I](2022-10-17  05:30:00 pm)    V:      0.0000
[I](2022-10-17  05:30:00 pm)    Z:     28.4838
[I](2022-10-17  05:30:00 pm)  * Angle
[I](2022-10-17  05:30:00 pm)    Ar:      0.3076,Kr:      0.0000
[I](2022-10-17  05:30:00 pm)    Taper_Ar:      0.0000
[I](2022-10-17  05:34:37 pm)작업중 정지 [d:5][t:00:04:37]
[I](2022-10-17  05:34:37 pm)    [LNo:0006] 001036/001526
[I](2022-10-17  05:34:37 pm)작업중 M코드정지 [d:5][t:00:04:37]
[I](2022-10-17  05:34:44 pm)Reset
[I](2022-10-17  05:34:59 pm)작업 시작 [Start d:559]
[I](2022-10-17  05:34:59 pm)Nc File: [No.0006-485.NC]
[I](2022-10-17  05:34:59 pm)  * Start Machine Position
[I](2022-10-17  05:34:59 pm)    X:    254.8270
[I](2022-10-17  05:34:59 pm)    Y:   -240.5676
[I](2022-10-17  05:34:59 pm)    U:      0.0000
[I](2022-10-17  05:34:59 pm)    V:      0.0000
[I](2022-10-17  05:34:59 pm)    Z:     28.4838
[I](2022-10-17  05:34:59 pm)  * Angle
[I](2022-10-17  05:34:59 pm)    Ar:      0.3076,Kr:      0.0000
[I](2022-10-17  05:34:59 pm)    Taper_Ar:      0.0000
[I](2022-10-17  05:39:40 pm)작업중 정지 [d:5][t:00:04:41]
[I](2022-10-17  05:39:40 pm)    [LNo:0006] 001036/001526
[I](2022-10-17  05:39:40 pm)작업중 M코드정지 [d:5][t:00:04:41]
[A](2022-10-17  05:40:07 pm)[037] 자동결선 잔여 WIRE 처리 실패!!
[I](2022-10-17  05:44:11 pm)Reset
[A](2022-10-17  05:46:32 pm)[001] 와이어 미동작
[A](2022-10-17  05:46:33 pm)[002] 가공액 미동작
[A](2022-10-17  05:46:34 pm)[002] 가공액 미동작
[I](2022-10-17  05:47:30 pm)Reset
[I](2022-10-17  05:58:27 pm)Reset
[I](2022-10-17  05:58:33 pm)Reset
[I](2022-10-17  05:58:33 pm)Reset
[I](2022-10-17  05:58:34 pm)Reset
[I](2022-10-17  05:58:34 pm)Reset
[I](2022-10-17  05:58:34 pm)Reset
[I](2022-10-17  06:03:29 pm)Reset
[I](2022-10-17  06:07:09 pm)Reset
[I](2022-10-17  06:07:12 pm)Reset
[I](2022-10-17  06:07:13 pm)Reset
[I](2022-10-17  06:11:23 pm)Reset
[I](2022-10-17  06:13:53 pm)Reset
[I](2022-10-17  06:13:57 pm)Reset
[I](2022-10-17  06:14:29 pm)Reset
[I](2022-10-17  06:15:08 pm)Reset
[I](2022-10-17  06:15:13 pm)Reset
[I](2022-10-17  06:15:36 pm)작업 시작 [Start d:0]
[I](2022-10-17  06:15:36 pm)Nc File: [No.0007-527.NC]
[I](2022-10-17  06:15:36 pm)  * Start Machine Position
[I](2022-10-17  06:15:36 pm)    X:    267.7131
[I](2022-10-17  06:15:36 pm)    Y:   -172.9234
[I](2022-10-17  06:15:36 pm)    U:      0.0000
[I](2022-10-17  06:15:36 pm)    V:      0.0000
[I](2022-10-17  06:15:36 pm)    Z:     30.6484
[I](2022-10-17  06:15:36 pm)  * Angle
[I](2022-10-17  06:15:36 pm)    Ar:      0.0191,Kr:      0.0000
[I](2022-10-17  06:15:36 pm)    Taper_Ar:      0.0000
[I](2022-10-17  06:15:53 pm)작업중 정지 [d:0][t:00:00:17]
[I](2022-10-17  06:15:53 pm)    [LNo:0007] 000013/000631
[I](2022-10-17  06:19:52 pm)작업중 정지 [d:0][t:00:04:16]
[I](2022-10-17  06:19:52 pm)    [LNo:0007] 000016/000631
[I](2022-10-17  06:20:19 pm)작업중 정지 [d:0][t:00:04:42]
[I](2022-10-17  06:20:19 pm)    [LNo:0007] 000133/000631
[I](2022-10-17  06:21:14 pm)작업중 정지 [d:0][t:00:05:37]
[I](2022-10-17  06:21:14 pm)    [LNo:0007] 000134/000631
[I](2022-10-17  06:21:25 pm)작업중 정지 [d:0][t:00:05:48]
[I](2022-10-17  06:21:25 pm)    [LNo:0007] 000190/000631
[I](2022-10-17  06:22:24 pm)작업중 정지 [d:0][t:00:06:48]
[I](2022-10-17  06:22:24 pm)    [LNo:0007] 000191/000631
[I](2022-10-17  06:22:42 pm)작업중 정지 [d:0][t:00:07:06]
[I](2022-10-17  06:22:42 pm)    [LNo:0007] 000247/000631
[I](2022-10-17  06:23:42 pm)작업중 정지 [d:0][t:00:08:06]
[I](2022-10-17  06:23:42 pm)    [LNo:0007] 000248/000631
[I](2022-10-17  06:23:55 pm)작업중 정지 [d:0][t:00:08:18]
[I](2022-10-17  06:23:55 pm)    [LNo:0007] 000303/000631
[A](2022-10-17  06:24:47 pm)[037] 자동결선 잔여 WIRE 처리 실패!!
[I](2022-10-17  06:24:50 pm)작업중 정지 [d:0][t:00:09:14]
[I](2022-10-17  06:24:50 pm)    [LNo:0007] 000304/000631
[I](2022-10-17  06:25:07 pm)작업중 정지 [d:0][t:00:09:30]
[I](2022-10-17  06:25:07 pm)    [LNo:0007] 000360/000631
[A](2022-10-17  06:25:59 pm)[037] 자동결선 잔여 WIRE 처리 실패!!
[I](2022-10-17  06:26:00 pm)작업중 정지 [d:0][t:00:10:23]
[I](2022-10-17  06:26:00 pm)    [LNo:0007] 000361/000631
[I](2022-10-17  06:26:16 pm)작업중 정지 [d:0][t:00:10:40]
[I](2022-10-17  06:26:16 pm)    [LNo:0007] 000454/000631
[I](2022-10-17  06:31:52 pm)작업중 정지 [d:5][t:00:16:16]
[I](2022-10-17  06:31:52 pm)    [LNo:0007] 000468/000631
[I](2022-10-17  06:31:53 pm)작업중 M코드정지 [d:5][t:00:16:16]
[I](2022-10-17  06:35:01 pm)작업중 정지 [d:5][t:00:19:25]
[I](2022-10-17  06:35:01 pm)    [LNo:0007] 000470/000631
[I](2022-10-17  06:35:19 pm)작업 재시작
[I](2022-10-17  06:35:20 pm)작업중 정지 [d:5][t:00:19:43]
[I](2022-10-17  06:35:20 pm)    [LNo:0007] 000471/000631
[I](2022-10-17  06:35:20 pm)작업중 M코드정지 [d:5][t:00:19:43]
[I](2022-10-17  06:41:46 pm)작업중 정지 [d:10][t:00:26:10]
[I](2022-10-17  06:41:46 pm)    [LNo:0007] 000493/000631
[I](2022-10-17  06:41:46 pm)작업중 M코드정지 [d:10][t:00:26:10]
[I](2022-10-17  06:42:18 pm)작업중 정지 [d:11][t:00:26:41]
[I](2022-10-17  06:42:18 pm)    [LNo:0007] 000496/000631
[I](2022-10-17  06:42:18 pm)작업중 M코드정지 [d:11][t:00:26:41]
[I](2022-10-17  06:49:09 pm)작업중 정지 [d:16][t:00:33:33]
[I](2022-10-17  06:49:09 pm)    [LNo:0007] 000518/000631
[I](2022-10-17  06:49:09 pm)작업중 M코드정지 [d:16][t:00:33:33]
[I](2022-10-17  06:49:29 pm)작업중 정지 [d:16][t:00:33:53]
[I](2022-10-17  06:49:29 pm)    [LNo:0007] 000521/000631
[I](2022-10-17  06:49:29 pm)작업중 M코드정지 [d:16][t:00:33:53]
[I](2022-10-17  06:56:45 pm)작업중 정지 [d:21][t:00:41:09]
[I](2022-10-17  06:56:45 pm)    [LNo:0007] 000543/000631
[I](2022-10-17  06:56:46 pm)작업중 M코드정지 [d:21][t:00:41:09]
[I](2022-10-17  06:57:40 pm)작업중 정지 [d:21][t:00:42:04]
[I](2022-10-17  06:57:40 pm)    [LNo:0007] 000546/000631
[I](2022-10-17  06:57:40 pm)작업중 M코드정지 [d:21][t:00:42:04]
[I](2022-10-17  07:04:42 pm)작업중 정지 [d:27][t:00:49:05]
[I](2022-10-17  07:04:42 pm)    [LNo:0007] 000568/000631
[I](2022-10-17  07:04:42 pm)작업중 M코드정지 [d:27][t:00:49:05]
[I](2022-10-17  07:05:00 pm)작업중 정지 [d:27][t:00:49:23]
[I](2022-10-17  07:05:00 pm)    [LNo:0007] 000570/000631
[I](2022-10-17  07:05:23 pm)작업 재시작
[I](2022-10-17  07:05:32 pm)작업중 정지 [d:27][t:00:49:56]
[I](2022-10-17  07:05:32 pm)    [LNo:0007] 000571/000631
[I](2022-10-17  07:05:32 pm)작업중 M코드정지 [d:27][t:00:49:56]
[I](2022-10-17  07:12:22 pm)작업중 정지 [d:33][t:00:56:46]
[I](2022-10-17  07:12:22 pm)    [LNo:0007] 000593/000631
[I](2022-10-17  07:12:22 pm)작업중 M코드정지 [d:33][t:00:56:46]
[I](2022-10-17  07:13:13 pm)작업중 정지 [d:34][t:00:57:36]
[I](2022-10-17  07:13:13 pm)    [LNo:0007] 000596/000631
[I](2022-10-17  07:13:13 pm)작업중 M코드정지 [d:34][t:00:57:36]
[I](2022-10-17  07:20:08 pm)작업중 정지 [d:39][t:01:04:32]
[I](2022-10-17  07:20:08 pm)    [LNo:0007] 000618/000631
[I](2022-10-17  07:20:08 pm)작업중 M코드정지 [d:39][t:01:04:32]
[I](2022-10-17  07:20:24 pm)작업중 정지 [d:39][t:01:04:48]
[I](2022-10-17  07:20:24 pm)    [LNo:0007] 000619/000631
[I](2022-10-17  07:20:45 pm)작업 재시작
[I](2022-10-17  07:20:53 pm)작업중 정지 [d:39][t:01:05:16]
[I](2022-10-17  07:20:53 pm)    [LNo:0007] 000621/000631
[I](2022-10-17  07:20:53 pm)작업중 M코드정지 [d:39][t:01:05:16]
[I](2022-10-17  07:21:41 pm)작업중 정지 [d:39][t:01:06:04]
[I](2022-10-17  07:21:41 pm)    [LNo:0007] 000627/000631
[I](2022-10-17  07:21:41 pm)작업중 M코드정지 [d:39][t:01:06:04]
[I](2022-10-17  07:21:43 pm)Reset
[I](2022-10-17  07:21:43 pm)Reset
[I](2022-10-17  07:21:44 pm)Reset
[I](2022-10-17  07:21:54 pm)작업 시작 [Start d:39]
[I](2022-10-17  07:21:54 pm)Nc File: [No.0007-527.NC]
[I](2022-10-17  07:21:54 pm)  * Start Machine Position
[I](2022-10-17  07:21:54 pm)    X:    267.7131
[I](2022-10-17  07:21:54 pm)    Y:   -172.9234
[I](2022-10-17  07:21:54 pm)    U:      0.0000
[I](2022-10-17  07:21:54 pm)    V:      0.0000
[I](2022-10-17  07:21:54 pm)    Z:     30.6484
[I](2022-10-17  07:21:54 pm)  * Angle
[I](2022-10-17  07:21:54 pm)    Ar:      0.0191,Kr:      0.0000
[I](2022-10-17  07:21:54 pm)    Taper_Ar:      0.0000
[I](2022-10-17  07:21:58 pm)작업중 정지 [d:0][t:00:00:04]
[I](2022-10-17  07:21:58 pm)    [LNo:0007] 000035/000631
[I](2022-10-17  07:22:04 pm)Reset
[I](2022-10-17  07:22:21 pm)작업 시작 [Start d:39]
[I](2022-10-17  07:22:21 pm)Nc File: [No.0008-533.NC]
[I](2022-10-17  07:22:21 pm)  * Start Machine Position
[I](2022-10-17  07:22:21 pm)    X:    267.7131
[I](2022-10-17  07:22:21 pm)    Y:   -172.9234
[I](2022-10-17  07:22:21 pm)    U:      0.0000
[I](2022-10-17  07:22:21 pm)    V:      0.0000
[I](2022-10-17  07:22:21 pm)    Z:     30.6484
[I](2022-10-17  07:22:21 pm)  * Angle
[I](2022-10-17  07:22:21 pm)    Ar:      0.0191,Kr:      0.0000
[I](2022-10-17  07:22:21 pm)    Taper_Ar:      0.0000
