[I](2022-03-18  08:40:06 am)작업중 정지 [d:263][t:13:11:08]
[I](2022-03-18  08:40:06 am)    [LNo:0003] 000305/000712
[I](2022-03-18  08:40:06 am)작업중 M코드정지 [d:263][t:13:11:08]
[I](2022-03-18  08:40:26 am)작업중 정지 [d:264][t:13:11:28]
[I](2022-03-18  08:40:26 am)    [LNo:0003] 000306/000712
[I](2022-03-18  08:40:26 am)Wire Contact Auto Stop(M52)
[I](2022-03-18  08:40:56 am)작업 재시작
[I](2022-03-18  08:41:07 am)작업중 정지 [d:264][t:13:12:10]
[I](2022-03-18  08:41:07 am)    [LNo:0003] 000306/000712
[I](2022-03-18  08:41:50 am)작업 재시작
[I](2022-03-18  08:49:53 am)작업중 정지 [d:271][t:13:20:55]
[I](2022-03-18  08:49:53 am)    [LNo:0003] 000332/000712
[I](2022-03-18  08:49:53 am)작업중 M코드정지 [d:271][t:13:20:55]
[I](2022-03-18  08:53:26 am)작업중 정지 [d:272][t:13:24:28]
[I](2022-03-18  08:53:26 am)    [LNo:0003] 000333/000712
[I](2022-03-18  08:53:26 am)Wire Contact Auto Stop(M52)
[I](2022-03-18  08:53:34 am)작업 재시작
[I](2022-03-18  08:53:37 am)작업중 정지 [d:272][t:13:24:40]
[I](2022-03-18  08:53:37 am)    [LNo:0003] 000333/000712
[I](2022-03-18  08:54:18 am)작업 재시작
[I](2022-03-18  08:54:19 am)작업중 정지 [d:272][t:13:25:21]
[I](2022-03-18  08:54:19 am)    [LNo:0003] 000333/000712
[A](2022-03-18  08:54:19 am)[008] 작업중 단선(AWF Feed Motor Stop )
[I](2022-03-18  08:54:19 am)작업중 Wire 단선 [d:272][t:13:25:21]
[I](2022-03-18  08:54:26 am)작업 재시작
[I](2022-03-18  09:02:47 am)작업중 정지 [d:278][t:13:33:50]
[I](2022-03-18  09:02:47 am)    [LNo:0003] 000359/000712
[I](2022-03-18  09:02:47 am)작업중 M코드정지 [d:278][t:13:33:50]
[I](2022-03-18  09:03:14 am)작업중 정지 [d:279][t:13:34:17]
[I](2022-03-18  09:03:14 am)    [LNo:0003] 000360/000712
[I](2022-03-18  09:03:14 am)Wire Contact Auto Stop(M52)
[I](2022-03-18  09:03:47 am)작업 재시작
[I](2022-03-18  09:05:16 am)작업중 정지 [d:280][t:13:36:19]
[I](2022-03-18  09:05:16 am)    [LNo:0003] 000379/000712
[A](2022-03-18  09:05:17 am)[008] 작업중 단선(AWF Feed Motor Stop )
[I](2022-03-18  09:05:17 am)작업중 Wire 단선 [d:280][t:13:36:19]
[I](2022-03-18  09:06:26 am)작업 재시작
[I](2022-03-18  09:12:02 am)작업중 정지 [d:285][t:13:43:04]
[I](2022-03-18  09:12:02 am)    [LNo:0003] 000386/000712
[I](2022-03-18  09:12:02 am)작업중 M코드정지 [d:285][t:13:43:04]
[I](2022-03-18  09:12:27 am)작업중 정지 [d:286][t:13:43:30]
[I](2022-03-18  09:12:27 am)    [LNo:0003] 000387/000712
[I](2022-03-18  09:12:27 am)Wire Contact Auto Stop(M52)
[I](2022-03-18  09:13:00 am)작업 재시작
[I](2022-03-18  09:15:50 am)작업중 정지 [d:287][t:13:46:53]
[I](2022-03-18  09:15:50 am)    [LNo:0003] 000407/000712
[I](2022-03-18  09:15:50 am)작업중 M코드정지 [d:287][t:13:46:53]
[I](2022-03-18  09:21:12 am)작업중 정지 [d:291][t:13:52:14]
[I](2022-03-18  09:21:12 am)    [LNo:0003] 000413/000712
[I](2022-03-18  09:21:12 am)Wire Contact Auto Stop(M52)
[I](2022-03-18  09:21:24 am)작업 재시작
[I](2022-03-18  09:21:28 am)작업중 정지 [d:291][t:13:52:31]
[I](2022-03-18  09:21:28 am)    [LNo:0003] 000413/000712
[I](2022-03-18  09:22:00 am)작업 재시작
[I](2022-03-18  09:29:07 am)작업중 정지 [d:296][t:14:00:10]
[I](2022-03-18  09:29:07 am)    [LNo:0003] 000439/000712
[I](2022-03-18  09:29:07 am)작업중 M코드정지 [d:296][t:14:00:10]
[I](2022-03-18  09:30:01 am)작업중 정지 [d:296][t:14:01:04]
[I](2022-03-18  09:30:01 am)    [LNo:0003] 000440/000712
[I](2022-03-18  09:30:02 am)Wire Contact Auto Stop(M52)
[I](2022-03-18  09:30:16 am)작업 재시작
[I](2022-03-18  09:30:30 am)작업중 정지 [d:296][t:14:01:32]
[I](2022-03-18  09:30:30 am)    [LNo:0003] 000440/000712
[I](2022-03-18  09:31:02 am)작업 재시작
[I](2022-03-18  09:38:11 am)작업중 정지 [d:301][t:14:09:13]
[I](2022-03-18  09:38:11 am)    [LNo:0003] 000466/000712
[I](2022-03-18  09:38:11 am)작업중 M코드정지 [d:301][t:14:09:13]
[I](2022-03-18  09:39:12 am)작업중 정지 [d:301][t:14:10:14]
[I](2022-03-18  09:39:12 am)    [LNo:0003] 000467/000712
[I](2022-03-18  09:39:12 am)Wire Contact Auto Stop(M52)
[I](2022-03-18  09:39:56 am)작업 재시작
[I](2022-03-18  09:44:48 am)작업중 정지 [d:305][t:14:15:50]
[I](2022-03-18  09:44:48 am)    [LNo:0003] 000488/000712
[I](2022-03-18  09:44:48 am)작업중 M코드정지 [d:305][t:14:15:50]
[I](2022-03-18  09:47:38 am)작업중 정지 [d:306][t:14:18:41]
[I](2022-03-18  09:47:38 am)    [LNo:0003] 000494/000712
[I](2022-03-18  09:47:38 am)Wire Contact Auto Stop(M52)
[I](2022-03-18  09:47:43 am)작업 재시작
[I](2022-03-18  09:47:46 am)작업중 정지 [d:306][t:14:18:48]
[I](2022-03-18  09:47:46 am)    [LNo:0003] 000494/000712
[I](2022-03-18  09:48:47 am)작업 재시작
[I](2022-03-18  09:56:56 am)작업중 정지 [d:312][t:14:27:59]
[I](2022-03-18  09:56:56 am)    [LNo:0003] 000523/000712
[I](2022-03-18  09:56:56 am)작업중 M코드정지 [d:312][t:14:27:59]
[I](2022-03-18  09:57:45 am)작업중 정지 [d:312][t:14:28:48]
[I](2022-03-18  09:57:45 am)    [LNo:0003] 000525/000712
[A](2022-03-18  09:57:45 am)[008] 작업중 단선(AWF Feed Motor Stop )
[I](2022-03-18  09:57:45 am)작업중 Wire 단선 [d:312][t:14:28:48]
[A](2022-03-18  09:58:07 am)[037] 자동결선 잔여 WIRE 처리 실패!!
[I](2022-03-18  09:58:36 am)작업 재시작
[I](2022-03-18  10:05:01 am)작업중 정지 [d:317][t:14:36:03]
[I](2022-03-18  10:05:01 am)    [LNo:0003] 000546/000712
[I](2022-03-18  10:05:01 am)작업중 30sec 접촉 정지 [d:317][t:14:36:03]
[I](2022-03-18  10:05:31 am)작업 재시작
[I](2022-03-18  10:05:36 am)작업중 정지 [d:317][t:14:36:39]
[I](2022-03-18  10:05:36 am)    [LNo:0003] 000546/000712
[I](2022-03-18  10:05:36 am)작업중 30sec 접촉 정지 [d:317][t:14:36:39]
[I](2022-03-18  10:05:42 am)작업 재시작
[I](2022-03-18  10:05:47 am)작업중 정지 [d:317][t:14:36:50]
[I](2022-03-18  10:05:47 am)    [LNo:0003] 000546/000712
[I](2022-03-18  10:05:47 am)작업중 30sec 접촉 정지 [d:317][t:14:36:50]
[I](2022-03-18  10:05:51 am)작업 재시작
[I](2022-03-18  10:05:56 am)작업중 정지 [d:317][t:14:36:59]
[I](2022-03-18  10:05:56 am)    [LNo:0003] 000546/000712
[I](2022-03-18  10:05:57 am)작업중 30sec 접촉 정지 [d:317][t:14:36:59]
[I](2022-03-18  10:06:22 am)작업 재시작
[I](2022-03-18  10:42:50 am)작업중 정지 [d:344][t:15:13:52]
[I](2022-03-18  10:42:50 am)    [LNo:0003] 000708/000712
[I](2022-03-18  10:42:50 am)작업중 M코드정지 [d:344][t:15:13:52]
[I](2022-03-18  11:11:04 am)Reset
[I](2022-03-18  11:11:16 am)Reset
[I](2022-03-18  11:13:04 am)Reset
[I](2022-03-18  11:14:16 am)Reset
[A](2022-03-18  11:15:28 am)[037] 자동결선 잔여 WIRE 처리 실패!!
[I](2022-03-18  11:21:13 am)Reset
[I](2022-03-18  11:21:16 am)Reset
[I](2022-03-18  11:21:17 am)Reset
[I](2022-03-18  11:24:26 am)Reset
[I](2022-03-18  11:26:59 am)Reset
[I](2022-03-18  11:27:02 am)Reset
[I](2022-03-18  11:31:58 am)Reset
[I](2022-03-18  11:34:33 am)Reset
[I](2022-03-18  11:35:05 am)Reset
[I](2022-03-18  11:35:05 am)Reset
[I](2022-03-18  11:35:50 am)Reset
[I](2022-03-18  11:35:56 am)Reset
[I](2022-03-18  11:35:56 am)Reset
[I](2022-03-18  11:36:55 am)작업 시작 [Start d:517]
[I](2022-03-18  11:36:55 am)Nc File: [No.0002-279.NC]
[I](2022-03-18  11:36:55 am)  * Start Machine Position
[I](2022-03-18  11:36:55 am)    X:    296.5118
[I](2022-03-18  11:36:55 am)    Y:   -387.1413
[I](2022-03-18  11:36:55 am)    U:      0.0000
[I](2022-03-18  11:36:55 am)    V:      0.0000
[I](2022-03-18  11:36:55 am)    Z:     31.5609
[I](2022-03-18  11:36:55 am)  * Angle
[I](2022-03-18  11:36:55 am)    Ar:      0.0402,Kr:      0.0000
[I](2022-03-18  11:36:55 am)    Taper_Ar:      0.0000
[I](2022-03-18  11:37:10 am)작업중 정지 [d:0][t:00:00:14]
[I](2022-03-18  11:37:10 am)    [LNo:0002] 000010/000341
[I](2022-03-18  11:37:10 am)작업중 M코드정지 [d:0][t:00:00:14]
[I](2022-03-18  11:38:14 am)작업중 정지 [d:1][t:00:01:18]
[I](2022-03-18  11:38:14 am)    [LNo:0002] 000058/000341
[I](2022-03-18  11:38:14 am)작업중 M코드정지 [d:1][t:00:01:18]
[I](2022-03-18  11:38:42 am)
[I](2022-03-18  11:38:42 am)Work completed.
[I](2022-03-18  11:38:42 am)작업 끝.(M02) [d:1][t:00:01:46]
[I](2022-03-18  11:38:44 am)작업 시작 [Start d:518]
[I](2022-03-18  11:38:44 am)Nc File: [No.0002-279.NC]
[I](2022-03-18  11:38:44 am)  * Start Machine Position
[I](2022-03-18  11:38:44 am)    X:    297.5965
[I](2022-03-18  11:38:44 am)    Y:   -294.0906
[I](2022-03-18  11:38:44 am)    U:      0.0000
[I](2022-03-18  11:38:44 am)    V:      0.0000
[I](2022-03-18  11:38:44 am)    Z:     31.5609
[I](2022-03-18  11:38:44 am)  * Angle
[I](2022-03-18  11:38:44 am)    Ar:      0.0402,Kr:      0.0000
[I](2022-03-18  11:38:44 am)    Taper_Ar:      0.0000
[I](2022-03-18  11:38:49 am)작업중 정지 [d:0][t:00:00:05]
[I](2022-03-18  11:38:49 am)    [LNo:0002] 000060/000341
[I](2022-03-18  11:39:12 am)Reset
[I](2022-03-18  11:39:13 am)Reset
[I](2022-03-18  11:39:24 am)Reset
[I](2022-03-18  11:39:26 am)작업 시작 [Start d:518]
[I](2022-03-18  11:39:26 am)Nc File: [No.0002-279.NC]
[I](2022-03-18  11:39:26 am)  * Start Machine Position
[I](2022-03-18  11:39:26 am)    X:    296.5118
[I](2022-03-18  11:39:26 am)    Y:   -387.1413
[I](2022-03-18  11:39:26 am)    U:      0.0000
[I](2022-03-18  11:39:26 am)    V:      0.0000
[I](2022-03-18  11:39:26 am)    Z:     31.5609
[I](2022-03-18  11:39:26 am)  * Angle
[I](2022-03-18  11:39:26 am)    Ar:      0.0402,Kr:      0.0000
[I](2022-03-18  11:39:26 am)    Taper_Ar:      0.0000
[I](2022-03-18  11:40:01 am)작업중 정지 [d:0][t:00:00:35]
[I](2022-03-18  11:40:01 am)    [LNo:0002] 000013/000341
[I](2022-03-18  11:40:33 am)작업중 정지 [d:1][t:00:01:06]
[I](2022-03-18  11:40:33 am)    [LNo:0002] 000058/000341
[I](2022-03-18  11:40:33 am)작업중 M코드정지 [d:1][t:00:01:06]
[I](2022-03-18  11:41:39 am)작업중 정지 [d:-518][t:00:02:12]
[I](2022-03-18  11:41:39 am)    [LNo:0002] 000070/000341
[I](2022-03-18  12:16:52 pm)작업중 정지 [d:-485][t:00:37:26]
[I](2022-03-18  12:16:52 pm)    [LNo:0002] 000091/000341
[I](2022-03-18  12:16:52 pm)작업중 M코드정지 [d:-485][t:00:37:26]
[I](2022-03-18  12:39:25 pm)작업중 정지 [d:-485][t:00:59:58]
[I](2022-03-18  12:39:25 pm)    [LNo:0002] 000092/000341
[I](2022-03-18  12:39:28 pm)작업 재시작
[I](2022-03-18  12:39:37 pm)작업중 정지 [d:-485][t:01:00:11]
[I](2022-03-18  12:39:37 pm)    [LNo:0002] 000093/000341
[I](2022-03-18  12:40:01 pm)작업 재시작
[I](2022-03-18  12:40:06 pm)작업중 정지 [d:-485][t:01:00:40]
[I](2022-03-18  12:40:06 pm)    [LNo:0002] 000095/000341
[I](2022-03-18  12:40:06 pm)작업중 M코드정지 [d:-485][t:01:00:40]
[I](2022-03-18  01:04:08 pm)작업중 정지 [d:-463][t:01:24:41]
[I](2022-03-18  01:04:08 pm)    [LNo:0002] 000138/000341
[I](2022-03-18  01:04:08 pm)Wire Contact Auto Stop(M52)
[I](2022-03-18  01:06:34 pm)작업 재시작
[I](2022-03-18  01:06:48 pm)작업중 정지 [d:-463][t:01:27:22]
[I](2022-03-18  01:06:48 pm)    [LNo:0002] 000139/000341
[I](2022-03-18  01:06:48 pm)작업중 M코드정지 [d:-463][t:01:27:22]
[I](2022-03-18  01:07:02 pm)작업중 정지 [d:-463][t:01:27:35]
[I](2022-03-18  01:07:02 pm)    [LNo:0002] 000141/000341
[I](2022-03-18  01:07:02 pm)작업중 M코드정지 [d:-463][t:01:27:35]
[I](2022-03-18  01:07:11 pm)작업중 정지 [d:-463][t:01:27:44]
[I](2022-03-18  01:07:11 pm)    [LNo:0002] 000143/000341
[I](2022-03-18  01:07:11 pm)작업중 M코드정지 [d:-463][t:01:27:44]
[I](2022-03-18  01:25:30 pm)작업중 정지 [d:-446][t:01:46:03]
[I](2022-03-18  01:25:30 pm)    [LNo:0002] 000200/000341
[I](2022-03-18  01:25:30 pm)작업중 30sec 접촉 정지 [d:-446][t:01:46:03]
[I](2022-03-18  01:32:09 pm)작업 재시작
[I](2022-03-18  01:32:36 pm)작업중 정지 [d:-445][t:01:53:09]
[I](2022-03-18  01:32:36 pm)    [LNo:0002] 000202/000341
[I](2022-03-18  01:32:36 pm)작업중 M코드정지 [d:-445][t:01:53:09]
[I](2022-03-18  01:33:38 pm)작업중 정지 [d:-444][t:01:54:11]
[I](2022-03-18  01:33:38 pm)    [LNo:0002] 000204/000341
[I](2022-03-18  01:33:38 pm)작업중 M코드정지 [d:-444][t:01:54:11]
[I](2022-03-18  01:33:55 pm)작업중 정지 [d:-444][t:01:54:29]
[I](2022-03-18  01:33:55 pm)    [LNo:0002] 000207/000341
[I](2022-03-18  01:33:55 pm)작업중 M코드정지 [d:-444][t:01:54:29]
[I](2022-03-18  01:51:43 pm)작업중 정지 [d:-430][t:02:12:17]
[I](2022-03-18  01:51:43 pm)    [LNo:0002] 000282/000341
[I](2022-03-18  01:51:43 pm)작업중 M코드정지 [d:-430][t:02:12:17]
[I](2022-03-18  01:52:15 pm)작업중 정지 [d:-429][t:02:12:49]
[I](2022-03-18  01:52:15 pm)    [LNo:0002] 000284/000341
[I](2022-03-18  01:52:15 pm)작업중 M코드정지 [d:-429][t:02:12:49]
[I](2022-03-18  01:52:46 pm)작업중 정지 [d:-429][t:02:13:19]
[I](2022-03-18  01:52:46 pm)    [LNo:0002] 000287/000341
[I](2022-03-18  01:52:46 pm)작업중 M코드정지 [d:-429][t:02:13:19]
[I](2022-03-18  01:57:16 pm)작업중 정지 [d:-425][t:02:17:50]
[I](2022-03-18  01:57:16 pm)    [LNo:0002] 000336/000341
[I](2022-03-18  02:05:30 pm)Reset
[I](2022-03-18  02:05:49 pm)Reset
[I](2022-03-18  02:07:10 pm)Reset
[I](2022-03-18  02:07:23 pm)Reset
[I](2022-03-18  02:09:01 pm)Reset
[I](2022-03-18  02:09:07 pm)Reset
[I](2022-03-18  02:10:05 pm)Reset
[I](2022-03-18  02:10:45 pm)Reset
[I](2022-03-18  02:11:00 pm)Reset
[I](2022-03-18  02:11:03 pm)Reset
[I](2022-03-18  02:11:04 pm)Reset
[I](2022-03-18  02:12:05 pm)Reset
[I](2022-03-18  02:12:40 pm)작업 시작 [Start d:93]
[I](2022-03-18  02:12:40 pm)Nc File: [No.0005-339.NC]
[I](2022-03-18  02:12:40 pm)  * Start Machine Position
[I](2022-03-18  02:12:40 pm)    X:    360.0945
[I](2022-03-18  02:12:40 pm)    Y:   -383.6145
[I](2022-03-18  02:12:40 pm)    U:      0.0899
[I](2022-03-18  02:12:40 pm)    V:      0.0000
[I](2022-03-18  02:12:40 pm)    Z:     46.0633
[I](2022-03-18  02:12:40 pm)  * Angle
[I](2022-03-18  02:12:40 pm)    Ar:     -0.0435,Kr:      0.0000
[I](2022-03-18  02:12:40 pm)    Taper_Ar:      0.0000
[I](2022-03-18  02:12:42 pm)작업중 정지 [d:0][t:00:00:02]
[I](2022-03-18  02:12:42 pm)    [LNo:0005] 000010/000050
[I](2022-03-18  02:12:42 pm)작업중 M코드정지 [d:0][t:00:00:02]
[I](2022-03-18  02:14:14 pm)작업중 정지 [d:2][t:00:01:34]
[I](2022-03-18  02:14:14 pm)    [LNo:0005] 000024/000050
[I](2022-03-18  02:14:14 pm)작업중 M코드정지 [d:2][t:00:01:34]
[I](2022-03-18  02:14:20 pm)작업중 정지 [d:2][t:00:01:40]
[I](2022-03-18  02:14:20 pm)    [LNo:0005] 000026/000050
[I](2022-03-18  02:14:20 pm)작업중 M코드정지 [d:2][t:00:01:40]
[I](2022-03-18  02:19:42 pm)작업중 정지 [d:7][t:00:07:02]
[I](2022-03-18  02:19:42 pm)    [LNo:0005] 000043/000050
[I](2022-03-18  02:20:03 pm)Reset
[I](2022-03-18  02:20:13 pm)작업 시작 [Start d:100]
[I](2022-03-18  02:20:13 pm)Nc File: [No.0005-339.NC]
[I](2022-03-18  02:20:13 pm)  * Start Machine Position
[I](2022-03-18  02:20:13 pm)    X:    361.1199
[I](2022-03-18  02:20:13 pm)    Y:   -310.6153
[I](2022-03-18  02:20:13 pm)    U:      0.0899
[I](2022-03-18  02:20:13 pm)    V:      0.0000
[I](2022-03-18  02:20:13 pm)    Z:     46.0633
[I](2022-03-18  02:20:13 pm)  * Angle
[I](2022-03-18  02:20:13 pm)    Ar:     -0.0435,Kr:      0.0000
[I](2022-03-18  02:20:13 pm)    Taper_Ar:      0.0000
[I](2022-03-18  02:21:36 pm)작업중 정지 [d:1][t:00:01:22]
[I](2022-03-18  02:21:36 pm)    [LNo:0005] 000043/000050
[I](2022-03-18  02:32:06 pm)Reset
[I](2022-03-18  02:32:14 pm)Reset
[I](2022-03-18  02:32:53 pm)Reset
[I](2022-03-18  02:32:56 pm)Reset
[I](2022-03-18  02:32:57 pm)Reset
[I](2022-03-18  02:33:31 pm)Reset
[I](2022-03-18  02:33:31 pm)Reset
[I](2022-03-18  02:33:52 pm)Reset
[I](2022-03-18  02:33:52 pm)Reset
[I](2022-03-18  02:34:10 pm)Reset
[I](2022-03-18  02:37:16 pm)Reset
[I](2022-03-18  02:39:51 pm)Reset
[I](2022-03-18  02:43:47 pm)Reset
[I](2022-03-18  02:43:47 pm)Reset
[I](2022-03-18  02:46:26 pm)Reset
[I](2022-03-18  02:47:00 pm)Reset
[I](2022-03-18  02:47:49 pm)Reset
[I](2022-03-18  02:47:50 pm)Reset
[I](2022-03-18  02:48:28 pm)작업 시작 [Start d:101]
[I](2022-03-18  02:48:28 pm)Nc File: [No.0001-326.NC *]
[I](2022-03-18  02:48:28 pm)  * Start Machine Position
[I](2022-03-18  02:48:28 pm)    X:    280.2286
[I](2022-03-18  02:48:28 pm)    Y:   -173.4298
[I](2022-03-18  02:48:28 pm)    U:      0.0000
[I](2022-03-18  02:48:28 pm)    V:      0.0000
[I](2022-03-18  02:48:28 pm)    Z:     30.9553
[I](2022-03-18  02:48:28 pm)  * Angle
[I](2022-03-18  02:48:28 pm)    Ar:      0.0776,Kr:      0.0000
[I](2022-03-18  02:48:28 pm)    Taper_Ar:      0.0000
[I](2022-03-18  02:49:06 pm)작업중 정지 [d:0][t:00:00:38]
[I](2022-03-18  02:49:06 pm)    [LNo:0001] 000013/000607
[I](2022-03-18  03:23:45 pm)작업중 정지 [d:22][t:00:35:16]
[I](2022-03-18  03:23:45 pm)    [LNo:0001] 000601/000607
[A](2022-03-18  03:24:19 pm)[037] 자동결선 잔여 WIRE 처리 실패!!
[I](2022-03-18  03:33:52 pm)Reset
[I](2022-03-18  03:38:18 pm)Reset
[I](2022-03-18  03:38:18 pm)Reset
[I](2022-03-18  03:41:12 pm)Reset
[I](2022-03-18  03:41:17 pm)Reset
[I](2022-03-18  03:41:17 pm)Reset
[I](2022-03-18  03:46:10 pm)Reset
[I](2022-03-18  03:48:37 pm)Reset
[I](2022-03-18  03:49:08 pm)Reset
[I](2022-03-18  03:49:45 pm)Reset
[I](2022-03-18  03:55:12 pm)Reset
[I](2022-03-18  03:55:29 pm)Reset
[I](2022-03-18  03:55:51 pm)작업 시작 [Start d:123]
[I](2022-03-18  03:55:51 pm)Nc File: [No.0006-318.NC]
[I](2022-03-18  03:55:51 pm)  * Start Machine Position
[I](2022-03-18  03:55:51 pm)    X:    248.0975
[I](2022-03-18  03:55:51 pm)    Y:   -223.5674
[I](2022-03-18  03:55:51 pm)    U:      0.0000
[I](2022-03-18  03:55:51 pm)    V:      0.0000
[I](2022-03-18  03:55:51 pm)    Z:     49.5228
[I](2022-03-18  03:55:51 pm)  * Angle
[I](2022-03-18  03:55:51 pm)    Ar:     -0.0392,Kr:      0.0000
[I](2022-03-18  03:55:51 pm)    Taper_Ar:      0.0000
[I](2022-03-18  03:56:44 pm)작업중 정지 [d:0][t:00:00:52]
[I](2022-03-18  03:56:44 pm)    [LNo:0006] 000039/000539
[I](2022-03-18  04:04:43 pm)작업중 정지 [d:7][t:00:08:51]
[I](2022-03-18  04:04:43 pm)    [LNo:0006] 000081/000539
[I](2022-03-18  04:04:43 pm)작업중 M코드정지 [d:7][t:00:08:51]
[I](2022-03-18  04:12:21 pm)작업중 정지 [d:14][t:00:16:29]
[I](2022-03-18  04:12:21 pm)    [LNo:0006] 000105/000539
[I](2022-03-18  04:12:21 pm)작업중 M코드정지 [d:14][t:00:16:29]
[I](2022-03-18  04:12:39 pm)작업중 정지 [d:14][t:00:16:47]
[I](2022-03-18  04:12:39 pm)    [LNo:0006] 000108/000539
[I](2022-03-18  04:12:39 pm)작업중 M코드정지 [d:14][t:00:16:47]
[I](2022-03-18  04:27:09 pm)작업중 정지 [d:28][t:00:31:17]
[I](2022-03-18  04:27:09 pm)    [LNo:0006] 000171/000539
[A](2022-03-18  04:30:24 pm)[037] 자동결선 잔여 WIRE 처리 실패!!
[I](2022-03-18  04:30:54 pm)작업 재시작
[I](2022-03-18  04:34:51 pm)작업중 정지 [d:32][t:00:38:59]
[I](2022-03-18  04:34:51 pm)    [LNo:0006] 000178/000539
[I](2022-03-18  04:34:51 pm)작업중 M코드정지 [d:32][t:00:38:59]
[A](2022-03-18  04:35:33 pm)[037] 자동결선 잔여 WIRE 처리 실패!!
[I](2022-03-18  04:36:53 pm)Reset
[I](2022-03-18  04:36:53 pm)Reset
[I](2022-03-18  04:37:05 pm)작업 시작 [Start d:155]
[I](2022-03-18  04:37:05 pm)Nc File: [No.0006-318.NC]
[I](2022-03-18  04:37:05 pm)  * Start Machine Position
[I](2022-03-18  04:37:05 pm)    X:    100.7433
[I](2022-03-18  04:37:05 pm)    Y:   -301.3215
[I](2022-03-18  04:37:05 pm)    U:      0.0000
[I](2022-03-18  04:37:05 pm)    V:      0.0000
[I](2022-03-18  04:37:05 pm)    Z:     49.5228
[I](2022-03-18  04:37:05 pm)  * Angle
[I](2022-03-18  04:37:05 pm)    Ar:     -0.0392,Kr:      0.0000
[I](2022-03-18  04:37:05 pm)    Taper_Ar:      0.0000
[I](2022-03-18  04:40:35 pm)작업중 정지 [d:4][t:00:03:30]
[I](2022-03-18  04:40:35 pm)    [LNo:0006] 000178/000539
[I](2022-03-18  04:40:35 pm)작업중 M코드정지 [d:4][t:00:03:30]
[I](2022-03-18  04:42:38 pm)Reset
[I](2022-03-18  04:42:47 pm)작업 시작 [Start d:159]
[I](2022-03-18  04:42:47 pm)Nc File: [No.0006-318.NC]
[I](2022-03-18  04:42:47 pm)  * Start Machine Position
[I](2022-03-18  04:42:47 pm)    X:    100.7433
[I](2022-03-18  04:42:47 pm)    Y:   -301.3215
[I](2022-03-18  04:42:47 pm)    U:      0.0000
[I](2022-03-18  04:42:47 pm)    V:      0.0000
[I](2022-03-18  04:42:47 pm)    Z:     49.5228
[I](2022-03-18  04:42:47 pm)  * Angle
[I](2022-03-18  04:42:47 pm)    Ar:     -0.0392,Kr:      0.0000
[I](2022-03-18  04:42:47 pm)    Taper_Ar:      0.0000
[I](2022-03-18  04:48:49 pm)작업중 정지 [d:6][t:00:06:02]
[I](2022-03-18  04:48:49 pm)    [LNo:0006] 000178/000539
[I](2022-03-18  04:48:49 pm)작업중 M코드정지 [d:6][t:00:06:02]
[A](2022-03-18  04:49:09 pm)[037] 자동결선 잔여 WIRE 처리 실패!!
[I](2022-03-18  04:54:10 pm)Reset
[I](2022-03-18  04:54:18 pm)작업 시작 [Start d:165]
[I](2022-03-18  04:54:18 pm)Nc File: [No.0006-318.NC]
[I](2022-03-18  04:54:18 pm)  * Start Machine Position
[I](2022-03-18  04:54:18 pm)    X:    100.7433
[I](2022-03-18  04:54:18 pm)    Y:   -301.3215
[I](2022-03-18  04:54:18 pm)    U:      0.0000
[I](2022-03-18  04:54:18 pm)    V:      0.0000
[I](2022-03-18  04:54:18 pm)    Z:     49.5228
[I](2022-03-18  04:54:18 pm)  * Angle
[I](2022-03-18  04:54:18 pm)    Ar:     -0.0392,Kr:      0.0000
[I](2022-03-18  04:54:18 pm)    Taper_Ar:      0.0000
[I](2022-03-18  04:57:40 pm)작업중 정지 [d:3][t:00:03:21]
[I](2022-03-18  04:57:40 pm)    [LNo:0006] 000179/000539
[I](2022-03-18  04:57:40 pm)작업중 M코드정지 [d:3][t:00:03:21]
[A](2022-03-18  04:58:07 pm)[037] 자동결선 잔여 WIRE 처리 실패!!
[I](2022-03-18  05:10:08 pm)작업중 정지 [d:13][t:00:15:49]
[I](2022-03-18  05:10:08 pm)    [LNo:0006] 000249/000539
[I](2022-03-18  05:10:08 pm)작업중 M코드정지 [d:13][t:00:15:49]
[A](2022-03-18  05:10:14 pm)[001] 와이어 미동작
[I](2022-03-18  05:16:38 pm)작업중 정지 [d:19][t:00:22:19]
[I](2022-03-18  05:16:38 pm)    [LNo:0006] 000281/000539
[I](2022-03-18  05:16:38 pm)작업중 30sec 접촉 정지 [d:19][t:00:22:19]
[I](2022-03-18  05:19:34 pm)작업 재시작
[I](2022-03-18  05:28:30 pm)작업중 정지 [d:28][t:00:34:11]
[I](2022-03-18  05:28:30 pm)    [LNo:0006] 000321/000539
[I](2022-03-18  05:28:30 pm)작업중 M코드정지 [d:28][t:00:34:11]
[I](2022-03-18  05:28:48 pm)Reset
[A](2022-03-18  05:29:00 pm)[001] 와이어 미동작
[A](2022-03-18  05:29:01 pm)[001] 와이어 미동작
[A](2022-03-18  05:29:01 pm)[001] 와이어 미동작
[A](2022-03-18  05:29:33 pm)[037] 자동결선 잔여 WIRE 처리 실패!!
[I](2022-03-18  05:30:01 pm)작업 시작 [Start d:193]
[I](2022-03-18  05:30:01 pm)Nc File: [No.0006-318.NC]
[I](2022-03-18  05:30:01 pm)  * Start Machine Position
[I](2022-03-18  05:30:01 pm)    X:    135.3218
[I](2022-03-18  05:30:01 pm)    Y:   -335.6341
[I](2022-03-18  05:30:01 pm)    U:      0.0000
[I](2022-03-18  05:30:01 pm)    V:      0.0000
[I](2022-03-18  05:30:01 pm)    Z:     49.5228
[I](2022-03-18  05:30:01 pm)  * Angle
[I](2022-03-18  05:30:01 pm)    Ar:     -0.0392,Kr:      0.0000
[I](2022-03-18  05:30:01 pm)    Taper_Ar:      0.0000
[I](2022-03-18  05:33:59 pm)작업중 정지 [d:4][t:00:03:58]
[I](2022-03-18  05:33:59 pm)    [LNo:0006] 000292/000539
[I](2022-03-18  05:34:00 pm)작업중 30sec 접촉 정지 [d:4][t:00:03:58]
[I](2022-03-18  05:34:07 pm)작업 재시작
[I](2022-03-18  05:40:13 pm)작업중 정지 [d:11][t:00:10:11]
[I](2022-03-18  05:40:13 pm)    [LNo:0006] 000320/000539
[I](2022-03-18  05:40:13 pm)작업중 M코드정지 [d:11][t:00:10:11]
[I](2022-03-18  05:40:23 pm)Reset
[A](2022-03-18  05:40:29 pm)[001] 와이어 미동작
[A](2022-03-18  05:40:30 pm)[001] 와이어 미동작
[A](2022-03-18  05:40:57 pm)[037] 자동결선 잔여 WIRE 처리 실패!!
[A](2022-03-18  05:40:59 pm)[033] 자동결선 회수 롤러 WIRE CONTACT!!
[I](2022-03-18  05:41:29 pm)Reset
[I](2022-03-18  05:41:29 pm)Reset
[I](2022-03-18  05:41:36 pm)작업 시작 [Start d:204]
[I](2022-03-18  05:41:36 pm)Nc File: [No.0006-318.NC]
[I](2022-03-18  05:41:36 pm)  * Start Machine Position
[I](2022-03-18  05:41:36 pm)    X:    135.3218
[I](2022-03-18  05:41:36 pm)    Y:   -335.6341
[I](2022-03-18  05:41:36 pm)    U:      0.0000
[I](2022-03-18  05:41:36 pm)    V:      0.0000
[I](2022-03-18  05:41:36 pm)    Z:     49.5228
[I](2022-03-18  05:41:36 pm)  * Angle
[I](2022-03-18  05:41:36 pm)    Ar:     -0.0392,Kr:      0.0000
[I](2022-03-18  05:41:36 pm)    Taper_Ar:      0.0000
[I](2022-03-18  05:44:01 pm)작업중 정지 [d:2][t:00:02:24]
[I](2022-03-18  05:44:01 pm)    [LNo:0006] 000321/000539
[I](2022-03-18  05:45:55 pm)Reset
[I](2022-03-18  05:46:05 pm)Reset
[I](2022-03-18  05:46:37 pm)작업 시작 [Start d:206]
[I](2022-03-18  05:46:37 pm)Nc File: [No.0006-318.NC *]
[I](2022-03-18  05:46:37 pm)  * Start Machine Position
[I](2022-03-18  05:46:37 pm)    X:    248.0975
[I](2022-03-18  05:46:37 pm)    Y:   -223.5674
[I](2022-03-18  05:46:37 pm)    U:      0.0000
[I](2022-03-18  05:46:37 pm)    V:      0.0000
[I](2022-03-18  05:46:37 pm)    Z:     49.5228
[I](2022-03-18  05:46:37 pm)  * Angle
[I](2022-03-18  05:46:37 pm)    Ar:     -0.0392,Kr:      0.0000
[I](2022-03-18  05:46:37 pm)    Taper_Ar:      0.0000
[I](2022-03-18  06:01:31 pm)
[I](2022-03-18  06:01:31 pm)Work completed.
[I](2022-03-18  06:01:31 pm)작업 끝.(M02) [d:9][t:00:14:54]
[I](2022-03-18  06:22:17 pm)Reset
[I](2022-03-18  06:22:23 pm)작업 시작 [Start d:215]
[I](2022-03-18  06:22:23 pm)Nc File: [No.0006-318.NC *]
[I](2022-03-18  06:22:23 pm)  * Start Machine Position
[I](2022-03-18  06:22:23 pm)    X:    248.0975
[I](2022-03-18  06:22:23 pm)    Y:   -223.5674
[I](2022-03-18  06:22:23 pm)    U:      0.0000
[I](2022-03-18  06:22:23 pm)    V:      0.0000
[I](2022-03-18  06:22:23 pm)    Z:     49.5228
[I](2022-03-18  06:22:23 pm)  * Angle
[I](2022-03-18  06:22:23 pm)    Ar:     -0.0392,Kr:      0.0000
[I](2022-03-18  06:22:23 pm)    Taper_Ar:      0.0000
[I](2022-03-18  06:33:21 pm)작업 끝.(M02) [d:5][t:00:10:58]
[I](2022-03-18  06:33:21 pm)
[I](2022-03-18  06:33:21 pm)Work completed.
[I](2022-03-18  06:33:45 pm)Reset
[I](2022-03-18  06:33:54 pm)작업 시작 [Start d:220]
[I](2022-03-18  06:33:54 pm)Nc File: [No.0006-318.NC *]
[I](2022-03-18  06:33:54 pm)  * Start Machine Position
[I](2022-03-18  06:33:54 pm)    X:    248.0975
[I](2022-03-18  06:33:54 pm)    Y:   -223.5674
[I](2022-03-18  06:33:54 pm)    U:      0.0000
[I](2022-03-18  06:33:54 pm)    V:      0.0000
[I](2022-03-18  06:33:54 pm)    Z:     49.5228
[I](2022-03-18  06:33:54 pm)  * Angle
[I](2022-03-18  06:33:54 pm)    Ar:     -0.0392,Kr:      0.0000
[I](2022-03-18  06:33:54 pm)    Taper_Ar:      0.0000
[I](2022-03-18  06:33:54 pm)작업중 정지 [d:0][t:00:00:00]
[I](2022-03-18  06:33:54 pm)    [LNo:0006] 000324/000538
[I](2022-03-18  06:33:59 pm)Reset
[I](2022-03-18  06:34:07 pm)작업 시작 [Start d:220]
[I](2022-03-18  06:34:07 pm)Nc File: [No.0006-318.NC *]
[I](2022-03-18  06:34:07 pm)  * Start Machine Position
[I](2022-03-18  06:34:07 pm)    X:    248.0975
[I](2022-03-18  06:34:07 pm)    Y:   -223.5674
[I](2022-03-18  06:34:07 pm)    U:      0.0000
[I](2022-03-18  06:34:07 pm)    V:      0.0000
[I](2022-03-18  06:34:07 pm)    Z:     49.5228
[I](2022-03-18  06:34:07 pm)  * Angle
[I](2022-03-18  06:34:07 pm)    Ar:     -0.0392,Kr:      0.0000
[I](2022-03-18  06:34:07 pm)    Taper_Ar:      0.0000
[I](2022-03-18  06:41:41 pm)작업중 정지 [d:7][t:00:07:34]
[I](2022-03-18  06:41:41 pm)    [LNo:0006] 000265/000538
[A](2022-03-18  06:42:04 pm)[037] 자동결선 잔여 WIRE 처리 실패!!
[I](2022-03-18  06:44:29 pm)작업 재시작
[I](2022-03-18  06:50:24 pm)작업중 정지 [d:13][t:00:16:17]
[I](2022-03-18  06:50:24 pm)    [LNo:0006] 000320/000538
[I](2022-03-18  06:50:24 pm)작업중 M코드정지 [d:13][t:00:16:17]
[A](2022-03-18  06:50:48 pm)[037] 자동결선 잔여 WIRE 처리 실패!!
[I](2022-03-18  06:52:07 pm)Reset
[I](2022-03-18  06:52:08 pm)Reset
[I](2022-03-18  06:52:19 pm)작업 시작 [Start d:233]
[I](2022-03-18  06:52:19 pm)Nc File: [No.0006-318.NC *]
[I](2022-03-18  06:52:19 pm)  * Start Machine Position
[I](2022-03-18  06:52:19 pm)    X:    135.3219
[I](2022-03-18  06:52:19 pm)    Y:   -335.6342
[I](2022-03-18  06:52:19 pm)    U:      0.0000
[I](2022-03-18  06:52:19 pm)    V:      0.0000
[I](2022-03-18  06:52:19 pm)    Z:     49.5228
[I](2022-03-18  06:52:19 pm)  * Angle
[I](2022-03-18  06:52:19 pm)    Ar:     -0.0392,Kr:      0.0000
[I](2022-03-18  06:52:19 pm)    Taper_Ar:      0.0000
[I](2022-03-18  06:55:38 pm)작업중 정지 [d:3][t:00:03:18]
[I](2022-03-18  06:55:38 pm)    [LNo:0006] 000320/000538
[I](2022-03-18  06:55:38 pm)작업중 M코드정지 [d:3][t:00:03:18]
[A](2022-03-18  06:55:55 pm)[037] 자동결선 잔여 WIRE 처리 실패!!
[I](2022-03-18  06:58:05 pm)Reset
[I](2022-03-18  06:58:17 pm)작업 시작 [Start d:236]
[I](2022-03-18  06:58:17 pm)Nc File: [No.0006-318.NC *]
[I](2022-03-18  06:58:17 pm)  * Start Machine Position
[I](2022-03-18  06:58:17 pm)    X:    135.3219
[I](2022-03-18  06:58:17 pm)    Y:   -335.6342
[I](2022-03-18  06:58:17 pm)    U:      0.0000
[I](2022-03-18  06:58:17 pm)    V:      0.0000
[I](2022-03-18  06:58:17 pm)    Z:     49.5228
[I](2022-03-18  06:58:17 pm)  * Angle
[I](2022-03-18  06:58:17 pm)    Ar:     -0.0392,Kr:      0.0000
[I](2022-03-18  06:58:17 pm)    Taper_Ar:      0.0000
[I](2022-03-18  07:01:32 pm)작업중 정지 [d:3][t:00:03:15]
[I](2022-03-18  07:01:32 pm)    [LNo:0006] 000320/000538
[I](2022-03-18  07:01:32 pm)작업중 M코드정지 [d:3][t:00:03:15]
[A](2022-03-18  07:01:52 pm)[037] 자동결선 잔여 WIRE 처리 실패!!
[I](2022-03-18  07:16:51 pm)Reset
[I](2022-03-18  07:16:59 pm)Reset
[I](2022-03-18  07:16:59 pm)Reset
[I](2022-03-18  07:19:51 pm)Reset
[I](2022-03-18  07:19:52 pm)Reset
[I](2022-03-18  07:19:57 pm)Reset
[I](2022-03-18  07:21:51 pm)Reset
[I](2022-03-18  07:22:34 pm)Reset
[I](2022-03-18  07:22:50 pm)Reset
[I](2022-03-18  07:23:54 pm)작업 시작 [Start d:239]
[I](2022-03-18  07:23:54 pm)Nc File: [No.0001-341.NC]
[I](2022-03-18  07:23:54 pm)  * Start Machine Position
[I](2022-03-18  07:23:54 pm)    X:     88.5934
[I](2022-03-18  07:23:54 pm)    Y:   -352.8677
[I](2022-03-18  07:23:54 pm)    U:      0.0702
[I](2022-03-18  07:23:54 pm)    V:     -0.0291
[I](2022-03-18  07:23:54 pm)    Z:    119.9852
[I](2022-03-18  07:23:54 pm)  * Angle
[I](2022-03-18  07:23:54 pm)    Ar:      0.6875,Kr:      0.0000
[I](2022-03-18  07:23:54 pm)    Taper_Ar:      0.0000
[I](2022-03-18  07:24:03 pm)작업중 정지 [d:0][t:00:00:08]
[I](2022-03-18  07:24:03 pm)    [LNo:0001] 000010/000038
[I](2022-03-18  07:24:03 pm)작업중 M코드정지 [d:0][t:00:00:08]
[I](2022-03-18  09:08:36 pm)작업중 정지 [d:104][t:01:44:41]
[I](2022-03-18  09:08:36 pm)    [LNo:0001] 000026/000038
[I](2022-03-18  09:08:36 pm)작업중 M코드정지 [d:104][t:01:44:41]
