[I](2022-07-18  12:13:53 pm)작업중 정지 [d:1222][t:20:38:04]
[I](2022-07-18  12:13:53 pm)    [LNo:0004] 000622/000641
[A](2022-07-18  12:13:53 pm)[008] 작업중 단선(AWF Feed Motor Stop )
[I](2022-07-18  12:13:53 pm)작업중 Wire 단선 [d:1222][t:20:38:04]
[I](2022-07-18  12:15:02 pm)작업 재시작
[I](2022-07-18  01:04:56 pm)작업중 정지 [d:1272][t:21:29:07]
[I](2022-07-18  01:04:56 pm)    [LNo:0004] 000629/000641
[I](2022-07-18  01:04:56 pm)작업중 M코드정지 [d:1272][t:21:29:07]
[I](2022-07-18  01:05:30 pm)작업중 정지 [d:1272][t:21:29:40]
[I](2022-07-18  01:05:30 pm)    [LNo:0004] 000630/000641
[I](2022-07-18  01:05:30 pm)작업중 30sec 접촉 정지 [d:1272][t:21:29:41]
[A](2022-07-18  01:06:11 pm)[084] Work Tank Fluid Sensor Abnormal
[A](2022-07-18  01:06:11 pm)[084] Work Tank Fluid Sensor Abnormal
[A](2022-07-18  01:06:12 pm)[084] Work Tank Fluid Sensor Abnormal
[I](2022-07-18  01:08:45 pm)Reset
[I](2022-07-18  01:08:46 pm)Reset
[I](2022-07-18  01:14:10 pm)Reset
[I](2022-07-18  01:17:06 pm)Reset
[I](2022-07-18  01:17:28 pm)Reset
[A](2022-07-18  01:17:33 pm)[001] 와이어 미동작
[I](2022-07-18  01:18:37 pm)Reset
[I](2022-07-18  01:18:47 pm)Reset
[I](2022-07-18  01:19:06 pm)Reset
[I](2022-07-18  01:19:14 pm)Reset
[I](2022-07-18  01:19:23 pm)Reset
[I](2022-07-18  01:20:27 pm)작업 시작 [Start d:1290]
[I](2022-07-18  01:20:27 pm)Nc File: [No.0009-369.NC]
[I](2022-07-18  01:20:27 pm)  * Start Machine Position
[I](2022-07-18  01:20:27 pm)    X:    467.1472
[I](2022-07-18  01:20:27 pm)    Y:   -390.8606
[I](2022-07-18  01:20:27 pm)    U:      0.0007
[I](2022-07-18  01:20:27 pm)    V:      0.0299
[I](2022-07-18  01:20:27 pm)    Z:     45.6341
[I](2022-07-18  01:20:27 pm)  * Angle
[I](2022-07-18  01:20:27 pm)    Ar:     -1.4430,Kr:      0.0000
[I](2022-07-18  01:20:27 pm)    Taper_Ar:      0.0000
[I](2022-07-18  01:20:27 pm)작업중 정지 [d:0][t:00:00:00]
[I](2022-07-18  01:20:27 pm)    [LNo:0009] 000084/000129
[I](2022-07-18  01:20:40 pm)Reset
[I](2022-07-18  01:20:49 pm)작업 시작 [Start d:1290]
[I](2022-07-18  01:20:49 pm)Nc File: [No.0009-369.NC]
[I](2022-07-18  01:20:49 pm)  * Start Machine Position
[I](2022-07-18  01:20:49 pm)    X:    467.1472
[I](2022-07-18  01:20:49 pm)    Y:   -390.8606
[I](2022-07-18  01:20:49 pm)    U:      0.0007
[I](2022-07-18  01:20:49 pm)    V:      0.0299
[I](2022-07-18  01:20:49 pm)    Z:     45.6341
[I](2022-07-18  01:20:49 pm)  * Angle
[I](2022-07-18  01:20:49 pm)    Ar:     -1.4430,Kr:      0.0000
[I](2022-07-18  01:20:49 pm)    Taper_Ar:      0.0000
[I](2022-07-18  01:20:50 pm)작업중 정지 [d:0][t:00:00:00]
[I](2022-07-18  01:20:50 pm)    [LNo:0009] 000059/000129
[I](2022-07-18  01:20:57 pm)작업중 정지 [d:0][t:00:00:07]
[I](2022-07-18  01:20:57 pm)    [LNo:0009] 000083/000129
[I](2022-07-18  01:26:22 pm)작업중 정지 [d:-1285][t:00:05:32]
[I](2022-07-18  01:26:22 pm)    [LNo:0009] 000098/000129
[I](2022-07-18  01:26:41 pm)작업 재시작
[I](2022-07-18  01:26:50 pm)작업중 정지 [d:-1285][t:00:06:00]
[I](2022-07-18  01:26:50 pm)    [LNo:0009] 000099/000129
[I](2022-07-18  01:26:50 pm)작업중 M코드정지 [d:-1285][t:00:06:00]
[A](2022-07-18  01:26:52 pm)[002] 가공액 미동작
[I](2022-07-18  01:27:01 pm)작업중 정지 [d:-1285][t:00:06:11]
[I](2022-07-18  01:27:01 pm)    [LNo:0009] 000101/000129
[I](2022-07-18  01:27:01 pm)작업중 M코드정지 [d:-1285][t:00:06:11]
[I](2022-07-18  01:38:46 pm)작업중 정지 [d:-1273][t:00:17:56]
[I](2022-07-18  01:38:46 pm)    [LNo:0009] 000122/000129
[I](2022-07-18  01:38:46 pm)작업중 M코드정지 [d:-1273][t:00:17:56]
[I](2022-07-18  01:39:03 pm)Reset
[I](2022-07-18  01:39:14 pm)작업 시작 [Start d:17]
[I](2022-07-18  01:39:14 pm)Nc File: [No.0009-369.NC]
[I](2022-07-18  01:39:14 pm)  * Start Machine Position
[I](2022-07-18  01:39:14 pm)    X:    468.9363
[I](2022-07-18  01:39:14 pm)    Y:   -359.9049
[I](2022-07-18  01:39:14 pm)    U:      0.0007
[I](2022-07-18  01:39:14 pm)    V:      0.0299
[I](2022-07-18  01:39:14 pm)    Z:     45.6341
[I](2022-07-18  01:39:14 pm)  * Angle
[I](2022-07-18  01:39:14 pm)    Ar:     -1.4430,Kr:      0.0000
[I](2022-07-18  01:39:14 pm)    Taper_Ar:      0.0000
[I](2022-07-18  01:41:58 pm)작업중 정지 [d:2][t:00:02:44]
[I](2022-07-18  01:41:58 pm)    [LNo:0009] 000122/000129
[I](2022-07-18  01:41:58 pm)작업중 M코드정지 [d:2][t:00:02:44]
[A](2022-07-18  01:44:08 pm)[084] Work Tank Fluid Sensor Abnormal
[A](2022-07-18  01:44:08 pm)[084] Work Tank Fluid Sensor Abnormal
[A](2022-07-18  01:44:09 pm)[084] Work Tank Fluid Sensor Abnormal
[A](2022-07-18  01:44:09 pm)[084] Work Tank Fluid Sensor Abnormal
[A](2022-07-18  01:44:09 pm)[084] Work Tank Fluid Sensor Abnormal
[A](2022-07-18  01:44:09 pm)[084] Work Tank Fluid Sensor Abnormal
[A](2022-07-18  01:44:09 pm)[084] Work Tank Fluid Sensor Abnormal
[A](2022-07-18  01:44:09 pm)[084] Work Tank Fluid Sensor Abnormal
[I](2022-07-18  01:47:56 pm)Reset
[I](2022-07-18  01:48:20 pm)Reset
[I](2022-07-18  01:49:03 pm)Reset
[I](2022-07-18  01:49:08 pm)Reset
[I](2022-07-18  01:50:22 pm)Reset
[A](2022-07-18  01:50:27 pm)[001] 와이어 미동작
[I](2022-07-18  01:52:21 pm)Reset
[I](2022-07-18  01:52:31 pm)Reset
[I](2022-07-18  01:52:46 pm)Reset
[I](2022-07-18  01:52:55 pm)Reset
[I](2022-07-18  01:53:34 pm)작업 시작 [Start d:19]
[I](2022-07-18  01:53:34 pm)Nc File: [No.0011-419.NC]
[I](2022-07-18  01:53:34 pm)  * Start Machine Position
[I](2022-07-18  01:53:34 pm)    X:    547.4259
[I](2022-07-18  01:53:34 pm)    Y:   -369.1412
[I](2022-07-18  01:53:34 pm)    U:      0.0001
[I](2022-07-18  01:53:34 pm)    V:      0.1399
[I](2022-07-18  01:53:34 pm)    Z:     73.4691
[I](2022-07-18  01:53:34 pm)  * Angle
[I](2022-07-18  01:53:34 pm)    Ar:     -0.0651,Kr:      0.0000
[I](2022-07-18  01:53:34 pm)    Taper_Ar:      0.0000
[I](2022-07-18  01:53:41 pm)작업중 정지 [d:0][t:00:00:07]
[I](2022-07-18  01:53:41 pm)    [LNo:0011] 000010/000066
[I](2022-07-18  01:53:41 pm)작업중 M코드정지 [d:0][t:00:00:07]
[I](2022-07-18  02:26:20 pm)작업중 정지 [d:33][t:00:32:46]
[I](2022-07-18  02:26:20 pm)    [LNo:0011] 000032/000066
[I](2022-07-18  02:26:20 pm)작업중 M코드정지 [d:33][t:00:32:46]
[I](2022-07-18  02:26:46 pm)작업중 정지 [d:33][t:00:33:11]
[I](2022-07-18  02:26:46 pm)    [LNo:0011] 000034/000066
[I](2022-07-18  02:26:46 pm)작업중 M코드정지 [d:33][t:00:33:11]
[I](2022-07-18  02:36:38 pm)작업중 정지 [d:43][t:00:43:04]
[I](2022-07-18  02:36:38 pm)    [LNo:0011] 000058/000066
[I](2022-07-18  02:36:38 pm)작업중 M코드정지 [d:43][t:00:43:04]
[I](2022-07-18  02:37:04 pm)Reset
[I](2022-07-18  02:37:14 pm)작업 시작 [Start d:62]
[I](2022-07-18  02:37:14 pm)Nc File: [No.0011-419.NC]
[I](2022-07-18  02:37:14 pm)  * Start Machine Position
[I](2022-07-18  02:37:14 pm)    X:    506.9424
[I](2022-07-18  02:37:14 pm)    Y:   -388.0952
[I](2022-07-18  02:37:14 pm)    U:      0.0001
[I](2022-07-18  02:37:14 pm)    V:      0.1399
[I](2022-07-18  02:37:14 pm)    Z:     73.4691
[I](2022-07-18  02:37:14 pm)  * Angle
[I](2022-07-18  02:37:14 pm)    Ar:     -0.0651,Kr:      0.0000
[I](2022-07-18  02:37:14 pm)    Taper_Ar:      0.0000
[I](2022-07-18  02:39:47 pm)작업중 정지 [d:2][t:00:02:33]
[I](2022-07-18  02:39:47 pm)    [LNo:0011] 000058/000066
[I](2022-07-18  02:39:47 pm)작업중 M코드정지 [d:2][t:00:02:33]
[A](2022-07-18  02:40:42 pm)[084] Work Tank Fluid Sensor Abnormal
[A](2022-07-18  02:40:43 pm)[084] Work Tank Fluid Sensor Abnormal
[A](2022-07-18  02:40:43 pm)[084] Work Tank Fluid Sensor Abnormal
[A](2022-07-18  02:40:43 pm)[084] Work Tank Fluid Sensor Abnormal
[A](2022-07-18  02:40:43 pm)[084] Work Tank Fluid Sensor Abnormal
[A](2022-07-18  02:40:43 pm)[084] Work Tank Fluid Sensor Abnormal
[A](2022-07-18  02:40:44 pm)[084] Work Tank Fluid Sensor Abnormal
[A](2022-07-18  02:40:44 pm)[084] Work Tank Fluid Sensor Abnormal
[A](2022-07-18  02:40:44 pm)[084] Work Tank Fluid Sensor Abnormal
[A](2022-07-18  02:40:44 pm)[084] Work Tank Fluid Sensor Abnormal
[A](2022-07-18  02:40:44 pm)[084] Work Tank Fluid Sensor Abnormal
[A](2022-07-18  02:40:45 pm)[084] Work Tank Fluid Sensor Abnormal
[A](2022-07-18  02:40:45 pm)[084] Work Tank Fluid Sensor Abnormal
[A](2022-07-18  02:40:45 pm)[084] Work Tank Fluid Sensor Abnormal
[A](2022-07-18  02:40:45 pm)[084] Work Tank Fluid Sensor Abnormal
[A](2022-07-18  02:40:45 pm)[084] Work Tank Fluid Sensor Abnormal
[A](2022-07-18  02:40:46 pm)[084] Work Tank Fluid Sensor Abnormal
[A](2022-07-18  02:40:46 pm)[084] Work Tank Fluid Sensor Abnormal
[A](2022-07-18  02:40:46 pm)[084] Work Tank Fluid Sensor Abnormal
[A](2022-07-18  02:40:46 pm)[084] Work Tank Fluid Sensor Abnormal
[A](2022-07-18  02:40:47 pm)[084] Work Tank Fluid Sensor Abnormal
[A](2022-07-18  02:40:47 pm)[084] Work Tank Fluid Sensor Abnormal
[A](2022-07-18  02:40:47 pm)[084] Work Tank Fluid Sensor Abnormal
[A](2022-07-18  02:40:47 pm)[084] Work Tank Fluid Sensor Abnormal
[A](2022-07-18  02:40:47 pm)[084] Work Tank Fluid Sensor Abnormal
[I](2022-07-18  02:44:08 pm)Reset
[I](2022-07-18  02:46:37 pm)Reset
[I](2022-07-18  02:46:42 pm)Reset
[A](2022-07-18  02:47:33 pm)[002] 가공액 미동작
[I](2022-07-18  02:47:36 pm)작업 시작 [Start d:64]
[I](2022-07-18  02:47:36 pm)Nc File: [No.0013-416.NC]
[I](2022-07-18  02:47:36 pm)  * Start Machine Position
[I](2022-07-18  02:47:36 pm)    X:    378.6999
[I](2022-07-18  02:47:36 pm)    Y:   -303.0871
[I](2022-07-18  02:47:36 pm)    U:      0.0000
[I](2022-07-18  02:47:36 pm)    V:      0.0000
[I](2022-07-18  02:47:36 pm)    Z:     40.5506
[I](2022-07-18  02:47:36 pm)  * Angle
[I](2022-07-18  02:47:36 pm)    Ar:      0.0000,Kr:      0.0000
[I](2022-07-18  02:47:36 pm)    Taper_Ar:      0.0000
[I](2022-07-18  03:37:19 pm)작업중 정지 [d:50][t:00:49:43]
[I](2022-07-18  03:37:19 pm)    [LNo:0013] 000081/000093
[I](2022-07-18  03:37:19 pm)작업중 M코드정지 [d:50][t:00:49:43]
[I](2022-07-18  03:41:29 pm)작업중 정지 [d:50][t:00:53:52]
[I](2022-07-18  03:41:29 pm)    [LNo:0013] 000082/000093
[I](2022-07-18  03:41:29 pm)Wire Contact Auto Stop(M52)
[I](2022-07-18  03:47:59 pm)Reset
[I](2022-07-18  03:48:02 pm)Reset
[I](2022-07-18  03:49:09 pm)Reset
[I](2022-07-18  03:50:03 pm)Reset
[I](2022-07-18  03:50:12 pm)Reset
[I](2022-07-18  03:50:37 pm)Reset
[I](2022-07-18  03:50:47 pm)Reset
[I](2022-07-18  03:52:00 pm)작업 시작 [Start d:114]
[I](2022-07-18  03:52:00 pm)Nc File: [No.0014-417.NC]
[I](2022-07-18  03:52:00 pm)  * Start Machine Position
[I](2022-07-18  03:52:00 pm)    X:    492.4499
[I](2022-07-18  03:52:00 pm)    Y:   -383.1237
[I](2022-07-18  03:52:00 pm)    U:     -0.0278
[I](2022-07-18  03:52:00 pm)    V:      0.1204
[I](2022-07-18  03:52:00 pm)    Z:     32.7056
[I](2022-07-18  03:52:00 pm)  * Angle
[I](2022-07-18  03:52:00 pm)    Ar:     -1.0210,Kr:      0.0000
[I](2022-07-18  03:52:00 pm)    Taper_Ar:      0.0000
[I](2022-07-18  03:52:02 pm)작업중 정지 [d:0][t:00:00:02]
[I](2022-07-18  03:52:02 pm)    [LNo:0014] 000010/000105
[I](2022-07-18  03:52:02 pm)작업중 M코드정지 [d:0][t:00:00:02]
[A](2022-07-18  03:52:23 pm)[001] 와이어 미동작
[I](2022-07-18  03:53:37 pm)작업중 정지 [d:1][t:00:01:36]
[I](2022-07-18  03:53:37 pm)    [LNo:0014] 000027/000105
[I](2022-07-18  03:53:37 pm)작업중 M코드정지 [d:1][t:00:01:36]
[A](2022-07-18  03:54:10 pm)[001] 와이어 미동작
[I](2022-07-18  03:55:15 pm)작업중 정지 [d:3][t:00:03:15]
[I](2022-07-18  03:55:15 pm)    [LNo:0014] 000051/000105
[I](2022-07-18  03:55:15 pm)작업중 M코드정지 [d:3][t:00:03:15]
[I](2022-07-18  04:01:27 pm)작업중 정지 [d:9][t:00:09:27]
[I](2022-07-18  04:01:27 pm)    [LNo:0014] 000074/000105
[I](2022-07-18  04:01:27 pm)작업중 M코드정지 [d:9][t:00:09:27]
[I](2022-07-18  04:01:48 pm)작업중 정지 [d:9][t:00:09:48]
[I](2022-07-18  04:01:48 pm)    [LNo:0014] 000076/000105
[I](2022-07-18  04:01:48 pm)작업중 M코드정지 [d:9][t:00:09:48]
[I](2022-07-18  04:02:42 pm)작업중 정지 [d:10][t:00:10:41]
[I](2022-07-18  04:02:42 pm)    [LNo:0014] 000090/000105
[I](2022-07-18  04:02:42 pm)작업중 30sec 접촉 정지 [d:10][t:00:10:41]
[I](2022-07-18  04:02:45 pm)작업 재시작
[I](2022-07-18  04:04:02 pm)작업중 정지 [d:11][t:00:12:02]
[I](2022-07-18  04:04:02 pm)    [LNo:0014] 000098/000105
[I](2022-07-18  04:04:02 pm)작업중 M코드정지 [d:11][t:00:12:02]
[A](2022-07-18  04:04:20 pm)[084] Work Tank Fluid Sensor Abnormal
[A](2022-07-18  04:04:20 pm)[084] Work Tank Fluid Sensor Abnormal
[A](2022-07-18  04:04:20 pm)[084] Work Tank Fluid Sensor Abnormal
[A](2022-07-18  04:04:20 pm)[084] Work Tank Fluid Sensor Abnormal
[A](2022-07-18  04:04:20 pm)[084] Work Tank Fluid Sensor Abnormal
[A](2022-07-18  04:04:20 pm)[084] Work Tank Fluid Sensor Abnormal
[A](2022-07-18  04:04:21 pm)[084] Work Tank Fluid Sensor Abnormal
[A](2022-07-18  04:04:21 pm)[084] Work Tank Fluid Sensor Abnormal
[A](2022-07-18  04:04:21 pm)[084] Work Tank Fluid Sensor Abnormal
[A](2022-07-18  04:04:21 pm)[084] Work Tank Fluid Sensor Abnormal
[A](2022-07-18  04:04:21 pm)[084] Work Tank Fluid Sensor Abnormal
[A](2022-07-18  04:04:21 pm)[084] Work Tank Fluid Sensor Abnormal
[A](2022-07-18  04:04:22 pm)[084] Work Tank Fluid Sensor Abnormal
[A](2022-07-18  04:04:22 pm)[084] Work Tank Fluid Sensor Abnormal
[A](2022-07-18  04:04:22 pm)[084] Work Tank Fluid Sensor Abnormal
[A](2022-07-18  04:04:22 pm)[084] Work Tank Fluid Sensor Abnormal
[A](2022-07-18  04:04:22 pm)[084] Work Tank Fluid Sensor Abnormal
[A](2022-07-18  04:04:23 pm)[084] Work Tank Fluid Sensor Abnormal
[A](2022-07-18  04:04:23 pm)[084] Work Tank Fluid Sensor Abnormal
[A](2022-07-18  04:04:23 pm)[084] Work Tank Fluid Sensor Abnormal
[A](2022-07-18  04:04:24 pm)[084] Work Tank Fluid Sensor Abnormal
[A](2022-07-18  04:04:24 pm)[084] Work Tank Fluid Sensor Abnormal
[A](2022-07-18  04:04:24 pm)[084] Work Tank Fluid Sensor Abnormal
[A](2022-07-18  04:04:24 pm)[084] Work Tank Fluid Sensor Abnormal
[A](2022-07-18  04:04:24 pm)[084] Work Tank Fluid Sensor Abnormal
[A](2022-07-18  04:04:25 pm)[084] Work Tank Fluid Sensor Abnormal
[A](2022-07-18  04:04:25 pm)[084] Work Tank Fluid Sensor Abnormal
[A](2022-07-18  04:04:25 pm)[084] Work Tank Fluid Sensor Abnormal
[A](2022-07-18  04:04:25 pm)[084] Work Tank Fluid Sensor Abnormal
[A](2022-07-18  04:04:26 pm)[084] Work Tank Fluid Sensor Abnormal
[A](2022-07-18  04:04:26 pm)[084] Work Tank Fluid Sensor Abnormal
[A](2022-07-18  04:04:26 pm)[084] Work Tank Fluid Sensor Abnormal
[A](2022-07-18  04:04:26 pm)[084] Work Tank Fluid Sensor Abnormal
[A](2022-07-18  04:04:27 pm)[084] Work Tank Fluid Sensor Abnormal
[A](2022-07-18  04:04:27 pm)[084] Work Tank Fluid Sensor Abnormal
[A](2022-07-18  04:04:27 pm)[084] Work Tank Fluid Sensor Abnormal
[A](2022-07-18  04:04:27 pm)[084] Work Tank Fluid Sensor Abnormal
[A](2022-07-18  04:04:28 pm)[084] Work Tank Fluid Sensor Abnormal
[I](2022-07-18  04:06:07 pm)Reset
[I](2022-07-18  04:06:15 pm)Reset
[I](2022-07-18  04:07:39 pm)Reset
[I](2022-07-18  04:07:43 pm)Reset
[I](2022-07-18  04:07:44 pm)Reset
[I](2022-07-18  04:07:58 pm)Reset
[I](2022-07-18  04:09:08 pm)작업 시작 [Start d:0]
[I](2022-07-18  04:09:08 pm)Nc File: [No.0012-428.NC]
[I](2022-07-18  04:09:08 pm)  * Start Machine Position
[I](2022-07-18  04:09:08 pm)    X:    116.9586
[I](2022-07-18  04:09:08 pm)    Y:   -296.0713
[I](2022-07-18  04:09:08 pm)    U:      0.0000
[I](2022-07-18  04:09:08 pm)    V:      0.0000
[I](2022-07-18  04:09:08 pm)    Z:     50.8606
[I](2022-07-18  04:09:08 pm)  * Angle
[I](2022-07-18  04:09:08 pm)    Ar:     -0.0900,Kr:      0.0000
[I](2022-07-18  04:09:08 pm)    Taper_Ar:      0.0000
[I](2022-07-18  05:02:24 pm)작업중 정지 [d:53][t:00:53:15]
[I](2022-07-18  05:02:24 pm)    [LNo:0012] 000028/000271
[A](2022-07-18  05:02:24 pm)[008] 작업중 단선(AWF Feed Motor Stop )
[I](2022-07-18  05:02:24 pm)작업중 Wire 단선 [d:53][t:00:53:16]
[I](2022-07-18  05:03:32 pm)작업 재시작
[I](2022-07-18  05:47:39 pm)작업중 정지 [d:97][t:01:38:30]
[I](2022-07-18  05:47:39 pm)    [LNo:0012] 000032/000271
[I](2022-07-18  05:47:39 pm)작업중 M코드정지 [d:97][t:01:38:30]
[I](2022-07-18  05:48:01 pm)작업중 정지 [d:97][t:01:38:53]
[I](2022-07-18  05:48:01 pm)    [LNo:0012] 000033/000271
[I](2022-07-18  05:49:15 pm)작업 재시작
[I](2022-07-18  05:49:21 pm)작업중 정지 [d:97][t:01:40:12]
[I](2022-07-18  05:49:21 pm)    [LNo:0012] 000035/000271
[I](2022-07-18  05:49:21 pm)작업중 M코드정지 [d:97][t:01:40:12]
[I](2022-07-18  05:50:18 pm)작업중 정지 [d:98][t:01:41:10]
[I](2022-07-18  05:50:18 pm)    [LNo:0012] 000048/000271
[I](2022-07-18  05:50:24 pm)작업 재시작
[I](2022-07-18  06:30:51 pm)작업중 정지 [d:138][t:02:21:42]
[I](2022-07-18  06:30:51 pm)    [LNo:0012] 000082/000271
[A](2022-07-18  06:35:28 pm)[037] 자동결선 잔여 WIRE 처리 실패!!
[I](2022-07-18  06:36:58 pm)작업중 정지 [d:138][t:02:27:49]
[I](2022-07-18  06:36:58 pm)    [LNo:0012] 000096/000271
[I](2022-07-18  06:36:58 pm)작업중 30sec 접촉 정지 [d:138][t:02:27:50]
[I](2022-07-18  06:37:30 pm)작업 재시작
[I](2022-07-18  06:37:33 pm)작업중 정지 [d:138][t:02:28:24]
[I](2022-07-18  06:37:33 pm)    [LNo:0012] 000096/000271
[A](2022-07-18  06:37:33 pm)[008] 작업중 단선(AWF Feed Motor Stop )
[I](2022-07-18  06:37:33 pm)작업중 Wire 단선 [d:138][t:02:28:24]
[I](2022-07-18  06:38:36 pm)작업 재시작
[I](2022-07-18  06:50:09 pm)작업중 정지 [d:149][t:02:41:00]
[I](2022-07-18  06:50:09 pm)    [LNo:0012] 000100/000271
[A](2022-07-18  06:50:09 pm)[008] 작업중 단선(AWF Feed Motor Stop )
[I](2022-07-18  06:50:09 pm)작업중 Wire 단선 [d:149][t:02:41:00]
[I](2022-07-18  06:51:17 pm)작업 재시작
[I](2022-07-18  08:19:23 pm)작업중 정지 [d:237][t:04:10:14]
[I](2022-07-18  08:19:23 pm)    [LNo:0012] 000107/000271
[I](2022-07-18  08:19:23 pm)작업중 M코드정지 [d:237][t:04:10:14]
[I](2022-07-18  08:20:02 pm)작업중 정지 [d:237][t:04:10:53]
[I](2022-07-18  08:20:02 pm)    [LNo:0012] 000108/000271
[I](2022-07-18  08:22:25 pm)작업 재시작
[I](2022-07-18  08:22:40 pm)작업중 정지 [d:237][t:04:13:31]
[I](2022-07-18  08:22:40 pm)    [LNo:0012] 000110/000271
[I](2022-07-18  08:22:40 pm)작업중 M코드정지 [d:237][t:04:13:31]
