[I](2022-09-08  12:13:18 am)작업중 정지 [d:301][t:05:24:07]
[I](2022-09-08  12:13:18 am)    [LNo:0003] 000393/003466
[A](2022-09-08  12:13:18 am)[008] 작업중 단선(AWF Feed Motor Stop )
[I](2022-09-08  12:13:19 am)작업중 Wire 단선 [d:301][t:05:24:07]
[I](2022-09-08  12:14:26 am)작업 재시작
[I](2022-09-08  05:37:29 am)작업중 정지 [d:609][t:10:48:18]
[I](2022-09-08  05:37:29 am)    [LNo:0003] 000798/003466
[I](2022-09-08  05:37:29 am)작업중 30sec 접촉 정지 [d:609][t:10:48:18]
[I](2022-09-08  08:09:40 am)작업 재시작
[I](2022-09-08  08:41:30 am)작업중 정지 [d:640][t:13:52:19]
[I](2022-09-08  08:41:30 am)    [LNo:0003] 000835/003466
[A](2022-09-08  08:41:30 am)[008] 작업중 단선(AWF Feed Motor Stop )
[I](2022-09-08  08:41:30 am)작업중 Wire 단선 [d:640][t:13:52:19]
[A](2022-09-08  08:42:17 am)[041] AWF 명령끝날때까지 센서감지(타임아웃) 안됨
[I](2022-09-08  08:43:11 am)작업 재시작
[I](2022-09-08  08:58:34 am)작업중 정지 [d:654][t:14:09:22]
[I](2022-09-08  08:58:34 am)    [LNo:0003] 000860/003466
[A](2022-09-08  08:58:34 am)[008] 작업중 단선(AWF Feed Motor Stop )
[I](2022-09-08  08:58:34 am)작업중 Wire 단선 [d:654][t:14:09:22]
[I](2022-09-08  08:59:42 am)작업 재시작
[I](2022-09-08  09:00:15 am)작업중 정지 [d:654][t:14:11:04]
[I](2022-09-08  09:00:15 am)    [LNo:0003] 000860/003466
[A](2022-09-08  09:00:35 am)[037] 자동결선 잔여 WIRE 처리 실패!!
[A](2022-09-08  09:05:28 am)[037] 자동결선 잔여 WIRE 처리 실패!!
[I](2022-09-08  09:07:46 am)작업 재시작
[I](2022-09-08  09:09:55 am)작업중 정지 [d:2][t:14:20:44]
[I](2022-09-08  09:09:55 am)    [LNo:0003] 000862/003466
[A](2022-09-08  09:09:55 am)[008] 작업중 단선(AWF Feed Motor Stop )
[I](2022-09-08  09:09:55 am)작업중 Wire 단선 [d:2][t:14:20:44]
[I](2022-09-08  09:11:06 am)작업 재시작
[I](2022-09-08  09:20:39 am)작업중 정지 [d:11][t:14:31:28]
[I](2022-09-08  09:20:39 am)    [LNo:0003] 000883/003466
[A](2022-09-08  09:20:39 am)[008] 작업중 단선(AWF Feed Motor Stop )
[I](2022-09-08  09:20:39 am)작업중 Wire 단선 [d:11][t:14:31:28]
[I](2022-09-08  09:21:54 am)작업 재시작
[I](2022-09-08  09:23:27 am)작업중 정지 [d:13][t:14:34:16]
[I](2022-09-08  09:23:27 am)    [LNo:0003] 000885/003466
[A](2022-09-08  09:23:27 am)[008] 작업중 단선(AWF Feed Motor Stop )
[I](2022-09-08  09:23:27 am)작업중 Wire 단선 [d:13][t:14:34:16]
[I](2022-09-08  09:24:37 am)작업 재시작
[I](2022-09-08  09:29:20 am)작업중 정지 [d:18][t:14:40:08]
[I](2022-09-08  09:29:20 am)    [LNo:0003] 000885/003466
[A](2022-09-08  09:29:20 am)[008] 작업중 단선(AWF Feed Motor Stop )
[I](2022-09-08  09:29:20 am)작업중 Wire 단선 [d:18][t:14:40:08]
[I](2022-09-08  09:30:31 am)작업 재시작
[I](2022-09-08  09:46:15 am)작업중 정지 [d:32][t:14:57:03]
[I](2022-09-08  09:46:15 am)    [LNo:0003] 000912/003466
[A](2022-09-08  09:46:15 am)[008] 작업중 단선(AWF Feed Motor Stop )
[I](2022-09-08  09:46:15 am)작업중 Wire 단선 [d:32][t:14:57:03]
[I](2022-09-08  09:47:26 am)작업 재시작
[I](2022-09-08  09:48:00 am)작업중 정지 [d:32][t:14:58:49]
[I](2022-09-08  09:48:00 am)    [LNo:0003] 000912/003466
[A](2022-09-08  09:48:00 am)[008] 작업중 단선(AWF Feed Motor Stop )
[I](2022-09-08  09:48:00 am)작업중 Wire 단선 [d:32][t:14:58:49]
[I](2022-09-08  09:49:10 am)작업 재시작
[I](2022-09-08  09:49:23 am)작업중 정지 [d:33][t:15:00:12]
[I](2022-09-08  09:49:23 am)    [LNo:0003] 000912/003466
[A](2022-09-08  09:49:23 am)[008] 작업중 단선(AWF Feed Motor Stop )
[I](2022-09-08  09:49:23 am)작업중 Wire 단선 [d:33][t:15:00:12]
[I](2022-09-08  09:50:34 am)작업 재시작
[I](2022-09-08  09:50:46 am)작업중 정지 [d:33][t:15:01:35]
[I](2022-09-08  09:50:46 am)    [LNo:0003] 000912/003466
[A](2022-09-08  09:50:46 am)[008] 작업중 단선(AWF Feed Motor Stop )
[I](2022-09-08  09:50:47 am)작업중 Wire 단선 [d:33][t:15:01:35]
[I](2022-09-08  09:51:56 am)작업 재시작
[I](2022-09-08  09:52:27 am)작업중 정지 [d:34][t:15:03:15]
[I](2022-09-08  09:52:27 am)    [LNo:0003] 000912/003466
[A](2022-09-08  09:52:27 am)[008] 작업중 단선(AWF Feed Motor Stop )
[I](2022-09-08  09:52:27 am)작업중 Wire 단선 [d:34][t:15:03:15]
[I](2022-09-08  09:53:37 am)작업 재시작
[I](2022-09-08  10:06:47 am)작업중 정지 [d:46][t:15:17:36]
[I](2022-09-08  10:06:47 am)    [LNo:0003] 000933/003466
[A](2022-09-08  10:06:47 am)[008] 작업중 단선(AWF Feed Motor Stop )
[I](2022-09-08  10:06:47 am)작업중 Wire 단선 [d:46][t:15:17:36]
[I](2022-09-08  10:07:58 am)작업 재시작
[I](2022-09-08  10:21:09 am)작업중 정지 [d:59][t:15:31:58]
[I](2022-09-08  10:21:09 am)    [LNo:0003] 000943/003466
[A](2022-09-08  10:21:09 am)[008] 작업중 단선(AWF Feed Motor Stop )
[I](2022-09-08  10:21:09 am)작업중 Wire 단선 [d:59][t:15:31:58]
[I](2022-09-08  10:22:21 am)작업 재시작
[I](2022-09-08  10:56:19 am)작업중 정지 [d:91][t:16:07:08]
[I](2022-09-08  10:56:19 am)    [LNo:0003] 000993/003466
[A](2022-09-08  10:56:19 am)[008] 작업중 단선(AWF Feed Motor Stop )
[I](2022-09-08  10:56:19 am)작업중 Wire 단선 [d:91][t:16:07:08]
[I](2022-09-08  11:00:21 am)작업 재시작
[I](2022-09-08  11:09:39 am)작업중 정지 [d:100][t:16:20:27]
[I](2022-09-08  11:09:39 am)    [LNo:0003] 000997/003466
[I](2022-09-08  11:09:39 am)작업중 M코드정지 [d:100][t:16:20:27]
[I](2022-09-08  11:13:35 am)Reset
[I](2022-09-08  11:13:45 am)Reset
[I](2022-09-08  11:18:30 am)Reset
[I](2022-09-08  11:18:31 am)Reset
[I](2022-09-08  11:20:03 am)Reset
[I](2022-09-08  11:20:03 am)Reset
[I](2022-09-08  11:23:27 am)Reset
[I](2022-09-08  11:23:27 am)Reset
[I](2022-09-08  11:23:56 am)Reset
[I](2022-09-08  11:23:56 am)Reset
[I](2022-09-08  11:24:34 am)Reset
[I](2022-09-08  11:24:58 am)Reset
[I](2022-09-08  11:24:58 am)Reset
[I](2022-09-08  11:26:50 am)작업 시작 [Start d:100]
[I](2022-09-08  11:26:50 am)Nc File: [No.0004-348.NC]
[I](2022-09-08  11:26:50 am)  * Start Machine Position
[I](2022-09-08  11:26:50 am)    X:    447.1764
[I](2022-09-08  11:26:50 am)    Y:   -383.4535
[I](2022-09-08  11:26:50 am)    U:      0.0899
[I](2022-09-08  11:26:50 am)    V:      0.0108
[I](2022-09-08  11:26:50 am)    Z:     94.3981
[I](2022-09-08  11:26:50 am)  * Angle
[I](2022-09-08  11:26:50 am)    Ar:      0.5459,Kr:      0.0000
[I](2022-09-08  11:26:50 am)    Taper_Ar:      0.0000
[I](2022-09-08  11:26:53 am)작업중 정지 [d:0][t:00:00:02]
[I](2022-09-08  11:26:53 am)    [LNo:0004] 000010/000139
[I](2022-09-08  11:26:53 am)작업중 M코드정지 [d:0][t:00:00:02]
[I](2022-09-08  11:59:29 am)작업중 정지 [d:32][t:00:32:39]
[I](2022-09-08  11:59:29 am)    [LNo:0004] 000031/000139
[I](2022-09-08  11:59:29 am)작업중 M코드정지 [d:32][t:00:32:39]
[I](2022-09-08  12:00:50 pm)작업중 정지 [d:32][t:00:33:59]
[I](2022-09-08  12:00:50 pm)    [LNo:0004] 000033/000139
[I](2022-09-08  12:00:50 pm)작업중 M코드정지 [d:32][t:00:33:59]
[I](2022-09-08  12:04:39 pm)작업중 정지 [d:36][t:00:37:49]
[I](2022-09-08  12:04:39 pm)    [LNo:0004] 000056/000139
[I](2022-09-08  12:04:39 pm)작업중 M코드정지 [d:36][t:00:37:49]
[I](2022-09-08  12:09:35 pm)Reset
[I](2022-09-08  12:09:35 pm)Reset
[I](2022-09-08  12:11:34 pm)Reset
[I](2022-09-08  12:11:34 pm)Reset
[I](2022-09-08  12:11:59 pm)Reset
[I](2022-09-08  12:11:59 pm)Reset
[I](2022-09-08  12:19:11 pm)Reset
[I](2022-09-08  12:19:12 pm)Reset
[I](2022-09-08  12:19:35 pm)Reset
[I](2022-09-08  12:20:01 pm)Reset
[I](2022-09-08  12:22:09 pm)Reset
[I](2022-09-08  12:22:33 pm)Reset
[I](2022-09-08  12:23:06 pm)Reset
[I](2022-09-08  12:23:29 pm)Reset
[I](2022-09-08  12:23:38 pm)Reset
[I](2022-09-08  12:24:03 pm)Reset
[I](2022-09-08  12:24:32 pm)Reset
[I](2022-09-08  12:24:32 pm)Reset
[I](2022-09-08  12:25:06 pm)작업 시작 [Start d:136]
[I](2022-09-08  12:25:06 pm)Nc File: [No.0004-348.NC]
[I](2022-09-08  12:25:06 pm)  * Start Machine Position
[I](2022-09-08  12:25:06 pm)    X:    443.9031
[I](2022-09-08  12:25:06 pm)    Y:   -378.4045
[I](2022-09-08  12:25:06 pm)    U:     -0.0790
[I](2022-09-08  12:25:06 pm)    V:      0.0050
[I](2022-09-08  12:25:06 pm)    Z:     96.4075
[I](2022-09-08  12:25:06 pm)  * Angle
[I](2022-09-08  12:25:06 pm)    Ar:      0.6527,Kr:      0.0000
[I](2022-09-08  12:25:06 pm)    Taper_Ar:      0.0000
[I](2022-09-08  12:25:06 pm)작업중 정지 [d:0][t:00:00:00]
[I](2022-09-08  12:25:06 pm)    [LNo:0004] 000063/000139
[I](2022-09-08  12:25:16 pm)작업중 정지 [d:0][t:00:00:09]
[I](2022-09-08  12:25:16 pm)    [LNo:0004] 000076/000139
[I](2022-09-08  12:25:16 pm)작업중 M코드정지 [d:0][t:00:00:09]
[I](2022-09-08  12:25:18 pm)작업중 정지 [d:0][t:00:00:11]
[I](2022-09-08  12:25:18 pm)    [LNo:0004] 000079/000139
[I](2022-09-08  12:25:18 pm)작업중 M코드정지 [d:0][t:00:00:12]
[I](2022-09-08  12:25:19 pm)작업중 정지 [d:0][t:00:00:13]
[I](2022-09-08  12:25:19 pm)    [LNo:0004] 000081/000139
[I](2022-09-08  12:25:19 pm)작업중 M코드정지 [d:0][t:00:00:13]
[I](2022-09-08  12:25:22 pm)작업중 정지 [d:0][t:00:00:16]
[I](2022-09-08  12:25:22 pm)    [LNo:0004] 000088/000139
[I](2022-09-08  12:27:55 pm)작업중 정지 [d:0][t:00:02:49]
[I](2022-09-08  12:27:55 pm)    [LNo:0004] 000091/000139
[I](2022-09-08  12:56:50 pm)작업중 정지 [d:29][t:00:31:43]
[I](2022-09-08  12:56:50 pm)    [LNo:0004] 000106/000139
[I](2022-09-08  12:56:50 pm)작업중 M코드정지 [d:29][t:00:31:43]
[I](2022-09-08  12:59:36 pm)작업중 정지 [d:29][t:00:34:30]
[I](2022-09-08  12:59:36 pm)    [LNo:0004] 000108/000139
[I](2022-09-08  12:59:36 pm)작업중 M코드정지 [d:29][t:00:34:30]
[I](2022-09-08  01:09:51 pm)작업중 정지 [d:39][t:00:44:45]
[I](2022-09-08  01:09:51 pm)    [LNo:0004] 000131/000139
[I](2022-09-08  01:09:51 pm)작업중 M코드정지 [d:39][t:00:44:45]
[I](2022-09-08  01:13:56 pm)Reset
[I](2022-09-08  01:14:02 pm)Reset
[I](2022-09-08  01:15:20 pm)Reset
[I](2022-09-08  01:16:16 pm)작업 시작 [Start d:175]
[I](2022-09-08  01:16:16 pm)Nc File: [No.0003-627.NC]
[I](2022-09-08  01:16:16 pm)  * Start Machine Position
[I](2022-09-08  01:16:16 pm)    X:    215.6840
[I](2022-09-08  01:16:16 pm)    Y:   -236.3522
[I](2022-09-08  01:16:16 pm)    U:      0.0000
[I](2022-09-08  01:16:16 pm)    V:      0.0000
[I](2022-09-08  01:16:16 pm)    Z:     44.4120
[I](2022-09-08  01:16:16 pm)  * Angle
[I](2022-09-08  01:16:16 pm)    Ar:      0.3380,Kr:      0.0000
[I](2022-09-08  01:16:16 pm)    Taper_Ar:      0.0000
[A](2022-09-08  01:18:14 pm)[053] Emergency Stop
[A](2022-09-08  01:18:19 pm)[053] Emergency Stop
[I](2022-09-08  01:18:23 pm)Reset
[I](2022-09-08  01:18:25 pm)Reset
[I](2022-09-08  01:18:26 pm)Ready On
[I](2022-09-08  01:18:54 pm)작업 시작 [Start d:175]
[I](2022-09-08  01:18:54 pm)Nc File: [No.0003-627.NC]
[I](2022-09-08  01:18:54 pm)  * Start Machine Position
[I](2022-09-08  01:18:54 pm)    X:    215.6840
[I](2022-09-08  01:18:54 pm)    Y:   -236.3522
[I](2022-09-08  01:18:54 pm)    U:      0.0000
[I](2022-09-08  01:18:54 pm)    V:      0.0000
[I](2022-09-08  01:18:54 pm)    Z:     44.4120
[I](2022-09-08  01:18:54 pm)  * Angle
[I](2022-09-08  01:18:54 pm)    Ar:      0.3380,Kr:      0.0000
[I](2022-09-08  01:18:54 pm)    Taper_Ar:      0.0000
[I](2022-09-08  01:19:22 pm)작업중 정지 [d:0][t:00:00:28]
[I](2022-09-08  01:19:22 pm)    [LNo:0003] 001006/003466
[I](2022-09-08  01:26:41 pm)작업중 정지 [d:0][t:00:07:47]
[I](2022-09-08  01:26:41 pm)    [LNo:0003] 001014/003466
[A](2022-09-08  01:26:41 pm)[008] 작업중 단선(AWF Feed Motor Stop )
[I](2022-09-08  01:26:42 pm)작업중 Wire 단선 [d:0][t:00:07:48]
[I](2022-09-08  01:27:51 pm)작업 재시작
[I](2022-09-08  01:47:27 pm)작업중 정지 [d:19][t:00:28:33]
[I](2022-09-08  01:47:27 pm)    [LNo:0003] 001041/003466
[A](2022-09-08  01:47:27 pm)[008] 작업중 단선(AWF Feed Motor Stop )
[I](2022-09-08  01:47:27 pm)작업중 Wire 단선 [d:19][t:00:28:33]
[A](2022-09-08  01:48:23 pm)[041] AWF 명령끝날때까지 센서감지(타임아웃) 안됨
[A](2022-09-08  01:49:13 pm)[041] AWF 명령끝날때까지 센서감지(타임아웃) 안됨
[I](2022-09-08  01:50:14 pm)작업 재시작
[I](2022-09-08  01:55:45 pm)작업중 정지 [d:25][t:00:36:51]
[I](2022-09-08  01:55:45 pm)    [LNo:0003] 001045/003466
[A](2022-09-08  01:55:45 pm)[008] 작업중 단선(AWF Feed Motor Stop )
[I](2022-09-08  01:55:45 pm)작업중 Wire 단선 [d:25][t:00:36:51]
[I](2022-09-08  01:56:56 pm)작업 재시작
[I](2022-09-08  02:17:50 pm)작업중 정지 [d:45][t:00:58:56]
[I](2022-09-08  02:17:50 pm)    [LNo:0003] 001074/003466
[A](2022-09-08  02:17:50 pm)[008] 작업중 단선(AWF Feed Motor Stop )
[I](2022-09-08  02:17:50 pm)작업중 Wire 단선 [d:45][t:00:58:56]
[I](2022-09-08  02:19:01 pm)작업 재시작
[I](2022-09-08  02:51:49 pm)작업중 정지 [d:76][t:01:32:55]
[I](2022-09-08  02:51:49 pm)    [LNo:0003] 001122/003466
[I](2022-09-08  02:51:49 pm)작업중 30sec 접촉 정지 [d:76][t:01:32:55]
[I](2022-09-08  02:52:09 pm)작업 재시작
[I](2022-09-08  04:04:25 pm)작업중 정지 [d:144][t:02:45:31]
[I](2022-09-08  04:04:25 pm)    [LNo:0003] 001230/003466
[A](2022-09-08  04:04:25 pm)[008] 작업중 단선(AWF Feed Motor Stop )
[I](2022-09-08  04:04:25 pm)작업중 Wire 단선 [d:144][t:02:45:31]
[I](2022-09-08  04:05:35 pm)작업 재시작
[A](2022-09-08  04:40:58 pm)[041] AWF 명령끝날때까지 센서감지(타임아웃) 안됨
[A](2022-09-08  04:41:33 pm)[041] AWF 명령끝날때까지 센서감지(타임아웃) 안됨
[A](2022-09-08  04:42:08 pm)[041] AWF 명령끝날때까지 센서감지(타임아웃) 안됨
[A](2022-09-08  04:42:43 pm)[041] AWF 명령끝날때까지 센서감지(타임아웃) 안됨
[A](2022-09-08  04:43:17 pm)[041] AWF 명령끝날때까지 센서감지(타임아웃) 안됨
[I](2022-09-08  04:43:44 pm)작업중 정지 [d:177][t:03:24:50]
[I](2022-09-08  04:43:44 pm)    [LNo:0003] 001274/003466
[A](2022-09-08  04:43:44 pm)[009] 자동결선 Error(M20-삽입실패)
[A](2022-09-08  04:47:11 pm)[041] AWF 명령끝날때까지 센서감지(타임아웃) 안됨
[A](2022-09-08  04:48:36 pm)[041] AWF 명령끝날때까지 센서감지(타임아웃) 안됨
[I](2022-09-08  05:07:32 pm)작업중 정지 [d:195][t:03:48:38]
[I](2022-09-08  05:07:32 pm)    [LNo:0003] 001311/003466
[A](2022-09-08  05:07:32 pm)[008] 작업중 단선(AWF Feed Motor Stop )
[I](2022-09-08  05:07:32 pm)작업중 Wire 단선 [d:195][t:03:48:38]
[I](2022-09-08  05:09:40 pm)작업 재시작
[I](2022-09-08  05:45:35 pm)작업중 정지 [d:230][t:04:26:41]
[I](2022-09-08  05:45:35 pm)    [LNo:0003] 001349/003466
[I](2022-09-08  05:56:21 pm)Reset
[I](2022-09-08  06:00:32 pm)Reset
[I](2022-09-08  06:02:12 pm)Reset
[I](2022-09-08  06:02:35 pm)Reset
[A](2022-09-08  06:03:11 pm)[002] 가공액 미동작
[I](2022-09-08  06:03:59 pm)Reset
[I](2022-09-08  06:05:17 pm)Reset
[I](2022-09-08  06:05:28 pm)Reset
[I](2022-09-08  06:05:35 pm)Reset
[I](2022-09-08  06:05:36 pm)Reset
[I](2022-09-08  06:06:44 pm)작업 시작 [Start d:0]
[I](2022-09-08  06:06:44 pm)Nc File: [No.0001-FFX  WALL 황,정삭.NC *]
[I](2022-09-08  06:06:44 pm)  * Start Machine Position
[I](2022-09-08  06:06:44 pm)    X:    123.1061
[I](2022-09-08  06:06:44 pm)    Y:   -243.6480
[I](2022-09-08  06:06:44 pm)    U:      0.0000
[I](2022-09-08  06:06:44 pm)    V:      0.0000
[I](2022-09-08  06:06:44 pm)    Z:     44.4120
[I](2022-09-08  06:06:44 pm)  * Angle
[I](2022-09-08  06:06:44 pm)    Ar:      0.3261,Kr:      0.0000
[I](2022-09-08  06:06:44 pm)    Taper_Ar:      0.0000
[I](2022-09-08  06:07:00 pm)작업중 정지 [d:0][t:00:00:16]
[I](2022-09-08  06:07:00 pm)    [LNo:0001] 000013/002454
[I](2022-09-08  06:10:07 pm)작업중 정지 [d:2][t:00:03:22]
[I](2022-09-08  06:10:07 pm)    [LNo:0001] 000053/002454
[I](2022-09-08  06:10:07 pm)작업중 30sec 접촉 정지 [d:2][t:00:03:22]
[I](2022-09-08  06:10:10 pm)작업 재시작
[I](2022-09-08  06:10:15 pm)작업중 정지 [d:2][t:00:03:30]
[I](2022-09-08  06:10:15 pm)    [LNo:0001] 000053/002454
[I](2022-09-08  06:10:18 pm)작업 재시작
[I](2022-09-08  06:10:52 pm)작업중 정지 [d:2][t:00:04:07]
[I](2022-09-08  06:10:52 pm)    [LNo:0001] 000055/002454
[I](2022-09-08  06:10:54 pm)작업 재시작
[I](2022-09-08  06:11:32 pm)작업중 정지 [d:2][t:00:04:47]
[I](2022-09-08  06:11:32 pm)    [LNo:0001] 000066/002454
[I](2022-09-08  06:11:33 pm)작업중 정지 [d:2][t:00:04:48]
[I](2022-09-08  06:11:33 pm)    [LNo:0001] 000069/002454
[I](2022-09-08  06:12:10 pm)작업중 정지 [d:2][t:00:05:25]
[I](2022-09-08  06:12:10 pm)    [LNo:0001] 000966/002454
[I](2022-09-08  06:15:39 pm)작업중 정지 [d:4][t:00:08:54]
[I](2022-09-08  06:15:39 pm)    [LNo:0001] 001017/002454
[I](2022-09-08  06:15:52 pm)Reset
[I](2022-09-08  06:16:04 pm)Reset
[I](2022-09-08  06:16:13 pm)작업 시작 [Start d:4]
[I](2022-09-08  06:16:13 pm)Nc File: [No.0001-FFX  WALL 황,정삭.NC *]
[I](2022-09-08  06:16:13 pm)  * Start Machine Position
[I](2022-09-08  06:16:13 pm)    X:    123.0961
[I](2022-09-08  06:16:13 pm)    Y:   -243.6381
[I](2022-09-08  06:16:13 pm)    U:      0.0000
[I](2022-09-08  06:16:13 pm)    V:      0.0000
[I](2022-09-08  06:16:13 pm)    Z:     44.4120
[I](2022-09-08  06:16:13 pm)  * Angle
[I](2022-09-08  06:16:13 pm)    Ar:      0.3261,Kr:      0.0000
[I](2022-09-08  06:16:13 pm)    Taper_Ar:      0.0000
[I](2022-09-08  06:19:43 pm)작업중 정지 [d:3][t:00:03:30]
[I](2022-09-08  06:19:43 pm)    [LNo:0001] 001910/002454
[I](2022-09-08  06:19:43 pm)작업중 30sec 접촉 정지 [d:3][t:00:03:30]
[I](2022-09-08  06:19:47 pm)작업 재시작
[I](2022-09-08  06:19:52 pm)작업중 정지 [d:3][t:00:03:38]
[I](2022-09-08  06:19:52 pm)    [LNo:0001] 001910/002454
[I](2022-09-08  06:19:55 pm)작업 재시작
[I](2022-09-08  06:22:52 pm)작업중 정지 [d:5][t:00:06:39]
[I](2022-09-08  06:22:52 pm)    [LNo:0001] 001929/002454
[I](2022-09-08  06:23:30 pm)Reset
[I](2022-09-08  06:23:31 pm)Reset
[I](2022-09-08  06:23:31 pm)Reset
[I](2022-09-08  06:23:31 pm)Reset
[I](2022-09-08  06:23:34 pm)작업 시작 [Start d:9]
[I](2022-09-08  06:23:34 pm)Nc File: [No.0001-FFX  WALL 황,정삭.NC *]
[I](2022-09-08  06:23:34 pm)  * Start Machine Position
[I](2022-09-08  06:23:34 pm)    X:    123.0961
[I](2022-09-08  06:23:34 pm)    Y:   -243.6381
[I](2022-09-08  06:23:34 pm)    U:      0.0000
[I](2022-09-08  06:23:34 pm)    V:      0.0000
[I](2022-09-08  06:23:34 pm)    Z:     44.4120
[I](2022-09-08  06:23:34 pm)  * Angle
[I](2022-09-08  06:23:34 pm)    Ar:      0.3261,Kr:      0.0000
[I](2022-09-08  06:23:34 pm)    Taper_Ar:      0.0000
[I](2022-09-08  06:33:00 pm)작업중 정지 [d:8][t:00:09:25]
[I](2022-09-08  06:33:00 pm)    [LNo:0001] 000060/002454
[A](2022-09-08  06:35:36 pm)[037] 자동결선 잔여 WIRE 처리 실패!!
[I](2022-09-08  08:30:37 pm)작업중 정지 [d:111][t:02:07:02]
[I](2022-09-08  08:30:37 pm)    [LNo:0001] 000668/002454
[I](2022-09-08  08:30:37 pm)작업중 30sec 접촉 정지 [d:111][t:02:07:03]
