[I](2023-01-02  08:23:35 am)작업 재시작
[I](2023-01-02  08:52:16 am)작업중 정지 [d:157][t:13:01:25]
[I](2023-01-02  08:52:16 am)    [LNo:0002] 000190/000975
[I](2023-01-02  11:44:07 am)작업중 정지 [d:319][t:15:53:16]
[I](2023-01-02  11:44:07 am)    [LNo:0002] 000379/000975
[I](2023-01-02  11:44:07 am)작업중 M코드정지 [d:319][t:15:53:16]
[I](2023-01-02  11:46:30 am)작업중 정지 [d:319][t:15:55:38]
[I](2023-01-02  11:46:30 am)    [LNo:0002] 000384/000975
[I](2023-01-02  11:46:30 am)작업중 M코드정지 [d:319][t:15:55:39]
[A](2023-01-02  11:57:50 am)[001] 와이어 미동작
[I](2023-01-02  11:59:51 am)작업중 정지 [d:321][t:16:09:00]
[I](2023-01-02  11:59:51 am)    [LNo:0002] 000397/000975
[I](2023-01-02  11:59:51 am)작업중 M코드정지 [d:321][t:16:09:00]
[I](2023-01-02  12:00:46 pm)작업중 정지 [d:321][t:16:09:54]
[I](2023-01-02  12:00:46 pm)    [LNo:0002] 000401/000975
[I](2023-01-02  12:05:14 pm)작업중 정지 [d:323][t:16:14:23]
[I](2023-01-02  12:05:14 pm)    [LNo:0002] 000418/000975
[I](2023-01-02  12:05:14 pm)작업중 M코드정지 [d:323][t:16:14:23]
[I](2023-01-02  12:05:51 pm)작업중 정지 [d:323][t:16:15:00]
[I](2023-01-02  12:05:51 pm)    [LNo:0002] 000422/000975
[I](2023-01-02  12:09:09 pm)작업중 정지 [d:325][t:16:18:18]
[I](2023-01-02  12:09:09 pm)    [LNo:0002] 000439/000975
[I](2023-01-02  12:09:09 pm)작업중 M코드정지 [d:325][t:16:18:18]
[I](2023-01-02  12:09:55 pm)작업중 정지 [d:325][t:16:19:04]
[I](2023-01-02  12:09:55 pm)    [LNo:0002] 000440/000975
[I](2023-01-02  12:09:55 pm)Wire Contact Auto Stop(M52)
[I](2023-01-02  12:10:17 pm)작업 재시작
[I](2023-01-02  12:13:23 pm)작업중 정지 [d:327][t:16:22:32]
[I](2023-01-02  12:13:23 pm)    [LNo:0002] 000460/000975
[I](2023-01-02  12:13:23 pm)작업중 M코드정지 [d:327][t:16:22:32]
[I](2023-01-02  12:13:36 pm)작업중 정지 [d:327][t:16:22:45]
[I](2023-01-02  12:13:36 pm)    [LNo:0002] 000461/000975
[I](2023-01-02  12:13:36 pm)Wire Contact Auto Stop(M52)
[I](2023-01-02  12:13:58 pm)작업 재시작
[I](2023-01-02  12:17:22 pm)작업중 정지 [d:330][t:16:26:30]
[I](2023-01-02  12:17:22 pm)    [LNo:0002] 000481/000975
[I](2023-01-02  12:17:22 pm)작업중 M코드정지 [d:330][t:16:26:31]
[I](2023-01-02  12:17:33 pm)작업중 정지 [d:330][t:16:26:42]
[I](2023-01-02  12:17:33 pm)    [LNo:0002] 000482/000975
[I](2023-01-02  12:17:33 pm)Wire Contact Auto Stop(M52)
[I](2023-01-02  12:18:00 pm)작업 재시작
[I](2023-01-02  12:21:07 pm)작업중 정지 [d:333][t:16:30:16]
[I](2023-01-02  12:21:07 pm)    [LNo:0002] 000502/000975
[I](2023-01-02  12:21:07 pm)작업중 M코드정지 [d:333][t:16:30:16]
[I](2023-01-02  12:21:41 pm)작업중 정지 [d:333][t:16:30:50]
[I](2023-01-02  12:21:41 pm)    [LNo:0002] 000503/000975
[I](2023-01-02  12:21:41 pm)Wire Contact Auto Stop(M52)
[I](2023-01-02  12:22:03 pm)작업 재시작
[I](2023-01-02  12:25:09 pm)작업중 정지 [d:335][t:16:34:18]
[I](2023-01-02  12:25:09 pm)    [LNo:0002] 000523/000975
[I](2023-01-02  12:25:09 pm)작업중 M코드정지 [d:335][t:16:34:18]
[I](2023-01-02  12:25:23 pm)작업중 정지 [d:335][t:16:34:32]
[I](2023-01-02  12:25:23 pm)    [LNo:0002] 000524/000975
[I](2023-01-02  12:25:23 pm)Wire Contact Auto Stop(M52)
[I](2023-01-02  12:25:44 pm)작업 재시작
[I](2023-01-02  12:25:46 pm)작업중 정지 [d:335][t:16:34:55]
[I](2023-01-02  12:25:46 pm)    [LNo:0002] 000524/000975
[I](2023-01-02  12:25:51 pm)작업 재시작
[I](2023-01-02  12:28:58 pm)작업중 정지 [d:336][t:16:38:07]
[I](2023-01-02  12:28:58 pm)    [LNo:0002] 000544/000975
[I](2023-01-02  12:28:58 pm)작업중 M코드정지 [d:336][t:16:38:07]
[I](2023-01-02  12:29:15 pm)작업중 정지 [d:336][t:16:38:24]
[I](2023-01-02  12:29:15 pm)    [LNo:0002] 000545/000975
[I](2023-01-02  12:29:15 pm)Wire Contact Auto Stop(M52)
[I](2023-01-02  12:30:30 pm)작업 재시작
[I](2023-01-02  12:33:51 pm)작업중 정지 [d:337][t:16:42:59]
[I](2023-01-02  12:33:51 pm)    [LNo:0002] 000565/000975
[I](2023-01-02  12:33:51 pm)작업중 M코드정지 [d:337][t:16:42:59]
[I](2023-01-02  12:34:05 pm)작업중 정지 [d:338][t:16:43:13]
[I](2023-01-02  12:34:05 pm)    [LNo:0002] 000566/000975
[I](2023-01-02  12:34:25 pm)작업 재시작
[I](2023-01-02  12:34:25 pm)작업중 정지 [d:338][t:16:43:34]
[I](2023-01-02  12:34:25 pm)    [LNo:0002] 000566/000975
[I](2023-01-02  12:34:25 pm)Wire Contact Auto Stop(M52)
[I](2023-01-02  12:34:29 pm)작업 재시작
[I](2023-01-02  12:36:15 pm)작업중 정지 [d:339][t:16:45:24]
[I](2023-01-02  12:36:15 pm)    [LNo:0002] 000583/000975
[A](2023-01-02  12:36:15 pm)[008] 작업중 단선(AWF Feed Motor Stop )
[I](2023-01-02  12:36:15 pm)작업중 Wire 단선 [d:339][t:16:45:24]
[I](2023-01-02  12:36:26 pm)작업 재시작
[I](2023-01-02  12:37:47 pm)작업중 정지 [d:340][t:16:46:55]
[I](2023-01-02  12:37:47 pm)    [LNo:0002] 000586/000975
[I](2023-01-02  12:37:47 pm)작업중 M코드정지 [d:340][t:16:46:56]
[I](2023-01-02  12:38:15 pm)작업중 정지 [d:340][t:16:47:24]
[I](2023-01-02  12:38:15 pm)    [LNo:0002] 000587/000975
[I](2023-01-02  12:38:15 pm)Wire Contact Auto Stop(M52)
[I](2023-01-02  12:39:03 pm)작업 재시작
[I](2023-01-02  12:42:09 pm)작업중 정지 [d:342][t:16:51:18]
[I](2023-01-02  12:42:09 pm)    [LNo:0002] 000607/000975
[I](2023-01-02  12:42:09 pm)작업중 M코드정지 [d:342][t:16:51:18]
[I](2023-01-02  12:43:12 pm)작업중 정지 [d:342][t:16:52:21]
[I](2023-01-02  12:43:12 pm)    [LNo:0002] 000608/000975
[I](2023-01-02  12:43:32 pm)작업 재시작
[I](2023-01-02  12:46:33 pm)작업중 정지 [d:344][t:16:55:42]
[I](2023-01-02  12:46:33 pm)    [LNo:0002] 000628/000975
[I](2023-01-02  12:46:33 pm)작업중 M코드정지 [d:344][t:16:55:42]
[I](2023-01-02  12:46:46 pm)작업중 정지 [d:344][t:16:55:55]
[I](2023-01-02  12:46:46 pm)    [LNo:0002] 000629/000975
[I](2023-01-02  12:46:46 pm)Wire Contact Auto Stop(M52)
[I](2023-01-02  12:47:26 pm)작업 재시작
[I](2023-01-02  12:48:03 pm)작업중 정지 [d:344][t:16:57:12]
[I](2023-01-02  12:48:03 pm)    [LNo:0002] 000634/000975
[I](2023-01-02  12:52:15 pm)작업 재시작
[I](2023-01-02  12:53:15 pm)작업중 정지 [d:344][t:17:02:24]
[I](2023-01-02  12:53:15 pm)    [LNo:0002] 000645/000975
[I](2023-01-02  12:53:40 pm)작업 재시작
[I](2023-01-02  01:15:50 pm)작업중 정지 [d:361][t:17:24:59]
[I](2023-01-02  01:15:50 pm)    [LNo:0002] 000691/000975
[A](2023-01-02  01:15:50 pm)[090] Work Tank Fluid Fill Time Out
[I](2023-01-02  01:36:05 pm)작업중 정지 [d:369][t:17:45:14]
[I](2023-01-02  01:36:05 pm)    [LNo:0002] 000712/000975
[A](2023-01-02  01:36:05 pm)[008] 작업중 단선(AWF Feed Motor Stop )
[I](2023-01-02  01:36:05 pm)작업중 Wire 단선 [d:369][t:17:45:14]
[I](2023-01-02  01:36:18 pm)작업 재시작
[I](2023-01-02  01:38:35 pm)작업중 정지 [d:370][t:17:47:44]
[I](2023-01-02  01:38:35 pm)    [LNo:0002] 000729/000975
[A](2023-01-02  01:38:35 pm)[008] 작업중 단선(AWF Feed Motor Stop )
[I](2023-01-02  01:38:35 pm)작업중 Wire 단선 [d:370][t:17:47:44]
[I](2023-01-02  01:38:46 pm)작업 재시작
[I](2023-01-02  01:38:59 pm)작업중 정지 [d:370][t:17:48:08]
[I](2023-01-02  01:38:59 pm)    [LNo:0002] 000729/000975
[A](2023-01-02  01:38:59 pm)[008] 작업중 단선(AWF Feed Motor Stop )
[I](2023-01-02  01:38:59 pm)작업중 Wire 단선 [d:370][t:17:48:08]
[I](2023-01-02  01:39:10 pm)작업 재시작
[I](2023-01-02  01:39:33 pm)작업중 정지 [d:370][t:17:48:41]
[I](2023-01-02  01:39:33 pm)    [LNo:0002] 000730/000975
[A](2023-01-02  01:39:33 pm)[008] 작업중 단선(AWF Feed Motor Stop )
[I](2023-01-02  01:39:33 pm)작업중 Wire 단선 [d:370][t:17:48:42]
[I](2023-01-02  01:40:27 pm)작업 재시작
[I](2023-01-02  03:10:19 pm)작업중 정지 [d:449][t:19:19:28]
[I](2023-01-02  03:10:19 pm)    [LNo:0002] 000971/000975
[I](2023-01-02  03:10:19 pm)작업중 M코드정지 [d:449][t:19:19:28]
[I](2023-01-02  03:19:12 pm)Reset
[I](2023-01-02  03:21:49 pm)Reset
[I](2023-01-02  03:21:49 pm)Reset
[I](2023-01-02  03:21:50 pm)Reset
[I](2023-01-02  03:23:39 pm)Reset
[I](2023-01-02  03:24:14 pm)Reset
[I](2023-01-02  03:24:27 pm)Reset
[I](2023-01-02  03:25:07 pm)Reset
[I](2023-01-02  03:25:18 pm)Reset
[I](2023-01-02  03:25:28 pm)Reset
[I](2023-01-02  03:26:26 pm)작업 시작 [Start d:625]
[I](2023-01-02  03:26:26 pm)Nc File: [No.0005-426.NC]
[I](2023-01-02  03:26:26 pm)  * Start Machine Position
[I](2023-01-02  03:26:26 pm)    X:    517.0942
[I](2023-01-02  03:26:26 pm)    Y:   -352.6183
[I](2023-01-02  03:26:26 pm)    U:     -0.0002
[I](2023-01-02  03:26:26 pm)    V:      0.0699
[I](2023-01-02  03:26:26 pm)    Z:     37.5451
[I](2023-01-02  03:26:26 pm)  * Angle
[I](2023-01-02  03:26:26 pm)    Ar:      0.1940,Kr:      0.0000
[I](2023-01-02  03:26:26 pm)    Taper_Ar:      0.0000
[I](2023-01-02  03:26:38 pm)작업중 정지 [d:0][t:00:00:12]
[I](2023-01-02  03:26:38 pm)    [LNo:0005] 000010/000111
[I](2023-01-02  03:26:38 pm)작업중 M코드정지 [d:0][t:00:00:12]
[I](2023-01-02  03:28:50 pm)Reset
[I](2023-01-02  03:29:05 pm)Reset
[I](2023-01-02  03:29:45 pm)Reset
[I](2023-01-02  03:29:58 pm)Reset
[I](2023-01-02  03:30:04 pm)작업 시작 [Start d:625]
[I](2023-01-02  03:30:04 pm)Nc File: [No.0005-426.NC]
[I](2023-01-02  03:30:04 pm)  * Start Machine Position
[I](2023-01-02  03:30:04 pm)    X:    517.1158
[I](2023-01-02  03:30:04 pm)    Y:   -359.6233
[I](2023-01-02  03:30:04 pm)    U:     -0.0002
[I](2023-01-02  03:30:04 pm)    V:      0.0699
[I](2023-01-02  03:30:04 pm)    Z:     37.5451
[I](2023-01-02  03:30:04 pm)  * Angle
[I](2023-01-02  03:30:04 pm)    Ar:      0.1940,Kr:      0.0000
[I](2023-01-02  03:30:04 pm)    Taper_Ar:      0.0000
[I](2023-01-02  03:30:16 pm)작업중 정지 [d:0][t:00:00:12]
[I](2023-01-02  03:30:16 pm)    [LNo:0005] 000010/000111
[I](2023-01-02  03:30:16 pm)작업중 M코드정지 [d:0][t:00:00:12]
[I](2023-01-02  03:43:05 pm)작업중 정지 [d:13][t:00:13:00]
[I](2023-01-02  03:43:05 pm)    [LNo:0005] 000028/000111
[I](2023-01-02  03:43:05 pm)작업중 M코드정지 [d:13][t:00:13:00]
[I](2023-01-02  03:48:22 pm)작업중 정지 [d:13][t:00:18:18]
[I](2023-01-02  03:48:22 pm)    [LNo:0005] 000030/000111
[I](2023-01-02  03:48:22 pm)작업중 M코드정지 [d:13][t:00:18:18]
[I](2023-01-02  04:05:35 pm)작업중 정지 [d:29][t:00:35:30]
[I](2023-01-02  04:05:35 pm)    [LNo:0005] 000076/000111
[I](2023-01-02  04:05:35 pm)작업중 M코드정지 [d:29][t:00:35:31]
[I](2023-01-02  04:06:55 pm)작업중 정지 [d:29][t:00:36:51]
[I](2023-01-02  04:06:55 pm)    [LNo:0005] 000079/000111
[I](2023-01-02  04:06:55 pm)작업중 M코드정지 [d:29][t:00:36:51]
[I](2023-01-02  04:10:29 pm)작업중 정지 [d:31][t:00:40:24]
[I](2023-01-02  04:10:29 pm)    [LNo:0005] 000107/000111
[I](2023-01-02  04:10:29 pm)작업중 M코드정지 [d:31][t:00:40:25]
[I](2023-01-02  04:10:52 pm)Reset
[I](2023-01-02  04:17:23 pm)Reset
[I](2023-01-02  04:33:01 pm)Reset
[I](2023-01-02  04:33:06 pm)Reset
[I](2023-01-02  04:34:10 pm)Reset
[I](2023-01-02  04:34:10 pm)Reset
[I](2023-01-02  04:35:04 pm)Reset
[I](2023-01-02  04:38:39 pm)Reset
[I](2023-01-02  04:42:51 pm)Reset
[I](2023-01-02  04:42:53 pm)Reset
[I](2023-01-02  04:42:54 pm)Reset
[I](2023-01-02  04:42:57 pm)Reset
[I](2023-01-02  04:42:57 pm)Reset
[I](2023-01-02  04:43:48 pm)Reset
[A](2023-01-02  04:44:03 pm)[036] 자동결선 절단 공정 실패!!
[I](2023-01-02  04:44:10 pm)작업 시작 [Start d:0]
[I](2023-01-02  04:44:10 pm)Nc File: [No.0001-670.NC]
[I](2023-01-02  04:44:10 pm)  * Start Machine Position
[I](2023-01-02  04:44:10 pm)    X:     94.4613
[I](2023-01-02  04:44:10 pm)    Y:   -254.5939
[I](2023-01-02  04:44:10 pm)    U:      0.0000
[I](2023-01-02  04:44:10 pm)    V:      0.0000
[I](2023-01-02  04:44:10 pm)    Z:     33.6041
[I](2023-01-02  04:44:10 pm)  * Angle
[I](2023-01-02  04:44:10 pm)    Ar:     -0.0151,Kr:      0.0000
[I](2023-01-02  04:44:10 pm)    Taper_Ar:      0.0000
[I](2023-01-02  05:11:34 pm)작업중 정지 [d:27][t:00:27:23]
[I](2023-01-02  05:11:34 pm)    [LNo:0001] 000035/000722
[I](2023-01-02  05:11:34 pm)Wire Contact Auto Stop(M52)
[I](2023-01-02  05:14:50 pm)작업 재시작
[I](2023-01-02  05:14:52 pm)작업중 정지 [d:27][t:00:30:41]
[I](2023-01-02  05:14:52 pm)    [LNo:0001] 000036/000722
[I](2023-01-02  05:14:52 pm)작업중 M코드정지 [d:27][t:00:30:41]
[I](2023-01-02  05:15:05 pm)작업중 정지 [d:28][t:00:30:54]
[I](2023-01-02  05:15:05 pm)    [LNo:0001] 000037/000722
[I](2023-01-02  05:15:25 pm)작업 재시작
[I](2023-01-02  05:15:32 pm)작업중 정지 [d:28][t:00:31:21]
[I](2023-01-02  05:15:32 pm)    [LNo:0001] 000039/000722
[I](2023-01-02  05:15:32 pm)작업중 M코드정지 [d:28][t:00:31:21]
[I](2023-01-02  05:52:33 pm)작업중 정지 [d:63][t:01:08:23]
[I](2023-01-02  05:52:33 pm)    [LNo:0001] 000095/000722
[I](2023-01-02  05:52:33 pm)작업중 M코드정지 [d:63][t:01:08:23]
[I](2023-01-02  05:55:01 pm)작업중 정지 [d:64][t:01:10:50]
[I](2023-01-02  05:55:01 pm)    [LNo:0001] 000098/000722
[I](2023-01-02  05:55:01 pm)작업중 M코드정지 [d:64][t:01:10:50]
[I](2023-01-02  06:31:50 pm)작업중 정지 [d:99][t:01:47:39]
[I](2023-01-02  06:31:50 pm)    [LNo:0001] 000154/000722
[I](2023-01-02  06:31:50 pm)작업중 M코드정지 [d:99][t:01:47:39]
[I](2023-01-02  06:32:24 pm)작업중 정지 [d:99][t:01:48:13]
[I](2023-01-02  06:32:24 pm)    [LNo:0001] 000157/000722
[I](2023-01-02  06:32:24 pm)작업중 M코드정지 [d:99][t:01:48:13]
[I](2023-01-02  07:08:45 pm)작업중 정지 [d:134][t:02:24:34]
[I](2023-01-02  07:08:45 pm)    [LNo:0001] 000213/000722
[I](2023-01-02  07:08:45 pm)작업중 M코드정지 [d:134][t:02:24:34]
[I](2023-01-02  07:09:36 pm)작업중 정지 [d:134][t:02:25:25]
[I](2023-01-02  07:09:36 pm)    [LNo:0001] 000216/000722
[I](2023-01-02  07:09:36 pm)작업중 M코드정지 [d:134][t:02:25:25]
[I](2023-01-02  07:19:27 pm)작업중 정지 [d:143][t:02:35:16]
[I](2023-01-02  07:19:27 pm)    [LNo:0001] 000243/000722
[A](2023-01-02  07:19:47 pm)[084] Work Tank Fluid Sensor Abnormal
[A](2023-01-02  07:19:47 pm)[084] Work Tank Fluid Sensor Abnormal
[A](2023-01-02  07:19:47 pm)[084] Work Tank Fluid Sensor Abnormal
[A](2023-01-02  07:19:48 pm)[084] Work Tank Fluid Sensor Abnormal
[A](2023-01-02  07:19:48 pm)[084] Work Tank Fluid Sensor Abnormal
[A](2023-01-02  07:19:48 pm)[084] Work Tank Fluid Sensor Abnormal
[A](2023-01-02  07:19:48 pm)[084] Work Tank Fluid Sensor Abnormal
[A](2023-01-02  07:19:48 pm)[084] Work Tank Fluid Sensor Abnormal
[A](2023-01-02  07:19:49 pm)[084] Work Tank Fluid Sensor Abnormal
[I](2023-01-02  07:31:50 pm)Reset
[I](2023-01-02  07:31:51 pm)Reset
[I](2023-01-02  07:32:00 pm)작업 시작 [Start d:143]
[I](2023-01-02  07:32:00 pm)Nc File: [No.0002-671.NC]
[I](2023-01-02  07:32:00 pm)  * Start Machine Position
[I](2023-01-02  07:32:00 pm)    X:     94.4613
[I](2023-01-02  07:32:00 pm)    Y:   -254.5939
[I](2023-01-02  07:32:00 pm)    U:      0.0000
[I](2023-01-02  07:32:00 pm)    V:      0.0000
[I](2023-01-02  07:32:00 pm)    Z:     33.6041
[I](2023-01-02  07:32:00 pm)  * Angle
[I](2023-01-02  07:32:00 pm)    Ar:     -0.0151,Kr:      0.0000
[I](2023-01-02  07:32:00 pm)    Taper_Ar:      0.0000
[I](2023-01-02  09:19:45 pm)작업중 정지 [d:104][t:01:47:44]
[I](2023-01-02  09:19:45 pm)    [LNo:0002] 000127/000975
[I](2023-01-02  09:19:45 pm)Wire Contact Auto Stop(M52)
