[I](2023-01-07  03:20:35 am)작업중 정지 [d:405][t:07:08:39]
[I](2023-01-07  03:20:35 am)    [LNo:0001] 000579/002653
[A](2023-01-07  03:20:35 am)[009] 자동결선 Error(M20-삽입실패)
[I](2023-01-07  08:32:29 am)작업중 정지 [d:405][t:12:20:33]
[I](2023-01-07  08:32:29 am)    [LNo:0001] 000974/002653
[A](2023-01-07  08:34:15 am)[001] 와이어 미동작
[I](2023-01-07  08:35:38 am)작업중 정지 [d:406][t:12:23:42]
[I](2023-01-07  08:35:38 am)    [LNo:0001] 000987/002653
[I](2023-01-07  08:35:38 am)작업중 M코드정지 [d:406][t:12:23:42]
[I](2023-01-07  08:37:54 am)작업중 정지 [d:406][t:12:25:57]
[I](2023-01-07  08:37:54 am)    [LNo:0001] 000988/002653
[I](2023-01-07  08:37:54 am)Wire Contact Auto Stop(M52)
[I](2023-01-07  08:38:01 am)작업 재시작
[I](2023-01-07  08:38:02 am)작업중 정지 [d:406][t:12:26:06]
[I](2023-01-07  08:38:02 am)    [LNo:0001] 000988/002653
[I](2023-01-07  08:38:38 am)작업 재시작
[I](2023-01-07  08:42:19 am)작업중 정지 [d:408][t:12:30:23]
[I](2023-01-07  08:42:19 am)    [LNo:0001] 001010/002653
[I](2023-01-07  08:42:19 am)작업중 M코드정지 [d:408][t:12:30:23]
[I](2023-01-07  08:42:35 am)작업중 정지 [d:408][t:12:30:39]
[I](2023-01-07  08:42:35 am)    [LNo:0001] 001011/002653
[I](2023-01-07  08:42:35 am)Wire Contact Auto Stop(M52)
[I](2023-01-07  08:43:01 am)작업 재시작
[I](2023-01-07  08:45:07 am)작업중 정지 [d:409][t:12:33:11]
[I](2023-01-07  08:45:07 am)    [LNo:0001] 001033/002653
[I](2023-01-07  08:45:07 am)작업중 M코드정지 [d:409][t:12:33:11]
[I](2023-01-07  08:45:20 am)작업중 정지 [d:409][t:12:33:24]
[I](2023-01-07  08:45:20 am)    [LNo:0001] 001034/002653
[I](2023-01-07  08:45:20 am)Wire Contact Auto Stop(M52)
[I](2023-01-07  08:45:43 am)작업 재시작
[I](2023-01-07  08:48:02 am)작업중 정지 [d:410][t:12:36:06]
[I](2023-01-07  08:48:02 am)    [LNo:0001] 001056/002653
[I](2023-01-07  08:48:02 am)작업중 M코드정지 [d:410][t:12:36:06]
[I](2023-01-07  08:48:16 am)작업중 정지 [d:410][t:12:36:19]
[I](2023-01-07  08:48:16 am)    [LNo:0001] 001057/002653
[I](2023-01-07  08:48:16 am)Wire Contact Auto Stop(M52)
[I](2023-01-07  08:48:44 am)작업 재시작
[I](2023-01-07  08:51:14 am)작업중 정지 [d:411][t:12:39:18]
[I](2023-01-07  08:51:14 am)    [LNo:0001] 001079/002653
[I](2023-01-07  08:51:14 am)작업중 M코드정지 [d:411][t:12:39:18]
[I](2023-01-07  08:51:25 am)작업중 정지 [d:411][t:12:39:29]
[I](2023-01-07  08:51:25 am)    [LNo:0001] 001080/002653
[I](2023-01-07  08:51:25 am)Wire Contact Auto Stop(M52)
[I](2023-01-07  08:51:49 am)작업 재시작
[I](2023-01-07  08:54:04 am)작업중 정지 [d:412][t:12:42:07]
[I](2023-01-07  08:54:04 am)    [LNo:0001] 001102/002653
[I](2023-01-07  08:54:04 am)작업중 M코드정지 [d:412][t:12:42:08]
[I](2023-01-07  08:54:19 am)작업중 정지 [d:412][t:12:42:22]
[I](2023-01-07  08:54:19 am)    [LNo:0001] 001103/002653
[I](2023-01-07  08:54:19 am)Wire Contact Auto Stop(M52)
[I](2023-01-07  08:54:42 am)작업 재시작
[I](2023-01-07  08:58:18 am)작업중 정지 [d:414][t:12:46:21]
[I](2023-01-07  08:58:18 am)    [LNo:0001] 001124/002653
[I](2023-01-07  08:58:18 am)작업중 M코드정지 [d:414][t:12:46:21]
[I](2023-01-07  08:58:29 am)작업중 정지 [d:414][t:12:46:33]
[I](2023-01-07  08:58:29 am)    [LNo:0001] 001126/002653
[I](2023-01-07  08:58:51 am)작업 재시작
[I](2023-01-07  08:59:09 am)작업중 정지 [d:414][t:12:47:13]
[I](2023-01-07  08:59:09 am)    [LNo:0001] 001126/002653
[I](2023-01-07  08:59:09 am)Wire Contact Auto Stop(M52)
[I](2023-01-07  08:59:35 am)작업 재시작
[I](2023-01-07  08:59:39 am)작업중 정지 [d:415][t:12:47:43]
[I](2023-01-07  08:59:39 am)    [LNo:0001] 001127/002653
[I](2023-01-07  08:59:39 am)작업중 M코드정지 [d:415][t:12:47:43]
[I](2023-01-07  09:00:14 am)작업중 정지 [d:415][t:12:48:17]
[I](2023-01-07  09:00:14 am)    [LNo:0001] 001131/002653
[I](2023-01-07  09:03:16 am)작업중 정지 [d:417][t:12:51:19]
[I](2023-01-07  09:03:16 am)    [LNo:0001] 001149/002653
[I](2023-01-07  09:03:16 am)작업중 M코드정지 [d:417][t:12:51:19]
[I](2023-01-07  09:05:47 am)작업중 정지 [d:418][t:12:53:50]
[I](2023-01-07  09:05:47 am)    [LNo:0001] 001151/002653
[I](2023-01-07  09:05:47 am)Wire Contact Auto Stop(M52)
[I](2023-01-07  09:06:11 am)작업 재시작
[I](2023-01-07  09:06:14 am)작업중 정지 [d:418][t:12:54:18]
[I](2023-01-07  09:06:14 am)    [LNo:0001] 001152/002653
[I](2023-01-07  09:06:14 am)작업중 M코드정지 [d:418][t:12:54:18]
[I](2023-01-07  09:06:45 am)작업중 정지 [d:418][t:12:54:48]
[I](2023-01-07  09:06:45 am)    [LNo:0001] 001156/002653
[I](2023-01-07  09:06:47 am)작업중 정지 [d:418][t:12:54:51]
[I](2023-01-07  09:06:47 am)    [LNo:0001] 001156/002653
[A](2023-01-07  09:06:47 am)[010] 자동결선 Error(M21-절단실패)
[I](2023-01-07  09:09:39 am)작업중 정지 [d:421][t:12:57:42]
[I](2023-01-07  09:09:39 am)    [LNo:0001] 001173/002653
[I](2023-01-07  09:09:39 am)작업중 M코드정지 [d:421][t:12:57:42]
[I](2023-01-07  09:10:06 am)작업중 정지 [d:421][t:12:58:10]
[I](2023-01-07  09:10:06 am)    [LNo:0001] 001177/002653
[I](2023-01-07  09:10:35 am)작업중 정지 [d:421][t:12:58:39]
[I](2023-01-07  09:10:35 am)    [LNo:0001] 001180/002653
[I](2023-01-07  09:11:11 am)작업 재시작
[I](2023-01-07  09:12:55 am)작업중 정지 [d:422][t:13:00:59]
[I](2023-01-07  09:12:55 am)    [LNo:0001] 001197/002653
[I](2023-01-07  09:12:55 am)작업중 M코드정지 [d:422][t:13:00:59]
[I](2023-01-07  09:13:32 am)작업중 정지 [d:422][t:13:01:36]
[I](2023-01-07  09:13:32 am)    [LNo:0001] 001199/002653
[I](2023-01-07  09:13:54 am)작업 재시작
[I](2023-01-07  09:16:30 am)작업중 정지 [d:423][t:13:04:34]
[I](2023-01-07  09:16:30 am)    [LNo:0001] 001221/002653
[I](2023-01-07  09:16:30 am)작업중 M코드정지 [d:423][t:13:04:34]
[I](2023-01-07  09:16:43 am)작업중 정지 [d:424][t:13:04:47]
[I](2023-01-07  09:16:43 am)    [LNo:0001] 001222/002653
[I](2023-01-07  09:16:43 am)Wire Contact Auto Stop(M52)
[I](2023-01-07  09:17:07 am)작업 재시작
[I](2023-01-07  09:19:49 am)작업중 정지 [d:425][t:13:07:53]
[I](2023-01-07  09:19:49 am)    [LNo:0001] 001244/002653
[I](2023-01-07  09:19:49 am)작업중 M코드정지 [d:425][t:13:07:53]
[I](2023-01-07  09:20:05 am)작업중 정지 [d:425][t:13:08:09]
[I](2023-01-07  09:20:05 am)    [LNo:0001] 001245/002653
[I](2023-01-07  09:20:05 am)Wire Contact Auto Stop(M52)
[I](2023-01-07  09:20:33 am)작업 재시작
[I](2023-01-07  09:23:51 am)작업중 정지 [d:426][t:13:11:55]
[I](2023-01-07  09:23:51 am)    [LNo:0001] 001267/002653
[I](2023-01-07  09:23:51 am)작업중 M코드정지 [d:426][t:13:11:55]
[I](2023-01-07  09:24:04 am)작업중 정지 [d:426][t:13:12:08]
[I](2023-01-07  09:24:04 am)    [LNo:0001] 001268/002653
[I](2023-01-07  09:24:04 am)Wire Contact Auto Stop(M52)
[I](2023-01-07  09:24:28 am)작업 재시작
[I](2023-01-07  09:27:14 am)작업중 정지 [d:427][t:13:15:18]
[I](2023-01-07  09:27:14 am)    [LNo:0001] 001290/002653
[I](2023-01-07  09:27:14 am)작업중 M코드정지 [d:427][t:13:15:18]
[I](2023-01-07  09:27:32 am)작업중 정지 [d:427][t:13:15:36]
[I](2023-01-07  09:27:32 am)    [LNo:0001] 001291/002653
[I](2023-01-07  09:27:33 am)Wire Contact Auto Stop(M52)
[I](2023-01-07  09:27:57 am)작업 재시작
[I](2023-01-07  09:28:02 am)작업중 정지 [d:427][t:13:16:06]
[I](2023-01-07  09:28:02 am)    [LNo:0001] 001294/002653
[I](2023-01-07  09:31:27 am)Reset
[I](2023-01-07  09:31:27 am)Reset
[I](2023-01-07  09:31:28 am)Reset
[I](2023-01-07  09:31:56 am)작업 시작 [Start d:538]
[I](2023-01-07  09:31:56 am)Nc File: [No.0002-478.NC]
[I](2023-01-07  09:31:56 am)  * Start Machine Position
[I](2023-01-07  09:31:56 am)    X:    202.5079
[I](2023-01-07  09:31:56 am)    Y:   -387.5698
[I](2023-01-07  09:31:56 am)    U:      0.0000
[I](2023-01-07  09:31:56 am)    V:      0.0000
[I](2023-01-07  09:31:56 am)    Z:     26.3691
[I](2023-01-07  09:31:56 am)  * Angle
[I](2023-01-07  09:31:56 am)    Ar:      0.0464,Kr:      0.0000
[I](2023-01-07  09:31:56 am)    Taper_Ar:      0.0000
[I](2023-01-07  09:32:31 am)작업중 정지 [d:0][t:00:00:34]
[I](2023-01-07  09:32:31 am)    [LNo:0002] 000501/002356
[I](2023-01-07  09:44:04 am)작업중 정지 [d:11][t:00:12:08]
[I](2023-01-07  09:44:04 am)    [LNo:0002] 000525/002356
[I](2023-01-07  09:44:05 am)작업중 M코드정지 [d:11][t:00:12:08]
[I](2023-01-07  09:44:17 am)작업중 정지 [d:11][t:00:12:21]
[I](2023-01-07  09:44:17 am)    [LNo:0002] 000527/002356
[I](2023-01-07  09:44:17 am)작업중 M코드정지 [d:11][t:00:12:21]
[I](2023-01-07  09:45:18 am)작업중 정지 [d:11][t:00:13:22]
[I](2023-01-07  09:45:18 am)    [LNo:0002] 000536/002356
[I](2023-01-07  09:46:11 am)작업중 정지 [d:11][t:00:14:15]
[I](2023-01-07  09:46:11 am)    [LNo:0002] 000550/002356
[I](2023-01-07  09:50:20 am)Reset
[I](2023-01-07  09:50:20 am)Reset
[I](2023-01-07  09:50:32 am)작업 시작 [Start d:549]
[I](2023-01-07  09:50:32 am)Nc File: [No.0002-478.NC]
[I](2023-01-07  09:50:32 am)  * Start Machine Position
[I](2023-01-07  09:50:32 am)    X:    580.7315
[I](2023-01-07  09:50:32 am)    Y:   -325.2635
[I](2023-01-07  09:50:32 am)    U:      0.0000
[I](2023-01-07  09:50:32 am)    V:      0.0000
[I](2023-01-07  09:50:32 am)    Z:     26.3691
[I](2023-01-07  09:50:32 am)  * Angle
[I](2023-01-07  09:50:32 am)    Ar:      0.0464,Kr:      0.0000
[I](2023-01-07  09:50:32 am)    Taper_Ar:      0.0000
[I](2023-01-07  09:51:01 am)작업중 정지 [d:1][t:00:00:28]
[I](2023-01-07  09:51:01 am)    [LNo:0002] 000550/002356
[I](2023-01-07  09:51:16 am)작업 재시작
[I](2023-01-07  09:52:27 am)작업중 정지 [d:2][t:00:01:54]
[I](2023-01-07  09:52:27 am)    [LNo:0002] 000551/002356
[I](2023-01-07  09:52:27 am)작업중 M코드정지 [d:2][t:00:01:54]
[I](2023-01-07  09:52:51 am)작업중 정지 [d:3][t:00:02:19]
[I](2023-01-07  09:52:51 am)    [LNo:0002] 000555/002356
[I](2023-01-07  09:52:52 am)작업중 M코드정지 [d:3][t:00:02:19]
[I](2023-01-07  09:55:55 am)작업중 정지 [d:5][t:00:05:22]
[I](2023-01-07  09:55:55 am)    [LNo:0002] 000579/002356
[I](2023-01-07  09:55:55 am)작업중 M코드정지 [d:5][t:00:05:22]
[I](2023-01-07  09:56:12 am)작업중 정지 [d:5][t:00:05:39]
[I](2023-01-07  09:56:12 am)    [LNo:0002] 000581/002356
[I](2023-01-07  09:56:39 am)작업 재시작
[I](2023-01-07  09:56:43 am)작업중 정지 [d:5][t:00:06:10]
[I](2023-01-07  09:56:43 am)    [LNo:0002] 000583/002356
[I](2023-01-07  09:56:43 am)작업중 M코드정지 [d:5][t:00:06:10]
[I](2023-01-07  09:59:15 am)작업중 정지 [d:5][t:00:08:43]
[I](2023-01-07  09:59:15 am)    [LNo:0002] 000592/002356
[I](2023-01-07  10:01:20 am)작업중 정지 [d:5][t:00:10:47]
[I](2023-01-07  10:01:20 am)    [LNo:0002] 000608/002356
[I](2023-01-07  10:01:20 am)작업중 M코드정지 [d:5][t:00:10:47]
[I](2023-01-07  10:01:21 am)작업중 정지 [d:5][t:00:10:48]
[I](2023-01-07  10:01:21 am)    [LNo:0002] 000611/002356
[I](2023-01-07  10:01:21 am)작업중 M코드정지 [d:5][t:00:10:48]
[I](2023-01-07  10:06:59 am)작업중 정지 [d:10][t:00:16:27]
[I](2023-01-07  10:06:59 am)    [LNo:0002] 000635/002356
[I](2023-01-07  10:06:59 am)작업중 M코드정지 [d:10][t:00:16:27]
[I](2023-01-07  10:08:20 am)작업중 정지 [d:10][t:00:17:47]
[I](2023-01-07  10:08:20 am)    [LNo:0002] 000639/002356
[I](2023-01-07  10:08:20 am)작업중 M코드정지 [d:10][t:00:17:47]
[I](2023-01-07  10:15:15 am)작업중 정지 [d:15][t:00:24:43]
[I](2023-01-07  10:15:15 am)    [LNo:0002] 000663/002356
[I](2023-01-07  10:15:15 am)작업중 M코드정지 [d:15][t:00:24:43]
[I](2023-01-07  10:15:54 am)작업중 정지 [d:15][t:00:25:21]
[I](2023-01-07  10:15:54 am)    [LNo:0002] 000667/002356
[I](2023-01-07  10:15:54 am)작업중 M코드정지 [d:15][t:00:25:21]
[I](2023-01-07  10:21:03 am)작업중 정지 [d:19][t:00:30:30]
[I](2023-01-07  10:21:03 am)    [LNo:0002] 000691/002356
[I](2023-01-07  10:21:03 am)작업중 M코드정지 [d:19][t:00:30:30]
[I](2023-01-07  10:22:25 am)작업중 정지 [d:19][t:00:31:53]
[I](2023-01-07  10:22:25 am)    [LNo:0002] 000693/002356
[I](2023-01-07  10:22:50 am)작업 재시작
[I](2023-01-07  10:22:57 am)작업중 정지 [d:19][t:00:32:24]
[I](2023-01-07  10:22:57 am)    [LNo:0002] 000695/002356
[I](2023-01-07  10:22:57 am)작업중 M코드정지 [d:19][t:00:32:24]
[I](2023-01-07  10:27:42 am)작업중 정지 [d:23][t:00:37:09]
[I](2023-01-07  10:27:42 am)    [LNo:0002] 000719/002356
[I](2023-01-07  10:27:42 am)작업중 M코드정지 [d:23][t:00:37:09]
[I](2023-01-07  10:28:17 am)작업중 정지 [d:23][t:00:37:44]
[I](2023-01-07  10:28:17 am)    [LNo:0002] 000723/002356
[I](2023-01-07  10:28:17 am)작업중 M코드정지 [d:23][t:00:37:44]
[I](2023-01-07  10:35:20 am)작업중 정지 [d:29][t:00:44:47]
[I](2023-01-07  10:35:20 am)    [LNo:0002] 000747/002356
[I](2023-01-07  10:35:20 am)작업중 M코드정지 [d:29][t:00:44:47]
[I](2023-01-07  10:37:50 am)작업중 정지 [d:29][t:00:47:17]
[I](2023-01-07  10:37:50 am)    [LNo:0002] 000749/002356
[I](2023-01-07  10:38:08 am)작업 재시작
[I](2023-01-07  10:38:13 am)작업중 정지 [d:29][t:00:47:41]
[I](2023-01-07  10:38:13 am)    [LNo:0002] 000751/002356
[I](2023-01-07  10:38:13 am)작업중 M코드정지 [d:29][t:00:47:41]
[I](2023-01-07  10:43:01 am)작업중 정지 [d:33][t:00:52:29]
[I](2023-01-07  10:43:01 am)    [LNo:0002] 000775/002356
[I](2023-01-07  10:43:01 am)작업중 M코드정지 [d:33][t:00:52:29]
[I](2023-01-07  10:48:16 am)작업중 정지 [d:33][t:00:57:43]
[I](2023-01-07  10:48:16 am)    [LNo:0002] 000778/002356
[I](2023-01-07  10:48:36 am)작업 재시작
[I](2023-01-07  10:48:37 am)작업중 정지 [d:34][t:00:58:04]
[I](2023-01-07  10:48:37 am)    [LNo:0002] 000779/002356
[I](2023-01-07  10:48:37 am)작업중 M코드정지 [d:34][t:00:58:04]
[I](2023-01-07  10:53:35 am)작업중 정지 [d:37][t:01:03:02]
[I](2023-01-07  10:53:35 am)    [LNo:0002] 000803/002356
[I](2023-01-07  10:53:35 am)작업중 M코드정지 [d:37][t:01:03:03]
[I](2023-01-07  10:57:20 am)작업중 정지 [d:37][t:01:06:47]
[I](2023-01-07  10:57:20 am)    [LNo:0002] 000807/002356
[I](2023-01-07  10:57:20 am)작업중 M코드정지 [d:37][t:01:06:47]
[I](2023-01-07  11:03:48 am)작업중 정지 [d:42][t:01:13:16]
[I](2023-01-07  11:03:48 am)    [LNo:0002] 000831/002356
[I](2023-01-07  11:03:49 am)작업중 M코드정지 [d:42][t:01:13:16]
[I](2023-01-07  11:04:36 am)작업중 정지 [d:42][t:01:14:03]
[I](2023-01-07  11:04:36 am)    [LNo:0002] 000835/002356
[I](2023-01-07  11:04:36 am)작업중 M코드정지 [d:42][t:01:14:03]
[I](2023-01-07  11:11:09 am)작업중 정지 [d:47][t:01:20:36]
[I](2023-01-07  11:11:09 am)    [LNo:0002] 000859/002356
[I](2023-01-07  11:11:09 am)작업중 M코드정지 [d:47][t:01:20:37]
[I](2023-01-07  11:11:27 am)작업중 정지 [d:47][t:01:20:55]
[I](2023-01-07  11:11:27 am)    [LNo:0002] 000863/002356
[I](2023-01-07  11:11:27 am)작업중 M코드정지 [d:47][t:01:20:55]
[I](2023-01-07  11:18:23 am)작업중 정지 [d:52][t:01:27:51]
[I](2023-01-07  11:18:23 am)    [LNo:0002] 000887/002356
[I](2023-01-07  11:18:23 am)작업중 M코드정지 [d:52][t:01:27:51]
[I](2023-01-07  11:34:10 am)작업중 정지 [d:52][t:01:43:38]
[I](2023-01-07  11:34:10 am)    [LNo:0002] 000889/002356
[I](2023-01-07  11:34:29 am)작업 재시작
[I](2023-01-07  11:41:14 am)작업중 정지 [d:58][t:01:50:42]
[I](2023-01-07  11:41:14 am)    [LNo:0002] 000915/002356
[I](2023-01-07  11:41:15 am)작업중 M코드정지 [d:58][t:01:50:42]
[I](2023-01-07  11:41:41 am)작업중 정지 [d:59][t:01:51:08]
[I](2023-01-07  11:41:41 am)    [LNo:0002] 000917/002356
[I](2023-01-07  11:42:00 am)작업 재시작
[I](2023-01-07  11:42:06 am)작업중 정지 [d:59][t:01:51:33]
[I](2023-01-07  11:42:06 am)    [LNo:0002] 000919/002356
[I](2023-01-07  11:42:06 am)작업중 M코드정지 [d:59][t:01:51:33]
[I](2023-01-07  11:48:11 am)작업중 정지 [d:64][t:01:57:38]
[I](2023-01-07  11:48:11 am)    [LNo:0002] 000943/002356
[I](2023-01-07  11:48:11 am)작업중 M코드정지 [d:64][t:01:57:38]
[I](2023-01-07  11:48:22 am)작업중 정지 [d:64][t:01:57:49]
[I](2023-01-07  11:48:22 am)    [LNo:0002] 000945/002356
[I](2023-01-07  11:48:46 am)작업 재시작
[I](2023-01-07  11:48:51 am)작업중 정지 [d:64][t:01:58:18]
[I](2023-01-07  11:48:51 am)    [LNo:0002] 000947/002356
[I](2023-01-07  11:48:51 am)작업중 M코드정지 [d:64][t:01:58:18]
[I](2023-01-07  11:51:40 am)작업중 정지 [d:66][t:02:01:08]
[I](2023-01-07  11:51:40 am)    [LNo:0002] 000968/002356
[A](2023-01-07  11:51:40 am)[008] 작업중 단선(AWF Feed Motor Stop )
[I](2023-01-07  11:51:40 am)작업중 Wire 단선 [d:66][t:02:01:08]
[A](2023-01-07  11:52:31 am)[037] 자동결선 잔여 WIRE 처리 실패!!
[I](2023-01-07  11:55:09 am)작업 재시작
[I](2023-01-07  11:55:10 am)작업중 정지 [d:66][t:02:04:38]
[I](2023-01-07  11:55:10 am)    [LNo:0002] 000968/002356
[A](2023-01-07  11:55:10 am)[008] 작업중 단선(AWF Feed Motor Stop )
[I](2023-01-07  11:55:11 am)작업중 Wire 단선 [d:66][t:02:04:38]
[I](2023-01-07  11:56:40 am)작업 재시작
[I](2023-01-07  11:56:45 am)작업중 정지 [d:66][t:02:06:12]
[I](2023-01-07  11:56:45 am)    [LNo:0002] 000968/002356
[I](2023-01-07  11:56:45 am)작업중 30sec 접촉 정지 [d:66][t:02:06:12]
[I](2023-01-07  11:56:50 am)작업 재시작
[I](2023-01-07  11:56:51 am)작업중 정지 [d:66][t:02:06:19]
[I](2023-01-07  11:56:51 am)    [LNo:0002] 000968/002356
[A](2023-01-07  11:59:48 am)[091] Auto Door Sensor Abnormal
[A](2023-01-07  11:59:48 am)[091] Auto Door Sensor Abnormal
[A](2023-01-07  11:59:48 am)[091] Auto Door Sensor Abnormal
[A](2023-01-07  11:59:49 am)[091] Auto Door Sensor Abnormal
[A](2023-01-07  11:59:49 am)[091] Auto Door Sensor Abnormal
[A](2023-01-07  11:59:49 am)[091] Auto Door Sensor Abnormal
[I](2023-01-07  12:01:20 pm)Reset
[I](2023-01-07  12:01:21 pm)Reset
[I](2023-01-07  12:01:33 pm)작업 시작 [Start d:0]
[I](2023-01-07  12:01:33 pm)Nc File: [No.0002-478.NC]
[I](2023-01-07  12:01:33 pm)  * Start Machine Position
[I](2023-01-07  12:01:33 pm)    X:    136.7317
[I](2023-01-07  12:01:33 pm)    Y:   -325.6230
[I](2023-01-07  12:01:33 pm)    U:      0.0000
[I](2023-01-07  12:01:33 pm)    V:      0.0000
[I](2023-01-07  12:01:33 pm)    Z:     26.3691
[I](2023-01-07  12:01:33 pm)  * Angle
[I](2023-01-07  12:01:33 pm)    Ar:      0.0464,Kr:      0.0000
[I](2023-01-07  12:01:33 pm)    Taper_Ar:      0.0000
[I](2023-01-07  12:02:31 pm)작업중 정지 [d:1][t:00:00:57]
[I](2023-01-07  12:02:31 pm)    [LNo:0002] 000968/002356
[I](2023-01-07  12:02:31 pm)작업중 30sec 접촉 정지 [d:1][t:00:00:57]
[I](2023-01-07  12:03:50 pm)작업 재시작
[I](2023-01-07  12:03:55 pm)작업중 정지 [d:1][t:00:02:21]
[I](2023-01-07  12:03:55 pm)    [LNo:0002] 000968/002356
[I](2023-01-07  12:03:55 pm)작업중 30sec 접촉 정지 [d:1][t:00:02:21]
[I](2023-01-07  12:04:25 pm)작업 재시작
[I](2023-01-07  12:10:19 pm)작업중 정지 [d:6][t:00:08:45]
[I](2023-01-07  12:10:19 pm)    [LNo:0002] 000999/002356
[I](2023-01-07  12:10:19 pm)작업중 M코드정지 [d:6][t:00:08:45]
[I](2023-01-07  12:10:49 pm)작업중 정지 [d:6][t:00:09:15]
[I](2023-01-07  12:10:49 pm)    [LNo:0002] 001002/002356
[I](2023-01-07  12:11:10 pm)작업 재시작
[I](2023-01-07  12:11:13 pm)작업중 정지 [d:6][t:00:09:39]
[I](2023-01-07  12:11:13 pm)    [LNo:0002] 001003/002356
[I](2023-01-07  12:11:13 pm)작업중 M코드정지 [d:6][t:00:09:39]
[I](2023-01-07  12:17:19 pm)작업중 정지 [d:11][t:00:15:45]
[I](2023-01-07  12:17:19 pm)    [LNo:0002] 001027/002356
[I](2023-01-07  12:17:19 pm)작업중 M코드정지 [d:11][t:00:15:45]
[I](2023-01-07  12:20:39 pm)작업중 정지 [d:12][t:00:19:05]
[I](2023-01-07  12:20:39 pm)    [LNo:0002] 001031/002356
[I](2023-01-07  12:20:39 pm)작업중 M코드정지 [d:12][t:00:19:05]
[I](2023-01-07  12:28:00 pm)작업중 정지 [d:18][t:00:26:26]
[I](2023-01-07  12:28:00 pm)    [LNo:0002] 001055/002356
[I](2023-01-07  12:28:00 pm)작업중 M코드정지 [d:18][t:00:26:26]
[I](2023-01-07  12:30:11 pm)작업중 정지 [d:18][t:00:28:37]
[I](2023-01-07  12:30:11 pm)    [LNo:0002] 001059/002356
[I](2023-01-07  12:30:11 pm)작업중 M코드정지 [d:18][t:00:28:37]
[I](2023-01-07  12:37:58 pm)작업중 정지 [d:24][t:00:36:24]
[I](2023-01-07  12:37:58 pm)    [LNo:0002] 001083/002356
[I](2023-01-07  12:37:58 pm)작업중 M코드정지 [d:24][t:00:36:24]
[I](2023-01-07  12:38:16 pm)작업중 정지 [d:24][t:00:36:42]
[I](2023-01-07  12:38:16 pm)    [LNo:0002] 001085/002356
[I](2023-01-07  12:38:38 pm)작업 재시작
[I](2023-01-07  12:38:43 pm)작업중 정지 [d:24][t:00:37:09]
[I](2023-01-07  12:38:43 pm)    [LNo:0002] 001087/002356
[I](2023-01-07  12:38:43 pm)작업중 M코드정지 [d:24][t:00:37:09]
[I](2023-01-07  12:45:49 pm)작업중 정지 [d:30][t:00:44:15]
[I](2023-01-07  12:45:49 pm)    [LNo:0002] 001111/002356
[I](2023-01-07  12:45:49 pm)작업중 M코드정지 [d:30][t:00:44:15]
[I](2023-01-07  12:46:40 pm)작업중 정지 [d:31][t:00:45:06]
[I](2023-01-07  12:46:40 pm)    [LNo:0002] 001115/002356
[I](2023-01-07  12:46:40 pm)작업중 M코드정지 [d:31][t:00:45:06]
[I](2023-01-07  12:53:15 pm)작업중 정지 [d:36][t:00:51:41]
[I](2023-01-07  12:53:15 pm)    [LNo:0002] 001139/002356
[I](2023-01-07  12:53:15 pm)작업중 M코드정지 [d:36][t:00:51:41]
[I](2023-01-07  12:53:42 pm)작업중 정지 [d:37][t:00:52:08]
[I](2023-01-07  12:53:42 pm)    [LNo:0002] 001143/002356
[I](2023-01-07  12:53:42 pm)작업중 M코드정지 [d:37][t:00:52:08]
[I](2023-01-07  01:00:11 pm)작업중 정지 [d:42][t:00:58:37]
[I](2023-01-07  01:00:11 pm)    [LNo:0002] 001167/002356
[I](2023-01-07  01:00:11 pm)작업중 M코드정지 [d:42][t:00:58:37]
[I](2023-01-07  01:07:13 pm)작업중 정지 [d:42][t:01:05:39]
[I](2023-01-07  01:07:13 pm)    [LNo:0002] 001171/002356
[I](2023-01-07  01:07:13 pm)작업중 M코드정지 [d:42][t:01:05:39]
[I](2023-01-07  01:07:39 pm)작업중 정지 [d:43][t:01:06:05]
[I](2023-01-07  01:07:39 pm)    [LNo:0002] 001174/002356
[I](2023-01-07  01:08:38 pm)작업중 정지 [d:43][t:01:07:04]
[I](2023-01-07  01:08:38 pm)    [LNo:0002] 000955/002356
[I](2023-01-07  01:10:07 pm)Reset
[I](2023-01-07  01:10:33 pm)작업 시작 [Start d:43]
[I](2023-01-07  01:10:33 pm)Nc File: [No.0002-478.NC]
[I](2023-01-07  01:10:33 pm)  * Start Machine Position
[I](2023-01-07  01:10:33 pm)    X:    136.7317
[I](2023-01-07  01:10:33 pm)    Y:   -325.6230
[I](2023-01-07  01:10:33 pm)    U:      0.0000
[I](2023-01-07  01:10:33 pm)    V:      0.0000
[I](2023-01-07  01:10:33 pm)    Z:     26.3691
[I](2023-01-07  01:10:33 pm)  * Angle
[I](2023-01-07  01:10:33 pm)    Ar:      0.0464,Kr:      0.0000
[I](2023-01-07  01:10:33 pm)    Taper_Ar:      0.0000
[I](2023-01-07  01:10:34 pm)작업중 정지 [d:0][t:00:00:00]
[I](2023-01-07  01:10:34 pm)    [LNo:0002] 002039/002356
[I](2023-01-07  01:11:38 pm)작업중 정지 [d:1][t:00:01:04]
[I](2023-01-07  01:11:38 pm)    [LNo:0002] 002048/002356
[I](2023-01-07  01:12:35 pm)Reset
[I](2023-01-07  01:12:51 pm)작업 시작 [Start d:44]
[I](2023-01-07  01:12:51 pm)Nc File: [No.0002-478.NC]
[I](2023-01-07  01:12:51 pm)  * Start Machine Position
[I](2023-01-07  01:12:51 pm)    X:    136.7317
[I](2023-01-07  01:12:51 pm)    Y:   -325.6230
[I](2023-01-07  01:12:51 pm)    U:      0.0000
[I](2023-01-07  01:12:51 pm)    V:      0.0000
[I](2023-01-07  01:12:51 pm)    Z:     26.3691
[I](2023-01-07  01:12:51 pm)  * Angle
[I](2023-01-07  01:12:51 pm)    Ar:      0.0464,Kr:      0.0000
[I](2023-01-07  01:12:51 pm)    Taper_Ar:      0.0000
[I](2023-01-07  01:16:56 pm)작업중 정지 [d:4][t:00:04:05]
[I](2023-01-07  01:16:56 pm)    [LNo:0002] 002050/002356
[A](2023-01-07  01:17:30 pm)[037] 자동결선 잔여 WIRE 처리 실패!!
[I](2023-01-07  01:26:08 pm)Reset
[I](2023-01-07  01:27:41 pm)Reset
[I](2023-01-07  01:28:25 pm)Reset
[I](2023-01-07  01:29:31 pm)Reset
[I](2023-01-07  01:29:49 pm)Reset
[I](2023-01-07  01:30:12 pm)Reset
[I](2023-01-07  01:30:23 pm)Reset
[I](2023-01-07  01:31:23 pm)작업 시작 [Start d:48]
[I](2023-01-07  01:31:23 pm)Nc File: [No.0008-567.NC]
[I](2023-01-07  01:31:23 pm)  * Start Machine Position
[I](2023-01-07  01:31:23 pm)    X:     48.9928
[I](2023-01-07  01:31:23 pm)    Y:   -351.4173
[I](2023-01-07  01:31:23 pm)    U:      0.0397
[I](2023-01-07  01:31:23 pm)    V:      0.0302
[I](2023-01-07  01:31:23 pm)    Z:     47.3161
[I](2023-01-07  01:31:23 pm)  * Angle
[I](2023-01-07  01:31:23 pm)    Ar:      0.4581,Kr:      0.0000
[I](2023-01-07  01:31:23 pm)    Taper_Ar:      0.0000
[I](2023-01-07  01:31:32 pm)작업중 정지 [d:0][t:00:00:08]
[I](2023-01-07  01:31:32 pm)    [LNo:0008] 000084/000276
[I](2023-01-07  01:31:32 pm)작업중 M코드정지 [d:0][t:00:00:08]
[I](2023-01-07  01:31:35 pm)작업중 정지 [d:0][t:00:00:11]
[I](2023-01-07  01:31:35 pm)    [LNo:0008] 000087/000276
[I](2023-01-07  01:31:35 pm)작업중 M코드정지 [d:0][t:00:00:11]
[I](2023-01-07  01:32:31 pm)작업중 정지 [d:0][t:00:01:07]
[I](2023-01-07  01:32:31 pm)    [LNo:0008] 000104/000276
[I](2023-01-07  01:32:31 pm)작업중 30sec 접촉 정지 [d:0][t:00:01:07]
[I](2023-01-07  01:32:57 pm)작업 재시작
[I](2023-01-07  02:34:27 pm)작업중 정지 [d:61][t:01:03:03]
[I](2023-01-07  02:34:27 pm)    [LNo:0008] 000145/000276
[I](2023-01-07  02:34:27 pm)작업중 30sec 접촉 정지 [d:61][t:01:03:03]
[I](2023-01-07  02:34:40 pm)작업 재시작
[I](2023-01-07  02:49:50 pm)작업중 정지 [d:76][t:01:18:26]
[I](2023-01-07  02:49:50 pm)    [LNo:0008] 000186/000276
[I](2023-01-07  02:49:50 pm)작업중 M코드정지 [d:76][t:01:18:26]
[I](2023-01-07  02:50:03 pm)작업중 정지 [d:76][t:01:18:39]
[I](2023-01-07  02:50:03 pm)    [LNo:0008] 000188/000276
[I](2023-01-07  02:50:03 pm)작업중 M코드정지 [d:76][t:01:18:39]
[A](2023-01-07  02:53:55 pm)[091] Auto Door Sensor Abnormal
[I](2023-01-07  02:57:11 pm)Reset
[I](2023-01-07  02:59:17 pm)Reset
[I](2023-01-07  02:59:39 pm)Reset
[I](2023-01-07  02:59:47 pm)Reset
[I](2023-01-07  02:59:53 pm)Reset
[I](2023-01-07  03:00:00 pm)Reset
[I](2023-01-07  03:04:25 pm)Reset
[I](2023-01-07  03:04:26 pm)Reset
[I](2023-01-07  03:05:12 pm)Reset
[I](2023-01-07  03:08:04 pm)Reset
[I](2023-01-07  03:08:08 pm)Reset
[I](2023-01-07  03:14:39 pm)Reset
[I](2023-01-07  03:15:04 pm)Reset
[I](2023-01-07  03:15:04 pm)Reset
[I](2023-01-07  03:15:52 pm)작업 시작 [Start d:124]
[I](2023-01-07  03:15:52 pm)Nc File: [No.0009-578.NC]
[I](2023-01-07  03:15:52 pm)  * Start Machine Position
[I](2023-01-07  03:15:52 pm)    X:    162.5600
[I](2023-01-07  03:15:52 pm)    Y:   -222.4136
[I](2023-01-07  03:15:52 pm)    U:      0.0000
[I](2023-01-07  03:15:52 pm)    V:      0.0000
[I](2023-01-07  03:15:52 pm)    Z:     26.1860
[I](2023-01-07  03:15:52 pm)  * Angle
[I](2023-01-07  03:15:52 pm)    Ar:      0.0000,Kr:      0.0000
[I](2023-01-07  03:15:52 pm)    Taper_Ar:      0.0000
[I](2023-01-07  03:16:16 pm)작업중 정지 [d:0][t:00:00:23]
[I](2023-01-07  03:16:16 pm)    [LNo:0009] 000114/002256
[I](2023-01-07  03:16:16 pm)작업중 M코드정지 [d:0][t:00:00:23]
[I](2023-01-07  03:16:18 pm)Reset
[I](2023-01-07  03:16:19 pm)Reset
[I](2023-01-07  03:16:19 pm)Reset
[I](2023-01-07  03:16:19 pm)Reset
[I](2023-01-07  03:16:20 pm)Reset
[I](2023-01-07  03:16:20 pm)Reset
[I](2023-01-07  03:16:20 pm)Reset
[I](2023-01-07  03:16:30 pm)작업 시작 [Start d:124]
[I](2023-01-07  03:16:30 pm)Nc File: [No.0009-578.NC]
[I](2023-01-07  03:16:30 pm)  * Start Machine Position
[I](2023-01-07  03:16:30 pm)    X:    159.7301
[I](2023-01-07  03:16:30 pm)    Y:   -221.9136
[I](2023-01-07  03:16:30 pm)    U:      0.0000
[I](2023-01-07  03:16:30 pm)    V:      0.0000
[I](2023-01-07  03:16:30 pm)    Z:     26.1860
[I](2023-01-07  03:16:30 pm)  * Angle
[I](2023-01-07  03:16:30 pm)    Ar:      0.0000,Kr:      0.0000
[I](2023-01-07  03:16:30 pm)    Taper_Ar:      0.0000
[I](2023-01-07  03:16:46 pm)작업중 정지 [d:0][t:00:00:15]
[I](2023-01-07  03:16:46 pm)    [LNo:0009] 000751/002256
[I](2023-01-07  03:16:48 pm)Reset
[I](2023-01-07  03:16:49 pm)Reset
[I](2023-01-07  03:16:49 pm)Reset
[A](2023-01-07  03:17:09 pm)[037] 자동결선 잔여 WIRE 처리 실패!!
[I](2023-01-07  03:18:37 pm)Reset
[I](2023-01-07  03:18:37 pm)Reset
[I](2023-01-07  03:18:42 pm)작업 시작 [Start d:124]
[I](2023-01-07  03:18:42 pm)Nc File: [No.0009-578.NC]
[I](2023-01-07  03:18:42 pm)  * Start Machine Position
[I](2023-01-07  03:18:42 pm)    X:    148.5402
[I](2023-01-07  03:18:42 pm)    Y:   -263.0454
[I](2023-01-07  03:18:42 pm)    U:      0.0000
[I](2023-01-07  03:18:42 pm)    V:      0.0000
[I](2023-01-07  03:18:42 pm)    Z:     26.8510
[I](2023-01-07  03:18:42 pm)  * Angle
[I](2023-01-07  03:18:42 pm)    Ar:      0.0000,Kr:      0.0000
[I](2023-01-07  03:18:42 pm)    Taper_Ar:      0.0000
[I](2023-01-07  03:18:46 pm)작업중 정지 [d:0][t:00:00:03]
[I](2023-01-07  03:18:46 pm)    [LNo:0009] 000024/002256
[I](2023-01-07  03:19:19 pm)작업 재시작
[I](2023-01-07  03:19:37 pm)작업중 정지 [d:0][t:00:00:54]
[I](2023-01-07  03:19:37 pm)    [LNo:0009] 000114/002256
[I](2023-01-07  03:19:37 pm)작업중 M코드정지 [d:0][t:00:00:54]
[A](2023-01-07  03:19:57 pm)[037] 자동결선 잔여 WIRE 처리 실패!!
[I](2023-01-07  03:23:52 pm)Reset
[I](2023-01-07  03:24:22 pm)Reset
[I](2023-01-07  03:24:27 pm)Reset
[I](2023-01-07  03:30:02 pm)Reset
[I](2023-01-07  03:31:03 pm)작업 시작 [Start d:124]
[I](2023-01-07  03:31:03 pm)Nc File: [No.0009-578.NC]
[I](2023-01-07  03:31:03 pm)  * Start Machine Position
[I](2023-01-07  03:31:03 pm)    X:    388.8898
[I](2023-01-07  03:31:03 pm)    Y:   -310.5549
[I](2023-01-07  03:31:03 pm)    U:      0.0000
[I](2023-01-07  03:31:03 pm)    V:      0.0000
[I](2023-01-07  03:31:03 pm)    Z:     26.4915
[I](2023-01-07  03:31:03 pm)  * Angle
[I](2023-01-07  03:31:03 pm)    Ar:      0.1140,Kr:      0.0000
[I](2023-01-07  03:31:03 pm)    Taper_Ar:      0.0000
[I](2023-01-07  03:31:31 pm)작업중 정지 [d:0][t:00:00:27]
[I](2023-01-07  03:31:31 pm)    [LNo:0009] 000489/002256
[A](2023-01-07  03:31:59 pm)[037] 자동결선 잔여 WIRE 처리 실패!!
[I](2023-01-07  03:32:00 pm)작업중 정지 [d:0][t:00:00:56]
[I](2023-01-07  03:32:00 pm)    [LNo:0009] 000492/002256
[I](2023-01-07  03:32:13 pm)작업중 정지 [d:-124][t:00:01:09]
[I](2023-01-07  03:32:13 pm)    [LNo:0009] 000573/002256
[A](2023-01-07  03:33:01 pm)[037] 자동결선 잔여 WIRE 처리 실패!!
[I](2023-01-07  03:33:02 pm)작업중 정지 [d:-124][t:00:01:58]
[I](2023-01-07  03:33:02 pm)    [LNo:0009] 000574/002256
[I](2023-01-07  03:33:13 pm)작업중 정지 [d:-124][t:00:02:09]
[I](2023-01-07  03:33:13 pm)    [LNo:0009] 000658/002256
[A](2023-01-07  03:34:09 pm)[037] 자동결선 잔여 WIRE 처리 실패!!
[I](2023-01-07  03:34:10 pm)작업중 정지 [d:-124][t:00:03:06]
[I](2023-01-07  03:34:10 pm)    [LNo:0009] 000659/002256
[I](2023-01-07  03:34:27 pm)작업중 정지 [d:-124][t:00:03:23]
[I](2023-01-07  03:34:27 pm)    [LNo:0009] 000991/002256
[I](2023-01-07  03:35:36 pm)Reset
[I](2023-01-07  03:36:06 pm)작업 시작 [Start d:0]
[I](2023-01-07  03:36:06 pm)Nc File: [No.0009-578.NC]
[I](2023-01-07  03:36:06 pm)  * Start Machine Position
[I](2023-01-07  03:36:06 pm)    X:    388.8898
[I](2023-01-07  03:36:06 pm)    Y:   -310.5549
[I](2023-01-07  03:36:06 pm)    U:      0.0000
[I](2023-01-07  03:36:06 pm)    V:      0.0000
[I](2023-01-07  03:36:06 pm)    Z:     26.4915
[I](2023-01-07  03:36:06 pm)  * Angle
[I](2023-01-07  03:36:06 pm)    Ar:      0.1140,Kr:      0.0000
[I](2023-01-07  03:36:06 pm)    Taper_Ar:      0.0000
[I](2023-01-07  04:13:28 pm)작업중 정지 [d:37][t:00:37:21]
[I](2023-01-07  04:13:28 pm)    [LNo:0009] 000114/002256
[I](2023-01-07  04:13:28 pm)작업중 M코드정지 [d:37][t:00:37:21]
[I](2023-01-07  04:14:07 pm)작업중 정지 [d:37][t:00:38:00]
[I](2023-01-07  04:14:07 pm)    [LNo:0009] 000117/002256
[I](2023-01-07  04:14:07 pm)작업중 M코드정지 [d:37][t:00:38:00]
[I](2023-01-07  04:29:32 pm)작업중 정지 [d:50][t:00:53:25]
[I](2023-01-07  04:29:32 pm)    [LNo:0009] 000246/002256
[I](2023-01-07  04:30:27 pm)Reset
[I](2023-01-07  04:30:28 pm)Reset
[I](2023-01-07  04:30:34 pm)Reset
[I](2023-01-07  04:30:40 pm)작업 시작 [Start d:50]
[I](2023-01-07  04:30:40 pm)Nc File: [No.0009-578.NC]
[I](2023-01-07  04:30:40 pm)  * Start Machine Position
[I](2023-01-07  04:30:40 pm)    X:    388.8898
[I](2023-01-07  04:30:40 pm)    Y:   -310.5549
[I](2023-01-07  04:30:40 pm)    U:      0.0000
[I](2023-01-07  04:30:40 pm)    V:      0.0000
[I](2023-01-07  04:30:40 pm)    Z:     26.4915
[I](2023-01-07  04:30:40 pm)  * Angle
[I](2023-01-07  04:30:40 pm)    Ar:      0.1140,Kr:      0.0000
[I](2023-01-07  04:30:40 pm)    Taper_Ar:      0.0000
[I](2023-01-07  04:30:47 pm)작업중 정지 [d:0][t:00:00:06]
[I](2023-01-07  04:30:47 pm)    [LNo:0009] 000488/002256
[I](2023-01-07  05:49:36 pm)작업중 정지 [d:78][t:01:18:55]
[I](2023-01-07  05:49:36 pm)    [LNo:0009] 000563/002256
[I](2023-01-07  05:49:36 pm)작업중 M코드정지 [d:78][t:01:18:55]
[I](2023-01-07  06:45:48 pm)작업중 정지 [d:78][t:02:15:07]
[I](2023-01-07  06:45:48 pm)    [LNo:0009] 000564/002256
[I](2023-01-07  06:45:48 pm)Wire Contact Auto Stop(M52)
[I](2023-01-07  06:46:14 pm)작업 재시작
[I](2023-01-07  06:46:19 pm)작업중 정지 [d:78][t:02:15:39]
[I](2023-01-07  06:46:19 pm)    [LNo:0009] 000565/002256
[I](2023-01-07  06:46:19 pm)작업중 M코드정지 [d:78][t:02:15:39]
[I](2023-01-07  06:48:39 pm)Reset
[I](2023-01-07  06:48:39 pm)Reset
[I](2023-01-07  06:48:40 pm)Reset
[I](2023-01-07  06:48:51 pm)작업 시작 [Start d:128]
[I](2023-01-07  06:48:51 pm)Nc File: [No.0011-588.NC]
[I](2023-01-07  06:48:51 pm)  * Start Machine Position
[I](2023-01-07  06:48:51 pm)    X:    388.8898
[I](2023-01-07  06:48:51 pm)    Y:   -310.5549
[I](2023-01-07  06:48:51 pm)    U:      0.0000
[I](2023-01-07  06:48:51 pm)    V:      0.0000
[I](2023-01-07  06:48:51 pm)    Z:     26.4915
[I](2023-01-07  06:48:51 pm)  * Angle
[I](2023-01-07  06:48:51 pm)    Ar:      0.1140,Kr:      0.0000
[I](2023-01-07  06:48:51 pm)    Taper_Ar:      0.0000
[I](2023-01-07  10:18:08 pm)작업중 정지 [d:204][t:03:29:16]
[I](2023-01-07  10:18:08 pm)    [LNo:0011] 000662/001990
[I](2023-01-07  10:18:08 pm)작업중 30sec 접촉 정지 [d:204][t:03:29:16]
