[I](2019-11-14  12:09:10 am)작업중 정지 [d:85][t:01:48:05]
[I](2019-11-14  12:09:10 am)    [LNo:0006] 000181/000498
[I](2019-11-14  12:09:58 am)작업 재시작
[I](2019-11-14  12:10:00 am)작업중 정지 [d:85][t:01:48:55]
[I](2019-11-14  12:10:00 am)    [LNo:0006] 000182/000498
[I](2019-11-14  12:10:00 am)작업중 M코드정지 [d:85][t:01:48:55]
[I](2019-11-14  12:29:16 am)작업중 정지 [d:103][t:02:08:11]
[I](2019-11-14  12:29:16 am)    [LNo:0006] 000259/000498
[I](2019-11-14  12:29:16 am)작업중 M코드정지 [d:103][t:02:08:11]
[I](2019-11-14  12:36:49 am)작업중 정지 [d:103][t:02:15:44]
[I](2019-11-14  12:36:49 am)    [LNo:0006] 000260/000498
[I](2019-11-14  12:37:29 am)작업 재시작
[I](2019-11-14  12:37:32 am)작업중 정지 [d:103][t:02:16:27]
[I](2019-11-14  12:37:32 am)    [LNo:0006] 000262/000498
[I](2019-11-14  12:37:32 am)작업중 M코드정지 [d:103][t:02:16:27]
[I](2019-11-14  01:10:45 am)작업중 정지 [d:135][t:02:49:40]
[I](2019-11-14  01:10:45 am)    [LNo:0006] 000338/000498
[I](2019-11-14  01:10:45 am)작업중 30sec 접촉 정지 [d:135][t:02:49:40]
[I](2019-11-14  01:11:05 am)작업 재시작
[I](2019-11-14  02:11:13 am)작업중 정지 [d:190][t:03:50:09]
[I](2019-11-14  02:11:13 am)    [LNo:0006] 000447/000498
[A](2019-11-14  02:11:14 am)[009] 자동결선 Error(M20-삽입실패)
[I](2019-11-14  02:16:16 am)작업중 정지 [d:190][t:03:55:11]
[I](2019-11-14  02:16:16 am)    [LNo:0006] 000450/000498
[I](2019-11-14  02:16:17 am)작업중 정지 [d:190][t:03:55:12]
[I](2019-11-14  02:16:17 am)    [LNo:0006] 000450/000498
[I](2019-11-14  02:27:19 am)작업중 정지 [d:199][t:04:06:14]
[I](2019-11-14  02:27:19 am)    [LNo:0006] 000461/000498
[I](2019-11-14  02:27:19 am)작업중 M코드정지 [d:199][t:04:06:15]
[I](2019-11-14  02:28:00 am)작업중 정지 [d:199][t:04:06:55]
[I](2019-11-14  02:28:00 am)    [LNo:0006] 000463/000498
[I](2019-11-14  02:28:00 am)작업중 M코드정지 [d:199][t:04:06:55]
[I](2019-11-14  02:28:57 am)작업중 정지 [d:199][t:04:07:52]
[I](2019-11-14  02:28:57 am)    [LNo:0006] 000472/000498
[I](2019-11-14  02:37:00 am)작업중 정지 [d:206][t:04:15:55]
[I](2019-11-14  02:37:00 am)    [LNo:0006] 000486/000498
[I](2019-11-14  02:37:00 am)작업중 M코드정지 [d:206][t:04:15:55]
[I](2019-11-14  02:43:41 am)작업중 정지 [d:206][t:04:22:36]
[I](2019-11-14  02:43:41 am)    [LNo:0006] 000488/000498
[I](2019-11-14  02:43:41 am)작업중 M코드정지 [d:206][t:04:22:36]
[I](2019-11-14  02:53:46 am)Reset
[I](2019-11-14  02:55:11 am)Reset
[I](2019-11-14  02:55:16 am)Reset
[I](2019-11-14  02:55:48 am)작업 시작 [Start d:1134]
[I](2019-11-14  02:55:48 am)Nc File: [No.0007-498.NC]
[I](2019-11-14  02:55:48 am)  * Start Machine Position
[I](2019-11-14  02:55:48 am)    X:    118.7746
[I](2019-11-14  02:55:48 am)    Y:   -324.5947
[I](2019-11-14  02:55:48 am)    U:      0.0000
[I](2019-11-14  02:55:48 am)    V:      0.0000
[I](2019-11-14  02:55:48 am)    Z:     36.4747
[I](2019-11-14  02:55:48 am)  * Angle
[I](2019-11-14  02:55:48 am)    Ar:      0.0000,Kr:      0.0000
[I](2019-11-14  02:55:48 am)    Taper_Ar:      0.0000
[I](2019-11-14  04:23:27 am)작업중 정지 [d:88][t:01:27:38]
[I](2019-11-14  04:23:27 am)    [LNo:0007] 000066/000078
[I](2019-11-14  04:23:27 am)작업중 M코드정지 [d:88][t:01:27:38]
[I](2019-11-14  04:26:59 am)작업중 정지 [d:88][t:01:31:10]
[I](2019-11-14  04:26:59 am)    [LNo:0007] 000067/000078
[I](2019-11-14  04:26:59 am)Wire Contact Auto Stop(M52)
[A](2019-11-14  04:28:05 am)[037] 자동결선 잔여 WIRE 처리 실패!!
[I](2019-11-14  04:42:24 am)Reset
[I](2019-11-14  04:42:24 am)Reset
[I](2019-11-14  04:42:27 am)Reset
[I](2019-11-14  04:56:43 am)Reset
[I](2019-11-14  04:57:10 am)Reset
[I](2019-11-14  04:59:53 am)Reset
[I](2019-11-14  05:00:38 am)Reset
[I](2019-11-14  05:00:43 am)Reset
[I](2019-11-14  05:02:11 am)작업 시작 [Start d:1222]
[I](2019-11-14  05:02:11 am)Nc File: [No.0001-446.NC]
[I](2019-11-14  05:02:11 am)  * Start Machine Position
[I](2019-11-14  05:02:11 am)    X:    366.7820
[I](2019-11-14  05:02:11 am)    Y:   -195.2348
[I](2019-11-14  05:02:11 am)    U:      0.0000
[I](2019-11-14  05:02:11 am)    V:      0.0000
[I](2019-11-14  05:02:11 am)    Z:     28.4843
[I](2019-11-14  05:02:11 am)  * Angle
[I](2019-11-14  05:02:11 am)    Ar:     -0.3944,Kr:      0.0000
[I](2019-11-14  05:02:11 am)    Taper_Ar:      0.0000
[I](2019-11-14  05:06:30 am)작업중 정지 [d:5][t:00:04:18]
[I](2019-11-14  05:06:30 am)    [LNo:0001] 000024/000407
[I](2019-11-14  05:06:30 am)작업중 M코드정지 [d:5][t:00:04:18]
[I](2019-11-14  05:09:40 am)작업중 정지 [d:5][t:00:07:29]
[I](2019-11-14  05:09:40 am)    [LNo:0001] 000027/000407
[I](2019-11-14  05:09:40 am)작업중 M코드정지 [d:5][t:00:07:29]
[I](2019-11-14  05:16:47 am)작업중 정지 [d:11][t:00:14:35]
[I](2019-11-14  05:16:47 am)    [LNo:0001] 000071/000407
[I](2019-11-14  05:16:47 am)작업중 M코드정지 [d:11][t:00:14:35]
[I](2019-11-14  05:17:07 am)작업중 정지 [d:11][t:00:14:55]
[I](2019-11-14  05:17:07 am)    [LNo:0001] 000074/000407
[I](2019-11-14  05:17:07 am)작업중 M코드정지 [d:11][t:00:14:55]
[I](2019-11-14  06:17:46 am)작업중 정지 [d:70][t:01:15:34]
[I](2019-11-14  06:17:46 am)    [LNo:0001] 000195/000407
[I](2019-11-14  06:17:46 am)작업중 M코드정지 [d:70][t:01:15:34]
[I](2019-11-14  06:19:18 am)작업중 정지 [d:71][t:01:17:06]
[I](2019-11-14  06:19:18 am)    [LNo:0001] 000197/000407
[I](2019-11-14  06:19:18 am)작업중 M코드정지 [d:71][t:01:17:06]
[I](2019-11-14  06:25:10 am)작업중 정지 [d:75][t:01:22:58]
[I](2019-11-14  06:25:10 am)    [LNo:0001] 000223/000407
[I](2019-11-14  06:25:10 am)작업중 M코드정지 [d:75][t:01:22:58]
[I](2019-11-14  06:25:37 am)작업중 정지 [d:75][t:01:23:25]
[I](2019-11-14  06:25:37 am)    [LNo:0001] 000226/000407
[I](2019-11-14  06:25:37 am)작업중 M코드정지 [d:75][t:01:23:25]
[I](2019-11-14  06:33:28 am)작업중 정지 [d:81][t:01:31:16]
[I](2019-11-14  06:33:28 am)    [LNo:0001] 000270/000407
[I](2019-11-14  06:33:28 am)작업중 M코드정지 [d:81][t:01:31:16]
[I](2019-11-14  06:38:00 am)작업중 정지 [d:81][t:01:35:48]
[I](2019-11-14  06:38:00 am)    [LNo:0001] 000273/000407
[I](2019-11-14  06:38:00 am)작업중 M코드정지 [d:81][t:01:35:48]
[I](2019-11-14  07:11:14 am)작업중 정지 [d:112][t:02:09:02]
[I](2019-11-14  07:11:14 am)    [LNo:0001] 000329/000407
[A](2019-11-14  07:11:14 am)[008] 작업중 단선(AWF Feed Motor Stop )
[I](2019-11-14  07:11:14 am)작업중 Wire 단선 [d:112][t:02:09:02]
[I](2019-11-14  07:14:14 am)작업 재시작
[I](2019-11-14  07:35:15 am)작업중 정지 [d:134][t:02:33:03]
[I](2019-11-14  07:35:15 am)    [LNo:0001] 000386/000407
[A](2019-11-14  07:35:15 am)[008] 작업중 단선(AWF Feed Motor Stop )
[I](2019-11-14  07:35:15 am)작업중 Wire 단선 [d:134][t:02:33:03]
[I](2019-11-14  07:36:28 am)작업 재시작
[I](2019-11-14  07:50:09 am)작업중 정지 [d:147][t:02:47:57]
[I](2019-11-14  07:50:09 am)    [LNo:0001] 000394/000407
[I](2019-11-14  07:50:09 am)Wire Contact Auto Stop(M52)
[I](2019-11-14  07:50:53 am)작업 재시작
[I](2019-11-14  07:50:57 am)작업중 정지 [d:147][t:02:48:45]
[I](2019-11-14  07:50:57 am)    [LNo:0001] 000395/000407
[I](2019-11-14  07:50:57 am)작업중 M코드정지 [d:147][t:02:48:45]
[A](2019-11-14  07:51:57 am)[036] 자동결선 절단 공정 실패!!
[I](2019-11-14  07:52:48 am)Reset
[I](2019-11-14  07:52:49 am)Reset
[I](2019-11-14  07:58:23 am)Reset
[I](2019-11-14  07:58:44 am)Reset
[I](2019-11-14  07:58:46 am)Reset
[I](2019-11-14  07:58:47 am)작업 시작 [Start d:1369]
[I](2019-11-14  07:58:47 am)Nc File: [No.0002-505.NC]
[I](2019-11-14  07:58:47 am)  * Start Machine Position
[I](2019-11-14  07:58:47 am)    X:    530.7787
[I](2019-11-14  07:58:47 am)    Y:   -256.4926
[I](2019-11-14  07:58:47 am)    U:      0.0000
[I](2019-11-14  07:58:47 am)    V:      0.0000
[I](2019-11-14  07:58:47 am)    Z:     28.4843
[I](2019-11-14  07:58:47 am)  * Angle
[I](2019-11-14  07:58:47 am)    Ar:     -0.3944,Kr:      0.0000
[I](2019-11-14  07:58:47 am)    Taper_Ar:      0.0000
[I](2019-11-14  07:58:47 am)작업중 정지 [d:0][t:00:00:00]
[I](2019-11-14  07:58:47 am)    [LNo:0002] 000007/000309
[I](2019-11-14  08:08:23 am)작업중 정지 [d:10][t:00:09:35]
[I](2019-11-14  08:08:23 am)    [LNo:0002] 000024/000309
[I](2019-11-14  08:08:23 am)작업중 M코드정지 [d:10][t:00:09:35]
[I](2019-11-14  08:11:28 am)작업중 정지 [d:10][t:00:12:41]
[I](2019-11-14  08:11:28 am)    [LNo:0002] 000027/000309
[I](2019-11-14  08:11:28 am)작업중 M코드정지 [d:10][t:00:12:41]
[I](2019-11-14  08:44:04 am)작업중 정지 [d:38][t:00:45:17]
[I](2019-11-14  08:44:04 am)    [LNo:0002] 000073/000309
[I](2019-11-14  08:44:04 am)작업중 30sec 접촉 정지 [d:38][t:00:45:17]
[I](2019-11-14  08:44:27 am)작업 재시작
[I](2019-11-14  08:44:32 am)작업중 정지 [d:38][t:00:45:44]
[I](2019-11-14  08:44:32 am)    [LNo:0002] 000073/000309
[I](2019-11-14  08:44:32 am)작업중 30sec 접촉 정지 [d:38][t:00:45:44]
[A](2019-11-14  08:45:12 am)[037] 자동결선 잔여 WIRE 처리 실패!!
[I](2019-11-14  08:50:00 am)Reset
[I](2019-11-14  08:50:13 am)작업 시작 [Start d:1407]
[I](2019-11-14  08:50:13 am)Nc File: [No.0002-505.NC]
[I](2019-11-14  08:50:13 am)  * Start Machine Position
[I](2019-11-14  08:50:13 am)    X:    530.7787
[I](2019-11-14  08:50:13 am)    Y:   -256.4926
[I](2019-11-14  08:50:13 am)    U:      0.0000
[I](2019-11-14  08:50:13 am)    V:      0.0000
[I](2019-11-14  08:50:13 am)    Z:     28.4843
[I](2019-11-14  08:50:13 am)  * Angle
[I](2019-11-14  08:50:13 am)    Ar:     -0.3944,Kr:      0.0000
[I](2019-11-14  08:50:13 am)    Taper_Ar:      0.0000
[I](2019-11-14  08:50:14 am)작업중 정지 [d:0][t:00:00:01]
[I](2019-11-14  08:50:14 am)    [LNo:0002] 000007/000309
[I](2019-11-14  08:50:15 am)Reset
[I](2019-11-14  08:50:22 am)작업 시작 [Start d:1407]
[I](2019-11-14  08:50:22 am)Nc File: [No.0002-505.NC]
[I](2019-11-14  08:50:22 am)  * Start Machine Position
[I](2019-11-14  08:50:22 am)    X:    530.7787
[I](2019-11-14  08:50:22 am)    Y:   -256.4926
[I](2019-11-14  08:50:22 am)    U:      0.0000
[I](2019-11-14  08:50:22 am)    V:      0.0000
[I](2019-11-14  08:50:22 am)    Z:     28.4843
[I](2019-11-14  08:50:22 am)  * Angle
[I](2019-11-14  08:50:22 am)    Ar:     -0.3944,Kr:      0.0000
[I](2019-11-14  08:50:22 am)    Taper_Ar:      0.0000
[I](2019-11-14  08:50:46 am)작업중 정지 [d:0][t:00:00:23]
[I](2019-11-14  08:50:46 am)    [LNo:0002] 000054/000309
[I](2019-11-14  08:51:08 am)작업중 정지 [d:0][t:00:00:46]
[I](2019-11-14  08:51:08 am)    [LNo:0002] 000069/000309
[A](2019-11-14  08:51:09 am)[008] 작업중 단선(AWF Feed Motor Stop )
[I](2019-11-14  08:51:09 am)작업중 Wire 단선 [d:0][t:00:00:46]
[I](2019-11-14  08:51:47 am)Reset
[I](2019-11-14  08:51:53 am)작업 시작 [Start d:1407]
[I](2019-11-14  08:51:53 am)Nc File: [No.0002-505.NC]
[I](2019-11-14  08:51:53 am)  * Start Machine Position
[I](2019-11-14  08:51:53 am)    X:    530.7787
[I](2019-11-14  08:51:53 am)    Y:   -256.4926
[I](2019-11-14  08:51:53 am)    U:      0.0000
[I](2019-11-14  08:51:53 am)    V:      0.0000
[I](2019-11-14  08:51:53 am)    Z:     28.4843
[I](2019-11-14  08:51:53 am)  * Angle
[I](2019-11-14  08:51:53 am)    Ar:     -0.3944,Kr:      0.0000
[I](2019-11-14  08:51:53 am)    Taper_Ar:      0.0000
[I](2019-11-14  09:11:01 am)작업중 정지 [d:18][t:00:19:08]
[I](2019-11-14  09:11:01 am)    [LNo:0002] 000123/000309
[I](2019-11-14  09:11:01 am)작업중 M코드정지 [d:18][t:00:19:08]
[I](2019-11-14  09:11:26 am)작업중 정지 [d:19][t:00:19:32]
[I](2019-11-14  09:11:26 am)    [LNo:0002] 000124/000309
[I](2019-11-14  09:11:26 am)Wire Contact Auto Stop(M52)
[I](2019-11-14  09:12:01 am)작업 재시작
[I](2019-11-14  09:12:05 am)작업중 정지 [d:19][t:00:20:11]
[I](2019-11-14  09:12:05 am)    [LNo:0002] 000125/000309
[I](2019-11-14  09:12:05 am)작업중 M코드정지 [d:19][t:00:20:12]
[I](2019-11-14  09:14:03 am)작업중 정지 [d:19][t:00:22:10]
[I](2019-11-14  09:14:03 am)    [LNo:0002] 000146/000309
[I](2019-11-14  09:14:03 am)작업중 30sec 접촉 정지 [d:19][t:00:22:10]
[I](2019-11-14  09:16:02 am)작업 재시작
[I](2019-11-14  09:20:21 am)작업중 정지 [d:24][t:00:28:28]
[I](2019-11-14  09:20:21 am)    [LNo:0002] 000151/000309
[I](2019-11-14  09:20:21 am)작업중 M코드정지 [d:24][t:00:28:28]
[I](2019-11-14  09:20:57 am)작업중 정지 [d:24][t:00:29:04]
[I](2019-11-14  09:20:57 am)    [LNo:0002] 000154/000309
[I](2019-11-14  09:20:57 am)작업중 M코드정지 [d:24][t:00:29:04]
[I](2019-11-14  09:25:02 am)작업중 정지 [d:26][t:00:33:09]
[I](2019-11-14  09:25:02 am)    [LNo:0002] 000193/000309
[I](2019-11-14  09:25:03 am)작업중 30sec 접촉 정지 [d:26][t:00:33:09]
[I](2019-11-14  09:30:39 am)작업 재시작
[I](2019-11-14  09:34:51 am)작업중 정지 [d:30][t:00:42:58]
[I](2019-11-14  09:34:51 am)    [LNo:0002] 000198/000309
[I](2019-11-14  09:34:51 am)작업중 M코드정지 [d:30][t:00:42:58]
[I](2019-11-14  09:36:03 am)작업중 정지 [d:30][t:00:44:09]
[I](2019-11-14  09:36:03 am)    [LNo:0002] 000201/000309
[I](2019-11-14  09:36:03 am)작업중 M코드정지 [d:30][t:00:44:10]
[I](2019-11-14  10:33:01 am)작업중 정지 [d:85][t:01:41:08]
[I](2019-11-14  10:33:01 am)    [LNo:0002] 000296/000309
[I](2019-11-14  10:33:01 am)Wire Contact Auto Stop(M52)
[I](2019-11-14  10:33:33 am)작업 재시작
[I](2019-11-14  10:33:53 am)작업중 정지 [d:85][t:01:41:59]
[I](2019-11-14  10:33:53 am)    [LNo:0002] 000296/000309
[I](2019-11-14  10:33:53 am)작업중 30sec 접촉 정지 [d:85][t:01:42:00]
[I](2019-11-14  10:34:04 am)작업 재시작
[I](2019-11-14  10:39:27 am)작업중 정지 [d:91][t:01:47:34]
[I](2019-11-14  10:39:27 am)    [LNo:0002] 000297/000309
[I](2019-11-14  10:39:27 am)작업중 M코드정지 [d:91][t:01:47:34]
[I](2019-11-14  10:40:12 am)작업중 정지 [d:91][t:01:48:18]
[I](2019-11-14  10:40:12 am)    [LNo:0002] 000298/000309
[I](2019-11-14  10:40:12 am)Wire Contact Auto Stop(M52)
[I](2019-11-14  10:42:06 am)작업 재시작
[I](2019-11-14  10:42:11 am)작업중 정지 [d:91][t:01:50:18]
[I](2019-11-14  10:42:11 am)    [LNo:0002] 000298/000309
[I](2019-11-14  10:42:11 am)작업중 30sec 접촉 정지 [d:91][t:01:50:18]
[A](2019-11-14  10:42:34 am)[084] Work Tank Fluid Sensor Abnormal
[A](2019-11-14  10:42:35 am)[084] Work Tank Fluid Sensor Abnormal
[A](2019-11-14  10:42:35 am)[084] Work Tank Fluid Sensor Abnormal
[A](2019-11-14  10:42:36 am)[084] Work Tank Fluid Sensor Abnormal
[A](2019-11-14  10:42:36 am)[084] Work Tank Fluid Sensor Abnormal
[A](2019-11-14  10:42:36 am)[084] Work Tank Fluid Sensor Abnormal
[A](2019-11-14  10:42:37 am)[084] Work Tank Fluid Sensor Abnormal
[A](2019-11-14  10:42:37 am)[084] Work Tank Fluid Sensor Abnormal
[A](2019-11-14  10:42:37 am)[084] Work Tank Fluid Sensor Abnormal
[A](2019-11-14  10:42:38 am)[084] Work Tank Fluid Sensor Abnormal
[A](2019-11-14  10:42:38 am)[084] Work Tank Fluid Sensor Abnormal
[A](2019-11-14  10:42:39 am)[084] Work Tank Fluid Sensor Abnormal
[A](2019-11-14  10:42:39 am)[084] Work Tank Fluid Sensor Abnormal
[I](2019-11-14  10:49:11 am)Reset
[I](2019-11-14  10:50:07 am)Reset
[I](2019-11-14  10:50:07 am)Reset
[I](2019-11-14  11:15:03 am)Reset
[I](2019-11-14  11:24:11 am)Reset
[I](2019-11-14  11:31:41 am)Reset
[A](2019-11-14  11:32:58 am)[041] AWF 명령끝날때까지 센서감지(타임아웃) 안됨
[I](2019-11-14  11:35:05 am)Reset
[I](2019-11-14  11:36:05 am)작업 시작 [Start d:1498]
[I](2019-11-14  11:36:05 am)Nc File: [No.0001-527.NC]
[I](2019-11-14  11:36:05 am)  * Start Machine Position
[I](2019-11-14  11:36:05 am)    X:    225.0892
[I](2019-11-14  11:36:05 am)    Y:   -340.4782
[I](2019-11-14  11:36:05 am)    U:      0.0000
[I](2019-11-14  11:36:05 am)    V:      0.0000
[I](2019-11-14  11:36:05 am)    Z:     28.4633
[I](2019-11-14  11:36:05 am)  * Angle
[I](2019-11-14  11:36:05 am)    Ar:      0.0689,Kr:      0.0000
[I](2019-11-14  11:36:05 am)    Taper_Ar:      0.0000
[I](2019-11-14  11:40:46 am)작업중 정지 [d:5][t:00:04:40]
[I](2019-11-14  11:40:46 am)    [LNo:0001] 000021/000240
[I](2019-11-14  11:40:46 am)작업중 M코드정지 [d:5][t:00:04:40]
[I](2019-11-14  11:44:54 am)작업중 정지 [d:5][t:00:08:48]
[I](2019-11-14  11:44:54 am)    [LNo:0001] 000024/000240
[I](2019-11-14  11:44:54 am)작업중 M코드정지 [d:5][t:00:08:48]
[I](2019-11-14  12:10:06 pm)작업중 정지 [d:28][t:00:34:00]
[I](2019-11-14  12:10:06 pm)    [LNo:0001] 000112/000240
[I](2019-11-14  12:10:06 pm)작업중 M코드정지 [d:28][t:00:34:00]
[I](2019-11-14  12:32:30 pm)작업중 정지 [d:28][t:00:56:24]
[I](2019-11-14  12:32:30 pm)    [LNo:0001] 000113/000240
[I](2019-11-14  12:32:30 pm)Wire Contact Auto Stop(M52)
[I](2019-11-14  12:33:34 pm)작업 재시작
[I](2019-11-14  12:33:37 pm)작업중 정지 [d:28][t:00:57:31]
[I](2019-11-14  12:33:37 pm)    [LNo:0001] 000114/000240
[I](2019-11-14  12:33:37 pm)작업중 M코드정지 [d:28][t:00:57:31]
[I](2019-11-14  12:39:16 pm)작업중 정지 [d:33][t:01:03:10]
[I](2019-11-14  12:39:16 pm)    [LNo:0001] 000137/000240
[I](2019-11-14  12:39:16 pm)작업중 M코드정지 [d:33][t:01:03:10]
[I](2019-11-14  12:39:45 pm)작업중 정지 [d:33][t:01:03:39]
[I](2019-11-14  12:39:45 pm)    [LNo:0001] 000140/000240
[I](2019-11-14  12:39:45 pm)작업중 M코드정지 [d:33][t:01:03:39]
[I](2019-11-14  01:05:12 pm)작업중 정지 [d:56][t:01:29:07]
[I](2019-11-14  01:05:12 pm)    [LNo:0001] 000228/000240
[I](2019-11-14  01:05:13 pm)작업중 M코드정지 [d:56][t:01:29:07]
[I](2019-11-14  01:05:42 pm)작업중 정지 [d:56][t:01:29:36]
[I](2019-11-14  01:05:42 pm)    [LNo:0001] 000229/000240
[I](2019-11-14  01:05:42 pm)Wire Contact Auto Stop(M52)
[I](2019-11-14  01:07:34 pm)Reset
[I](2019-11-14  01:11:06 pm)Reset
[A](2019-11-14  01:12:12 pm)[041] AWF 명령끝날때까지 센서감지(타임아웃) 안됨
[I](2019-11-14  01:13:54 pm)Reset
[I](2019-11-14  01:14:58 pm)작업 시작 [Start d:1554]
[I](2019-11-14  01:14:58 pm)Nc File: [No.0002-535.NC]
[I](2019-11-14  01:14:58 pm)  * Start Machine Position
[I](2019-11-14  01:14:58 pm)    X:    198.3982
[I](2019-11-14  01:14:58 pm)    Y:   -352.4329
[I](2019-11-14  01:14:58 pm)    U:      0.0000
[I](2019-11-14  01:14:58 pm)    V:      0.0000
[I](2019-11-14  01:14:58 pm)    Z:     30.5383
[I](2019-11-14  01:14:58 pm)  * Angle
[I](2019-11-14  01:14:58 pm)    Ar:      0.0917,Kr:      0.0000
[I](2019-11-14  01:14:58 pm)    Taper_Ar:      0.0000
[I](2019-11-14  01:39:13 pm)작업중 정지 [d:24][t:00:24:14]
[I](2019-11-14  01:39:13 pm)    [LNo:0002] 000020/000073
[I](2019-11-14  01:39:13 pm)작업중 M코드정지 [d:24][t:00:24:14]
[I](2019-11-14  01:39:30 pm)작업중 정지 [d:24][t:00:24:31]
[I](2019-11-14  01:39:30 pm)    [LNo:0002] 000021/000073
[I](2019-11-14  01:39:53 pm)작업 재시작
[I](2019-11-14  01:40:03 pm)작업중 정지 [d:24][t:00:25:05]
[I](2019-11-14  01:40:03 pm)    [LNo:0002] 000023/000073
[I](2019-11-14  01:40:03 pm)작업중 M코드정지 [d:24][t:00:25:05]
[I](2019-11-14  01:47:46 pm)작업중 정지 [d:30][t:00:32:48]
[I](2019-11-14  01:47:46 pm)    [LNo:0002] 000056/000073
[I](2019-11-14  01:47:46 pm)작업중 30sec 접촉 정지 [d:30][t:00:32:48]
[I](2019-11-14  01:48:12 pm)작업 재시작
[I](2019-11-14  02:25:14 pm)작업중 정지 [d:68][t:01:10:15]
[I](2019-11-14  02:25:14 pm)    [LNo:0002] 000061/000073
[I](2019-11-14  02:25:14 pm)작업중 M코드정지 [d:68][t:01:10:15]
[I](2019-11-14  02:26:38 pm)작업중 정지 [d:68][t:01:11:39]
[I](2019-11-14  02:26:38 pm)    [LNo:0002] 000063/000073
[I](2019-11-14  02:26:38 pm)작업중 M코드정지 [d:68][t:01:11:40]
[I](2019-11-14  02:31:50 pm)Reset
[I](2019-11-14  02:31:55 pm)Reset
[I](2019-11-14  02:31:59 pm)Reset
[I](2019-11-14  02:32:00 pm)Reset
[I](2019-11-14  02:32:00 pm)Reset
[I](2019-11-14  02:32:01 pm)Reset
[I](2019-11-14  02:38:14 pm)Reset
[I](2019-11-14  02:42:13 pm)Reset
[A](2019-11-14  02:43:09 pm)[091] Auto Door Sensor Abnormal
[A](2019-11-14  02:43:10 pm)[002] 가공액 미동작
[A](2019-11-14  02:43:11 pm)[091] Auto Door Sensor Abnormal
[A](2019-11-14  02:43:12 pm)[091] Auto Door Sensor Abnormal
[A](2019-11-14  02:43:12 pm)[002] 가공액 미동작
[A](2019-11-14  02:43:13 pm)[091] Auto Door Sensor Abnormal
[A](2019-11-14  02:43:14 pm)[091] Auto Door Sensor Abnormal
[A](2019-11-14  02:43:14 pm)[091] Auto Door Sensor Abnormal
[A](2019-11-14  02:43:15 pm)[091] Auto Door Sensor Abnormal
[I](2019-11-14  02:43:17 pm)Reset
[I](2019-11-14  02:43:34 pm)작업 시작 [Start d:1622]
[I](2019-11-14  02:43:34 pm)Nc File: [No.0005-533.NC]
[I](2019-11-14  02:43:34 pm)  * Start Machine Position
[I](2019-11-14  02:43:34 pm)    X:     41.1532
[I](2019-11-14  02:43:34 pm)    Y:   -378.2851
[I](2019-11-14  02:43:34 pm)    U:      0.0000
[I](2019-11-14  02:43:34 pm)    V:      0.0000
[I](2019-11-14  02:43:34 pm)    Z:     34.1158
[I](2019-11-14  02:43:34 pm)  * Angle
[I](2019-11-14  02:43:34 pm)    Ar:      0.1473,Kr:      0.0000
[I](2019-11-14  02:43:34 pm)    Taper_Ar:      0.0000
[I](2019-11-14  02:52:30 pm)작업중 정지 [d:8][t:00:08:55]
[I](2019-11-14  02:52:30 pm)    [LNo:0005] 000088/000194
[I](2019-11-14  02:52:30 pm)작업중 M코드정지 [d:8][t:00:08:55]
[I](2019-11-14  02:55:46 pm)작업중 정지 [d:9][t:00:12:11]
[I](2019-11-14  02:55:46 pm)    [LNo:0005] 000089/000194
[A](2019-11-14  02:56:11 pm)[037] 자동결선 잔여 WIRE 처리 실패!!
[I](2019-11-14  02:57:30 pm)작업 재시작
[I](2019-11-14  02:57:41 pm)작업중 정지 [d:9][t:00:14:07]
[I](2019-11-14  02:57:41 pm)    [LNo:0005] 000091/000194
[I](2019-11-14  02:57:41 pm)작업중 M코드정지 [d:9][t:00:14:07]
[I](2019-11-14  02:57:52 pm)작업중 정지 [d:9][t:00:14:17]
[I](2019-11-14  02:57:52 pm)    [LNo:0005] 000094/000194
[A](2019-11-14  02:57:52 pm)[010] 자동결선 Error(M21-절단실패)
[I](2019-11-14  03:09:09 pm)작업중 정지 [d:17][t:00:25:35]
[I](2019-11-14  03:09:09 pm)    [LNo:0005] 000181/000194
[I](2019-11-14  03:09:10 pm)작업중 M코드정지 [d:17][t:00:25:35]
[I](2019-11-14  03:10:04 pm)작업중 정지 [d:17][t:00:26:29]
[I](2019-11-14  03:10:04 pm)    [LNo:0005] 000183/000194
[I](2019-11-14  03:10:04 pm)Wire Contact Auto Stop(M52)
[A](2019-11-14  03:10:35 pm)[037] 자동결선 잔여 WIRE 처리 실패!!
[I](2019-11-14  03:11:12 pm)Reset
[I](2019-11-14  03:14:28 pm)Reset
[I](2019-11-14  03:21:47 pm)Reset
[I](2019-11-14  03:24:46 pm)Reset
[I](2019-11-14  03:25:59 pm)작업 시작 [Start d:1639]
[I](2019-11-14  03:25:59 pm)Nc File: [No.0003-526.NC]
[I](2019-11-14  03:25:59 pm)  * Start Machine Position
[I](2019-11-14  03:25:59 pm)    X:     34.8221
[I](2019-11-14  03:25:59 pm)    Y:   -366.2645
[I](2019-11-14  03:25:59 pm)    U:      0.0000
[I](2019-11-14  03:25:59 pm)    V:      0.0000
[I](2019-11-14  03:25:59 pm)    Z:     17.5098
[I](2019-11-14  03:25:59 pm)  * Angle
[I](2019-11-14  03:25:59 pm)    Ar:     -0.0118,Kr:      0.0000
[I](2019-11-14  03:25:59 pm)    Taper_Ar:      0.0000
[I](2019-11-14  03:26:28 pm)작업중 정지 [d:0][t:00:00:28]
[I](2019-11-14  03:26:28 pm)    [LNo:0003] 000481/000497
[I](2019-11-14  03:26:52 pm)Reset
[I](2019-11-14  03:26:53 pm)Reset
[A](2019-11-14  03:27:51 pm)[001] 와이어 미동작
[I](2019-11-14  03:28:12 pm)Reset
[A](2019-11-14  03:28:20 pm)[001] 와이어 미동작
[A](2019-11-14  03:28:20 pm)[001] 와이어 미동작
[I](2019-11-14  03:29:12 pm)Reset
[I](2019-11-14  03:29:17 pm)작업 시작 [Start d:0]
[I](2019-11-14  03:29:17 pm)Nc File: [No.0003-526.NC *]
[I](2019-11-14  03:29:17 pm)  * Start Machine Position
[I](2019-11-14  03:29:17 pm)    X:     34.8221
[I](2019-11-14  03:29:17 pm)    Y:   -366.2645
[I](2019-11-14  03:29:17 pm)    U:      0.0000
[I](2019-11-14  03:29:17 pm)    V:      0.0000
[I](2019-11-14  03:29:17 pm)    Z:     17.5098
[I](2019-11-14  03:29:17 pm)  * Angle
[I](2019-11-14  03:29:17 pm)    Ar:     -0.0118,Kr:      0.0000
[I](2019-11-14  03:29:17 pm)    Taper_Ar:      0.0000
[I](2019-11-14  03:58:25 pm)작업중 정지 [d:29][t:00:29:08]
[I](2019-11-14  03:58:25 pm)    [LNo:0003] 000137/000496
[I](2019-11-14  03:58:25 pm)작업중 M코드정지 [d:29][t:00:29:08]
[I](2019-11-14  03:58:47 pm)작업중 정지 [d:29][t:00:29:29]
[I](2019-11-14  03:58:47 pm)    [LNo:0003] 000138/000496
[I](2019-11-14  03:59:30 pm)작업 재시작
[I](2019-11-14  03:59:38 pm)작업중 정지 [d:29][t:00:30:20]
[I](2019-11-14  03:59:38 pm)    [LNo:0003] 000140/000496
[I](2019-11-14  03:59:38 pm)작업중 M코드정지 [d:29][t:00:30:20]
[I](2019-11-14  04:14:34 pm)작업중 정지 [d:43][t:00:45:16]
[I](2019-11-14  04:14:34 pm)    [LNo:0003] 000297/000496
[I](2019-11-14  04:14:34 pm)작업중 M코드정지 [d:43][t:00:45:16]
[I](2019-11-14  04:16:11 pm)작업중 정지 [d:43][t:00:46:54]
[I](2019-11-14  04:16:11 pm)    [LNo:0003] 000298/000496
[I](2019-11-14  04:16:38 pm)작업 재시작
[I](2019-11-14  04:16:44 pm)작업중 정지 [d:43][t:00:47:27]
[I](2019-11-14  04:16:44 pm)    [LNo:0003] 000300/000496
[I](2019-11-14  04:16:45 pm)작업중 M코드정지 [d:43][t:00:47:27]
[I](2019-11-14  04:18:04 pm)작업중 정지 [d:44][t:00:48:46]
[I](2019-11-14  04:18:04 pm)    [LNo:0003] 000320/000496
[I](2019-11-14  04:19:40 pm)작업중 정지 [d:44][t:00:50:23]
[I](2019-11-14  04:19:40 pm)    [LNo:0003] 000326/000496
[I](2019-11-14  04:23:23 pm)작업중 정지 [d:46][t:00:54:06]
[I](2019-11-14  04:23:23 pm)    [LNo:0003] 000339/000496
[I](2019-11-14  04:23:23 pm)작업중 M코드정지 [d:46][t:00:54:06]
[I](2019-11-14  04:23:35 pm)작업중 정지 [d:46][t:00:54:18]
[I](2019-11-14  04:23:35 pm)    [LNo:0003] 000340/000496
[I](2019-11-14  04:24:14 pm)작업 재시작
[I](2019-11-14  04:24:20 pm)작업중 정지 [d:46][t:00:55:02]
[I](2019-11-14  04:24:20 pm)    [LNo:0003] 000342/000496
[I](2019-11-14  04:24:20 pm)작업중 M코드정지 [d:46][t:00:55:02]
[I](2019-11-14  04:27:48 pm)작업중 정지 [d:48][t:00:58:30]
[I](2019-11-14  04:27:48 pm)    [LNo:0003] 000381/000496
[I](2019-11-14  04:27:48 pm)작업중 M코드정지 [d:48][t:00:58:30]
[A](2019-11-14  04:27:56 pm)[001] 와이어 미동작
[I](2019-11-14  04:28:02 pm)작업중 정지 [d:48][t:00:58:45]
[I](2019-11-14  04:28:02 pm)    [LNo:0003] 000382/000496
[I](2019-11-14  04:28:34 pm)작업 재시작
[I](2019-11-14  04:28:38 pm)작업중 정지 [d:48][t:00:59:20]
[I](2019-11-14  04:28:38 pm)    [LNo:0003] 000384/000496
[I](2019-11-14  04:28:38 pm)작업중 M코드정지 [d:48][t:00:59:20]
[I](2019-11-14  04:32:05 pm)작업중 정지 [d:50][t:01:02:47]
[I](2019-11-14  04:32:05 pm)    [LNo:0003] 000424/000496
[I](2019-11-14  04:32:33 pm)작업 재시작
[I](2019-11-14  04:32:39 pm)작업중 정지 [d:50][t:01:03:22]
[I](2019-11-14  04:32:39 pm)    [LNo:0003] 000426/000496
[I](2019-11-14  04:32:39 pm)작업중 M코드정지 [d:50][t:01:03:22]
[I](2019-11-14  04:57:17 pm)작업중 정지 [d:74][t:01:27:59]
[I](2019-11-14  04:57:17 pm)    [LNo:0003] 000485/000496
[I](2019-11-14  04:57:17 pm)작업중 M코드정지 [d:74][t:01:27:59]
[I](2019-11-14  04:58:03 pm)작업중 정지 [d:74][t:01:28:46]
[I](2019-11-14  04:58:03 pm)    [LNo:0003] 000486/000496
[I](2019-11-14  04:58:04 pm)작업중 30sec 접촉 정지 [d:74][t:01:28:46]
[A](2019-11-14  04:58:44 pm)[084] Work Tank Fluid Sensor Abnormal
[A](2019-11-14  04:58:51 pm)[084] Work Tank Fluid Sensor Abnormal
[A](2019-11-14  04:58:52 pm)[084] Work Tank Fluid Sensor Abnormal
[A](2019-11-14  04:58:52 pm)[084] Work Tank Fluid Sensor Abnormal
[A](2019-11-14  04:58:52 pm)[084] Work Tank Fluid Sensor Abnormal
[A](2019-11-14  04:58:52 pm)[084] Work Tank Fluid Sensor Abnormal
[A](2019-11-14  04:58:52 pm)[084] Work Tank Fluid Sensor Abnormal
[A](2019-11-14  04:58:53 pm)[084] Work Tank Fluid Sensor Abnormal
[A](2019-11-14  04:58:53 pm)[084] Work Tank Fluid Sensor Abnormal
[A](2019-11-14  04:58:53 pm)[084] Work Tank Fluid Sensor Abnormal
[A](2019-11-14  04:58:53 pm)[084] Work Tank Fluid Sensor Abnormal
[A](2019-11-14  04:58:53 pm)[084] Work Tank Fluid Sensor Abnormal
[A](2019-11-14  04:58:53 pm)[084] Work Tank Fluid Sensor Abnormal
[A](2019-11-14  04:58:54 pm)[084] Work Tank Fluid Sensor Abnormal
[A](2019-11-14  04:59:22 pm)[037] 자동결선 잔여 WIRE 처리 실패!!
[I](2019-11-14  05:02:25 pm)Reset
[I](2019-11-14  05:16:00 pm)Reset
[I](2019-11-14  05:17:12 pm)Reset
[I](2019-11-14  05:18:23 pm)Reset
[I](2019-11-14  05:18:27 pm)Reset
[A](2019-11-14  05:18:50 pm)[037] 자동결선 잔여 WIRE 처리 실패!!
[A](2019-11-14  05:20:10 pm)[037] 자동결선 잔여 WIRE 처리 실패!!
[I](2019-11-14  05:22:36 pm)Reset
[A](2019-11-14  05:23:16 pm)[002] 가공액 미동작
[I](2019-11-14  05:26:02 pm)Reset
[I](2019-11-14  05:27:07 pm)Reset
[I](2019-11-14  05:27:19 pm)작업 시작 [Start d:74]
[I](2019-11-14  05:27:19 pm)Nc File: [No.0006-476.NC]
[I](2019-11-14  05:27:19 pm)  * Start Machine Position
[I](2019-11-14  05:27:19 pm)    X:     45.6645
[I](2019-11-14  05:27:19 pm)    Y:   -350.9622
[I](2019-11-14  05:27:19 pm)    U:      0.0000
[I](2019-11-14  05:27:19 pm)    V:      0.0000
[I](2019-11-14  05:27:19 pm)    Z:     98.5893
[I](2019-11-14  05:27:19 pm)  * Angle
[I](2019-11-14  05:27:19 pm)    Ar:     -0.4566,Kr:      0.0000
[I](2019-11-14  05:27:19 pm)    Taper_Ar:      0.0000
[I](2019-11-14  05:27:45 pm)작업중 정지 [d:0][t:00:00:25]
[I](2019-11-14  05:27:45 pm)    [LNo:0006] 000049/000263
[A](2019-11-14  05:27:47 pm)[002] 가공액 미동작
[I](2019-11-14  05:29:09 pm)Reset
[I](2019-11-14  05:29:52 pm)Reset
[I](2019-11-14  05:29:52 pm)Reset
[I](2019-11-14  05:29:57 pm)작업 시작 [Start d:74]
[I](2019-11-14  05:29:57 pm)Nc File: [No.0006-476.NC]
[I](2019-11-14  05:29:57 pm)  * Start Machine Position
[I](2019-11-14  05:29:57 pm)    X:     45.6645
[I](2019-11-14  05:29:57 pm)    Y:   -350.9622
[I](2019-11-14  05:29:57 pm)    U:      0.0000
[I](2019-11-14  05:29:57 pm)    V:      0.0000
[I](2019-11-14  05:29:57 pm)    Z:     98.5893
[I](2019-11-14  05:29:57 pm)  * Angle
[I](2019-11-14  05:29:57 pm)    Ar:     -0.4566,Kr:      0.0000
[I](2019-11-14  05:29:57 pm)    Taper_Ar:      0.0000
[I](2019-11-14  06:48:24 pm)작업중 정지 [d:5][t:01:18:26]
[I](2019-11-14  06:48:24 pm)    [LNo:0006] 000020/000263
[I](2019-11-14  06:48:24 pm)작업중 M코드정지 [d:5][t:01:18:26]
