[I](2019-12-26  01:20:19 am)작업중 정지 [d:350][t:07:00:58]
[I](2019-12-26  01:20:19 am)    [LNo:0005] 000809/000822
[I](2019-12-26  01:20:19 am)Wire Contact Auto Stop(M52)
[I](2019-12-26  01:24:57 am)작업중 정지 [d:350][t:07:05:36]
[I](2019-12-26  01:24:57 am)    [LNo:0005] 000428/000822
[I](2019-12-26  01:31:23 am)작업중 정지 [d:354][t:07:12:02]
[I](2019-12-26  01:31:23 am)    [LNo:0005] 000443/000822
[I](2019-12-26  01:31:23 am)작업중 30sec 접촉 정지 [d:354][t:07:12:02]
[I](2019-12-26  01:35:20 am)작업 재시작
[I](2019-12-26  01:56:16 am)작업중 정지 [d:375][t:07:36:56]
[I](2019-12-26  01:56:16 am)    [LNo:0005] 000525/000822
[I](2019-12-26  01:56:16 am)작업중 M코드정지 [d:375][t:07:36:56]
[I](2019-12-26  02:02:43 am)작업중 정지 [d:375][t:07:43:22]
[I](2019-12-26  02:02:43 am)    [LNo:0005] 000501/000822
[I](2019-12-26  02:04:55 am)작업중 정지 [d:376][t:07:45:35]
[I](2019-12-26  02:04:55 am)    [LNo:0005] 000525/000822
[I](2019-12-26  02:04:55 am)작업중 M코드정지 [d:376][t:07:45:35]
[I](2019-12-26  02:06:37 am)작업중 정지 [d:376][t:07:47:16]
[I](2019-12-26  02:06:37 am)    [LNo:0005] 000503/000822
[I](2019-12-26  02:07:36 am)작업중 정지 [d:377][t:07:48:15]
[I](2019-12-26  02:07:36 am)    [LNo:0005] 000525/000822
[I](2019-12-26  02:07:36 am)작업중 M코드정지 [d:377][t:07:48:15]
[I](2019-12-26  02:09:23 am)작업중 정지 [d:377][t:07:50:02]
[I](2019-12-26  02:09:23 am)    [LNo:0005] 000539/000822
[I](2019-12-26  02:09:23 am)작업중 30sec 접촉 정지 [d:377][t:07:50:02]
[I](2019-12-26  02:10:25 am)작업 재시작
[I](2019-12-26  03:19:43 am)작업중 정지 [d:447][t:09:00:22]
[I](2019-12-26  03:19:43 am)    [LNo:0005] 000599/000822
[I](2019-12-26  03:19:43 am)Wire Contact Auto Stop(M52)
[I](2019-12-26  03:25:57 am)Reset
[I](2019-12-26  03:25:57 am)Reset
[I](2019-12-26  03:26:04 am)Reset
[I](2019-12-26  03:36:25 am)Reset
[I](2019-12-26  03:36:55 am)Reset
[I](2019-12-26  03:41:11 am)Reset
[I](2019-12-26  03:43:35 am)Reset
[I](2019-12-26  03:44:21 am)Reset
[I](2019-12-26  03:44:25 am)Reset
[I](2019-12-26  03:44:26 am)Reset
[I](2019-12-26  03:44:26 am)Reset
[I](2019-12-26  03:50:49 am)작업 시작 [Start d:449]
[I](2019-12-26  03:50:49 am)Nc File: [No.0002-370.NC]
[I](2019-12-26  03:50:49 am)  * Start Machine Position
[I](2019-12-26  03:50:49 am)    X:    131.5347
[I](2019-12-26  03:50:49 am)    Y:   -303.4275
[I](2019-12-26  03:50:49 am)    U:      0.0000
[I](2019-12-26  03:50:49 am)    V:      0.0000
[I](2019-12-26  03:50:49 am)    Z:     34.9981
[I](2019-12-26  03:50:49 am)  * Angle
[I](2019-12-26  03:50:49 am)    Ar:     -0.3443,Kr:      0.0000
[I](2019-12-26  03:50:49 am)    Taper_Ar:      0.0000
[I](2019-12-26  03:50:57 am)작업중 정지 [d:0][t:00:00:07]
[I](2019-12-26  03:50:57 am)    [LNo:0002] 000010/001114
[I](2019-12-26  03:50:57 am)작업중 M코드정지 [d:0][t:00:00:07]
[I](2019-12-26  03:58:39 am)작업중 정지 [d:2][t:00:07:50]
[I](2019-12-26  03:58:39 am)    [LNo:0002] 000025/001114
[I](2019-12-26  03:58:39 am)작업중 30sec 접촉 정지 [d:2][t:00:07:50]
[I](2019-12-26  04:04:57 am)작업 재시작
[I](2019-12-26  04:28:09 am)작업중 정지 [d:25][t:00:37:19]
[I](2019-12-26  04:28:09 am)    [LNo:0002] 000114/001114
[I](2019-12-26  04:28:09 am)작업중 M코드정지 [d:25][t:00:37:19]
[I](2019-12-26  04:37:24 am)작업중 정지 [d:25][t:00:46:34]
[I](2019-12-26  04:37:24 am)    [LNo:0002] 000129/001114
[I](2019-12-26  04:37:24 am)작업중 30sec 접촉 정지 [d:25][t:00:46:34]
[I](2019-12-26  04:38:30 am)작업 재시작
[I](2019-12-26  04:45:50 am)작업중 정지 [d:32][t:00:55:00]
[I](2019-12-26  04:45:50 am)    [LNo:0002] 000148/001114
[I](2019-12-26  04:45:50 am)작업중 M코드정지 [d:32][t:00:55:00]
[I](2019-12-26  04:46:53 am)작업중 정지 [d:32][t:00:56:03]
[I](2019-12-26  04:46:53 am)    [LNo:0002] 000149/001114
[I](2019-12-26  04:47:20 am)작업 재시작
[I](2019-12-26  04:47:28 am)작업중 정지 [d:32][t:00:56:39]
[I](2019-12-26  04:47:28 am)    [LNo:0002] 000151/001114
[I](2019-12-26  04:47:28 am)작업중 M코드정지 [d:32][t:00:56:39]
[I](2019-12-26  04:50:29 am)작업중 정지 [d:34][t:00:59:39]
[I](2019-12-26  04:50:29 am)    [LNo:0002] 000199/001114
[I](2019-12-26  04:50:29 am)작업중 30sec 접촉 정지 [d:34][t:00:59:39]
[I](2019-12-26  04:51:45 am)작업 재시작
[I](2019-12-26  06:03:02 am)작업중 정지 [d:105][t:02:12:12]
[I](2019-12-26  06:03:02 am)    [LNo:0002] 000259/001114
[I](2019-12-26  06:03:02 am)Wire Contact Auto Stop(M52)
[I](2019-12-26  06:07:04 am)작업 재시작
[I](2019-12-26  06:07:06 am)작업중 정지 [d:105][t:02:16:16]
[I](2019-12-26  06:07:06 am)    [LNo:0002] 000260/001114
[I](2019-12-26  06:07:06 am)작업중 M코드정지 [d:105][t:02:16:16]
[I](2019-12-26  06:07:13 am)작업중 정지 [d:105][t:02:16:23]
[I](2019-12-26  06:07:13 am)    [LNo:0002] 000261/001114
[I](2019-12-26  06:07:13 am)Wire Contact Auto Stop(M52)
[I](2019-12-26  06:07:20 am)작업 재시작
[I](2019-12-26  06:07:28 am)작업중 정지 [d:105][t:02:16:38]
[I](2019-12-26  06:07:28 am)    [LNo:0002] 000262/001114
[I](2019-12-26  06:07:28 am)작업중 M코드정지 [d:105][t:02:16:38]
[I](2019-12-26  06:08:53 am)작업중 정지 [d:105][t:02:18:03]
[I](2019-12-26  06:08:53 am)    [LNo:0002] 000278/001114
[I](2019-12-26  06:08:53 am)작업중 30sec 접촉 정지 [d:105][t:02:18:04]
[I](2019-12-26  06:09:27 am)작업 재시작
[I](2019-12-26  06:13:23 am)작업중 정지 [d:109][t:02:22:33]
[I](2019-12-26  06:13:23 am)    [LNo:0002] 000286/001114
[I](2019-12-26  06:13:23 am)작업중 30sec 접촉 정지 [d:109][t:02:22:33]
[I](2019-12-26  06:15:34 am)작업 재시작
[I](2019-12-26  06:37:44 am)작업중 정지 [d:131][t:02:46:54]
[I](2019-12-26  06:37:44 am)    [LNo:0002] 000372/001114
[I](2019-12-26  06:37:44 am)작업중 M코드정지 [d:131][t:02:46:54]
[I](2019-12-26  06:40:27 am)작업중 정지 [d:131][t:02:49:37]
[I](2019-12-26  06:40:27 am)    [LNo:0002] 000387/001114
[I](2019-12-26  06:40:49 am)작업 재시작
[I](2019-12-26  06:48:10 am)작업중 정지 [d:138][t:02:57:20]
[I](2019-12-26  06:48:10 am)    [LNo:0002] 000402/001114
[I](2019-12-26  06:48:10 am)작업중 M코드정지 [d:138][t:02:57:20]
[I](2019-12-26  06:48:31 am)작업중 정지 [d:138][t:02:57:42]
[I](2019-12-26  06:48:31 am)    [LNo:0002] 000403/001114
[I](2019-12-26  06:49:06 am)작업 재시작
[I](2019-12-26  06:49:18 am)작업중 정지 [d:139][t:02:58:28]
[I](2019-12-26  06:49:18 am)    [LNo:0002] 000405/001114
[I](2019-12-26  06:49:18 am)작업중 M코드정지 [d:139][t:02:58:28]
[I](2019-12-26  06:52:08 am)작업중 정지 [d:140][t:03:01:19]
[I](2019-12-26  06:52:08 am)    [LNo:0002] 000449/001114
[I](2019-12-26  06:52:08 am)작업중 30sec 접촉 정지 [d:140][t:03:01:19]
[I](2019-12-26  06:53:55 am)작업 재시작
[I](2019-12-26  08:13:02 am)작업중 정지 [d:219][t:04:22:12]
[I](2019-12-26  08:13:02 am)    [LNo:0002] 000509/001114
[A](2019-12-26  08:13:02 am)[008] 작업중 단선(AWF Feed Motor Stop )
[I](2019-12-26  08:13:02 am)작업중 Wire 단선 [d:219][t:04:22:13]
[I](2019-12-26  08:15:46 am)작업 재시작
[I](2019-12-26  08:15:47 am)작업중 정지 [d:219][t:04:24:57]
[I](2019-12-26  08:15:47 am)    [LNo:0002] 000510/001114
[I](2019-12-26  08:15:47 am)작업중 M코드정지 [d:219][t:04:24:58]
[I](2019-12-26  08:16:07 am)작업중 정지 [d:219][t:04:25:17]
[I](2019-12-26  08:16:07 am)    [LNo:0002] 000512/001114
[I](2019-12-26  08:16:07 am)작업중 M코드정지 [d:219][t:04:25:17]
[I](2019-12-26  08:17:39 am)작업중 정지 [d:219][t:04:26:49]
[I](2019-12-26  08:17:39 am)    [LNo:0002] 000528/001114
[I](2019-12-26  08:17:39 am)작업중 30sec 접촉 정지 [d:219][t:04:26:49]
[I](2019-12-26  08:20:24 am)작업 재시작
[I](2019-12-26  08:24:12 am)작업중 정지 [d:224][t:04:33:22]
[I](2019-12-26  08:24:12 am)    [LNo:0002] 000538/001114
[I](2019-12-26  08:24:12 am)작업중 30sec 접촉 정지 [d:224][t:04:33:22]
[I](2019-12-26  08:27:22 am)작업 재시작
[I](2019-12-26  08:48:19 am)작업중 정지 [d:244][t:04:57:29]
[I](2019-12-26  08:48:19 am)    [LNo:0002] 000629/001114
[I](2019-12-26  08:49:16 am)작업중 정지 [d:244][t:04:58:26]
[I](2019-12-26  08:49:16 am)    [LNo:0002] 000632/001114
[I](2019-12-26  08:49:48 am)작업중 정지 [d:244][t:04:58:58]
[I](2019-12-26  08:49:48 am)    [LNo:0002] 000576/001114
[I](2019-12-26  08:52:19 am)작업중 정지 [d:246][t:05:01:29]
[I](2019-12-26  08:52:19 am)    [LNo:0002] 000623/001114
[I](2019-12-26  08:54:25 am)작업중 정지 [d:246][t:05:03:35]
[I](2019-12-26  08:54:25 am)    [LNo:0002] 000637/001114
[I](2019-12-26  08:54:25 am)작업중 30sec 접촉 정지 [d:246][t:05:03:35]
[I](2019-12-26  08:55:13 am)작업 재시작
[I](2019-12-26  09:01:53 am)작업중 정지 [d:252][t:05:11:03]
[I](2019-12-26  09:01:53 am)    [LNo:0002] 000656/001114
[I](2019-12-26  09:01:53 am)작업중 M코드정지 [d:252][t:05:11:03]
[I](2019-12-26  09:02:29 am)작업중 정지 [d:252][t:05:11:39]
[I](2019-12-26  09:02:29 am)    [LNo:0002] 000657/001114
[I](2019-12-26  09:02:47 am)작업 재시작
[I](2019-12-26  09:02:56 am)작업중 정지 [d:252][t:05:12:06]
[I](2019-12-26  09:02:56 am)    [LNo:0002] 000659/001114
[I](2019-12-26  09:02:56 am)작업중 M코드정지 [d:252][t:05:12:06]
[I](2019-12-26  09:05:21 am)작업중 정지 [d:255][t:05:14:31]
[I](2019-12-26  09:05:21 am)    [LNo:0002] 000688/001114
[I](2019-12-26  09:05:21 am)작업중 30sec 접촉 정지 [d:255][t:05:14:31]
[I](2019-12-26  09:05:25 am)작업 재시작
[I](2019-12-26  09:05:30 am)작업중 정지 [d:255][t:05:14:40]
[I](2019-12-26  09:05:30 am)    [LNo:0002] 000688/001114
[I](2019-12-26  09:05:30 am)작업중 30sec 접촉 정지 [d:255][t:05:14:40]
[I](2019-12-26  09:05:34 am)작업 재시작
[I](2019-12-26  09:05:39 am)작업중 정지 [d:255][t:05:14:49]
[I](2019-12-26  09:05:39 am)    [LNo:0002] 000688/001114
[I](2019-12-26  09:05:39 am)작업중 30sec 접촉 정지 [d:255][t:05:14:49]
[I](2019-12-26  09:05:44 am)작업 재시작
[I](2019-12-26  09:05:49 am)작업중 정지 [d:255][t:05:15:00]
[I](2019-12-26  09:05:49 am)    [LNo:0002] 000688/001114
[I](2019-12-26  09:05:49 am)작업중 30sec 접촉 정지 [d:255][t:05:15:00]
[I](2019-12-26  09:06:14 am)작업 재시작
[I](2019-12-26  09:06:19 am)작업중 정지 [d:255][t:05:15:29]
[I](2019-12-26  09:06:19 am)    [LNo:0002] 000688/001114
[I](2019-12-26  09:06:19 am)작업중 30sec 접촉 정지 [d:255][t:05:15:29]
[I](2019-12-26  09:06:24 am)작업 재시작
[I](2019-12-26  09:06:29 am)작업중 정지 [d:255][t:05:15:39]
[I](2019-12-26  09:06:29 am)    [LNo:0002] 000688/001114
[I](2019-12-26  09:06:29 am)작업중 30sec 접촉 정지 [d:255][t:05:15:39]
[I](2019-12-26  09:06:47 am)작업 재시작
[I](2019-12-26  09:08:25 am)작업중 정지 [d:257][t:05:17:35]
[I](2019-12-26  09:08:25 am)    [LNo:0002] 000693/001114
[I](2019-12-26  09:08:46 am)Reset
[I](2019-12-26  09:08:47 am)Reset
[I](2019-12-26  09:09:05 am)작업 시작 [Start d:706]
[I](2019-12-26  09:09:05 am)Nc File: [No.0002-370.NC]
[I](2019-12-26  09:09:05 am)  * Start Machine Position
[I](2019-12-26  09:09:05 am)    X:    110.0614
[I](2019-12-26  09:09:05 am)    Y:   -373.4737
[I](2019-12-26  09:09:05 am)    U:      0.0000
[I](2019-12-26  09:09:05 am)    V:      0.0000
[I](2019-12-26  09:09:05 am)    Z:     34.9981
[I](2019-12-26  09:09:05 am)  * Angle
[I](2019-12-26  09:09:05 am)    Ar:     -0.3443,Kr:      0.0000
[I](2019-12-26  09:09:05 am)    Taper_Ar:      0.0000
[I](2019-12-26  09:11:43 am)작업중 정지 [d:1][t:00:02:37]
[I](2019-12-26  09:11:43 am)    [LNo:0002] 000707/001114
[I](2019-12-26  09:11:43 am)작업중 30sec 접촉 정지 [d:1][t:00:02:37]
[I](2019-12-26  09:12:06 am)작업 재시작
[I](2019-12-26  10:15:37 am)작업중 정지 [d:65][t:01:06:31]
[I](2019-12-26  10:15:37 am)    [LNo:0002] 000765/001114
[I](2019-12-26  10:15:37 am)Wire Contact Auto Stop(M52)
[I](2019-12-26  10:20:54 am)작업 재시작
[I](2019-12-26  10:20:59 am)작업중 정지 [d:65][t:01:11:53]
[I](2019-12-26  10:20:59 am)    [LNo:0002] 000765/001114
[I](2019-12-26  10:20:59 am)작업중 30sec 접촉 정지 [d:65][t:01:11:53]
[A](2019-12-26  10:21:46 am)[001] 와이어 미동작
[I](2019-12-26  10:21:48 am)작업 재시작
[I](2019-12-26  10:21:55 am)작업중 정지 [d:65][t:01:12:49]
[I](2019-12-26  10:21:55 am)    [LNo:0002] 000766/001114
[I](2019-12-26  10:21:55 am)작업중 M코드정지 [d:65][t:01:12:49]
[I](2019-12-26  10:22:49 am)작업중 정지 [d:65][t:01:13:43]
[I](2019-12-26  10:22:49 am)    [LNo:0002] 000767/001114
[I](2019-12-26  10:22:49 am)Wire Contact Auto Stop(M52)
[I](2019-12-26  10:22:55 am)작업 재시작
[I](2019-12-26  10:54:51 am)작업중 정지 [d:95][t:01:45:45]
[I](2019-12-26  10:54:51 am)    [LNo:0002] 000806/001114
[I](2019-12-26  10:54:51 am)작업중 M코드정지 [d:95][t:01:45:45]
[I](2019-12-26  10:55:49 am)작업중 정지 [d:95][t:01:46:44]
[I](2019-12-26  10:55:49 am)    [LNo:0002] 000808/001114
[I](2019-12-26  10:56:11 am)작업 재시작
[I](2019-12-26  10:56:29 am)작업중 정지 [d:96][t:01:47:23]
[I](2019-12-26  10:56:29 am)    [LNo:0002] 000810/001114
[I](2019-12-26  10:56:29 am)작업중 M코드정지 [d:96][t:01:47:23]
[I](2019-12-26  11:03:14 am)작업중 정지 [d:102][t:01:54:08]
[I](2019-12-26  11:03:14 am)    [LNo:0002] 000857/001114
[I](2019-12-26  11:03:14 am)작업중 30sec 접촉 정지 [d:102][t:01:54:08]
[I](2019-12-26  11:09:07 am)작업 재시작
[I](2019-12-26  12:16:10 pm)작업중 정지 [d:170][t:03:07:04]
[I](2019-12-26  12:16:10 pm)    [LNo:0002] 000933/001114
[I](2019-12-26  12:16:10 pm)Wire Contact Auto Stop(M52)
[I](2019-12-26  12:16:41 pm)작업 재시작
[I](2019-12-26  12:16:46 pm)작업중 정지 [d:170][t:03:07:40]
[I](2019-12-26  12:16:46 pm)    [LNo:0002] 000933/001114
[I](2019-12-26  12:16:46 pm)작업중 30sec 접촉 정지 [d:170][t:03:07:40]
[I](2019-12-26  12:19:00 pm)작업 재시작
[I](2019-12-26  12:19:03 pm)작업중 정지 [d:170][t:03:09:57]
[I](2019-12-26  12:19:03 pm)    [LNo:0002] 000933/001114
[I](2019-12-26  12:19:29 pm)작업 재시작
[I](2019-12-26  12:19:34 pm)작업중 정지 [d:170][t:03:10:28]
[I](2019-12-26  12:19:34 pm)    [LNo:0002] 000933/001114
[I](2019-12-26  12:19:34 pm)작업중 30sec 접촉 정지 [d:170][t:03:10:29]
[I](2019-12-26  12:19:36 pm)작업 재시작
[I](2019-12-26  12:19:51 pm)작업중 정지 [d:170][t:03:10:45]
[I](2019-12-26  12:19:51 pm)    [LNo:0002] 000934/001114
[I](2019-12-26  12:19:51 pm)작업중 M코드정지 [d:170][t:03:10:45]
[I](2019-12-26  12:19:52 pm)작업중 정지 [d:170][t:03:10:46]
[I](2019-12-26  12:19:52 pm)    [LNo:0002] 000936/001114
[I](2019-12-26  12:19:52 pm)작업중 M코드정지 [d:170][t:03:10:46]
[I](2019-12-26  12:21:11 pm)작업중 정지 [d:171][t:03:12:05]
[I](2019-12-26  12:21:11 pm)    [LNo:0002] 000953/001114
[I](2019-12-26  12:21:11 pm)작업중 30sec 접촉 정지 [d:171][t:03:12:05]
[I](2019-12-26  12:30:57 pm)작업 재시작
[I](2019-12-26  12:30:59 pm)작업중 정지 [d:171][t:03:21:53]
[I](2019-12-26  12:30:59 pm)    [LNo:0002] 000953/001114
[I](2019-12-26  12:31:12 pm)작업 재시작
[I](2019-12-26  12:59:35 pm)작업중 정지 [d:199][t:03:50:30]
[I](2019-12-26  12:59:35 pm)    [LNo:0002] 000974/001114
[I](2019-12-26  12:59:35 pm)작업중 M코드정지 [d:199][t:03:50:30]
[I](2019-12-26  01:01:27 pm)작업중 정지 [d:199][t:03:52:22]
[I](2019-12-26  01:01:27 pm)    [LNo:0002] 000976/001114
[I](2019-12-26  01:01:27 pm)작업중 30sec 접촉 정지 [d:199][t:03:52:22]
[I](2019-12-26  01:01:50 pm)작업 재시작
[I](2019-12-26  01:02:11 pm)작업중 정지 [d:200][t:03:53:05]
[I](2019-12-26  01:02:11 pm)    [LNo:0002] 000978/001114
[I](2019-12-26  01:02:11 pm)작업중 M코드정지 [d:200][t:03:53:05]
[I](2019-12-26  01:10:32 pm)작업중 정지 [d:206][t:04:01:26]
[I](2019-12-26  01:10:32 pm)    [LNo:0002] 001025/001114
[I](2019-12-26  01:10:32 pm)작업중 30sec 접촉 정지 [d:206][t:04:01:26]
[I](2019-12-26  01:11:02 pm)작업 재시작
[I](2019-12-26  02:12:07 pm)작업중 정지 [d:267][t:05:03:01]
[I](2019-12-26  02:12:07 pm)    [LNo:0002] 001102/001114
[I](2019-12-26  02:12:07 pm)작업중 M코드정지 [d:267][t:05:03:02]
[I](2019-12-26  02:12:13 pm)작업중 정지 [d:267][t:05:03:07]
[I](2019-12-26  02:12:13 pm)    [LNo:0002] 001103/001114
[I](2019-12-26  02:12:13 pm)Wire Contact Auto Stop(M52)
[I](2019-12-26  02:12:17 pm)작업 재시작
[I](2019-12-26  02:12:20 pm)작업중 정지 [d:267][t:05:03:14]
[I](2019-12-26  02:12:20 pm)    [LNo:0002] 001103/001114
[I](2019-12-26  02:24:18 pm)Reset
[I](2019-12-26  02:24:19 pm)Reset
[A](2019-12-26  02:24:25 pm)[002] 가공액 미동작
[I](2019-12-26  02:29:02 pm)Reset
[I](2019-12-26  02:29:03 pm)Reset
[I](2019-12-26  02:35:31 pm)Reset
[I](2019-12-26  02:39:13 pm)Reset
[I](2019-12-26  02:39:13 pm)Reset
[I](2019-12-26  02:39:19 pm)Reset
[I](2019-12-26  02:39:19 pm)Reset
[I](2019-12-26  02:39:19 pm)Reset
[I](2019-12-26  02:41:20 pm)Reset
[I](2019-12-26  02:41:39 pm)작업 시작 [Start d:973]
[I](2019-12-26  02:41:39 pm)Nc File: [No.0001-391.NC]
[I](2019-12-26  02:41:39 pm)  * Start Machine Position
[I](2019-12-26  02:41:39 pm)    X:    290.3096
[I](2019-12-26  02:41:39 pm)    Y:   -211.9955
[I](2019-12-26  02:41:39 pm)    U:      0.0000
[I](2019-12-26  02:41:39 pm)    V:      0.0000
[I](2019-12-26  02:41:39 pm)    Z:     30.3718
[I](2019-12-26  02:41:39 pm)  * Angle
[I](2019-12-26  02:41:39 pm)    Ar:     -0.0439,Kr:      0.0000
[I](2019-12-26  02:41:39 pm)    Taper_Ar:      0.0000
[I](2019-12-26  02:41:50 pm)작업중 정지 [d:0][t:00:00:10]
[I](2019-12-26  02:41:50 pm)    [LNo:0001] 000009/000121
[I](2019-12-26  02:42:11 pm)작업중 정지 [d:0][t:00:00:31]
[I](2019-12-26  02:42:11 pm)    [LNo:0001] 000037/000121
[I](2019-12-26  03:10:17 pm)작업중 정지 [d:28][t:00:28:37]
[I](2019-12-26  03:10:17 pm)    [LNo:0001] 000074/000121
[I](2019-12-26  03:10:17 pm)작업중 M코드정지 [d:28][t:00:28:37]
[I](2019-12-26  03:14:51 pm)작업중 정지 [d:28][t:00:33:12]
[I](2019-12-26  03:14:51 pm)    [LNo:0001] 000076/000121
[I](2019-12-26  03:14:52 pm)작업중 M코드정지 [d:28][t:00:33:12]
[I](2019-12-26  03:22:48 pm)작업중 정지 [d:34][t:00:41:08]
[I](2019-12-26  03:22:48 pm)    [LNo:0001] 000117/000121
[I](2019-12-26  03:22:48 pm)작업중 M코드정지 [d:34][t:00:41:08]
[I](2019-12-26  03:34:47 pm)Reset
[I](2019-12-26  03:34:48 pm)Reset
[I](2019-12-26  03:37:21 pm)Reset
[I](2019-12-26  03:37:22 pm)Reset
[I](2019-12-26  03:38:56 pm)Reset
[I](2019-12-26  03:43:59 pm)Reset
[I](2019-12-26  03:45:06 pm)Reset
[I](2019-12-26  03:46:12 pm)작업 시작 [Start d:1007]
[I](2019-12-26  03:46:12 pm)Nc File: [No.0002-385.NC]
[I](2019-12-26  03:46:12 pm)  * Start Machine Position
[I](2019-12-26  03:46:12 pm)    X:     20.5665
[I](2019-12-26  03:46:12 pm)    Y:   -285.3836
[I](2019-12-26  03:46:12 pm)    U:      0.7056
[I](2019-12-26  03:46:12 pm)    V:      0.0677
[I](2019-12-26  03:46:12 pm)    Z:     33.2548
[I](2019-12-26  03:46:12 pm)  * Angle
[I](2019-12-26  03:46:12 pm)    Ar:      0.3138,Kr:      0.0000
[I](2019-12-26  03:46:12 pm)    Taper_Ar:      0.0000
[I](2019-12-26  03:46:12 pm)작업중 정지 [d:0][t:00:00:00]
[I](2019-12-26  03:46:12 pm)    [LNo:0002] 000196/000267
[I](2019-12-26  03:46:19 pm)작업중 정지 [d:0][t:00:00:07]
[I](2019-12-26  03:46:19 pm)    [LNo:0002] 000220/000267
[I](2019-12-26  03:53:34 pm)작업중 정지 [d:7][t:00:07:22]
[I](2019-12-26  03:53:34 pm)    [LNo:0002] 000237/000267
[I](2019-12-26  03:53:34 pm)작업중 M코드정지 [d:7][t:00:07:22]
[I](2019-12-26  03:55:53 pm)작업중 정지 [d:7][t:00:09:41]
[I](2019-12-26  03:55:53 pm)    [LNo:0002] 000240/000267
[I](2019-12-26  03:55:53 pm)작업중 M코드정지 [d:7][t:00:09:41]
[I](2019-12-26  03:58:28 pm)작업중 정지 [d:9][t:00:12:16]
[I](2019-12-26  03:58:28 pm)    [LNo:0002] 000260/000267
[I](2019-12-26  04:01:02 pm)Reset
[A](2019-12-26  04:16:21 pm)[001] 와이어 미동작
[I](2019-12-26  04:17:14 pm)Reset
[I](2019-12-26  04:17:14 pm)Reset
[I](2019-12-26  04:18:13 pm)Reset
[I](2019-12-26  04:18:13 pm)Reset
[I](2019-12-26  04:19:05 pm)Reset
[I](2019-12-26  04:20:28 pm)Reset
[I](2019-12-26  04:20:28 pm)Reset
[I](2019-12-26  04:22:57 pm)Reset
[I](2019-12-26  04:22:58 pm)Reset
[I](2019-12-26  04:24:04 pm)작업 시작 [Start d:1016]
[I](2019-12-26  04:24:04 pm)Nc File: [No.0002-385.NC *]
[I](2019-12-26  04:24:04 pm)  * Start Machine Position
[I](2019-12-26  04:24:04 pm)    X:    159.1230
[I](2019-12-26  04:24:04 pm)    Y:   -378.5037
[I](2019-12-26  04:24:04 pm)    U:      0.4290
[I](2019-12-26  04:24:04 pm)    V:     -0.0260
[I](2019-12-26  04:24:04 pm)    Z:     36.8998
[I](2019-12-26  04:24:04 pm)  * Angle
[I](2019-12-26  04:24:04 pm)    Ar:      0.0000,Kr:      0.0000
[I](2019-12-26  04:24:04 pm)    Taper_Ar:      0.0000
[I](2019-12-26  04:24:06 pm)작업중 정지 [d:0][t:00:00:02]
[I](2019-12-26  04:24:06 pm)    [LNo:0002] 000010/000266
[I](2019-12-26  04:24:07 pm)작업중 M코드정지 [d:0][t:00:00:02]
[I](2019-12-26  04:36:57 pm)작업중 정지 [d:12][t:00:12:53]
[I](2019-12-26  04:36:57 pm)    [LNo:0002] 000027/000266
[I](2019-12-26  04:36:57 pm)Wire Contact Auto Stop(M52)
[I](2019-12-26  04:41:11 pm)작업 재시작
[I](2019-12-26  04:54:12 pm)작업중 정지 [d:25][t:00:30:08]
[I](2019-12-26  04:54:12 pm)    [LNo:0002] 000050/000266
[I](2019-12-26  04:54:13 pm)작업중 M코드정지 [d:25][t:00:30:08]
[I](2019-12-26  05:09:56 pm)Reset
[I](2019-12-26  05:09:56 pm)Reset
[I](2019-12-26  05:09:57 pm)Reset
[I](2019-12-26  05:10:04 pm)Reset
[I](2019-12-26  05:10:18 pm)작업 시작 [Start d:1041]
[I](2019-12-26  05:10:18 pm)Nc File: [No.0002-385.NC *]
[I](2019-12-26  05:10:18 pm)  * Start Machine Position
[I](2019-12-26  05:10:18 pm)    X:    324.0620
[I](2019-12-26  05:10:18 pm)    Y:   -390.4887
[I](2019-12-26  05:10:18 pm)    U:      0.4360
[I](2019-12-26  05:10:18 pm)    V:      1.9550
[I](2019-12-26  05:10:18 pm)    Z:     36.8998
[I](2019-12-26  05:10:18 pm)  * Angle
[I](2019-12-26  05:10:18 pm)    Ar:      0.0000,Kr:      0.0000
[I](2019-12-26  05:10:18 pm)    Taper_Ar:      0.0000
[I](2019-12-26  05:10:19 pm)작업중 정지 [d:0][t:00:00:00]
[I](2019-12-26  05:10:19 pm)    [LNo:0002] 000057/000266
[I](2019-12-26  05:10:24 pm)작업중 정지 [d:0][t:00:00:05]
[I](2019-12-26  05:10:24 pm)    [LNo:0002] 000081/000266
[I](2019-12-26  05:18:32 pm)작업중 정지 [d:8][t:00:08:13]
[I](2019-12-26  05:18:32 pm)    [LNo:0002] 000117/000266
[I](2019-12-26  05:18:32 pm)작업중 M코드정지 [d:8][t:00:08:13]
[I](2019-12-26  05:18:41 pm)Reset
[I](2019-12-26  05:18:55 pm)Reset
[I](2019-12-26  05:18:56 pm)Reset
[I](2019-12-26  05:19:09 pm)작업 시작 [Start d:1049]
[I](2019-12-26  05:19:09 pm)Nc File: [No.0002-385.NC *]
[I](2019-12-26  05:19:09 pm)  * Start Machine Position
[I](2019-12-26  05:19:09 pm)    X:    419.7510
[I](2019-12-26  05:19:09 pm)    Y:   -386.1007
[I](2019-12-26  05:19:09 pm)    U:      0.4400
[I](2019-12-26  05:19:09 pm)    V:      0.4680
[I](2019-12-26  05:19:09 pm)    Z:     36.8998
[I](2019-12-26  05:19:09 pm)  * Angle
[I](2019-12-26  05:19:09 pm)    Ar:      0.0000,Kr:      0.0000
[I](2019-12-26  05:19:09 pm)    Taper_Ar:      0.0000
[I](2019-12-26  05:19:09 pm)작업중 정지 [d:0][t:00:00:00]
[I](2019-12-26  05:19:09 pm)    [LNo:0002] 000123/000266
[I](2019-12-26  05:19:15 pm)작업중 정지 [d:0][t:00:00:06]
[I](2019-12-26  05:19:15 pm)    [LNo:0002] 000147/000266
[I](2019-12-26  05:37:29 pm)작업중 정지 [d:18][t:00:18:19]
[I](2019-12-26  05:37:29 pm)    [LNo:0002] 000190/000266
[I](2019-12-26  05:37:29 pm)작업중 M코드정지 [d:18][t:00:18:19]
[I](2019-12-26  05:38:24 pm)Reset
[I](2019-12-26  05:38:28 pm)Reset
[I](2019-12-26  05:38:28 pm)Reset
[I](2019-12-26  06:37:43 pm)Reset
[I](2019-12-26  06:47:56 pm)Reset
[I](2019-12-26  06:48:26 pm)Reset
[I](2019-12-26  06:48:26 pm)Reset
[I](2019-12-26  06:48:42 pm)작업 시작 [Start d:1067]
[I](2019-12-26  06:48:42 pm)Nc File: [No.0003-397.NC]
[I](2019-12-26  06:48:42 pm)  * Start Machine Position
[I](2019-12-26  06:48:42 pm)    X:    428.7858
[I](2019-12-26  06:48:42 pm)    Y:   -317.7444
[I](2019-12-26  06:48:42 pm)    U:      0.0000
[I](2019-12-26  06:48:42 pm)    V:      0.0000
[I](2019-12-26  06:48:42 pm)    Z:     30.4887
[I](2019-12-26  06:48:42 pm)  * Angle
[I](2019-12-26  06:48:42 pm)    Ar:      0.1896,Kr:      0.0000
[I](2019-12-26  06:48:42 pm)    Taper_Ar:      0.0000
[I](2019-12-26  06:48:53 pm)작업중 정지 [d:0][t:00:00:11]
[I](2019-12-26  06:48:53 pm)    [LNo:0003] 000010/000044
[I](2019-12-26  06:48:53 pm)작업중 M코드정지 [d:0][t:00:00:11]
[I](2019-12-26  07:06:32 pm)작업중 정지 [d:17][t:00:17:50]
[I](2019-12-26  07:06:32 pm)    [LNo:0003] 000032/000044
[I](2019-12-26  07:06:32 pm)작업중 M코드정지 [d:17][t:00:17:50]
[I](2019-12-26  07:07:17 pm)작업중 정지 [d:17][t:00:18:34]
[I](2019-12-26  07:07:17 pm)    [LNo:0003] 000034/000044
[I](2019-12-26  07:07:17 pm)작업중 M코드정지 [d:17][t:00:18:34]
[I](2019-12-26  07:07:47 pm)작업중 정지 [d:17][t:00:19:05]
[I](2019-12-26  07:07:47 pm)    [LNo:0003] 000039/000044
[I](2019-12-26  07:08:15 pm)Reset
[I](2019-12-26  07:08:15 pm)Reset
[I](2019-12-26  07:19:01 pm)Reset
[I](2019-12-26  07:19:02 pm)Reset
[I](2019-12-26  07:26:16 pm)Reset
[I](2019-12-26  07:26:16 pm)Reset
[I](2019-12-26  07:26:46 pm)작업 시작 [Start d:1084]
[I](2019-12-26  07:26:46 pm)Nc File: [No.0004-381.NC]
[I](2019-12-26  07:26:46 pm)  * Start Machine Position
[I](2019-12-26  07:26:46 pm)    X:     70.7578
[I](2019-12-26  07:26:46 pm)    Y:   -201.3404
[I](2019-12-26  07:26:46 pm)    U:      0.0000
[I](2019-12-26  07:26:46 pm)    V:      0.0000
[I](2019-12-26  07:26:46 pm)    Z:     34.3467
[I](2019-12-26  07:26:46 pm)  * Angle
[I](2019-12-26  07:26:46 pm)    Ar:      0.1015,Kr:      0.0000
[I](2019-12-26  07:26:46 pm)    Taper_Ar:      0.0000
[I](2019-12-26  07:28:34 pm)작업중 정지 [d:1][t:00:01:48]
[I](2019-12-26  07:28:34 pm)    [LNo:0004] 000024/000202
[I](2019-12-26  07:28:34 pm)작업중 30sec 접촉 정지 [d:1][t:00:01:48]
[I](2019-12-26  07:31:04 pm)작업 재시작
[I](2019-12-26  08:00:36 pm)작업중 정지 [d:31][t:00:33:50]
[I](2019-12-26  08:00:36 pm)    [LNo:0004] 000030/000202
[I](2019-12-26  08:00:36 pm)작업중 M코드정지 [d:31][t:00:33:50]
[I](2019-12-26  08:04:26 pm)작업중 정지 [d:31][t:00:37:40]
[I](2019-12-26  08:04:26 pm)    [LNo:0004] 000032/000202
[I](2019-12-26  08:04:57 pm)작업 재시작
[I](2019-12-26  08:05:02 pm)작업중 정지 [d:31][t:00:38:16]
[I](2019-12-26  08:05:02 pm)    [LNo:0004] 000034/000202
[I](2019-12-26  08:05:02 pm)작업중 M코드정지 [d:31][t:00:38:16]
[I](2019-12-26  08:20:24 pm)작업중 정지 [d:41][t:00:53:38]
[I](2019-12-26  08:20:24 pm)    [LNo:0004] 000073/000202
[I](2019-12-26  08:20:24 pm)작업중 30sec 접촉 정지 [d:41][t:00:53:38]
[I](2019-12-26  08:21:58 pm)작업 재시작
[I](2019-12-26  08:26:01 pm)작업중 정지 [d:45][t:00:59:15]
[I](2019-12-26  08:26:01 pm)    [LNo:0004] 000078/000202
[I](2019-12-26  08:26:01 pm)작업중 M코드정지 [d:45][t:00:59:15]
[I](2019-12-26  08:26:59 pm)작업중 정지 [d:45][t:01:00:13]
[I](2019-12-26  08:26:59 pm)    [LNo:0004] 000081/000202
[I](2019-12-26  08:26:59 pm)작업중 M코드정지 [d:45][t:01:00:13]
[I](2019-12-26  08:36:01 pm)작업중 정지 [d:46][t:01:09:15]
[I](2019-12-26  08:36:01 pm)    [LNo:0004] 000101/000202
[I](2019-12-26  08:36:01 pm)작업중 M코드정지 [d:46][t:01:09:15]
[I](2019-12-26  08:43:04 pm)작업중 정지 [d:46][t:01:16:18]
[I](2019-12-26  08:43:04 pm)    [LNo:0004] 000118/000202
[I](2019-12-26  08:43:04 pm)작업중 30sec 접촉 정지 [d:46][t:01:16:18]
[I](2019-12-26  08:43:41 pm)작업 재시작
[I](2019-12-26  08:50:07 pm)작업중 정지 [d:52][t:01:23:21]
[I](2019-12-26  08:50:07 pm)    [LNo:0004] 000123/000202
[I](2019-12-26  08:50:07 pm)작업중 M코드정지 [d:53][t:01:23:21]
[I](2019-12-26  08:53:59 pm)작업중 정지 [d:53][t:01:27:13]
[I](2019-12-26  08:53:59 pm)    [LNo:0004] 000124/000202
[I](2019-12-26  08:54:45 pm)작업 재시작
[I](2019-12-26  08:54:51 pm)작업중 정지 [d:53][t:01:28:05]
[I](2019-12-26  08:54:51 pm)    [LNo:0004] 000126/000202
[I](2019-12-26  08:54:51 pm)작업중 M코드정지 [d:53][t:01:28:05]
[I](2019-12-26  08:56:53 pm)작업중 정지 [d:54][t:01:30:07]
[I](2019-12-26  08:56:53 pm)    [LNo:0004] 000145/000202
[I](2019-12-26  08:56:53 pm)작업중 M코드정지 [d:54][t:01:30:07]
[I](2019-12-26  08:58:03 pm)작업중 정지 [d:54][t:01:31:17]
[I](2019-12-26  08:58:03 pm)    [LNo:0004] 000085/000202
[I](2019-12-26  08:59:26 pm)작업중 정지 [d:55][t:01:32:40]
[I](2019-12-26  08:59:26 pm)    [LNo:0004] 000100/000202
[I](2019-12-26  08:59:26 pm)작업중 M코드정지 [d:55][t:01:32:40]
[I](2019-12-26  09:00:05 pm)작업중 정지 [d:55][t:01:33:19]
[I](2019-12-26  09:00:05 pm)    [LNo:0004] 000130/000202
[I](2019-12-26  09:01:24 pm)작업중 정지 [d:56][t:01:34:38]
[I](2019-12-26  09:01:24 pm)    [LNo:0004] 000145/000202
[I](2019-12-26  09:01:24 pm)작업중 M코드정지 [d:56][t:01:34:38]
[I](2019-12-26  09:03:29 pm)작업중 정지 [d:56][t:01:36:43]
[I](2019-12-26  09:03:29 pm)    [LNo:0004] 000160/000202
[I](2019-12-26  09:03:29 pm)작업중 30sec 접촉 정지 [d:56][t:01:36:43]
[I](2019-12-26  09:08:53 pm)작업 재시작
[I](2019-12-26  09:37:37 pm)작업중 정지 [d:85][t:02:10:51]
[I](2019-12-26  09:37:37 pm)    [LNo:0004] 000169/000202
[I](2019-12-26  09:37:37 pm)작업중 M코드정지 [d:85][t:02:10:51]
[I](2019-12-26  09:40:24 pm)작업중 정지 [d:85][t:02:13:38]
[I](2019-12-26  09:40:24 pm)    [LNo:0004] 000171/000202
[I](2019-12-26  09:41:00 pm)작업 재시작
[I](2019-12-26  09:41:07 pm)작업중 정지 [d:85][t:02:14:21]
[I](2019-12-26  09:41:07 pm)    [LNo:0004] 000173/000202
[I](2019-12-26  09:41:07 pm)작업중 M코드정지 [d:85][t:02:14:21]
[I](2019-12-26  09:50:42 pm)작업중 정지 [d:93][t:02:23:56]
[I](2019-12-26  09:50:42 pm)    [LNo:0004] 000198/000202
[I](2019-12-26  09:50:42 pm)작업중 M코드정지 [d:93][t:02:23:56]
[I](2019-12-26  09:51:57 pm)Reset
[I](2019-12-26  09:51:58 pm)Reset
[I](2019-12-26  09:51:59 pm)Reset
[I](2019-12-26  09:52:00 pm)작업 시작 [Start d:1177]
[I](2019-12-26  09:52:00 pm)Nc File: [No.0004-381.NC]
[I](2019-12-26  09:52:00 pm)  * Start Machine Position
[I](2019-12-26  09:52:00 pm)    X:     70.7578
[I](2019-12-26  09:52:00 pm)    Y:   -201.3404
[I](2019-12-26  09:52:00 pm)    U:      0.0000
[I](2019-12-26  09:52:00 pm)    V:      0.0000
[I](2019-12-26  09:52:00 pm)    Z:     34.3467
[I](2019-12-26  09:52:00 pm)  * Angle
[I](2019-12-26  09:52:00 pm)    Ar:      0.1015,Kr:      0.0000
[I](2019-12-26  09:52:00 pm)    Taper_Ar:      0.0000
[I](2019-12-26  09:52:20 pm)작업중 정지 [d:0][t:00:00:20]
[I](2019-12-26  09:52:20 pm)    [LNo:0004] 000010/000202
[I](2019-12-26  09:52:20 pm)작업중 M코드정지 [d:0][t:00:00:20]
[I](2019-12-26  09:52:50 pm)작업중 정지 [d:0][t:00:00:50]
[I](2019-12-26  09:52:50 pm)    [LNo:0004] 000038/000202
[I](2019-12-26  09:54:26 pm)작업중 정지 [d:2][t:00:02:26]
[I](2019-12-26  09:54:26 pm)    [LNo:0004] 000056/000202
[I](2019-12-26  09:54:26 pm)작업중 M코드정지 [d:2][t:00:02:26]
[I](2019-12-26  09:55:09 pm)작업중 정지 [d:2][t:00:03:08]
[I](2019-12-26  09:55:09 pm)    [LNo:0004] 000085/000202
[I](2019-12-26  09:56:21 pm)작업중 정지 [d:3][t:00:04:21]
[I](2019-12-26  09:56:21 pm)    [LNo:0004] 000101/000202
[I](2019-12-26  09:56:21 pm)작업중 M코드정지 [d:3][t:00:04:21]
[I](2019-12-26  09:56:51 pm)작업중 정지 [d:3][t:00:04:51]
[I](2019-12-26  09:56:51 pm)    [LNo:0004] 000130/000202
[I](2019-12-26  09:57:58 pm)작업중 정지 [d:3][t:00:05:57]
[I](2019-12-26  09:57:58 pm)    [LNo:0004] 000145/000202
[I](2019-12-26  09:57:58 pm)작업중 M코드정지 [d:3][t:00:05:58]
[I](2019-12-26  09:58:54 pm)작업중 정지 [d:3][t:00:06:53]
[I](2019-12-26  09:58:54 pm)    [LNo:0004] 000177/000202
[I](2019-12-26  10:02:18 pm)작업중 정지 [d:5][t:00:10:18]
[I](2019-12-26  10:02:18 pm)    [LNo:0004] 000198/000202
[I](2019-12-26  10:02:18 pm)작업중 M코드정지 [d:5][t:00:10:18]
[I](2019-12-26  10:17:51 pm)Reset
[I](2019-12-26  10:18:30 pm)Reset
[I](2019-12-26  10:19:27 pm)Reset
[I](2019-12-26  10:31:23 pm)Reset
[I](2019-12-26  10:31:30 pm)Reset
[I](2019-12-26  10:33:24 pm)Reset
[I](2019-12-26  10:34:02 pm)작업 시작 [Start d:1182]
[I](2019-12-26  10:34:02 pm)Nc File: [No.0001-399.NC]
[I](2019-12-26  10:34:02 pm)  * Start Machine Position
[I](2019-12-26  10:34:02 pm)    X:     52.0245
[I](2019-12-26  10:34:02 pm)    Y:   -327.8918
[I](2019-12-26  10:34:02 pm)    U:      0.0000
[I](2019-12-26  10:34:02 pm)    V:      0.0000
[I](2019-12-26  10:34:02 pm)    Z:     30.6797
[I](2019-12-26  10:34:02 pm)  * Angle
[I](2019-12-26  10:34:02 pm)    Ar:      0.6475,Kr:      0.0000
[I](2019-12-26  10:34:02 pm)    Taper_Ar:      0.0000
[I](2019-12-26  10:34:02 pm)작업중 정지 [d:0][t:00:00:00]
[I](2019-12-26  10:34:02 pm)    [LNo:0001] 000017/000318
[I](2019-12-26  10:37:18 pm)
[I](2019-12-26  10:37:18 pm)Work completed.
[I](2019-12-26  10:37:18 pm)작업 끝.(M02) [d:0][t:00:03:16]
[I](2019-12-26  10:37:20 pm)Reset
[I](2019-12-26  10:37:22 pm)Reset
[I](2019-12-26  10:37:25 pm)Reset
[I](2019-12-26  10:37:37 pm)Reset
[I](2019-12-26  10:40:09 pm)Reset
[I](2019-12-26  10:40:09 pm)Reset
[I](2019-12-26  10:40:14 pm)Reset
[I](2019-12-26  10:40:14 pm)Reset
[I](2019-12-26  10:40:15 pm)Reset
[I](2019-12-26  10:40:15 pm)Reset
[I](2019-12-26  10:40:15 pm)Reset
[I](2019-12-26  10:40:16 pm)Reset
[I](2019-12-26  10:40:17 pm)Reset
[I](2019-12-26  10:40:19 pm)작업 시작 [Start d:1182]
[I](2019-12-26  10:40:19 pm)Nc File: [No.0001-399.NC]
[I](2019-12-26  10:40:19 pm)  * Start Machine Position
[I](2019-12-26  10:40:19 pm)    X:     44.0092
[I](2019-12-26  10:40:19 pm)    Y:   -307.3811
[I](2019-12-26  10:40:19 pm)    U:      0.0000
[I](2019-12-26  10:40:19 pm)    V:      0.0000
[I](2019-12-26  10:40:19 pm)    Z:     30.7102
[I](2019-12-26  10:40:19 pm)  * Angle
[I](2019-12-26  10:40:19 pm)    Ar:      0.6475,Kr:      0.0000
[I](2019-12-26  10:40:19 pm)    Taper_Ar:      0.0000
[I](2019-12-26  10:40:24 pm)작업중 정지 [d:0][t:00:00:04]
[I](2019-12-26  10:40:24 pm)    [LNo:0001] 000010/000318
[I](2019-12-26  10:40:24 pm)작업중 M코드정지 [d:0][t:00:00:04]
[I](2019-12-26  11:47:38 pm)작업중 정지 [d:64][t:01:07:19]
[I](2019-12-26  11:47:38 pm)    [LNo:0001] 000078/000318
[I](2019-12-26  11:47:38 pm)작업중 M코드정지 [d:64][t:01:07:19]
[I](2019-12-26  11:47:59 pm)작업중 정지 [d:64][t:01:07:39]
[I](2019-12-26  11:47:59 pm)    [LNo:0001] 000079/000318
[I](2019-12-26  11:47:59 pm)Wire Contact Auto Stop(M52)
[I](2019-12-26  11:48:43 pm)작업 재시작
[I](2019-12-26  11:48:51 pm)작업중 정지 [d:64][t:01:08:32]
[I](2019-12-26  11:48:51 pm)    [LNo:0001] 000080/000318
[I](2019-12-26  11:48:51 pm)작업중 M코드정지 [d:64][t:01:08:32]
[I](2019-12-26  11:48:58 pm)작업중 정지 [d:64][t:01:08:38]
[I](2019-12-26  11:48:58 pm)    [LNo:0001] 000082/000318
[I](2019-12-26  11:48:58 pm)작업중 M코드정지 [d:64][t:01:08:38]
[I](2019-12-26  11:51:37 pm)작업중 정지 [d:64][t:01:11:18]
[I](2019-12-26  11:51:37 pm)    [LNo:0001] 000097/000318
[I](2019-12-26  11:55:00 pm)작업 재시작
