[I](2020-03-29  12:04:57 am)작업중 정지 [d:164][t:03:05:59]
[I](2020-03-29  12:04:57 am)    [LNo:0001] 000275/001042
[I](2020-03-29  12:04:57 am)작업중 M코드정지 [d:164][t:03:05:59]
[I](2020-03-29  12:05:51 am)작업중 정지 [d:164][t:03:06:53]
[I](2020-03-29  12:05:51 am)    [LNo:0001] 000277/001042
[I](2020-03-29  12:06:41 am)작업 재시작
[I](2020-03-29  12:06:48 am)작업중 정지 [d:164][t:03:07:50]
[I](2020-03-29  12:06:48 am)    [LNo:0001] 000279/001042
[I](2020-03-29  12:06:48 am)작업중 M코드정지 [d:164][t:03:07:50]
[I](2020-03-29  12:37:37 am)작업중 정지 [d:194][t:03:38:40]
[I](2020-03-29  12:37:37 am)    [LNo:0001] 000383/001042
[I](2020-03-29  12:37:37 am)작업중 M코드정지 [d:194][t:03:38:40]
[I](2020-03-29  12:39:45 am)작업중 정지 [d:194][t:03:40:47]
[I](2020-03-29  12:39:45 am)    [LNo:0001] 000385/001042
[I](2020-03-29  12:39:45 am)작업중 M코드정지 [d:194][t:03:40:47]
[I](2020-03-29  01:08:54 am)작업중 정지 [d:222][t:04:09:56]
[I](2020-03-29  01:08:54 am)    [LNo:0001] 000471/001042
[I](2020-03-29  01:08:54 am)작업중 M코드정지 [d:222][t:04:09:56]
[I](2020-03-29  01:11:12 am)작업중 정지 [d:222][t:04:12:15]
[I](2020-03-29  01:11:12 am)    [LNo:0001] 000473/001042
[I](2020-03-29  01:11:12 am)작업중 M코드정지 [d:222][t:04:12:15]
[I](2020-03-29  02:30:30 am)작업중 정지 [d:300][t:05:31:32]
[I](2020-03-29  02:30:30 am)    [LNo:0001] 000556/001042
[I](2020-03-29  02:30:30 am)작업중 M코드정지 [d:300][t:05:31:32]
[I](2020-03-29  02:32:25 am)작업중 정지 [d:300][t:05:33:27]
[I](2020-03-29  02:32:25 am)    [LNo:0001] 000557/001042
[I](2020-03-29  02:33:25 am)작업 재시작
[I](2020-03-29  02:33:28 am)작업중 정지 [d:300][t:05:34:30]
[I](2020-03-29  02:33:28 am)    [LNo:0001] 000559/001042
[I](2020-03-29  02:33:28 am)작업중 M코드정지 [d:300][t:05:34:30]
[I](2020-03-29  03:15:55 am)작업중 정지 [d:340][t:06:16:57]
[I](2020-03-29  03:15:55 am)    [LNo:0001] 000621/001042
[I](2020-03-29  03:15:55 am)작업중 M코드정지 [d:340][t:06:16:57]
[I](2020-03-29  03:16:43 am)작업중 정지 [d:340][t:06:17:46]
[I](2020-03-29  03:16:43 am)    [LNo:0001] 000622/001042
[I](2020-03-29  03:17:16 am)작업 재시작
[I](2020-03-29  03:17:19 am)작업중 정지 [d:340][t:06:18:21]
[I](2020-03-29  03:17:19 am)    [LNo:0001] 000624/001042
[I](2020-03-29  03:17:19 am)작업중 M코드정지 [d:340][t:06:18:21]
[I](2020-03-29  03:45:45 am)작업중 정지 [d:366][t:06:46:47]
[I](2020-03-29  03:45:45 am)    [LNo:0001] 000675/001042
[I](2020-03-29  03:45:45 am)작업중 M코드정지 [d:366][t:06:46:47]
[I](2020-03-29  03:51:42 am)작업중 정지 [d:366][t:06:52:44]
[I](2020-03-29  03:51:42 am)    [LNo:0001] 000676/001042
[I](2020-03-29  03:52:26 am)작업 재시작
[I](2020-03-29  03:52:30 am)작업중 정지 [d:367][t:06:53:32]
[I](2020-03-29  03:52:30 am)    [LNo:0001] 000678/001042
[I](2020-03-29  03:52:30 am)작업중 M코드정지 [d:367][t:06:53:32]
[I](2020-03-29  04:23:38 am)작업중 정지 [d:397][t:07:24:41]
[I](2020-03-29  04:23:38 am)    [LNo:0001] 000725/001042
[I](2020-03-29  04:23:39 am)작업중 M코드정지 [d:397][t:07:24:41]
[I](2020-03-29  04:37:45 am)작업중 정지 [d:397][t:07:38:47]
[I](2020-03-29  04:37:45 am)    [LNo:0001] 000726/001042
[I](2020-03-29  04:38:22 am)작업 재시작
[I](2020-03-29  04:38:29 am)작업중 정지 [d:398][t:07:39:31]
[I](2020-03-29  04:38:29 am)    [LNo:0001] 000728/001042
[I](2020-03-29  04:38:29 am)작업중 M코드정지 [d:398][t:07:39:31]
[I](2020-03-29  05:00:16 am)작업중 정지 [d:418][t:08:01:18]
[I](2020-03-29  05:00:16 am)    [LNo:0001] 000784/001042
[I](2020-03-29  05:00:16 am)작업중 M코드정지 [d:418][t:08:01:18]
[I](2020-03-29  05:19:11 am)작업중 정지 [d:418][t:08:20:13]
[I](2020-03-29  05:19:11 am)    [LNo:0001] 000786/001042
[I](2020-03-29  05:19:43 am)작업 재시작
[I](2020-03-29  05:19:50 am)작업중 정지 [d:418][t:08:20:53]
[I](2020-03-29  05:19:50 am)    [LNo:0001] 000788/001042
[I](2020-03-29  05:19:51 am)작업중 M코드정지 [d:418][t:08:20:53]
[I](2020-03-29  05:51:14 am)작업중 정지 [d:444][t:08:52:16]
[I](2020-03-29  05:51:14 am)    [LNo:0001] 000830/001042
[I](2020-03-29  05:51:14 am)작업중 M코드정지 [d:444][t:08:52:17]
[I](2020-03-29  06:02:03 am)작업중 정지 [d:444][t:09:03:05]
[I](2020-03-29  06:02:03 am)    [LNo:0001] 000832/001042
[I](2020-03-29  06:02:37 am)작업 재시작
[I](2020-03-29  06:02:38 am)작업중 정지 [d:444][t:09:03:40]
[I](2020-03-29  06:02:38 am)    [LNo:0001] 000833/001042
[I](2020-03-29  06:02:38 am)작업중 M코드정지 [d:444][t:09:03:40]
[I](2020-03-29  06:14:37 am)작업중 정지 [d:453][t:09:15:39]
[I](2020-03-29  06:14:37 am)    [LNo:0001] 000874/001042
[A](2020-03-29  06:14:37 am)[009] 자동결선 Error(M20-삽입실패)
[I](2020-03-29  06:47:38 am)작업중 정지 [d:479][t:09:48:41]
[I](2020-03-29  06:47:38 am)    [LNo:0001] 000890/001042
[I](2020-03-29  06:47:38 am)작업중 M코드정지 [d:479][t:09:48:41]
[I](2020-03-29  06:54:02 am)작업중 정지 [d:479][t:09:55:04]
[I](2020-03-29  06:54:02 am)    [LNo:0001] 000891/001042
[I](2020-03-29  06:54:50 am)작업 재시작
[I](2020-03-29  06:54:54 am)작업중 정지 [d:479][t:09:55:56]
[I](2020-03-29  06:54:54 am)    [LNo:0001] 000893/001042
[I](2020-03-29  06:54:54 am)작업중 M코드정지 [d:479][t:09:55:56]
[I](2020-03-29  07:17:12 am)작업중 정지 [d:499][t:10:18:15]
[I](2020-03-29  07:17:12 am)    [LNo:0001] 000949/001042
[I](2020-03-29  07:17:12 am)작업중 M코드정지 [d:499][t:10:18:15]
[I](2020-03-29  08:10:45 am)작업중 정지 [d:499][t:11:11:48]
[I](2020-03-29  08:10:45 am)    [LNo:0001] 000951/001042
[I](2020-03-29  08:11:16 am)작업 재시작
[I](2020-03-29  08:11:20 am)작업중 정지 [d:499][t:11:12:22]
[I](2020-03-29  08:11:20 am)    [LNo:0001] 000953/001042
[I](2020-03-29  08:11:20 am)작업중 M코드정지 [d:499][t:11:12:22]
[I](2020-03-29  08:40:23 am)작업중 정지 [d:526][t:11:41:25]
[I](2020-03-29  08:40:23 am)    [LNo:0001] 000995/001042
[I](2020-03-29  08:40:23 am)작업중 M코드정지 [d:526][t:11:41:25]
[I](2020-03-29  08:41:27 am)작업중 정지 [d:526][t:11:42:29]
[I](2020-03-29  08:41:27 am)    [LNo:0001] 000998/001042
[I](2020-03-29  08:41:27 am)작업중 M코드정지 [d:526][t:11:42:29]
[I](2020-03-29  08:51:37 am)작업중 정지 [d:535][t:11:52:40]
[I](2020-03-29  08:51:37 am)    [LNo:0001] 001038/001042
[I](2020-03-29  08:51:37 am)작업중 M코드정지 [d:535][t:11:52:40]
[I](2020-03-29  09:23:07 am)Reset
[I](2020-03-29  09:23:08 am)Reset
[I](2020-03-29  09:23:19 am)Reset
[I](2020-03-29  09:23:26 am)Reset
[I](2020-03-29  09:23:52 am)Reset
[I](2020-03-29  09:23:52 am)Reset
[I](2020-03-29  09:27:45 am)Reset
[I](2020-03-29  09:27:45 am)Reset
[I](2020-03-29  09:28:12 am)Reset
[I](2020-03-29  09:32:13 am)Reset
[I](2020-03-29  09:36:20 am)Reset
[I](2020-03-29  09:39:39 am)Reset
[I](2020-03-29  09:41:34 am)Reset
[I](2020-03-29  09:42:39 am)Reset
[I](2020-03-29  09:42:39 am)Reset
[I](2020-03-29  09:42:51 am)Reset
[I](2020-03-29  09:43:54 am)Reset
[I](2020-03-29  09:44:29 am)Reset
[I](2020-03-29  09:44:38 am)Reset
[I](2020-03-29  09:45:01 am)Reset
[I](2020-03-29  09:45:43 am)Reset
[I](2020-03-29  09:45:47 am)Reset
[I](2020-03-29  09:50:32 am)작업 시작 [Start d:626]
[I](2020-03-29  09:50:32 am)Nc File: [No.0002-517.NC]
[I](2020-03-29  09:50:32 am)  * Start Machine Position
[I](2020-03-29  09:50:32 am)    X:    258.4429
[I](2020-03-29  09:50:32 am)    Y:   -337.0163
[I](2020-03-29  09:50:32 am)    U:     -0.1073
[I](2020-03-29  09:50:32 am)    V:      0.0345
[I](2020-03-29  09:50:32 am)    Z:     78.8884
[I](2020-03-29  09:50:32 am)  * Angle
[I](2020-03-29  09:50:32 am)    Ar:      0.7988,Kr:      0.0000
[I](2020-03-29  09:50:32 am)    Taper_Ar:      0.0000
[I](2020-03-29  09:50:39 am)작업중 정지 [d:0][t:00:00:07]
[I](2020-03-29  09:50:39 am)    [LNo:0002] 000010/000066
[I](2020-03-29  09:50:39 am)작업중 M코드정지 [d:0][t:00:00:07]
[I](2020-03-29  09:50:49 am)작업중 정지 [d:0][t:00:00:17]
[I](2020-03-29  09:50:49 am)    [LNo:0002] 000018/000066
[A](2020-03-29  09:50:49 am)[001] 와이어 미동작
[I](2020-03-29  10:24:52 am)작업중 정지 [d:34][t:00:34:19]
[I](2020-03-29  10:24:52 am)    [LNo:0002] 000032/000066
[I](2020-03-29  10:24:52 am)작업중 M코드정지 [d:34][t:00:34:20]
[I](2020-03-29  10:26:15 am)작업중 정지 [d:34][t:00:35:42]
[I](2020-03-29  10:26:15 am)    [LNo:0002] 000034/000066
[I](2020-03-29  10:26:15 am)작업중 M코드정지 [d:34][t:00:35:42]
[I](2020-03-29  10:48:29 am)작업중 정지 [d:56][t:00:57:57]
[I](2020-03-29  10:48:29 am)    [LNo:0002] 000059/000066
[I](2020-03-29  10:48:51 am)Reset
[I](2020-03-29  10:48:53 am)작업 시작 [Start d:682]
[I](2020-03-29  10:48:53 am)Nc File: [No.0002-517.NC]
[I](2020-03-29  10:48:53 am)  * Start Machine Position
[I](2020-03-29  10:48:53 am)    X:    258.4429
[I](2020-03-29  10:48:53 am)    Y:   -337.0163
[I](2020-03-29  10:48:53 am)    U:     -0.1073
[I](2020-03-29  10:48:53 am)    V:      0.0345
[I](2020-03-29  10:48:53 am)    Z:     78.8884
[I](2020-03-29  10:48:53 am)  * Angle
[I](2020-03-29  10:48:53 am)    Ar:      0.7988,Kr:      0.0000
[I](2020-03-29  10:48:53 am)    Taper_Ar:      0.0000
[I](2020-03-29  10:49:00 am)작업중 정지 [d:0][t:00:00:07]
[I](2020-03-29  10:49:00 am)    [LNo:0002] 000010/000066
[I](2020-03-29  10:49:00 am)작업중 M코드정지 [d:0][t:00:00:07]
[I](2020-03-29  10:49:03 am)작업중 정지 [d:0][t:00:00:10]
[I](2020-03-29  10:49:03 am)    [LNo:0002] 000013/000066
[I](2020-03-29  10:49:05 am)작업중 정지 [d:0][t:00:00:11]
[I](2020-03-29  10:49:05 am)    [LNo:0002] 000016/000066
[I](2020-03-29  10:49:06 am)작업중 정지 [d:0][t:00:00:12]
[I](2020-03-29  10:49:06 am)    [LNo:0002] 000016/000066
[I](2020-03-29  10:49:07 am)작업중 정지 [d:0][t:00:00:14]
[I](2020-03-29  10:49:07 am)    [LNo:0002] 000016/000066
[I](2020-03-29  10:49:08 am)작업중 정지 [d:0][t:00:00:15]
[I](2020-03-29  10:49:08 am)    [LNo:0002] 000016/000066
[I](2020-03-29  10:49:17 am)작업중 정지 [d:0][t:00:00:24]
[I](2020-03-29  10:49:17 am)    [LNo:0002] 000017/000066
[A](2020-03-29  10:49:18 am)[001] 와이어 미동작
[I](2020-03-29  10:49:19 am)작업중 정지 [d:0][t:00:00:25]
[I](2020-03-29  10:49:19 am)    [LNo:0002] 000018/000066
[I](2020-03-29  10:49:20 am)작업중 정지 [d:0][t:00:00:27]
[I](2020-03-29  10:49:20 am)    [LNo:0002] 000018/000066
[I](2020-03-29  10:49:41 am)작업중 정지 [d:0][t:00:00:47]
[I](2020-03-29  10:49:41 am)    [LNo:0002] 000032/000066
[I](2020-03-29  10:49:41 am)작업중 M코드정지 [d:0][t:00:00:47]
[I](2020-03-29  10:49:42 am)작업중 정지 [d:0][t:00:00:49]
[I](2020-03-29  10:49:42 am)    [LNo:0002] 000034/000066
[I](2020-03-29  10:49:42 am)작업중 M코드정지 [d:0][t:00:00:49]
[I](2020-03-29  10:51:56 am)작업중 정지 [d:2][t:00:03:03]
[I](2020-03-29  10:51:56 am)    [LNo:0002] 000059/000066
[I](2020-03-29  10:51:56 am)작업중 M코드정지 [d:2][t:00:03:03]
[I](2020-03-29  10:55:22 am)Reset
[I](2020-03-29  10:58:10 am)Reset
[I](2020-03-29  10:58:11 am)Reset
[I](2020-03-29  10:58:19 am)Reset
[I](2020-03-29  10:58:44 am)Reset
[I](2020-03-29  10:58:44 am)Reset
[I](2020-03-29  11:07:02 am)Reset
[I](2020-03-29  11:08:52 am)Reset
[I](2020-03-29  11:08:52 am)Reset
[I](2020-03-29  11:10:58 am)Reset
[I](2020-03-29  11:10:58 am)Reset
[I](2020-03-29  11:13:19 am)Reset
[I](2020-03-29  11:14:01 am)Reset
[I](2020-03-29  11:16:01 am)Reset
[I](2020-03-29  11:17:17 am)Reset
[I](2020-03-29  11:17:45 am)Reset
[I](2020-03-29  11:17:54 am)Reset
[I](2020-03-29  11:18:26 am)Reset
[I](2020-03-29  11:18:45 am)Reset
[I](2020-03-29  11:20:53 am)Reset
[I](2020-03-29  11:21:02 am)작업 시작 [Start d:684]
[I](2020-03-29  11:21:02 am)Nc File: [No.0003-518.NC]
[I](2020-03-29  11:21:02 am)  * Start Machine Position
[I](2020-03-29  11:21:02 am)    X:    240.3973
[I](2020-03-29  11:21:02 am)    Y:   -336.8683
[I](2020-03-29  11:21:02 am)    U:     -0.1563
[I](2020-03-29  11:21:02 am)    V:      0.1267
[I](2020-03-29  11:21:02 am)    Z:     78.8884
[I](2020-03-29  11:21:02 am)  * Angle
[I](2020-03-29  11:21:02 am)    Ar:     -0.2949,Kr:      0.0000
[I](2020-03-29  11:21:02 am)    Taper_Ar:      0.0000
[I](2020-03-29  11:21:03 am)작업중 정지 [d:0][t:00:00:01]
[I](2020-03-29  11:21:03 am)    [LNo:0003] 000065/000289
[I](2020-03-29  11:21:06 am)작업중 정지 [d:0][t:00:00:03]
[I](2020-03-29  11:21:06 am)    [LNo:0003] 000068/000289
[I](2020-03-29  11:21:22 am)작업중 정지 [d:0][t:00:00:20]
[I](2020-03-29  11:21:22 am)    [LNo:0003] 000078/000289
[I](2020-03-29  11:21:22 am)작업중 M코드정지 [d:0][t:00:00:20]
[I](2020-03-29  11:21:25 am)작업중 정지 [d:0][t:00:00:22]
[I](2020-03-29  11:21:25 am)    [LNo:0003] 000081/000289
[I](2020-03-29  11:21:25 am)작업중 M코드정지 [d:0][t:00:00:22]
[I](2020-03-29  11:54:59 am)작업중 정지 [d:33][t:00:33:56]
[I](2020-03-29  11:54:59 am)    [LNo:0003] 000107/000289
[I](2020-03-29  11:54:59 am)작업중 M코드정지 [d:33][t:00:33:56]
[I](2020-03-29  11:55:28 am)작업중 정지 [d:34][t:00:34:26]
[I](2020-03-29  11:55:28 am)    [LNo:0003] 000109/000289
[I](2020-03-29  11:55:28 am)작업중 M코드정지 [d:34][t:00:34:26]
[I](2020-03-29  12:29:45 pm)작업중 정지 [d:68][t:01:08:43]
[I](2020-03-29  12:29:45 pm)    [LNo:0003] 000131/000289
[I](2020-03-29  12:29:46 pm)작업중 M코드정지 [d:68][t:01:08:43]
[I](2020-03-29  12:30:13 pm)Reset
[I](2020-03-29  12:30:13 pm)Reset
[I](2020-03-29  12:30:32 pm)작업 시작 [Start d:752]
[I](2020-03-29  12:30:32 pm)Nc File: [No.0003-518.NC]
[I](2020-03-29  12:30:32 pm)  * Start Machine Position
[I](2020-03-29  12:30:32 pm)    X:    240.3973
[I](2020-03-29  12:30:32 pm)    Y:   -336.8683
[I](2020-03-29  12:30:32 pm)    U:     -0.1563
[I](2020-03-29  12:30:32 pm)    V:      0.1267
[I](2020-03-29  12:30:32 pm)    Z:     78.8884
[I](2020-03-29  12:30:32 pm)  * Angle
[I](2020-03-29  12:30:32 pm)    Ar:     -0.2949,Kr:      0.0000
[I](2020-03-29  12:30:32 pm)    Taper_Ar:      0.0000
[I](2020-03-29  12:30:40 pm)작업중 정지 [d:0][t:00:00:07]
[I](2020-03-29  12:30:40 pm)    [LNo:0003] 000078/000289
[I](2020-03-29  12:30:40 pm)작업중 M코드정지 [d:0][t:00:00:07]
[I](2020-03-29  12:30:41 pm)작업중 정지 [d:0][t:00:00:09]
[I](2020-03-29  12:30:41 pm)    [LNo:0003] 000081/000289
[I](2020-03-29  12:30:41 pm)작업중 M코드정지 [d:0][t:00:00:09]
[I](2020-03-29  12:30:43 pm)작업중 정지 [d:0][t:00:00:10]
[I](2020-03-29  12:30:43 pm)    [LNo:0003] 000083/000289
[I](2020-03-29  12:30:43 pm)작업중 M코드정지 [d:0][t:00:00:10]
[I](2020-03-29  12:31:04 pm)작업중 정지 [d:0][t:00:00:31]
[I](2020-03-29  12:31:04 pm)    [LNo:0003] 000107/000289
[I](2020-03-29  12:31:04 pm)작업중 M코드정지 [d:0][t:00:00:31]
[I](2020-03-29  12:31:29 pm)작업중 정지 [d:0][t:00:00:56]
[I](2020-03-29  12:31:29 pm)    [LNo:0003] 000109/000289
[I](2020-03-29  12:31:29 pm)작업중 M코드정지 [d:0][t:00:00:56]
[I](2020-03-29  12:36:30 pm)작업중 정지 [d:5][t:00:05:58]
[I](2020-03-29  12:36:30 pm)    [LNo:0003] 000132/000289
[I](2020-03-29  12:36:30 pm)작업중 M코드정지 [d:5][t:00:05:58]
[I](2020-03-29  12:38:03 pm)Reset
[I](2020-03-29  12:38:03 pm)Reset
[I](2020-03-29  12:38:14 pm)Reset
[I](2020-03-29  12:38:15 pm)Reset
[I](2020-03-29  12:38:15 pm)Reset
[I](2020-03-29  12:40:15 pm)Reset
[I](2020-03-29  12:40:15 pm)Reset
[I](2020-03-29  12:46:18 pm)Reset
[I](2020-03-29  12:46:34 pm)Reset
[I](2020-03-29  12:46:34 pm)Reset
[I](2020-03-29  12:47:05 pm)작업 시작 [Start d:757]
[I](2020-03-29  12:47:05 pm)Nc File: [No.0003-518.NC]
[I](2020-03-29  12:47:05 pm)  * Start Machine Position
[I](2020-03-29  12:47:05 pm)    X:    259.8475
[I](2020-03-29  12:47:05 pm)    Y:   -333.5284
[I](2020-03-29  12:47:05 pm)    U:     -0.1728
[I](2020-03-29  12:47:05 pm)    V:     -0.5403
[I](2020-03-29  12:47:05 pm)    Z:     78.8884
[I](2020-03-29  12:47:05 pm)  * Angle
[I](2020-03-29  12:47:05 pm)    Ar:      0.7644,Kr:      0.0000
[I](2020-03-29  12:47:05 pm)    Taper_Ar:      0.0000
[I](2020-03-29  12:47:12 pm)작업중 정지 [d:0][t:00:00:07]
[I](2020-03-29  12:47:12 pm)    [LNo:0003] 000151/000289
[I](2020-03-29  12:47:12 pm)작업중 M코드정지 [d:0][t:00:00:07]
[I](2020-03-29  12:47:15 pm)작업중 정지 [d:0][t:00:00:09]
[I](2020-03-29  12:47:15 pm)    [LNo:0003] 000154/000289
[I](2020-03-29  12:47:15 pm)작업중 M코드정지 [d:0][t:00:00:09]
[I](2020-03-29  12:47:16 pm)작업중 정지 [d:0][t:00:00:10]
[I](2020-03-29  12:47:16 pm)    [LNo:0003] 000156/000289
[I](2020-03-29  12:47:16 pm)작업중 M코드정지 [d:0][t:00:00:10]
[I](2020-03-29  12:47:34 pm)작업중 정지 [d:0][t:00:00:28]
[I](2020-03-29  12:47:34 pm)    [LNo:0003] 000178/000289
[I](2020-03-29  12:47:36 pm)작업 재시작
[I](2020-03-29  12:47:39 pm)작업중 정지 [d:0][t:00:00:34]
[I](2020-03-29  12:47:39 pm)    [LNo:0003] 000181/000289
[I](2020-03-29  12:49:49 pm)Reset
[I](2020-03-29  12:49:49 pm)Reset
[I](2020-03-29  12:49:58 pm)작업 시작 [Start d:757]
[I](2020-03-29  12:49:58 pm)Nc File: [No.0003-518.NC]
[I](2020-03-29  12:49:58 pm)  * Start Machine Position
[I](2020-03-29  12:49:58 pm)    X:    259.8475
[I](2020-03-29  12:49:58 pm)    Y:   -333.5284
[I](2020-03-29  12:49:58 pm)    U:     -0.1728
[I](2020-03-29  12:49:58 pm)    V:     -0.5403
[I](2020-03-29  12:49:58 pm)    Z:     78.8884
[I](2020-03-29  12:49:58 pm)  * Angle
[I](2020-03-29  12:49:58 pm)    Ar:      0.7644,Kr:      0.0000
[I](2020-03-29  12:49:58 pm)    Taper_Ar:      0.0000
[I](2020-03-29  12:50:00 pm)작업중 정지 [d:0][t:00:00:02]
[I](2020-03-29  12:50:00 pm)    [LNo:0003] 000151/000289
[I](2020-03-29  12:50:00 pm)작업중 M코드정지 [d:0][t:00:00:02]
[I](2020-03-29  12:50:01 pm)작업중 정지 [d:0][t:00:00:03]
[I](2020-03-29  12:50:01 pm)    [LNo:0003] 000154/000289
[I](2020-03-29  12:50:01 pm)작업중 M코드정지 [d:0][t:00:00:03]
[I](2020-03-29  12:50:02 pm)작업중 정지 [d:0][t:00:00:03]
[I](2020-03-29  12:50:02 pm)    [LNo:0003] 000156/000289
[I](2020-03-29  12:50:02 pm)작업중 M코드정지 [d:0][t:00:00:03]
[I](2020-03-29  12:50:08 pm)작업중 정지 [d:0][t:00:00:10]
[I](2020-03-29  12:50:08 pm)    [LNo:0003] 000163/000289
[I](2020-03-29  12:50:08 pm)작업중 M코드정지 [d:0][t:00:00:10]
[I](2020-03-29  12:54:58 pm)작업중 정지 [d:4][t:00:05:00]
[I](2020-03-29  12:54:58 pm)    [LNo:0003] 000178/000289
[A](2020-03-29  12:54:58 pm)[008] 작업중 단선(AWF Feed Motor Stop )
[I](2020-03-29  12:54:58 pm)작업중 Wire 단선 [d:4][t:00:05:00]
[I](2020-03-29  12:57:04 pm)작업 재시작
[I](2020-03-29  01:27:17 pm)작업중 정지 [d:34][t:00:37:19]
[I](2020-03-29  01:27:17 pm)    [LNo:0003] 000182/000289
[I](2020-03-29  01:27:17 pm)작업중 M코드정지 [d:34][t:00:37:19]
[I](2020-03-29  01:32:20 pm)작업중 정지 [d:34][t:00:42:22]
[I](2020-03-29  01:32:20 pm)    [LNo:0003] 000184/000289
[I](2020-03-29  01:32:21 pm)작업중 M코드정지 [d:34][t:00:42:22]
[I](2020-03-29  01:53:16 pm)작업중 정지 [d:53][t:01:03:18]
[I](2020-03-29  01:53:16 pm)    [LNo:0003] 000208/000289
[I](2020-03-29  01:53:16 pm)작업중 M코드정지 [d:53][t:01:03:18]
[I](2020-03-29  01:53:32 pm)작업중 정지 [d:53][t:01:03:33]
[I](2020-03-29  01:53:32 pm)    [LNo:0003] 000188/000289
[I](2020-03-29  01:53:54 pm)Reset
[I](2020-03-29  01:53:54 pm)Reset
[I](2020-03-29  01:54:11 pm)작업 시작 [Start d:810]
[I](2020-03-29  01:54:11 pm)Nc File: [No.0003-518.NC]
[I](2020-03-29  01:54:11 pm)  * Start Machine Position
[I](2020-03-29  01:54:11 pm)    X:    259.8475
[I](2020-03-29  01:54:11 pm)    Y:   -333.5284
[I](2020-03-29  01:54:11 pm)    U:     -0.1728
[I](2020-03-29  01:54:11 pm)    V:     -0.5403
[I](2020-03-29  01:54:11 pm)    Z:     78.8884
[I](2020-03-29  01:54:11 pm)  * Angle
[I](2020-03-29  01:54:11 pm)    Ar:      0.7644,Kr:      0.0000
[I](2020-03-29  01:54:11 pm)    Taper_Ar:      0.0000
[I](2020-03-29  01:54:19 pm)작업중 정지 [d:0][t:00:00:07]
[I](2020-03-29  01:54:19 pm)    [LNo:0003] 000151/000289
[I](2020-03-29  01:54:19 pm)작업중 M코드정지 [d:0][t:00:00:07]
[I](2020-03-29  01:54:21 pm)작업중 정지 [d:0][t:00:00:09]
[I](2020-03-29  01:54:21 pm)    [LNo:0003] 000154/000289
[I](2020-03-29  01:54:21 pm)작업중 M코드정지 [d:0][t:00:00:09]
[I](2020-03-29  01:54:37 pm)작업중 정지 [d:0][t:00:00:25]
[I](2020-03-29  01:54:37 pm)    [LNo:0003] 000182/000289
[I](2020-03-29  01:54:37 pm)작업중 M코드정지 [d:0][t:00:00:25]
[I](2020-03-29  01:56:41 pm)작업중 정지 [d:0][t:00:02:29]
[I](2020-03-29  01:56:41 pm)    [LNo:0003] 000184/000289
[I](2020-03-29  01:56:41 pm)작업중 M코드정지 [d:0][t:00:02:29]
[I](2020-03-29  02:02:41 pm)작업중 정지 [d:6][t:00:08:29]
[I](2020-03-29  02:02:41 pm)    [LNo:0003] 000209/000289
[I](2020-03-29  02:02:41 pm)작업중 M코드정지 [d:6][t:00:08:29]
[I](2020-03-29  02:11:21 pm)Reset
[I](2020-03-29  02:11:22 pm)Reset
[I](2020-03-29  02:11:32 pm)Reset
[I](2020-03-29  02:13:27 pm)Reset
[I](2020-03-29  02:13:27 pm)Reset
[I](2020-03-29  02:19:05 pm)Reset
[I](2020-03-29  02:19:23 pm)Reset
[I](2020-03-29  02:19:24 pm)Reset
[I](2020-03-29  02:20:06 pm)작업 시작 [Start d:816]
[I](2020-03-29  02:20:06 pm)Nc File: [No.0003-518.NC]
[I](2020-03-29  02:20:06 pm)  * Start Machine Position
[I](2020-03-29  02:20:06 pm)    X:    236.9943
[I](2020-03-29  02:20:06 pm)    Y:   -335.8461
[I](2020-03-29  02:20:06 pm)    U:     -0.0428
[I](2020-03-29  02:20:06 pm)    V:      0.1615
[I](2020-03-29  02:20:06 pm)    Z:     78.8884
[I](2020-03-29  02:20:06 pm)  * Angle
[I](2020-03-29  02:20:06 pm)    Ar:      0.6680,Kr:      0.0000
[I](2020-03-29  02:20:06 pm)    Taper_Ar:      0.0000
[I](2020-03-29  02:20:08 pm)작업중 정지 [d:0][t:00:00:02]
[I](2020-03-29  02:20:08 pm)    [LNo:0003] 000228/000289
[I](2020-03-29  02:20:08 pm)작업중 M코드정지 [d:0][t:00:00:02]
[I](2020-03-29  02:20:10 pm)작업중 정지 [d:0][t:00:00:03]
[I](2020-03-29  02:20:10 pm)    [LNo:0003] 000231/000289
[I](2020-03-29  02:20:10 pm)작업중 M코드정지 [d:0][t:00:00:03]
[I](2020-03-29  02:20:10 pm)작업중 정지 [d:0][t:00:00:04]
[I](2020-03-29  02:20:10 pm)    [LNo:0003] 000233/000289
[I](2020-03-29  02:20:10 pm)작업중 M코드정지 [d:0][t:00:00:04]
[I](2020-03-29  02:20:17 pm)작업중 정지 [d:0][t:00:00:10]
[I](2020-03-29  02:20:17 pm)    [LNo:0003] 000240/000289
[I](2020-03-29  02:20:17 pm)작업중 M코드정지 [d:0][t:00:00:10]
[I](2020-03-29  02:48:11 pm)작업중 정지 [d:26][t:00:28:04]
[I](2020-03-29  02:48:11 pm)    [LNo:0003] 000257/000289
[I](2020-03-29  02:48:11 pm)작업중 M코드정지 [d:26][t:00:28:04]
[I](2020-03-29  02:54:37 pm)작업중 정지 [d:26][t:00:34:30]
[I](2020-03-29  02:54:37 pm)    [LNo:0003] 000259/000289
[I](2020-03-29  02:54:37 pm)작업중 M코드정지 [d:26][t:00:34:30]
[I](2020-03-29  03:44:05 pm)작업중 정지 [d:73][t:01:23:58]
[I](2020-03-29  03:44:05 pm)    [LNo:0003] 000282/000289
[I](2020-03-29  03:44:05 pm)작업중 M코드정지 [d:73][t:01:23:58]
[I](2020-03-29  03:44:28 pm)Reset
[I](2020-03-29  03:44:42 pm)Reset
[I](2020-03-29  03:45:01 pm)작업 시작 [Start d:889]
[I](2020-03-29  03:45:01 pm)Nc File: [No.0003-518.NC]
[I](2020-03-29  03:45:01 pm)  * Start Machine Position
[I](2020-03-29  03:45:01 pm)    X:    236.9943
[I](2020-03-29  03:45:01 pm)    Y:   -335.8461
[I](2020-03-29  03:45:01 pm)    U:     -0.0428
[I](2020-03-29  03:45:01 pm)    V:      0.1615
[I](2020-03-29  03:45:01 pm)    Z:     78.8884
[I](2020-03-29  03:45:01 pm)  * Angle
[I](2020-03-29  03:45:01 pm)    Ar:      0.6680,Kr:      0.0000
[I](2020-03-29  03:45:01 pm)    Taper_Ar:      0.0000
[I](2020-03-29  03:45:03 pm)작업중 정지 [d:0][t:00:00:02]
[I](2020-03-29  03:45:03 pm)    [LNo:0003] 000228/000289
[I](2020-03-29  03:45:03 pm)작업중 M코드정지 [d:0][t:00:00:02]
[I](2020-03-29  03:45:05 pm)작업중 정지 [d:0][t:00:00:04]
[I](2020-03-29  03:45:05 pm)    [LNo:0003] 000231/000289
[I](2020-03-29  03:45:05 pm)작업중 M코드정지 [d:0][t:00:00:04]
[I](2020-03-29  03:45:06 pm)작업중 정지 [d:0][t:00:00:05]
[I](2020-03-29  03:45:06 pm)    [LNo:0003] 000233/000289
[I](2020-03-29  03:45:06 pm)작업중 M코드정지 [d:0][t:00:00:05]
[I](2020-03-29  03:45:20 pm)작업중 정지 [d:0][t:00:00:19]
[I](2020-03-29  03:45:20 pm)    [LNo:0003] 000257/000289
[I](2020-03-29  03:45:20 pm)작업중 M코드정지 [d:0][t:00:00:19]
[I](2020-03-29  03:45:24 pm)작업중 정지 [d:0][t:00:00:23]
[I](2020-03-29  03:45:24 pm)    [LNo:0003] 000259/000289
[I](2020-03-29  03:45:24 pm)작업중 M코드정지 [d:0][t:00:00:23]
[I](2020-03-29  03:56:34 pm)작업중 정지 [d:11][t:00:11:33]
[I](2020-03-29  03:56:34 pm)    [LNo:0003] 000282/000289
[I](2020-03-29  03:56:34 pm)작업중 M코드정지 [d:11][t:00:11:33]
[I](2020-03-29  04:16:04 pm)Reset
[I](2020-03-29  04:16:04 pm)Reset
[I](2020-03-29  04:16:15 pm)Reset
[I](2020-03-29  04:16:15 pm)Reset
[I](2020-03-29  04:19:40 pm)Reset
[I](2020-03-29  04:19:41 pm)Reset
[I](2020-03-29  04:21:29 pm)Reset
[I](2020-03-29  04:24:25 pm)Reset
[I](2020-03-29  04:24:39 pm)Reset
[I](2020-03-29  04:24:40 pm)Reset
[I](2020-03-29  04:29:02 pm)작업 시작 [Start d:900]
[I](2020-03-29  04:29:02 pm)Nc File: [No.0004-521.NC]
[I](2020-03-29  04:29:02 pm)  * Start Machine Position
[I](2020-03-29  04:29:02 pm)    X:    345.0254
[I](2020-03-29  04:29:02 pm)    Y:   -385.1109
[I](2020-03-29  04:29:02 pm)    U:     -0.1046
[I](2020-03-29  04:29:02 pm)    V:      0.4902
[I](2020-03-29  04:29:02 pm)    Z:     39.2284
[I](2020-03-29  04:29:02 pm)  * Angle
[I](2020-03-29  04:29:02 pm)    Ar:     -0.1532,Kr:      0.0000
[I](2020-03-29  04:29:02 pm)    Taper_Ar:      0.0000
[I](2020-03-29  04:29:04 pm)작업중 정지 [d:0][t:00:00:02]
[I](2020-03-29  04:29:04 pm)    [LNo:0004] 000010/000135
[I](2020-03-29  04:29:05 pm)작업중 M코드정지 [d:0][t:00:00:02]
[I](2020-03-29  04:29:25 pm)작업중 정지 [d:0][t:00:00:22]
[I](2020-03-29  04:29:25 pm)    [LNo:0004] 000021/000135
[I](2020-03-29  04:29:25 pm)작업중 30sec 접촉 정지 [d:0][t:00:00:22]
[I](2020-03-29  04:29:38 pm)작업 재시작
[I](2020-03-29  04:29:43 pm)작업중 정지 [d:0][t:00:00:41]
[I](2020-03-29  04:29:43 pm)    [LNo:0004] 000021/000135
[I](2020-03-29  04:29:43 pm)작업중 30sec 접촉 정지 [d:0][t:00:00:41]
[I](2020-03-29  04:30:56 pm)Reset
[I](2020-03-29  04:30:56 pm)Reset
[I](2020-03-29  04:30:57 pm)Reset
[I](2020-03-29  04:31:29 pm)Reset
[I](2020-03-29  04:31:29 pm)Reset
[I](2020-03-29  04:32:08 pm)Reset
[I](2020-03-29  04:32:27 pm)Reset
[I](2020-03-29  04:33:20 pm)작업 시작 [Start d:900]
[I](2020-03-29  04:33:20 pm)Nc File: [No.0004-521.NC]
[I](2020-03-29  04:33:20 pm)  * Start Machine Position
[I](2020-03-29  04:33:20 pm)    X:    329.9499
[I](2020-03-29  04:33:20 pm)    Y:   -385.0628
[I](2020-03-29  04:33:20 pm)    U:     -0.1046
[I](2020-03-29  04:33:20 pm)    V:      0.4902
[I](2020-03-29  04:33:20 pm)    Z:     39.2284
[I](2020-03-29  04:33:20 pm)  * Angle
[I](2020-03-29  04:33:20 pm)    Ar:     -0.1532,Kr:      0.0000
[I](2020-03-29  04:33:20 pm)    Taper_Ar:      0.0000
[I](2020-03-29  04:33:23 pm)작업중 정지 [d:0][t:00:00:02]
[I](2020-03-29  04:33:23 pm)    [LNo:0004] 000010/000135
[I](2020-03-29  04:33:23 pm)작업중 M코드정지 [d:0][t:00:00:02]
[I](2020-03-29  04:42:49 pm)작업중 정지 [d:9][t:00:09:28]
[I](2020-03-29  04:42:49 pm)    [LNo:0004] 000030/000135
[I](2020-03-29  04:42:49 pm)작업중 M코드정지 [d:9][t:00:09:29]
[I](2020-03-29  04:43:10 pm)작업중 정지 [d:9][t:00:09:49]
[I](2020-03-29  04:43:10 pm)    [LNo:0004] 000032/000135
[I](2020-03-29  04:43:10 pm)작업중 M코드정지 [d:9][t:00:09:49]
[I](2020-03-29  04:45:52 pm)작업중 정지 [d:11][t:00:12:31]
[I](2020-03-29  04:45:52 pm)    [LNo:0004] 000054/000135
[I](2020-03-29  04:45:52 pm)작업중 M코드정지 [d:11][t:00:12:31]
[I](2020-03-29  04:49:44 pm)Reset
[I](2020-03-29  04:52:56 pm)Reset
[I](2020-03-29  04:52:56 pm)Reset
[I](2020-03-29  04:53:28 pm)Reset
[I](2020-03-29  04:53:28 pm)Reset
[I](2020-03-29  04:57:01 pm)Reset
[I](2020-03-29  04:57:47 pm)Reset
[I](2020-03-29  04:58:20 pm)Reset
[I](2020-03-29  04:58:51 pm)Reset
[I](2020-03-29  04:58:59 pm)Reset
[I](2020-03-29  04:59:14 pm)Reset
[I](2020-03-29  04:59:20 pm)Reset
[I](2020-03-29  05:00:57 pm)Reset
[I](2020-03-29  05:02:00 pm)Reset
[I](2020-03-29  05:02:08 pm)작업 시작 [Start d:911]
[I](2020-03-29  05:02:08 pm)Nc File: [No.0004-521.NC]
[I](2020-03-29  05:02:08 pm)  * Start Machine Position
[I](2020-03-29  05:02:08 pm)    X:    362.3737
[I](2020-03-29  05:02:08 pm)    Y:   -390.9226
[I](2020-03-29  05:02:08 pm)    U:     -0.0139
[I](2020-03-29  05:02:08 pm)    V:     -0.0003
[I](2020-03-29  05:02:08 pm)    Z:     51.2879
[I](2020-03-29  05:02:08 pm)  * Angle
[I](2020-03-29  05:02:08 pm)    Ar:      1.6182,Kr:      0.0000
[I](2020-03-29  05:02:08 pm)    Taper_Ar:      0.0000
[I](2020-03-29  05:02:08 pm)작업중 정지 [d:0][t:00:00:00]
[I](2020-03-29  05:02:08 pm)    [LNo:0004] 000061/000135
[I](2020-03-29  05:02:21 pm)Reset
[I](2020-03-29  05:02:29 pm)Reset
[I](2020-03-29  05:02:34 pm)작업 시작 [Start d:911]
[I](2020-03-29  05:02:34 pm)Nc File: [No.0004-521.NC]
[I](2020-03-29  05:02:34 pm)  * Start Machine Position
[I](2020-03-29  05:02:34 pm)    X:    362.3737
[I](2020-03-29  05:02:34 pm)    Y:   -390.9226
[I](2020-03-29  05:02:34 pm)    U:     -0.0139
[I](2020-03-29  05:02:34 pm)    V:     -0.0003
[I](2020-03-29  05:02:34 pm)    Z:     51.2879
[I](2020-03-29  05:02:34 pm)  * Angle
[I](2020-03-29  05:02:34 pm)    Ar:      1.6182,Kr:      0.0000
[I](2020-03-29  05:02:34 pm)    Taper_Ar:      0.0000
[I](2020-03-29  05:02:34 pm)작업중 정지 [d:0][t:00:00:00]
[I](2020-03-29  05:02:34 pm)    [LNo:0004] 000061/000135
[I](2020-03-29  05:02:48 pm)작업중 정지 [d:0][t:00:00:13]
[I](2020-03-29  05:02:48 pm)    [LNo:0004] 000074/000135
[I](2020-03-29  05:02:48 pm)작업중 M코드정지 [d:0][t:00:00:13]
[I](2020-03-29  05:02:50 pm)작업중 정지 [d:0][t:00:00:16]
[I](2020-03-29  05:02:50 pm)    [LNo:0004] 000077/000135
[I](2020-03-29  05:02:50 pm)작업중 M코드정지 [d:0][t:00:00:16]
[I](2020-03-29  05:02:52 pm)작업중 정지 [d:0][t:00:00:18]
[I](2020-03-29  05:02:52 pm)    [LNo:0004] 000079/000135
[I](2020-03-29  05:02:52 pm)작업중 M코드정지 [d:0][t:00:00:18]
[I](2020-03-29  05:03:27 pm)작업중 정지 [d:0][t:00:00:52]
[I](2020-03-29  05:03:27 pm)    [LNo:0004] 000099/000135
[A](2020-03-29  05:03:27 pm)[008] 작업중 단선(AWF Feed Motor Stop )
[I](2020-03-29  05:03:27 pm)작업중 Wire 단선 [d:0][t:00:00:52]
[I](2020-03-29  05:04:34 pm)작업 재시작
[I](2020-03-29  05:17:15 pm)작업중 정지 [d:12][t:00:14:41]
[I](2020-03-29  05:17:15 pm)    [LNo:0004] 000103/000135
[I](2020-03-29  05:17:15 pm)작업중 M코드정지 [d:12][t:00:14:41]
[I](2020-03-29  05:19:59 pm)작업중 정지 [d:12][t:00:17:25]
[I](2020-03-29  05:19:59 pm)    [LNo:0004] 000105/000135
[I](2020-03-29  05:19:59 pm)작업중 M코드정지 [d:12][t:00:17:25]
[I](2020-03-29  05:22:29 pm)작업중 정지 [d:15][t:00:19:55]
[I](2020-03-29  05:22:29 pm)    [LNo:0004] 000127/000135
[I](2020-03-29  05:22:29 pm)작업중 M코드정지 [d:15][t:00:19:55]
[I](2020-03-29  05:26:29 pm)Reset
[I](2020-03-29  05:26:29 pm)Reset
[I](2020-03-29  05:26:30 pm)Reset
[I](2020-03-29  05:26:41 pm)Reset
[I](2020-03-29  05:26:42 pm)Reset
[I](2020-03-29  05:26:51 pm)Reset
[I](2020-03-29  05:26:51 pm)Reset
[I](2020-03-29  05:27:56 pm)Reset
[I](2020-03-29  05:32:10 pm)Reset
[I](2020-03-29  05:32:10 pm)Reset
[I](2020-03-29  05:32:15 pm)Reset
[I](2020-03-29  05:44:37 pm)Reset
[I](2020-03-29  05:45:37 pm)Reset
[I](2020-03-29  05:47:35 pm)Reset
[I](2020-03-29  05:47:35 pm)Reset
[I](2020-03-29  05:50:42 pm)Reset
[I](2020-03-29  05:50:43 pm)Reset
[I](2020-03-29  05:52:28 pm)작업 시작 [Start d:926]
[I](2020-03-29  05:52:28 pm)Nc File: [No.0005-498.NC]
[I](2020-03-29  05:52:28 pm)  * Start Machine Position
[I](2020-03-29  05:52:28 pm)    X:     13.9853
[I](2020-03-29  05:52:28 pm)    Y:   -266.1291
[I](2020-03-29  05:52:28 pm)    U:      0.0000
[I](2020-03-29  05:52:28 pm)    V:      0.0000
[I](2020-03-29  05:52:28 pm)    Z:     25.4261
[I](2020-03-29  05:52:28 pm)  * Angle
[I](2020-03-29  05:52:28 pm)    Ar:      0.1521,Kr:      0.0000
[I](2020-03-29  05:52:28 pm)    Taper_Ar:      0.0000
[I](2020-03-29  05:53:05 pm)작업중 정지 [d:0][t:00:00:36]
[I](2020-03-29  05:53:05 pm)    [LNo:0005] 000645/000975
[I](2020-03-29  05:55:28 pm)Reset
[I](2020-03-29  05:55:28 pm)Reset
[I](2020-03-29  05:55:29 pm)Reset
[I](2020-03-29  05:55:53 pm)작업 시작 [Start d:926]
[I](2020-03-29  05:55:53 pm)Nc File: [No.0005-498.NC]
[I](2020-03-29  05:55:53 pm)  * Start Machine Position
[I](2020-03-29  05:55:53 pm)    X:     13.9853
[I](2020-03-29  05:55:53 pm)    Y:   -266.1291
[I](2020-03-29  05:55:53 pm)    U:      0.0000
[I](2020-03-29  05:55:53 pm)    V:      0.0000
[I](2020-03-29  05:55:53 pm)    Z:     25.4261
[I](2020-03-29  05:55:53 pm)  * Angle
[I](2020-03-29  05:55:53 pm)    Ar:      0.1521,Kr:      0.0000
[I](2020-03-29  05:55:53 pm)    Taper_Ar:      0.0000
[I](2020-03-29  05:56:19 pm)작업중 정지 [d:0][t:00:00:26]
[I](2020-03-29  05:56:19 pm)    [LNo:0005] 000489/000975
[I](2020-03-29  05:57:46 pm)Reset
[I](2020-03-29  05:57:46 pm)Reset
[I](2020-03-29  05:57:58 pm)Reset
[I](2020-03-29  05:57:58 pm)Reset
[I](2020-03-29  05:58:07 pm)작업 시작 [Start d:926]
[I](2020-03-29  05:58:07 pm)Nc File: [No.0005-498.NC]
[I](2020-03-29  05:58:07 pm)  * Start Machine Position
[I](2020-03-29  05:58:07 pm)    X:     13.9853
[I](2020-03-29  05:58:07 pm)    Y:   -266.1291
[I](2020-03-29  05:58:07 pm)    U:      0.0000
[I](2020-03-29  05:58:07 pm)    V:      0.0000
[I](2020-03-29  05:58:07 pm)    Z:     25.4261
[I](2020-03-29  05:58:07 pm)  * Angle
[I](2020-03-29  05:58:07 pm)    Ar:      0.1521,Kr:      0.0000
[I](2020-03-29  05:58:07 pm)    Taper_Ar:      0.0000
[I](2020-03-29  05:58:25 pm)작업중 정지 [d:0][t:00:00:18]
[I](2020-03-29  05:58:25 pm)    [LNo:0005] 000010/000975
[I](2020-03-29  05:58:25 pm)작업중 M코드정지 [d:0][t:00:00:18]
[I](2020-03-29  06:00:08 pm)작업중 정지 [d:0][t:00:02:01]
[I](2020-03-29  06:00:08 pm)    [LNo:0005] 000181/000975
[I](2020-03-29  06:26:25 pm)작업중 정지 [d:25][t:00:28:18]
[I](2020-03-29  06:26:25 pm)    [LNo:0005] 000223/000975
[I](2020-03-29  06:26:25 pm)작업중 M코드정지 [d:25][t:00:28:18]
[I](2020-03-29  06:26:38 pm)작업중 정지 [d:25][t:00:28:31]
[I](2020-03-29  06:26:38 pm)    [LNo:0005] 000224/000975
[I](2020-03-29  06:27:02 pm)작업 재시작
[I](2020-03-29  06:27:09 pm)작업중 정지 [d:25][t:00:29:02]
[I](2020-03-29  06:27:09 pm)    [LNo:0005] 000225/000975
[I](2020-03-29  06:27:09 pm)작업중 M코드정지 [d:25][t:00:29:02]
[I](2020-03-29  06:27:17 pm)작업중 정지 [d:25][t:00:29:10]
[I](2020-03-29  06:27:17 pm)    [LNo:0005] 000263/000975
[I](2020-03-29  06:27:17 pm)작업중 M코드정지 [d:25][t:00:29:10]
[I](2020-03-29  06:49:43 pm)작업중 정지 [d:46][t:00:51:36]
[I](2020-03-29  06:49:43 pm)    [LNo:0005] 000330/000975
[I](2020-03-29  06:49:43 pm)작업중 M코드정지 [d:46][t:00:51:36]
[I](2020-03-29  06:51:49 pm)작업중 정지 [d:46][t:00:53:41]
[I](2020-03-29  06:51:49 pm)    [LNo:0005] 000332/000975
[I](2020-03-29  06:51:49 pm)작업중 M코드정지 [d:46][t:00:53:42]
[I](2020-03-29  06:54:11 pm)작업중 정지 [d:46][t:00:56:04]
[I](2020-03-29  06:54:11 pm)    [LNo:0005] 000371/000975
[I](2020-03-29  06:54:13 pm)작업중 정지 [d:46][t:00:56:06]
[I](2020-03-29  06:54:13 pm)    [LNo:0005] 000371/000975
[A](2020-03-29  06:54:13 pm)[010] 자동결선 Error(M21-절단실패)
[I](2020-03-29  07:04:04 pm)작업중 정지 [d:56][t:01:05:57]
[I](2020-03-29  07:04:04 pm)    [LNo:0005] 000411/000975
[I](2020-03-29  07:04:37 pm)작업 재시작
[I](2020-03-29  07:05:08 pm)작업중 정지 [d:56][t:01:07:01]
[I](2020-03-29  07:05:08 pm)    [LNo:0005] 000411/000975
[I](2020-03-29  07:06:27 pm)작업 재시작
[I](2020-03-29  07:06:37 pm)작업중 정지 [d:57][t:01:08:30]
[I](2020-03-29  07:06:37 pm)    [LNo:0005] 000411/000975
[I](2020-03-29  07:07:43 pm)작업 재시작
[I](2020-03-29  07:18:00 pm)작업중 정지 [d:67][t:01:19:53]
[I](2020-03-29  07:18:00 pm)    [LNo:0005] 000441/000975
[I](2020-03-29  07:18:00 pm)작업중 M코드정지 [d:67][t:01:19:53]
[I](2020-03-29  07:24:50 pm)Reset
[I](2020-03-29  07:24:51 pm)Reset
[I](2020-03-29  07:25:10 pm)작업 시작 [Start d:993]
[I](2020-03-29  07:25:10 pm)Nc File: [No.0006-527.NC]
[I](2020-03-29  07:25:10 pm)  * Start Machine Position
[I](2020-03-29  07:25:10 pm)    X:     13.9853
[I](2020-03-29  07:25:10 pm)    Y:   -266.1291
[I](2020-03-29  07:25:10 pm)    U:      0.0000
[I](2020-03-29  07:25:10 pm)    V:      0.0000
[I](2020-03-29  07:25:10 pm)    Z:     25.4261
[I](2020-03-29  07:25:10 pm)  * Angle
[I](2020-03-29  07:25:10 pm)    Ar:      0.1521,Kr:      0.0000
[I](2020-03-29  07:25:10 pm)    Taper_Ar:      0.0000
