[I](2020-05-05  12:03:42 am)Reset
[I](2020-05-05  12:03:42 am)Reset
[I](2020-05-05  12:03:49 am)Reset
[I](2020-05-05  12:03:49 am)Reset
[I](2020-05-05  01:18:36 am)Reset
[I](2020-05-05  01:45:31 am)Reset
[I](2020-05-05  01:45:52 am)Reset
[I](2020-05-05  01:46:19 am)Reset
[I](2020-05-05  01:46:48 am)Reset
[I](2020-05-05  01:47:12 am)Reset
[I](2020-05-05  01:47:19 am)Reset
[I](2020-05-05  01:47:30 am)Reset
[I](2020-05-05  01:49:05 am)Reset
[I](2020-05-05  01:49:29 am)Reset
[I](2020-05-05  01:49:56 am)Reset
[I](2020-05-05  01:50:28 am)Reset
[I](2020-05-05  01:50:58 am)Reset
[I](2020-05-05  01:51:23 am)Reset
[I](2020-05-05  01:51:53 am)Reset
[I](2020-05-05  01:52:20 am)Reset
[I](2020-05-05  01:52:26 am)Reset
[I](2020-05-05  01:52:39 am)Reset
[I](2020-05-05  01:52:43 am)Reset
[I](2020-05-05  02:00:13 am)Reset
[I](2020-05-05  02:05:55 am)Reset
[I](2020-05-05  02:06:23 am)Reset
[I](2020-05-05  02:08:08 am)Reset
[I](2020-05-05  02:08:33 am)Reset
[I](2020-05-05  02:09:01 am)Reset
[I](2020-05-05  02:09:07 am)Reset
[I](2020-05-05  02:09:08 am)Reset
[I](2020-05-05  02:09:20 am)Reset
[I](2020-05-05  02:09:23 am)Reset
[I](2020-05-05  02:12:52 am)Reset
[I](2020-05-05  02:12:52 am)Reset
[I](2020-05-05  02:13:33 am)Reset
[I](2020-05-05  02:13:59 am)Reset
[I](2020-05-05  02:14:29 am)Reset
[I](2020-05-05  02:14:54 am)Reset
[I](2020-05-05  02:14:59 am)Reset
[I](2020-05-05  02:15:10 am)Reset
[I](2020-05-05  02:15:13 am)Reset
[I](2020-05-05  02:15:54 am)작업 시작 [Start d:345]
[I](2020-05-05  02:15:54 am)Nc File: [No.0002-323.NC]
[I](2020-05-05  02:15:54 am)  * Start Machine Position
[I](2020-05-05  02:15:54 am)    X:     87.0757
[I](2020-05-05  02:15:54 am)    Y:   -365.5070
[I](2020-05-05  02:15:54 am)    U:     -0.0100
[I](2020-05-05  02:15:54 am)    V:     -0.0420
[I](2020-05-05  02:15:54 am)    Z:     25.9560
[I](2020-05-05  02:15:54 am)  * Angle
[I](2020-05-05  02:15:54 am)    Ar:      0.0000,Kr:      0.0000
[I](2020-05-05  02:15:54 am)    Taper_Ar:      0.0000
[I](2020-05-05  02:15:56 am)작업중 정지 [d:0][t:00:00:02]
[I](2020-05-05  02:15:56 am)    [LNo:0002] 000010/000293
[I](2020-05-05  02:15:56 am)작업중 M코드정지 [d:0][t:00:00:02]
[I](2020-05-05  02:29:08 am)작업중 정지 [d:9][t:00:13:14]
[I](2020-05-05  02:29:08 am)    [LNo:0002] 000030/000293
[I](2020-05-05  02:29:08 am)작업중 M코드정지 [d:9][t:00:13:14]
[I](2020-05-05  02:30:49 am)작업중 정지 [d:9][t:00:14:55]
[I](2020-05-05  02:30:49 am)    [LNo:0002] 000033/000293
[I](2020-05-05  02:30:49 am)작업중 M코드정지 [d:9][t:00:14:55]
[I](2020-05-05  02:33:22 am)작업중 정지 [d:11][t:00:17:28]
[I](2020-05-05  02:33:22 am)    [LNo:0002] 000058/000293
[I](2020-05-05  02:33:23 am)작업중 M코드정지 [d:11][t:00:17:28]
[I](2020-05-05  02:35:36 am)Reset
[I](2020-05-05  02:35:48 am)Reset
[I](2020-05-05  02:35:52 am)Reset
[I](2020-05-05  02:36:11 am)작업 시작 [Start d:356]
[I](2020-05-05  02:36:11 am)Nc File: [No.0002-323.NC]
[I](2020-05-05  02:36:11 am)  * Start Machine Position
[I](2020-05-05  02:36:11 am)    X:    262.7974
[I](2020-05-05  02:36:11 am)    Y:   -366.8152
[I](2020-05-05  02:36:11 am)    U:      0.0800
[I](2020-05-05  02:36:11 am)    V:     -0.1320
[I](2020-05-05  02:36:11 am)    Z:     25.9560
[I](2020-05-05  02:36:11 am)  * Angle
[I](2020-05-05  02:36:11 am)    Ar:      0.0000,Kr:      0.0000
[I](2020-05-05  02:36:11 am)    Taper_Ar:      0.0000
[I](2020-05-05  02:36:19 am)작업중 정지 [d:0][t:00:00:07]
[I](2020-05-05  02:36:19 am)    [LNo:0002] 000077/000293
[I](2020-05-05  02:36:19 am)작업중 M코드정지 [d:0][t:00:00:07]
[I](2020-05-05  02:36:21 am)작업중 정지 [d:0][t:00:00:09]
[I](2020-05-05  02:36:21 am)    [LNo:0002] 000080/000293
[I](2020-05-05  02:36:21 am)작업중 M코드정지 [d:0][t:00:00:09]
[I](2020-05-05  02:36:24 am)작업중 정지 [d:0][t:00:00:12]
[I](2020-05-05  02:36:24 am)    [LNo:0002] 000082/000293
[I](2020-05-05  02:36:24 am)작업중 M코드정지 [d:0][t:00:00:12]
[I](2020-05-05  02:44:25 am)작업중 정지 [d:8][t:00:08:13]
[I](2020-05-05  02:44:25 am)    [LNo:0002] 000106/000293
[I](2020-05-05  02:44:25 am)작업중 M코드정지 [d:8][t:00:08:13]
[I](2020-05-05  02:45:01 am)작업중 정지 [d:8][t:00:08:49]
[I](2020-05-05  02:45:01 am)    [LNo:0002] 000109/000293
[I](2020-05-05  02:45:01 am)작업중 M코드정지 [d:8][t:00:08:50]
[I](2020-05-05  02:47:13 am)작업중 정지 [d:10][t:00:11:01]
[I](2020-05-05  02:47:13 am)    [LNo:0002] 000133/000293
[I](2020-05-05  02:47:13 am)작업중 M코드정지 [d:10][t:00:11:01]
[I](2020-05-05  02:48:54 am)Reset
[I](2020-05-05  02:49:09 am)Reset
[I](2020-05-05  02:49:12 am)Reset
[I](2020-05-05  02:49:31 am)작업 시작 [Start d:366]
[I](2020-05-05  02:49:31 am)Nc File: [No.0002-323.NC]
[I](2020-05-05  02:49:31 am)  * Start Machine Position
[I](2020-05-05  02:49:31 am)    X:    386.2952
[I](2020-05-05  02:49:31 am)    Y:   -366.3881
[I](2020-05-05  02:49:31 am)    U:     -0.0600
[I](2020-05-05  02:49:31 am)    V:     -0.0120
[I](2020-05-05  02:49:31 am)    Z:     25.9560
[I](2020-05-05  02:49:31 am)  * Angle
[I](2020-05-05  02:49:31 am)    Ar:      0.0000,Kr:      0.0000
[I](2020-05-05  02:49:31 am)    Taper_Ar:      0.0000
[I](2020-05-05  02:49:38 am)작업중 정지 [d:0][t:00:00:07]
[I](2020-05-05  02:49:38 am)    [LNo:0002] 000153/000293
[I](2020-05-05  02:49:38 am)작업중 M코드정지 [d:0][t:00:00:07]
[I](2020-05-05  02:49:40 am)작업중 정지 [d:0][t:00:00:09]
[I](2020-05-05  02:49:40 am)    [LNo:0002] 000156/000293
[I](2020-05-05  02:49:40 am)작업중 M코드정지 [d:0][t:00:00:09]
[I](2020-05-05  02:49:42 am)작업중 정지 [d:0][t:00:00:11]
[I](2020-05-05  02:49:42 am)    [LNo:0002] 000158/000293
[I](2020-05-05  02:49:42 am)작업중 M코드정지 [d:0][t:00:00:11]
[I](2020-05-05  02:59:14 am)작업중 정지 [d:9][t:00:09:43]
[I](2020-05-05  02:59:14 am)    [LNo:0002] 000182/000293
[I](2020-05-05  02:59:15 am)작업중 M코드정지 [d:9][t:00:09:43]
[I](2020-05-05  03:07:02 am)작업중 정지 [d:9][t:00:17:30]
[I](2020-05-05  03:07:02 am)    [LNo:0002] 000185/000293
[I](2020-05-05  03:07:02 am)작업중 M코드정지 [d:9][t:00:17:31]
[I](2020-05-05  03:09:11 am)작업중 정지 [d:11][t:00:19:40]
[I](2020-05-05  03:09:11 am)    [LNo:0002] 000209/000293
[I](2020-05-05  03:09:11 am)작업중 M코드정지 [d:11][t:00:19:40]
[I](2020-05-05  03:10:20 am)Reset
[I](2020-05-05  03:10:22 am)Reset
[I](2020-05-05  03:10:32 am)Reset
[I](2020-05-05  03:10:35 am)Reset
[I](2020-05-05  03:10:46 am)작업 시작 [Start d:377]
[I](2020-05-05  03:10:46 am)Nc File: [No.0002-323.NC]
[I](2020-05-05  03:10:46 am)  * Start Machine Position
[I](2020-05-05  03:10:46 am)    X:    561.1593
[I](2020-05-05  03:10:46 am)    Y:   -372.5926
[I](2020-05-05  03:10:46 am)    U:     -0.0700
[I](2020-05-05  03:10:46 am)    V:     -0.0900
[I](2020-05-05  03:10:46 am)    Z:     25.9560
[I](2020-05-05  03:10:46 am)  * Angle
[I](2020-05-05  03:10:46 am)    Ar:      0.0000,Kr:      0.0000
[I](2020-05-05  03:10:46 am)    Taper_Ar:      0.0000
[I](2020-05-05  03:10:53 am)작업중 정지 [d:0][t:00:00:07]
[I](2020-05-05  03:10:53 am)    [LNo:0002] 000229/000293
[I](2020-05-05  03:10:53 am)작업중 M코드정지 [d:0][t:00:00:07]
[I](2020-05-05  03:10:56 am)작업중 정지 [d:0][t:00:00:09]
[I](2020-05-05  03:10:56 am)    [LNo:0002] 000232/000293
[I](2020-05-05  03:10:56 am)작업중 M코드정지 [d:0][t:00:00:09]
[I](2020-05-05  03:10:58 am)작업중 정지 [d:0][t:00:00:11]
[I](2020-05-05  03:10:58 am)    [LNo:0002] 000234/000293
[I](2020-05-05  03:10:58 am)작업중 M코드정지 [d:0][t:00:00:11]
[I](2020-05-05  03:18:48 am)작업중 정지 [d:8][t:00:08:01]
[I](2020-05-05  03:18:48 am)    [LNo:0002] 000258/000293
[I](2020-05-05  03:18:48 am)작업중 M코드정지 [d:8][t:00:08:01]
[I](2020-05-05  03:25:53 am)작업중 정지 [d:8][t:00:15:06]
[I](2020-05-05  03:25:53 am)    [LNo:0002] 000261/000293
[I](2020-05-05  03:25:53 am)작업중 M코드정지 [d:8][t:00:15:06]
[I](2020-05-05  03:29:06 am)작업중 정지 [d:10][t:00:18:19]
[I](2020-05-05  03:29:06 am)    [LNo:0002] 000285/000293
[I](2020-05-05  03:29:06 am)작업중 M코드정지 [d:10][t:00:18:19]
[I](2020-05-05  03:53:36 am)Reset
[I](2020-05-05  03:53:44 am)Reset
[I](2020-05-05  03:55:26 am)Reset
[I](2020-05-05  03:55:26 am)Reset
[I](2020-05-05  03:55:31 am)Reset
[I](2020-05-05  03:55:31 am)Reset
[I](2020-05-05  03:55:36 am)Reset
[I](2020-05-05  03:55:36 am)Reset
[I](2020-05-05  04:02:28 am)Reset
[I](2020-05-05  04:02:58 am)Reset
[I](2020-05-05  04:02:58 am)Reset
[I](2020-05-05  04:03:02 am)Reset
[I](2020-05-05  04:03:07 am)Reset
[I](2020-05-05  04:12:07 am)Reset
[I](2020-05-05  04:12:27 am)Reset
[I](2020-05-05  04:12:28 am)Reset
[I](2020-05-05  04:16:00 am)Reset
[I](2020-05-05  04:16:06 am)Reset
[I](2020-05-05  04:17:46 am)작업 시작 [Start d:387]
[I](2020-05-05  04:17:46 am)Nc File: [No.0003-301.NC]
[I](2020-05-05  04:17:46 am)  * Start Machine Position
[I](2020-05-05  04:17:46 am)    X:    162.2394
[I](2020-05-05  04:17:46 am)    Y:   -306.1460
[I](2020-05-05  04:17:46 am)    U:      0.0000
[I](2020-05-05  04:17:46 am)    V:      0.0000
[I](2020-05-05  04:17:46 am)    Z:      7.9033
[I](2020-05-05  04:17:46 am)  * Angle
[I](2020-05-05  04:17:46 am)    Ar:     -0.3175,Kr:      0.0000
[I](2020-05-05  04:17:46 am)    Taper_Ar:      0.0000
[I](2020-05-05  04:30:31 am)작업중 정지 [d:13][t:00:12:44]
[I](2020-05-05  04:30:31 am)    [LNo:0003] 000067/000854
[I](2020-05-05  04:30:31 am)작업중 30sec 접촉 정지 [d:13][t:00:12:44]
[I](2020-05-05  04:32:38 am)작업 재시작
[I](2020-05-05  04:33:07 am)작업중 정지 [d:13][t:00:15:20]
[I](2020-05-05  04:33:07 am)    [LNo:0003] 000068/000854
[I](2020-05-05  04:33:07 am)작업중 30sec 접촉 정지 [d:13][t:00:15:20]
[I](2020-05-05  04:34:50 am)작업 재시작
[I](2020-05-05  04:36:58 am)작업중 정지 [d:15][t:00:19:11]
[I](2020-05-05  04:36:58 am)    [LNo:0003] 000080/000854
[I](2020-05-05  04:36:58 am)작업중 30sec 접촉 정지 [d:15][t:00:19:11]
[I](2020-05-05  04:38:32 am)작업 재시작
[I](2020-05-05  04:39:38 am)작업중 정지 [d:16][t:00:21:51]
[I](2020-05-05  04:39:38 am)    [LNo:0003] 000086/000854
[I](2020-05-05  04:39:38 am)작업중 30sec 접촉 정지 [d:16][t:00:21:51]
[I](2020-05-05  04:40:06 am)작업 재시작
[I](2020-05-05  04:44:32 am)작업중 정지 [d:21][t:00:26:46]
[I](2020-05-05  04:44:32 am)    [LNo:0003] 000105/000854
[I](2020-05-05  04:44:32 am)작업중 M코드정지 [d:21][t:00:26:46]
[I](2020-05-05  04:44:53 am)작업중 정지 [d:21][t:00:27:06]
[I](2020-05-05  04:44:53 am)    [LNo:0003] 000107/000854
[I](2020-05-05  04:44:53 am)작업중 M코드정지 [d:21][t:00:27:06]
[I](2020-05-05  05:02:31 am)작업중 정지 [d:36][t:00:44:44]
[I](2020-05-05  05:02:31 am)    [LNo:0003] 000177/000854
[I](2020-05-05  05:02:31 am)작업중 30sec 접촉 정지 [d:36][t:00:44:44]
[A](2020-05-05  05:02:54 am)[091] Auto Door Sensor Abnormal
[I](2020-05-05  05:03:04 am)작업 재시작
[I](2020-05-05  05:03:54 am)작업중 정지 [d:37][t:00:46:07]
[I](2020-05-05  05:03:54 am)    [LNo:0003] 000183/000854
[I](2020-05-05  05:03:54 am)작업중 30sec 접촉 정지 [d:37][t:00:46:07]
[I](2020-05-05  05:05:19 am)작업 재시작
[I](2020-05-05  05:11:17 am)작업중 정지 [d:43][t:00:53:30]
[I](2020-05-05  05:11:17 am)    [LNo:0003] 000214/000854
[I](2020-05-05  05:11:17 am)작업중 M코드정지 [d:43][t:00:53:30]
[I](2020-05-05  05:20:07 am)작업중 정지 [d:43][t:01:02:20]
[I](2020-05-05  05:20:07 am)    [LNo:0003] 000216/000854
[I](2020-05-05  05:20:07 am)작업중 M코드정지 [d:43][t:01:02:20]
[I](2020-05-05  05:38:31 am)작업중 정지 [d:60][t:01:20:44]
[I](2020-05-05  05:38:31 am)    [LNo:0003] 000298/000854
[I](2020-05-05  05:38:31 am)작업중 30sec 접촉 정지 [d:60][t:01:20:44]
[I](2020-05-05  05:41:54 am)작업 재시작
[I](2020-05-05  05:51:07 am)작업중 정지 [d:69][t:01:33:21]
[I](2020-05-05  05:51:07 am)    [LNo:0003] 000347/000854
[I](2020-05-05  05:51:07 am)작업중 M코드정지 [d:69][t:01:33:21]
[I](2020-05-05  05:55:38 am)작업중 정지 [d:69][t:01:37:51]
[I](2020-05-05  05:55:38 am)    [LNo:0003] 000349/000854
[I](2020-05-05  05:55:38 am)작업중 M코드정지 [d:69][t:01:37:51]
[I](2020-05-05  06:14:35 am)작업중 정지 [d:87][t:01:56:48]
[I](2020-05-05  06:14:35 am)    [LNo:0003] 000437/000854
[I](2020-05-05  06:14:35 am)작업중 30sec 접촉 정지 [d:87][t:01:56:48]
[I](2020-05-05  06:19:07 am)작업 재시작
[I](2020-05-05  06:21:21 am)작업중 정지 [d:90][t:02:03:34]
[I](2020-05-05  06:21:21 am)    [LNo:0003] 000454/000854
[I](2020-05-05  06:21:21 am)작업중 30sec 접촉 정지 [d:90][t:02:03:34]
[I](2020-05-05  06:23:11 am)작업 재시작
[I](2020-05-05  06:29:32 am)작업중 정지 [d:97][t:02:11:45]
[I](2020-05-05  06:29:32 am)    [LNo:0003] 000480/000854
[I](2020-05-05  06:29:32 am)작업중 M코드정지 [d:97][t:02:11:45]
[I](2020-05-05  06:59:56 am)작업중 정지 [d:97][t:02:42:09]
[I](2020-05-05  06:59:56 am)    [LNo:0003] 000482/000854
[I](2020-05-05  06:59:56 am)작업중 M코드정지 [d:97][t:02:42:09]
[I](2020-05-05  08:02:25 am)작업중 정지 [d:115][t:03:44:38]
[I](2020-05-05  08:02:25 am)    [LNo:0003] 000588/000854
[I](2020-05-05  08:02:25 am)작업중 30sec 접촉 정지 [d:115][t:03:44:38]
[I](2020-05-05  08:10:35 am)작업 재시작
[I](2020-05-05  08:12:00 am)작업중 정지 [d:116][t:03:54:13]
[I](2020-05-05  08:12:00 am)    [LNo:0003] 000600/000854
[I](2020-05-05  08:12:00 am)작업중 30sec 접촉 정지 [d:116][t:03:54:13]
[I](2020-05-05  08:22:18 am)작업 재시작
[I](2020-05-05  08:22:56 am)작업중 정지 [d:116][t:04:05:09]
[I](2020-05-05  08:22:56 am)    [LNo:0003] 000606/000854
[I](2020-05-05  08:22:56 am)작업중 30sec 접촉 정지 [d:116][t:04:05:09]
[I](2020-05-05  08:23:07 am)작업 재시작
[I](2020-05-05  08:23:31 am)작업중 정지 [d:117][t:04:05:44]
[I](2020-05-05  08:23:31 am)    [LNo:0003] 000611/000854
[I](2020-05-05  08:23:31 am)작업중 30sec 접촉 정지 [d:117][t:04:05:44]
[I](2020-05-05  08:25:18 am)작업 재시작
[I](2020-05-05  08:34:04 am)작업중 정지 [d:125][t:04:16:17]
[I](2020-05-05  08:34:04 am)    [LNo:0003] 000661/000854
[I](2020-05-05  08:34:04 am)작업중 M코드정지 [d:125][t:04:16:17]
[I](2020-05-05  08:40:56 am)작업중 정지 [d:125][t:04:23:09]
[I](2020-05-05  08:40:56 am)    [LNo:0003] 000663/000854
[I](2020-05-05  08:40:56 am)작업중 M코드정지 [d:125][t:04:23:10]
[I](2020-05-05  09:05:40 am)작업중 정지 [d:148][t:04:47:53]
[I](2020-05-05  09:05:40 am)    [LNo:0003] 000768/000854
[I](2020-05-05  09:05:40 am)작업중 30sec 접촉 정지 [d:148][t:04:47:53]
[I](2020-05-05  09:07:55 am)작업 재시작
[I](2020-05-05  09:08:40 am)작업중 정지 [d:149][t:04:50:53]
[I](2020-05-05  09:08:40 am)    [LNo:0003] 000774/000854
[I](2020-05-05  09:08:40 am)작업중 30sec 접촉 정지 [d:149][t:04:50:53]
[I](2020-05-05  09:09:53 am)작업 재시작
[I](2020-05-05  09:21:37 am)작업중 정지 [d:161][t:05:03:50]
[I](2020-05-05  09:21:37 am)    [LNo:0003] 000841/000854
[I](2020-05-05  09:21:37 am)Wire Contact Auto Stop(M52)
[I](2020-05-05  09:21:53 am)작업 재시작
[I](2020-05-05  09:22:00 am)작업중 정지 [d:161][t:05:04:13]
[I](2020-05-05  09:22:00 am)    [LNo:0003] 000842/000854
[I](2020-05-05  09:22:00 am)작업중 M코드정지 [d:161][t:05:04:13]
[I](2020-05-05  09:48:21 am)Reset
[I](2020-05-05  09:48:22 am)Reset
[I](2020-05-05  09:48:31 am)Reset
[I](2020-05-05  10:06:31 am)Reset
[I](2020-05-05  10:14:50 am)Reset
[I](2020-05-05  10:14:50 am)Reset
[I](2020-05-05  10:17:49 am)Reset
[I](2020-05-05  10:17:49 am)Reset
[I](2020-05-05  10:21:04 am)Reset
[I](2020-05-05  10:21:05 am)Reset
[I](2020-05-05  10:27:28 am)Reset
[I](2020-05-05  10:27:28 am)Reset
[I](2020-05-05  10:43:40 am)작업 시작 [Start d:548]
[I](2020-05-05  10:43:40 am)Nc File: [No.0004-329.NC]
[I](2020-05-05  10:43:40 am)  * Start Machine Position
[I](2020-05-05  10:43:40 am)    X:     67.8662
[I](2020-05-05  10:43:40 am)    Y:   -368.6408
[I](2020-05-05  10:43:40 am)    U:      0.0000
[I](2020-05-05  10:43:40 am)    V:      0.0000
[I](2020-05-05  10:43:40 am)    Z:     38.6188
[I](2020-05-05  10:43:40 am)  * Angle
[I](2020-05-05  10:43:40 am)    Ar:      0.0000,Kr:      0.0000
[I](2020-05-05  10:43:40 am)    Taper_Ar:      0.0000
[I](2020-05-05  11:19:13 am)작업중 정지 [d:35][t:00:35:33]
[I](2020-05-05  11:19:13 am)    [LNo:0004] 000022/000050
[I](2020-05-05  11:19:13 am)작업중 M코드정지 [d:35][t:00:35:33]
[I](2020-05-05  11:23:19 am)작업중 정지 [d:36][t:00:39:39]
[I](2020-05-05  11:23:19 am)    [LNo:0004] 000024/000050
[I](2020-05-05  11:23:46 am)작업 재시작
[I](2020-05-05  11:24:10 am)작업중 정지 [d:36][t:00:40:30]
[I](2020-05-05  11:24:10 am)    [LNo:0004] 000026/000050
[I](2020-05-05  11:24:10 am)작업중 M코드정지 [d:36][t:00:40:30]
[I](2020-05-05  11:24:39 am)작업중 정지 [d:36][t:00:40:58]
[I](2020-05-05  11:24:39 am)    [LNo:0004] 000028/000050
[A](2020-05-05  11:24:49 am)[036] 자동결선 절단 공정 실패!!
[I](2020-05-05  11:28:56 am)Reset
[I](2020-05-05  11:28:56 am)Reset
[I](2020-05-05  11:29:37 am)작업 시작 [Start d:584]
[I](2020-05-05  11:29:37 am)Nc File: [No.0004-329.NC]
[I](2020-05-05  11:29:37 am)  * Start Machine Position
[I](2020-05-05  11:29:37 am)    X:     67.8662
[I](2020-05-05  11:29:37 am)    Y:   -368.6408
[I](2020-05-05  11:29:37 am)    U:      0.0000
[I](2020-05-05  11:29:37 am)    V:      0.0000
[I](2020-05-05  11:29:37 am)    Z:     38.6188
[I](2020-05-05  11:29:37 am)  * Angle
[I](2020-05-05  11:29:37 am)    Ar:      0.0000,Kr:      0.0000
[I](2020-05-05  11:29:37 am)    Taper_Ar:      0.0000
[I](2020-05-05  11:32:01 am)작업중 정지 [d:-583][t:00:02:24]
[I](2020-05-05  11:32:01 am)    [LNo:0004] 000021/000050
[I](2020-05-05  11:32:36 am)작업 재시작
[I](2020-05-05  11:32:40 am)작업중 정지 [d:-583][t:00:03:03]
[I](2020-05-05  11:32:40 am)    [LNo:0004] 000022/000050
[I](2020-05-05  11:32:40 am)작업중 M코드정지 [d:-583][t:00:03:03]
[I](2020-05-05  11:32:52 am)작업중 정지 [d:-583][t:00:03:15]
[I](2020-05-05  11:32:52 am)    [LNo:0004] 000026/000050
[I](2020-05-05  11:32:52 am)작업중 M코드정지 [d:-583][t:00:03:15]
[I](2020-05-05  11:36:58 am)
[I](2020-05-05  11:36:58 am)Work completed.
[I](2020-05-05  11:36:58 am)작업 끝.(M02) [d:-579][t:00:07:21]
[I](2020-05-05  11:45:40 am)Reset
[I](2020-05-05  11:45:40 am)Reset
[I](2020-05-05  11:45:46 am)Reset
[I](2020-05-05  11:47:38 am)Reset
[I](2020-05-05  12:02:15 pm)작업 시작 [Start d:5]
[I](2020-05-05  12:02:15 pm)Nc File: [No.0005-335.NC]
[I](2020-05-05  12:02:15 pm)  * Start Machine Position
[I](2020-05-05  12:02:15 pm)    X:     75.1850
[I](2020-05-05  12:02:15 pm)    Y:   -339.7272
[I](2020-05-05  12:02:15 pm)    U:      0.0000
[I](2020-05-05  12:02:15 pm)    V:      0.0000
[I](2020-05-05  12:02:15 pm)    Z:     27.1223
[I](2020-05-05  12:02:15 pm)  * Angle
[I](2020-05-05  12:02:15 pm)    Ar:      0.3770,Kr:      0.0000
[I](2020-05-05  12:02:15 pm)    Taper_Ar:      0.0000
[I](2020-05-05  12:31:05 pm)작업중 정지 [d:28][t:00:28:49]
[I](2020-05-05  12:31:05 pm)    [LNo:0005] 000022/000109
[I](2020-05-05  12:31:05 pm)작업중 M코드정지 [d:28][t:00:28:49]
[I](2020-05-05  12:54:38 pm)작업중 정지 [d:28][t:00:52:22]
[I](2020-05-05  12:54:38 pm)    [LNo:0005] 000026/000109
[I](2020-05-05  12:54:38 pm)작업중 M코드정지 [d:28][t:00:52:22]
[I](2020-05-05  01:01:32 pm)작업중 정지 [d:35][t:00:59:16]
[I](2020-05-05  01:01:32 pm)    [LNo:0005] 000044/000109
[I](2020-05-05  01:01:32 pm)작업중 M코드정지 [d:35][t:00:59:16]
[I](2020-05-05  01:04:07 pm)작업중 정지 [d:35][t:01:01:51]
[I](2020-05-05  01:04:07 pm)    [LNo:0005] 000030/000109
[I](2020-05-05  01:04:14 pm)작업중 정지 [d:35][t:01:01:58]
[I](2020-05-05  01:04:14 pm)    [LNo:0005] 000033/000109
[I](2020-05-05  01:07:20 pm)작업중 정지 [d:38][t:01:05:04]
[I](2020-05-05  01:07:20 pm)    [LNo:0005] 000045/000109
[I](2020-05-05  01:07:20 pm)작업중 M코드정지 [d:38][t:01:05:04]
[I](2020-05-05  01:49:31 pm)작업중 정지 [d:77][t:01:47:15]
[I](2020-05-05  01:49:31 pm)    [LNo:0005] 000083/000109
[I](2020-05-05  01:49:31 pm)작업중 30sec 접촉 정지 [d:77][t:01:47:15]
[I](2020-05-05  01:50:28 pm)작업 재시작
[I](2020-05-05  01:58:46 pm)작업중 정지 [d:85][t:01:56:30]
[I](2020-05-05  01:58:46 pm)    [LNo:0005] 000097/000109
[I](2020-05-05  01:58:46 pm)작업중 M코드정지 [d:85][t:01:56:30]
[I](2020-05-05  01:59:12 pm)작업중 정지 [d:85][t:01:56:56]
[I](2020-05-05  01:59:12 pm)    [LNo:0005] 000099/000109
[I](2020-05-05  01:59:12 pm)작업중 M코드정지 [d:85][t:01:56:56]
[I](2020-05-05  02:00:08 pm)Reset
[I](2020-05-05  02:00:18 pm)Reset
[I](2020-05-05  02:07:37 pm)작업 시작 [Start d:90]
[I](2020-05-05  02:07:37 pm)Nc File: [No.0006-336.NC]
[I](2020-05-05  02:07:37 pm)  * Start Machine Position
[I](2020-05-05  02:07:37 pm)    X:    148.3888
[I](2020-05-05  02:07:37 pm)    Y:   -371.1013
[I](2020-05-05  02:07:37 pm)    U:      0.0000
[I](2020-05-05  02:07:37 pm)    V:      0.0000
[I](2020-05-05  02:07:37 pm)    Z:     24.9398
[I](2020-05-05  02:07:37 pm)  * Angle
[I](2020-05-05  02:07:37 pm)    Ar:      0.3157,Kr:      0.0000
[I](2020-05-05  02:07:37 pm)    Taper_Ar:      0.0000
[I](2020-05-05  02:35:27 pm)작업중 정지 [d:28][t:00:27:49]
[I](2020-05-05  02:35:27 pm)    [LNo:0006] 000022/000109
[I](2020-05-05  02:35:27 pm)작업중 M코드정지 [d:28][t:00:27:49]
[I](2020-05-05  02:38:46 pm)작업중 정지 [d:28][t:00:31:09]
[I](2020-05-05  02:38:46 pm)    [LNo:0006] 000026/000109
[I](2020-05-05  02:38:46 pm)작업중 M코드정지 [d:28][t:00:31:09]
[I](2020-05-05  02:46:19 pm)작업중 정지 [d:34][t:00:38:41]
[I](2020-05-05  02:46:19 pm)    [LNo:0006] 000045/000109
[I](2020-05-05  02:46:19 pm)작업중 Single Block Stop [d:34][t:00:38:42]
[I](2020-05-05  03:42:57 pm)Reset
[I](2020-05-05  03:42:58 pm)Reset
[I](2020-05-05  03:43:05 pm)Reset
[I](2020-05-05  03:43:06 pm)Reset
[I](2020-05-05  03:46:08 pm)Reset
[I](2020-05-05  03:46:08 pm)Reset
[I](2020-05-05  03:46:09 pm)Reset
[I](2020-05-05  03:57:20 pm)Reset
[I](2020-05-05  04:01:24 pm)Reset
[I](2020-05-05  04:01:25 pm)Reset
[I](2020-05-05  04:06:40 pm)Reset
[I](2020-05-05  04:06:40 pm)Reset
[I](2020-05-05  04:10:55 pm)Reset
[I](2020-05-05  04:14:23 pm)작업 시작 [Start d:124]
[I](2020-05-05  04:14:23 pm)Nc File: [No.0007-343.NC]
[I](2020-05-05  04:14:23 pm)  * Start Machine Position
[I](2020-05-05  04:14:23 pm)    X:    110.8442
[I](2020-05-05  04:14:23 pm)    Y:   -321.7890
[I](2020-05-05  04:14:23 pm)    U:      0.0000
[I](2020-05-05  04:14:23 pm)    V:      0.0000
[I](2020-05-05  04:14:23 pm)    Z:     27.5288
[I](2020-05-05  04:14:23 pm)  * Angle
[I](2020-05-05  04:14:23 pm)    Ar:      0.0000,Kr:      0.0000
[I](2020-05-05  04:14:23 pm)    Taper_Ar:      0.0000
[I](2020-05-05  04:52:56 pm)작업중 정지 [d:38][t:00:38:32]
[I](2020-05-05  04:52:56 pm)    [LNo:0007] 000022/000050
[I](2020-05-05  04:52:56 pm)작업중 M코드정지 [d:38][t:00:38:32]
[I](2020-05-05  04:53:15 pm)작업중 정지 [d:39][t:00:38:52]
[I](2020-05-05  04:53:15 pm)    [LNo:0007] 000026/000050
[I](2020-05-05  04:53:15 pm)작업중 M코드정지 [d:39][t:00:38:52]
[I](2020-05-05  05:04:09 pm)
[I](2020-05-05  05:04:09 pm)Work completed.
[I](2020-05-05  05:04:09 pm)작업 끝.(M02) [d:49][t:00:49:45]
[I](2020-05-05  05:12:38 pm)Reset
[I](2020-05-05  05:12:47 pm)Reset
[I](2020-05-05  05:14:58 pm)Reset
[I](2020-05-05  05:14:59 pm)Reset
[I](2020-05-05  05:17:34 pm)Reset
[I](2020-05-05  05:17:35 pm)Reset
[I](2020-05-05  05:22:09 pm)Reset
[I](2020-05-05  05:22:09 pm)Reset
[I](2020-05-05  05:31:24 pm)Reset
[I](2020-05-05  05:31:56 pm)Reset
[I](2020-05-05  05:31:57 pm)Reset
[I](2020-05-05  05:35:00 pm)작업 시작 [Start d:173]
[I](2020-05-05  05:35:00 pm)Nc File: [No.0008-342.NC]
[I](2020-05-05  05:35:00 pm)  * Start Machine Position
[I](2020-05-05  05:35:00 pm)    X:     66.0562
[I](2020-05-05  05:35:00 pm)    Y:   -354.3055
[I](2020-05-05  05:35:00 pm)    U:     -0.2676
[I](2020-05-05  05:35:00 pm)    V:     -0.1008
[I](2020-05-05  05:35:00 pm)    Z:    152.0833
[I](2020-05-05  05:35:00 pm)  * Angle
[I](2020-05-05  05:35:00 pm)    Ar:      0.1818,Kr:      0.0000
[I](2020-05-05  05:35:00 pm)    Taper_Ar:      0.0000
[I](2020-05-05  05:35:09 pm)작업중 정지 [d:0][t:00:00:08]
[I](2020-05-05  05:35:09 pm)    [LNo:0008] 000010/000082
[I](2020-05-05  05:35:09 pm)작업중 M코드정지 [d:0][t:00:00:08]
[I](2020-05-05  06:06:05 pm)작업중 정지 [d:27][t:00:31:05]
[I](2020-05-05  06:06:05 pm)    [LNo:0008] 000030/000082
[I](2020-05-05  06:06:05 pm)작업중 M코드정지 [d:27][t:00:31:05]
[I](2020-05-05  06:09:35 pm)작업중 정지 [d:27][t:00:34:35]
[I](2020-05-05  06:09:35 pm)    [LNo:0008] 000031/000082
[I](2020-05-05  06:09:40 pm)작업 재시작
[I](2020-05-05  06:09:45 pm)작업중 정지 [d:27][t:00:34:45]
[I](2020-05-05  06:09:45 pm)    [LNo:0008] 000032/000082
[I](2020-05-05  06:09:45 pm)작업중 M코드정지 [d:27][t:00:34:45]
[I](2020-05-05  06:24:30 pm)작업중 정지 [d:42][t:00:49:30]
[I](2020-05-05  06:24:30 pm)    [LNo:0008] 000075/000082
[I](2020-05-05  06:24:30 pm)작업중 M코드정지 [d:42][t:00:49:30]
[I](2020-05-05  06:35:54 pm)Reset
[I](2020-05-05  06:36:03 pm)작업 시작 [Start d:215]
[I](2020-05-05  06:36:03 pm)Nc File: [No.0008-342.NC]
[I](2020-05-05  06:36:03 pm)  * Start Machine Position
[I](2020-05-05  06:36:03 pm)    X:     53.8613
[I](2020-05-05  06:36:03 pm)    Y:   -320.9311
[I](2020-05-05  06:36:03 pm)    U:     -0.2676
[I](2020-05-05  06:36:03 pm)    V:     -0.1008
[I](2020-05-05  06:36:03 pm)    Z:    152.0833
[I](2020-05-05  06:36:03 pm)  * Angle
[I](2020-05-05  06:36:03 pm)    Ar:      0.1818,Kr:      0.0000
[I](2020-05-05  06:36:03 pm)    Taper_Ar:      0.0000
[I](2020-05-05  06:36:04 pm)작업중 정지 [d:0][t:00:00:00]
[I](2020-05-05  06:36:04 pm)    [LNo:0008] 000039/000082
[I](2020-05-05  07:04:45 pm)작업중 정지 [d:28][t:00:28:41]
[I](2020-05-05  07:04:45 pm)    [LNo:0008] 000074/000082
[I](2020-05-05  07:04:45 pm)작업중 M코드정지 [d:28][t:00:28:41]
[I](2020-05-05  07:09:20 pm)Reset
[A](2020-05-05  07:09:30 pm)[053] Emergency Stop
[A](2020-05-05  07:09:30 pm)[005] READY Off(Alarm)
[I](2020-05-05  07:09:30 pm)    X:    262.4914
[I](2020-05-05  07:09:30 pm)    Y:   -142.2843
[I](2020-05-05  07:09:30 pm)    U:      0.0000
[I](2020-05-05  07:09:30 pm)    V:      0.0000
[I](2020-05-05  07:09:30 pm)    Z:    138.5838
