[I](2020-11-26  12:19:34 am)작업중 정지 [d:139][t:02:18:48]
[I](2020-11-26  12:19:34 am)    [LNo:0008] 000363/001499
[I](2020-11-26  12:19:34 am)작업중 M코드정지 [d:139][t:02:18:48]
[I](2020-11-26  12:20:08 am)작업중 정지 [d:140][t:02:19:23]
[I](2020-11-26  12:20:08 am)    [LNo:0008] 000364/001499
[I](2020-11-26  12:20:08 am)작업중 30sec 접촉 정지 [d:140][t:02:19:23]
[I](2020-11-26  12:20:51 am)작업 재시작
[I](2020-11-26  12:21:00 am)작업중 정지 [d:140][t:02:20:14]
[I](2020-11-26  12:21:00 am)    [LNo:0008] 000371/001499
[I](2020-11-26  12:21:00 am)작업중 M코드정지 [d:140][t:02:20:14]
[I](2020-11-26  02:41:01 am)작업중 정지 [d:278][t:04:40:15]
[I](2020-11-26  02:41:01 am)    [LNo:0008] 000736/001499
[I](2020-11-26  02:41:01 am)작업중 M코드정지 [d:278][t:04:40:15]
[I](2020-11-26  02:48:38 am)작업중 정지 [d:278][t:04:47:52]
[I](2020-11-26  02:48:38 am)    [LNo:0008] 000737/001499
[I](2020-11-26  02:48:38 am)작업중 30sec 접촉 정지 [d:278][t:04:47:52]
[I](2020-11-26  02:49:23 am)작업 재시작
[I](2020-11-26  02:49:35 am)작업중 정지 [d:278][t:04:48:49]
[I](2020-11-26  02:49:35 am)    [LNo:0008] 000744/001499
[I](2020-11-26  02:49:35 am)작업중 M코드정지 [d:278][t:04:48:49]
[I](2020-11-26  02:50:23 am)작업중 정지 [d:278][t:04:49:37]
[I](2020-11-26  02:50:23 am)    [LNo:0008] 000750/001499
[I](2020-11-26  02:50:42 am)Reset
[I](2020-11-26  02:51:20 am)Reset
[I](2020-11-26  02:51:33 am)작업 시작 [Start d:278]
[I](2020-11-26  02:51:33 am)Nc File: [No.0008-345.NC *]
[I](2020-11-26  02:51:33 am)  * Start Machine Position
[I](2020-11-26  02:51:33 am)    X:    147.5109
[I](2020-11-26  02:51:33 am)    Y:   -182.9390
[I](2020-11-26  02:51:33 am)    U:      0.0000
[I](2020-11-26  02:51:33 am)    V:      0.0000
[I](2020-11-26  02:51:33 am)    Z:     31.4790
[I](2020-11-26  02:51:33 am)  * Angle
[I](2020-11-26  02:51:33 am)    Ar:     -0.1701,Kr:      0.0000
[I](2020-11-26  02:51:33 am)    Taper_Ar:      0.0000
[I](2020-11-26  05:10:08 am)작업중 정지 [d:139][t:02:18:35]
[I](2020-11-26  05:10:08 am)    [LNo:0008] 001109/001499
[I](2020-11-26  05:10:08 am)작업중 M코드정지 [d:139][t:02:18:35]
[I](2020-11-26  06:32:38 am)작업중 정지 [d:139][t:03:41:04]
[I](2020-11-26  06:32:38 am)    [LNo:0008] 001110/001499
[I](2020-11-26  06:33:08 am)작업 재시작
[I](2020-11-26  06:33:25 am)작업중 정지 [d:139][t:03:41:51]
[I](2020-11-26  06:33:25 am)    [LNo:0008] 001117/001499
[I](2020-11-26  06:33:25 am)작업중 M코드정지 [d:139][t:03:41:51]
[I](2020-11-26  09:02:24 am)작업중 정지 [d:287][t:06:10:50]
[I](2020-11-26  09:02:24 am)    [LNo:0008] 001482/001499
[I](2020-11-26  09:02:24 am)작업중 M코드정지 [d:287][t:06:10:50]
[I](2020-11-26  09:03:10 am)작업중 정지 [d:288][t:06:11:36]
[I](2020-11-26  09:03:10 am)    [LNo:0008] 001483/001499
[I](2020-11-26  09:04:37 am)작업 재시작
[I](2020-11-26  09:04:48 am)작업중 정지 [d:288][t:06:13:14]
[I](2020-11-26  09:04:48 am)    [LNo:0008] 001490/001499
[I](2020-11-26  09:04:48 am)작업중 M코드정지 [d:288][t:06:13:14]
[I](2020-11-26  09:04:52 am)작업중 정지 [d:288][t:06:13:18]
[I](2020-11-26  09:04:52 am)    [LNo:0008] 001492/001499
[I](2020-11-26  09:04:52 am)작업중 M코드정지 [d:288][t:06:13:18]
[I](2020-11-26  09:08:56 am)Reset
[I](2020-11-26  09:09:06 am)Reset
[I](2020-11-26  09:12:29 am)Reset
[I](2020-11-26  09:16:05 am)Reset
[I](2020-11-26  09:18:59 am)Reset
[I](2020-11-26  09:18:59 am)Reset
[I](2020-11-26  09:21:30 am)Reset
[I](2020-11-26  09:21:30 am)Reset
[I](2020-11-26  09:30:35 am)Reset
[I](2020-11-26  09:30:36 am)Reset
[I](2020-11-26  09:34:45 am)Reset
[I](2020-11-26  09:35:10 am)Reset
[I](2020-11-26  09:38:00 am)작업 시작 [Start d:566]
[I](2020-11-26  09:38:00 am)Nc File: [No.0004-320.NC]
[I](2020-11-26  09:38:00 am)  * Start Machine Position
[I](2020-11-26  09:38:00 am)    X:      7.6563
[I](2020-11-26  09:38:00 am)    Y:   -364.3514
[I](2020-11-26  09:38:00 am)    U:      0.0000
[I](2020-11-26  09:38:00 am)    V:      0.0000
[I](2020-11-26  09:38:00 am)    Z:     32.2335
[I](2020-11-26  09:38:00 am)  * Angle
[I](2020-11-26  09:38:00 am)    Ar:      0.0000,Kr:      0.0000
[I](2020-11-26  09:38:00 am)    Taper_Ar:      0.0000
[I](2020-11-26  09:41:21 am)작업중 정지 [d:4][t:00:03:21]
[I](2020-11-26  09:41:21 am)    [LNo:0004] 000022/000052
[I](2020-11-26  09:41:21 am)작업중 M코드정지 [d:4][t:00:03:21]
[I](2020-11-26  09:41:49 am)작업중 정지 [d:4][t:00:03:49]
[I](2020-11-26  09:41:49 am)    [LNo:0004] 000025/000052
[I](2020-11-26  09:41:49 am)작업중 M코드정지 [d:4][t:00:03:49]
[I](2020-11-26  09:44:08 am)작업중 정지 [d:6][t:00:06:08]
[I](2020-11-26  09:44:08 am)    [LNo:0004] 000044/000052
[I](2020-11-26  09:44:09 am)작업중 M코드정지 [d:6][t:00:06:08]
[I](2020-11-26  09:46:08 am)Reset
[I](2020-11-26  09:46:08 am)Reset
[I](2020-11-26  09:46:28 am)Reset
[I](2020-11-26  09:47:06 am)Reset
[I](2020-11-26  09:47:42 am)작업 시작 [Start d:572]
[I](2020-11-26  09:47:42 am)Nc File: [No.0004-320.NC]
[I](2020-11-26  09:47:42 am)  * Start Machine Position
[I](2020-11-26  09:47:42 am)    X:      7.3346
[I](2020-11-26  09:47:42 am)    Y:   -352.3383
[I](2020-11-26  09:47:42 am)    U:      0.0000
[I](2020-11-26  09:47:42 am)    V:      0.0000
[I](2020-11-26  09:47:42 am)    Z:     32.2335
[I](2020-11-26  09:47:42 am)  * Angle
[I](2020-11-26  09:47:42 am)    Ar:      0.0000,Kr:      0.0000
[I](2020-11-26  09:47:42 am)    Taper_Ar:      0.0000
[I](2020-11-26  09:51:09 am)작업중 정지 [d:4][t:00:03:27]
[I](2020-11-26  09:51:09 am)    [LNo:0004] 000022/000052
[I](2020-11-26  09:51:09 am)작업중 M코드정지 [d:4][t:00:03:27]
[I](2020-11-26  09:52:55 am)작업중 정지 [d:4][t:00:05:13]
[I](2020-11-26  09:52:55 am)    [LNo:0004] 000025/000052
[I](2020-11-26  09:52:55 am)작업중 M코드정지 [d:4][t:00:05:13]
[I](2020-11-26  09:54:47 am)작업중 정지 [d:5][t:00:07:05]
[I](2020-11-26  09:54:47 am)    [LNo:0004] 000044/000052
[I](2020-11-26  09:54:47 am)작업중 M코드정지 [d:5][t:00:07:05]
[I](2020-11-26  09:57:11 am)Reset
[I](2020-11-26  09:57:17 am)Reset
[I](2020-11-26  10:05:53 am)Reset
[I](2020-11-26  10:06:58 am)Reset
[I](2020-11-26  10:09:55 am)Reset
[I](2020-11-26  10:09:55 am)Reset
[I](2020-11-26  10:12:30 am)Reset
[I](2020-11-26  10:12:51 am)Reset
[I](2020-11-26  10:12:51 am)Reset
[I](2020-11-26  10:13:14 am)Reset
[I](2020-11-26  10:13:14 am)Reset
[I](2020-11-26  10:13:43 am)Reset
[I](2020-11-26  10:15:35 am)Reset
[I](2020-11-26  10:22:22 am)Reset
[I](2020-11-26  10:22:22 am)Reset
[I](2020-11-26  10:23:27 am)Reset
[I](2020-11-26  10:24:17 am)Reset
[I](2020-11-26  10:25:19 am)Reset
[I](2020-11-26  10:25:46 am)Reset
[I](2020-11-26  10:26:18 am)Reset
[I](2020-11-26  10:26:19 am)Reset
[I](2020-11-26  10:26:58 am)Reset
[I](2020-11-26  10:27:02 am)Reset
[I](2020-11-26  10:28:43 am)Reset
[I](2020-11-26  10:29:10 am)Reset
[I](2020-11-26  10:29:10 am)Reset
[I](2020-11-26  10:30:36 am)작업 시작 [Start d:577]
[I](2020-11-26  10:30:36 am)Nc File: [No.0009-353.NC]
[I](2020-11-26  10:30:36 am)  * Start Machine Position
[I](2020-11-26  10:30:36 am)    X:    234.6963
[I](2020-11-26  10:30:36 am)    Y:   -353.3236
[I](2020-11-26  10:30:36 am)    U:      0.1006
[I](2020-11-26  10:30:36 am)    V:      0.4075
[I](2020-11-26  10:30:36 am)    Z:     53.0605
[I](2020-11-26  10:30:36 am)  * Angle
[I](2020-11-26  10:30:36 am)    Ar:     -1.4940,Kr:      0.0000
[I](2020-11-26  10:30:36 am)    Taper_Ar:      0.0000
[I](2020-11-26  10:30:38 am)작업중 정지 [d:0][t:00:00:02]
[I](2020-11-26  10:30:38 am)    [LNo:0009] 000010/000297
[I](2020-11-26  10:30:38 am)작업중 M코드정지 [d:0][t:00:00:02]
[I](2020-11-26  10:55:42 am)작업중 정지 [d:24][t:00:25:05]
[I](2020-11-26  10:55:42 am)    [LNo:0009] 000032/000297
[I](2020-11-26  10:55:42 am)작업중 M코드정지 [d:24][t:00:25:05]
[I](2020-11-26  10:56:14 am)작업중 정지 [d:25][t:00:25:38]
[I](2020-11-26  10:56:14 am)    [LNo:0009] 000034/000297
[I](2020-11-26  10:56:14 am)작업중 M코드정지 [d:25][t:00:25:38]
[I](2020-11-26  10:56:55 am)Reset
[I](2020-11-26  10:56:55 am)Reset
[I](2020-11-26  10:57:20 am)작업 시작 [Start d:602]
[I](2020-11-26  10:57:20 am)Nc File: [No.0009-353.NC]
[I](2020-11-26  10:57:20 am)  * Start Machine Position
[I](2020-11-26  10:57:20 am)    X:    234.6963
[I](2020-11-26  10:57:20 am)    Y:   -353.3236
[I](2020-11-26  10:57:20 am)    U:      0.1006
[I](2020-11-26  10:57:20 am)    V:      0.4075
[I](2020-11-26  10:57:20 am)    Z:     53.0605
[I](2020-11-26  10:57:20 am)  * Angle
[I](2020-11-26  10:57:20 am)    Ar:     -1.4940,Kr:      0.0000
[I](2020-11-26  10:57:20 am)    Taper_Ar:      0.0000
[I](2020-11-26  10:57:23 am)작업중 정지 [d:0][t:00:00:02]
[I](2020-11-26  10:57:23 am)    [LNo:0009] 000010/000297
[I](2020-11-26  10:57:23 am)작업중 M코드정지 [d:0][t:00:00:02]
[I](2020-11-26  11:03:34 am)작업중 정지 [d:6][t:00:06:14]
[I](2020-11-26  11:03:34 am)    [LNo:0009] 000032/000297
[I](2020-11-26  11:03:34 am)작업중 M코드정지 [d:6][t:00:06:14]
[I](2020-11-26  11:08:31 am)작업중 정지 [d:6][t:00:11:11]
[I](2020-11-26  11:08:31 am)    [LNo:0009] 000034/000297
[I](2020-11-26  11:08:31 am)작업중 M코드정지 [d:6][t:00:11:11]
[I](2020-11-26  11:14:48 am)작업중 정지 [d:12][t:00:17:27]
[I](2020-11-26  11:14:48 am)    [LNo:0009] 000059/000297
[I](2020-11-26  11:14:48 am)작업중 M코드정지 [d:12][t:00:17:27]
[I](2020-11-26  11:17:22 am)작업중 정지 [d:12][t:00:20:02]
[I](2020-11-26  11:17:22 am)    [LNo:0009] 000038/000297
[I](2020-11-26  11:20:35 am)작업중 정지 [d:14][t:00:23:15]
[I](2020-11-26  11:20:35 am)    [LNo:0009] 000059/000297
[I](2020-11-26  11:20:35 am)작업중 M코드정지 [d:14][t:00:23:15]
[I](2020-11-26  11:23:45 am)Reset
[I](2020-11-26  11:23:56 am)Reset
[I](2020-11-26  11:26:25 am)Reset
[I](2020-11-26  11:26:26 am)Reset
[I](2020-11-26  11:26:58 am)Reset
[I](2020-11-26  11:31:52 am)Reset
[I](2020-11-26  11:32:20 am)Reset
[I](2020-11-26  11:33:05 am)Reset
[I](2020-11-26  11:34:07 am)Reset
[I](2020-11-26  11:34:18 am)Reset
[I](2020-11-26  11:34:50 am)Reset
[I](2020-11-26  11:37:09 am)작업 시작 [Start d:616]
[I](2020-11-26  11:37:09 am)Nc File: [No.0009-353.NC]
[I](2020-11-26  11:37:09 am)  * Start Machine Position
[I](2020-11-26  11:37:09 am)    X:    243.1521
[I](2020-11-26  11:37:09 am)    Y:   -354.8854
[I](2020-11-26  11:37:09 am)    U:     -0.1511
[I](2020-11-26  11:37:09 am)    V:      0.0412
[I](2020-11-26  11:37:09 am)    Z:     53.0605
[I](2020-11-26  11:37:09 am)  * Angle
[I](2020-11-26  11:37:09 am)    Ar:     -1.2474,Kr:      0.0000
[I](2020-11-26  11:37:09 am)    Taper_Ar:      0.0000
[I](2020-11-26  11:37:17 am)작업중 정지 [d:0][t:00:00:07]
[I](2020-11-26  11:37:17 am)    [LNo:0009] 000078/000297
[I](2020-11-26  11:37:17 am)작업중 M코드정지 [d:0][t:00:00:07]
[I](2020-11-26  11:37:19 am)작업중 정지 [d:0][t:00:00:09]
[I](2020-11-26  11:37:19 am)    [LNo:0009] 000081/000297
[I](2020-11-26  11:37:19 am)작업중 M코드정지 [d:0][t:00:00:09]
[I](2020-11-26  11:37:21 am)작업중 정지 [d:0][t:00:00:11]
[I](2020-11-26  11:37:21 am)    [LNo:0009] 000083/000297
[I](2020-11-26  11:37:21 am)작업중 M코드정지 [d:0][t:00:00:11]
[I](2020-11-26  11:37:29 am)작업중 정지 [d:0][t:00:00:20]
[I](2020-11-26  11:37:29 am)    [LNo:0009] 000093/000297
[I](2020-11-26  11:59:14 am)작업중 정지 [d:22][t:00:22:05]
[I](2020-11-26  11:59:14 am)    [LNo:0009] 000109/000297
[I](2020-11-26  11:59:14 am)작업중 M코드정지 [d:22][t:00:22:05]
[I](2020-11-26  11:59:30 am)작업중 정지 [d:22][t:00:22:21]
[I](2020-11-26  11:59:30 am)    [LNo:0009] 000111/000297
[I](2020-11-26  11:59:31 am)작업중 M코드정지 [d:22][t:00:22:21]
[I](2020-11-26  12:00:18 pm)작업중 정지 [d:22][t:00:23:08]
[I](2020-11-26  12:00:18 pm)    [LNo:0009] 000089/000297
[I](2020-11-26  12:06:55 pm)작업중 정지 [d:27][t:00:29:45]
[I](2020-11-26  12:06:55 pm)    [LNo:0009] 000109/000297
[I](2020-11-26  12:06:55 pm)작업중 M코드정지 [d:27][t:00:29:45]
[I](2020-11-26  12:07:46 pm)작업중 정지 [d:27][t:00:30:36]
[I](2020-11-26  12:07:46 pm)    [LNo:0009] 000111/000297
[I](2020-11-26  12:07:46 pm)작업중 M코드정지 [d:27][t:00:30:36]
[I](2020-11-26  12:13:49 pm)작업중 정지 [d:33][t:00:36:40]
[I](2020-11-26  12:13:49 pm)    [LNo:0009] 000136/000297
[I](2020-11-26  12:13:49 pm)작업중 M코드정지 [d:33][t:00:36:40]
[I](2020-11-26  12:48:53 pm)Reset
[I](2020-11-26  12:55:29 pm)Reset
[I](2020-11-26  12:55:51 pm)Reset
[I](2020-11-26  12:55:51 pm)Reset
[I](2020-11-26  12:56:13 pm)Reset
[I](2020-11-26  12:56:45 pm)Reset
[I](2020-11-26  12:57:07 pm)Reset
[I](2020-11-26  12:57:23 pm)Reset
[I](2020-11-26  12:57:23 pm)Reset
[I](2020-11-26  12:57:51 pm)작업 시작 [Start d:649]
[I](2020-11-26  12:57:51 pm)Nc File: [No.0009-353.NC]
[I](2020-11-26  12:57:51 pm)  * Start Machine Position
[I](2020-11-26  12:57:51 pm)    X:    233.6943
[I](2020-11-26  12:57:51 pm)    Y:   -352.9568
[I](2020-11-26  12:57:51 pm)    U:      0.0114
[I](2020-11-26  12:57:51 pm)    V:      0.0647
[I](2020-11-26  12:57:51 pm)    Z:     53.0605
[I](2020-11-26  12:57:51 pm)  * Angle
[I](2020-11-26  12:57:51 pm)    Ar:     -1.2854,Kr:      0.0000
[I](2020-11-26  12:57:51 pm)    Taper_Ar:      0.0000
[I](2020-11-26  12:57:59 pm)작업중 정지 [d:0][t:00:00:07]
[I](2020-11-26  12:57:59 pm)    [LNo:0009] 000155/000297
[I](2020-11-26  12:57:59 pm)작업중 M코드정지 [d:0][t:00:00:07]
[I](2020-11-26  12:58:01 pm)작업중 정지 [d:0][t:00:00:09]
[I](2020-11-26  12:58:01 pm)    [LNo:0009] 000158/000297
[I](2020-11-26  12:58:01 pm)작업중 M코드정지 [d:0][t:00:00:09]
[I](2020-11-26  12:58:02 pm)작업중 정지 [d:0][t:00:00:10]
[I](2020-11-26  12:58:02 pm)    [LNo:0009] 000161/000297
[I](2020-11-26  12:58:02 pm)작업중 M코드정지 [d:0][t:00:00:10]
[I](2020-11-26  12:58:10 pm)작업중 정지 [d:0][t:00:00:18]
[I](2020-11-26  12:58:10 pm)    [LNo:0009] 000169/000297
[I](2020-11-26  01:20:16 pm)작업중 정지 [d:22][t:00:22:24]
[I](2020-11-26  01:20:16 pm)    [LNo:0009] 000186/000297
[I](2020-11-26  01:20:16 pm)작업중 M코드정지 [d:22][t:00:22:24]
[I](2020-11-26  01:21:29 pm)작업중 정지 [d:22][t:00:23:38]
[I](2020-11-26  01:21:29 pm)    [LNo:0009] 000188/000297
[I](2020-11-26  01:21:29 pm)작업중 M코드정지 [d:22][t:00:23:38]
[I](2020-11-26  01:22:10 pm)작업중 정지 [d:22][t:00:24:18]
[I](2020-11-26  01:22:10 pm)    [LNo:0009] 000166/000297
[A](2020-11-26  01:22:24 pm)[041] AWF 명령끝날때까지 센서감지(타임아웃) 안됨
[A](2020-11-26  01:22:58 pm)[041] AWF 명령끝날때까지 센서감지(타임아웃) 안됨
[A](2020-11-26  01:23:35 pm)[041] AWF 명령끝날때까지 센서감지(타임아웃) 안됨
[I](2020-11-26  01:30:19 pm)작업중 정지 [d:28][t:00:32:27]
[I](2020-11-26  01:30:19 pm)    [LNo:0009] 000186/000297
[I](2020-11-26  01:30:19 pm)작업중 M코드정지 [d:28][t:00:32:27]
[I](2020-11-26  01:30:41 pm)작업중 정지 [d:28][t:00:32:49]
[I](2020-11-26  01:30:41 pm)    [LNo:0009] 000188/000297
[I](2020-11-26  01:30:41 pm)작업중 M코드정지 [d:28][t:00:32:49]
[I](2020-11-26  01:36:31 pm)작업중 정지 [d:34][t:00:38:39]
[I](2020-11-26  01:36:31 pm)    [LNo:0009] 000213/000297
[I](2020-11-26  01:36:31 pm)작업중 M코드정지 [d:34][t:00:38:39]
[A](2020-11-26  01:37:08 pm)[084] Work Tank Fluid Sensor Abnormal
[I](2020-11-26  01:38:07 pm)Reset
[I](2020-11-26  01:38:14 pm)Reset
[I](2020-11-26  01:44:07 pm)Reset
[I](2020-11-26  01:44:31 pm)Reset
[I](2020-11-26  01:45:00 pm)Reset
[I](2020-11-26  01:45:00 pm)Reset
[I](2020-11-26  01:45:34 pm)Reset
[I](2020-11-26  01:45:51 pm)Reset
[I](2020-11-26  01:46:28 pm)작업 시작 [Start d:683]
[I](2020-11-26  01:46:28 pm)Nc File: [No.0009-353.NC]
[I](2020-11-26  01:46:28 pm)  * Start Machine Position
[I](2020-11-26  01:46:28 pm)    X:    229.2967
[I](2020-11-26  01:46:28 pm)    Y:   -351.9912
[I](2020-11-26  01:46:28 pm)    U:     -0.0104
[I](2020-11-26  01:46:28 pm)    V:     -0.0227
[I](2020-11-26  01:46:28 pm)    Z:     53.0605
[I](2020-11-26  01:46:28 pm)  * Angle
[I](2020-11-26  01:46:28 pm)    Ar:     -1.2136,Kr:      0.0000
[I](2020-11-26  01:46:28 pm)    Taper_Ar:      0.0000
[I](2020-11-26  01:46:35 pm)작업중 정지 [d:0][t:00:00:07]
[I](2020-11-26  01:46:35 pm)    [LNo:0009] 000232/000297
[I](2020-11-26  01:46:35 pm)작업중 M코드정지 [d:0][t:00:00:07]
[I](2020-11-26  01:46:41 pm)작업중 정지 [d:0][t:00:00:13]
[I](2020-11-26  01:46:41 pm)    [LNo:0009] 000235/000297
[I](2020-11-26  01:46:41 pm)작업중 M코드정지 [d:0][t:00:00:13]
[I](2020-11-26  01:46:44 pm)작업중 정지 [d:0][t:00:00:16]
[I](2020-11-26  01:46:44 pm)    [LNo:0009] 000238/000297
[I](2020-11-26  01:46:44 pm)작업중 M코드정지 [d:0][t:00:00:16]
[I](2020-11-26  01:46:49 pm)작업중 정지 [d:0][t:00:00:20]
[I](2020-11-26  01:46:49 pm)    [LNo:0009] 000246/000297
[I](2020-11-26  02:09:06 pm)작업중 정지 [d:21][t:00:22:38]
[I](2020-11-26  02:09:06 pm)    [LNo:0009] 000263/000297
[I](2020-11-26  02:09:06 pm)작업중 M코드정지 [d:21][t:00:22:38]
[I](2020-11-26  02:09:21 pm)작업중 정지 [d:21][t:00:22:53]
[I](2020-11-26  02:09:21 pm)    [LNo:0009] 000265/000297
[I](2020-11-26  02:09:21 pm)작업중 M코드정지 [d:21][t:00:22:53]
[I](2020-11-26  02:09:52 pm)작업중 정지 [d:21][t:00:23:24]
[I](2020-11-26  02:09:52 pm)    [LNo:0009] 000243/000297
[I](2020-11-26  02:12:08 pm)작업중 정지 [d:23][t:00:25:40]
[I](2020-11-26  02:12:08 pm)    [LNo:0009] 000257/000297
[I](2020-11-26  02:12:16 pm)작업중 정지 [d:23][t:00:25:48]
[I](2020-11-26  02:12:16 pm)    [LNo:0009] 000243/000297
[I](2020-11-26  02:17:56 pm)작업중 정지 [d:28][t:00:31:28]
[I](2020-11-26  02:17:56 pm)    [LNo:0009] 000263/000297
[I](2020-11-26  02:17:57 pm)작업중 M코드정지 [d:28][t:00:31:28]
[I](2020-11-26  02:18:12 pm)작업중 정지 [d:28][t:00:31:44]
[I](2020-11-26  02:18:12 pm)    [LNo:0009] 000265/000297
[I](2020-11-26  02:18:12 pm)작업중 M코드정지 [d:28][t:00:31:44]
[I](2020-11-26  02:24:12 pm)작업중 정지 [d:34][t:00:37:44]
[I](2020-11-26  02:24:12 pm)    [LNo:0009] 000290/000297
[I](2020-11-26  02:24:12 pm)작업중 M코드정지 [d:34][t:00:37:44]
[I](2020-11-26  02:41:27 pm)Reset
[I](2020-11-26  02:41:40 pm)Reset
[I](2020-11-26  02:45:58 pm)Reset
[I](2020-11-26  02:45:58 pm)Reset
[I](2020-11-26  02:46:20 pm)Reset
[I](2020-11-26  02:46:21 pm)Reset
[I](2020-11-26  02:46:44 pm)Reset
[I](2020-11-26  02:47:18 pm)Reset
[I](2020-11-26  02:47:18 pm)Reset
[I](2020-11-26  02:47:55 pm)Reset
[I](2020-11-26  02:47:55 pm)Reset
[I](2020-11-26  02:48:16 pm)Reset
[I](2020-11-26  02:48:16 pm)Reset
[I](2020-11-26  02:48:37 pm)Reset
[I](2020-11-26  02:49:36 pm)Reset
[I](2020-11-26  02:49:36 pm)Reset
[I](2020-11-26  02:50:02 pm)Reset
[I](2020-11-26  02:50:02 pm)Reset
[I](2020-11-26  02:50:09 pm)Reset
[I](2020-11-26  02:50:10 pm)Reset
[I](2020-11-26  02:51:32 pm)작업 시작 [Start d:717]
[I](2020-11-26  02:51:32 pm)Nc File: [No.0001-361.NC]
[I](2020-11-26  02:51:32 pm)  * Start Machine Position
[I](2020-11-26  02:51:32 pm)    X:     89.4837
[I](2020-11-26  02:51:32 pm)    Y:   -359.0859
[I](2020-11-26  02:51:32 pm)    U:     -0.0294
[I](2020-11-26  02:51:32 pm)    V:      0.0682
[I](2020-11-26  02:51:32 pm)    Z:    121.6270
[I](2020-11-26  02:51:32 pm)  * Angle
[I](2020-11-26  02:51:32 pm)    Ar:     -0.4286,Kr:      0.0000
[I](2020-11-26  02:51:32 pm)    Taper_Ar:      0.0000
[I](2020-11-26  02:51:40 pm)작업중 정지 [d:0][t:00:00:08]
[I](2020-11-26  02:51:40 pm)    [LNo:0001] 000010/000058
[I](2020-11-26  02:51:40 pm)작업중 M코드정지 [d:0][t:00:00:08]
[I](2020-11-26  03:15:27 pm)작업중 정지 [d:23][t:00:23:55]
[I](2020-11-26  03:15:27 pm)    [LNo:0001] 000028/000058
[I](2020-11-26  03:15:27 pm)작업중 M코드정지 [d:23][t:00:23:55]
[I](2020-11-26  03:17:07 pm)작업중 정지 [d:24][t:00:25:35]
[I](2020-11-26  03:17:07 pm)    [LNo:0001] 000030/000058
[I](2020-11-26  03:17:52 pm)작업 재시작
[I](2020-11-26  03:17:55 pm)작업중 정지 [d:24][t:00:26:22]
[I](2020-11-26  03:17:55 pm)    [LNo:0001] 000032/000058
[I](2020-11-26  03:17:55 pm)작업중 M코드정지 [d:24][t:00:26:22]
[I](2020-11-26  03:24:19 pm)작업중 정지 [d:30][t:00:32:47]
[I](2020-11-26  03:24:19 pm)    [LNo:0001] 000051/000058
[I](2020-11-26  03:24:19 pm)작업중 M코드정지 [d:30][t:00:32:47]
[I](2020-11-26  03:30:21 pm)Reset
[I](2020-11-26  03:30:35 pm)Reset
[I](2020-11-26  03:30:36 pm)Reset
[I](2020-11-26  03:31:43 pm)Reset
[I](2020-11-26  03:31:44 pm)Reset
[I](2020-11-26  03:34:43 pm)Reset
[I](2020-11-26  03:36:32 pm)Reset
[I](2020-11-26  03:36:33 pm)Reset
[I](2020-11-26  03:37:11 pm)Reset
[I](2020-11-26  03:37:12 pm)Reset
[A](2020-11-26  03:37:14 pm)[002] 가공액 미동작
[I](2020-11-26  03:38:25 pm)Reset
[I](2020-11-26  03:38:26 pm)Reset
[I](2020-11-26  03:38:54 pm)Reset
[I](2020-11-26  03:39:55 pm)Reset
[I](2020-11-26  03:39:55 pm)Reset
[I](2020-11-26  03:41:39 pm)Reset
[I](2020-11-26  03:43:47 pm)Reset
[I](2020-11-26  03:45:28 pm)Reset
[I](2020-11-26  03:45:28 pm)Reset
[I](2020-11-26  03:46:12 pm)Reset
[I](2020-11-26  03:46:12 pm)Reset
[I](2020-11-26  03:46:23 pm)Reset
[I](2020-11-26  03:46:23 pm)Reset
[I](2020-11-26  03:47:23 pm)작업 시작 [Start d:747]
[I](2020-11-26  03:47:23 pm)Nc File: [No.0002-362.NC]
[I](2020-11-26  03:47:23 pm)  * Start Machine Position
[I](2020-11-26  03:47:23 pm)    X:     97.4570
[I](2020-11-26  03:47:23 pm)    Y:   -358.0526
[I](2020-11-26  03:47:23 pm)    U:     -0.0002
[I](2020-11-26  03:47:23 pm)    V:      0.0640
[I](2020-11-26  03:47:23 pm)    Z:    121.6270
[I](2020-11-26  03:47:23 pm)  * Angle
[I](2020-11-26  03:47:23 pm)    Ar:      0.2097,Kr:      0.0000
[I](2020-11-26  03:47:23 pm)    Taper_Ar:      0.0000
[I](2020-11-26  03:47:31 pm)작업중 정지 [d:0][t:00:00:08]
[I](2020-11-26  03:47:31 pm)    [LNo:0002] 000010/000058
[I](2020-11-26  03:47:32 pm)작업중 M코드정지 [d:0][t:00:00:08]
[I](2020-11-26  04:12:07 pm)작업중 정지 [d:23][t:00:24:43]
[I](2020-11-26  04:12:07 pm)    [LNo:0002] 000028/000058
[I](2020-11-26  04:12:07 pm)작업중 M코드정지 [d:23][t:00:24:43]
[I](2020-11-26  04:12:33 pm)작업중 정지 [d:23][t:00:25:09]
[I](2020-11-26  04:12:33 pm)    [LNo:0002] 000030/000058
[I](2020-11-26  04:13:40 pm)작업 재시작
[I](2020-11-26  04:13:42 pm)작업중 정지 [d:23][t:00:26:19]
[I](2020-11-26  04:13:42 pm)    [LNo:0002] 000032/000058
[I](2020-11-26  04:13:42 pm)작업중 M코드정지 [d:23][t:00:26:19]
[I](2020-11-26  04:18:45 pm)작업중 정지 [d:28][t:00:31:21]
[I](2020-11-26  04:18:45 pm)    [LNo:0002] 000050/000058
[I](2020-11-26  04:18:45 pm)작업중 M코드정지 [d:28][t:00:31:21]
[I](2020-11-26  04:26:23 pm)Reset
[I](2020-11-26  04:26:34 pm)Reset
[I](2020-11-26  04:26:34 pm)Reset
[I](2020-11-26  04:27:10 pm)Reset
[I](2020-11-26  04:27:10 pm)Reset
[I](2020-11-26  04:27:41 pm)Reset
[I](2020-11-26  04:28:40 pm)Reset
[I](2020-11-26  04:28:40 pm)Reset
[I](2020-11-26  04:30:58 pm)Reset
[I](2020-11-26  04:30:58 pm)Reset
[I](2020-11-26  04:31:41 pm)Reset
[I](2020-11-26  04:32:16 pm)Reset
[I](2020-11-26  04:32:20 pm)Reset
[I](2020-11-26  04:33:04 pm)Reset
[I](2020-11-26  04:33:05 pm)Reset
[I](2020-11-26  04:33:26 pm)Reset
[I](2020-11-26  04:33:50 pm)Reset
[I](2020-11-26  04:34:51 pm)Reset
[I](2020-11-26  04:34:51 pm)Reset
[I](2020-11-26  04:35:34 pm)Reset
[I](2020-11-26  04:35:34 pm)Reset
[I](2020-11-26  04:36:54 pm)Reset
[I](2020-11-26  04:37:36 pm)Reset
[I](2020-11-26  04:37:36 pm)Reset
[I](2020-11-26  04:38:45 pm)Reset
[I](2020-11-26  04:39:30 pm)Reset
[I](2020-11-26  04:39:31 pm)Reset
[I](2020-11-26  04:40:18 pm)작업 시작 [Start d:775]
[I](2020-11-26  04:40:18 pm)Nc File: [No.0003-376.NC]
[I](2020-11-26  04:40:18 pm)  * Start Machine Position
[I](2020-11-26  04:40:18 pm)    X:    126.2371
[I](2020-11-26  04:40:18 pm)    Y:   -352.5983
[I](2020-11-26  04:40:18 pm)    U:      0.0516
[I](2020-11-26  04:40:18 pm)    V:      0.2496
[I](2020-11-26  04:40:18 pm)    Z:     54.1270
[I](2020-11-26  04:40:18 pm)  * Angle
[I](2020-11-26  04:40:18 pm)    Ar:     -0.3837,Kr:      0.0000
[I](2020-11-26  04:40:18 pm)    Taper_Ar:      0.0000
[I](2020-11-26  04:40:21 pm)작업중 정지 [d:0][t:00:00:03]
[I](2020-11-26  04:40:21 pm)    [LNo:0003] 000010/000066
[I](2020-11-26  04:40:21 pm)작업중 M코드정지 [d:0][t:00:00:03]
[I](2020-11-26  04:40:23 pm)작업중 정지 [d:0][t:00:00:04]
[I](2020-11-26  04:40:23 pm)    [LNo:0003] 000012/000066
[I](2020-11-26  04:40:23 pm)작업중 M코드정지 [d:0][t:00:00:04]
[I](2020-11-26  04:40:24 pm)작업중 정지 [d:0][t:00:00:06]
[I](2020-11-26  04:40:24 pm)    [LNo:0003] 000014/000066
[I](2020-11-26  04:40:24 pm)작업중 M코드정지 [d:0][t:00:00:06]
[I](2020-11-26  04:40:28 pm)작업중 정지 [d:0][t:00:00:10]
[I](2020-11-26  04:40:28 pm)    [LNo:0003] 000020/000066
[I](2020-11-26  04:46:56 pm)작업중 정지 [d:5][t:00:06:37]
[I](2020-11-26  04:46:56 pm)    [LNo:0003] 000034/000066
[I](2020-11-26  04:46:56 pm)작업중 M코드정지 [d:5][t:00:06:38]
[I](2020-11-26  04:47:16 pm)작업중 정지 [d:5][t:00:06:58]
[I](2020-11-26  04:47:16 pm)    [LNo:0003] 000036/000066
[I](2020-11-26  04:47:16 pm)작업중 M코드정지 [d:5][t:00:06:58]
[I](2020-11-26  04:47:49 pm)작업중 정지 [d:5][t:00:07:31]
[I](2020-11-26  04:47:49 pm)    [LNo:0003] 000016/000066
[A](2020-11-26  04:48:02 pm)[041] AWF 명령끝날때까지 센서감지(타임아웃) 안됨
[A](2020-11-26  04:48:36 pm)[041] AWF 명령끝날때까지 센서감지(타임아웃) 안됨
[I](2020-11-26  04:55:11 pm)작업중 정지 [d:11][t:00:14:53]
[I](2020-11-26  04:55:11 pm)    [LNo:0003] 000034/000066
[I](2020-11-26  04:55:11 pm)작업중 M코드정지 [d:11][t:00:14:53]
[I](2020-11-26  04:55:27 pm)작업중 정지 [d:11][t:00:15:09]
[I](2020-11-26  04:55:27 pm)    [LNo:0003] 000036/000066
[I](2020-11-26  04:55:27 pm)작업중 M코드정지 [d:11][t:00:15:09]
[I](2020-11-26  05:01:33 pm)작업중 정지 [d:17][t:00:21:15]
[I](2020-11-26  05:01:33 pm)    [LNo:0003] 000059/000066
[I](2020-11-26  05:01:33 pm)작업중 M코드정지 [d:17][t:00:21:15]
[I](2020-11-26  05:07:48 pm)Reset
[I](2020-11-26  05:08:36 pm)Reset
[I](2020-11-26  05:11:51 pm)Reset
[I](2020-11-26  05:11:51 pm)Reset
[I](2020-11-26  05:13:10 pm)Reset
[I](2020-11-26  05:13:11 pm)Reset
[I](2020-11-26  05:13:44 pm)Reset
[I](2020-11-26  05:13:45 pm)Reset
[I](2020-11-26  05:14:33 pm)Reset
[I](2020-11-26  05:14:33 pm)Reset
[I](2020-11-26  05:15:07 pm)Reset
[I](2020-11-26  05:15:29 pm)Reset
[I](2020-11-26  05:15:30 pm)Reset
[I](2020-11-26  05:15:53 pm)Reset
[I](2020-11-26  05:16:17 pm)Reset
[I](2020-11-26  05:16:25 pm)Reset
[I](2020-11-26  05:16:25 pm)Reset
[I](2020-11-26  05:17:54 pm)작업 시작 [Start d:792]
[I](2020-11-26  05:17:54 pm)Nc File: [No.0003-376.NC *]
[I](2020-11-26  05:17:54 pm)  * Start Machine Position
[I](2020-11-26  05:17:54 pm)    X:    122.2118
[I](2020-11-26  05:17:54 pm)    Y:   -351.8973
[I](2020-11-26  05:17:54 pm)    U:      0.0439
[I](2020-11-26  05:17:54 pm)    V:      0.2796
[I](2020-11-26  05:17:54 pm)    Z:     54.1270
[I](2020-11-26  05:17:54 pm)  * Angle
[I](2020-11-26  05:17:54 pm)    Ar:     -0.4029,Kr:      0.0000
[I](2020-11-26  05:17:54 pm)    Taper_Ar:      0.0000
[I](2020-11-26  05:18:01 pm)작업중 정지 [d:0][t:00:00:06]
[I](2020-11-26  05:18:01 pm)    [LNo:0003] 000020/000064
[I](2020-11-26  05:24:20 pm)작업중 정지 [d:6][t:00:06:26]
[I](2020-11-26  05:24:20 pm)    [LNo:0003] 000036/000064
[I](2020-11-26  05:24:20 pm)작업중 M코드정지 [d:6][t:00:06:26]
[I](2020-11-26  05:25:02 pm)작업중 정지 [d:6][t:00:07:07]
[I](2020-11-26  05:25:02 pm)    [LNo:0003] 000016/000064
[I](2020-11-26  05:31:23 pm)작업중 정지 [d:12][t:00:13:29]
[I](2020-11-26  05:31:23 pm)    [LNo:0003] 000036/000064
[I](2020-11-26  05:31:23 pm)작업중 M코드정지 [d:12][t:00:13:29]
[I](2020-11-26  05:36:36 pm)작업중 정지 [d:17][t:00:18:41]
[I](2020-11-26  05:36:36 pm)    [LNo:0003] 000059/000064
[I](2020-11-26  05:36:36 pm)작업중 M코드정지 [d:17][t:00:18:41]
[I](2020-11-26  05:43:30 pm)Reset
[I](2020-11-26  05:43:43 pm)Reset
[I](2020-11-26  05:43:43 pm)Reset
[I](2020-11-26  05:45:06 pm)Reset
[I](2020-11-26  05:45:06 pm)Reset
[I](2020-11-26  05:47:24 pm)Reset
[I](2020-11-26  05:47:24 pm)Reset
[I](2020-11-26  05:47:58 pm)Reset
[I](2020-11-26  05:48:30 pm)Reset
[I](2020-11-26  05:48:31 pm)Reset
[I](2020-11-26  05:49:08 pm)Reset
[I](2020-11-26  05:49:10 pm)Reset
[I](2020-11-26  05:49:11 pm)Reset
[I](2020-11-26  05:49:57 pm)Reset
[I](2020-11-26  05:50:36 pm)Reset
[I](2020-11-26  05:51:17 pm)Reset
[I](2020-11-26  05:51:59 pm)Reset
[I](2020-11-26  05:52:19 pm)Reset
[I](2020-11-26  05:52:48 pm)Reset
[I](2020-11-26  05:53:41 pm)Reset
[I](2020-11-26  05:53:48 pm)Reset
[I](2020-11-26  05:53:49 pm)Reset
[I](2020-11-26  05:54:17 pm)작업 시작 [Start d:809]
[I](2020-11-26  05:54:17 pm)Nc File: [No.0003-376.NC *]
[I](2020-11-26  05:54:17 pm)  * Start Machine Position
[I](2020-11-26  05:54:17 pm)    X:    126.2388
[I](2020-11-26  05:54:17 pm)    Y:   -352.6716
[I](2020-11-26  05:54:17 pm)    U:      0.0109
[I](2020-11-26  05:54:17 pm)    V:      0.1399
[I](2020-11-26  05:54:17 pm)    Z:     54.1270
[I](2020-11-26  05:54:17 pm)  * Angle
[I](2020-11-26  05:54:17 pm)    Ar:     -0.3724,Kr:      0.0000
[I](2020-11-26  05:54:17 pm)    Taper_Ar:      0.0000
[I](2020-11-26  05:54:23 pm)작업중 정지 [d:0][t:00:00:05]
[I](2020-11-26  05:54:23 pm)    [LNo:0003] 000020/000064
[I](2020-11-26  06:00:49 pm)작업중 정지 [d:5][t:00:06:32]
[I](2020-11-26  06:00:49 pm)    [LNo:0003] 000036/000064
[I](2020-11-26  06:00:49 pm)작업중 M코드정지 [d:5][t:00:06:32]
[I](2020-11-26  06:01:24 pm)작업중 정지 [d:5][t:00:07:07]
[I](2020-11-26  06:01:24 pm)    [LNo:0003] 000016/000064
[I](2020-11-26  06:07:42 pm)작업중 정지 [d:10][t:00:13:25]
[I](2020-11-26  06:07:42 pm)    [LNo:0003] 000036/000064
[I](2020-11-26  06:07:42 pm)작업중 M코드정지 [d:10][t:00:13:25]
[I](2020-11-26  06:14:28 pm)작업중 정지 [d:15][t:00:20:11]
[I](2020-11-26  06:14:28 pm)    [LNo:0003] 000059/000064
[I](2020-11-26  06:14:28 pm)작업중 M코드정지 [d:15][t:00:20:11]
[I](2020-11-26  06:40:21 pm)Reset
[I](2020-11-26  06:40:21 pm)Reset
[I](2020-11-26  06:40:37 pm)Reset
[I](2020-11-26  06:51:43 pm)Reset
[I](2020-11-26  06:51:43 pm)Reset
[I](2020-11-26  06:52:13 pm)Reset
[I](2020-11-26  06:52:14 pm)Reset
[I](2020-11-26  06:52:42 pm)Reset
[I](2020-11-26  06:53:49 pm)Reset
[I](2020-11-26  06:54:39 pm)Reset
[I](2020-11-26  06:55:01 pm)Reset
[I](2020-11-26  06:55:01 pm)Reset
[I](2020-11-26  06:55:46 pm)Reset
[I](2020-11-26  06:55:46 pm)Reset
[I](2020-11-26  06:56:24 pm)Reset
[I](2020-11-26  06:56:31 pm)Reset
[I](2020-11-26  06:56:32 pm)Reset
[I](2020-11-26  06:56:52 pm)작업 시작 [Start d:824]
[I](2020-11-26  06:56:52 pm)Nc File: [No.0003-376.NC *]
[I](2020-11-26  06:56:52 pm)  * Start Machine Position
[I](2020-11-26  06:56:52 pm)    X:    125.4590
[I](2020-11-26  06:56:52 pm)    Y:   -352.8356
[I](2020-11-26  06:56:52 pm)    U:      0.4008
[I](2020-11-26  06:56:52 pm)    V:      2.1295
[I](2020-11-26  06:56:52 pm)    Z:     54.1270
[I](2020-11-26  06:56:52 pm)  * Angle
[I](2020-11-26  06:56:52 pm)    Ar:     -0.5056,Kr:      0.0000
[I](2020-11-26  06:56:52 pm)    Taper_Ar:      0.0000
[I](2020-11-26  06:56:56 pm)작업중 정지 [d:0][t:00:00:03]
[I](2020-11-26  06:56:56 pm)    [LNo:0003] 000017/000064
[I](2020-11-26  06:57:01 pm)작업중 정지 [d:0][t:00:00:09]
[I](2020-11-26  06:57:01 pm)    [LNo:0003] 000020/000064
[I](2020-11-26  07:03:34 pm)작업중 정지 [d:6][t:00:06:41]
[I](2020-11-26  07:03:34 pm)    [LNo:0003] 000036/000064
[I](2020-11-26  07:03:34 pm)작업중 M코드정지 [d:6][t:00:06:41]
[I](2020-11-26  07:04:49 pm)작업중 정지 [d:6][t:00:07:57]
[I](2020-11-26  07:04:49 pm)    [LNo:0003] 000016/000064
[I](2020-11-26  07:11:21 pm)작업중 정지 [d:12][t:00:14:28]
[I](2020-11-26  07:11:21 pm)    [LNo:0003] 000036/000064
[I](2020-11-26  07:11:21 pm)작업중 M코드정지 [d:12][t:00:14:28]
[I](2020-11-26  07:17:33 pm)작업중 정지 [d:17][t:00:20:41]
[I](2020-11-26  07:17:33 pm)    [LNo:0003] 000058/000064
[I](2020-11-26  07:17:33 pm)작업중 M코드정지 [d:17][t:00:20:41]
[I](2020-11-26  07:38:22 pm)Reset
[I](2020-11-26  07:38:22 pm)Reset
[I](2020-11-26  07:38:29 pm)Reset
[I](2020-11-26  07:38:37 pm)Reset
[I](2020-11-26  07:43:34 pm)Reset
[I](2020-11-26  07:45:14 pm)Reset
[I](2020-11-26  07:45:14 pm)Reset
[I](2020-11-26  07:45:14 pm)Reset
[I](2020-11-26  07:45:15 pm)Reset
[I](2020-11-26  07:47:13 pm)Reset
[I](2020-11-26  07:47:13 pm)Reset
[I](2020-11-26  07:47:45 pm)Reset
[I](2020-11-26  07:47:45 pm)Reset
[I](2020-11-26  07:48:09 pm)Reset
[I](2020-11-26  07:48:09 pm)Reset
[I](2020-11-26  07:49:25 pm)Reset
[I](2020-11-26  07:49:25 pm)Reset
[I](2020-11-26  07:49:55 pm)Reset
[I](2020-11-26  07:49:56 pm)Reset
[I](2020-11-26  07:51:38 pm)Reset
[I](2020-11-26  07:51:54 pm)Reset
[I](2020-11-26  07:51:54 pm)Reset
[I](2020-11-26  07:54:09 pm)작업 시작 [Start d:841]
[I](2020-11-26  07:54:09 pm)Nc File: [No.0004-375.NC]
[I](2020-11-26  07:54:09 pm)  * Start Machine Position
[I](2020-11-26  07:54:09 pm)    X:    160.9377
[I](2020-11-26  07:54:09 pm)    Y:   -370.5611
[I](2020-11-26  07:54:09 pm)    U:     -0.0300
[I](2020-11-26  07:54:09 pm)    V:     -0.0199
[I](2020-11-26  07:54:09 pm)    Z:     36.9500
[I](2020-11-26  07:54:09 pm)  * Angle
[I](2020-11-26  07:54:09 pm)    Ar:     -0.0084,Kr:      0.0000
[I](2020-11-26  07:54:09 pm)    Taper_Ar:      0.0000
[I](2020-11-26  07:54:12 pm)작업중 정지 [d:0][t:00:00:03]
[I](2020-11-26  07:54:12 pm)    [LNo:0004] 000010/000067
[I](2020-11-26  07:54:12 pm)작업중 M코드정지 [d:0][t:00:00:03]
[I](2020-11-26  07:55:38 pm)작업중 정지 [d:0][t:00:01:29]
[I](2020-11-26  07:55:38 pm)    [LNo:0004] 000026/000067
[A](2020-11-26  07:55:38 pm)[008] 작업중 단선(AWF Feed Motor Stop )
[I](2020-11-26  07:55:38 pm)작업중 Wire 단선 [d:0][t:00:01:29]
[I](2020-11-26  07:56:49 pm)작업 재시작
[I](2020-11-26  07:56:54 pm)작업중 정지 [d:0][t:00:02:45]
[I](2020-11-26  07:56:54 pm)    [LNo:0004] 000026/000067
[I](2020-11-26  07:56:55 pm)작업중 30sec 접촉 정지 [d:0][t:00:02:45]
[I](2020-11-26  07:59:20 pm)작업 재시작
[I](2020-11-26  08:03:58 pm)작업중 정지 [d:4][t:00:09:49]
[I](2020-11-26  08:03:58 pm)    [LNo:0004] 000031/000067
[I](2020-11-26  08:03:58 pm)작업중 M코드정지 [d:4][t:00:09:49]
[I](2020-11-26  08:11:02 pm)작업중 정지 [d:4][t:00:16:53]
[I](2020-11-26  08:11:02 pm)    [LNo:0004] 000034/000067
[I](2020-11-26  08:11:02 pm)작업중 M코드정지 [d:4][t:00:16:53]
[I](2020-11-26  08:13:03 pm)작업중 정지 [d:5][t:00:18:54]
[I](2020-11-26  08:13:03 pm)    [LNo:0004] 000060/000067
[I](2020-11-26  08:13:03 pm)작업중 M코드정지 [d:5][t:00:18:54]
[I](2020-11-26  08:19:20 pm)Reset
[I](2020-11-26  08:20:33 pm)Reset
[I](2020-11-26  08:25:28 pm)Reset
[I](2020-11-26  08:27:01 pm)Reset
[I](2020-11-26  08:27:03 pm)Ready Off
[I](2020-11-26  08:27:03 pm)    X:     14.6899
[I](2020-11-26  08:27:03 pm)    Y:   -364.1085
[I](2020-11-26  08:27:03 pm)    U:      0.0230
[I](2020-11-26  08:27:03 pm)    V:     -0.0100
[I](2020-11-26  08:27:03 pm)    Z:     70.2190
[I](2020-11-26  08:27:04 pm)Ready On
[I](2020-11-26  08:38:33 pm)Reset
[I](2020-11-26  08:41:17 pm)Reset
[I](2020-11-26  08:41:53 pm)Reset
[I](2020-11-26  08:42:35 pm)Reset
[I](2020-11-26  08:42:44 pm)Reset
[I](2020-11-26  08:43:00 pm)Reset
[I](2020-11-26  08:43:36 pm)Reset
[I](2020-11-26  08:44:01 pm)Reset
[I](2020-11-26  08:44:25 pm)Reset
[I](2020-11-26  08:44:31 pm)Reset
[I](2020-11-26  08:44:52 pm)Reset
[I](2020-11-26  08:45:05 pm)작업 시작 [Start d:846]
[I](2020-11-26  08:45:05 pm)Nc File: [No.0002-355.NC]
[I](2020-11-26  08:45:05 pm)  * Start Machine Position
[I](2020-11-26  08:45:05 pm)    X:    245.9606
[I](2020-11-26  08:45:05 pm)    Y:   -371.9603
[I](2020-11-26  08:45:05 pm)    U:      0.0000
[I](2020-11-26  08:45:05 pm)    V:      0.0000
[I](2020-11-26  08:45:05 pm)    Z:     60.5270
[I](2020-11-26  08:45:05 pm)  * Angle
[I](2020-11-26  08:45:05 pm)    Ar:      0.5164,Kr:      0.0000
[I](2020-11-26  08:45:05 pm)    Taper_Ar:      0.0000
[I](2020-11-26  08:45:13 pm)작업중 정지 [d:0][t:00:00:07]
[I](2020-11-26  08:45:13 pm)    [LNo:0002] 000088/000189
[I](2020-11-26  08:45:13 pm)작업중 M코드정지 [d:0][t:00:00:07]
[I](2020-11-26  08:45:15 pm)작업중 정지 [d:0][t:00:00:10]
[I](2020-11-26  08:45:15 pm)    [LNo:0002] 000091/000189
[I](2020-11-26  08:45:15 pm)작업중 M코드정지 [d:0][t:00:00:10]
[I](2020-11-26  08:45:16 pm)작업중 정지 [d:0][t:00:00:11]
[I](2020-11-26  08:45:16 pm)    [LNo:0002] 000094/000189
[I](2020-11-26  08:45:17 pm)작업중 M코드정지 [d:0][t:00:00:11]
[I](2020-11-26  08:58:30 pm)작업중 정지 [d:12][t:00:13:24]
[I](2020-11-26  08:58:30 pm)    [LNo:0002] 000115/000189
[I](2020-11-26  08:58:30 pm)작업중 M코드정지 [d:12][t:00:13:24]
[I](2020-11-26  08:59:10 pm)작업중 정지 [d:13][t:00:14:04]
[I](2020-11-26  08:59:10 pm)    [LNo:0002] 000117/000189
[I](2020-11-26  08:59:10 pm)작업중 M코드정지 [d:13][t:00:14:04]
[I](2020-11-26  09:02:19 pm)작업중 정지 [d:16][t:00:17:13]
[I](2020-11-26  09:02:19 pm)    [LNo:0002] 000137/000189
[I](2020-11-26  09:02:19 pm)작업중 M코드정지 [d:16][t:00:17:14]
[A](2020-11-26  09:05:44 pm)[037] 자동결선 잔여 WIRE 처리 실패!!
[A](2020-11-26  09:06:17 pm)[041] AWF 명령끝날때까지 센서감지(타임아웃) 안됨
[I](2020-11-26  09:06:55 pm)작업중 정지 [d:16][t:00:21:49]
[I](2020-11-26  09:06:55 pm)    [LNo:0002] 000144/000189
[I](2020-11-26  09:18:19 pm)작업중 정지 [d:26][t:00:33:13]
[I](2020-11-26  09:18:19 pm)    [LNo:0002] 000159/000189
[I](2020-11-26  09:18:19 pm)작업중 M코드정지 [d:26][t:00:33:13]
[I](2020-11-26  09:18:36 pm)작업중 정지 [d:26][t:00:33:30]
[I](2020-11-26  09:18:36 pm)    [LNo:0002] 000161/000189
[I](2020-11-26  09:18:36 pm)작업중 M코드정지 [d:26][t:00:33:30]
[I](2020-11-26  09:20:38 pm)작업중 정지 [d:28][t:00:35:32]
[I](2020-11-26  09:20:38 pm)    [LNo:0002] 000177/000189
[I](2020-11-26  09:21:11 pm)Reset
[I](2020-11-26  09:21:22 pm)작업 시작 [Start d:874]
[I](2020-11-26  09:21:22 pm)Nc File: [No.0002-355.NC]
[I](2020-11-26  09:21:22 pm)  * Start Machine Position
[I](2020-11-26  09:21:22 pm)    X:    262.9950
[I](2020-11-26  09:21:22 pm)    Y:   -375.7069
[I](2020-11-26  09:21:22 pm)    U:      0.0000
[I](2020-11-26  09:21:22 pm)    V:      0.0000
[I](2020-11-26  09:21:22 pm)    Z:     60.5270
[I](2020-11-26  09:21:22 pm)  * Angle
[I](2020-11-26  09:21:22 pm)    Ar:      0.5164,Kr:      0.0000
[I](2020-11-26  09:21:22 pm)    Taper_Ar:      0.0000
[I](2020-11-26  09:24:05 pm)작업중 정지 [d:2][t:00:02:43]
[I](2020-11-26  09:24:05 pm)    [LNo:0002] 000181/000189
[I](2020-11-26  09:24:05 pm)작업중 M코드정지 [d:2][t:00:02:43]
[I](2020-11-26  09:35:18 pm)Reset
[I](2020-11-26  09:37:39 pm)Reset
[I](2020-11-26  09:39:29 pm)Reset
[I](2020-11-26  09:39:51 pm)Reset
[I](2020-11-26  09:40:01 pm)Reset
[I](2020-11-26  09:41:32 pm)Reset
[I](2020-11-26  09:41:54 pm)Reset
[I](2020-11-26  09:42:01 pm)Reset
[I](2020-11-26  09:42:10 pm)Reset
[I](2020-11-26  09:42:41 pm)작업 시작 [Start d:876]
[I](2020-11-26  09:42:41 pm)Nc File: [No.0003-356.NC]
[I](2020-11-26  09:42:41 pm)  * Start Machine Position
[I](2020-11-26  09:42:41 pm)    X:    246.9047
[I](2020-11-26  09:42:41 pm)    Y:   -373.9259
[I](2020-11-26  09:42:41 pm)    U:      0.0000
[I](2020-11-26  09:42:41 pm)    V:      0.0000
[I](2020-11-26  09:42:41 pm)    Z:     60.5270
[I](2020-11-26  09:42:41 pm)  * Angle
[I](2020-11-26  09:42:41 pm)    Ar:      0.1961,Kr:      0.0000
[I](2020-11-26  09:42:41 pm)    Taper_Ar:      0.0000
[I](2020-11-26  09:42:49 pm)작업중 정지 [d:0][t:00:00:07]
[I](2020-11-26  09:42:49 pm)    [LNo:0003] 000088/000189
[I](2020-11-26  09:42:49 pm)작업중 M코드정지 [d:0][t:00:00:07]
[I](2020-11-26  09:42:55 pm)작업중 정지 [d:0][t:00:00:13]
[I](2020-11-26  09:42:55 pm)    [LNo:0003] 000091/000189
[I](2020-11-26  09:42:55 pm)작업중 M코드정지 [d:0][t:00:00:13]
[I](2020-11-26  09:42:56 pm)작업중 정지 [d:0][t:00:00:14]
[I](2020-11-26  09:42:56 pm)    [LNo:0003] 000093/000189
[I](2020-11-26  09:42:56 pm)작업중 M코드정지 [d:0][t:00:00:15]
[I](2020-11-26  09:50:55 pm)작업중 정지 [d:7][t:00:08:14]
[I](2020-11-26  09:50:55 pm)    [LNo:0003] 000112/000189
[I](2020-11-26  09:50:55 pm)작업중 30sec 접촉 정지 [d:7][t:00:08:14]
[I](2020-11-26  09:51:18 pm)작업 재시작
[I](2020-11-26  09:51:23 pm)작업중 정지 [d:7][t:00:08:41]
[I](2020-11-26  09:51:23 pm)    [LNo:0003] 000112/000189
[I](2020-11-26  09:51:23 pm)작업중 30sec 접촉 정지 [d:7][t:00:08:41]
[I](2020-11-26  09:51:27 pm)작업 재시작
[I](2020-11-26  09:51:29 pm)작업중 정지 [d:7][t:00:08:47]
[I](2020-11-26  09:51:29 pm)    [LNo:0003] 000112/000189
[A](2020-11-26  09:52:00 pm)[001] 와이어 미동작
[I](2020-11-26  09:52:02 pm)작업 재시작
[I](2020-11-26  09:55:10 pm)작업중 정지 [d:11][t:00:12:28]
[I](2020-11-26  09:55:10 pm)    [LNo:0003] 000115/000189
[I](2020-11-26  09:55:10 pm)작업중 M코드정지 [d:11][t:00:12:28]
[I](2020-11-26  09:55:46 pm)작업중 정지 [d:11][t:00:13:04]
[I](2020-11-26  09:55:46 pm)    [LNo:0003] 000117/000189
[I](2020-11-26  09:55:46 pm)작업중 M코드정지 [d:11][t:00:13:04]
[I](2020-11-26  09:59:48 pm)작업중 정지 [d:15][t:00:17:06]
[I](2020-11-26  09:59:48 pm)    [LNo:0003] 000137/000189
[I](2020-11-26  09:59:48 pm)작업중 M코드정지 [d:15][t:00:17:06]
[I](2020-11-26  10:11:04 pm)작업중 정지 [d:26][t:00:28:23]
[I](2020-11-26  10:11:04 pm)    [LNo:0003] 000159/000189
[I](2020-11-26  10:11:04 pm)작업중 M코드정지 [d:26][t:00:28:23]
[I](2020-11-26  10:11:50 pm)작업중 정지 [d:26][t:00:29:08]
[I](2020-11-26  10:11:50 pm)    [LNo:0003] 000161/000189
[I](2020-11-26  10:11:50 pm)작업중 M코드정지 [d:26][t:00:29:08]
[I](2020-11-26  10:15:42 pm)작업중 정지 [d:30][t:00:33:00]
[I](2020-11-26  10:15:42 pm)    [LNo:0003] 000182/000189
[I](2020-11-26  10:15:42 pm)작업중 M코드정지 [d:30][t:00:33:00]
[I](2020-11-26  10:16:02 pm)Reset
[I](2020-11-26  10:19:07 pm)Reset
[I](2020-11-26  10:20:29 pm)Reset
[I](2020-11-26  10:21:29 pm)Reset
[I](2020-11-26  10:21:44 pm)Reset
[I](2020-11-26  10:22:20 pm)Reset
[I](2020-11-26  10:23:00 pm)Reset
[I](2020-11-26  10:23:56 pm)Reset
[I](2020-11-26  10:24:03 pm)Reset
[I](2020-11-26  10:24:11 pm)Reset
[I](2020-11-26  10:24:46 pm)작업 시작 [Start d:906]
[I](2020-11-26  10:24:46 pm)Nc File: [No.0005-357.NC]
[I](2020-11-26  10:24:46 pm)  * Start Machine Position
[I](2020-11-26  10:24:46 pm)    X:    242.6551
[I](2020-11-26  10:24:46 pm)    Y:   -371.9656
[I](2020-11-26  10:24:46 pm)    U:      0.0000
[I](2020-11-26  10:24:46 pm)    V:      0.0000
[I](2020-11-26  10:24:46 pm)    Z:     60.5270
[I](2020-11-26  10:24:46 pm)  * Angle
[I](2020-11-26  10:24:46 pm)    Ar:      0.4771,Kr:      0.0000
[I](2020-11-26  10:24:46 pm)    Taper_Ar:      0.0000
[I](2020-11-26  10:24:53 pm)작업중 정지 [d:0][t:00:00:07]
[I](2020-11-26  10:24:53 pm)    [LNo:0005] 000092/000193
[I](2020-11-26  10:24:53 pm)작업중 M코드정지 [d:0][t:00:00:07]
[I](2020-11-26  10:24:56 pm)작업중 정지 [d:0][t:00:00:10]
[I](2020-11-26  10:24:56 pm)    [LNo:0005] 000095/000193
[I](2020-11-26  10:24:56 pm)작업중 M코드정지 [d:0][t:00:00:10]
[I](2020-11-26  10:24:57 pm)작업중 정지 [d:0][t:00:00:11]
[I](2020-11-26  10:24:57 pm)    [LNo:0005] 000097/000193
[I](2020-11-26  10:24:57 pm)작업중 M코드정지 [d:0][t:00:00:11]
[I](2020-11-26  10:25:09 pm)작업중 정지 [d:0][t:00:00:23]
[I](2020-11-26  10:25:09 pm)    [LNo:0005] 000107/000193
[I](2020-11-26  10:36:08 pm)작업중 정지 [d:10][t:00:11:22]
[I](2020-11-26  10:36:08 pm)    [LNo:0005] 000119/000193
[I](2020-11-26  10:36:08 pm)작업중 M코드정지 [d:10][t:00:11:22]
[A](2020-11-26  10:37:11 pm)[001] 와이어 미동작
[I](2020-11-26  10:37:23 pm)작업중 정지 [d:10][t:00:12:37]
[I](2020-11-26  10:37:23 pm)    [LNo:0005] 000120/000193
[I](2020-11-26  10:37:29 pm)작업 재시작
[I](2020-11-26  10:37:29 pm)작업중 정지 [d:10][t:00:12:43]
[I](2020-11-26  10:37:29 pm)    [LNo:0005] 000120/000193
[I](2020-11-26  10:37:29 pm)Wire Contact Auto Stop(M52)
[I](2020-11-26  10:37:32 pm)작업 재시작
[I](2020-11-26  10:37:39 pm)작업중 정지 [d:10][t:00:12:53]
[I](2020-11-26  10:37:39 pm)    [LNo:0005] 000121/000193
[I](2020-11-26  10:37:39 pm)작업중 M코드정지 [d:10][t:00:12:53]
[I](2020-11-26  10:41:31 pm)작업중 정지 [d:14][t:00:16:45]
[I](2020-11-26  10:41:31 pm)    [LNo:0005] 000141/000193
[I](2020-11-26  10:41:31 pm)작업중 M코드정지 [d:14][t:00:16:45]
[I](2020-11-26  10:53:30 pm)작업중 정지 [d:26][t:00:28:44]
[I](2020-11-26  10:53:30 pm)    [LNo:0005] 000162/000193
[I](2020-11-26  10:53:30 pm)작업중 30sec 접촉 정지 [d:26][t:00:28:44]
[I](2020-11-26  10:54:05 pm)작업 재시작
[I](2020-11-26  10:54:16 pm)작업중 정지 [d:27][t:00:29:30]
[I](2020-11-26  10:54:16 pm)    [LNo:0005] 000163/000193
[I](2020-11-26  10:54:16 pm)작업중 M코드정지 [d:27][t:00:29:30]
[I](2020-11-26  10:54:33 pm)작업중 정지 [d:27][t:00:29:47]
[I](2020-11-26  10:54:33 pm)    [LNo:0005] 000165/000193
[I](2020-11-26  10:54:34 pm)작업중 M코드정지 [d:27][t:00:29:47]
[I](2020-11-26  10:58:20 pm)작업중 정지 [d:31][t:00:33:34]
[I](2020-11-26  10:58:20 pm)    [LNo:0005] 000186/000193
[I](2020-11-26  10:58:20 pm)작업중 M코드정지 [d:31][t:00:33:34]
[A](2020-11-26  10:58:34 pm)[084] Work Tank Fluid Sensor Abnormal
[I](2020-11-26  10:58:46 pm)Reset
[I](2020-11-26  10:58:56 pm)Reset
[I](2020-11-26  10:58:59 pm)Reset
[I](2020-11-26  11:04:04 pm)Reset
[I](2020-11-26  11:06:03 pm)Reset
[I](2020-11-26  11:06:07 pm)Reset
[I](2020-11-26  11:13:21 pm)Reset
[I](2020-11-26  11:16:24 pm)Reset
[I](2020-11-26  11:16:53 pm)Reset
[I](2020-11-26  11:17:22 pm)작업 시작 [Start d:937]
[I](2020-11-26  11:17:22 pm)Nc File: [No.0006-380.NC]
[I](2020-11-26  11:17:22 pm)  * Start Machine Position
[I](2020-11-26  11:17:22 pm)    X:    230.7826
[I](2020-11-26  11:17:22 pm)    Y:   -242.9252
[I](2020-11-26  11:17:22 pm)    U:      0.0000
[I](2020-11-26  11:17:22 pm)    V:      0.0000
[I](2020-11-26  11:17:22 pm)    Z:     31.4834
[I](2020-11-26  11:17:22 pm)  * Angle
[I](2020-11-26  11:17:22 pm)    Ar:      0.0338,Kr:      0.0000
[I](2020-11-26  11:17:22 pm)    Taper_Ar:      0.0000
[I](2020-11-26  11:35:46 pm)작업중 정지 [d:17][t:00:18:23]
[I](2020-11-26  11:35:46 pm)    [LNo:0006] 000059/000253
[I](2020-11-26  11:35:46 pm)작업중 M코드정지 [d:17][t:00:18:23]
[I](2020-11-26  11:36:26 pm)작업중 정지 [d:17][t:00:19:03]
[I](2020-11-26  11:36:26 pm)    [LNo:0006] 000061/000253
[I](2020-11-26  11:36:46 pm)작업 재시작
[I](2020-11-26  11:36:54 pm)작업중 정지 [d:17][t:00:19:32]
[I](2020-11-26  11:36:54 pm)    [LNo:0006] 000063/000253
[I](2020-11-26  11:36:54 pm)작업중 M코드정지 [d:17][t:00:19:32]
[I](2020-11-26  11:47:31 pm)작업중 정지 [d:27][t:00:30:08]
[I](2020-11-26  11:47:31 pm)    [LNo:0006] 000111/000253
[I](2020-11-26  11:47:32 pm)작업중 M코드정지 [d:27][t:00:30:09]
