[I](2020-03-04  12:04:28 am)Reset
[I](2020-03-04  12:06:50 am)Reset
[I](2020-03-04  12:11:58 am)Reset
[I](2020-03-04  12:17:16 am)Reset
[I](2020-03-04  12:30:07 am)Reset
[I](2020-03-04  12:34:12 am)Reset
[I](2020-03-04  12:34:16 am)Reset
[I](2020-03-04  12:35:37 am)Reset
[I](2020-03-04  12:36:22 am)Reset
[I](2020-03-04  12:36:25 am)Reset
[I](2020-03-04  12:37:01 am)작업 시작 [Start d:446]
[I](2020-03-04  12:37:01 am)Nc File: [No.0002-582.NC]
[I](2020-03-04  12:37:01 am)  * Start Machine Position
[I](2020-03-04  12:37:01 am)    X:    252.7383
[I](2020-03-04  12:37:01 am)    Y:   -257.3024
[I](2020-03-04  12:37:01 am)    U:      0.0000
[I](2020-03-04  12:37:01 am)    V:      0.0000
[I](2020-03-04  12:37:01 am)    Z:     26.9589
[I](2020-03-04  12:37:01 am)  * Angle
[I](2020-03-04  12:37:01 am)    Ar:      0.1882,Kr:      0.0000
[I](2020-03-04  12:37:01 am)    Taper_Ar:      0.0000
[I](2020-03-04  12:37:15 am)작업중 정지 [d:0][t:00:00:13]
[I](2020-03-04  12:37:15 am)    [LNo:0002] 000010/000257
[I](2020-03-04  12:37:15 am)작업중 M코드정지 [d:0][t:00:00:14]
[I](2020-03-04  12:38:37 am)작업중 정지 [d:1][t:00:01:35]
[I](2020-03-04  12:38:37 am)    [LNo:0002] 000033/000257
[I](2020-03-04  12:39:55 am)작업중 정지 [d:1][t:00:02:53]
[I](2020-03-04  12:39:55 am)    [LNo:0002] 000060/000257
[I](2020-03-04  12:57:19 am)작업중 정지 [d:18][t:00:20:17]
[I](2020-03-04  12:57:19 am)    [LNo:0002] 000069/000257
[I](2020-03-04  12:57:44 am)작업 재시작
[I](2020-03-04  01:15:45 am)작업중 정지 [d:36][t:00:38:43]
[I](2020-03-04  01:15:45 am)    [LNo:0002] 000086/000257
[I](2020-03-04  01:15:45 am)작업중 M코드정지 [d:36][t:00:38:44]
[I](2020-03-04  01:28:56 am)작업중 정지 [d:36][t:00:51:54]
[I](2020-03-04  01:28:56 am)    [LNo:0002] 000090/000257
[I](2020-03-04  01:28:56 am)작업중 M코드정지 [d:36][t:00:51:54]
[I](2020-03-04  01:53:38 am)작업중 정지 [d:59][t:01:16:36]
[I](2020-03-04  01:53:38 am)    [LNo:0002] 000151/000257
[I](2020-03-04  01:53:38 am)작업중 M코드정지 [d:59][t:01:16:36]
[I](2020-03-04  02:07:12 am)작업중 정지 [d:59][t:01:30:10]
[I](2020-03-04  02:07:12 am)    [LNo:0002] 000155/000257
[I](2020-03-04  02:07:12 am)작업중 M코드정지 [d:59][t:01:30:10]
[I](2020-03-04  02:31:55 am)작업중 정지 [d:82][t:01:54:53]
[I](2020-03-04  02:31:55 am)    [LNo:0002] 000216/000257
[I](2020-03-04  02:31:55 am)작업중 M코드정지 [d:82][t:01:54:53]
[I](2020-03-04  02:33:46 am)작업중 정지 [d:82][t:01:56:44]
[I](2020-03-04  02:33:46 am)    [LNo:0002] 000220/000257
[I](2020-03-04  02:33:46 am)작업중 M코드정지 [d:82][t:01:56:44]
[I](2020-03-04  02:39:40 am)작업중 정지 [d:86][t:02:02:38]
[I](2020-03-04  02:39:40 am)    [LNo:0002] 000253/000257
[I](2020-03-04  02:39:40 am)작업중 M코드정지 [d:86][t:02:02:38]
[I](2020-03-04  03:40:59 am)Reset
[I](2020-03-04  03:41:07 am)Reset
[I](2020-03-04  03:46:32 am)Reset
[I](2020-03-04  03:51:20 am)Reset
[I](2020-03-04  03:58:54 am)Reset
[I](2020-03-04  04:05:55 am)Reset
[I](2020-03-04  04:12:25 am)Reset
[I](2020-03-04  04:12:29 am)Reset
[I](2020-03-04  04:14:20 am)Reset
[I](2020-03-04  04:14:25 am)Reset
[I](2020-03-04  04:14:25 am)Reset
[I](2020-03-04  04:14:50 am)Reset
[I](2020-03-04  04:19:37 am)작업 시작 [Start d:532]
[I](2020-03-04  04:19:37 am)Nc File: [No.0002-596.NC]
[I](2020-03-04  04:19:37 am)  * Start Machine Position
[I](2020-03-04  04:19:37 am)    X:    205.0876
[I](2020-03-04  04:19:37 am)    Y:   -256.6808
[I](2020-03-04  04:19:37 am)    U:      0.0000
[I](2020-03-04  04:19:37 am)    V:      0.0000
[I](2020-03-04  04:19:37 am)    Z:     30.5409
[I](2020-03-04  04:19:37 am)  * Angle
[I](2020-03-04  04:19:37 am)    Ar:      0.1831,Kr:      0.0000
[I](2020-03-04  04:19:37 am)    Taper_Ar:      0.0000
[I](2020-03-04  04:19:59 am)작업중 정지 [d:0][t:00:00:21]
[I](2020-03-04  04:19:59 am)    [LNo:0002] 000010/000624
[I](2020-03-04  04:19:59 am)작업중 M코드정지 [d:0][t:00:00:21]
[I](2020-03-04  04:31:05 am)작업중 정지 [d:0][t:00:11:27]
[I](2020-03-04  04:31:05 am)    [LNo:0002] 000013/000624
[I](2020-03-04  04:31:06 am)작업중 정지 [d:0][t:00:11:28]
[I](2020-03-04  04:31:06 am)    [LNo:0002] 000013/000624
[A](2020-03-04  04:31:06 am)[009] 자동결선 Error(M20-삽입실패)
[I](2020-03-04  04:31:16 am)작업중 정지 [d:0][t:00:11:38]
[I](2020-03-04  04:31:16 am)    [LNo:0002] 000026/000624
[I](2020-03-04  04:31:16 am)작업중 M코드정지 [d:0][t:00:11:38]
[I](2020-03-04  04:31:18 am)작업중 정지 [d:0][t:00:11:40]
[I](2020-03-04  04:31:18 am)    [LNo:0002] 000029/000624
[I](2020-03-04  04:31:18 am)작업중 M코드정지 [d:0][t:00:11:40]
[I](2020-03-04  04:31:23 am)작업중 정지 [d:0][t:00:11:45]
[I](2020-03-04  04:31:23 am)    [LNo:0002] 000041/000624
[I](2020-03-04  04:33:02 am)작업중 정지 [d:0][t:00:13:24]
[I](2020-03-04  04:33:02 am)    [LNo:0002] 000062/000624
[I](2020-03-04  04:33:02 am)작업중 M코드정지 [d:0][t:00:13:24]
[I](2020-03-04  04:33:15 am)작업중 정지 [d:0][t:00:13:37]
[I](2020-03-04  04:33:15 am)    [LNo:0002] 000037/000624
[I](2020-03-04  04:33:40 am)작업중 정지 [d:0][t:00:14:02]
[I](2020-03-04  04:33:40 am)    [LNo:0002] 000045/000624
[I](2020-03-04  04:33:54 am)작업중 정지 [d:0][t:00:14:16]
[I](2020-03-04  04:33:54 am)    [LNo:0002] 000046/000624
[I](2020-03-04  04:34:03 am)작업 재시작
[I](2020-03-04  04:34:16 am)작업중 정지 [d:1][t:00:14:38]
[I](2020-03-04  04:34:16 am)    [LNo:0002] 000062/000624
[I](2020-03-04  04:34:16 am)작업중 M코드정지 [d:1][t:00:14:38]
[I](2020-03-04  04:34:27 am)작업중 정지 [d:1][t:00:14:49]
[I](2020-03-04  04:34:27 am)    [LNo:0002] 000037/000624
[I](2020-03-04  04:34:54 am)작업중 정지 [d:1][t:00:15:16]
[I](2020-03-04  04:34:54 am)    [LNo:0002] 000062/000624
[I](2020-03-04  04:34:54 am)작업중 M코드정지 [d:1][t:00:15:16]
[I](2020-03-04  04:35:02 am)작업중 정지 [d:1][t:00:15:24]
[I](2020-03-04  04:35:02 am)    [LNo:0002] 000063/000624
[I](2020-03-04  04:36:10 am)작업 재시작
[I](2020-03-04  04:36:22 am)작업중 정지 [d:1][t:00:16:44]
[I](2020-03-04  04:36:22 am)    [LNo:0002] 000063/000624
[I](2020-03-04  04:36:29 am)작업 재시작
[I](2020-03-04  04:36:33 am)작업중 정지 [d:1][t:00:16:55]
[I](2020-03-04  04:36:33 am)    [LNo:0002] 000063/000624
[I](2020-03-04  04:36:36 am)작업 재시작
[I](2020-03-04  04:36:42 am)작업중 정지 [d:1][t:00:17:04]
[I](2020-03-04  04:36:42 am)    [LNo:0002] 000065/000624
[I](2020-03-04  04:36:42 am)작업중 M코드정지 [d:1][t:00:17:04]
[I](2020-03-04  04:36:46 am)작업중 정지 [d:1][t:00:17:08]
[I](2020-03-04  04:36:46 am)    [LNo:0002] 000068/000624
[I](2020-03-04  04:36:47 am)작업중 정지 [d:1][t:00:17:10]
[I](2020-03-04  04:36:47 am)    [LNo:0002] 000068/000624
[A](2020-03-04  04:36:47 am)[010] 자동결선 Error(M21-절단실패)
[I](2020-03-04  04:37:11 am)작업중 정지 [d:2][t:00:17:33]
[I](2020-03-04  04:37:11 am)    [LNo:0002] 000095/000624
[I](2020-03-04  04:37:11 am)작업중 M코드정지 [d:2][t:00:17:33]
[I](2020-03-04  04:37:23 am)작업중 정지 [d:2][t:00:17:45]
[I](2020-03-04  04:37:23 am)    [LNo:0002] 000098/000624
[I](2020-03-04  04:37:23 am)작업중 M코드정지 [d:2][t:00:17:45]
[I](2020-03-04  04:37:26 am)작업중 정지 [d:2][t:00:17:48]
[I](2020-03-04  04:37:26 am)    [LNo:0002] 000101/000624
[I](2020-03-04  04:37:27 am)작업중 정지 [d:2][t:00:17:50]
[I](2020-03-04  04:37:27 am)    [LNo:0002] 000101/000624
[A](2020-03-04  04:37:27 am)[010] 자동결선 Error(M21-절단실패)
[I](2020-03-04  04:40:18 am)작업중 정지 [d:5][t:00:20:40]
[I](2020-03-04  04:40:18 am)    [LNo:0002] 000135/000624
[I](2020-03-04  04:40:18 am)작업중 M코드정지 [d:5][t:00:20:40]
[I](2020-03-04  04:40:41 am)작업중 정지 [d:5][t:00:21:03]
[I](2020-03-04  04:40:41 am)    [LNo:0002] 000137/000624
[I](2020-03-04  04:40:41 am)작업중 M코드정지 [d:5][t:00:21:03]
[I](2020-03-04  04:45:52 am)작업중 정지 [d:7][t:00:26:14]
[I](2020-03-04  04:45:52 am)    [LNo:0002] 000232/000624
[I](2020-03-04  04:45:52 am)작업중 M코드정지 [d:7][t:00:26:14]
[I](2020-03-04  04:50:36 am)작업중 정지 [d:11][t:00:30:58]
[I](2020-03-04  04:50:36 am)    [LNo:0002] 000280/000624
[I](2020-03-04  04:50:36 am)작업중 M코드정지 [d:11][t:00:30:58]
[I](2020-03-04  04:53:47 am)작업중 정지 [d:11][t:00:34:09]
[I](2020-03-04  04:53:47 am)    [LNo:0002] 000282/000624
[I](2020-03-04  04:53:47 am)작업중 M코드정지 [d:11][t:00:34:09]
[I](2020-03-04  05:00:45 am)작업중 정지 [d:17][t:00:41:07]
[I](2020-03-04  05:00:45 am)    [LNo:0002] 000443/000624
[I](2020-03-04  05:00:45 am)작업중 M코드정지 [d:17][t:00:41:07]
[I](2020-03-04  05:01:57 am)작업중 정지 [d:17][t:00:42:19]
[I](2020-03-04  05:01:57 am)    [LNo:0002] 000445/000624
[I](2020-03-04  05:01:57 am)작업중 M코드정지 [d:17][t:00:42:19]
[I](2020-03-04  05:06:52 am)작업중 정지 [d:20][t:00:47:14]
[I](2020-03-04  05:06:52 am)    [LNo:0002] 000543/000624
[I](2020-03-04  05:06:52 am)작업중 M코드정지 [d:20][t:00:47:14]
[I](2020-03-04  05:07:38 am)작업중 정지 [d:20][t:00:48:00]
[I](2020-03-04  05:07:38 am)    [LNo:0002] 000545/000624
[I](2020-03-04  05:07:38 am)작업중 M코드정지 [d:20][t:00:48:00]
[I](2020-03-04  05:10:54 am)작업중 정지 [d:22][t:00:51:16]
[I](2020-03-04  05:10:54 am)    [LNo:0002] 000617/000624
[I](2020-03-04  05:10:54 am)작업중 M코드정지 [d:22][t:00:51:17]
[I](2020-03-04  05:30:02 am)Reset
[I](2020-03-04  05:30:09 am)Reset
[A](2020-03-04  05:35:29 am)[036] 자동결선 절단 공정 실패!!
[I](2020-03-04  05:40:24 am)Reset
[I](2020-03-04  05:44:51 am)Reset
[I](2020-03-04  05:51:13 am)Reset
[I](2020-03-04  05:57:35 am)Reset
[I](2020-03-04  05:57:40 am)Reset
[I](2020-03-04  06:02:07 am)Reset
[I](2020-03-04  06:02:31 am)Reset
[I](2020-03-04  06:02:34 am)Reset
[I](2020-03-04  06:02:44 am)작업 시작 [Start d:554]
[I](2020-03-04  06:02:44 am)Nc File: [No.0001-592.NC]
[I](2020-03-04  06:02:44 am)  * Start Machine Position
[I](2020-03-04  06:02:44 am)    X:    172.6154
[I](2020-03-04  06:02:44 am)    Y:   -256.5671
[I](2020-03-04  06:02:44 am)    U:      0.0000
[I](2020-03-04  06:02:44 am)    V:      0.0000
[I](2020-03-04  06:02:44 am)    Z:     45.0864
[I](2020-03-04  06:02:44 am)  * Angle
[I](2020-03-04  06:02:44 am)    Ar:     -0.1906,Kr:      0.0000
[I](2020-03-04  06:02:44 am)    Taper_Ar:      0.0000
[I](2020-03-04  06:02:56 am)작업중 정지 [d:0][t:00:00:11]
[I](2020-03-04  06:02:56 am)    [LNo:0001] 000010/000365
[I](2020-03-04  06:02:56 am)작업중 M코드정지 [d:0][t:00:00:11]
[A](2020-03-04  06:03:38 am)[091] Auto Door Sensor Abnormal
[A](2020-03-04  06:03:40 am)[091] Auto Door Sensor Abnormal
[A](2020-03-04  06:03:41 am)[091] Auto Door Sensor Abnormal
[A](2020-03-04  06:03:43 am)[091] Auto Door Sensor Abnormal
[A](2020-03-04  06:03:44 am)[091] Auto Door Sensor Abnormal
[A](2020-03-04  06:03:44 am)[091] Auto Door Sensor Abnormal
[I](2020-03-04  06:04:30 am)작업중 정지 [d:1][t:00:01:45]
[I](2020-03-04  06:04:30 am)    [LNo:0001] 000049/000365
[I](2020-03-04  06:04:30 am)작업중 M코드정지 [d:1][t:00:01:45]
[I](2020-03-04  06:04:31 am)작업중 정지 [d:1][t:00:01:46]
[I](2020-03-04  06:04:31 am)    [LNo:0001] 000052/000365
[I](2020-03-04  06:04:31 am)작업중 M코드정지 [d:1][t:00:01:46]
[I](2020-03-04  06:04:34 am)작업중 정지 [d:1][t:00:01:49]
[I](2020-03-04  06:04:34 am)    [LNo:0001] 000055/000365
[I](2020-03-04  06:04:34 am)작업중 M코드정지 [d:1][t:00:01:49]
[I](2020-03-04  06:05:29 am)작업중 정지 [d:1][t:00:02:44]
[I](2020-03-04  06:05:29 am)    [LNo:0001] 000058/000365
[I](2020-03-04  06:05:29 am)작업중 M코드정지 [d:1][t:00:02:44]
[I](2020-03-04  06:19:59 am)Reset
[I](2020-03-04  06:20:05 am)Reset
[I](2020-03-04  06:20:14 am)작업 시작 [Start d:555]
[I](2020-03-04  06:20:14 am)Nc File: [No.0001-592.NC]
[I](2020-03-04  06:20:14 am)  * Start Machine Position
[I](2020-03-04  06:20:14 am)    X:     87.4427
[I](2020-03-04  06:20:14 am)    Y:   -339.0172
[I](2020-03-04  06:20:14 am)    U:      0.0000
[I](2020-03-04  06:20:14 am)    V:      0.0000
[I](2020-03-04  06:20:14 am)    Z:     50.8904
[I](2020-03-04  06:20:14 am)  * Angle
[I](2020-03-04  06:20:14 am)    Ar:     -0.1906,Kr:      0.0000
[I](2020-03-04  06:20:14 am)    Taper_Ar:      0.0000
[I](2020-03-04  06:20:14 am)작업중 정지 [d:0][t:00:00:00]
[I](2020-03-04  06:20:14 am)    [LNo:0001] 000001/000365
[I](2020-03-04  06:20:14 am)작업중 M코드정지 [d:0][t:00:00:00]
[I](2020-03-04  06:20:21 am)작업중 정지 [d:0][t:00:00:07]
[I](2020-03-04  06:20:21 am)    [LNo:0001] 000064/000365
[I](2020-03-04  06:25:04 am)작업중 정지 [d:1][t:00:04:50]
[I](2020-03-04  06:25:04 am)    [LNo:0001] 000078/000365
[I](2020-03-04  06:25:04 am)작업중 M코드정지 [d:1][t:00:04:50]
[I](2020-03-04  06:30:30 am)작업중 정지 [d:4][t:00:10:16]
[I](2020-03-04  06:30:30 am)    [LNo:0001] 000131/000365
[I](2020-03-04  06:30:30 am)작업중 M코드정지 [d:4][t:00:10:16]
[I](2020-03-04  06:36:23 am)작업중 정지 [d:7][t:00:16:09]
[I](2020-03-04  06:36:23 am)    [LNo:0001] 000220/000365
[I](2020-03-04  06:36:24 am)작업중 M코드정지 [d:7][t:00:16:09]
[I](2020-03-04  06:44:54 am)작업중 정지 [d:14][t:00:24:40]
[I](2020-03-04  06:44:54 am)    [LNo:0001] 000280/000365
[I](2020-03-04  06:44:55 am)작업중 M코드정지 [d:14][t:00:24:40]
[I](2020-03-04  06:47:44 am)작업중 정지 [d:14][t:00:27:29]
[I](2020-03-04  06:47:44 am)    [LNo:0001] 000226/000365
[I](2020-03-04  06:49:18 am)작업중 정지 [d:16][t:00:29:04]
[I](2020-03-04  06:49:18 am)    [LNo:0001] 000281/000365
[I](2020-03-04  06:49:18 am)작업중 M코드정지 [d:16][t:00:29:04]
[I](2020-03-04  06:50:51 am)작업중 정지 [d:17][t:00:30:37]
[I](2020-03-04  06:50:51 am)    [LNo:0001] 000318/000365
[I](2020-03-04  06:50:51 am)작업중 M코드정지 [d:17][t:00:30:37]
[I](2020-03-04  07:12:09 am)작업중 정지 [d:17][t:00:51:55]
[I](2020-03-04  07:12:09 am)    [LNo:0001] 000320/000365
[I](2020-03-04  07:12:09 am)작업중 M코드정지 [d:17][t:00:51:55]
[I](2020-03-04  07:13:49 am)작업중 정지 [d:18][t:00:53:35]
[I](2020-03-04  07:13:49 am)    [LNo:0001] 000357/000365
[I](2020-03-04  07:13:49 am)작업중 M코드정지 [d:18][t:00:53:35]
[I](2020-03-04  07:39:48 am)작업중 정지 [d:18][t:01:19:34]
[I](2020-03-04  07:39:48 am)    [LNo:0001] 000324/000365
[I](2020-03-04  07:41:02 am)작업중 정지 [d:19][t:01:20:48]
[I](2020-03-04  07:41:02 am)    [LNo:0001] 000357/000365
[I](2020-03-04  07:41:02 am)작업중 M코드정지 [d:19][t:01:20:48]
[I](2020-03-04  07:51:21 am)작업중 정지 [d:19][t:01:31:07]
[I](2020-03-04  07:51:21 am)    [LNo:0001] 000226/000365
[I](2020-03-04  07:52:41 am)작업중 정지 [d:20][t:01:32:27]
[I](2020-03-04  07:52:41 am)    [LNo:0001] 000280/000365
[I](2020-03-04  07:52:41 am)작업중 M코드정지 [d:20][t:01:32:27]
[I](2020-03-04  07:52:51 am)작업중 정지 [d:20][t:01:32:37]
[I](2020-03-04  07:52:51 am)    [LNo:0001] 000324/000365
[I](2020-03-04  07:53:44 am)작업중 정지 [d:21][t:01:33:30]
[I](2020-03-04  07:53:44 am)    [LNo:0001] 000357/000365
[I](2020-03-04  07:53:44 am)작업중 M코드정지 [d:21][t:01:33:30]
[I](2020-03-04  07:59:09 am)작업중 정지 [d:21][t:01:38:54]
[I](2020-03-04  07:59:09 am)    [LNo:0001] 000086/000365
[I](2020-03-04  07:59:42 am)Reset
[I](2020-03-04  07:59:54 am)작업 시작 [Start d:576]
[I](2020-03-04  07:59:54 am)Nc File: [No.0001-592.NC]
[I](2020-03-04  07:59:54 am)  * Start Machine Position
[I](2020-03-04  07:59:54 am)    X:     80.5734
[I](2020-03-04  07:59:54 am)    Y:   -338.5114
[I](2020-03-04  07:59:54 am)    U:      0.0000
[I](2020-03-04  07:59:54 am)    V:      0.0000
[I](2020-03-04  07:59:54 am)    Z:     34.8904
[I](2020-03-04  07:59:54 am)  * Angle
[I](2020-03-04  07:59:54 am)    Ar:     -0.1906,Kr:      0.0000
[I](2020-03-04  07:59:54 am)    Taper_Ar:      0.0000
[I](2020-03-04  07:59:55 am)작업중 정지 [d:0][t:00:00:00]
[I](2020-03-04  07:59:55 am)    [LNo:0001] 000088/000365
[I](2020-03-04  08:02:24 am)작업중 정지 [d:1][t:00:02:30]
[I](2020-03-04  08:02:24 am)    [LNo:0001] 000108/000365
[I](2020-03-04  08:02:25 am)작업중 M코드정지 [d:1][t:00:02:30]
[I](2020-03-04  08:02:58 am)작업중 정지 [d:1][t:00:03:03]
[I](2020-03-04  08:02:58 am)    [LNo:0001] 000140/000365
[I](2020-03-04  08:04:42 am)작업중 정지 [d:1][t:00:04:48]
[I](2020-03-04  08:04:42 am)    [LNo:0001] 000161/000365
[I](2020-03-04  08:04:42 am)작업중 M코드정지 [d:1][t:00:04:48]
[I](2020-03-04  08:06:53 am)Reset
[I](2020-03-04  08:47:43 am)Reset
[I](2020-03-04  08:48:31 am)Reset
[I](2020-03-04  08:48:32 am)Reset
[I](2020-03-04  08:51:24 am)Reset
[I](2020-03-04  08:51:24 am)Reset
[I](2020-03-04  08:51:30 am)Reset
[I](2020-03-04  08:55:35 am)Reset
[I](2020-03-04  08:55:36 am)Reset
[A](2020-03-04  08:55:59 am)[033] 자동결선 회수 롤러 WIRE CONTACT!!
[I](2020-03-04  08:59:08 am)Reset
[I](2020-03-04  08:59:08 am)Reset
[I](2020-03-04  09:01:57 am)작업 시작 [Start d:577]
[I](2020-03-04  09:01:57 am)Nc File: [No.0001-499.NC]
[I](2020-03-04  09:01:57 am)  * Start Machine Position
[I](2020-03-04  09:01:57 am)    X:     49.3782
[I](2020-03-04  09:01:57 am)    Y:   -328.3786
[I](2020-03-04  09:01:57 am)    U:      0.0000
[I](2020-03-04  09:01:57 am)    V:      0.0000
[I](2020-03-04  09:01:57 am)    Z:     17.4214
[I](2020-03-04  09:01:57 am)  * Angle
[I](2020-03-04  09:01:57 am)    Ar:      0.7754,Kr:      0.0000
[I](2020-03-04  09:01:57 am)    Taper_Ar:      0.0000
[I](2020-03-04  09:05:00 am)작업중 정지 [d:3][t:00:03:02]
[I](2020-03-04  09:05:00 am)    [LNo:0001] 000022/000395
[I](2020-03-04  09:05:00 am)작업중 M코드정지 [d:3][t:00:03:02]
[I](2020-03-04  09:06:39 am)작업중 정지 [d:3][t:00:04:41]
[I](2020-03-04  09:06:39 am)    [LNo:0001] 000026/000395
[I](2020-03-04  09:06:39 am)작업중 M코드정지 [d:3][t:00:04:42]
[I](2020-03-04  09:08:28 am)작업중 정지 [d:4][t:00:06:31]
[I](2020-03-04  09:08:28 am)    [LNo:0001] 000045/000395
[I](2020-03-04  09:08:28 am)작업중 M코드정지 [d:4][t:00:06:31]
[I](2020-03-04  09:25:52 am)작업중 정지 [d:15][t:00:23:55]
[I](2020-03-04  09:25:52 am)    [LNo:0001] 000098/000395
[I](2020-03-04  09:25:52 am)작업중 30sec 접촉 정지 [d:15][t:00:23:55]
[I](2020-03-04  09:28:16 am)작업 재시작
[I](2020-03-04  09:32:17 am)작업중 정지 [d:19][t:00:30:20]
[I](2020-03-04  09:32:17 am)    [LNo:0001] 000107/000395
[I](2020-03-04  09:32:17 am)작업중 30sec 접촉 정지 [d:19][t:00:30:20]
[I](2020-03-04  09:33:32 am)작업 재시작
[I](2020-03-04  09:35:21 am)작업중 정지 [d:21][t:00:33:23]
[I](2020-03-04  09:35:21 am)    [LNo:0001] 000125/000395
[I](2020-03-04  09:35:21 am)작업중 M코드정지 [d:21][t:00:33:24]
[I](2020-03-04  09:35:52 am)작업중 정지 [d:21][t:00:33:55]
[I](2020-03-04  09:35:52 am)    [LNo:0001] 000126/000395
[I](2020-03-04  09:35:52 am)Wire Contact Auto Stop(M52)
[I](2020-03-04  09:40:58 am)작업 재시작
[I](2020-03-04  09:41:00 am)작업중 정지 [d:21][t:00:39:03]
[I](2020-03-04  09:41:00 am)    [LNo:0001] 000127/000395
[I](2020-03-04  09:41:00 am)작업중 M코드정지 [d:21][t:00:39:03]
[I](2020-03-04  09:45:36 am)작업중 정지 [d:24][t:00:43:38]
[I](2020-03-04  09:45:36 am)    [LNo:0001] 000151/000395
[I](2020-03-04  09:45:36 am)작업중 M코드정지 [d:24][t:00:43:38]
[I](2020-03-04  09:46:57 am)작업중 정지 [d:24][t:00:45:00]
[I](2020-03-04  09:46:57 am)    [LNo:0001] 000155/000395
[I](2020-03-04  09:46:57 am)작업중 M코드정지 [d:24][t:00:45:00]
[I](2020-03-04  09:49:42 am)작업중 정지 [d:25][t:00:47:45]
[I](2020-03-04  09:49:42 am)    [LNo:0001] 000185/000395
[A](2020-03-04  09:49:42 am)[001] 와이어 미동작
[I](2020-03-04  10:08:19 am)작업중 정지 [d:42][t:01:06:22]
[I](2020-03-04  10:08:19 am)    [LNo:0001] 000254/000395
[I](2020-03-04  10:08:20 am)작업중 M코드정지 [d:42][t:01:06:22]
[I](2020-03-04  10:08:35 am)작업중 정지 [d:42][t:01:06:37]
[I](2020-03-04  10:08:35 am)    [LNo:0001] 000255/000395
[I](2020-03-04  10:08:35 am)Wire Contact Auto Stop(M52)
[I](2020-03-04  10:09:11 am)작업 재시작
[I](2020-03-04  10:09:13 am)작업중 정지 [d:42][t:01:07:15]
[I](2020-03-04  10:09:13 am)    [LNo:0001] 000256/000395
[I](2020-03-04  10:09:13 am)작업중 M코드정지 [d:42][t:01:07:16]
[I](2020-03-04  10:14:53 am)작업중 정지 [d:45][t:01:12:55]
[I](2020-03-04  10:14:53 am)    [LNo:0001] 000280/000395
[I](2020-03-04  10:14:53 am)작업중 M코드정지 [d:45][t:01:12:55]
[I](2020-03-04  10:15:16 am)작업중 정지 [d:45][t:01:13:19]
[I](2020-03-04  10:15:16 am)    [LNo:0001] 000284/000395
[I](2020-03-04  10:15:17 am)작업중 M코드정지 [d:45][t:01:13:19]
[I](2020-03-04  10:35:54 am)작업중 정지 [d:64][t:01:33:57]
[I](2020-03-04  10:35:54 am)    [LNo:0001] 000383/000395
[I](2020-03-04  10:35:54 am)작업중 M코드정지 [d:64][t:01:33:57]
[I](2020-03-04  10:36:08 am)작업중 정지 [d:64][t:01:34:11]
[I](2020-03-04  10:36:08 am)    [LNo:0001] 000384/000395
[I](2020-03-04  10:36:08 am)Wire Contact Auto Stop(M52)
[I](2020-03-04  10:39:33 am)Reset
[I](2020-03-04  10:39:33 am)Reset
[I](2020-03-04  10:39:39 am)Reset
[I](2020-03-04  10:39:44 am)Reset
[I](2020-03-04  10:40:55 am)Reset
[I](2020-03-04  10:40:56 am)Reset
[I](2020-03-04  10:41:52 am)Reset
[A](2020-03-04  10:42:21 am)[002] 가공액 미동작
[I](2020-03-04  10:44:13 am)Reset
[I](2020-03-04  10:46:02 am)작업 시작 [Start d:641]
[I](2020-03-04  10:46:02 am)Nc File: [No.0002-600.NC]
[I](2020-03-04  10:46:02 am)  * Start Machine Position
[I](2020-03-04  10:46:02 am)    X:     56.2593
[I](2020-03-04  10:46:02 am)    Y:   -388.4453
[I](2020-03-04  10:46:02 am)    U:     -0.2802
[I](2020-03-04  10:46:02 am)    V:     -0.0789
[I](2020-03-04  10:46:02 am)    Z:     51.5419
[I](2020-03-04  10:46:02 am)  * Angle
[I](2020-03-04  10:46:02 am)    Ar:     -0.2079,Kr:      0.0000
[I](2020-03-04  10:46:02 am)    Taper_Ar:      0.0000
[I](2020-03-04  10:46:07 am)작업중 정지 [d:0][t:00:00:05]
[I](2020-03-04  10:46:07 am)    [LNo:0002] 000010/000040
[I](2020-03-04  10:46:07 am)작업중 M코드정지 [d:0][t:00:00:05]
[I](2020-03-04  10:52:35 am)작업중 정지 [d:6][t:00:06:32]
[I](2020-03-04  10:52:35 am)    [LNo:0002] 000027/000040
[I](2020-03-04  10:52:35 am)작업중 M코드정지 [d:6][t:00:06:32]
[I](2020-03-04  10:53:43 am)작업중 정지 [d:6][t:00:07:41]
[I](2020-03-04  10:53:43 am)    [LNo:0002] 000030/000040
[I](2020-03-04  10:53:43 am)작업중 M코드정지 [d:6][t:00:07:41]
[I](2020-03-04  10:56:00 am)Reset
[I](2020-03-04  10:56:01 am)Reset
[I](2020-03-04  10:56:08 am)Reset
[I](2020-03-04  10:57:10 am)Reset
[I](2020-03-04  10:59:56 am)Reset
[I](2020-03-04  11:00:13 am)Reset
[I](2020-03-04  11:02:05 am)작업 시작 [Start d:647]
[I](2020-03-04  11:02:05 am)Nc File: [No.0002-600.NC]
[I](2020-03-04  11:02:05 am)  * Start Machine Position
[I](2020-03-04  11:02:05 am)    X:     56.9484
[I](2020-03-04  11:02:05 am)    Y:   -388.4206
[I](2020-03-04  11:02:05 am)    U:     -0.5101
[I](2020-03-04  11:02:05 am)    V:     -0.0381
[I](2020-03-04  11:02:05 am)    Z:     51.5419
[I](2020-03-04  11:02:05 am)  * Angle
[I](2020-03-04  11:02:05 am)    Ar:     -0.2054,Kr:      0.0000
[I](2020-03-04  11:02:05 am)    Taper_Ar:      0.0000
[I](2020-03-04  11:02:10 am)작업중 정지 [d:0][t:00:00:05]
[I](2020-03-04  11:02:10 am)    [LNo:0002] 000010/000040
[I](2020-03-04  11:02:10 am)작업중 M코드정지 [d:0][t:00:00:05]
[I](2020-03-04  11:08:01 am)작업중 정지 [d:5][t:00:05:56]
[I](2020-03-04  11:08:01 am)    [LNo:0002] 000027/000040
[I](2020-03-04  11:08:02 am)작업중 M코드정지 [d:5][t:00:05:56]
[I](2020-03-04  11:12:43 am)작업중 정지 [d:5][t:00:10:37]
[I](2020-03-04  11:12:43 am)    [LNo:0002] 000030/000040
[I](2020-03-04  11:12:43 am)작업중 M코드정지 [d:5][t:00:10:37]
[I](2020-03-04  11:15:07 am)Reset
[I](2020-03-04  11:18:33 am)Reset
[I](2020-03-04  11:20:00 am)Reset
[I](2020-03-04  11:21:06 am)Reset
[I](2020-03-04  11:21:26 am)Reset
[I](2020-03-04  11:22:05 am)Reset
[I](2020-03-04  11:22:17 am)Reset
[I](2020-03-04  11:22:54 am)Reset
[I](2020-03-04  11:23:20 am)Reset
[I](2020-03-04  11:23:39 am)Reset
[I](2020-03-04  11:25:19 am)작업 시작 [Start d:652]
[I](2020-03-04  11:25:19 am)Nc File: [No.0005-607.NC]
[I](2020-03-04  11:25:19 am)  * Start Machine Position
[I](2020-03-04  11:25:19 am)    X:    338.2199
[I](2020-03-04  11:25:19 am)    Y:   -386.7095
[I](2020-03-04  11:25:19 am)    U:     -0.0699
[I](2020-03-04  11:25:19 am)    V:      0.0699
[I](2020-03-04  11:25:19 am)    Z:     49.9409
[I](2020-03-04  11:25:19 am)  * Angle
[I](2020-03-04  11:25:19 am)    Ar:     -0.0156,Kr:      0.0000
[I](2020-03-04  11:25:19 am)    Taper_Ar:      0.0000
[I](2020-03-04  11:25:24 am)작업중 정지 [d:0][t:00:00:04]
[I](2020-03-04  11:25:24 am)    [LNo:0005] 000010/000082
[I](2020-03-04  11:25:24 am)작업중 M코드정지 [d:0][t:00:00:04]
[I](2020-03-04  11:25:33 am)작업중 정지 [d:0][t:00:00:13]
[I](2020-03-04  11:25:33 am)    [LNo:0005] 000012/000082
[I](2020-03-04  11:25:33 am)작업중 M코드정지 [d:0][t:00:00:13]
[I](2020-03-04  11:25:38 am)작업중 정지 [d:0][t:00:00:18]
[I](2020-03-04  11:25:38 am)    [LNo:0005] 000014/000082
[I](2020-03-04  11:25:38 am)작업중 M코드정지 [d:0][t:00:00:18]
[I](2020-03-04  11:26:20 am)작업중 정지 [d:0][t:00:01:00]
[I](2020-03-04  11:26:20 am)    [LNo:0005] 000028/000082
[I](2020-03-04  11:26:20 am)작업중 M코드정지 [d:0][t:00:01:00]
[I](2020-03-04  11:26:24 am)작업중 정지 [d:0][t:00:01:05]
[I](2020-03-04  11:26:24 am)    [LNo:0005] 000030/000082
[I](2020-03-04  11:26:25 am)작업중 M코드정지 [d:0][t:00:01:05]
[I](2020-03-04  11:26:27 am)작업중 정지 [d:0][t:00:01:07]
[I](2020-03-04  11:26:27 am)    [LNo:0005] 000033/000082
[I](2020-03-04  11:26:27 am)작업중 M코드정지 [d:0][t:00:01:07]
[I](2020-03-04  11:32:03 am)작업중 정지 [d:6][t:00:06:43]
[I](2020-03-04  11:32:03 am)    [LNo:0005] 000051/000082
[I](2020-03-04  11:32:03 am)작업중 M코드정지 [d:6][t:00:06:44]
[I](2020-03-04  11:32:29 am)작업중 정지 [d:6][t:00:07:09]
[I](2020-03-04  11:32:29 am)    [LNo:0005] 000054/000082
[I](2020-03-04  11:32:29 am)작업중 M코드정지 [d:6][t:00:07:09]
[I](2020-03-04  11:32:44 am)작업중 정지 [d:6][t:00:07:24]
[I](2020-03-04  11:32:44 am)    [LNo:0005] 000060/000082
[I](2020-03-04  11:34:55 am)작업중 정지 [d:7][t:00:09:36]
[I](2020-03-04  11:34:55 am)    [LNo:0005] 000073/000082
[I](2020-03-04  11:34:56 am)작업중 M코드정지 [d:7][t:00:09:36]
[I](2020-03-04  11:37:53 am)Reset
[I](2020-03-04  11:37:54 am)Reset
[I](2020-03-04  11:38:01 am)Reset
[I](2020-03-04  11:48:27 am)Reset
[I](2020-03-04  11:48:27 am)Reset
[I](2020-03-04  11:50:10 am)Reset
[I](2020-03-04  11:51:22 am)Reset
[I](2020-03-04  11:56:56 am)Reset
[I](2020-03-04  11:56:56 am)Reset
[I](2020-03-04  11:58:16 am)Reset
[I](2020-03-04  11:58:45 am)Reset
[I](2020-03-04  11:58:46 am)Reset
[I](2020-03-04  11:59:12 am)Reset
[I](2020-03-04  11:59:12 am)Reset
[I](2020-03-04  12:00:08 pm)Reset
[I](2020-03-04  12:00:08 pm)Reset
[I](2020-03-04  12:00:39 pm)Reset
[I](2020-03-04  12:00:39 pm)Reset
[I](2020-03-04  12:01:00 pm)Reset
[I](2020-03-04  12:01:36 pm)Reset
[I](2020-03-04  12:02:13 pm)Reset
[I](2020-03-04  12:02:13 pm)Reset
[I](2020-03-04  12:02:22 pm)Reset
[I](2020-03-04  12:02:22 pm)Reset
[I](2020-03-04  12:04:02 pm)작업 시작 [Start d:659]
[I](2020-03-04  12:04:02 pm)Nc File: [No.0001-606.NC]
[I](2020-03-04  12:04:02 pm)  * Start Machine Position
[I](2020-03-04  12:04:02 pm)    X:     66.1933
[I](2020-03-04  12:04:02 pm)    Y:   -360.0632
[I](2020-03-04  12:04:02 pm)    U:      0.0190
[I](2020-03-04  12:04:02 pm)    V:     -0.0852
[I](2020-03-04  12:04:02 pm)    Z:     65.9699
[I](2020-03-04  12:04:02 pm)  * Angle
[I](2020-03-04  12:04:02 pm)    Ar:     -0.6366,Kr:      0.0000
[I](2020-03-04  12:04:02 pm)    Taper_Ar:      0.0000
[I](2020-03-04  12:04:07 pm)작업중 정지 [d:0][t:00:00:04]
[I](2020-03-04  12:04:07 pm)    [LNo:0001] 000010/000135
[I](2020-03-04  12:04:07 pm)작업중 M코드정지 [d:0][t:00:00:05]
[I](2020-03-04  12:19:38 pm)작업중 정지 [d:13][t:00:15:35]
[I](2020-03-04  12:19:38 pm)    [LNo:0001] 000030/000135
[I](2020-03-04  12:19:38 pm)Wire Contact Auto Stop(M52)
[I](2020-03-04  12:51:49 pm)작업 재시작
[I](2020-03-04  12:52:04 pm)작업중 정지 [d:14][t:00:48:01]
[I](2020-03-04  12:52:04 pm)    [LNo:0001] 000030/000135
[I](2020-03-04  12:52:26 pm)작업 재시작
[I](2020-03-04  12:54:12 pm)작업중 정지 [d:16][t:00:50:10]
[I](2020-03-04  12:54:12 pm)    [LNo:0001] 000054/000135
[I](2020-03-04  12:54:12 pm)작업중 M코드정지 [d:16][t:00:50:10]
[I](2020-03-04  12:57:39 pm)작업중 정지 [d:16][t:00:53:37]
[I](2020-03-04  12:57:39 pm)    [LNo:0001] 000038/000135
[I](2020-03-04  01:01:01 pm)작업중 정지 [d:19][t:00:56:58]
[I](2020-03-04  01:01:01 pm)    [LNo:0001] 000055/000135
[I](2020-03-04  01:01:01 pm)작업중 M코드정지 [d:19][t:00:56:58]
[I](2020-03-04  01:02:52 pm)작업중 정지 [d:19][t:00:58:49]
[I](2020-03-04  01:02:52 pm)    [LNo:0001] 000036/000135
[I](2020-03-04  01:04:52 pm)작업중 정지 [d:20][t:01:00:50]
[I](2020-03-04  01:04:52 pm)    [LNo:0001] 000055/000135
[I](2020-03-04  01:04:52 pm)작업중 M코드정지 [d:20][t:01:00:50]
[I](2020-03-04  01:06:41 pm)Reset
[I](2020-03-04  01:06:41 pm)Reset
[I](2020-03-04  01:11:21 pm)Reset
[I](2020-03-04  01:11:21 pm)Reset
[I](2020-03-04  01:11:22 pm)Reset
[I](2020-03-04  01:11:32 pm)Reset
[I](2020-03-04  01:11:32 pm)Reset
[I](2020-03-04  01:11:40 pm)Reset
[I](2020-03-04  01:12:28 pm)Reset
[I](2020-03-04  01:17:25 pm)Reset
[I](2020-03-04  01:17:54 pm)Reset
[I](2020-03-04  01:17:54 pm)Reset
[I](2020-03-04  01:18:21 pm)Reset
[I](2020-03-04  01:18:21 pm)Reset
[I](2020-03-04  01:19:06 pm)Reset
[I](2020-03-04  01:19:33 pm)Reset
[I](2020-03-04  01:19:33 pm)Reset
[I](2020-03-04  01:19:52 pm)Reset
[I](2020-03-04  01:20:24 pm)Reset
[I](2020-03-04  01:20:55 pm)Reset
[I](2020-03-04  01:21:31 pm)Reset
[I](2020-03-04  01:21:31 pm)Reset
[I](2020-03-04  01:21:39 pm)Reset
[I](2020-03-04  01:23:03 pm)작업 시작 [Start d:679]
[I](2020-03-04  01:23:03 pm)Nc File: [No.0001-606.NC]
[I](2020-03-04  01:23:03 pm)  * Start Machine Position
[I](2020-03-04  01:23:03 pm)    X:     66.0892
[I](2020-03-04  01:23:03 pm)    Y:   -361.5951
[I](2020-03-04  01:23:03 pm)    U:      0.0000
[I](2020-03-04  01:23:03 pm)    V:      0.0000
[I](2020-03-04  01:23:03 pm)    Z:     61.9699
[I](2020-03-04  01:23:03 pm)  * Angle
[I](2020-03-04  01:23:03 pm)    Ar:     -0.9054,Kr:      0.0000
[I](2020-03-04  01:23:03 pm)    Taper_Ar:      0.0000
[I](2020-03-04  01:23:08 pm)작업중 정지 [d:0][t:00:00:04]
[I](2020-03-04  01:23:08 pm)    [LNo:0001] 000058/000135
[I](2020-03-04  01:23:26 pm)Reset
[I](2020-03-04  01:23:50 pm)작업 시작 [Start d:679]
[I](2020-03-04  01:23:50 pm)Nc File: [No.0001-606.NC]
[I](2020-03-04  01:23:50 pm)  * Start Machine Position
[I](2020-03-04  01:23:50 pm)    X:     66.0892
[I](2020-03-04  01:23:50 pm)    Y:   -361.5951
[I](2020-03-04  01:23:50 pm)    U:      0.0000
[I](2020-03-04  01:23:50 pm)    V:      0.0000
[I](2020-03-04  01:23:50 pm)    Z:     61.9699
[I](2020-03-04  01:23:50 pm)  * Angle
[I](2020-03-04  01:23:50 pm)    Ar:     -0.9054,Kr:      0.0000
[I](2020-03-04  01:23:50 pm)    Taper_Ar:      0.0000
[I](2020-03-04  01:23:52 pm)작업중 정지 [d:0][t:00:00:02]
[I](2020-03-04  01:23:52 pm)    [LNo:0001] 000074/000135
[I](2020-03-04  01:23:52 pm)작업중 M코드정지 [d:0][t:00:00:02]
[I](2020-03-04  01:23:53 pm)작업중 정지 [d:0][t:00:00:03]
[I](2020-03-04  01:23:53 pm)    [LNo:0001] 000077/000135
[I](2020-03-04  01:23:53 pm)작업중 M코드정지 [d:0][t:00:00:03]
[I](2020-03-04  01:23:54 pm)작업중 정지 [d:0][t:00:00:04]
[I](2020-03-04  01:23:54 pm)    [LNo:0001] 000079/000135
[I](2020-03-04  01:23:54 pm)작업중 M코드정지 [d:0][t:00:00:04]
[I](2020-03-04  01:24:25 pm)작업중 정지 [d:0][t:00:00:35]
[I](2020-03-04  01:24:25 pm)    [LNo:0001] 000086/000135
[I](2020-03-04  01:25:21 pm)작업중 정지 [d:0][t:00:01:30]
[I](2020-03-04  01:25:21 pm)    [LNo:0001] 000094/000135
[I](2020-03-04  01:25:56 pm)작업 재시작
[I](2020-03-04  01:26:09 pm)작업중 정지 [d:0][t:00:02:19]
[I](2020-03-04  01:26:09 pm)    [LNo:0001] 000094/000135
[I](2020-03-04  01:26:19 pm)작업 재시작
[I](2020-03-04  01:26:24 pm)작업중 정지 [d:0][t:00:02:34]
[I](2020-03-04  01:26:24 pm)    [LNo:0001] 000094/000135
[I](2020-03-04  01:26:24 pm)작업중 30sec 접촉 정지 [d:0][t:00:02:34]
[I](2020-03-04  01:26:56 pm)작업 재시작
[I](2020-03-04  01:39:43 pm)작업중 정지 [d:13][t:00:15:52]
[I](2020-03-04  01:39:43 pm)    [LNo:0001] 000103/000135
[I](2020-03-04  01:39:43 pm)Wire Contact Auto Stop(M52)
[I](2020-03-04  01:39:54 pm)작업 재시작
[I](2020-03-04  01:40:07 pm)작업중 정지 [d:14][t:00:16:17]
[I](2020-03-04  01:40:07 pm)    [LNo:0001] 000103/000135
[I](2020-03-04  01:40:56 pm)작업 재시작
[I](2020-03-04  01:41:00 pm)작업중 정지 [d:14][t:00:17:10]
[I](2020-03-04  01:41:00 pm)    [LNo:0001] 000104/000135
[I](2020-03-04  01:41:00 pm)작업중 M코드정지 [d:14][t:00:17:10]
[I](2020-03-04  01:41:17 pm)작업중 정지 [d:14][t:00:17:26]
[I](2020-03-04  01:41:17 pm)    [LNo:0001] 000107/000135
[I](2020-03-04  01:41:17 pm)작업중 M코드정지 [d:14][t:00:17:26]
[I](2020-03-04  01:46:18 pm)작업중 정지 [d:19][t:00:22:28]
[I](2020-03-04  01:46:18 pm)    [LNo:0001] 000128/000135
[I](2020-03-04  01:46:18 pm)작업중 M코드정지 [d:19][t:00:22:28]
[I](2020-03-04  01:46:35 pm)작업중 정지 [d:19][t:00:22:45]
[I](2020-03-04  01:46:35 pm)    [LNo:0001] 000111/000135
[I](2020-03-04  01:46:40 pm)작업중 정지 [d:19][t:00:22:49]
[I](2020-03-04  01:46:40 pm)    [LNo:0001] 000114/000135
[A](2020-03-04  01:46:51 pm)[002] 가공액 미동작
[I](2020-03-04  01:46:53 pm)작업중 정지 [d:19][t:00:23:03]
[I](2020-03-04  01:46:53 pm)    [LNo:0001] 000116/000135
[I](2020-03-04  01:48:50 pm)작업중 정지 [d:20][t:00:25:00]
[I](2020-03-04  01:48:50 pm)    [LNo:0001] 000127/000135
[I](2020-03-04  01:48:50 pm)작업중 M코드정지 [d:20][t:00:25:00]
[I](2020-03-04  01:49:18 pm)작업중 정지 [d:20][t:00:25:28]
[I](2020-03-04  01:49:18 pm)    [LNo:0001] 000109/000135
[I](2020-03-04  01:51:07 pm)작업중 정지 [d:22][t:00:27:17]
[I](2020-03-04  01:51:07 pm)    [LNo:0001] 000127/000135
[I](2020-03-04  01:51:07 pm)작업중 M코드정지 [d:22][t:00:27:17]
[I](2020-03-04  01:53:39 pm)작업중 정지 [d:22][t:00:29:49]
[I](2020-03-04  01:53:39 pm)    [LNo:0001] 000111/000135
[I](2020-03-04  01:54:36 pm)작업중 정지 [d:23][t:00:30:45]
[I](2020-03-04  01:54:36 pm)    [LNo:0001] 000127/000135
[I](2020-03-04  01:54:36 pm)작업중 M코드정지 [d:23][t:00:30:45]
[I](2020-03-04  02:01:27 pm)Reset
[I](2020-03-04  02:01:27 pm)Reset
[I](2020-03-04  02:01:33 pm)Reset
[I](2020-03-04  02:02:26 pm)Reset
[I](2020-03-04  02:02:27 pm)Reset
[A](2020-03-04  02:02:33 pm)[001] 와이어 미동작
[I](2020-03-04  02:03:10 pm)Reset
[I](2020-03-04  02:03:11 pm)Reset
[I](2020-03-04  02:05:43 pm)Reset
[I](2020-03-04  02:05:43 pm)Reset
[I](2020-03-04  02:06:27 pm)Reset
[I](2020-03-04  02:06:28 pm)Reset
[I](2020-03-04  02:09:00 pm)Reset
[I](2020-03-04  02:09:00 pm)Reset
[I](2020-03-04  02:10:08 pm)Reset
[I](2020-03-04  02:11:44 pm)Reset
[I](2020-03-04  02:12:40 pm)Reset
[I](2020-03-04  02:13:09 pm)Reset
[I](2020-03-04  02:14:06 pm)Reset
[I](2020-03-04  02:14:07 pm)Reset
[I](2020-03-04  02:14:23 pm)Reset
[I](2020-03-04  02:14:23 pm)Reset
[I](2020-03-04  02:14:59 pm)Reset
[I](2020-03-04  02:15:25 pm)Reset
[I](2020-03-04  02:15:33 pm)Reset
[I](2020-03-04  02:15:33 pm)Reset
[I](2020-03-04  02:16:28 pm)작업 시작 [Start d:702]
[I](2020-03-04  02:16:28 pm)Nc File: [No.0001-606.NC]
[I](2020-03-04  02:16:28 pm)  * Start Machine Position
[I](2020-03-04  02:16:28 pm)    X:     59.5974
[I](2020-03-04  02:16:28 pm)    Y:   -369.9094
[I](2020-03-04  02:16:28 pm)    U:     -0.0500
[I](2020-03-04  02:16:28 pm)    V:     -0.0100
[I](2020-03-04  02:16:28 pm)    Z:     67.6814
[I](2020-03-04  02:16:28 pm)  * Angle
[I](2020-03-04  02:16:28 pm)    Ar:      0.5761,Kr:      0.0000
[I](2020-03-04  02:16:28 pm)    Taper_Ar:      0.0000
[I](2020-03-04  02:16:33 pm)작업중 정지 [d:0][t:00:00:04]
[I](2020-03-04  02:16:33 pm)    [LNo:0001] 000010/000135
[I](2020-03-04  02:16:33 pm)작업중 M코드정지 [d:0][t:00:00:05]
[I](2020-03-04  02:17:16 pm)작업중 정지 [d:0][t:00:00:47]
[I](2020-03-04  02:17:16 pm)    [LNo:0001] 000016/000135
[I](2020-03-04  02:17:29 pm)작업중 정지 [d:0][t:00:01:00]
[I](2020-03-04  02:17:29 pm)    [LNo:0001] 000038/000135
[I](2020-03-04  02:18:00 pm)작업중 정지 [d:0][t:00:01:31]
[I](2020-03-04  02:18:00 pm)    [LNo:0001] 000043/000135
[I](2020-03-04  02:19:33 pm)작업중 정지 [d:1][t:00:03:04]
[I](2020-03-04  02:19:33 pm)    [LNo:0001] 000054/000135
[I](2020-03-04  02:19:33 pm)작업중 M코드정지 [d:1][t:00:03:04]
[I](2020-03-04  02:27:21 pm)Reset
[I](2020-03-04  02:27:22 pm)Reset
[I](2020-03-04  02:27:39 pm)Reset
[I](2020-03-04  02:27:40 pm)Reset
[A](2020-03-04  02:31:10 pm)[036] 자동결선 절단 공정 실패!!
[I](2020-03-04  02:33:44 pm)Reset
[I](2020-03-04  02:33:44 pm)Reset
[I](2020-03-04  02:35:00 pm)작업 시작 [Start d:703]
[I](2020-03-04  02:35:00 pm)Nc File: [No.0004-601.NC]
[I](2020-03-04  02:35:00 pm)  * Start Machine Position
[I](2020-03-04  02:35:00 pm)    X:     33.5229
[I](2020-03-04  02:35:00 pm)    Y:   -344.7594
[I](2020-03-04  02:35:00 pm)    U:      0.0000
[I](2020-03-04  02:35:00 pm)    V:      0.0000
[I](2020-03-04  02:35:00 pm)    Z:     27.5054
[I](2020-03-04  02:35:00 pm)  * Angle
[I](2020-03-04  02:35:00 pm)    Ar:      0.8576,Kr:      0.0000
[I](2020-03-04  02:35:00 pm)    Taper_Ar:      0.0000
[I](2020-03-04  02:35:02 pm)작업중 정지 [d:0][t:00:00:02]
[I](2020-03-04  02:35:02 pm)    [LNo:0004] 000010/000063
[A](2020-03-04  02:35:17 pm)[002] 가공액 미동작
[I](2020-03-04  02:35:19 pm)작업중 정지 [d:0][t:00:00:18]
[I](2020-03-04  02:35:19 pm)    [LNo:0004] 000012/000063
[I](2020-03-04  02:36:04 pm)작업중 정지 [d:0][t:00:01:04]
[I](2020-03-04  02:36:04 pm)    [LNo:0004] 000015/000063
[I](2020-03-04  02:36:15 pm)작업 재시작
[I](2020-03-04  02:41:17 pm)작업중 정지 [d:5][t:00:06:17]
[I](2020-03-04  02:41:17 pm)    [LNo:0004] 000020/000063
[I](2020-03-04  02:41:17 pm)작업중 M코드정지 [d:5][t:00:06:17]
[I](2020-03-04  02:42:37 pm)작업중 정지 [d:5][t:00:07:36]
[I](2020-03-04  02:42:37 pm)    [LNo:0004] 000023/000063
[I](2020-03-04  02:42:37 pm)작업중 M코드정지 [d:5][t:00:07:36]
[I](2020-03-04  03:08:37 pm)작업중 정지 [d:29][t:00:33:37]
[I](2020-03-04  03:08:37 pm)    [LNo:0004] 000051/000063
[I](2020-03-04  03:08:37 pm)작업중 M코드정지 [d:29][t:00:33:37]
[I](2020-03-04  03:08:56 pm)작업중 정지 [d:29][t:00:33:55]
[I](2020-03-04  03:08:56 pm)    [LNo:0004] 000053/000063
[I](2020-03-04  03:08:56 pm)작업중 M코드정지 [d:29][t:00:33:55]
[I](2020-03-04  03:11:14 pm)Reset
[I](2020-03-04  03:11:19 pm)Reset
[I](2020-03-04  03:11:19 pm)Reset
[I](2020-03-04  03:11:27 pm)Reset
[I](2020-03-04  03:14:12 pm)Reset
[I](2020-03-04  03:17:56 pm)Reset
[I](2020-03-04  03:19:47 pm)Reset
[I](2020-03-04  03:19:47 pm)Reset
[I](2020-03-04  03:23:22 pm)Reset
[I](2020-03-04  03:23:23 pm)Reset
[I](2020-03-04  03:24:02 pm)Reset
[I](2020-03-04  03:24:03 pm)Reset
[I](2020-03-04  03:24:03 pm)Reset
[I](2020-03-04  03:25:42 pm)작업 시작 [Start d:732]
[I](2020-03-04  03:25:42 pm)Nc File: [No.0001-609.NC]
[I](2020-03-04  03:25:42 pm)  * Start Machine Position
[I](2020-03-04  03:25:42 pm)    X:     65.5509
[I](2020-03-04  03:25:42 pm)    Y:   -360.0478
[I](2020-03-04  03:25:42 pm)    U:      0.0000
[I](2020-03-04  03:25:42 pm)    V:      0.0000
[I](2020-03-04  03:25:42 pm)    Z:     11.6979
[I](2020-03-04  03:25:42 pm)  * Angle
[I](2020-03-04  03:25:42 pm)    Ar:      0.2272,Kr:      0.0000
[I](2020-03-04  03:25:42 pm)    Taper_Ar:      0.0000
[I](2020-03-04  03:25:45 pm)작업중 정지 [d:0][t:00:00:03]
[I](2020-03-04  03:25:45 pm)    [LNo:0001] 000010/000058
[I](2020-03-04  03:25:45 pm)작업중 M코드정지 [d:0][t:00:00:03]
[I](2020-03-04  03:29:54 pm)작업중 정지 [d:3][t:00:04:11]
[I](2020-03-04  03:29:54 pm)    [LNo:0001] 000028/000058
[I](2020-03-04  03:29:54 pm)Wire Contact Auto Stop(M52)
[I](2020-03-04  03:30:05 pm)작업 재시작
[I](2020-03-04  03:30:07 pm)작업중 정지 [d:3][t:00:04:24]
[I](2020-03-04  03:30:07 pm)    [LNo:0001] 000029/000058
[I](2020-03-04  03:30:07 pm)작업중 M코드정지 [d:3][t:00:04:24]
[I](2020-03-04  03:31:03 pm)작업중 정지 [d:3][t:00:05:20]
[I](2020-03-04  03:31:03 pm)    [LNo:0001] 000032/000058
[I](2020-03-04  03:31:03 pm)작업중 M코드정지 [d:3][t:00:05:20]
[I](2020-03-04  03:37:48 pm)작업중 정지 [d:8][t:00:12:05]
[I](2020-03-04  03:37:48 pm)    [LNo:0001] 000050/000058
[I](2020-03-04  03:37:48 pm)작업중 M코드정지 [d:8][t:00:12:05]
[I](2020-03-04  03:39:13 pm)작업중 정지 [d:8][t:00:13:30]
[I](2020-03-04  03:39:13 pm)    [LNo:0001] 000036/000058
[I](2020-03-04  03:41:02 pm)작업중 정지 [d:9][t:00:15:19]
[I](2020-03-04  03:41:02 pm)    [LNo:0001] 000050/000058
[I](2020-03-04  03:41:02 pm)작업중 M코드정지 [d:9][t:00:15:19]
[I](2020-03-04  03:43:52 pm)Reset
[I](2020-03-04  03:43:52 pm)Reset
[I](2020-03-04  03:43:56 pm)Reset
[I](2020-03-04  03:46:28 pm)Reset
[I](2020-03-04  03:46:28 pm)Reset
[I](2020-03-04  03:51:18 pm)Reset
[I](2020-03-04  03:51:19 pm)Reset
[I](2020-03-04  03:52:43 pm)작업 시작 [Start d:741]
[I](2020-03-04  03:52:43 pm)Nc File: [No.0001-608.NC]
[I](2020-03-04  03:52:43 pm)  * Start Machine Position
[I](2020-03-04  03:52:43 pm)    X:     86.6161
[I](2020-03-04  03:52:43 pm)    Y:   -333.1547
[I](2020-03-04  03:52:43 pm)    U:      0.0000
[I](2020-03-04  03:52:43 pm)    V:      0.0000
[I](2020-03-04  03:52:43 pm)    Z:     11.6744
[I](2020-03-04  03:52:43 pm)  * Angle
[I](2020-03-04  03:52:43 pm)    Ar:      0.3750,Kr:      0.0000
[I](2020-03-04  03:52:43 pm)    Taper_Ar:      0.0000
[I](2020-03-04  03:52:46 pm)작업중 정지 [d:0][t:00:00:03]
[I](2020-03-04  03:52:46 pm)    [LNo:0001] 000010/000058
[I](2020-03-04  03:52:46 pm)작업중 M코드정지 [d:0][t:00:00:03]
[I](2020-03-04  03:56:47 pm)작업중 정지 [d:3][t:00:04:04]
[I](2020-03-04  03:56:47 pm)    [LNo:0001] 000028/000058
[I](2020-03-04  03:56:47 pm)Wire Contact Auto Stop(M52)
[I](2020-03-04  03:57:00 pm)작업 재시작
[I](2020-03-04  03:57:02 pm)작업중 정지 [d:3][t:00:04:19]
[I](2020-03-04  03:57:02 pm)    [LNo:0001] 000029/000058
[I](2020-03-04  03:57:02 pm)작업중 M코드정지 [d:3][t:00:04:19]
[I](2020-03-04  03:57:41 pm)작업중 정지 [d:3][t:00:04:58]
[I](2020-03-04  03:57:41 pm)    [LNo:0001] 000032/000058
[I](2020-03-04  03:57:41 pm)작업중 M코드정지 [d:3][t:00:04:58]
[I](2020-03-04  03:59:42 pm)작업중 정지 [d:5][t:00:06:59]
[I](2020-03-04  03:59:42 pm)    [LNo:0001] 000051/000058
[I](2020-03-04  03:59:42 pm)작업중 M코드정지 [d:5][t:00:06:59]
[A](2020-03-04  04:08:21 pm)[036] 자동결선 절단 공정 실패!!
[I](2020-03-04  04:09:17 pm)Reset
[I](2020-03-04  04:09:24 pm)Reset
[I](2020-03-04  04:14:31 pm)Reset
[I](2020-03-04  04:14:37 pm)Reset
[I](2020-03-04  04:14:38 pm)Reset
[I](2020-03-04  04:15:24 pm)Reset
[I](2020-03-04  04:15:34 pm)Reset
[I](2020-03-04  04:16:03 pm)Reset
[I](2020-03-04  04:16:14 pm)Reset
[I](2020-03-04  04:17:59 pm)Reset
[I](2020-03-04  04:18:08 pm)Reset
[I](2020-03-04  04:18:30 pm)Reset
[I](2020-03-04  04:18:41 pm)Reset
[I](2020-03-04  04:20:11 pm)Reset
[I](2020-03-04  04:20:21 pm)Reset
[I](2020-03-04  04:20:46 pm)Reset
[I](2020-03-04  04:20:57 pm)Reset
[I](2020-03-04  04:22:01 pm)작업 시작 [Start d:0]
[I](2020-03-04  04:22:01 pm)Nc File: [No.0002-602.NC *]
[I](2020-03-04  04:22:01 pm)  * Start Machine Position
[I](2020-03-04  04:22:01 pm)    X:    128.7618
[I](2020-03-04  04:22:01 pm)    Y:   -375.9061
[I](2020-03-04  04:22:01 pm)    U:     -0.0300
[I](2020-03-04  04:22:01 pm)    V:     -0.2000
[I](2020-03-04  04:22:01 pm)    Z:     46.7714
[I](2020-03-04  04:22:01 pm)  * Angle
[I](2020-03-04  04:22:01 pm)    Ar:      0.0000,Kr:      0.0000
[I](2020-03-04  04:22:01 pm)    Taper_Ar:      0.0000
[I](2020-03-04  04:30:12 pm)작업중 정지 [d:8][t:00:08:10]
[I](2020-03-04  04:30:12 pm)    [LNo:0002] 000028/000103
[I](2020-03-04  04:30:12 pm)Wire Contact Auto Stop(M52)
[I](2020-03-04  04:30:25 pm)작업 재시작
[I](2020-03-04  04:30:27 pm)작업중 정지 [d:8][t:00:08:26]
[I](2020-03-04  04:30:27 pm)    [LNo:0002] 000028/000103
[I](2020-03-04  04:31:09 pm)작업 재시작
[I](2020-03-04  04:31:13 pm)작업중 정지 [d:8][t:00:09:11]
[I](2020-03-04  04:31:13 pm)    [LNo:0002] 000029/000103
[I](2020-03-04  04:31:13 pm)작업중 M코드정지 [d:8][t:00:09:11]
[I](2020-03-04  04:31:29 pm)작업중 정지 [d:8][t:00:09:27]
[I](2020-03-04  04:31:29 pm)    [LNo:0002] 000032/000103
[I](2020-03-04  04:31:29 pm)작업중 M코드정지 [d:8][t:00:09:27]
[I](2020-03-04  04:33:10 pm)작업중 정지 [d:10][t:00:11:09]
[I](2020-03-04  04:33:10 pm)    [LNo:0002] 000051/000103
[I](2020-03-04  04:33:10 pm)작업중 M코드정지 [d:10][t:00:11:09]
[I](2020-03-04  04:35:06 pm)작업중 정지 [d:11][t:00:13:04]
[I](2020-03-04  04:35:06 pm)    [LNo:0002] 000066/000103
[I](2020-03-04  04:35:06 pm)작업중 30sec 접촉 정지 [d:11][t:00:13:04]
[I](2020-03-04  04:35:54 pm)작업 재시작
[I](2020-03-04  04:43:46 pm)작업중 정지 [d:19][t:00:21:44]
[I](2020-03-04  04:43:46 pm)    [LNo:0002] 000073/000103
[I](2020-03-04  04:43:46 pm)Wire Contact Auto Stop(M52)
[I](2020-03-04  04:43:50 pm)작업 재시작
[I](2020-03-04  04:43:52 pm)작업중 정지 [d:19][t:00:21:51]
[I](2020-03-04  04:43:52 pm)    [LNo:0002] 000073/000103
[I](2020-03-04  04:44:34 pm)작업 재시작
[I](2020-03-04  04:46:41 pm)작업중 정지 [d:21][t:00:24:39]
[I](2020-03-04  04:46:41 pm)    [LNo:0002] 000097/000103
[A](2020-03-04  04:50:22 pm)[037] 자동결선 잔여 WIRE 처리 실패!!
[I](2020-03-04  04:51:06 pm)Reset
[I](2020-03-04  04:51:14 pm)Reset
[I](2020-03-04  04:51:20 pm)작업 시작 [Start d:21]
[I](2020-03-04  04:51:20 pm)Nc File: [No.0002-602.NC *]
[I](2020-03-04  04:51:20 pm)  * Start Machine Position
[I](2020-03-04  04:51:20 pm)    X:    230.3598
[I](2020-03-04  04:51:20 pm)    Y:   -379.2001
[I](2020-03-04  04:51:20 pm)    U:     -0.0100
[I](2020-03-04  04:51:20 pm)    V:     -0.0300
[I](2020-03-04  04:51:20 pm)    Z:     46.7714
[I](2020-03-04  04:51:20 pm)  * Angle
[I](2020-03-04  04:51:20 pm)    Ar:      0.0000,Kr:      0.0000
[I](2020-03-04  04:51:20 pm)    Taper_Ar:      0.0000
[I](2020-03-04  04:51:36 pm)작업중 정지 [d:0][t:00:00:15]
[I](2020-03-04  04:51:36 pm)    [LNo:0002] 000013/000103
[A](2020-03-04  04:51:36 pm)[009] 자동결선 Error(M20-삽입실패)
[I](2020-03-04  05:00:19 pm)작업중 정지 [d:8][t:00:08:59]
[I](2020-03-04  05:00:19 pm)    [LNo:0002] 000028/000103
[I](2020-03-04  05:00:19 pm)Wire Contact Auto Stop(M52)
[I](2020-03-04  05:01:00 pm)작업 재시작
[I](2020-03-04  05:01:04 pm)작업중 정지 [d:9][t:00:09:44]
[I](2020-03-04  05:01:04 pm)    [LNo:0002] 000028/000103
[I](2020-03-04  05:01:51 pm)작업 재시작
[I](2020-03-04  05:01:57 pm)작업중 정지 [d:9][t:00:10:36]
[I](2020-03-04  05:01:57 pm)    [LNo:0002] 000029/000103
[I](2020-03-04  05:01:57 pm)작업중 M코드정지 [d:9][t:00:10:36]
[I](2020-03-04  05:02:24 pm)작업중 정지 [d:9][t:00:11:03]
[I](2020-03-04  05:02:24 pm)    [LNo:0002] 000032/000103
[I](2020-03-04  05:02:24 pm)작업중 M코드정지 [d:9][t:00:11:03]
[I](2020-03-04  05:18:02 pm)작업중 정지 [d:19][t:00:26:42]
[I](2020-03-04  05:18:02 pm)    [LNo:0002] 000073/000103
[I](2020-03-04  05:18:02 pm)Wire Contact Auto Stop(M52)
[I](2020-03-04  05:18:19 pm)작업 재시작
[I](2020-03-04  05:18:21 pm)작업중 정지 [d:19][t:00:27:01]
[I](2020-03-04  05:18:21 pm)    [LNo:0002] 000073/000103
[I](2020-03-04  05:18:57 pm)작업 재시작
[I](2020-03-04  05:19:02 pm)작업중 정지 [d:19][t:00:27:42]
[I](2020-03-04  05:19:02 pm)    [LNo:0002] 000074/000103
[I](2020-03-04  05:19:02 pm)작업중 M코드정지 [d:19][t:00:27:42]
[I](2020-03-04  05:19:25 pm)작업중 정지 [d:19][t:00:28:05]
[I](2020-03-04  05:19:25 pm)    [LNo:0002] 000077/000103
[I](2020-03-04  05:19:25 pm)작업중 M코드정지 [d:19][t:00:28:05]
[I](2020-03-04  05:22:18 pm)작업중 정지 [d:20][t:00:30:58]
[I](2020-03-04  05:22:18 pm)    [LNo:0002] 000100/000103
[I](2020-03-04  05:22:18 pm)작업중 M코드정지 [d:20][t:00:30:58]
[I](2020-03-04  05:23:34 pm)Reset
[I](2020-03-04  05:23:34 pm)Reset
[I](2020-03-04  05:23:40 pm)Reset
[I](2020-03-04  05:23:44 pm)Reset
[I](2020-03-04  05:23:44 pm)Reset
[I](2020-03-04  05:23:48 pm)작업 시작 [Start d:41]
[I](2020-03-04  05:23:48 pm)Nc File: [No.0002-602.NC *]
[I](2020-03-04  05:23:48 pm)  * Start Machine Position
[I](2020-03-04  05:23:48 pm)    X:    333.4148
[I](2020-03-04  05:23:48 pm)    Y:   -377.5091
[I](2020-03-04  05:23:48 pm)    U:     -0.0600
[I](2020-03-04  05:23:48 pm)    V:     -0.2600
[I](2020-03-04  05:23:48 pm)    Z:     46.7714
[I](2020-03-04  05:23:48 pm)  * Angle
[I](2020-03-04  05:23:48 pm)    Ar:      0.0000,Kr:      0.0000
[I](2020-03-04  05:23:48 pm)    Taper_Ar:      0.0000
[I](2020-03-04  05:23:52 pm)작업중 정지 [d:0][t:00:00:03]
[I](2020-03-04  05:23:52 pm)    [LNo:0002] 000010/000103
[I](2020-03-04  05:23:52 pm)작업중 M코드정지 [d:0][t:00:00:03]
[I](2020-03-04  05:36:58 pm)작업중 정지 [d:8][t:00:13:09]
[I](2020-03-04  05:36:58 pm)    [LNo:0002] 000028/000103
[I](2020-03-04  05:36:58 pm)Wire Contact Auto Stop(M52)
[I](2020-03-04  05:37:34 pm)작업 재시작
[I](2020-03-04  05:37:35 pm)작업중 정지 [d:8][t:00:13:46]
[I](2020-03-04  05:37:35 pm)    [LNo:0002] 000028/000103
[I](2020-03-04  05:38:13 pm)작업 재시작
[I](2020-03-04  05:38:17 pm)작업중 정지 [d:8][t:00:14:28]
[I](2020-03-04  05:38:17 pm)    [LNo:0002] 000029/000103
[I](2020-03-04  05:38:17 pm)작업중 M코드정지 [d:8][t:00:14:28]
[I](2020-03-04  05:38:39 pm)작업중 정지 [d:8][t:00:14:50]
[I](2020-03-04  05:38:39 pm)    [LNo:0002] 000032/000103
[I](2020-03-04  05:38:39 pm)작업중 M코드정지 [d:8][t:00:14:50]
[I](2020-03-04  05:42:32 pm)작업중 정지 [d:10][t:00:18:43]
[I](2020-03-04  05:42:32 pm)    [LNo:0002] 000066/000103
[I](2020-03-04  05:42:32 pm)작업중 30sec 접촉 정지 [d:10][t:00:18:43]
[I](2020-03-04  05:56:55 pm)작업 재시작
[I](2020-03-04  05:56:57 pm)작업중 정지 [d:10][t:00:33:08]
[I](2020-03-04  05:56:57 pm)    [LNo:0002] 000066/000103
[I](2020-03-04  05:57:13 pm)작업 재시작
[I](2020-03-04  05:57:17 pm)작업중 정지 [d:10][t:00:33:28]
[I](2020-03-04  05:57:17 pm)    [LNo:0002] 000066/000103
[I](2020-03-04  05:57:32 pm)작업 재시작
[I](2020-03-04  05:57:36 pm)작업중 정지 [d:10][t:00:33:47]
[I](2020-03-04  05:57:36 pm)    [LNo:0002] 000066/000103
[I](2020-03-04  06:01:15 pm)작업 재시작
[I](2020-03-04  06:09:19 pm)작업중 정지 [d:18][t:00:45:30]
[I](2020-03-04  06:09:19 pm)    [LNo:0002] 000073/000103
[I](2020-03-04  06:09:19 pm)Wire Contact Auto Stop(M52)
[I](2020-03-04  06:12:08 pm)작업 재시작
[I](2020-03-04  06:12:13 pm)작업중 정지 [d:18][t:00:48:24]
[I](2020-03-04  06:12:13 pm)    [LNo:0002] 000073/000103
[I](2020-03-04  06:12:13 pm)작업중 30sec 접촉 정지 [d:18][t:00:48:24]
[I](2020-03-04  06:13:35 pm)작업 재시작
[I](2020-03-04  06:13:42 pm)작업중 정지 [d:18][t:00:49:53]
[I](2020-03-04  06:13:42 pm)    [LNo:0002] 000074/000103
[I](2020-03-04  06:13:42 pm)작업중 M코드정지 [d:18][t:00:49:53]
[I](2020-03-04  06:13:58 pm)작업중 정지 [d:18][t:00:50:09]
[I](2020-03-04  06:13:58 pm)    [LNo:0002] 000077/000103
[I](2020-03-04  06:13:58 pm)작업중 M코드정지 [d:18][t:00:50:09]
[I](2020-03-04  06:16:16 pm)작업중 정지 [d:19][t:00:52:27]
[I](2020-03-04  06:16:16 pm)    [LNo:0002] 000100/000103
[I](2020-03-04  06:16:16 pm)작업중 M코드정지 [d:19][t:00:52:27]
[I](2020-03-04  06:19:03 pm)Reset
[I](2020-03-04  06:19:10 pm)Reset
[I](2020-03-04  06:19:11 pm)Reset
[A](2020-03-04  06:27:10 pm)[001] 와이어 미동작
[I](2020-03-04  06:28:10 pm)Reset
[I](2020-03-04  06:28:10 pm)Reset
[I](2020-03-04  06:37:47 pm)Reset
[I](2020-03-04  06:41:06 pm)Reset
[I](2020-03-04  06:41:10 pm)Reset
[I](2020-03-04  06:44:02 pm)Reset
[I](2020-03-04  06:44:07 pm)Reset
[I](2020-03-04  06:45:05 pm)Reset
[I](2020-03-04  06:45:06 pm)Reset
[I](2020-03-04  06:58:03 pm)Reset
[I](2020-03-04  06:58:07 pm)Reset
[I](2020-03-04  06:58:08 pm)Reset
[I](2020-03-04  06:59:50 pm)Reset
[I](2020-03-04  06:59:53 pm)Reset
[I](2020-03-04  06:59:54 pm)Reset
[I](2020-03-04  07:03:47 pm)Reset
[I](2020-03-04  07:04:01 pm)Reset
[I](2020-03-04  07:04:47 pm)Reset
[I](2020-03-04  07:04:54 pm)Reset
[I](2020-03-04  07:06:14 pm)작업 시작 [Start d:60]
[I](2020-03-04  07:06:14 pm)Nc File: [No.0003-618.NC]
[I](2020-03-04  07:06:14 pm)  * Start Machine Position
[I](2020-03-04  07:06:14 pm)    X:    518.2539
[I](2020-03-04  07:06:14 pm)    Y:   -368.9685
[I](2020-03-04  07:06:14 pm)    U:     -0.0024
[I](2020-03-04  07:06:14 pm)    V:      0.4399
[I](2020-03-04  07:06:14 pm)    Z:    100.7759
[I](2020-03-04  07:06:14 pm)  * Angle
[I](2020-03-04  07:06:14 pm)    Ar:      0.3167,Kr:      0.0000
[I](2020-03-04  07:06:14 pm)    Taper_Ar:      0.0000
[I](2020-03-04  07:06:17 pm)작업중 정지 [d:0][t:00:00:03]
[I](2020-03-04  07:06:17 pm)    [LNo:0003] 000010/000128
[I](2020-03-04  07:06:17 pm)작업중 M코드정지 [d:0][t:00:00:03]
[I](2020-03-04  07:06:21 pm)작업중 정지 [d:0][t:00:00:07]
[I](2020-03-04  07:06:21 pm)    [LNo:0003] 000012/000128
[I](2020-03-04  07:06:21 pm)작업중 M코드정지 [d:0][t:00:00:07]
[I](2020-03-04  07:06:39 pm)작업중 정지 [d:-60][t:00:00:25]
[I](2020-03-04  07:06:39 pm)    [LNo:0003] 000014/000128
[I](2020-03-04  07:06:39 pm)작업중 M코드정지 [d:-60][t:00:00:25]
[I](2020-03-04  07:40:07 pm)작업중 정지 [d:-26][t:00:33:52]
[I](2020-03-04  07:40:07 pm)    [LNo:0003] 000035/000128
[I](2020-03-04  07:40:07 pm)작업중 M코드정지 [d:-26][t:00:33:52]
[I](2020-03-04  07:43:38 pm)작업중 정지 [d:-26][t:00:37:24]
[I](2020-03-04  07:43:38 pm)    [LNo:0003] 000038/000128
[I](2020-03-04  07:43:38 pm)작업중 M코드정지 [d:-26][t:00:37:24]
[I](2020-03-04  07:55:19 pm)작업중 정지 [d:-14][t:00:49:04]
[I](2020-03-04  07:55:19 pm)    [LNo:0003] 000063/000128
[I](2020-03-04  07:55:19 pm)작업중 M코드정지 [d:-14][t:00:49:04]
[I](2020-03-04  09:03:52 pm)작업중 정지 [d:53][t:01:57:38]
[I](2020-03-04  09:03:52 pm)    [LNo:0003] 000090/000128
[I](2020-03-04  09:03:52 pm)작업중 M코드정지 [d:53][t:01:57:38]
[I](2020-03-04  09:05:42 pm)작업중 정지 [d:53][t:01:59:27]
[I](2020-03-04  09:05:42 pm)    [LNo:0003] 000093/000128
[I](2020-03-04  09:05:42 pm)작업중 M코드정지 [d:53][t:01:59:27]
[I](2020-03-04  09:23:02 pm)작업중 정지 [d:70][t:02:16:47]
[I](2020-03-04  09:23:02 pm)    [LNo:0003] 000119/000128
[I](2020-03-04  09:23:02 pm)작업중 M코드정지 [d:70][t:02:16:47]
[I](2020-03-04  09:25:27 pm)작업중 정지 [d:70][t:02:19:13]
[I](2020-03-04  09:25:27 pm)    [LNo:0003] 000071/000128
[I](2020-03-04  09:25:42 pm)작업중 정지 [d:70][t:02:19:28]
[I](2020-03-04  09:25:42 pm)    [LNo:0003] 000080/000128
[I](2020-03-04  09:25:43 pm)작업 재시작
[I](2020-03-04  09:26:00 pm)작업중 정지 [d:70][t:02:19:45]
[I](2020-03-04  09:26:00 pm)    [LNo:0003] 000090/000128
[I](2020-03-04  09:26:00 pm)작업중 M코드정지 [d:70][t:02:19:46]
[I](2020-03-04  09:27:25 pm)작업중 정지 [d:70][t:02:21:10]
[I](2020-03-04  09:27:25 pm)    [LNo:0003] 000093/000128
[I](2020-03-04  09:27:25 pm)작업중 M코드정지 [d:70][t:02:21:10]
[I](2020-03-04  09:28:26 pm)작업중 정지 [d:71][t:02:22:12]
[I](2020-03-04  09:28:26 pm)    [LNo:0003] 000119/000128
[I](2020-03-04  09:28:26 pm)작업중 M코드정지 [d:71][t:02:22:12]
[I](2020-03-04  09:40:13 pm)Reset
[I](2020-03-04  09:40:14 pm)Reset
[I](2020-03-04  09:40:17 pm)Reset
[I](2020-03-04  09:40:17 pm)Reset
[I](2020-03-04  09:46:10 pm)Reset
[I](2020-03-04  09:46:14 pm)Reset
[I](2020-03-04  09:55:29 pm)Reset
[I](2020-03-04  09:56:21 pm)Reset
[I](2020-03-04  09:56:21 pm)Reset
[A](2020-03-04  10:23:23 pm)[001] 와이어 미동작
[I](2020-03-04  10:24:12 pm)Reset
[I](2020-03-04  10:24:17 pm)Reset
[I](2020-03-04  10:24:46 pm)Reset
[I](2020-03-04  10:26:15 pm)Reset
[I](2020-03-04  10:26:27 pm)Reset
[I](2020-03-04  10:26:52 pm)Reset
[I](2020-03-04  10:26:58 pm)Reset
[I](2020-03-04  10:27:01 pm)Reset
[I](2020-03-04  10:27:01 pm)Reset
[I](2020-03-04  10:29:54 pm)작업 시작 [Start d:131]
[I](2020-03-04  10:29:54 pm)Nc File: [No.0003-618.NC]
[I](2020-03-04  10:29:54 pm)  * Start Machine Position
[I](2020-03-04  10:29:54 pm)    X:    524.5437
[I](2020-03-04  10:29:54 pm)    Y:   -368.8922
[I](2020-03-04  10:29:54 pm)    U:      0.0015
[I](2020-03-04  10:29:54 pm)    V:      0.3039
[I](2020-03-04  10:29:54 pm)    Z:    100.7759
[I](2020-03-04  10:29:54 pm)  * Angle
[I](2020-03-04  10:29:54 pm)    Ar:     -0.2928,Kr:      0.0000
[I](2020-03-04  10:29:54 pm)    Taper_Ar:      0.0000
[I](2020-03-04  10:29:58 pm)작업중 정지 [d:0][t:00:00:03]
[I](2020-03-04  10:29:58 pm)    [LNo:0003] 000010/000128
[I](2020-03-04  10:29:58 pm)작업중 M코드정지 [d:0][t:00:00:03]
[I](2020-03-04  10:30:17 pm)작업중 정지 [d:0][t:00:00:22]
[I](2020-03-04  10:30:17 pm)    [LNo:0003] 000012/000128
[I](2020-03-04  10:30:17 pm)작업중 M코드정지 [d:0][t:00:00:22]
[I](2020-03-04  10:30:30 pm)작업중 정지 [d:0][t:00:00:35]
[I](2020-03-04  10:30:30 pm)    [LNo:0003] 000014/000128
[I](2020-03-04  10:30:30 pm)작업중 M코드정지 [d:0][t:00:00:35]
[I](2020-03-04  11:09:33 pm)작업중 정지 [d:39][t:00:39:38]
[I](2020-03-04  11:09:33 pm)    [LNo:0003] 000035/000128
[I](2020-03-04  11:09:33 pm)작업중 M코드정지 [d:39][t:00:39:39]
[I](2020-03-04  11:09:54 pm)작업중 정지 [d:39][t:00:39:59]
[I](2020-03-04  11:09:54 pm)    [LNo:0003] 000038/000128
[I](2020-03-04  11:09:54 pm)작업중 M코드정지 [d:39][t:00:39:59]
[I](2020-03-04  11:10:28 pm)작업중 정지 [d:39][t:00:40:34]
[I](2020-03-04  11:10:28 pm)    [LNo:0003] 000051/000128
[I](2020-03-04  11:10:44 pm)작업 재시작
[I](2020-03-04  11:19:19 pm)작업중 정지 [d:48][t:00:49:24]
[I](2020-03-04  11:19:19 pm)    [LNo:0003] 000063/000128
[I](2020-03-04  11:19:19 pm)작업중 M코드정지 [d:48][t:00:49:24]
[I](2020-03-04  11:24:14 pm)작업중 정지 [d:51][t:00:54:19]
[I](2020-03-04  11:24:14 pm)    [LNo:0003] 000086/000128
[I](2020-03-04  11:24:20 pm)작업중 정지 [d:51][t:00:54:25]
[I](2020-03-04  11:24:20 pm)    [LNo:0003] 000071/000128
[I](2020-03-04  11:57:07 pm)작업중 정지 [d:84][t:01:27:12]
[I](2020-03-04  11:57:07 pm)    [LNo:0003] 000089/000128
[I](2020-03-04  11:57:38 pm)작업 재시작
[I](2020-03-04  11:57:54 pm)작업중 정지 [d:84][t:01:27:59]
[I](2020-03-04  11:57:54 pm)    [LNo:0003] 000090/000128
[I](2020-03-04  11:57:54 pm)작업중 M코드정지 [d:84][t:01:27:59]
