[I](2020-03-08  08:45:33 am)작업중 정지 [d:323][t:15:09:13]
[I](2020-03-08  08:45:33 am)    [LNo:0007] 000491/001171
[I](2020-03-08  08:45:33 am)작업중 30sec 접촉 정지 [d:323][t:15:09:13]
[I](2020-03-08  08:45:48 am)작업 재시작
[I](2020-03-08  08:46:40 am)작업중 정지 [d:324][t:15:10:20]
[I](2020-03-08  08:46:40 am)    [LNo:0007] 000496/001171
[I](2020-03-08  08:46:40 am)작업중 M코드정지 [d:324][t:15:10:20]
[I](2020-03-08  08:49:52 am)작업중 정지 [d:324][t:15:13:32]
[I](2020-03-08  08:49:52 am)    [LNo:0007] 000497/001171
[A](2020-03-08  08:49:52 am)[008] 작업중 단선(AWF Feed Motor Stop )
[I](2020-03-08  08:49:52 am)작업중 Wire 단선 [d:324][t:15:13:32]
[I](2020-03-08  08:54:22 am)작업 재시작
[I](2020-03-08  08:55:59 am)작업중 정지 [d:325][t:15:19:39]
[I](2020-03-08  08:55:59 am)    [LNo:0007] 000514/001171
[I](2020-03-08  08:55:59 am)작업중 30sec 접촉 정지 [d:325][t:15:19:39]
[I](2020-03-08  08:56:07 am)작업 재시작
[I](2020-03-08  08:56:16 am)작업중 정지 [d:325][t:15:19:57]
[I](2020-03-08  08:56:16 am)    [LNo:0007] 000514/001171
[I](2020-03-08  08:56:16 am)작업중 30sec 접촉 정지 [d:325][t:15:19:57]
[I](2020-03-08  08:56:23 am)작업 재시작
[I](2020-03-08  08:57:17 am)작업중 정지 [d:326][t:15:20:57]
[I](2020-03-08  08:57:17 am)    [LNo:0007] 000519/001171
[I](2020-03-08  08:57:17 am)작업중 M코드정지 [d:326][t:15:20:57]
[I](2020-03-08  08:57:30 am)작업중 정지 [d:326][t:15:21:11]
[I](2020-03-08  08:57:30 am)    [LNo:0007] 000522/001171
[I](2020-03-08  08:57:51 am)작업 재시작
[I](2020-03-08  08:59:19 am)작업중 정지 [d:326][t:15:22:59]
[I](2020-03-08  08:59:19 am)    [LNo:0007] 000537/001171
[I](2020-03-08  08:59:19 am)작업중 30sec 접촉 정지 [d:326][t:15:23:00]
[I](2020-03-08  08:59:25 am)작업 재시작
[I](2020-03-08  09:00:46 am)작업중 정지 [d:327][t:15:24:26]
[I](2020-03-08  09:00:46 am)    [LNo:0007] 000541/001171
[I](2020-03-08  09:00:46 am)작업중 30sec 접촉 정지 [d:327][t:15:24:26]
[I](2020-03-08  09:00:56 am)작업 재시작
[I](2020-03-08  09:06:59 am)작업중 정지 [d:333][t:15:30:40]
[I](2020-03-08  09:06:59 am)    [LNo:0007] 000542/001171
[I](2020-03-08  09:06:59 am)작업중 M코드정지 [d:333][t:15:30:40]
[I](2020-03-08  09:07:12 am)작업중 정지 [d:333][t:15:30:53]
[I](2020-03-08  09:07:12 am)    [LNo:0007] 000543/001171
[I](2020-03-08  09:07:33 am)작업 재시작
[I](2020-03-08  09:07:37 am)작업중 정지 [d:333][t:15:31:17]
[I](2020-03-08  09:07:37 am)    [LNo:0007] 000543/001171
[I](2020-03-08  09:07:41 am)작업 재시작
[I](2020-03-08  09:09:35 am)작업중 정지 [d:333][t:15:33:15]
[I](2020-03-08  09:09:35 am)    [LNo:0007] 000560/001171
[I](2020-03-08  09:09:35 am)작업중 30sec 접촉 정지 [d:333][t:15:33:15]
[I](2020-03-08  09:10:06 am)작업 재시작
[I](2020-03-08  09:10:16 am)작업중 정지 [d:333][t:15:33:56]
[I](2020-03-08  09:10:16 am)    [LNo:0007] 000560/001171
[I](2020-03-08  09:10:16 am)작업중 30sec 접촉 정지 [d:333][t:15:33:56]
[I](2020-03-08  09:10:27 am)작업 재시작
[I](2020-03-08  09:11:13 am)작업중 정지 [d:334][t:15:34:54]
[I](2020-03-08  09:11:13 am)    [LNo:0007] 000565/001171
[I](2020-03-08  09:11:13 am)작업중 M코드정지 [d:334][t:15:34:54]
[I](2020-03-08  09:11:31 am)작업중 정지 [d:334][t:15:35:12]
[I](2020-03-08  09:11:31 am)    [LNo:0007] 000569/001171
[I](2020-03-08  09:12:11 am)작업중 정지 [d:334][t:15:35:52]
[I](2020-03-08  09:12:11 am)    [LNo:0007] 000572/001171
[A](2020-03-08  09:12:11 am)[008] 작업중 단선(AWF Feed Motor Stop )
[I](2020-03-08  09:12:11 am)작업중 Wire 단선 [d:334][t:15:35:52]
[A](2020-03-08  09:12:20 am)[013] 회수부 와이어 단선
[A](2020-03-08  09:13:20 am)[037] 자동결선 잔여 WIRE 처리 실패!!
[I](2020-03-08  09:13:21 am)작업 재시작
[I](2020-03-08  09:15:45 am)작업중 정지 [d:334][t:15:39:26]
[I](2020-03-08  09:15:45 am)    [LNo:0007] 000588/001171
[I](2020-03-08  09:15:45 am)작업중 M코드정지 [d:334][t:15:39:26]
[I](2020-03-08  09:16:30 am)작업중 정지 [d:334][t:15:40:11]
[I](2020-03-08  09:16:30 am)    [LNo:0007] 000589/001171
[I](2020-03-08  09:16:30 am)Wire Contact Auto Stop(M52)
[I](2020-03-08  09:17:04 am)작업 재시작
[I](2020-03-08  09:18:35 am)작업중 정지 [d:334][t:15:42:15]
[I](2020-03-08  09:18:35 am)    [LNo:0007] 000606/001171
[I](2020-03-08  09:18:35 am)작업중 30sec 접촉 정지 [d:334][t:15:42:15]
[I](2020-03-08  09:18:51 am)작업 재시작
[I](2020-03-08  09:18:56 am)작업중 정지 [d:335][t:15:42:36]
[I](2020-03-08  09:18:56 am)    [LNo:0007] 000606/001171
[I](2020-03-08  09:18:56 am)작업중 30sec 접촉 정지 [d:335][t:15:42:36]
[I](2020-03-08  09:19:08 am)작업 재시작
[I](2020-03-08  09:19:13 am)작업중 정지 [d:335][t:15:42:54]
[I](2020-03-08  09:19:13 am)    [LNo:0007] 000606/001171
[I](2020-03-08  09:19:13 am)작업중 30sec 접촉 정지 [d:335][t:15:42:54]
[I](2020-03-08  09:20:46 am)작업 재시작
[I](2020-03-08  09:21:45 am)작업중 정지 [d:336][t:15:45:26]
[I](2020-03-08  09:21:45 am)    [LNo:0007] 000611/001171
[I](2020-03-08  09:21:45 am)작업중 M코드정지 [d:336][t:15:45:26]
[I](2020-03-08  09:22:23 am)작업중 정지 [d:336][t:15:46:04]
[I](2020-03-08  09:22:23 am)    [LNo:0007] 000612/001171
[I](2020-03-08  09:22:23 am)Wire Contact Auto Stop(M52)
[I](2020-03-08  09:22:56 am)작업 재시작
[I](2020-03-08  09:25:55 am)작업중 정지 [d:337][t:15:49:35]
[I](2020-03-08  09:25:55 am)    [LNo:0007] 000634/001171
[I](2020-03-08  09:25:55 am)작업중 M코드정지 [d:337][t:15:49:35]
[I](2020-03-08  09:28:49 am)작업중 정지 [d:337][t:15:52:29]
[I](2020-03-08  09:28:49 am)    [LNo:0007] 000635/001171
[I](2020-03-08  09:28:49 am)Wire Contact Auto Stop(M52)
[I](2020-03-08  09:28:53 am)작업 재시작
[I](2020-03-08  09:28:54 am)작업중 정지 [d:337][t:15:52:34]
[I](2020-03-08  09:28:54 am)    [LNo:0007] 000635/001171
[I](2020-03-08  09:29:14 am)작업 재시작
[I](2020-03-08  09:31:34 am)작업중 정지 [d:338][t:15:55:15]
[I](2020-03-08  09:31:34 am)    [LNo:0007] 000657/001171
[I](2020-03-08  09:31:34 am)작업중 M코드정지 [d:338][t:15:55:15]
[I](2020-03-08  09:33:48 am)작업중 정지 [d:338][t:15:57:28]
[I](2020-03-08  09:33:48 am)    [LNo:0007] 000658/001171
[I](2020-03-08  09:33:48 am)Wire Contact Auto Stop(M52)
[I](2020-03-08  09:34:22 am)작업 재시작
[I](2020-03-08  09:35:52 am)작업중 정지 [d:338][t:15:59:32]
[I](2020-03-08  09:35:52 am)    [LNo:0007] 000675/001171
[I](2020-03-08  09:35:52 am)작업중 30sec 접촉 정지 [d:338][t:15:59:32]
[I](2020-03-08  09:36:45 am)작업 재시작
[I](2020-03-08  09:37:34 am)작업중 정지 [d:339][t:16:01:15]
[I](2020-03-08  09:37:34 am)    [LNo:0007] 000680/001171
[I](2020-03-08  09:37:34 am)작업중 M코드정지 [d:339][t:16:01:15]
[I](2020-03-08  09:38:26 am)작업중 정지 [d:339][t:16:02:06]
[I](2020-03-08  09:38:26 am)    [LNo:0007] 000681/001171
[I](2020-03-08  09:38:26 am)Wire Contact Auto Stop(M52)
[I](2020-03-08  09:38:51 am)작업 재시작
[I](2020-03-08  09:41:51 am)작업중 정지 [d:340][t:16:05:32]
[I](2020-03-08  09:41:51 am)    [LNo:0007] 000703/001171
[I](2020-03-08  09:41:51 am)작업중 M코드정지 [d:340][t:16:05:32]
[I](2020-03-08  09:42:38 am)작업중 정지 [d:340][t:16:06:18]
[I](2020-03-08  09:42:38 am)    [LNo:0007] 000704/001171
[I](2020-03-08  09:42:58 am)작업 재시작
[I](2020-03-08  09:42:59 am)작업중 정지 [d:340][t:16:06:39]
[I](2020-03-08  09:42:59 am)    [LNo:0007] 000704/001171
[I](2020-03-08  09:43:09 am)작업 재시작
[I](2020-03-08  10:10:35 am)작업중 정지 [d:365][t:16:34:15]
[I](2020-03-08  10:10:35 am)    [LNo:0007] 000805/001171
[I](2020-03-08  10:10:35 am)작업중 M코드정지 [d:365][t:16:34:15]
[I](2020-03-08  10:16:06 am)작업중 정지 [d:365][t:16:39:47]
[I](2020-03-08  10:16:06 am)    [LNo:0007] 000809/001171
[I](2020-03-08  10:16:07 am)작업중 M코드정지 [d:365][t:16:39:47]
[I](2020-03-08  11:53:40 am)작업중 정지 [d:447][t:18:17:20]
[I](2020-03-08  11:53:40 am)    [LNo:0007] 001166/001171
[I](2020-03-08  11:59:16 am)Reset
[I](2020-03-08  11:59:16 am)Reset
[I](2020-03-08  11:59:27 am)Reset
[I](2020-03-08  12:00:55 pm)Reset
[I](2020-03-08  12:01:00 pm)Reset
[I](2020-03-08  12:43:53 pm)Reset
[I](2020-03-08  12:46:15 pm)Reset
[I](2020-03-08  12:49:44 pm)Reset
[I](2020-03-08  12:50:25 pm)Reset
[I](2020-03-08  12:50:26 pm)Reset
[I](2020-03-08  12:50:26 pm)Reset
[I](2020-03-08  12:50:26 pm)Reset
[A](2020-03-08  12:57:35 pm)[001] 와이어 미동작
[A](2020-03-08  12:57:36 pm)[001] 와이어 미동작
[A](2020-03-08  12:57:36 pm)[001] 와이어 미동작
[A](2020-03-08  12:57:41 pm)[001] 와이어 미동작
[A](2020-03-08  12:57:42 pm)[001] 와이어 미동작
[I](2020-03-08  01:04:16 pm)Reset
[I](2020-03-08  01:04:17 pm)Reset
[I](2020-03-08  01:04:20 pm)Reset
[I](2020-03-08  01:05:02 pm)Reset
[I](2020-03-08  01:05:31 pm)Reset
[I](2020-03-08  01:06:14 pm)Reset
[I](2020-03-08  01:07:05 pm)Reset
[I](2020-03-08  01:07:49 pm)Reset
[I](2020-03-08  01:08:33 pm)Reset
[I](2020-03-08  01:08:33 pm)Reset
[I](2020-03-08  01:08:33 pm)Reset
[I](2020-03-08  01:09:24 pm)Reset
[I](2020-03-08  01:10:00 pm)Reset
[I](2020-03-08  01:10:01 pm)Reset
[I](2020-03-08  01:10:47 pm)Reset
[I](2020-03-08  01:11:02 pm)Reset
[I](2020-03-08  01:11:10 pm)Reset
[I](2020-03-08  01:11:11 pm)Reset
[I](2020-03-08  01:11:11 pm)Reset
[I](2020-03-08  01:15:05 pm)작업 시작 [Start d:1250]
[I](2020-03-08  01:15:05 pm)Nc File: [No.0008-308.NC]
[I](2020-03-08  01:15:05 pm)  * Start Machine Position
[I](2020-03-08  01:15:05 pm)    X:    250.8859
[I](2020-03-08  01:15:05 pm)    Y:   -170.6710
[I](2020-03-08  01:15:05 pm)    U:     -0.0499
[I](2020-03-08  01:15:05 pm)    V:      0.0161
[I](2020-03-08  01:15:05 pm)    Z:     29.6210
[I](2020-03-08  01:15:05 pm)  * Angle
[I](2020-03-08  01:15:05 pm)    Ar:     -0.2222,Kr:      0.0000
[I](2020-03-08  01:15:05 pm)    Taper_Ar:      0.0000
[I](2020-03-08  01:15:17 pm)작업중 정지 [d:0][t:00:00:12]
[I](2020-03-08  01:15:17 pm)    [LNo:0008] 000010/000111
[I](2020-03-08  01:15:17 pm)작업중 M코드정지 [d:0][t:00:00:12]
[A](2020-03-08  01:15:55 pm)[091] Auto Door Sensor Abnormal
[I](2020-03-08  01:15:55 pm)작업중 정지 [d:0][t:00:00:49]
[I](2020-03-08  01:15:55 pm)    [LNo:0008] 000016/000111
[A](2020-03-08  01:15:56 pm)[091] Auto Door Sensor Abnormal
[A](2020-03-08  01:16:08 pm)[002] 가공액 미동작
[I](2020-03-08  01:16:11 pm)작업중 정지 [d:0][t:00:01:05]
[I](2020-03-08  01:16:11 pm)    [LNo:0008] 000018/000111
[A](2020-03-08  01:16:30 pm)[091] Auto Door Sensor Abnormal
[A](2020-03-08  01:16:33 pm)[091] Auto Door Sensor Abnormal
[A](2020-03-08  01:16:33 pm)[002] 가공액 미동작
[A](2020-03-08  01:16:35 pm)[091] Auto Door Sensor Abnormal
[I](2020-03-08  01:16:39 pm)작업중 정지 [d:0][t:00:01:33]
[I](2020-03-08  01:16:39 pm)    [LNo:0008] 000021/000111
[A](2020-03-08  01:16:41 pm)[091] Auto Door Sensor Abnormal
[A](2020-03-08  01:16:43 pm)[002] 가공액 미동작
[I](2020-03-08  01:16:55 pm)작업 재시작
[I](2020-03-08  01:16:55 pm)작업중 정지 [d:0][t:00:01:49]
[I](2020-03-08  01:16:55 pm)    [LNo:0008] 000021/000111
[I](2020-03-08  01:16:55 pm)작업 재시작
[I](2020-03-08  01:16:56 pm)작업중 정지 [d:0][t:00:01:50]
[I](2020-03-08  01:16:56 pm)    [LNo:0008] 000021/000111
[I](2020-03-08  01:17:01 pm)작업 재시작
[I](2020-03-08  01:17:55 pm)작업중 정지 [d:1][t:00:02:49]
[I](2020-03-08  01:17:55 pm)    [LNo:0008] 000028/000111
[I](2020-03-08  01:17:55 pm)작업중 M코드정지 [d:1][t:00:02:49]
[I](2020-03-08  01:19:36 pm)작업중 정지 [d:1][t:00:04:31]
[I](2020-03-08  01:19:36 pm)    [LNo:0008] 000031/000111
[I](2020-03-08  01:19:36 pm)작업중 M코드정지 [d:1][t:00:04:31]
[I](2020-03-08  01:19:50 pm)작업중 정지 [d:1][t:00:04:45]
[I](2020-03-08  01:19:50 pm)    [LNo:0008] 000034/000111
[I](2020-03-08  01:19:59 pm)작업중 정지 [d:1][t:00:04:54]
[I](2020-03-08  01:19:59 pm)    [LNo:0008] 000042/000111
[I](2020-03-08  03:57:38 pm)작업중 정지 [d:158][t:02:42:33]
[I](2020-03-08  03:57:38 pm)    [LNo:0008] 000057/000111
[I](2020-03-08  03:57:39 pm)작업중 M코드정지 [d:158][t:02:42:33]
[I](2020-03-08  03:58:01 pm)작업중 정지 [d:158][t:02:42:56]
[I](2020-03-08  03:58:01 pm)    [LNo:0008] 000060/000111
[I](2020-03-08  03:58:01 pm)작업중 M코드정지 [d:158][t:02:42:56]
[I](2020-03-08  03:58:10 pm)작업중 정지 [d:158][t:02:43:05]
[I](2020-03-08  03:58:10 pm)    [LNo:0008] 000062/000111
[I](2020-03-08  04:18:25 pm)작업 재시작
[I](2020-03-08  04:50:17 pm)작업중 정지 [d:190][t:03:35:12]
[I](2020-03-08  04:50:17 pm)    [LNo:0008] 000077/000111
[I](2020-03-08  04:50:17 pm)작업중 Single Block Stop [d:190][t:03:35:12]
[I](2020-03-08  04:54:51 pm)작업중 정지 [d:195][t:03:39:46]
[I](2020-03-08  04:54:51 pm)    [LNo:0008] 000080/000111
[I](2020-03-08  04:54:51 pm)작업중 Single Block Stop [d:195][t:03:39:46]
[I](2020-03-08  04:55:09 pm)작업중 정지 [d:195][t:03:40:03]
[I](2020-03-08  04:55:09 pm)    [LNo:0008] 000082/000111
[I](2020-03-08  04:55:09 pm)작업중 Single Block Stop [d:195][t:03:40:03]
[I](2020-03-08  04:56:46 pm)Reset
[I](2020-03-08  04:56:47 pm)Reset
[I](2020-03-08  04:56:47 pm)Reset
[I](2020-03-08  04:56:47 pm)Reset
[I](2020-03-08  04:56:48 pm)Reset
[I](2020-03-08  05:00:54 pm)Reset
[I](2020-03-08  05:00:54 pm)Reset
[I](2020-03-08  05:02:00 pm)작업 시작 [Start d:1445]
[I](2020-03-08  05:02:00 pm)Nc File: [No.0008-308.NC]
[I](2020-03-08  05:02:00 pm)  * Start Machine Position
[I](2020-03-08  05:02:00 pm)    X:     71.3628
[I](2020-03-08  05:02:00 pm)    Y:   -217.8481
[I](2020-03-08  05:02:00 pm)    U:     -0.0499
[I](2020-03-08  05:02:00 pm)    V:      0.0161
[I](2020-03-08  05:02:00 pm)    Z:     29.6210
[I](2020-03-08  05:02:00 pm)  * Angle
[I](2020-03-08  05:02:00 pm)    Ar:     -0.2222,Kr:      0.0000
[I](2020-03-08  05:02:00 pm)    Taper_Ar:      0.0000
[I](2020-03-08  05:02:00 pm)작업중 정지 [d:0][t:00:00:00]
[I](2020-03-08  05:02:00 pm)    [LNo:0008] 000005/000111
[I](2020-03-08  05:02:00 pm)작업중 Single Block Stop [d:0][t:00:00:00]
[I](2020-03-08  05:02:30 pm)Reset
[I](2020-03-08  05:03:01 pm)Reset
[I](2020-03-08  05:03:01 pm)Reset
[I](2020-03-08  05:03:17 pm)작업 시작 [Start d:1445]
[I](2020-03-08  05:03:17 pm)Nc File: [No.0008-308.NC]
[I](2020-03-08  05:03:17 pm)  * Start Machine Position
[I](2020-03-08  05:03:17 pm)    X:    250.8860
[I](2020-03-08  05:03:17 pm)    Y:   -170.6710
[I](2020-03-08  05:03:17 pm)    U:     -0.0499
[I](2020-03-08  05:03:17 pm)    V:      0.0161
[I](2020-03-08  05:03:17 pm)    Z:     29.6210
[I](2020-03-08  05:03:17 pm)  * Angle
[I](2020-03-08  05:03:17 pm)    Ar:     -0.2222,Kr:      0.0000
[I](2020-03-08  05:03:17 pm)    Taper_Ar:      0.0000
[I](2020-03-08  05:03:33 pm)작업중 정지 [d:0][t:00:00:15]
[I](2020-03-08  05:03:33 pm)    [LNo:0008] 000084/000111
[I](2020-03-08  05:15:49 pm)작업중 정지 [d:11][t:00:12:31]
[I](2020-03-08  05:15:49 pm)    [LNo:0008] 000103/000111
[I](2020-03-08  05:15:49 pm)작업중 M코드정지 [d:11][t:00:12:31]
[I](2020-03-08  05:17:09 pm)Reset
[I](2020-03-08  05:17:09 pm)Reset
[I](2020-03-08  05:17:09 pm)Reset
[I](2020-03-08  05:23:04 pm)작업 시작 [Start d:1456]
[I](2020-03-08  05:23:04 pm)Nc File: [No.0008-308.NC]
[I](2020-03-08  05:23:04 pm)  * Start Machine Position
[I](2020-03-08  05:23:04 pm)    X:    250.8860
[I](2020-03-08  05:23:04 pm)    Y:   -170.6710
[I](2020-03-08  05:23:04 pm)    U:     -0.0499
[I](2020-03-08  05:23:04 pm)    V:      0.0161
[I](2020-03-08  05:23:04 pm)    Z:     29.6210
[I](2020-03-08  05:23:04 pm)  * Angle
[I](2020-03-08  05:23:04 pm)    Ar:     -0.2222,Kr:      0.0000
[I](2020-03-08  05:23:04 pm)    Taper_Ar:      0.0000
[I](2020-03-08  05:23:20 pm)작업중 정지 [d:0][t:00:00:15]
[I](2020-03-08  05:23:20 pm)    [LNo:0008] 000084/000111
[I](2020-03-08  05:45:45 pm)작업중 정지 [d:21][t:00:22:41]
[I](2020-03-08  05:45:45 pm)    [LNo:0008] 000103/000111
[I](2020-03-08  05:45:45 pm)작업중 M코드정지 [d:21][t:00:22:41]
[A](2020-03-08  05:46:07 pm)[084] Work Tank Fluid Sensor Abnormal
[A](2020-03-08  05:46:08 pm)[084] Work Tank Fluid Sensor Abnormal
[A](2020-03-08  05:46:09 pm)[084] Work Tank Fluid Sensor Abnormal
[I](2020-03-08  05:46:22 pm)Reset
[I](2020-03-08  05:46:22 pm)Reset
[I](2020-03-08  05:46:23 pm)Reset
[I](2020-03-08  05:46:53 pm)Reset
[I](2020-03-08  05:46:53 pm)Reset
[I](2020-03-08  05:46:54 pm)Reset
[I](2020-03-08  05:47:18 pm)Reset
[I](2020-03-08  05:47:19 pm)Reset
[I](2020-03-08  05:47:19 pm)Reset
[I](2020-03-08  05:48:18 pm)Reset
[I](2020-03-08  05:48:52 pm)Reset
[I](2020-03-08  05:48:52 pm)Reset
[I](2020-03-08  05:48:52 pm)Reset
[I](2020-03-08  05:50:48 pm)Reset
[I](2020-03-08  05:51:45 pm)Reset
[I](2020-03-08  05:51:45 pm)Reset
[I](2020-03-08  05:51:59 pm)Reset
[I](2020-03-08  05:52:00 pm)Reset
[I](2020-03-08  05:52:00 pm)Reset
[I](2020-03-08  05:56:06 pm)Reset
[I](2020-03-08  05:56:07 pm)Reset
[I](2020-03-08  05:56:41 pm)Reset
[I](2020-03-08  05:59:10 pm)Reset
[I](2020-03-08  05:59:14 pm)Reset
[I](2020-03-08  05:59:17 pm)Reset
[I](2020-03-08  05:59:17 pm)Reset
[I](2020-03-08  06:06:15 pm)Reset
[I](2020-03-08  06:06:15 pm)Reset
[I](2020-03-08  06:06:46 pm)Reset
[I](2020-03-08  06:06:46 pm)Reset
[I](2020-03-08  06:07:11 pm)Reset
[I](2020-03-08  06:07:11 pm)Reset
[I](2020-03-08  06:09:01 pm)Reset
[I](2020-03-08  06:09:31 pm)Reset
[I](2020-03-08  06:09:31 pm)Reset
[I](2020-03-08  06:10:28 pm)Reset
[I](2020-03-08  06:10:29 pm)Reset
[I](2020-03-08  06:10:29 pm)Reset
[I](2020-03-08  06:10:30 pm)Reset
[I](2020-03-08  06:10:30 pm)Reset
[I](2020-03-08  06:10:30 pm)Reset
[I](2020-03-08  06:11:16 pm)Reset
[I](2020-03-08  06:11:16 pm)Reset
[I](2020-03-08  06:11:40 pm)Reset
[I](2020-03-08  06:11:41 pm)Reset
[I](2020-03-08  06:12:36 pm)Reset
[I](2020-03-08  06:13:05 pm)Reset
[I](2020-03-08  06:13:05 pm)Reset
[I](2020-03-08  06:13:06 pm)Reset
[I](2020-03-08  06:14:12 pm)작업 시작 [Start d:1477]
[I](2020-03-08  06:14:12 pm)Nc File: [No.0009-318.NC *]
[I](2020-03-08  06:14:12 pm)  * Start Machine Position
[I](2020-03-08  06:14:12 pm)    X:    250.8545
[I](2020-03-08  06:14:12 pm)    Y:   -173.1685
[I](2020-03-08  06:14:12 pm)    U:      0.0000
[I](2020-03-08  06:14:12 pm)    V:      0.0000
[I](2020-03-08  06:14:12 pm)    Z:     29.6280
[I](2020-03-08  06:14:12 pm)  * Angle
[I](2020-03-08  06:14:12 pm)    Ar:      0.3442,Kr:      0.0000
[I](2020-03-08  06:14:12 pm)    Taper_Ar:      0.0000
[I](2020-03-08  06:14:26 pm)작업중 정지 [d:0][t:00:00:14]
[I](2020-03-08  06:14:26 pm)    [LNo:0009] 000010/000136
[I](2020-03-08  06:14:26 pm)작업중 M코드정지 [d:0][t:00:00:14]
[I](2020-03-08  06:15:41 pm)작업중 정지 [d:0][t:00:01:29]
[I](2020-03-08  06:15:41 pm)    [LNo:0009] 000028/000136
[I](2020-03-08  06:15:41 pm)작업중 M코드정지 [d:0][t:00:01:29]
[I](2020-03-08  06:17:36 pm)작업중 정지 [d:0][t:00:03:24]
[I](2020-03-08  06:17:36 pm)    [LNo:0009] 000031/000136
[I](2020-03-08  06:17:36 pm)작업중 M코드정지 [d:0][t:00:03:24]
[I](2020-03-08  06:17:56 pm)작업중 정지 [d:0][t:00:03:44]
[I](2020-03-08  06:17:56 pm)    [LNo:0009] 000033/000136
[I](2020-03-08  06:17:56 pm)작업중 M코드정지 [d:0][t:00:03:44]
[I](2020-03-08  06:18:26 pm)작업중 정지 [d:0][t:00:04:14]
[I](2020-03-08  06:18:26 pm)    [LNo:0009] 000043/000136
[I](2020-03-08  06:19:14 pm)작업중 정지 [d:1][t:00:05:02]
[I](2020-03-08  06:19:14 pm)    [LNo:0009] 000050/000136
[I](2020-03-08  06:19:24 pm)작업 재시작
[I](2020-03-08  09:00:52 pm)작업중 정지 [d:163][t:02:46:40]
[I](2020-03-08  09:00:52 pm)    [LNo:0009] 000059/000136
[I](2020-03-08  09:00:52 pm)작업중 M코드정지 [d:163][t:02:46:40]
[I](2020-03-08  09:12:26 pm)작업중 정지 [d:163][t:02:58:14]
[I](2020-03-08  09:12:26 pm)    [LNo:0009] 000061/000136
[I](2020-03-08  09:12:26 pm)작업중 M코드정지 [d:163][t:02:58:14]
[I](2020-03-08  10:21:52 pm)작업중 정지 [d:232][t:04:07:40]
[I](2020-03-08  10:21:52 pm)    [LNo:0009] 000133/000136
[I](2020-03-08  10:21:52 pm)작업중 M코드정지 [d:232][t:04:07:40]
