[I](2020-01-06  08:39:37 am)Ready On
[I](2020-01-06  09:28:33 am)Reset
[I](2020-01-06  09:28:34 am)Reset
[I](2020-01-06  09:42:05 am)Reset
[I](2020-01-06  09:42:06 am)Reset
[A](2020-01-06  09:42:12 am)[091] Auto Door Sensor Abnormal
[I](2020-01-06  10:02:22 am)Reset
[I](2020-01-06  10:02:22 am)Reset
[A](2020-01-06  10:02:37 am)[091] Auto Door Sensor Abnormal
[A](2020-01-06  10:02:38 am)[091] Auto Door Sensor Abnormal
[A](2020-01-06  10:02:39 am)[091] Auto Door Sensor Abnormal
[I](2020-01-06  10:03:22 am)작업 시작 [Start d:967]
[I](2020-01-06  10:03:22 am)Nc File: [No.0001-628.NC]
[I](2020-01-06  10:03:22 am)  * Start Machine Position
[I](2020-01-06  10:03:22 am)    X:    385.1215
[I](2020-01-06  10:03:22 am)    Y:   -290.7287
[I](2020-01-06  10:03:22 am)    U:      0.0000
[I](2020-01-06  10:03:22 am)    V:      0.0000
[I](2020-01-06  10:03:22 am)    Z:     50.4685
[I](2020-01-06  10:03:22 am)  * Angle
[I](2020-01-06  10:03:22 am)    Ar:      0.0000,Kr:      0.0000
[I](2020-01-06  10:03:22 am)    Taper_Ar:      0.0000
[I](2020-01-06  01:08:55 pm)작업중 정지 [d:185][t:03:05:32]
[I](2020-01-06  01:08:55 pm)    [LNo:0001] 000076/000168
[I](2020-01-06  01:08:55 pm)작업중 M코드정지 [d:185][t:03:05:32]
[I](2020-01-06  01:12:51 pm)작업중 정지 [d:185][t:03:09:28]
[I](2020-01-06  01:12:51 pm)    [LNo:0001] 000077/000168
[I](2020-01-06  01:12:51 pm)Wire Contact Auto Stop(M52)
[I](2020-01-06  01:15:34 pm)작업 재시작
[I](2020-01-06  01:15:35 pm)작업중 정지 [d:185][t:03:12:13]
[I](2020-01-06  01:15:35 pm)    [LNo:0001] 000078/000168
[I](2020-01-06  01:15:36 pm)작업중 M코드정지 [d:185][t:03:12:13]
[I](2020-01-06  01:17:01 pm)작업중 정지 [d:185][t:03:13:38]
[I](2020-01-06  01:17:01 pm)    [LNo:0001] 000096/000168
[A](2020-01-06  01:17:02 pm)[002] 가공액 미동작
[I](2020-01-06  01:17:21 pm)작업 재시작
[I](2020-01-06  04:31:58 pm)작업중 정지 [d:379][t:06:28:35]
[I](2020-01-06  04:31:58 pm)    [LNo:0001] 000156/000168
[I](2020-01-06  04:31:58 pm)작업중 M코드정지 [d:379][t:06:28:35]
[I](2020-01-06  04:36:46 pm)작업중 정지 [d:379][t:06:33:23]
[I](2020-01-06  04:36:46 pm)    [LNo:0001] 000157/000168
[A](2020-01-06  04:36:46 pm)[008] 작업중 단선(AWF Feed Motor Stop )
[I](2020-01-06  04:36:46 pm)작업중 Wire 단선 [d:379][t:06:33:23]
[I](2020-01-06  04:37:56 pm)Reset
[I](2020-01-06  04:38:02 pm)Reset
[I](2020-01-06  04:42:51 pm)Reset
[I](2020-01-06  04:42:51 pm)Reset
[I](2020-01-06  04:42:55 pm)Reset
[I](2020-01-06  04:42:55 pm)Reset
[I](2020-01-06  04:42:56 pm)Reset
[I](2020-01-06  05:57:21 pm)Reset
[I](2020-01-06  06:02:06 pm)Reset
[I](2020-01-06  06:02:32 pm)Reset
[I](2020-01-06  06:02:54 pm)Reset
[I](2020-01-06  06:03:26 pm)Reset
[I](2020-01-06  06:03:43 pm)Reset
[I](2020-01-06  06:04:05 pm)Reset
[I](2020-01-06  06:04:43 pm)Reset
[I](2020-01-06  06:05:01 pm)Reset
[I](2020-01-06  06:05:11 pm)Reset
[I](2020-01-06  06:07:52 pm)Reset
[I](2020-01-06  06:08:08 pm)Reset
[I](2020-01-06  06:08:29 pm)Reset
[I](2020-01-06  06:08:53 pm)Reset
[I](2020-01-06  06:09:13 pm)Reset
[I](2020-01-06  06:09:20 pm)Reset
[I](2020-01-06  06:09:30 pm)Reset
[I](2020-01-06  06:09:37 pm)Reset
[I](2020-01-06  06:11:23 pm)Reset
[I](2020-01-06  06:12:17 pm)Reset
[I](2020-01-06  06:12:38 pm)Reset
[I](2020-01-06  06:12:58 pm)Reset
[I](2020-01-06  06:13:27 pm)Reset
[I](2020-01-06  06:13:47 pm)Reset
[I](2020-01-06  06:13:53 pm)Reset
[I](2020-01-06  06:14:07 pm)Reset
[I](2020-01-06  06:17:00 pm)Reset
[I](2020-01-06  06:17:21 pm)Reset
[I](2020-01-06  06:17:40 pm)Reset
[I](2020-01-06  06:18:03 pm)Reset
[I](2020-01-06  06:18:08 pm)Reset
[I](2020-01-06  06:18:19 pm)Reset
[I](2020-01-06  06:49:45 pm)Reset
[I](2020-01-06  06:51:51 pm)Reset
[I](2020-01-06  06:51:52 pm)Reset
[I](2020-01-06  06:52:18 pm)Reset
[I](2020-01-06  06:52:39 pm)Reset
[I](2020-01-06  06:52:58 pm)Reset
[I](2020-01-06  06:52:58 pm)Reset
[I](2020-01-06  06:53:28 pm)Reset
[I](2020-01-06  06:53:49 pm)Reset
[I](2020-01-06  06:53:57 pm)Reset
[I](2020-01-06  06:54:11 pm)Reset
[I](2020-01-06  06:54:32 pm)Reset
[I](2020-01-06  06:57:10 pm)Reset
[I](2020-01-06  06:57:29 pm)Reset
[I](2020-01-06  06:57:52 pm)Reset
[I](2020-01-06  06:58:16 pm)Reset
[I](2020-01-06  06:58:36 pm)Reset
[I](2020-01-06  06:58:46 pm)Reset
[I](2020-01-06  06:58:46 pm)Reset
[I](2020-01-06  06:58:56 pm)Reset
[I](2020-01-06  06:58:59 pm)Reset
[I](2020-01-06  06:59:00 pm)Reset
[I](2020-01-06  07:02:55 pm)작업 시작 [Start d:1346]
[I](2020-01-06  07:02:55 pm)Nc File: [No.0002-629.NC]
[I](2020-01-06  07:02:55 pm)  * Start Machine Position
[I](2020-01-06  07:02:55 pm)    X:     33.7078
[I](2020-01-06  07:02:55 pm)    Y:   -367.7776
[I](2020-01-06  07:02:55 pm)    U:     -0.2190
[I](2020-01-06  07:02:55 pm)    V:     -0.0050
[I](2020-01-06  07:02:55 pm)    Z:     80.6109
[I](2020-01-06  07:02:55 pm)  * Angle
[I](2020-01-06  07:02:55 pm)    Ar:      0.0000,Kr:      0.0000
[I](2020-01-06  07:02:55 pm)    Taper_Ar:      0.0000
[I](2020-01-06  07:03:01 pm)작업중 정지 [d:0][t:00:00:05]
[I](2020-01-06  07:03:01 pm)    [LNo:0002] 000010/000121
[I](2020-01-06  07:03:01 pm)작업중 M코드정지 [d:0][t:00:00:05]
[I](2020-01-06  07:18:52 pm)작업중 정지 [d:13][t:00:15:57]
[I](2020-01-06  07:18:52 pm)    [LNo:0002] 000026/000121
[I](2020-01-06  07:18:53 pm)작업중 M코드정지 [d:13][t:00:15:57]
[I](2020-01-06  07:20:43 pm)작업중 정지 [d:13][t:00:17:47]
[I](2020-01-06  07:20:43 pm)    [LNo:0002] 000027/000121
[I](2020-01-06  07:22:08 pm)작업 재시작
[I](2020-01-06  07:22:20 pm)작업중 정지 [d:14][t:00:19:24]
[I](2020-01-06  07:22:20 pm)    [LNo:0002] 000029/000121
[I](2020-01-06  07:22:20 pm)작업중 M코드정지 [d:14][t:00:19:24]
[I](2020-01-06  07:24:55 pm)작업중 정지 [d:16][t:00:21:59]
[I](2020-01-06  07:24:55 pm)    [LNo:0002] 000048/000121
[I](2020-01-06  07:24:55 pm)작업중 M코드정지 [d:16][t:00:21:59]
[I](2020-01-06  07:26:42 pm)작업중 정지 [d:16][t:00:23:46]
[I](2020-01-06  07:26:42 pm)    [LNo:0002] 000033/000121
[I](2020-01-06  07:28:02 pm)작업중 정지 [d:16][t:00:25:07]
[I](2020-01-06  07:28:02 pm)    [LNo:0002] 000048/000121
[I](2020-01-06  07:28:02 pm)작업중 M코드정지 [d:16][t:00:25:07]
[I](2020-01-06  07:31:10 pm)Reset
[I](2020-01-06  07:31:50 pm)Reset
[I](2020-01-06  07:31:50 pm)Reset
[I](2020-01-06  07:31:50 pm)Reset
[I](2020-01-06  07:31:56 pm)Reset
[I](2020-01-06  07:31:56 pm)Reset
[I](2020-01-06  07:31:56 pm)Reset
[I](2020-01-06  07:32:54 pm)Reset
[I](2020-01-06  07:33:14 pm)작업 시작 [Start d:1362]
[I](2020-01-06  07:33:14 pm)Nc File: [No.0002-629.NC]
[I](2020-01-06  07:33:14 pm)  * Start Machine Position
[I](2020-01-06  07:33:14 pm)    X:    559.1355
[I](2020-01-06  07:33:14 pm)    Y:   -366.5374
[I](2020-01-06  07:33:14 pm)    U:      0.0060
[I](2020-01-06  07:33:14 pm)    V:      0.0250
[I](2020-01-06  07:33:14 pm)    Z:     80.6109
[I](2020-01-06  07:33:14 pm)  * Angle
[I](2020-01-06  07:33:14 pm)    Ar:      0.0000,Kr:      0.0000
[I](2020-01-06  07:33:14 pm)    Taper_Ar:      0.0000
[I](2020-01-06  07:33:14 pm)작업중 정지 [d:0][t:00:00:00]
[I](2020-01-06  07:33:14 pm)    [LNo:0002] 000056/000121
[I](2020-01-06  07:33:44 pm)작업중 정지 [d:0][t:00:00:30]
[I](2020-01-06  07:33:44 pm)    [LNo:0002] 000067/000121
[I](2020-01-06  07:33:44 pm)작업중 M코드정지 [d:0][t:00:00:30]
[I](2020-01-06  07:33:47 pm)작업중 정지 [d:0][t:00:00:33]
[I](2020-01-06  07:33:47 pm)    [LNo:0002] 000070/000121
[I](2020-01-06  07:33:47 pm)작업중 M코드정지 [d:0][t:00:00:33]
[I](2020-01-06  07:33:49 pm)작업중 정지 [d:0][t:00:00:34]
[I](2020-01-06  07:33:49 pm)    [LNo:0002] 000072/000121
[I](2020-01-06  07:33:49 pm)작업중 M코드정지 [d:0][t:00:00:34]
[I](2020-01-06  07:35:11 pm)작업중 정지 [d:0][t:00:01:57]
[I](2020-01-06  07:35:11 pm)    [LNo:0002] 000079/000121
[I](2020-01-06  07:51:19 pm)작업중 정지 [d:14][t:00:18:05]
[I](2020-01-06  07:51:19 pm)    [LNo:0002] 000092/000121
[I](2020-01-06  07:51:19 pm)작업중 M코드정지 [d:14][t:00:18:05]
[I](2020-01-06  07:52:55 pm)작업중 정지 [d:14][t:00:19:40]
[I](2020-01-06  07:52:55 pm)    [LNo:0002] 000093/000121
[I](2020-01-06  07:52:55 pm)작업중 30sec 접촉 정지 [d:14][t:00:19:40]
[I](2020-01-06  07:53:54 pm)작업 재시작
[I](2020-01-06  07:54:03 pm)작업중 정지 [d:14][t:00:20:48]
[I](2020-01-06  07:54:03 pm)    [LNo:0002] 000093/000121
[I](2020-01-06  07:54:34 pm)작업 재시작
[I](2020-01-06  07:54:42 pm)작업중 정지 [d:14][t:00:21:28]
[I](2020-01-06  07:54:42 pm)    [LNo:0002] 000095/000121
[I](2020-01-06  07:54:42 pm)작업중 M코드정지 [d:14][t:00:21:28]
[I](2020-01-06  07:57:55 pm)작업중 정지 [d:17][t:00:24:41]
[I](2020-01-06  07:57:55 pm)    [LNo:0002] 000114/000121
[I](2020-01-06  07:57:55 pm)작업중 M코드정지 [d:17][t:00:24:41]
[A](2020-01-06  08:21:53 pm)[036] 자동결선 절단 공정 실패!!
[I](2020-01-06  08:24:17 pm)Reset
[I](2020-01-06  08:24:28 pm)작업 시작 [Start d:1379]
[I](2020-01-06  08:24:28 pm)Nc File: [No.0002-629.NC]
[I](2020-01-06  08:24:28 pm)  * Start Machine Position
[I](2020-01-06  08:24:28 pm)    X:    579.3845
[I](2020-01-06  08:24:28 pm)    Y:   -383.4164
[I](2020-01-06  08:24:28 pm)    U:      0.0060
[I](2020-01-06  08:24:28 pm)    V:      0.0250
[I](2020-01-06  08:24:28 pm)    Z:     80.6109
[I](2020-01-06  08:24:28 pm)  * Angle
[I](2020-01-06  08:24:28 pm)    Ar:      0.0000,Kr:      0.0000
[I](2020-01-06  08:24:28 pm)    Taper_Ar:      0.0000
[I](2020-01-06  08:26:44 pm)작업중 정지 [d:2][t:00:02:16]
[I](2020-01-06  08:26:44 pm)    [LNo:0002] 000113/000121
[I](2020-01-06  08:26:44 pm)작업중 M코드정지 [d:2][t:00:02:16]
[I](2020-01-06  08:31:20 pm)Reset
[I](2020-01-06  08:32:08 pm)Reset
[I](2020-01-06  08:35:47 pm)Reset
[I](2020-01-06  08:36:12 pm)Reset
[I](2020-01-06  08:36:45 pm)작업 시작 [Start d:1381]
[I](2020-01-06  08:36:45 pm)Nc File: [No.0003-631.NC]
[I](2020-01-06  08:36:45 pm)  * Start Machine Position
[I](2020-01-06  08:36:45 pm)    X:    448.0879
[I](2020-01-06  08:36:45 pm)    Y:   -392.4733
[I](2020-01-06  08:36:45 pm)    U:     -0.0440
[I](2020-01-06  08:36:45 pm)    V:      0.5110
[I](2020-01-06  08:36:45 pm)    Z:     51.7509
[I](2020-01-06  08:36:45 pm)  * Angle
[I](2020-01-06  08:36:45 pm)    Ar:      0.0000,Kr:      0.0000
[I](2020-01-06  08:36:45 pm)    Taper_Ar:      0.0000
[I](2020-01-06  08:36:48 pm)작업중 정지 [d:0][t:00:00:02]
[I](2020-01-06  08:36:48 pm)    [LNo:0003] 000010/000638
[I](2020-01-06  08:36:48 pm)작업중 M코드정지 [d:0][t:00:00:02]
[I](2020-01-06  08:42:34 pm)작업중 정지 [d:6][t:00:05:48]
[I](2020-01-06  08:42:34 pm)    [LNo:0003] 000026/000638
[I](2020-01-06  08:42:34 pm)작업중 M코드정지 [d:6][t:00:05:48]
[I](2020-01-06  08:44:48 pm)작업중 정지 [d:8][t:00:08:02]
[I](2020-01-06  08:44:48 pm)    [LNo:0003] 000049/000638
[I](2020-01-06  08:44:48 pm)작업중 M코드정지 [d:8][t:00:08:02]
[I](2020-01-06  08:52:55 pm)작업중 정지 [d:13][t:00:16:10]
[I](2020-01-06  08:52:55 pm)    [LNo:0003] 000069/000638
[I](2020-01-06  08:52:55 pm)작업중 M코드정지 [d:13][t:00:16:10]
[I](2020-01-06  08:58:32 pm)작업중 정지 [d:13][t:00:21:46]
[I](2020-01-06  08:58:32 pm)    [LNo:0003] 000072/000638
[I](2020-01-06  08:58:32 pm)작업중 M코드정지 [d:13][t:00:21:46]
[I](2020-01-06  09:00:22 pm)작업중 정지 [d:15][t:00:23:36]
[I](2020-01-06  09:00:22 pm)    [LNo:0003] 000092/000638
[I](2020-01-06  09:00:22 pm)작업중 M코드정지 [d:15][t:00:23:36]
[I](2020-01-06  09:00:56 pm)Reset
[I](2020-01-06  09:01:25 pm)Reset
[A](2020-01-06  09:01:36 pm)[001] 와이어 미동작
[I](2020-01-06  09:01:39 pm)작업 시작 [Start d:1396]
[I](2020-01-06  09:01:39 pm)Nc File: [No.0003-631.NC]
[I](2020-01-06  09:01:39 pm)  * Start Machine Position
[I](2020-01-06  09:01:39 pm)    X:    343.5534
[I](2020-01-06  09:01:39 pm)    Y:   -382.1288
[I](2020-01-06  09:01:39 pm)    U:     -0.2460
[I](2020-01-06  09:01:39 pm)    V:     -0.0050
[I](2020-01-06  09:01:39 pm)    Z:     51.7509
[I](2020-01-06  09:01:39 pm)  * Angle
[I](2020-01-06  09:01:39 pm)    Ar:      0.0000,Kr:      0.0000
[I](2020-01-06  09:01:39 pm)    Taper_Ar:      0.0000
[I](2020-01-06  09:01:47 pm)작업중 정지 [d:0][t:00:00:08]
[I](2020-01-06  09:01:47 pm)    [LNo:0003] 000260/000638
[I](2020-01-06  09:01:47 pm)작업중 M코드정지 [d:0][t:00:00:08]
[I](2020-01-06  09:04:05 pm)작업중 정지 [d:2][t:00:02:25]
[I](2020-01-06  09:04:05 pm)    [LNo:0003] 000281/000638
[I](2020-01-06  09:04:05 pm)작업중 M코드정지 [d:2][t:00:02:25]
[I](2020-01-06  09:05:22 pm)작업중 정지 [d:2][t:00:03:43]
[I](2020-01-06  09:05:22 pm)    [LNo:0003] 000283/000638
[I](2020-01-06  09:05:23 pm)작업중 M코드정지 [d:2][t:00:03:43]
[A](2020-01-06  09:10:44 pm)[001] 와이어 미동작
[I](2020-01-06  09:11:41 pm)작업중 정지 [d:3][t:00:10:02]
[I](2020-01-06  09:11:41 pm)    [LNo:0003] 000303/000638
[I](2020-01-06  09:11:41 pm)작업중 M코드정지 [d:3][t:00:10:02]
[I](2020-01-06  09:21:35 pm)Reset
[I](2020-01-06  09:21:48 pm)작업 시작 [Start d:1399]
[I](2020-01-06  09:21:48 pm)Nc File: [No.0003-631.NC]
[I](2020-01-06  09:21:48 pm)  * Start Machine Position
[I](2020-01-06  09:21:48 pm)    X:    253.6281
[I](2020-01-06  09:21:48 pm)    Y:   -384.7008
[I](2020-01-06  09:21:48 pm)    U:     -0.1060
[I](2020-01-06  09:21:48 pm)    V:     -1.0910
[I](2020-01-06  09:21:48 pm)    Z:     51.7509
[I](2020-01-06  09:21:48 pm)  * Angle
[I](2020-01-06  09:21:48 pm)    Ar:      0.0000,Kr:      0.0000
[I](2020-01-06  09:21:48 pm)    Taper_Ar:      0.0000
[I](2020-01-06  09:21:56 pm)작업중 정지 [d:0][t:00:00:07]
[I](2020-01-06  09:21:56 pm)    [LNo:0003] 000183/000638
[I](2020-01-06  09:21:56 pm)작업중 M코드정지 [d:0][t:00:00:07]
[I](2020-01-06  09:22:00 pm)작업중 정지 [d:0][t:00:00:11]
[I](2020-01-06  09:22:00 pm)    [LNo:0003] 000186/000638
[I](2020-01-06  09:22:00 pm)작업중 M코드정지 [d:0][t:00:00:11]
[I](2020-01-06  09:22:01 pm)작업중 정지 [d:0][t:00:00:12]
[I](2020-01-06  09:22:01 pm)    [LNo:0003] 000189/000638
[I](2020-01-06  09:22:01 pm)작업중 M코드정지 [d:0][t:00:00:12]
[I](2020-01-06  09:24:22 pm)작업중 정지 [d:2][t:00:02:34]
[I](2020-01-06  09:24:22 pm)    [LNo:0003] 000211/000638
[I](2020-01-06  09:24:22 pm)작업중 M코드정지 [d:2][t:00:02:34]
[I](2020-01-06  09:24:44 pm)작업중 정지 [d:2][t:00:02:55]
[I](2020-01-06  09:24:44 pm)    [LNo:0003] 000213/000638
[I](2020-01-06  09:24:44 pm)작업중 M코드정지 [d:2][t:00:02:55]
[I](2020-01-06  09:27:14 pm)작업중 정지 [d:4][t:00:05:25]
[I](2020-01-06  09:27:14 pm)    [LNo:0003] 000234/000638
[I](2020-01-06  09:27:14 pm)작업중 M코드정지 [d:4][t:00:05:25]
[I](2020-01-06  09:28:06 pm)Reset
[I](2020-01-06  09:28:17 pm)작업 시작 [Start d:1403]
[I](2020-01-06  09:28:17 pm)Nc File: [No.0003-631.NC]
[I](2020-01-06  09:28:17 pm)  * Start Machine Position
[I](2020-01-06  09:28:17 pm)    X:    146.0683
[I](2020-01-06  09:28:17 pm)    Y:   -383.7000
[I](2020-01-06  09:28:17 pm)    U:      0.0660
[I](2020-01-06  09:28:17 pm)    V:      0.3210
[I](2020-01-06  09:28:17 pm)    Z:     51.7509
[I](2020-01-06  09:28:17 pm)  * Angle
[I](2020-01-06  09:28:17 pm)    Ar:      0.0000,Kr:      0.0000
[I](2020-01-06  09:28:17 pm)    Taper_Ar:      0.0000
[I](2020-01-06  09:28:21 pm)작업중 정지 [d:0][t:00:00:04]
[I](2020-01-06  09:28:21 pm)    [LNo:0003] 000137/000638
[I](2020-01-06  09:28:40 pm)Reset
[I](2020-01-06  09:28:46 pm)Reset
[I](2020-01-06  09:28:54 pm)작업 시작 [Start d:1403]
[I](2020-01-06  09:28:54 pm)Nc File: [No.0003-631.NC]
[I](2020-01-06  09:28:54 pm)  * Start Machine Position
[I](2020-01-06  09:28:54 pm)    X:    146.0683
[I](2020-01-06  09:28:54 pm)    Y:   -383.7000
[I](2020-01-06  09:28:54 pm)    U:      0.0660
[I](2020-01-06  09:28:54 pm)    V:      0.3210
[I](2020-01-06  09:28:54 pm)    Z:     51.7509
[I](2020-01-06  09:28:54 pm)  * Angle
[I](2020-01-06  09:28:54 pm)    Ar:      0.0000,Kr:      0.0000
[I](2020-01-06  09:28:54 pm)    Taper_Ar:      0.0000
[I](2020-01-06  09:29:02 pm)작업중 정지 [d:0][t:00:00:07]
[I](2020-01-06  09:29:02 pm)    [LNo:0003] 000112/000638
[I](2020-01-06  09:29:02 pm)작업중 M코드정지 [d:0][t:00:00:07]
[I](2020-01-06  09:29:03 pm)작업중 정지 [d:0][t:00:00:09]
[I](2020-01-06  09:29:03 pm)    [LNo:0003] 000115/000638
[I](2020-01-06  09:29:04 pm)작업중 M코드정지 [d:0][t:00:00:09]
[I](2020-01-06  09:29:04 pm)작업중 정지 [d:0][t:00:00:10]
[I](2020-01-06  09:29:04 pm)    [LNo:0003] 000117/000638
[I](2020-01-06  09:29:05 pm)작업중 M코드정지 [d:0][t:00:00:10]
[I](2020-01-06  09:31:22 pm)작업중 정지 [d:2][t:00:02:27]
[I](2020-01-06  09:31:22 pm)    [LNo:0003] 000140/000638
[I](2020-01-06  09:31:22 pm)작업중 M코드정지 [d:2][t:00:02:28]
[I](2020-01-06  09:35:17 pm)작업중 정지 [d:5][t:00:06:22]
[I](2020-01-06  09:35:17 pm)    [LNo:0003] 000163/000638
[I](2020-01-06  09:35:17 pm)작업중 M코드정지 [d:5][t:00:06:22]
[I](2020-01-06  09:41:40 pm)Reset
[A](2020-01-06  09:41:55 pm)[001] 와이어 미동작
[A](2020-01-06  09:42:29 pm)[001] 와이어 미동작
[I](2020-01-06  09:42:43 pm)Reset
[I](2020-01-06  09:49:58 pm)Reset
[I](2020-01-06  09:52:27 pm)Reset
[I](2020-01-06  09:56:28 pm)작업 시작 [Start d:1408]
[I](2020-01-06  09:56:28 pm)Nc File: [No.0005-636.NC]
[I](2020-01-06  09:56:28 pm)  * Start Machine Position
[I](2020-01-06  09:56:28 pm)    X:     56.6561
[I](2020-01-06  09:56:28 pm)    Y:   -363.5038
[I](2020-01-06  09:56:28 pm)    U:      0.0000
[I](2020-01-06  09:56:28 pm)    V:      0.0000
[I](2020-01-06  09:56:28 pm)    Z:     30.4619
[I](2020-01-06  09:56:28 pm)  * Angle
[I](2020-01-06  09:56:28 pm)    Ar:     -0.2477,Kr:      0.0000
[I](2020-01-06  09:56:28 pm)    Taper_Ar:      0.0000
[I](2020-01-06  09:56:31 pm)작업중 정지 [d:-1408][t:00:00:03]
[I](2020-01-06  09:56:31 pm)    [LNo:0005] 000015/000122
[I](2020-01-06  09:56:35 pm)Reset
[I](2020-01-06  09:56:41 pm)작업 시작 [Start d:0]
[I](2020-01-06  09:56:41 pm)Nc File: [No.0005-636.NC]
[I](2020-01-06  09:56:41 pm)  * Start Machine Position
[I](2020-01-06  09:56:41 pm)    X:     56.6561
[I](2020-01-06  09:56:41 pm)    Y:   -363.5038
[I](2020-01-06  09:56:41 pm)    U:      0.0000
[I](2020-01-06  09:56:41 pm)    V:      0.0000
[I](2020-01-06  09:56:41 pm)    Z:     30.4619
[I](2020-01-06  09:56:41 pm)  * Angle
[I](2020-01-06  09:56:41 pm)    Ar:     -0.2477,Kr:      0.0000
[I](2020-01-06  09:56:41 pm)    Taper_Ar:      0.0000
[I](2020-01-06  10:06:10 pm)작업중 정지 [d:9][t:00:09:29]
[I](2020-01-06  10:06:10 pm)    [LNo:0005] 000020/000122
[I](2020-01-06  10:06:10 pm)작업중 M코드정지 [d:9][t:00:09:29]
[I](2020-01-06  10:07:10 pm)작업중 정지 [d:9][t:00:10:29]
[I](2020-01-06  10:07:10 pm)    [LNo:0005] 000021/000122
[I](2020-01-06  10:07:31 pm)작업 재시작
[I](2020-01-06  10:12:52 pm)작업중 정지 [d:14][t:00:16:11]
[I](2020-01-06  10:12:52 pm)    [LNo:0005] 000057/000122
[I](2020-01-06  10:12:52 pm)작업중 M코드정지 [d:14][t:00:16:11]
[I](2020-01-06  10:16:23 pm)Reset
[I](2020-01-06  10:18:24 pm)Reset
[I](2020-01-06  10:19:37 pm)Reset
[I](2020-01-06  10:20:11 pm)작업 시작 [Start d:14]
[I](2020-01-06  10:20:11 pm)Nc File: [No.0005-636.NC]
[I](2020-01-06  10:20:11 pm)  * Start Machine Position
[I](2020-01-06  10:20:11 pm)    X:     56.6561
[I](2020-01-06  10:20:11 pm)    Y:   -363.5038
[I](2020-01-06  10:20:11 pm)    U:      0.0000
[I](2020-01-06  10:20:11 pm)    V:      0.0000
[I](2020-01-06  10:20:11 pm)    Z:     30.4619
[I](2020-01-06  10:20:11 pm)  * Angle
[I](2020-01-06  10:20:11 pm)    Ar:     -0.2477,Kr:      0.0000
[I](2020-01-06  10:20:11 pm)    Taper_Ar:      0.0000
[I](2020-01-06  10:54:34 pm)작업중 정지 [d:34][t:00:34:22]
[I](2020-01-06  10:54:34 pm)    [LNo:0005] 000110/000122
[I](2020-01-06  10:54:34 pm)작업중 M코드정지 [d:34][t:00:34:22]
[I](2020-01-06  10:55:17 pm)작업중 정지 [d:35][t:00:35:05]
[I](2020-01-06  10:55:17 pm)    [LNo:0005] 000111/000122
[A](2020-01-06  10:55:17 pm)[008] 작업중 단선(AWF Feed Motor Stop )
[I](2020-01-06  10:55:17 pm)작업중 Wire 단선 [d:35][t:00:35:05]
[I](2020-01-06  10:55:28 pm)작업 재시작
[I](2020-01-06  10:55:28 pm)작업중 정지 [d:35][t:00:35:17]
[I](2020-01-06  10:55:28 pm)    [LNo:0005] 000111/000122
[I](2020-01-06  10:55:28 pm)Wire Contact Auto Stop(M52)
[I](2020-01-06  10:56:56 pm)Reset
[I](2020-01-06  11:03:30 pm)Reset
[I](2020-01-06  11:04:53 pm)Reset
[I](2020-01-06  11:07:36 pm)Reset
[I](2020-01-06  11:12:36 pm)Reset
[I](2020-01-06  11:13:26 pm)작업 시작 [Start d:0]
[I](2020-01-06  11:13:26 pm)Nc File: [No.0008-536.NC]
[I](2020-01-06  11:13:26 pm)  * Start Machine Position
[I](2020-01-06  11:13:26 pm)    X:     59.7792
[I](2020-01-06  11:13:26 pm)    Y:   -240.2044
[I](2020-01-06  11:13:26 pm)    U:      0.0000
[I](2020-01-06  11:13:26 pm)    V:      0.0000
[I](2020-01-06  11:13:26 pm)    Z:     26.9664
[I](2020-01-06  11:13:26 pm)  * Angle
[I](2020-01-06  11:13:26 pm)    Ar:      0.0306,Kr:      0.0000
[I](2020-01-06  11:13:26 pm)    Taper_Ar:      0.0000
[I](2020-01-06  11:45:32 pm)작업중 정지 [d:31][t:00:32:06]
[I](2020-01-06  11:45:32 pm)    [LNo:0008] 000080/001077
[I](2020-01-06  11:45:32 pm)작업중 M코드정지 [d:31][t:00:32:06]
