[I](2020-02-14  12:53:14 am)작업중 정지 [d:96][t:01:58:03]
[I](2020-02-14  12:53:14 am)    [LNo:0002] 000666/003937
[I](2020-02-14  12:53:14 am)작업중 30sec 접촉 정지 [d:96][t:01:58:04]
[I](2020-02-14  12:53:36 am)작업 재시작
[I](2020-02-14  01:58:16 am)작업중 정지 [d:152][t:03:03:05]
[I](2020-02-14  01:58:16 am)    [LNo:0002] 001040/003937
[I](2020-02-14  01:58:16 am)작업중 30sec 접촉 정지 [d:152][t:03:03:05]
[I](2020-02-14  02:03:33 am)작업 재시작
[I](2020-02-14  04:16:33 am)작업중 정지 [d:272][t:05:21:22]
[I](2020-02-14  04:16:33 am)    [LNo:0002] 001701/003937
[A](2020-02-14  04:16:33 am)[009] 자동결선 Error(M20-삽입실패)
[I](2020-02-14  04:26:53 am)작업중 정지 [d:280][t:05:31:42]
[I](2020-02-14  04:26:53 am)    [LNo:0002] 001722/003937
[I](2020-02-14  04:26:53 am)작업중 M코드정지 [d:280][t:05:31:42]
[I](2020-02-14  04:28:02 am)작업중 정지 [d:281][t:05:32:51]
[I](2020-02-14  04:28:02 am)    [LNo:0002] 001724/003937
[I](2020-02-14  04:28:30 am)작업 재시작
[I](2020-02-14  04:28:36 am)작업중 정지 [d:281][t:05:33:25]
[I](2020-02-14  04:28:36 am)    [LNo:0002] 001726/003937
[I](2020-02-14  04:28:36 am)작업중 M코드정지 [d:281][t:05:33:26]
[I](2020-02-14  06:08:21 am)작업중 정지 [d:371][t:07:13:10]
[I](2020-02-14  06:08:21 am)    [LNo:0002] 002203/003937
[I](2020-02-14  06:08:21 am)작업중 M코드정지 [d:371][t:07:13:10]
[I](2020-02-14  06:26:02 am)작업중 정지 [d:372][t:07:30:51]
[I](2020-02-14  06:26:02 am)    [LNo:0002] 002204/003937
[I](2020-02-14  06:26:22 am)작업 재시작
[I](2020-02-14  06:26:28 am)작업중 정지 [d:372][t:07:31:17]
[I](2020-02-14  06:26:28 am)    [LNo:0002] 002206/003937
[I](2020-02-14  06:26:28 am)작업중 M코드정지 [d:372][t:07:31:17]
[I](2020-02-14  06:47:16 am)작업중 정지 [d:391][t:07:52:05]
[I](2020-02-14  06:47:16 am)    [LNo:0002] 002231/003937
[I](2020-02-14  06:47:16 am)작업중 M코드정지 [d:391][t:07:52:06]
[I](2020-02-14  06:52:50 am)작업중 정지 [d:391][t:07:57:39]
[I](2020-02-14  06:52:50 am)    [LNo:0002] 002232/003937
[I](2020-02-14  06:53:26 am)작업 재시작
[I](2020-02-14  06:53:32 am)작업중 정지 [d:391][t:07:58:21]
[I](2020-02-14  06:53:32 am)    [LNo:0002] 002234/003937
[I](2020-02-14  06:53:32 am)작업중 M코드정지 [d:391][t:07:58:21]
[I](2020-02-14  07:21:05 am)작업중 정지 [d:417][t:08:25:54]
[I](2020-02-14  07:21:05 am)    [LNo:0002] 002259/003937
[I](2020-02-14  07:21:05 am)작업중 M코드정지 [d:417][t:08:25:54]
[I](2020-02-14  07:57:02 am)작업중 정지 [d:418][t:09:01:51]
[I](2020-02-14  07:57:02 am)    [LNo:0002] 002260/003937
[I](2020-02-14  07:57:30 am)작업 재시작
[I](2020-02-14  07:57:37 am)작업중 정지 [d:418][t:09:02:26]
[I](2020-02-14  07:57:37 am)    [LNo:0002] 002262/003937
[I](2020-02-14  07:57:37 am)작업중 M코드정지 [d:418][t:09:02:26]
[I](2020-02-14  08:18:22 am)작업중 정지 [d:437][t:09:23:11]
[I](2020-02-14  08:18:22 am)    [LNo:0002] 002287/003937
[I](2020-02-14  08:18:23 am)작업중 M코드정지 [d:437][t:09:23:12]
[I](2020-02-14  08:19:02 am)작업중 정지 [d:438][t:09:23:51]
[I](2020-02-14  08:19:02 am)    [LNo:0002] 002290/003937
[I](2020-02-14  08:19:02 am)작업중 M코드정지 [d:438][t:09:23:51]
[I](2020-02-14  08:33:48 am)작업중 정지 [d:451][t:09:38:37]
[I](2020-02-14  08:33:48 am)    [LNo:0002] 002341/003937
[I](2020-02-14  08:33:48 am)작업중 M코드정지 [d:451][t:09:38:37]
[I](2020-02-14  08:51:13 am)작업중 정지 [d:465][t:09:56:02]
[I](2020-02-14  08:51:13 am)    [LNo:0002] 002409/003937
[I](2020-02-14  08:51:13 am)작업중 M코드정지 [d:465][t:09:56:02]
[I](2020-02-14  09:05:03 am)작업중 정지 [d:473][t:10:09:52]
[I](2020-02-14  09:05:03 am)    [LNo:0002] 002510/003937
[I](2020-02-14  09:05:03 am)작업중 M코드정지 [d:473][t:10:09:52]
[I](2020-02-14  09:08:13 am)작업중 정지 [d:473][t:10:13:02]
[I](2020-02-14  09:08:13 am)    [LNo:0002] 002495/003937
[I](2020-02-14  09:09:12 am)작업중 정지 [d:474][t:10:14:02]
[I](2020-02-14  09:09:12 am)    [LNo:0002] 002509/003937
[I](2020-02-14  09:09:13 am)작업중 M코드정지 [d:474][t:10:14:02]
[I](2020-02-14  09:14:54 am)작업중 정지 [d:477][t:10:19:43]
[I](2020-02-14  09:14:54 am)    [LNo:0002] 002548/003937
[I](2020-02-14  09:14:54 am)작업중 M코드정지 [d:477][t:10:19:43]
[I](2020-02-14  09:38:33 am)작업중 정지 [d:493][t:10:43:22]
[I](2020-02-14  09:38:33 am)    [LNo:0002] 002742/003937
[I](2020-02-14  09:38:33 am)작업중 M코드정지 [d:493][t:10:43:22]
[A](2020-02-14  09:39:10 am)[036] 자동결선 절단 공정 실패!!
[I](2020-02-14  11:31:31 am)작업중 정지 [d:571][t:12:36:20]
[I](2020-02-14  11:31:31 am)    [LNo:0002] 003814/003937
[I](2020-02-14  11:31:31 am)작업중 M코드정지 [d:571][t:12:36:20]
[I](2020-02-14  11:41:35 am)작업중 정지 [d:578][t:12:46:24]
[I](2020-02-14  11:41:35 am)    [LNo:0002] 003854/003937
[I](2020-02-14  11:41:35 am)작업중 M코드정지 [d:578][t:12:46:24]
[I](2020-02-14  11:55:17 am)작업중 정지 [d:585][t:13:00:06]
[I](2020-02-14  11:55:17 am)    [LNo:0002] 003890/003937
[I](2020-02-14  11:55:17 am)작업중 M코드정지 [d:585][t:13:00:06]
[I](2020-02-14  12:11:47 pm)작업중 정지 [d:592][t:13:16:36]
[I](2020-02-14  12:11:47 pm)    [LNo:0002] 003929/003937
[I](2020-02-14  12:11:47 pm)작업중 M코드정지 [d:592][t:13:16:36]
[I](2020-02-14  01:08:51 pm)작업중 정지 [d:592][t:14:13:40]
[I](2020-02-14  01:08:51 pm)    [LNo:0002] 002843/003937
[I](2020-02-14  01:10:41 pm)작업중 정지 [d:592][t:14:15:30]
[I](2020-02-14  01:10:41 pm)    [LNo:0002] 002859/003937
[I](2020-02-14  01:10:42 pm)작업중 M코드정지 [d:592][t:14:15:31]
[I](2020-02-14  01:16:21 pm)Reset
[I](2020-02-14  01:16:27 pm)Reset
[I](2020-02-14  01:16:39 pm)Reset
[I](2020-02-14  01:16:39 pm)Reset
[I](2020-02-14  01:18:37 pm)Reset
[I](2020-02-14  01:18:37 pm)Reset
[I](2020-02-14  01:20:12 pm)Reset
[I](2020-02-14  01:20:17 pm)Reset
[I](2020-02-14  01:20:21 pm)Reset
[I](2020-02-14  01:33:37 pm)Reset
[I](2020-02-14  01:34:10 pm)Reset
[I](2020-02-14  01:39:08 pm)Reset
[I](2020-02-14  01:41:18 pm)Reset
[I](2020-02-14  01:43:33 pm)Reset
[I](2020-02-14  01:44:40 pm)Reset
[I](2020-02-14  01:44:48 pm)Reset
[I](2020-02-14  01:46:41 pm)작업 시작 [Start d:692]
[I](2020-02-14  01:46:41 pm)Nc File: [No.0003-439.NC]
[I](2020-02-14  01:46:41 pm)  * Start Machine Position
[I](2020-02-14  01:46:41 pm)    X:    243.7436
[I](2020-02-14  01:46:41 pm)    Y:   -261.1301
[I](2020-02-14  01:46:41 pm)    U:      0.0000
[I](2020-02-14  01:46:41 pm)    V:      0.0000
[I](2020-02-14  01:46:41 pm)    Z:     23.4502
[I](2020-02-14  01:46:41 pm)  * Angle
[I](2020-02-14  01:46:41 pm)    Ar:      0.0063,Kr:      0.0000
[I](2020-02-14  01:46:41 pm)    Taper_Ar:      0.0000
[I](2020-02-14  01:46:57 pm)작업중 정지 [d:0][t:00:00:16]
[I](2020-02-14  01:46:57 pm)    [LNo:0003] 000010/002020
[I](2020-02-14  01:46:57 pm)작업중 M코드정지 [d:0][t:00:00:16]
[I](2020-02-14  02:37:02 pm)작업중 정지 [d:50][t:00:50:21]
[I](2020-02-14  02:37:02 pm)    [LNo:0003] 000088/002020
[I](2020-02-14  02:37:02 pm)작업중 M코드정지 [d:50][t:00:50:21]
[I](2020-02-14  02:43:11 pm)작업중 정지 [d:50][t:00:56:30]
[I](2020-02-14  02:43:11 pm)    [LNo:0003] 000089/002020
[I](2020-02-14  02:43:55 pm)작업 재시작
[I](2020-02-14  02:44:00 pm)작업중 정지 [d:50][t:00:57:19]
[I](2020-02-14  02:44:00 pm)    [LNo:0003] 000092/002020
[I](2020-02-14  02:44:00 pm)작업중 M코드정지 [d:50][t:00:57:19]
[I](2020-02-14  02:57:30 pm)작업중 정지 [d:63][t:01:10:48]
[I](2020-02-14  02:57:30 pm)    [LNo:0003] 000154/002020
[I](2020-02-14  02:57:30 pm)작업중 M코드정지 [d:63][t:01:10:49]
[I](2020-02-14  03:01:46 pm)작업중 정지 [d:63][t:01:15:05]
[I](2020-02-14  03:01:46 pm)    [LNo:0003] 000094/002020
[I](2020-02-14  03:04:59 pm)작업중 정지 [d:66][t:01:18:17]
[I](2020-02-14  03:04:59 pm)    [LNo:0003] 000155/002020
[I](2020-02-14  03:04:59 pm)작업중 M코드정지 [d:66][t:01:18:17]
[I](2020-02-14  03:25:16 pm)작업중 정지 [d:74][t:01:38:35]
[I](2020-02-14  03:25:16 pm)    [LNo:0003] 000184/002020
[I](2020-02-14  03:25:16 pm)작업중 M코드정지 [d:74][t:01:38:35]
[I](2020-02-14  03:41:02 pm)작업중 정지 [d:75][t:01:54:21]
[I](2020-02-14  03:41:02 pm)    [LNo:0003] 000188/002020
[I](2020-02-14  03:41:02 pm)작업중 M코드정지 [d:75][t:01:54:21]
[I](2020-02-14  03:45:12 pm)작업중 정지 [d:77][t:01:58:30]
[I](2020-02-14  03:45:12 pm)    [LNo:0003] 000214/002020
[I](2020-02-14  03:45:12 pm)작업중 M코드정지 [d:77][t:01:58:30]
[I](2020-02-14  04:33:44 pm)작업중 정지 [d:122][t:02:47:02]
[I](2020-02-14  04:33:44 pm)    [LNo:0003] 000306/002020
[I](2020-02-14  04:33:44 pm)작업중 M코드정지 [d:122][t:02:47:03]
[I](2020-02-14  04:37:36 pm)작업중 정지 [d:122][t:02:50:55]
[I](2020-02-14  04:37:36 pm)    [LNo:0003] 000307/002020
[I](2020-02-14  04:37:59 pm)작업 재시작
[I](2020-02-14  04:50:11 pm)작업중 정지 [d:134][t:03:03:29]
[I](2020-02-14  04:50:11 pm)    [LNo:0003] 000377/002020
[I](2020-02-14  04:50:11 pm)작업중 M코드정지 [d:134][t:03:03:29]
[I](2020-02-14  05:02:02 pm)작업중 정지 [d:143][t:03:15:20]
[I](2020-02-14  05:02:02 pm)    [LNo:0003] 000467/002020
[I](2020-02-14  05:02:02 pm)작업중 M코드정지 [d:143][t:03:15:20]
[I](2020-02-14  05:22:56 pm)작업중 정지 [d:143][t:03:36:15]
[I](2020-02-14  05:22:56 pm)    [LNo:0003] 000449/002020
[I](2020-02-14  05:33:28 pm)작업중 정지 [d:152][t:03:46:47]
[I](2020-02-14  05:33:28 pm)    [LNo:0003] 000555/002020
[I](2020-02-14  05:33:28 pm)작업중 M코드정지 [d:152][t:03:46:47]
[I](2020-02-14  05:39:59 pm)작업중 정지 [d:152][t:03:53:18]
[I](2020-02-14  05:39:59 pm)    [LNo:0003] 000540/002020
[I](2020-02-14  07:22:57 pm)작업중 정지 [d:246][t:05:36:16]
[I](2020-02-14  07:22:57 pm)    [LNo:0003] 001223/002020
[I](2020-02-14  07:22:57 pm)작업중 M코드정지 [d:246][t:05:36:16]
[I](2020-02-14  07:30:08 pm)작업중 정지 [d:246][t:05:43:27]
[I](2020-02-14  07:30:08 pm)    [LNo:0003] 001228/002020
[I](2020-02-14  07:45:36 pm)작업중 정지 [d:257][t:05:58:54]
[I](2020-02-14  07:45:36 pm)    [LNo:0003] 001318/002020
[I](2020-02-14  07:45:36 pm)작업중 M코드정지 [d:257][t:05:58:54]
[I](2020-02-14  08:58:12 pm)작업중 정지 [d:318][t:07:11:30]
[I](2020-02-14  08:58:12 pm)    [LNo:0003] 001700/002020
[I](2020-02-14  08:58:12 pm)작업중 M코드정지 [d:318][t:07:11:31]
[I](2020-02-14  09:00:08 pm)작업중 정지 [d:318][t:07:13:26]
[I](2020-02-14  09:00:08 pm)    [LNo:0003] 001701/002020
[I](2020-02-14  09:00:08 pm)작업중 30sec 접촉 정지 [d:318][t:07:13:26]
[I](2020-02-14  09:00:32 pm)작업 재시작
[I](2020-02-14  09:12:52 pm)작업중 정지 [d:318][t:07:26:11]
[I](2020-02-14  09:12:52 pm)    [LNo:0003] 001701/002020
[I](2020-02-14  09:13:03 pm)작업 재시작
[I](2020-02-14  09:13:13 pm)작업중 정지 [d:318][t:07:26:32]
[I](2020-02-14  09:13:13 pm)    [LNo:0003] 001703/002020
[I](2020-02-14  09:13:13 pm)작업중 M코드정지 [d:318][t:07:26:32]
[I](2020-02-14  09:33:06 pm)작업중 정지 [d:337][t:07:46:25]
[I](2020-02-14  09:33:06 pm)    [LNo:0003] 001759/002020
[I](2020-02-14  09:33:06 pm)작업중 M코드정지 [d:337][t:07:46:25]
[I](2020-02-14  09:34:39 pm)작업중 정지 [d:337][t:07:47:57]
[I](2020-02-14  09:34:39 pm)    [LNo:0003] 001763/002020
[I](2020-02-14  09:34:39 pm)작업중 M코드정지 [d:337][t:07:47:57]
[I](2020-02-14  09:54:11 pm)작업중 정지 [d:355][t:08:07:30]
[I](2020-02-14  09:54:11 pm)    [LNo:0003] 001805/002020
[I](2020-02-14  09:54:11 pm)작업중 M코드정지 [d:355][t:08:07:30]
[I](2020-02-14  09:58:26 pm)작업중 정지 [d:355][t:08:11:45]
[I](2020-02-14  09:58:26 pm)    [LNo:0003] 001806/002020
[I](2020-02-14  09:58:50 pm)작업 재시작
[I](2020-02-14  09:58:58 pm)작업중 정지 [d:355][t:08:12:16]
[I](2020-02-14  09:58:58 pm)    [LNo:0003] 001808/002020
[I](2020-02-14  09:58:58 pm)작업중 M코드정지 [d:355][t:08:12:16]
[I](2020-02-14  10:22:23 pm)작업중 정지 [d:377][t:08:35:42]
[I](2020-02-14  10:22:23 pm)    [LNo:0003] 001867/002020
[I](2020-02-14  10:22:23 pm)작업중 M코드정지 [d:377][t:08:35:42]
[I](2020-02-14  10:22:42 pm)작업중 정지 [d:377][t:08:36:00]
[I](2020-02-14  10:22:42 pm)    [LNo:0003] 001868/002020
[I](2020-02-14  10:23:08 pm)작업 재시작
[I](2020-02-14  10:23:14 pm)작업중 정지 [d:377][t:08:36:33]
[I](2020-02-14  10:23:14 pm)    [LNo:0003] 001870/002020
[I](2020-02-14  10:23:14 pm)작업중 M코드정지 [d:377][t:08:36:33]
[I](2020-02-14  10:42:44 pm)작업중 정지 [d:395][t:08:56:03]
[I](2020-02-14  10:42:44 pm)    [LNo:0003] 001930/002020
[I](2020-02-14  10:43:07 pm)작업 재시작
[I](2020-02-14  10:43:10 pm)작업중 정지 [d:395][t:08:56:29]
[I](2020-02-14  10:43:10 pm)    [LNo:0003] 001932/002020
[I](2020-02-14  10:43:11 pm)작업중 M코드정지 [d:395][t:08:56:29]
[I](2020-02-14  11:02:38 pm)작업중 정지 [d:413][t:09:15:56]
[I](2020-02-14  11:02:38 pm)    [LNo:0003] 001973/002020
[I](2020-02-14  11:02:38 pm)작업중 M코드정지 [d:413][t:09:15:56]
[I](2020-02-14  11:04:10 pm)작업중 정지 [d:413][t:09:17:29]
[I](2020-02-14  11:04:10 pm)    [LNo:0003] 001974/002020
[A](2020-02-14  11:04:32 pm)[001] 와이어 미동작
[I](2020-02-14  11:04:34 pm)작업 재시작
[I](2020-02-14  11:04:41 pm)작업중 정지 [d:413][t:09:17:59]
[I](2020-02-14  11:04:41 pm)    [LNo:0003] 001976/002020
[I](2020-02-14  11:04:41 pm)작업중 M코드정지 [d:413][t:09:17:59]
[I](2020-02-14  11:12:38 pm)작업중 정지 [d:420][t:09:25:57]
[I](2020-02-14  11:12:38 pm)    [LNo:0003] 002015/002020
[I](2020-02-14  11:22:03 pm)Reset
[I](2020-02-14  11:23:22 pm)Reset
[I](2020-02-14  11:23:25 pm)Reset
[I](2020-02-14  11:23:48 pm)Reset
[I](2020-02-14  11:23:52 pm)Reset
[I](2020-02-14  11:27:08 pm)Reset
[I](2020-02-14  11:29:54 pm)Reset
[I](2020-02-14  11:29:57 pm)Reset
[I](2020-02-14  11:29:57 pm)Reset
[I](2020-02-14  11:32:36 pm)작업 시작 [Start d:1112]
[I](2020-02-14  11:32:36 pm)Nc File: [No.0001-459.NC]
[I](2020-02-14  11:32:36 pm)  * Start Machine Position
[I](2020-02-14  11:32:36 pm)    X:    260.8948
[I](2020-02-14  11:32:36 pm)    Y:   -335.0707
[I](2020-02-14  11:32:36 pm)    U:      0.0000
[I](2020-02-14  11:32:36 pm)    V:      0.0000
[I](2020-02-14  11:32:36 pm)    Z:     30.4017
[I](2020-02-14  11:32:36 pm)  * Angle
[I](2020-02-14  11:32:36 pm)    Ar:      0.0087,Kr:      0.0000
[I](2020-02-14  11:32:36 pm)    Taper_Ar:      0.0000
[I](2020-02-14  11:32:48 pm)작업중 정지 [d:0][t:00:00:12]
[I](2020-02-14  11:32:48 pm)    [LNo:0001] 000013/001204
[I](2020-02-14  11:33:23 pm)Reset
[I](2020-02-14  11:33:39 pm)작업 시작 [Start d:1112]
[I](2020-02-14  11:33:39 pm)Nc File: [No.0001-459.NC]
[I](2020-02-14  11:33:39 pm)  * Start Machine Position
[I](2020-02-14  11:33:39 pm)    X:    260.8948
[I](2020-02-14  11:33:39 pm)    Y:   -335.0707
[I](2020-02-14  11:33:39 pm)    U:      0.0000
[I](2020-02-14  11:33:39 pm)    V:      0.0000
[I](2020-02-14  11:33:39 pm)    Z:     30.4017
[I](2020-02-14  11:33:39 pm)  * Angle
[I](2020-02-14  11:33:39 pm)    Ar:      0.0087,Kr:      0.0000
[I](2020-02-14  11:33:39 pm)    Taper_Ar:      0.0000
[I](2020-02-14  11:47:41 pm)작업중 정지 [d:13][t:00:14:02]
[I](2020-02-14  11:47:41 pm)    [LNo:0001] 000265/001204
[I](2020-02-14  11:48:02 pm)작업 재시작
[I](2020-02-14  11:48:06 pm)작업중 정지 [d:13][t:00:14:26]
[I](2020-02-14  11:48:06 pm)    [LNo:0001] 000267/001204
[I](2020-02-14  11:48:06 pm)작업중 M코드정지 [d:13][t:00:14:26]
[I](2020-02-14  11:51:26 pm)작업중 정지 [d:16][t:00:17:46]
[I](2020-02-14  11:51:26 pm)    [LNo:0001] 000286/001204
[I](2020-02-14  11:51:26 pm)작업중 M코드정지 [d:16][t:00:17:46]
[A](2020-02-14  11:52:04 pm)[037] 자동결선 잔여 WIRE 처리 실패!!
[I](2020-02-14  11:53:16 pm)Reset
[I](2020-02-14  11:53:16 pm)Reset
[I](2020-02-14  11:53:26 pm)작업 시작 [Start d:1128]
[I](2020-02-14  11:53:26 pm)Nc File: [No.0001-459.NC]
[I](2020-02-14  11:53:26 pm)  * Start Machine Position
[I](2020-02-14  11:53:26 pm)    X:     22.0298
[I](2020-02-14  11:53:26 pm)    Y:   -360.8919
[I](2020-02-14  11:53:26 pm)    U:      0.0000
[I](2020-02-14  11:53:26 pm)    V:      0.0000
[I](2020-02-14  11:53:26 pm)    Z:     30.4017
[I](2020-02-14  11:53:26 pm)  * Angle
[I](2020-02-14  11:53:26 pm)    Ar:      0.0087,Kr:      0.0000
[I](2020-02-14  11:53:26 pm)    Taper_Ar:      0.0000
