[I](2020-10-14  01:07:28 am)작업중 정지 [d:160][t:03:04:47]
[I](2020-10-14  01:07:28 am)    [LNo:0010] 001366/002142
[I](2020-10-14  01:07:28 am)작업중 M코드정지 [d:160][t:03:04:47]
[A](2020-10-14  01:26:48 am)[041] AWF 명령끝날때까지 센서감지(타임아웃) 안됨
[A](2020-10-14  01:27:21 am)[041] AWF 명령끝날때까지 센서감지(타임아웃) 안됨
[A](2020-10-14  01:28:39 am)[041] AWF 명령끝날때까지 센서감지(타임아웃) 안됨
[A](2020-10-14  01:29:10 am)[041] AWF 명령끝날때까지 센서감지(타임아웃) 안됨
[I](2020-10-14  01:29:34 am)작업중 정지 [d:176][t:03:26:53]
[I](2020-10-14  01:29:34 am)    [LNo:0010] 001422/002142
[A](2020-10-14  01:29:34 am)[009] 자동결선 Error(M20-삽입실패)
[A](2020-10-14  01:37:14 am)[041] AWF 명령끝날때까지 센서감지(타임아웃) 안됨
[I](2020-10-14  01:53:20 am)작업중 정지 [d:192][t:03:50:39]
[I](2020-10-14  01:53:20 am)    [LNo:0010] 001446/002142
[I](2020-10-14  01:53:20 am)작업중 M코드정지 [d:192][t:03:50:40]
[I](2020-10-14  01:54:06 am)작업중 정지 [d:192][t:03:51:26]
[I](2020-10-14  01:54:06 am)    [LNo:0010] 001448/002142
[I](2020-10-14  01:54:06 am)작업중 M코드정지 [d:192][t:03:51:26]
[I](2020-10-14  01:57:18 am)작업중 정지 [d:195][t:03:54:38]
[I](2020-10-14  01:57:18 am)    [LNo:0010] 001467/002142
[I](2020-10-14  01:57:18 am)작업중 30sec 접촉 정지 [d:195][t:03:54:38]
[I](2020-10-14  01:57:31 am)작업 재시작
[A](2020-10-14  01:59:04 am)[041] AWF 명령끝날때까지 센서감지(타임아웃) 안됨
[A](2020-10-14  01:59:35 am)[041] AWF 명령끝날때까지 센서감지(타임아웃) 안됨
[A](2020-10-14  02:00:07 am)[041] AWF 명령끝날때까지 센서감지(타임아웃) 안됨
[I](2020-10-14  02:00:10 am)작업중 정지 [d:196][t:03:57:29]
[I](2020-10-14  02:00:10 am)    [LNo:0010] 001477/002142
[I](2020-10-14  02:01:57 am)작업중 정지 [d:197][t:03:59:17]
[I](2020-10-14  02:01:57 am)    [LNo:0010] 001488/002142
[I](2020-10-14  02:01:57 am)작업중 30sec 접촉 정지 [d:197][t:03:59:17]
[I](2020-10-14  02:02:14 am)작업 재시작
[I](2020-10-14  02:09:03 am)작업중 정지 [d:204][t:04:06:22]
[I](2020-10-14  02:09:03 am)    [LNo:0010] 001493/002142
[I](2020-10-14  02:09:03 am)작업중 M코드정지 [d:204][t:04:06:22]
[I](2020-10-14  02:10:22 am)작업중 정지 [d:205][t:04:07:41]
[I](2020-10-14  02:10:22 am)    [LNo:0010] 001496/002142
[I](2020-10-14  02:10:22 am)작업중 M코드정지 [d:205][t:04:07:41]
[I](2020-10-14  02:12:21 am)작업중 정지 [d:207][t:04:09:40]
[I](2020-10-14  02:12:21 am)    [LNo:0010] 001515/002142
[I](2020-10-14  02:12:21 am)작업중 M코드정지 [d:207][t:04:09:40]
[A](2020-10-14  02:13:00 am)[037] 자동결선 잔여 WIRE 처리 실패!!
[A](2020-10-14  02:13:55 am)[041] AWF 명령끝날때까지 센서감지(타임아웃) 안됨
[A](2020-10-14  02:14:59 am)[037] 자동결선 잔여 WIRE 처리 실패!!
[I](2020-10-14  02:16:29 am)작업중 정지 [d:207][t:04:13:48]
[I](2020-10-14  02:16:29 am)    [LNo:0010] 001500/002142
[A](2020-10-14  02:17:59 am)[041] AWF 명령끝날때까지 센서감지(타임아웃) 안됨
[I](2020-10-14  02:18:02 am)작업중 정지 [d:207][t:04:15:22]
[I](2020-10-14  02:18:02 am)    [LNo:0010] 001521/002142
[I](2020-10-14  02:19:50 am)작업중 정지 [d:208][t:04:17:09]
[I](2020-10-14  02:19:50 am)    [LNo:0010] 001533/002142
[I](2020-10-14  02:19:50 am)작업중 30sec 접촉 정지 [d:208][t:04:17:09]
[I](2020-10-14  02:20:55 am)작업 재시작
[I](2020-10-14  02:26:48 am)작업중 정지 [d:214][t:04:24:08]
[I](2020-10-14  02:26:48 am)    [LNo:0010] 001537/002142
[I](2020-10-14  02:26:49 am)작업중 M코드정지 [d:214][t:04:24:08]
[I](2020-10-14  02:29:42 am)작업중 정지 [d:214][t:04:27:02]
[I](2020-10-14  02:29:42 am)    [LNo:0010] 001540/002142
[I](2020-10-14  02:29:42 am)작업중 M코드정지 [d:214][t:04:27:02]
[I](2020-10-14  02:31:39 am)작업중 정지 [d:216][t:04:28:58]
[I](2020-10-14  02:31:39 am)    [LNo:0010] 001558/002142
[I](2020-10-14  02:31:39 am)작업중 M코드정지 [d:216][t:04:28:58]
[I](2020-10-14  02:46:44 am)Reset
[I](2020-10-14  02:48:36 am)Reset
[I](2020-10-14  02:48:40 am)Reset
[I](2020-10-14  02:50:23 am)Reset
[A](2020-10-14  02:51:52 am)[001] 와이어 미동작
[I](2020-10-14  02:52:18 am)Reset
[I](2020-10-14  02:52:43 am)Reset
[I](2020-10-14  02:52:51 am)Reset
[I](2020-10-14  02:53:27 am)Reset
[I](2020-10-14  02:53:42 am)Reset
[I](2020-10-14  02:53:50 am)Reset
[I](2020-10-14  02:53:57 am)Reset
[I](2020-10-14  02:54:45 am)작업 시작 [Start d:317]
[I](2020-10-14  02:54:45 am)Nc File: [No.0010-547.NC]
[I](2020-10-14  02:54:45 am)  * Start Machine Position
[I](2020-10-14  02:54:45 am)    X:     19.3975
[I](2020-10-14  02:54:45 am)    Y:   -367.6125
[I](2020-10-14  02:54:45 am)    U:     -0.0003
[I](2020-10-14  02:54:45 am)    V:      0.0599
[I](2020-10-14  02:54:45 am)    Z:     47.9995
[I](2020-10-14  02:54:45 am)  * Angle
[I](2020-10-14  02:54:45 am)    Ar:      0.3153,Kr:      0.0000
[I](2020-10-14  02:54:45 am)    Taper_Ar:      0.0000
[A](2020-10-14  02:55:07 am)[041] AWF 명령끝날때까지 센서감지(타임아웃) 안됨
[I](2020-10-14  02:55:08 am)작업중 정지 [d:0][t:00:00:23]
[I](2020-10-14  02:55:08 am)    [LNo:0010] 000013/002142
[I](2020-10-14  03:41:19 am)작업중 정지 [d:46][t:00:46:33]
[I](2020-10-14  03:41:19 am)    [LNo:0010] 000034/002142
[I](2020-10-14  03:41:19 am)작업중 M코드정지 [d:46][t:00:46:34]
[I](2020-10-14  03:42:02 am)작업중 정지 [d:46][t:00:47:16]
[I](2020-10-14  03:42:02 am)    [LNo:0010] 000038/002142
[I](2020-10-14  03:42:02 am)작업중 M코드정지 [d:46][t:00:47:16]
[I](2020-10-14  03:50:51 am)작업중 정지 [d:54][t:00:56:05]
[I](2020-10-14  03:50:51 am)    [LNo:0010] 000064/002142
[I](2020-10-14  03:50:51 am)작업중 M코드정지 [d:54][t:00:56:05]
[I](2020-10-14  03:53:41 am)작업중 정지 [d:54][t:00:58:55]
[I](2020-10-14  03:53:41 am)    [LNo:0010] 000042/002142
[I](2020-10-14  03:55:44 am)작업중 정지 [d:55][t:01:00:58]
[I](2020-10-14  03:55:44 am)    [LNo:0010] 000070/002142
[I](2020-10-14  04:01:00 am)작업중 정지 [d:59][t:01:06:14]
[I](2020-10-14  04:01:00 am)    [LNo:0010] 000085/002142
[I](2020-10-14  04:01:00 am)작업중 M코드정지 [d:59][t:01:06:14]
[I](2020-10-14  04:01:43 am)작업중 정지 [d:59][t:01:06:57]
[I](2020-10-14  04:01:43 am)    [LNo:0010] 000089/002142
[I](2020-10-14  04:01:43 am)작업중 M코드정지 [d:59][t:01:06:57]
[I](2020-10-14  04:08:48 am)작업중 정지 [d:64][t:01:14:02]
[I](2020-10-14  04:08:48 am)    [LNo:0010] 000130/002142
[I](2020-10-14  04:08:48 am)작업중 M코드정지 [d:64][t:01:14:02]
[I](2020-10-14  04:09:08 am)작업중 정지 [d:64][t:01:14:22]
[I](2020-10-14  04:09:08 am)    [LNo:0010] 000134/002142
[I](2020-10-14  04:09:08 am)작업중 M코드정지 [d:64][t:01:14:22]
[I](2020-10-14  04:15:52 am)작업중 정지 [d:69][t:01:21:06]
[I](2020-10-14  04:15:52 am)    [LNo:0010] 000175/002142
[I](2020-10-14  04:15:52 am)작업중 M코드정지 [d:69][t:01:21:06]
[I](2020-10-14  04:16:34 am)작업중 정지 [d:70][t:01:21:48]
[I](2020-10-14  04:16:34 am)    [LNo:0010] 000179/002142
[I](2020-10-14  04:16:34 am)작업중 M코드정지 [d:70][t:01:21:48]
[I](2020-10-14  05:43:41 am)작업중 정지 [d:156][t:02:48:55]
[I](2020-10-14  05:43:41 am)    [LNo:0010] 000238/002142
[I](2020-10-14  05:43:41 am)작업중 M코드정지 [d:156][t:02:48:55]
[I](2020-10-14  06:36:19 am)작업중 정지 [d:157][t:03:41:33]
[I](2020-10-14  06:36:19 am)    [LNo:0010] 000241/002142
[I](2020-10-14  06:36:19 am)작업중 M코드정지 [d:157][t:03:41:33]
[A](2020-10-14  06:37:57 am)[001] 와이어 미동작
[I](2020-10-14  07:22:39 am)작업중 정지 [d:201][t:04:27:53]
[I](2020-10-14  07:22:39 am)    [LNo:0010] 000317/002142
[I](2020-10-14  07:22:39 am)작업중 M코드정지 [d:201][t:04:27:53]
[I](2020-10-14  07:23:37 am)작업중 정지 [d:202][t:04:28:51]
[I](2020-10-14  07:23:37 am)    [LNo:0010] 000318/002142
[I](2020-10-14  07:23:37 am)Wire Contact Auto Stop(M52)
[I](2020-10-14  07:29:37 am)작업 재시작
[I](2020-10-14  07:29:38 am)작업중 정지 [d:202][t:04:34:53]
[I](2020-10-14  07:29:38 am)    [LNo:0010] 000319/002142
[I](2020-10-14  07:29:38 am)작업중 M코드정지 [d:202][t:04:34:53]
[I](2020-10-14  07:34:46 am)작업중 정지 [d:207][t:04:40:00]
[I](2020-10-14  07:34:46 am)    [LNo:0010] 000339/002142
[I](2020-10-14  07:34:46 am)작업중 30sec 접촉 정지 [d:207][t:04:40:00]
[I](2020-10-14  07:35:11 am)작업 재시작
[I](2020-10-14  07:48:47 am)작업중 정지 [d:220][t:04:54:01]
[I](2020-10-14  07:48:47 am)    [LNo:0010] 000385/002142
[I](2020-10-14  07:48:47 am)작업중 M코드정지 [d:220][t:04:54:01]
[I](2020-10-14  08:11:49 am)작업중 정지 [d:220][t:05:17:03]
[I](2020-10-14  08:11:49 am)    [LNo:0010] 000386/002142
[I](2020-10-14  08:11:49 am)Wire Contact Auto Stop(M52)
[I](2020-10-14  08:13:16 am)작업 재시작
[I](2020-10-14  08:13:18 am)작업중 정지 [d:220][t:05:18:32]
[I](2020-10-14  08:13:18 am)    [LNo:0010] 000387/002142
[I](2020-10-14  08:13:18 am)작업중 M코드정지 [d:220][t:05:18:32]
[I](2020-10-14  08:18:56 am)작업중 정지 [d:222][t:05:24:10]
[I](2020-10-14  08:18:56 am)    [LNo:0010] 000432/002142
[I](2020-10-14  08:18:56 am)작업중 30sec 접촉 정지 [d:222][t:05:24:10]
[I](2020-10-14  08:20:31 am)작업 재시작
[I](2020-10-14  08:26:01 am)작업중 정지 [d:227][t:05:31:15]
[I](2020-10-14  08:26:01 am)    [LNo:0010] 000436/002142
[I](2020-10-14  08:26:01 am)작업중 M코드정지 [d:227][t:05:31:16]
[I](2020-10-14  08:26:48 am)작업중 정지 [d:227][t:05:32:02]
[I](2020-10-14  08:26:48 am)    [LNo:0010] 000439/002142
[I](2020-10-14  08:26:48 am)작업중 M코드정지 [d:227][t:05:32:02]
[I](2020-10-14  08:30:06 am)작업중 정지 [d:228][t:05:35:20]
[I](2020-10-14  08:30:06 am)    [LNo:0010] 000473/002142
[I](2020-10-14  08:30:06 am)작업중 30sec 접촉 정지 [d:228][t:05:35:20]
[I](2020-10-14  08:32:32 am)작업 재시작
[I](2020-10-14  08:32:35 am)작업중 정지 [d:228][t:05:37:50]
[I](2020-10-14  08:32:35 am)    [LNo:0010] 000473/002142
[I](2020-10-14  08:33:11 am)작업 재시작
[I](2020-10-14  08:33:46 am)작업중 정지 [d:229][t:05:39:00]
[I](2020-10-14  08:33:46 am)    [LNo:0010] 000476/002142
[I](2020-10-14  08:33:46 am)작업중 30sec 접촉 정지 [d:229][t:05:39:00]
[I](2020-10-14  08:35:00 am)작업 재시작
[I](2020-10-14  08:40:46 am)작업중 정지 [d:235][t:05:46:00]
[I](2020-10-14  08:40:46 am)    [LNo:0010] 000481/002142
[I](2020-10-14  08:40:46 am)작업중 M코드정지 [d:235][t:05:46:00]
[I](2020-10-14  08:41:14 am)작업중 정지 [d:235][t:05:46:28]
[I](2020-10-14  08:41:14 am)    [LNo:0010] 000484/002142
[I](2020-10-14  08:41:14 am)작업중 M코드정지 [d:235][t:05:46:28]
[I](2020-10-14  08:44:22 am)작업중 정지 [d:237][t:05:49:36]
[I](2020-10-14  08:44:22 am)    [LNo:0010] 000510/002142
[I](2020-10-14  08:55:11 am)Reset
[I](2020-10-14  08:55:23 am)Reset
[I](2020-10-14  08:55:24 am)Reset
[I](2020-10-14  09:05:28 am)Reset
[I](2020-10-14  09:06:16 am)Reset
[I](2020-10-14  09:06:16 am)Reset
[I](2020-10-14  09:06:16 am)Reset
[I](2020-10-14  09:17:50 am)Reset
[I](2020-10-14  09:17:50 am)Reset
[I](2020-10-14  09:17:51 am)Reset
[I](2020-10-14  09:36:42 am)Reset
[I](2020-10-14  09:44:22 am)Reset
[I](2020-10-14  09:48:50 am)Reset
[I](2020-10-14  09:50:24 am)작업 시작 [Start d:554]
[I](2020-10-14  09:50:24 am)Nc File: [No.0011-549.NC]
[I](2020-10-14  09:50:24 am)  * Start Machine Position
[I](2020-10-14  09:50:24 am)    X:     32.2805
[I](2020-10-14  09:50:24 am)    Y:   -374.7084
[I](2020-10-14  09:50:24 am)    U:      0.0000
[I](2020-10-14  09:50:24 am)    V:      0.0000
[I](2020-10-14  09:50:24 am)    Z:     45.0450
[I](2020-10-14  09:50:24 am)  * Angle
[I](2020-10-14  09:50:24 am)    Ar:      1.4604,Kr:      0.0000
[I](2020-10-14  09:50:24 am)    Taper_Ar:      0.0000
[I](2020-10-14  09:50:32 am)작업중 정지 [d:0][t:00:00:08]
[I](2020-10-14  09:50:32 am)    [LNo:0011] 000010/000058
[I](2020-10-14  09:50:32 am)작업중 M코드정지 [d:0][t:00:00:08]
[I](2020-10-14  10:25:18 am)작업중 정지 [d:34][t:00:34:54]
[I](2020-10-14  10:25:18 am)    [LNo:0011] 000027/000058
[I](2020-10-14  10:25:18 am)작업중 30sec 접촉 정지 [d:34][t:00:34:54]
[I](2020-10-14  10:26:29 am)작업 재시작
[I](2020-10-14  10:26:37 am)작업중 정지 [d:34][t:00:36:13]
[I](2020-10-14  10:26:37 am)    [LNo:0011] 000028/000058
[I](2020-10-14  10:26:37 am)작업중 M코드정지 [d:34][t:00:36:13]
[I](2020-10-14  10:27:03 am)작업중 정지 [d:34][t:00:36:39]
[I](2020-10-14  10:27:03 am)    [LNo:0011] 000030/000058
[I](2020-10-14  10:27:03 am)작업중 M코드정지 [d:34][t:00:36:39]
[I](2020-10-14  10:36:39 am)작업중 정지 [d:43][t:00:46:15]
[I](2020-10-14  10:36:39 am)    [LNo:0011] 000050/000058
[I](2020-10-14  10:36:39 am)작업중 M코드정지 [d:43][t:00:46:15]
[I](2020-10-14  10:43:50 am)작업중 정지 [d:43][t:00:53:26]
[I](2020-10-14  10:43:50 am)    [LNo:0011] 000034/000058
[I](2020-10-14  10:45:59 am)작업중 정지 [d:45][t:00:55:35]
[I](2020-10-14  10:45:59 am)    [LNo:0011] 000050/000058
[I](2020-10-14  10:45:59 am)작업중 M코드정지 [d:45][t:00:55:35]
[I](2020-10-14  10:47:03 am)작업중 정지 [d:45][t:00:56:39]
[I](2020-10-14  10:47:03 am)    [LNo:0011] 000034/000058
[I](2020-10-14  10:50:47 am)작업중 정지 [d:48][t:01:00:23]
[I](2020-10-14  10:50:47 am)    [LNo:0011] 000050/000058
[I](2020-10-14  10:50:47 am)작업중 M코드정지 [d:48][t:01:00:23]
[I](2020-10-14  10:55:53 am)Reset
[I](2020-10-14  10:56:02 am)Reset
[I](2020-10-14  11:03:51 am)Reset
[I](2020-10-14  11:03:51 am)Reset
[I](2020-10-14  11:06:53 am)Reset
[I](2020-10-14  11:09:06 am)작업 시작 [Start d:602]
[I](2020-10-14  11:09:06 am)Nc File: [No.0012-550.NC]
[I](2020-10-14  11:09:06 am)  * Start Machine Position
[I](2020-10-14  11:09:06 am)    X:     32.5714
[I](2020-10-14  11:09:06 am)    Y:   -369.8570
[I](2020-10-14  11:09:06 am)    U:      0.0000
[I](2020-10-14  11:09:06 am)    V:      0.0000
[I](2020-10-14  11:09:06 am)    Z:     45.0450
[I](2020-10-14  11:09:06 am)  * Angle
[I](2020-10-14  11:09:06 am)    Ar:      1.4070,Kr:      0.0000
[I](2020-10-14  11:09:06 am)    Taper_Ar:      0.0000
[I](2020-10-14  11:09:14 am)작업중 정지 [d:0][t:00:00:08]
[I](2020-10-14  11:09:14 am)    [LNo:0012] 000010/000066
[I](2020-10-14  11:09:14 am)작업중 M코드정지 [d:0][t:00:00:08]
[I](2020-10-14  11:44:16 am)작업중 정지 [d:34][t:00:35:09]
[I](2020-10-14  11:44:16 am)    [LNo:0012] 000032/000066
[I](2020-10-14  11:44:16 am)작업중 M코드정지 [d:34][t:00:35:09]
[I](2020-10-14  11:47:10 am)작업중 정지 [d:34][t:00:38:03]
[I](2020-10-14  11:47:10 am)    [LNo:0012] 000034/000066
[I](2020-10-14  11:47:10 am)작업중 M코드정지 [d:34][t:00:38:03]
[I](2020-10-14  11:56:35 am)작업중 정지 [d:43][t:00:47:28]
[I](2020-10-14  11:56:35 am)    [LNo:0012] 000059/000066
[I](2020-10-14  11:56:35 am)작업중 M코드정지 [d:43][t:00:47:28]
[A](2020-10-14  12:02:07 pm)[036] 자동결선 절단 공정 실패!!
[I](2020-10-14  12:02:47 pm)작업중 정지 [d:43][t:00:53:41]
[I](2020-10-14  12:02:47 pm)    [LNo:0012] 000038/000066
[I](2020-10-14  12:06:40 pm)작업중 정지 [d:47][t:00:57:33]
[I](2020-10-14  12:06:40 pm)    [LNo:0012] 000059/000066
[I](2020-10-14  12:06:40 pm)작업중 M코드정지 [d:47][t:00:57:33]
[I](2020-10-14  12:59:25 pm)작업중 정지 [d:47][t:01:50:18]
[I](2020-10-14  12:59:25 pm)    [LNo:0012] 000038/000066
[I](2020-10-14  01:04:00 pm)작업중 정지 [d:51][t:01:54:54]
[I](2020-10-14  01:04:00 pm)    [LNo:0012] 000059/000066
[I](2020-10-14  01:04:01 pm)작업중 M코드정지 [d:51][t:01:54:54]
[I](2020-10-14  01:17:50 pm)Reset
[I](2020-10-14  01:17:51 pm)Reset
[I](2020-10-14  01:17:59 pm)Reset
[I](2020-10-14  01:33:59 pm)Reset
[I](2020-10-14  01:34:01 pm)Reset
[I](2020-10-14  01:35:51 pm)Reset
[I](2020-10-14  01:35:52 pm)Reset
[I](2020-10-14  01:38:36 pm)Reset
[I](2020-10-14  01:38:37 pm)Reset
[I](2020-10-14  01:44:48 pm)Reset
[I](2020-10-14  01:44:49 pm)Reset
[I](2020-10-14  01:45:20 pm)Reset
[I](2020-10-14  01:45:21 pm)Reset
[I](2020-10-14  01:45:24 pm)Reset
[I](2020-10-14  01:46:10 pm)Reset
[I](2020-10-14  01:46:10 pm)Reset
[I](2020-10-14  01:51:49 pm)Reset
[I](2020-10-14  01:51:49 pm)Reset
[I](2020-10-14  01:52:14 pm)작업 시작 [Start d:653]
[I](2020-10-14  01:52:14 pm)Nc File: [No.0013-553.NC]
[I](2020-10-14  01:52:14 pm)  * Start Machine Position
[I](2020-10-14  01:52:14 pm)    X:    222.9269
[I](2020-10-14  01:52:14 pm)    Y:   -376.6891
[I](2020-10-14  01:52:14 pm)    U:      0.0000
[I](2020-10-14  01:52:14 pm)    V:      0.1300
[I](2020-10-14  01:52:14 pm)    Z:     39.2680
[I](2020-10-14  01:52:14 pm)  * Angle
[I](2020-10-14  01:52:14 pm)    Ar:      2.9660,Kr:      0.0000
[I](2020-10-14  01:52:14 pm)    Taper_Ar:      0.0000
[I](2020-10-14  01:52:19 pm)작업중 정지 [d:0][t:00:00:04]
[I](2020-10-14  01:52:19 pm)    [LNo:0013] 000104/000164
[I](2020-10-14  01:53:57 pm)Reset
[I](2020-10-14  01:53:57 pm)Reset
[I](2020-10-14  01:57:04 pm)작업 시작 [Start d:653]
[I](2020-10-14  01:57:04 pm)Nc File: [No.0013-553.NC]
[I](2020-10-14  01:57:04 pm)  * Start Machine Position
[I](2020-10-14  01:57:04 pm)    X:    222.9269
[I](2020-10-14  01:57:04 pm)    Y:   -376.6891
[I](2020-10-14  01:57:04 pm)    U:      0.0000
[I](2020-10-14  01:57:04 pm)    V:      0.1300
[I](2020-10-14  01:57:04 pm)    Z:     39.2680
[I](2020-10-14  01:57:04 pm)  * Angle
[I](2020-10-14  01:57:04 pm)    Ar:      2.9660,Kr:      0.0000
[I](2020-10-14  01:57:04 pm)    Taper_Ar:      0.0000
[I](2020-10-14  01:57:11 pm)작업중 정지 [d:0][t:00:00:06]
[I](2020-10-14  01:57:11 pm)    [LNo:0013] 000010/000164
[I](2020-10-14  01:57:11 pm)작업중 M코드정지 [d:0][t:00:00:06]
[I](2020-10-14  01:59:51 pm)작업중 정지 [d:1][t:00:02:47]
[I](2020-10-14  01:59:51 pm)    [LNo:0013] 000025/000164
[A](2020-10-14  01:59:52 pm)[008] 작업중 단선(AWF Feed Motor Stop )
[I](2020-10-14  01:59:52 pm)작업중 Wire 단선 [d:1][t:00:02:47]
[A](2020-10-14  02:00:39 pm)[041] AWF 명령끝날때까지 센서감지(타임아웃) 안됨
[A](2020-10-14  02:01:19 pm)[041] AWF 명령끝날때까지 센서감지(타임아웃) 안됨
[A](2020-10-14  02:01:51 pm)[041] AWF 명령끝날때까지 센서감지(타임아웃) 안됨
[A](2020-10-14  02:02:23 pm)[041] AWF 명령끝날때까지 센서감지(타임아웃) 안됨
[A](2020-10-14  02:03:03 pm)[041] AWF 명령끝날때까지 센서감지(타임아웃) 안됨
[I](2020-10-14  02:21:52 pm)작업 재시작
[I](2020-10-14  02:40:16 pm)작업중 정지 [d:20][t:00:43:11]
[I](2020-10-14  02:40:16 pm)    [LNo:0013] 000028/000164
[I](2020-10-14  02:40:16 pm)작업중 M코드정지 [d:20][t:00:43:11]
[I](2020-10-14  02:45:06 pm)작업중 정지 [d:20][t:00:48:02]
[I](2020-10-14  02:45:06 pm)    [LNo:0013] 000032/000164
[I](2020-10-14  02:45:07 pm)작업중 M코드정지 [d:20][t:00:48:02]
[I](2020-10-14  02:48:35 pm)작업중 정지 [d:23][t:00:51:30]
[I](2020-10-14  02:48:35 pm)    [LNo:0013] 000051/000164
[I](2020-10-14  02:48:35 pm)작업중 M코드정지 [d:23][t:00:51:30]
[I](2020-10-14  02:54:34 pm)작업중 정지 [d:25][t:00:57:29]
[I](2020-10-14  02:54:34 pm)    [LNo:0013] 000070/000164
[A](2020-10-14  02:54:34 pm)[008] 작업중 단선(AWF Feed Motor Stop )
[I](2020-10-14  02:54:34 pm)작업중 Wire 단선 [d:25][t:00:57:29]
[A](2020-10-14  02:55:28 pm)[041] AWF 명령끝날때까지 센서감지(타임아웃) 안됨
[A](2020-10-14  02:56:01 pm)[041] AWF 명령끝날때까지 센서감지(타임아웃) 안됨
[A](2020-10-14  02:56:33 pm)[041] AWF 명령끝날때까지 센서감지(타임아웃) 안됨
[A](2020-10-14  02:57:05 pm)[041] AWF 명령끝날때까지 센서감지(타임아웃) 안됨
[A](2020-10-14  02:57:37 pm)[041] AWF 명령끝날때까지 센서감지(타임아웃) 안됨
[A](2020-10-14  02:58:28 pm)[041] AWF 명령끝날때까지 센서감지(타임아웃) 안됨
[I](2020-10-14  03:00:20 pm)작업 재시작
[I](2020-10-14  03:18:51 pm)작업중 정지 [d:43][t:01:21:46]
[I](2020-10-14  03:18:51 pm)    [LNo:0013] 000074/000164
[I](2020-10-14  03:18:51 pm)작업중 M코드정지 [d:43][t:01:21:46]
[I](2020-10-14  03:20:40 pm)작업중 정지 [d:43][t:01:23:36]
[I](2020-10-14  03:20:40 pm)    [LNo:0013] 000075/000164
[I](2020-10-14  03:21:01 pm)작업중 정지 [d:43][t:01:23:57]
[I](2020-10-14  03:21:01 pm)    [LNo:0013] 000076/000164
[I](2020-10-14  03:21:12 pm)작업 재시작
[I](2020-10-14  03:21:31 pm)작업중 정지 [d:44][t:01:24:26]
[I](2020-10-14  03:21:31 pm)    [LNo:0013] 000078/000164
[I](2020-10-14  03:21:31 pm)작업중 M코드정지 [d:44][t:01:24:26]
[I](2020-10-14  03:25:54 pm)작업중 정지 [d:44][t:01:28:50]
[I](2020-10-14  03:25:54 pm)    [LNo:0013] 000080/000164
[I](2020-10-14  03:27:07 pm)작업 재시작
[I](2020-10-14  03:30:04 pm)작업중 정지 [d:47][t:01:33:00]
[I](2020-10-14  03:30:04 pm)    [LNo:0013] 000099/000164
[I](2020-10-14  03:30:04 pm)작업중 M코드정지 [d:47][t:01:33:00]
[I](2020-10-14  04:25:32 pm)작업중 정지 [d:99][t:02:28:27]
[I](2020-10-14  04:25:32 pm)    [LNo:0013] 000130/000164
[I](2020-10-14  04:25:32 pm)작업중 M코드정지 [d:99][t:02:28:27]
[I](2020-10-14  04:27:14 pm)작업중 정지 [d:100][t:02:30:09]
[I](2020-10-14  04:27:14 pm)    [LNo:0013] 000134/000164
[I](2020-10-14  04:27:14 pm)작업중 M코드정지 [d:100][t:02:30:09]
[I](2020-10-14  04:36:06 pm)작업중 정지 [d:108][t:02:39:01]
[I](2020-10-14  04:36:06 pm)    [LNo:0013] 000157/000164
[I](2020-10-14  04:36:06 pm)작업중 M코드정지 [d:108][t:02:39:01]
[I](2020-10-14  04:44:26 pm)Reset
[I](2020-10-14  04:44:27 pm)Reset
[I](2020-10-14  04:55:23 pm)Reset
[I](2020-10-14  04:55:35 pm)Reset
[I](2020-10-14  04:55:36 pm)Reset
[I](2020-10-14  04:56:56 pm)Reset
[I](2020-10-14  05:01:46 pm)Reset
[I](2020-10-14  05:01:46 pm)Reset
[I](2020-10-14  05:05:48 pm)Reset
[I](2020-10-14  05:05:48 pm)Reset
[I](2020-10-14  05:15:10 pm)Reset
[I](2020-10-14  05:15:43 pm)Reset
[I](2020-10-14  05:16:24 pm)Reset
[I](2020-10-14  05:16:24 pm)Reset
[I](2020-10-14  05:16:24 pm)Reset
[I](2020-10-14  05:19:47 pm)Reset
[I](2020-10-14  05:19:48 pm)Reset
[I](2020-10-14  05:23:09 pm)작업 시작 [Start d:761]
[I](2020-10-14  05:23:09 pm)Nc File: [No.0014-552.NC]
[I](2020-10-14  05:23:09 pm)  * Start Machine Position
[I](2020-10-14  05:23:09 pm)    X:    179.5473
[I](2020-10-14  05:23:09 pm)    Y:   -376.3900
[I](2020-10-14  05:23:09 pm)    U:      0.0700
[I](2020-10-14  05:23:09 pm)    V:      0.0500
[I](2020-10-14  05:23:09 pm)    Z:     23.2050
[I](2020-10-14  05:23:09 pm)  * Angle
[I](2020-10-14  05:23:09 pm)    Ar:      1.0624,Kr:      0.0000
[I](2020-10-14  05:23:09 pm)    Taper_Ar:      0.0000
[I](2020-10-14  05:23:14 pm)작업중 정지 [d:0][t:00:00:04]
[I](2020-10-14  05:23:14 pm)    [LNo:0014] 000010/000402
[I](2020-10-14  05:23:14 pm)작업중 M코드정지 [d:0][t:00:00:04]
[I](2020-10-14  05:32:41 pm)작업중 정지 [d:9][t:00:09:31]
[I](2020-10-14  05:32:41 pm)    [LNo:0014] 000093/000402
[I](2020-10-14  05:32:41 pm)작업중 M코드정지 [d:9][t:00:09:31]
[I](2020-10-14  05:35:53 pm)작업중 정지 [d:9][t:00:12:43]
[I](2020-10-14  05:35:53 pm)    [LNo:0014] 000077/000402
[I](2020-10-14  05:36:54 pm)작업중 정지 [d:10][t:00:13:44]
[I](2020-10-14  05:36:54 pm)    [LNo:0014] 000093/000402
[I](2020-10-14  05:36:54 pm)작업중 M코드정지 [d:10][t:00:13:44]
[I](2020-10-14  05:47:20 pm)작업중 정지 [d:19][t:00:24:10]
[I](2020-10-14  05:47:20 pm)    [LNo:0014] 000179/000402
[I](2020-10-14  05:47:20 pm)작업중 M코드정지 [d:19][t:00:24:10]
[I](2020-10-14  05:49:28 pm)작업중 정지 [d:19][t:00:26:18]
[I](2020-10-14  05:49:28 pm)    [LNo:0014] 000163/000402
[I](2020-10-14  05:50:17 pm)작업중 정지 [d:20][t:00:27:07]
[I](2020-10-14  05:50:17 pm)    [LNo:0014] 000179/000402
[I](2020-10-14  05:50:17 pm)작업중 M코드정지 [d:20][t:00:27:07]
[I](2020-10-14  06:00:37 pm)작업중 정지 [d:29][t:00:37:27]
[I](2020-10-14  06:00:37 pm)    [LNo:0014] 000264/000402
[I](2020-10-14  06:00:37 pm)작업중 M코드정지 [d:29][t:00:37:27]
[A](2020-10-14  06:01:58 pm)[041] AWF 명령끝날때까지 센서감지(타임아웃) 안됨
[A](2020-10-14  06:02:31 pm)[041] AWF 명령끝날때까지 센서감지(타임아웃) 안됨
[I](2020-10-14  06:02:35 pm)작업중 정지 [d:29][t:00:39:25]
[I](2020-10-14  06:02:35 pm)    [LNo:0014] 000271/000402
[I](2020-10-14  06:12:21 pm)작업중 정지 [d:38][t:00:49:11]
[I](2020-10-14  06:12:21 pm)    [LNo:0014] 000357/000402
[I](2020-10-14  06:12:21 pm)작업중 M코드정지 [d:38][t:00:49:11]
[I](2020-10-14  06:30:37 pm)작업중 정지 [d:54][t:01:07:28]
[I](2020-10-14  06:30:37 pm)    [LNo:0014] 000372/000402
[I](2020-10-14  06:30:37 pm)작업중 M코드정지 [d:54][t:01:07:28]
[I](2020-10-14  06:31:41 pm)작업중 정지 [d:54][t:01:08:31]
[I](2020-10-14  06:31:41 pm)    [LNo:0014] 000374/000402
[I](2020-10-14  06:31:41 pm)작업중 M코드정지 [d:54][t:01:08:31]
[I](2020-10-14  06:37:18 pm)작업중 정지 [d:59][t:01:14:08]
[I](2020-10-14  06:37:18 pm)    [LNo:0014] 000398/000402
[I](2020-10-14  06:37:18 pm)작업중 M코드정지 [d:59][t:01:14:08]
[I](2020-10-14  06:47:16 pm)작업중 정지 [d:59][t:01:24:06]
[I](2020-10-14  06:47:16 pm)    [LNo:0014] 000378/000402
[I](2020-10-14  06:51:52 pm)작업중 정지 [d:63][t:01:28:42]
[I](2020-10-14  06:51:52 pm)    [LNo:0014] 000395/000402
[I](2020-10-14  06:56:17 pm)Reset
[I](2020-10-14  06:56:18 pm)Reset
[I](2020-10-14  06:56:29 pm)Reset
[I](2020-10-14  06:56:29 pm)Reset
[I](2020-10-14  07:00:46 pm)Reset
[I](2020-10-14  07:05:18 pm)Reset
[I](2020-10-14  07:05:18 pm)Reset
[I](2020-10-14  07:08:17 pm)Reset
[I](2020-10-14  07:09:29 pm)작업 시작 [Start d:824]
[I](2020-10-14  07:09:29 pm)Nc File: [No.0015-586.NC]
[I](2020-10-14  07:09:29 pm)  * Start Machine Position
[I](2020-10-14  07:09:29 pm)    X:     35.1811
[I](2020-10-14  07:09:29 pm)    Y:   -367.2270
[I](2020-10-14  07:09:29 pm)    U:      0.0000
[I](2020-10-14  07:09:29 pm)    V:      0.0000
[I](2020-10-14  07:09:29 pm)    Z:     19.5255
[I](2020-10-14  07:09:29 pm)  * Angle
[I](2020-10-14  07:09:29 pm)    Ar:      0.0000,Kr:      0.0000
[I](2020-10-14  07:09:29 pm)    Taper_Ar:      0.0000
[I](2020-10-14  07:09:38 pm)작업중 정지 [d:0][t:00:00:08]
[I](2020-10-14  07:09:38 pm)    [LNo:0015] 000010/000058
[I](2020-10-14  07:09:38 pm)작업중 M코드정지 [d:0][t:00:00:08]
[I](2020-10-14  07:27:06 pm)작업중 정지 [d:15][t:00:17:37]
[I](2020-10-14  07:27:06 pm)    [LNo:0015] 000028/000058
[I](2020-10-14  07:27:06 pm)작업중 M코드정지 [d:15][t:00:17:37]
[I](2020-10-14  07:28:05 pm)작업중 정지 [d:15][t:00:18:36]
[I](2020-10-14  07:28:05 pm)    [LNo:0015] 000030/000058
[I](2020-10-14  07:28:05 pm)작업중 M코드정지 [d:15][t:00:18:36]
[I](2020-10-14  07:34:13 pm)작업중 정지 [d:20][t:00:24:43]
[I](2020-10-14  07:34:13 pm)    [LNo:0015] 000051/000058
[I](2020-10-14  07:36:55 pm)작업중 정지 [d:20][t:00:27:25]
[I](2020-10-14  07:36:55 pm)    [LNo:0015] 000034/000058
[I](2020-10-14  07:40:48 pm)작업중 정지 [d:23][t:00:31:19]
[I](2020-10-14  07:40:48 pm)    [LNo:0015] 000051/000058
[I](2020-10-14  07:42:15 pm)Reset
[I](2020-10-14  07:42:21 pm)Reset
[I](2020-10-14  07:46:17 pm)Reset
[A](2020-10-14  07:47:10 pm)[041] AWF 명령끝날때까지 센서감지(타임아웃) 안됨
[I](2020-10-14  07:47:24 pm)Reset
[I](2020-10-14  07:52:53 pm)Reset
[I](2020-10-14  07:52:54 pm)Reset
[I](2020-10-14  07:55:50 pm)Reset
[I](2020-10-14  07:57:30 pm)Reset
[I](2020-10-14  07:57:30 pm)Reset
[I](2020-10-14  07:58:44 pm)Reset
[I](2020-10-14  07:58:44 pm)Reset
[I](2020-10-14  07:58:45 pm)Reset
[I](2020-10-14  07:59:11 pm)Reset
[I](2020-10-14  07:59:12 pm)Reset
[I](2020-10-14  07:59:12 pm)Reset
[I](2020-10-14  08:02:15 pm)Reset
[I](2020-10-14  08:02:15 pm)Reset
[I](2020-10-14  08:03:55 pm)작업 시작 [Start d:847]
[I](2020-10-14  08:03:55 pm)Nc File: [No.0016-573.NC]
[I](2020-10-14  08:03:55 pm)  * Start Machine Position
[I](2020-10-14  08:03:55 pm)    X:     56.4850
[I](2020-10-14  08:03:55 pm)    Y:   -346.3779
[I](2020-10-14  08:03:55 pm)    U:      0.0800
[I](2020-10-14  08:03:55 pm)    V:      0.0700
[I](2020-10-14  08:03:55 pm)    Z:     40.1555
[I](2020-10-14  08:03:55 pm)  * Angle
[I](2020-10-14  08:03:55 pm)    Ar:      0.1955,Kr:      0.0000
[I](2020-10-14  08:03:55 pm)    Taper_Ar:      0.0000
[I](2020-10-14  08:03:56 pm)작업중 정지 [d:0][t:00:00:01]
[I](2020-10-14  08:03:56 pm)    [LNo:0016] 000009/000298
[I](2020-10-14  08:04:06 pm)Reset
[I](2020-10-14  08:04:16 pm)작업 시작 [Start d:847]
[I](2020-10-14  08:04:16 pm)Nc File: [No.0016-573.NC]
[I](2020-10-14  08:04:16 pm)  * Start Machine Position
[I](2020-10-14  08:04:16 pm)    X:     56.4850
[I](2020-10-14  08:04:16 pm)    Y:   -346.3779
[I](2020-10-14  08:04:16 pm)    U:      0.0800
[I](2020-10-14  08:04:16 pm)    V:      0.0700
[I](2020-10-14  08:04:16 pm)    Z:     40.1555
[I](2020-10-14  08:04:16 pm)  * Angle
[I](2020-10-14  08:04:16 pm)    Ar:      0.1955,Kr:      0.0000
[I](2020-10-14  08:04:16 pm)    Taper_Ar:      0.0000
[I](2020-10-14  08:04:22 pm)작업중 정지 [d:0][t:00:00:05]
[I](2020-10-14  08:04:22 pm)    [LNo:0016] 000010/000298
[I](2020-10-14  08:04:22 pm)작업중 M코드정지 [d:0][t:00:00:05]
[I](2020-10-14  09:35:49 pm)작업중 정지 [d:90][t:01:31:33]
[I](2020-10-14  09:35:49 pm)    [LNo:0016] 000090/000298
[I](2020-10-14  09:35:49 pm)작업중 M코드정지 [d:90][t:01:31:33]
[I](2020-10-14  09:37:13 pm)작업중 정지 [d:91][t:01:32:56]
[I](2020-10-14  09:37:13 pm)    [LNo:0016] 000092/000298
[A](2020-10-14  09:37:13 pm)[008] 작업중 단선(AWF Feed Motor Stop )
[I](2020-10-14  09:37:13 pm)작업중 Wire 단선 [d:91][t:01:32:56]
[I](2020-10-14  09:39:35 pm)작업 재시작
[I](2020-10-14  09:39:48 pm)작업중 정지 [d:91][t:01:35:31]
[I](2020-10-14  09:39:48 pm)    [LNo:0016] 000094/000298
[I](2020-10-14  09:39:48 pm)작업중 M코드정지 [d:91][t:01:35:31]
[I](2020-10-14  10:05:48 pm)작업중 정지 [d:117][t:02:01:31]
[I](2020-10-14  10:05:48 pm)    [LNo:0016] 000175/000298
[I](2020-10-14  10:05:48 pm)작업중 M코드정지 [d:117][t:02:01:31]
[I](2020-10-14  10:19:06 pm)작업중 정지 [d:126][t:02:14:50]
[I](2020-10-14  10:19:06 pm)    [LNo:0016] 000197/000298
[I](2020-10-14  10:19:06 pm)작업중 M코드정지 [d:126][t:02:14:50]
[I](2020-10-14  10:20:19 pm)작업중 정지 [d:126][t:02:16:02]
[I](2020-10-14  10:20:19 pm)    [LNo:0016] 000199/000298
[I](2020-10-14  10:20:19 pm)작업중 M코드정지 [d:126][t:02:16:02]
[A](2020-10-14  10:25:56 pm)[041] AWF 명령끝날때까지 센서감지(타임아웃) 안됨
[I](2020-10-14  10:25:58 pm)작업중 정지 [d:130][t:02:21:41]
[I](2020-10-14  10:25:58 pm)    [LNo:0016] 000225/000298
[I](2020-10-14  10:42:52 pm)작업중 정지 [d:146][t:02:38:35]
[I](2020-10-14  10:42:52 pm)    [LNo:0016] 000254/000298
[I](2020-10-14  10:42:52 pm)작업중 M코드정지 [d:146][t:02:38:35]
[I](2020-10-14  10:43:25 pm)작업중 정지 [d:146][t:02:39:08]
[I](2020-10-14  10:43:25 pm)    [LNo:0016] 000256/000298
[I](2020-10-14  10:43:25 pm)작업중 M코드정지 [d:146][t:02:39:08]
[I](2020-10-14  10:48:57 pm)작업중 정지 [d:151][t:02:44:40]
[I](2020-10-14  10:48:57 pm)    [LNo:0016] 000294/000298
[I](2020-10-14  10:48:57 pm)작업중 M코드정지 [d:151][t:02:44:40]
[I](2020-10-14  10:52:53 pm)Reset
[I](2020-10-14  10:52:53 pm)Reset
[I](2020-10-14  10:53:04 pm)작업 시작 [Start d:998]
[I](2020-10-14  10:53:04 pm)Nc File: [No.0016-573.NC]
[I](2020-10-14  10:53:04 pm)  * Start Machine Position
[I](2020-10-14  10:53:04 pm)    X:     56.4850
[I](2020-10-14  10:53:04 pm)    Y:   -346.3779
[I](2020-10-14  10:53:04 pm)    U:      0.0800
[I](2020-10-14  10:53:04 pm)    V:      0.0700
[I](2020-10-14  10:53:04 pm)    Z:     40.1555
[I](2020-10-14  10:53:04 pm)  * Angle
[I](2020-10-14  10:53:04 pm)    Ar:      0.1955,Kr:      0.0000
[I](2020-10-14  10:53:04 pm)    Taper_Ar:      0.0000
[I](2020-10-14  10:53:07 pm)작업중 정지 [d:0][t:00:00:02]
[I](2020-10-14  10:53:07 pm)    [LNo:0016] 000106/000298
[I](2020-10-14  10:53:15 pm)Reset
[I](2020-10-14  10:53:15 pm)Reset
[I](2020-10-14  10:53:18 pm)작업 시작 [Start d:998]
[I](2020-10-14  10:53:18 pm)Nc File: [No.0016-573.NC]
[I](2020-10-14  10:53:18 pm)  * Start Machine Position
[I](2020-10-14  10:53:18 pm)    X:     56.4850
[I](2020-10-14  10:53:18 pm)    Y:   -346.3779
[I](2020-10-14  10:53:18 pm)    U:      0.0800
[I](2020-10-14  10:53:18 pm)    V:      0.0700
[I](2020-10-14  10:53:18 pm)    Z:     40.1555
[I](2020-10-14  10:53:18 pm)  * Angle
[I](2020-10-14  10:53:18 pm)    Ar:      0.1955,Kr:      0.0000
[I](2020-10-14  10:53:18 pm)    Taper_Ar:      0.0000
[I](2020-10-14  10:53:23 pm)작업중 정지 [d:0][t:00:00:05]
[I](2020-10-14  10:53:23 pm)    [LNo:0016] 000010/000298
[I](2020-10-14  10:53:23 pm)작업중 M코드정지 [d:0][t:00:00:05]
[I](2020-10-14  10:53:25 pm)Reset
[I](2020-10-14  10:53:35 pm)작업 시작 [Start d:998]
[I](2020-10-14  10:53:35 pm)Nc File: [No.0016-573.NC]
[I](2020-10-14  10:53:35 pm)  * Start Machine Position
[I](2020-10-14  10:53:35 pm)    X:     29.0548
[I](2020-10-14  10:53:35 pm)    Y:   -341.0625
[I](2020-10-14  10:53:35 pm)    U:      0.0800
[I](2020-10-14  10:53:35 pm)    V:      0.0700
[I](2020-10-14  10:53:35 pm)    Z:     40.1555
[I](2020-10-14  10:53:35 pm)  * Angle
[I](2020-10-14  10:53:35 pm)    Ar:      0.1955,Kr:      0.0000
[I](2020-10-14  10:53:35 pm)    Taper_Ar:      0.0000
[I](2020-10-14  10:59:51 pm)작업중 정지 [d:6][t:00:06:15]
[I](2020-10-14  10:59:51 pm)    [LNo:0016] 000179/000298
[I](2020-10-14  11:01:29 pm)Reset
[I](2020-10-14  11:01:37 pm)작업 시작 [Start d:1004]
[I](2020-10-14  11:01:37 pm)Nc File: [No.0016-573.NC]
[I](2020-10-14  11:01:37 pm)  * Start Machine Position
[I](2020-10-14  11:01:37 pm)    X:     29.0548
[I](2020-10-14  11:01:37 pm)    Y:   -341.0625
[I](2020-10-14  11:01:37 pm)    U:      0.0800
[I](2020-10-14  11:01:37 pm)    V:      0.0700
[I](2020-10-14  11:01:37 pm)    Z:     40.1555
[I](2020-10-14  11:01:37 pm)  * Angle
[I](2020-10-14  11:01:37 pm)    Ar:      0.1955,Kr:      0.0000
[I](2020-10-14  11:01:37 pm)    Taper_Ar:      0.0000
[I](2020-10-14  11:07:56 pm)작업중 정지 [d:6][t:00:06:18]
[I](2020-10-14  11:07:56 pm)    [LNo:0016] 000179/000298
[I](2020-10-14  11:07:56 pm)작업중 M코드정지 [d:6][t:00:06:18]
[I](2020-10-14  11:21:56 pm)Reset
[I](2020-10-14  11:23:28 pm)Reset
[I](2020-10-14  11:23:32 pm)Reset
[I](2020-10-14  11:23:38 pm)Reset
[I](2020-10-14  11:23:45 pm)Reset
[I](2020-10-14  11:24:21 pm)Reset
[I](2020-10-14  11:24:26 pm)Reset
[I](2020-10-14  11:28:54 pm)Reset
[I](2020-10-14  11:32:10 pm)Reset
[I](2020-10-14  11:32:23 pm)Reset
[A](2020-10-14  11:32:50 pm)[036] 자동결선 절단 공정 실패!!
[I](2020-10-14  11:33:44 pm)작업 시작 [Start d:1010]
[I](2020-10-14  11:33:44 pm)Nc File: [No.0018-579.NC]
[I](2020-10-14  11:33:44 pm)  * Start Machine Position
[I](2020-10-14  11:33:44 pm)    X:     59.5468
[I](2020-10-14  11:33:44 pm)    Y:   -357.7044
[I](2020-10-14  11:33:44 pm)    U:      0.0000
[I](2020-10-14  11:33:44 pm)    V:      0.0009
[I](2020-10-14  11:33:44 pm)    Z:     23.4910
[I](2020-10-14  11:33:44 pm)  * Angle
[I](2020-10-14  11:33:44 pm)    Ar:    -19.7029,Kr:      0.0000
[I](2020-10-14  11:33:44 pm)    Taper_Ar:      0.0000
[I](2020-10-14  11:41:44 pm)작업중 정지 [d:7][t:00:07:59]
[I](2020-10-14  11:41:44 pm)    [LNo:0018] 000026/000266
[I](2020-10-14  11:41:44 pm)작업중 M코드정지 [d:7][t:00:07:59]
[I](2020-10-14  11:44:46 pm)작업중 정지 [d:7][t:00:11:01]
[I](2020-10-14  11:44:46 pm)    [LNo:0018] 000027/000266
[I](2020-10-14  11:45:06 pm)작업 재시작
[I](2020-10-14  11:45:11 pm)작업중 정지 [d:7][t:00:11:27]
[I](2020-10-14  11:45:11 pm)    [LNo:0018] 000029/000266
[I](2020-10-14  11:45:12 pm)작업중 M코드정지 [d:7][t:00:11:27]
[I](2020-10-14  11:47:57 pm)작업중 정지 [d:9][t:00:14:13]
[I](2020-10-14  11:47:57 pm)    [LNo:0018] 000048/000266
[I](2020-10-14  11:47:57 pm)작업중 M코드정지 [d:9][t:00:14:13]
[I](2020-10-14  11:56:31 pm)작업중 정지 [d:17][t:00:22:46]
[I](2020-10-14  11:56:31 pm)    [LNo:0018] 000067/000266
[I](2020-10-14  11:56:31 pm)작업중 M코드정지 [d:17][t:00:22:46]
[I](2020-10-14  11:57:01 pm)작업중 정지 [d:17][t:00:23:17]
[I](2020-10-14  11:57:01 pm)    [LNo:0018] 000068/000266
[A](2020-10-14  11:57:22 pm)[093] 보빈 와이어 단선
[I](2020-10-14  11:57:22 pm)작업중 Wire 단선 [d:17][t:00:23:37]
[I](2020-10-14  11:57:26 pm)작업 재시작
[I](2020-10-14  11:57:33 pm)작업중 정지 [d:17][t:00:23:48]
[I](2020-10-14  11:57:33 pm)    [LNo:0018] 000070/000266
[I](2020-10-14  11:57:33 pm)작업중 M코드정지 [d:17][t:00:23:48]
