[A](2020-10-10  12:13:30 am)[053] Emergency Stop
[A](2020-10-10  12:13:30 am)[005] READY Off(Alarm)
[I](2020-10-10  12:13:30 am)    X:    110.3363
[I](2020-10-10  12:13:30 am)    Y:   -285.3753
[I](2020-10-10  12:13:30 am)    U:      0.0000
[I](2020-10-10  12:13:30 am)    V:      0.0000
[I](2020-10-10  12:13:30 am)    Z:    130.3782
[I](2020-10-10  07:52:00 am)Ready On
[I](2020-10-10  07:58:21 am)작업중 정지 [d:337][t:15:50:45]
[I](2020-10-10  07:58:21 am)    [LNo:0008] 000232/000520
[I](2020-10-10  07:58:21 am)작업중 M코드정지 [d:337][t:15:50:45]
[I](2020-10-10  07:58:27 am)작업중 정지 [d:337][t:15:50:50]
[I](2020-10-10  07:58:27 am)    [LNo:0008] 000237/000520
[A](2020-10-10  07:59:36 am)[041] AWF 명령끝날때까지 센서감지(타임아웃) 안됨
[A](2020-10-10  08:00:10 am)[041] AWF 명령끝날때까지 센서감지(타임아웃) 안됨
[I](2020-10-10  08:09:41 am)작업중 정지 [d:339][t:16:02:05]
[I](2020-10-10  08:09:41 am)    [LNo:0008] 000247/000520
[I](2020-10-10  08:09:41 am)작업중 M코드정지 [d:339][t:16:02:05]
[I](2020-10-10  08:10:24 am)작업중 정지 [d:339][t:16:02:48]
[I](2020-10-10  08:10:24 am)    [LNo:0008] 000252/000520
[I](2020-10-10  08:10:49 am)작업 재시작
[A](2020-10-10  08:58:11 am)[041] AWF 명령끝날때까지 센서감지(타임아웃) 안됨
[A](2020-10-10  08:58:45 am)[041] AWF 명령끝날때까지 센서감지(타임아웃) 안됨
[A](2020-10-10  08:59:20 am)[041] AWF 명령끝날때까지 센서감지(타임아웃) 안됨
[I](2020-10-10  08:59:55 am)작업중 정지 [d:385][t:16:52:18]
[I](2020-10-10  08:59:55 am)    [LNo:0008] 000377/000520
[I](2020-10-10  09:44:04 am)작업중 정지 [d:426][t:17:36:28]
[I](2020-10-10  09:44:04 am)    [LNo:0008] 000443/000520
[I](2020-10-10  09:45:06 am)작업중 정지 [d:426][t:17:37:30]
[I](2020-10-10  09:45:06 am)    [LNo:0008] 000444/000520
[I](2020-10-10  09:45:06 am)작업중 M코드정지 [d:426][t:17:37:30]
[I](2020-10-10  09:50:09 am)작업중 정지 [d:431][t:17:42:33]
[I](2020-10-10  09:50:09 am)    [LNo:0008] 000460/000520
[I](2020-10-10  09:50:09 am)작업중 M코드정지 [d:431][t:17:42:33]
[I](2020-10-10  09:50:32 am)작업중 정지 [d:432][t:17:42:56]
[I](2020-10-10  09:50:32 am)    [LNo:0008] 000461/000520
[I](2020-10-10  09:50:32 am)Wire Contact Auto Stop(M52)
[I](2020-10-10  09:51:12 am)작업 재시작
[I](2020-10-10  09:51:21 am)작업중 정지 [d:432][t:17:43:45]
[I](2020-10-10  09:51:21 am)    [LNo:0008] 000462/000520
[I](2020-10-10  09:51:21 am)작업중 M코드정지 [d:432][t:17:43:45]
[I](2020-10-10  10:01:51 am)작업중 정지 [d:441][t:17:54:15]
[I](2020-10-10  10:01:51 am)    [LNo:0008] 000486/000520
[I](2020-10-10  10:01:51 am)작업중 M코드정지 [d:441][t:17:54:15]
[I](2020-10-10  10:17:13 am)작업중 정지 [d:454][t:18:09:37]
[I](2020-10-10  10:17:13 am)    [LNo:0008] 000509/000520
[A](2020-10-10  10:17:13 am)[008] 작업중 단선(AWF Feed Motor Stop )
[I](2020-10-10  10:17:13 am)작업중 Wire 단선 [d:454][t:18:09:37]
[I](2020-10-10  10:17:25 am)작업 재시작
[I](2020-10-10  10:17:25 am)작업중 정지 [d:454][t:18:09:49]
[I](2020-10-10  10:17:25 am)    [LNo:0008] 000509/000520
[I](2020-10-10  10:17:25 am)Wire Contact Auto Stop(M52)
[I](2020-10-10  10:22:03 am)작업 재시작
[I](2020-10-10  10:22:08 am)작업중 정지 [d:454][t:18:14:31]
[I](2020-10-10  10:22:08 am)    [LNo:0008] 000509/000520
[I](2020-10-10  10:22:08 am)작업중 30sec 접촉 정지 [d:454][t:18:14:31]
[I](2020-10-10  10:23:03 am)작업 재시작
[I](2020-10-10  10:23:15 am)작업중 정지 [d:454][t:18:15:39]
[I](2020-10-10  10:23:15 am)    [LNo:0008] 000510/000520
[I](2020-10-10  10:23:15 am)작업중 M코드정지 [d:454][t:18:15:39]
[I](2020-10-10  10:23:59 am)작업중 정지 [d:454][t:18:16:23]
[I](2020-10-10  10:23:59 am)    [LNo:0008] 000516/000520
[I](2020-10-10  10:23:59 am)작업중 M코드정지 [d:454][t:18:16:23]
[I](2020-10-10  10:27:00 am)Reset
[I](2020-10-10  10:27:00 am)Reset
[I](2020-10-10  10:27:23 am)작업 시작 [Start d:1393]
[I](2020-10-10  10:27:23 am)Nc File: [No.0007-431.NC]
[I](2020-10-10  10:27:23 am)  * Start Machine Position
[I](2020-10-10  10:27:23 am)    X:    213.8360
[I](2020-10-10  10:27:23 am)    Y:   -284.9958
[I](2020-10-10  10:27:23 am)    U:      0.0000
[I](2020-10-10  10:27:23 am)    V:      0.0000
[I](2020-10-10  10:27:23 am)    Z:     30.3782
[I](2020-10-10  10:27:23 am)  * Angle
[I](2020-10-10  10:27:23 am)    Ar:      0.3817,Kr:      0.0000
[I](2020-10-10  10:27:23 am)    Taper_Ar:      0.0000
[I](2020-10-10  10:32:07 am)작업중 정지 [d:4][t:00:04:43]
[I](2020-10-10  10:32:07 am)    [LNo:0007] 001748/002544
[I](2020-10-10  10:32:07 am)작업중 M코드정지 [d:4][t:00:04:43]
[I](2020-10-10  10:47:07 am)작업중 정지 [d:4][t:00:19:43]
[I](2020-10-10  10:47:07 am)    [LNo:0007] 001751/002544
[I](2020-10-10  10:47:07 am)작업중 M코드정지 [d:4][t:00:19:43]
[A](2020-10-10  10:49:11 am)[041] AWF 명령끝날때까지 센서감지(타임아웃) 안됨
[A](2020-10-10  10:49:44 am)[041] AWF 명령끝날때까지 센서감지(타임아웃) 안됨
[A](2020-10-10  10:50:18 am)[041] AWF 명령끝날때까지 센서감지(타임아웃) 안됨
[A](2020-10-10  10:50:52 am)[041] AWF 명령끝날때까지 센서감지(타임아웃) 안됨
[A](2020-10-10  10:51:31 am)[041] AWF 명령끝날때까지 센서감지(타임아웃) 안됨
[I](2020-10-10  10:51:58 am)작업중 정지 [d:4][t:00:24:34]
[I](2020-10-10  10:51:58 am)    [LNo:0007] 001777/002544
[A](2020-10-10  10:51:58 am)[009] 자동결선 Error(M20-삽입실패)
[A](2020-10-10  10:52:32 am)[041] AWF 명령끝날때까지 센서감지(타임아웃) 안됨
[I](2020-10-10  11:08:59 am)작업중 정지 [d:19][t:00:41:35]
[I](2020-10-10  11:08:59 am)    [LNo:0007] 001835/002544
[I](2020-10-10  11:08:59 am)작업중 M코드정지 [d:19][t:00:41:35]
[I](2020-10-10  11:14:36 am)작업중 정지 [d:20][t:00:47:12]
[I](2020-10-10  11:14:36 am)    [LNo:0007] 001836/002544
[I](2020-10-10  11:14:36 am)Wire Contact Auto Stop(M52)
[I](2020-10-10  11:15:12 am)작업 재시작
[I](2020-10-10  11:15:24 am)작업중 정지 [d:20][t:00:48:01]
[I](2020-10-10  11:15:24 am)    [LNo:0007] 001837/002544
[I](2020-10-10  11:15:24 am)작업중 M코드정지 [d:20][t:00:48:01]
[A](2020-10-10  11:16:09 am)[041] AWF 명령끝날때까지 센서감지(타임아웃) 안됨
[A](2020-10-10  11:16:42 am)[041] AWF 명령끝날때까지 센서감지(타임아웃) 안됨
[A](2020-10-10  11:17:17 am)[041] AWF 명령끝날때까지 센서감지(타임아웃) 안됨
[I](2020-10-10  11:17:20 am)작업중 정지 [d:20][t:00:49:56]
[I](2020-10-10  11:17:20 am)    [LNo:0007] 001846/002544
[I](2020-10-10  11:23:22 am)작업중 정지 [d:25][t:00:55:59]
[I](2020-10-10  11:23:22 am)    [LNo:0007] 001860/002544
[I](2020-10-10  11:23:23 am)작업중 M코드정지 [d:25][t:00:55:59]
[I](2020-10-10  11:30:56 am)작업중 정지 [d:25][t:01:03:32]
[I](2020-10-10  11:30:56 am)    [LNo:0007] 001861/002544
[I](2020-10-10  11:31:25 am)작업 재시작
[I](2020-10-10  11:31:32 am)작업중 정지 [d:26][t:01:04:08]
[I](2020-10-10  11:31:32 am)    [LNo:0007] 001863/002544
[I](2020-10-10  11:31:32 am)작업중 M코드정지 [d:26][t:01:04:08]
[I](2020-10-10  11:48:38 am)작업중 정지 [d:42][t:01:21:14]
[I](2020-10-10  11:48:38 am)    [LNo:0007] 001947/002544
[I](2020-10-10  11:48:38 am)작업중 M코드정지 [d:42][t:01:21:14]
[I](2020-10-10  11:49:23 am)작업중 정지 [d:42][t:01:21:59]
[I](2020-10-10  11:49:23 am)    [LNo:0007] 001948/002544
[I](2020-10-10  11:49:23 am)Wire Contact Auto Stop(M52)
[I](2020-10-10  11:50:06 am)작업 재시작
[I](2020-10-10  11:50:11 am)작업중 정지 [d:42][t:01:22:47]
[I](2020-10-10  11:50:11 am)    [LNo:0007] 001949/002544
[I](2020-10-10  11:50:11 am)작업중 M코드정지 [d:42][t:01:22:47]
[I](2020-10-10  11:56:23 am)작업중 정지 [d:47][t:01:28:59]
[I](2020-10-10  11:56:23 am)    [LNo:0007] 001972/002544
[I](2020-10-10  11:56:23 am)작업중 M코드정지 [d:47][t:01:28:59]
[I](2020-10-10  11:57:27 am)작업중 정지 [d:47][t:01:30:03]
[I](2020-10-10  11:57:27 am)    [LNo:0007] 001973/002544
[I](2020-10-10  11:57:58 am)작업 재시작
[I](2020-10-10  11:58:04 am)작업중 정지 [d:47][t:01:30:41]
[I](2020-10-10  11:58:04 am)    [LNo:0007] 001975/002544
[I](2020-10-10  11:58:04 am)작업중 M코드정지 [d:47][t:01:30:41]
[I](2020-10-10  12:21:07 pm)작업중 정지 [d:68][t:01:53:43]
[I](2020-10-10  12:21:07 pm)    [LNo:0007] 002058/002544
[I](2020-10-10  12:21:07 pm)작업중 M코드정지 [d:68][t:01:53:43]
[I](2020-10-10  12:22:31 pm)작업중 정지 [d:69][t:01:55:08]
[I](2020-10-10  12:22:32 pm)    [LNo:0007] 002059/002544
[I](2020-10-10  12:22:32 pm)Wire Contact Auto Stop(M52)
[I](2020-10-10  12:42:48 pm)Reset
[I](2020-10-10  01:20:48 pm)Reset
[I](2020-10-10  01:36:31 pm)Reset
[I](2020-10-10  01:36:31 pm)Reset
[I](2020-10-10  01:41:10 pm)Reset
[I](2020-10-10  01:41:11 pm)Reset
[I](2020-10-10  01:44:06 pm)Reset
[I](2020-10-10  01:44:07 pm)Reset
[I](2020-10-10  01:46:56 pm)Reset
[I](2020-10-10  01:51:00 pm)Reset
[I](2020-10-10  01:53:22 pm)Reset
[I](2020-10-10  01:53:30 pm)Reset
[I](2020-10-10  01:54:43 pm)Reset
[I](2020-10-10  01:55:59 pm)작업 시작 [Start d:1462]
[I](2020-10-10  01:55:59 pm)Nc File: [No.0009-468.NC]
[I](2020-10-10  01:55:59 pm)  * Start Machine Position
[I](2020-10-10  01:55:59 pm)    X:    115.5043
[I](2020-10-10  01:55:59 pm)    Y:   -315.9366
[I](2020-10-10  01:55:59 pm)    U:      0.0000
[I](2020-10-10  01:55:59 pm)    V:      0.0000
[I](2020-10-10  01:55:59 pm)    Z:     26.4651
[I](2020-10-10  01:55:59 pm)  * Angle
[I](2020-10-10  01:55:59 pm)    Ar:      0.0365,Kr:      0.0000
[I](2020-10-10  01:55:59 pm)    Taper_Ar:      0.0000
[I](2020-10-10  01:56:09 pm)작업중 정지 [d:0][t:00:00:10]
[I](2020-10-10  01:56:09 pm)    [LNo:0009] 000010/000379
[I](2020-10-10  01:56:09 pm)작업중 M코드정지 [d:0][t:00:00:10]
[A](2020-10-10  01:56:34 pm)[091] Auto Door Sensor Abnormal
[I](2020-10-10  01:56:36 pm)작업중 정지 [d:0][t:00:00:37]
[I](2020-10-10  01:56:36 pm)    [LNo:0009] 000013/000379
[I](2020-10-10  02:03:40 pm)작업중 정지 [d:0][t:00:07:41]
[I](2020-10-10  02:03:40 pm)    [LNo:0009] 000026/000379
[I](2020-10-10  02:03:40 pm)작업중 M코드정지 [d:0][t:00:07:41]
[I](2020-10-10  02:03:42 pm)작업중 정지 [d:0][t:00:07:43]
[I](2020-10-10  02:03:42 pm)    [LNo:0009] 000029/000379
[I](2020-10-10  02:03:42 pm)작업중 M코드정지 [d:0][t:00:07:43]
[I](2020-10-10  02:03:42 pm)작업중 정지 [d:0][t:00:07:43]
[I](2020-10-10  02:03:42 pm)    [LNo:0009] 000031/000379
[I](2020-10-10  02:03:42 pm)작업중 M코드정지 [d:0][t:00:07:43]
[A](2020-10-10  02:03:59 pm)[041] AWF 명령끝날때까지 센서감지(타임아웃) 안됨
[I](2020-10-10  02:04:15 pm)작업중 정지 [d:0][t:00:08:16]
[I](2020-10-10  02:04:15 pm)    [LNo:0009] 000038/000379
[I](2020-10-10  02:17:09 pm)작업중 정지 [d:0][t:00:21:10]
[I](2020-10-10  02:17:09 pm)    [LNo:0009] 000051/000379
[I](2020-10-10  02:17:09 pm)작업중 M코드정지 [d:0][t:00:21:10]
[I](2020-10-10  02:17:14 pm)작업중 정지 [d:0][t:00:21:15]
[I](2020-10-10  02:17:14 pm)    [LNo:0009] 000054/000379
[I](2020-10-10  02:17:14 pm)작업중 M코드정지 [d:0][t:00:21:15]
[I](2020-10-10  02:17:25 pm)작업중 정지 [d:0][t:00:21:26]
[I](2020-10-10  02:17:25 pm)    [LNo:0009] 000057/000379
[A](2020-10-10  02:17:25 pm)[010] 자동결선 Error(M21-절단실패)
[I](2020-10-10  02:17:42 pm)작업중 정지 [d:0][t:00:21:43]
[I](2020-10-10  02:17:42 pm)    [LNo:0009] 000063/000379
[I](2020-10-10  02:29:34 pm)Reset
[I](2020-10-10  02:29:34 pm)Reset
[I](2020-10-10  02:29:46 pm)작업 시작 [Start d:1462]
[I](2020-10-10  02:29:46 pm)Nc File: [No.0009-471.NC]
[I](2020-10-10  02:29:46 pm)  * Start Machine Position
[I](2020-10-10  02:29:46 pm)    X:    115.5043
[I](2020-10-10  02:29:46 pm)    Y:   -315.9366
[I](2020-10-10  02:29:46 pm)    U:      0.0000
[I](2020-10-10  02:29:46 pm)    V:      0.0000
[I](2020-10-10  02:29:46 pm)    Z:     26.4651
[I](2020-10-10  02:29:46 pm)  * Angle
[I](2020-10-10  02:29:46 pm)    Ar:      0.0365,Kr:      0.0000
[I](2020-10-10  02:29:46 pm)    Taper_Ar:      0.0000
[I](2020-10-10  02:29:50 pm)작업중 정지 [d:0][t:00:00:04]
[I](2020-10-10  02:29:50 pm)    [LNo:0009] 000010/000379
[I](2020-10-10  02:29:50 pm)작업중 M코드정지 [d:0][t:00:00:04]
[A](2020-10-10  02:30:03 pm)[041] AWF 명령끝날때까지 센서감지(타임아웃) 안됨
[I](2020-10-10  02:41:41 pm)작업중 정지 [d:0][t:00:11:55]
[I](2020-10-10  02:41:41 pm)    [LNo:0009] 000026/000379
[I](2020-10-10  02:41:41 pm)작업중 M코드정지 [d:0][t:00:11:55]
[I](2020-10-10  02:41:43 pm)작업중 정지 [d:0][t:00:11:56]
[I](2020-10-10  02:41:43 pm)    [LNo:0009] 000029/000379
[I](2020-10-10  02:41:43 pm)작업중 M코드정지 [d:0][t:00:11:56]
[I](2020-10-10  02:41:58 pm)작업중 정지 [d:0][t:00:12:11]
[I](2020-10-10  02:41:58 pm)    [LNo:0009] 000032/000379
[A](2020-10-10  02:41:58 pm)[010] 자동결선 Error(M21-절단실패)
[A](2020-10-10  02:42:15 pm)[041] AWF 명령끝날때까지 센서감지(타임아웃) 안됨
[I](2020-10-10  02:42:18 pm)작업중 정지 [d:0][t:00:12:32]
[I](2020-10-10  02:42:18 pm)    [LNo:0009] 000038/000379
[I](2020-10-10  02:56:43 pm)작업중 정지 [d:0][t:00:26:56]
[I](2020-10-10  02:56:43 pm)    [LNo:0009] 000051/000379
[I](2020-10-10  02:56:43 pm)작업중 M코드정지 [d:0][t:00:26:56]
[I](2020-10-10  02:56:45 pm)작업중 정지 [d:0][t:00:26:59]
[I](2020-10-10  02:56:45 pm)    [LNo:0009] 000054/000379
[I](2020-10-10  02:56:45 pm)작업중 M코드정지 [d:0][t:00:26:59]
[I](2020-10-10  02:57:11 pm)작업중 정지 [d:0][t:00:27:25]
[I](2020-10-10  02:57:11 pm)    [LNo:0009] 000135/000379
[I](2020-10-10  02:58:10 pm)작업 재시작
[A](2020-10-10  02:59:16 pm)[041] AWF 명령끝날때까지 센서감지(타임아웃) 안됨
[A](2020-10-10  02:59:51 pm)[041] AWF 명령끝날때까지 센서감지(타임아웃) 안됨
[A](2020-10-10  03:00:26 pm)[041] AWF 명령끝날때까지 센서감지(타임아웃) 안됨
[A](2020-10-10  03:01:01 pm)[041] AWF 명령끝날때까지 센서감지(타임아웃) 안됨
[I](2020-10-10  03:01:28 pm)작업중 정지 [d:0][t:00:31:42]
[I](2020-10-10  03:01:28 pm)    [LNo:0009] 000138/000379
[A](2020-10-10  03:01:28 pm)[009] 자동결선 Error(M20-삽입실패)
[I](2020-10-10  03:24:01 pm)작업중 정지 [d:20][t:00:54:15]
[I](2020-10-10  03:24:01 pm)    [LNo:0009] 000154/000379
[I](2020-10-10  03:24:01 pm)작업중 M코드정지 [d:20][t:00:54:15]
[I](2020-10-10  03:49:23 pm)작업중 정지 [d:20][t:01:19:36]
[I](2020-10-10  03:49:23 pm)    [LNo:0009] 000155/000379
[I](2020-10-10  03:50:05 pm)작업 재시작
[I](2020-10-10  03:50:10 pm)작업중 정지 [d:20][t:01:20:24]
[I](2020-10-10  03:50:10 pm)    [LNo:0009] 000157/000379
[I](2020-10-10  03:50:10 pm)작업중 M코드정지 [d:20][t:01:20:24]
[I](2020-10-10  04:05:38 pm)작업중 정지 [d:35][t:01:35:52]
[I](2020-10-10  04:05:38 pm)    [LNo:0009] 000191/000379
[I](2020-10-10  04:05:38 pm)작업중 M코드정지 [d:35][t:01:35:52]
[A](2020-10-10  04:08:14 pm)[036] 자동결선 절단 공정 실패!!
[I](2020-10-10  04:29:38 pm)작업중 정지 [d:54][t:01:59:51]
[I](2020-10-10  04:29:38 pm)    [LNo:0009] 000214/000379
[I](2020-10-10  04:29:38 pm)작업중 M코드정지 [d:54][t:01:59:52]
[I](2020-10-10  04:30:18 pm)작업중 정지 [d:54][t:02:00:32]
[I](2020-10-10  04:30:18 pm)    [LNo:0009] 000217/000379
[I](2020-10-10  04:30:18 pm)작업중 M코드정지 [d:54][t:02:00:32]
[I](2020-10-10  04:35:40 pm)작업중 정지 [d:59][t:02:05:54]
[I](2020-10-10  04:35:40 pm)    [LNo:0009] 000231/000379
[I](2020-10-10  04:36:47 pm)작업 재시작
[I](2020-10-10  04:46:21 pm)작업중 정지 [d:68][t:02:16:34]
[I](2020-10-10  04:46:21 pm)    [LNo:0009] 000252/000379
[I](2020-10-10  04:46:21 pm)작업중 M코드정지 [d:68][t:02:16:34]
[I](2020-10-10  05:10:40 pm)작업중 정지 [d:87][t:02:40:54]
[I](2020-10-10  05:10:40 pm)    [LNo:0009] 000274/000379
[I](2020-10-10  05:10:40 pm)작업중 M코드정지 [d:87][t:02:40:54]
[I](2020-10-10  05:13:03 pm)작업중 정지 [d:87][t:02:43:17]
[I](2020-10-10  05:13:03 pm)    [LNo:0009] 000277/000379
[I](2020-10-10  05:13:03 pm)작업중 M코드정지 [d:87][t:02:43:17]
[I](2020-10-10  05:50:38 pm)작업중 정지 [d:123][t:03:20:51]
[I](2020-10-10  05:50:38 pm)    [LNo:0009] 000334/000379
[I](2020-10-10  05:50:38 pm)작업중 M코드정지 [d:123][t:03:20:51]
[I](2020-10-10  05:51:04 pm)작업중 정지 [d:123][t:03:21:17]
[I](2020-10-10  05:51:04 pm)    [LNo:0009] 000337/000379
[I](2020-10-10  05:51:04 pm)작업중 M코드정지 [d:123][t:03:21:17]
[I](2020-10-10  06:08:18 pm)작업중 정지 [d:139][t:03:38:31]
[I](2020-10-10  06:08:18 pm)    [LNo:0009] 000375/000379
[I](2020-10-10  06:08:18 pm)작업중 M코드정지 [d:139][t:03:38:31]
[I](2020-10-10  06:24:03 pm)작업중 정지 [d:139][t:03:54:17]
[I](2020-10-10  06:24:03 pm)    [LNo:0009] 000177/000379
[I](2020-10-10  06:27:38 pm)작업중 정지 [d:140][t:03:57:51]
[I](2020-10-10  06:27:38 pm)    [LNo:0009] 000192/000379
[A](2020-10-10  06:27:38 pm)[011] 자동결선 Error(M21-잔여와이어 처리실패)
[I](2020-10-10  06:30:17 pm)작업중 정지 [d:140][t:04:00:31]
[I](2020-10-10  06:30:17 pm)    [LNo:0009] 000198/000379
[I](2020-10-10  06:30:52 pm)작업중 정지 [d:140][t:04:01:06]
[I](2020-10-10  06:30:52 pm)    [LNo:0009] 000237/000379
[I](2020-10-10  06:32:31 pm)작업중 정지 [d:142][t:04:02:45]
[I](2020-10-10  06:32:31 pm)    [LNo:0009] 000252/000379
[I](2020-10-10  07:31:52 pm)Reset
[I](2020-10-10  07:31:53 pm)Reset
[I](2020-10-10  07:31:54 pm)Reset
[I](2020-10-10  09:09:14 pm)Reset
[A](2020-10-10  09:10:03 pm)[041] AWF 명령끝날때까지 센서감지(타임아웃) 안됨
[A](2020-10-10  09:10:38 pm)[041] AWF 명령끝날때까지 센서감지(타임아웃) 안됨
[A](2020-10-10  09:11:14 pm)[041] AWF 명령끝날때까지 센서감지(타임아웃) 안됨
[A](2020-10-10  09:11:53 pm)[041] AWF 명령끝날때까지 센서감지(타임아웃) 안됨
[A](2020-10-10  09:12:28 pm)[041] AWF 명령끝날때까지 센서감지(타임아웃) 안됨
[I](2020-10-10  09:17:59 pm)Reset
[I](2020-10-10  09:23:13 pm)Reset
[I](2020-10-10  09:36:41 pm)Reset
[I](2020-10-10  09:42:37 pm)Reset
[I](2020-10-10  09:50:35 pm)Reset
[I](2020-10-10  09:54:51 pm)Reset
[I](2020-10-10  09:54:52 pm)Reset
[I](2020-10-10  09:57:57 pm)Reset
[I](2020-10-10  10:03:54 pm)Reset
[I](2020-10-10  10:08:19 pm)Reset
[I](2020-10-10  10:16:35 pm)Reset
[I](2020-10-10  10:19:48 pm)Reset
[I](2020-10-10  10:20:36 pm)Reset
[I](2020-10-10  10:22:33 pm)작업 시작 [Start d:0]
[I](2020-10-10  10:22:33 pm)Nc File: [No.0010-473.NC]
[I](2020-10-10  10:22:33 pm)  * Start Machine Position
[I](2020-10-10  10:22:33 pm)    X:     95.1640
[I](2020-10-10  10:22:33 pm)    Y:   -315.4052
[I](2020-10-10  10:22:33 pm)    U:      0.0000
[I](2020-10-10  10:22:33 pm)    V:      0.0000
[I](2020-10-10  10:22:33 pm)    Z:     22.4386
[I](2020-10-10  10:22:33 pm)  * Angle
[I](2020-10-10  10:22:33 pm)    Ar:      0.0671,Kr:      0.0000
[I](2020-10-10  10:22:33 pm)    Taper_Ar:      0.0000
[I](2020-10-10  10:22:42 pm)작업중 정지 [d:0][t:00:00:09]
[I](2020-10-10  10:22:42 pm)    [LNo:0010] 000010/000403
[I](2020-10-10  10:22:42 pm)작업중 M코드정지 [d:0][t:00:00:09]
[I](2020-10-10  10:33:07 pm)작업중 정지 [d:0][t:00:10:34]
[I](2020-10-10  10:33:07 pm)    [LNo:0010] 000026/000403
[I](2020-10-10  10:33:07 pm)작업중 M코드정지 [d:0][t:00:10:34]
[I](2020-10-10  10:33:09 pm)작업중 정지 [d:0][t:00:10:36]
[I](2020-10-10  10:33:09 pm)    [LNo:0010] 000029/000403
[I](2020-10-10  10:33:09 pm)작업중 M코드정지 [d:0][t:00:10:36]
[I](2020-10-10  10:33:29 pm)작업중 정지 [d:0][t:00:10:55]
[I](2020-10-10  10:33:29 pm)    [LNo:0010] 000032/000403
[A](2020-10-10  10:33:29 pm)[010] 자동결선 Error(M21-절단실패)
[A](2020-10-10  10:33:58 pm)[041] AWF 명령끝날때까지 센서감지(타임아웃) 안됨
[A](2020-10-10  10:34:33 pm)[041] AWF 명령끝날때까지 센서감지(타임아웃) 안됨
[A](2020-10-10  10:35:09 pm)[041] AWF 명령끝날때까지 센서감지(타임아웃) 안됨
[A](2020-10-10  10:35:44 pm)[041] AWF 명령끝날때까지 센서감지(타임아웃) 안됨
[I](2020-10-10  10:35:45 pm)작업중 정지 [d:0][t:00:13:12]
[I](2020-10-10  10:35:45 pm)    [LNo:0010] 000038/000403
[I](2020-10-10  11:27:06 pm)작업중 정지 [d:50][t:01:04:32]
[I](2020-10-10  11:27:06 pm)    [LNo:0010] 000060/000403
[I](2020-10-10  11:27:06 pm)작업중 M코드정지 [d:50][t:01:04:32]
[I](2020-10-10  11:27:37 pm)작업중 정지 [d:50][t:01:05:04]
[I](2020-10-10  11:27:37 pm)    [LNo:0010] 000062/000403
[I](2020-10-10  11:29:33 pm)작업 재시작
[I](2020-10-10  11:29:41 pm)작업중 정지 [d:50][t:01:07:08]
[I](2020-10-10  11:29:41 pm)    [LNo:0010] 000064/000403
[I](2020-10-10  11:29:41 pm)작업중 M코드정지 [d:50][t:01:07:08]
[I](2020-10-10  11:45:41 pm)작업중 정지 [d:66][t:01:23:08]
[I](2020-10-10  11:45:41 pm)    [LNo:0010] 000090/000403
[I](2020-10-10  11:45:41 pm)작업중 M코드정지 [d:66][t:01:23:08]
