[I](2020-01-27  12:41:37 am)작업중 정지 [d:269][t:05:11:09]
[I](2020-01-27  12:41:37 am)    [LNo:0001] 000062/000076
[I](2020-01-27  12:41:37 am)작업중 M코드정지 [d:269][t:05:11:09]
[I](2020-01-27  10:08:35 am)Reset
[I](2020-01-27  10:08:35 am)Reset
[I](2020-01-27  10:08:42 am)Reset
[I](2020-01-27  10:08:43 am)Reset
[I](2020-01-27  10:09:30 am)Reset
[I](2020-01-27  10:09:30 am)Reset
[I](2020-01-27  10:12:12 am)Reset
[I](2020-01-27  10:12:12 am)Reset
[I](2020-01-27  10:12:35 am)Reset
[I](2020-01-27  10:13:01 am)Reset
[I](2020-01-27  10:14:46 am)Reset
[I](2020-01-27  10:15:12 am)Reset
[I](2020-01-27  10:16:06 am)Reset
[I](2020-01-27  10:18:02 am)Reset
[A](2020-01-27  10:25:32 am)[036] 자동결선 절단 공정 실패!!
[I](2020-01-27  10:33:00 am)Reset
[I](2020-01-27  10:33:01 am)Reset
[I](2020-01-27  10:38:19 am)Reset
[I](2020-01-27  10:38:19 am)Reset
[I](2020-01-27  10:38:29 am)Reset
[I](2020-01-27  10:39:41 am)Reset
[I](2020-01-27  10:41:28 am)Reset
[I](2020-01-27  10:41:37 am)Reset
[I](2020-01-27  10:42:36 am)Reset
[I](2020-01-27  10:42:38 am)작업 시작 [Start d:530]
[I](2020-01-27  10:42:38 am)Nc File: [No.0001-522.NC]
[I](2020-01-27  10:42:38 am)  * Start Machine Position
[I](2020-01-27  10:42:38 am)    X:     23.3956
[I](2020-01-27  10:42:38 am)    Y:   -376.6640
[I](2020-01-27  10:42:38 am)    U:      0.0000
[I](2020-01-27  10:42:38 am)    V:      0.0000
[I](2020-01-27  10:42:38 am)    Z:     28.6227
[I](2020-01-27  10:42:38 am)  * Angle
[I](2020-01-27  10:42:38 am)    Ar:      0.1511,Kr:      0.0000
[I](2020-01-27  10:42:38 am)    Taper_Ar:      0.0000
[I](2020-01-27  10:42:43 am)작업중 정지 [d:0][t:00:00:04]
[I](2020-01-27  10:42:43 am)    [LNo:0001] 000010/000076
[I](2020-01-27  10:42:43 am)작업중 M코드정지 [d:0][t:00:00:04]
[I](2020-01-27  10:42:46 am)작업중 정지 [d:0][t:00:00:08]
[I](2020-01-27  10:42:46 am)    [LNo:0001] 000013/000076
[I](2020-01-27  10:42:46 am)작업중 M코드정지 [d:0][t:00:00:08]
[I](2020-01-27  01:02:03 pm)작업중 정지 [d:-391][t:02:19:24]
[I](2020-01-27  01:02:03 pm)    [LNo:0001] 000024/000076
[I](2020-01-27  01:02:03 pm)작업중 M코드정지 [d:-391][t:02:19:25]
[I](2020-01-27  01:51:31 pm)작업중 정지 [d:-390][t:03:08:52]
[I](2020-01-27  01:51:31 pm)    [LNo:0001] 000026/000076
[I](2020-01-27  01:51:31 pm)작업중 M코드정지 [d:-390][t:03:08:52]
[I](2020-01-27  04:01:46 pm)작업중 정지 [d:-261][t:05:19:07]
[I](2020-01-27  04:01:46 pm)    [LNo:0001] 000062/000076
[I](2020-01-27  04:01:46 pm)작업중 M코드정지 [d:-261][t:05:19:07]
[I](2020-01-27  04:01:56 pm)작업중 정지 [d:-261][t:05:19:17]
[I](2020-01-27  04:01:56 pm)    [LNo:0001] 000064/000076
[I](2020-01-27  04:01:56 pm)작업중 M코드정지 [d:-261][t:05:19:17]
[A](2020-01-27  04:02:38 pm)[037] 자동결선 잔여 WIRE 처리 실패!!
[I](2020-01-27  04:12:58 pm)Reset
[I](2020-01-27  04:12:59 pm)Reset
[I](2020-01-27  04:13:18 pm)Reset
[I](2020-01-27  04:14:14 pm)Reset
[I](2020-01-27  04:14:14 pm)Reset
[A](2020-01-27  04:18:31 pm)[037] 자동결선 잔여 WIRE 처리 실패!!
[A](2020-01-27  04:18:53 pm)[034] 자동결선 하부 뭉치 WIRE CONTACT!!
[A](2020-01-27  04:18:55 pm)[034] 자동결선 하부 뭉치 WIRE CONTACT!!
[A](2020-01-27  04:18:58 pm)[034] 자동결선 하부 뭉치 WIRE CONTACT!!
[I](2020-01-27  04:20:06 pm)Reset
[I](2020-01-27  04:20:06 pm)Reset
[I](2020-01-27  04:20:40 pm)Reset
[I](2020-01-27  04:21:09 pm)Reset
[I](2020-01-27  04:23:22 pm)Reset
[I](2020-01-27  04:24:35 pm)Reset
[I](2020-01-27  04:27:23 pm)Reset
[A](2020-01-27  04:28:24 pm)[036] 자동결선 절단 공정 실패!!
[I](2020-01-27  04:30:27 pm)Reset
[I](2020-01-27  04:30:27 pm)Reset
[I](2020-01-27  04:30:29 pm)작업 시작 [Start d:269]
[I](2020-01-27  04:30:29 pm)Nc File: [No.0001-522.NC]
[I](2020-01-27  04:30:29 pm)  * Start Machine Position
[I](2020-01-27  04:30:29 pm)    X:     23.1321
[I](2020-01-27  04:30:29 pm)    Y:   -376.3780
[I](2020-01-27  04:30:29 pm)    U:      0.0000
[I](2020-01-27  04:30:29 pm)    V:      0.0000
[I](2020-01-27  04:30:29 pm)    Z:     28.6227
[I](2020-01-27  04:30:29 pm)  * Angle
[I](2020-01-27  04:30:29 pm)    Ar:      0.1091,Kr:      0.0000
[I](2020-01-27  04:30:29 pm)    Taper_Ar:      0.0000
[I](2020-01-27  04:30:33 pm)작업중 정지 [d:0][t:00:00:04]
[I](2020-01-27  04:30:33 pm)    [LNo:0001] 000010/000076
[I](2020-01-27  04:30:33 pm)작업중 M코드정지 [d:0][t:00:00:04]
[I](2020-01-27  04:30:55 pm)작업중 정지 [d:0][t:00:00:26]
[I](2020-01-27  04:30:55 pm)    [LNo:0001] 000013/000076
[I](2020-01-27  04:30:55 pm)작업중 M코드정지 [d:0][t:00:00:26]
[I](2020-01-27  06:51:29 pm)작업중 정지 [d:141][t:02:20:59]
[I](2020-01-27  06:51:29 pm)    [LNo:0001] 000024/000076
[I](2020-01-27  06:51:29 pm)작업중 M코드정지 [d:141][t:02:21:00]
[I](2020-01-27  06:58:32 pm)작업중 정지 [d:141][t:02:28:03]
[I](2020-01-27  06:58:32 pm)    [LNo:0001] 000026/000076
[I](2020-01-27  06:58:32 pm)작업중 M코드정지 [d:141][t:02:28:03]
[A](2020-01-27  07:01:14 pm)[037] 자동결선 잔여 WIRE 처리 실패!!
[I](2020-01-27  07:02:14 pm)작업중 정지 [d:141][t:02:31:44]
[I](2020-01-27  07:02:14 pm)    [LNo:0001] 000029/000076
[I](2020-01-27  07:02:14 pm)작업중 M코드정지 [d:141][t:02:31:45]
[I](2020-01-27  07:02:31 pm)작업중 정지 [d:141][t:02:32:02]
[I](2020-01-27  07:02:31 pm)    [LNo:0001] 000034/000076
[I](2020-01-27  07:02:31 pm)작업중 M코드정지 [d:141][t:02:32:02]
[A](2020-01-27  07:02:34 pm)[034] 자동결선 하부 뭉치 WIRE CONTACT!!
[A](2020-01-27  07:02:38 pm)[034] 자동결선 하부 뭉치 WIRE CONTACT!!
[I](2020-01-27  09:06:38 pm)작업중 정지 [d:264][t:04:36:08]
[I](2020-01-27  09:06:38 pm)    [LNo:0001] 000062/000076
[I](2020-01-27  09:06:38 pm)작업중 M코드정지 [d:264][t:04:36:08]
[I](2020-01-27  09:30:34 pm)작업중 정지 [d:264][t:05:00:05]
[I](2020-01-27  09:30:34 pm)    [LNo:0001] 000064/000076
[I](2020-01-27  09:30:34 pm)작업중 M코드정지 [d:264][t:05:00:05]
[A](2020-01-27  09:31:46 pm)[037] 자동결선 잔여 WIRE 처리 실패!!
[A](2020-01-27  09:38:11 pm)[053] Emergency Stop
[A](2020-01-27  09:38:11 pm)[005] READY Off(Alarm)
[I](2020-01-27  09:38:11 pm)    X:    260.9326
[I](2020-01-27  09:38:11 pm)    Y:   -158.4852
[I](2020-01-27  09:38:11 pm)    U:      0.0000
[I](2020-01-27  09:38:11 pm)    V:      0.0000
[I](2020-01-27  09:38:11 pm)    Z:    128.6227
