[I](2020-12-05  12:43:32 am)작업중 정지 [d:598][t:11:49:01]
[I](2020-12-05  12:43:32 am)    [LNo:0002] 001432/002224
[I](2020-12-05  12:43:32 am)작업중 M코드정지 [d:598][t:11:49:01]
[I](2020-12-05  12:48:09 am)작업중 정지 [d:598][t:11:53:38]
[I](2020-12-05  12:48:09 am)    [LNo:0002] 001436/002224
[I](2020-12-05  12:48:09 am)작업중 M코드정지 [d:598][t:11:53:38]
[I](2020-12-05  04:32:49 am)작업중 정지 [d:816][t:15:38:18]
[I](2020-12-05  04:32:49 am)    [LNo:0002] 001705/002224
[I](2020-12-05  04:32:49 am)작업중 M코드정지 [d:816][t:15:38:18]
[I](2020-12-05  04:34:07 am)작업중 정지 [d:816][t:15:39:36]
[I](2020-12-05  04:34:07 am)    [LNo:0002] 001707/002224
[I](2020-12-05  04:34:07 am)작업중 M코드정지 [d:816][t:15:39:36]
[I](2020-12-05  04:43:33 am)작업중 정지 [d:823][t:15:49:02]
[I](2020-12-05  04:43:33 am)    [LNo:0002] 001730/002224
[I](2020-12-05  04:43:33 am)작업중 M코드정지 [d:823][t:15:49:02]
[I](2020-12-05  04:58:32 am)작업중 정지 [d:824][t:16:04:01]
[I](2020-12-05  04:58:32 am)    [LNo:0002] 001731/002224
[I](2020-12-05  04:58:32 am)Wire Contact Auto Stop(M52)
[I](2020-12-05  04:59:24 am)작업 재시작
[I](2020-12-05  04:59:25 am)작업중 정지 [d:824][t:16:04:55]
[I](2020-12-05  04:59:25 am)    [LNo:0002] 001731/002224
[I](2020-12-05  04:59:40 am)작업 재시작
[I](2020-12-05  04:59:47 am)작업중 정지 [d:824][t:16:05:16]
[I](2020-12-05  04:59:47 am)    [LNo:0002] 001732/002224
[I](2020-12-05  04:59:47 am)작업중 M코드정지 [d:824][t:16:05:16]
[I](2020-12-05  05:09:48 am)작업중 정지 [d:833][t:16:15:17]
[I](2020-12-05  05:09:48 am)    [LNo:0002] 001754/002224
[I](2020-12-05  05:09:48 am)작업중 M코드정지 [d:833][t:16:15:17]
[I](2020-12-05  05:12:03 am)작업중 정지 [d:833][t:16:17:32]
[I](2020-12-05  05:12:03 am)    [LNo:0002] 001755/002224
[I](2020-12-05  05:12:40 am)작업 재시작
[I](2020-12-05  05:12:51 am)작업중 정지 [d:833][t:16:18:20]
[I](2020-12-05  05:12:51 am)    [LNo:0002] 001757/002224
[I](2020-12-05  05:12:51 am)작업중 M코드정지 [d:833][t:16:18:20]
[I](2020-12-05  05:22:15 am)작업중 정지 [d:841][t:16:27:44]
[I](2020-12-05  05:22:15 am)    [LNo:0002] 001779/002224
[I](2020-12-05  05:22:15 am)작업중 M코드정지 [d:841][t:16:27:44]
[I](2020-12-05  05:23:05 am)작업중 정지 [d:841][t:16:28:34]
[I](2020-12-05  05:23:05 am)    [LNo:0002] 001780/002224
[I](2020-12-05  05:23:05 am)작업중 30sec 접촉 정지 [d:841][t:16:28:34]
[I](2020-12-05  05:23:54 am)작업 재시작
[I](2020-12-05  05:24:07 am)작업중 정지 [d:841][t:16:29:36]
[I](2020-12-05  05:24:07 am)    [LNo:0002] 001782/002224
[I](2020-12-05  05:24:07 am)작업중 M코드정지 [d:841][t:16:29:36]
[I](2020-12-05  05:37:30 am)작업중 정지 [d:853][t:16:42:59]
[I](2020-12-05  05:37:30 am)    [LNo:0002] 001812/002224
[I](2020-12-05  05:37:30 am)작업중 M코드정지 [d:853][t:16:42:59]
[I](2020-12-05  05:50:33 am)작업중 정지 [d:854][t:16:56:02]
[I](2020-12-05  05:50:33 am)    [LNo:0002] 001816/002224
[I](2020-12-05  05:50:33 am)작업중 M코드정지 [d:854][t:16:56:02]
[I](2020-12-05  06:01:02 am)작업중 정지 [d:862][t:17:06:31]
[I](2020-12-05  06:01:02 am)    [LNo:0002] 001838/002224
[I](2020-12-05  06:01:02 am)작업중 M코드정지 [d:862][t:17:06:31]
[I](2020-12-05  06:03:45 am)작업중 정지 [d:862][t:17:09:15]
[I](2020-12-05  06:03:45 am)    [LNo:0002] 001839/002224
[I](2020-12-05  06:04:31 am)작업 재시작
[I](2020-12-05  06:04:42 am)작업중 정지 [d:863][t:17:10:11]
[I](2020-12-05  06:04:42 am)    [LNo:0002] 001841/002224
[I](2020-12-05  06:04:42 am)작업중 M코드정지 [d:863][t:17:10:11]
[I](2020-12-05  08:03:51 am)작업중 정지 [d:981][t:19:09:20]
[I](2020-12-05  08:03:51 am)    [LNo:0002] 001918/002224
[I](2020-12-05  08:03:51 am)작업중 M코드정지 [d:981][t:19:09:20]
[I](2020-12-05  08:05:09 am)작업중 정지 [d:981][t:19:10:38]
[I](2020-12-05  08:05:09 am)    [LNo:0002] 001922/002224
[I](2020-12-05  08:05:09 am)작업중 M코드정지 [d:981][t:19:10:38]
[I](2020-12-05  11:44:32 am)작업중 정지 [d:1194][t:22:50:02]
[I](2020-12-05  11:44:32 am)    [LNo:0002] 002187/002224
[I](2020-12-05  11:44:33 am)작업중 M코드정지 [d:1194][t:22:50:02]
[I](2020-12-05  11:44:53 am)작업중 정지 [d:1194][t:22:50:22]
[I](2020-12-05  11:44:53 am)    [LNo:0002] 002189/002224
[I](2020-12-05  11:44:53 am)작업중 M코드정지 [d:1194][t:22:50:22]
[I](2020-12-05  11:54:26 am)작업중 정지 [d:1201][t:22:59:55]
[I](2020-12-05  11:54:26 am)    [LNo:0002] 002212/002224
[I](2020-12-05  11:54:26 am)작업중 M코드정지 [d:1201][t:22:59:55]
[I](2020-12-05  11:56:08 am)작업중 정지 [d:1201][t:23:01:37]
[I](2020-12-05  11:56:08 am)    [LNo:0002] 002214/002224
[I](2020-12-05  11:56:08 am)작업중 M코드정지 [d:1201][t:23:01:37]
[I](2020-12-05  12:39:35 pm)Reset
[I](2020-12-05  12:39:35 pm)Reset
[I](2020-12-05  12:39:36 pm)Reset
[I](2020-12-05  12:39:44 pm)Reset
[I](2020-12-05  12:39:44 pm)Reset
[I](2020-12-05  12:49:05 pm)Reset
[I](2020-12-05  12:50:45 pm)Reset
[I](2020-12-05  12:50:45 pm)Reset
[I](2020-12-05  12:51:47 pm)Reset
[I](2020-12-05  12:52:29 pm)Reset
[I](2020-12-05  12:53:25 pm)Reset
[I](2020-12-05  12:54:09 pm)Reset
[I](2020-12-05  12:54:30 pm)Reset
[I](2020-12-05  12:55:39 pm)작업 시작 [Start d:1334]
[I](2020-12-05  12:55:39 pm)Nc File: [No.0005-590.NC]
[I](2020-12-05  12:55:39 pm)  * Start Machine Position
[I](2020-12-05  12:55:39 pm)    X:    119.6285
[I](2020-12-05  12:55:39 pm)    Y:   -377.7288
[I](2020-12-05  12:55:39 pm)    U:     -0.0999
[I](2020-12-05  12:55:39 pm)    V:     -0.0014
[I](2020-12-05  12:55:39 pm)    Z:     87.1561
[I](2020-12-05  12:55:39 pm)  * Angle
[I](2020-12-05  12:55:39 pm)    Ar:      0.8389,Kr:      0.0000
[I](2020-12-05  12:55:39 pm)    Taper_Ar:      0.0000
[I](2020-12-05  12:55:56 pm)작업중 정지 [d:0][t:00:00:17]
[I](2020-12-05  12:55:56 pm)    [LNo:0005] 000010/000090
[I](2020-12-05  12:55:56 pm)작업중 M코드정지 [d:0][t:00:00:17]
[I](2020-12-05  01:52:21 pm)작업중 정지 [d:54][t:00:56:42]
[I](2020-12-05  01:52:21 pm)    [LNo:0005] 000030/000090
[I](2020-12-05  01:52:21 pm)작업중 30sec 접촉 정지 [d:54][t:00:56:42]
[I](2020-12-05  01:52:41 pm)작업 재시작
[I](2020-12-05  01:52:46 pm)작업중 정지 [d:54][t:00:57:07]
[I](2020-12-05  01:52:46 pm)    [LNo:0005] 000030/000090
[I](2020-12-05  01:52:46 pm)작업중 30sec 접촉 정지 [d:54][t:00:57:07]
[I](2020-12-05  01:53:53 pm)작업 재시작
[I](2020-12-05  01:54:32 pm)작업중 정지 [d:55][t:00:58:53]
[I](2020-12-05  01:54:32 pm)    [LNo:0005] 000031/000090
[I](2020-12-05  01:54:32 pm)작업중 M코드정지 [d:55][t:00:58:53]
[I](2020-12-05  01:54:49 pm)작업중 정지 [d:55][t:00:59:10]
[I](2020-12-05  01:54:49 pm)    [LNo:0005] 000034/000090
[I](2020-12-05  01:54:49 pm)작업중 M코드정지 [d:55][t:00:59:10]
[I](2020-12-05  01:55:06 pm)작업중 정지 [d:55][t:00:59:26]
[I](2020-12-05  01:55:06 pm)    [LNo:0005] 000012/000090
[I](2020-12-05  02:04:54 pm)작업중 정지 [d:65][t:01:09:15]
[I](2020-12-05  02:04:54 pm)    [LNo:0005] 000031/000090
[I](2020-12-05  02:04:54 pm)작업중 M코드정지 [d:65][t:01:09:15]
[I](2020-12-05  02:06:51 pm)작업중 정지 [d:65][t:01:11:12]
[I](2020-12-05  02:06:51 pm)    [LNo:0005] 000034/000090
[I](2020-12-05  02:06:51 pm)작업중 M코드정지 [d:65][t:01:11:12]
[I](2020-12-05  02:41:26 pm)작업중 정지 [d:99][t:01:45:47]
[I](2020-12-05  02:41:26 pm)    [LNo:0005] 000082/000090
[I](2020-12-05  02:41:26 pm)작업중 M코드정지 [d:99][t:01:45:47]
[I](2020-12-05  02:45:55 pm)Reset
[I](2020-12-05  02:45:55 pm)Reset
[I](2020-12-05  02:46:59 pm)Reset
[I](2020-12-05  02:47:09 pm)Reset
[I](2020-12-05  02:50:23 pm)Reset
[I](2020-12-05  02:51:22 pm)Reset
[I](2020-12-05  02:53:32 pm)Reset
[I](2020-12-05  02:55:26 pm)Reset
[I](2020-12-05  02:55:26 pm)Reset
[I](2020-12-05  02:55:59 pm)Reset
[I](2020-12-05  02:55:59 pm)Reset
[I](2020-12-05  02:57:05 pm)Reset
[I](2020-12-05  02:57:06 pm)Reset
[I](2020-12-05  02:57:06 pm)Reset
[I](2020-12-05  02:57:43 pm)Reset
[I](2020-12-05  02:57:44 pm)Reset
[I](2020-12-05  02:58:05 pm)Reset
[I](2020-12-05  02:58:13 pm)Reset
[I](2020-12-05  02:58:13 pm)Reset
[I](2020-12-05  02:58:43 pm)Reset
[I](2020-12-05  02:58:43 pm)Reset
[I](2020-12-05  03:00:20 pm)Reset
[I](2020-12-05  03:00:20 pm)Reset
[I](2020-12-05  03:00:44 pm)Reset
[I](2020-12-05  03:00:44 pm)Reset
[I](2020-12-05  03:00:45 pm)Reset
[I](2020-12-05  03:01:35 pm)Reset
[I](2020-12-05  03:01:35 pm)Reset
[I](2020-12-05  03:03:08 pm)작업 시작 [Start d:0]
[I](2020-12-05  03:03:08 pm)Nc File: [No.0004-589.NC]
[I](2020-12-05  03:03:08 pm)  * Start Machine Position
[I](2020-12-05  03:03:08 pm)    X:     30.0557
[I](2020-12-05  03:03:08 pm)    Y:   -385.1834
[I](2020-12-05  03:03:08 pm)    U:     -0.1150
[I](2020-12-05  03:03:08 pm)    V:      0.2300
[I](2020-12-05  03:03:08 pm)    Z:     87.1561
[I](2020-12-05  03:03:08 pm)  * Angle
[I](2020-12-05  03:03:08 pm)    Ar:      0.5645,Kr:      0.0000
[I](2020-12-05  03:03:08 pm)    Taper_Ar:      0.0000
[I](2020-12-05  03:03:19 pm)작업중 정지 [d:0][t:00:00:11]
[I](2020-12-05  03:03:19 pm)    [LNo:0004] 000010/000086
[I](2020-12-05  03:03:20 pm)작업중 M코드정지 [d:0][t:00:00:11]
[I](2020-12-05  03:03:31 pm)작업중 정지 [d:0][t:00:00:22]
[I](2020-12-05  03:03:31 pm)    [LNo:0004] 000012/000086
[I](2020-12-05  03:03:31 pm)작업중 M코드정지 [d:0][t:00:00:23]
[I](2020-12-05  03:03:41 pm)작업중 정지 [d:0][t:00:00:33]
[I](2020-12-05  03:03:41 pm)    [LNo:0004] 000014/000086
[I](2020-12-05  03:03:41 pm)작업중 M코드정지 [d:0][t:00:00:33]
[I](2020-12-05  04:12:39 pm)작업중 정지 [d:68][t:01:09:30]
[I](2020-12-05  04:12:39 pm)    [LNo:0004] 000034/000086
[I](2020-12-05  04:12:39 pm)작업중 M코드정지 [d:68][t:01:09:31]
[I](2020-12-05  04:14:21 pm)작업중 정지 [d:68][t:01:11:13]
[I](2020-12-05  04:14:21 pm)    [LNo:0004] 000016/000086
[I](2020-12-05  04:25:49 pm)작업중 정지 [d:79][t:01:22:41]
[I](2020-12-05  04:25:49 pm)    [LNo:0004] 000034/000086
[I](2020-12-05  04:25:49 pm)작업중 M코드정지 [d:79][t:01:22:41]
[I](2020-12-05  04:26:06 pm)작업중 정지 [d:79][t:01:22:58]
[I](2020-12-05  04:26:06 pm)    [LNo:0004] 000036/000086
[I](2020-12-05  04:26:06 pm)작업중 M코드정지 [d:79][t:01:22:58]
[I](2020-12-05  04:26:30 pm)작업중 정지 [d:79][t:01:23:22]
[I](2020-12-05  04:26:30 pm)    [LNo:0004] 000016/000086
[I](2020-12-05  04:41:19 pm)작업중 정지 [d:92][t:01:38:11]
[I](2020-12-05  04:41:19 pm)    [LNo:0004] 000034/000086
[I](2020-12-05  04:41:19 pm)작업중 M코드정지 [d:92][t:01:38:11]
[I](2020-12-05  04:41:48 pm)작업중 정지 [d:92][t:01:38:40]
[I](2020-12-05  04:41:48 pm)    [LNo:0004] 000036/000086
[I](2020-12-05  04:41:48 pm)작업중 M코드정지 [d:92][t:01:38:40]
[I](2020-12-05  04:52:54 pm)작업중 정지 [d:102][t:01:49:46]
[I](2020-12-05  04:52:54 pm)    [LNo:0004] 000081/000086
[I](2020-12-05  04:55:08 pm)Reset
[I](2020-12-05  04:57:13 pm)Reset
[I](2020-12-05  05:01:37 pm)Reset
[I](2020-12-05  05:01:38 pm)Reset
[I](2020-12-05  05:03:08 pm)Reset
[I](2020-12-05  05:03:08 pm)Reset
[I](2020-12-05  05:06:45 pm)Reset
[I](2020-12-05  05:06:45 pm)Reset
[I](2020-12-05  05:09:54 pm)작업 시작 [Start d:102]
[I](2020-12-05  05:09:54 pm)Nc File: [No.0002-608.NC]
[I](2020-12-05  05:09:54 pm)  * Start Machine Position
[I](2020-12-05  05:09:54 pm)    X:     84.7131
[I](2020-12-05  05:09:54 pm)    Y:   -325.6088
[I](2020-12-05  05:09:54 pm)    U:      0.0000
[I](2020-12-05  05:09:54 pm)    V:      0.0000
[I](2020-12-05  05:09:54 pm)    Z:     30.4506
[I](2020-12-05  05:09:54 pm)  * Angle
[I](2020-12-05  05:09:54 pm)    Ar:      0.6507,Kr:      0.0000
[I](2020-12-05  05:09:54 pm)    Taper_Ar:      0.0000
[I](2020-12-05  05:10:09 pm)작업중 정지 [d:0][t:00:00:15]
[I](2020-12-05  05:10:09 pm)    [LNo:0002] 000655/001621
[I](2020-12-05  05:12:37 pm)Reset
[I](2020-12-05  05:12:37 pm)Reset
[I](2020-12-05  05:13:58 pm)작업 시작 [Start d:102]
[I](2020-12-05  05:13:58 pm)Nc File: [No.0002-608.NC]
[I](2020-12-05  05:13:58 pm)  * Start Machine Position
[I](2020-12-05  05:13:58 pm)    X:     84.7131
[I](2020-12-05  05:13:58 pm)    Y:   -325.6088
[I](2020-12-05  05:13:58 pm)    U:      0.0000
[I](2020-12-05  05:13:58 pm)    V:      0.0000
[I](2020-12-05  05:13:58 pm)    Z:     30.4506
[I](2020-12-05  05:13:58 pm)  * Angle
[I](2020-12-05  05:13:58 pm)    Ar:      0.6507,Kr:      0.0000
[I](2020-12-05  05:13:58 pm)    Taper_Ar:      0.0000
[I](2020-12-05  06:15:46 pm)작업중 정지 [d:57][t:01:01:48]
[I](2020-12-05  06:15:46 pm)    [LNo:0002] 000183/001621
[A](2020-12-05  06:15:46 pm)[008] 작업중 단선(AWF Feed Motor Stop )
[I](2020-12-05  06:15:46 pm)작업중 Wire 단선 [d:57][t:01:01:48]
[I](2020-12-05  06:16:55 pm)작업 재시작
[I](2020-12-05  07:03:09 pm)작업중 정지 [d:101][t:01:49:11]
[I](2020-12-05  07:03:09 pm)    [LNo:0002] 000276/001621
[A](2020-12-05  07:03:09 pm)[008] 작업중 단선(AWF Feed Motor Stop )
[I](2020-12-05  07:03:09 pm)작업중 Wire 단선 [d:101][t:01:49:11]
[I](2020-12-05  07:04:19 pm)작업 재시작
