[A](2020-06-28  08:20:23 am)[083] Oil Lack Alarm
[I](2020-06-28  08:20:23 am)Ready On
[I](2020-06-28  08:58:46 am)Reset
[I](2020-06-28  08:58:47 am)Reset
[I](2020-06-28  08:58:53 am)Reset
[I](2020-06-28  09:25:31 am)Reset
[I](2020-06-28  09:30:03 am)Reset
[I](2020-06-28  09:35:31 am)Reset
[I](2020-06-28  09:39:08 am)Reset
[I](2020-06-28  09:44:14 am)Reset
[I](2020-06-28  09:44:33 am)작업 시작 [Start d:761]
[I](2020-06-28  09:44:33 am)Nc File: [No.0011-409.NC]
[I](2020-06-28  09:44:33 am)  * Start Machine Position
[I](2020-06-28  09:44:33 am)    X:    221.0934
[I](2020-06-28  09:44:33 am)    Y:   -204.3868
[I](2020-06-28  09:44:33 am)    U:      0.0000
[I](2020-06-28  09:44:33 am)    V:      0.0000
[I](2020-06-28  09:44:33 am)    Z:     29.5595
[I](2020-06-28  09:44:33 am)  * Angle
[I](2020-06-28  09:44:33 am)    Ar:     -0.0460,Kr:      0.0000
[I](2020-06-28  09:44:33 am)    Taper_Ar:      0.0000
[I](2020-06-28  09:44:51 am)작업중 정지 [d:0][t:00:00:17]
[I](2020-06-28  09:44:51 am)    [LNo:0011] 000010/000191
[I](2020-06-28  09:44:51 am)작업중 M코드정지 [d:0][t:00:00:17]
[I](2020-06-28  09:45:18 am)작업중 정지 [d:0][t:00:00:45]
[I](2020-06-28  09:45:18 am)    [LNo:0011] 000013/000191
[A](2020-06-28  09:52:11 am)[036] 자동결선 절단 공정 실패!!
[I](2020-06-28  09:52:18 am)작업중 정지 [d:0][t:00:07:44]
[I](2020-06-28  09:52:18 am)    [LNo:0011] 000026/000191
[I](2020-06-28  09:52:18 am)작업중 M코드정지 [d:0][t:00:07:44]
[I](2020-06-28  09:52:20 am)작업중 정지 [d:0][t:00:07:46]
[I](2020-06-28  09:52:20 am)    [LNo:0011] 000029/000191
[I](2020-06-28  09:52:20 am)작업중 M코드정지 [d:0][t:00:07:46]
[I](2020-06-28  09:52:30 am)작업중 정지 [d:0][t:00:07:57]
[I](2020-06-28  09:52:30 am)    [LNo:0011] 000035/000191
[I](2020-06-28  09:52:30 am)작업중 M코드정지 [d:0][t:00:07:57]
[I](2020-06-28  09:58:46 am)Ready Off
[I](2020-06-28  09:58:46 am)    X:     92.8477
[I](2020-06-28  09:58:46 am)    Y:   -296.2578
[I](2020-06-28  09:58:46 am)    U:      0.0000
[I](2020-06-28  09:58:46 am)    V:      0.0000
[I](2020-06-28  09:58:46 am)    Z:     47.2842
[A](2020-06-28  09:58:46 am)[068] Servo Following Error (Z AXIS)
[A](2020-06-28  09:58:53 am)[053] Emergency Stop
[I](2020-06-28  09:59:10 am)Reset
[A](2020-06-28  09:59:10 am)[007] 기계 위치 변경
[A](2020-06-28  09:59:15 am)[083] Oil Lack Alarm
[I](2020-06-28  09:59:15 am)Ready On
[I](2020-06-28  10:09:41 am)Reset
[I](2020-06-28  10:09:49 am)Reset
[I](2020-06-28  10:09:49 am)Reset
[I](2020-06-28  10:09:50 am)Reset
[I](2020-06-28  10:13:30 am)Reset
[I](2020-06-28  10:17:31 am)Reset
[I](2020-06-28  10:20:49 am)Reset
[I](2020-06-28  10:25:20 am)Reset
[I](2020-06-28  10:33:13 am)Reset
[I](2020-06-28  10:41:08 am)Reset
[I](2020-06-28  10:41:44 am)Reset
[I](2020-06-28  10:41:45 am)Reset
[I](2020-06-28  10:43:12 am)Reset
[I](2020-06-28  10:43:12 am)Reset
[I](2020-06-28  10:43:12 am)Reset
[I](2020-06-28  10:48:24 am)Reset
[I](2020-06-28  10:48:24 am)Reset
[I](2020-06-28  10:52:37 am)Reset
[I](2020-06-28  10:56:11 am)Reset
[I](2020-06-28  10:56:11 am)Reset
[I](2020-06-28  11:09:36 am)Reset
[I](2020-06-28  11:12:57 am)Reset
[I](2020-06-28  11:12:57 am)Reset
[I](2020-06-28  11:14:29 am)Reset
[I](2020-06-28  11:14:32 am)Reset
[I](2020-06-28  11:14:34 am)작업 시작 [Start d:761]
[I](2020-06-28  11:14:34 am)Nc File: [No.0011-409.NC]
[I](2020-06-28  11:14:34 am)  * Start Machine Position
[I](2020-06-28  11:14:34 am)    X:    221.0987
[I](2020-06-28  11:14:34 am)    Y:   -204.3990
[I](2020-06-28  11:14:34 am)    U:      0.0000
[I](2020-06-28  11:14:34 am)    V:      0.0000
[I](2020-06-28  11:14:34 am)    Z:     22.5670
[I](2020-06-28  11:14:34 am)  * Angle
[I](2020-06-28  11:14:34 am)    Ar:     -0.0470,Kr:      0.0000
[I](2020-06-28  11:14:34 am)    Taper_Ar:      0.0000
[I](2020-06-28  11:14:51 am)작업중 정지 [d:0][t:00:00:17]
[I](2020-06-28  11:14:51 am)    [LNo:0011] 000010/000191
[I](2020-06-28  11:14:51 am)작업중 M코드정지 [d:0][t:00:00:17]
[I](2020-06-28  11:15:14 am)작업중 정지 [d:0][t:00:00:40]
[I](2020-06-28  11:15:14 am)    [LNo:0011] 000013/000191
[I](2020-06-28  11:21:03 am)작업중 정지 [d:0][t:00:06:29]
[I](2020-06-28  11:21:03 am)    [LNo:0011] 000026/000191
[I](2020-06-28  11:21:03 am)작업중 M코드정지 [d:0][t:00:06:29]
[I](2020-06-28  11:21:05 am)작업중 정지 [d:0][t:00:06:30]
[I](2020-06-28  11:21:05 am)    [LNo:0011] 000029/000191
[I](2020-06-28  11:21:05 am)작업중 M코드정지 [d:0][t:00:06:30]
[I](2020-06-28  11:21:42 am)작업중 정지 [d:0][t:00:07:07]
[I](2020-06-28  11:21:42 am)    [LNo:0011] 000035/000191
[I](2020-06-28  11:21:42 am)작업중 M코드정지 [d:0][t:00:07:07]
[A](2020-06-28  11:32:40 am)[001] 와이어 미동작
[I](2020-06-28  11:51:58 am)작업중 정지 [d:5][t:00:37:23]
[I](2020-06-28  11:51:58 am)    [LNo:0011] 000046/000191
[A](2020-06-28  11:51:58 am)[008] 작업중 단선(AWF Feed Motor Stop )
[I](2020-06-28  11:51:58 am)작업중 Wire 단선 [d:5][t:00:37:24]
[I](2020-06-28  11:52:10 am)작업 재시작
[I](2020-06-28  12:15:36 pm)작업중 정지 [d:29][t:01:01:02]
[I](2020-06-28  12:15:36 pm)    [LNo:0011] 000064/000191
[A](2020-06-28  12:15:36 pm)[008] 작업중 단선(AWF Feed Motor Stop )
[I](2020-06-28  12:15:36 pm)작업중 Wire 단선 [d:29][t:01:01:02]
[I](2020-06-28  12:15:48 pm)작업 재시작
[I](2020-06-28  12:16:00 pm)작업중 정지 [d:29][t:01:01:25]
[I](2020-06-28  12:16:00 pm)    [LNo:0011] 000064/000191
[A](2020-06-28  12:16:00 pm)[008] 작업중 단선(AWF Feed Motor Stop )
[I](2020-06-28  12:16:00 pm)작업중 Wire 단선 [d:29][t:01:01:25]
[I](2020-06-28  12:16:11 pm)작업 재시작
[I](2020-06-28  12:35:54 pm)작업중 정지 [d:49][t:01:21:20]
[I](2020-06-28  12:35:54 pm)    [LNo:0011] 000066/000191
[A](2020-06-28  12:35:54 pm)[008] 작업중 단선(AWF Feed Motor Stop )
[I](2020-06-28  12:35:54 pm)작업중 Wire 단선 [d:49][t:01:21:20]
[I](2020-06-28  12:36:06 pm)작업 재시작
[I](2020-06-28  01:09:33 pm)작업중 정지 [d:83][t:01:54:58]
[I](2020-06-28  01:09:33 pm)    [LNo:0011] 000084/000191
[I](2020-06-28  01:09:33 pm)작업중 M코드정지 [d:83][t:01:54:59]
[I](2020-06-28  01:09:55 pm)작업중 정지 [d:83][t:01:55:20]
[I](2020-06-28  01:09:55 pm)    [LNo:0011] 000085/000191
[I](2020-06-28  01:10:25 pm)작업 재시작
[I](2020-06-28  01:10:32 pm)작업중 정지 [d:83][t:01:55:57]
[I](2020-06-28  01:10:32 pm)    [LNo:0011] 000087/000191
[I](2020-06-28  01:10:32 pm)작업중 M코드정지 [d:83][t:01:55:57]
[I](2020-06-28  01:25:00 pm)작업중 정지 [d:97][t:02:10:25]
[I](2020-06-28  01:25:00 pm)    [LNo:0011] 000128/000191
[I](2020-06-28  01:25:00 pm)작업중 M코드정지 [d:97][t:02:10:25]
[I](2020-06-28  02:48:05 pm)작업중 정지 [d:174][t:03:33:30]
[I](2020-06-28  02:48:05 pm)    [LNo:0011] 000156/000191
[I](2020-06-28  02:48:05 pm)작업중 M코드정지 [d:174][t:03:33:30]
[I](2020-06-28  02:48:29 pm)작업중 정지 [d:175][t:03:33:54]
[I](2020-06-28  02:48:29 pm)    [LNo:0011] 000157/000191
[I](2020-06-28  02:50:10 pm)작업 재시작
[I](2020-06-28  02:50:17 pm)작업중 정지 [d:175][t:03:35:43]
[I](2020-06-28  02:50:17 pm)    [LNo:0011] 000159/000191
[I](2020-06-28  02:50:17 pm)작업중 M코드정지 [d:175][t:03:35:43]
[I](2020-06-28  03:01:42 pm)작업중 정지 [d:187][t:03:47:07]
[I](2020-06-28  03:01:42 pm)    [LNo:0011] 000183/000191
[I](2020-06-28  03:01:42 pm)작업중 M코드정지 [d:187][t:03:47:07]
[I](2020-06-28  03:23:01 pm)Reset
[I](2020-06-28  03:23:02 pm)Reset
[I](2020-06-28  03:23:09 pm)Reset
[I](2020-06-28  03:23:10 pm)Reset
[I](2020-06-28  03:23:57 pm)Reset
[I](2020-06-28  03:27:16 pm)Reset
[I](2020-06-28  03:27:16 pm)Reset
[I](2020-06-28  03:27:19 pm)Reset
[I](2020-06-28  03:33:23 pm)Reset
[I](2020-06-28  03:34:44 pm)Reset
[I](2020-06-28  03:34:45 pm)Reset
[I](2020-06-28  03:35:45 pm)Reset
[I](2020-06-28  03:36:18 pm)Reset
[I](2020-06-28  03:36:25 pm)Reset
[I](2020-06-28  03:36:39 pm)Reset
[I](2020-06-28  03:37:22 pm)작업 시작 [Start d:948]
[I](2020-06-28  03:37:22 pm)Nc File: [No.0012-397.NC]
[I](2020-06-28  03:37:22 pm)  * Start Machine Position
[I](2020-06-28  03:37:22 pm)    X:    130.1861
[I](2020-06-28  03:37:22 pm)    Y:   -386.3892
[I](2020-06-28  03:37:22 pm)    U:     -0.0435
[I](2020-06-28  03:37:22 pm)    V:     -0.0737
[I](2020-06-28  03:37:22 pm)    Z:     35.5785
[I](2020-06-28  03:37:22 pm)  * Angle
[I](2020-06-28  03:37:22 pm)    Ar:     -0.3954,Kr:      0.0000
[I](2020-06-28  03:37:22 pm)    Taper_Ar:      0.0000
[I](2020-06-28  03:37:34 pm)작업중 정지 [d:0][t:00:00:12]
[I](2020-06-28  03:37:34 pm)    [LNo:0012] 000010/000334
[I](2020-06-28  03:37:34 pm)작업중 M코드정지 [d:0][t:00:00:12]
[I](2020-06-28  03:41:06 pm)작업중 정지 [d:0][t:00:03:44]
[I](2020-06-28  03:41:06 pm)    [LNo:0012] 000010/000334
[I](2020-06-28  03:41:06 pm)작업중 M코드정지 [d:0][t:00:03:44]
[I](2020-06-28  03:45:38 pm)작업중 정지 [d:5][t:00:08:15]
[I](2020-06-28  03:45:38 pm)    [LNo:0012] 000028/000334
[I](2020-06-28  03:45:38 pm)작업중 M코드정지 [d:5][t:00:08:16]
[I](2020-06-28  03:45:51 pm)작업중 정지 [d:5][t:00:08:29]
[I](2020-06-28  03:45:51 pm)    [LNo:0012] 000030/000334
[I](2020-06-28  03:45:51 pm)작업중 M코드정지 [d:5][t:00:08:29]
[I](2020-06-28  03:47:20 pm)작업중 정지 [d:6][t:00:09:58]
[I](2020-06-28  03:47:20 pm)    [LNo:0012] 000050/000334
[I](2020-06-28  03:47:20 pm)작업중 M코드정지 [d:6][t:00:09:58]
[I](2020-06-28  03:51:07 pm)Reset
[I](2020-06-28  03:54:09 pm)Reset
[I](2020-06-28  03:54:10 pm)Reset
[I](2020-06-28  04:01:44 pm)Reset
[I](2020-06-28  04:01:44 pm)Reset
[I](2020-06-28  04:01:51 pm)Reset
[A](2020-06-28  04:06:57 pm)[036] 자동결선 절단 공정 실패!!
[A](2020-06-28  04:07:05 pm)[036] 자동결선 절단 공정 실패!!
[I](2020-06-28  04:15:08 pm)Reset
[I](2020-06-28  04:15:08 pm)Reset
[I](2020-06-28  04:15:50 pm)Reset
[I](2020-06-28  04:15:50 pm)Reset
[I](2020-06-28  04:18:19 pm)Reset
[I](2020-06-28  04:18:23 pm)Reset
[I](2020-06-28  04:18:28 pm)Reset
[I](2020-06-28  04:22:27 pm)Reset
[I](2020-06-28  04:28:12 pm)Reset
[I](2020-06-28  04:29:14 pm)작업 시작 [Start d:954]
[I](2020-06-28  04:29:14 pm)Nc File: [No.0013-400.NC]
[I](2020-06-28  04:29:14 pm)  * Start Machine Position
[I](2020-06-28  04:29:14 pm)    X:    414.7926
[I](2020-06-28  04:29:14 pm)    Y:   -105.7086
[I](2020-06-28  04:29:14 pm)    U:      0.0000
[I](2020-06-28  04:29:14 pm)    V:      0.0000
[I](2020-06-28  04:29:14 pm)    Z:     27.9102
[I](2020-06-28  04:29:14 pm)  * Angle
[I](2020-06-28  04:29:14 pm)    Ar:     -0.0831,Kr:      0.0000
[I](2020-06-28  04:29:14 pm)    Taper_Ar:      0.0000
[I](2020-06-28  04:29:30 pm)작업중 정지 [d:0][t:00:00:16]
[I](2020-06-28  04:29:30 pm)    [LNo:0013] 000010/000106
[I](2020-06-28  04:29:30 pm)작업중 M코드정지 [d:0][t:00:00:16]
[I](2020-06-28  04:29:48 pm)작업중 정지 [d:0][t:00:00:34]
[I](2020-06-28  04:29:48 pm)    [LNo:0013] 000013/000106
[I](2020-06-28  04:30:49 pm)Reset
[I](2020-06-28  04:30:49 pm)Reset
[I](2020-06-28  04:30:54 pm)Reset
[I](2020-06-28  04:30:55 pm)Reset
[I](2020-06-28  04:31:03 pm)작업 시작 [Start d:954]
[I](2020-06-28  04:31:03 pm)Nc File: [No.0013-400.NC]
[I](2020-06-28  04:31:03 pm)  * Start Machine Position
[I](2020-06-28  04:31:03 pm)    X:    414.7926
[I](2020-06-28  04:31:03 pm)    Y:   -105.7086
[I](2020-06-28  04:31:03 pm)    U:      0.0000
[I](2020-06-28  04:31:03 pm)    V:      0.0000
[I](2020-06-28  04:31:03 pm)    Z:     27.9102
[I](2020-06-28  04:31:03 pm)  * Angle
[I](2020-06-28  04:31:03 pm)    Ar:     -0.0831,Kr:      0.0000
[I](2020-06-28  04:31:03 pm)    Taper_Ar:      0.0000
[I](2020-06-28  04:31:19 pm)작업중 정지 [d:0][t:00:00:15]
[I](2020-06-28  04:31:19 pm)    [LNo:0013] 000010/000106
[I](2020-06-28  04:31:19 pm)작업중 M코드정지 [d:0][t:00:00:16]
[I](2020-06-28  04:32:31 pm)작업중 정지 [d:1][t:00:01:28]
[I](2020-06-28  04:32:31 pm)    [LNo:0013] 000034/000106
[I](2020-06-28  04:32:31 pm)작업중 M코드정지 [d:1][t:00:01:28]
[I](2020-06-28  04:35:41 pm)작업중 정지 [d:1][t:00:04:37]
[I](2020-06-28  04:35:41 pm)    [LNo:0013] 000037/000106
[I](2020-06-28  04:35:41 pm)작업중 M코드정지 [d:1][t:00:04:37]
[I](2020-06-28  04:35:46 pm)작업중 정지 [d:1][t:00:04:42]
[I](2020-06-28  04:35:46 pm)    [LNo:0013] 000040/000106
[I](2020-06-28  04:35:48 pm)작업중 정지 [d:1][t:00:04:45]
[I](2020-06-28  04:35:48 pm)    [LNo:0013] 000040/000106
[A](2020-06-28  04:35:49 pm)[010] 자동결선 Error(M21-절단실패)
[I](2020-06-28  05:01:15 pm)작업중 정지 [d:25][t:00:30:12]
[I](2020-06-28  05:01:15 pm)    [LNo:0013] 000064/000106
[A](2020-06-28  05:01:15 pm)[008] 작업중 단선(AWF Feed Motor Stop )
[I](2020-06-28  05:01:15 pm)작업중 Wire 단선 [d:25][t:00:30:12]
[I](2020-06-28  05:01:27 pm)작업 재시작
[I](2020-06-28  05:14:40 pm)작업중 정지 [d:38][t:00:43:37]
[I](2020-06-28  05:14:40 pm)    [LNo:0013] 000070/000106
[I](2020-06-28  05:14:40 pm)작업중 M코드정지 [d:38][t:00:43:37]
[I](2020-06-28  05:17:39 pm)작업중 정지 [d:38][t:00:46:36]
[I](2020-06-28  05:17:39 pm)    [LNo:0013] 000073/000106
[I](2020-06-28  05:17:39 pm)작업중 M코드정지 [d:38][t:00:46:36]
[I](2020-06-28  05:27:56 pm)작업중 정지 [d:48][t:00:56:53]
[I](2020-06-28  05:27:56 pm)    [LNo:0013] 000099/000106
[A](2020-06-28  05:27:56 pm)[011] 자동결선 Error(M21-잔여와이어 처리실패)
[I](2020-06-28  05:38:47 pm)Reset
[A](2020-06-28  05:38:55 pm)[053] Emergency Stop
[A](2020-06-28  05:38:55 pm)[053] Emergency Stop
[I](2020-06-28  05:38:55 pm)Ready Off
[I](2020-06-28  05:38:55 pm)    X:    271.2194
[I](2020-06-28  05:38:55 pm)    Y:   -170.6244
[I](2020-06-28  05:38:55 pm)    U:      0.0000
[I](2020-06-28  05:38:55 pm)    V:      0.0000
[I](2020-06-28  05:38:55 pm)    Z:    109.8407
[A](2020-06-28  05:38:55 pm)[005] READY Off(Alarm)
[I](2020-06-28  05:38:55 pm)    X:    271.2194
[I](2020-06-28  05:38:55 pm)    Y:   -170.6244
[I](2020-06-28  05:38:55 pm)    U:      0.0000
[I](2020-06-28  05:38:55 pm)    V:      0.0000
[I](2020-06-28  05:38:55 pm)    Z:    109.8407
[A](2020-06-28  06:20:06 pm)[053] Emergency Stop
[A](2020-06-28  06:20:06 pm)[083] Oil Lack Alarm
[I](2020-06-28  06:20:06 pm)Ready On
[I](2020-06-28  06:21:49 pm)Reset
[I](2020-06-28  06:22:14 pm)Reset
[I](2020-06-28  06:25:44 pm)Reset
[I](2020-06-28  06:26:12 pm)Reset
[I](2020-06-28  06:26:13 pm)Reset
[I](2020-06-28  06:26:42 pm)Reset
[I](2020-06-28  06:27:10 pm)Reset
[I](2020-06-28  06:27:20 pm)Reset
[I](2020-06-28  06:27:38 pm)Reset
[I](2020-06-28  06:30:05 pm)작업 시작 [Start d:1002]
[I](2020-06-28  06:30:05 pm)Nc File: [No.0015-417.NC]
[I](2020-06-28  06:30:05 pm)  * Start Machine Position
[I](2020-06-28  06:30:05 pm)    X:    239.0042
[I](2020-06-28  06:30:05 pm)    Y:   -364.0671
[I](2020-06-28  06:30:05 pm)    U:     -0.1055
[I](2020-06-28  06:30:05 pm)    V:      0.1084
[I](2020-06-28  06:30:05 pm)    Z:     49.3602
[I](2020-06-28  06:30:05 pm)  * Angle
[I](2020-06-28  06:30:05 pm)    Ar:     -0.2440,Kr:      0.0000
[I](2020-06-28  06:30:05 pm)    Taper_Ar:      0.0000
[I](2020-06-28  06:30:08 pm)작업중 정지 [d:0][t:00:00:02]
[I](2020-06-28  06:30:08 pm)    [LNo:0015] 000010/000114
[I](2020-06-28  06:30:08 pm)작업중 M코드정지 [d:0][t:00:00:02]
[I](2020-06-28  06:33:20 pm)작업중 정지 [d:3][t:00:03:14]
[I](2020-06-28  06:33:20 pm)    [LNo:0015] 000029/000114
[I](2020-06-28  06:33:20 pm)작업중 M코드정지 [d:3][t:00:03:14]
[I](2020-06-28  06:33:43 pm)작업중 정지 [d:3][t:00:03:37]
[I](2020-06-28  06:33:43 pm)    [LNo:0015] 000032/000114
[I](2020-06-28  06:33:43 pm)작업중 M코드정지 [d:3][t:00:03:38]
[I](2020-06-28  06:35:13 pm)작업중 정지 [d:4][t:00:05:08]
[I](2020-06-28  06:35:13 pm)    [LNo:0015] 000056/000114
[I](2020-06-28  06:40:40 pm)작업중 정지 [d:9][t:00:10:34]
[I](2020-06-28  06:40:40 pm)    [LNo:0015] 000080/000114
[I](2020-06-28  06:40:40 pm)작업중 M코드정지 [d:9][t:00:10:34]
[I](2020-06-28  06:40:57 pm)작업중 정지 [d:9][t:00:10:52]
[I](2020-06-28  06:40:57 pm)    [LNo:0015] 000083/000114
[I](2020-06-28  06:40:58 pm)작업중 M코드정지 [d:9][t:00:10:52]
[I](2020-06-28  06:41:17 pm)작업중 정지 [d:9][t:00:11:11]
[I](2020-06-28  06:41:17 pm)    [LNo:0015] 000096/000114
[I](2020-06-28  06:41:17 pm)작업중 30sec 접촉 정지 [d:9][t:00:11:12]
[I](2020-06-28  06:44:27 pm)작업 재시작
[I](2020-06-28  06:44:28 pm)작업중 정지 [d:9][t:00:14:23]
[I](2020-06-28  06:44:28 pm)    [LNo:0015] 000096/000114
[I](2020-06-28  06:45:06 pm)작업 재시작
[I](2020-06-28  06:45:08 pm)작업중 정지 [d:9][t:00:15:03]
[I](2020-06-28  06:45:08 pm)    [LNo:0015] 000096/000114
[I](2020-06-28  06:45:10 pm)작업 재시작
[I](2020-06-28  06:45:12 pm)작업중 정지 [d:9][t:00:15:06]
[I](2020-06-28  06:45:12 pm)    [LNo:0015] 000096/000114
[I](2020-06-28  06:45:52 pm)작업 재시작
[I](2020-06-28  06:47:28 pm)작업중 정지 [d:10][t:00:17:22]
[I](2020-06-28  06:47:28 pm)    [LNo:0015] 000110/000114
[I](2020-06-28  06:47:28 pm)작업중 M코드정지 [d:10][t:00:17:22]
[A](2020-06-28  06:52:34 pm)[036] 자동결선 절단 공정 실패!!
[I](2020-06-28  06:53:10 pm)Reset
[I](2020-06-28  06:54:53 pm)Reset
[I](2020-06-28  06:54:53 pm)Reset
[A](2020-06-28  06:55:00 pm)[053] Emergency Stop
[A](2020-06-28  06:55:00 pm)[005] READY Off(Alarm)
[I](2020-06-28  06:55:00 pm)    X:    239.7759
[I](2020-06-28  06:55:00 pm)    Y:   -182.8448
[I](2020-06-28  06:55:00 pm)    U:      0.0000
[I](2020-06-28  06:55:00 pm)    V:      0.0000
[I](2020-06-28  06:55:00 pm)    Z:     49.3602
