[I](2020-12-01  12:03:37 am)작업중 정지 [d:18][t:00:34:15]
[I](2020-12-01  12:03:37 am)    [LNo:0009] 000074/000082
[I](2020-12-01  12:03:37 am)작업중 M코드정지 [d:18][t:00:34:15]
[I](2020-12-01  12:08:01 am)Reset
[I](2020-12-01  12:08:01 am)Reset
[I](2020-12-01  12:08:13 am)Reset
[I](2020-12-01  12:09:45 am)Reset
[I](2020-12-01  12:10:21 am)Reset
[I](2020-12-01  12:13:47 am)Reset
[I](2020-12-01  12:14:39 am)Reset
[I](2020-12-01  12:24:26 am)Reset
[I](2020-12-01  12:25:28 am)Reset
[I](2020-12-01  12:26:01 am)Reset
[I](2020-12-01  12:26:42 am)Reset
[I](2020-12-01  12:26:57 am)작업 시작 [Start d:826]
[I](2020-12-01  12:26:57 am)Nc File: [No.0009-478.NC]
[I](2020-12-01  12:26:57 am)  * Start Machine Position
[I](2020-12-01  12:26:57 am)    X:     18.7461
[I](2020-12-01  12:26:57 am)    Y:   -381.8731
[I](2020-12-01  12:26:57 am)    U:      0.1409
[I](2020-12-01  12:26:57 am)    V:      0.0022
[I](2020-12-01  12:26:57 am)    Z:     49.5332
[I](2020-12-01  12:26:57 am)  * Angle
[I](2020-12-01  12:26:57 am)    Ar:      0.9220,Kr:      0.0000
[I](2020-12-01  12:26:57 am)    Taper_Ar:      0.0000
[I](2020-12-01  12:27:12 am)작업중 정지 [d:0][t:00:00:15]
[I](2020-12-01  12:27:12 am)    [LNo:0009] 000010/000082
[I](2020-12-01  12:27:12 am)작업중 M코드정지 [d:0][t:00:00:15]
[I](2020-12-01  12:46:00 am)작업중 정지 [d:15][t:00:19:03]
[I](2020-12-01  12:46:00 am)    [LNo:0009] 000042/000082
[I](2020-12-01  12:46:00 am)작업중 M코드정지 [d:15][t:00:19:03]
[I](2020-12-01  12:51:48 am)작업중 정지 [d:15][t:00:24:51]
[I](2020-12-01  12:51:48 am)    [LNo:0009] 000044/000082
[I](2020-12-01  12:51:48 am)작업중 M코드정지 [d:15][t:00:24:51]
[I](2020-12-01  12:55:29 am)작업중 정지 [d:18][t:00:28:32]
[I](2020-12-01  12:55:29 am)    [LNo:0009] 000074/000082
[I](2020-12-01  12:55:29 am)작업중 M코드정지 [d:18][t:00:28:32]
[I](2020-12-01  01:02:22 am)Reset
[I](2020-12-01  01:02:27 am)Reset
[I](2020-12-01  01:07:35 am)Reset
[I](2020-12-01  01:08:08 am)Reset
[I](2020-12-01  01:09:28 am)Reset
[I](2020-12-01  01:12:23 am)Reset
[I](2020-12-01  01:17:23 am)작업 시작 [Start d:0]
[I](2020-12-01  01:17:23 am)Nc File: [No.0010-477.NC]
[I](2020-12-01  01:17:23 am)  * Start Machine Position
[I](2020-12-01  01:17:23 am)    X:    122.4319
[I](2020-12-01  01:17:23 am)    Y:   -205.7775
[I](2020-12-01  01:17:23 am)    U:      0.0000
[I](2020-12-01  01:17:23 am)    V:      0.0000
[I](2020-12-01  01:17:23 am)    Z:     30.4777
[I](2020-12-01  01:17:23 am)  * Angle
[I](2020-12-01  01:17:23 am)    Ar:      0.0316,Kr:      0.0000
[I](2020-12-01  01:17:23 am)    Taper_Ar:      0.0000
[I](2020-12-01  01:25:28 am)작업중 정지 [d:8][t:00:08:05]
[I](2020-12-01  01:25:28 am)    [LNo:0010] 000020/000609
[I](2020-12-01  01:25:28 am)작업중 M코드정지 [d:8][t:00:08:05]
[I](2020-12-01  01:26:23 am)작업중 정지 [d:8][t:00:09:00]
[I](2020-12-01  01:26:23 am)    [LNo:0010] 000021/000609
[I](2020-12-01  01:26:23 am)작업중 30sec 접촉 정지 [d:8][t:00:09:00]
[I](2020-12-01  01:27:01 am)작업 재시작
[I](2020-12-01  01:27:11 am)작업중 정지 [d:8][t:00:09:48]
[I](2020-12-01  01:27:11 am)    [LNo:0010] 000023/000609
[I](2020-12-01  01:27:11 am)작업중 M코드정지 [d:8][t:00:09:48]
[I](2020-12-01  01:55:12 am)작업중 정지 [d:34][t:00:37:49]
[I](2020-12-01  01:55:12 am)    [LNo:0010] 000061/000609
[I](2020-12-01  01:55:12 am)작업중 M코드정지 [d:34][t:00:37:49]
[I](2020-12-01  01:57:54 am)작업중 정지 [d:35][t:00:40:31]
[I](2020-12-01  01:57:54 am)    [LNo:0010] 000062/000609
[I](2020-12-01  01:58:32 am)작업 재시작
[I](2020-12-01  01:58:37 am)작업중 정지 [d:35][t:00:41:14]
[I](2020-12-01  01:58:37 am)    [LNo:0010] 000064/000609
[I](2020-12-01  01:58:37 am)작업중 M코드정지 [d:35][t:00:41:14]
[I](2020-12-01  02:31:04 am)작업중 정지 [d:66][t:01:13:40]
[I](2020-12-01  02:31:04 am)    [LNo:0010] 000133/000609
[I](2020-12-01  02:31:04 am)작업중 M코드정지 [d:66][t:01:13:41]
[I](2020-12-01  02:34:55 am)작업중 정지 [d:67][t:01:17:32]
[I](2020-12-01  02:34:55 am)    [LNo:0010] 000134/000609
[I](2020-12-01  02:35:28 am)작업 재시작
[I](2020-12-01  02:35:33 am)작업중 정지 [d:67][t:01:18:10]
[I](2020-12-01  02:35:33 am)    [LNo:0010] 000136/000609
[I](2020-12-01  02:35:33 am)작업중 M코드정지 [d:67][t:01:18:10]
[I](2020-12-01  03:12:31 am)작업중 정지 [d:102][t:01:55:08]
[I](2020-12-01  03:12:31 am)    [LNo:0010] 000215/000609
[I](2020-12-01  03:12:31 am)작업중 30sec 접촉 정지 [d:102][t:01:55:08]
[I](2020-12-01  03:16:21 am)작업 재시작
[I](2020-12-01  03:57:03 am)작업중 정지 [d:141][t:02:39:40]
[I](2020-12-01  03:57:03 am)    [LNo:0010] 000275/000609
[I](2020-12-01  03:57:03 am)작업중 30sec 접촉 정지 [d:141][t:02:39:40]
[I](2020-12-01  03:58:47 am)작업 재시작
[I](2020-12-01  04:16:14 am)작업중 정지 [d:157][t:02:58:51]
[I](2020-12-01  04:16:14 am)    [LNo:0010] 000310/000609
[I](2020-12-01  04:16:14 am)작업중 M코드정지 [d:157][t:02:58:51]
[I](2020-12-01  04:19:45 am)작업중 정지 [d:157][t:03:02:22]
[I](2020-12-01  04:19:45 am)    [LNo:0010] 000312/000609
[I](2020-12-01  04:19:45 am)작업중 M코드정지 [d:157][t:03:02:22]
[I](2020-12-01  04:26:12 am)작업중 정지 [d:162][t:03:08:49]
[I](2020-12-01  04:26:12 am)    [LNo:0010] 000335/000609
[I](2020-12-01  04:26:12 am)작업중 M코드정지 [d:162][t:03:08:49]
[I](2020-12-01  04:30:12 am)작업중 정지 [d:162][t:03:12:49]
[I](2020-12-01  04:30:12 am)    [LNo:0010] 000337/000609
[I](2020-12-01  04:30:12 am)작업중 M코드정지 [d:162][t:03:12:49]
[I](2020-12-01  05:06:02 am)작업중 정지 [d:196][t:03:48:38]
[I](2020-12-01  05:06:02 am)    [LNo:0010] 000376/000609
[I](2020-12-01  05:06:02 am)작업중 M코드정지 [d:196][t:03:48:38]
[I](2020-12-01  05:07:34 am)작업중 정지 [d:196][t:03:50:11]
[I](2020-12-01  05:07:34 am)    [LNo:0010] 000379/000609
[I](2020-12-01  05:07:34 am)작업중 M코드정지 [d:196][t:03:50:11]
[I](2020-12-01  05:44:04 am)작업중 정지 [d:231][t:04:26:41]
[I](2020-12-01  05:44:04 am)    [LNo:0010] 000502/000609
[I](2020-12-01  05:44:04 am)작업중 M코드정지 [d:231][t:04:26:41]
[I](2020-12-01  05:44:46 am)작업중 정지 [d:231][t:04:27:23]
[I](2020-12-01  05:44:46 am)    [LNo:0010] 000503/000609
[I](2020-12-01  05:44:46 am)Wire Contact Auto Stop(M52)
[I](2020-12-01  05:45:10 am)작업 재시작
[I](2020-12-01  05:45:16 am)작업중 정지 [d:231][t:04:27:53]
[I](2020-12-01  05:45:16 am)    [LNo:0010] 000503/000609
[I](2020-12-01  05:45:27 am)작업 재시작
[I](2020-12-01  05:45:29 am)작업중 정지 [d:231][t:04:28:05]
[I](2020-12-01  05:45:29 am)    [LNo:0010] 000504/000609
[I](2020-12-01  05:45:29 am)작업중 M코드정지 [d:231][t:04:28:06]
[I](2020-12-01  06:11:56 am)작업중 정지 [d:257][t:04:54:33]
[I](2020-12-01  06:11:56 am)    [LNo:0010] 000597/000609
[I](2020-12-01  06:11:56 am)작업중 M코드정지 [d:257][t:04:54:33]
[I](2020-12-01  06:12:24 am)작업중 정지 [d:257][t:04:55:01]
[I](2020-12-01  06:12:24 am)    [LNo:0010] 000598/000609
[I](2020-12-01  06:12:24 am)Wire Contact Auto Stop(M52)
[I](2020-12-01  06:28:57 am)Reset
[I](2020-12-01  06:31:34 am)Reset
[I](2020-12-01  06:32:00 am)Reset
[I](2020-12-01  06:37:31 am)Reset
[I](2020-12-01  06:39:29 am)작업 시작 [Start d:257]
[I](2020-12-01  06:39:29 am)Nc File: [No.0011-473.NC]
[I](2020-12-01  06:39:29 am)  * Start Machine Position
[I](2020-12-01  06:39:29 am)    X:     91.3260
[I](2020-12-01  06:39:29 am)    Y:   -223.7196
[I](2020-12-01  06:39:29 am)    U:      0.0000
[I](2020-12-01  06:39:29 am)    V:      0.0000
[I](2020-12-01  06:39:29 am)    Z:     18.8622
[I](2020-12-01  06:39:29 am)  * Angle
[I](2020-12-01  06:39:29 am)    Ar:      0.8762,Kr:      0.0000
[I](2020-12-01  06:39:29 am)    Taper_Ar:      0.0000
[I](2020-12-01  06:44:29 am)작업중 정지 [d:5][t:00:04:59]
[I](2020-12-01  06:44:29 am)    [LNo:0011] 000022/000494
[I](2020-12-01  06:44:29 am)작업중 M코드정지 [d:5][t:00:04:59]
[I](2020-12-01  06:46:40 am)작업중 정지 [d:5][t:00:07:10]
[I](2020-12-01  06:46:40 am)    [LNo:0011] 000026/000494
[I](2020-12-01  06:46:40 am)작업중 M코드정지 [d:5][t:00:07:10]
[I](2020-12-01  06:49:19 am)작업중 정지 [d:7][t:00:09:49]
[I](2020-12-01  06:49:19 am)    [LNo:0011] 000044/000494
[I](2020-12-01  06:49:19 am)작업중 M코드정지 [d:7][t:00:09:49]
[I](2020-12-01  07:17:35 am)작업중 정지 [d:28][t:00:38:06]
[I](2020-12-01  07:17:35 am)    [LNo:0011] 000114/000494
[I](2020-12-01  07:17:35 am)작업중 M코드정지 [d:28][t:00:38:06]
[I](2020-12-01  07:44:30 am)작업중 정지 [d:28][t:01:05:00]
[I](2020-12-01  07:44:30 am)    [LNo:0011] 000115/000494
[I](2020-12-01  07:44:30 am)Wire Contact Auto Stop(M52)
[I](2020-12-01  07:45:07 am)작업 재시작
[I](2020-12-01  07:45:08 am)작업중 정지 [d:28][t:01:05:38]
[I](2020-12-01  07:45:08 am)    [LNo:0011] 000116/000494
[I](2020-12-01  07:45:08 am)작업중 M코드정지 [d:28][t:01:05:39]
[I](2020-12-01  07:52:35 am)작업중 정지 [d:34][t:01:13:05]
[I](2020-12-01  07:52:35 am)    [LNo:0011] 000146/000494
[I](2020-12-01  07:52:35 am)작업중 M코드정지 [d:34][t:01:13:05]
[I](2020-12-01  07:57:50 am)작업중 정지 [d:35][t:01:18:20]
[I](2020-12-01  07:57:50 am)    [LNo:0011] 000150/000494
[I](2020-12-01  07:57:50 am)작업중 M코드정지 [d:35][t:01:18:20]
[I](2020-12-01  08:23:51 am)작업중 정지 [d:59][t:01:44:21]
[I](2020-12-01  08:23:51 am)    [LNo:0011] 000245/000494
[I](2020-12-01  08:23:51 am)작업중 M코드정지 [d:59][t:01:44:21]
[I](2020-12-01  08:24:13 am)작업중 정지 [d:59][t:01:44:43]
[I](2020-12-01  08:24:13 am)    [LNo:0011] 000246/000494
[A](2020-12-01  08:24:13 am)[008] 작업중 단선(AWF Feed Motor Stop )
[I](2020-12-01  08:24:13 am)작업중 Wire 단선 [d:59][t:01:44:43]
[I](2020-12-01  08:24:25 am)작업 재시작
[I](2020-12-01  08:24:25 am)작업중 정지 [d:59][t:01:44:55]
[I](2020-12-01  08:24:25 am)    [LNo:0011] 000246/000494
[I](2020-12-01  08:24:25 am)Wire Contact Auto Stop(M52)
[I](2020-12-01  08:24:58 am)작업 재시작
[I](2020-12-01  08:25:00 am)작업중 정지 [d:59][t:01:45:30]
[I](2020-12-01  08:25:00 am)    [LNo:0011] 000247/000494
[I](2020-12-01  08:25:00 am)작업중 M코드정지 [d:59][t:01:45:30]
[I](2020-12-01  08:32:07 am)작업중 정지 [d:64][t:01:52:37]
[I](2020-12-01  08:32:07 am)    [LNo:0011] 000271/000494
[I](2020-12-01  08:32:07 am)작업중 M코드정지 [d:64][t:01:52:37]
[I](2020-12-01  08:41:40 am)작업중 정지 [d:64][t:02:02:10]
[I](2020-12-01  08:41:40 am)    [LNo:0011] 000275/000494
[I](2020-12-01  08:41:40 am)작업중 M코드정지 [d:64][t:02:02:11]
[I](2020-12-01  09:10:18 am)작업중 정지 [d:91][t:02:30:48]
[I](2020-12-01  09:10:18 am)    [LNo:0011] 000365/000494
[I](2020-12-01  09:10:18 am)Wire Contact Auto Stop(M52)
[I](2020-12-01  09:10:40 am)작업 재시작
[I](2020-12-01  09:10:46 am)작업중 정지 [d:91][t:02:31:16]
[I](2020-12-01  09:10:46 am)    [LNo:0011] 000366/000494
[I](2020-12-01  09:10:46 am)작업중 M코드정지 [d:91][t:02:31:16]
[I](2020-12-01  09:18:41 am)작업중 정지 [d:96][t:02:39:11]
[I](2020-12-01  09:18:41 am)    [LNo:0011] 000390/000494
[I](2020-12-01  09:18:41 am)작업중 M코드정지 [d:96][t:02:39:11]
[I](2020-12-01  09:18:56 am)작업중 정지 [d:97][t:02:39:26]
[I](2020-12-01  09:18:56 am)    [LNo:0011] 000394/000494
[I](2020-12-01  09:18:56 am)작업중 M코드정지 [d:97][t:02:39:26]
[I](2020-12-01  09:47:46 am)작업중 정지 [d:123][t:03:08:16]
[I](2020-12-01  09:47:46 am)    [LNo:0011] 000482/000494
[I](2020-12-01  09:47:46 am)작업중 M코드정지 [d:123][t:03:08:16]
[I](2020-12-01  09:48:26 am)작업중 정지 [d:123][t:03:08:57]
[I](2020-12-01  09:48:26 am)    [LNo:0011] 000483/000494
[I](2020-12-01  09:48:27 am)Wire Contact Auto Stop(M52)
[I](2020-12-01  09:54:26 am)Reset
[I](2020-12-01  09:59:19 am)Reset
[I](2020-12-01  09:59:20 am)Reset
[I](2020-12-01  10:04:42 am)Reset
[I](2020-12-01  10:04:55 am)Reset
[I](2020-12-01  10:04:56 am)Reset
[I](2020-12-01  10:05:34 am)Reset
[I](2020-12-01  10:08:03 am)Reset
[I](2020-12-01  10:08:11 am)Reset
[I](2020-12-01  10:09:15 am)Reset
[I](2020-12-01  10:10:04 am)Reset
[I](2020-12-01  10:10:18 am)Reset
[I](2020-12-01  10:10:57 am)작업 시작 [Start d:380]
[I](2020-12-01  10:10:57 am)Nc File: [No.0001-393.NC]
[I](2020-12-01  10:10:57 am)  * Start Machine Position
[I](2020-12-01  10:10:57 am)    X:    212.0451
[I](2020-12-01  10:10:57 am)    Y:   -336.9244
[I](2020-12-01  10:10:57 am)    U:     -0.1000
[I](2020-12-01  10:10:57 am)    V:      0.6299
[I](2020-12-01  10:10:57 am)    Z:     43.9050
[I](2020-12-01  10:10:57 am)  * Angle
[I](2020-12-01  10:10:57 am)    Ar:      0.0135,Kr:      0.0000
[I](2020-12-01  10:10:57 am)    Taper_Ar:      0.0000
[I](2020-12-01  10:11:05 am)작업중 정지 [d:0][t:00:00:07]
[I](2020-12-01  10:11:05 am)    [LNo:0001] 000010/000149
[I](2020-12-01  10:11:05 am)작업중 M코드정지 [d:0][t:00:00:07]
[I](2020-12-01  10:46:05 am)작업중 정지 [d:35][t:00:35:07]
[I](2020-12-01  10:46:05 am)    [LNo:0001] 000034/000149
[I](2020-12-01  10:46:05 am)작업중 M코드정지 [d:35][t:00:35:07]
[I](2020-12-01  10:46:32 am)작업중 정지 [d:35][t:00:35:34]
[I](2020-12-01  10:46:32 am)    [LNo:0001] 000036/000149
[I](2020-12-01  10:46:32 am)작업중 M코드정지 [d:35][t:00:35:34]
[I](2020-12-01  10:52:09 am)작업중 정지 [d:41][t:00:41:11]
[I](2020-12-01  10:52:09 am)    [LNo:0001] 000063/000149
[I](2020-12-01  10:52:09 am)작업중 M코드정지 [d:41][t:00:41:11]
[I](2020-12-01  10:53:03 am)Reset
[I](2020-12-01  10:53:14 am)작업 시작 [Start d:421]
[I](2020-12-01  10:53:14 am)Nc File: [No.0001-393.NC]
[I](2020-12-01  10:53:14 am)  * Start Machine Position
[I](2020-12-01  10:53:14 am)    X:    239.0550
[I](2020-12-01  10:53:14 am)    Y:   -379.3680
[I](2020-12-01  10:53:14 am)    U:     -0.1000
[I](2020-12-01  10:53:14 am)    V:      0.6299
[I](2020-12-01  10:53:14 am)    Z:     43.9050
[I](2020-12-01  10:53:14 am)  * Angle
[I](2020-12-01  10:53:14 am)    Ar:      0.0135,Kr:      0.0000
[I](2020-12-01  10:53:14 am)    Taper_Ar:      0.0000
[I](2020-12-01  10:54:23 am)작업중 정지 [d:1][t:00:01:08]
[I](2020-12-01  10:54:23 am)    [LNo:0001] 000063/000149
[I](2020-12-01  10:54:23 am)작업중 M코드정지 [d:1][t:00:01:08]
[A](2020-12-01  10:54:44 am)[084] Work Tank Fluid Sensor Abnormal
[A](2020-12-01  10:54:44 am)[084] Work Tank Fluid Sensor Abnormal
[A](2020-12-01  10:54:45 am)[084] Work Tank Fluid Sensor Abnormal
[A](2020-12-01  10:54:45 am)[084] Work Tank Fluid Sensor Abnormal
[A](2020-12-01  10:54:47 am)[084] Work Tank Fluid Sensor Abnormal
[A](2020-12-01  10:54:47 am)[084] Work Tank Fluid Sensor Abnormal
[I](2020-12-01  10:56:18 am)Reset
[I](2020-12-01  10:57:31 am)Reset
[I](2020-12-01  11:00:33 am)Reset
[I](2020-12-01  11:00:42 am)Reset
[I](2020-12-01  11:01:21 am)Reset
[I](2020-12-01  11:01:30 am)Reset
[I](2020-12-01  11:02:01 am)작업 시작 [Start d:422]
[I](2020-12-01  11:02:01 am)Nc File: [No.0001-393.NC]
[I](2020-12-01  11:02:01 am)  * Start Machine Position
[I](2020-12-01  11:02:01 am)    X:    212.5659
[I](2020-12-01  11:02:01 am)    Y:   -341.3952
[I](2020-12-01  11:02:01 am)    U:     -0.0779
[I](2020-12-01  11:02:01 am)    V:     -0.8311
[I](2020-12-01  11:02:01 am)    Z:     43.9050
[I](2020-12-01  11:02:01 am)  * Angle
[I](2020-12-01  11:02:01 am)    Ar:      0.8256,Kr:      0.0000
[I](2020-12-01  11:02:01 am)    Taper_Ar:      0.0000
[I](2020-12-01  11:02:08 am)작업중 정지 [d:0][t:00:00:07]
[I](2020-12-01  11:02:08 am)    [LNo:0001] 000082/000149
[I](2020-12-01  11:02:08 am)작업중 M코드정지 [d:0][t:00:00:07]
[I](2020-12-01  11:02:10 am)작업중 정지 [d:0][t:00:00:08]
[I](2020-12-01  11:02:10 am)    [LNo:0001] 000085/000149
[I](2020-12-01  11:02:10 am)작업중 M코드정지 [d:0][t:00:00:08]
[I](2020-12-01  11:02:11 am)작업중 정지 [d:0][t:00:00:09]
[I](2020-12-01  11:02:11 am)    [LNo:0001] 000091/000149
[I](2020-12-01  11:02:11 am)작업중 M코드정지 [d:0][t:00:00:10]
[I](2020-12-01  11:02:29 am)작업중 정지 [d:0][t:00:00:28]
[I](2020-12-01  11:02:29 am)    [LNo:0001] 000097/000149
[I](2020-12-01  11:34:04 am)작업중 정지 [d:32][t:00:32:02]
[I](2020-12-01  11:34:04 am)    [LNo:0001] 000114/000149
[I](2020-12-01  11:34:04 am)작업중 M코드정지 [d:32][t:00:32:02]
[I](2020-12-01  11:36:22 am)작업중 정지 [d:32][t:00:34:21]
[I](2020-12-01  11:36:22 am)    [LNo:0001] 000116/000149
[I](2020-12-01  11:36:22 am)작업중 M코드정지 [d:32][t:00:34:21]
[I](2020-12-01  11:41:32 am)작업중 정지 [d:37][t:00:39:31]
[I](2020-12-01  11:41:32 am)    [LNo:0001] 000141/000149
[I](2020-12-01  11:41:32 am)작업중 M코드정지 [d:37][t:00:39:31]
[I](2020-12-01  11:42:12 am)Reset
[I](2020-12-01  11:42:23 am)작업 시작 [Start d:459]
[I](2020-12-01  11:42:23 am)Nc File: [No.0001-393.NC]
[I](2020-12-01  11:42:23 am)  * Start Machine Position
[I](2020-12-01  11:42:23 am)    X:    240.1034
[I](2020-12-01  11:42:23 am)    Y:   -378.5022
[I](2020-12-01  11:42:23 am)    U:     -0.0779
[I](2020-12-01  11:42:23 am)    V:     -0.8311
[I](2020-12-01  11:42:23 am)    Z:     43.9050
[I](2020-12-01  11:42:23 am)  * Angle
[I](2020-12-01  11:42:23 am)    Ar:      0.8256,Kr:      0.0000
[I](2020-12-01  11:42:23 am)    Taper_Ar:      0.0000
[I](2020-12-01  11:46:29 am)작업중 정지 [d:4][t:00:04:05]
[I](2020-12-01  11:46:29 am)    [LNo:0001] 000141/000149
[I](2020-12-01  11:46:29 am)작업중 M코드정지 [d:4][t:00:04:06]
[I](2020-12-01  11:51:27 am)Reset
[I](2020-12-01  11:51:40 am)Reset
[I](2020-12-01  11:59:05 am)Reset
[I](2020-12-01  11:59:05 am)Reset
[I](2020-12-01  12:01:23 pm)작업 시작 [Start d:463]
[I](2020-12-01  12:01:23 pm)Nc File: [No.0002-427.NC]
[I](2020-12-01  12:01:23 pm)  * Start Machine Position
[I](2020-12-01  12:01:23 pm)    X:     98.0142
[I](2020-12-01  12:01:23 pm)    Y:   -297.6109
[I](2020-12-01  12:01:23 pm)    U:      0.0000
[I](2020-12-01  12:01:23 pm)    V:      0.0000
[I](2020-12-01  12:01:23 pm)    Z:      8.7385
[I](2020-12-01  12:01:23 pm)  * Angle
[I](2020-12-01  12:01:23 pm)    Ar:      0.5691,Kr:      0.0000
[I](2020-12-01  12:01:23 pm)    Taper_Ar:      0.0000
[I](2020-12-01  12:04:02 pm)작업중 정지 [d:3][t:00:02:38]
[I](2020-12-01  12:04:02 pm)    [LNo:0002] 000075/000298
[I](2020-12-01  12:04:02 pm)작업중 M코드정지 [d:3][t:00:02:38]
[I](2020-12-01  12:51:32 pm)작업중 정지 [d:12][t:00:50:08]
[I](2020-12-01  12:51:32 pm)    [LNo:0002] 000141/000298
[I](2020-12-01  12:51:32 pm)작업중 M코드정지 [d:12][t:00:50:08]
[I](2020-12-01  12:53:26 pm)작업중 정지 [d:12][t:00:52:02]
[I](2020-12-01  12:53:26 pm)    [LNo:0002] 000142/000298
[I](2020-12-01  12:53:26 pm)Wire Contact Auto Stop(M52)
[I](2020-12-01  12:53:54 pm)작업 재시작
[I](2020-12-01  12:53:57 pm)작업중 정지 [d:12][t:00:52:33]
[I](2020-12-01  12:53:57 pm)    [LNo:0002] 000143/000298
[I](2020-12-01  12:53:57 pm)작업중 M코드정지 [d:12][t:00:52:33]
[I](2020-12-01  12:58:18 pm)작업중 정지 [d:15][t:00:56:54]
[I](2020-12-01  12:58:18 pm)    [LNo:0002] 000220/000298
[I](2020-12-01  12:58:18 pm)작업중 Single Block Stop [d:15][t:00:56:54]
[I](2020-12-01  12:58:49 pm)작업중 정지 [d:15][t:00:57:25]
[I](2020-12-01  12:58:49 pm)    [LNo:0002] 000220/000298
[I](2020-12-01  12:58:49 pm)작업중 Single Block Stop [d:15][t:00:57:25]
[I](2020-12-01  12:58:51 pm)작업중 정지 [d:15][t:00:57:27]
[I](2020-12-01  12:58:51 pm)    [LNo:0002] 000223/000298
[I](2020-12-01  12:58:51 pm)작업중 Single Block Stop [d:15][t:00:57:27]
[I](2020-12-01  01:09:07 pm)작업중 정지 [d:25][t:01:07:43]
[I](2020-12-01  01:09:07 pm)    [LNo:0002] 000286/000298
[I](2020-12-01  01:09:07 pm)작업중 M코드정지 [d:25][t:01:07:43]
[I](2020-12-01  01:10:07 pm)작업중 정지 [d:25][t:01:08:43]
[I](2020-12-01  01:10:07 pm)    [LNo:0002] 000287/000298
[I](2020-12-01  01:10:07 pm)Wire Contact Auto Stop(M52)
[I](2020-12-01  01:14:23 pm)Reset
[I](2020-12-01  01:16:24 pm)Reset
[I](2020-12-01  01:17:31 pm)작업 시작 [Start d:488]
[I](2020-12-01  01:17:31 pm)Nc File: [No.0006-482.NC]
[I](2020-12-01  01:17:31 pm)  * Start Machine Position
[I](2020-12-01  01:17:31 pm)    X:     57.0394
[I](2020-12-01  01:17:31 pm)    Y:   -330.6392
[I](2020-12-01  01:17:31 pm)    U:      0.0000
[I](2020-12-01  01:17:31 pm)    V:      0.0000
[I](2020-12-01  01:17:31 pm)    Z:      8.9760
[I](2020-12-01  01:17:31 pm)  * Angle
[I](2020-12-01  01:17:31 pm)    Ar:     -0.3510,Kr:      0.0000
[I](2020-12-01  01:17:31 pm)    Taper_Ar:      0.0000
[I](2020-12-01  01:36:51 pm)작업중 정지 [d:20][t:00:19:20]
[I](2020-12-01  01:36:51 pm)    [LNo:0006] 000065/000339
[I](2020-12-01  01:36:52 pm)작업중 M코드정지 [d:20][t:00:19:20]
[I](2020-12-01  01:37:08 pm)작업중 정지 [d:20][t:00:19:36]
[I](2020-12-01  01:37:08 pm)    [LNo:0006] 000066/000339
[I](2020-12-01  01:37:08 pm)Wire Contact Auto Stop(M52)
[I](2020-12-01  01:37:37 pm)작업 재시작
[I](2020-12-01  01:37:41 pm)작업중 정지 [d:20][t:00:20:09]
[I](2020-12-01  01:37:41 pm)    [LNo:0006] 000067/000339
[I](2020-12-01  01:37:41 pm)작업중 M코드정지 [d:20][t:00:20:09]
[I](2020-12-01  01:58:24 pm)작업중 정지 [d:39][t:00:40:52]
[I](2020-12-01  01:58:24 pm)    [LNo:0006] 000134/000339
[I](2020-12-01  01:58:24 pm)작업중 M코드정지 [d:39][t:00:40:52]
[I](2020-12-01  02:00:10 pm)작업중 정지 [d:39][t:00:42:39]
[I](2020-12-01  02:00:10 pm)    [LNo:0006] 000136/000339
[I](2020-12-01  02:00:10 pm)작업중 M코드정지 [d:39][t:00:42:39]
[I](2020-12-01  02:26:04 pm)작업중 정지 [d:63][t:01:08:33]
[I](2020-12-01  02:26:04 pm)    [LNo:0006] 000199/000339
[I](2020-12-01  02:26:04 pm)작업중 M코드정지 [d:63][t:01:08:33]
[I](2020-12-01  02:26:40 pm)작업중 정지 [d:63][t:01:09:09]
[I](2020-12-01  02:26:40 pm)    [LNo:0006] 000201/000339
[I](2020-12-01  02:26:40 pm)작업중 M코드정지 [d:63][t:01:09:09]
[I](2020-12-01  02:52:40 pm)작업중 정지 [d:87][t:01:35:08]
[I](2020-12-01  02:52:40 pm)    [LNo:0006] 000264/000339
[I](2020-12-01  02:52:40 pm)작업중 M코드정지 [d:87][t:01:35:08]
[I](2020-12-01  02:54:33 pm)작업중 정지 [d:87][t:01:37:02]
[I](2020-12-01  02:54:33 pm)    [LNo:0006] 000266/000339
[I](2020-12-01  02:54:34 pm)작업중 M코드정지 [d:87][t:01:37:02]
[I](2020-12-01  03:31:54 pm)작업중 정지 [d:123][t:02:14:22]
[I](2020-12-01  03:31:54 pm)    [LNo:0006] 000329/000339
[I](2020-12-01  03:31:54 pm)작업중 M코드정지 [d:123][t:02:14:22]
[I](2020-12-01  03:38:02 pm)Reset
[I](2020-12-01  03:40:27 pm)Reset
[I](2020-12-01  03:42:23 pm)Reset
[I](2020-12-01  03:42:26 pm)Reset
[I](2020-12-01  03:43:56 pm)Reset
[I](2020-12-01  03:44:05 pm)Reset
[I](2020-12-01  03:44:37 pm)Reset
[I](2020-12-01  03:44:43 pm)Reset
[I](2020-12-01  03:44:51 pm)Reset
[I](2020-12-01  03:44:51 pm)Reset
[I](2020-12-01  03:45:59 pm)Reset
[I](2020-12-01  03:45:59 pm)Reset
[I](2020-12-01  03:46:48 pm)작업 시작 [Start d:611]
[I](2020-12-01  03:46:48 pm)Nc File: [No.0008-492.NC]
[I](2020-12-01  03:46:48 pm)  * Start Machine Position
[I](2020-12-01  03:46:48 pm)    X:    123.4356
[I](2020-12-01  03:46:48 pm)    Y:   -336.8632
[I](2020-12-01  03:46:48 pm)    U:      0.0000
[I](2020-12-01  03:46:48 pm)    V:     -0.0299
[I](2020-12-01  03:46:48 pm)    Z:     32.4485
[I](2020-12-01  03:46:48 pm)  * Angle
[I](2020-12-01  03:46:48 pm)    Ar:      0.1530,Kr:      0.0000
[I](2020-12-01  03:46:48 pm)    Taper_Ar:      0.0000
[I](2020-12-01  03:46:56 pm)작업중 정지 [d:0][t:00:00:08]
[I](2020-12-01  03:46:56 pm)    [LNo:0008] 000010/000073
[I](2020-12-01  03:46:56 pm)작업중 M코드정지 [d:0][t:00:00:08]
[I](2020-12-01  04:30:31 pm)작업중 정지 [d:43][t:00:43:43]
[I](2020-12-01  04:30:31 pm)    [LNo:0008] 000026/000073
[A](2020-12-01  04:30:31 pm)[008] 작업중 단선(AWF Feed Motor Stop )
[I](2020-12-01  04:30:31 pm)작업중 Wire 단선 [d:43][t:00:43:43]
[I](2020-12-01  04:31:18 pm)작업 재시작
[I](2020-12-01  04:31:37 pm)작업중 정지 [d:43][t:00:44:49]
[I](2020-12-01  04:31:37 pm)    [LNo:0008] 000027/000073
[I](2020-12-01  04:31:37 pm)작업중 M코드정지 [d:43][t:00:44:49]
[I](2020-12-01  04:31:47 pm)작업중 정지 [d:43][t:00:44:59]
[I](2020-12-01  04:31:47 pm)    [LNo:0008] 000029/000073
[I](2020-12-01  04:31:47 pm)작업중 M코드정지 [d:43][t:00:44:59]
[I](2020-12-01  05:44:10 pm)작업중 정지 [d:115][t:01:57:22]
[I](2020-12-01  05:44:10 pm)    [LNo:0008] 000065/000073
[I](2020-12-01  05:44:10 pm)작업중 M코드정지 [d:115][t:01:57:22]
[I](2020-12-01  05:49:52 pm)Reset
[I](2020-12-01  05:50:05 pm)Reset
[I](2020-12-01  05:50:05 pm)Reset
[I](2020-12-01  05:50:05 pm)Reset
[I](2020-12-01  05:50:40 pm)Reset
[I](2020-12-01  05:53:07 pm)Reset
[I](2020-12-01  06:02:00 pm)Reset
[I](2020-12-01  06:02:17 pm)Reset
[I](2020-12-01  06:02:38 pm)Reset
[I](2020-12-01  06:02:46 pm)Reset
[I](2020-12-01  06:02:52 pm)Reset
[I](2020-12-01  06:04:39 pm)Reset
[I](2020-12-01  06:05:03 pm)작업 시작 [Start d:726]
[I](2020-12-01  06:05:03 pm)Nc File: [No.0008-492.NC]
[I](2020-12-01  06:05:03 pm)  * Start Machine Position
[I](2020-12-01  06:05:03 pm)    X:    123.1324
[I](2020-12-01  06:05:03 pm)    Y:   -336.8231
[I](2020-12-01  06:05:03 pm)    U:      0.0000
[I](2020-12-01  06:05:03 pm)    V:      0.0000
[I](2020-12-01  06:05:03 pm)    Z:     28.5555
[I](2020-12-01  06:05:03 pm)  * Angle
[I](2020-12-01  06:05:03 pm)    Ar:      0.0903,Kr:      0.0000
[I](2020-12-01  06:05:03 pm)    Taper_Ar:      0.0000
[I](2020-12-01  06:05:11 pm)작업중 정지 [d:0][t:00:00:08]
[I](2020-12-01  06:05:11 pm)    [LNo:0008] 000010/000073
[I](2020-12-01  06:05:11 pm)작업중 M코드정지 [d:0][t:00:00:08]
[I](2020-12-01  06:05:41 pm)작업중 정지 [d:0][t:00:00:37]
[I](2020-12-01  06:05:41 pm)    [LNo:0008] 000016/000073
[A](2020-12-01  06:05:48 pm)[002] 가공액 미동작
[I](2020-12-01  06:05:50 pm)작업중 정지 [d:0][t:00:00:47]
[I](2020-12-01  06:05:50 pm)    [LNo:0008] 000018/000073
[I](2020-12-01  06:14:19 pm)작업중 정지 [d:8][t:00:09:15]
[I](2020-12-01  06:14:19 pm)    [LNo:0008] 000024/000073
[I](2020-12-01  06:14:19 pm)작업중 30sec 접촉 정지 [d:8][t:00:09:15]
[I](2020-12-01  06:38:08 pm)작업 재시작
[I](2020-12-01  07:09:20 pm)작업중 정지 [d:39][t:01:04:16]
[I](2020-12-01  07:09:20 pm)    [LNo:0008] 000027/000073
[I](2020-12-01  07:09:20 pm)작업중 M코드정지 [d:39][t:01:04:16]
[I](2020-12-01  07:12:42 pm)Reset
[I](2020-12-01  07:12:45 pm)작업 시작 [Start d:765]
[I](2020-12-01  07:12:45 pm)Nc File: [No.0008-492.NC]
[I](2020-12-01  07:12:45 pm)  * Start Machine Position
[I](2020-12-01  07:12:45 pm)    X:    123.1324
[I](2020-12-01  07:12:45 pm)    Y:   -336.8730
[I](2020-12-01  07:12:45 pm)    U:      0.0000
[I](2020-12-01  07:12:45 pm)    V:      0.0000
[I](2020-12-01  07:12:45 pm)    Z:     28.5555
[I](2020-12-01  07:12:45 pm)  * Angle
[I](2020-12-01  07:12:45 pm)    Ar:      0.0903,Kr:      0.0000
[I](2020-12-01  07:12:45 pm)    Taper_Ar:      0.0000
[I](2020-12-01  07:12:53 pm)작업중 정지 [d:0][t:00:00:08]
[I](2020-12-01  07:12:53 pm)    [LNo:0008] 000010/000073
[I](2020-12-01  07:12:53 pm)작업중 M코드정지 [d:0][t:00:00:08]
[I](2020-12-01  07:13:48 pm)작업중 정지 [d:1][t:00:01:02]
[I](2020-12-01  07:13:48 pm)    [LNo:0008] 000027/000073
[I](2020-12-01  07:13:48 pm)작업중 M코드정지 [d:1][t:00:01:02]
[I](2020-12-01  07:13:52 pm)작업중 정지 [d:1][t:00:01:07]
[I](2020-12-01  07:13:52 pm)    [LNo:0008] 000029/000073
[I](2020-12-01  07:13:52 pm)작업중 M코드정지 [d:1][t:00:01:07]
[I](2020-12-01  07:31:52 pm)작업중 정지 [d:19][t:00:19:07]
[I](2020-12-01  07:31:52 pm)    [LNo:0008] 000045/000073
[I](2020-12-01  07:33:02 pm)작업 재시작
[I](2020-12-01  07:39:17 pm)작업중 정지 [d:25][t:00:26:32]
[I](2020-12-01  07:39:17 pm)    [LNo:0008] 000065/000073
[I](2020-12-01  07:39:17 pm)작업중 M코드정지 [d:25][t:00:26:32]
[I](2020-12-01  07:41:26 pm)Reset
[I](2020-12-01  07:41:39 pm)Reset
[I](2020-12-01  07:41:42 pm)작업 시작 [Start d:790]
[I](2020-12-01  07:41:42 pm)Nc File: [No.0008-492.NC]
[I](2020-12-01  07:41:42 pm)  * Start Machine Position
[I](2020-12-01  07:41:42 pm)    X:    123.1324
[I](2020-12-01  07:41:42 pm)    Y:   -336.8730
[I](2020-12-01  07:41:42 pm)    U:      0.0000
[I](2020-12-01  07:41:42 pm)    V:      0.0000
[I](2020-12-01  07:41:42 pm)    Z:     28.5555
[I](2020-12-01  07:41:42 pm)  * Angle
[I](2020-12-01  07:41:42 pm)    Ar:      0.0903,Kr:      0.0000
[I](2020-12-01  07:41:42 pm)    Taper_Ar:      0.0000
[I](2020-12-01  07:41:50 pm)작업중 정지 [d:0][t:00:00:08]
[I](2020-12-01  07:41:50 pm)    [LNo:0008] 000010/000073
[I](2020-12-01  07:41:50 pm)작업중 M코드정지 [d:0][t:00:00:08]
[I](2020-12-01  07:42:40 pm)작업중 정지 [d:0][t:00:00:58]
[I](2020-12-01  07:42:40 pm)    [LNo:0008] 000027/000073
[I](2020-12-01  07:42:40 pm)작업중 M코드정지 [d:0][t:00:00:58]
[I](2020-12-01  07:42:45 pm)작업중 정지 [d:0][t:00:01:03]
[I](2020-12-01  07:42:45 pm)    [LNo:0008] 000029/000073
[I](2020-12-01  07:42:45 pm)작업중 M코드정지 [d:0][t:00:01:03]
[I](2020-12-01  07:57:49 pm)작업중 정지 [d:15][t:00:16:07]
[I](2020-12-01  07:57:49 pm)    [LNo:0008] 000061/000073
[I](2020-12-01  07:59:54 pm)Reset
[I](2020-12-01  08:00:08 pm)작업 시작 [Start d:805]
[I](2020-12-01  08:00:08 pm)Nc File: [No.0008-492.NC]
[I](2020-12-01  08:00:08 pm)  * Start Machine Position
[I](2020-12-01  08:00:08 pm)    X:    122.2064
[I](2020-12-01  08:00:08 pm)    Y:   -383.7745
[I](2020-12-01  08:00:08 pm)    U:      0.0000
[I](2020-12-01  08:00:08 pm)    V:      0.0000
[I](2020-12-01  08:00:08 pm)    Z:     28.5555
[I](2020-12-01  08:00:08 pm)  * Angle
[I](2020-12-01  08:00:08 pm)    Ar:      0.0903,Kr:      0.0000
[I](2020-12-01  08:00:08 pm)    Taper_Ar:      0.0000
[I](2020-12-01  08:13:43 pm)작업중 정지 [d:13][t:00:13:34]
[I](2020-12-01  08:13:43 pm)    [LNo:0008] 000065/000073
[I](2020-12-01  08:13:43 pm)작업중 M코드정지 [d:13][t:00:13:34]
[I](2020-12-01  08:26:17 pm)Reset
[I](2020-12-01  08:26:36 pm)Reset
[I](2020-12-01  08:27:38 pm)Reset
[I](2020-12-01  08:28:13 pm)Reset
[I](2020-12-01  08:32:16 pm)Reset
[I](2020-12-01  08:36:06 pm)Reset
[I](2020-12-01  08:37:06 pm)Reset
[I](2020-12-01  08:39:24 pm)Reset
[I](2020-12-01  08:39:59 pm)Reset
[I](2020-12-01  08:40:11 pm)Reset
[I](2020-12-01  08:40:26 pm)Reset
[I](2020-12-01  08:45:31 pm)작업 시작 [Start d:818]
[I](2020-12-01  08:45:31 pm)Nc File: [No.0009-500.NC]
[I](2020-12-01  08:45:31 pm)  * Start Machine Position
[I](2020-12-01  08:45:31 pm)    X:    217.7453
[I](2020-12-01  08:45:31 pm)    Y:   -355.4269
[I](2020-12-01  08:45:31 pm)    U:     -0.1763
[I](2020-12-01  08:45:31 pm)    V:      0.4500
[I](2020-12-01  08:45:31 pm)    Z:     70.8045
[I](2020-12-01  08:45:31 pm)  * Angle
[I](2020-12-01  08:45:31 pm)    Ar:      1.3198,Kr:      0.0000
[I](2020-12-01  08:45:31 pm)    Taper_Ar:      0.0000
[I](2020-12-01  08:45:34 pm)작업중 정지 [d:0][t:00:00:03]
[I](2020-12-01  08:45:34 pm)    [LNo:0009] 000010/000085
[I](2020-12-01  08:45:34 pm)작업중 M코드정지 [d:0][t:00:00:03]
[I](2020-12-01  08:58:27 pm)작업중 정지 [d:10][t:00:12:56]
[I](2020-12-01  08:58:27 pm)    [LNo:0009] 000030/000085
[I](2020-12-01  08:58:27 pm)작업중 M코드정지 [d:10][t:00:12:56]
[I](2020-12-01  09:19:53 pm)작업중 정지 [d:10][t:00:34:22]
[I](2020-12-01  09:19:53 pm)    [LNo:0009] 000012/000085
[I](2020-12-01  09:24:26 pm)작업중 정지 [d:11][t:00:38:55]
[I](2020-12-01  09:24:26 pm)    [LNo:0009] 000030/000085
[I](2020-12-01  09:24:26 pm)작업중 M코드정지 [d:11][t:00:38:55]
[I](2020-12-01  09:25:08 pm)작업중 정지 [d:11][t:00:39:37]
[I](2020-12-01  09:25:08 pm)    [LNo:0009] 000033/000085
[I](2020-12-01  09:25:08 pm)작업중 M코드정지 [d:11][t:00:39:37]
[I](2020-12-01  09:36:30 pm)작업중 정지 [d:21][t:00:50:59]
[I](2020-12-01  09:36:30 pm)    [LNo:0009] 000078/000085
[I](2020-12-01  09:36:30 pm)작업중 M코드정지 [d:21][t:00:50:59]
[I](2020-12-01  09:39:18 pm)작업중 정지 [d:21][t:00:53:46]
[I](2020-12-01  09:39:18 pm)    [LNo:0009] 000081/000085
[I](2020-12-01  09:39:18 pm)작업중 M코드정지 [d:21][t:00:53:46]
[I](2020-12-01  09:44:52 pm)Reset
[I](2020-12-01  09:45:00 pm)Reset
[I](2020-12-01  09:45:55 pm)Reset
[I](2020-12-01  09:46:20 pm)Reset
[I](2020-12-01  09:50:07 pm)Reset
[I](2020-12-01  09:52:22 pm)작업 시작 [Start d:839]
[I](2020-12-01  09:52:22 pm)Nc File: [No.0010-499.NC]
[I](2020-12-01  09:52:22 pm)  * Start Machine Position
[I](2020-12-01  09:52:22 pm)    X:    303.0622
[I](2020-12-01  09:52:22 pm)    Y:   -341.0386
[I](2020-12-01  09:52:22 pm)    U:      0.0000
[I](2020-12-01  09:52:22 pm)    V:      0.0000
[I](2020-12-01  09:52:22 pm)    Z:     30.5400
[I](2020-12-01  09:52:22 pm)  * Angle
[I](2020-12-01  09:52:22 pm)    Ar:      0.3763,Kr:      0.0000
[I](2020-12-01  09:52:22 pm)    Taper_Ar:      0.0000
[I](2020-12-01  10:27:29 pm)작업중 정지 [d:35][t:00:35:07]
[I](2020-12-01  10:27:29 pm)    [LNo:0010] 000036/000196
[I](2020-12-01  10:27:29 pm)작업중 M코드정지 [d:35][t:00:35:07]
[I](2020-12-01  10:37:09 pm)작업중 정지 [d:35][t:00:44:47]
[I](2020-12-01  10:37:09 pm)    [LNo:0010] 000039/000196
[I](2020-12-01  10:37:09 pm)작업중 M코드정지 [d:35][t:00:44:47]
[I](2020-12-01  10:44:36 pm)작업중 정지 [d:41][t:00:52:14]
[I](2020-12-01  10:44:36 pm)    [LNo:0010] 000074/000196
[I](2020-12-01  10:44:36 pm)작업중 M코드정지 [d:41][t:00:52:14]
[I](2020-12-01  11:51:01 pm)작업중 정지 [d:91][t:01:58:39]
[I](2020-12-01  11:51:01 pm)    [LNo:0010] 000184/000196
[I](2020-12-01  11:51:01 pm)작업중 M코드정지 [d:91][t:01:58:39]
[I](2020-12-01  11:57:17 pm)작업중 정지 [d:91][t:02:04:55]
[I](2020-12-01  11:57:17 pm)    [LNo:0010] 000185/000196
[I](2020-12-01  11:57:17 pm)Wire Contact Auto Stop(M52)
