[I](2020-05-22  12:15:54 am)작업중 정지 [d:137][t:05:15:37]
[I](2020-05-22  12:15:54 am)    [LNo:0002] 001988/002104
[A](2020-05-22  12:15:54 am)[001] 와이어 미동작
[I](2020-05-22  12:21:08 am)작업중 정지 [d:140][t:05:20:51]
[I](2020-05-22  12:21:08 am)    [LNo:0002] 002002/002104
[I](2020-05-22  12:21:08 am)작업중 M코드정지 [d:140][t:05:20:51]
[I](2020-05-22  12:21:46 am)작업중 정지 [d:140][t:05:21:29]
[I](2020-05-22  12:21:46 am)    [LNo:0002] 002003/002104
[I](2020-05-22  12:24:02 am)작업 재시작
[I](2020-05-22  12:24:07 am)작업중 정지 [d:140][t:05:23:50]
[I](2020-05-22  12:24:07 am)    [LNo:0002] 002003/002104
[I](2020-05-22  12:24:07 am)작업중 30sec 접촉 정지 [d:140][t:05:23:50]
[I](2020-05-22  12:24:18 am)작업 재시작
[I](2020-05-22  12:24:33 am)작업중 정지 [d:141][t:05:24:16]
[I](2020-05-22  12:24:33 am)    [LNo:0002] 002004/002104
[I](2020-05-22  12:24:33 am)작업중 M코드정지 [d:141][t:05:24:16]
[I](2020-05-22  12:29:48 am)작업중 정지 [d:145][t:05:29:31]
[I](2020-05-22  12:29:48 am)    [LNo:0002] 002032/002104
[I](2020-05-22  12:29:48 am)작업중 M코드정지 [d:145][t:05:29:31]
[I](2020-05-22  12:33:00 am)작업중 정지 [d:145][t:05:32:43]
[I](2020-05-22  12:33:00 am)    [LNo:0002] 002033/002104
[I](2020-05-22  12:34:40 am)작업 재시작
[I](2020-05-22  12:34:47 am)작업중 정지 [d:145][t:05:34:30]
[I](2020-05-22  12:34:47 am)    [LNo:0002] 002034/002104
[I](2020-05-22  12:34:47 am)작업중 M코드정지 [d:145][t:05:34:30]
[I](2020-05-22  12:41:12 am)작업중 정지 [d:150][t:05:40:54]
[I](2020-05-22  12:41:12 am)    [LNo:0002] 002062/002104
[I](2020-05-22  12:41:12 am)작업중 M코드정지 [d:150][t:05:40:55]
[I](2020-05-22  12:55:29 am)작업중 정지 [d:150][t:05:55:12]
[I](2020-05-22  12:55:29 am)    [LNo:0002] 002063/002104
[I](2020-05-22  12:56:49 am)작업 재시작
[I](2020-05-22  12:56:53 am)작업중 정지 [d:150][t:05:56:36]
[I](2020-05-22  12:56:53 am)    [LNo:0002] 002064/002104
[I](2020-05-22  12:56:53 am)작업중 M코드정지 [d:150][t:05:56:36]
[I](2020-05-22  01:06:22 am)작업중 정지 [d:159][t:06:06:05]
[I](2020-05-22  01:06:22 am)    [LNo:0002] 002091/002104
[I](2020-05-22  01:06:22 am)Wire Contact Auto Stop(M52)
[I](2020-05-22  01:06:47 am)작업 재시작
[I](2020-05-22  01:07:00 am)작업중 정지 [d:159][t:06:06:43]
[I](2020-05-22  01:07:00 am)    [LNo:0002] 002092/002104
[I](2020-05-22  01:07:00 am)작업중 M코드정지 [d:159][t:06:06:43]
[I](2020-05-22  01:07:21 am)작업중 정지 [d:160][t:06:07:03]
[I](2020-05-22  01:07:21 am)    [LNo:0002] 002093/002104
[I](2020-05-22  01:08:15 am)작업 재시작
[I](2020-05-22  01:08:18 am)작업중 정지 [d:160][t:06:08:01]
[I](2020-05-22  01:08:18 am)    [LNo:0002] 002093/002104
[I](2020-05-22  01:15:08 am)Reset
[I](2020-05-22  01:15:19 am)Reset
[I](2020-05-22  01:15:20 am)Reset
[I](2020-05-22  01:19:15 am)Reset
[I](2020-05-22  01:21:32 am)Reset
[I](2020-05-22  01:21:32 am)Reset
[I](2020-05-22  01:21:33 am)Reset
[I](2020-05-22  01:23:44 am)Reset
[I](2020-05-22  01:24:08 am)Reset
[I](2020-05-22  01:24:08 am)Reset
[I](2020-05-22  01:24:33 am)Reset
[I](2020-05-22  01:24:33 am)Reset
[I](2020-05-22  01:25:05 am)Reset
[I](2020-05-22  01:25:06 am)Reset
[I](2020-05-22  01:25:29 am)Reset
[I](2020-05-22  01:25:29 am)Reset
[I](2020-05-22  01:25:44 am)Reset
[I](2020-05-22  01:27:09 am)작업 시작 [Start d:160]
[I](2020-05-22  01:27:09 am)Nc File: [No.0003-395.NC]
[I](2020-05-22  01:27:09 am)  * Start Machine Position
[I](2020-05-22  01:27:09 am)    X:    124.3795
[I](2020-05-22  01:27:09 am)    Y:   -356.5659
[I](2020-05-22  01:27:09 am)    U:      0.0039
[I](2020-05-22  01:27:09 am)    V:      0.0300
[I](2020-05-22  01:27:09 am)    Z:     34.5726
[I](2020-05-22  01:27:09 am)  * Angle
[I](2020-05-22  01:27:09 am)    Ar:      0.1648,Kr:      0.0000
[I](2020-05-22  01:27:09 am)    Taper_Ar:      0.0000
[I](2020-05-22  01:27:15 am)작업중 정지 [d:0][t:00:00:06]
[I](2020-05-22  01:27:15 am)    [LNo:0003] 000010/000133
[I](2020-05-22  01:27:15 am)작업중 M코드정지 [d:0][t:00:00:06]
[I](2020-05-22  01:42:03 am)작업중 정지 [d:14][t:00:14:53]
[I](2020-05-22  01:42:03 am)    [LNo:0003] 000026/000133
[I](2020-05-22  01:42:03 am)작업중 M코드정지 [d:14][t:00:14:53]
[I](2020-05-22  01:42:24 am)작업중 정지 [d:15][t:00:15:14]
[I](2020-05-22  01:42:24 am)    [LNo:0003] 000027/000133
[I](2020-05-22  01:42:54 am)작업 재시작
[I](2020-05-22  01:42:58 am)작업중 정지 [d:15][t:00:15:49]
[I](2020-05-22  01:42:58 am)    [LNo:0003] 000029/000133
[I](2020-05-22  01:42:58 am)작업중 M코드정지 [d:15][t:00:15:49]
[I](2020-05-22  01:54:00 am)작업중 정지 [d:25][t:00:26:51]
[I](2020-05-22  01:54:00 am)    [LNo:0003] 000054/000133
[I](2020-05-22  01:54:00 am)작업중 M코드정지 [d:25][t:00:26:51]
[I](2020-05-22  01:55:50 am)작업중 정지 [d:25][t:00:28:41]
[I](2020-05-22  01:55:50 am)    [LNo:0003] 000056/000133
[I](2020-05-22  01:56:20 am)작업 재시작
[I](2020-05-22  01:56:23 am)작업중 정지 [d:25][t:00:29:14]
[I](2020-05-22  01:56:23 am)    [LNo:0003] 000058/000133
[I](2020-05-22  01:56:23 am)작업중 M코드정지 [d:25][t:00:29:14]
[I](2020-05-22  01:58:43 am)작업중 정지 [d:27][t:00:31:33]
[I](2020-05-22  01:58:43 am)    [LNo:0003] 000078/000133
[I](2020-05-22  01:58:43 am)작업중 M코드정지 [d:27][t:00:31:33]
[I](2020-05-22  02:00:05 am)작업중 정지 [d:27][t:00:32:56]
[I](2020-05-22  02:00:05 am)    [LNo:0003] 000062/000133
[I](2020-05-22  02:01:23 am)작업중 정지 [d:29][t:00:34:14]
[I](2020-05-22  02:01:23 am)    [LNo:0003] 000079/000133
[I](2020-05-22  02:01:23 am)작업중 M코드정지 [d:29][t:00:34:14]
[I](2020-05-22  02:12:40 am)작업중 정지 [d:39][t:00:45:31]
[I](2020-05-22  02:12:40 am)    [LNo:0003] 000101/000133
[I](2020-05-22  02:12:40 am)작업중 M코드정지 [d:39][t:00:45:31]
[I](2020-05-22  02:13:56 am)작업중 정지 [d:39][t:00:46:47]
[I](2020-05-22  02:13:56 am)    [LNo:0003] 000103/000133
[I](2020-05-22  02:14:26 am)작업 재시작
[I](2020-05-22  02:14:29 am)작업중 정지 [d:39][t:00:47:20]
[I](2020-05-22  02:14:29 am)    [LNo:0003] 000105/000133
[I](2020-05-22  02:14:29 am)작업중 M코드정지 [d:39][t:00:47:20]
[I](2020-05-22  02:17:33 am)작업중 정지 [d:41][t:00:50:24]
[I](2020-05-22  02:17:33 am)    [LNo:0003] 000125/000133
[I](2020-05-22  02:17:33 am)작업중 M코드정지 [d:41][t:00:50:24]
[I](2020-05-22  02:27:05 am)작업중 정지 [d:41][t:00:59:56]
[I](2020-05-22  02:27:05 am)    [LNo:0003] 000109/000133
[I](2020-05-22  02:28:15 am)작업중 정지 [d:41][t:01:01:06]
[I](2020-05-22  02:28:15 am)    [LNo:0003] 000125/000133
[I](2020-05-22  02:28:15 am)작업중 M코드정지 [d:41][t:01:01:06]
[A](2020-05-22  02:48:47 am)[084] Work Tank Fluid Sensor Abnormal
[I](2020-05-22  03:08:42 am)Reset
[I](2020-05-22  03:08:56 am)Reset
[I](2020-05-22  03:13:55 am)Reset
[I](2020-05-22  03:14:45 am)Reset
[I](2020-05-22  03:15:10 am)Reset
[I](2020-05-22  03:15:11 am)Reset
[I](2020-05-22  03:17:07 am)작업 시작 [Start d:201]
[I](2020-05-22  03:17:07 am)Nc File: [No.0003-397.NC]
[I](2020-05-22  03:17:07 am)  * Start Machine Position
[I](2020-05-22  03:17:07 am)    X:    101.4121
[I](2020-05-22  03:17:07 am)    Y:   -366.3991
[I](2020-05-22  03:17:07 am)    U:      0.0000
[I](2020-05-22  03:17:07 am)    V:      0.0000
[I](2020-05-22  03:17:07 am)    Z:     12.2156
[I](2020-05-22  03:17:07 am)  * Angle
[I](2020-05-22  03:17:07 am)    Ar:     -0.5327,Kr:      0.0000
[I](2020-05-22  03:17:07 am)    Taper_Ar:      0.0000
[I](2020-05-22  03:26:23 am)작업중 정지 [d:10][t:00:09:16]
[I](2020-05-22  03:26:23 am)    [LNo:0003] 000020/000073
[A](2020-05-22  03:26:23 am)[008] 작업중 단선(AWF Feed Motor Stop )
[I](2020-05-22  03:26:23 am)작업중 Wire 단선 [d:10][t:00:09:16]
[I](2020-05-22  03:26:35 am)작업 재시작
[I](2020-05-22  03:37:30 am)작업중 정지 [d:21][t:00:20:22]
[I](2020-05-22  03:37:30 am)    [LNo:0003] 000045/000073
[I](2020-05-22  03:37:30 am)작업중 30sec 접촉 정지 [d:21][t:00:20:22]
[I](2020-05-22  03:38:36 am)작업 재시작
[I](2020-05-22  03:42:42 am)작업중 정지 [d:25][t:00:25:34]
[I](2020-05-22  03:42:42 am)    [LNo:0003] 000061/000073
[I](2020-05-22  03:42:42 am)작업중 M코드정지 [d:25][t:00:25:34]
[I](2020-05-22  03:43:10 am)작업중 정지 [d:25][t:00:26:03]
[I](2020-05-22  03:43:10 am)    [LNo:0003] 000063/000073
[I](2020-05-22  03:43:10 am)작업중 M코드정지 [d:25][t:00:26:03]
[I](2020-05-22  03:55:20 am)Reset
[I](2020-05-22  03:55:20 am)Reset
[I](2020-05-22  03:55:27 am)Reset
[I](2020-05-22  04:00:31 am)Reset
[I](2020-05-22  04:00:32 am)Reset
[I](2020-05-22  04:02:22 am)작업 시작 [Start d:226]
[I](2020-05-22  04:02:22 am)Nc File: [No.0004-396.NC]
[I](2020-05-22  04:02:22 am)  * Start Machine Position
[I](2020-05-22  04:02:22 am)    X:     86.3142
[I](2020-05-22  04:02:22 am)    Y:   -339.0499
[I](2020-05-22  04:02:22 am)    U:      0.0000
[I](2020-05-22  04:02:22 am)    V:      0.0000
[I](2020-05-22  04:02:22 am)    Z:      8.2521
[I](2020-05-22  04:02:22 am)  * Angle
[I](2020-05-22  04:02:22 am)    Ar:      0.5923,Kr:      0.0000
[I](2020-05-22  04:02:22 am)    Taper_Ar:      0.0000
[I](2020-05-22  04:21:41 am)작업중 정지 [d:19][t:00:19:19]
[I](2020-05-22  04:21:41 am)    [LNo:0004] 000061/000398
[I](2020-05-22  04:21:41 am)작업중 M코드정지 [d:19][t:00:19:19]
[I](2020-05-22  04:37:55 am)작업중 정지 [d:19][t:00:35:33]
[I](2020-05-22  04:37:55 am)    [LNo:0004] 000063/000398
[I](2020-05-22  04:37:55 am)작업중 M코드정지 [d:19][t:00:35:33]
[I](2020-05-22  04:59:28 am)작업중 정지 [d:39][t:00:57:06]
[I](2020-05-22  04:59:28 am)    [LNo:0004] 000126/000398
[I](2020-05-22  04:59:28 am)작업중 M코드정지 [d:39][t:00:57:06]
[I](2020-05-22  05:00:01 am)작업중 정지 [d:39][t:00:57:38]
[I](2020-05-22  05:00:01 am)    [LNo:0004] 000128/000398
[I](2020-05-22  05:00:01 am)작업중 M코드정지 [d:39][t:00:57:39]
[I](2020-05-22  05:21:33 am)작업중 정지 [d:59][t:01:19:11]
[I](2020-05-22  05:21:33 am)    [LNo:0004] 000191/000398
[I](2020-05-22  05:21:33 am)작업중 M코드정지 [d:59][t:01:19:11]
[I](2020-05-22  05:44:42 am)작업중 정지 [d:59][t:01:42:20]
[I](2020-05-22  05:44:42 am)    [LNo:0004] 000192/000398
[I](2020-05-22  05:45:14 am)작업 재시작
[I](2020-05-22  05:45:15 am)작업중 정지 [d:59][t:01:42:53]
[I](2020-05-22  05:45:15 am)    [LNo:0004] 000193/000398
[I](2020-05-22  05:45:15 am)작업중 M코드정지 [d:59][t:01:42:53]
[I](2020-05-22  06:06:06 am)작업중 정지 [d:78][t:02:03:44]
[I](2020-05-22  06:06:06 am)    [LNo:0004] 000256/000398
[I](2020-05-22  06:06:06 am)작업중 M코드정지 [d:78][t:02:03:44]
[I](2020-05-22  06:15:08 am)작업중 정지 [d:78][t:02:12:46]
[I](2020-05-22  06:15:08 am)    [LNo:0004] 000258/000398
[I](2020-05-22  06:15:08 am)작업중 M코드정지 [d:78][t:02:12:46]
[I](2020-05-22  06:36:06 am)작업중 정지 [d:97][t:02:33:44]
[I](2020-05-22  06:36:06 am)    [LNo:0004] 000321/000398
[I](2020-05-22  06:36:06 am)작업중 M코드정지 [d:97][t:02:33:44]
[I](2020-05-22  06:38:26 am)작업중 정지 [d:97][t:02:36:03]
[I](2020-05-22  06:38:26 am)    [LNo:0004] 000322/000398
[I](2020-05-22  06:38:54 am)작업 재시작
[I](2020-05-22  06:38:55 am)작업중 정지 [d:97][t:02:36:33]
[I](2020-05-22  06:38:55 am)    [LNo:0004] 000323/000398
[I](2020-05-22  06:38:55 am)작업중 M코드정지 [d:97][t:02:36:33]
[I](2020-05-22  06:59:33 am)작업중 정지 [d:117][t:02:57:11]
[I](2020-05-22  06:59:33 am)    [LNo:0004] 000386/000398
[I](2020-05-22  06:59:33 am)작업중 M코드정지 [d:117][t:02:57:11]
[I](2020-05-22  06:59:50 am)작업중 정지 [d:117][t:02:57:28]
[I](2020-05-22  06:59:50 am)    [LNo:0004] 000388/000398
[I](2020-05-22  06:59:50 am)작업중 M코드정지 [d:117][t:02:57:28]
[I](2020-05-22  07:12:25 am)Reset
[I](2020-05-22  07:12:25 am)Reset
[I](2020-05-22  09:44:15 am)Reset
[I](2020-05-22  10:20:39 am)Reset
[I](2020-05-22  10:23:23 am)Reset
[I](2020-05-22  10:24:40 am)작업 시작 [Start d:343]
[I](2020-05-22  10:24:40 am)Nc File: [No.0005-400.NC]
[I](2020-05-22  10:24:40 am)  * Start Machine Position
[I](2020-05-22  10:24:40 am)    X:    101.3772
[I](2020-05-22  10:24:40 am)    Y:   -334.7223
[I](2020-05-22  10:24:40 am)    U:      0.0000
[I](2020-05-22  10:24:40 am)    V:      0.0000
[I](2020-05-22  10:24:40 am)    Z:     25.5621
[I](2020-05-22  10:24:40 am)  * Angle
[I](2020-05-22  10:24:40 am)    Ar:      0.7341,Kr:      0.0000
[I](2020-05-22  10:24:40 am)    Taper_Ar:      0.0000
[I](2020-05-22  10:28:52 am)작업중 정지 [d:4][t:00:04:11]
[I](2020-05-22  10:28:52 am)    [LNo:0005] 000023/000865
[I](2020-05-22  10:28:52 am)작업중 M코드정지 [d:4][t:00:04:11]
[I](2020-05-22  10:32:06 am)작업중 정지 [d:4][t:00:07:25]
[I](2020-05-22  10:32:06 am)    [LNo:0005] 000024/000865
[I](2020-05-22  10:32:19 am)작업 재시작
[I](2020-05-22  10:32:21 am)작업중 정지 [d:4][t:00:07:40]
[I](2020-05-22  10:32:21 am)    [LNo:0005] 000025/000865
[I](2020-05-22  10:32:54 am)작업 재시작
[I](2020-05-22  10:32:56 am)작업중 정지 [d:4][t:00:08:15]
[I](2020-05-22  10:32:56 am)    [LNo:0005] 000026/000865
[I](2020-05-22  10:32:56 am)작업중 M코드정지 [d:4][t:00:08:15]
[I](2020-05-22  10:57:33 am)작업중 정지 [d:27][t:00:32:53]
[I](2020-05-22  10:57:33 am)    [LNo:0005] 000138/000865
[I](2020-05-22  10:57:33 am)작업중 M코드정지 [d:27][t:00:32:53]
[I](2020-05-22  11:08:19 am)작업중 정지 [d:28][t:00:43:39]
[I](2020-05-22  11:08:19 am)    [LNo:0005] 000139/000865
[I](2020-05-22  11:08:20 am)Wire Contact Auto Stop(M52)
[I](2020-05-22  11:09:18 am)작업 재시작
[I](2020-05-22  11:09:19 am)작업중 정지 [d:28][t:00:44:39]
[I](2020-05-22  11:09:19 am)    [LNo:0005] 000140/000865
[I](2020-05-22  11:09:19 am)작업중 M코드정지 [d:28][t:00:44:39]
[I](2020-05-22  11:16:07 am)작업중 정지 [d:33][t:00:51:26]
[I](2020-05-22  11:16:07 am)    [LNo:0005] 000164/000865
[I](2020-05-22  11:16:07 am)작업중 M코드정지 [d:33][t:00:51:26]
[I](2020-05-22  11:30:34 am)작업중 정지 [d:33][t:01:05:53]
[I](2020-05-22  11:30:34 am)    [LNo:0005] 000167/000865
[I](2020-05-22  11:30:34 am)작업중 M코드정지 [d:33][t:01:05:53]
[I](2020-05-22  11:48:27 am)작업중 정지 [d:50][t:01:23:46]
[I](2020-05-22  11:48:27 am)    [LNo:0005] 000213/000865
[A](2020-05-22  11:48:27 am)[008] 작업중 단선(AWF Feed Motor Stop )
[I](2020-05-22  11:48:27 am)작업중 Wire 단선 [d:50][t:01:23:46]
[I](2020-05-22  11:48:38 am)작업 재시작
[I](2020-05-22  11:58:59 am)작업중 정지 [d:60][t:01:34:18]
[I](2020-05-22  11:58:59 am)    [LNo:0005] 000278/000865
[I](2020-05-22  11:58:59 am)작업중 M코드정지 [d:60][t:01:34:19]
[I](2020-05-22  12:05:47 pm)작업중 정지 [d:60][t:01:41:06]
[I](2020-05-22  12:05:47 pm)    [LNo:0005] 000280/000865
[I](2020-05-22  12:05:47 pm)작업중 M코드정지 [d:60][t:01:41:06]
[I](2020-05-22  12:15:33 pm)작업중 정지 [d:68][t:01:50:52]
[I](2020-05-22  12:15:33 pm)    [LNo:0005] 000305/000865
[I](2020-05-22  12:15:33 pm)작업중 M코드정지 [d:68][t:01:50:52]
[I](2020-05-22  12:21:55 pm)작업중 정지 [d:68][t:01:57:14]
[I](2020-05-22  12:21:55 pm)    [LNo:0005] 000308/000865
[I](2020-05-22  12:21:55 pm)작업중 M코드정지 [d:68][t:01:57:14]
[I](2020-05-22  12:52:27 pm)작업중 정지 [d:97][t:02:27:46]
[I](2020-05-22  12:52:27 pm)    [LNo:0005] 000423/000865
[I](2020-05-22  12:52:27 pm)작업중 M코드정지 [d:97][t:02:27:46]
[I](2020-05-22  12:54:44 pm)작업중 정지 [d:97][t:02:30:03]
[I](2020-05-22  12:54:44 pm)    [LNo:0005] 000425/000865
[I](2020-05-22  12:54:44 pm)작업중 M코드정지 [d:97][t:02:30:03]
[I](2020-05-22  12:59:03 pm)작업중 정지 [d:99][t:02:34:22]
[I](2020-05-22  12:59:03 pm)    [LNo:0005] 000447/000865
[I](2020-05-22  12:59:03 pm)작업중 M코드정지 [d:99][t:02:34:22]
[I](2020-05-22  01:02:20 pm)작업중 정지 [d:100][t:02:37:39]
[I](2020-05-22  01:02:20 pm)    [LNo:0005] 000448/000865
[I](2020-05-22  01:02:40 pm)작업 재시작
[I](2020-05-22  01:02:45 pm)작업중 정지 [d:100][t:02:38:04]
[I](2020-05-22  01:02:45 pm)    [LNo:0005] 000450/000865
[I](2020-05-22  01:02:45 pm)작업중 M코드정지 [d:100][t:02:38:04]
[I](2020-05-22  01:16:52 pm)작업중 정지 [d:113][t:02:52:12]
[I](2020-05-22  01:16:52 pm)    [LNo:0005] 000495/000865
[I](2020-05-22  01:16:53 pm)작업중 M코드정지 [d:113][t:02:52:12]
[I](2020-05-22  01:18:36 pm)작업중 정지 [d:113][t:02:53:56]
[I](2020-05-22  01:18:36 pm)    [LNo:0005] 000498/000865
[I](2020-05-22  01:18:36 pm)작업중 M코드정지 [d:113][t:02:53:56]
[I](2020-05-22  01:58:51 pm)작업중 정지 [d:151][t:03:34:10]
[I](2020-05-22  01:58:51 pm)    [LNo:0005] 000648/000865
[I](2020-05-22  01:58:51 pm)작업중 M코드정지 [d:151][t:03:34:10]
[I](2020-05-22  01:59:56 pm)작업중 정지 [d:151][t:03:35:16]
[I](2020-05-22  01:59:56 pm)    [LNo:0005] 000650/000865
[I](2020-05-22  01:59:57 pm)작업중 M코드정지 [d:151][t:03:35:16]
[I](2020-05-22  02:23:31 pm)작업중 정지 [d:173][t:03:58:50]
[I](2020-05-22  02:23:31 pm)    [LNo:0005] 000699/000865
[I](2020-05-22  02:23:31 pm)작업중 M코드정지 [d:173][t:03:58:50]
[I](2020-05-22  02:44:11 pm)작업중 정지 [d:173][t:04:19:30]
[I](2020-05-22  02:44:11 pm)    [LNo:0005] 000703/000865
[I](2020-05-22  02:44:11 pm)작업중 M코드정지 [d:173][t:04:19:30]
[A](2020-05-22  02:53:36 pm)[001] 와이어 미동작
[I](2020-05-22  03:10:10 pm)작업중 정지 [d:188][t:04:45:29]
[I](2020-05-22  03:10:10 pm)    [LNo:0005] 000768/000865
[A](2020-05-22  03:10:10 pm)[008] 작업중 단선(AWF Feed Motor Stop )
[I](2020-05-22  03:10:10 pm)작업중 Wire 단선 [d:188][t:04:45:29]
[I](2020-05-22  03:10:21 pm)작업 재시작
[I](2020-05-22  03:33:04 pm)작업중 정지 [d:210][t:05:08:24]
[I](2020-05-22  03:33:04 pm)    [LNo:0005] 000795/000865
[I](2020-05-22  03:33:04 pm)작업중 30sec 접촉 정지 [d:210][t:05:08:24]
[I](2020-05-22  03:36:40 pm)작업 재시작
[I](2020-05-22  03:36:50 pm)작업중 정지 [d:210][t:05:12:09]
[I](2020-05-22  03:36:50 pm)    [LNo:0005] 000795/000865
[I](2020-05-22  03:36:50 pm)작업중 30sec 접촉 정지 [d:210][t:05:12:09]
[I](2020-05-22  03:40:15 pm)작업 재시작
[I](2020-05-22  03:57:36 pm)작업중 정지 [d:228][t:05:32:55]
[I](2020-05-22  03:57:36 pm)    [LNo:0005] 000853/000865
[I](2020-05-22  03:57:36 pm)작업중 M코드정지 [d:228][t:05:32:55]
[I](2020-05-22  03:58:31 pm)작업중 정지 [d:228][t:05:33:50]
[I](2020-05-22  03:58:31 pm)    [LNo:0005] 000855/000865
[I](2020-05-22  03:58:31 pm)작업중 M코드정지 [d:228][t:05:33:50]
[I](2020-05-22  04:07:38 pm)Reset
[I](2020-05-22  04:07:48 pm)Reset
[I](2020-05-22  04:07:48 pm)Reset
[I](2020-05-22  04:12:31 pm)Reset
[I](2020-05-22  04:15:11 pm)Reset
[I](2020-05-22  04:19:35 pm)Reset
[I](2020-05-22  04:22:13 pm)Reset
[I](2020-05-22  04:22:44 pm)Reset
[I](2020-05-22  04:22:44 pm)Reset
[I](2020-05-22  04:23:16 pm)Reset
[I](2020-05-22  04:23:22 pm)Reset
[I](2020-05-22  04:23:22 pm)Reset
[I](2020-05-22  04:24:14 pm)작업 시작 [Start d:571]
[I](2020-05-22  04:24:14 pm)Nc File: [No.0009-408.NC]
[I](2020-05-22  04:24:14 pm)  * Start Machine Position
[I](2020-05-22  04:24:14 pm)    X:    233.8040
[I](2020-05-22  04:24:14 pm)    Y:   -194.5114
[I](2020-05-22  04:24:14 pm)    U:      0.0000
[I](2020-05-22  04:24:14 pm)    V:      0.0000
[I](2020-05-22  04:24:14 pm)    Z:     29.3611
[I](2020-05-22  04:24:14 pm)  * Angle
[I](2020-05-22  04:24:14 pm)    Ar:      0.0873,Kr:      0.0000
[I](2020-05-22  04:24:14 pm)    Taper_Ar:      0.0000
[I](2020-05-22  04:24:46 pm)작업중 정지 [d:0][t:00:00:32]
[I](2020-05-22  04:24:46 pm)    [LNo:0009] 000013/000094
[I](2020-05-22  04:49:48 pm)작업중 정지 [d:20][t:00:25:34]
[I](2020-05-22  04:49:48 pm)    [LNo:0009] 000058/000094
[I](2020-05-22  04:49:48 pm)작업중 M코드정지 [d:20][t:00:25:34]
[I](2020-05-22  04:50:47 pm)작업중 정지 [d:20][t:00:26:33]
[I](2020-05-22  04:50:47 pm)    [LNo:0009] 000061/000094
[I](2020-05-22  04:50:47 pm)작업중 M코드정지 [d:20][t:00:26:33]
[A](2020-05-22  04:51:18 pm)[037] 자동결선 잔여 WIRE 처리 실패!!
[I](2020-05-22  04:57:17 pm)작업중 정지 [d:25][t:00:33:03]
[I](2020-05-22  04:57:17 pm)    [LNo:0009] 000089/000094
[A](2020-05-22  04:57:31 pm)[084] Work Tank Fluid Sensor Abnormal
[A](2020-05-22  04:57:35 pm)[084] Work Tank Fluid Sensor Abnormal
[A](2020-05-22  04:57:36 pm)[084] Work Tank Fluid Sensor Abnormal
[A](2020-05-22  04:57:36 pm)[084] Work Tank Fluid Sensor Abnormal
[A](2020-05-22  04:57:36 pm)[084] Work Tank Fluid Sensor Abnormal
[A](2020-05-22  04:57:37 pm)[084] Work Tank Fluid Sensor Abnormal
[A](2020-05-22  04:57:37 pm)[084] Work Tank Fluid Sensor Abnormal
[A](2020-05-22  04:57:37 pm)[084] Work Tank Fluid Sensor Abnormal
[A](2020-05-22  04:57:38 pm)[084] Work Tank Fluid Sensor Abnormal
[A](2020-05-22  04:57:38 pm)[084] Work Tank Fluid Sensor Abnormal
[A](2020-05-22  04:57:38 pm)[084] Work Tank Fluid Sensor Abnormal
[I](2020-05-22  05:04:56 pm)Reset
[I](2020-05-22  05:05:02 pm)Reset
[I](2020-05-22  05:09:01 pm)Reset
[I](2020-05-22  05:11:37 pm)Reset
[I](2020-05-22  05:11:39 pm)Reset
[I](2020-05-22  05:11:40 pm)Reset
[I](2020-05-22  05:16:22 pm)Reset
[I](2020-05-22  05:20:39 pm)Reset
[I](2020-05-22  05:21:08 pm)Reset
[I](2020-05-22  05:21:39 pm)Reset
[I](2020-05-22  05:21:54 pm)작업 시작 [Start d:596]
[I](2020-05-22  05:21:54 pm)Nc File: [No.0008-409.NC]
[I](2020-05-22  05:21:54 pm)  * Start Machine Position
[I](2020-05-22  05:21:54 pm)    X:    237.3536
[I](2020-05-22  05:21:54 pm)    Y:   -208.2110
[I](2020-05-22  05:21:54 pm)    U:      0.0000
[I](2020-05-22  05:21:54 pm)    V:      0.0000
[I](2020-05-22  05:21:54 pm)    Z:     25.4646
[I](2020-05-22  05:21:54 pm)  * Angle
[I](2020-05-22  05:21:54 pm)    Ar:     -0.3812,Kr:      0.0000
[I](2020-05-22  05:21:54 pm)    Taper_Ar:      0.0000
[I](2020-05-22  05:22:58 pm)작업중 정지 [d:0][t:00:01:04]
[I](2020-05-22  05:22:58 pm)    [LNo:0008] 000013/000098
[A](2020-05-22  05:27:39 pm)[033] 자동결선 회수 롤러 WIRE CONTACT!!
[I](2020-05-22  05:45:57 pm)작업중 정지 [d:17][t:00:24:03]
[I](2020-05-22  05:45:57 pm)    [LNo:0008] 000060/000098
[I](2020-05-22  05:45:57 pm)작업중 M코드정지 [d:17][t:00:24:03]
[I](2020-05-22  05:46:26 pm)작업중 정지 [d:17][t:00:24:31]
[I](2020-05-22  05:46:26 pm)    [LNo:0008] 000064/000098
[I](2020-05-22  05:46:26 pm)작업중 M코드정지 [d:17][t:00:24:31]
[I](2020-05-22  05:52:32 pm)작업중 정지 [d:22][t:00:30:37]
[I](2020-05-22  05:52:32 pm)    [LNo:0008] 000094/000098
[I](2020-05-22  05:52:32 pm)작업중 M코드정지 [d:22][t:00:30:37]
[A](2020-05-22  05:52:44 pm)[084] Work Tank Fluid Sensor Abnormal
[A](2020-05-22  05:52:45 pm)[084] Work Tank Fluid Sensor Abnormal
[A](2020-05-22  05:52:52 pm)[084] Work Tank Fluid Sensor Abnormal
[A](2020-05-22  05:52:52 pm)[084] Work Tank Fluid Sensor Abnormal
[A](2020-05-22  05:52:53 pm)[084] Work Tank Fluid Sensor Abnormal
[A](2020-05-22  05:52:53 pm)[084] Work Tank Fluid Sensor Abnormal
[I](2020-05-22  05:56:47 pm)Reset
[I](2020-05-22  05:57:15 pm)Reset
[I](2020-05-22  05:57:44 pm)Reset
[I](2020-05-22  05:57:44 pm)Reset
[I](2020-05-22  06:01:52 pm)Reset
[I](2020-05-22  06:04:35 pm)Reset
[I](2020-05-22  06:04:37 pm)Reset
[I](2020-05-22  06:04:38 pm)Reset
[I](2020-05-22  06:04:41 pm)Reset
[A](2020-05-22  06:05:07 pm)[037] 자동결선 잔여 WIRE 처리 실패!!
[I](2020-05-22  06:08:40 pm)Reset
[I](2020-05-22  06:11:22 pm)Reset
[I](2020-05-22  06:11:59 pm)Reset
[I](2020-05-22  06:12:31 pm)Reset
[I](2020-05-22  06:12:42 pm)Reset
[I](2020-05-22  06:13:06 pm)작업 시작 [Start d:618]
[I](2020-05-22  06:13:06 pm)Nc File: [No.0006-411.NC]
[I](2020-05-22  06:13:06 pm)  * Start Machine Position
[I](2020-05-22  06:13:06 pm)    X:    235.6671
[I](2020-05-22  06:13:06 pm)    Y:   -190.8029
[I](2020-05-22  06:13:06 pm)    U:      0.0000
[I](2020-05-22  06:13:06 pm)    V:      0.0000
[I](2020-05-22  06:13:06 pm)    Z:     22.4646
[I](2020-05-22  06:13:06 pm)  * Angle
[I](2020-05-22  06:13:06 pm)    Ar:     -0.0444,Kr:      0.0000
[I](2020-05-22  06:13:06 pm)    Taper_Ar:      0.0000
[I](2020-05-22  06:13:39 pm)작업중 정지 [d:0][t:00:00:32]
[I](2020-05-22  06:13:39 pm)    [LNo:0006] 000013/000117
[I](2020-05-22  06:30:15 pm)작업중 정지 [d:13][t:00:17:08]
[I](2020-05-22  06:30:15 pm)    [LNo:0006] 000079/000117
[I](2020-05-22  06:30:15 pm)작업중 M코드정지 [d:13][t:00:17:08]
[I](2020-05-22  06:52:25 pm)작업중 정지 [d:13][t:00:39:19]
[I](2020-05-22  06:52:25 pm)    [LNo:0006] 000083/000117
[I](2020-05-22  06:52:25 pm)작업중 M코드정지 [d:13][t:00:39:19]
[I](2020-05-22  06:55:33 pm)작업중 정지 [d:16][t:00:42:26]
[I](2020-05-22  06:55:33 pm)    [LNo:0006] 000101/000117
[A](2020-05-22  06:55:33 pm)[008] 작업중 단선(AWF Feed Motor Stop )
[I](2020-05-22  06:55:33 pm)작업중 Wire 단선 [d:16][t:00:42:26]
[I](2020-05-22  06:55:44 pm)작업 재시작
[I](2020-05-22  06:58:27 pm)작업중 정지 [d:18][t:00:45:20]
[I](2020-05-22  06:58:27 pm)    [LNo:0006] 000112/000117
[I](2020-05-22  07:06:57 pm)Reset
[I](2020-05-22  07:14:01 pm)Reset
[I](2020-05-22  07:14:42 pm)Reset
[I](2020-05-22  07:14:43 pm)Reset
[I](2020-05-22  07:18:40 pm)Reset
[I](2020-05-22  07:21:32 pm)Reset
[I](2020-05-22  07:21:35 pm)Reset
[I](2020-05-22  07:21:35 pm)Reset
[A](2020-05-22  07:24:09 pm)[037] 자동결선 잔여 WIRE 처리 실패!!
[I](2020-05-22  07:27:25 pm)Reset
[I](2020-05-22  07:27:26 pm)Reset
[I](2020-05-22  07:27:26 pm)Reset
[I](2020-05-22  07:30:33 pm)Reset
[I](2020-05-22  07:31:09 pm)Reset
[I](2020-05-22  07:31:40 pm)Reset
[I](2020-05-22  07:31:48 pm)Reset
[I](2020-05-22  07:31:49 pm)Reset
[I](2020-05-22  07:32:13 pm)작업 시작 [Start d:636]
[I](2020-05-22  07:32:13 pm)Nc File: [No.0010-418.NC]
[I](2020-05-22  07:32:13 pm)  * Start Machine Position
[I](2020-05-22  07:32:13 pm)    X:    132.9031
[I](2020-05-22  07:32:13 pm)    Y:   -212.2743
[I](2020-05-22  07:32:13 pm)    U:      0.0000
[I](2020-05-22  07:32:13 pm)    V:      0.0000
[I](2020-05-22  07:32:13 pm)    Z:     29.4001
[I](2020-05-22  07:32:13 pm)  * Angle
[I](2020-05-22  07:32:13 pm)    Ar:     -0.1421,Kr:      0.0000
[I](2020-05-22  07:32:13 pm)    Taper_Ar:      0.0000
[I](2020-05-22  07:32:58 pm)작업중 정지 [d:0][t:00:00:45]
[I](2020-05-22  07:32:58 pm)    [LNo:0010] 000013/000266
[I](2020-05-22  07:34:48 pm)작업중 정지 [d:1][t:00:02:34]
[I](2020-05-22  07:34:48 pm)    [LNo:0010] 000043/000266
[I](2020-05-22  07:34:48 pm)작업중 M코드정지 [d:1][t:00:02:34]
[I](2020-05-22  07:35:11 pm)작업중 정지 [d:1][t:00:02:57]
[I](2020-05-22  07:35:11 pm)    [LNo:0010] 000046/000266
[I](2020-05-22  07:35:11 pm)작업중 M코드정지 [d:1][t:00:02:57]
[I](2020-05-22  07:35:14 pm)작업중 정지 [d:1][t:00:03:00]
[I](2020-05-22  07:35:14 pm)    [LNo:0010] 000049/000266
[I](2020-05-22  07:35:16 pm)작업중 정지 [d:1][t:00:03:03]
[I](2020-05-22  07:35:16 pm)    [LNo:0010] 000049/000266
[A](2020-05-22  07:35:16 pm)[010] 자동결선 Error(M21-절단실패)
[I](2020-05-22  08:18:26 pm)작업중 정지 [d:44][t:00:46:13]
[I](2020-05-22  08:18:26 pm)    [LNo:0010] 000081/000266
[I](2020-05-22  08:18:26 pm)작업중 30sec 접촉 정지 [d:44][t:00:46:13]
[I](2020-05-22  08:21:09 pm)작업 재시작
[I](2020-05-22  08:21:17 pm)작업중 정지 [d:45][t:00:49:04]
[I](2020-05-22  08:21:17 pm)    [LNo:0010] 000082/000266
[I](2020-05-22  08:21:17 pm)작업중 M코드정지 [d:45][t:00:49:04]
[I](2020-05-22  08:21:42 pm)작업중 정지 [d:45][t:00:49:29]
[I](2020-05-22  08:21:42 pm)    [LNo:0010] 000084/000266
[I](2020-05-22  08:21:43 pm)작업중 M코드정지 [d:45][t:00:49:29]
[I](2020-05-22  08:59:31 pm)작업중 정지 [d:81][t:01:27:17]
[I](2020-05-22  08:59:31 pm)    [LNo:0010] 000149/000266
[I](2020-05-22  08:59:31 pm)작업중 M코드정지 [d:81][t:01:27:17]
[I](2020-05-22  09:01:02 pm)작업중 정지 [d:81][t:01:28:48]
[I](2020-05-22  09:01:02 pm)    [LNo:0010] 000152/000266
[I](2020-05-22  09:01:02 pm)작업중 M코드정지 [d:81][t:01:28:48]
[I](2020-05-22  09:15:40 pm)작업중 정지 [d:94][t:01:43:27]
[I](2020-05-22  09:15:40 pm)    [LNo:0010] 000212/000266
[I](2020-05-22  09:15:40 pm)작업중 M코드정지 [d:94][t:01:43:27]
[I](2020-05-22  09:20:57 pm)작업중 정지 [d:98][t:01:48:44]
[I](2020-05-22  09:20:57 pm)    [LNo:0010] 000217/000266
[I](2020-05-22  09:20:57 pm)Wire Contact Auto Stop(M52)
[I](2020-05-22  09:27:25 pm)작업 재시작
[I](2020-05-22  09:27:30 pm)작업중 정지 [d:98][t:01:55:17]
[I](2020-05-22  09:27:30 pm)    [LNo:0010] 000218/000266
[I](2020-05-22  09:27:31 pm)작업중 M코드정지 [d:98][t:01:55:17]
[I](2020-05-22  09:27:47 pm)작업중 정지 [d:98][t:01:55:33]
[I](2020-05-22  09:27:47 pm)    [LNo:0010] 000219/000266
[A](2020-05-22  09:27:47 pm)[008] 작업중 단선(AWF Feed Motor Stop )
[I](2020-05-22  09:27:47 pm)작업중 Wire 단선 [d:98][t:01:55:33]
[I](2020-05-22  09:27:58 pm)작업 재시작
[I](2020-05-22  09:30:13 pm)작업중 정지 [d:100][t:01:57:59]
[I](2020-05-22  09:30:13 pm)    [LNo:0010] 000222/000266
[I](2020-05-22  09:30:13 pm)작업중 M코드정지 [d:100][t:01:57:59]
[I](2020-05-22  09:31:31 pm)작업중 정지 [d:100][t:01:59:17]
[I](2020-05-22  09:31:31 pm)    [LNo:0010] 000225/000266
[I](2020-05-22  09:31:31 pm)작업중 M코드정지 [d:100][t:01:59:17]
[I](2020-05-22  09:35:34 pm)작업중 정지 [d:103][t:02:03:20]
[I](2020-05-22  09:35:34 pm)    [LNo:0010] 000259/000266
[I](2020-05-22  09:35:34 pm)작업중 Single Block Stop [d:103][t:02:03:20]
[I](2020-05-22  09:46:52 pm)Reset
[I](2020-05-22  09:46:53 pm)Reset
[I](2020-05-22  09:47:03 pm)Reset
[I](2020-05-22  09:52:55 pm)Reset
[I](2020-05-22  09:52:55 pm)Reset
[I](2020-05-22  09:56:08 pm)Reset
[I](2020-05-22  09:59:19 pm)Reset
[I](2020-05-22  09:59:19 pm)Reset
[I](2020-05-22  10:03:10 pm)Reset
[I](2020-05-22  10:03:11 pm)Reset
[I](2020-05-22  10:03:12 pm)Reset
[I](2020-05-22  10:08:48 pm)Reset
[I](2020-05-22  10:08:49 pm)Reset
[I](2020-05-22  10:09:25 pm)Reset
[I](2020-05-22  10:09:25 pm)Reset
[I](2020-05-22  10:11:27 pm)작업 시작 [Start d:739]
[I](2020-05-22  10:11:27 pm)Nc File: [No.0011-425.NC]
[I](2020-05-22  10:11:27 pm)  * Start Machine Position
[I](2020-05-22  10:11:27 pm)    X:     51.1482
[I](2020-05-22  10:11:27 pm)    Y:   -268.0662
[I](2020-05-22  10:11:27 pm)    U:      0.0000
[I](2020-05-22  10:11:27 pm)    V:      0.0000
[I](2020-05-22  10:11:27 pm)    Z:     25.6976
[I](2020-05-22  10:11:27 pm)  * Angle
[I](2020-05-22  10:11:27 pm)    Ar:      0.1582,Kr:      0.0000
[I](2020-05-22  10:11:27 pm)    Taper_Ar:      0.0000
[I](2020-05-22  10:11:27 pm)작업중 정지 [d:0][t:00:00:00]
[I](2020-05-22  10:11:27 pm)    [LNo:0011] 000001/000268
[I](2020-05-22  10:11:27 pm)작업중 Single Block Stop [d:0][t:00:00:00]
[I](2020-05-22  10:11:48 pm)Reset
[I](2020-05-22  10:11:49 pm)Reset
[I](2020-05-22  10:11:50 pm)Reset
[I](2020-05-22  10:12:03 pm)작업 시작 [Start d:739]
[I](2020-05-22  10:12:03 pm)Nc File: [No.0011-425.NC]
[I](2020-05-22  10:12:03 pm)  * Start Machine Position
[I](2020-05-22  10:12:03 pm)    X:     51.1482
[I](2020-05-22  10:12:03 pm)    Y:   -268.0662
[I](2020-05-22  10:12:03 pm)    U:      0.0000
[I](2020-05-22  10:12:03 pm)    V:      0.0000
[I](2020-05-22  10:12:03 pm)    Z:     25.6976
[I](2020-05-22  10:12:03 pm)  * Angle
[I](2020-05-22  10:12:03 pm)    Ar:      0.1582,Kr:      0.0000
[I](2020-05-22  10:12:03 pm)    Taper_Ar:      0.0000
[I](2020-05-22  10:12:24 pm)작업중 정지 [d:0][t:00:00:21]
[I](2020-05-22  10:12:24 pm)    [LNo:0011] 000010/000268
[I](2020-05-22  10:12:24 pm)작업중 M코드정지 [d:0][t:00:00:21]
[I](2020-05-22  10:16:08 pm)작업중 정지 [d:1][t:00:04:04]
[I](2020-05-22  10:16:08 pm)    [LNo:0011] 000033/000268
[I](2020-05-22  10:16:08 pm)작업중 M코드정지 [d:1][t:00:04:05]
[I](2020-05-22  10:17:34 pm)작업중 정지 [d:1][t:00:05:31]
[I](2020-05-22  10:17:34 pm)    [LNo:0011] 000036/000268
[I](2020-05-22  10:17:34 pm)작업중 M코드정지 [d:1][t:00:05:31]
[I](2020-05-22  10:35:12 pm)작업중 정지 [d:17][t:00:23:09]
[I](2020-05-22  10:35:12 pm)    [LNo:0011] 000064/000268
[I](2020-05-22  10:35:36 pm)작업 재시작
[I](2020-05-22  10:54:54 pm)작업중 정지 [d:36][t:00:42:51]
[I](2020-05-22  10:54:54 pm)    [LNo:0011] 000073/000268
[I](2020-05-22  10:54:54 pm)작업중 M코드정지 [d:36][t:00:42:51]
[I](2020-05-22  10:57:50 pm)작업중 정지 [d:36][t:00:45:46]
[I](2020-05-22  10:57:50 pm)    [LNo:0011] 000075/000268
[I](2020-05-22  10:57:50 pm)작업중 M코드정지 [d:36][t:00:45:47]
[I](2020-05-22  11:06:43 pm)작업중 정지 [d:45][t:00:54:40]
[I](2020-05-22  11:06:43 pm)    [LNo:0011] 000104/000268
[I](2020-05-22  11:06:43 pm)작업중 M코드정지 [d:45][t:00:54:40]
[I](2020-05-22  11:13:11 pm)Reset
[I](2020-05-22  11:13:12 pm)Reset
[I](2020-05-22  11:14:49 pm)Reset
[I](2020-05-22  11:14:50 pm)Reset
[I](2020-05-22  11:15:07 pm)작업 시작 [Start d:784]
[I](2020-05-22  11:15:07 pm)Nc File: [No.0011-425.NC]
[I](2020-05-22  11:15:07 pm)  * Start Machine Position
[I](2020-05-22  11:15:07 pm)    X:     51.1482
[I](2020-05-22  11:15:07 pm)    Y:   -268.0662
[I](2020-05-22  11:15:07 pm)    U:      0.0000
[I](2020-05-22  11:15:07 pm)    V:      0.0000
[I](2020-05-22  11:15:07 pm)    Z:     48.5211
[I](2020-05-22  11:15:07 pm)  * Angle
[I](2020-05-22  11:15:07 pm)    Ar:      0.1582,Kr:      0.0000
[I](2020-05-22  11:15:07 pm)    Taper_Ar:      0.0000
[I](2020-05-22  11:15:16 pm)작업중 정지 [d:0][t:00:00:09]
[I](2020-05-22  11:15:16 pm)    [LNo:0011] 000110/000268
[I](2020-05-22  11:18:34 pm)작업중 정지 [d:2][t:00:03:27]
[I](2020-05-22  11:18:34 pm)    [LNo:0011] 000127/000268
[I](2020-05-22  11:18:34 pm)작업중 M코드정지 [d:2][t:00:03:27]
[I](2020-05-22  11:21:55 pm)작업중 정지 [d:2][t:00:06:47]
[I](2020-05-22  11:21:55 pm)    [LNo:0011] 000130/000268
[I](2020-05-22  11:21:55 pm)작업중 M코드정지 [d:2][t:00:06:47]
[I](2020-05-22  11:22:19 pm)작업중 정지 [d:2][t:00:07:12]
[I](2020-05-22  11:22:19 pm)    [LNo:0011] 000132/000268
[I](2020-05-22  11:22:19 pm)작업중 M코드정지 [d:2][t:00:07:12]
[I](2020-05-22  11:28:16 pm)작업중 정지 [d:6][t:00:13:08]
[I](2020-05-22  11:28:16 pm)    [LNo:0011] 000155/000268
[I](2020-05-22  11:28:16 pm)작업중 M코드정지 [d:6][t:00:13:09]
[I](2020-05-22  11:39:24 pm)작업중 정지 [d:13][t:00:24:16]
[I](2020-05-22  11:39:24 pm)    [LNo:0011] 000161/000268
[I](2020-05-22  11:39:24 pm)작업중 M코드정지 [d:13][t:00:24:16]
[I](2020-05-22  11:52:13 pm)작업중 정지 [d:23][t:00:37:05]
[I](2020-05-22  11:52:13 pm)    [LNo:0011] 000169/000268
[I](2020-05-22  11:52:13 pm)작업중 M코드정지 [d:23][t:00:37:05]
[I](2020-05-22  11:56:27 pm)작업중 정지 [d:23][t:00:41:19]
[I](2020-05-22  11:56:27 pm)    [LNo:0011] 000172/000268
[I](2020-05-22  11:56:27 pm)작업중 M코드정지 [d:23][t:00:41:19]
