[I](2020-05-31  08:29:21 am)작업중 정지 [d:238][t:15:27:40]
[I](2020-05-31  08:29:21 am)    [LNo:0009] 000709/001371
[I](2020-05-31  08:29:22 am)작업중 M코드정지 [d:238][t:15:27:40]
[I](2020-05-31  08:40:29 am)작업중 정지 [d:238][t:15:38:47]
[I](2020-05-31  08:40:29 am)    [LNo:0009] 000719/001371
[I](2020-05-31  08:40:29 am)작업중 30sec 접촉 정지 [d:238][t:15:38:47]
[I](2020-05-31  08:42:56 am)작업 재시작
[I](2020-05-31  08:43:48 am)작업중 정지 [d:239][t:15:42:06]
[I](2020-05-31  08:43:48 am)    [LNo:0009] 000724/001371
[I](2020-05-31  08:43:48 am)작업중 M코드정지 [d:239][t:15:42:06]
[I](2020-05-31  08:47:54 am)작업중 정지 [d:239][t:15:46:12]
[I](2020-05-31  08:47:54 am)    [LNo:0009] 000725/001371
[I](2020-05-31  08:48:20 am)작업 재시작
[I](2020-05-31  08:48:22 am)작업중 정지 [d:239][t:15:46:40]
[I](2020-05-31  08:48:22 am)    [LNo:0009] 000725/001371
[I](2020-05-31  08:48:26 am)작업 재시작
[I](2020-05-31  08:50:19 am)작업중 정지 [d:239][t:15:48:38]
[I](2020-05-31  08:50:19 am)    [LNo:0009] 000747/001371
[I](2020-05-31  08:50:19 am)작업중 M코드정지 [d:239][t:15:48:38]
[I](2020-05-31  08:50:41 am)작업중 정지 [d:239][t:15:48:59]
[I](2020-05-31  08:50:41 am)    [LNo:0009] 000748/001371
[I](2020-05-31  08:50:41 am)Wire Contact Auto Stop(M52)
[I](2020-05-31  08:51:13 am)작업 재시작
[I](2020-05-31  08:52:37 am)작업중 정지 [d:240][t:15:50:56]
[I](2020-05-31  08:52:37 am)    [LNo:0009] 000765/001371
[I](2020-05-31  08:52:37 am)작업중 30sec 접촉 정지 [d:240][t:15:50:56]
[I](2020-05-31  08:54:37 am)작업 재시작
[I](2020-05-31  08:54:42 am)작업중 정지 [d:240][t:15:53:00]
[I](2020-05-31  08:54:42 am)    [LNo:0009] 000765/001371
[I](2020-05-31  08:54:42 am)작업중 30sec 접촉 정지 [d:240][t:15:53:00]
[I](2020-05-31  08:55:10 am)작업 재시작
[I](2020-05-31  08:56:08 am)작업중 정지 [d:241][t:15:54:26]
[I](2020-05-31  08:56:08 am)    [LNo:0009] 000770/001371
[I](2020-05-31  08:56:08 am)작업중 M코드정지 [d:241][t:15:54:27]
[I](2020-05-31  09:00:53 am)작업중 정지 [d:241][t:15:59:11]
[I](2020-05-31  09:00:53 am)    [LNo:0009] 000771/001371
[I](2020-05-31  09:00:53 am)Wire Contact Auto Stop(M52)
[I](2020-05-31  09:01:24 am)작업 재시작
[I](2020-05-31  09:03:08 am)작업중 정지 [d:241][t:16:01:26]
[I](2020-05-31  09:03:08 am)    [LNo:0009] 000788/001371
[I](2020-05-31  09:03:08 am)작업중 30sec 접촉 정지 [d:241][t:16:01:26]
[I](2020-05-31  09:06:05 am)작업 재시작
[I](2020-05-31  09:06:21 am)작업중 정지 [d:241][t:16:04:39]
[I](2020-05-31  09:06:21 am)    [LNo:0009] 000788/001371
[I](2020-05-31  09:06:29 am)작업 재시작
[I](2020-05-31  09:07:07 am)작업중 정지 [d:242][t:16:05:25]
[I](2020-05-31  09:07:07 am)    [LNo:0009] 000793/001371
[I](2020-05-31  09:07:07 am)작업중 M코드정지 [d:242][t:16:05:25]
[I](2020-05-31  09:08:08 am)작업중 정지 [d:242][t:16:06:27]
[I](2020-05-31  09:08:08 am)    [LNo:0009] 000794/001371
[I](2020-05-31  09:08:08 am)Wire Contact Auto Stop(M52)
[I](2020-05-31  09:08:32 am)작업 재시작
[I](2020-05-31  09:12:15 am)작업중 정지 [d:242][t:16:10:33]
[I](2020-05-31  09:12:15 am)    [LNo:0009] 000811/001371
[I](2020-05-31  09:12:15 am)작업중 30sec 접촉 정지 [d:242][t:16:10:34]
[I](2020-05-31  09:12:25 am)작업 재시작
[I](2020-05-31  09:12:38 am)작업중 정지 [d:243][t:16:10:56]
[I](2020-05-31  09:12:38 am)    [LNo:0009] 000811/001371
[I](2020-05-31  09:12:43 am)작업 재시작
[I](2020-05-31  09:13:20 am)작업중 정지 [d:243][t:16:11:39]
[I](2020-05-31  09:13:20 am)    [LNo:0009] 000816/001371
[I](2020-05-31  09:13:21 am)작업중 M코드정지 [d:243][t:16:11:39]
[I](2020-05-31  09:13:33 am)작업중 정지 [d:244][t:16:11:51]
[I](2020-05-31  09:13:33 am)    [LNo:0009] 000817/001371
[I](2020-05-31  09:13:33 am)Wire Contact Auto Stop(M52)
[I](2020-05-31  09:13:56 am)작업 재시작
[I](2020-05-31  09:15:57 am)작업중 정지 [d:244][t:16:14:15]
[I](2020-05-31  09:15:57 am)    [LNo:0009] 000834/001371
[I](2020-05-31  09:15:57 am)작업중 30sec 접촉 정지 [d:244][t:16:14:15]
[I](2020-05-31  09:16:03 am)작업 재시작
[I](2020-05-31  09:16:42 am)작업중 정지 [d:245][t:16:15:00]
[I](2020-05-31  09:16:42 am)    [LNo:0009] 000839/001371
[I](2020-05-31  09:16:42 am)작업중 M코드정지 [d:245][t:16:15:01]
[I](2020-05-31  09:16:55 am)작업중 정지 [d:245][t:16:15:13]
[I](2020-05-31  09:16:55 am)    [LNo:0009] 000840/001371
[I](2020-05-31  09:16:55 am)Wire Contact Auto Stop(M52)
[I](2020-05-31  09:17:20 am)작업 재시작
[I](2020-05-31  09:19:06 am)작업중 정지 [d:245][t:16:17:24]
[I](2020-05-31  09:19:06 am)    [LNo:0009] 000857/001371
[I](2020-05-31  09:19:06 am)작업중 30sec 접촉 정지 [d:245][t:16:17:24]
[I](2020-05-31  09:19:23 am)작업 재시작
[I](2020-05-31  09:20:10 am)작업중 정지 [d:246][t:16:18:29]
[I](2020-05-31  09:20:10 am)    [LNo:0009] 000862/001371
[I](2020-05-31  09:20:10 am)작업중 M코드정지 [d:246][t:16:18:29]
[I](2020-05-31  09:20:23 am)작업중 정지 [d:246][t:16:18:42]
[I](2020-05-31  09:20:23 am)    [LNo:0009] 000863/001371
[I](2020-05-31  09:20:23 am)Wire Contact Auto Stop(M52)
[I](2020-05-31  09:20:48 am)작업 재시작
[I](2020-05-31  09:21:26 am)작업중 정지 [d:246][t:16:19:45]
[I](2020-05-31  09:21:26 am)    [LNo:0009] 000869/001371
[I](2020-05-31  09:22:02 am)Reset
[I](2020-05-31  09:22:02 am)Reset
[I](2020-05-31  09:22:13 am)작업 시작 [Start d:260]
[I](2020-05-31  09:22:13 am)Nc File: [No.0012-607.NC]
[I](2020-05-31  09:22:13 am)  * Start Machine Position
[I](2020-05-31  09:22:13 am)    X:    178.8847
[I](2020-05-31  09:22:13 am)    Y:   -391.9067
[I](2020-05-31  09:22:13 am)    U:      0.0000
[I](2020-05-31  09:22:13 am)    V:      0.0000
[I](2020-05-31  09:22:13 am)    Z:     21.3939
[I](2020-05-31  09:22:13 am)  * Angle
[I](2020-05-31  09:22:13 am)    Ar:      0.1336,Kr:      0.0000
[I](2020-05-31  09:22:13 am)    Taper_Ar:      0.0000
[I](2020-05-31  09:22:37 am)작업중 정지 [d:0][t:00:00:24]
[I](2020-05-31  09:22:37 am)    [LNo:0012] 000010/001216
[I](2020-05-31  09:22:38 am)작업중 M코드정지 [d:0][t:00:00:24]
[I](2020-05-31  09:24:25 am)작업중 정지 [d:1][t:00:02:12]
[I](2020-05-31  09:24:25 am)    [LNo:0012] 000026/001216
[I](2020-05-31  09:24:25 am)작업중 30sec 접촉 정지 [d:1][t:00:02:12]
[I](2020-05-31  09:25:00 am)작업 재시작
[I](2020-05-31  09:25:01 am)작업중 정지 [d:1][t:00:02:47]
[I](2020-05-31  09:25:01 am)    [LNo:0012] 000026/001216
[I](2020-05-31  09:25:39 am)작업 재시작
[I](2020-05-31  09:28:39 am)작업중 정지 [d:4][t:00:06:26]
[I](2020-05-31  09:28:39 am)    [LNo:0012] 000041/001216
[I](2020-05-31  09:28:39 am)작업중 M코드정지 [d:4][t:00:06:26]
[I](2020-05-31  09:30:40 am)작업중 정지 [d:5][t:00:08:27]
[I](2020-05-31  09:30:40 am)    [LNo:0012] 000043/001216
[I](2020-05-31  09:30:40 am)작업중 M코드정지 [d:5][t:00:08:27]
[I](2020-05-31  09:31:10 am)작업중 정지 [d:5][t:00:08:57]
[I](2020-05-31  09:31:10 am)    [LNo:0012] 000046/001216
[I](2020-05-31  09:32:19 am)Reset
[I](2020-05-31  09:32:23 am)작업 시작 [Start d:265]
[I](2020-05-31  09:32:23 am)Nc File: [No.0012-607.NC]
[I](2020-05-31  09:32:23 am)  * Start Machine Position
[I](2020-05-31  09:32:23 am)    X:     44.5648
[I](2020-05-31  09:32:23 am)    Y:   -287.0007
[I](2020-05-31  09:32:23 am)    U:      0.0000
[I](2020-05-31  09:32:23 am)    V:      0.0000
[I](2020-05-31  09:32:23 am)    Z:     21.3939
[I](2020-05-31  09:32:23 am)  * Angle
[I](2020-05-31  09:32:23 am)    Ar:      0.1336,Kr:      0.0000
[I](2020-05-31  09:32:23 am)    Taper_Ar:      0.0000
[I](2020-05-31  09:35:01 am)작업중 정지 [d:2][t:00:02:37]
[I](2020-05-31  09:35:01 am)    [LNo:0012] 000631/001216
[I](2020-05-31  09:35:01 am)작업중 M코드정지 [d:2][t:00:02:37]
[I](2020-05-31  09:40:38 am)Reset
[I](2020-05-31  09:40:48 am)작업 시작 [Start d:267]
[I](2020-05-31  09:40:48 am)Nc File: [No.0012-607.NC]
[I](2020-05-31  09:40:48 am)  * Start Machine Position
[I](2020-05-31  09:40:48 am)    X:     44.5648
[I](2020-05-31  09:40:48 am)    Y:   -287.0007
[I](2020-05-31  09:40:48 am)    U:      0.0000
[I](2020-05-31  09:40:48 am)    V:      0.0000
[I](2020-05-31  09:40:48 am)    Z:     21.3939
[I](2020-05-31  09:40:48 am)  * Angle
[I](2020-05-31  09:40:48 am)    Ar:      0.1336,Kr:      0.0000
[I](2020-05-31  09:40:48 am)    Taper_Ar:      0.0000
[I](2020-05-31  09:41:39 am)작업중 정지 [d:1][t:00:00:51]
[I](2020-05-31  09:41:39 am)    [LNo:0012] 000631/001216
[I](2020-05-31  09:41:40 am)작업중 M코드정지 [d:1][t:00:00:51]
[I](2020-05-31  09:46:43 am)Reset
[I](2020-05-31  09:46:49 am)작업 시작 [Start d:268]
[I](2020-05-31  09:46:49 am)Nc File: [No.0012-607.NC]
[I](2020-05-31  09:46:49 am)  * Start Machine Position
[I](2020-05-31  09:46:49 am)    X:     44.5648
[I](2020-05-31  09:46:49 am)    Y:   -287.0007
[I](2020-05-31  09:46:49 am)    U:      0.0000
[I](2020-05-31  09:46:49 am)    V:      0.0000
[I](2020-05-31  09:46:49 am)    Z:     21.3939
[I](2020-05-31  09:46:49 am)  * Angle
[I](2020-05-31  09:46:49 am)    Ar:      0.1336,Kr:      0.0000
[I](2020-05-31  09:46:49 am)    Taper_Ar:      0.0000
[I](2020-05-31  09:47:40 am)작업중 정지 [d:1][t:00:00:51]
[I](2020-05-31  09:47:40 am)    [LNo:0012] 000631/001216
[I](2020-05-31  09:47:40 am)작업중 M코드정지 [d:1][t:00:00:51]
[I](2020-05-31  09:48:58 am)Reset
[I](2020-05-31  09:49:07 am)Reset
[I](2020-05-31  09:49:07 am)Reset
[I](2020-05-31  09:49:08 am)Reset
[I](2020-05-31  10:02:31 am)작업 시작 [Start d:269]
[I](2020-05-31  10:02:31 am)Nc File: [No.0013-609.NC]
[I](2020-05-31  10:02:31 am)  * Start Machine Position
[I](2020-05-31  10:02:31 am)    X:    178.8848
[I](2020-05-31  10:02:31 am)    Y:   -391.9067
[I](2020-05-31  10:02:31 am)    U:      0.0000
[I](2020-05-31  10:02:31 am)    V:      0.0000
[I](2020-05-31  10:02:31 am)    Z:     21.3939
[I](2020-05-31  10:02:31 am)  * Angle
[I](2020-05-31  10:02:31 am)    Ar:      0.1336,Kr:      0.0000
[I](2020-05-31  10:02:31 am)    Taper_Ar:      0.0000
[I](2020-05-31  10:02:56 am)작업중 정지 [d:0][t:00:00:24]
[I](2020-05-31  10:02:56 am)    [LNo:0013] 000010/000979
[I](2020-05-31  10:02:56 am)작업중 M코드정지 [d:0][t:00:00:24]
[I](2020-05-31  10:03:43 am)작업중 정지 [d:0][t:00:01:11]
[I](2020-05-31  10:03:43 am)    [LNo:0013] 000021/000979
[I](2020-05-31  10:06:21 am)작업 재시작
[I](2020-05-31  10:15:59 am)작업중 정지 [d:10][t:00:13:27]
[I](2020-05-31  10:15:59 am)    [LNo:0013] 000034/000979
[I](2020-05-31  10:15:59 am)작업중 M코드정지 [d:10][t:00:13:27]
[I](2020-05-31  10:17:26 am)작업중 정지 [d:10][t:00:14:54]
[I](2020-05-31  10:17:26 am)    [LNo:0013] 000038/000979
[I](2020-05-31  10:17:26 am)작업중 M코드정지 [d:10][t:00:14:54]
[I](2020-05-31  10:18:13 am)작업중 정지 [d:10][t:00:15:41]
[I](2020-05-31  10:18:13 am)    [LNo:0013] 000040/000979
[I](2020-05-31  10:18:13 am)작업중 M코드정지 [d:10][t:00:15:41]
[I](2020-05-31  10:25:07 am)작업중 정지 [d:14][t:00:22:35]
[I](2020-05-31  10:25:07 am)    [LNo:0013] 000078/000979
[I](2020-05-31  10:25:07 am)작업중 M코드정지 [d:14][t:00:22:35]
[I](2020-05-31  10:28:55 am)작업중 정지 [d:14][t:00:26:23]
[I](2020-05-31  10:28:55 am)    [LNo:0013] 000080/000979
[I](2020-05-31  10:29:33 am)작업 재시작
[I](2020-05-31  10:29:38 am)작업중 정지 [d:14][t:00:27:06]
[I](2020-05-31  10:29:38 am)    [LNo:0013] 000080/000979
[I](2020-05-31  10:30:06 am)작업 재시작
[I](2020-05-31  10:30:16 am)작업중 정지 [d:14][t:00:27:44]
[I](2020-05-31  10:30:16 am)    [LNo:0013] 000080/000979
[I](2020-05-31  10:32:05 am)작업 재시작
[I](2020-05-31  10:32:12 am)작업중 정지 [d:14][t:00:29:40]
[I](2020-05-31  10:32:12 am)    [LNo:0013] 000082/000979
[I](2020-05-31  10:32:12 am)작업중 M코드정지 [d:14][t:00:29:40]
[I](2020-05-31  10:32:15 am)작업중 정지 [d:14][t:00:29:43]
[I](2020-05-31  10:32:15 am)    [LNo:0013] 000085/000979
[I](2020-05-31  10:32:18 am)작업중 정지 [d:14][t:00:29:46]
[I](2020-05-31  10:32:18 am)    [LNo:0013] 000085/000979
[A](2020-05-31  10:32:18 am)[010] 자동결선 Error(M21-절단실패)
[I](2020-05-31  10:37:13 am)작업중 정지 [d:18][t:00:34:41]
[I](2020-05-31  10:37:13 am)    [LNo:0013] 000118/000979
[I](2020-05-31  10:37:13 am)작업중 M코드정지 [d:18][t:00:34:42]
[I](2020-05-31  10:37:28 am)작업중 정지 [d:18][t:00:34:56]
[I](2020-05-31  10:37:28 am)    [LNo:0013] 000122/000979
[I](2020-05-31  10:37:28 am)작업중 M코드정지 [d:18][t:00:34:56]
[I](2020-05-31  10:43:19 am)작업중 정지 [d:22][t:00:40:47]
[I](2020-05-31  10:43:19 am)    [LNo:0013] 000158/000979
[I](2020-05-31  10:43:19 am)작업중 M코드정지 [d:22][t:00:40:47]
[I](2020-05-31  10:45:26 am)작업중 정지 [d:22][t:00:42:54]
[I](2020-05-31  10:45:26 am)    [LNo:0013] 000160/000979
[I](2020-05-31  10:46:05 am)작업 재시작
[I](2020-05-31  10:46:08 am)작업중 정지 [d:22][t:00:43:36]
[I](2020-05-31  10:46:08 am)    [LNo:0013] 000162/000979
[I](2020-05-31  10:46:08 am)작업중 M코드정지 [d:22][t:00:43:36]
[I](2020-05-31  10:52:06 am)작업중 정지 [d:26][t:00:49:34]
[I](2020-05-31  10:52:06 am)    [LNo:0013] 000192/000979
[I](2020-05-31  10:52:06 am)작업중 M코드정지 [d:26][t:00:49:34]
[I](2020-05-31  10:53:51 am)작업중 정지 [d:26][t:00:51:19]
[I](2020-05-31  10:53:51 am)    [LNo:0013] 000194/000979
[I](2020-05-31  10:54:43 am)작업 재시작
[I](2020-05-31  10:54:46 am)작업중 정지 [d:26][t:00:52:14]
[I](2020-05-31  10:54:46 am)    [LNo:0013] 000196/000979
[I](2020-05-31  10:54:46 am)작업중 M코드정지 [d:26][t:00:52:14]
[I](2020-05-31  11:00:35 am)작업중 정지 [d:31][t:00:58:03]
[I](2020-05-31  11:00:35 am)    [LNo:0013] 000232/000979
[I](2020-05-31  11:00:35 am)작업중 M코드정지 [d:31][t:00:58:03]
[I](2020-05-31  11:02:21 am)작업중 정지 [d:31][t:00:59:49]
[I](2020-05-31  11:02:21 am)    [LNo:0013] 000234/000979
[I](2020-05-31  11:02:58 am)작업 재시작
[I](2020-05-31  11:03:02 am)작업중 정지 [d:31][t:01:00:30]
[I](2020-05-31  11:03:02 am)    [LNo:0013] 000236/000979
[I](2020-05-31  11:03:02 am)작업중 M코드정지 [d:31][t:01:00:30]
[I](2020-05-31  11:08:46 am)작업중 정지 [d:36][t:01:06:14]
[I](2020-05-31  11:08:46 am)    [LNo:0013] 000263/000979
[I](2020-05-31  11:08:46 am)작업중 M코드정지 [d:36][t:01:06:14]
[I](2020-05-31  11:14:03 am)작업중 정지 [d:36][t:01:11:31]
[I](2020-05-31  11:14:03 am)    [LNo:0013] 000264/000979
[I](2020-05-31  11:14:40 am)작업 재시작
[I](2020-05-31  11:14:47 am)작업중 정지 [d:36][t:01:12:15]
[I](2020-05-31  11:14:47 am)    [LNo:0013] 000266/000979
[I](2020-05-31  11:14:47 am)작업중 M코드정지 [d:36][t:01:12:15]
[I](2020-05-31  11:27:51 am)작업중 정지 [d:46][t:01:25:19]
[I](2020-05-31  11:27:51 am)    [LNo:0013] 000373/000979
[I](2020-05-31  11:27:51 am)작업중 M코드정지 [d:46][t:01:25:20]
[I](2020-05-31  11:28:35 am)작업중 정지 [d:46][t:01:26:03]
[I](2020-05-31  11:28:35 am)    [LNo:0013] 000374/000979
[I](2020-05-31  11:29:02 am)작업 재시작
[I](2020-05-31  11:29:15 am)작업중 정지 [d:46][t:01:26:43]
[I](2020-05-31  11:29:15 am)    [LNo:0013] 000376/000979
[I](2020-05-31  11:29:15 am)작업중 M코드정지 [d:46][t:01:26:43]
[I](2020-05-31  11:35:13 am)작업중 정지 [d:50][t:01:32:41]
[I](2020-05-31  11:35:13 am)    [LNo:0013] 000403/000979
[I](2020-05-31  11:35:13 am)작업중 M코드정지 [d:50][t:01:32:41]
[I](2020-05-31  11:35:52 am)작업중 정지 [d:50][t:01:33:20]
[I](2020-05-31  11:35:52 am)    [LNo:0013] 000404/000979
[I](2020-05-31  11:35:52 am)작업중 30sec 접촉 정지 [d:50][t:01:33:20]
[I](2020-05-31  11:35:57 am)작업 재시작
[I](2020-05-31  11:36:02 am)작업중 정지 [d:50][t:01:33:30]
[I](2020-05-31  11:36:02 am)    [LNo:0013] 000404/000979
[I](2020-05-31  11:36:02 am)작업중 30sec 접촉 정지 [d:50][t:01:33:30]
[I](2020-05-31  11:36:08 am)작업 재시작
[I](2020-05-31  11:36:22 am)작업중 정지 [d:50][t:01:33:50]
[I](2020-05-31  11:36:22 am)    [LNo:0013] 000406/000979
[I](2020-05-31  11:36:22 am)작업중 M코드정지 [d:50][t:01:33:51]
[I](2020-05-31  11:42:23 am)작업중 정지 [d:54][t:01:39:51]
[I](2020-05-31  11:42:23 am)    [LNo:0013] 000433/000979
[I](2020-05-31  11:42:23 am)작업중 M코드정지 [d:54][t:01:39:51]
[I](2020-05-31  11:44:34 am)작업중 정지 [d:54][t:01:42:02]
[I](2020-05-31  11:44:34 am)    [LNo:0013] 000436/000979
[I](2020-05-31  11:44:34 am)작업중 M코드정지 [d:54][t:01:42:02]
[I](2020-05-31  11:50:49 am)작업중 정지 [d:59][t:01:48:17]
[I](2020-05-31  11:50:49 am)    [LNo:0013] 000463/000979
[I](2020-05-31  11:50:49 am)작업중 M코드정지 [d:59][t:01:48:17]
[I](2020-05-31  11:51:16 am)작업중 정지 [d:59][t:01:48:45]
[I](2020-05-31  11:51:16 am)    [LNo:0013] 000466/000979
[I](2020-05-31  11:51:17 am)작업중 M코드정지 [d:59][t:01:48:45]
[I](2020-05-31  12:00:59 pm)작업중 정지 [d:67][t:01:58:27]
[I](2020-05-31  12:00:59 pm)    [LNo:0013] 000494/000979
[I](2020-05-31  12:00:59 pm)작업중 M코드정지 [d:67][t:01:58:27]
[I](2020-05-31  12:01:13 pm)작업중 정지 [d:67][t:01:58:41]
[I](2020-05-31  12:01:13 pm)    [LNo:0013] 000495/000979
[I](2020-05-31  12:01:49 pm)작업 재시작
[I](2020-05-31  12:01:56 pm)작업중 정지 [d:67][t:01:59:24]
[I](2020-05-31  12:01:56 pm)    [LNo:0013] 000496/000979
[I](2020-05-31  12:01:56 pm)작업중 M코드정지 [d:67][t:01:59:24]
[I](2020-05-31  12:13:46 pm)작업중 정지 [d:78][t:02:11:14]
[I](2020-05-31  12:13:46 pm)    [LNo:0013] 000524/000979
[I](2020-05-31  12:13:46 pm)작업중 M코드정지 [d:78][t:02:11:14]
[I](2020-05-31  12:14:29 pm)작업중 정지 [d:79][t:02:11:57]
[I](2020-05-31  12:14:29 pm)    [LNo:0013] 000525/000979
[I](2020-05-31  12:14:50 pm)작업 재시작
[I](2020-05-31  12:14:58 pm)작업중 정지 [d:79][t:02:12:26]
[I](2020-05-31  12:14:58 pm)    [LNo:0013] 000526/000979
[I](2020-05-31  12:14:58 pm)작업중 M코드정지 [d:79][t:02:12:27]
[I](2020-05-31  12:15:29 pm)작업중 정지 [d:79][t:02:12:57]
[I](2020-05-31  12:15:29 pm)    [LNo:0013] 000532/000979
[I](2020-05-31  12:18:07 pm)Reset
[I](2020-05-31  12:18:07 pm)Reset
[I](2020-05-31  12:20:51 pm)Reset
[I](2020-05-31  12:21:06 pm)작업 시작 [Start d:348]
[I](2020-05-31  12:21:06 pm)Nc File: [No.0015-615.NC]
[I](2020-05-31  12:21:06 pm)  * Start Machine Position
[I](2020-05-31  12:21:06 pm)    X:    178.8848
[I](2020-05-31  12:21:06 pm)    Y:   -391.9067
[I](2020-05-31  12:21:06 pm)    U:      0.0000
[I](2020-05-31  12:21:06 pm)    V:      0.0000
[I](2020-05-31  12:21:06 pm)    Z:     21.3939
[I](2020-05-31  12:21:06 pm)  * Angle
[I](2020-05-31  12:21:06 pm)    Ar:      0.1336,Kr:      0.0000
[I](2020-05-31  12:21:06 pm)    Taper_Ar:      0.0000
[I](2020-05-31  12:21:33 pm)작업중 정지 [d:0][t:00:00:27]
[I](2020-05-31  12:21:33 pm)    [LNo:0015] 000010/000112
[I](2020-05-31  12:21:33 pm)작업중 M코드정지 [d:0][t:00:00:27]
[I](2020-05-31  12:26:55 pm)작업중 정지 [d:4][t:00:05:49]
[I](2020-05-31  12:26:55 pm)    [LNo:0015] 000029/000112
[I](2020-05-31  12:26:55 pm)작업중 M코드정지 [d:4][t:00:05:49]
[I](2020-05-31  12:35:06 pm)작업중 정지 [d:4][t:00:14:00]
[I](2020-05-31  12:35:06 pm)    [LNo:0015] 000032/000112
[I](2020-05-31  12:35:06 pm)작업중 M코드정지 [d:4][t:00:14:00]
[I](2020-05-31  12:40:42 pm)작업중 정지 [d:8][t:00:19:35]
[I](2020-05-31  12:40:42 pm)    [LNo:0015] 000057/000112
[I](2020-05-31  12:40:42 pm)작업중 M코드정지 [d:8][t:00:19:35]
[I](2020-05-31  12:44:47 pm)작업중 정지 [d:8][t:00:23:40]
[I](2020-05-31  12:44:47 pm)    [LNo:0015] 000060/000112
[I](2020-05-31  12:44:47 pm)작업중 M코드정지 [d:8][t:00:23:40]
[I](2020-05-31  12:46:36 pm)작업중 정지 [d:8][t:00:25:29]
[I](2020-05-31  12:46:36 pm)    [LNo:0015] 000069/000112
[I](2020-05-31  12:52:59 pm)Reset
[I](2020-05-31  12:53:01 pm)Reset
[I](2020-05-31  12:53:01 pm)Reset
[I](2020-05-31  12:54:22 pm)작업 시작 [Start d:356]
[I](2020-05-31  12:54:22 pm)Nc File: [No.0016-610.NC]
[I](2020-05-31  12:54:22 pm)  * Start Machine Position
[I](2020-05-31  12:54:22 pm)    X:    178.8848
[I](2020-05-31  12:54:22 pm)    Y:   -391.9067
[I](2020-05-31  12:54:22 pm)    U:      0.0000
[I](2020-05-31  12:54:22 pm)    V:      0.0000
[I](2020-05-31  12:54:22 pm)    Z:     21.3939
[I](2020-05-31  12:54:22 pm)  * Angle
[I](2020-05-31  12:54:22 pm)    Ar:      0.1336,Kr:      0.0000
[I](2020-05-31  12:54:22 pm)    Taper_Ar:      0.0000
[I](2020-05-31  12:54:38 pm)작업중 정지 [d:0][t:00:00:15]
[I](2020-05-31  12:54:38 pm)    [LNo:0016] 000010/001012
[I](2020-05-31  12:54:38 pm)작업중 M코드정지 [d:0][t:00:00:15]
[I](2020-05-31  01:22:10 pm)작업중 정지 [d:24][t:00:27:48]
[I](2020-05-31  01:22:10 pm)    [LNo:0016] 000071/001012
[I](2020-05-31  01:22:10 pm)작업중 M코드정지 [d:24][t:00:27:48]
[I](2020-05-31  01:25:36 pm)작업중 정지 [d:24][t:00:31:13]
[I](2020-05-31  01:25:36 pm)    [LNo:0016] 000055/001012
[I](2020-05-31  01:27:30 pm)작업중 정지 [d:25][t:00:33:07]
[I](2020-05-31  01:27:30 pm)    [LNo:0016] 000072/001012
[I](2020-05-31  01:27:30 pm)작업중 Single Block Stop [d:25][t:00:33:07]
[I](2020-05-31  01:28:10 pm)작업중 정지 [d:25][t:00:33:47]
[I](2020-05-31  01:28:10 pm)    [LNo:0016] 000072/001012
[I](2020-05-31  01:28:10 pm)작업중 Single Block Stop [d:25][t:00:33:47]
[I](2020-05-31  01:32:14 pm)작업중 정지 [d:28][t:00:37:51]
[I](2020-05-31  01:32:14 pm)    [LNo:0016] 000099/001012
[I](2020-05-31  01:32:14 pm)작업중 M코드정지 [d:28][t:00:37:51]
[I](2020-05-31  01:35:56 pm)작업중 정지 [d:29][t:00:41:33]
[I](2020-05-31  01:35:56 pm)    [LNo:0016] 000120/001012
[I](2020-05-31  01:35:56 pm)작업중 M코드정지 [d:29][t:00:41:33]
[I](2020-05-31  01:39:34 pm)작업중 정지 [d:31][t:00:45:11]
[I](2020-05-31  01:39:34 pm)    [LNo:0016] 000158/001012
[I](2020-05-31  01:39:34 pm)작업중 M코드정지 [d:31][t:00:45:11]
[I](2020-05-31  01:41:56 pm)작업중 정지 [d:31][t:00:47:33]
[I](2020-05-31  01:41:56 pm)    [LNo:0016] 000176/001012
[I](2020-05-31  01:42:28 pm)작업 재시작
[I](2020-05-31  01:43:37 pm)작업중 정지 [d:33][t:00:49:14]
[I](2020-05-31  01:43:37 pm)    [LNo:0016] 000193/001012
[I](2020-05-31  01:43:37 pm)작업중 M코드정지 [d:33][t:00:49:14]
[I](2020-05-31  01:54:18 pm)작업중 정지 [d:39][t:00:59:55]
[I](2020-05-31  01:54:18 pm)    [LNo:0016] 000314/001012
[I](2020-05-31  01:54:18 pm)작업중 M코드정지 [d:39][t:00:59:55]
[I](2020-05-31  01:55:53 pm)작업중 정지 [d:39][t:01:01:30]
[I](2020-05-31  01:55:53 pm)    [LNo:0016] 000299/001012
[I](2020-05-31  01:56:45 pm)작업중 정지 [d:40][t:01:02:22]
[I](2020-05-31  01:56:45 pm)    [LNo:0016] 000314/001012
[I](2020-05-31  01:56:45 pm)작업중 M코드정지 [d:40][t:01:02:22]
[I](2020-05-31  01:58:47 pm)작업중 정지 [d:40][t:01:04:24]
[I](2020-05-31  01:58:47 pm)    [LNo:0016] 000299/001012
[I](2020-05-31  01:59:34 pm)작업중 정지 [d:41][t:01:05:11]
[I](2020-05-31  01:59:34 pm)    [LNo:0016] 000314/001012
[I](2020-05-31  01:59:34 pm)작업중 M코드정지 [d:41][t:01:05:11]
[I](2020-05-31  02:04:22 pm)작업중 정지 [d:41][t:01:10:00]
[I](2020-05-31  02:04:22 pm)    [LNo:0016] 000299/001012
[I](2020-05-31  02:04:59 pm)작업중 정지 [d:41][t:01:10:36]
[I](2020-05-31  02:04:59 pm)    [LNo:0016] 000314/001012
[I](2020-05-31  02:04:59 pm)작업중 M코드정지 [d:41][t:01:10:36]
[I](2020-05-31  02:08:29 pm)작업중 정지 [d:42][t:01:14:07]
[I](2020-05-31  02:08:29 pm)    [LNo:0016] 000353/001012
[I](2020-05-31  02:08:30 pm)작업중 M코드정지 [d:42][t:01:14:07]
[I](2020-05-31  02:10:05 pm)작업중 정지 [d:42][t:01:15:42]
[I](2020-05-31  02:10:05 pm)    [LNo:0016] 000320/001012
[I](2020-05-31  02:10:52 pm)작업중 정지 [d:43][t:01:16:29]
[I](2020-05-31  02:10:52 pm)    [LNo:0016] 000354/001012
[I](2020-05-31  02:10:52 pm)작업중 M코드정지 [d:43][t:01:16:29]
[I](2020-05-31  02:12:37 pm)작업중 정지 [d:43][t:01:18:14]
[I](2020-05-31  02:12:37 pm)    [LNo:0016] 000338/001012
[I](2020-05-31  02:13:11 pm)작업중 정지 [d:43][t:01:18:48]
[I](2020-05-31  02:13:11 pm)    [LNo:0016] 000354/001012
[I](2020-05-31  02:13:11 pm)작업중 M코드정지 [d:43][t:01:18:48]
[I](2020-05-31  02:17:12 pm)작업중 정지 [d:44][t:01:22:49]
[I](2020-05-31  02:17:12 pm)    [LNo:0016] 000388/001012
[I](2020-05-31  02:17:12 pm)작업중 M코드정지 [d:44][t:01:22:49]
[I](2020-05-31  02:26:51 pm)작업중 정지 [d:46][t:01:32:28]
[I](2020-05-31  02:26:51 pm)    [LNo:0016] 000410/001012
[I](2020-05-31  02:26:51 pm)작업중 M코드정지 [d:46][t:01:32:28]
[I](2020-05-31  02:29:31 pm)작업중 정지 [d:46][t:01:35:09]
[I](2020-05-31  02:29:31 pm)    [LNo:0016] 000393/001012
[I](2020-05-31  02:30:30 pm)작업중 정지 [d:47][t:01:36:08]
[I](2020-05-31  02:30:30 pm)    [LNo:0016] 000410/001012
[I](2020-05-31  02:30:30 pm)작업중 M코드정지 [d:47][t:01:36:08]
[I](2020-05-31  02:32:48 pm)작업중 정지 [d:47][t:01:38:25]
[I](2020-05-31  02:32:48 pm)    [LNo:0016] 000393/001012
[I](2020-05-31  02:34:02 pm)작업중 정지 [d:48][t:01:39:39]
[I](2020-05-31  02:34:02 pm)    [LNo:0016] 000410/001012
[I](2020-05-31  02:34:02 pm)작업중 M코드정지 [d:48][t:01:39:39]
[I](2020-05-31  02:36:59 pm)작업중 정지 [d:48][t:01:42:36]
[I](2020-05-31  02:36:59 pm)    [LNo:0016] 000393/001012
[I](2020-05-31  02:38:01 pm)작업중 정지 [d:49][t:01:43:39]
[I](2020-05-31  02:38:01 pm)    [LNo:0016] 000411/001012
[I](2020-05-31  02:38:01 pm)작업중 M코드정지 [d:49][t:01:43:39]
[I](2020-05-31  02:42:58 pm)작업중 정지 [d:52][t:01:48:35]
[I](2020-05-31  02:42:58 pm)    [LNo:0016] 000448/001012
[I](2020-05-31  02:42:58 pm)작업중 M코드정지 [d:52][t:01:48:35]
[I](2020-05-31  02:49:48 pm)작업중 정지 [d:55][t:01:55:26]
[I](2020-05-31  02:49:48 pm)    [LNo:0016] 000484/001012
[I](2020-05-31  02:49:48 pm)작업중 M코드정지 [d:55][t:01:55:26]
[A](2020-05-31  02:49:59 pm)[033] 자동결선 회수 롤러 WIRE CONTACT!!
[I](2020-05-31  02:53:36 pm)작업중 정지 [d:57][t:01:59:13]
[I](2020-05-31  02:53:36 pm)    [LNo:0016] 000507/001012
[I](2020-05-31  02:53:36 pm)작업중 M코드정지 [d:57][t:01:59:13]
[I](2020-05-31  02:55:36 pm)작업중 정지 [d:57][t:02:01:13]
[I](2020-05-31  02:55:36 pm)    [LNo:0016] 000488/001012
[I](2020-05-31  02:57:06 pm)작업중 정지 [d:58][t:02:02:43]
[I](2020-05-31  02:57:06 pm)    [LNo:0016] 000508/001012
[I](2020-05-31  02:57:06 pm)작업중 M코드정지 [d:58][t:02:02:43]
[I](2020-05-31  03:02:38 pm)작업중 정지 [d:61][t:02:08:15]
[I](2020-05-31  03:02:38 pm)    [LNo:0016] 000545/001012
[I](2020-05-31  03:02:38 pm)작업중 M코드정지 [d:61][t:02:08:15]
[A](2020-05-31  03:03:29 pm)[033] 자동결선 회수 롤러 WIRE CONTACT!!
[I](2020-05-31  03:07:37 pm)작업중 정지 [d:63][t:02:13:14]
[I](2020-05-31  03:07:37 pm)    [LNo:0016] 000568/001012
[I](2020-05-31  03:07:37 pm)작업중 M코드정지 [d:63][t:02:13:14]
[I](2020-05-31  03:12:43 pm)작업중 정지 [d:63][t:02:18:20]
[I](2020-05-31  03:12:43 pm)    [LNo:0016] 000548/001012
[I](2020-05-31  03:13:24 pm)작업중 정지 [d:63][t:02:19:01]
[I](2020-05-31  03:13:24 pm)    [LNo:0016] 000568/001012
[I](2020-05-31  03:13:24 pm)작업중 M코드정지 [d:63][t:02:19:01]
[I](2020-05-31  03:18:08 pm)작업중 정지 [d:66][t:02:23:45]
[I](2020-05-31  03:18:08 pm)    [LNo:0016] 000595/001012
[I](2020-05-31  03:18:08 pm)작업중 M코드정지 [d:66][t:02:23:45]
[I](2020-05-31  03:44:15 pm)작업중 정지 [d:82][t:02:49:52]
[I](2020-05-31  03:44:15 pm)    [LNo:0016] 000779/001012
[I](2020-05-31  03:44:15 pm)작업중 M코드정지 [d:82][t:02:49:52]
[I](2020-05-31  03:48:48 pm)작업중 정지 [d:82][t:02:54:25]
[I](2020-05-31  03:48:48 pm)    [LNo:0016] 000738/001012
[I](2020-05-31  03:50:10 pm)작업중 정지 [d:82][t:02:55:47]
[I](2020-05-31  03:50:10 pm)    [LNo:0016] 000756/001012
[I](2020-05-31  03:50:10 pm)작업중 M코드정지 [d:82][t:02:55:47]
[I](2020-05-31  03:51:19 pm)작업중 정지 [d:82][t:02:56:57]
[I](2020-05-31  03:51:19 pm)    [LNo:0016] 000784/001012
[I](2020-05-31  03:54:40 pm)작업중 정지 [d:85][t:03:00:17]
[I](2020-05-31  03:54:40 pm)    [LNo:0016] 000815/001012
[I](2020-05-31  03:54:40 pm)작업중 M코드정지 [d:85][t:03:00:17]
[I](2020-05-31  04:05:03 pm)작업중 정지 [d:88][t:03:10:40]
[I](2020-05-31  04:05:03 pm)    [LNo:0016] 000852/001012
[I](2020-05-31  04:05:03 pm)작업중 M코드정지 [d:88][t:03:10:40]
[I](2020-05-31  04:11:18 pm)작업중 정지 [d:88][t:03:16:56]
[I](2020-05-31  04:11:18 pm)    [LNo:0016] 000674/001012
[I](2020-05-31  04:12:03 pm)작업중 정지 [d:88][t:03:17:40]
[I](2020-05-31  04:12:03 pm)    [LNo:0016] 000701/001012
[I](2020-05-31  04:12:46 pm)작업중 정지 [d:88][t:03:18:23]
[I](2020-05-31  04:12:46 pm)    [LNo:0016] 000709/001012
[I](2020-05-31  04:13:07 pm)작업중 정지 [d:88][t:03:18:44]
[I](2020-05-31  04:13:07 pm)    [LNo:0016] 000716/001012
[I](2020-05-31  04:13:52 pm)작업중 정지 [d:89][t:03:19:29]
[I](2020-05-31  04:13:52 pm)    [LNo:0016] 000732/001012
[I](2020-05-31  04:13:52 pm)작업중 M코드정지 [d:89][t:03:19:29]
[I](2020-05-31  04:15:29 pm)작업중 정지 [d:90][t:03:21:06]
[I](2020-05-31  04:15:29 pm)    [LNo:0016] 000756/001012
[I](2020-05-31  04:15:29 pm)작업중 M코드정지 [d:90][t:03:21:06]
[I](2020-05-31  04:16:18 pm)작업중 정지 [d:90][t:03:21:55]
[I](2020-05-31  04:16:18 pm)    [LNo:0016] 000654/001012
[I](2020-05-31  04:17:23 pm)작업중 정지 [d:90][t:03:23:01]
[I](2020-05-31  04:17:23 pm)    [LNo:0016] 000668/001012
[I](2020-05-31  04:17:24 pm)작업중 M코드정지 [d:90][t:03:23:01]
[I](2020-05-31  04:20:10 pm)작업중 정지 [d:90][t:03:25:47]
[I](2020-05-31  04:20:10 pm)    [LNo:0016] 000858/001012
[I](2020-05-31  04:37:06 pm)작업중 정지 [d:104][t:03:42:43]
[I](2020-05-31  04:37:06 pm)    [LNo:0016] 000927/001012
[I](2020-05-31  04:37:06 pm)작업중 Single Block Stop [d:104][t:03:42:43]
[A](2020-05-31  04:37:19 pm)[036] 자동결선 절단 공정 실패!!
[I](2020-05-31  04:38:56 pm)작업중 정지 [d:104][t:03:44:33]
[I](2020-05-31  04:38:56 pm)    [LNo:0016] 000912/001012
[I](2020-05-31  04:39:16 pm)작업중 정지 [d:104][t:03:44:53]
[I](2020-05-31  04:39:16 pm)    [LNo:0016] 000912/001012
[I](2020-05-31  04:39:16 pm)작업중 Single Block Stop [d:104][t:03:44:53]
[I](2020-05-31  04:43:42 pm)작업중 정지 [d:106][t:03:49:19]
[I](2020-05-31  04:43:42 pm)    [LNo:0016] 000927/001012
[I](2020-05-31  04:43:42 pm)작업중 Single Block Stop [d:106][t:03:49:19]
[I](2020-05-31  04:45:09 pm)작업중 정지 [d:106][t:03:50:46]
[I](2020-05-31  04:45:09 pm)    [LNo:0016] 000875/001012
[I](2020-05-31  04:48:32 pm)작업중 정지 [d:109][t:03:54:09]
[I](2020-05-31  04:48:32 pm)    [LNo:0016] 000890/001012
[I](2020-05-31  04:48:32 pm)작업중 M코드정지 [d:109][t:03:54:09]
[I](2020-05-31  04:51:13 pm)작업중 정지 [d:109][t:03:56:50]
[I](2020-05-31  04:51:13 pm)    [LNo:0016] 000873/001012
[I](2020-05-31  04:55:39 pm)작업중 정지 [d:112][t:04:01:16]
[I](2020-05-31  04:55:39 pm)    [LNo:0016] 000896/001012
[I](2020-05-31  04:56:05 pm)작업중 정지 [d:112][t:04:01:42]
[I](2020-05-31  04:56:05 pm)    [LNo:0016] 000912/001012
[I](2020-05-31  05:07:59 pm)작업중 정지 [d:121][t:04:13:36]
[I](2020-05-31  05:07:59 pm)    [LNo:0016] 000975/001012
[I](2020-05-31  05:16:21 pm)작업중 정지 [d:128][t:04:21:58]
[I](2020-05-31  05:16:21 pm)    [LNo:0016] 001005/001012
[I](2020-05-31  05:16:21 pm)작업중 Single Block Stop [d:128][t:04:21:59]
[I](2020-05-31  05:23:49 pm)Reset
[I](2020-05-31  05:24:20 pm)Reset
[I](2020-05-31  05:36:40 pm)Reset
[I](2020-05-31  05:36:40 pm)Reset
[I](2020-05-31  05:36:52 pm)Reset
[I](2020-05-31  05:37:27 pm)Reset
[I](2020-05-31  05:37:27 pm)Reset
[I](2020-05-31  05:40:25 pm)Reset
[I](2020-05-31  05:40:25 pm)Reset
[I](2020-05-31  05:43:12 pm)Reset
[I](2020-05-31  05:43:12 pm)Reset
[I](2020-05-31  05:43:15 pm)Reset
[I](2020-05-31  05:43:37 pm)Reset
[I](2020-05-31  05:43:37 pm)Reset
[I](2020-05-31  05:43:37 pm)Reset
[I](2020-05-31  05:43:38 pm)Reset
[I](2020-05-31  05:44:10 pm)Reset
[I](2020-05-31  05:44:10 pm)Reset
[I](2020-05-31  05:44:51 pm)Reset
[I](2020-05-31  05:44:51 pm)Reset
[I](2020-05-31  05:45:24 pm)Reset
[I](2020-05-31  05:45:39 pm)Reset
[I](2020-05-31  05:45:40 pm)Reset
[I](2020-05-31  05:46:39 pm)작업 시작 [Start d:484]
[I](2020-05-31  05:46:39 pm)Nc File: [No.0017-556.NC]
[I](2020-05-31  05:46:39 pm)  * Start Machine Position
[I](2020-05-31  05:46:39 pm)    X:     11.0408
[I](2020-05-31  05:46:39 pm)    Y:   -390.0939
[I](2020-05-31  05:46:39 pm)    U:     -0.1757
[I](2020-05-31  05:46:39 pm)    V:     -0.0193
[I](2020-05-31  05:46:39 pm)    Z:     24.3809
[I](2020-05-31  05:46:39 pm)  * Angle
[I](2020-05-31  05:46:39 pm)    Ar:      0.7548,Kr:      0.0000
[I](2020-05-31  05:46:39 pm)    Taper_Ar:      0.0000
[I](2020-05-31  05:46:47 pm)작업중 정지 [d:0][t:00:00:07]
[I](2020-05-31  05:46:47 pm)    [LNo:0017] 000010/000096
[I](2020-05-31  05:46:47 pm)작업중 M코드정지 [d:0][t:00:00:07]
[I](2020-05-31  05:47:02 pm)작업중 정지 [d:0][t:00:00:22]
[I](2020-05-31  05:47:02 pm)    [LNo:0017] 000038/000096
[I](2020-05-31  05:47:02 pm)작업중 M코드정지 [d:0][t:00:00:22]
[I](2020-05-31  05:47:04 pm)작업중 정지 [d:0][t:00:00:24]
[I](2020-05-31  05:47:04 pm)    [LNo:0017] 000040/000096
[I](2020-05-31  05:47:04 pm)작업중 M코드정지 [d:0][t:00:00:24]
[I](2020-05-31  05:47:25 pm)작업중 정지 [d:0][t:00:00:45]
[I](2020-05-31  05:47:25 pm)    [LNo:0017] 000071/000096
[I](2020-05-31  05:47:25 pm)작업중 M코드정지 [d:0][t:00:00:46]
[I](2020-05-31  05:47:35 pm)작업중 정지 [d:0][t:00:00:55]
[I](2020-05-31  05:47:35 pm)    [LNo:0017] 000084/000096
[I](2020-05-31  05:47:35 pm)작업중 M코드정지 [d:0][t:00:00:55]
[I](2020-05-31  05:47:48 pm)작업중 정지 [d:0][t:00:01:08]
[I](2020-05-31  05:47:48 pm)    [LNo:0017] 000086/000096
[I](2020-05-31  05:47:48 pm)작업중 M코드정지 [d:0][t:00:01:08]
[I](2020-05-31  05:47:57 pm)작업중 정지 [d:0][t:00:01:17]
[I](2020-05-31  05:47:57 pm)    [LNo:0017] 000092/000096
[I](2020-05-31  05:47:57 pm)작업중 M코드정지 [d:0][t:00:01:17]
[I](2020-05-31  05:48:23 pm)Reset
[I](2020-05-31  05:48:37 pm)작업 시작 [Start d:484]
[I](2020-05-31  05:48:37 pm)Nc File: [No.0017-556.NC]
[I](2020-05-31  05:48:37 pm)  * Start Machine Position
[I](2020-05-31  05:48:37 pm)    X:     11.0408
[I](2020-05-31  05:48:37 pm)    Y:   -390.0939
[I](2020-05-31  05:48:37 pm)    U:     -0.1757
[I](2020-05-31  05:48:37 pm)    V:     -0.0193
[I](2020-05-31  05:48:37 pm)    Z:     24.3809
[I](2020-05-31  05:48:37 pm)  * Angle
[I](2020-05-31  05:48:37 pm)    Ar:      0.7548,Kr:      0.0000
[I](2020-05-31  05:48:37 pm)    Taper_Ar:      0.0000
[I](2020-05-31  05:48:45 pm)작업중 정지 [d:0][t:00:00:08]
[I](2020-05-31  05:48:45 pm)    [LNo:0017] 000010/000096
[I](2020-05-31  05:48:46 pm)작업중 M코드정지 [d:0][t:00:00:08]
[I](2020-05-31  05:51:35 pm)작업중 정지 [d:2][t:00:02:58]
[I](2020-05-31  05:51:35 pm)    [LNo:0017] 000023/000096
[I](2020-05-31  05:51:50 pm)작업중 정지 [d:2][t:00:03:13]
[I](2020-05-31  05:51:50 pm)    [LNo:0017] 000012/000096
[I](2020-05-31  06:18:45 pm)작업중 정지 [d:29][t:00:30:08]
[I](2020-05-31  06:18:45 pm)    [LNo:0017] 000038/000096
[I](2020-05-31  06:18:45 pm)작업중 M코드정지 [d:29][t:00:30:08]
[I](2020-05-31  06:19:38 pm)작업중 정지 [d:30][t:00:31:01]
[I](2020-05-31  06:19:38 pm)    [LNo:0017] 000039/000096
[I](2020-05-31  06:19:38 pm)Wire Contact Auto Stop(M52)
[I](2020-05-31  06:19:45 pm)작업 재시작
[I](2020-05-31  06:19:51 pm)작업중 정지 [d:30][t:00:31:14]
[I](2020-05-31  06:19:51 pm)    [LNo:0017] 000040/000096
[I](2020-05-31  06:19:51 pm)작업중 M코드정지 [d:30][t:00:31:14]
[I](2020-05-31  06:19:56 pm)작업중 정지 [d:30][t:00:31:19]
[I](2020-05-31  06:19:56 pm)    [LNo:0017] 000043/000096
[I](2020-05-31  06:19:58 pm)작업중 정지 [d:30][t:00:31:21]
[I](2020-05-31  06:19:58 pm)    [LNo:0017] 000043/000096
[A](2020-05-31  06:19:58 pm)[010] 자동결선 Error(M21-절단실패)
[I](2020-05-31  06:20:07 pm)작업중 정지 [d:30][t:00:31:30]
[I](2020-05-31  06:20:07 pm)    [LNo:0017] 000049/000096
[I](2020-05-31  06:50:35 pm)작업중 정지 [d:60][t:01:01:58]
[I](2020-05-31  06:50:35 pm)    [LNo:0017] 000071/000096
[I](2020-05-31  06:50:35 pm)작업중 M코드정지 [d:60][t:01:01:58]
[I](2020-05-31  07:08:47 pm)작업중 정지 [d:77][t:01:20:10]
[I](2020-05-31  07:08:47 pm)    [LNo:0017] 000084/000096
[I](2020-05-31  07:08:47 pm)작업중 M코드정지 [d:77][t:01:20:10]
[I](2020-05-31  08:30:57 pm)Reset
[A](2020-05-31  08:31:15 pm)[053] Emergency Stop
[A](2020-05-31  08:31:15 pm)[005] READY Off(Alarm)
[I](2020-05-31  08:31:15 pm)    X:    269.6850
[I](2020-05-31  08:31:15 pm)    Y:   -172.8240
[I](2020-05-31  08:31:15 pm)    U:      0.0000
[I](2020-05-31  08:31:15 pm)    V:      0.0000
[I](2020-05-31  08:31:15 pm)    Z:    124.3809
[I](2020-05-31  08:32:04 pm)Ready On
[A](2020-05-31  08:32:16 pm)[053] Emergency Stop
[A](2020-05-31  08:32:16 pm)[053] Emergency Stop
[I](2020-05-31  08:32:16 pm)Ready Off
[I](2020-05-31  08:32:16 pm)    X:    269.6850
[I](2020-05-31  08:32:16 pm)    Y:   -172.8240
[I](2020-05-31  08:32:16 pm)    U:      0.0000
[I](2020-05-31  08:32:16 pm)    V:      0.0000
[I](2020-05-31  08:32:16 pm)    Z:    124.3809
[A](2020-05-31  08:32:16 pm)[005] READY Off(Alarm)
[I](2020-05-31  08:32:16 pm)    X:    269.6850
[I](2020-05-31  08:32:16 pm)    Y:   -172.8240
[I](2020-05-31  08:32:16 pm)    U:      0.0000
[I](2020-05-31  08:32:16 pm)    V:      0.0000
[I](2020-05-31  08:32:16 pm)    Z:    124.3809
