[I](2020-02-24  01:08:35 am)작업중 정지 [d:-783][t:05:17:06]
[I](2020-02-24  01:08:35 am)    [LNo:0001] 001509/002832
[I](2020-02-24  01:08:35 am)작업중 30sec 접촉 정지 [d:-783][t:05:17:06]
[I](2020-02-24  01:09:55 am)작업 재시작
[I](2020-02-24  02:04:47 am)작업중 정지 [d:-732][t:06:13:18]
[I](2020-02-24  02:04:47 am)    [LNo:0001] 001875/002832
[I](2020-02-24  02:04:47 am)작업중 M코드정지 [d:-732][t:06:13:18]
[I](2020-02-24  02:06:10 am)작업중 정지 [d:-732][t:06:14:40]
[I](2020-02-24  02:06:10 am)    [LNo:0001] 001878/002832
[I](2020-02-24  02:06:10 am)작업중 M코드정지 [d:-732][t:06:14:40]
[I](2020-02-24  02:15:58 am)작업중 정지 [d:-725][t:06:24:29]
[I](2020-02-24  02:15:58 am)    [LNo:0001] 001919/002832
[I](2020-02-24  02:15:58 am)작업중 M코드정지 [d:-725][t:06:24:29]
[I](2020-02-24  02:16:27 am)작업중 정지 [d:-725][t:06:24:58]
[I](2020-02-24  02:16:27 am)    [LNo:0001] 001922/002832
[I](2020-02-24  02:16:27 am)작업중 M코드정지 [d:-725][t:06:24:58]
[I](2020-02-24  03:38:46 am)작업중 정지 [d:-650][t:07:47:17]
[I](2020-02-24  03:38:46 am)    [LNo:0001] 002518/002832
[I](2020-02-24  03:38:47 am)작업중 M코드정지 [d:-650][t:07:47:17]
[A](2020-02-24  03:39:17 am)[001] 와이어 미동작
[I](2020-02-24  03:50:03 am)작업중 정지 [d:-640][t:07:58:33]
[I](2020-02-24  03:50:03 am)    [LNo:0001] 002562/002832
[I](2020-02-24  03:50:03 am)작업중 M코드정지 [d:-640][t:07:58:34]
[I](2020-02-24  04:13:58 am)작업중 정지 [d:-854][t:08:22:29]
[I](2020-02-24  04:13:58 am)    [LNo:0001] 002603/002832
[I](2020-02-24  04:13:59 am)작업중 M코드정지 [d:-854][t:08:22:29]
[I](2020-02-24  04:14:46 am)작업중 정지 [d:-853][t:08:23:17]
[I](2020-02-24  04:14:46 am)    [LNo:0001] 002604/002832
[I](2020-02-24  04:15:08 am)작업 재시작
[I](2020-02-24  04:15:16 am)작업중 정지 [d:-853][t:08:23:47]
[I](2020-02-24  04:15:16 am)    [LNo:0001] 002606/002832
[I](2020-02-24  04:15:16 am)작업중 M코드정지 [d:-853][t:08:23:47]
[I](2020-02-24  04:44:52 am)작업중 정지 [d:-825][t:08:53:23]
[I](2020-02-24  04:44:52 am)    [LNo:0001] 002665/002832
[I](2020-02-24  04:44:52 am)작업중 M코드정지 [d:-825][t:08:53:23]
[I](2020-02-24  04:45:16 am)작업중 정지 [d:-825][t:08:53:46]
[I](2020-02-24  04:45:16 am)    [LNo:0001] 002666/002832
[I](2020-02-24  04:45:36 am)작업 재시작
[I](2020-02-24  04:45:42 am)작업중 정지 [d:-824][t:08:54:13]
[I](2020-02-24  04:45:42 am)    [LNo:0001] 002668/002832
[I](2020-02-24  04:45:42 am)작업중 M코드정지 [d:-824][t:08:54:13]
[I](2020-02-24  04:55:47 am)작업중 정지 [d:-815][t:09:04:18]
[I](2020-02-24  04:55:47 am)    [LNo:0001] 002708/002832
[I](2020-02-24  04:55:47 am)작업중 M코드정지 [d:-815][t:09:04:18]
[I](2020-02-24  04:56:33 am)Reset
[I](2020-02-24  04:56:35 am)작업 시작 [Start d:58]
[I](2020-02-24  04:56:35 am)Nc File: [No.0001-292.NC]
[I](2020-02-24  04:56:35 am)  * Start Machine Position
[I](2020-02-24  04:56:35 am)    X:    207.5041
[I](2020-02-24  04:56:35 am)    Y:   -387.0520
[I](2020-02-24  04:56:35 am)    U:      0.0000
[I](2020-02-24  04:56:35 am)    V:      0.0000
[I](2020-02-24  04:56:35 am)    Z:     26.4144
[I](2020-02-24  04:56:35 am)  * Angle
[I](2020-02-24  04:56:35 am)    Ar:     -0.0227,Kr:      0.0000
[I](2020-02-24  04:56:35 am)    Taper_Ar:      0.0000
[I](2020-02-24  04:56:58 am)작업중 정지 [d:0][t:00:00:23]
[I](2020-02-24  04:56:58 am)    [LNo:0001] 000010/002832
[I](2020-02-24  04:56:58 am)작업중 M코드정지 [d:0][t:00:00:23]
[I](2020-02-24  04:57:24 am)Reset
[I](2020-02-24  04:57:32 am)작업 시작 [Start d:58]
[I](2020-02-24  04:57:32 am)Nc File: [No.0001-292.NC]
[I](2020-02-24  04:57:32 am)  * Start Machine Position
[I](2020-02-24  04:57:32 am)    X:     55.6017
[I](2020-02-24  04:57:32 am)    Y:   -342.8809
[I](2020-02-24  04:57:32 am)    U:      0.0000
[I](2020-02-24  04:57:32 am)    V:      0.0000
[I](2020-02-24  04:57:32 am)    Z:     26.4144
[I](2020-02-24  04:57:32 am)  * Angle
[I](2020-02-24  04:57:32 am)    Ar:     -0.0227,Kr:      0.0000
[I](2020-02-24  04:57:32 am)    Taper_Ar:      0.0000
[I](2020-02-24  05:04:56 am)작업중 정지 [d:7][t:00:07:23]
[I](2020-02-24  05:04:56 am)    [LNo:0001] 000183/002832
[I](2020-02-24  05:04:56 am)작업중 M코드정지 [d:7][t:00:07:23]
[I](2020-02-24  05:07:03 am)Reset
[I](2020-02-24  05:07:14 am)작업 시작 [Start d:65]
[I](2020-02-24  05:07:14 am)Nc File: [No.0001-292.NC]
[I](2020-02-24  05:07:14 am)  * Start Machine Position
[I](2020-02-24  05:07:14 am)    X:     55.6017
[I](2020-02-24  05:07:14 am)    Y:   -342.8809
[I](2020-02-24  05:07:14 am)    U:      0.0000
[I](2020-02-24  05:07:14 am)    V:      0.0000
[I](2020-02-24  05:07:14 am)    Z:     26.4144
[I](2020-02-24  05:07:14 am)  * Angle
[I](2020-02-24  05:07:14 am)    Ar:     -0.0227,Kr:      0.0000
[I](2020-02-24  05:07:14 am)    Taper_Ar:      0.0000
[I](2020-02-24  06:40:33 am)작업중 정지 [d:92][t:01:33:18]
[I](2020-02-24  06:40:33 am)    [LNo:0001] 000228/002832
[I](2020-02-24  06:40:33 am)작업중 M코드정지 [d:92][t:01:33:18]
[I](2020-02-24  06:51:47 am)작업중 정지 [d:92][t:01:44:32]
[I](2020-02-24  06:51:47 am)    [LNo:0001] 000232/002832
[I](2020-02-24  06:51:47 am)작업중 M코드정지 [d:92][t:01:44:32]
[I](2020-02-24  07:10:12 am)작업중 정지 [d:107][t:02:02:57]
[I](2020-02-24  07:10:12 am)    [LNo:0001] 000281/002832
[I](2020-02-24  07:10:12 am)작업중 M코드정지 [d:107][t:02:02:57]
[I](2020-02-24  07:12:58 am)작업중 정지 [d:107][t:02:05:43]
[I](2020-02-24  07:12:58 am)    [LNo:0001] 002710/002832
[I](2020-02-24  07:31:23 am)작업중 정지 [d:125][t:02:24:09]
[I](2020-02-24  07:31:23 am)    [LNo:0001] 002727/002832
[I](2020-02-24  07:31:23 am)작업중 M코드정지 [d:125][t:02:24:09]
[I](2020-02-24  07:32:09 am)작업중 정지 [d:125][t:02:24:54]
[I](2020-02-24  07:32:09 am)    [LNo:0001] 002728/002832
[A](2020-02-24  07:32:28 am)[001] 와이어 미동작
[I](2020-02-24  07:32:30 am)작업 재시작
[I](2020-02-24  07:32:39 am)작업중 정지 [d:126][t:02:25:24]
[I](2020-02-24  07:32:39 am)    [LNo:0001] 002730/002832
[I](2020-02-24  07:32:39 am)작업중 M코드정지 [d:126][t:02:25:24]
[I](2020-02-24  08:01:13 am)작업중 정지 [d:153][t:02:53:58]
[I](2020-02-24  08:01:13 am)    [LNo:0001] 002790/002832
[I](2020-02-24  08:01:13 am)작업중 M코드정지 [d:153][t:02:53:59]
[I](2020-02-24  08:11:03 am)작업중 정지 [d:161][t:03:03:48]
[I](2020-02-24  08:11:03 am)    [LNo:0001] 002827/002832
[I](2020-02-24  08:15:44 am)Reset
[I](2020-02-24  08:16:29 am)Reset
[I](2020-02-24  08:17:42 am)작업 시작 [Start d:226]
[I](2020-02-24  08:17:42 am)Nc File: [No.0002-268.NC]
[I](2020-02-24  08:17:42 am)  * Start Machine Position
[I](2020-02-24  08:17:42 am)    X:     40.0165
[I](2020-02-24  08:17:42 am)    Y:   -259.8443
[I](2020-02-24  08:17:42 am)    U:      0.0000
[I](2020-02-24  08:17:42 am)    V:      0.0000
[I](2020-02-24  08:17:42 am)    Z:     31.1048
[I](2020-02-24  08:17:42 am)  * Angle
[I](2020-02-24  08:17:42 am)    Ar:     -0.0227,Kr:      0.0000
[I](2020-02-24  08:17:42 am)    Taper_Ar:      0.0000
[I](2020-02-24  08:17:56 am)작업중 정지 [d:0][t:00:00:14]
[I](2020-02-24  08:17:56 am)    [LNo:0002] 000016/000119
[I](2020-02-24  08:17:57 am)Reset
[I](2020-02-24  08:18:01 am)Reset
[I](2020-02-24  08:18:09 am)작업 시작 [Start d:226]
[I](2020-02-24  08:18:09 am)Nc File: [No.0002-268.NC]
[I](2020-02-24  08:18:09 am)  * Start Machine Position
[I](2020-02-24  08:18:09 am)    X:     40.0171
[I](2020-02-24  08:18:09 am)    Y:   -258.3097
[I](2020-02-24  08:18:09 am)    U:      0.0000
[I](2020-02-24  08:18:09 am)    V:      0.0000
[I](2020-02-24  08:18:09 am)    Z:     31.1048
[I](2020-02-24  08:18:09 am)  * Angle
[I](2020-02-24  08:18:09 am)    Ar:     -0.0227,Kr:      0.0000
[I](2020-02-24  08:18:09 am)    Taper_Ar:      0.0000
[I](2020-02-24  08:18:17 am)작업중 정지 [d:0][t:00:00:07]
[I](2020-02-24  08:18:17 am)    [LNo:0002] 000016/000119
[I](2020-02-24  08:18:17 am)작업중 30sec 접촉 정지 [d:0][t:00:00:07]
[I](2020-02-24  08:18:33 am)작업 재시작
[I](2020-02-24  09:06:18 am)작업중 정지 [d:48][t:00:48:09]
[I](2020-02-24  09:06:18 am)    [LNo:0002] 000107/000119
[I](2020-02-24  09:06:18 am)작업중 M코드정지 [d:48][t:00:48:09]
[I](2020-02-24  09:10:21 am)작업중 정지 [d:48][t:00:52:12]
[I](2020-02-24  09:10:21 am)    [LNo:0002] 000109/000119
[I](2020-02-24  09:10:21 am)작업중 M코드정지 [d:48][t:00:52:12]
[I](2020-02-24  09:18:39 am)Reset
[I](2020-02-24  09:18:39 am)Reset
[I](2020-02-24  09:18:52 am)Reset
[I](2020-02-24  09:22:28 am)Reset
[I](2020-02-24  09:27:51 am)Reset
[I](2020-02-24  09:31:59 am)Reset
[I](2020-02-24  09:32:03 am)Reset
[I](2020-02-24  09:33:07 am)Reset
[I](2020-02-24  09:34:17 am)작업 시작 [Start d:274]
[I](2020-02-24  09:34:17 am)Nc File: [No.0005-296.NC]
[I](2020-02-24  09:34:17 am)  * Start Machine Position
[I](2020-02-24  09:34:17 am)    X:    150.2053
[I](2020-02-24  09:34:17 am)    Y:   -111.2337
[I](2020-02-24  09:34:17 am)    U:      0.0000
[I](2020-02-24  09:34:17 am)    V:      0.0000
[I](2020-02-24  09:34:17 am)    Z:     35.3618
[I](2020-02-24  09:34:17 am)  * Angle
[I](2020-02-24  09:34:17 am)    Ar:      0.0000,Kr:      0.0000
[I](2020-02-24  09:34:17 am)    Taper_Ar:      0.0000
[I](2020-02-24  09:36:18 am)작업중 정지 [d:2][t:00:02:00]
[I](2020-02-24  09:36:18 am)    [LNo:0005] 000064/000069
[I](2020-02-24  09:38:35 am)Reset
[I](2020-02-24  09:38:36 am)Reset
[I](2020-02-24  09:38:53 am)작업 시작 [Start d:276]
[I](2020-02-24  09:38:53 am)Nc File: [No.0005-296.NC]
[I](2020-02-24  09:38:53 am)  * Start Machine Position
[I](2020-02-24  09:38:53 am)    X:    150.2053
[I](2020-02-24  09:38:53 am)    Y:   -111.2337
[I](2020-02-24  09:38:53 am)    U:      0.0000
[I](2020-02-24  09:38:53 am)    V:      0.0000
[I](2020-02-24  09:38:53 am)    Z:     35.3618
[I](2020-02-24  09:38:53 am)  * Angle
[I](2020-02-24  09:38:53 am)    Ar:      0.0000,Kr:      0.0000
[I](2020-02-24  09:38:53 am)    Taper_Ar:      0.0000
[I](2020-02-24  09:41:57 am)작업중 정지 [d:3][t:00:03:04]
[I](2020-02-24  09:41:57 am)    [LNo:0005] 000064/000069
[I](2020-02-24  09:45:51 am)Reset
[I](2020-02-24  09:46:12 am)작업 시작 [Start d:279]
[I](2020-02-24  09:46:12 am)Nc File: [No.0005-296.NC]
[I](2020-02-24  09:46:12 am)  * Start Machine Position
[I](2020-02-24  09:46:12 am)    X:    150.2053
[I](2020-02-24  09:46:12 am)    Y:   -111.2337
[I](2020-02-24  09:46:12 am)    U:      0.0000
[I](2020-02-24  09:46:12 am)    V:      0.0000
[I](2020-02-24  09:46:12 am)    Z:     35.3618
[I](2020-02-24  09:46:12 am)  * Angle
[I](2020-02-24  09:46:12 am)    Ar:      0.0000,Kr:      0.0000
[I](2020-02-24  09:46:12 am)    Taper_Ar:      0.0000
[I](2020-02-24  09:47:56 am)작업중 정지 [d:2][t:00:01:43]
[I](2020-02-24  09:47:56 am)    [LNo:0005] 000063/000069
[I](2020-02-24  09:55:49 am)Reset
[I](2020-02-24  09:57:09 am)Reset
[I](2020-02-24  09:58:02 am)Reset
[I](2020-02-24  10:00:01 am)Reset
[I](2020-02-24  10:00:04 am)Reset
[I](2020-02-24  10:07:11 am)Reset
[I](2020-02-24  10:07:11 am)Reset
[I](2020-02-24  10:12:02 am)Reset
[I](2020-02-24  10:12:28 am)Reset
[I](2020-02-24  10:12:28 am)Reset
[I](2020-02-24  10:12:29 am)Reset
[I](2020-02-24  10:12:29 am)Reset
[I](2020-02-24  10:12:56 am)Reset
[I](2020-02-24  10:13:21 am)Reset
[I](2020-02-24  10:15:24 am)Reset
[I](2020-02-24  10:15:29 am)Reset
[I](2020-02-24  10:15:30 am)Reset
[I](2020-02-24  10:17:58 am)작업 시작 [Start d:281]
[I](2020-02-24  10:17:58 am)Nc File: [No.0009-300.NC]
[I](2020-02-24  10:17:58 am)  * Start Machine Position
[I](2020-02-24  10:17:58 am)    X:    540.5999
[I](2020-02-24  10:17:58 am)    Y:   -323.3163
[I](2020-02-24  10:17:58 am)    U:      0.0000
[I](2020-02-24  10:17:58 am)    V:      0.0000
[I](2020-02-24  10:17:58 am)    Z:     18.5873
[I](2020-02-24  10:17:58 am)  * Angle
[I](2020-02-24  10:17:58 am)    Ar:      1.1510,Kr:      0.0000
[I](2020-02-24  10:17:58 am)    Taper_Ar:      0.0000
[I](2020-02-24  10:26:57 am)작업중 정지 [d:9][t:00:08:59]
[I](2020-02-24  10:26:57 am)    [LNo:0009] 000021/000107
[I](2020-02-24  10:26:57 am)작업중 M코드정지 [d:9][t:00:08:59]
[I](2020-02-24  10:27:21 am)작업중 정지 [d:9][t:00:09:23]
[I](2020-02-24  10:27:21 am)    [LNo:0009] 000022/000107
[I](2020-02-24  10:28:41 am)작업 재시작
[I](2020-02-24  10:28:46 am)작업중 정지 [d:9][t:00:10:47]
[I](2020-02-24  10:28:46 am)    [LNo:0009] 000024/000107
[I](2020-02-24  10:28:46 am)작업중 M코드정지 [d:9][t:00:10:47]
[I](2020-02-24  11:02:45 am)작업중 정지 [d:42][t:00:44:47]
[I](2020-02-24  11:02:45 am)    [LNo:0009] 000095/000107
[I](2020-02-24  11:02:45 am)작업중 M코드정지 [d:42][t:00:44:47]
[I](2020-02-24  11:02:59 am)작업중 정지 [d:42][t:00:45:01]
[I](2020-02-24  11:02:59 am)    [LNo:0009] 000096/000107
[A](2020-02-24  11:02:59 am)[008] 작업중 단선(AWF Feed Motor Stop )
[I](2020-02-24  11:03:00 am)작업중 Wire 단선 [d:42][t:00:45:01]
[A](2020-02-24  11:03:56 am)[037] 자동결선 잔여 WIRE 처리 실패!!
[I](2020-02-24  11:11:30 am)Reset
[I](2020-02-24  11:15:15 am)Reset
[I](2020-02-24  11:15:44 am)Reset
[I](2020-02-24  11:20:38 am)Reset
[I](2020-02-24  11:23:45 am)Reset
[I](2020-02-24  11:26:30 am)Reset
[I](2020-02-24  11:26:36 am)Reset
[I](2020-02-24  11:26:37 am)Reset
[I](2020-02-24  11:29:19 am)작업 시작 [Start d:323]
[I](2020-02-24  11:29:19 am)Nc File: [No.0013-301.NC]
[I](2020-02-24  11:29:19 am)  * Start Machine Position
[I](2020-02-24  11:29:19 am)    X:    105.5599
[I](2020-02-24  11:29:19 am)    Y:   -356.6979
[I](2020-02-24  11:29:19 am)    U:     -0.0600
[I](2020-02-24  11:29:19 am)    V:      0.0096
[I](2020-02-24  11:29:19 am)    Z:     31.9473
[I](2020-02-24  11:29:19 am)  * Angle
[I](2020-02-24  11:29:19 am)    Ar:      0.3351,Kr:      0.0000
[I](2020-02-24  11:29:19 am)    Taper_Ar:      0.0000
[I](2020-02-24  11:29:30 am)작업중 정지 [d:0][t:00:00:10]
[I](2020-02-24  11:29:30 am)    [LNo:0013] 000010/000110
[I](2020-02-24  11:29:30 am)작업중 M코드정지 [d:0][t:00:00:10]
[I](2020-02-24  11:34:04 am)작업중 정지 [d:0][t:00:04:44]
[I](2020-02-24  11:34:04 am)    [LNo:0013] 000026/000110
[I](2020-02-24  11:34:04 am)작업중 M코드정지 [d:0][t:00:04:44]
[I](2020-02-24  11:34:08 am)작업중 정지 [d:0][t:00:04:48]
[I](2020-02-24  11:34:08 am)    [LNo:0013] 000029/000110
[I](2020-02-24  11:34:08 am)작업중 M코드정지 [d:0][t:00:04:48]
[I](2020-02-24  11:34:13 am)작업중 정지 [d:0][t:00:04:53]
[I](2020-02-24  11:34:13 am)    [LNo:0013] 000032/000110
[I](2020-02-24  11:47:42 am)작업중 정지 [d:13][t:00:18:22]
[I](2020-02-24  11:47:42 am)    [LNo:0013] 000054/000110
[I](2020-02-24  11:48:15 am)작업 재시작
[I](2020-02-24  11:48:17 am)작업중 정지 [d:13][t:00:18:57]
[I](2020-02-24  11:48:17 am)    [LNo:0013] 000054/000110
[I](2020-02-24  11:48:50 am)작업 재시작
[I](2020-02-24  11:48:56 am)작업중 정지 [d:13][t:00:19:37]
[I](2020-02-24  11:48:56 am)    [LNo:0013] 000055/000110
[I](2020-02-24  11:48:56 am)작업중 M코드정지 [d:13][t:00:19:37]
[I](2020-02-24  11:49:49 am)작업중 정지 [d:14][t:00:20:30]
[I](2020-02-24  11:49:49 am)    [LNo:0013] 000058/000110
[I](2020-02-24  11:49:49 am)작업중 M코드정지 [d:14][t:00:20:30]
[I](2020-02-24  11:56:13 am)작업중 정지 [d:20][t:00:26:53]
[I](2020-02-24  11:56:13 am)    [LNo:0013] 000103/000110
[I](2020-02-24  11:56:21 am)작업중 정지 [d:20][t:00:27:01]
[I](2020-02-24  11:56:21 am)    [LNo:0013] 000083/000110
[I](2020-02-24  11:59:05 am)작업중 정지 [d:22][t:00:29:46]
[I](2020-02-24  11:59:05 am)    [LNo:0013] 000106/000110
[I](2020-02-24  11:59:05 am)작업중 M코드정지 [d:22][t:00:29:46]
[I](2020-02-24  12:00:46 pm)Reset
[I](2020-02-24  12:45:24 pm)Reset
[I](2020-02-24  12:45:50 pm)Reset
[I](2020-02-24  12:48:21 pm)Reset
[I](2020-02-24  12:48:22 pm)Reset
[I](2020-02-24  12:49:36 pm)Reset
[I](2020-02-24  12:50:54 pm)Reset
[I](2020-02-24  12:51:51 pm)Reset
[I](2020-02-24  12:55:18 pm)Reset
[I](2020-02-24  12:55:18 pm)Reset
[I](2020-02-24  12:58:00 pm)Reset
[I](2020-02-24  12:58:04 pm)Reset
[I](2020-02-24  01:00:54 pm)작업 시작 [Start d:345]
[I](2020-02-24  01:00:54 pm)Nc File: [No.0010-282.NC]
[I](2020-02-24  01:00:54 pm)  * Start Machine Position
[I](2020-02-24  01:00:54 pm)    X:    310.7149
[I](2020-02-24  01:00:54 pm)    Y:   -366.2700
[I](2020-02-24  01:00:54 pm)    U:      0.0298
[I](2020-02-24  01:00:54 pm)    V:     -0.0201
[I](2020-02-24  01:00:54 pm)    Z:     29.7348
[I](2020-02-24  01:00:54 pm)  * Angle
[I](2020-02-24  01:00:54 pm)    Ar:     -0.2970,Kr:      0.0000
[I](2020-02-24  01:00:54 pm)    Taper_Ar:      0.0000
[I](2020-02-24  01:00:58 pm)작업중 정지 [d:0][t:00:00:04]
[I](2020-02-24  01:00:58 pm)    [LNo:0010] 000010/000339
[I](2020-02-24  01:00:58 pm)작업중 M코드정지 [d:0][t:00:00:04]
[I](2020-02-24  01:07:04 pm)작업중 정지 [d:6][t:00:06:09]
[I](2020-02-24  01:07:04 pm)    [LNo:0010] 000026/000339
[I](2020-02-24  01:07:04 pm)작업중 M코드정지 [d:6][t:00:06:09]
[I](2020-02-24  01:11:40 pm)작업중 정지 [d:7][t:00:10:45]
[I](2020-02-24  01:11:40 pm)    [LNo:0010] 000029/000339
[I](2020-02-24  01:11:40 pm)작업중 M코드정지 [d:7][t:00:10:45]
[I](2020-02-24  01:18:42 pm)작업중 정지 [d:13][t:00:17:47]
[I](2020-02-24  01:18:42 pm)    [LNo:0010] 000051/000339
[I](2020-02-24  01:18:42 pm)작업중 M코드정지 [d:13][t:00:17:47]
[I](2020-02-24  01:19:01 pm)작업중 정지 [d:13][t:00:18:06]
[I](2020-02-24  01:19:01 pm)    [LNo:0010] 000052/000339
[I](2020-02-24  01:19:31 pm)작업 재시작
[I](2020-02-24  01:19:35 pm)작업중 정지 [d:13][t:00:18:40]
[I](2020-02-24  01:19:35 pm)    [LNo:0010] 000054/000339
[I](2020-02-24  01:19:35 pm)작업중 M코드정지 [d:13][t:00:18:40]
[I](2020-02-24  01:26:15 pm)작업중 정지 [d:18][t:00:25:20]
[I](2020-02-24  01:26:15 pm)    [LNo:0010] 000076/000339
[I](2020-02-24  01:26:15 pm)작업중 M코드정지 [d:18][t:00:25:20]
[I](2020-02-24  01:27:29 pm)작업중 정지 [d:18][t:00:26:34]
[I](2020-02-24  01:27:29 pm)    [LNo:0010] 000079/000339
[I](2020-02-24  01:27:29 pm)작업중 M코드정지 [d:18][t:00:26:34]
[I](2020-02-24  01:35:19 pm)작업중 정지 [d:23][t:00:34:25]
[I](2020-02-24  01:35:19 pm)    [LNo:0010] 000101/000339
[I](2020-02-24  01:35:19 pm)작업중 M코드정지 [d:23][t:00:34:25]
[I](2020-02-24  01:35:40 pm)작업중 정지 [d:24][t:00:34:45]
[I](2020-02-24  01:35:40 pm)    [LNo:0010] 000104/000339
[I](2020-02-24  01:35:40 pm)작업중 M코드정지 [d:24][t:00:34:45]
[I](2020-02-24  01:42:01 pm)작업중 정지 [d:29][t:00:41:07]
[I](2020-02-24  01:42:01 pm)    [LNo:0010] 000128/000339
[I](2020-02-24  01:42:01 pm)작업중 M코드정지 [d:29][t:00:41:07]
[I](2020-02-24  01:52:21 pm)작업중 정지 [d:29][t:00:51:27]
[I](2020-02-24  01:52:21 pm)    [LNo:0010] 000132/000339
[I](2020-02-24  01:52:21 pm)작업중 M코드정지 [d:29][t:00:51:27]
[I](2020-02-24  01:54:29 pm)작업중 정지 [d:30][t:00:53:34]
[I](2020-02-24  01:54:29 pm)    [LNo:0010] 000151/000339
[I](2020-02-24  01:54:29 pm)작업중 M코드정지 [d:30][t:00:53:34]
[I](2020-02-24  02:07:30 pm)작업중 정지 [d:34][t:01:06:35]
[I](2020-02-24  02:07:30 pm)    [LNo:0010] 000173/000339
[I](2020-02-24  02:07:30 pm)작업중 M코드정지 [d:34][t:01:06:36]
[I](2020-02-24  02:07:50 pm)작업중 정지 [d:34][t:01:06:55]
[I](2020-02-24  02:07:50 pm)    [LNo:0010] 000177/000339
[I](2020-02-24  02:07:50 pm)작업중 M코드정지 [d:34][t:01:06:56]
[I](2020-02-24  02:15:51 pm)작업중 정지 [d:41][t:01:14:56]
[I](2020-02-24  02:15:51 pm)    [LNo:0010] 000218/000339
[I](2020-02-24  02:15:51 pm)작업중 M코드정지 [d:41][t:01:14:56]
[I](2020-02-24  02:16:54 pm)작업중 정지 [d:41][t:01:16:00]
[I](2020-02-24  02:16:54 pm)    [LNo:0010] 000222/000339
[I](2020-02-24  02:16:54 pm)작업중 M코드정지 [d:41][t:01:16:00]
[I](2020-02-24  02:25:06 pm)작업중 정지 [d:47][t:01:24:12]
[I](2020-02-24  02:25:06 pm)    [LNo:0010] 000263/000339
[I](2020-02-24  02:25:06 pm)작업중 M코드정지 [d:47][t:01:24:12]
[I](2020-02-24  02:25:41 pm)작업중 정지 [d:48][t:01:24:46]
[I](2020-02-24  02:25:41 pm)    [LNo:0010] 000267/000339
[I](2020-02-24  02:25:41 pm)작업중 M코드정지 [d:48][t:01:24:47]
[I](2020-02-24  02:31:12 pm)작업중 정지 [d:51][t:01:30:18]
[I](2020-02-24  02:31:12 pm)    [LNo:0010] 000308/000339
[I](2020-02-24  02:31:12 pm)작업중 M코드정지 [d:51][t:01:30:18]
[I](2020-02-24  02:33:29 pm)작업중 정지 [d:51][t:01:32:35]
[I](2020-02-24  02:33:29 pm)    [LNo:0010] 000310/000339
[A](2020-02-24  02:33:29 pm)[008] 작업중 단선(AWF Feed Motor Stop )
[I](2020-02-24  02:33:29 pm)작업중 Wire 단선 [d:51][t:01:32:35]
[I](2020-02-24  02:37:29 pm)작업 재시작
[I](2020-02-24  02:37:33 pm)작업중 정지 [d:51][t:01:36:38]
[I](2020-02-24  02:37:33 pm)    [LNo:0010] 000312/000339
[I](2020-02-24  02:37:33 pm)작업중 M코드정지 [d:51][t:01:36:39]
[I](2020-02-24  02:38:57 pm)작업중 정지 [d:52][t:01:38:02]
[I](2020-02-24  02:38:57 pm)    [LNo:0010] 000331/000339
[I](2020-02-24  02:38:57 pm)작업중 M코드정지 [d:52][t:01:38:02]
[I](2020-02-24  02:39:55 pm)작업중 정지 [d:52][t:01:39:00]
[I](2020-02-24  02:39:55 pm)    [LNo:0010] 000316/000339
[I](2020-02-24  02:41:02 pm)작업중 정지 [d:53][t:01:40:07]
[I](2020-02-24  02:41:02 pm)    [LNo:0010] 000332/000339
[I](2020-02-24  02:41:02 pm)작업중 M코드정지 [d:53][t:01:40:07]
[I](2020-02-24  02:42:40 pm)작업중 정지 [d:53][t:01:41:45]
[I](2020-02-24  02:42:40 pm)    [LNo:0010] 000316/000339
[I](2020-02-24  02:43:51 pm)작업중 정지 [d:54][t:01:42:56]
[I](2020-02-24  02:43:51 pm)    [LNo:0010] 000332/000339
[I](2020-02-24  02:43:51 pm)작업중 M코드정지 [d:54][t:01:42:56]
[I](2020-02-24  02:48:16 pm)Reset
[I](2020-02-24  02:48:19 pm)Reset
[I](2020-02-24  02:48:19 pm)Reset
[I](2020-02-24  02:55:17 pm)Reset
[I](2020-02-24  02:55:39 pm)Reset
[I](2020-02-24  02:59:33 pm)Reset
[I](2020-02-24  02:59:34 pm)Reset
[I](2020-02-24  03:04:00 pm)Reset
[I](2020-02-24  03:06:32 pm)Reset
[I](2020-02-24  03:08:05 pm)Reset
[I](2020-02-24  03:08:05 pm)Reset
[I](2020-02-24  03:08:55 pm)Reset
[I](2020-02-24  03:08:59 pm)Reset
[I](2020-02-24  03:09:00 pm)Reset
[I](2020-02-24  03:11:06 pm)작업 시작 [Start d:399]
[I](2020-02-24  03:11:06 pm)Nc File: [No.0016-281.NC]
[I](2020-02-24  03:11:06 pm)  * Start Machine Position
[I](2020-02-24  03:11:06 pm)    X:    145.6292
[I](2020-02-24  03:11:06 pm)    Y:   -377.5377
[I](2020-02-24  03:11:06 pm)    U:      0.0000
[I](2020-02-24  03:11:06 pm)    V:      0.0000
[I](2020-02-24  03:11:06 pm)    Z:     45.1663
[I](2020-02-24  03:11:06 pm)  * Angle
[I](2020-02-24  03:11:06 pm)    Ar:      0.0161,Kr:      0.0000
[I](2020-02-24  03:11:06 pm)    Taper_Ar:      0.0000
[I](2020-02-24  03:11:10 pm)작업중 정지 [d:0][t:00:00:03]
[I](2020-02-24  03:11:10 pm)    [LNo:0016] 000010/000493
[I](2020-02-24  03:11:10 pm)작업중 M코드정지 [d:0][t:00:00:03]
[I](2020-02-24  03:50:37 pm)작업중 정지 [d:34][t:00:39:30]
[I](2020-02-24  03:50:37 pm)    [LNo:0016] 000372/000493
[I](2020-02-24  03:50:37 pm)작업중 M코드정지 [d:34][t:00:39:30]
[I](2020-02-24  03:51:07 pm)작업중 정지 [d:34][t:00:40:00]
[I](2020-02-24  03:51:07 pm)    [LNo:0016] 000376/000493
[I](2020-02-24  03:51:07 pm)작업중 M코드정지 [d:34][t:00:40:00]
[I](2020-02-24  03:53:15 pm)작업중 정지 [d:35][t:00:42:08]
[I](2020-02-24  03:53:15 pm)    [LNo:0016] 000396/000493
[I](2020-02-24  03:54:18 pm)작업중 정지 [d:35][t:00:43:11]
[I](2020-02-24  03:54:18 pm)    [LNo:0016] 000378/000493
[I](2020-02-24  03:55:26 pm)작업중 정지 [d:35][t:00:44:19]
[I](2020-02-24  03:55:26 pm)    [LNo:0016] 000395/000493
[I](2020-02-24  03:55:26 pm)작업중 M코드정지 [d:35][t:00:44:19]
[I](2020-02-24  03:56:58 pm)작업중 정지 [d:35][t:00:45:52]
[I](2020-02-24  03:56:58 pm)    [LNo:0016] 000380/000493
[I](2020-02-24  03:57:40 pm)작업중 정지 [d:36][t:00:46:33]
[I](2020-02-24  03:57:40 pm)    [LNo:0016] 000389/000493
[I](2020-02-24  03:57:48 pm)작업 재시작
[I](2020-02-24  03:57:59 pm)작업중 정지 [d:36][t:00:46:52]
[I](2020-02-24  03:57:59 pm)    [LNo:0016] 000396/000493
[I](2020-02-24  03:57:59 pm)작업중 M코드정지 [d:36][t:00:46:52]
[I](2020-02-24  03:59:46 pm)작업중 정지 [d:36][t:00:48:39]
[I](2020-02-24  03:59:46 pm)    [LNo:0016] 000378/000493
[I](2020-02-24  04:29:22 pm)작업중 정지 [d:64][t:01:18:15]
[I](2020-02-24  04:29:22 pm)    [LNo:0016] 000417/000493
[I](2020-02-24  04:29:22 pm)작업중 M코드정지 [d:64][t:01:18:15]
[I](2020-02-24  04:29:46 pm)작업중 정지 [d:65][t:01:18:39]
[I](2020-02-24  04:29:46 pm)    [LNo:0016] 000419/000493
[I](2020-02-24  04:30:16 pm)작업 재시작
[I](2020-02-24  04:30:20 pm)작업중 정지 [d:65][t:01:19:13]
[I](2020-02-24  04:30:20 pm)    [LNo:0016] 000421/000493
[I](2020-02-24  04:30:20 pm)작업중 M코드정지 [d:65][t:01:19:13]
[I](2020-02-24  04:34:33 pm)작업중 정지 [d:69][t:01:23:26]
[I](2020-02-24  04:34:33 pm)    [LNo:0016] 000440/000493
[I](2020-02-24  04:34:33 pm)작업중 M코드정지 [d:69][t:01:23:26]
[I](2020-02-24  05:04:32 pm)작업중 정지 [d:96][t:01:53:25]
[I](2020-02-24  05:04:32 pm)    [LNo:0016] 000462/000493
[I](2020-02-24  05:04:32 pm)작업중 M코드정지 [d:96][t:01:53:25]
[I](2020-02-24  05:05:24 pm)작업중 정지 [d:96][t:01:54:17]
[I](2020-02-24  05:05:24 pm)    [LNo:0016] 000464/000493
[I](2020-02-24  05:05:24 pm)작업중 30sec 접촉 정지 [d:96][t:01:54:17]
[I](2020-02-24  05:09:16 pm)작업 재시작
[I](2020-02-24  05:09:25 pm)작업중 정지 [d:96][t:01:58:18]
[I](2020-02-24  05:09:25 pm)    [LNo:0016] 000466/000493
[I](2020-02-24  05:09:25 pm)작업중 M코드정지 [d:96][t:01:58:18]
[I](2020-02-24  05:14:20 pm)작업중 정지 [d:100][t:02:03:13]
[I](2020-02-24  05:14:20 pm)    [LNo:0016] 000489/000493
[I](2020-02-24  05:14:20 pm)작업중 M코드정지 [d:100][t:02:03:13]
[I](2020-02-24  05:22:41 pm)Reset
[I](2020-02-24  05:22:41 pm)Reset
[I](2020-02-24  05:28:23 pm)Reset
[I](2020-02-24  05:28:31 pm)Reset
[I](2020-02-24  05:28:32 pm)Reset
[I](2020-02-24  05:32:31 pm)Reset
[I](2020-02-24  05:32:51 pm)Reset
[I](2020-02-24  05:34:17 pm)Reset
[I](2020-02-24  05:34:18 pm)Reset
[I](2020-02-24  05:35:50 pm)Reset
[I](2020-02-24  05:35:50 pm)Reset
[I](2020-02-24  05:37:55 pm)Reset
[I](2020-02-24  05:38:18 pm)Reset
[I](2020-02-24  05:38:55 pm)Reset
[I](2020-02-24  05:39:20 pm)Reset
[I](2020-02-24  05:39:20 pm)Reset
[I](2020-02-24  05:39:37 pm)Reset
[I](2020-02-24  05:39:53 pm)Reset
[I](2020-02-24  05:39:57 pm)Reset
[I](2020-02-24  05:41:00 pm)Reset
[I](2020-02-24  05:41:14 pm)작업 시작 [Start d:499]
[I](2020-02-24  05:41:14 pm)Nc File: [No.0018-318.NC]
[I](2020-02-24  05:41:14 pm)  * Start Machine Position
[I](2020-02-24  05:41:14 pm)    X:    283.7955
[I](2020-02-24  05:41:14 pm)    Y:   -351.0928
[I](2020-02-24  05:41:14 pm)    U:      0.0049
[I](2020-02-24  05:41:14 pm)    V:     -0.0200
[I](2020-02-24  05:41:14 pm)    Z:     45.1663
[I](2020-02-24  05:41:14 pm)  * Angle
[I](2020-02-24  05:41:14 pm)    Ar:     -0.1626,Kr:      0.0000
[I](2020-02-24  05:41:14 pm)    Taper_Ar:      0.0000
[I](2020-02-24  05:41:17 pm)작업중 정지 [d:0][t:00:00:02]
[I](2020-02-24  05:41:17 pm)    [LNo:0018] 000075/000141
[I](2020-02-24  05:41:17 pm)작업중 M코드정지 [d:0][t:00:00:02]
[I](2020-02-24  05:41:20 pm)작업중 정지 [d:0][t:00:00:05]
[I](2020-02-24  05:41:20 pm)    [LNo:0018] 000078/000141
[I](2020-02-24  05:41:20 pm)작업중 M코드정지 [d:0][t:00:00:05]
[I](2020-02-24  05:53:18 pm)작업중 정지 [d:11][t:00:12:03]
[I](2020-02-24  05:53:18 pm)    [LNo:0018] 000105/000141
[I](2020-02-24  05:53:18 pm)작업중 M코드정지 [d:11][t:00:12:03]
[I](2020-02-24  05:53:45 pm)작업중 정지 [d:11][t:00:12:30]
[I](2020-02-24  05:53:45 pm)    [LNo:0018] 000108/000141
[I](2020-02-24  05:53:45 pm)작업중 M코드정지 [d:11][t:00:12:30]
[I](2020-02-24  06:00:57 pm)작업중 정지 [d:16][t:00:19:42]
[I](2020-02-24  06:00:57 pm)    [LNo:0018] 000133/000141
[I](2020-02-24  06:00:57 pm)작업중 M코드정지 [d:16][t:00:19:42]
[I](2020-02-24  06:05:38 pm)작업중 정지 [d:16][t:00:24:23]
[I](2020-02-24  06:05:38 pm)    [LNo:0018] 000086/000141
[I](2020-02-24  06:09:14 pm)작업중 정지 [d:19][t:00:27:59]
[I](2020-02-24  06:09:14 pm)    [LNo:0018] 000105/000141
[I](2020-02-24  06:09:14 pm)작업중 M코드정지 [d:19][t:00:27:59]
[I](2020-02-24  06:09:25 pm)작업중 정지 [d:19][t:00:28:10]
[I](2020-02-24  06:09:25 pm)    [LNo:0018] 000108/000141
[I](2020-02-24  06:09:25 pm)작업중 M코드정지 [d:19][t:00:28:10]
[I](2020-02-24  06:13:06 pm)작업중 정지 [d:23][t:00:31:51]
[I](2020-02-24  06:13:06 pm)    [LNo:0018] 000133/000141
[I](2020-02-24  06:13:06 pm)작업중 M코드정지 [d:23][t:00:31:51]
[I](2020-02-24  06:54:45 pm)Reset
[I](2020-02-24  06:54:54 pm)Reset
[I](2020-02-24  06:55:41 pm)Reset
[I](2020-02-24  06:56:22 pm)Reset
[I](2020-02-24  06:57:05 pm)Reset
[I](2020-02-24  06:59:21 pm)Reset
[I](2020-02-24  06:59:43 pm)Reset
[I](2020-02-24  07:00:12 pm)Reset
[I](2020-02-24  07:00:43 pm)Reset
[I](2020-02-24  07:02:00 pm)Reset
[I](2020-02-24  07:02:01 pm)Reset
[I](2020-02-24  07:02:05 pm)Reset
[I](2020-02-24  07:02:18 pm)Reset
[I](2020-02-24  07:02:21 pm)Reset
[I](2020-02-24  07:02:52 pm)작업 시작 [Start d:522]
[I](2020-02-24  07:02:52 pm)Nc File: [No.0018-318.NC]
[I](2020-02-24  07:02:52 pm)  * Start Machine Position
[I](2020-02-24  07:02:52 pm)    X:    460.3359
[I](2020-02-24  07:02:52 pm)    Y:   -356.6690
[I](2020-02-24  07:02:52 pm)    U:     -0.1002
[I](2020-02-24  07:02:52 pm)    V:     -0.0393
[I](2020-02-24  07:02:52 pm)    Z:     43.2459
[I](2020-02-24  07:02:52 pm)  * Angle
[I](2020-02-24  07:02:52 pm)    Ar:     -0.3756,Kr:      0.0000
[I](2020-02-24  07:02:52 pm)    Taper_Ar:      0.0000
[I](2020-02-24  07:02:55 pm)작업중 정지 [d:0][t:00:00:03]
[I](2020-02-24  07:02:55 pm)    [LNo:0018] 000010/000141
[I](2020-02-24  07:02:55 pm)작업중 M코드정지 [d:0][t:00:00:03]
[I](2020-02-24  07:13:13 pm)작업중 정지 [d:10][t:00:10:21]
[I](2020-02-24  07:13:13 pm)    [LNo:0018] 000029/000141
[I](2020-02-24  07:13:13 pm)작업중 M코드정지 [d:10][t:00:10:21]
[I](2020-02-24  07:13:37 pm)작업중 정지 [d:11][t:00:10:45]
[I](2020-02-24  07:13:37 pm)    [LNo:0018] 000032/000141
[I](2020-02-24  07:13:37 pm)작업중 M코드정지 [d:11][t:00:10:45]
[I](2020-02-24  07:19:27 pm)작업중 정지 [d:16][t:00:16:35]
[I](2020-02-24  07:19:27 pm)    [LNo:0018] 000056/000141
[I](2020-02-24  07:19:27 pm)작업중 M코드정지 [d:16][t:00:16:35]
[I](2020-02-24  07:21:45 pm)작업중 정지 [d:16][t:00:18:52]
[I](2020-02-24  07:21:45 pm)    [LNo:0018] 000009/000141
[I](2020-02-24  07:26:30 pm)작업중 정지 [d:20][t:00:23:38]
[I](2020-02-24  07:26:30 pm)    [LNo:0018] 000029/000141
[I](2020-02-24  07:26:30 pm)작업중 M코드정지 [d:20][t:00:23:38]
[I](2020-02-24  07:26:56 pm)작업중 정지 [d:20][t:00:24:04]
[I](2020-02-24  07:26:56 pm)    [LNo:0018] 000032/000141
[I](2020-02-24  07:26:56 pm)작업중 M코드정지 [d:20][t:00:24:04]
[I](2020-02-24  07:31:14 pm)작업중 정지 [d:23][t:00:28:22]
[I](2020-02-24  07:31:14 pm)    [LNo:0018] 000055/000141
[I](2020-02-24  07:31:14 pm)작업중 M코드정지 [d:23][t:00:28:22]
[I](2020-02-24  07:33:27 pm)Reset
[I](2020-02-24  07:33:31 pm)Reset
[I](2020-02-24  07:46:24 pm)Reset
[I](2020-02-24  07:46:24 pm)Reset
[I](2020-02-24  08:11:42 pm)Reset
[I](2020-02-24  08:12:16 pm)Reset
[I](2020-02-24  08:13:10 pm)Reset
[I](2020-02-24  08:14:25 pm)Reset
[I](2020-02-24  08:15:54 pm)Reset
[I](2020-02-24  08:17:25 pm)Reset
[I](2020-02-24  08:22:35 pm)Reset
[I](2020-02-24  08:33:05 pm)Reset
[I](2020-02-24  08:40:23 pm)Reset
[I](2020-02-24  08:40:38 pm)Reset
[I](2020-02-24  08:45:00 pm)Reset
[I](2020-02-24  08:45:14 pm)Reset
[I](2020-02-24  08:46:28 pm)작업 시작 [Start d:0]
[I](2020-02-24  08:46:28 pm)Nc File: [No.0019-696.NC]
[I](2020-02-24  08:46:28 pm)  * Start Machine Position
[I](2020-02-24  08:46:28 pm)    X:     79.1649
[I](2020-02-24  08:46:28 pm)    Y:   -338.7099
[I](2020-02-24  08:46:28 pm)    U:     -0.0165
[I](2020-02-24  08:46:28 pm)    V:     -0.0150
[I](2020-02-24  08:46:28 pm)    Z:     45.5694
[I](2020-02-24  08:46:28 pm)  * Angle
[I](2020-02-24  08:46:28 pm)    Ar:    -21.1374,Kr:      0.0000
[I](2020-02-24  08:46:28 pm)    Taper_Ar:      0.0000
[I](2020-02-24  08:46:38 pm)작업중 정지 [d:0][t:00:00:10]
[I](2020-02-24  08:46:38 pm)    [LNo:0019] 000010/000351
[I](2020-02-24  08:46:38 pm)작업중 M코드정지 [d:0][t:00:00:10]
[I](2020-02-24  08:53:54 pm)작업중 정지 [d:7][t:00:07:26]
[I](2020-02-24  08:53:54 pm)    [LNo:0019] 000038/000351
[I](2020-02-24  08:53:54 pm)작업중 M코드정지 [d:7][t:00:07:26]
[I](2020-02-24  08:54:58 pm)작업중 정지 [d:7][t:00:08:30]
[I](2020-02-24  08:54:58 pm)    [LNo:0019] 000040/000351
[I](2020-02-24  08:55:18 pm)작업 재시작
[I](2020-02-24  08:55:24 pm)작업중 정지 [d:7][t:00:08:56]
[I](2020-02-24  08:55:24 pm)    [LNo:0019] 000042/000351
[I](2020-02-24  08:55:24 pm)작업중 M코드정지 [d:7][t:00:08:56]
[I](2020-02-24  08:59:06 pm)작업중 정지 [d:10][t:00:12:38]
[I](2020-02-24  08:59:06 pm)    [LNo:0019] 000065/000351
[I](2020-02-24  08:59:06 pm)작업중 M코드정지 [d:10][t:00:12:38]
[I](2020-02-24  09:09:06 pm)작업중 정지 [d:18][t:00:22:38]
[I](2020-02-24  09:09:06 pm)    [LNo:0019] 000096/000351
[I](2020-02-24  09:09:07 pm)작업중 M코드정지 [d:18][t:00:22:38]
[I](2020-02-24  09:10:55 pm)작업중 정지 [d:18][t:00:24:27]
[I](2020-02-24  09:10:55 pm)    [LNo:0019] 000098/000351
[I](2020-02-24  09:11:18 pm)작업 재시작
[I](2020-02-24  09:11:21 pm)작업중 정지 [d:18][t:00:24:53]
[I](2020-02-24  09:11:21 pm)    [LNo:0019] 000100/000351
[I](2020-02-24  09:11:21 pm)작업중 M코드정지 [d:18][t:00:24:53]
[I](2020-02-24  09:32:38 pm)작업중 정지 [d:39][t:00:46:10]
[I](2020-02-24  09:32:38 pm)    [LNo:0019] 000141/000351
[I](2020-02-24  09:32:38 pm)작업중 M코드정지 [d:39][t:00:46:10]
[I](2020-02-24  09:38:29 pm)작업중 정지 [d:44][t:00:52:01]
[I](2020-02-24  09:38:29 pm)    [LNo:0019] 000173/000351
[I](2020-02-24  09:38:29 pm)작업중 M코드정지 [d:44][t:00:52:01]
[I](2020-02-24  09:49:34 pm)작업중 정지 [d:52][t:01:03:06]
[I](2020-02-24  09:49:34 pm)    [LNo:0019] 000207/000351
[I](2020-02-24  09:49:35 pm)작업중 M코드정지 [d:52][t:01:03:06]
[I](2020-02-24  09:50:50 pm)작업중 정지 [d:53][t:01:04:22]
[I](2020-02-24  09:50:50 pm)    [LNo:0019] 000209/000351
[I](2020-02-24  09:51:13 pm)작업 재시작
[I](2020-02-24  09:51:19 pm)작업중 정지 [d:53][t:01:04:51]
[I](2020-02-24  09:51:19 pm)    [LNo:0019] 000211/000351
[I](2020-02-24  09:51:19 pm)작업중 M코드정지 [d:53][t:01:04:51]
[I](2020-02-24  10:12:01 pm)작업중 정지 [d:73][t:01:25:33]
[I](2020-02-24  10:12:01 pm)    [LNo:0019] 000252/000351
[I](2020-02-24  10:12:02 pm)작업중 M코드정지 [d:73][t:01:25:34]
[I](2020-02-24  10:12:40 pm)작업중 정지 [d:74][t:01:26:12]
[I](2020-02-24  10:12:40 pm)    [LNo:0019] 000254/000351
[I](2020-02-24  10:12:40 pm)작업중 M코드정지 [d:74][t:01:26:12]
[I](2020-02-24  10:27:29 pm)작업중 정지 [d:87][t:01:41:01]
[I](2020-02-24  10:27:29 pm)    [LNo:0019] 000316/000351
[I](2020-02-24  10:27:29 pm)작업중 M코드정지 [d:87][t:01:41:01]
[I](2020-02-24  10:33:08 pm)작업중 정지 [d:87][t:01:46:40]
[I](2020-02-24  10:33:08 pm)    [LNo:0019] 000318/000351
[I](2020-02-24  10:33:29 pm)작업 재시작
[I](2020-02-24  10:36:57 pm)작업중 정지 [d:90][t:01:50:29]
[I](2020-02-24  10:36:57 pm)    [LNo:0019] 000347/000351
[I](2020-02-24  10:36:57 pm)작업중 M코드정지 [d:90][t:01:50:29]
[I](2020-02-24  10:43:32 pm)Reset
[I](2020-02-24  10:56:21 pm)Reset
[I](2020-02-24  10:59:49 pm)Reset
[I](2020-02-24  11:01:07 pm)작업 시작 [Start d:90]
[I](2020-02-24  11:01:07 pm)Nc File: [No.0001-310.NC]
[I](2020-02-24  11:01:07 pm)  * Start Machine Position
[I](2020-02-24  11:01:07 pm)    X:     48.0598
[I](2020-02-24  11:01:07 pm)    Y:   -354.5906
[I](2020-02-24  11:01:07 pm)    U:      0.0000
[I](2020-02-24  11:01:07 pm)    V:      0.0000
[I](2020-02-24  11:01:07 pm)    Z:     30.3736
[I](2020-02-24  11:01:07 pm)  * Angle
[I](2020-02-24  11:01:07 pm)    Ar:      0.3312,Kr:      0.0000
[I](2020-02-24  11:01:07 pm)    Taper_Ar:      0.0000
[I](2020-02-24  11:21:02 pm)작업중 정지 [d:20][t:00:19:55]
[I](2020-02-24  11:21:02 pm)    [LNo:0001] 000029/000200
[I](2020-02-24  11:21:02 pm)작업중 M코드정지 [d:20][t:00:19:55]
[I](2020-02-24  11:21:30 pm)작업중 정지 [d:20][t:00:20:23]
[I](2020-02-24  11:21:30 pm)    [LNo:0001] 000030/000200
[I](2020-02-24  11:21:54 pm)작업 재시작
[I](2020-02-24  11:22:00 pm)작업중 정지 [d:20][t:00:20:52]
[I](2020-02-24  11:22:00 pm)    [LNo:0001] 000032/000200
[I](2020-02-24  11:22:00 pm)작업중 M코드정지 [d:20][t:00:20:52]
[I](2020-02-24  11:22:42 pm)작업중 정지 [d:21][t:00:21:34]
[I](2020-02-24  11:22:42 pm)    [LNo:0001] 000046/000200
[I](2020-02-24  11:22:42 pm)작업중 30sec 접촉 정지 [d:21][t:00:21:35]
[I](2020-02-24  11:23:36 pm)작업 재시작
[I](2020-02-24  11:33:37 pm)작업중 정지 [d:31][t:00:32:30]
[I](2020-02-24  11:33:37 pm)    [LNo:0001] 000079/000200
[I](2020-02-24  11:33:37 pm)작업중 M코드정지 [d:31][t:00:32:30]
[I](2020-02-24  11:35:30 pm)작업중 정지 [d:31][t:00:34:23]
[I](2020-02-24  11:35:30 pm)    [LNo:0001] 000080/000200
[I](2020-02-24  11:35:54 pm)작업 재시작
[I](2020-02-24  11:36:02 pm)작업중 정지 [d:31][t:00:34:55]
[I](2020-02-24  11:36:02 pm)    [LNo:0001] 000082/000200
[I](2020-02-24  11:36:02 pm)작업중 M코드정지 [d:31][t:00:34:55]
[I](2020-02-24  11:58:29 pm)작업중 정지 [d:52][t:00:57:22]
[I](2020-02-24  11:58:29 pm)    [LNo:0001] 000146/000200
[I](2020-02-24  11:58:29 pm)작업중 30sec 접촉 정지 [d:52][t:00:57:22]
[I](2020-02-24  11:59:28 pm)작업 재시작
[I](2020-02-24  11:59:58 pm)작업중 정지 [d:53][t:00:58:50]
[I](2020-02-24  11:59:58 pm)    [LNo:0001] 000147/000200
[I](2020-02-24  11:59:58 pm)작업중 30sec 접촉 정지 [d:53][t:00:58:51]
