[I](2020-03-13  12:16:17 am)작업중 정지 [d:31][t:00:32:48]
[I](2020-03-13  12:16:17 am)    [LNo:0015] 000096/000108
[I](2020-03-13  12:16:17 am)작업중 M코드정지 [d:31][t:00:32:48]
[I](2020-03-13  12:19:52 am)작업중 정지 [d:31][t:00:36:23]
[I](2020-03-13  12:19:52 am)    [LNo:0015] 000097/000108
[I](2020-03-13  12:19:52 am)Wire Contact Auto Stop(M52)
[I](2020-03-13  12:24:00 am)Reset
[I](2020-03-13  12:27:22 am)Reset
[I](2020-03-13  12:28:43 am)작업 시작 [Start d:187]
[I](2020-03-13  12:28:43 am)Nc File: [No.0016-365.NC]
[I](2020-03-13  12:28:43 am)  * Start Machine Position
[I](2020-03-13  12:28:43 am)    X:     47.5082
[I](2020-03-13  12:28:43 am)    Y:   -332.2693
[I](2020-03-13  12:28:43 am)    U:      0.0000
[I](2020-03-13  12:28:43 am)    V:      0.0000
[I](2020-03-13  12:28:43 am)    Z:     64.9848
[I](2020-03-13  12:28:43 am)  * Angle
[I](2020-03-13  12:28:43 am)    Ar:      0.0917,Kr:      0.0000
[I](2020-03-13  12:28:43 am)    Taper_Ar:      0.0000
[I](2020-03-13  01:36:40 am)작업중 정지 [d:68][t:01:07:56]
[I](2020-03-13  01:36:40 am)    [LNo:0016] 000033/000082
[I](2020-03-13  01:36:40 am)작업중 M코드정지 [d:68][t:01:07:56]
[I](2020-03-13  01:38:44 am)작업중 정지 [d:69][t:01:10:00]
[I](2020-03-13  01:38:44 am)    [LNo:0016] 000034/000082
[I](2020-03-13  01:38:44 am)Wire Contact Auto Stop(M52)
[A](2020-03-13  01:39:38 am)[037] 자동결선 잔여 WIRE 처리 실패!!
[I](2020-03-13  01:40:06 am)작업 재시작
[I](2020-03-13  01:40:16 am)작업중 정지 [d:69][t:01:11:32]
[I](2020-03-13  01:40:16 am)    [LNo:0016] 000038/000082
[I](2020-03-13  02:44:03 am)작업중 정지 [d:132][t:02:15:19]
[I](2020-03-13  02:44:03 am)    [LNo:0016] 000070/000082
[I](2020-03-13  02:44:03 am)작업중 M코드정지 [d:132][t:02:15:19]
[I](2020-03-13  08:24:20 am)작업중 정지 [d:132][t:07:55:36]
[I](2020-03-13  08:24:20 am)    [LNo:0016] 000071/000082
[I](2020-03-13  08:24:20 am)Wire Contact Auto Stop(M52)
[I](2020-03-13  08:37:29 am)작업 재시작
[I](2020-03-13  08:37:32 am)작업중 정지 [d:133][t:08:08:48]
[I](2020-03-13  08:37:32 am)    [LNo:0016] 000071/000082
[I](2020-03-13  08:58:47 am)Reset
[I](2020-03-13  08:58:54 am)Reset
[I](2020-03-13  09:01:48 am)Reset
[I](2020-03-13  09:01:49 am)Reset
[I](2020-03-13  09:01:53 am)Reset
[I](2020-03-13  09:01:58 am)Reset
[I](2020-03-13  09:11:16 am)Reset
[I](2020-03-13  09:15:13 am)Reset
[I](2020-03-13  09:15:13 am)Reset
[I](2020-03-13  09:20:00 am)Reset
[I](2020-03-13  09:27:04 am)Reset
[I](2020-03-13  09:30:59 am)Reset
[I](2020-03-13  09:31:00 am)Reset
[I](2020-03-13  09:31:04 am)Reset
[I](2020-03-13  09:31:04 am)Reset
[I](2020-03-13  09:32:02 am)Reset
[I](2020-03-13  09:32:41 am)Reset
[I](2020-03-13  09:32:44 am)Reset
[I](2020-03-13  09:32:44 am)Reset
[I](2020-03-13  09:32:48 am)Reset
[I](2020-03-13  09:33:21 am)작업 시작 [Start d:320]
[I](2020-03-13  09:33:21 am)Nc File: [No.0014-427.NC]
[I](2020-03-13  09:33:21 am)  * Start Machine Position
[I](2020-03-13  09:33:21 am)    X:    162.5279
[I](2020-03-13  09:33:21 am)    Y:   -154.5588
[I](2020-03-13  09:33:21 am)    U:      0.0000
[I](2020-03-13  09:33:21 am)    V:      0.0000
[I](2020-03-13  09:33:21 am)    Z:     27.3528
[I](2020-03-13  09:33:21 am)  * Angle
[I](2020-03-13  09:33:21 am)    Ar:      0.2833,Kr:      0.0000
[I](2020-03-13  09:33:21 am)    Taper_Ar:      0.0000
[I](2020-03-13  09:33:23 am)작업중 정지 [d:0][t:00:00:01]
[I](2020-03-13  09:33:23 am)    [LNo:0014] 000009/000557
[I](2020-03-13  09:33:26 am)작업 재시작
[I](2020-03-13  09:33:49 am)작업중 정지 [d:0][t:00:00:27]
[I](2020-03-13  09:33:49 am)    [LNo:0014] 000010/000557
[I](2020-03-13  09:33:49 am)작업중 M코드정지 [d:0][t:00:00:28]
[I](2020-03-13  09:34:07 am)작업중 정지 [d:0][t:00:00:45]
[I](2020-03-13  09:34:07 am)    [LNo:0014] 000056/000557
[I](2020-03-13  09:34:25 am)작업중 정지 [d:0][t:00:01:03]
[I](2020-03-13  09:34:25 am)    [LNo:0014] 000100/000557
[I](2020-03-13  09:37:52 am)작업중 정지 [d:2][t:00:04:31]
[I](2020-03-13  09:37:52 am)    [LNo:0014] 000116/000557
[I](2020-03-13  09:37:52 am)작업중 M코드정지 [d:2][t:00:04:31]
[I](2020-03-13  09:38:19 am)작업중 정지 [d:2][t:00:04:57]
[I](2020-03-13  09:38:19 am)    [LNo:0014] 000188/000557
[I](2020-03-13  09:38:42 am)작업중 정지 [d:2][t:00:05:20]
[I](2020-03-13  09:38:42 am)    [LNo:0014] 000201/000557
[I](2020-03-13  09:38:54 am)작업중 정지 [d:2][t:00:05:33]
[I](2020-03-13  09:38:54 am)    [LNo:0014] 000188/000557
[I](2020-03-13  09:39:25 am)작업중 정지 [d:2][t:00:06:04]
[I](2020-03-13  09:39:25 am)    [LNo:0014] 000202/000557
[I](2020-03-13  09:39:26 am)작업 재시작
[I](2020-03-13  09:39:54 am)작업중 정지 [d:2][t:00:06:32]
[I](2020-03-13  09:39:54 am)    [LNo:0014] 000203/000557
[I](2020-03-13  09:39:54 am)작업중 M코드정지 [d:2][t:00:06:32]
[I](2020-03-13  09:41:34 am)작업중 정지 [d:2][t:00:08:13]
[I](2020-03-13  09:41:34 am)    [LNo:0014] 000213/000557
[I](2020-03-13  09:43:05 am)작업중 정지 [d:3][t:00:09:44]
[I](2020-03-13  09:43:05 am)    [LNo:0014] 000227/000557
[I](2020-03-13  09:43:05 am)작업중 M코드정지 [d:3][t:00:09:44]
[I](2020-03-13  09:44:33 am)작업중 정지 [d:3][t:00:11:11]
[I](2020-03-13  09:44:33 am)    [LNo:0014] 000100/000557
[I](2020-03-13  09:49:39 am)작업중 정지 [d:7][t:00:16:17]
[I](2020-03-13  09:49:39 am)    [LNo:0014] 000116/000557
[I](2020-03-13  09:49:39 am)작업중 M코드정지 [d:7][t:00:16:17]
[I](2020-03-13  09:49:54 am)작업중 정지 [d:7][t:00:16:33]
[I](2020-03-13  09:49:54 am)    [LNo:0014] 000118/000557
[I](2020-03-13  09:49:55 am)작업중 M코드정지 [d:7][t:00:16:33]
[I](2020-03-13  09:52:50 am)작업중 정지 [d:10][t:00:19:29]
[I](2020-03-13  09:52:50 am)    [LNo:0014] 000138/000557
[I](2020-03-13  09:52:50 am)작업중 M코드정지 [d:10][t:00:19:29]
[I](2020-03-13  10:09:08 am)작업중 정지 [d:25][t:00:35:46]
[I](2020-03-13  10:09:08 am)    [LNo:0014] 000159/000557
[I](2020-03-13  10:09:08 am)작업중 30sec 접촉 정지 [d:25][t:00:35:46]
[I](2020-03-13  10:09:44 am)작업 재시작
[I](2020-03-13  10:09:52 am)작업중 정지 [d:25][t:00:36:30]
[I](2020-03-13  10:09:52 am)    [LNo:0014] 000160/000557
[I](2020-03-13  10:09:52 am)작업중 M코드정지 [d:25][t:00:36:30]
[I](2020-03-13  10:10:07 am)작업중 정지 [d:25][t:00:36:46]
[I](2020-03-13  10:10:07 am)    [LNo:0014] 000162/000557
[I](2020-03-13  10:10:07 am)작업중 M코드정지 [d:25][t:00:36:46]
[I](2020-03-13  10:13:07 am)작업중 정지 [d:28][t:00:39:45]
[I](2020-03-13  10:13:07 am)    [LNo:0014] 000182/000557
[I](2020-03-13  10:13:07 am)작업중 M코드정지 [d:28][t:00:39:45]
[I](2020-03-13  10:19:51 am)작업중 정지 [d:28][t:00:46:30]
[I](2020-03-13  10:19:51 am)    [LNo:0014] 000189/000557
[I](2020-03-13  10:20:29 am)Reset
[I](2020-03-13  10:20:42 am)작업 시작 [Start d:348]
[I](2020-03-13  10:20:42 am)Nc File: [No.0014-427.NC]
[I](2020-03-13  10:20:42 am)  * Start Machine Position
[I](2020-03-13  10:20:42 am)    X:    151.6138
[I](2020-03-13  10:20:42 am)    Y:   -242.1248
[I](2020-03-13  10:20:42 am)    U:      0.0000
[I](2020-03-13  10:20:42 am)    V:      0.0000
[I](2020-03-13  10:20:42 am)    Z:     28.3528
[I](2020-03-13  10:20:42 am)  * Angle
[I](2020-03-13  10:20:42 am)    Ar:      0.2833,Kr:      0.0000
[I](2020-03-13  10:20:42 am)    Taper_Ar:      0.0000
[I](2020-03-13  10:20:43 am)작업중 정지 [d:0][t:00:00:00]
[I](2020-03-13  10:20:43 am)    [LNo:0014] 000189/000557
[I](2020-03-13  10:20:45 am)작업중 정지 [d:0][t:00:00:02]
[I](2020-03-13  10:20:45 am)    [LNo:0014] 000192/000557
[I](2020-03-13  10:20:47 am)작업중 정지 [d:0][t:00:00:04]
[I](2020-03-13  10:20:47 am)    [LNo:0014] 000192/000557
[I](2020-03-13  10:20:50 am)작업중 정지 [d:0][t:00:00:07]
[I](2020-03-13  10:20:50 am)    [LNo:0014] 000192/000557
[I](2020-03-13  10:20:52 am)작업중 정지 [d:0][t:00:00:09]
[I](2020-03-13  10:20:52 am)    [LNo:0014] 000193/000557
[A](2020-03-13  10:22:03 am)[001] 와이어 미동작
[I](2020-03-13  10:22:05 am)작업중 정지 [d:0][t:00:01:22]
[I](2020-03-13  10:22:05 am)    [LNo:0014] 000194/000557
[I](2020-03-13  10:22:11 am)작업중 정지 [d:0][t:00:01:28]
[I](2020-03-13  10:22:11 am)    [LNo:0014] 000197/000557
[I](2020-03-13  10:23:23 am)작업중 정지 [d:0][t:00:02:41]
[I](2020-03-13  10:23:23 am)    [LNo:0014] 000237/000557
[I](2020-03-13  10:31:17 am)작업중 정지 [d:7][t:00:10:35]
[I](2020-03-13  10:31:17 am)    [LNo:0014] 000259/000557
[I](2020-03-13  10:31:18 am)작업중 M코드정지 [d:7][t:00:10:35]
[I](2020-03-13  10:31:33 am)작업중 정지 [d:8][t:00:10:50]
[I](2020-03-13  10:31:33 am)    [LNo:0014] 000262/000557
[I](2020-03-13  10:31:33 am)작업중 M코드정지 [d:8][t:00:10:50]
[I](2020-03-13  10:49:45 am)작업중 정지 [d:26][t:00:29:03]
[I](2020-03-13  10:49:45 am)    [LNo:0014] 000315/000557
[I](2020-03-13  10:49:46 am)작업중 M코드정지 [d:26][t:00:29:03]
[I](2020-03-13  10:58:51 am)작업중 정지 [d:33][t:00:38:08]
[I](2020-03-13  10:58:51 am)    [LNo:0014] 000334/000557
[I](2020-03-13  10:58:51 am)작업중 M코드정지 [d:33][t:00:38:08]
[I](2020-03-13  10:59:19 am)작업중 정지 [d:33][t:00:38:37]
[I](2020-03-13  10:59:19 am)    [LNo:0014] 000336/000557
[I](2020-03-13  10:59:19 am)작업중 M코드정지 [d:33][t:00:38:37]
[I](2020-03-13  11:17:57 am)작업중 정지 [d:52][t:00:57:14]
[I](2020-03-13  11:17:57 am)    [LNo:0014] 000373/000557
[I](2020-03-13  11:17:57 am)작업중 M코드정지 [d:52][t:00:57:14]
[I](2020-03-13  11:25:22 am)작업중 정지 [d:59][t:01:04:39]
[I](2020-03-13  11:25:22 am)    [LNo:0014] 000401/000557
[I](2020-03-13  11:25:22 am)작업중 M코드정지 [d:59][t:01:04:39]
[I](2020-03-13  11:27:56 am)작업중 정지 [d:59][t:01:07:13]
[I](2020-03-13  11:27:56 am)    [LNo:0014] 000404/000557
[I](2020-03-13  11:27:56 am)작업중 M코드정지 [d:59][t:01:07:14]
[I](2020-03-13  11:55:52 am)작업중 정지 [d:86][t:01:35:09]
[I](2020-03-13  11:55:52 am)    [LNo:0014] 000489/000557
[I](2020-03-13  11:55:52 am)작업중 M코드정지 [d:86][t:01:35:09]
[I](2020-03-13  12:17:15 pm)작업중 정지 [d:104][t:01:56:32]
[I](2020-03-13  12:17:15 pm)    [LNo:0014] 000553/000557
[I](2020-03-13  12:17:15 pm)작업중 M코드정지 [d:104][t:01:56:32]
[I](2020-03-13  01:23:04 pm)Reset
[I](2020-03-13  01:23:05 pm)Reset
[I](2020-03-13  01:28:25 pm)Reset
[I](2020-03-13  01:28:26 pm)Reset
[I](2020-03-13  01:28:31 pm)Reset
[I](2020-03-13  01:28:52 pm)작업 시작 [Start d:452]
[I](2020-03-13  01:28:52 pm)Nc File: [No.0010-399.NC]
[I](2020-03-13  01:28:52 pm)  * Start Machine Position
[I](2020-03-13  01:28:52 pm)    X:    554.8636
[I](2020-03-13  01:28:52 pm)    Y:   -367.6754
[I](2020-03-13  01:28:52 pm)    U:      0.0000
[I](2020-03-13  01:28:52 pm)    V:      0.0000
[I](2020-03-13  01:28:52 pm)    Z:     31.1298
[I](2020-03-13  01:28:52 pm)  * Angle
[I](2020-03-13  01:28:52 pm)    Ar:      0.2833,Kr:      0.0000
[I](2020-03-13  01:28:52 pm)    Taper_Ar:      0.0000
[I](2020-03-13  01:28:53 pm)작업중 정지 [d:0][t:00:00:00]
[I](2020-03-13  01:28:53 pm)    [LNo:0010] 000030/000050
[I](2020-03-13  01:33:02 pm)
[I](2020-03-13  01:33:02 pm)Work completed.
[I](2020-03-13  01:33:02 pm)작업 끝.(M02) [d:4][t:00:04:09]
[I](2020-03-13  01:36:11 pm)Reset
[I](2020-03-13  01:36:15 pm)Reset
[I](2020-03-13  01:38:28 pm)작업 시작 [Start d:456]
[I](2020-03-13  01:38:28 pm)Nc File: [No.0011-398.NC *]
[I](2020-03-13  01:38:28 pm)  * Start Machine Position
[I](2020-03-13  01:38:28 pm)    X:    554.8636
[I](2020-03-13  01:38:28 pm)    Y:   -367.6754
[I](2020-03-13  01:38:28 pm)    U:      0.0000
[I](2020-03-13  01:38:28 pm)    V:      0.0000
[I](2020-03-13  01:38:28 pm)    Z:     79.7283
[I](2020-03-13  01:38:28 pm)  * Angle
[I](2020-03-13  01:38:28 pm)    Ar:      0.2833,Kr:      0.0000
[I](2020-03-13  01:38:28 pm)    Taper_Ar:      0.0000
[I](2020-03-13  01:42:52 pm)
[I](2020-03-13  01:42:52 pm)Work completed.
[I](2020-03-13  01:42:52 pm)작업 끝.(M02) [d:4][t:00:04:23]
[I](2020-03-13  01:45:02 pm)Reset
[I](2020-03-13  01:45:45 pm)작업 시작 [Start d:460]
[I](2020-03-13  01:45:45 pm)Nc File: [No.0011-398.NC *]
[I](2020-03-13  01:45:45 pm)  * Start Machine Position
[I](2020-03-13  01:45:45 pm)    X:    554.8636
[I](2020-03-13  01:45:45 pm)    Y:   -367.6754
[I](2020-03-13  01:45:45 pm)    U:      0.0000
[I](2020-03-13  01:45:45 pm)    V:      0.0000
[I](2020-03-13  01:45:45 pm)    Z:     79.7283
[I](2020-03-13  01:45:45 pm)  * Angle
[I](2020-03-13  01:45:45 pm)    Ar:      0.2833,Kr:      0.0000
[I](2020-03-13  01:45:45 pm)    Taper_Ar:      0.0000
[I](2020-03-13  01:50:24 pm)
[I](2020-03-13  01:50:24 pm)Work completed.
[I](2020-03-13  01:50:24 pm)작업 끝.(M02) [d:4][t:00:04:39]
[I](2020-03-13  01:53:22 pm)Reset
[I](2020-03-13  01:53:36 pm)작업 시작 [Start d:464]
[I](2020-03-13  01:53:36 pm)Nc File: [No.0011-398.NC *]
[I](2020-03-13  01:53:36 pm)  * Start Machine Position
[I](2020-03-13  01:53:36 pm)    X:    554.8636
[I](2020-03-13  01:53:36 pm)    Y:   -367.6754
[I](2020-03-13  01:53:36 pm)    U:      0.0000
[I](2020-03-13  01:53:36 pm)    V:      0.0000
[I](2020-03-13  01:53:36 pm)    Z:     79.7283
[I](2020-03-13  01:53:36 pm)  * Angle
[I](2020-03-13  01:53:36 pm)    Ar:      0.2833,Kr:      0.0000
[I](2020-03-13  01:53:36 pm)    Taper_Ar:      0.0000
[I](2020-03-13  01:59:06 pm)
[I](2020-03-13  01:59:06 pm)Work completed.
[I](2020-03-13  01:59:06 pm)작업 끝.(M02) [d:5][t:00:05:30]
[I](2020-03-13  01:59:45 pm)Reset
[I](2020-03-13  01:59:46 pm)Reset
[I](2020-03-13  01:59:48 pm)Reset
[I](2020-03-13  02:00:32 pm)작업 시작 [Start d:469]
[I](2020-03-13  02:00:32 pm)Nc File: [No.0011-398.NC *]
[I](2020-03-13  02:00:32 pm)  * Start Machine Position
[I](2020-03-13  02:00:32 pm)    X:    554.8636
[I](2020-03-13  02:00:32 pm)    Y:   -367.6754
[I](2020-03-13  02:00:32 pm)    U:      0.0000
[I](2020-03-13  02:00:32 pm)    V:      0.0000
[I](2020-03-13  02:00:32 pm)    Z:     79.7283
[I](2020-03-13  02:00:32 pm)  * Angle
[I](2020-03-13  02:00:32 pm)    Ar:      0.2833,Kr:      0.0000
[I](2020-03-13  02:00:32 pm)    Taper_Ar:      0.0000
[I](2020-03-13  02:04:50 pm)
[I](2020-03-13  02:04:50 pm)Work completed.
[I](2020-03-13  02:04:50 pm)작업 끝.(M02) [d:3][t:00:04:18]
[I](2020-03-13  02:05:34 pm)Reset
[I](2020-03-13  02:05:35 pm)Reset
[I](2020-03-13  02:05:35 pm)작업 시작 [Start d:472]
[I](2020-03-13  02:05:35 pm)Nc File: [No.0011-398.NC *]
[I](2020-03-13  02:05:35 pm)  * Start Machine Position
[I](2020-03-13  02:05:35 pm)    X:    554.8636
[I](2020-03-13  02:05:35 pm)    Y:   -367.6754
[I](2020-03-13  02:05:35 pm)    U:      0.0000
[I](2020-03-13  02:05:35 pm)    V:      0.0000
[I](2020-03-13  02:05:35 pm)    Z:     79.7283
[I](2020-03-13  02:05:35 pm)  * Angle
[I](2020-03-13  02:05:35 pm)    Ar:      0.2833,Kr:      0.0000
[I](2020-03-13  02:05:35 pm)    Taper_Ar:      0.0000
[I](2020-03-13  02:05:36 pm)작업중 정지 [d:0][t:00:00:00]
[I](2020-03-13  02:05:36 pm)    [LNo:0011] 000007/000083
[I](2020-03-13  02:05:38 pm)작업중 정지 [d:0][t:00:00:02]
[I](2020-03-13  02:05:38 pm)    [LNo:0011] 000009/000083
[I](2020-03-13  02:13:07 pm)
[I](2020-03-13  02:13:07 pm)Work completed.
[I](2020-03-13  02:13:07 pm)작업 끝.(M02) [d:6][t:00:07:31]
[I](2020-03-13  02:13:41 pm)Reset
[I](2020-03-13  02:13:43 pm)작업 시작 [Start d:478]
[I](2020-03-13  02:13:43 pm)Nc File: [No.0011-398.NC *]
[I](2020-03-13  02:13:43 pm)  * Start Machine Position
[I](2020-03-13  02:13:43 pm)    X:    554.8636
[I](2020-03-13  02:13:43 pm)    Y:   -367.6754
[I](2020-03-13  02:13:43 pm)    U:      0.0000
[I](2020-03-13  02:13:43 pm)    V:      0.0000
[I](2020-03-13  02:13:43 pm)    Z:     79.7283
[I](2020-03-13  02:13:43 pm)  * Angle
[I](2020-03-13  02:13:43 pm)    Ar:      0.2833,Kr:      0.0000
[I](2020-03-13  02:13:43 pm)    Taper_Ar:      0.0000
[I](2020-03-13  02:13:43 pm)작업중 정지 [d:0][t:00:00:00]
[I](2020-03-13  02:13:43 pm)    [LNo:0011] 000007/000083
[I](2020-03-13  02:14:58 pm)작업중 정지 [d:0][t:00:01:15]
[I](2020-03-13  02:14:58 pm)    [LNo:0011] 000061/000083
[I](2020-03-13  02:17:05 pm)
[I](2020-03-13  02:17:05 pm)Work completed.
[I](2020-03-13  02:17:05 pm)작업 끝.(M02) [d:2][t:00:03:22]
[I](2020-03-13  02:24:41 pm)Reset
[I](2020-03-13  02:25:40 pm)작업 시작 [Start d:480]
[I](2020-03-13  02:25:40 pm)Nc File: [No.0010-399.NC]
[I](2020-03-13  02:25:40 pm)  * Start Machine Position
[I](2020-03-13  02:25:40 pm)    X:    554.8636
[I](2020-03-13  02:25:40 pm)    Y:   -367.6754
[I](2020-03-13  02:25:40 pm)    U:      0.0000
[I](2020-03-13  02:25:40 pm)    V:      0.0000
[I](2020-03-13  02:25:40 pm)    Z:     32.7128
[I](2020-03-13  02:25:40 pm)  * Angle
[I](2020-03-13  02:25:40 pm)    Ar:      0.2833,Kr:      0.0000
[I](2020-03-13  02:25:40 pm)    Taper_Ar:      0.0000
[I](2020-03-13  02:25:41 pm)작업중 정지 [d:0][t:00:00:00]
[I](2020-03-13  02:25:41 pm)    [LNo:0010] 000028/000050
[I](2020-03-13  02:31:37 pm)
[I](2020-03-13  02:31:37 pm)Work completed.
[I](2020-03-13  02:31:37 pm)작업 끝.(M02) [d:5][t:00:05:56]
[I](2020-03-13  02:34:19 pm)Reset
[I](2020-03-13  02:34:19 pm)Reset
[I](2020-03-13  02:35:28 pm)Reset
[I](2020-03-13  02:35:31 pm)작업 시작 [Start d:485]
[I](2020-03-13  02:35:31 pm)Nc File: [No.0010-399.NC]
[I](2020-03-13  02:35:31 pm)  * Start Machine Position
[I](2020-03-13  02:35:31 pm)    X:    554.8636
[I](2020-03-13  02:35:31 pm)    Y:   -367.6754
[I](2020-03-13  02:35:31 pm)    U:      0.0000
[I](2020-03-13  02:35:31 pm)    V:      0.0000
[I](2020-03-13  02:35:31 pm)    Z:     32.7128
[I](2020-03-13  02:35:31 pm)  * Angle
[I](2020-03-13  02:35:31 pm)    Ar:      0.2833,Kr:      0.0000
[I](2020-03-13  02:35:31 pm)    Taper_Ar:      0.0000
[I](2020-03-13  02:35:32 pm)작업중 정지 [d:0][t:00:00:00]
[I](2020-03-13  02:35:32 pm)    [LNo:0010] 000007/000050
[I](2020-03-13  02:35:37 pm)작업중 정지 [d:0][t:00:00:05]
[I](2020-03-13  02:35:37 pm)    [LNo:0010] 000030/000050
[I](2020-03-13  02:41:34 pm)
[I](2020-03-13  02:41:34 pm)Work completed.
[I](2020-03-13  02:41:34 pm)작업 끝.(M02) [d:5][t:00:06:02]
[I](2020-03-13  02:45:30 pm)Reset
[I](2020-03-13  02:45:34 pm)Reset
[I](2020-03-13  02:45:47 pm)작업 시작 [Start d:490]
[I](2020-03-13  02:45:47 pm)Nc File: [No.0011-398.NC *]
[I](2020-03-13  02:45:47 pm)  * Start Machine Position
[I](2020-03-13  02:45:47 pm)    X:    554.8636
[I](2020-03-13  02:45:47 pm)    Y:   -367.6754
[I](2020-03-13  02:45:47 pm)    U:      0.0000
[I](2020-03-13  02:45:47 pm)    V:      0.0000
[I](2020-03-13  02:45:47 pm)    Z:     78.6168
[I](2020-03-13  02:45:47 pm)  * Angle
[I](2020-03-13  02:45:47 pm)    Ar:      0.2833,Kr:      0.0000
[I](2020-03-13  02:45:47 pm)    Taper_Ar:      0.0000
[I](2020-03-13  02:45:47 pm)작업중 정지 [d:0][t:00:00:00]
[I](2020-03-13  02:45:47 pm)    [LNo:0011] 000007/000083
[I](2020-03-13  02:50:32 pm)
[I](2020-03-13  02:50:32 pm)Work completed.
[I](2020-03-13  02:50:32 pm)작업 끝.(M02) [d:4][t:00:04:45]
[I](2020-03-13  02:57:12 pm)Reset
[I](2020-03-13  02:58:14 pm)작업 시작 [Start d:494]
[I](2020-03-13  02:58:14 pm)Nc File: [No.0012-454.NC]
[I](2020-03-13  02:58:14 pm)  * Start Machine Position
[I](2020-03-13  02:58:14 pm)    X:    554.8636
[I](2020-03-13  02:58:14 pm)    Y:   -367.6754
[I](2020-03-13  02:58:14 pm)    U:      0.0000
[I](2020-03-13  02:58:14 pm)    V:      0.0000
[I](2020-03-13  02:58:14 pm)    Z:     25.4338
[I](2020-03-13  02:58:14 pm)  * Angle
[I](2020-03-13  02:58:14 pm)    Ar:      0.2833,Kr:      0.0000
[I](2020-03-13  02:58:14 pm)    Taper_Ar:      0.0000
[I](2020-03-13  03:00:10 pm)작업중 정지 [d:2][t:00:01:55]
[I](2020-03-13  03:00:10 pm)    [LNo:0012] 000018/000050
[A](2020-03-13  03:00:10 pm)[008] 작업중 단선(AWF Feed Motor Stop )
[I](2020-03-13  03:00:10 pm)작업중 Wire 단선 [d:2][t:00:01:55]
[I](2020-03-13  03:01:34 pm)작업 재시작
[I](2020-03-13  03:27:50 pm)작업중 정지 [d:28][t:00:29:36]
[I](2020-03-13  03:27:50 pm)    [LNo:0012] 000022/000050
[I](2020-03-13  03:27:50 pm)작업중 M코드정지 [d:28][t:00:29:36]
[I](2020-03-13  03:28:07 pm)작업중 정지 [d:28][t:00:29:53]
[I](2020-03-13  03:28:07 pm)    [LNo:0012] 000026/000050
[I](2020-03-13  03:28:07 pm)작업중 M코드정지 [d:28][t:00:29:53]
[I](2020-03-13  03:35:28 pm)
[I](2020-03-13  03:35:28 pm)Work completed.
[I](2020-03-13  03:35:28 pm)작업 끝.(M02) [d:34][t:00:37:14]
[I](2020-03-13  03:35:32 pm)Reset
[I](2020-03-13  03:35:33 pm)작업 시작 [Start d:528]
[I](2020-03-13  03:35:33 pm)Nc File: [No.0012-454.NC]
[I](2020-03-13  03:35:33 pm)  * Start Machine Position
[I](2020-03-13  03:35:33 pm)    X:    554.8636
[I](2020-03-13  03:35:33 pm)    Y:   -367.6754
[I](2020-03-13  03:35:33 pm)    U:      0.0000
[I](2020-03-13  03:35:33 pm)    V:      0.0000
[I](2020-03-13  03:35:33 pm)    Z:     25.4338
[I](2020-03-13  03:35:33 pm)  * Angle
[I](2020-03-13  03:35:33 pm)    Ar:      0.2833,Kr:      0.0000
[I](2020-03-13  03:35:33 pm)    Taper_Ar:      0.0000
[I](2020-03-13  03:35:33 pm)작업중 정지 [d:0][t:00:00:00]
[I](2020-03-13  03:35:33 pm)    [LNo:0012] 000007/000050
[I](2020-03-13  03:37:05 pm)Reset
[I](2020-03-13  03:37:08 pm)Reset
[I](2020-03-13  03:37:22 pm)작업 시작 [Start d:528]
[I](2020-03-13  03:37:22 pm)Nc File: [No.0011-398.NC *]
[I](2020-03-13  03:37:22 pm)  * Start Machine Position
[I](2020-03-13  03:37:22 pm)    X:    554.8636
[I](2020-03-13  03:37:22 pm)    Y:   -367.6754
[I](2020-03-13  03:37:22 pm)    U:      0.0000
[I](2020-03-13  03:37:22 pm)    V:      0.0000
[I](2020-03-13  03:37:22 pm)    Z:     80.6738
[I](2020-03-13  03:37:22 pm)  * Angle
[I](2020-03-13  03:37:22 pm)    Ar:      0.2833,Kr:      0.0000
[I](2020-03-13  03:37:22 pm)    Taper_Ar:      0.0000
[I](2020-03-13  03:42:41 pm)
[I](2020-03-13  03:42:41 pm)Work completed.
[I](2020-03-13  03:42:41 pm)작업 끝.(M02) [d:5][t:00:05:19]
[I](2020-03-13  03:43:13 pm)작업 시작 [Start d:533]
[I](2020-03-13  03:43:13 pm)Nc File: [No.0011-398.NC *]
[I](2020-03-13  03:43:13 pm)  * Start Machine Position
[I](2020-03-13  03:43:13 pm)    X:    554.8636
[I](2020-03-13  03:43:13 pm)    Y:   -367.6754
[I](2020-03-13  03:43:13 pm)    U:      0.0000
[I](2020-03-13  03:43:13 pm)    V:      0.0000
[I](2020-03-13  03:43:13 pm)    Z:     80.6738
[I](2020-03-13  03:43:13 pm)  * Angle
[I](2020-03-13  03:43:13 pm)    Ar:      0.2833,Kr:      0.0000
[I](2020-03-13  03:43:13 pm)    Taper_Ar:      0.0000
[I](2020-03-13  03:43:14 pm)작업중 정지 [d:0][t:00:00:01]
[I](2020-03-13  03:43:14 pm)    [LNo:0011] 000061/000083
[I](2020-03-13  03:45:07 pm)
[I](2020-03-13  03:45:07 pm)Work completed.
[I](2020-03-13  03:45:07 pm)작업 끝.(M02) [d:1][t:00:01:53]
[I](2020-03-13  03:46:29 pm)작업 시작 [Start d:534]
[I](2020-03-13  03:46:29 pm)Nc File: [No.0011-398.NC *]
[I](2020-03-13  03:46:29 pm)  * Start Machine Position
[I](2020-03-13  03:46:29 pm)    X:    554.6618
[I](2020-03-13  03:46:29 pm)    Y:   -326.8520
[I](2020-03-13  03:46:29 pm)    U:      0.0000
[I](2020-03-13  03:46:29 pm)    V:      0.0000
[I](2020-03-13  03:46:29 pm)    Z:     80.6738
[I](2020-03-13  03:46:29 pm)  * Angle
[I](2020-03-13  03:46:29 pm)    Ar:      0.2833,Kr:      0.0000
[I](2020-03-13  03:46:29 pm)    Taper_Ar:      0.0000
[I](2020-03-13  03:46:30 pm)작업중 정지 [d:0][t:00:00:01]
[I](2020-03-13  03:46:30 pm)    [LNo:0011] 000061/000083
[I](2020-03-13  03:46:57 pm)Reset
[I](2020-03-13  03:47:11 pm)Reset
[I](2020-03-13  03:47:13 pm)Reset
[I](2020-03-13  03:52:24 pm)Reset
[I](2020-03-13  03:52:25 pm)작업 시작 [Start d:534]
[I](2020-03-13  03:52:25 pm)Nc File: [No.0011-398.NC *]
[I](2020-03-13  03:52:25 pm)  * Start Machine Position
[I](2020-03-13  03:52:25 pm)    X:    554.8636
[I](2020-03-13  03:52:25 pm)    Y:   -367.6754
[I](2020-03-13  03:52:25 pm)    U:      0.0000
[I](2020-03-13  03:52:25 pm)    V:      0.0000
[I](2020-03-13  03:52:25 pm)    Z:     80.6738
[I](2020-03-13  03:52:25 pm)  * Angle
[I](2020-03-13  03:52:25 pm)    Ar:      0.2833,Kr:      0.0000
[I](2020-03-13  03:52:25 pm)    Taper_Ar:      0.0000
[I](2020-03-13  03:52:25 pm)작업중 정지 [d:0][t:00:00:00]
[I](2020-03-13  03:52:25 pm)    [LNo:0011] 000007/000083
[I](2020-03-13  03:52:34 pm)작업중 정지 [d:0][t:00:00:09]
[I](2020-03-13  03:52:34 pm)    [LNo:0011] 000043/000083
[I](2020-03-13  03:53:42 pm)작업중 정지 [d:1][t:00:01:17]
[I](2020-03-13  03:53:42 pm)    [LNo:0011] 000065/000083
[I](2020-03-13  04:00:11 pm)Reset
[I](2020-03-13  04:00:11 pm)Reset
[I](2020-03-13  04:00:17 pm)Reset
[I](2020-03-13  04:10:25 pm)Reset
[I](2020-03-13  04:10:26 pm)Reset
[I](2020-03-13  04:14:39 pm)작업 시작 [Start d:535]
[I](2020-03-13  04:14:39 pm)Nc File: [No.0001-455.NC]
[I](2020-03-13  04:14:39 pm)  * Start Machine Position
[I](2020-03-13  04:14:39 pm)    X:    144.6592
[I](2020-03-13  04:14:39 pm)    Y:   -334.6153
[I](2020-03-13  04:14:39 pm)    U:      0.0000
[I](2020-03-13  04:14:39 pm)    V:      0.0000
[I](2020-03-13  04:14:39 pm)    Z:     70.1766
[I](2020-03-13  04:14:39 pm)  * Angle
[I](2020-03-13  04:14:39 pm)    Ar:      0.2833,Kr:      0.0000
[I](2020-03-13  04:14:39 pm)    Taper_Ar:      0.0000
[I](2020-03-13  04:46:25 pm)작업중 정지 [d:31][t:00:31:46]
[I](2020-03-13  04:46:25 pm)    [LNo:0001] 000082/000182
[I](2020-03-13  04:46:25 pm)작업중 M코드정지 [d:31][t:00:31:46]
[I](2020-03-13  04:50:34 pm)작업중 정지 [d:32][t:00:35:55]
[I](2020-03-13  04:50:34 pm)    [LNo:0001] 000084/000182
[I](2020-03-13  04:50:35 pm)작업중 M코드정지 [d:32][t:00:35:55]
[I](2020-03-13  04:52:34 pm)Reset
[I](2020-03-13  04:52:34 pm)Reset
[I](2020-03-13  04:55:13 pm)작업 시작 [Start d:567]
[I](2020-03-13  04:55:13 pm)Nc File: [No.0001-455.NC]
[I](2020-03-13  04:55:13 pm)  * Start Machine Position
[I](2020-03-13  04:55:13 pm)    X:     68.0453
[I](2020-03-13  04:55:13 pm)    Y:   -368.8045
[I](2020-03-13  04:55:13 pm)    U:      0.0000
[I](2020-03-13  04:55:13 pm)    V:      0.0000
[I](2020-03-13  04:55:13 pm)    Z:     70.1766
[I](2020-03-13  04:55:13 pm)  * Angle
[I](2020-03-13  04:55:13 pm)    Ar:      0.2833,Kr:      0.0000
[I](2020-03-13  04:55:13 pm)    Taper_Ar:      0.0000
[I](2020-03-13  05:26:55 pm)작업중 정지 [d:32][t:00:31:42]
[I](2020-03-13  05:26:55 pm)    [LNo:0001] 000082/000182
[I](2020-03-13  05:26:55 pm)작업중 M코드정지 [d:32][t:00:31:42]
[I](2020-03-13  05:27:30 pm)작업중 정지 [d:33][t:00:32:16]
[I](2020-03-13  05:27:30 pm)    [LNo:0001] 000084/000182
[I](2020-03-13  05:27:30 pm)작업중 M코드정지 [d:33][t:00:32:16]
[I](2020-03-13  05:30:07 pm)Reset
[I](2020-03-13  05:33:00 pm)Reset
[I](2020-03-13  05:33:10 pm)작업 시작 [Start d:600]
[I](2020-03-13  05:33:10 pm)Nc File: [No.0001-455.NC]
[I](2020-03-13  05:33:10 pm)  * Start Machine Position
[I](2020-03-13  05:33:10 pm)    X:    234.4052
[I](2020-03-13  05:33:10 pm)    Y:   -388.0224
[I](2020-03-13  05:33:10 pm)    U:      0.0000
[I](2020-03-13  05:33:10 pm)    V:      0.0000
[I](2020-03-13  05:33:10 pm)    Z:     70.1766
[I](2020-03-13  05:33:10 pm)  * Angle
[I](2020-03-13  05:33:10 pm)    Ar:      0.2833,Kr:      0.0000
[I](2020-03-13  05:33:10 pm)    Taper_Ar:      0.0000
[I](2020-03-13  05:33:10 pm)작업중 정지 [d:0][t:00:00:00]
[I](2020-03-13  05:33:10 pm)    [LNo:0001] 000093/000182
[I](2020-03-13  06:06:36 pm)작업중 정지 [d:33][t:00:33:26]
[I](2020-03-13  06:06:36 pm)    [LNo:0001] 000170/000182
[I](2020-03-13  06:06:36 pm)작업중 M코드정지 [d:33][t:00:33:26]
[I](2020-03-13  06:07:58 pm)작업중 정지 [d:33][t:00:34:48]
[I](2020-03-13  06:07:58 pm)    [LNo:0001] 000172/000182
[I](2020-03-13  06:07:58 pm)작업중 M코드정지 [d:33][t:00:34:48]
[I](2020-03-13  06:13:36 pm)Reset
[I](2020-03-13  06:13:43 pm)Reset
[I](2020-03-13  06:13:44 pm)Reset
[I](2020-03-13  06:13:44 pm)Reset
[I](2020-03-13  06:17:25 pm)Reset
[I](2020-03-13  06:17:25 pm)Reset
[I](2020-03-13  06:18:59 pm)Reset
[I](2020-03-13  06:19:04 pm)Reset
[I](2020-03-13  06:21:21 pm)Reset
[I](2020-03-13  06:21:53 pm)Reset
[I](2020-03-13  06:24:54 pm)작업 시작 [Start d:633]
[I](2020-03-13  06:24:54 pm)Nc File: [No.0001-447.NC]
[I](2020-03-13  06:24:54 pm)  * Start Machine Position
[I](2020-03-13  06:24:54 pm)    X:    309.4950
[I](2020-03-13  06:24:54 pm)    Y:   -349.7722
[I](2020-03-13  06:24:54 pm)    U:      0.0041
[I](2020-03-13  06:24:54 pm)    V:     -0.0429
[I](2020-03-13  06:24:54 pm)    Z:     39.0681
[I](2020-03-13  06:24:54 pm)  * Angle
[I](2020-03-13  06:24:54 pm)    Ar:      0.1810,Kr:      0.0000
[I](2020-03-13  06:24:54 pm)    Taper_Ar:      0.0000
[I](2020-03-13  06:24:57 pm)작업중 정지 [d:0][t:00:00:02]
[I](2020-03-13  06:24:57 pm)    [LNo:0001] 000010/000070
[I](2020-03-13  06:24:57 pm)작업중 M코드정지 [d:0][t:00:00:02]
[I](2020-03-13  07:16:32 pm)작업중 정지 [d:52][t:00:51:37]
[I](2020-03-13  07:16:32 pm)    [LNo:0001] 000036/000070
[I](2020-03-13  07:16:32 pm)작업중 30sec 접촉 정지 [d:52][t:00:51:37]
[A](2020-03-13  07:21:12 pm)[053] Emergency Stop
[A](2020-03-13  07:21:13 pm)[005] READY Off(Alarm)
[I](2020-03-13  07:21:13 pm)    X:    362.6127
[I](2020-03-13  07:21:13 pm)    Y:   -385.4644
[I](2020-03-13  07:21:13 pm)    U:      0.0041
[I](2020-03-13  07:21:13 pm)    V:     -0.0429
[I](2020-03-13  07:21:13 pm)    Z:     39.0681
[I](2020-03-13  07:22:40 pm)Ready On
[I](2020-03-13  07:23:34 pm)작업 재시작
[I](2020-03-13  07:23:39 pm)작업중 정지 [d:52][t:00:58:44]
[I](2020-03-13  07:23:39 pm)    [LNo:0001] 000036/000070
[I](2020-03-13  07:23:39 pm)작업중 30sec 접촉 정지 [d:52][t:00:58:44]
[I](2020-03-13  07:24:21 pm)작업 재시작
[I](2020-03-13  07:24:35 pm)작업중 정지 [d:53][t:00:59:40]
[I](2020-03-13  07:24:35 pm)    [LNo:0001] 000037/000070
[I](2020-03-13  07:24:35 pm)작업중 M코드정지 [d:53][t:00:59:40]
[I](2020-03-13  07:24:58 pm)작업중 정지 [d:53][t:01:00:03]
[I](2020-03-13  07:24:58 pm)    [LNo:0001] 000039/000070
[I](2020-03-13  07:24:58 pm)작업중 M코드정지 [d:53][t:01:00:03]
[I](2020-03-13  07:35:54 pm)작업중 정지 [d:60][t:01:11:00]
[I](2020-03-13  07:35:54 pm)    [LNo:0001] 000065/000070
[I](2020-03-13  07:39:13 pm)Reset
[I](2020-03-13  07:39:14 pm)Reset
[I](2020-03-13  07:39:27 pm)Reset
[I](2020-03-13  07:39:27 pm)Reset
[I](2020-03-13  07:47:32 pm)Reset
[I](2020-03-13  07:47:37 pm)Reset
[I](2020-03-13  07:53:41 pm)Reset
[I](2020-03-13  07:53:42 pm)Reset
[I](2020-03-13  07:53:42 pm)Reset
[I](2020-03-13  07:54:11 pm)Reset
[I](2020-03-13  07:54:11 pm)Reset
[I](2020-03-13  07:56:20 pm)Reset
[I](2020-03-13  07:57:50 pm)Reset
[I](2020-03-13  07:57:51 pm)Reset
[I](2020-03-13  07:59:13 pm)Reset
[I](2020-03-13  07:59:13 pm)Reset
[I](2020-03-13  07:59:37 pm)Reset
[I](2020-03-13  07:59:37 pm)Reset
[I](2020-03-13  07:59:37 pm)Reset
[I](2020-03-13  08:00:26 pm)작업 시작 [Start d:693]
[I](2020-03-13  08:00:26 pm)Nc File: [No.0001-462.NC]
[I](2020-03-13  08:00:26 pm)  * Start Machine Position
[I](2020-03-13  08:00:26 pm)    X:    199.5097
[I](2020-03-13  08:00:26 pm)    Y:   -372.7319
[I](2020-03-13  08:00:26 pm)    U:     -0.0096
[I](2020-03-13  08:00:26 pm)    V:      0.1549
[I](2020-03-13  08:00:26 pm)    Z:     97.4426
[I](2020-03-13  08:00:26 pm)  * Angle
[I](2020-03-13  08:00:26 pm)    Ar:      0.2688,Kr:      0.0000
[I](2020-03-13  08:00:26 pm)    Taper_Ar:      0.0000
[I](2020-03-13  08:00:29 pm)작업중 정지 [d:0][t:00:00:03]
[I](2020-03-13  08:00:29 pm)    [LNo:0001] 000010/000074
[I](2020-03-13  08:00:29 pm)작업중 M코드정지 [d:0][t:00:00:03]
[I](2020-03-13  08:35:23 pm)작업중 정지 [d:34][t:00:34:56]
[I](2020-03-13  08:35:23 pm)    [LNo:0001] 000030/000074
[I](2020-03-13  08:35:23 pm)작업중 M코드정지 [d:34][t:00:34:57]
[I](2020-03-13  08:37:37 pm)작업중 정지 [d:34][t:00:37:10]
[I](2020-03-13  08:37:37 pm)    [LNo:0001] 000033/000074
[I](2020-03-13  08:37:37 pm)작업중 M코드정지 [d:34][t:00:37:10]
[I](2020-03-13  08:37:39 pm)작업중 정지 [d:34][t:00:37:12]
[I](2020-03-13  08:37:39 pm)    [LNo:0001] 000036/000074
[I](2020-03-13  08:37:41 pm)작업중 정지 [d:34][t:00:37:14]
[I](2020-03-13  08:37:41 pm)    [LNo:0001] 000036/000074
[I](2020-03-13  08:37:42 pm)작업중 정지 [d:34][t:00:37:15]
[I](2020-03-13  08:37:42 pm)    [LNo:0001] 000036/000074
[A](2020-03-13  08:37:42 pm)[010] 자동결선 Error(M21-절단실패)
[I](2020-03-13  08:38:00 pm)작업중 정지 [d:34][t:00:37:33]
[I](2020-03-13  08:38:00 pm)    [LNo:0001] 000044/000074
[I](2020-03-13  09:17:01 pm)작업중 정지 [d:73][t:01:16:35]
[I](2020-03-13  09:17:01 pm)    [LNo:0001] 000061/000074
[I](2020-03-13  09:17:01 pm)작업중 M코드정지 [d:73][t:01:16:35]
[I](2020-03-13  09:17:50 pm)작업중 정지 [d:73][t:01:17:23]
[I](2020-03-13  09:17:50 pm)    [LNo:0001] 000064/000074
[I](2020-03-13  09:17:50 pm)작업중 M코드정지 [d:73][t:01:17:23]
[I](2020-03-13  09:32:33 pm)Reset
[I](2020-03-13  09:32:33 pm)Reset
[I](2020-03-13  09:32:47 pm)Reset
[I](2020-03-13  09:32:47 pm)Reset
[A](2020-03-13  09:38:03 pm)[037] 자동결선 잔여 WIRE 처리 실패!!
[I](2020-03-13  09:43:25 pm)Reset
[I](2020-03-13  09:43:25 pm)Reset
[I](2020-03-13  09:47:18 pm)Reset
[I](2020-03-13  09:47:22 pm)Reset
[I](2020-03-13  09:47:23 pm)Reset
[I](2020-03-13  09:51:29 pm)Reset
[I](2020-03-13  09:53:17 pm)작업 시작 [Start d:766]
[I](2020-03-13  09:53:17 pm)Nc File: [No.0005-471.NC]
[I](2020-03-13  09:53:17 pm)  * Start Machine Position
[I](2020-03-13  09:53:17 pm)    X:    309.3390
[I](2020-03-13  09:53:17 pm)    Y:   -295.9316
[I](2020-03-13  09:53:17 pm)    U:      0.0000
[I](2020-03-13  09:53:17 pm)    V:      0.0000
[I](2020-03-13  09:53:17 pm)    Z:     43.9956
[I](2020-03-13  09:53:17 pm)  * Angle
[I](2020-03-13  09:53:17 pm)    Ar:     -0.4495,Kr:      0.0000
[I](2020-03-13  09:53:17 pm)    Taper_Ar:      0.0000
[I](2020-03-13  10:04:26 pm)작업중 정지 [d:11][t:00:11:08]
[I](2020-03-13  10:04:26 pm)    [LNo:0005] 000020/000140
[I](2020-03-13  10:04:26 pm)작업중 M코드정지 [d:11][t:00:11:08]
[I](2020-03-13  10:05:10 pm)작업중 정지 [d:11][t:00:11:52]
[I](2020-03-13  10:05:10 pm)    [LNo:0005] 000021/000140
[I](2020-03-13  10:05:31 pm)작업 재시작
[I](2020-03-13  10:05:38 pm)작업중 정지 [d:12][t:00:12:21]
[I](2020-03-13  10:05:38 pm)    [LNo:0005] 000023/000140
[I](2020-03-13  10:05:38 pm)작업중 M코드정지 [d:12][t:00:12:21]
[I](2020-03-13  10:27:32 pm)작업중 정지 [d:33][t:00:34:14]
[I](2020-03-13  10:27:32 pm)    [LNo:0005] 000045/000140
[I](2020-03-13  10:27:32 pm)작업중 M코드정지 [d:33][t:00:34:14]
[I](2020-03-13  10:28:57 pm)작업중 정지 [d:33][t:00:35:40]
[I](2020-03-13  10:28:57 pm)    [LNo:0005] 000046/000140
[I](2020-03-13  10:28:57 pm)작업중 30sec 접촉 정지 [d:33][t:00:35:40]
[I](2020-03-13  10:29:17 pm)작업 재시작
[I](2020-03-13  10:29:28 pm)작업중 정지 [d:33][t:00:36:10]
[I](2020-03-13  10:29:28 pm)    [LNo:0005] 000048/000140
[I](2020-03-13  10:29:28 pm)작업중 M코드정지 [d:33][t:00:36:10]
[I](2020-03-13  11:50:10 pm)작업중 정지 [d:112][t:01:56:53]
[I](2020-03-13  11:50:10 pm)    [LNo:0005] 000128/000140
[I](2020-03-13  11:50:11 pm)작업중 M코드정지 [d:112][t:01:56:53]
[I](2020-03-13  11:50:47 pm)작업중 정지 [d:112][t:01:57:30]
[I](2020-03-13  11:50:47 pm)    [LNo:0005] 000129/000140
[I](2020-03-13  11:50:47 pm)Wire Contact Auto Stop(M52)
[A](2020-03-13  11:51:11 pm)[084] Work Tank Fluid Sensor Abnormal
[A](2020-03-13  11:51:11 pm)[084] Work Tank Fluid Sensor Abnormal
[A](2020-03-13  11:51:12 pm)[084] Work Tank Fluid Sensor Abnormal
[A](2020-03-13  11:51:12 pm)[084] Work Tank Fluid Sensor Abnormal
[A](2020-03-13  11:51:12 pm)[084] Work Tank Fluid Sensor Abnormal
[A](2020-03-13  11:51:12 pm)[084] Work Tank Fluid Sensor Abnormal
[A](2020-03-13  11:51:13 pm)[084] Work Tank Fluid Sensor Abnormal
[A](2020-03-13  11:51:13 pm)[084] Work Tank Fluid Sensor Abnormal
[A](2020-03-13  11:51:13 pm)[084] Work Tank Fluid Sensor Abnormal
[A](2020-03-13  11:51:13 pm)[084] Work Tank Fluid Sensor Abnormal
[A](2020-03-13  11:51:13 pm)[084] Work Tank Fluid Sensor Abnormal
[A](2020-03-13  11:51:14 pm)[084] Work Tank Fluid Sensor Abnormal
[A](2020-03-13  11:51:14 pm)[084] Work Tank Fluid Sensor Abnormal
[A](2020-03-13  11:51:14 pm)[084] Work Tank Fluid Sensor Abnormal
[A](2020-03-13  11:51:15 pm)[084] Work Tank Fluid Sensor Abnormal
[A](2020-03-13  11:51:15 pm)[084] Work Tank Fluid Sensor Abnormal
[A](2020-03-13  11:51:15 pm)[084] Work Tank Fluid Sensor Abnormal
[A](2020-03-13  11:51:16 pm)[084] Work Tank Fluid Sensor Abnormal
[A](2020-03-13  11:51:16 pm)[084] Work Tank Fluid Sensor Abnormal
[I](2020-03-13  11:54:16 pm)Reset
[I](2020-03-13  11:54:21 pm)Reset
[I](2020-03-13  11:56:51 pm)Reset
[I](2020-03-13  11:59:29 pm)Reset
