[I](2020-10-24  12:29:28 am)작업중 정지 [d:49][t:00:53:27]
[I](2020-10-24  12:29:28 am)    [LNo:0010] 000052/000120
[I](2020-10-24  12:29:28 am)Wire Contact Auto Stop(M52)
[I](2020-10-24  12:29:39 am)작업 재시작
[I](2020-10-24  12:29:43 am)작업중 정지 [d:50][t:00:53:42]
[I](2020-10-24  12:29:43 am)    [LNo:0010] 000053/000120
[I](2020-10-24  12:29:43 am)작업중 M코드정지 [d:50][t:00:53:42]
[I](2020-10-24  12:30:29 am)작업중 정지 [d:50][t:00:54:28]
[I](2020-10-24  12:30:29 am)    [LNo:0010] 000057/000120
[I](2020-10-24  12:30:30 am)작업중 M코드정지 [d:50][t:00:54:29]
[I](2020-10-24  01:21:56 am)작업중 정지 [d:100][t:01:45:54]
[I](2020-10-24  01:21:56 am)    [LNo:0010] 000106/000120
[I](2020-10-24  01:21:56 am)작업중 M코드정지 [d:100][t:01:45:54]
[I](2020-10-24  01:27:34 am)작업중 정지 [d:100][t:01:51:33]
[I](2020-10-24  01:27:34 am)    [LNo:0010] 000110/000120
[I](2020-10-24  01:27:34 am)작업중 M코드정지 [d:100][t:01:51:33]
[I](2020-10-24  01:57:57 am)Reset
[I](2020-10-24  01:57:57 am)Reset
[I](2020-10-24  01:58:08 am)Reset
[I](2020-10-24  01:58:08 am)Reset
[I](2020-10-24  02:13:04 am)Reset
[I](2020-10-24  02:15:56 am)Reset
[I](2020-10-24  02:15:56 am)Reset
[I](2020-10-24  02:16:48 am)작업 시작 [Start d:945]
[I](2020-10-24  02:16:48 am)Nc File: [No.0011-417.NC]
[I](2020-10-24  02:16:48 am)  * Start Machine Position
[I](2020-10-24  02:16:48 am)    X:    371.5478
[I](2020-10-24  02:16:48 am)    Y:   -388.8738
[I](2020-10-24  02:16:48 am)    U:      0.0000
[I](2020-10-24  02:16:48 am)    V:      0.0000
[I](2020-10-24  02:16:48 am)    Z:     15.5819
[I](2020-10-24  02:16:48 am)  * Angle
[I](2020-10-24  02:16:48 am)    Ar:      0.2473,Kr:      0.0000
[I](2020-10-24  02:16:48 am)    Taper_Ar:      0.0000
[I](2020-10-24  02:16:58 am)작업중 정지 [d:0][t:00:00:10]
[I](2020-10-24  02:16:58 am)    [LNo:0011] 000010/000120
[I](2020-10-24  02:16:58 am)작업중 M코드정지 [d:0][t:00:00:10]
[I](2020-10-24  03:11:30 am)작업중 정지 [d:48][t:00:54:42]
[I](2020-10-24  03:11:30 am)    [LNo:0011] 000053/000120
[I](2020-10-24  03:11:30 am)작업중 M코드정지 [d:48][t:00:54:42]
[I](2020-10-24  03:15:05 am)작업중 정지 [d:48][t:00:58:17]
[I](2020-10-24  03:15:05 am)    [LNo:0011] 000057/000120
[I](2020-10-24  03:15:05 am)작업중 M코드정지 [d:48][t:00:58:17]
[I](2020-10-24  04:04:33 am)작업중 정지 [d:95][t:01:47:44]
[I](2020-10-24  04:04:33 am)    [LNo:0011] 000106/000120
[I](2020-10-24  04:04:33 am)작업중 M코드정지 [d:95][t:01:47:44]
[I](2020-10-24  04:05:09 am)작업중 정지 [d:95][t:01:48:21]
[I](2020-10-24  04:05:09 am)    [LNo:0011] 000110/000120
[I](2020-10-24  04:05:10 am)작업중 M코드정지 [d:95][t:01:48:21]
[I](2020-10-24  04:07:50 am)Reset
[I](2020-10-24  04:08:02 am)Reset
[A](2020-10-24  04:08:26 am)[053] Emergency Stop
[A](2020-10-24  04:08:26 am)[005] READY Off(Alarm)
[I](2020-10-24  04:08:26 am)    X:    299.1985
[I](2020-10-24  04:08:26 am)    Y:   -106.1437
[I](2020-10-24  04:08:26 am)    U:      0.0000
[I](2020-10-24  04:08:26 am)    V:      0.0000
[I](2020-10-24  04:08:26 am)    Z:    115.5819
[I](2020-10-24  08:45:33 am)Reset
[I](2020-10-24  08:45:34 am)Ready On
[I](2020-10-24  08:45:40 am)Reset
[I](2020-10-24  09:12:31 am)Reset
[I](2020-10-24  09:14:55 am)Reset
[I](2020-10-24  09:14:56 am)Reset
[I](2020-10-24  09:15:00 am)Reset
[I](2020-10-24  09:21:23 am)Reset
[I](2020-10-24  09:22:33 am)Reset
[I](2020-10-24  09:24:15 am)Reset
[I](2020-10-24  09:24:40 am)Reset
[I](2020-10-24  09:24:57 am)Reset
[I](2020-10-24  09:24:58 am)Reset
[I](2020-10-24  09:25:14 am)Reset
[I](2020-10-24  09:25:31 am)Reset
[I](2020-10-24  09:25:40 am)Reset
[I](2020-10-24  09:28:21 am)작업 시작 [Start d:1040]
[I](2020-10-24  09:28:21 am)Nc File: [No.0012-428.NC]
[I](2020-10-24  09:28:21 am)  * Start Machine Position
[I](2020-10-24  09:28:21 am)    X:     31.1059
[I](2020-10-24  09:28:21 am)    Y:   -309.9570
[I](2020-10-24  09:28:21 am)    U:      0.0000
[I](2020-10-24  09:28:21 am)    V:      0.0000
[I](2020-10-24  09:28:21 am)    Z:     55.6884
[I](2020-10-24  09:28:21 am)  * Angle
[I](2020-10-24  09:28:21 am)    Ar:      0.3736,Kr:      0.0000
[I](2020-10-24  09:28:21 am)    Taper_Ar:      0.0000
[I](2020-10-24  09:28:24 am)작업중 정지 [d:0][t:00:00:02]
[I](2020-10-24  09:28:24 am)    [LNo:0012] 000010/000042
[I](2020-10-24  09:28:24 am)작업중 M코드정지 [d:0][t:00:00:02]
[I](2020-10-24  10:06:00 am)작업중 정지 [d:-1002][t:00:37:39]
[I](2020-10-24  10:06:00 am)    [LNo:0012] 000029/000042
[I](2020-10-24  10:06:00 am)작업중 M코드정지 [d:-1002][t:00:37:39]
[A](2020-10-24  10:06:35 am)[037] 자동결선 잔여 WIRE 처리 실패!!
[I](2020-10-24  10:16:31 am)Reset
[I](2020-10-24  10:16:41 am)Reset
[I](2020-10-24  10:16:41 am)Reset
[I](2020-10-24  10:16:48 am)Reset
[I](2020-10-24  10:16:49 am)Reset
[I](2020-10-24  10:32:57 am)Reset
[I](2020-10-24  10:34:51 am)Reset
[I](2020-10-24  10:36:47 am)Reset
[I](2020-10-24  10:36:57 am)Reset
[I](2020-10-24  10:37:31 am)Reset
[I](2020-10-24  10:37:40 am)Reset
[I](2020-10-24  10:40:16 am)작업 시작 [Start d:38]
[I](2020-10-24  10:40:16 am)Nc File: [No.0013-429.NC]
[I](2020-10-24  10:40:16 am)  * Start Machine Position
[I](2020-10-24  10:40:16 am)    X:    146.7870
[I](2020-10-24  10:40:16 am)    Y:   -385.9816
[I](2020-10-24  10:40:16 am)    U:      0.0136
[I](2020-10-24  10:40:16 am)    V:      1.3299
[I](2020-10-24  10:40:16 am)    Z:     38.6879
[I](2020-10-24  10:40:16 am)  * Angle
[I](2020-10-24  10:40:16 am)    Ar:     -0.5897,Kr:      0.0000
[I](2020-10-24  10:40:16 am)    Taper_Ar:      0.0000
[I](2020-10-24  10:40:19 am)작업중 정지 [d:0][t:00:00:02]
[I](2020-10-24  10:40:19 am)    [LNo:0013] 000010/000062
[I](2020-10-24  10:40:19 am)작업중 M코드정지 [d:0][t:00:00:02]
[I](2020-10-24  11:06:40 am)작업중 정지 [d:27][t:00:26:23]
[I](2020-10-24  11:06:40 am)    [LNo:0013] 000029/000062
[I](2020-10-24  11:06:40 am)작업중 30sec 접촉 정지 [d:27][t:00:26:23]
[I](2020-10-24  11:07:32 am)작업 재시작
[I](2020-10-24  11:07:42 am)작업중 정지 [d:28][t:00:27:25]
[I](2020-10-24  11:07:42 am)    [LNo:0013] 000030/000062
[I](2020-10-24  11:07:42 am)작업중 M코드정지 [d:28][t:00:27:25]
[I](2020-10-24  11:07:53 am)작업중 정지 [d:28][t:00:27:36]
[I](2020-10-24  11:07:53 am)    [LNo:0013] 000032/000062
[I](2020-10-24  11:07:53 am)작업중 M코드정지 [d:28][t:00:27:36]
[I](2020-10-24  11:12:48 am)작업중 정지 [d:33][t:00:32:31]
[I](2020-10-24  11:12:48 am)    [LNo:0013] 000054/000062
[I](2020-10-24  11:12:48 am)작업중 M코드정지 [d:33][t:00:32:31]
[I](2020-10-24  11:15:04 am)Reset
[I](2020-10-24  11:15:11 am)Reset
[I](2020-10-24  11:45:10 am)Reset
[I](2020-10-24  11:46:12 am)Reset
[A](2020-10-24  11:46:25 am)[001] 와이어 미동작
[I](2020-10-24  11:46:59 am)Reset
[I](2020-10-24  11:47:45 am)Reset
[I](2020-10-24  11:47:58 am)Reset
[I](2020-10-24  11:48:33 am)Reset
[I](2020-10-24  11:48:40 am)Reset
[I](2020-10-24  11:51:01 am)작업 시작 [Start d:71]
[I](2020-10-24  11:51:01 am)Nc File: [No.0014-430.NC]
[I](2020-10-24  11:51:01 am)  * Start Machine Position
[I](2020-10-24  11:51:01 am)    X:     70.5682
[I](2020-10-24  11:51:01 am)    Y:   -344.2371
[I](2020-10-24  11:51:01 am)    U:      0.0000
[I](2020-10-24  11:51:01 am)    V:     -0.0299
[I](2020-10-24  11:51:01 am)    Z:     62.1339
[I](2020-10-24  11:51:01 am)  * Angle
[I](2020-10-24  11:51:01 am)    Ar:     -0.0223,Kr:      0.0000
[I](2020-10-24  11:51:01 am)    Taper_Ar:      0.0000
[I](2020-10-24  11:51:06 am)작업중 정지 [d:0][t:00:00:04]
[I](2020-10-24  11:51:06 am)    [LNo:0014] 000010/000121
[I](2020-10-24  11:51:06 am)작업중 M코드정지 [d:0][t:00:00:04]
[I](2020-10-24  11:51:16 am)작업중 정지 [d:-71][t:00:00:15]
[I](2020-10-24  11:51:16 am)    [LNo:0014] 000012/000121
[I](2020-10-24  11:51:16 am)작업중 M코드정지 [d:-71][t:00:00:15]
[I](2020-10-24  11:51:20 am)작업중 정지 [d:-71][t:00:00:18]
[I](2020-10-24  11:51:20 am)    [LNo:0014] 000014/000121
[I](2020-10-24  11:51:20 am)작업중 M코드정지 [d:-71][t:00:00:18]
[I](2020-10-24  12:55:59 pm)작업중 정지 [d:-6][t:01:04:58]
[I](2020-10-24  12:55:59 pm)    [LNo:0014] 000045/000121
[I](2020-10-24  12:55:59 pm)작업중 M코드정지 [d:-6][t:01:04:58]
[I](2020-10-24  12:57:29 pm)작업중 정지 [d:-6][t:01:06:28]
[I](2020-10-24  12:57:29 pm)    [LNo:0014] 000046/000121
[I](2020-10-24  12:57:29 pm)Wire Contact Auto Stop(M52)
[I](2020-10-24  12:57:33 pm)작업 재시작
[I](2020-10-24  12:57:43 pm)작업중 정지 [d:-5][t:01:06:42]
[I](2020-10-24  12:57:43 pm)    [LNo:0014] 000047/000121
[I](2020-10-24  12:57:43 pm)작업중 M코드정지 [d:-5][t:01:06:42]
[I](2020-10-24  01:11:24 pm)작업중 정지 [d:8][t:01:20:22]
[I](2020-10-24  01:11:24 pm)    [LNo:0014] 000113/000121
[I](2020-10-24  01:11:24 pm)작업중 M코드정지 [d:8][t:01:20:22]
[I](2020-10-24  01:30:02 pm)Reset
[I](2020-10-24  01:30:39 pm)Reset
[I](2020-10-24  01:32:26 pm)Reset
[I](2020-10-24  01:33:18 pm)Reset
[I](2020-10-24  01:33:28 pm)Reset
[I](2020-10-24  01:34:44 pm)Reset
[I](2020-10-24  01:34:55 pm)Reset
[I](2020-10-24  01:34:57 pm)Reset
[I](2020-10-24  01:37:30 pm)작업 시작 [Start d:79]
[I](2020-10-24  01:37:30 pm)Nc File: [No.0014-430.NC]
[I](2020-10-24  01:37:30 pm)  * Start Machine Position
[I](2020-10-24  01:37:30 pm)    X:     70.5570
[I](2020-10-24  01:37:30 pm)    Y:   -344.2312
[I](2020-10-24  01:37:30 pm)    U:      0.0999
[I](2020-10-24  01:37:30 pm)    V:     -0.0299
[I](2020-10-24  01:37:30 pm)    Z:     62.1339
[I](2020-10-24  01:37:30 pm)  * Angle
[I](2020-10-24  01:37:30 pm)    Ar:      0.0119,Kr:      0.0000
[I](2020-10-24  01:37:30 pm)    Taper_Ar:      0.0000
[I](2020-10-24  01:37:35 pm)작업중 정지 [d:0][t:00:00:04]
[I](2020-10-24  01:37:35 pm)    [LNo:0014] 000010/000121
[I](2020-10-24  01:37:35 pm)작업중 M코드정지 [d:0][t:00:00:04]
[I](2020-10-24  01:37:41 pm)작업중 정지 [d:0][t:00:00:11]
[I](2020-10-24  01:37:41 pm)    [LNo:0014] 000012/000121
[I](2020-10-24  01:37:41 pm)작업중 M코드정지 [d:0][t:00:00:11]
[I](2020-10-24  01:37:44 pm)작업중 정지 [d:0][t:00:00:14]
[I](2020-10-24  01:37:44 pm)    [LNo:0014] 000014/000121
[I](2020-10-24  01:37:44 pm)작업중 M코드정지 [d:0][t:00:00:14]
[I](2020-10-24  02:48:17 pm)작업중 정지 [d:70][t:01:10:47]
[I](2020-10-24  02:48:17 pm)    [LNo:0014] 000045/000121
[I](2020-10-24  02:48:17 pm)작업중 M코드정지 [d:70][t:01:10:47]
[I](2020-10-24  02:50:52 pm)작업중 정지 [d:70][t:01:13:21]
[I](2020-10-24  02:50:52 pm)    [LNo:0014] 000047/000121
[I](2020-10-24  02:50:52 pm)작업중 M코드정지 [d:70][t:01:13:22]
[I](2020-10-24  03:04:00 pm)작업중 정지 [d:83][t:01:26:29]
[I](2020-10-24  03:04:00 pm)    [LNo:0014] 000113/000121
[I](2020-10-24  03:04:00 pm)작업중 M코드정지 [d:83][t:01:26:30]
[I](2020-10-24  03:45:28 pm)Reset
[A](2020-10-24  03:45:35 pm)[053] Emergency Stop
[A](2020-10-24  03:45:36 pm)[005] READY Off(Alarm)
[I](2020-10-24  03:45:36 pm)    X:    248.1279
[I](2020-10-24  03:45:36 pm)    Y:   -204.4304
[I](2020-10-24  03:45:36 pm)    U:      0.0000
[I](2020-10-24  03:45:36 pm)    V:      0.0000
[I](2020-10-24  03:45:36 pm)    Z:     80.4214
