[I](2020-09-22  12:24:14 am)작업중 정지 [d:236][t:04:31:51]
[I](2020-09-22  12:24:14 am)    [LNo:0005] 000327/001583
[I](2020-09-22  12:24:14 am)작업중 M코드정지 [d:236][t:04:31:52]
[I](2020-09-22  12:25:41 am)작업중 정지 [d:236][t:04:33:18]
[I](2020-09-22  12:25:41 am)    [LNo:0005] 000329/001583
[I](2020-09-22  12:25:41 am)작업중 M코드정지 [d:236][t:04:33:18]
[I](2020-09-22  12:53:57 am)작업중 정지 [d:262][t:05:01:34]
[I](2020-09-22  12:53:57 am)    [LNo:0005] 000367/001583
[I](2020-09-22  12:53:57 am)작업중 M코드정지 [d:262][t:05:01:35]
[I](2020-09-22  12:56:58 am)작업중 정지 [d:262][t:05:04:36]
[I](2020-09-22  12:56:58 am)    [LNo:0005] 000369/001583
[I](2020-09-22  12:56:59 am)작업중 M코드정지 [d:262][t:05:04:36]
[I](2020-09-22  02:13:09 am)작업중 정지 [d:337][t:06:20:46]
[I](2020-09-22  02:13:09 am)    [LNo:0005] 000439/001583
[I](2020-09-22  02:14:03 am)작업 재시작
[I](2020-09-22  02:14:11 am)작업중 정지 [d:337][t:06:21:48]
[I](2020-09-22  02:14:11 am)    [LNo:0005] 000441/001583
[I](2020-09-22  02:14:11 am)작업중 M코드정지 [d:337][t:06:21:48]
[I](2020-09-22  02:14:27 am)작업중 정지 [d:337][t:06:22:04]
[I](2020-09-22  02:14:27 am)    [LNo:0005] 000443/001583
[I](2020-09-22  02:14:27 am)작업중 M코드정지 [d:337][t:06:22:04]
[I](2020-09-22  03:56:15 am)작업중 정지 [d:437][t:08:03:52]
[I](2020-09-22  03:56:15 am)    [LNo:0005] 000545/001583
[I](2020-09-22  03:56:15 am)작업중 M코드정지 [d:437][t:08:03:52]
[I](2020-09-22  03:56:59 am)작업중 정지 [d:437][t:08:04:36]
[I](2020-09-22  03:56:59 am)    [LNo:0005] 000547/001583
[I](2020-09-22  03:57:41 am)작업 재시작
[I](2020-09-22  03:57:45 am)작업중 정지 [d:437][t:08:05:22]
[I](2020-09-22  03:57:45 am)    [LNo:0005] 000549/001583
[I](2020-09-22  03:57:45 am)작업중 M코드정지 [d:437][t:08:05:22]
[I](2020-09-22  04:23:38 am)작업중 정지 [d:461][t:08:31:15]
[I](2020-09-22  04:23:38 am)    [LNo:0005] 000605/001583
[I](2020-09-22  04:23:38 am)작업중 M코드정지 [d:461][t:08:31:15]
[I](2020-09-22  04:23:58 am)작업중 정지 [d:461][t:08:31:35]
[I](2020-09-22  04:23:58 am)    [LNo:0005] 000607/001583
[I](2020-09-22  04:23:58 am)작업중 M코드정지 [d:461][t:08:31:35]
[I](2020-09-22  04:41:36 am)작업중 정지 [d:477][t:08:49:13]
[I](2020-09-22  04:41:36 am)    [LNo:0005] 000631/001583
[I](2020-09-22  04:41:36 am)작업중 M코드정지 [d:477][t:08:49:13]
[I](2020-09-22  04:42:39 am)작업중 정지 [d:477][t:08:50:17]
[I](2020-09-22  04:42:39 am)    [LNo:0005] 000633/001583
[I](2020-09-22  04:43:13 am)작업 재시작
[I](2020-09-22  04:43:17 am)작업중 정지 [d:477][t:08:50:55]
[I](2020-09-22  04:43:17 am)    [LNo:0005] 000635/001583
[I](2020-09-22  04:43:18 am)작업중 M코드정지 [d:477][t:08:50:55]
[I](2020-09-22  04:52:04 am)작업중 정지 [d:484][t:08:59:41]
[I](2020-09-22  04:52:04 am)    [LNo:0005] 000657/001583
[I](2020-09-22  04:52:04 am)작업중 M코드정지 [d:484][t:08:59:41]
[I](2020-09-22  04:56:54 am)작업중 정지 [d:484][t:09:04:31]
[I](2020-09-22  04:56:54 am)    [LNo:0005] 000658/001583
[I](2020-09-22  04:57:55 am)작업 재시작
[I](2020-09-22  04:57:59 am)작업중 정지 [d:484][t:09:05:36]
[I](2020-09-22  04:57:59 am)    [LNo:0005] 000660/001583
[I](2020-09-22  04:57:59 am)작업중 M코드정지 [d:484][t:09:05:36]
[I](2020-09-22  05:03:20 am)작업중 정지 [d:488][t:09:10:58]
[I](2020-09-22  05:03:20 am)    [LNo:0005] 000684/001583
[I](2020-09-22  05:03:20 am)작업중 M코드정지 [d:488][t:09:10:58]
[I](2020-09-22  05:03:38 am)작업중 정지 [d:488][t:09:11:15]
[I](2020-09-22  05:03:38 am)    [LNo:0005] 000686/001583
[I](2020-09-22  05:04:24 am)작업 재시작
[I](2020-09-22  05:04:28 am)작업중 정지 [d:488][t:09:12:05]
[I](2020-09-22  05:04:28 am)    [LNo:0005] 000686/001583
[I](2020-09-22  05:04:57 am)작업 재시작
[I](2020-09-22  05:05:01 am)작업중 정지 [d:488][t:09:12:38]
[I](2020-09-22  05:05:01 am)    [LNo:0005] 000688/001583
[I](2020-09-22  05:05:01 am)작업중 M코드정지 [d:488][t:09:12:38]
[I](2020-09-22  05:16:17 am)작업중 정지 [d:492][t:09:23:54]
[I](2020-09-22  05:16:17 am)    [LNo:0005] 000712/001583
[I](2020-09-22  05:16:17 am)작업중 M코드정지 [d:492][t:09:23:54]
[I](2020-09-22  05:16:41 am)작업중 정지 [d:492][t:09:24:19]
[I](2020-09-22  05:16:41 am)    [LNo:0005] 000714/001583
[I](2020-09-22  05:17:10 am)작업 재시작
[I](2020-09-22  05:17:14 am)작업중 정지 [d:492][t:09:24:51]
[I](2020-09-22  05:17:14 am)    [LNo:0005] 000716/001583
[I](2020-09-22  05:17:14 am)작업중 M코드정지 [d:492][t:09:24:51]
[I](2020-09-22  05:40:54 am)작업중 정지 [d:515][t:09:48:31]
[I](2020-09-22  05:40:54 am)    [LNo:0005] 000765/001583
[I](2020-09-22  05:40:54 am)작업중 M코드정지 [d:515][t:09:48:31]
[I](2020-09-22  05:44:43 am)작업중 정지 [d:515][t:09:52:20]
[I](2020-09-22  05:44:43 am)    [LNo:0005] 000767/001583
[I](2020-09-22  05:44:43 am)작업중 M코드정지 [d:515][t:09:52:20]
[I](2020-09-22  06:10:47 am)작업중 정지 [d:540][t:10:18:24]
[I](2020-09-22  06:10:47 am)    [LNo:0005] 000814/001583
[I](2020-09-22  06:10:47 am)작업중 M코드정지 [d:540][t:10:18:24]
[I](2020-09-22  06:11:34 am)작업중 정지 [d:540][t:10:19:11]
[I](2020-09-22  06:11:34 am)    [LNo:0005] 000816/001583
[I](2020-09-22  06:11:34 am)작업중 M코드정지 [d:540][t:10:19:11]
[I](2020-09-22  06:31:15 am)작업중 정지 [d:558][t:10:38:52]
[I](2020-09-22  06:31:15 am)    [LNo:0005] 000841/001583
[I](2020-09-22  06:31:15 am)작업중 M코드정지 [d:558][t:10:38:52]
[I](2020-09-22  06:38:11 am)작업중 정지 [d:558][t:10:45:48]
[I](2020-09-22  06:38:11 am)    [LNo:0005] 000844/001583
[I](2020-09-22  06:38:11 am)작업중 M코드정지 [d:558][t:10:45:48]
[I](2020-09-22  06:50:29 am)작업중 정지 [d:568][t:10:58:06]
[I](2020-09-22  06:50:29 am)    [LNo:0005] 000868/001583
[I](2020-09-22  06:50:29 am)작업중 M코드정지 [d:568][t:10:58:06]
[I](2020-09-22  06:50:49 am)작업중 정지 [d:569][t:10:58:26]
[I](2020-09-22  06:50:49 am)    [LNo:0005] 000870/001583
[I](2020-09-22  06:51:17 am)작업 재시작
[I](2020-09-22  06:51:21 am)작업중 정지 [d:569][t:10:58:58]
[I](2020-09-22  06:51:21 am)    [LNo:0005] 000872/001583
[I](2020-09-22  06:51:21 am)작업중 M코드정지 [d:569][t:10:58:58]
[I](2020-09-22  07:11:16 am)작업중 정지 [d:587][t:11:18:53]
[I](2020-09-22  07:11:16 am)    [LNo:0005] 000897/001583
[I](2020-09-22  07:11:16 am)작업중 M코드정지 [d:587][t:11:18:53]
[I](2020-09-22  07:16:44 am)작업중 정지 [d:587][t:11:24:21]
[I](2020-09-22  07:16:44 am)    [LNo:0005] 000900/001583
[I](2020-09-22  07:16:44 am)작업중 M코드정지 [d:587][t:11:24:21]
[I](2020-09-22  07:30:55 am)작업중 정지 [d:599][t:11:38:32]
[I](2020-09-22  07:30:55 am)    [LNo:0005] 000924/001583
[I](2020-09-22  07:30:55 am)작업중 M코드정지 [d:599][t:11:38:32]
[I](2020-09-22  07:34:35 am)작업중 정지 [d:599][t:11:42:12]
[I](2020-09-22  07:34:35 am)    [LNo:0005] 000926/001583
[I](2020-09-22  07:35:05 am)작업 재시작
[I](2020-09-22  07:35:09 am)작업중 정지 [d:599][t:11:42:46]
[I](2020-09-22  07:35:09 am)    [LNo:0005] 000928/001583
[I](2020-09-22  07:35:09 am)작업중 M코드정지 [d:599][t:11:42:46]
[I](2020-09-22  07:38:00 am)작업중 정지 [d:600][t:11:45:37]
[I](2020-09-22  07:38:00 am)    [LNo:0005] 000948/001583
[I](2020-09-22  07:38:00 am)작업중 30sec 접촉 정지 [d:600][t:11:45:37]
[I](2020-09-22  07:38:17 am)작업 재시작
[I](2020-09-22  07:57:37 am)작업중 정지 [d:619][t:12:05:14]
[I](2020-09-22  07:57:37 am)    [LNo:0005] 000953/001583
[I](2020-09-22  07:57:37 am)작업중 M코드정지 [d:619][t:12:05:14]
[I](2020-09-22  07:58:38 am)작업중 정지 [d:619][t:12:06:16]
[I](2020-09-22  07:58:38 am)    [LNo:0005] 000956/001583
[I](2020-09-22  07:58:39 am)작업중 M코드정지 [d:619][t:12:06:16]
[I](2020-09-22  08:02:09 am)작업중 정지 [d:620][t:12:09:46]
[I](2020-09-22  08:02:09 am)    [LNo:0005] 000975/001583
[I](2020-09-22  08:02:09 am)작업중 30sec 접촉 정지 [d:620][t:12:09:46]
[I](2020-09-22  08:03:11 am)작업 재시작
[I](2020-09-22  08:20:36 am)작업중 정지 [d:637][t:12:28:13]
[I](2020-09-22  08:20:36 am)    [LNo:0005] 000981/001583
[I](2020-09-22  08:20:36 am)작업중 M코드정지 [d:637][t:12:28:13]
[I](2020-09-22  08:21:01 am)작업중 정지 [d:637][t:12:28:38]
[I](2020-09-22  08:21:01 am)    [LNo:0005] 000984/001583
[I](2020-09-22  08:21:01 am)작업중 M코드정지 [d:637][t:12:28:38]
[I](2020-09-22  08:22:29 am)작업중 정지 [d:637][t:12:30:06]
[I](2020-09-22  08:22:29 am)    [LNo:0005] 000990/001583
[I](2020-09-22  08:22:29 am)작업중 M코드정지 [d:637][t:12:30:06]
[I](2020-09-22  08:34:16 am)작업중 정지 [d:643][t:12:41:53]
[I](2020-09-22  08:34:16 am)    [LNo:0005] 001023/001583
[I](2020-09-22  08:34:16 am)작업중 M코드정지 [d:643][t:12:41:53]
[I](2020-09-22  09:01:03 am)작업중 정지 [d:660][t:13:08:40]
[I](2020-09-22  09:01:03 am)    [LNo:0005] 001080/001583
[I](2020-09-22  09:01:03 am)작업중 M코드정지 [d:660][t:13:08:40]
[I](2020-09-22  09:22:31 am)작업중 정지 [d:679][t:13:30:08]
[I](2020-09-22  09:22:31 am)    [LNo:0005] 001164/001583
[I](2020-09-22  09:22:31 am)작업중 30sec 접촉 정지 [d:679][t:13:30:08]
[I](2020-09-22  09:23:11 am)작업 재시작
[I](2020-09-22  09:23:22 am)작업중 정지 [d:679][t:13:30:59]
[I](2020-09-22  09:23:22 am)    [LNo:0005] 001165/001583
[I](2020-09-22  09:23:22 am)작업중 30sec 접촉 정지 [d:679][t:13:30:59]
[I](2020-09-22  09:23:37 am)작업 재시작
[I](2020-09-22  09:23:54 am)작업중 정지 [d:680][t:13:31:31]
[I](2020-09-22  09:23:54 am)    [LNo:0005] 001169/001583
[I](2020-09-22  09:23:54 am)작업중 M코드정지 [d:680][t:13:31:31]
[I](2020-09-22  09:27:02 am)작업중 정지 [d:680][t:13:34:39]
[I](2020-09-22  09:27:02 am)    [LNo:0005] 001086/001583
[I](2020-09-22  09:31:41 am)작업중 정지 [d:684][t:13:39:18]
[I](2020-09-22  09:31:41 am)    [LNo:0005] 001169/001583
[I](2020-09-22  09:31:41 am)작업중 M코드정지 [d:684][t:13:39:18]
[I](2020-09-22  09:39:09 am)작업중 정지 [d:690][t:13:46:46]
[I](2020-09-22  09:39:09 am)    [LNo:0005] 001212/001583
[I](2020-09-22  09:39:09 am)작업중 M코드정지 [d:690][t:13:46:46]
[A](2020-09-22  09:40:24 am)[036] 자동결선 절단 공정 실패!!
[I](2020-09-22  09:53:01 am)작업중 정지 [d:690][t:14:00:38]
[I](2020-09-22  09:53:01 am)    [LNo:0005] 001216/001583
[I](2020-09-22  09:53:21 am)작업중 정지 [d:690][t:14:00:58]
[I](2020-09-22  09:53:21 am)    [LNo:0005] 001175/001583
[I](2020-09-22  09:55:01 am)작업중 정지 [d:692][t:14:02:38]
[I](2020-09-22  09:55:01 am)    [LNo:0005] 001213/001583
[I](2020-09-22  09:55:01 am)작업중 M코드정지 [d:692][t:14:02:38]
[I](2020-09-22  10:09:40 am)작업중 정지 [d:700][t:14:17:17]
[I](2020-09-22  10:09:40 am)    [LNo:0005] 001299/001583
[I](2020-09-22  10:11:05 am)Reset
[I](2020-09-22  10:11:06 am)Reset
[I](2020-09-22  10:11:14 am)작업 시작 [Start d:700]
[I](2020-09-22  10:11:14 am)Nc File: [No.0005-331.NC]
[I](2020-09-22  10:11:14 am)  * Start Machine Position
[I](2020-09-22  10:11:14 am)    X:    356.5384
[I](2020-09-22  10:11:14 am)    Y:   -388.9483
[I](2020-09-22  10:11:14 am)    U:      0.0000
[I](2020-09-22  10:11:14 am)    V:      0.0000
[I](2020-09-22  10:11:14 am)    Z:     35.4891
[I](2020-09-22  10:11:14 am)  * Angle
[I](2020-09-22  10:11:14 am)    Ar:      0.0838,Kr:      0.0000
[I](2020-09-22  10:11:14 am)    Taper_Ar:      0.0000
[I](2020-09-22  10:12:03 am)작업중 정지 [d:0][t:00:00:49]
[I](2020-09-22  10:12:03 am)    [LNo:0005] 000669/001583
[I](2020-09-22  10:12:05 am)Reset
[I](2020-09-22  10:12:05 am)Reset
[I](2020-09-22  10:12:16 am)작업 시작 [Start d:700]
[I](2020-09-22  10:12:16 am)Nc File: [No.0005-331.NC]
[I](2020-09-22  10:12:16 am)  * Start Machine Position
[I](2020-09-22  10:12:16 am)    X:    557.7816
[I](2020-09-22  10:12:16 am)    Y:   -287.1039
[I](2020-09-22  10:12:16 am)    U:      0.0000
[I](2020-09-22  10:12:16 am)    V:      0.0000
[I](2020-09-22  10:12:16 am)    Z:     35.4891
[I](2020-09-22  10:12:16 am)  * Angle
[I](2020-09-22  10:12:16 am)    Ar:      0.0838,Kr:      0.0000
[I](2020-09-22  10:12:16 am)    Taper_Ar:      0.0000
[I](2020-09-22  10:13:08 am)작업중 정지 [d:1][t:00:00:52]
[I](2020-09-22  10:13:08 am)    [LNo:0005] 001277/001583
[I](2020-09-22  10:39:13 am)작업중 정지 [d:22][t:00:26:56]
[I](2020-09-22  10:39:13 am)    [LNo:0005] 001440/001583
[I](2020-09-22  10:48:07 am)작업중 정지 [d:29][t:00:35:50]
[I](2020-09-22  10:48:07 am)    [LNo:0005] 001474/001583
[I](2020-09-22  10:48:07 am)작업중 30sec 접촉 정지 [d:29][t:00:35:50]
[I](2020-09-22  10:50:05 am)작업 재시작
[I](2020-09-22  10:50:10 am)작업중 정지 [d:29][t:00:37:53]
[I](2020-09-22  10:50:10 am)    [LNo:0005] 001474/001583
[I](2020-09-22  10:50:10 am)작업중 30sec 접촉 정지 [d:29][t:00:37:53]
[I](2020-09-22  10:50:48 am)작업 재시작
[I](2020-09-22  10:51:32 am)작업중 정지 [d:29][t:00:39:15]
[I](2020-09-22  10:51:32 am)    [LNo:0005] 001474/001583
[I](2020-09-22  10:51:32 am)작업중 30sec 접촉 정지 [d:29][t:00:39:15]
[I](2020-09-22  10:54:47 am)작업 재시작
[I](2020-09-22  10:54:59 am)작업중 정지 [d:29][t:00:42:42]
[I](2020-09-22  10:54:59 am)    [LNo:0005] 001474/001583
[I](2020-09-22  10:54:59 am)작업중 30sec 접촉 정지 [d:29][t:00:42:42]
[I](2020-09-22  10:55:07 am)작업 재시작
[I](2020-09-22  11:22:59 am)작업중 정지 [d:53][t:01:10:42]
[I](2020-09-22  11:22:59 am)    [LNo:0005] 001571/001583
[I](2020-09-22  11:22:59 am)작업중 30sec 접촉 정지 [d:53][t:01:10:42]
[I](2020-09-22  11:24:17 am)작업 재시작
[I](2020-09-22  11:26:56 am)작업중 정지 [d:55][t:01:14:39]
[I](2020-09-22  11:26:56 am)    [LNo:0005] 001576/001583
[I](2020-09-22  11:28:03 am)Reset
[I](2020-09-22  11:28:13 am)작업 시작 [Start d:755]
[I](2020-09-22  11:28:13 am)Nc File: [No.0005-331.NC]
[I](2020-09-22  11:28:13 am)  * Start Machine Position
[I](2020-09-22  11:28:13 am)    X:    356.5384
[I](2020-09-22  11:28:13 am)    Y:   -388.9483
[I](2020-09-22  11:28:13 am)    U:      0.0000
[I](2020-09-22  11:28:13 am)    V:      0.0000
[I](2020-09-22  11:28:13 am)    Z:     35.4891
[I](2020-09-22  11:28:13 am)  * Angle
[I](2020-09-22  11:28:13 am)    Ar:      0.0838,Kr:      0.0000
[I](2020-09-22  11:28:13 am)    Taper_Ar:      0.0000
[I](2020-09-22  11:29:02 am)작업중 정지 [d:0][t:00:00:48]
[I](2020-09-22  11:29:02 am)    [LNo:0005] 000825/001583
[I](2020-09-22  11:29:03 am)Reset
[I](2020-09-22  11:29:03 am)Reset
[I](2020-09-22  11:29:19 am)작업 시작 [Start d:755]
[I](2020-09-22  11:29:19 am)Nc File: [No.0005-331.NC]
[I](2020-09-22  11:29:19 am)  * Start Machine Position
[I](2020-09-22  11:29:19 am)    X:    550.0161
[I](2020-09-22  11:29:19 am)    Y:   -383.1914
[I](2020-09-22  11:29:19 am)    U:      0.0000
[I](2020-09-22  11:29:19 am)    V:      0.0000
[I](2020-09-22  11:29:19 am)    Z:     35.4891
[I](2020-09-22  11:29:19 am)  * Angle
[I](2020-09-22  11:29:19 am)    Ar:      0.0838,Kr:      0.0000
[I](2020-09-22  11:29:19 am)    Taper_Ar:      0.0000
[I](2020-09-22  11:29:19 am)작업중 정지 [d:0][t:00:00:00]
[I](2020-09-22  11:29:19 am)    [LNo:0005] 000001/001583
[I](2020-09-22  11:29:20 am)작업중 M코드정지 [d:0][t:00:00:00]
[I](2020-09-22  11:32:06 am)작업중 정지 [d:3][t:00:02:46]
[I](2020-09-22  11:32:06 am)    [LNo:0005] 001413/001583
[I](2020-09-22  11:32:06 am)작업중 30sec 접촉 정지 [d:3][t:00:02:47]
[A](2020-09-22  11:32:21 am)[036] 자동결선 절단 공정 실패!!
[I](2020-09-22  11:32:26 am)작업 재시작
[I](2020-09-22  11:35:54 am)작업중 정지 [d:6][t:00:06:34]
[I](2020-09-22  11:35:54 am)    [LNo:0005] 001421/001583
[I](2020-09-22  11:35:54 am)작업중 M코드정지 [d:6][t:00:06:34]
[I](2020-09-22  11:37:25 am)작업중 정지 [d:6][t:00:08:05]
[I](2020-09-22  11:37:25 am)    [LNo:0005] 001445/001583
[I](2020-09-22  11:38:01 am)작업중 정지 [d:6][t:00:08:41]
[I](2020-09-22  11:38:01 am)    [LNo:0005] 001445/001583
[I](2020-09-22  11:38:01 am)작업중 M코드정지 [d:6][t:00:08:41]
[I](2020-09-22  11:40:18 am)작업중 정지 [d:8][t:00:10:58]
[I](2020-09-22  11:40:18 am)    [LNo:0005] 001473/001583
[I](2020-09-22  11:40:18 am)작업중 30sec 접촉 정지 [d:8][t:00:10:58]
[I](2020-09-22  11:40:39 am)작업 재시작
[I](2020-09-22  11:42:13 am)작업중 정지 [d:9][t:00:12:53]
[I](2020-09-22  11:42:13 am)    [LNo:0005] 001482/001583
[I](2020-09-22  12:03:41 pm)Reset
[I](2020-09-22  12:03:52 pm)Reset
[I](2020-09-22  12:04:16 pm)Reset
[I](2020-09-22  12:06:23 pm)Reset
[I](2020-09-22  12:09:00 pm)Reset
[I](2020-09-22  12:09:48 pm)Reset
[I](2020-09-22  12:10:46 pm)Reset
[I](2020-09-22  12:11:05 pm)Reset
[I](2020-09-22  12:11:27 pm)Reset
[I](2020-09-22  12:11:45 pm)Reset
[I](2020-09-22  12:11:56 pm)Reset
[I](2020-09-22  12:12:06 pm)Reset
[I](2020-09-22  12:12:06 pm)Reset
[I](2020-09-22  12:12:13 pm)Reset
[I](2020-09-22  12:13:59 pm)작업 시작 [Start d:764]
[I](2020-09-22  12:13:59 pm)Nc File: [No.0006-348.NC]
[I](2020-09-22  12:13:59 pm)  * Start Machine Position
[I](2020-09-22  12:13:59 pm)    X:    277.4942
[I](2020-09-22  12:13:59 pm)    Y:   -279.1825
[I](2020-09-22  12:13:59 pm)    U:      0.0000
[I](2020-09-22  12:13:59 pm)    V:      0.0000
[I](2020-09-22  12:13:59 pm)    Z:     52.0921
[I](2020-09-22  12:13:59 pm)  * Angle
[I](2020-09-22  12:13:59 pm)    Ar:      0.2462,Kr:      0.0000
[I](2020-09-22  12:13:59 pm)    Taper_Ar:      0.0000
[I](2020-09-22  12:14:52 pm)작업중 정지 [d:0][t:00:00:53]
[I](2020-09-22  12:14:52 pm)    [LNo:0006] 000013/000276
[I](2020-09-22  12:16:43 pm)작업중 정지 [d:1][t:00:02:43]
[I](2020-09-22  12:16:43 pm)    [LNo:0006] 000070/000276
[I](2020-09-22  12:16:43 pm)작업중 M코드정지 [d:1][t:00:02:44]
[I](2020-09-22  12:16:49 pm)작업중 정지 [d:1][t:00:02:49]
[I](2020-09-22  12:16:49 pm)    [LNo:0006] 000076/000276
[I](2020-09-22  12:16:56 pm)작업중 정지 [d:1][t:00:02:57]
[I](2020-09-22  12:16:56 pm)    [LNo:0006] 000082/000276
[A](2020-09-22  12:17:09 pm)[093] 보빈 와이어 단선
[I](2020-09-22  12:17:09 pm)작업중 Wire 단선 [d:1][t:00:03:10]
[I](2020-09-22  01:09:09 pm)작업중 정지 [d:53][t:00:55:10]
[I](2020-09-22  01:09:09 pm)    [LNo:0006] 000146/000276
[I](2020-09-22  01:09:09 pm)작업중 M코드정지 [d:53][t:00:55:10]
[I](2020-09-22  01:10:58 pm)작업중 정지 [d:54][t:00:56:59]
[I](2020-09-22  01:10:58 pm)    [LNo:0006] 000163/000276
[I](2020-09-22  01:10:58 pm)작업중 30sec 접촉 정지 [d:54][t:00:56:59]
[I](2020-09-22  01:11:12 pm)작업 재시작
[I](2020-09-22  01:11:13 pm)작업중 정지 [d:54][t:00:57:14]
[I](2020-09-22  01:11:13 pm)    [LNo:0006] 000163/000276
[A](2020-09-22  01:11:20 pm)[002] 가공액 미동작
[I](2020-09-22  01:11:23 pm)작업 재시작
[I](2020-09-22  05:39:42 pm)작업중 정지 [d:322][t:05:25:43]
[I](2020-09-22  05:39:42 pm)    [LNo:0006] 000224/000276
[A](2020-09-22  05:39:59 pm)[037] 자동결선 잔여 WIRE 처리 실패!!
[I](2020-09-22  05:42:26 pm)작업 재시작
[I](2020-09-22  05:52:40 pm)작업중 정지 [d:332][t:05:38:40]
[I](2020-09-22  05:52:40 pm)    [LNo:0006] 000269/000276
[I](2020-09-22  05:52:40 pm)작업중 M코드정지 [d:332][t:05:38:40]
[A](2020-09-22  05:53:15 pm)[037] 자동결선 잔여 WIRE 처리 실패!!
[I](2020-09-22  06:53:45 pm)Reset
[I](2020-09-22  07:00:13 pm)Reset
[I](2020-09-22  07:00:55 pm)Reset
[I](2020-09-22  07:01:43 pm)Reset
[I](2020-09-22  07:01:44 pm)Reset
[I](2020-09-22  07:02:16 pm)Reset
[I](2020-09-22  07:03:04 pm)Reset
[I](2020-09-22  07:03:12 pm)Reset
[I](2020-09-22  07:04:00 pm)Reset
[I](2020-09-22  07:10:16 pm)Reset
[I](2020-09-22  07:10:16 pm)Reset
[I](2020-09-22  07:10:41 pm)Reset
[I](2020-09-22  07:10:41 pm)Reset
[I](2020-09-22  07:11:42 pm)Reset
[I](2020-09-22  07:12:07 pm)Reset
[I](2020-09-22  07:12:46 pm)Reset
[I](2020-09-22  07:13:10 pm)Reset
[I](2020-09-22  07:15:36 pm)작업 시작 [Start d:1096]
[I](2020-09-22  07:15:36 pm)Nc File: [No.0007-357.NC]
[I](2020-09-22  07:15:36 pm)  * Start Machine Position
[I](2020-09-22  07:15:36 pm)    X:    131.4914
[I](2020-09-22  07:15:36 pm)    Y:   -397.7603
[I](2020-09-22  07:15:36 pm)    U:     -0.0210
[I](2020-09-22  07:15:36 pm)    V:      0.0489
[I](2020-09-22  07:15:36 pm)    Z:     32.9115
[I](2020-09-22  07:15:36 pm)  * Angle
[I](2020-09-22  07:15:36 pm)    Ar:      0.0607,Kr:      0.0000
[I](2020-09-22  07:15:36 pm)    Taper_Ar:      0.0000
[I](2020-09-22  07:15:46 pm)작업중 정지 [d:0][t:00:00:10]
[I](2020-09-22  07:15:46 pm)    [LNo:0007] 000010/000403
[I](2020-09-22  07:15:46 pm)작업중 M코드정지 [d:0][t:00:00:10]
[I](2020-09-22  07:30:37 pm)작업중 정지 [d:13][t:00:15:00]
[I](2020-09-22  07:30:37 pm)    [LNo:0007] 000026/000403
[I](2020-09-22  07:30:37 pm)작업중 M코드정지 [d:13][t:00:15:00]
[I](2020-09-22  07:34:27 pm)작업중 정지 [d:13][t:00:18:50]
[I](2020-09-22  07:34:27 pm)    [LNo:0007] 000027/000403
[I](2020-09-22  07:34:39 pm)작업 재시작
[I](2020-09-22  07:34:48 pm)작업중 정지 [d:14][t:00:19:12]
[I](2020-09-22  07:34:48 pm)    [LNo:0007] 000028/000403
[I](2020-09-22  07:34:48 pm)작업중 M코드정지 [d:14][t:00:19:12]
[I](2020-09-22  07:38:30 pm)작업중 정지 [d:17][t:00:22:53]
[I](2020-09-22  07:38:30 pm)    [LNo:0007] 000046/000403
[I](2020-09-22  07:38:30 pm)작업중 M코드정지 [d:17][t:00:22:53]
[I](2020-09-22  07:42:30 pm)Reset
[I](2020-09-22  07:44:59 pm)Reset
[I](2020-09-22  07:45:34 pm)Reset
[I](2020-09-22  07:47:45 pm)Reset
[I](2020-09-22  07:53:45 pm)Reset
[I](2020-09-22  07:54:09 pm)Reset
[I](2020-09-22  07:54:52 pm)Reset
[I](2020-09-22  07:55:12 pm)Reset
[I](2020-09-22  07:55:22 pm)Reset
[I](2020-09-22  07:55:45 pm)Reset
[I](2020-09-22  07:56:38 pm)작업 시작 [Start d:1113]
[I](2020-09-22  07:56:38 pm)Nc File: [No.0007-357.NC]
[I](2020-09-22  07:56:38 pm)  * Start Machine Position
[I](2020-09-22  07:56:38 pm)    X:    161.8071
[I](2020-09-22  07:56:38 pm)    Y:   -355.9182
[I](2020-09-22  07:56:38 pm)    U:      0.0000
[I](2020-09-22  07:56:38 pm)    V:      0.0999
[I](2020-09-22  07:56:38 pm)    Z:     42.8830
[I](2020-09-22  07:56:38 pm)  * Angle
[I](2020-09-22  07:56:38 pm)    Ar:      0.0570,Kr:      0.0000
[I](2020-09-22  07:56:38 pm)    Taper_Ar:      0.0000
[I](2020-09-22  07:56:46 pm)작업중 정지 [d:0][t:00:00:07]
[I](2020-09-22  07:56:46 pm)    [LNo:0007] 000066/000403
[I](2020-09-22  07:56:46 pm)작업중 M코드정지 [d:0][t:00:00:07]
[I](2020-09-22  07:56:49 pm)작업중 정지 [d:0][t:00:00:10]
[I](2020-09-22  07:56:49 pm)    [LNo:0007] 000069/000403
[I](2020-09-22  07:56:49 pm)작업중 M코드정지 [d:0][t:00:00:10]
[I](2020-09-22  07:56:56 pm)작업중 정지 [d:0][t:00:00:17]
[I](2020-09-22  07:56:56 pm)    [LNo:0007] 000071/000403
[I](2020-09-22  07:56:56 pm)작업중 M코드정지 [d:0][t:00:00:17]
[I](2020-09-22  07:57:00 pm)작업중 정지 [d:0][t:00:00:21]
[I](2020-09-22  07:57:00 pm)    [LNo:0007] 000078/000403
[I](2020-09-22  08:11:07 pm)작업중 정지 [d:12][t:00:14:28]
[I](2020-09-22  08:11:07 pm)    [LNo:0007] 000092/000403
[I](2020-09-22  08:11:07 pm)작업중 M코드정지 [d:12][t:00:14:28]
[I](2020-09-22  08:12:05 pm)작업중 정지 [d:12][t:00:15:26]
[I](2020-09-22  08:12:05 pm)    [LNo:0007] 000094/000403
[I](2020-09-22  08:12:05 pm)작업중 M코드정지 [d:12][t:00:15:26]
[I](2020-09-22  08:15:01 pm)작업중 정지 [d:15][t:00:18:22]
[I](2020-09-22  08:15:01 pm)    [LNo:0007] 000113/000403
[I](2020-09-22  08:15:01 pm)작업중 M코드정지 [d:15][t:00:18:22]
[I](2020-09-22  08:22:28 pm)Reset
[I](2020-09-22  08:22:36 pm)Reset
[I](2020-09-22  08:22:36 pm)Reset
[I](2020-09-22  08:22:42 pm)Reset
[I](2020-09-22  08:25:04 pm)Reset
[I](2020-09-22  08:25:04 pm)Reset
[I](2020-09-22  08:30:08 pm)Reset
[I](2020-09-22  08:30:08 pm)Reset
[I](2020-09-22  08:30:08 pm)Reset
[I](2020-09-22  08:30:24 pm)Reset
[I](2020-09-22  08:30:25 pm)Reset
[I](2020-09-22  08:30:49 pm)Reset
[I](2020-09-22  08:30:49 pm)Reset
[I](2020-09-22  08:31:55 pm)Reset
[I](2020-09-22  08:32:44 pm)Reset
[I](2020-09-22  08:32:59 pm)Reset
[I](2020-09-22  08:33:00 pm)Reset
[I](2020-09-22  08:34:14 pm)작업 시작 [Start d:1128]
[I](2020-09-22  08:34:14 pm)Nc File: [No.0007-357.NC]
[I](2020-09-22  08:34:14 pm)  * Start Machine Position
[I](2020-09-22  08:34:14 pm)    X:     56.4560
[I](2020-09-22  08:34:14 pm)    Y:   -356.4862
[I](2020-09-22  08:34:14 pm)    U:     -0.0318
[I](2020-09-22  08:34:14 pm)    V:      0.0203
[I](2020-09-22  08:34:14 pm)    Z:     51.6590
[I](2020-09-22  08:34:14 pm)  * Angle
[I](2020-09-22  08:34:14 pm)    Ar:     -0.5531,Kr:      0.0000
[I](2020-09-22  08:34:14 pm)    Taper_Ar:      0.0000
[I](2020-09-22  08:34:21 pm)작업중 정지 [d:0][t:00:00:07]
[I](2020-09-22  08:34:21 pm)    [LNo:0007] 000133/000403
[I](2020-09-22  08:34:21 pm)작업중 M코드정지 [d:0][t:00:00:07]
[I](2020-09-22  08:34:23 pm)작업중 정지 [d:0][t:00:00:09]
[I](2020-09-22  08:34:23 pm)    [LNo:0007] 000136/000403
[I](2020-09-22  08:34:23 pm)작업중 M코드정지 [d:0][t:00:00:09]
[I](2020-09-22  08:34:25 pm)작업중 정지 [d:0][t:00:00:11]
[I](2020-09-22  08:34:25 pm)    [LNo:0007] 000138/000403
[I](2020-09-22  08:34:25 pm)작업중 M코드정지 [d:0][t:00:00:11]
[I](2020-09-22  08:34:39 pm)작업중 정지 [d:0][t:00:00:25]
[I](2020-09-22  08:34:39 pm)    [LNo:0007] 000148/000403
[I](2020-09-22  08:43:41 pm)작업중 정지 [d:8][t:00:09:26]
[I](2020-09-22  08:43:41 pm)    [LNo:0007] 000162/000403
[I](2020-09-22  08:43:41 pm)작업중 M코드정지 [d:8][t:00:09:26]
[I](2020-09-22  08:43:56 pm)작업중 정지 [d:8][t:00:09:42]
[I](2020-09-22  08:43:56 pm)    [LNo:0007] 000164/000403
[I](2020-09-22  08:43:56 pm)작업중 M코드정지 [d:8][t:00:09:42]
[I](2020-09-22  08:46:08 pm)작업중 정지 [d:10][t:00:11:54]
[I](2020-09-22  08:46:08 pm)    [LNo:0007] 000186/000403
[I](2020-09-22  08:46:08 pm)작업중 M코드정지 [d:10][t:00:11:54]
[I](2020-09-22  08:53:10 pm)Reset
[I](2020-09-22  08:53:11 pm)Reset
[I](2020-09-22  08:53:23 pm)Reset
[I](2020-09-22  08:53:23 pm)Reset
[I](2020-09-22  08:55:09 pm)Reset
[I](2020-09-22  08:55:09 pm)Reset
[I](2020-09-22  08:58:42 pm)Reset
[I](2020-09-22  08:58:43 pm)Reset
[I](2020-09-22  08:58:59 pm)Reset
[I](2020-09-22  08:58:59 pm)Reset
[I](2020-09-22  09:02:08 pm)Reset
[I](2020-09-22  09:02:09 pm)Reset
[I](2020-09-22  09:02:53 pm)Reset
[I](2020-09-22  09:03:58 pm)Reset
[I](2020-09-22  09:03:58 pm)Reset
[I](2020-09-22  09:19:50 pm)Reset
[I](2020-09-22  09:19:50 pm)Reset
[I](2020-09-22  09:20:07 pm)Reset
[I](2020-09-22  09:20:53 pm)작업 시작 [Start d:1138]
[I](2020-09-22  09:20:53 pm)Nc File: [No.0007-357.NC]
[I](2020-09-22  09:20:53 pm)  * Start Machine Position
[I](2020-09-22  09:20:53 pm)    X:     54.0471
[I](2020-09-22  09:20:53 pm)    Y:   -377.4115
[I](2020-09-22  09:20:53 pm)    U:      0.0101
[I](2020-09-22  09:20:53 pm)    V:      0.0199
[I](2020-09-22  09:20:53 pm)    Z:     51.6590
[I](2020-09-22  09:20:53 pm)  * Angle
[I](2020-09-22  09:20:53 pm)    Ar:     -0.4027,Kr:      0.0000
[I](2020-09-22  09:20:53 pm)    Taper_Ar:      0.0000
[I](2020-09-22  09:21:00 pm)작업중 정지 [d:0][t:00:00:07]
[I](2020-09-22  09:21:00 pm)    [LNo:0007] 000206/000403
[I](2020-09-22  09:21:00 pm)작업중 M코드정지 [d:0][t:00:00:07]
[I](2020-09-22  09:21:02 pm)작업중 정지 [d:0][t:00:00:08]
[I](2020-09-22  09:21:02 pm)    [LNo:0007] 000209/000403
[I](2020-09-22  09:21:02 pm)작업중 M코드정지 [d:0][t:00:00:08]
[I](2020-09-22  09:21:03 pm)작업중 정지 [d:0][t:00:00:10]
[I](2020-09-22  09:21:03 pm)    [LNo:0007] 000212/000403
[I](2020-09-22  09:21:03 pm)작업중 M코드정지 [d:0][t:00:00:10]
[I](2020-09-22  09:21:10 pm)작업중 정지 [d:0][t:00:00:16]
[I](2020-09-22  09:21:10 pm)    [LNo:0007] 000221/000403
[I](2020-09-22  09:29:01 pm)작업중 정지 [d:7][t:00:08:08]
[I](2020-09-22  09:29:01 pm)    [LNo:0007] 000235/000403
[I](2020-09-22  09:29:01 pm)작업중 M코드정지 [d:7][t:00:08:08]
[I](2020-09-22  09:29:57 pm)작업중 정지 [d:7][t:00:09:04]
[I](2020-09-22  09:29:57 pm)    [LNo:0007] 000237/000403
[I](2020-09-22  09:29:57 pm)작업중 M코드정지 [d:7][t:00:09:04]
[I](2020-09-22  09:31:56 pm)작업중 정지 [d:9][t:00:11:03]
[I](2020-09-22  09:31:56 pm)    [LNo:0007] 000259/000403
[I](2020-09-22  09:31:56 pm)작업중 M코드정지 [d:9][t:00:11:03]
[I](2020-09-22  09:53:42 pm)Reset
[I](2020-09-22  09:53:42 pm)Reset
[I](2020-09-22  09:53:55 pm)Reset
[I](2020-09-22  09:53:55 pm)Reset
[I](2020-09-22  09:53:56 pm)Reset
[I](2020-09-22  09:54:56 pm)Reset
[I](2020-09-22  09:54:56 pm)Reset
[I](2020-09-22  09:55:25 pm)Reset
[I](2020-09-22  09:55:26 pm)Reset
[I](2020-09-22  09:56:58 pm)Reset
[I](2020-09-22  09:56:58 pm)Reset
[I](2020-09-22  09:58:16 pm)Reset
[I](2020-09-22  09:58:48 pm)Reset
[I](2020-09-22  09:58:48 pm)Reset
[I](2020-09-22  09:59:39 pm)Reset
[I](2020-09-22  09:59:59 pm)Reset
[I](2020-09-22  10:00:24 pm)Reset
[I](2020-09-22  10:00:42 pm)Reset
[I](2020-09-22  10:00:44 pm)Reset
[I](2020-09-22  10:01:01 pm)Reset
[I](2020-09-22  10:01:27 pm)Reset
[I](2020-09-22  10:01:44 pm)Reset
[I](2020-09-22  10:01:44 pm)Reset
[I](2020-09-22  10:02:57 pm)작업 시작 [Start d:1147]
[I](2020-09-22  10:02:57 pm)Nc File: [No.0007-357.NC]
[I](2020-09-22  10:02:57 pm)  * Start Machine Position
[I](2020-09-22  10:02:57 pm)    X:     55.2561
[I](2020-09-22  10:02:57 pm)    Y:   -356.4135
[I](2020-09-22  10:02:57 pm)    U:      0.0700
[I](2020-09-22  10:02:57 pm)    V:      0.0093
[I](2020-09-22  10:02:57 pm)    Z:     51.6590
[I](2020-09-22  10:02:57 pm)  * Angle
[I](2020-09-22  10:02:57 pm)    Ar:     -0.5007,Kr:      0.0000
[I](2020-09-22  10:02:57 pm)    Taper_Ar:      0.0000
[I](2020-09-22  10:03:04 pm)작업중 정지 [d:0][t:00:00:07]
[I](2020-09-22  10:03:04 pm)    [LNo:0007] 000279/000403
[I](2020-09-22  10:03:04 pm)작업중 M코드정지 [d:0][t:00:00:07]
[I](2020-09-22  10:03:07 pm)작업중 정지 [d:0][t:00:00:09]
[I](2020-09-22  10:03:07 pm)    [LNo:0007] 000282/000403
[I](2020-09-22  10:03:07 pm)작업중 M코드정지 [d:0][t:00:00:10]
[I](2020-09-22  10:03:12 pm)작업중 정지 [d:0][t:00:00:14]
[I](2020-09-22  10:03:12 pm)    [LNo:0007] 000285/000403
[I](2020-09-22  10:03:12 pm)작업중 M코드정지 [d:0][t:00:00:14]
[I](2020-09-22  10:03:19 pm)작업중 정지 [d:0][t:00:00:22]
[I](2020-09-22  10:03:19 pm)    [LNo:0007] 000291/000403
[I](2020-09-22  10:11:01 pm)작업중 정지 [d:7][t:00:08:03]
[I](2020-09-22  10:11:01 pm)    [LNo:0007] 000307/000403
[I](2020-09-22  10:11:01 pm)작업중 M코드정지 [d:7][t:00:08:03]
[I](2020-09-22  10:35:28 pm)작업중 정지 [d:7][t:00:32:31]
[I](2020-09-22  10:35:28 pm)    [LNo:0007] 000309/000403
[I](2020-09-22  10:35:28 pm)작업중 M코드정지 [d:7][t:00:32:31]
[I](2020-09-22  10:39:35 pm)작업중 정지 [d:8][t:00:36:38]
[I](2020-09-22  10:39:35 pm)    [LNo:0007] 000325/000403
[I](2020-09-22  10:39:35 pm)작업중 30sec 접촉 정지 [d:8][t:00:36:38]
[I](2020-09-22  10:52:58 pm)작업 재시작
[I](2020-09-22  10:53:51 pm)작업중 정지 [d:9][t:00:50:53]
[I](2020-09-22  10:53:51 pm)    [LNo:0007] 000330/000403
[I](2020-09-22  10:53:51 pm)작업중 M코드정지 [d:9][t:00:50:53]
[I](2020-09-22  10:58:33 pm)작업중 정지 [d:9][t:00:55:35]
[I](2020-09-22  10:58:33 pm)    [LNo:0007] 000313/000403
[I](2020-09-22  11:00:31 pm)작업중 정지 [d:10][t:00:57:33]
[I](2020-09-22  11:00:31 pm)    [LNo:0007] 000330/000403
[I](2020-09-22  11:00:31 pm)작업중 M코드정지 [d:10][t:00:57:33]
[I](2020-09-22  11:14:02 pm)Reset
[I](2020-09-22  11:14:03 pm)Reset
[I](2020-09-22  11:14:14 pm)Reset
[I](2020-09-22  11:14:14 pm)Reset
[I](2020-09-22  11:14:15 pm)Reset
[I](2020-09-22  11:17:29 pm)Reset
[I](2020-09-22  11:17:30 pm)Reset
[I](2020-09-22  11:17:47 pm)Reset
[I](2020-09-22  11:17:48 pm)Reset
[I](2020-09-22  11:18:05 pm)Reset
[I](2020-09-22  11:18:06 pm)Reset
[I](2020-09-22  11:18:45 pm)Reset
[I](2020-09-22  11:18:46 pm)Reset
[I](2020-09-22  11:19:15 pm)Reset
[I](2020-09-22  11:19:15 pm)Reset
[I](2020-09-22  11:19:48 pm)Reset
[I](2020-09-22  11:20:03 pm)Reset
[I](2020-09-22  11:20:03 pm)Reset
[I](2020-09-22  11:20:20 pm)Reset
[I](2020-09-22  11:20:20 pm)Reset
[I](2020-09-22  11:20:56 pm)작업 시작 [Start d:1157]
[I](2020-09-22  11:20:56 pm)Nc File: [No.0007-357.NC]
[I](2020-09-22  11:20:56 pm)  * Start Machine Position
[I](2020-09-22  11:20:56 pm)    X:     52.5092
[I](2020-09-22  11:20:56 pm)    Y:   -356.3734
[I](2020-09-22  11:20:56 pm)    U:      0.2199
[I](2020-09-22  11:20:56 pm)    V:     -0.0019
[I](2020-09-22  11:20:56 pm)    Z:     51.6590
[I](2020-09-22  11:20:56 pm)  * Angle
[I](2020-09-22  11:20:56 pm)    Ar:     -0.4967,Kr:      0.0000
[I](2020-09-22  11:20:56 pm)    Taper_Ar:      0.0000
[I](2020-09-22  11:21:03 pm)작업중 정지 [d:0][t:00:00:07]
[I](2020-09-22  11:21:03 pm)    [LNo:0007] 000350/000403
[I](2020-09-22  11:21:03 pm)작업중 M코드정지 [d:0][t:00:00:07]
[I](2020-09-22  11:21:05 pm)작업중 정지 [d:0][t:00:00:09]
[I](2020-09-22  11:21:05 pm)    [LNo:0007] 000353/000403
[I](2020-09-22  11:21:05 pm)작업중 M코드정지 [d:0][t:00:00:09]
[I](2020-09-22  11:21:07 pm)작업중 정지 [d:0][t:00:00:11]
[I](2020-09-22  11:21:07 pm)    [LNo:0007] 000356/000403
[I](2020-09-22  11:21:07 pm)작업중 M코드정지 [d:0][t:00:00:11]
[I](2020-09-22  11:21:14 pm)작업중 정지 [d:0][t:00:00:18]
[I](2020-09-22  11:21:14 pm)    [LNo:0007] 000362/000403
[I](2020-09-22  11:31:30 pm)작업중 정지 [d:10][t:00:10:34]
[I](2020-09-22  11:31:30 pm)    [LNo:0007] 000375/000403
[I](2020-09-22  11:31:30 pm)작업중 M코드정지 [d:10][t:00:10:34]
[I](2020-09-22  11:32:11 pm)작업중 정지 [d:10][t:00:11:15]
[I](2020-09-22  11:32:11 pm)    [LNo:0007] 000377/000403
[I](2020-09-22  11:32:11 pm)작업중 M코드정지 [d:10][t:00:11:15]
[I](2020-09-22  11:32:29 pm)Reset
[I](2020-09-22  11:32:29 pm)Reset
[I](2020-09-22  11:32:53 pm)작업 시작 [Start d:1167]
[I](2020-09-22  11:32:53 pm)Nc File: [No.0007-357.NC]
[I](2020-09-22  11:32:53 pm)  * Start Machine Position
[I](2020-09-22  11:32:53 pm)    X:     52.5092
[I](2020-09-22  11:32:53 pm)    Y:   -356.3734
[I](2020-09-22  11:32:53 pm)    U:      0.2199
[I](2020-09-22  11:32:53 pm)    V:     -0.0019
[I](2020-09-22  11:32:53 pm)    Z:     51.6590
[I](2020-09-22  11:32:53 pm)  * Angle
[I](2020-09-22  11:32:53 pm)    Ar:     -0.4967,Kr:      0.0000
[I](2020-09-22  11:32:53 pm)    Taper_Ar:      0.0000
[I](2020-09-22  11:32:59 pm)작업중 정지 [d:0][t:00:00:06]
[I](2020-09-22  11:32:59 pm)    [LNo:0007] 000350/000403
[I](2020-09-22  11:33:00 pm)작업중 M코드정지 [d:0][t:00:00:06]
[I](2020-09-22  11:33:01 pm)작업중 정지 [d:0][t:00:00:08]
[I](2020-09-22  11:33:01 pm)    [LNo:0007] 000353/000403
[I](2020-09-22  11:33:01 pm)작업중 M코드정지 [d:0][t:00:00:08]
[I](2020-09-22  11:33:01 pm)작업중 정지 [d:0][t:00:00:08]
[I](2020-09-22  11:33:01 pm)    [LNo:0007] 000355/000403
[I](2020-09-22  11:33:01 pm)작업중 M코드정지 [d:0][t:00:00:08]
[I](2020-09-22  11:33:07 pm)작업중 정지 [d:0][t:00:00:14]
[I](2020-09-22  11:33:08 pm)    [LNo:0007] 000372/000403
[I](2020-09-22  11:33:25 pm)Reset
[I](2020-09-22  11:33:25 pm)Reset
[I](2020-09-22  11:33:37 pm)작업 시작 [Start d:1167]
[I](2020-09-22  11:33:37 pm)Nc File: [No.0007-357.NC]
[I](2020-09-22  11:33:37 pm)  * Start Machine Position
[I](2020-09-22  11:33:37 pm)    X:     52.5092
[I](2020-09-22  11:33:37 pm)    Y:   -356.3734
[I](2020-09-22  11:33:37 pm)    U:      0.2199
[I](2020-09-22  11:33:37 pm)    V:     -0.0019
[I](2020-09-22  11:33:37 pm)    Z:     51.6590
[I](2020-09-22  11:33:37 pm)  * Angle
[I](2020-09-22  11:33:37 pm)    Ar:     -0.4967,Kr:      0.0000
[I](2020-09-22  11:33:37 pm)    Taper_Ar:      0.0000
[I](2020-09-22  11:33:40 pm)작업중 정지 [d:0][t:00:00:02]
[I](2020-09-22  11:33:40 pm)    [LNo:0007] 000350/000403
[I](2020-09-22  11:33:40 pm)작업중 M코드정지 [d:0][t:00:00:02]
[I](2020-09-22  11:33:41 pm)작업중 정지 [d:0][t:00:00:03]
[I](2020-09-22  11:33:41 pm)    [LNo:0007] 000353/000403
[I](2020-09-22  11:33:41 pm)작업중 M코드정지 [d:0][t:00:00:03]
[I](2020-09-22  11:33:43 pm)작업중 정지 [d:0][t:00:00:06]
[I](2020-09-22  11:33:43 pm)    [LNo:0007] 000356/000403
[I](2020-09-22  11:33:44 pm)작업중 M코드정지 [d:0][t:00:00:06]
[I](2020-09-22  11:38:22 pm)작업중 정지 [d:4][t:00:04:44]
[I](2020-09-22  11:38:22 pm)    [LNo:0007] 000375/000403
[I](2020-09-22  11:38:22 pm)작업중 M코드정지 [d:4][t:00:04:44]
[I](2020-09-22  11:40:03 pm)작업중 정지 [d:4][t:00:06:25]
[I](2020-09-22  11:40:03 pm)    [LNo:0007] 000377/000403
[I](2020-09-22  11:40:03 pm)작업중 M코드정지 [d:4][t:00:06:25]
[I](2020-09-22  11:45:56 pm)작업중 정지 [d:10][t:00:12:18]
[I](2020-09-22  11:45:56 pm)    [LNo:0007] 000395/000403
[I](2020-09-22  11:45:56 pm)작업중 M코드정지 [d:10][t:00:12:18]
[I](2020-09-22  11:55:25 pm)Reset
[I](2020-09-22  11:55:32 pm)Reset
[I](2020-09-22  11:55:33 pm)Reset
[I](2020-09-22  11:55:39 pm)Reset
[I](2020-09-22  11:55:40 pm)Reset
[I](2020-09-22  11:55:40 pm)Reset
[I](2020-09-22  11:58:38 pm)Reset
[I](2020-09-22  11:58:38 pm)Reset
[I](2020-09-22  11:58:44 pm)Reset
[I](2020-09-22  11:58:44 pm)Reset
[I](2020-09-22  11:58:45 pm)Reset
