[I](2020-02-17  12:00:38 am)Reset
[I](2020-02-17  12:00:39 am)Reset
[I](2020-02-17  12:01:47 am)Reset
[I](2020-02-17  12:01:50 am)Reset
[I](2020-02-17  12:09:50 am)Reset
[I](2020-02-17  12:10:27 am)Reset
[I](2020-02-17  12:17:12 am)Reset
[I](2020-02-17  12:19:01 am)Reset
[I](2020-02-17  12:19:14 am)Reset
[I](2020-02-17  12:22:36 am)작업 시작 [Start d:269]
[I](2020-02-17  12:22:36 am)Nc File: [No.0006-508.NC]
[I](2020-02-17  12:22:36 am)  * Start Machine Position
[I](2020-02-17  12:22:36 am)    X:    134.6397
[I](2020-02-17  12:22:36 am)    Y:   -388.9975
[I](2020-02-17  12:22:36 am)    U:      0.0000
[I](2020-02-17  12:22:36 am)    V:      0.0000
[I](2020-02-17  12:22:36 am)    Z:     30.4316
[I](2020-02-17  12:22:36 am)  * Angle
[I](2020-02-17  12:22:36 am)    Ar:     -0.0611,Kr:      0.0000
[I](2020-02-17  12:22:36 am)    Taper_Ar:      0.0000
[I](2020-02-17  12:22:51 am)작업중 정지 [d:0][t:00:00:14]
[I](2020-02-17  12:22:51 am)    [LNo:0006] 000010/000891
[I](2020-02-17  12:22:51 am)작업중 M코드정지 [d:0][t:00:00:15]
[I](2020-02-17  12:27:18 am)작업중 정지 [d:1][t:00:04:42]
[I](2020-02-17  12:27:18 am)    [LNo:0006] 000025/000891
[I](2020-02-17  12:27:18 am)작업중 30sec 접촉 정지 [d:1][t:00:04:42]
[I](2020-02-17  12:29:39 am)작업 재시작
[I](2020-02-17  02:57:23 am)작업중 정지 [d:148][t:02:34:47]
[I](2020-02-17  02:57:24 am)    [LNo:0006] 000111/000891
[I](2020-02-17  02:57:24 am)작업중 M코드정지 [d:148][t:02:34:47]
[I](2020-02-17  03:04:31 am)작업중 정지 [d:148][t:02:41:55]
[I](2020-02-17  03:04:31 am)    [LNo:0006] 000115/000891
[I](2020-02-17  03:04:31 am)작업중 M코드정지 [d:148][t:02:41:55]
[I](2020-02-17  03:06:31 am)작업중 정지 [d:148][t:02:43:55]
[I](2020-02-17  03:06:31 am)    [LNo:0006] 000132/000891
[I](2020-02-17  03:06:31 am)작업중 30sec 접촉 정지 [d:148][t:02:43:55]
[I](2020-02-17  03:08:21 am)작업 재시작
[I](2020-02-17  03:09:10 am)작업중 정지 [d:149][t:02:46:33]
[I](2020-02-17  03:09:10 am)    [LNo:0006] 000135/000891
[I](2020-02-17  03:09:10 am)작업중 30sec 접촉 정지 [d:149][t:02:46:33]
[I](2020-02-17  03:10:58 am)작업 재시작
[I](2020-02-17  03:25:09 am)작업중 정지 [d:163][t:03:02:32]
[I](2020-02-17  03:25:09 am)    [LNo:0006] 000139/000891
[I](2020-02-17  03:25:09 am)작업중 M코드정지 [d:163][t:03:02:32]
[I](2020-02-17  03:27:36 am)작업중 정지 [d:163][t:03:04:59]
[I](2020-02-17  03:27:36 am)    [LNo:0006] 000141/000891
[I](2020-02-17  03:28:05 am)작업 재시작
[I](2020-02-17  03:28:09 am)작업중 정지 [d:163][t:03:05:33]
[I](2020-02-17  03:28:09 am)    [LNo:0006] 000143/000891
[I](2020-02-17  03:28:09 am)작업중 M코드정지 [d:163][t:03:05:33]
[I](2020-02-17  03:44:06 am)작업중 정지 [d:178][t:03:21:29]
[I](2020-02-17  03:44:06 am)    [LNo:0006] 000167/000891
[I](2020-02-17  03:44:06 am)작업중 M코드정지 [d:178][t:03:21:29]
[I](2020-02-17  03:49:15 am)작업중 정지 [d:178][t:03:26:39]
[I](2020-02-17  03:49:15 am)    [LNo:0006] 000169/000891
[I](2020-02-17  03:49:45 am)작업 재시작
[I](2020-02-17  03:49:49 am)작업중 정지 [d:178][t:03:27:13]
[I](2020-02-17  03:49:49 am)    [LNo:0006] 000171/000891
[I](2020-02-17  03:49:49 am)작업중 M코드정지 [d:178][t:03:27:13]
[I](2020-02-17  04:23:26 am)작업중 정지 [d:210][t:04:00:49]
[I](2020-02-17  04:23:26 am)    [LNo:0006] 000199/000891
[I](2020-02-17  04:23:26 am)작업중 M코드정지 [d:210][t:04:00:49]
[I](2020-02-17  04:33:59 am)작업중 정지 [d:210][t:04:11:22]
[I](2020-02-17  04:33:59 am)    [LNo:0006] 000201/000891
[I](2020-02-17  04:34:28 am)작업 재시작
[I](2020-02-17  04:34:35 am)작업중 정지 [d:210][t:04:11:58]
[I](2020-02-17  04:34:35 am)    [LNo:0006] 000203/000891
[I](2020-02-17  04:34:35 am)작업중 M코드정지 [d:210][t:04:11:58]
[I](2020-02-17  04:36:02 am)작업중 정지 [d:210][t:04:13:25]
[I](2020-02-17  04:36:02 am)    [LNo:0006] 000220/000891
[I](2020-02-17  04:36:02 am)작업중 30sec 접촉 정지 [d:210][t:04:13:25]
[I](2020-02-17  04:38:17 am)작업 재시작
[I](2020-02-17  04:39:18 am)작업중 정지 [d:211][t:04:16:42]
[I](2020-02-17  04:39:18 am)    [LNo:0006] 000223/000891
[I](2020-02-17  04:39:18 am)작업중 30sec 접촉 정지 [d:211][t:04:16:42]
[I](2020-02-17  04:39:30 am)작업 재시작
[I](2020-02-17  05:09:45 am)작업중 정지 [d:242][t:04:47:09]
[I](2020-02-17  05:09:45 am)    [LNo:0006] 000235/000891
[I](2020-02-17  05:09:46 am)작업중 M코드정지 [d:242][t:04:47:09]
[I](2020-02-17  05:10:20 am)작업중 정지 [d:242][t:04:47:44]
[I](2020-02-17  05:10:20 am)    [LNo:0006] 000239/000891
[I](2020-02-17  05:10:20 am)작업중 M코드정지 [d:242][t:04:47:44]
[I](2020-02-17  05:27:53 am)작업중 정지 [d:258][t:05:05:17]
[I](2020-02-17  05:27:53 am)    [LNo:0006] 000263/000891
[I](2020-02-17  05:27:54 am)작업중 M코드정지 [d:258][t:05:05:17]
[I](2020-02-17  05:28:41 am)작업중 정지 [d:259][t:05:06:04]
[I](2020-02-17  05:28:41 am)    [LNo:0006] 000265/000891
[I](2020-02-17  05:29:09 am)작업 재시작
[I](2020-02-17  05:29:13 am)작업중 정지 [d:259][t:05:06:37]
[I](2020-02-17  05:29:13 am)    [LNo:0006] 000267/000891
[I](2020-02-17  05:29:14 am)작업중 M코드정지 [d:259][t:05:06:37]
[I](2020-02-17  05:46:04 am)작업중 정지 [d:275][t:05:23:28]
[I](2020-02-17  05:46:04 am)    [LNo:0006] 000291/000891
[I](2020-02-17  05:46:05 am)작업중 M코드정지 [d:275][t:05:23:28]
[I](2020-02-17  06:48:37 am)작업중 정지 [d:276][t:06:26:00]
[I](2020-02-17  06:48:37 am)    [LNo:0006] 000293/000891
[I](2020-02-17  06:49:05 am)작업 재시작
[I](2020-02-17  06:49:09 am)작업중 정지 [d:276][t:06:26:33]
[I](2020-02-17  06:49:09 am)    [LNo:0006] 000295/000891
[I](2020-02-17  06:49:09 am)작업중 M코드정지 [d:276][t:06:26:33]
[I](2020-02-17  07:11:14 am)작업중 정지 [d:297][t:06:48:38]
[I](2020-02-17  07:11:14 am)    [LNo:0006] 000320/000891
[I](2020-02-17  07:11:14 am)작업중 M코드정지 [d:297][t:06:48:38]
[I](2020-02-17  07:12:01 am)작업중 정지 [d:297][t:06:49:25]
[I](2020-02-17  07:12:01 am)    [LNo:0006] 000321/000891
[I](2020-02-17  07:12:34 am)작업 재시작
[I](2020-02-17  07:12:38 am)작업중 정지 [d:298][t:06:50:01]
[I](2020-02-17  07:12:38 am)    [LNo:0006] 000323/000891
[I](2020-02-17  07:12:38 am)작업중 M코드정지 [d:298][t:06:50:01]
[I](2020-02-17  07:26:17 am)작업중 정지 [d:310][t:07:03:40]
[I](2020-02-17  07:26:17 am)    [LNo:0006] 000347/000891
[I](2020-02-17  07:26:17 am)작업중 M코드정지 [d:310][t:07:03:40]
[I](2020-02-17  07:32:45 am)작업중 정지 [d:311][t:07:10:08]
[I](2020-02-17  07:32:45 am)    [LNo:0006] 000349/000891
[I](2020-02-17  07:33:48 am)작업 재시작
[I](2020-02-17  07:34:02 am)작업중 정지 [d:311][t:07:11:25]
[I](2020-02-17  07:34:02 am)    [LNo:0006] 000351/000891
[I](2020-02-17  07:34:02 am)작업중 M코드정지 [d:311][t:07:11:25]
[I](2020-02-17  07:35:42 am)작업중 정지 [d:311][t:07:13:06]
[I](2020-02-17  07:35:42 am)    [LNo:0006] 000360/000891
[A](2020-02-17  07:35:42 am)[009] 자동결선 Error(M20-삽입실패)
[A](2020-02-17  07:37:29 am)[001] 와이어 미동작
[I](2020-02-17  08:00:49 am)작업중 정지 [d:332][t:07:38:12]
[I](2020-02-17  08:00:49 am)    [LNo:0006] 000376/000891
[I](2020-02-17  08:00:49 am)작업중 M코드정지 [d:332][t:07:38:12]
[I](2020-02-17  08:02:43 am)작업중 정지 [d:333][t:07:40:07]
[I](2020-02-17  08:02:43 am)    [LNo:0006] 000379/000891
[I](2020-02-17  08:02:43 am)작업중 M코드정지 [d:333][t:07:40:07]
[I](2020-02-17  08:06:57 am)작업중 정지 [d:333][t:07:44:21]
[I](2020-02-17  08:06:57 am)    [LNo:0006] 000396/000891
[I](2020-02-17  08:06:57 am)작업중 30sec 접촉 정지 [d:333][t:07:44:21]
[I](2020-02-17  08:12:44 am)작업 재시작
[I](2020-02-17  08:34:43 am)작업중 정지 [d:355][t:08:12:07]
[I](2020-02-17  08:34:43 am)    [LNo:0006] 000404/000891
[I](2020-02-17  08:34:43 am)작업중 M코드정지 [d:355][t:08:12:07]
[I](2020-02-17  08:35:47 am)작업중 정지 [d:356][t:08:13:10]
[I](2020-02-17  08:35:47 am)    [LNo:0006] 000407/000891
[I](2020-02-17  08:35:47 am)작업중 M코드정지 [d:356][t:08:13:10]
[I](2020-02-17  08:38:31 am)작업중 정지 [d:356][t:08:15:54]
[I](2020-02-17  08:38:31 am)    [LNo:0006] 000424/000891
[I](2020-02-17  08:38:31 am)작업중 30sec 접촉 정지 [d:356][t:08:15:55]
[I](2020-02-17  08:43:38 am)작업 재시작
[I](2020-02-17  08:56:31 am)작업중 정지 [d:368][t:08:33:55]
[I](2020-02-17  08:56:31 am)    [LNo:0006] 000431/000891
[I](2020-02-17  08:56:31 am)작업중 M코드정지 [d:368][t:08:33:55]
[I](2020-02-17  09:02:54 am)작업중 정지 [d:368][t:08:40:18]
[I](2020-02-17  09:02:54 am)    [LNo:0006] 000433/000891
[I](2020-02-17  09:03:23 am)작업 재시작
[I](2020-02-17  09:03:28 am)작업중 정지 [d:368][t:08:40:52]
[I](2020-02-17  09:03:28 am)    [LNo:0006] 000435/000891
[I](2020-02-17  09:03:28 am)작업중 M코드정지 [d:368][t:08:40:52]
[I](2020-02-17  09:26:07 am)작업중 정지 [d:389][t:09:03:30]
[I](2020-02-17  09:26:07 am)    [LNo:0006] 000460/000891
[I](2020-02-17  09:26:07 am)작업중 M코드정지 [d:389][t:09:03:30]
[I](2020-02-17  09:28:28 am)작업중 정지 [d:389][t:09:05:51]
[I](2020-02-17  09:28:28 am)    [LNo:0006] 000461/000891
[I](2020-02-17  09:28:47 am)작업 재시작
[I](2020-02-17  09:28:53 am)작업중 정지 [d:389][t:09:06:17]
[I](2020-02-17  09:28:53 am)    [LNo:0006] 000463/000891
[I](2020-02-17  09:28:54 am)작업중 M코드정지 [d:389][t:09:06:17]
[I](2020-02-17  10:02:05 am)작업중 정지 [d:421][t:09:39:28]
[I](2020-02-17  10:02:05 am)    [LNo:0006] 000547/000891
[I](2020-02-17  10:02:05 am)작업중 M코드정지 [d:421][t:09:39:28]
[I](2020-02-17  10:02:17 am)Reset
[I](2020-02-17  10:02:27 am)작업 시작 [Start d:690]
[I](2020-02-17  10:02:27 am)Nc File: [No.0006-508.NC]
[I](2020-02-17  10:02:27 am)  * Start Machine Position
[I](2020-02-17  10:02:27 am)    X:    198.9871
[I](2020-02-17  10:02:27 am)    Y:   -313.5661
[I](2020-02-17  10:02:27 am)    U:      0.0000
[I](2020-02-17  10:02:27 am)    V:      0.0000
[I](2020-02-17  10:02:27 am)    Z:     30.4316
[I](2020-02-17  10:02:27 am)  * Angle
[I](2020-02-17  10:02:27 am)    Ar:     -0.0611,Kr:      0.0000
[I](2020-02-17  10:02:27 am)    Taper_Ar:      0.0000
[I](2020-02-17  10:02:29 am)작업중 정지 [d:0][t:00:00:01]
[I](2020-02-17  10:02:29 am)    [LNo:0006] 000413/000891
[A](2020-02-17  10:03:26 am)[036] 자동결선 절단 공정 실패!!
[I](2020-02-17  10:03:48 am)Reset
[I](2020-02-17  10:04:00 am)Reset
[I](2020-02-17  10:04:16 am)작업 시작 [Start d:690]
[I](2020-02-17  10:04:16 am)Nc File: [No.0006-508.NC]
[I](2020-02-17  10:04:16 am)  * Start Machine Position
[I](2020-02-17  10:04:16 am)    X:    198.9871
[I](2020-02-17  10:04:16 am)    Y:   -313.5661
[I](2020-02-17  10:04:16 am)    U:      0.0000
[I](2020-02-17  10:04:16 am)    V:      0.0000
[I](2020-02-17  10:04:16 am)    Z:     30.4316
[I](2020-02-17  10:04:16 am)  * Angle
[I](2020-02-17  10:04:16 am)    Ar:     -0.0611,Kr:      0.0000
[I](2020-02-17  10:04:16 am)    Taper_Ar:      0.0000
[I](2020-02-17  10:04:19 am)작업중 정지 [d:0][t:00:00:02]
[I](2020-02-17  10:04:19 am)    [LNo:0006] 000479/000891
[A](2020-02-17  10:04:19 am)[008] 작업중 단선(AWF Feed Motor Stop )
[I](2020-02-17  10:04:19 am)작업중 Wire 단선 [d:0][t:00:00:02]
[I](2020-02-17  11:31:28 am)작업중 정지 [d:72][t:01:27:11]
[I](2020-02-17  11:31:28 am)    [LNo:0006] 000887/000891
[I](2020-02-17  11:31:28 am)작업중 M코드정지 [d:72][t:01:27:11]
[I](2020-02-17  11:50:21 am)Reset
[I](2020-02-17  11:50:21 am)Reset
[I](2020-02-17  11:50:32 am)Reset
[I](2020-02-17  11:51:20 am)Reset
[I](2020-02-17  11:51:21 am)Reset
[I](2020-02-17  11:52:52 am)Reset
[I](2020-02-17  11:55:13 am)Reset
[I](2020-02-17  11:55:28 am)Reset
[I](2020-02-17  11:57:58 am)작업 시작 [Start d:762]
[I](2020-02-17  11:57:58 am)Nc File: [No.0007-509.NC]
[I](2020-02-17  11:57:58 am)  * Start Machine Position
[I](2020-02-17  11:57:58 am)    X:    422.1033
[I](2020-02-17  11:57:58 am)    Y:   -380.7127
[I](2020-02-17  11:57:58 am)    U:     -0.0099
[I](2020-02-17  11:57:58 am)    V:      0.9029
[I](2020-02-17  11:57:58 am)    Z:     33.0801
[I](2020-02-17  11:57:58 am)  * Angle
[I](2020-02-17  11:57:58 am)    Ar:      0.6316,Kr:      0.0000
[I](2020-02-17  11:57:58 am)    Taper_Ar:      0.0000
[I](2020-02-17  11:58:00 am)작업중 정지 [d:0][t:00:00:02]
[I](2020-02-17  11:58:00 am)    [LNo:0007] 000010/000173
[I](2020-02-17  11:58:00 am)작업중 M코드정지 [d:0][t:00:00:02]
[I](2020-02-17  12:28:04 pm)작업중 정지 [d:30][t:00:30:06]
[I](2020-02-17  12:28:04 pm)    [LNo:0007] 000040/000173
[I](2020-02-17  12:28:04 pm)작업중 M코드정지 [d:30][t:00:30:06]
[I](2020-02-17  12:38:51 pm)작업중 정지 [d:30][t:00:40:53]
[I](2020-02-17  12:38:51 pm)    [LNo:0007] 000043/000173
[I](2020-02-17  12:38:51 pm)작업중 M코드정지 [d:30][t:00:40:53]
[I](2020-02-17  12:45:11 pm)작업중 정지 [d:34][t:00:47:12]
[I](2020-02-17  12:45:11 pm)    [LNo:0007] 000078/000173
[I](2020-02-17  12:45:11 pm)작업중 M코드정지 [d:34][t:00:47:13]
[I](2020-02-17  12:45:30 pm)Reset
[I](2020-02-17  12:45:31 pm)Reset
[A](2020-02-17  12:45:46 pm)[084] Work Tank Fluid Sensor Abnormal
[I](2020-02-17  12:48:20 pm)Reset
[I](2020-02-17  12:49:39 pm)Reset
[I](2020-02-17  12:50:24 pm)Reset
[I](2020-02-17  12:50:46 pm)Reset
[A](2020-02-17  12:51:32 pm)[037] 자동결선 잔여 WIRE 처리 실패!!
[I](2020-02-17  12:52:35 pm)작업 시작 [Start d:796]
[I](2020-02-17  12:52:35 pm)Nc File: [No.0007-509.NC]
[I](2020-02-17  12:52:35 pm)  * Start Machine Position
[I](2020-02-17  12:52:35 pm)    X:    422.7082
[I](2020-02-17  12:52:35 pm)    Y:   -372.2797
[I](2020-02-17  12:52:35 pm)    U:      0.0179
[I](2020-02-17  12:52:35 pm)    V:      0.0001
[I](2020-02-17  12:52:35 pm)    Z:     33.0801
[I](2020-02-17  12:52:35 pm)  * Angle
[I](2020-02-17  12:52:35 pm)    Ar:      0.5058,Kr:      0.0000
[I](2020-02-17  12:52:35 pm)    Taper_Ar:      0.0000
[I](2020-02-17  12:53:02 pm)작업중 정지 [d:0][t:00:00:27]
[I](2020-02-17  12:53:02 pm)    [LNo:0007] 000084/000173
[I](2020-02-17  12:53:05 pm)작업중 정지 [d:0][t:00:00:30]
[I](2020-02-17  12:53:05 pm)    [LNo:0007] 000087/000173
[I](2020-02-17  12:53:08 pm)작업중 정지 [d:0][t:00:00:33]
[I](2020-02-17  12:53:08 pm)    [LNo:0007] 000087/000173
[I](2020-02-17  12:53:10 pm)Reset
[I](2020-02-17  12:53:41 pm)작업 시작 [Start d:796]
[I](2020-02-17  12:53:41 pm)Nc File: [No.0007-509.NC]
[I](2020-02-17  12:53:41 pm)  * Start Machine Position
[I](2020-02-17  12:53:41 pm)    X:    422.7082
[I](2020-02-17  12:53:41 pm)    Y:   -372.2797
[I](2020-02-17  12:53:41 pm)    U:      0.0179
[I](2020-02-17  12:53:41 pm)    V:      0.0001
[I](2020-02-17  12:53:41 pm)    Z:     33.0801
[I](2020-02-17  12:53:41 pm)  * Angle
[I](2020-02-17  12:53:41 pm)    Ar:      0.5058,Kr:      0.0000
[I](2020-02-17  12:53:41 pm)    Taper_Ar:      0.0000
[I](2020-02-17  12:53:41 pm)작업중 정지 [d:0][t:00:00:00]
[I](2020-02-17  12:53:41 pm)    [LNo:0007] 000005/000173
[I](2020-02-17  12:53:41 pm)작업중 Single Block Stop [d:0][t:00:00:00]
[I](2020-02-17  12:53:50 pm)Reset
[I](2020-02-17  12:53:51 pm)Reset
[I](2020-02-17  12:55:08 pm)작업 시작 [Start d:796]
[I](2020-02-17  12:55:08 pm)Nc File: [No.0007-509.NC]
[I](2020-02-17  12:55:08 pm)  * Start Machine Position
[I](2020-02-17  12:55:08 pm)    X:    422.7082
[I](2020-02-17  12:55:08 pm)    Y:   -372.2797
[I](2020-02-17  12:55:08 pm)    U:      0.0179
[I](2020-02-17  12:55:08 pm)    V:      0.0001
[I](2020-02-17  12:55:08 pm)    Z:     33.0801
[I](2020-02-17  12:55:08 pm)  * Angle
[I](2020-02-17  12:55:08 pm)    Ar:      0.5058,Kr:      0.0000
[I](2020-02-17  12:55:08 pm)    Taper_Ar:      0.0000
[I](2020-02-17  12:55:22 pm)작업중 정지 [d:0][t:00:00:13]
[I](2020-02-17  12:55:22 pm)    [LNo:0007] 000097/000173
[I](2020-02-17  12:55:22 pm)작업중 M코드정지 [d:0][t:00:00:13]
[I](2020-02-17  12:55:25 pm)작업중 정지 [d:0][t:00:00:16]
[I](2020-02-17  12:55:25 pm)    [LNo:0007] 000100/000173
[I](2020-02-17  12:55:25 pm)작업중 M코드정지 [d:0][t:00:00:16]
[I](2020-02-17  12:55:31 pm)작업중 정지 [d:0][t:00:00:23]
[I](2020-02-17  12:55:31 pm)    [LNo:0007] 000102/000173
[I](2020-02-17  12:55:31 pm)작업중 M코드정지 [d:0][t:00:00:23]
[I](2020-02-17  01:19:58 pm)작업중 정지 [d:24][t:00:24:49]
[I](2020-02-17  01:19:58 pm)    [LNo:0007] 000131/000173
[I](2020-02-17  01:19:58 pm)작업중 30sec 접촉 정지 [d:24][t:00:24:49]
[I](2020-02-17  01:21:09 pm)작업 재시작
[I](2020-02-17  01:21:18 pm)작업중 정지 [d:24][t:00:26:09]
[I](2020-02-17  01:21:18 pm)    [LNo:0007] 000132/000173
[I](2020-02-17  01:21:18 pm)작업중 M코드정지 [d:24][t:00:26:09]
[I](2020-02-17  01:25:49 pm)작업중 정지 [d:24][t:00:30:40]
[I](2020-02-17  01:25:49 pm)    [LNo:0007] 000135/000173
[I](2020-02-17  01:25:49 pm)작업중 M코드정지 [d:24][t:00:30:40]
[I](2020-02-17  01:31:00 pm)작업중 정지 [d:29][t:00:35:51]
[I](2020-02-17  01:31:00 pm)    [LNo:0007] 000166/000173
[I](2020-02-17  01:31:00 pm)작업중 M코드정지 [d:29][t:00:35:51]
[A](2020-02-17  01:31:32 pm)[091] Auto Door Sensor Abnormal
[I](2020-02-17  01:36:15 pm)Reset
[I](2020-02-17  01:36:16 pm)Reset
[I](2020-02-17  01:36:27 pm)Reset
[I](2020-02-17  01:36:29 pm)Reset
[I](2020-02-17  01:37:10 pm)Reset
[I](2020-02-17  01:38:29 pm)Reset
[I](2020-02-17  01:39:18 pm)Reset
[I](2020-02-17  01:39:58 pm)Reset
[I](2020-02-17  01:40:23 pm)Reset
[I](2020-02-17  01:42:20 pm)작업 시작 [Start d:825]
[I](2020-02-17  01:42:20 pm)Nc File: [No.0007-510.NC]
[I](2020-02-17  01:42:20 pm)  * Start Machine Position
[I](2020-02-17  01:42:20 pm)    X:    374.6194
[I](2020-02-17  01:42:20 pm)    Y:   -354.8477
[I](2020-02-17  01:42:20 pm)    U:     -0.0062
[I](2020-02-17  01:42:20 pm)    V:     -0.0198
[I](2020-02-17  01:42:20 pm)    Z:     45.3776
[I](2020-02-17  01:42:20 pm)  * Angle
[I](2020-02-17  01:42:20 pm)    Ar:     -1.1400,Kr:      0.0000
[I](2020-02-17  01:42:20 pm)    Taper_Ar:      0.0000
[I](2020-02-17  01:42:23 pm)작업중 정지 [d:0][t:00:00:02]
[I](2020-02-17  01:42:23 pm)    [LNo:0007] 000010/000179
[I](2020-02-17  01:42:23 pm)작업중 M코드정지 [d:0][t:00:00:02]
[I](2020-02-17  02:14:43 pm)작업중 정지 [d:32][t:00:32:23]
[I](2020-02-17  02:14:43 pm)    [LNo:0007] 000037/000179
[I](2020-02-17  02:15:19 pm)작업 재시작
[I](2020-02-17  02:15:26 pm)작업중 정지 [d:32][t:00:33:05]
[I](2020-02-17  02:15:26 pm)    [LNo:0007] 000038/000179
[I](2020-02-17  02:15:26 pm)작업중 M코드정지 [d:32][t:00:33:05]
[I](2020-02-17  02:16:11 pm)작업중 정지 [d:32][t:00:33:51]
[I](2020-02-17  02:16:11 pm)    [LNo:0007] 000041/000179
[I](2020-02-17  02:16:12 pm)작업중 M코드정지 [d:32][t:00:33:51]
[I](2020-02-17  02:23:48 pm)작업중 정지 [d:39][t:00:41:27]
[I](2020-02-17  02:23:48 pm)    [LNo:0007] 000073/000179
[I](2020-02-17  02:23:48 pm)작업중 M코드정지 [d:39][t:00:41:27]
[A](2020-02-17  02:24:13 pm)[084] Work Tank Fluid Sensor Abnormal
[A](2020-02-17  02:24:13 pm)[084] Work Tank Fluid Sensor Abnormal
[I](2020-02-17  02:24:47 pm)Reset
[I](2020-02-17  02:24:47 pm)Reset
[I](2020-02-17  02:24:59 pm)Reset
[I](2020-02-17  02:26:11 pm)Reset
[I](2020-02-17  02:29:08 pm)Reset
[I](2020-02-17  02:29:09 pm)Reset
[I](2020-02-17  02:30:27 pm)작업 시작 [Start d:864]
[I](2020-02-17  02:30:27 pm)Nc File: [No.0007-510.NC]
[I](2020-02-17  02:30:27 pm)  * Start Machine Position
[I](2020-02-17  02:30:27 pm)    X:    371.5931
[I](2020-02-17  02:30:27 pm)    Y:   -357.3797
[I](2020-02-17  02:30:27 pm)    U:     -0.0108
[I](2020-02-17  02:30:27 pm)    V:      0.0798
[I](2020-02-17  02:30:27 pm)    Z:     45.3776
[I](2020-02-17  02:30:27 pm)  * Angle
[I](2020-02-17  02:30:27 pm)    Ar:      0.6436,Kr:      0.0000
[I](2020-02-17  02:30:27 pm)    Taper_Ar:      0.0000
[I](2020-02-17  02:30:30 pm)작업중 정지 [d:0][t:00:00:02]
[I](2020-02-17  02:30:30 pm)    [LNo:0007] 000010/000179
[I](2020-02-17  02:30:30 pm)작업중 M코드정지 [d:0][t:00:00:02]
[I](2020-02-17  03:02:46 pm)작업중 정지 [d:32][t:00:32:19]
[I](2020-02-17  03:02:46 pm)    [LNo:0007] 000038/000179
[I](2020-02-17  03:02:46 pm)작업중 M코드정지 [d:32][t:00:32:19]
[I](2020-02-17  03:03:16 pm)작업중 정지 [d:32][t:00:32:49]
[I](2020-02-17  03:03:16 pm)    [LNo:0007] 000041/000179
[I](2020-02-17  03:03:16 pm)작업중 M코드정지 [d:32][t:00:32:49]
[I](2020-02-17  03:12:24 pm)작업중 정지 [d:40][t:00:41:56]
[I](2020-02-17  03:12:24 pm)    [LNo:0007] 000074/000179
[I](2020-02-17  03:12:24 pm)작업중 M코드정지 [d:40][t:00:41:56]
[I](2020-02-17  03:13:40 pm)Reset
[I](2020-02-17  03:13:41 pm)Reset
[I](2020-02-17  03:13:51 pm)Reset
[I](2020-02-17  03:14:17 pm)Reset
[I](2020-02-17  03:15:07 pm)Reset
[I](2020-02-17  03:16:42 pm)Reset
[I](2020-02-17  03:17:15 pm)Reset
[I](2020-02-17  03:17:30 pm)Reset
[I](2020-02-17  03:17:31 pm)Reset
[I](2020-02-17  03:18:09 pm)작업 시작 [Start d:904]
[I](2020-02-17  03:18:09 pm)Nc File: [No.0007-510.NC]
[I](2020-02-17  03:18:09 pm)  * Start Machine Position
[I](2020-02-17  03:18:09 pm)    X:    367.5711
[I](2020-02-17  03:18:09 pm)    Y:   -359.2410
[I](2020-02-17  03:18:09 pm)    U:     -0.0299
[I](2020-02-17  03:18:09 pm)    V:     -0.0240
[I](2020-02-17  03:18:09 pm)    Z:     45.3776
[I](2020-02-17  03:18:09 pm)  * Angle
[I](2020-02-17  03:18:09 pm)    Ar:      0.2210,Kr:      0.0000
[I](2020-02-17  03:18:09 pm)    Taper_Ar:      0.0000
[I](2020-02-17  03:18:16 pm)작업중 정지 [d:0][t:00:00:07]
[I](2020-02-17  03:18:16 pm)    [LNo:0007] 000093/000179
[I](2020-02-17  03:18:16 pm)작업중 M코드정지 [d:0][t:00:00:07]
[I](2020-02-17  03:18:18 pm)작업중 정지 [d:0][t:00:00:09]
[I](2020-02-17  03:18:18 pm)    [LNo:0007] 000096/000179
[I](2020-02-17  03:18:19 pm)작업중 M코드정지 [d:0][t:00:00:09]
[I](2020-02-17  03:18:24 pm)작업중 정지 [d:0][t:00:00:15]
[I](2020-02-17  03:18:24 pm)    [LNo:0007] 000098/000179
[I](2020-02-17  03:18:24 pm)작업중 M코드정지 [d:0][t:00:00:15]
[I](2020-02-17  03:18:35 pm)작업중 정지 [d:0][t:00:00:26]
[I](2020-02-17  03:18:35 pm)    [LNo:0007] 000108/000179
[I](2020-02-17  03:49:11 pm)작업중 정지 [d:30][t:00:31:02]
[I](2020-02-17  03:49:11 pm)    [LNo:0007] 000133/000179
[I](2020-02-17  03:49:11 pm)작업중 M코드정지 [d:30][t:00:31:02]
[I](2020-02-17  03:50:03 pm)작업중 정지 [d:30][t:00:31:53]
[I](2020-02-17  03:50:03 pm)    [LNo:0007] 000135/000179
[I](2020-02-17  03:50:03 pm)Wire Contact Auto Stop(M52)
[I](2020-02-17  03:50:28 pm)작업 재시작
[I](2020-02-17  03:50:30 pm)작업중 정지 [d:30][t:00:32:21]
[I](2020-02-17  03:50:30 pm)    [LNo:0007] 000136/000179
[I](2020-02-17  03:50:30 pm)작업중 M코드정지 [d:30][t:00:32:21]
[I](2020-02-17  03:50:55 pm)작업중 정지 [d:30][t:00:32:46]
[I](2020-02-17  03:50:55 pm)    [LNo:0007] 000149/000179
[I](2020-02-17  03:50:55 pm)작업중 30sec 접촉 정지 [d:30][t:00:32:46]
[I](2020-02-17  03:52:03 pm)작업 재시작
[I](2020-02-17  03:52:08 pm)작업중 정지 [d:30][t:00:33:59]
[I](2020-02-17  03:52:08 pm)    [LNo:0007] 000149/000179
[I](2020-02-17  03:52:08 pm)작업중 30sec 접촉 정지 [d:30][t:00:33:59]
[I](2020-02-17  03:52:25 pm)작업 재시작
[I](2020-02-17  03:52:29 pm)작업중 정지 [d:30][t:00:34:19]
[I](2020-02-17  03:52:29 pm)    [LNo:0007] 000149/000179
[I](2020-02-17  03:53:43 pm)작업 재시작
[I](2020-02-17  03:59:00 pm)작업중 정지 [d:35][t:00:40:51]
[I](2020-02-17  03:59:00 pm)    [LNo:0007] 000172/000179
[I](2020-02-17  03:59:00 pm)작업중 M코드정지 [d:35][t:00:40:51]
[I](2020-02-17  03:59:34 pm)Reset
[I](2020-02-17  03:59:34 pm)Reset
[I](2020-02-17  03:59:46 pm)Reset
[I](2020-02-17  03:59:46 pm)Reset
[I](2020-02-17  04:00:55 pm)Reset
[I](2020-02-17  04:00:56 pm)Reset
[I](2020-02-17  04:01:29 pm)Reset
[I](2020-02-17  04:01:56 pm)Reset
[I](2020-02-17  04:04:25 pm)Reset
[I](2020-02-17  04:04:26 pm)Reset
[I](2020-02-17  04:04:39 pm)Reset
[I](2020-02-17  04:04:40 pm)Reset
[I](2020-02-17  04:05:10 pm)작업 시작 [Start d:939]
[I](2020-02-17  04:05:10 pm)Nc File: [No.0007-510.NC]
[I](2020-02-17  04:05:10 pm)  * Start Machine Position
[I](2020-02-17  04:05:10 pm)    X:    365.3846
[I](2020-02-17  04:05:10 pm)    Y:   -358.8381
[I](2020-02-17  04:05:10 pm)    U:     -0.0268
[I](2020-02-17  04:05:10 pm)    V:     -0.0132
[I](2020-02-17  04:05:10 pm)    Z:     45.3776
[I](2020-02-17  04:05:10 pm)  * Angle
[I](2020-02-17  04:05:10 pm)    Ar:      0.4955,Kr:      0.0000
[I](2020-02-17  04:05:10 pm)    Taper_Ar:      0.0000
[I](2020-02-17  04:05:17 pm)작업중 정지 [d:0][t:00:00:07]
[I](2020-02-17  04:05:17 pm)    [LNo:0007] 000093/000179
[I](2020-02-17  04:05:17 pm)작업중 M코드정지 [d:0][t:00:00:07]
[I](2020-02-17  04:05:21 pm)작업중 정지 [d:0][t:00:00:10]
[I](2020-02-17  04:05:21 pm)    [LNo:0007] 000096/000179
[I](2020-02-17  04:05:21 pm)작업중 M코드정지 [d:0][t:00:00:10]
[I](2020-02-17  04:05:22 pm)작업중 정지 [d:0][t:00:00:12]
[I](2020-02-17  04:05:22 pm)    [LNo:0007] 000098/000179
[I](2020-02-17  04:05:22 pm)작업중 M코드정지 [d:0][t:00:00:12]
[I](2020-02-17  04:38:49 pm)작업중 정지 [d:33][t:00:33:38]
[I](2020-02-17  04:38:49 pm)    [LNo:0007] 000133/000179
[I](2020-02-17  04:38:49 pm)작업중 M코드정지 [d:33][t:00:33:38]
[I](2020-02-17  04:40:26 pm)작업중 정지 [d:33][t:00:35:16]
[I](2020-02-17  04:40:26 pm)    [LNo:0007] 000136/000179
[I](2020-02-17  04:40:26 pm)작업중 M코드정지 [d:33][t:00:35:16]
[I](2020-02-17  04:47:31 pm)작업중 정지 [d:39][t:00:42:20]
[I](2020-02-17  04:47:31 pm)    [LNo:0007] 000172/000179
[I](2020-02-17  04:47:31 pm)작업중 M코드정지 [d:39][t:00:42:20]
[I](2020-02-17  04:47:51 pm)Reset
[I](2020-02-17  04:48:02 pm)Reset
[I](2020-02-17  04:49:53 pm)Reset
[I](2020-02-17  04:50:50 pm)Reset
[I](2020-02-17  04:53:14 pm)Reset
[I](2020-02-17  04:53:14 pm)Reset
[I](2020-02-17  04:53:42 pm)Reset
[I](2020-02-17  04:53:58 pm)Reset
[I](2020-02-17  04:55:18 pm)작업 시작 [Start d:978]
[I](2020-02-17  04:55:18 pm)Nc File: [No.0007-511.NC]
[I](2020-02-17  04:55:18 pm)  * Start Machine Position
[I](2020-02-17  04:55:18 pm)    X:    373.7317
[I](2020-02-17  04:55:18 pm)    Y:   -361.8951
[I](2020-02-17  04:55:18 pm)    U:     -0.0059
[I](2020-02-17  04:55:18 pm)    V:      0.1659
[I](2020-02-17  04:55:18 pm)    Z:     45.3776
[I](2020-02-17  04:55:18 pm)  * Angle
[I](2020-02-17  04:55:18 pm)    Ar:      0.3411,Kr:      0.0000
[I](2020-02-17  04:55:18 pm)    Taper_Ar:      0.0000
[I](2020-02-17  04:55:18 pm)작업중 정지 [d:0][t:00:00:00]
[I](2020-02-17  04:55:18 pm)    [LNo:0007] 000005/000541
[I](2020-02-17  04:55:18 pm)작업중 Single Block Stop [d:0][t:00:00:00]
[I](2020-02-17  04:55:22 pm)작업중 정지 [d:0][t:00:00:03]
[I](2020-02-17  04:55:22 pm)    [LNo:0007] 000006/000541
[I](2020-02-17  04:55:22 pm)작업중 Single Block Stop [d:0][t:00:00:03]
[I](2020-02-17  04:55:30 pm)작업중 정지 [d:0][t:00:00:11]
[I](2020-02-17  04:55:30 pm)    [LNo:0007] 000010/000541
[I](2020-02-17  04:55:30 pm)작업중 M코드정지 [d:0][t:00:00:11]
[I](2020-02-17  05:21:03 pm)작업중 정지 [d:25][t:00:25:45]
[I](2020-02-17  05:21:03 pm)    [LNo:0007] 000040/000541
[I](2020-02-17  05:21:03 pm)작업중 M코드정지 [d:25][t:00:25:45]
[I](2020-02-17  05:21:59 pm)작업중 정지 [d:25][t:00:26:40]
[I](2020-02-17  05:21:59 pm)    [LNo:0007] 000043/000541
[I](2020-02-17  05:21:59 pm)작업중 M코드정지 [d:25][t:00:26:40]
[I](2020-02-17  05:26:58 pm)작업중 정지 [d:30][t:00:31:39]
[I](2020-02-17  05:26:58 pm)    [LNo:0007] 000077/000541
[I](2020-02-17  05:26:58 pm)작업중 M코드정지 [d:30][t:00:31:39]
[I](2020-02-17  05:33:58 pm)Reset
[I](2020-02-17  05:34:11 pm)Reset
[I](2020-02-17  05:34:12 pm)Reset
[I](2020-02-17  05:35:21 pm)Reset
[I](2020-02-17  05:37:52 pm)Reset
[I](2020-02-17  05:39:07 pm)작업 시작 [Start d:1008]
[I](2020-02-17  05:39:07 pm)Nc File: [No.0007-511.NC]
[I](2020-02-17  05:39:07 pm)  * Start Machine Position
[I](2020-02-17  05:39:07 pm)    X:    379.2562
[I](2020-02-17  05:39:07 pm)    Y:   -357.1084
[I](2020-02-17  05:39:07 pm)    U:     -0.0414
[I](2020-02-17  05:39:07 pm)    V:      0.1896
[I](2020-02-17  05:39:07 pm)    Z:     45.3776
[I](2020-02-17  05:39:07 pm)  * Angle
[I](2020-02-17  05:39:07 pm)    Ar:      0.4241,Kr:      0.0000
[I](2020-02-17  05:39:07 pm)    Taper_Ar:      0.0000
[I](2020-02-17  05:39:14 pm)작업중 정지 [d:0][t:00:00:07]
[I](2020-02-17  05:39:14 pm)    [LNo:0007] 000097/000541
[I](2020-02-17  05:39:14 pm)작업중 M코드정지 [d:0][t:00:00:07]
[I](2020-02-17  05:39:16 pm)작업중 정지 [d:0][t:00:00:08]
[I](2020-02-17  05:39:16 pm)    [LNo:0007] 000100/000541
[I](2020-02-17  05:39:16 pm)작업중 M코드정지 [d:0][t:00:00:09]
[I](2020-02-17  05:39:48 pm)작업중 정지 [d:0][t:00:00:41]
[I](2020-02-17  05:39:48 pm)    [LNo:0007] 000102/000541
[I](2020-02-17  05:39:48 pm)작업중 M코드정지 [d:0][t:00:00:41]
[I](2020-02-17  06:04:19 pm)작업중 정지 [d:24][t:00:25:11]
[I](2020-02-17  06:04:19 pm)    [LNo:0007] 000136/000541
[I](2020-02-17  06:04:19 pm)작업중 M코드정지 [d:24][t:00:25:11]
[I](2020-02-17  06:28:26 pm)작업중 정지 [d:28][t:00:49:19]
[I](2020-02-17  06:28:26 pm)    [LNo:0007] 000173/000541
[I](2020-02-17  06:28:26 pm)작업중 M코드정지 [d:28][t:00:49:19]
[I](2020-02-17  06:35:22 pm)Reset
[I](2020-02-17  06:35:23 pm)Reset
[I](2020-02-17  06:35:34 pm)Reset
[I](2020-02-17  06:37:09 pm)Reset
[I](2020-02-17  06:37:09 pm)Reset
[I](2020-02-17  06:39:36 pm)Reset
[I](2020-02-17  06:40:32 pm)작업 시작 [Start d:1036]
[I](2020-02-17  06:40:32 pm)Nc File: [No.0007-511.NC]
[I](2020-02-17  06:40:32 pm)  * Start Machine Position
[I](2020-02-17  06:40:32 pm)    X:    377.4244
[I](2020-02-17  06:40:32 pm)    Y:   -356.1746
[I](2020-02-17  06:40:32 pm)    U:     -0.0300
[I](2020-02-17  06:40:32 pm)    V:      0.1499
[I](2020-02-17  06:40:32 pm)    Z:     45.3776
[I](2020-02-17  06:40:32 pm)  * Angle
[I](2020-02-17  06:40:32 pm)    Ar:      0.0198,Kr:      0.0000
[I](2020-02-17  06:40:32 pm)    Taper_Ar:      0.0000
[I](2020-02-17  06:40:40 pm)작업중 정지 [d:0][t:00:00:07]
[I](2020-02-17  06:40:40 pm)    [LNo:0007] 000193/000541
[I](2020-02-17  06:40:40 pm)작업중 M코드정지 [d:0][t:00:00:07]
[I](2020-02-17  06:40:42 pm)작업중 정지 [d:0][t:00:00:09]
[I](2020-02-17  06:40:42 pm)    [LNo:0007] 000196/000541
[I](2020-02-17  06:40:42 pm)작업중 M코드정지 [d:0][t:00:00:09]
[I](2020-02-17  06:40:45 pm)작업중 정지 [d:0][t:00:00:12]
[I](2020-02-17  06:40:45 pm)    [LNo:0007] 000196/000541
[I](2020-02-17  06:40:45 pm)작업중 Single Block Stop [d:0][t:00:00:12]
[I](2020-02-17  06:40:46 pm)작업중 정지 [d:0][t:00:00:13]
[I](2020-02-17  06:40:46 pm)    [LNo:0007] 000196/000541
[I](2020-02-17  06:40:46 pm)작업중 Single Block Stop [d:0][t:00:00:13]
[I](2020-02-17  06:40:47 pm)작업중 정지 [d:0][t:00:00:14]
[I](2020-02-17  06:40:47 pm)    [LNo:0007] 000197/000541
[I](2020-02-17  06:40:47 pm)작업중 Single Block Stop [d:0][t:00:00:14]
[I](2020-02-17  06:40:48 pm)작업중 정지 [d:0][t:00:00:15]
[I](2020-02-17  06:40:48 pm)    [LNo:0007] 000198/000541
[I](2020-02-17  06:40:48 pm)작업중 Single Block Stop [d:0][t:00:00:15]
[I](2020-02-17  06:40:49 pm)작업중 정지 [d:0][t:00:00:16]
[I](2020-02-17  06:40:49 pm)    [LNo:0007] 000198/000541
[I](2020-02-17  06:40:49 pm)작업중 Single Block Stop [d:0][t:00:00:16]
[I](2020-02-17  06:41:11 pm)작업중 정지 [d:0][t:00:00:38]
[I](2020-02-17  06:41:11 pm)    [LNo:0007] 000198/000541
[I](2020-02-17  06:41:12 pm)작업중 정지 [d:0][t:00:00:39]
[I](2020-02-17  06:41:12 pm)    [LNo:0007] 000198/000541
[I](2020-02-17  06:41:12 pm)작업중 M코드정지 [d:0][t:00:00:39]
[I](2020-02-17  07:07:33 pm)작업중 정지 [d:26][t:00:27:00]
[I](2020-02-17  07:07:33 pm)    [LNo:0007] 000232/000541
[I](2020-02-17  07:07:33 pm)작업중 M코드정지 [d:26][t:00:27:00]
[I](2020-02-17  07:08:03 pm)작업중 정지 [d:26][t:00:27:31]
[I](2020-02-17  07:08:03 pm)    [LNo:0007] 000235/000541
[I](2020-02-17  07:08:03 pm)작업중 M코드정지 [d:26][t:00:27:31]
[I](2020-02-17  07:13:00 pm)작업중 정지 [d:31][t:00:32:27]
[I](2020-02-17  07:13:00 pm)    [LNo:0007] 000269/000541
[I](2020-02-17  07:13:00 pm)작업중 M코드정지 [d:31][t:00:32:27]
[I](2020-02-17  07:17:10 pm)Reset
[I](2020-02-17  07:17:10 pm)Reset
[I](2020-02-17  07:17:22 pm)Reset
[I](2020-02-17  07:18:50 pm)Reset
[I](2020-02-17  07:21:01 pm)Reset
[I](2020-02-17  07:21:01 pm)Reset
[I](2020-02-17  07:21:15 pm)Reset
[I](2020-02-17  07:21:15 pm)Reset
[I](2020-02-17  07:21:49 pm)Reset
[I](2020-02-17  07:22:22 pm)Reset
[I](2020-02-17  07:22:22 pm)Reset
[I](2020-02-17  07:22:57 pm)작업 시작 [Start d:1067]
[I](2020-02-17  07:22:57 pm)Nc File: [No.0007-511.NC]
[I](2020-02-17  07:22:57 pm)  * Start Machine Position
[I](2020-02-17  07:22:57 pm)    X:    377.2457
[I](2020-02-17  07:22:57 pm)    Y:   -356.5034
[I](2020-02-17  07:22:57 pm)    U:     -0.0339
[I](2020-02-17  07:22:57 pm)    V:      0.1702
[I](2020-02-17  07:22:57 pm)    Z:     45.3776
[I](2020-02-17  07:22:57 pm)  * Angle
[I](2020-02-17  07:22:57 pm)    Ar:     -0.3611,Kr:      0.0000
[I](2020-02-17  07:22:57 pm)    Taper_Ar:      0.0000
[I](2020-02-17  07:23:04 pm)작업중 정지 [d:0][t:00:00:07]
[I](2020-02-17  07:23:04 pm)    [LNo:0007] 000289/000541
[I](2020-02-17  07:23:05 pm)작업중 M코드정지 [d:0][t:00:00:07]
[I](2020-02-17  07:23:06 pm)작업중 정지 [d:0][t:00:00:09]
[I](2020-02-17  07:23:06 pm)    [LNo:0007] 000292/000541
[I](2020-02-17  07:23:06 pm)작업중 M코드정지 [d:0][t:00:00:09]
[I](2020-02-17  07:23:08 pm)작업중 정지 [d:0][t:00:00:11]
[I](2020-02-17  07:23:08 pm)    [LNo:0007] 000294/000541
[I](2020-02-17  07:23:08 pm)작업중 M코드정지 [d:0][t:00:00:11]
[I](2020-02-17  07:23:45 pm)작업중 정지 [d:0][t:00:00:47]
[I](2020-02-17  07:23:45 pm)    [LNo:0007] 000304/000541
[I](2020-02-17  07:45:39 pm)작업중 정지 [d:22][t:00:22:41]
[I](2020-02-17  07:45:39 pm)    [LNo:0007] 000324/000541
[I](2020-02-17  07:45:39 pm)작업중 M코드정지 [d:22][t:00:22:41]
[I](2020-02-17  07:45:59 pm)작업중 정지 [d:22][t:00:23:01]
[I](2020-02-17  07:45:59 pm)    [LNo:0007] 000327/000541
[I](2020-02-17  07:45:59 pm)작업중 M코드정지 [d:22][t:00:23:01]
[I](2020-02-17  07:50:44 pm)작업중 정지 [d:27][t:00:27:46]
[I](2020-02-17  07:50:44 pm)    [LNo:0007] 000357/000541
[I](2020-02-17  07:50:44 pm)작업중 M코드정지 [d:27][t:00:27:46]
[I](2020-02-17  07:52:38 pm)Reset
[I](2020-02-17  07:52:49 pm)Reset
[I](2020-02-17  07:53:19 pm)Reset
[I](2020-02-17  07:53:19 pm)Reset
[I](2020-02-17  07:53:51 pm)Reset
[I](2020-02-17  07:56:31 pm)Reset
[I](2020-02-17  07:56:31 pm)Reset
[I](2020-02-17  07:57:10 pm)Reset
[I](2020-02-17  07:57:59 pm)작업 시작 [Start d:1094]
[I](2020-02-17  07:57:59 pm)Nc File: [No.0007-511.NC]
[I](2020-02-17  07:57:59 pm)  * Start Machine Position
[I](2020-02-17  07:57:59 pm)    X:    377.4271
[I](2020-02-17  07:57:59 pm)    Y:   -351.1155
[I](2020-02-17  07:57:59 pm)    U:     -0.0726
[I](2020-02-17  07:57:59 pm)    V:      0.3301
[I](2020-02-17  07:57:59 pm)    Z:     45.3776
[I](2020-02-17  07:57:59 pm)  * Angle
[I](2020-02-17  07:57:59 pm)    Ar:     -0.2336,Kr:      0.0000
[I](2020-02-17  07:57:59 pm)    Taper_Ar:      0.0000
[I](2020-02-17  07:58:07 pm)작업중 정지 [d:0][t:00:00:07]
[I](2020-02-17  07:58:07 pm)    [LNo:0007] 000377/000541
[I](2020-02-17  07:58:07 pm)작업중 M코드정지 [d:0][t:00:00:07]
[I](2020-02-17  07:58:10 pm)작업중 정지 [d:0][t:00:00:10]
[I](2020-02-17  07:58:10 pm)    [LNo:0007] 000380/000541
[I](2020-02-17  07:58:10 pm)작업중 M코드정지 [d:0][t:00:00:10]
[I](2020-02-17  07:58:11 pm)작업중 정지 [d:0][t:00:00:11]
[I](2020-02-17  07:58:11 pm)    [LNo:0007] 000382/000541
[I](2020-02-17  07:58:11 pm)작업중 M코드정지 [d:0][t:00:00:11]
[I](2020-02-17  08:24:58 pm)작업중 정지 [d:26][t:00:26:58]
[I](2020-02-17  08:24:58 pm)    [LNo:0007] 000411/000541
[I](2020-02-17  08:24:58 pm)작업중 30sec 접촉 정지 [d:26][t:00:26:59]
[I](2020-02-17  08:25:26 pm)작업 재시작
[I](2020-02-17  08:25:36 pm)작업중 정지 [d:27][t:00:27:37]
[I](2020-02-17  08:25:36 pm)    [LNo:0007] 000412/000541
[I](2020-02-17  08:25:36 pm)작업중 M코드정지 [d:27][t:00:27:37]
[I](2020-02-17  08:28:32 pm)작업중 정지 [d:27][t:00:30:32]
[I](2020-02-17  08:28:32 pm)    [LNo:0007] 000415/000541
[I](2020-02-17  08:28:32 pm)작업중 M코드정지 [d:27][t:00:30:32]
[I](2020-02-17  08:33:07 pm)작업중 정지 [d:31][t:00:35:07]
[I](2020-02-17  08:33:07 pm)    [LNo:0007] 000446/000541
[I](2020-02-17  08:33:07 pm)작업중 M코드정지 [d:31][t:00:35:07]
[I](2020-02-17  08:41:26 pm)Reset
[I](2020-02-17  08:41:32 pm)Reset
[I](2020-02-17  08:41:33 pm)Reset
[I](2020-02-17  08:41:36 pm)Reset
[A](2020-02-17  08:46:48 pm)[036] 자동결선 절단 공정 실패!!
[I](2020-02-17  08:47:02 pm)Reset
[I](2020-02-17  08:47:43 pm)Reset
[I](2020-02-17  08:51:06 pm)Reset
[A](2020-02-17  08:51:38 pm)[001] 와이어 미동작
[I](2020-02-17  08:53:02 pm)Reset
[I](2020-02-17  08:53:28 pm)Reset
[I](2020-02-17  08:53:47 pm)Reset
[I](2020-02-17  08:54:10 pm)Reset
[I](2020-02-17  08:54:31 pm)Reset
[I](2020-02-17  08:54:38 pm)Reset
[I](2020-02-17  08:54:55 pm)Reset
[I](2020-02-17  08:55:05 pm)Reset
[I](2020-02-17  08:55:05 pm)Reset
[I](2020-02-17  08:55:54 pm)작업 시작 [Start d:1125]
[I](2020-02-17  08:55:54 pm)Nc File: [No.0007-511.NC]
[I](2020-02-17  08:55:54 pm)  * Start Machine Position
[I](2020-02-17  08:55:54 pm)    X:    375.1423
[I](2020-02-17  08:55:54 pm)    Y:   -350.5556
[I](2020-02-17  08:55:54 pm)    U:     -0.0412
[I](2020-02-17  08:55:54 pm)    V:      0.2768
[I](2020-02-17  08:55:54 pm)    Z:     45.3776
[I](2020-02-17  08:55:54 pm)  * Angle
[I](2020-02-17  08:55:54 pm)    Ar:      0.2547,Kr:      0.0000
[I](2020-02-17  08:55:54 pm)    Taper_Ar:      0.0000
[I](2020-02-17  08:56:02 pm)작업중 정지 [d:0][t:00:00:07]
[I](2020-02-17  08:56:02 pm)    [LNo:0007] 000465/000541
[I](2020-02-17  08:56:02 pm)작업중 M코드정지 [d:0][t:00:00:07]
[I](2020-02-17  08:56:06 pm)작업중 정지 [d:0][t:00:00:11]
[I](2020-02-17  08:56:06 pm)    [LNo:0007] 000468/000541
[I](2020-02-17  08:56:06 pm)작업중 M코드정지 [d:0][t:00:00:11]
[I](2020-02-17  08:56:08 pm)작업중 정지 [d:0][t:00:00:13]
[I](2020-02-17  08:56:08 pm)    [LNo:0007] 000470/000541
[I](2020-02-17  08:56:08 pm)작업중 M코드정지 [d:0][t:00:00:13]
[I](2020-02-17  08:56:11 pm)작업중 정지 [d:0][t:00:00:16]
[I](2020-02-17  08:56:11 pm)    [LNo:0007] 000477/000541
[I](2020-02-17  09:21:48 pm)작업중 정지 [d:25][t:00:25:53]
[I](2020-02-17  09:21:48 pm)    [LNo:0007] 000500/000541
[I](2020-02-17  09:21:48 pm)작업중 M코드정지 [d:25][t:00:25:53]
[I](2020-02-17  09:22:37 pm)작업중 정지 [d:26][t:00:26:43]
[I](2020-02-17  09:22:37 pm)    [LNo:0007] 000503/000541
[I](2020-02-17  09:22:38 pm)작업중 M코드정지 [d:26][t:00:26:43]
[I](2020-02-17  09:27:12 pm)작업중 정지 [d:30][t:00:31:17]
[I](2020-02-17  09:27:12 pm)    [LNo:0007] 000534/000541
[I](2020-02-17  09:27:12 pm)작업중 M코드정지 [d:30][t:00:31:17]
[I](2020-02-17  09:53:52 pm)Reset
[I](2020-02-17  09:53:56 pm)Reset
[I](2020-02-17  09:53:56 pm)Reset
[I](2020-02-17  09:54:02 pm)Reset
[I](2020-02-17  09:54:05 pm)Reset
[I](2020-02-17  09:54:06 pm)Reset
[I](2020-02-17  09:54:10 pm)Reset
[I](2020-02-17  09:54:11 pm)Reset
[I](2020-02-17  09:54:11 pm)Reset
[I](2020-02-17  10:04:32 pm)Reset
[I](2020-02-17  10:04:34 pm)Reset
[I](2020-02-17  10:04:35 pm)Reset
[I](2020-02-17  10:06:55 pm)Reset
[I](2020-02-17  10:07:20 pm)Reset
[I](2020-02-17  10:07:40 pm)Reset
[I](2020-02-17  10:08:06 pm)Reset
[I](2020-02-17  10:08:28 pm)Reset
[I](2020-02-17  10:08:34 pm)Reset
[I](2020-02-17  10:08:44 pm)Reset
[I](2020-02-17  10:10:34 pm)Reset
[I](2020-02-17  10:11:01 pm)Reset
[I](2020-02-17  10:11:19 pm)Reset
[I](2020-02-17  10:11:44 pm)Reset
[I](2020-02-17  10:12:04 pm)Reset
[I](2020-02-17  10:12:09 pm)Reset
[I](2020-02-17  10:12:19 pm)Reset
[I](2020-02-17  10:14:57 pm)Reset
[I](2020-02-17  10:15:20 pm)Reset
[I](2020-02-17  10:15:42 pm)Reset
[I](2020-02-17  10:16:02 pm)Reset
[I](2020-02-17  10:16:07 pm)Reset
[I](2020-02-17  10:16:16 pm)Reset
[I](2020-02-17  10:16:19 pm)Reset
[I](2020-02-17  10:23:52 pm)Reset
[I](2020-02-17  10:24:21 pm)Reset
[I](2020-02-17  10:24:41 pm)Reset
[I](2020-02-17  10:25:14 pm)Reset
[I](2020-02-17  10:25:39 pm)Reset
[I](2020-02-17  10:25:44 pm)Reset
[I](2020-02-17  10:25:55 pm)Reset
[I](2020-02-17  10:25:58 pm)Reset
[I](2020-02-17  10:26:43 pm)Reset
[I](2020-02-17  10:26:45 pm)Reset
[I](2020-02-17  10:27:10 pm)Reset
[I](2020-02-17  10:27:58 pm)Reset
[I](2020-02-17  10:28:09 pm)작업 시작 [Start d:1155]
[I](2020-02-17  10:28:09 pm)Nc File: [No.0009-506.NC *]
[I](2020-02-17  10:28:09 pm)  * Start Machine Position
[I](2020-02-17  10:28:09 pm)    X:    499.7533
[I](2020-02-17  10:28:09 pm)    Y:   -352.0560
[I](2020-02-17  10:28:09 pm)    U:     -0.0180
[I](2020-02-17  10:28:09 pm)    V:     -0.0820
[I](2020-02-17  10:28:09 pm)    Z:     50.2231
[I](2020-02-17  10:28:09 pm)  * Angle
[I](2020-02-17  10:28:09 pm)    Ar:      0.0000,Kr:      0.0000
[I](2020-02-17  10:28:09 pm)    Taper_Ar:      0.0000
[I](2020-02-17  10:28:17 pm)작업중 정지 [d:0][t:00:00:07]
[I](2020-02-17  10:28:17 pm)    [LNo:0009] 000240/000385
[I](2020-02-17  10:28:17 pm)작업중 M코드정지 [d:0][t:00:00:07]
[I](2020-02-17  10:28:19 pm)작업중 정지 [d:0][t:00:00:09]
[I](2020-02-17  10:28:19 pm)    [LNo:0009] 000243/000385
[I](2020-02-17  10:28:19 pm)작업중 M코드정지 [d:0][t:00:00:09]
[I](2020-02-17  10:28:21 pm)작업중 정지 [d:0][t:00:00:11]
[I](2020-02-17  10:28:21 pm)    [LNo:0009] 000245/000385
[I](2020-02-17  10:28:21 pm)작업중 M코드정지 [d:0][t:00:00:11]
[I](2020-02-17  10:28:54 pm)작업중 정지 [d:0][t:00:00:44]
[I](2020-02-17  10:28:54 pm)    [LNo:0009] 000252/000385
[I](2020-02-17  11:09:32 pm)작업중 정지 [d:40][t:00:41:22]
[I](2020-02-17  11:09:32 pm)    [LNo:0009] 000275/000385
[I](2020-02-17  11:09:32 pm)작업중 M코드정지 [d:40][t:00:41:22]
[I](2020-02-17  11:12:26 pm)작업중 정지 [d:40][t:00:44:17]
[I](2020-02-17  11:12:26 pm)    [LNo:0009] 000277/000385
[I](2020-02-17  11:12:26 pm)작업중 M코드정지 [d:40][t:00:44:17]
[I](2020-02-17  11:19:36 pm)작업중 정지 [d:47][t:00:51:27]
[I](2020-02-17  11:19:36 pm)    [LNo:0009] 000299/000385
[I](2020-02-17  11:19:36 pm)작업중 M코드정지 [d:47][t:00:51:27]
[I](2020-02-17  11:22:24 pm)Reset
[I](2020-02-17  11:22:42 pm)Reset
[I](2020-02-17  11:22:43 pm)Reset
[I](2020-02-17  11:22:44 pm)Reset
[I](2020-02-17  11:22:52 pm)Reset
[I](2020-02-17  11:23:06 pm)작업 시작 [Start d:1202]
[I](2020-02-17  11:23:06 pm)Nc File: [No.0009-506.NC *]
[I](2020-02-17  11:23:06 pm)  * Start Machine Position
[I](2020-02-17  11:23:06 pm)    X:    350.1857
[I](2020-02-17  11:23:06 pm)    Y:   -351.4726
[I](2020-02-17  11:23:06 pm)    U:     -0.0180
[I](2020-02-17  11:23:06 pm)    V:     -1.1830
[I](2020-02-17  11:23:06 pm)    Z:     50.2231
[I](2020-02-17  11:23:06 pm)  * Angle
[I](2020-02-17  11:23:06 pm)    Ar:      0.0000,Kr:      0.0000
[I](2020-02-17  11:23:06 pm)    Taper_Ar:      0.0000
[I](2020-02-17  11:23:13 pm)작업중 정지 [d:0][t:00:00:07]
[I](2020-02-17  11:23:13 pm)    [LNo:0009] 000161/000385
[I](2020-02-17  11:23:13 pm)작업중 M코드정지 [d:0][t:00:00:07]
[I](2020-02-17  11:23:17 pm)작업중 정지 [d:0][t:00:00:11]
[I](2020-02-17  11:23:17 pm)    [LNo:0009] 000164/000385
[I](2020-02-17  11:23:17 pm)작업중 M코드정지 [d:0][t:00:00:11]
[I](2020-02-17  11:23:18 pm)작업중 정지 [d:0][t:00:00:12]
[I](2020-02-17  11:23:18 pm)    [LNo:0009] 000166/000385
[I](2020-02-17  11:23:18 pm)작업중 M코드정지 [d:0][t:00:00:12]
