[I](2020-05-03  12:15:35 am)작업중 정지 [d:32][t:01:11:34]
[I](2020-05-03  12:15:35 am)    [LNo:0011] 002153/003598
[A](2020-05-03  12:15:35 am)[009] 자동결선 Error(M20-삽입실패)
[I](2020-05-03  09:20:58 am)작업중 정지 [d:37][t:10:16:57]
[I](2020-05-03  09:20:58 am)    [LNo:0011] 002162/003598
[I](2020-05-03  09:22:36 am)작업 재시작
[I](2020-05-03  11:30:24 am)작업중 정지 [d:119][t:12:26:24]
[I](2020-05-03  11:30:24 am)    [LNo:0011] 003594/003598
[I](2020-05-03  11:30:25 am)작업중 M코드정지 [d:119][t:12:26:24]
[I](2020-05-03  12:08:34 pm)Reset
[I](2020-05-03  12:08:46 pm)작업 시작 [Start d:1504]
[I](2020-05-03  12:08:46 pm)Nc File: [No.0012-272.NC]
[I](2020-05-03  12:08:46 pm)  * Start Machine Position
[I](2020-05-03  12:08:46 pm)    X:    262.1341
[I](2020-05-03  12:08:46 pm)    Y:   -395.9068
[I](2020-05-03  12:08:46 pm)    U:      0.0000
[I](2020-05-03  12:08:46 pm)    V:      0.0000
[I](2020-05-03  12:08:46 pm)    Z:     22.3987
[I](2020-05-03  12:08:46 pm)  * Angle
[I](2020-05-03  12:08:46 pm)    Ar:      0.0015,Kr:      0.0000
[I](2020-05-03  12:08:46 pm)    Taper_Ar:      0.0000
[I](2020-05-03  12:09:03 pm)작업중 정지 [d:0][t:00:00:17]
[I](2020-05-03  12:09:03 pm)    [LNo:0012] 000010/000714
[I](2020-05-03  12:09:03 pm)작업중 M코드정지 [d:0][t:00:00:17]
[I](2020-05-03  02:04:13 pm)작업중 정지 [d:109][t:01:55:26]
[I](2020-05-03  02:04:13 pm)    [LNo:0012] 000637/000714
[I](2020-05-03  02:04:13 pm)작업중 M코드정지 [d:109][t:01:55:26]
[I](2020-05-03  02:05:42 pm)작업중 정지 [d:109][t:01:56:55]
[I](2020-05-03  02:05:42 pm)    [LNo:0012] 000641/000714
[I](2020-05-03  02:05:42 pm)작업중 M코드정지 [d:109][t:01:56:55]
[I](2020-05-03  02:15:21 pm)작업중 정지 [d:118][t:02:06:34]
[I](2020-05-03  02:15:21 pm)    [LNo:0012] 000683/000714
[I](2020-05-03  02:15:21 pm)작업중 M코드정지 [d:118][t:02:06:34]
[I](2020-05-03  02:20:26 pm)작업중 정지 [d:119][t:02:11:40]
[I](2020-05-03  02:20:26 pm)    [LNo:0012] 000687/000714
[I](2020-05-03  02:20:27 pm)작업중 M코드정지 [d:119][t:02:11:40]
[I](2020-05-03  02:23:21 pm)작업중 정지 [d:121][t:02:14:34]
[I](2020-05-03  02:23:21 pm)    [LNo:0012] 000710/000714
[I](2020-05-03  02:23:21 pm)작업중 M코드정지 [d:121][t:02:14:34]
[I](2020-05-03  02:33:16 pm)Reset
[I](2020-05-03  02:33:17 pm)Reset
[I](2020-05-03  02:33:36 pm)작업 시작 [Start d:1625]
[I](2020-05-03  02:33:36 pm)Nc File: [No.0013-278.NC]
[I](2020-05-03  02:33:36 pm)  * Start Machine Position
[I](2020-05-03  02:33:36 pm)    X:    262.1330
[I](2020-05-03  02:33:36 pm)    Y:   -350.5469
[I](2020-05-03  02:33:36 pm)    U:      0.0000
[I](2020-05-03  02:33:36 pm)    V:      0.0000
[I](2020-05-03  02:33:36 pm)    Z:     22.3987
[I](2020-05-03  02:33:36 pm)  * Angle
[I](2020-05-03  02:33:36 pm)    Ar:      0.0015,Kr:      0.0000
[I](2020-05-03  02:33:36 pm)    Taper_Ar:      0.0000
[I](2020-05-03  02:33:51 pm)작업중 정지 [d:0][t:00:00:15]
[I](2020-05-03  02:33:51 pm)    [LNo:0013] 000010/000070
[I](2020-05-03  02:33:51 pm)작업중 M코드정지 [d:0][t:00:00:15]
[I](2020-05-03  02:37:06 pm)작업중 정지 [d:0][t:00:03:30]
[I](2020-05-03  02:37:06 pm)    [LNo:0013] 000013/000070
[I](2020-05-03  02:40:33 pm)Reset
[I](2020-05-03  02:40:45 pm)작업 시작 [Start d:1625]
[I](2020-05-03  02:40:45 pm)Nc File: [No.0015-279.NC]
[I](2020-05-03  02:40:45 pm)  * Start Machine Position
[I](2020-05-03  02:40:45 pm)    X:    262.1341
[I](2020-05-03  02:40:45 pm)    Y:   -395.9068
[I](2020-05-03  02:40:45 pm)    U:      0.0000
[I](2020-05-03  02:40:45 pm)    V:      0.0000
[I](2020-05-03  02:40:45 pm)    Z:     22.3987
[I](2020-05-03  02:40:45 pm)  * Angle
[I](2020-05-03  02:40:45 pm)    Ar:      0.0015,Kr:      0.0000
[I](2020-05-03  02:40:45 pm)    Taper_Ar:      0.0000
[I](2020-05-03  02:41:00 pm)작업중 정지 [d:0][t:00:00:15]
[I](2020-05-03  02:41:00 pm)    [LNo:0015] 000010/000070
[I](2020-05-03  02:41:00 pm)작업중 M코드정지 [d:0][t:00:00:15]
[A](2020-05-03  02:41:40 pm)[037] 자동결선 잔여 WIRE 처리 실패!!
[I](2020-05-03  03:19:03 pm)작업중 정지 [d:36][t:00:38:18]
[I](2020-05-03  03:19:03 pm)    [LNo:0015] 000034/000070
[I](2020-05-03  03:19:03 pm)작업중 M코드정지 [d:36][t:00:38:18]
[I](2020-05-03  03:19:32 pm)작업중 정지 [d:36][t:00:38:47]
[I](2020-05-03  03:19:32 pm)    [LNo:0015] 000038/000070
[I](2020-05-03  03:19:32 pm)작업중 M코드정지 [d:36][t:00:38:47]
[I](2020-05-03  03:30:40 pm)작업중 정지 [d:46][t:00:49:54]
[I](2020-05-03  03:30:40 pm)    [LNo:0015] 000066/000070
[I](2020-05-03  03:30:40 pm)작업중 M코드정지 [d:46][t:00:49:54]
[A](2020-05-03  03:34:34 pm)[091] Auto Door Sensor Abnormal
[I](2020-05-03  03:59:10 pm)Reset
[I](2020-05-03  03:59:11 pm)Reset
[I](2020-05-03  03:59:19 pm)Reset
[I](2020-05-03  04:00:20 pm)Reset
[I](2020-05-03  04:00:21 pm)Reset
[I](2020-05-03  04:00:49 pm)Reset
[I](2020-05-03  04:01:09 pm)Reset
[I](2020-05-03  04:04:31 pm)Reset
[I](2020-05-03  04:04:31 pm)Reset
[I](2020-05-03  04:06:15 pm)Reset
[I](2020-05-03  04:07:27 pm)Reset
[I](2020-05-03  04:12:50 pm)Reset
[I](2020-05-03  04:13:16 pm)Reset
[I](2020-05-03  04:16:27 pm)Reset
[I](2020-05-03  04:18:27 pm)Reset
[I](2020-05-03  04:18:36 pm)Reset
[I](2020-05-03  04:18:36 pm)Reset
[I](2020-05-03  04:18:49 pm)Reset
[I](2020-05-03  04:20:02 pm)Reset
[I](2020-05-03  04:20:37 pm)Reset
[I](2020-05-03  04:23:23 pm)작업 시작 [Start d:1671]
[I](2020-05-03  04:23:23 pm)Nc File: [No.0016-647.NC]
[I](2020-05-03  04:23:23 pm)  * Start Machine Position
[I](2020-05-03  04:23:23 pm)    X:    216.3385
[I](2020-05-03  04:23:23 pm)    Y:   -342.4962
[I](2020-05-03  04:23:23 pm)    U:     -0.0800
[I](2020-05-03  04:23:23 pm)    V:      1.0849
[I](2020-05-03  04:23:23 pm)    Z:     87.2177
[I](2020-05-03  04:23:23 pm)  * Angle
[I](2020-05-03  04:23:23 pm)    Ar:     -1.2647,Kr:      0.0000
[I](2020-05-03  04:23:23 pm)    Taper_Ar:      0.0000
[I](2020-05-03  04:23:26 pm)작업중 정지 [d:0][t:00:00:02]
[I](2020-05-03  04:23:26 pm)    [LNo:0016] 000010/000114
[I](2020-05-03  04:23:26 pm)작업중 M코드정지 [d:0][t:00:00:02]
[I](2020-05-03  04:51:39 pm)작업중 정지 [d:-1649][t:00:28:15]
[I](2020-05-03  04:51:39 pm)    [LNo:0016] 000031/000114
[I](2020-05-03  04:51:39 pm)작업중 M코드정지 [d:-1649][t:00:28:15]
[I](2020-05-03  04:53:55 pm)작업중 정지 [d:-1649][t:00:30:31]
[I](2020-05-03  04:53:55 pm)    [LNo:0016] 000033/000114
[I](2020-05-03  04:53:55 pm)작업중 M코드정지 [d:-1649][t:00:30:31]
[I](2020-05-03  04:54:15 pm)작업중 정지 [d:-1649][t:00:30:52]
[I](2020-05-03  04:54:15 pm)    [LNo:0016] 000046/000114
[I](2020-05-03  04:54:15 pm)작업중 Single Block Stop [d:-1649][t:00:30:52]
[I](2020-05-03  04:57:48 pm)작업중 정지 [d:-1646][t:00:34:24]
[I](2020-05-03  04:57:48 pm)    [LNo:0016] 000056/000114
[I](2020-05-03  04:57:48 pm)작업중 M코드정지 [d:-1646][t:00:34:24]
[I](2020-05-03  04:57:58 pm)작업중 정지 [d:-1646][t:00:34:35]
[I](2020-05-03  04:57:58 pm)    [LNo:0016] 000060/000114
[I](2020-05-03  04:57:58 pm)작업중 M코드정지 [d:-1646][t:00:34:35]
[I](2020-05-03  05:19:56 pm)작업중 정지 [d:-1624][t:00:56:33]
[I](2020-05-03  05:19:56 pm)    [LNo:0016] 000081/000114
[I](2020-05-03  05:19:56 pm)작업중 M코드정지 [d:-1624][t:00:56:33]
[I](2020-05-03  05:21:08 pm)작업중 정지 [d:-1624][t:00:57:44]
[I](2020-05-03  05:21:08 pm)    [LNo:0016] 000083/000114
[I](2020-05-03  05:21:08 pm)작업중 M코드정지 [d:-1624][t:00:57:44]
[I](2020-05-03  05:21:27 pm)작업중 정지 [d:-1623][t:00:58:03]
[I](2020-05-03  05:21:27 pm)    [LNo:0016] 000096/000114
[I](2020-05-03  05:21:27 pm)작업중 Single Block Stop [d:-1623][t:00:58:03]
[I](2020-05-03  05:25:28 pm)작업중 정지 [d:-1619][t:01:02:05]
[I](2020-05-03  05:25:28 pm)    [LNo:0016] 000107/000114
[I](2020-05-03  05:25:29 pm)작업중 M코드정지 [d:-1619][t:01:02:05]
[I](2020-05-03  06:04:20 pm)Reset
[I](2020-05-03  06:12:14 pm)Reset
[I](2020-05-03  06:12:14 pm)Reset
[I](2020-05-03  06:14:40 pm)Reset
[I](2020-05-03  06:14:40 pm)Reset
[I](2020-05-03  06:14:43 pm)Reset
[I](2020-05-03  06:15:55 pm)Reset
[I](2020-05-03  06:15:55 pm)Reset
[I](2020-05-03  06:16:21 pm)Reset
[I](2020-05-03  06:16:22 pm)Reset
[I](2020-05-03  06:19:57 pm)Reset
[I](2020-05-03  06:21:20 pm)Reset
[I](2020-05-03  06:22:33 pm)Reset
[I](2020-05-03  06:23:19 pm)Reset
[I](2020-05-03  06:24:52 pm)Reset
[I](2020-05-03  06:27:03 pm)Reset
[I](2020-05-03  06:27:38 pm)Reset
[I](2020-05-03  06:27:55 pm)Reset
[I](2020-05-03  06:28:50 pm)작업 시작 [Start d:52]
[I](2020-05-03  06:28:50 pm)Nc File: [No.0017-645.NC]
[I](2020-05-03  06:28:50 pm)  * Start Machine Position
[I](2020-05-03  06:28:50 pm)    X:    193.3933
[I](2020-05-03  06:28:50 pm)    Y:   -339.0605
[I](2020-05-03  06:28:50 pm)    U:      0.0080
[I](2020-05-03  06:28:50 pm)    V:      0.4610
[I](2020-05-03  06:28:50 pm)    Z:     94.8652
[I](2020-05-03  06:28:50 pm)  * Angle
[I](2020-05-03  06:28:50 pm)    Ar:     -0.3190,Kr:      0.0000
[I](2020-05-03  06:28:50 pm)    Taper_Ar:      0.0000
[I](2020-05-03  06:28:58 pm)작업중 정지 [d:0][t:00:00:08]
[I](2020-05-03  06:28:58 pm)    [LNo:0017] 000010/000114
[I](2020-05-03  06:28:58 pm)작업중 M코드정지 [d:0][t:00:00:08]
[I](2020-05-03  06:30:21 pm)작업중 정지 [d:0][t:00:01:31]
[I](2020-05-03  06:30:21 pm)    [LNo:0017] 000018/000114
[I](2020-05-03  06:30:40 pm)작업중 정지 [d:0][t:00:01:50]
[I](2020-05-03  06:30:40 pm)    [LNo:0017] 000023/000114
[I](2020-05-03  06:30:54 pm)작업 재시작
[I](2020-05-03  06:31:01 pm)작업중 정지 [d:0][t:00:02:11]
[I](2020-05-03  06:31:01 pm)    [LNo:0017] 000023/000114
[I](2020-05-03  06:33:54 pm)작업 재시작
[I](2020-05-03  06:34:17 pm)작업중 정지 [d:-52][t:00:05:27]
[I](2020-05-03  06:34:17 pm)    [LNo:0017] 000023/000114
[I](2020-05-03  06:34:26 pm)작업 재시작
[I](2020-05-03  06:57:53 pm)작업중 정지 [d:-29][t:00:29:03]
[I](2020-05-03  06:57:53 pm)    [LNo:0017] 000042/000114
[I](2020-05-03  07:01:57 pm)작업 재시작
[I](2020-05-03  07:10:04 pm)작업중 정지 [d:-21][t:00:41:14]
[I](2020-05-03  07:10:04 pm)    [LNo:0017] 000043/000114
[I](2020-05-03  07:10:39 pm)작업 재시작
[I](2020-05-03  07:10:48 pm)작업중 정지 [d:-21][t:00:41:58]
[I](2020-05-03  07:10:48 pm)    [LNo:0017] 000044/000114
[I](2020-05-03  07:10:48 pm)작업중 M코드정지 [d:-21][t:00:41:58]
[I](2020-05-03  07:10:50 pm)작업중 정지 [d:-21][t:00:42:00]
[I](2020-05-03  07:10:50 pm)    [LNo:0017] 000046/000114
[I](2020-05-03  07:10:50 pm)작업중 M코드정지 [d:-21][t:00:42:00]
[I](2020-05-03  07:10:53 pm)작업중 정지 [d:-21][t:00:42:03]
[I](2020-05-03  07:10:53 pm)    [LNo:0017] 000053/000114
[I](2020-05-03  07:10:55 pm)작업중 정지 [d:-21][t:00:42:05]
[I](2020-05-03  07:10:55 pm)    [LNo:0017] 000053/000114
[I](2020-05-03  07:10:57 pm)작업중 정지 [d:-21][t:00:42:07]
[I](2020-05-03  07:10:57 pm)    [LNo:0017] 000054/000114
[I](2020-05-03  07:10:59 pm)작업중 정지 [d:-21][t:00:42:09]
[I](2020-05-03  07:10:59 pm)    [LNo:0017] 000054/000114
[A](2020-05-03  07:11:00 pm)[001] 와이어 미동작
[I](2020-05-03  07:11:01 pm)작업중 정지 [d:-21][t:00:42:11]
[I](2020-05-03  07:11:01 pm)    [LNo:0017] 000055/000114
[I](2020-05-03  07:11:05 pm)작업중 정지 [d:-21][t:00:42:15]
[I](2020-05-03  07:11:05 pm)    [LNo:0017] 000059/000114
[I](2020-05-03  07:11:05 pm)작업 재시작
[I](2020-05-03  07:11:29 pm)작업중 정지 [d:-21][t:00:42:39]
[I](2020-05-03  07:11:29 pm)    [LNo:0017] 000060/000114
[I](2020-05-03  07:11:35 pm)작업 재시작
[I](2020-05-03  07:11:48 pm)작업중 정지 [d:-21][t:00:42:58]
[I](2020-05-03  07:11:48 pm)    [LNo:0017] 000060/000114
[I](2020-05-03  07:12:08 pm)작업 재시작
[I](2020-05-03  07:12:14 pm)작업중 정지 [d:-21][t:00:43:23]
[I](2020-05-03  07:12:14 pm)    [LNo:0017] 000060/000114
[I](2020-05-03  07:12:52 pm)작업 재시작
[I](2020-05-03  07:16:50 pm)작업중 정지 [d:-17][t:00:48:00]
[I](2020-05-03  07:16:50 pm)    [LNo:0017] 000061/000114
[I](2020-05-03  07:16:50 pm)작업중 30sec 접촉 정지 [d:-17][t:00:48:00]
[I](2020-05-03  07:39:59 pm)작업 재시작
[I](2020-05-03  07:44:13 pm)작업중 정지 [d:-13][t:01:15:23]
[I](2020-05-03  07:44:13 pm)    [LNo:0017] 000068/000114
[I](2020-05-03  07:44:13 pm)작업중 30sec 접촉 정지 [d:-13][t:01:15:23]
[I](2020-05-03  08:04:24 pm)작업 재시작
[I](2020-05-03  08:04:38 pm)작업중 정지 [d:-13][t:01:35:48]
[I](2020-05-03  08:04:38 pm)    [LNo:0017] 000071/000114
[I](2020-05-03  08:04:40 pm)작업중 정지 [d:-13][t:01:35:50]
[I](2020-05-03  08:04:40 pm)    [LNo:0017] 000071/000114
[A](2020-05-03  08:04:40 pm)[010] 자동결선 Error(M21-절단실패)
[I](2020-05-03  08:08:33 pm)작업중 정지 [d:-9][t:01:39:43]
[I](2020-05-03  08:08:33 pm)    [LNo:0017] 000087/000114
[I](2020-05-03  08:09:17 pm)작업 재시작
[I](2020-05-03  08:12:14 pm)작업중 정지 [d:-7][t:01:43:24]
[I](2020-05-03  08:12:14 pm)    [LNo:0017] 000088/000114
[I](2020-05-03  08:12:14 pm)작업중 M코드정지 [d:-7][t:01:43:24]
[I](2020-05-03  08:16:30 pm)작업중 정지 [d:-7][t:01:47:39]
[I](2020-05-03  08:16:30 pm)    [LNo:0017] 000090/000114
[I](2020-05-03  08:16:30 pm)작업중 M코드정지 [d:-7][t:01:47:39]
[I](2020-05-03  08:19:16 pm)작업중 정지 [d:-5][t:01:50:26]
[I](2020-05-03  08:19:16 pm)    [LNo:0017] 000110/000114
[I](2020-05-03  08:19:16 pm)작업중 M코드정지 [d:-5][t:01:50:26]
[I](2020-05-03  08:44:49 pm)Reset
[A](2020-05-03  08:44:55 pm)[053] Emergency Stop
[A](2020-05-03  08:44:55 pm)[005] READY Off(Alarm)
[I](2020-05-03  08:44:55 pm)    X:    236.1438
[I](2020-05-03  08:44:55 pm)    Y:   -187.1242
[I](2020-05-03  08:44:55 pm)    U:      0.0000
[I](2020-05-03  08:44:55 pm)    V:      0.0000
[I](2020-05-03  08:44:55 pm)    Z:    185.2651
