[I](2020-10-09  12:04:16 am)작업중 정지 [d:360][t:08:07:56]
[I](2020-10-09  12:04:16 am)    [LNo:0004] 000665/001304
[I](2020-10-09  12:04:16 am)작업중 M코드정지 [d:360][t:08:07:56]
[I](2020-10-09  12:07:06 am)작업중 정지 [d:360][t:08:10:46]
[I](2020-10-09  12:07:06 am)    [LNo:0004] 000666/001304
[I](2020-10-09  12:07:46 am)작업중 정지 [d:361][t:08:11:26]
[I](2020-10-09  12:07:46 am)    [LNo:0004] 000669/001304
[I](2020-10-09  12:07:46 am)작업중 M코드정지 [d:361][t:08:11:26]
[I](2020-10-09  12:22:54 am)작업중 정지 [d:375][t:08:26:34]
[I](2020-10-09  12:22:54 am)    [LNo:0004] 000694/001304
[I](2020-10-09  12:22:54 am)작업중 M코드정지 [d:375][t:08:26:34]
[I](2020-10-09  12:23:14 am)작업중 정지 [d:375][t:08:26:54]
[I](2020-10-09  12:23:14 am)    [LNo:0004] 000695/001304
[I](2020-10-09  12:23:46 am)작업 재시작
[I](2020-10-09  12:23:52 am)작업중 정지 [d:375][t:08:27:32]
[I](2020-10-09  12:23:52 am)    [LNo:0004] 000697/001304
[I](2020-10-09  12:23:52 am)작업중 M코드정지 [d:375][t:08:27:32]
[I](2020-10-09  12:25:05 am)작업중 정지 [d:375][t:08:28:45]
[I](2020-10-09  12:25:05 am)    [LNo:0004] 000703/001304
[I](2020-10-09  12:25:05 am)작업중 M코드정지 [d:375][t:08:28:45]
[A](2020-10-09  01:59:04 am)[041] AWF 명령끝날때까지 센서감지(타임아웃) 안됨
[A](2020-10-09  01:59:36 am)[041] AWF 명령끝날때까지 센서감지(타임아웃) 안됨
[A](2020-10-09  02:00:08 am)[041] AWF 명령끝날때까지 센서감지(타임아웃) 안됨
[A](2020-10-09  02:00:40 am)[041] AWF 명령끝날때까지 센서감지(타임아웃) 안됨
[A](2020-10-09  02:01:12 am)[041] AWF 명령끝날때까지 센서감지(타임아웃) 안됨
[I](2020-10-09  02:01:36 am)작업중 정지 [d:456][t:10:05:17]
[I](2020-10-09  02:01:36 am)    [LNo:0004] 000748/001304
[A](2020-10-09  02:01:36 am)[009] 자동결선 Error(M20-삽입실패)
[A](2020-10-09  02:03:04 am)[041] AWF 명령끝날때까지 센서감지(타임아웃) 안됨
[A](2020-10-09  02:03:36 am)[041] AWF 명령끝날때까지 센서감지(타임아웃) 안됨
[A](2020-10-09  02:04:07 am)[041] AWF 명령끝날때까지 센서감지(타임아웃) 안됨
[A](2020-10-09  02:04:40 am)[041] AWF 명령끝날때까지 센서감지(타임아웃) 안됨
[A](2020-10-09  02:05:11 am)[041] AWF 명령끝날때까지 센서감지(타임아웃) 안됨
[A](2020-10-09  02:08:33 am)[041] AWF 명령끝날때까지 센서감지(타임아웃) 안됨
[A](2020-10-09  02:16:29 am)[041] AWF 명령끝날때까지 센서감지(타임아웃) 안됨
[A](2020-10-09  02:17:02 am)[041] AWF 명령끝날때까지 센서감지(타임아웃) 안됨
[A](2020-10-09  02:17:34 am)[041] AWF 명령끝날때까지 센서감지(타임아웃) 안됨
[A](2020-10-09  02:18:06 am)[041] AWF 명령끝날때까지 센서감지(타임아웃) 안됨
[A](2020-10-09  02:18:38 am)[041] AWF 명령끝날때까지 센서감지(타임아웃) 안됨
[I](2020-10-09  02:19:02 am)작업중 정지 [d:463][t:10:22:43]
[I](2020-10-09  02:19:02 am)    [LNo:0004] 000787/001304
[A](2020-10-09  02:19:02 am)[009] 자동결선 Error(M20-삽입실패)
[A](2020-10-09  02:19:36 am)[041] AWF 명령끝날때까지 센서감지(타임아웃) 안됨
[A](2020-10-09  02:20:08 am)[041] AWF 명령끝날때까지 센서감지(타임아웃) 안됨
[A](2020-10-09  02:23:34 am)[041] AWF 명령끝날때까지 센서감지(타임아웃) 안됨
[A](2020-10-09  02:24:06 am)[041] AWF 명령끝날때까지 센서감지(타임아웃) 안됨
[A](2020-10-09  02:24:38 am)[041] AWF 명령끝날때까지 센서감지(타임아웃) 안됨
[A](2020-10-09  02:25:10 am)[041] AWF 명령끝날때까지 센서감지(타임아웃) 안됨
[I](2020-10-09  02:25:12 am)작업중 정지 [d:465][t:10:28:53]
[I](2020-10-09  02:25:12 am)    [LNo:0004] 000808/001304
[A](2020-10-09  02:28:24 am)[041] AWF 명령끝날때까지 센서감지(타임아웃) 안됨
[I](2020-10-09  02:28:26 am)작업중 정지 [d:468][t:10:32:06]
[I](2020-10-09  02:28:26 am)    [LNo:0004] 000829/001304
[A](2020-10-09  02:31:37 am)[041] AWF 명령끝날때까지 센서감지(타임아웃) 안됨
[A](2020-10-09  02:32:09 am)[041] AWF 명령끝날때까지 센서감지(타임아웃) 안됨
[A](2020-10-09  02:32:41 am)[041] AWF 명령끝날때까지 센서감지(타임아웃) 안됨
[I](2020-10-09  02:32:45 am)작업중 정지 [d:470][t:10:36:25]
[I](2020-10-09  02:32:45 am)    [LNo:0004] 000850/001304
[A](2020-10-09  02:35:35 am)[041] AWF 명령끝날때까지 센서감지(타임아웃) 안됨
[A](2020-10-09  02:36:07 am)[041] AWF 명령끝날때까지 센서감지(타임아웃) 안됨
[A](2020-10-09  02:36:40 am)[041] AWF 명령끝날때까지 센서감지(타임아웃) 안됨
[A](2020-10-09  02:37:14 am)[041] AWF 명령끝날때까지 센서감지(타임아웃) 안됨
[A](2020-10-09  02:37:47 am)[041] AWF 명령끝날때까지 센서감지(타임아웃) 안됨
[I](2020-10-09  02:38:12 am)작업중 정지 [d:472][t:10:41:53]
[I](2020-10-09  02:38:12 am)    [LNo:0004] 000871/001304
[A](2020-10-09  02:38:13 am)[009] 자동결선 Error(M20-삽입실패)
[A](2020-10-09  02:42:59 am)[041] AWF 명령끝날때까지 센서감지(타임아웃) 안됨
[A](2020-10-09  02:45:39 am)[041] AWF 명령끝날때까지 센서감지(타임아웃) 안됨
[A](2020-10-09  02:46:12 am)[041] AWF 명령끝날때까지 센서감지(타임아웃) 안됨
[A](2020-10-09  02:46:45 am)[041] AWF 명령끝날때까지 센서감지(타임아웃) 안됨
[A](2020-10-09  02:47:18 am)[041] AWF 명령끝날때까지 센서감지(타임아웃) 안됨
[A](2020-10-09  02:47:51 am)[041] AWF 명령끝날때까지 센서감지(타임아웃) 안됨
[I](2020-10-09  02:48:15 am)작업중 정지 [d:474][t:10:51:56]
[I](2020-10-09  02:48:15 am)    [LNo:0004] 000892/001304
[A](2020-10-09  02:48:15 am)[009] 자동결선 Error(M20-삽입실패)
[A](2020-10-09  02:48:31 am)[041] AWF 명령끝날때까지 센서감지(타임아웃) 안됨
[A](2020-10-09  02:51:55 am)[041] AWF 명령끝날때까지 센서감지(타임아웃) 안됨
[A](2020-10-09  02:52:28 am)[041] AWF 명령끝날때까지 센서감지(타임아웃) 안됨
[A](2020-10-09  02:53:01 am)[041] AWF 명령끝날때까지 센서감지(타임아웃) 안됨
[A](2020-10-09  02:53:35 am)[041] AWF 명령끝날때까지 센서감지(타임아웃) 안됨
[A](2020-10-09  02:54:09 am)[041] AWF 명령끝날때까지 센서감지(타임아웃) 안됨
[I](2020-10-09  02:54:34 am)작업중 정지 [d:476][t:10:58:15]
[I](2020-10-09  02:54:34 am)    [LNo:0004] 000913/001304
[A](2020-10-09  02:54:35 am)[009] 자동결선 Error(M20-삽입실패)
[A](2020-10-09  02:56:02 am)[041] AWF 명령끝날때까지 센서감지(타임아웃) 안됨
[A](2020-10-09  02:59:41 am)[041] AWF 명령끝날때까지 센서감지(타임아웃) 안됨
[A](2020-10-09  03:00:14 am)[041] AWF 명령끝날때까지 센서감지(타임아웃) 안됨
[A](2020-10-09  03:00:46 am)[041] AWF 명령끝날때까지 센서감지(타임아웃) 안됨
[I](2020-10-09  03:00:48 am)작업중 정지 [d:478][t:11:04:28]
[I](2020-10-09  03:00:48 am)    [LNo:0004] 000934/001304
[A](2020-10-09  03:04:15 am)[041] AWF 명령끝날때까지 센서감지(타임아웃) 안됨
[A](2020-10-09  03:04:48 am)[041] AWF 명령끝날때까지 센서감지(타임아웃) 안됨
[A](2020-10-09  03:06:10 am)[041] AWF 명령끝날때까지 센서감지(타임아웃) 안됨
[I](2020-10-09  03:06:22 am)작업중 정지 [d:480][t:11:10:02]
[I](2020-10-09  03:06:22 am)    [LNo:0004] 000955/001304
[A](2020-10-09  03:10:58 am)[041] AWF 명령끝날때까지 센서감지(타임아웃) 안됨
[A](2020-10-09  03:11:31 am)[041] AWF 명령끝날때까지 센서감지(타임아웃) 안됨
[A](2020-10-09  03:12:04 am)[041] AWF 명령끝날때까지 센서감지(타임아웃) 안됨
[A](2020-10-09  03:12:37 am)[041] AWF 명령끝날때까지 센서감지(타임아웃) 안됨
[A](2020-10-09  03:13:11 am)[041] AWF 명령끝날때까지 센서감지(타임아웃) 안됨
[I](2020-10-09  03:13:36 am)작업중 정지 [d:482][t:11:17:16]
[I](2020-10-09  03:13:36 am)    [LNo:0004] 000976/001304
[A](2020-10-09  03:13:36 am)[009] 자동결선 Error(M20-삽입실패)
[A](2020-10-09  03:26:38 am)[041] AWF 명령끝날때까지 센서감지(타임아웃) 안됨
[A](2020-10-09  03:29:46 am)[041] AWF 명령끝날때까지 센서감지(타임아웃) 안됨
[A](2020-10-09  03:30:18 am)[041] AWF 명령끝날때까지 센서감지(타임아웃) 안됨
[A](2020-10-09  03:30:51 am)[041] AWF 명령끝날때까지 센서감지(타임아웃) 안됨
[A](2020-10-09  03:31:23 am)[041] AWF 명령끝날때까지 센서감지(타임아웃) 안됨
[A](2020-10-09  03:31:55 am)[041] AWF 명령끝날때까지 센서감지(타임아웃) 안됨
[I](2020-10-09  03:32:20 am)작업중 정지 [d:484][t:11:36:01]
[I](2020-10-09  03:32:20 am)    [LNo:0004] 000997/001304
[A](2020-10-09  03:32:21 am)[009] 자동결선 Error(M20-삽입실패)
[A](2020-10-09  03:37:27 am)[041] AWF 명령끝날때까지 센서감지(타임아웃) 안됨
[A](2020-10-09  03:41:29 am)[041] AWF 명령끝날때까지 센서감지(타임아웃) 안됨
[I](2020-10-09  03:41:34 am)작업중 정지 [d:487][t:11:45:15]
[I](2020-10-09  03:41:34 am)    [LNo:0004] 001018/001304
[A](2020-10-09  03:45:07 am)[041] AWF 명령끝날때까지 센서감지(타임아웃) 안됨
[I](2020-10-09  03:45:13 am)작업중 정지 [d:488][t:11:48:53]
[I](2020-10-09  03:45:13 am)    [LNo:0004] 001039/001304
[A](2020-10-09  03:48:23 am)[041] AWF 명령끝날때까지 센서감지(타임아웃) 안됨
[A](2020-10-09  03:48:55 am)[041] AWF 명령끝날때까지 센서감지(타임아웃) 안됨
[A](2020-10-09  03:49:32 am)[041] AWF 명령끝날때까지 센서감지(타임아웃) 안됨
[A](2020-10-09  03:50:04 am)[041] AWF 명령끝날때까지 센서감지(타임아웃) 안됨
[A](2020-10-09  03:50:37 am)[041] AWF 명령끝날때까지 센서감지(타임아웃) 안됨
[I](2020-10-09  03:51:01 am)작업중 정지 [d:489][t:11:54:42]
[I](2020-10-09  03:51:01 am)    [LNo:0004] 001060/001304
[A](2020-10-09  03:51:01 am)[009] 자동결선 Error(M20-삽입실패)
[A](2020-10-09  03:51:48 am)[041] AWF 명령끝날때까지 센서감지(타임아웃) 안됨
[A](2020-10-09  03:55:08 am)[041] AWF 명령끝날때까지 센서감지(타임아웃) 안됨
[A](2020-10-09  03:55:40 am)[041] AWF 명령끝날때까지 센서감지(타임아웃) 안됨
[I](2020-10-09  03:55:41 am)작업중 정지 [d:491][t:11:59:22]
[I](2020-10-09  03:55:41 am)    [LNo:0004] 001081/001304
[I](2020-10-09  03:57:42 am)작업중 정지 [d:492][t:12:01:23]
[I](2020-10-09  03:57:42 am)    [LNo:0004] 001103/001304
[I](2020-10-09  04:05:24 am)작업중 정지 [d:499][t:12:09:04]
[I](2020-10-09  04:05:24 am)    [LNo:0004] 001136/001304
[I](2020-10-09  04:05:24 am)작업중 M코드정지 [d:499][t:12:09:04]
[I](2020-10-09  04:07:06 am)작업중 정지 [d:499][t:12:10:46]
[I](2020-10-09  04:07:06 am)    [LNo:0004] 001142/001304
[I](2020-10-09  04:10:41 am)작업중 정지 [d:502][t:12:14:21]
[I](2020-10-09  04:10:41 am)    [LNo:0004] 001157/001304
[I](2020-10-09  04:10:41 am)작업중 M코드정지 [d:502][t:12:14:21]
[A](2020-10-09  04:12:24 am)[033] 자동결선 회수 롤러 WIRE CONTACT!!
[A](2020-10-09  04:13:50 am)[041] AWF 명령끝날때까지 센서감지(타임아웃) 안됨
[I](2020-10-09  04:14:22 am)작업중 정지 [d:502][t:12:18:02]
[I](2020-10-09  04:14:22 am)    [LNo:0004] 001164/001304
[I](2020-10-09  04:21:49 am)작업중 정지 [d:509][t:12:25:29]
[I](2020-10-09  04:21:49 am)    [LNo:0004] 001196/001304
[I](2020-10-09  04:21:49 am)작업중 M코드정지 [d:509][t:12:25:29]
[A](2020-10-09  04:23:07 am)[041] AWF 명령끝날때까지 센서감지(타임아웃) 안됨
[I](2020-10-09  04:23:09 am)작업중 정지 [d:509][t:12:26:49]
[I](2020-10-09  04:23:09 am)    [LNo:0004] 001203/001304
[I](2020-10-09  04:30:27 am)작업중 정지 [d:516][t:12:34:07]
[I](2020-10-09  04:30:27 am)    [LNo:0004] 001235/001304
[I](2020-10-09  04:30:27 am)작업중 M코드정지 [d:516][t:12:34:08]
[A](2020-10-09  04:31:53 am)[041] AWF 명령끝날때까지 센서감지(타임아웃) 안됨
[I](2020-10-09  04:31:55 am)작업중 정지 [d:516][t:12:35:36]
[I](2020-10-09  04:31:55 am)    [LNo:0004] 001242/001304
[I](2020-10-09  04:36:25 am)작업중 정지 [d:519][t:12:40:05]
[I](2020-10-09  04:36:25 am)    [LNo:0004] 001264/001304
[I](2020-10-09  04:37:36 am)작업중 정지 [d:519][t:12:41:17]
[I](2020-10-09  04:37:36 am)    [LNo:0004] 001266/001304
[I](2020-10-09  04:45:23 am)작업중 정지 [d:526][t:12:49:03]
[I](2020-10-09  04:45:23 am)    [LNo:0004] 001300/001304
[I](2020-10-09  04:45:23 am)작업중 M코드정지 [d:526][t:12:49:03]
[A](2020-10-09  04:47:46 am)[041] AWF 명령끝날때까지 센서감지(타임아웃) 안됨
[A](2020-10-09  04:48:18 am)[041] AWF 명령끝날때까지 센서감지(타임아웃) 안됨
[I](2020-10-09  05:11:40 am)Reset
[I](2020-10-09  05:11:40 am)Reset
[I](2020-10-09  05:11:50 am)Reset
[I](2020-10-09  05:15:16 am)Reset
[I](2020-10-09  05:15:16 am)Reset
[I](2020-10-09  05:31:56 am)Reset
[I](2020-10-09  05:31:56 am)Reset
[I](2020-10-09  05:31:57 am)Reset
[I](2020-10-09  05:38:19 am)작업 시작 [Start d:526]
[I](2020-10-09  05:38:19 am)Nc File: [No.0006-410.NC]
[I](2020-10-09  05:38:19 am)  * Start Machine Position
[I](2020-10-09  05:38:19 am)    X:    213.8360
[I](2020-10-09  05:38:19 am)    Y:   -284.9958
[I](2020-10-09  05:38:19 am)    U:      0.0000
[I](2020-10-09  05:38:19 am)    V:      0.0000
[I](2020-10-09  05:38:19 am)    Z:     30.3782
[I](2020-10-09  05:38:19 am)  * Angle
[I](2020-10-09  05:38:19 am)    Ar:      0.3817,Kr:      0.0000
[I](2020-10-09  05:38:19 am)    Taper_Ar:      0.0000
[I](2020-10-09  05:38:55 am)작업중 정지 [d:0][t:00:00:36]
[I](2020-10-09  05:38:55 am)    [LNo:0006] 001957/002544
[A](2020-10-09  05:39:07 am)[041] AWF 명령끝날때까지 센서감지(타임아웃) 안됨
[A](2020-10-09  05:39:39 am)[041] AWF 명령끝날때까지 센서감지(타임아웃) 안됨
[A](2020-10-09  05:40:16 am)[041] AWF 명령끝날때까지 센서감지(타임아웃) 안됨
[A](2020-10-09  05:40:48 am)[041] AWF 명령끝날때까지 센서감지(타임아웃) 안됨
[A](2020-10-09  05:41:22 am)[041] AWF 명령끝날때까지 센서감지(타임아웃) 안됨
[A](2020-10-09  05:42:22 am)[041] AWF 명령끝날때까지 센서감지(타임아웃) 안됨
[A](2020-10-09  05:44:33 am)[041] AWF 명령끝날때까지 센서감지(타임아웃) 안됨
[I](2020-10-09  05:44:56 am)Reset
[I](2020-10-09  05:44:57 am)Reset
[I](2020-10-09  05:45:34 am)작업 시작 [Start d:526]
[I](2020-10-09  05:45:34 am)Nc File: [No.0006-410.NC]
[I](2020-10-09  05:45:34 am)  * Start Machine Position
[I](2020-10-09  05:45:34 am)    X:    213.8360
[I](2020-10-09  05:45:34 am)    Y:   -284.9958
[I](2020-10-09  05:45:34 am)    U:      0.0000
[I](2020-10-09  05:45:34 am)    V:      0.0000
[I](2020-10-09  05:45:34 am)    Z:     30.3782
[I](2020-10-09  05:45:34 am)  * Angle
[I](2020-10-09  05:45:34 am)    Ar:      0.3817,Kr:      0.0000
[I](2020-10-09  05:45:34 am)    Taper_Ar:      0.0000
[I](2020-10-09  06:07:53 am)작업중 정지 [d:23][t:00:22:19]
[I](2020-10-09  06:07:53 am)    [LNo:0006] 000065/002544
[I](2020-10-09  06:07:53 am)작업중 M코드정지 [d:23][t:00:22:19]
[I](2020-10-09  06:18:39 am)작업중 정지 [d:23][t:00:33:04]
[I](2020-10-09  06:18:39 am)    [LNo:0006] 000066/002544
[I](2020-10-09  06:18:39 am)Wire Contact Auto Stop(M52)
[I](2020-10-09  06:21:01 am)작업 재시작
[I](2020-10-09  06:21:03 am)작업중 정지 [d:23][t:00:35:29]
[I](2020-10-09  06:21:03 am)    [LNo:0006] 000067/002544
[I](2020-10-09  06:21:03 am)작업중 M코드정지 [d:23][t:00:35:29]
[I](2020-10-09  06:45:05 am)작업중 정지 [d:46][t:00:59:31]
[I](2020-10-09  06:45:05 am)    [LNo:0006] 000134/002544
[I](2020-10-09  06:45:05 am)작업중 M코드정지 [d:46][t:00:59:31]
[I](2020-10-09  06:47:43 am)작업중 정지 [d:47][t:01:02:09]
[I](2020-10-09  06:47:43 am)    [LNo:0006] 000135/002544
[I](2020-10-09  06:47:43 am)Wire Contact Auto Stop(M52)
[I](2020-10-09  06:48:41 am)작업 재시작
[I](2020-10-09  06:48:43 am)작업중 정지 [d:47][t:01:03:09]
[I](2020-10-09  06:48:43 am)    [LNo:0006] 000136/002544
[I](2020-10-09  06:48:43 am)작업중 M코드정지 [d:47][t:01:03:09]
[I](2020-10-09  06:54:21 am)작업중 정지 [d:51][t:01:08:46]
[I](2020-10-09  06:54:21 am)    [LNo:0006] 000159/002544
[I](2020-10-09  06:54:21 am)작업중 M코드정지 [d:51][t:01:08:46]
[I](2020-10-09  06:56:52 am)작업중 정지 [d:51][t:01:11:18]
[I](2020-10-09  06:56:52 am)    [LNo:0006] 000161/002544
[I](2020-10-09  06:57:31 am)작업 재시작
[I](2020-10-09  06:57:33 am)작업중 정지 [d:51][t:01:11:58]
[I](2020-10-09  06:57:33 am)    [LNo:0006] 000162/002544
[I](2020-10-09  06:57:33 am)작업중 M코드정지 [d:51][t:01:11:59]
[A](2020-10-09  07:00:14 am)[041] AWF 명령끝날때까지 센서감지(타임아웃) 안됨
[A](2020-10-09  07:00:46 am)[041] AWF 명령끝날때까지 센서감지(타임아웃) 안됨
[A](2020-10-09  07:01:19 am)[041] AWF 명령끝날때까지 센서감지(타임아웃) 안됨
[A](2020-10-09  07:01:52 am)[041] AWF 명령끝날때까지 센서감지(타임아웃) 안됨
[A](2020-10-09  07:02:25 am)[041] AWF 명령끝날때까지 센서감지(타임아웃) 안됨
[I](2020-10-09  07:02:50 am)작업중 정지 [d:52][t:01:17:16]
[I](2020-10-09  07:02:50 am)    [LNo:0006] 000188/002544
[A](2020-10-09  07:02:51 am)[009] 자동결선 Error(M20-삽입실패)
[A](2020-10-09  07:05:07 am)[041] AWF 명령끝날때까지 센서감지(타임아웃) 안됨
[I](2020-10-09  07:28:58 am)작업중 정지 [d:76][t:01:43:23]
[I](2020-10-09  07:28:58 am)    [LNo:0006] 000246/002544
[I](2020-10-09  07:28:58 am)작업중 M코드정지 [d:76][t:01:43:23]
[I](2020-10-09  07:29:27 am)작업중 정지 [d:76][t:01:43:53]
[I](2020-10-09  07:29:27 am)    [LNo:0006] 000247/002544
[I](2020-10-09  07:29:27 am)Wire Contact Auto Stop(M52)
[I](2020-10-09  07:30:25 am)작업 재시작
[I](2020-10-09  07:30:27 am)작업중 정지 [d:76][t:01:44:53]
[I](2020-10-09  07:30:27 am)    [LNo:0006] 000248/002544
[I](2020-10-09  07:30:27 am)작업중 M코드정지 [d:76][t:01:44:53]
[I](2020-10-09  07:35:45 am)작업중 정지 [d:81][t:01:50:11]
[I](2020-10-09  07:35:45 am)    [LNo:0006] 000271/002544
[I](2020-10-09  07:35:45 am)작업중 M코드정지 [d:81][t:01:50:11]
[I](2020-10-09  07:40:17 am)작업중 정지 [d:81][t:01:54:43]
[I](2020-10-09  07:40:17 am)    [LNo:0006] 000272/002544
[I](2020-10-09  07:40:48 am)작업 재시작
[I](2020-10-09  07:40:54 am)작업중 정지 [d:81][t:01:55:20]
[I](2020-10-09  07:40:54 am)    [LNo:0006] 000274/002544
[I](2020-10-09  07:40:54 am)작업중 M코드정지 [d:81][t:01:55:20]
[I](2020-10-09  08:04:48 am)작업중 정지 [d:104][t:02:19:14]
[I](2020-10-09  08:04:48 am)    [LNo:0006] 000358/002544
[I](2020-10-09  08:04:48 am)작업중 M코드정지 [d:104][t:02:19:14]
[I](2020-10-09  08:06:40 am)작업중 정지 [d:105][t:02:21:06]
[I](2020-10-09  08:06:40 am)    [LNo:0006] 000359/002544
[I](2020-10-09  08:06:40 am)Wire Contact Auto Stop(M52)
[I](2020-10-09  08:07:14 am)작업 재시작
[I](2020-10-09  08:07:16 am)작업중 정지 [d:105][t:02:21:42]
[I](2020-10-09  08:07:16 am)    [LNo:0006] 000360/002544
[I](2020-10-09  08:07:16 am)작업중 M코드정지 [d:105][t:02:21:42]
[I](2020-10-09  08:12:32 am)작업중 정지 [d:109][t:02:26:57]
[I](2020-10-09  08:12:32 am)    [LNo:0006] 000383/002544
[I](2020-10-09  08:12:32 am)작업중 M코드정지 [d:109][t:02:26:57]
[I](2020-10-09  08:13:33 am)작업중 정지 [d:109][t:02:27:59]
[I](2020-10-09  08:13:33 am)    [LNo:0006] 000384/002544
[I](2020-10-09  08:14:02 am)작업 재시작
[I](2020-10-09  08:14:08 am)작업중 정지 [d:109][t:02:28:34]
[I](2020-10-09  08:14:08 am)    [LNo:0006] 000386/002544
[I](2020-10-09  08:14:09 am)작업중 M코드정지 [d:109][t:02:28:34]
[I](2020-10-09  08:47:01 am)작업중 정지 [d:132][t:03:01:27]
[I](2020-10-09  08:47:01 am)    [LNo:0006] 000470/002544
[I](2020-10-09  08:47:01 am)작업중 M코드정지 [d:132][t:03:01:27]
[I](2020-10-09  08:53:55 am)작업중 정지 [d:132][t:03:08:21]
[I](2020-10-09  08:53:55 am)    [LNo:0006] 000471/002544
[I](2020-10-09  08:53:55 am)Wire Contact Auto Stop(M52)
[I](2020-10-09  08:54:20 am)작업 재시작
[I](2020-10-09  08:54:24 am)작업중 정지 [d:132][t:03:08:50]
[I](2020-10-09  08:54:24 am)    [LNo:0006] 000472/002544
[I](2020-10-09  08:54:24 am)작업중 M코드정지 [d:132][t:03:08:50]
[I](2020-10-09  08:59:29 am)작업중 정지 [d:136][t:03:13:55]
[I](2020-10-09  08:59:29 am)    [LNo:0006] 000495/002544
[I](2020-10-09  08:59:29 am)작업중 M코드정지 [d:136][t:03:13:55]
[I](2020-10-09  09:00:19 am)작업중 정지 [d:136][t:03:14:45]
[I](2020-10-09  09:00:19 am)    [LNo:0006] 000498/002544
[I](2020-10-09  09:00:19 am)작업중 M코드정지 [d:136][t:03:14:45]
[I](2020-10-09  09:26:16 am)작업중 정지 [d:160][t:03:40:42]
[I](2020-10-09  09:26:16 am)    [LNo:0006] 000582/002544
[I](2020-10-09  09:26:16 am)작업중 M코드정지 [d:160][t:03:40:42]
[I](2020-10-09  09:26:42 am)작업중 정지 [d:161][t:03:41:08]
[I](2020-10-09  09:26:42 am)    [LNo:0006] 000583/002544
[I](2020-10-09  09:26:42 am)Wire Contact Auto Stop(M52)
[I](2020-10-09  09:27:06 am)작업 재시작
[I](2020-10-09  09:27:10 am)작업중 정지 [d:161][t:03:41:36]
[I](2020-10-09  09:27:10 am)    [LNo:0006] 000584/002544
[I](2020-10-09  09:27:10 am)작업중 M코드정지 [d:161][t:03:41:36]
[I](2020-10-09  09:27:45 am)작업중 정지 [d:161][t:03:42:10]
[I](2020-10-09  09:27:45 am)    [LNo:0006] 000593/002544
[I](2020-10-09  09:27:58 am)Reset
[I](2020-10-09  09:27:59 am)Reset
[I](2020-10-09  09:28:17 am)작업 시작 [Start d:687]
[I](2020-10-09  09:28:17 am)Nc File: [No.0007-431.NC]
[I](2020-10-09  09:28:17 am)  * Start Machine Position
[I](2020-10-09  09:28:17 am)    X:    213.8360
[I](2020-10-09  09:28:17 am)    Y:   -284.9958
[I](2020-10-09  09:28:17 am)    U:      0.0000
[I](2020-10-09  09:28:17 am)    V:      0.0000
[I](2020-10-09  09:28:17 am)    Z:     30.3782
[I](2020-10-09  09:28:17 am)  * Angle
[I](2020-10-09  09:28:17 am)    Ar:      0.3817,Kr:      0.0000
[I](2020-10-09  09:28:17 am)    Taper_Ar:      0.0000
[I](2020-10-09  09:51:29 am)작업중 정지 [d:22][t:00:23:12]
[I](2020-10-09  09:51:29 am)    [LNo:0007] 000651/002544
[I](2020-10-09  09:51:29 am)작업중 M코드정지 [d:22][t:00:23:12]
[I](2020-10-09  10:20:04 am)작업중 정지 [d:22][t:00:51:47]
[I](2020-10-09  10:20:04 am)    [LNo:0007] 000652/002544
[I](2020-10-09  10:20:04 am)Wire Contact Auto Stop(M52)
[I](2020-10-09  10:20:28 am)작업 재시작
[I](2020-10-09  10:20:31 am)작업중 정지 [d:22][t:00:52:14]
[I](2020-10-09  10:20:31 am)    [LNo:0007] 000653/002544
[I](2020-10-09  10:20:31 am)작업중 M코드정지 [d:22][t:00:52:14]
[I](2020-10-09  10:44:07 am)작업중 정지 [d:44][t:01:15:50]
[I](2020-10-09  10:44:07 am)    [LNo:0007] 000720/002544
[I](2020-10-09  10:44:07 am)작업중 M코드정지 [d:44][t:01:15:50]
[I](2020-10-09  10:44:57 am)작업중 정지 [d:44][t:01:16:39]
[I](2020-10-09  10:44:57 am)    [LNo:0007] 000721/002544
[I](2020-10-09  10:44:57 am)Wire Contact Auto Stop(M52)
[I](2020-10-09  10:45:20 am)작업 재시작
[I](2020-10-09  10:45:25 am)작업중 정지 [d:44][t:01:17:07]
[I](2020-10-09  10:45:25 am)    [LNo:0007] 000722/002544
[I](2020-10-09  10:45:25 am)작업중 M코드정지 [d:44][t:01:17:08]
[I](2020-10-09  10:50:25 am)작업중 정지 [d:48][t:01:22:08]
[I](2020-10-09  10:50:25 am)    [LNo:0007] 000745/002544
[I](2020-10-09  10:50:25 am)작업중 M코드정지 [d:48][t:01:22:08]
[I](2020-10-09  11:07:56 am)작업중 정지 [d:48][t:01:39:39]
[I](2020-10-09  11:07:56 am)    [LNo:0007] 000748/002544
[I](2020-10-09  11:07:56 am)작업중 M코드정지 [d:48][t:01:39:39]
[I](2020-10-09  11:14:21 am)작업중 정지 [d:53][t:01:46:04]
[I](2020-10-09  11:14:21 am)    [LNo:0007] 000788/002544
[I](2020-10-09  11:14:21 am)작업중 M코드정지 [d:53][t:01:46:04]
[I](2020-10-09  11:15:14 am)작업중 정지 [d:53][t:01:46:56]
[I](2020-10-09  11:15:14 am)    [LNo:0007] 000791/002544
[I](2020-10-09  11:15:14 am)작업중 M코드정지 [d:53][t:01:46:56]
[I](2020-10-09  11:43:38 am)작업중 정지 [d:78][t:02:15:20]
[I](2020-10-09  11:43:38 am)    [LNo:0007] 000886/002544
[I](2020-10-09  11:43:38 am)작업중 M코드정지 [d:78][t:02:15:20]
[I](2020-10-09  12:13:59 pm)작업중 정지 [d:78][t:02:45:42]
[I](2020-10-09  12:13:59 pm)    [LNo:0007] 000887/002544
[I](2020-10-09  12:13:59 pm)Wire Contact Auto Stop(M52)
[I](2020-10-09  12:14:21 pm)작업 재시작
[I](2020-10-09  12:14:25 pm)작업중 정지 [d:78][t:02:46:07]
[I](2020-10-09  12:14:25 pm)    [LNo:0007] 000888/002544
[I](2020-10-09  12:14:25 pm)작업중 M코드정지 [d:78][t:02:46:08]
[I](2020-10-09  12:19:22 pm)작업중 정지 [d:82][t:02:51:05]
[I](2020-10-09  12:19:22 pm)    [LNo:0007] 000911/002544
[I](2020-10-09  12:19:22 pm)작업중 M코드정지 [d:82][t:02:51:05]
[I](2020-10-09  12:20:23 pm)작업중 정지 [d:82][t:02:52:05]
[I](2020-10-09  12:20:23 pm)    [LNo:0007] 000914/002544
[I](2020-10-09  12:20:23 pm)작업중 M코드정지 [d:82][t:02:52:05]
[I](2020-10-09  12:26:31 pm)작업중 정지 [d:86][t:02:58:14]
[I](2020-10-09  12:26:31 pm)    [LNo:0007] 000954/002544
[I](2020-10-09  12:26:31 pm)작업중 M코드정지 [d:86][t:02:58:14]
[I](2020-10-09  12:27:04 pm)작업중 정지 [d:86][t:02:58:47]
[I](2020-10-09  12:27:04 pm)    [LNo:0007] 000957/002544
[I](2020-10-09  12:27:04 pm)작업중 M코드정지 [d:86][t:02:58:47]
[I](2020-10-09  12:55:33 pm)작업중 정지 [d:112][t:03:27:16]
[I](2020-10-09  12:55:33 pm)    [LNo:0007] 001052/002544
[I](2020-10-09  12:55:33 pm)작업중 M코드정지 [d:112][t:03:27:16]
[I](2020-10-09  01:00:55 pm)작업중 정지 [d:112][t:03:32:38]
[I](2020-10-09  01:00:55 pm)    [LNo:0007] 001053/002544
[I](2020-10-09  01:00:55 pm)Wire Contact Auto Stop(M52)
[I](2020-10-09  01:01:21 pm)작업 재시작
[I](2020-10-09  01:01:25 pm)작업중 정지 [d:112][t:03:33:08]
[I](2020-10-09  01:01:25 pm)    [LNo:0007] 001054/002544
[I](2020-10-09  01:01:25 pm)작업중 M코드정지 [d:112][t:03:33:08]
[I](2020-10-09  01:07:41 pm)작업중 정지 [d:118][t:03:39:24]
[I](2020-10-09  01:07:41 pm)    [LNo:0007] 001077/002544
[I](2020-10-09  01:07:41 pm)작업중 M코드정지 [d:118][t:03:39:24]
[I](2020-10-09  01:08:15 pm)작업중 정지 [d:118][t:03:39:57]
[I](2020-10-09  01:08:15 pm)    [LNo:0007] 001080/002544
[I](2020-10-09  01:08:15 pm)작업중 M코드정지 [d:118][t:03:39:57]
[I](2020-10-09  01:31:48 pm)작업중 정지 [d:140][t:04:03:31]
[I](2020-10-09  01:31:48 pm)    [LNo:0007] 001163/002544
[I](2020-10-09  01:31:48 pm)작업중 M코드정지 [d:140][t:04:03:31]
[I](2020-10-09  01:32:14 pm)작업중 정지 [d:140][t:04:03:57]
[I](2020-10-09  01:32:14 pm)    [LNo:0007] 001164/002544
[I](2020-10-09  01:32:14 pm)Wire Contact Auto Stop(M52)
[I](2020-10-09  01:32:42 pm)작업 재시작
[I](2020-10-09  01:32:44 pm)작업중 정지 [d:140][t:04:04:27]
[I](2020-10-09  01:32:44 pm)    [LNo:0007] 001165/002544
[I](2020-10-09  01:32:44 pm)작업중 M코드정지 [d:140][t:04:04:27]
[I](2020-10-09  01:37:51 pm)작업중 정지 [d:144][t:04:09:34]
[I](2020-10-09  01:37:51 pm)    [LNo:0007] 001188/002544
[I](2020-10-09  01:37:51 pm)작업중 M코드정지 [d:144][t:04:09:34]
[I](2020-10-09  01:38:26 pm)작업중 정지 [d:144][t:04:10:09]
[I](2020-10-09  01:38:26 pm)    [LNo:0007] 001191/002544
[I](2020-10-09  01:38:27 pm)작업중 M코드정지 [d:144][t:04:10:09]
[I](2020-10-09  01:59:05 pm)작업중 정지 [d:163][t:04:30:48]
[I](2020-10-09  01:59:05 pm)    [LNo:0007] 001275/002544
[I](2020-10-09  01:59:05 pm)작업중 M코드정지 [d:163][t:04:30:48]
[I](2020-10-09  01:59:47 pm)작업중 정지 [d:163][t:04:31:29]
[I](2020-10-09  01:59:47 pm)    [LNo:0007] 001276/002544
[I](2020-10-09  01:59:47 pm)Wire Contact Auto Stop(M52)
[I](2020-10-09  02:00:10 pm)작업 재시작
[I](2020-10-09  02:00:12 pm)작업중 정지 [d:163][t:04:31:55]
[I](2020-10-09  02:00:12 pm)    [LNo:0007] 001277/002544
[I](2020-10-09  02:00:12 pm)작업중 M코드정지 [d:163][t:04:31:55]
[I](2020-10-09  02:05:32 pm)작업중 정지 [d:166][t:04:37:14]
[I](2020-10-09  02:05:32 pm)    [LNo:0007] 001300/002544
[I](2020-10-09  02:05:32 pm)작업중 M코드정지 [d:166][t:04:37:14]
[I](2020-10-09  02:06:09 pm)작업중 정지 [d:166][t:04:37:52]
[I](2020-10-09  02:06:09 pm)    [LNo:0007] 001303/002544
[I](2020-10-09  02:06:09 pm)작업중 M코드정지 [d:166][t:04:37:52]
[I](2020-10-09  02:25:51 pm)작업중 정지 [d:183][t:04:57:34]
[I](2020-10-09  02:25:51 pm)    [LNo:0007] 001387/002544
[I](2020-10-09  02:25:52 pm)작업중 M코드정지 [d:183][t:04:57:34]
[I](2020-10-09  02:26:49 pm)작업중 정지 [d:183][t:04:58:32]
[I](2020-10-09  02:26:49 pm)    [LNo:0007] 001388/002544
[I](2020-10-09  02:26:49 pm)Wire Contact Auto Stop(M52)
[I](2020-10-09  02:27:12 pm)작업 재시작
[I](2020-10-09  02:27:17 pm)작업중 정지 [d:183][t:04:58:59]
[I](2020-10-09  02:27:17 pm)    [LNo:0007] 001389/002544
[I](2020-10-09  02:27:17 pm)작업중 M코드정지 [d:183][t:04:58:59]
[I](2020-10-09  02:32:14 pm)작업중 정지 [d:187][t:05:03:57]
[I](2020-10-09  02:32:14 pm)    [LNo:0007] 001412/002544
[I](2020-10-09  02:32:14 pm)작업중 M코드정지 [d:187][t:05:03:57]
[I](2020-10-09  02:35:37 pm)작업중 정지 [d:187][t:05:07:19]
[I](2020-10-09  02:35:37 pm)    [LNo:0007] 001415/002544
[I](2020-10-09  02:35:37 pm)작업중 M코드정지 [d:187][t:05:07:19]
[I](2020-10-09  02:54:29 pm)작업중 정지 [d:204][t:05:26:12]
[I](2020-10-09  02:54:29 pm)    [LNo:0007] 001499/002544
[I](2020-10-09  02:54:30 pm)작업중 M코드정지 [d:204][t:05:26:12]
[I](2020-10-09  02:54:57 pm)작업중 정지 [d:204][t:05:26:40]
[I](2020-10-09  02:54:57 pm)    [LNo:0007] 001500/002544
[I](2020-10-09  02:54:57 pm)Wire Contact Auto Stop(M52)
[I](2020-10-09  02:55:19 pm)작업 재시작
[I](2020-10-09  02:55:23 pm)작업중 정지 [d:204][t:05:27:06]
[I](2020-10-09  02:55:23 pm)    [LNo:0007] 001501/002544
[I](2020-10-09  02:55:24 pm)작업중 M코드정지 [d:204][t:05:27:06]
[I](2020-10-09  03:00:09 pm)작업중 정지 [d:208][t:05:31:52]
[I](2020-10-09  03:00:09 pm)    [LNo:0007] 001524/002544
[I](2020-10-09  03:00:09 pm)작업중 M코드정지 [d:208][t:05:31:52]
[I](2020-10-09  03:00:42 pm)작업중 정지 [d:209][t:05:32:25]
[I](2020-10-09  03:00:42 pm)    [LNo:0007] 001525/002544
[I](2020-10-09  03:00:57 pm)작업 재시작
[I](2020-10-09  03:01:04 pm)작업중 정지 [d:209][t:05:32:46]
[I](2020-10-09  03:01:04 pm)    [LNo:0007] 001527/002544
[I](2020-10-09  03:01:04 pm)작업중 M코드정지 [d:209][t:05:32:46]
[I](2020-10-09  03:20:53 pm)작업중 정지 [d:228][t:05:52:36]
[I](2020-10-09  03:20:53 pm)    [LNo:0007] 001611/002544
[I](2020-10-09  03:20:53 pm)작업중 M코드정지 [d:228][t:05:52:36]
[I](2020-10-09  03:26:08 pm)작업중 정지 [d:228][t:05:57:50]
[I](2020-10-09  03:26:08 pm)    [LNo:0007] 001612/002544
[I](2020-10-09  03:26:08 pm)Wire Contact Auto Stop(M52)
[A](2020-10-09  03:26:39 pm)[001] 와이어 미동작
[I](2020-10-09  03:26:40 pm)작업 재시작
[I](2020-10-09  03:26:45 pm)작업중 정지 [d:228][t:05:58:27]
[I](2020-10-09  03:26:45 pm)    [LNo:0007] 001613/002544
[I](2020-10-09  03:26:45 pm)작업중 M코드정지 [d:228][t:05:58:27]
[I](2020-10-09  03:31:32 pm)작업중 정지 [d:231][t:06:03:15]
[I](2020-10-09  03:31:32 pm)    [LNo:0007] 001636/002544
[I](2020-10-09  03:31:32 pm)작업중 M코드정지 [d:231][t:06:03:15]
[I](2020-10-09  03:32:06 pm)작업중 정지 [d:231][t:06:03:49]
[I](2020-10-09  03:32:06 pm)    [LNo:0007] 001639/002544
[I](2020-10-09  03:32:06 pm)작업중 M코드정지 [d:231][t:06:03:49]
[A](2020-10-09  03:34:04 pm)[041] AWF 명령끝날때까지 센서감지(타임아웃) 안됨
[A](2020-10-09  03:34:45 pm)[041] AWF 명령끝날때까지 센서감지(타임아웃) 안됨
[A](2020-10-09  03:35:18 pm)[041] AWF 명령끝날때까지 센서감지(타임아웃) 안됨
[A](2020-10-09  03:35:51 pm)[041] AWF 명령끝날때까지 센서감지(타임아웃) 안됨
[A](2020-10-09  03:36:28 pm)[041] AWF 명령끝날때까지 센서감지(타임아웃) 안됨
[I](2020-10-09  03:36:53 pm)작업중 정지 [d:232][t:06:08:35]
[I](2020-10-09  03:36:53 pm)    [LNo:0007] 001665/002544
[A](2020-10-09  03:36:53 pm)[009] 자동결선 Error(M20-삽입실패)
[A](2020-10-09  03:40:54 pm)[001] 와이어 미동작
[A](2020-10-09  03:40:54 pm)[001] 와이어 미동작
[A](2020-10-09  03:41:10 pm)[041] AWF 명령끝날때까지 센서감지(타임아웃) 안됨
[I](2020-10-09  04:01:03 pm)작업중 정지 [d:252][t:06:32:45]
[I](2020-10-09  04:01:03 pm)    [LNo:0007] 001723/002544
[I](2020-10-09  04:01:03 pm)작업중 M코드정지 [d:252][t:06:32:46]
[I](2020-10-09  04:02:15 pm)작업중 정지 [d:252][t:06:33:58]
[I](2020-10-09  04:02:15 pm)    [LNo:0007] 001724/002544
[I](2020-10-09  04:02:15 pm)Wire Contact Auto Stop(M52)
[I](2020-10-09  04:07:30 pm)Reset
[I](2020-10-09  04:07:31 pm)Reset
[I](2020-10-09  04:07:36 pm)작업 시작 [Start d:939]
[I](2020-10-09  04:07:36 pm)Nc File: [No.0008-446.NC]
[I](2020-10-09  04:07:36 pm)  * Start Machine Position
[I](2020-10-09  04:07:36 pm)    X:    213.8360
[I](2020-10-09  04:07:36 pm)    Y:   -284.9958
[I](2020-10-09  04:07:36 pm)    U:      0.0000
[I](2020-10-09  04:07:36 pm)    V:      0.0000
[I](2020-10-09  04:07:36 pm)    Z:     30.3782
[I](2020-10-09  04:07:36 pm)  * Angle
[I](2020-10-09  04:07:36 pm)    Ar:      0.3817,Kr:      0.0000
[I](2020-10-09  04:07:36 pm)    Taper_Ar:      0.0000
[A](2020-10-09  06:43:20 pm)[041] AWF 명령끝날때까지 센서감지(타임아웃) 안됨
[A](2020-10-09  06:43:54 pm)[041] AWF 명령끝날때까지 센서감지(타임아웃) 안됨
[A](2020-10-09  06:44:34 pm)[041] AWF 명령끝날때까지 센서감지(타임아웃) 안됨
[A](2020-10-09  06:45:07 pm)[041] AWF 명령끝날때까지 센서감지(타임아웃) 안됨
[A](2020-10-09  06:45:40 pm)[041] AWF 명령끝날때까지 센서감지(타임아웃) 안됨
[I](2020-10-09  06:46:06 pm)작업중 정지 [d:154][t:02:38:29]
[I](2020-10-09  06:46:06 pm)    [LNo:0008] 000077/000520
[A](2020-10-09  06:46:06 pm)[009] 자동결선 Error(M20-삽입실패)
[I](2020-10-09  10:27:54 pm)작업중 정지 [d:337][t:06:20:18]
[I](2020-10-09  10:27:54 pm)    [LNo:0008] 000231/000520
[A](2020-10-09  10:27:54 pm)[009] 자동결선 Error(M20-삽입실패)
