[I](2020-03-15  12:03:46 am)작업중 정지 [d:176][t:03:29:01]
[I](2020-03-15  12:03:46 am)    [LNo:0001] 000474/002033
[I](2020-03-15  12:03:46 am)작업중 M코드정지 [d:176][t:03:29:01]
[I](2020-03-15  12:04:44 am)작업중 정지 [d:176][t:03:30:00]
[I](2020-03-15  12:04:44 am)    [LNo:0001] 000476/002033
[I](2020-03-15  12:05:40 am)작업 재시작
[I](2020-03-15  12:05:49 am)작업중 정지 [d:176][t:03:31:04]
[I](2020-03-15  12:05:49 am)    [LNo:0001] 000480/002033
[I](2020-03-15  12:05:49 am)작업중 M코드정지 [d:176][t:03:31:04]
[I](2020-03-15  12:06:45 am)작업중 정지 [d:176][t:03:32:00]
[I](2020-03-15  12:06:45 am)    [LNo:0001] 000564/002033
[I](2020-03-15  12:09:38 am)작업중 정지 [d:176][t:03:34:53]
[I](2020-03-15  12:09:38 am)    [LNo:0001] 000646/002033
[I](2020-03-15  12:09:38 am)작업중 M코드정지 [d:176][t:03:34:53]
[A](2020-03-15  12:10:01 am)[041] AWF 명령끝날때까지 센서감지(타임아웃) 안됨
[I](2020-03-15  12:20:59 am)작업중 정지 [d:186][t:03:46:15]
[I](2020-03-15  12:20:59 am)    [LNo:0001] 000670/002033
[I](2020-03-15  12:21:00 am)작업중 M코드정지 [d:186][t:03:46:15]
[I](2020-03-15  12:21:48 am)작업중 정지 [d:186][t:03:47:04]
[I](2020-03-15  12:21:48 am)    [LNo:0001] 000673/002033
[I](2020-03-15  12:21:48 am)작업중 M코드정지 [d:186][t:03:47:04]
[I](2020-03-15  12:33:39 am)작업중 정지 [d:196][t:03:58:54]
[I](2020-03-15  12:33:39 am)    [LNo:0001] 000695/002033
[I](2020-03-15  12:33:39 am)작업중 M코드정지 [d:196][t:03:58:54]
[I](2020-03-15  12:34:16 am)작업중 정지 [d:196][t:03:59:32]
[I](2020-03-15  12:34:16 am)    [LNo:0001] 000696/002033
[I](2020-03-15  12:34:53 am)작업 재시작
[I](2020-03-15  12:34:59 am)작업중 정지 [d:196][t:04:00:14]
[I](2020-03-15  12:34:59 am)    [LNo:0001] 000698/002033
[I](2020-03-15  12:34:59 am)작업중 M코드정지 [d:196][t:04:00:14]
[I](2020-03-15  12:53:57 am)작업중 정지 [d:214][t:04:19:13]
[I](2020-03-15  12:53:57 am)    [LNo:0001] 000730/002033
[I](2020-03-15  12:53:57 am)작업중 M코드정지 [d:214][t:04:19:13]
[I](2020-03-15  12:55:00 am)작업중 정지 [d:214][t:04:20:16]
[I](2020-03-15  12:55:00 am)    [LNo:0001] 000732/002033
[I](2020-03-15  12:55:22 am)작업 재시작
[I](2020-03-15  12:55:28 am)작업중 정지 [d:215][t:04:20:44]
[I](2020-03-15  12:55:28 am)    [LNo:0001] 000734/002033
[I](2020-03-15  12:55:28 am)작업중 M코드정지 [d:215][t:04:20:44]
[I](2020-03-15  01:14:32 am)작업중 정지 [d:233][t:04:39:47]
[I](2020-03-15  01:14:32 am)    [LNo:0001] 000766/002033
[I](2020-03-15  01:14:32 am)작업중 M코드정지 [d:233][t:04:39:47]
[I](2020-03-15  01:16:01 am)작업중 정지 [d:233][t:04:41:16]
[I](2020-03-15  01:16:01 am)    [LNo:0001] 000768/002033
[A](2020-03-15  01:16:19 am)[001] 와이어 미동작
[I](2020-03-15  01:16:20 am)작업 재시작
[I](2020-03-15  01:16:26 am)작업중 정지 [d:234][t:04:41:42]
[I](2020-03-15  01:16:26 am)    [LNo:0001] 000770/002033
[I](2020-03-15  01:16:26 am)작업중 M코드정지 [d:234][t:04:41:42]
[I](2020-03-15  02:07:54 am)작업중 정지 [d:284][t:05:33:09]
[I](2020-03-15  02:07:54 am)    [LNo:0001] 000829/002033
[I](2020-03-15  02:08:17 am)작업 재시작
[I](2020-03-15  02:08:21 am)작업중 정지 [d:284][t:05:33:37]
[I](2020-03-15  02:08:21 am)    [LNo:0001] 000831/002033
[I](2020-03-15  02:08:21 am)작업중 M코드정지 [d:284][t:05:33:37]
[I](2020-03-15  03:19:02 am)작업중 정지 [d:353][t:06:44:17]
[I](2020-03-15  03:19:02 am)    [LNo:0001] 000893/002033
[I](2020-03-15  03:19:02 am)작업중 M코드정지 [d:353][t:06:44:17]
[I](2020-03-15  03:29:23 am)작업중 정지 [d:353][t:06:54:39]
[I](2020-03-15  03:29:23 am)    [LNo:0001] 000897/002033
[I](2020-03-15  03:29:23 am)작업중 M코드정지 [d:353][t:06:54:39]
[I](2020-03-15  04:26:31 am)작업중 정지 [d:409][t:07:51:47]
[I](2020-03-15  04:26:31 am)    [LNo:0001] 000960/002033
[I](2020-03-15  04:26:31 am)작업중 M코드정지 [d:409][t:07:51:47]
[I](2020-03-15  04:27:15 am)작업중 정지 [d:409][t:07:52:30]
[I](2020-03-15  04:27:15 am)    [LNo:0001] 000963/002033
[I](2020-03-15  04:27:15 am)작업중 M코드정지 [d:409][t:07:52:30]
[I](2020-03-15  04:28:53 am)작업중 정지 [d:409][t:07:54:09]
[I](2020-03-15  04:28:53 am)    [LNo:0001] 000980/002033
[A](2020-03-15  04:28:53 am)[008] 작업중 단선(AWF Feed Motor Stop )
[I](2020-03-15  04:28:53 am)작업중 Wire 단선 [d:409][t:07:54:09]
[I](2020-03-15  04:30:03 am)작업 재시작
[I](2020-03-15  04:56:34 am)작업중 정지 [d:436][t:08:21:49]
[I](2020-03-15  04:56:34 am)    [LNo:0001] 000992/002033
[I](2020-03-15  04:56:56 am)작업 재시작
[I](2020-03-15  04:57:02 am)작업중 정지 [d:436][t:08:22:18]
[I](2020-03-15  04:57:02 am)    [LNo:0001] 000994/002033
[I](2020-03-15  04:57:02 am)작업중 M코드정지 [d:436][t:08:22:18]
[I](2020-03-15  04:57:37 am)작업중 정지 [d:436][t:08:22:53]
[I](2020-03-15  04:57:37 am)    [LNo:0001] 001003/002033
[I](2020-03-15  04:57:37 am)작업중 M코드정지 [d:436][t:08:22:53]
[I](2020-03-15  04:58:18 am)Reset
[I](2020-03-15  04:58:27 am)작업 시작 [Start d:436]
[I](2020-03-15  04:58:27 am)Nc File: [No.0001-495.NC]
[I](2020-03-15  04:58:27 am)  * Start Machine Position
[I](2020-03-15  04:58:27 am)    X:    306.9232
[I](2020-03-15  04:58:27 am)    Y:   -386.3727
[I](2020-03-15  04:58:27 am)    U:      0.0000
[I](2020-03-15  04:58:27 am)    V:      0.0000
[I](2020-03-15  04:58:27 am)    Z:     29.3490
[I](2020-03-15  04:58:27 am)  * Angle
[I](2020-03-15  04:58:27 am)    Ar:     -0.0056,Kr:      0.0000
[I](2020-03-15  04:58:27 am)    Taper_Ar:      0.0000
[I](2020-03-15  06:31:30 am)작업중 정지 [d:92][t:01:33:02]
[I](2020-03-15  06:31:30 am)    [LNo:0001] 000552/002033
[I](2020-03-15  06:31:30 am)작업중 M코드정지 [d:92][t:01:33:02]
[I](2020-03-15  06:40:57 am)작업중 정지 [d:92][t:01:42:29]
[I](2020-03-15  06:40:57 am)    [LNo:0001] 000556/002033
[I](2020-03-15  06:40:57 am)작업중 M코드정지 [d:92][t:01:42:29]
[I](2020-03-15  06:44:50 am)Reset
[I](2020-03-15  06:44:52 am)작업 시작 [Start d:528]
[I](2020-03-15  06:44:52 am)Nc File: [No.0001-495.NC]
[I](2020-03-15  06:44:52 am)  * Start Machine Position
[I](2020-03-15  06:44:52 am)    X:    306.9232
[I](2020-03-15  06:44:52 am)    Y:   -386.3727
[I](2020-03-15  06:44:52 am)    U:      0.0000
[I](2020-03-15  06:44:52 am)    V:      0.0000
[I](2020-03-15  06:44:52 am)    Z:     29.3490
[I](2020-03-15  06:44:52 am)  * Angle
[I](2020-03-15  06:44:52 am)    Ar:     -0.0056,Kr:      0.0000
[I](2020-03-15  06:44:52 am)    Taper_Ar:      0.0000
[I](2020-03-15  06:44:53 am)작업중 정지 [d:0][t:00:00:00]
[I](2020-03-15  06:44:53 am)    [LNo:0001] 000006/002033
[I](2020-03-15  06:45:27 am)작업중 정지 [d:0][t:00:00:34]
[I](2020-03-15  06:45:27 am)    [LNo:0001] 001002/002033
[I](2020-03-15  07:04:42 am)작업중 정지 [d:19][t:00:19:49]
[I](2020-03-15  07:04:42 am)    [LNo:0001] 001026/002033
[I](2020-03-15  07:04:42 am)작업중 M코드정지 [d:19][t:00:19:49]
[I](2020-03-15  07:05:09 am)작업중 정지 [d:19][t:00:20:17]
[I](2020-03-15  07:05:09 am)    [LNo:0001] 001028/002033
[I](2020-03-15  07:05:27 am)작업 재시작
[I](2020-03-15  07:05:33 am)작업중 정지 [d:19][t:00:20:40]
[I](2020-03-15  07:05:33 am)    [LNo:0001] 001030/002033
[I](2020-03-15  07:05:33 am)작업중 M코드정지 [d:19][t:00:20:40]
[I](2020-03-15  07:25:01 am)작업중 정지 [d:37][t:00:40:08]
[I](2020-03-15  07:25:01 am)    [LNo:0001] 001064/002033
[I](2020-03-15  07:25:24 am)작업 재시작
[I](2020-03-15  07:25:29 am)작업중 정지 [d:38][t:00:40:36]
[I](2020-03-15  07:25:29 am)    [LNo:0001] 001066/002033
[I](2020-03-15  07:25:29 am)작업중 M코드정지 [d:38][t:00:40:36]
[I](2020-03-15  07:52:13 am)작업중 정지 [d:63][t:01:07:21]
[I](2020-03-15  07:52:13 am)    [LNo:0001] 001094/002033
[I](2020-03-15  07:52:13 am)작업중 M코드정지 [d:63][t:01:07:21]
[I](2020-03-15  07:52:53 am)작업중 정지 [d:63][t:01:08:00]
[I](2020-03-15  07:52:53 am)    [LNo:0001] 001095/002033
[I](2020-03-15  07:52:53 am)작업중 30sec 접촉 정지 [d:63][t:01:08:00]
[I](2020-03-15  07:53:15 am)작업 재시작
[I](2020-03-15  07:53:35 am)작업중 정지 [d:63][t:01:08:42]
[I](2020-03-15  07:53:35 am)    [LNo:0001] 001097/002033
[I](2020-03-15  07:53:35 am)작업중 M코드정지 [d:63][t:01:08:42]
[I](2020-03-15  08:14:08 am)작업중 정지 [d:82][t:01:29:15]
[I](2020-03-15  08:14:08 am)    [LNo:0001] 001131/002033
[I](2020-03-15  08:14:30 am)작업 재시작
[I](2020-03-15  08:14:34 am)작업중 정지 [d:82][t:01:29:42]
[I](2020-03-15  08:14:34 am)    [LNo:0001] 001133/002033
[I](2020-03-15  08:14:35 am)작업중 M코드정지 [d:82][t:01:29:42]
[I](2020-03-15  08:37:36 am)작업중 정지 [d:104][t:01:52:43]
[I](2020-03-15  08:37:36 am)    [LNo:0001] 001158/002033
[I](2020-03-15  08:37:36 am)작업중 M코드정지 [d:104][t:01:52:43]
[I](2020-03-15  08:39:54 am)작업중 정지 [d:104][t:01:55:01]
[I](2020-03-15  08:39:54 am)    [LNo:0001] 001159/002033
[I](2020-03-15  08:40:21 am)작업 재시작
[I](2020-03-15  08:54:33 am)작업중 정지 [d:118][t:02:09:40]
[I](2020-03-15  08:54:33 am)    [LNo:0001] 001185/002033
[I](2020-03-15  08:54:33 am)작업중 M코드정지 [d:118][t:02:09:40]
[I](2020-03-15  08:55:23 am)작업중 정지 [d:119][t:02:10:30]
[I](2020-03-15  08:55:23 am)    [LNo:0001] 001187/002033
[I](2020-03-15  08:55:53 am)작업 재시작
[I](2020-03-15  08:55:59 am)작업중 정지 [d:119][t:02:11:06]
[I](2020-03-15  08:55:59 am)    [LNo:0001] 001189/002033
[I](2020-03-15  08:55:59 am)작업중 M코드정지 [d:119][t:02:11:06]
[I](2020-03-15  09:18:35 am)작업중 정지 [d:140][t:02:33:42]
[I](2020-03-15  09:18:35 am)    [LNo:0001] 001214/002033
[I](2020-03-15  09:18:35 am)작업중 M코드정지 [d:140][t:02:33:42]
[I](2020-03-15  09:19:57 am)작업중 정지 [d:140][t:02:35:04]
[I](2020-03-15  09:19:57 am)    [LNo:0001] 001215/002033
[I](2020-03-15  09:20:27 am)작업 재시작
[I](2020-03-15  09:20:33 am)작업중 정지 [d:140][t:02:35:40]
[I](2020-03-15  09:20:33 am)    [LNo:0001] 001217/002033
[I](2020-03-15  09:20:33 am)작업중 M코드정지 [d:140][t:02:35:40]
[I](2020-03-15  09:42:56 am)작업중 정지 [d:161][t:02:58:03]
[I](2020-03-15  09:42:56 am)    [LNo:0001] 001242/002033
[I](2020-03-15  09:42:56 am)작업중 M코드정지 [d:161][t:02:58:04]
[I](2020-03-15  09:43:34 am)작업중 정지 [d:161][t:02:58:41]
[I](2020-03-15  09:43:34 am)    [LNo:0001] 001243/002033
[A](2020-03-15  09:43:34 am)[008] 작업중 단선(AWF Feed Motor Stop )
[I](2020-03-15  09:43:34 am)작업중 Wire 단선 [d:161][t:02:58:41]
[I](2020-03-15  09:44:08 am)작업 재시작
[I](2020-03-15  09:44:13 am)작업중 정지 [d:161][t:02:59:20]
[I](2020-03-15  09:44:13 am)    [LNo:0001] 001245/002033
[I](2020-03-15  09:44:13 am)작업중 M코드정지 [d:161][t:02:59:20]
[I](2020-03-15  09:57:46 am)작업중 정지 [d:173][t:03:12:53]
[I](2020-03-15  09:57:46 am)    [LNo:0001] 001269/002033
[I](2020-03-15  09:57:46 am)작업중 M코드정지 [d:173][t:03:12:53]
[I](2020-03-15  09:59:34 am)작업중 정지 [d:173][t:03:14:41]
[I](2020-03-15  09:59:34 am)    [LNo:0001] 001271/002033
[I](2020-03-15  10:00:26 am)작업 재시작
[I](2020-03-15  10:00:34 am)작업중 정지 [d:173][t:03:15:41]
[I](2020-03-15  10:00:34 am)    [LNo:0001] 001273/002033
[I](2020-03-15  10:00:34 am)작업중 M코드정지 [d:173][t:03:15:41]
[I](2020-03-15  10:22:44 am)작업중 정지 [d:194][t:03:37:51]
[I](2020-03-15  10:22:44 am)    [LNo:0001] 001298/002033
[I](2020-03-15  10:22:44 am)작업중 M코드정지 [d:194][t:03:37:51]
[I](2020-03-15  10:26:03 am)작업중 정지 [d:194][t:03:41:10]
[I](2020-03-15  10:26:03 am)    [LNo:0001] 001299/002033
[I](2020-03-15  10:26:35 am)작업 재시작
[I](2020-03-15  10:26:39 am)작업중 정지 [d:194][t:03:41:47]
[I](2020-03-15  10:26:39 am)    [LNo:0001] 001301/002033
[I](2020-03-15  10:26:39 am)작업중 M코드정지 [d:194][t:03:41:47]
[I](2020-03-15  10:28:08 am)작업중 정지 [d:194][t:03:43:15]
[I](2020-03-15  10:28:08 am)    [LNo:0001] 001307/002033
[I](2020-03-15  10:31:12 am)작업 재시작
[I](2020-03-15  10:52:15 am)작업중 정지 [d:213][t:04:07:22]
[I](2020-03-15  10:52:15 am)    [LNo:0001] 001358/002033
[I](2020-03-15  10:52:15 am)작업중 M코드정지 [d:213][t:04:07:22]
[I](2020-03-15  12:40:40 pm)작업중 정지 [d:301][t:05:55:48]
[I](2020-03-15  12:40:40 pm)    [LNo:0001] 001873/002033
[A](2020-03-15  12:40:40 pm)[009] 자동결선 Error(M20-삽입실패)
[A](2020-03-15  12:44:13 pm)[038] 자동결선 FEED MOTOR ALARM !!
[A](2020-03-15  12:44:18 pm)[038] 자동결선 FEED MOTOR ALARM !!
[A](2020-03-15  12:44:27 pm)[038] 자동결선 FEED MOTOR ALARM !!
[A](2020-03-15  12:44:44 pm)[038] 자동결선 FEED MOTOR ALARM !!
[A](2020-03-15  12:44:47 pm)[038] 자동결선 FEED MOTOR ALARM !!
[A](2020-03-15  12:44:49 pm)[038] 자동결선 FEED MOTOR ALARM !!
[I](2020-03-15  01:24:51 pm)작업중 정지 [d:330][t:06:39:58]
[I](2020-03-15  01:24:51 pm)    [LNo:0001] 002029/002033
[I](2020-03-15  01:24:51 pm)작업중 M코드정지 [d:330][t:06:39:58]
[I](2020-03-15  01:34:04 pm)Reset
[I](2020-03-15  01:34:07 pm)작업 시작 [Start d:858]
[I](2020-03-15  01:34:07 pm)Nc File: [No.0001-495.NC]
[I](2020-03-15  01:34:07 pm)  * Start Machine Position
[I](2020-03-15  01:34:07 pm)    X:    306.9232
[I](2020-03-15  01:34:07 pm)    Y:   -386.3727
[I](2020-03-15  01:34:07 pm)    U:      0.0000
[I](2020-03-15  01:34:07 pm)    V:      0.0000
[I](2020-03-15  01:34:07 pm)    Z:     29.3490
[I](2020-03-15  01:34:07 pm)  * Angle
[I](2020-03-15  01:34:07 pm)    Ar:     -0.0056,Kr:      0.0000
[I](2020-03-15  01:34:07 pm)    Taper_Ar:      0.0000
[I](2020-03-15  01:34:32 pm)작업중 정지 [d:0][t:00:00:24]
[I](2020-03-15  01:34:32 pm)    [LNo:0001] 000010/002033
[I](2020-03-15  01:34:32 pm)작업중 M코드정지 [d:0][t:00:00:24]
[I](2020-03-15  01:35:11 pm)작업중 정지 [d:0][t:00:01:03]
[I](2020-03-15  01:35:11 pm)    [LNo:0001] 001872/002033
[I](2020-03-15  01:36:47 pm)작업중 정지 [d:1][t:00:02:39]
[I](2020-03-15  01:36:47 pm)    [LNo:0001] 001889/002033
[I](2020-03-15  01:36:47 pm)작업중 M코드정지 [d:1][t:00:02:39]
[I](2020-03-15  01:51:39 pm)Reset
[I](2020-03-15  01:51:40 pm)Reset
[I](2020-03-15  01:51:52 pm)Reset
[I](2020-03-15  01:52:08 pm)Reset
[I](2020-03-15  01:52:08 pm)Reset
[I](2020-03-15  01:56:42 pm)Reset
[I](2020-03-15  01:56:45 pm)Reset
[I](2020-03-15  01:57:35 pm)Reset
[I](2020-03-15  02:06:05 pm)Reset
[I](2020-03-15  02:09:45 pm)Reset
[I](2020-03-15  02:12:41 pm)Reset
[I](2020-03-15  02:12:41 pm)Reset
[I](2020-03-15  02:18:25 pm)Reset
[I](2020-03-15  02:22:23 pm)Reset
[I](2020-03-15  02:22:27 pm)Reset
[I](2020-03-15  02:23:52 pm)Reset
[I](2020-03-15  02:23:56 pm)Reset
[I](2020-03-15  02:24:00 pm)Reset
[I](2020-03-15  02:24:01 pm)Reset
[I](2020-03-15  02:27:23 pm)작업 시작 [Start d:0]
[I](2020-03-15  02:27:23 pm)Nc File: [No.0002-527.NC]
[I](2020-03-15  02:27:23 pm)  * Start Machine Position
[I](2020-03-15  02:27:23 pm)    X:    407.2478
[I](2020-03-15  02:27:23 pm)    Y:    -55.9060
[I](2020-03-15  02:27:23 pm)    U:      0.0000
[I](2020-03-15  02:27:23 pm)    V:      0.0000
[I](2020-03-15  02:27:23 pm)    Z:     30.2079
[I](2020-03-15  02:27:23 pm)  * Angle
[I](2020-03-15  02:27:23 pm)    Ar:     -0.0621,Kr:      0.0000
[I](2020-03-15  02:27:23 pm)    Taper_Ar:      0.0000
[I](2020-03-15  02:27:54 pm)작업중 정지 [d:0][t:00:00:30]
[I](2020-03-15  02:27:54 pm)    [LNo:0002] 000010/000646
[I](2020-03-15  02:27:54 pm)작업중 M코드정지 [d:0][t:00:00:30]
[I](2020-03-15  02:31:44 pm)작업중 정지 [d:1][t:00:04:20]
[I](2020-03-15  02:31:44 pm)    [LNo:0002] 000049/000646
[I](2020-03-15  02:31:44 pm)작업중 M코드정지 [d:1][t:00:04:20]
[I](2020-03-15  02:32:35 pm)작업중 정지 [d:1][t:00:05:12]
[I](2020-03-15  02:32:35 pm)    [LNo:0002] 000052/000646
[I](2020-03-15  02:32:35 pm)작업중 M코드정지 [d:1][t:00:05:12]
[I](2020-03-15  02:32:40 pm)작업중 정지 [d:1][t:00:05:16]
[I](2020-03-15  02:32:40 pm)    [LNo:0002] 000055/000646
[I](2020-03-15  02:32:40 pm)작업중 M코드정지 [d:1][t:00:05:16]
[I](2020-03-15  02:33:04 pm)작업중 정지 [d:1][t:00:05:41]
[I](2020-03-15  02:33:04 pm)    [LNo:0002] 000061/000646
[I](2020-03-15  02:33:05 pm)작업중 M코드정지 [d:1][t:00:05:41]
[I](2020-03-15  02:45:35 pm)Reset
[I](2020-03-15  02:47:07 pm)작업 시작 [Start d:1]
[I](2020-03-15  02:47:07 pm)Nc File: [No.0002-527.NC]
[I](2020-03-15  02:47:07 pm)  * Start Machine Position
[I](2020-03-15  02:47:07 pm)    X:    457.4265
[I](2020-03-15  02:47:07 pm)    Y:   -314.4925
[I](2020-03-15  02:47:07 pm)    U:      0.0000
[I](2020-03-15  02:47:07 pm)    V:      0.0000
[I](2020-03-15  02:47:07 pm)    Z:     49.2294
[I](2020-03-15  02:47:07 pm)  * Angle
[I](2020-03-15  02:47:07 pm)    Ar:     -0.0621,Kr:      0.0000
[I](2020-03-15  02:47:07 pm)    Taper_Ar:      0.0000
[I](2020-03-15  02:47:08 pm)작업중 정지 [d:0][t:00:00:00]
[I](2020-03-15  02:47:08 pm)    [LNo:0002] 000061/000646
[I](2020-03-15  02:47:16 pm)작업중 정지 [d:0][t:00:00:08]
[I](2020-03-15  02:47:16 pm)    [LNo:0002] 000069/000646
[I](2020-03-15  02:47:29 pm)작업 재시작
[I](2020-03-15  02:47:31 pm)작업중 정지 [d:0][t:00:00:23]
[I](2020-03-15  02:47:31 pm)    [LNo:0002] 000069/000646
[I](2020-03-15  02:47:46 pm)작업 재시작
[I](2020-03-15  03:08:09 pm)작업중 정지 [d:20][t:00:21:01]
[I](2020-03-15  03:08:09 pm)    [LNo:0002] 000100/000646
[I](2020-03-15  03:08:09 pm)작업중 30sec 접촉 정지 [d:20][t:00:21:01]
[I](2020-03-15  03:11:22 pm)작업 재시작
[I](2020-03-15  03:20:44 pm)작업중 정지 [d:29][t:00:33:36]
[I](2020-03-15  03:20:44 pm)    [LNo:0002] 000112/000646
[I](2020-03-15  03:20:44 pm)작업중 M코드정지 [d:29][t:00:33:36]
[I](2020-03-15  03:22:07 pm)작업중 정지 [d:29][t:00:34:59]
[I](2020-03-15  03:22:07 pm)    [LNo:0002] 000113/000646
[I](2020-03-15  03:23:40 pm)작업 재시작
[I](2020-03-15  03:24:05 pm)작업중 정지 [d:29][t:00:36:57]
[I](2020-03-15  03:24:05 pm)    [LNo:0002] 000115/000646
[I](2020-03-15  03:25:18 pm)작업 재시작
[I](2020-03-15  03:35:01 pm)작업중 정지 [d:39][t:00:47:53]
[I](2020-03-15  03:35:01 pm)    [LNo:0002] 000129/000646
[I](2020-03-15  03:35:01 pm)작업중 M코드정지 [d:39][t:00:47:53]
[I](2020-03-15  03:43:06 pm)작업중 정지 [d:44][t:00:55:58]
[I](2020-03-15  03:43:06 pm)    [LNo:0002] 000134/000646
[I](2020-03-15  03:43:06 pm)작업중 M코드정지 [d:44][t:00:55:58]
[I](2020-03-15  03:43:25 pm)작업중 정지 [d:44][t:00:56:17]
[I](2020-03-15  03:43:25 pm)    [LNo:0002] 000136/000646
[I](2020-03-15  03:43:25 pm)작업중 M코드정지 [d:44][t:00:56:17]
[I](2020-03-15  03:43:26 pm)작업중 정지 [d:44][t:00:56:18]
[I](2020-03-15  03:43:26 pm)    [LNo:0002] 000139/000646
[I](2020-03-15  03:43:26 pm)작업중 M코드정지 [d:44][t:00:56:18]
[I](2020-03-15  04:10:18 pm)작업중 정지 [d:68][t:01:23:10]
[I](2020-03-15  04:10:18 pm)    [LNo:0002] 000181/000646
[I](2020-03-15  04:10:18 pm)작업중 M코드정지 [d:68][t:01:23:10]
[I](2020-03-15  04:51:18 pm)작업중 정지 [d:105][t:02:04:10]
[I](2020-03-15  04:51:18 pm)    [LNo:0002] 000207/000646
[I](2020-03-15  04:51:18 pm)작업중 M코드정지 [d:105][t:02:04:10]
[I](2020-03-15  04:52:16 pm)작업중 정지 [d:105][t:02:05:08]
[I](2020-03-15  04:52:16 pm)    [LNo:0002] 000209/000646
[I](2020-03-15  04:52:16 pm)작업중 M코드정지 [d:105][t:02:05:08]
[I](2020-03-15  04:52:17 pm)작업중 정지 [d:105][t:02:05:09]
[I](2020-03-15  04:52:17 pm)    [LNo:0002] 000212/000646
[I](2020-03-15  04:52:17 pm)작업중 M코드정지 [d:105][t:02:05:09]
[I](2020-03-15  05:03:08 pm)작업중 정지 [d:114][t:02:16:00]
[I](2020-03-15  05:03:08 pm)    [LNo:0002] 000234/000646
[I](2020-03-15  05:03:08 pm)작업중 M코드정지 [d:114][t:02:16:00]
[I](2020-03-15  05:18:43 pm)작업중 정지 [d:126][t:02:31:35]
[I](2020-03-15  05:18:43 pm)    [LNo:0002] 000261/000646
[I](2020-03-15  05:18:43 pm)작업중 30sec 접촉 정지 [d:126][t:02:31:35]
[I](2020-03-15  05:24:02 pm)작업 재시작
[I](2020-03-15  05:24:31 pm)작업중 정지 [d:127][t:02:37:23]
[I](2020-03-15  05:24:31 pm)    [LNo:0002] 000262/000646
[I](2020-03-15  05:24:31 pm)작업중 M코드정지 [d:127][t:02:37:23]
[I](2020-03-15  05:24:52 pm)작업중 정지 [d:127][t:02:37:44]
[I](2020-03-15  05:24:52 pm)    [LNo:0002] 000265/000646
[I](2020-03-15  05:24:52 pm)작업중 M코드정지 [d:127][t:02:37:44]
[I](2020-03-15  05:52:44 pm)작업중 정지 [d:154][t:03:05:36]
[I](2020-03-15  05:52:44 pm)    [LNo:0002] 000299/000646
[I](2020-03-15  05:54:16 pm)작업 재시작
[I](2020-03-15  05:54:52 pm)작업중 정지 [d:155][t:03:07:44]
[I](2020-03-15  05:54:52 pm)    [LNo:0002] 000300/000646
[I](2020-03-15  05:54:52 pm)작업중 M코드정지 [d:155][t:03:07:44]
[I](2020-03-15  05:55:12 pm)작업중 정지 [d:155][t:03:08:04]
[I](2020-03-15  05:55:12 pm)    [LNo:0002] 000303/000646
[I](2020-03-15  05:55:12 pm)작업중 M코드정지 [d:155][t:03:08:04]
[I](2020-03-15  06:42:17 pm)작업중 정지 [d:200][t:03:55:09]
[I](2020-03-15  06:42:17 pm)    [LNo:0002] 000361/000646
[I](2020-03-15  06:44:11 pm)Reset
[I](2020-03-15  06:44:12 pm)Reset
[I](2020-03-15  06:44:15 pm)Reset
[I](2020-03-15  06:44:17 pm)Reset
[I](2020-03-15  06:44:18 pm)Reset
[I](2020-03-15  06:52:35 pm)Reset
[I](2020-03-15  06:52:50 pm)작업 시작 [Start d:201]
[I](2020-03-15  06:52:50 pm)Nc File: [No.0003-543.NC]
[I](2020-03-15  06:52:50 pm)  * Start Machine Position
[I](2020-03-15  06:52:50 pm)    X:    407.2478
[I](2020-03-15  06:52:50 pm)    Y:    -55.9060
[I](2020-03-15  06:52:50 pm)    U:      0.0000
[I](2020-03-15  06:52:50 pm)    V:      0.0000
[I](2020-03-15  06:52:50 pm)    Z:     49.2294
[I](2020-03-15  06:52:50 pm)  * Angle
[I](2020-03-15  06:52:50 pm)    Ar:     -0.0621,Kr:      0.0000
[I](2020-03-15  06:52:50 pm)    Taper_Ar:      0.0000
[I](2020-03-15  06:53:27 pm)작업중 정지 [d:0][t:00:00:36]
[I](2020-03-15  06:53:27 pm)    [LNo:0003] 000010/000393
[I](2020-03-15  06:53:27 pm)작업중 M코드정지 [d:0][t:00:00:36]
[I](2020-03-15  07:05:59 pm)작업중 정지 [d:12][t:00:13:09]
[I](2020-03-15  07:05:59 pm)    [LNo:0003] 000086/000393
[I](2020-03-15  07:06:00 pm)작업중 M코드정지 [d:12][t:00:13:09]
[I](2020-03-15  07:31:23 pm)작업중 정지 [d:37][t:00:38:33]
[I](2020-03-15  07:31:23 pm)    [LNo:0003] 000274/000393
[I](2020-03-15  07:34:50 pm)작업 재시작
[I](2020-03-15  07:38:24 pm)작업중 정지 [d:41][t:00:45:33]
[I](2020-03-15  07:38:24 pm)    [LNo:0003] 000281/000393
[I](2020-03-15  07:38:24 pm)작업중 M코드정지 [d:41][t:00:45:33]
[I](2020-03-15  07:53:23 pm)작업중 정지 [d:55][t:01:00:32]
[I](2020-03-15  07:53:23 pm)    [LNo:0003] 000388/000393
[I](2020-03-15  07:57:59 pm)Reset
[I](2020-03-15  07:58:57 pm)작업 시작 [Start d:256]
[I](2020-03-15  07:58:57 pm)Nc File: [No.0002-527.NC]
[I](2020-03-15  07:58:57 pm)  * Start Machine Position
[I](2020-03-15  07:58:57 pm)    X:    407.2478
[I](2020-03-15  07:58:57 pm)    Y:    -55.9060
[I](2020-03-15  07:58:57 pm)    U:      0.0000
[I](2020-03-15  07:58:57 pm)    V:      0.0000
[I](2020-03-15  07:58:57 pm)    Z:     49.2294
[I](2020-03-15  07:58:57 pm)  * Angle
[I](2020-03-15  07:58:57 pm)    Ar:     -0.0621,Kr:      0.0000
[I](2020-03-15  07:58:57 pm)    Taper_Ar:      0.0000
[I](2020-03-15  08:02:42 pm)작업중 정지 [d:3][t:00:03:44]
[I](2020-03-15  08:02:42 pm)    [LNo:0002] 000508/000646
[I](2020-03-15  08:05:36 pm)Reset
[I](2020-03-15  08:05:53 pm)작업 시작 [Start d:259]
[I](2020-03-15  08:05:53 pm)Nc File: [No.0001-545.NC]
[I](2020-03-15  08:05:53 pm)  * Start Machine Position
[I](2020-03-15  08:05:53 pm)    X:    407.2478
[I](2020-03-15  08:05:53 pm)    Y:    -55.9060
[I](2020-03-15  08:05:53 pm)    U:      0.0000
[I](2020-03-15  08:05:53 pm)    V:      0.0000
[I](2020-03-15  08:05:53 pm)    Z:     49.2294
[I](2020-03-15  08:05:53 pm)  * Angle
[I](2020-03-15  08:05:53 pm)    Ar:     -0.0621,Kr:      0.0000
[I](2020-03-15  08:05:53 pm)    Taper_Ar:      0.0000
[I](2020-03-15  08:06:31 pm)작업중 정지 [d:0][t:00:00:38]
[I](2020-03-15  08:06:31 pm)    [LNo:0001] 000010/000244
[I](2020-03-15  08:06:31 pm)작업중 M코드정지 [d:0][t:00:00:38]
[I](2020-03-15  08:09:16 pm)작업중 정지 [d:2][t:00:03:22]
[I](2020-03-15  08:09:16 pm)    [LNo:0001] 000029/000244
[I](2020-03-15  08:09:16 pm)작업중 M코드정지 [d:2][t:00:03:22]
[I](2020-03-15  08:16:34 pm)작업중 정지 [d:7][t:00:10:40]
[I](2020-03-15  08:16:34 pm)    [LNo:0001] 000097/000244
[I](2020-03-15  08:16:34 pm)작업중 M코드정지 [d:7][t:00:10:40]
[I](2020-03-15  08:28:31 pm)작업중 정지 [d:16][t:00:22:38]
[I](2020-03-15  08:28:31 pm)    [LNo:0001] 000175/000244
[I](2020-03-15  08:28:32 pm)작업중 M코드정지 [d:16][t:00:22:38]
[I](2020-03-15  08:40:01 pm)작업 끝.(M02) [d:24][t:00:34:07]
[I](2020-03-15  08:40:01 pm)
[I](2020-03-15  08:40:01 pm)Work completed.
[I](2020-03-15  08:55:19 pm)Reset
[I](2020-03-15  08:57:24 pm)작업 시작 [Start d:283]
[I](2020-03-15  08:57:24 pm)Nc File: [No.0005-546.NC]
[I](2020-03-15  08:57:24 pm)  * Start Machine Position
[I](2020-03-15  08:57:24 pm)    X:    407.2478
[I](2020-03-15  08:57:24 pm)    Y:    -55.9060
[I](2020-03-15  08:57:24 pm)    U:      0.0000
[I](2020-03-15  08:57:24 pm)    V:      0.0000
[I](2020-03-15  08:57:24 pm)    Z:     49.2294
[I](2020-03-15  08:57:24 pm)  * Angle
[I](2020-03-15  08:57:24 pm)    Ar:     -0.0621,Kr:      0.0000
[I](2020-03-15  08:57:24 pm)    Taper_Ar:      0.0000
[I](2020-03-15  09:25:21 pm)작업중 정지 [d:27][t:00:27:56]
[I](2020-03-15  09:25:21 pm)    [LNo:0005] 000106/000486
[I](2020-03-15  09:25:21 pm)작업중 M코드정지 [d:27][t:00:27:56]
[I](2020-03-15  09:25:47 pm)작업중 정지 [d:27][t:00:28:22]
[I](2020-03-15  09:25:47 pm)    [LNo:0005] 000110/000486
[I](2020-03-15  09:25:47 pm)작업중 M코드정지 [d:27][t:00:28:22]
[I](2020-03-15  09:35:55 pm)작업중 정지 [d:37][t:00:38:30]
[I](2020-03-15  09:35:55 pm)    [LNo:0005] 000196/000486
[I](2020-03-15  09:35:55 pm)작업중 M코드정지 [d:37][t:00:38:30]
[I](2020-03-15  09:42:40 pm)Reset
[I](2020-03-15  09:42:52 pm)작업 시작 [Start d:320]
[I](2020-03-15  09:42:52 pm)Nc File: [No.0006-547.NC]
[I](2020-03-15  09:42:52 pm)  * Start Machine Position
[I](2020-03-15  09:42:52 pm)    X:    407.2478
[I](2020-03-15  09:42:52 pm)    Y:    -55.9060
[I](2020-03-15  09:42:52 pm)    U:      0.0000
[I](2020-03-15  09:42:52 pm)    V:      0.0000
[I](2020-03-15  09:42:52 pm)    Z:     49.2294
[I](2020-03-15  09:42:52 pm)  * Angle
[I](2020-03-15  09:42:52 pm)    Ar:     -0.0621,Kr:      0.0000
[I](2020-03-15  09:42:52 pm)    Taper_Ar:      0.0000
[I](2020-03-15  11:15:17 pm)
[I](2020-03-15  11:15:17 pm)Work completed.
[I](2020-03-15  11:15:17 pm)작업 끝.(M02) [d:88][t:01:32:25]
[I](2020-03-15  11:23:30 pm)Reset
[I](2020-03-15  11:26:32 pm)Reset
[I](2020-03-15  11:26:40 pm)Reset
[I](2020-03-15  11:26:40 pm)Reset
[A](2020-03-15  11:36:21 pm)[036] 자동결선 절단 공정 실패!!
[I](2020-03-15  11:40:42 pm)Reset
[I](2020-03-15  11:40:50 pm)Reset
[I](2020-03-15  11:41:58 pm)Reset
[I](2020-03-15  11:41:58 pm)Reset
[I](2020-03-15  11:45:02 pm)Reset
[I](2020-03-15  11:45:03 pm)Reset
[I](2020-03-15  11:51:40 pm)Reset
[I](2020-03-15  11:56:51 pm)Reset
[I](2020-03-15  11:58:52 pm)Reset
[I](2020-03-15  11:58:52 pm)Reset
[I](2020-03-15  11:58:52 pm)Reset
[I](2020-03-15  11:58:55 pm)Reset
