[I](2020-10-26  09:14:56 am)Reset
[I](2020-10-26  09:15:10 am)Reset
[I](2020-10-26  09:21:05 am)Reset
[I](2020-10-26  09:21:05 am)Reset
[I](2020-10-26  09:23:22 am)Reset
[I](2020-10-26  09:23:42 am)Reset
[I](2020-10-26  09:23:43 am)Reset
[I](2020-10-26  09:25:39 am)Reset
[I](2020-10-26  09:25:39 am)Reset
[I](2020-10-26  09:27:02 am)Reset
[I](2020-10-26  09:27:35 am)Reset
[I](2020-10-26  09:27:35 am)Reset
[I](2020-10-26  09:29:13 am)Reset
[I](2020-10-26  09:30:06 am)Reset
[I](2020-10-26  09:30:57 am)Reset
[I](2020-10-26  09:30:57 am)Reset
[I](2020-10-26  09:31:28 am)Reset
[I](2020-10-26  09:31:29 am)Reset
[I](2020-10-26  09:32:24 am)Reset
[I](2020-10-26  09:32:41 am)Reset
[I](2020-10-26  09:32:41 am)Reset
[I](2020-10-26  09:33:33 am)작업 시작 [Start d:205]
[I](2020-10-26  09:33:33 am)Nc File: [No.0003-441.NC]
[I](2020-10-26  09:33:33 am)  * Start Machine Position
[I](2020-10-26  09:33:33 am)    X:    215.3537
[I](2020-10-26  09:33:33 am)    Y:   -367.9083
[I](2020-10-26  09:33:33 am)    U:     -0.0351
[I](2020-10-26  09:33:33 am)    V:      1.3198
[I](2020-10-26  09:33:33 am)    Z:     54.0949
[I](2020-10-26  09:33:33 am)  * Angle
[I](2020-10-26  09:33:33 am)    Ar:      0.2252,Kr:      0.0000
[I](2020-10-26  09:33:33 am)    Taper_Ar:      0.0000
[I](2020-10-26  09:33:35 am)작업중 정지 [d:0][t:00:00:02]
[I](2020-10-26  09:33:35 am)    [LNo:0003] 000010/000050
[I](2020-10-26  09:33:35 am)작업중 M코드정지 [d:0][t:00:00:02]
[I](2020-10-26  10:04:00 am)작업중 정지 [d:30][t:00:30:26]
[I](2020-10-26  10:04:00 am)    [LNo:0003] 000024/000050
[I](2020-10-26  10:04:00 am)작업중 M코드정지 [d:30][t:00:30:26]
[I](2020-10-26  10:05:28 am)작업중 정지 [d:31][t:00:31:54]
[I](2020-10-26  10:05:28 am)    [LNo:0003] 000026/000050
[I](2020-10-26  10:05:28 am)작업중 M코드정지 [d:31][t:00:31:54]
[I](2020-10-26  10:12:19 am)작업중 정지 [d:37][t:00:38:45]
[I](2020-10-26  10:12:19 am)    [LNo:0003] 000046/000050
[I](2020-10-26  10:12:19 am)작업중 M코드정지 [d:37][t:00:38:45]
[I](2020-10-26  10:17:09 am)Reset
[I](2020-10-26  10:17:18 am)Reset
[I](2020-10-26  10:26:58 am)Reset
[I](2020-10-26  10:27:28 am)Reset
[I](2020-10-26  10:32:06 am)Reset
[I](2020-10-26  10:32:31 am)Reset
[I](2020-10-26  10:33:50 am)Reset
[I](2020-10-26  10:34:25 am)Reset
[I](2020-10-26  10:34:52 am)Reset
[I](2020-10-26  10:35:37 am)Reset
[I](2020-10-26  10:36:05 am)Reset
[I](2020-10-26  10:36:33 am)Reset
[I](2020-10-26  10:36:44 am)Reset
[I](2020-10-26  10:38:40 am)작업 시작 [Start d:242]
[I](2020-10-26  10:38:40 am)Nc File: [No.0004-431.NC]
[I](2020-10-26  10:38:40 am)  * Start Machine Position
[I](2020-10-26  10:38:40 am)    X:    224.1915
[I](2020-10-26  10:38:40 am)    Y:   -346.5254
[I](2020-10-26  10:38:40 am)    U:      0.0000
[I](2020-10-26  10:38:40 am)    V:      0.0000
[I](2020-10-26  10:38:40 am)    Z:     30.8095
[I](2020-10-26  10:38:40 am)  * Angle
[I](2020-10-26  10:38:40 am)    Ar:      1.3700,Kr:      0.0000
[I](2020-10-26  10:38:40 am)    Taper_Ar:      0.0000
[I](2020-10-26  10:38:44 am)작업중 정지 [d:0][t:00:00:04]
[I](2020-10-26  10:38:44 am)    [LNo:0004] 000010/000062
[I](2020-10-26  10:38:44 am)작업중 M코드정지 [d:0][t:00:00:04]
[I](2020-10-26  10:49:37 am)작업중 정지 [d:11][t:00:10:57]
[I](2020-10-26  10:49:37 am)    [LNo:0004] 000026/000062
[I](2020-10-26  10:49:37 am)작업중 M코드정지 [d:11][t:00:10:57]
[I](2020-10-26  10:53:07 am)작업중 정지 [d:11][t:00:14:27]
[I](2020-10-26  10:53:07 am)    [LNo:0004] 000028/000062
[I](2020-10-26  10:53:07 am)작업중 M코드정지 [d:11][t:00:14:27]
[I](2020-10-26  11:15:45 am)작업중 정지 [d:12][t:00:37:05]
[I](2020-10-26  11:15:45 am)    [LNo:0004] 000031/000062
[I](2020-10-26  11:28:18 am)작업중 정지 [d:23][t:00:49:37]
[I](2020-10-26  11:28:18 am)    [LNo:0004] 000050/000062
[I](2020-10-26  11:28:18 am)작업중 M코드정지 [d:23][t:00:49:37]
[A](2020-10-26  11:33:47 am)[037] 자동결선 잔여 WIRE 처리 실패!!
[A](2020-10-26  11:40:37 am)[036] 자동결선 절단 공정 실패!!
[I](2020-10-26  11:42:26 am)Reset
[I](2020-10-26  11:42:27 am)Reset
[I](2020-10-26  11:42:37 am)Reset
[I](2020-10-26  11:44:05 am)Reset
[I](2020-10-26  11:56:03 am)Reset
[I](2020-10-26  12:06:03 pm)Reset
[I](2020-10-26  12:07:47 pm)작업 시작 [Start d:265]
[I](2020-10-26  12:07:47 pm)Nc File: [No.0005-442.NC]
[I](2020-10-26  12:07:47 pm)  * Start Machine Position
[I](2020-10-26  12:07:47 pm)    X:    408.1708
[I](2020-10-26  12:07:47 pm)    Y:   -371.8030
[I](2020-10-26  12:07:47 pm)    U:      0.0000
[I](2020-10-26  12:07:47 pm)    V:      0.0000
[I](2020-10-26  12:07:47 pm)    Z:     32.6110
[I](2020-10-26  12:07:47 pm)  * Angle
[I](2020-10-26  12:07:47 pm)    Ar:      0.0000,Kr:      0.0000
[I](2020-10-26  12:07:47 pm)    Taper_Ar:      0.0000
[I](2020-10-26  12:08:44 pm)작업중 정지 [d:1][t:00:00:57]
[I](2020-10-26  12:08:44 pm)    [LNo:0005] 000023/000028
[I](2020-10-26  12:08:44 pm)작업중 M코드정지 [d:1][t:00:00:57]
[I](2020-10-26  12:10:34 pm)Reset
[I](2020-10-26  12:10:34 pm)Reset
[I](2020-10-26  12:10:51 pm)작업 시작 [Start d:266]
[I](2020-10-26  12:10:51 pm)Nc File: [No.0005-442.NC]
[I](2020-10-26  12:10:51 pm)  * Start Machine Position
[I](2020-10-26  12:10:51 pm)    X:    408.1708
[I](2020-10-26  12:10:51 pm)    Y:   -371.8030
[I](2020-10-26  12:10:51 pm)    U:      0.0000
[I](2020-10-26  12:10:51 pm)    V:      0.0000
[I](2020-10-26  12:10:51 pm)    Z:     32.6110
[I](2020-10-26  12:10:51 pm)  * Angle
[I](2020-10-26  12:10:51 pm)    Ar:      0.0000,Kr:      0.0000
[I](2020-10-26  12:10:51 pm)    Taper_Ar:      0.0000
[I](2020-10-26  12:11:46 pm)작업중 정지 [d:1][t:00:00:54]
[I](2020-10-26  12:11:46 pm)    [LNo:0005] 000022/000028
[I](2020-10-26  12:11:46 pm)작업중 M코드정지 [d:1][t:00:00:54]
[I](2020-10-26  12:13:19 pm)Reset
[I](2020-10-26  12:13:19 pm)Reset
[I](2020-10-26  12:13:31 pm)작업 시작 [Start d:267]
[I](2020-10-26  12:13:31 pm)Nc File: [No.0005-442.NC]
[I](2020-10-26  12:13:31 pm)  * Start Machine Position
[I](2020-10-26  12:13:31 pm)    X:    408.1708
[I](2020-10-26  12:13:31 pm)    Y:   -371.8030
[I](2020-10-26  12:13:31 pm)    U:      0.0000
[I](2020-10-26  12:13:31 pm)    V:      0.0000
[I](2020-10-26  12:13:31 pm)    Z:     32.6110
[I](2020-10-26  12:13:31 pm)  * Angle
[I](2020-10-26  12:13:31 pm)    Ar:      0.0000,Kr:      0.0000
[I](2020-10-26  12:13:31 pm)    Taper_Ar:      0.0000
[I](2020-10-26  12:14:25 pm)작업중 정지 [d:0][t:00:00:54]
[I](2020-10-26  12:14:25 pm)    [LNo:0005] 000023/000028
[I](2020-10-26  12:14:25 pm)작업중 M코드정지 [d:0][t:00:00:54]
[I](2020-10-26  12:16:07 pm)Reset
[I](2020-10-26  12:16:07 pm)Reset
[I](2020-10-26  12:16:19 pm)작업 시작 [Start d:267]
[I](2020-10-26  12:16:19 pm)Nc File: [No.0005-442.NC]
[I](2020-10-26  12:16:19 pm)  * Start Machine Position
[I](2020-10-26  12:16:19 pm)    X:    408.1708
[I](2020-10-26  12:16:19 pm)    Y:   -371.8030
[I](2020-10-26  12:16:19 pm)    U:      0.0000
[I](2020-10-26  12:16:19 pm)    V:      0.0000
[I](2020-10-26  12:16:19 pm)    Z:     32.6110
[I](2020-10-26  12:16:19 pm)  * Angle
[I](2020-10-26  12:16:19 pm)    Ar:      0.0000,Kr:      0.0000
[I](2020-10-26  12:16:19 pm)    Taper_Ar:      0.0000
[I](2020-10-26  12:17:29 pm)작업중 정지 [d:2][t:00:01:10]
[I](2020-10-26  12:17:29 pm)    [LNo:0005] 000023/000028
[I](2020-10-26  12:17:29 pm)작업중 M코드정지 [d:2][t:00:01:10]
[I](2020-10-26  12:51:12 pm)Reset
[I](2020-10-26  12:51:12 pm)Reset
[I](2020-10-26  12:51:23 pm)작업 시작 [Start d:269]
[I](2020-10-26  12:51:23 pm)Nc File: [No.0005-442.NC]
[I](2020-10-26  12:51:23 pm)  * Start Machine Position
[I](2020-10-26  12:51:23 pm)    X:    408.1708
[I](2020-10-26  12:51:23 pm)    Y:   -371.8030
[I](2020-10-26  12:51:23 pm)    U:      0.0000
[I](2020-10-26  12:51:23 pm)    V:      0.0000
[I](2020-10-26  12:51:23 pm)    Z:     32.6110
[I](2020-10-26  12:51:23 pm)  * Angle
[I](2020-10-26  12:51:23 pm)    Ar:      0.0000,Kr:      0.0000
[I](2020-10-26  12:51:23 pm)    Taper_Ar:      0.0000
[I](2020-10-26  12:53:24 pm)작업중 정지 [d:2][t:00:02:01]
[I](2020-10-26  12:53:24 pm)    [LNo:0005] 000023/000028
[I](2020-10-26  12:53:24 pm)작업중 M코드정지 [d:2][t:00:02:01]
[I](2020-10-26  12:55:34 pm)Reset
[I](2020-10-26  12:55:45 pm)Reset
[I](2020-10-26  12:55:56 pm)작업 시작 [Start d:271]
[I](2020-10-26  12:55:56 pm)Nc File: [No.0005-442.NC]
[I](2020-10-26  12:55:56 pm)  * Start Machine Position
[I](2020-10-26  12:55:56 pm)    X:    408.1708
[I](2020-10-26  12:55:56 pm)    Y:   -371.8030
[I](2020-10-26  12:55:56 pm)    U:      0.0000
[I](2020-10-26  12:55:56 pm)    V:      0.0000
[I](2020-10-26  12:55:56 pm)    Z:     32.6110
[I](2020-10-26  12:55:56 pm)  * Angle
[I](2020-10-26  12:55:56 pm)    Ar:      0.0000,Kr:      0.0000
[I](2020-10-26  12:55:56 pm)    Taper_Ar:      0.0000
[I](2020-10-26  12:58:20 pm)작업중 정지 [d:2][t:00:02:24]
[I](2020-10-26  12:58:20 pm)    [LNo:0005] 000023/000028
[I](2020-10-26  12:58:20 pm)작업중 M코드정지 [d:2][t:00:02:24]
[I](2020-10-26  01:02:29 pm)Reset
[I](2020-10-26  01:05:19 pm)Reset
[I](2020-10-26  01:05:35 pm)Reset
[I](2020-10-26  01:05:51 pm)작업 시작 [Start d:273]
[I](2020-10-26  01:05:51 pm)Nc File: [No.0005-442.NC]
[I](2020-10-26  01:05:51 pm)  * Start Machine Position
[I](2020-10-26  01:05:51 pm)    X:    128.1986
[I](2020-10-26  01:05:51 pm)    Y:   -372.4532
[I](2020-10-26  01:05:51 pm)    U:      0.0000
[I](2020-10-26  01:05:51 pm)    V:      0.0000
[I](2020-10-26  01:05:51 pm)    Z:     32.6110
[I](2020-10-26  01:05:51 pm)  * Angle
[I](2020-10-26  01:05:51 pm)    Ar:      0.0000,Kr:      0.0000
[I](2020-10-26  01:05:51 pm)    Taper_Ar:      0.0000
[I](2020-10-26  01:06:38 pm)작업중 정지 [d:1][t:00:00:46]
[I](2020-10-26  01:06:38 pm)    [LNo:0005] 000022/000028
[I](2020-10-26  01:06:38 pm)작업중 M코드정지 [d:1][t:00:00:46]
[I](2020-10-26  01:14:00 pm)Reset
[I](2020-10-26  01:17:00 pm)Reset
[I](2020-10-26  01:23:58 pm)Reset
[I](2020-10-26  01:24:44 pm)작업 시작 [Start d:274]
[I](2020-10-26  01:24:44 pm)Nc File: [No.0005-442.NC]
[I](2020-10-26  01:24:44 pm)  * Start Machine Position
[I](2020-10-26  01:24:44 pm)    X:    146.9389
[I](2020-10-26  01:24:44 pm)    Y:   -372.6099
[I](2020-10-26  01:24:44 pm)    U:      0.0000
[I](2020-10-26  01:24:44 pm)    V:      0.0000
[I](2020-10-26  01:24:44 pm)    Z:     32.6110
[I](2020-10-26  01:24:44 pm)  * Angle
[I](2020-10-26  01:24:44 pm)    Ar:      0.0000,Kr:      0.0000
[I](2020-10-26  01:24:44 pm)    Taper_Ar:      0.0000
[I](2020-10-26  01:27:46 pm)작업중 정지 [d:3][t:00:03:02]
[I](2020-10-26  01:27:46 pm)    [LNo:0005] 000022/000028
[I](2020-10-26  01:27:46 pm)작업중 M코드정지 [d:3][t:00:03:02]
[I](2020-10-26  01:29:14 pm)Reset
[I](2020-10-26  01:29:14 pm)Reset
[I](2020-10-26  01:29:26 pm)작업 시작 [Start d:277]
[I](2020-10-26  01:29:26 pm)Nc File: [No.0005-442.NC]
[I](2020-10-26  01:29:26 pm)  * Start Machine Position
[I](2020-10-26  01:29:26 pm)    X:    146.9389
[I](2020-10-26  01:29:26 pm)    Y:   -372.6099
[I](2020-10-26  01:29:26 pm)    U:      0.0000
[I](2020-10-26  01:29:26 pm)    V:      0.0000
[I](2020-10-26  01:29:26 pm)    Z:     32.6110
[I](2020-10-26  01:29:26 pm)  * Angle
[I](2020-10-26  01:29:26 pm)    Ar:      0.0000,Kr:      0.0000
[I](2020-10-26  01:29:26 pm)    Taper_Ar:      0.0000
[I](2020-10-26  01:30:54 pm)작업중 정지 [d:2][t:00:01:27]
[I](2020-10-26  01:30:54 pm)    [LNo:0005] 000023/000028
[I](2020-10-26  01:30:54 pm)작업중 M코드정지 [d:2][t:00:01:27]
[I](2020-10-26  01:32:17 pm)Reset
[I](2020-10-26  01:32:17 pm)Reset
[I](2020-10-26  01:32:28 pm)작업 시작 [Start d:279]
[I](2020-10-26  01:32:28 pm)Nc File: [No.0005-442.NC]
[I](2020-10-26  01:32:28 pm)  * Start Machine Position
[I](2020-10-26  01:32:28 pm)    X:    146.9389
[I](2020-10-26  01:32:28 pm)    Y:   -372.6099
[I](2020-10-26  01:32:28 pm)    U:      0.0000
[I](2020-10-26  01:32:28 pm)    V:      0.0000
[I](2020-10-26  01:32:28 pm)    Z:     32.6110
[I](2020-10-26  01:32:28 pm)  * Angle
[I](2020-10-26  01:32:28 pm)    Ar:      0.0000,Kr:      0.0000
[I](2020-10-26  01:32:28 pm)    Taper_Ar:      0.0000
[I](2020-10-26  01:34:51 pm)작업중 정지 [d:2][t:00:02:23]
[I](2020-10-26  01:34:51 pm)    [LNo:0005] 000022/000028
[I](2020-10-26  01:34:51 pm)작업중 M코드정지 [d:2][t:00:02:23]
[A](2020-10-26  01:36:29 pm)[041] AWF 명령끝날때까지 센서감지(타임아웃) 안됨
[I](2020-10-26  01:41:10 pm)Reset
[I](2020-10-26  01:43:26 pm)Reset
[I](2020-10-26  01:43:46 pm)작업 시작 [Start d:281]
[I](2020-10-26  01:43:46 pm)Nc File: [No.0005-442.NC]
[I](2020-10-26  01:43:46 pm)  * Start Machine Position
[I](2020-10-26  01:43:46 pm)    X:    396.9215
[I](2020-10-26  01:43:46 pm)    Y:   -371.0802
[I](2020-10-26  01:43:46 pm)    U:      0.0000
[I](2020-10-26  01:43:46 pm)    V:      0.0000
[I](2020-10-26  01:43:46 pm)    Z:     32.6110
[I](2020-10-26  01:43:46 pm)  * Angle
[I](2020-10-26  01:43:46 pm)    Ar:      0.0000,Kr:      0.0000
[I](2020-10-26  01:43:46 pm)    Taper_Ar:      0.0000
[I](2020-10-26  01:46:58 pm)작업중 정지 [d:3][t:00:03:12]
[I](2020-10-26  01:46:58 pm)    [LNo:0005] 000023/000028
[I](2020-10-26  01:46:59 pm)작업중 M코드정지 [d:3][t:00:03:12]
[I](2020-10-26  01:49:13 pm)Reset
[I](2020-10-26  01:49:24 pm)작업 시작 [Start d:284]
[I](2020-10-26  01:49:24 pm)Nc File: [No.0005-442.NC]
[I](2020-10-26  01:49:24 pm)  * Start Machine Position
[I](2020-10-26  01:49:24 pm)    X:    396.9215
[I](2020-10-26  01:49:24 pm)    Y:   -371.0802
[I](2020-10-26  01:49:24 pm)    U:      0.0000
[I](2020-10-26  01:49:24 pm)    V:      0.0000
[I](2020-10-26  01:49:24 pm)    Z:     32.6110
[I](2020-10-26  01:49:24 pm)  * Angle
[I](2020-10-26  01:49:24 pm)    Ar:      0.0000,Kr:      0.0000
[I](2020-10-26  01:49:24 pm)    Taper_Ar:      0.0000
[I](2020-10-26  01:51:24 pm)작업중 정지 [d:2][t:00:02:00]
[I](2020-10-26  01:51:24 pm)    [LNo:0005] 000022/000028
[I](2020-10-26  01:51:24 pm)작업중 M코드정지 [d:2][t:00:02:00]
[I](2020-10-26  01:57:41 pm)Reset
[A](2020-10-26  01:58:23 pm)[036] 자동결선 절단 공정 실패!!
[I](2020-10-26  02:11:34 pm)Reset
[I](2020-10-26  02:12:03 pm)Reset
[I](2020-10-26  02:13:14 pm)Reset
[I](2020-10-26  02:13:14 pm)Reset
[I](2020-10-26  02:17:43 pm)Reset
[I](2020-10-26  02:18:12 pm)Reset
[I](2020-10-26  02:19:14 pm)Reset
[I](2020-10-26  02:19:37 pm)Reset
[I](2020-10-26  02:20:06 pm)Reset
[I](2020-10-26  02:20:52 pm)Reset
[I](2020-10-26  02:21:19 pm)Reset
[I](2020-10-26  02:21:29 pm)Reset
[I](2020-10-26  02:22:05 pm)작업 시작 [Start d:286]
[I](2020-10-26  02:22:05 pm)Nc File: [No.0004-431.NC]
[I](2020-10-26  02:22:05 pm)  * Start Machine Position
[I](2020-10-26  02:22:05 pm)    X:    273.9034
[I](2020-10-26  02:22:05 pm)    Y:   -348.1264
[I](2020-10-26  02:22:05 pm)    U:      0.0000
[I](2020-10-26  02:22:05 pm)    V:      0.0000
[I](2020-10-26  02:22:05 pm)    Z:     31.0545
[I](2020-10-26  02:22:05 pm)  * Angle
[I](2020-10-26  02:22:05 pm)    Ar:      1.1406,Kr:      0.0000
[I](2020-10-26  02:22:05 pm)    Taper_Ar:      0.0000
[I](2020-10-26  02:22:09 pm)작업중 정지 [d:0][t:00:00:04]
[I](2020-10-26  02:22:09 pm)    [LNo:0004] 000010/000062
[I](2020-10-26  02:22:09 pm)작업중 M코드정지 [d:0][t:00:00:04]
[I](2020-10-26  02:33:45 pm)작업중 정지 [d:11][t:00:11:40]
[I](2020-10-26  02:33:45 pm)    [LNo:0004] 000026/000062
[I](2020-10-26  02:33:45 pm)작업중 M코드정지 [d:11][t:00:11:40]
[I](2020-10-26  02:38:04 pm)작업중 정지 [d:12][t:00:15:59]
[I](2020-10-26  02:38:04 pm)    [LNo:0004] 000028/000062
[I](2020-10-26  02:38:04 pm)작업중 M코드정지 [d:12][t:00:15:59]
[I](2020-10-26  02:38:06 pm)작업중 정지 [d:12][t:00:16:01]
[I](2020-10-26  02:38:06 pm)    [LNo:0004] 000030/000062
[I](2020-10-26  02:38:06 pm)작업중 M코드정지 [d:12][t:00:16:01]
[I](2020-10-26  02:38:14 pm)작업중 정지 [d:12][t:00:16:08]
[I](2020-10-26  02:38:14 pm)    [LNo:0004] 000034/000062
[I](2020-10-26  02:38:46 pm)작업 재시작
[I](2020-10-26  02:39:09 pm)작업중 정지 [d:12][t:00:17:04]
[I](2020-10-26  02:39:09 pm)    [LNo:0004] 000037/000062
[I](2020-10-26  02:51:32 pm)작업중 정지 [d:24][t:00:29:27]
[I](2020-10-26  02:51:32 pm)    [LNo:0004] 000050/000062
[I](2020-10-26  02:51:32 pm)작업중 M코드정지 [d:24][t:00:29:27]
[I](2020-10-26  02:52:35 pm)작업중 정지 [d:24][t:00:30:29]
[I](2020-10-26  02:52:35 pm)    [LNo:0004] 000051/000062
[I](2020-10-26  02:52:46 pm)작업 재시작
[I](2020-10-26  02:52:53 pm)작업중 정지 [d:24][t:00:30:48]
[I](2020-10-26  02:52:53 pm)    [LNo:0004] 000052/000062
[I](2020-10-26  02:52:53 pm)작업중 M코드정지 [d:24][t:00:30:48]
[I](2020-10-26  02:52:55 pm)작업중 정지 [d:24][t:00:30:49]
[I](2020-10-26  02:52:55 pm)    [LNo:0004] 000054/000062
[I](2020-10-26  02:52:55 pm)작업중 M코드정지 [d:24][t:00:30:49]
[I](2020-10-26  02:53:04 pm)작업중 정지 [d:24][t:00:30:59]
[I](2020-10-26  02:53:04 pm)    [LNo:0004] 000058/000062
[I](2020-10-26  02:53:04 pm)작업중 M코드정지 [d:24][t:00:30:59]
[I](2020-10-26  02:55:52 pm)Reset
[I](2020-10-26  02:55:52 pm)Reset
[I](2020-10-26  02:57:21 pm)Reset
[I](2020-10-26  03:06:21 pm)Reset
[I](2020-10-26  03:07:06 pm)Reset
[I](2020-10-26  03:09:27 pm)Reset
[I](2020-10-26  03:09:28 pm)Reset
[I](2020-10-26  03:10:21 pm)Reset
[I](2020-10-26  03:11:27 pm)Reset
[I](2020-10-26  03:18:58 pm)Reset
[I](2020-10-26  03:20:15 pm)Reset
[I](2020-10-26  03:20:32 pm)Reset
[I](2020-10-26  03:23:20 pm)작업 시작 [Start d:310]
[I](2020-10-26  03:23:20 pm)Nc File: [No.0006-439.NC]
[I](2020-10-26  03:23:20 pm)  * Start Machine Position
[I](2020-10-26  03:23:20 pm)    X:    155.6279
[I](2020-10-26  03:23:20 pm)    Y:   -304.3710
[I](2020-10-26  03:23:20 pm)    U:     -0.0542
[I](2020-10-26  03:23:20 pm)    V:     -0.0630
[I](2020-10-26  03:23:20 pm)    Z:     32.9800
[I](2020-10-26  03:23:20 pm)  * Angle
[I](2020-10-26  03:23:20 pm)    Ar:    -24.7380,Kr:      0.0000
[I](2020-10-26  03:23:20 pm)    Taper_Ar:      0.0000
[I](2020-10-26  03:23:37 pm)작업중 정지 [d:0][t:00:00:17]
[I](2020-10-26  03:23:37 pm)    [LNo:0006] 000010/000166
[I](2020-10-26  03:23:37 pm)작업중 M코드정지 [d:0][t:00:00:17]
[I](2020-10-26  03:45:03 pm)작업중 정지 [d:19][t:00:21:42]
[I](2020-10-26  03:45:03 pm)    [LNo:0006] 000032/000166
[I](2020-10-26  03:45:03 pm)작업중 M코드정지 [d:19][t:00:21:42]
[I](2020-10-26  03:47:24 pm)작업중 정지 [d:19][t:00:24:04]
[I](2020-10-26  03:47:24 pm)    [LNo:0006] 000033/000166
[I](2020-10-26  03:48:03 pm)작업 재시작
[I](2020-10-26  03:48:08 pm)작업중 정지 [d:19][t:00:24:48]
[I](2020-10-26  03:48:08 pm)    [LNo:0006] 000035/000166
[I](2020-10-26  03:48:08 pm)작업중 M코드정지 [d:19][t:00:24:48]
[I](2020-10-26  04:11:57 pm)작업중 정지 [d:42][t:00:48:37]
[I](2020-10-26  04:11:57 pm)    [LNo:0006] 000063/000166
[I](2020-10-26  04:11:57 pm)작업중 M코드정지 [d:42][t:00:48:37]
[I](2020-10-26  04:14:20 pm)작업중 정지 [d:42][t:00:51:00]
[I](2020-10-26  04:14:20 pm)    [LNo:0006] 000064/000166
[I](2020-10-26  04:15:02 pm)작업 재시작
[I](2020-10-26  04:15:08 pm)작업중 정지 [d:42][t:00:51:47]
[I](2020-10-26  04:15:08 pm)    [LNo:0006] 000066/000166
[I](2020-10-26  04:15:08 pm)작업중 M코드정지 [d:42][t:00:51:47]
[I](2020-10-26  04:16:30 pm)작업중 정지 [d:43][t:00:53:09]
[I](2020-10-26  04:16:30 pm)    [LNo:0006] 000083/000166
[I](2020-10-26  04:16:30 pm)작업중 30sec 접촉 정지 [d:43][t:00:53:09]
[I](2020-10-26  04:16:55 pm)작업 재시작
[I](2020-10-26  04:29:17 pm)작업중 정지 [d:55][t:01:05:56]
[I](2020-10-26  04:29:17 pm)    [LNo:0006] 000090/000166
[I](2020-10-26  04:29:17 pm)작업중 M코드정지 [d:55][t:01:05:56]
[I](2020-10-26  04:31:55 pm)작업중 정지 [d:55][t:01:08:35]
[I](2020-10-26  04:31:55 pm)    [LNo:0006] 000094/000166
[I](2020-10-26  04:31:55 pm)작업중 M코드정지 [d:55][t:01:08:35]
[I](2020-10-26  04:35:16 pm)작업중 정지 [d:57][t:01:11:56]
[I](2020-10-26  04:35:16 pm)    [LNo:0006] 000114/000166
[I](2020-10-26  04:35:16 pm)작업중 M코드정지 [d:57][t:01:11:56]
[I](2020-10-26  04:43:42 pm)작업중 정지 [d:58][t:01:20:22]
[I](2020-10-26  04:43:42 pm)    [LNo:0006] 000132/000166
[A](2020-10-26  04:43:42 pm)[008] 작업중 단선(AWF Feed Motor Stop )
[I](2020-10-26  04:43:42 pm)작업중 Wire 단선 [d:58][t:01:20:22]
[I](2020-10-26  04:45:00 pm)작업 재시작
[I](2020-10-26  04:59:20 pm)작업중 정지 [d:72][t:01:36:00]
[I](2020-10-26  04:59:20 pm)    [LNo:0006] 000135/000166
[I](2020-10-26  04:59:20 pm)작업중 M코드정지 [d:72][t:01:36:00]
[I](2020-10-26  05:25:38 pm)작업중 정지 [d:72][t:02:02:18]
[I](2020-10-26  05:25:38 pm)    [LNo:0006] 000137/000166
[I](2020-10-26  05:26:13 pm)작업 재시작
[I](2020-10-26  05:26:18 pm)작업중 정지 [d:72][t:02:02:58]
[I](2020-10-26  05:26:18 pm)    [LNo:0006] 000139/000166
[I](2020-10-26  05:26:18 pm)작업중 M코드정지 [d:72][t:02:02:58]
[I](2020-10-26  05:30:58 pm)작업중 정지 [d:75][t:02:07:38]
[I](2020-10-26  05:30:58 pm)    [LNo:0006] 000158/000166
[I](2020-10-26  05:30:59 pm)작업중 M코드정지 [d:75][t:02:07:38]
[I](2020-10-26  06:45:31 pm)Reset
[I](2020-10-26  06:45:42 pm)Reset
[I](2020-10-26  06:45:43 pm)Reset
[I](2020-10-26  06:51:09 pm)Reset
[I](2020-10-26  06:52:46 pm)Reset
[I](2020-10-26  06:52:47 pm)Reset
[I](2020-10-26  06:54:05 pm)Reset
[I](2020-10-26  06:54:05 pm)Reset
[I](2020-10-26  06:54:38 pm)Reset
[I](2020-10-26  06:54:39 pm)Reset
[I](2020-10-26  06:55:27 pm)Reset
[I](2020-10-26  06:56:02 pm)Reset
[I](2020-10-26  06:56:27 pm)Reset
[I](2020-10-26  06:58:09 pm)Reset
[I](2020-10-26  06:59:05 pm)Reset
[I](2020-10-26  06:59:06 pm)Reset
[I](2020-10-26  07:00:13 pm)Reset
[I](2020-10-26  07:00:14 pm)Reset
[I](2020-10-26  07:01:43 pm)Reset
[I](2020-10-26  07:01:43 pm)Reset
[I](2020-10-26  07:03:13 pm)Reset
[I](2020-10-26  07:03:13 pm)Reset
[I](2020-10-26  07:04:31 pm)Reset
[I](2020-10-26  07:05:31 pm)Reset
[I](2020-10-26  07:06:33 pm)Reset
[I](2020-10-26  07:06:33 pm)Reset
[I](2020-10-26  07:08:51 pm)작업 시작 [Start d:385]
[I](2020-10-26  07:08:51 pm)Nc File: [No.0007-448.NC]
[I](2020-10-26  07:08:51 pm)  * Start Machine Position
[I](2020-10-26  07:08:51 pm)    X:    199.5176
[I](2020-10-26  07:08:51 pm)    Y:   -360.7987
[I](2020-10-26  07:08:51 pm)    U:      0.0012
[I](2020-10-26  07:08:51 pm)    V:      0.1939
[I](2020-10-26  07:08:51 pm)    Z:    104.0860
[I](2020-10-26  07:08:51 pm)  * Angle
[I](2020-10-26  07:08:51 pm)    Ar:     -0.3672,Kr:      0.0000
[I](2020-10-26  07:08:51 pm)    Taper_Ar:      0.0000
[I](2020-10-26  07:08:55 pm)작업중 정지 [d:0][t:00:00:04]
[I](2020-10-26  07:08:55 pm)    [LNo:0007] 000010/000130
[I](2020-10-26  07:08:55 pm)작업중 M코드정지 [d:0][t:00:00:04]
[I](2020-10-26  07:11:19 pm)작업중 정지 [d:0][t:00:02:28]
[I](2020-10-26  07:11:19 pm)    [LNo:0007] 000013/000130
[A](2020-10-26  07:11:19 pm)[090] Work Tank Fluid Fill Time Out
[I](2020-10-26  07:25:50 pm)작업중 정지 [d:11][t:00:16:59]
[I](2020-10-26  07:25:50 pm)    [LNo:0007] 000029/000130
[I](2020-10-26  07:29:51 pm)작업 재시작
[I](2020-10-26  07:32:09 pm)작업중 정지 [d:13][t:00:23:18]
[I](2020-10-26  07:32:09 pm)    [LNo:0007] 000033/000130
[I](2020-10-26  07:36:49 pm)작업 재시작
[I](2020-10-26  07:39:33 pm)작업중 정지 [d:16][t:00:30:42]
[I](2020-10-26  07:39:33 pm)    [LNo:0007] 000034/000130
[I](2020-10-26  07:39:33 pm)작업중 M코드정지 [d:16][t:00:30:42]
[I](2020-10-26  07:40:51 pm)작업중 정지 [d:17][t:00:32:00]
[I](2020-10-26  07:40:51 pm)    [LNo:0007] 000035/000130
[I](2020-10-26  07:43:01 pm)작업 재시작
[I](2020-10-26  07:43:07 pm)작업중 정지 [d:17][t:00:34:15]
[I](2020-10-26  07:43:07 pm)    [LNo:0007] 000037/000130
[I](2020-10-26  07:43:07 pm)작업중 M코드정지 [d:17][t:00:34:15]
[A](2020-10-26  07:43:15 pm)[059] 가공조 Water Full 센서 동작 이상 - 점검(청소)요망
[I](2020-10-26  07:48:29 pm)작업중 정지 [d:23][t:00:39:38]
[I](2020-10-26  07:48:29 pm)    [LNo:0007] 000064/000130
[I](2020-10-26  07:48:29 pm)작업중 M코드정지 [d:23][t:00:39:38]
[I](2020-10-26  08:00:43 pm)작업중 정지 [d:33][t:00:51:52]
[I](2020-10-26  08:00:43 pm)    [LNo:0007] 000087/000130
[I](2020-10-26  08:02:23 pm)작업 재시작
[I](2020-10-26  08:09:21 pm)작업중 정지 [d:40][t:01:00:30]
[I](2020-10-26  08:09:21 pm)    [LNo:0007] 000092/000130
[I](2020-10-26  08:09:21 pm)작업중 M코드정지 [d:40][t:01:00:30]
[I](2020-10-26  08:13:09 pm)작업중 정지 [d:41][t:01:04:18]
[I](2020-10-26  08:13:09 pm)    [LNo:0007] 000093/000130
[I](2020-10-26  08:13:09 pm)작업중 30sec 접촉 정지 [d:41][t:01:04:18]
[I](2020-10-26  08:13:58 pm)작업 재시작
[I](2020-10-26  08:14:14 pm)작업중 정지 [d:41][t:01:05:23]
[I](2020-10-26  08:14:14 pm)    [LNo:0007] 000095/000130
[I](2020-10-26  08:14:14 pm)작업중 M코드정지 [d:41][t:01:05:23]
[I](2020-10-26  08:19:09 pm)작업중 정지 [d:46][t:01:10:18]
[I](2020-10-26  08:19:09 pm)    [LNo:0007] 000126/000130
[I](2020-10-26  08:19:09 pm)작업중 M코드정지 [d:46][t:01:10:18]
[A](2020-10-26  08:20:01 pm)[084] Work Tank Fluid Sensor Abnormal
[A](2020-10-26  08:20:02 pm)[084] Work Tank Fluid Sensor Abnormal
[A](2020-10-26  08:20:02 pm)[084] Work Tank Fluid Sensor Abnormal
[A](2020-10-26  08:20:03 pm)[084] Work Tank Fluid Sensor Abnormal
[A](2020-10-26  08:20:03 pm)[084] Work Tank Fluid Sensor Abnormal
[I](2020-10-26  08:24:19 pm)Reset
[I](2020-10-26  08:24:42 pm)Reset
[I](2020-10-26  08:27:39 pm)Reset
[I](2020-10-26  08:27:55 pm)Reset
[I](2020-10-26  08:28:11 pm)Reset
[I](2020-10-26  08:28:52 pm)Reset
[I](2020-10-26  08:29:09 pm)Reset
[I](2020-10-26  08:29:13 pm)Reset
[I](2020-10-26  08:29:33 pm)Reset
[I](2020-10-26  08:30:48 pm)Reset
[A](2020-10-26  08:31:35 pm)[091] Auto Door Sensor Abnormal
[A](2020-10-26  08:31:35 pm)[091] Auto Door Sensor Abnormal
[A](2020-10-26  08:31:36 pm)[091] Auto Door Sensor Abnormal
[A](2020-10-26  08:31:36 pm)[091] Auto Door Sensor Abnormal
[A](2020-10-26  08:31:37 pm)[091] Auto Door Sensor Abnormal
[A](2020-10-26  08:31:37 pm)[002] 가공액 미동작
[A](2020-10-26  08:31:37 pm)[091] Auto Door Sensor Abnormal
[A](2020-10-26  08:31:38 pm)[091] Auto Door Sensor Abnormal
[A](2020-10-26  08:31:38 pm)[091] Auto Door Sensor Abnormal
[A](2020-10-26  08:31:38 pm)[091] Auto Door Sensor Abnormal
[A](2020-10-26  08:31:39 pm)[091] Auto Door Sensor Abnormal
[I](2020-10-26  08:31:59 pm)Reset
[I](2020-10-26  08:32:11 pm)Reset
[I](2020-10-26  08:34:27 pm)작업 시작 [Start d:431]
[I](2020-10-26  08:34:27 pm)Nc File: [No.0007-448.NC]
[I](2020-10-26  08:34:27 pm)  * Start Machine Position
[I](2020-10-26  08:34:27 pm)    X:    198.7432
[I](2020-10-26  08:34:27 pm)    Y:   -365.3135
[I](2020-10-26  08:34:27 pm)    U:      0.0044
[I](2020-10-26  08:34:27 pm)    V:      0.3599
[I](2020-10-26  08:34:27 pm)    Z:    104.0860
[I](2020-10-26  08:34:27 pm)  * Angle
[I](2020-10-26  08:34:27 pm)    Ar:     -0.7146,Kr:      0.0000
[I](2020-10-26  08:34:27 pm)    Taper_Ar:      0.0000
[I](2020-10-26  08:50:31 pm)작업중 정지 [d:16][t:00:16:03]
[I](2020-10-26  08:50:31 pm)    [LNo:0007] 000035/000130
[I](2020-10-26  08:53:25 pm)작업 재시작
[I](2020-10-26  08:53:49 pm)작업중 정지 [d:17][t:00:19:21]
[I](2020-10-26  08:53:49 pm)    [LNo:0007] 000037/000130
[I](2020-10-26  08:53:49 pm)작업중 M코드정지 [d:17][t:00:19:21]
[I](2020-10-26  09:00:46 pm)작업중 정지 [d:21][t:00:26:18]
[I](2020-10-26  09:00:46 pm)    [LNo:0007] 000071/000130
[I](2020-10-26  09:16:08 pm)작업중 정지 [d:36][t:00:41:40]
[I](2020-10-26  09:16:08 pm)    [LNo:0007] 000092/000130
[I](2020-10-26  09:16:08 pm)작업중 M코드정지 [d:36][t:00:41:40]
[I](2020-10-26  09:17:32 pm)작업중 정지 [d:37][t:00:43:04]
[I](2020-10-26  09:17:32 pm)    [LNo:0007] 000093/000130
[A](2020-10-26  09:18:24 pm)[037] 자동결선 잔여 WIRE 처리 실패!!
[I](2020-10-26  09:19:22 pm)작업 재시작
[I](2020-10-26  09:25:34 pm)작업중 정지 [d:43][t:00:51:07]
[I](2020-10-26  09:25:34 pm)    [LNo:0007] 000126/000130
[I](2020-10-26  09:25:34 pm)작업중 M코드정지 [d:43][t:00:51:07]
[A](2020-10-26  09:27:46 pm)[084] Work Tank Fluid Sensor Abnormal
[A](2020-10-26  09:27:47 pm)[084] Work Tank Fluid Sensor Abnormal
[A](2020-10-26  09:28:14 pm)[084] Work Tank Fluid Sensor Abnormal
[I](2020-10-26  09:28:41 pm)Reset
[I](2020-10-26  09:28:46 pm)Reset
[I](2020-10-26  09:28:53 pm)Reset
[I](2020-10-26  09:28:53 pm)Reset
[I](2020-10-26  09:31:18 pm)Reset
[I](2020-10-26  09:33:36 pm)Reset
[I](2020-10-26  09:33:52 pm)Reset
[I](2020-10-26  09:35:16 pm)Reset
[I](2020-10-26  09:35:32 pm)Reset
[I](2020-10-26  09:35:37 pm)Reset
[I](2020-10-26  09:36:01 pm)Reset
[I](2020-10-26  09:37:10 pm)Reset
[I](2020-10-26  09:38:09 pm)Reset
[I](2020-10-26  09:38:16 pm)Reset
[I](2020-10-26  09:39:40 pm)Reset
[I](2020-10-26  09:40:10 pm)Reset
[I](2020-10-26  09:40:17 pm)Reset
[I](2020-10-26  09:40:58 pm)작업 시작 [Start d:474]
[I](2020-10-26  09:40:58 pm)Nc File: [No.0007-448.NC]
[I](2020-10-26  09:40:58 pm)  * Start Machine Position
[I](2020-10-26  09:40:58 pm)    X:    199.3830
[I](2020-10-26  09:40:58 pm)    Y:   -363.5551
[I](2020-10-26  09:40:58 pm)    U:     -0.0184
[I](2020-10-26  09:40:58 pm)    V:     -1.1397
[I](2020-10-26  09:40:58 pm)    Z:    106.0860
[I](2020-10-26  09:40:58 pm)  * Angle
[I](2020-10-26  09:40:58 pm)    Ar:     -0.9285,Kr:      0.0000
[I](2020-10-26  09:40:58 pm)    Taper_Ar:      0.0000
[I](2020-10-26  09:41:41 pm)작업중 정지 [d:0][t:00:00:42]
[I](2020-10-26  09:41:41 pm)    [LNo:0007] 000013/000130
[I](2020-10-26  09:56:08 pm)작업중 정지 [d:14][t:00:15:09]
[I](2020-10-26  09:56:08 pm)    [LNo:0007] 000034/000130
[I](2020-10-26  09:56:08 pm)작업중 M코드정지 [d:14][t:00:15:09]
[I](2020-10-26  10:05:03 pm)작업중 정지 [d:15][t:00:24:04]
[I](2020-10-26  10:05:03 pm)    [LNo:0007] 000035/000130
[I](2020-10-26  10:05:03 pm)작업중 30sec 접촉 정지 [d:15][t:00:24:04]
[I](2020-10-26  10:05:55 pm)작업 재시작
[I](2020-10-26  10:14:05 pm)작업중 정지 [d:20][t:00:33:06]
[I](2020-10-26  10:14:05 pm)    [LNo:0007] 000071/000130
[A](2020-10-26  10:14:05 pm)[090] Work Tank Fluid Fill Time Out
[I](2020-10-26  10:35:06 pm)작업중 정지 [d:34][t:00:54:07]
[I](2020-10-26  10:35:06 pm)    [LNo:0007] 000092/000130
[I](2020-10-26  10:35:06 pm)작업중 M코드정지 [d:34][t:00:54:07]
[I](2020-10-26  10:36:18 pm)작업중 정지 [d:34][t:00:55:19]
[I](2020-10-26  10:36:18 pm)    [LNo:0007] 000093/000130
[I](2020-10-26  10:36:18 pm)작업중 30sec 접촉 정지 [d:34][t:00:55:19]
[I](2020-10-26  10:36:52 pm)작업 재시작
[I](2020-10-26  10:37:02 pm)작업중 정지 [d:34][t:00:56:04]
[I](2020-10-26  10:37:02 pm)    [LNo:0007] 000093/000130
[I](2020-10-26  10:37:56 pm)작업 재시작
[I](2020-10-26  10:38:03 pm)작업중 정지 [d:34][t:00:57:05]
[I](2020-10-26  10:38:03 pm)    [LNo:0007] 000093/000130
[I](2020-10-26  10:38:53 pm)작업 재시작
[I](2020-10-26  10:39:13 pm)작업중 정지 [d:34][t:00:58:15]
[I](2020-10-26  10:39:13 pm)    [LNo:0007] 000095/000130
[I](2020-10-26  10:39:13 pm)작업중 M코드정지 [d:34][t:00:58:15]
[I](2020-10-26  10:45:27 pm)작업중 정지 [d:39][t:01:04:28]
[I](2020-10-26  10:45:27 pm)    [LNo:0007] 000126/000130
[I](2020-10-26  10:45:27 pm)작업중 M코드정지 [d:39][t:01:04:28]
[I](2020-10-26  10:47:27 pm)Reset
[I](2020-10-26  10:47:31 pm)Reset
[A](2020-10-26  10:48:00 pm)[053] Emergency Stop
[A](2020-10-26  10:48:00 pm)[005] READY Off(Alarm)
[I](2020-10-26  10:48:00 pm)    X:    307.7324
[I](2020-10-26  10:48:00 pm)    Y:   -175.2261
[I](2020-10-26  10:48:00 pm)    U:      0.0000
[I](2020-10-26  10:48:00 pm)    V:      0.0000
[I](2020-10-26  10:48:00 pm)    Z:    206.0860
