[I](2020-08-19  12:06:36 am)작업중 정지 [d:93][t:02:09:51]
[I](2020-08-19  12:06:36 am)    [LNo:0007] 000533/000881
[I](2020-08-19  12:06:36 am)작업중 M코드정지 [d:93][t:02:09:51]
[I](2020-08-19  12:08:19 am)작업중 정지 [d:94][t:02:11:34]
[I](2020-08-19  12:08:19 am)    [LNo:0007] 000535/000881
[I](2020-08-19  12:08:36 am)작업 재시작
[I](2020-08-19  12:08:44 am)작업중 정지 [d:94][t:02:11:59]
[I](2020-08-19  12:08:44 am)    [LNo:0007] 000537/000881
[I](2020-08-19  12:08:44 am)작업중 M코드정지 [d:94][t:02:11:59]
[I](2020-08-19  12:16:31 am)작업중 정지 [d:101][t:02:19:47]
[I](2020-08-19  12:16:31 am)    [LNo:0007] 000561/000881
[I](2020-08-19  12:16:31 am)작업중 M코드정지 [d:101][t:02:19:47]
[I](2020-08-19  12:16:58 am)작업중 정지 [d:101][t:02:20:14]
[I](2020-08-19  12:16:58 am)    [LNo:0007] 000563/000881
[I](2020-08-19  12:16:58 am)작업중 30sec 접촉 정지 [d:101][t:02:20:14]
[I](2020-08-19  12:17:23 am)작업 재시작
[I](2020-08-19  12:17:35 am)작업중 정지 [d:101][t:02:20:51]
[I](2020-08-19  12:17:35 am)    [LNo:0007] 000565/000881
[I](2020-08-19  12:17:35 am)작업중 M코드정지 [d:101][t:02:20:51]
[I](2020-08-19  12:25:30 am)작업중 정지 [d:108][t:02:28:46]
[I](2020-08-19  12:25:30 am)    [LNo:0007] 000589/000881
[I](2020-08-19  12:25:31 am)작업중 M코드정지 [d:108][t:02:28:46]
[I](2020-08-19  12:26:29 am)작업중 정지 [d:108][t:02:29:45]
[I](2020-08-19  12:26:29 am)    [LNo:0007] 000591/000881
[I](2020-08-19  12:26:56 am)작업 재시작
[I](2020-08-19  12:27:06 am)작업중 정지 [d:108][t:02:30:21]
[I](2020-08-19  12:27:06 am)    [LNo:0007] 000593/000881
[I](2020-08-19  12:27:06 am)작업중 M코드정지 [d:108][t:02:30:21]
[I](2020-08-19  12:34:55 am)작업중 정지 [d:114][t:02:38:11]
[I](2020-08-19  12:34:55 am)    [LNo:0007] 000617/000881
[I](2020-08-19  12:34:55 am)작업중 M코드정지 [d:114][t:02:38:11]
[I](2020-08-19  12:38:09 am)작업중 정지 [d:114][t:02:41:25]
[I](2020-08-19  12:38:09 am)    [LNo:0007] 000619/000881
[I](2020-08-19  12:38:30 am)작업 재시작
[I](2020-08-19  12:38:39 am)작업중 정지 [d:114][t:02:41:54]
[I](2020-08-19  12:38:39 am)    [LNo:0007] 000621/000881
[I](2020-08-19  12:38:39 am)작업중 M코드정지 [d:114][t:02:41:54]
[I](2020-08-19  12:46:29 am)작업중 정지 [d:121][t:02:49:44]
[I](2020-08-19  12:46:29 am)    [LNo:0007] 000645/000881
[I](2020-08-19  12:46:29 am)작업중 M코드정지 [d:121][t:02:49:44]
[I](2020-08-19  12:47:32 am)작업중 정지 [d:121][t:02:50:48]
[I](2020-08-19  12:47:32 am)    [LNo:0007] 000647/000881
[I](2020-08-19  12:47:49 am)작업 재시작
[I](2020-08-19  12:47:59 am)작업중 정지 [d:121][t:02:51:14]
[I](2020-08-19  12:47:59 am)    [LNo:0007] 000649/000881
[I](2020-08-19  12:47:59 am)작업중 M코드정지 [d:121][t:02:51:15]
[I](2020-08-19  12:57:55 am)작업중 정지 [d:129][t:03:01:11]
[I](2020-08-19  12:57:55 am)    [LNo:0007] 000673/000881
[I](2020-08-19  12:57:55 am)작업중 M코드정지 [d:129][t:03:01:11]
[I](2020-08-19  01:06:15 am)작업중 정지 [d:136][t:03:09:30]
[I](2020-08-19  01:06:15 am)    [LNo:0007] 000699/000881
[I](2020-08-19  01:06:15 am)작업중 M코드정지 [d:136][t:03:09:30]
[I](2020-08-19  01:06:40 am)작업중 정지 [d:136][t:03:09:55]
[I](2020-08-19  01:06:40 am)    [LNo:0007] 000701/000881
[I](2020-08-19  01:07:03 am)작업 재시작
[I](2020-08-19  01:07:12 am)작업중 정지 [d:136][t:03:10:27]
[I](2020-08-19  01:07:12 am)    [LNo:0007] 000703/000881
[I](2020-08-19  01:07:12 am)작업중 M코드정지 [d:136][t:03:10:28]
[I](2020-08-19  01:09:17 am)Reset
[I](2020-08-19  01:09:19 am)작업 시작 [Start d:1019]
[I](2020-08-19  01:09:19 am)Nc File: [No.0007-470.NC]
[I](2020-08-19  01:09:19 am)  * Start Machine Position
[I](2020-08-19  01:09:19 am)    X:    160.5800
[I](2020-08-19  01:09:19 am)    Y:   -387.5438
[I](2020-08-19  01:09:19 am)    U:      0.0000
[I](2020-08-19  01:09:19 am)    V:      0.0000
[I](2020-08-19  01:09:19 am)    Z:     26.3520
[I](2020-08-19  01:09:19 am)  * Angle
[I](2020-08-19  01:09:19 am)    Ar:      0.0329,Kr:      0.0000
[I](2020-08-19  01:09:19 am)    Taper_Ar:      0.0000
[I](2020-08-19  01:34:23 am)작업중 정지 [d:25][t:00:25:03]
[I](2020-08-19  01:34:23 am)    [LNo:0007] 000034/000881
[I](2020-08-19  01:34:23 am)작업중 M코드정지 [d:25][t:00:25:03]
[I](2020-08-19  01:37:35 am)작업중 정지 [d:25][t:00:28:15]
[I](2020-08-19  01:37:35 am)    [LNo:0007] 000036/000881
[I](2020-08-19  01:37:54 am)작업 재시작
[I](2020-08-19  01:38:06 am)작업중 정지 [d:25][t:00:28:46]
[I](2020-08-19  01:38:06 am)    [LNo:0007] 000038/000881
[I](2020-08-19  01:38:06 am)작업중 M코드정지 [d:25][t:00:28:46]
[I](2020-08-19  02:03:24 am)작업중 정지 [d:49][t:00:54:04]
[I](2020-08-19  02:03:24 am)    [LNo:0007] 000068/000881
[I](2020-08-19  02:03:24 am)작업중 M코드정지 [d:49][t:00:54:04]
[I](2020-08-19  02:18:10 am)작업중 정지 [d:49][t:01:08:50]
[I](2020-08-19  02:18:10 am)    [LNo:0007] 000072/000881
[I](2020-08-19  02:18:10 am)작업중 M코드정지 [d:49][t:01:08:50]
[I](2020-08-19  02:52:19 am)작업중 정지 [d:82][t:01:42:59]
[I](2020-08-19  02:52:19 am)    [LNo:0007] 000110/000881
[I](2020-08-19  02:52:19 am)작업중 M코드정지 [d:82][t:01:42:59]
[I](2020-08-19  03:00:03 am)작업중 정지 [d:82][t:01:50:43]
[I](2020-08-19  03:00:03 am)    [LNo:0007] 000114/000881
[I](2020-08-19  03:00:03 am)작업중 M코드정지 [d:82][t:01:50:43]
[I](2020-08-19  03:34:42 am)작업중 정지 [d:114][t:02:25:22]
[I](2020-08-19  03:34:42 am)    [LNo:0007] 000152/000881
[I](2020-08-19  03:34:42 am)작업중 M코드정지 [d:114][t:02:25:22]
[I](2020-08-19  03:37:12 am)작업중 정지 [d:114][t:02:27:52]
[I](2020-08-19  03:37:12 am)    [LNo:0007] 000156/000881
[I](2020-08-19  03:37:12 am)작업중 M코드정지 [d:114][t:02:27:52]
[I](2020-08-19  03:47:27 am)작업중 정지 [d:123][t:02:38:07]
[I](2020-08-19  03:47:27 am)    [LNo:0007] 000180/000881
[I](2020-08-19  03:47:27 am)작업중 M코드정지 [d:123][t:02:38:07]
[I](2020-08-19  03:49:49 am)Reset
[I](2020-08-19  03:49:53 am)작업 시작 [Start d:1142]
[I](2020-08-19  03:49:53 am)Nc File: [No.0007-470.NC]
[I](2020-08-19  03:49:53 am)  * Start Machine Position
[I](2020-08-19  03:49:53 am)    X:    160.5800
[I](2020-08-19  03:49:53 am)    Y:   -387.5438
[I](2020-08-19  03:49:53 am)    U:      0.0000
[I](2020-08-19  03:49:53 am)    V:      0.0000
[I](2020-08-19  03:49:53 am)    Z:     26.3520
[I](2020-08-19  03:49:53 am)  * Angle
[I](2020-08-19  03:49:53 am)    Ar:      0.0329,Kr:      0.0000
[I](2020-08-19  03:49:53 am)    Taper_Ar:      0.0000
[I](2020-08-19  03:50:13 am)작업중 정지 [d:0][t:00:00:20]
[I](2020-08-19  03:50:13 am)    [LNo:0007] 000010/000881
[I](2020-08-19  03:50:13 am)작업중 M코드정지 [d:0][t:00:00:20]
[I](2020-08-19  03:50:15 am)작업중 정지 [d:0][t:00:00:22]
[I](2020-08-19  03:50:15 am)    [LNo:0007] 000013/000881
[I](2020-08-19  03:51:03 am)작업중 정지 [d:0][t:00:01:09]
[I](2020-08-19  03:51:03 am)    [LNo:0007] 000711/000881
[I](2020-08-19  04:18:43 am)작업중 정지 [d:21][t:00:28:49]
[I](2020-08-19  04:18:43 am)    [LNo:0007] 000728/000881
[I](2020-08-19  04:18:43 am)작업중 M코드정지 [d:21][t:00:28:49]
[I](2020-08-19  04:19:15 am)작업중 정지 [d:21][t:00:29:21]
[I](2020-08-19  04:19:15 am)    [LNo:0007] 000731/000881
[I](2020-08-19  04:19:15 am)작업중 M코드정지 [d:21][t:00:29:21]
[I](2020-08-19  04:51:42 am)작업중 정지 [d:51][t:01:01:49]
[I](2020-08-19  04:51:42 am)    [LNo:0007] 000756/000881
[I](2020-08-19  04:51:42 am)작업중 M코드정지 [d:51][t:01:01:49]
[I](2020-08-19  06:17:09 am)작업중 정지 [d:51][t:02:27:16]
[I](2020-08-19  06:17:09 am)    [LNo:0007] 000757/000881
[I](2020-08-19  06:17:13 am)작업 재시작
[I](2020-08-19  06:17:19 am)작업중 정지 [d:52][t:02:27:26]
[I](2020-08-19  06:17:19 am)    [LNo:0007] 000758/000881
[I](2020-08-19  06:17:37 am)작업 재시작
[I](2020-08-19  06:17:39 am)작업중 정지 [d:52][t:02:27:45]
[I](2020-08-19  06:17:39 am)    [LNo:0007] 000759/000881
[I](2020-08-19  06:17:39 am)작업중 M코드정지 [d:52][t:02:27:45]
[I](2020-08-19  06:31:36 am)작업중 정지 [d:64][t:02:41:43]
[I](2020-08-19  06:31:36 am)    [LNo:0007] 000783/000881
[I](2020-08-19  06:31:36 am)작업중 M코드정지 [d:64][t:02:41:43]
[I](2020-08-19  06:34:38 am)작업중 정지 [d:64][t:02:44:44]
[I](2020-08-19  06:34:38 am)    [LNo:0007] 000785/000881
[I](2020-08-19  06:35:01 am)작업 재시작
[I](2020-08-19  06:35:12 am)작업중 정지 [d:64][t:02:45:19]
[I](2020-08-19  06:35:12 am)    [LNo:0007] 000787/000881
[I](2020-08-19  06:35:12 am)작업중 M코드정지 [d:64][t:02:45:19]
[I](2020-08-19  06:56:19 am)작업중 정지 [d:84][t:03:06:26]
[I](2020-08-19  06:56:19 am)    [LNo:0007] 000812/000881
[I](2020-08-19  06:56:19 am)작업중 M코드정지 [d:84][t:03:06:26]
[I](2020-08-19  07:09:40 am)작업중 정지 [d:84][t:03:19:46]
[I](2020-08-19  07:09:40 am)    [LNo:0007] 000815/000881
[I](2020-08-19  07:09:40 am)작업중 M코드정지 [d:84][t:03:19:47]
[I](2020-08-19  07:31:41 am)작업중 정지 [d:104][t:03:41:47]
[I](2020-08-19  07:31:41 am)    [LNo:0007] 000840/000881
[I](2020-08-19  07:31:41 am)작업중 M코드정지 [d:104][t:03:41:47]
[I](2020-08-19  07:38:52 am)작업중 정지 [d:104][t:03:48:58]
[I](2020-08-19  07:38:52 am)    [LNo:0007] 000843/000881
[I](2020-08-19  07:38:52 am)작업중 M코드정지 [d:104][t:03:48:58]
[I](2020-08-19  07:52:13 am)작업중 정지 [d:115][t:04:02:20]
[I](2020-08-19  07:52:13 am)    [LNo:0007] 000867/000881
[I](2020-08-19  07:52:13 am)작업중 M코드정지 [d:115][t:04:02:20]
[I](2020-08-19  07:59:21 am)작업중 정지 [d:116][t:04:09:28]
[I](2020-08-19  07:59:21 am)    [LNo:0007] 000871/000881
[I](2020-08-19  07:59:21 am)작업중 M코드정지 [d:116][t:04:09:28]
[A](2020-08-19  07:59:55 am)[037] 자동결선 잔여 WIRE 처리 실패!!
[I](2020-08-19  08:03:26 am)작업중 정지 [d:116][t:04:13:33]
[I](2020-08-19  08:03:26 am)    [LNo:0007] 000874/000881
[I](2020-08-19  08:03:58 am)작업중 정지 [d:116][t:04:14:05]
[I](2020-08-19  08:03:58 am)    [LNo:0007] 000877/000881
[I](2020-08-19  08:03:58 am)작업중 M코드정지 [d:116][t:04:14:05]
[I](2020-08-19  08:04:08 am)Reset
[I](2020-08-19  08:04:36 am)작업 시작 [Start d:1258]
[I](2020-08-19  08:04:36 am)Nc File: [No.0007-470.NC *]
[I](2020-08-19  08:04:36 am)  * Start Machine Position
[I](2020-08-19  08:04:36 am)    X:    160.5800
[I](2020-08-19  08:04:36 am)    Y:   -387.5438
[I](2020-08-19  08:04:36 am)    U:      0.0000
[I](2020-08-19  08:04:36 am)    V:      0.0000
[I](2020-08-19  08:04:36 am)    Z:     31.3520
[I](2020-08-19  08:04:36 am)  * Angle
[I](2020-08-19  08:04:36 am)    Ar:      0.0329,Kr:      0.0000
[I](2020-08-19  08:04:36 am)    Taper_Ar:      0.0000
[I](2020-08-19  08:10:19 am)작업중 정지 [d:5][t:00:05:42]
[I](2020-08-19  08:10:19 am)    [LNo:0007] 000728/000880
[I](2020-08-19  08:10:19 am)작업중 M코드정지 [d:5][t:00:05:42]
[I](2020-08-19  08:11:01 am)작업중 정지 [d:5][t:00:06:24]
[I](2020-08-19  08:11:01 am)    [LNo:0007] 000731/000880
[I](2020-08-19  08:11:01 am)작업중 M코드정지 [d:5][t:00:06:24]
[I](2020-08-19  08:17:18 am)작업중 정지 [d:10][t:00:12:41]
[I](2020-08-19  08:17:18 am)    [LNo:0007] 000756/000880
[I](2020-08-19  08:17:18 am)작업중 M코드정지 [d:10][t:00:12:41]
[I](2020-08-19  08:18:29 am)작업중 정지 [d:10][t:00:13:52]
[I](2020-08-19  08:18:29 am)    [LNo:0007] 000765/000880
[I](2020-08-19  08:18:29 am)작업중 M코드정지 [d:10][t:00:13:52]
[I](2020-08-19  08:24:48 am)작업중 정지 [d:14][t:00:20:11]
[I](2020-08-19  08:24:48 am)    [LNo:0007] 000812/000880
[I](2020-08-19  08:24:48 am)작업중 M코드정지 [d:14][t:00:20:11]
[I](2020-08-19  08:25:26 am)작업중 정지 [d:14][t:00:20:49]
[I](2020-08-19  08:25:26 am)    [LNo:0007] 000815/000880
[I](2020-08-19  08:25:26 am)작업중 M코드정지 [d:14][t:00:20:49]
[I](2020-08-19  08:26:46 am)작업중 정지 [d:14][t:00:22:09]
[I](2020-08-19  08:26:46 am)    [LNo:0007] 000821/000880
[I](2020-08-19  08:26:46 am)작업중 M코드정지 [d:14][t:00:22:09]
[I](2020-08-19  08:33:00 am)작업중 정지 [d:18][t:00:28:23]
[I](2020-08-19  08:33:00 am)    [LNo:0007] 000840/000880
[I](2020-08-19  08:33:00 am)작업중 M코드정지 [d:18][t:00:28:23]
[I](2020-08-19  08:48:05 am)작업중 정지 [d:18][t:00:43:28]
[I](2020-08-19  08:48:05 am)    [LNo:0007] 000841/000880
[I](2020-08-19  08:51:26 am)작업 재시작
[I](2020-08-19  08:51:36 am)작업중 정지 [d:18][t:00:46:59]
[I](2020-08-19  08:51:36 am)    [LNo:0007] 000843/000880
[I](2020-08-19  08:51:36 am)작업중 M코드정지 [d:18][t:00:46:59]
[A](2020-08-19  09:13:17 am)[036] 자동결선 절단 공정 실패!!
[I](2020-08-19  09:32:14 am)Reset
[I](2020-08-19  09:32:24 am)Reset
[I](2020-08-19  09:52:31 am)Reset
[I](2020-08-19  09:52:31 am)Reset
[I](2020-08-19  09:56:58 am)Reset
[I](2020-08-19  09:57:04 am)Reset
[I](2020-08-19  09:57:04 am)Reset
[I](2020-08-19  09:57:59 am)Reset
[I](2020-08-19  10:03:45 am)Reset
[I](2020-08-19  10:04:43 am)Reset
[I](2020-08-19  10:05:58 am)Reset
[I](2020-08-19  10:08:37 am)Reset
[I](2020-08-19  10:09:16 am)Reset
[I](2020-08-19  10:09:17 am)Reset
[I](2020-08-19  10:11:13 am)Reset
[I](2020-08-19  10:11:59 am)Reset
[I](2020-08-19  10:15:17 am)Reset
[I](2020-08-19  10:16:16 am)Reset
[I](2020-08-19  10:17:21 am)Reset
[I](2020-08-19  10:17:31 am)Reset
[I](2020-08-19  10:17:45 am)Reset
[I](2020-08-19  10:17:59 am)Reset
[I](2020-08-19  10:18:02 am)Reset
[I](2020-08-19  10:18:27 am)Reset
[I](2020-08-19  10:18:44 am)작업 시작 [Start d:1276]
[I](2020-08-19  10:18:44 am)Nc File: [No.0010-361.NC]
[I](2020-08-19  10:18:44 am)  * Start Machine Position
[I](2020-08-19  10:18:44 am)    X:     34.3906
[I](2020-08-19  10:18:44 am)    Y:   -357.4742
[I](2020-08-19  10:18:44 am)    U:      0.0000
[I](2020-08-19  10:18:44 am)    V:      0.0000
[I](2020-08-19  10:18:44 am)    Z:    102.3106
[I](2020-08-19  10:18:44 am)  * Angle
[I](2020-08-19  10:18:44 am)    Ar:      0.0000,Kr:      0.0000
[I](2020-08-19  10:18:44 am)    Taper_Ar:      0.0000
[I](2020-08-19  10:18:48 am)작업중 정지 [d:0][t:00:00:04]
[I](2020-08-19  10:18:48 am)    [LNo:0010] 000010/000069
[I](2020-08-19  10:18:48 am)작업중 M코드정지 [d:0][t:00:00:04]
[I](2020-08-19  10:24:30 am)작업중 정지 [d:2][t:00:05:46]
[I](2020-08-19  10:24:30 am)    [LNo:0010] 000026/000069
[A](2020-08-19  10:24:30 am)[008] 작업중 단선(AWF Feed Motor Stop )
[I](2020-08-19  10:24:30 am)작업중 Wire 단선 [d:2][t:00:05:46]
[I](2020-08-19  10:24:41 am)작업 재시작
[I](2020-08-19  10:24:46 am)작업중 정지 [d:2][t:00:06:02]
[I](2020-08-19  10:24:46 am)    [LNo:0010] 000026/000069
[I](2020-08-19  10:24:46 am)작업중 30sec 접촉 정지 [d:2][t:00:06:02]
[I](2020-08-19  10:27:44 am)작업 재시작
[I](2020-08-19  10:27:49 am)작업중 정지 [d:2][t:00:09:05]
[I](2020-08-19  10:27:49 am)    [LNo:0010] 000026/000069
[I](2020-08-19  10:27:49 am)작업중 30sec 접촉 정지 [d:2][t:00:09:05]
[I](2020-08-19  10:27:53 am)작업 재시작
[I](2020-08-19  10:27:58 am)작업중 정지 [d:2][t:00:09:14]
[I](2020-08-19  10:27:58 am)    [LNo:0010] 000026/000069
[I](2020-08-19  10:27:58 am)작업중 30sec 접촉 정지 [d:2][t:00:09:14]
[I](2020-08-19  10:28:29 am)작업 재시작
[I](2020-08-19  10:58:17 am)작업중 정지 [d:32][t:00:39:32]
[I](2020-08-19  10:58:17 am)    [LNo:0010] 000033/000069
[I](2020-08-19  10:58:17 am)작업중 M코드정지 [d:32][t:00:39:33]
[I](2020-08-19  10:59:42 am)작업중 정지 [d:32][t:00:40:57]
[I](2020-08-19  10:59:42 am)    [LNo:0010] 000035/000069
[I](2020-08-19  10:59:42 am)작업중 M코드정지 [d:32][t:00:40:58]
[I](2020-08-19  11:08:24 am)작업중 정지 [d:41][t:00:49:40]
[I](2020-08-19  11:08:24 am)    [LNo:0010] 000061/000069
[I](2020-08-19  11:08:24 am)작업중 M코드정지 [d:41][t:00:49:40]
[I](2020-08-19  11:16:06 am)Reset
[I](2020-08-19  11:16:18 am)Reset
[I](2020-08-19  11:16:19 am)Reset
[I](2020-08-19  11:20:28 am)Reset
[I](2020-08-19  11:24:13 am)Reset
[I](2020-08-19  11:24:13 am)Reset
[I](2020-08-19  11:30:02 am)Reset
[I](2020-08-19  11:35:43 am)Reset
[I](2020-08-19  11:46:29 am)Reset
[I](2020-08-19  11:46:29 am)Reset
[I](2020-08-19  11:46:53 am)Reset
[I](2020-08-19  11:46:56 am)Reset
[I](2020-08-19  11:46:57 am)Reset
[I](2020-08-19  11:47:37 am)Reset
[I](2020-08-19  11:50:29 am)작업 시작 [Start d:1317]
[I](2020-08-19  11:50:29 am)Nc File: [No.0011-495.NC]
[I](2020-08-19  11:50:29 am)  * Start Machine Position
[I](2020-08-19  11:50:29 am)    X:     99.3584
[I](2020-08-19  11:50:29 am)    Y:   -389.3047
[I](2020-08-19  11:50:29 am)    U:      0.0000
[I](2020-08-19  11:50:29 am)    V:      0.0000
[I](2020-08-19  11:50:29 am)    Z:     33.5730
[I](2020-08-19  11:50:29 am)  * Angle
[I](2020-08-19  11:50:29 am)    Ar:      0.0000,Kr:      0.0000
[I](2020-08-19  11:50:29 am)    Taper_Ar:      0.0000
[I](2020-08-19  11:50:29 am)작업중 정지 [d:0][t:00:00:00]
[I](2020-08-19  11:50:29 am)    [LNo:0011] 000001/000048
[I](2020-08-19  11:50:29 am)작업중 M코드정지 [d:0][t:00:00:00]
[I](2020-08-19  11:53:11 am)작업중 정지 [d:2][t:00:02:41]
[I](2020-08-19  11:53:11 am)    [LNo:0011] 000021/000048
[I](2020-08-19  11:53:11 am)작업중 M코드정지 [d:2][t:00:02:41]
[I](2020-08-19  11:56:40 am)작업중 정지 [d:4][t:00:06:10]
[I](2020-08-19  11:56:40 am)    [LNo:0011] 000042/000048
[I](2020-08-19  11:56:40 am)작업중 M코드정지 [d:4][t:00:06:10]
[I](2020-08-19  12:03:59 pm)Reset
[I](2020-08-19  12:03:59 pm)Reset
[I](2020-08-19  12:03:59 pm)Reset
[I](2020-08-19  12:04:05 pm)Reset
[I](2020-08-19  12:04:05 pm)Reset
[I](2020-08-19  12:04:05 pm)Reset
[I](2020-08-19  12:04:06 pm)Reset
[I](2020-08-19  12:06:44 pm)Reset
[I](2020-08-19  12:06:45 pm)Reset
[I](2020-08-19  12:07:49 pm)Reset
[I](2020-08-19  12:10:40 pm)Reset
[I](2020-08-19  12:10:40 pm)Reset
[I](2020-08-19  12:13:21 pm)Reset
[I](2020-08-19  12:13:21 pm)Reset
[I](2020-08-19  12:16:09 pm)Reset
[I](2020-08-19  12:16:10 pm)Reset
[I](2020-08-19  12:20:13 pm)Reset
[I](2020-08-19  12:22:43 pm)Reset
[I](2020-08-19  12:22:43 pm)Reset
[I](2020-08-19  12:23:58 pm)작업 시작 [Start d:1321]
[I](2020-08-19  12:23:58 pm)Nc File: [No.0012-496.NC]
[I](2020-08-19  12:23:58 pm)  * Start Machine Position
[I](2020-08-19  12:23:58 pm)    X:     69.6720
[I](2020-08-19  12:23:58 pm)    Y:   -386.6986
[I](2020-08-19  12:23:58 pm)    U:     -0.0300
[I](2020-08-19  12:23:58 pm)    V:     -0.0800
[I](2020-08-19  12:23:58 pm)    Z:     33.5730
[I](2020-08-19  12:23:58 pm)  * Angle
[I](2020-08-19  12:23:58 pm)    Ar:      0.0000,Kr:      0.0000
[I](2020-08-19  12:23:58 pm)    Taper_Ar:      0.0000
[I](2020-08-19  12:23:58 pm)작업중 정지 [d:0][t:00:00:00]
[I](2020-08-19  12:23:58 pm)    [LNo:0012] 000007/000050
[I](2020-08-19  12:23:58 pm)작업중 M코드정지 [d:0][t:00:00:00]
[I](2020-08-19  12:35:42 pm)작업중 정지 [d:2][t:00:11:43]
[I](2020-08-19  12:35:42 pm)    [LNo:0012] 000023/000050
[I](2020-08-19  12:35:42 pm)작업중 M코드정지 [d:2][t:00:11:43]
[I](2020-08-19  12:35:50 pm)작업중 정지 [d:2][t:00:11:51]
[I](2020-08-19  12:35:50 pm)    [LNo:0012] 000026/000050
[I](2020-08-19  12:35:50 pm)작업중 M코드정지 [d:2][t:00:11:51]
[I](2020-08-19  12:38:31 pm)작업중 정지 [d:5][t:00:14:32]
[I](2020-08-19  12:38:31 pm)    [LNo:0012] 000045/000050
[I](2020-08-19  12:38:31 pm)작업중 M코드정지 [d:5][t:00:14:32]
[I](2020-08-19  12:39:18 pm)Reset
[I](2020-08-19  12:39:18 pm)Reset
[I](2020-08-19  12:40:30 pm)Reset
[I](2020-08-19  12:40:32 pm)Reset
[I](2020-08-19  12:40:33 pm)작업 시작 [Start d:1326]
[I](2020-08-19  12:40:33 pm)Nc File: [No.0012-496.NC]
[I](2020-08-19  12:40:33 pm)  * Start Machine Position
[I](2020-08-19  12:40:33 pm)    X:     53.6450
[I](2020-08-19  12:40:33 pm)    Y:   -386.3131
[I](2020-08-19  12:40:33 pm)    U:     -0.0300
[I](2020-08-19  12:40:33 pm)    V:     -0.0800
[I](2020-08-19  12:40:33 pm)    Z:     33.5730
[I](2020-08-19  12:40:33 pm)  * Angle
[I](2020-08-19  12:40:33 pm)    Ar:      0.0000,Kr:      0.0000
[I](2020-08-19  12:40:33 pm)    Taper_Ar:      0.0000
[I](2020-08-19  12:40:33 pm)작업중 정지 [d:0][t:00:00:00]
[I](2020-08-19  12:40:33 pm)    [LNo:0012] 000007/000050
[I](2020-08-19  12:40:33 pm)작업중 M코드정지 [d:0][t:00:00:00]
[I](2020-08-19  12:44:35 pm)작업중 정지 [d:4][t:00:04:02]
[I](2020-08-19  12:44:35 pm)    [LNo:0012] 000044/000050
[I](2020-08-19  12:44:35 pm)작업중 M코드정지 [d:4][t:00:04:02]
[I](2020-08-19  01:07:01 pm)Reset
[I](2020-08-19  01:07:01 pm)Reset
[I](2020-08-19  01:07:12 pm)Reset
[I](2020-08-19  01:07:12 pm)Reset
[I](2020-08-19  01:07:13 pm)Reset
[I](2020-08-19  01:07:36 pm)Reset
[I](2020-08-19  01:07:36 pm)Reset
[I](2020-08-19  01:07:36 pm)Reset
[A](2020-08-19  01:09:37 pm)[041] AWF 명령끝날때까지 센서감지(타임아웃) 안됨
[I](2020-08-19  01:13:19 pm)Reset
[I](2020-08-19  01:13:43 pm)Reset
[I](2020-08-19  01:13:43 pm)Reset
[I](2020-08-19  01:14:22 pm)Reset
[I](2020-08-19  01:14:22 pm)Reset
[I](2020-08-19  01:15:16 pm)Reset
[I](2020-08-19  01:15:17 pm)Reset
[I](2020-08-19  01:16:56 pm)Reset
[I](2020-08-19  01:21:32 pm)작업 시작 [Start d:1330]
[I](2020-08-19  01:21:32 pm)Nc File: [No.0013-500.NC]
[I](2020-08-19  01:21:32 pm)  * Start Machine Position
[I](2020-08-19  01:21:32 pm)    X:    125.1401
[I](2020-08-19  01:21:32 pm)    Y:   -333.1731
[I](2020-08-19  01:21:32 pm)    U:     -0.2199
[I](2020-08-19  01:21:32 pm)    V:      0.0700
[I](2020-08-19  01:21:32 pm)    Z:    120.1150
[I](2020-08-19  01:21:32 pm)  * Angle
[I](2020-08-19  01:21:32 pm)    Ar:     -0.0071,Kr:      0.0000
[I](2020-08-19  01:21:32 pm)    Taper_Ar:      0.0000
[I](2020-08-19  01:21:40 pm)작업중 정지 [d:0][t:00:00:08]
[I](2020-08-19  01:21:40 pm)    [LNo:0013] 000010/000038
[I](2020-08-19  01:21:40 pm)작업중 M코드정지 [d:0][t:00:00:08]
[I](2020-08-19  02:31:23 pm)작업중 정지 [d:68][t:01:09:50]
[I](2020-08-19  02:31:23 pm)    [LNo:0013] 000025/000038
[I](2020-08-19  02:31:23 pm)작업중 30sec 접촉 정지 [d:68][t:01:09:50]
[I](2020-08-19  02:32:07 pm)작업 재시작
[I](2020-08-19  02:32:15 pm)작업중 정지 [d:68][t:01:10:43]
[I](2020-08-19  02:32:15 pm)    [LNo:0013] 000026/000038
[I](2020-08-19  02:32:15 pm)작업중 M코드정지 [d:68][t:01:10:43]
[I](2020-08-19  02:32:31 pm)작업중 정지 [d:68][t:01:10:59]
[I](2020-08-19  02:32:31 pm)    [LNo:0013] 000028/000038
[I](2020-08-19  02:32:31 pm)작업중 M코드정지 [d:68][t:01:10:59]
[I](2020-08-19  02:35:35 pm)Reset
[I](2020-08-19  02:35:36 pm)Reset
[I](2020-08-19  02:35:48 pm)Reset
[I](2020-08-19  02:35:48 pm)Reset
[I](2020-08-19  02:41:06 pm)Reset
[I](2020-08-19  02:41:06 pm)Reset
[I](2020-08-19  02:41:06 pm)Reset
[I](2020-08-19  02:42:12 pm)Reset
[I](2020-08-19  02:42:12 pm)Reset
[I](2020-08-19  02:44:20 pm)Reset
[I](2020-08-19  02:44:21 pm)Reset
[I](2020-08-19  02:44:24 pm)Reset
[I](2020-08-19  02:44:46 pm)Reset
[I](2020-08-19  02:44:47 pm)Reset
[I](2020-08-19  02:45:15 pm)Reset
[I](2020-08-19  02:45:45 pm)Reset
[I](2020-08-19  02:45:45 pm)Reset
[I](2020-08-19  02:45:57 pm)Reset
[I](2020-08-19  02:46:21 pm)Reset
[I](2020-08-19  02:46:21 pm)Reset
[I](2020-08-19  02:46:44 pm)Reset
[I](2020-08-19  02:46:44 pm)Reset
[I](2020-08-19  02:47:12 pm)Reset
[I](2020-08-19  02:47:34 pm)Reset
[I](2020-08-19  02:47:34 pm)Reset
[I](2020-08-19  02:47:50 pm)Reset
[I](2020-08-19  02:49:10 pm)작업 시작 [Start d:1398]
[I](2020-08-19  02:49:10 pm)Nc File: [No.0014-467.NC]
[I](2020-08-19  02:49:10 pm)  * Start Machine Position
[I](2020-08-19  02:49:10 pm)    X:    118.7196
[I](2020-08-19  02:49:10 pm)    Y:   -347.2502
[I](2020-08-19  02:49:10 pm)    U:     -0.0503
[I](2020-08-19  02:49:10 pm)    V:      0.0797
[I](2020-08-19  02:49:10 pm)    Z:     40.1565
[I](2020-08-19  02:49:10 pm)  * Angle
[I](2020-08-19  02:49:10 pm)    Ar:      0.2371,Kr:      0.0000
[I](2020-08-19  02:49:10 pm)    Taper_Ar:      0.0000
[I](2020-08-19  02:49:25 pm)작업중 정지 [d:0][t:00:00:15]
[I](2020-08-19  02:49:25 pm)    [LNo:0014] 000294/000519
[I](2020-08-19  02:49:25 pm)작업중 M코드정지 [d:0][t:00:00:15]
[I](2020-08-19  02:49:27 pm)작업중 정지 [d:0][t:00:00:17]
[I](2020-08-19  02:49:27 pm)    [LNo:0014] 000297/000519
[I](2020-08-19  02:49:27 pm)작업중 M코드정지 [d:0][t:00:00:17]
[I](2020-08-19  02:49:27 pm)작업중 정지 [d:0][t:00:00:17]
[I](2020-08-19  02:49:27 pm)    [LNo:0014] 000299/000519
[I](2020-08-19  02:49:28 pm)작업중 M코드정지 [d:0][t:00:00:17]
[I](2020-08-19  02:50:12 pm)작업중 정지 [d:0][t:00:01:02]
[I](2020-08-19  02:50:12 pm)    [LNo:0014] 000306/000519
[I](2020-08-19  03:19:32 pm)작업중 정지 [d:29][t:00:30:22]
[I](2020-08-19  03:19:32 pm)    [LNo:0014] 000326/000519
[I](2020-08-19  03:19:32 pm)작업중 M코드정지 [d:29][t:00:30:22]
[I](2020-08-19  03:20:38 pm)작업중 정지 [d:29][t:00:31:28]
[I](2020-08-19  03:20:38 pm)    [LNo:0014] 000328/000519
[I](2020-08-19  03:20:38 pm)작업중 M코드정지 [d:29][t:00:31:28]
[I](2020-08-19  03:26:40 pm)작업중 정지 [d:35][t:00:37:30]
[I](2020-08-19  03:26:40 pm)    [LNo:0014] 000354/000519
[I](2020-08-19  03:26:40 pm)작업중 M코드정지 [d:35][t:00:37:30]
[I](2020-08-19  04:00:34 pm)Reset
[I](2020-08-19  04:00:34 pm)Reset
[I](2020-08-19  04:00:51 pm)Reset
[I](2020-08-19  04:00:52 pm)Reset
[I](2020-08-19  04:08:11 pm)Reset
[I](2020-08-19  04:08:12 pm)Reset
[I](2020-08-19  04:08:38 pm)Reset
[I](2020-08-19  04:08:38 pm)Reset
[I](2020-08-19  04:09:08 pm)Reset
[I](2020-08-19  04:09:09 pm)Reset
[I](2020-08-19  04:09:44 pm)Reset
[I](2020-08-19  04:09:44 pm)Reset
[I](2020-08-19  04:10:09 pm)Reset
[I](2020-08-19  04:10:25 pm)Reset
[I](2020-08-19  04:10:25 pm)Reset
[I](2020-08-19  04:11:12 pm)작업 시작 [Start d:1433]
[I](2020-08-19  04:11:12 pm)Nc File: [No.0014-467.NC]
[I](2020-08-19  04:11:12 pm)  * Start Machine Position
[I](2020-08-19  04:11:12 pm)    X:    114.8339
[I](2020-08-19  04:11:12 pm)    Y:   -347.2464
[I](2020-08-19  04:11:12 pm)    U:     -0.0500
[I](2020-08-19  04:11:12 pm)    V:      0.0197
[I](2020-08-19  04:11:12 pm)    Z:     40.1565
[I](2020-08-19  04:11:12 pm)  * Angle
[I](2020-08-19  04:11:12 pm)    Ar:      0.2316,Kr:      0.0000
[I](2020-08-19  04:11:12 pm)    Taper_Ar:      0.0000
[I](2020-08-19  04:11:19 pm)작업중 정지 [d:0][t:00:00:07]
[I](2020-08-19  04:11:19 pm)    [LNo:0014] 000373/000519
[I](2020-08-19  04:11:19 pm)작업중 M코드정지 [d:0][t:00:00:07]
[I](2020-08-19  04:11:23 pm)작업중 정지 [d:0][t:00:00:10]
[I](2020-08-19  04:11:23 pm)    [LNo:0014] 000376/000519
[I](2020-08-19  04:11:23 pm)작업중 M코드정지 [d:0][t:00:00:10]
[I](2020-08-19  04:11:24 pm)작업중 정지 [d:0][t:00:00:12]
[I](2020-08-19  04:11:24 pm)    [LNo:0014] 000378/000519
[I](2020-08-19  04:11:24 pm)작업중 M코드정지 [d:0][t:00:00:12]
[I](2020-08-19  04:11:32 pm)작업중 정지 [d:0][t:00:00:20]
[I](2020-08-19  04:11:32 pm)    [LNo:0014] 000385/000519
[I](2020-08-19  04:43:39 pm)작업중 정지 [d:32][t:00:32:26]
[I](2020-08-19  04:43:39 pm)    [LNo:0014] 000404/000519
[I](2020-08-19  04:43:39 pm)작업중 30sec 접촉 정지 [d:32][t:00:32:26]
[I](2020-08-19  04:45:43 pm)작업 재시작
[I](2020-08-19  04:45:50 pm)작업중 정지 [d:32][t:00:34:38]
[I](2020-08-19  04:45:50 pm)    [LNo:0014] 000405/000519
[I](2020-08-19  04:45:51 pm)작업중 M코드정지 [d:32][t:00:34:38]
[I](2020-08-19  04:46:56 pm)작업중 정지 [d:32][t:00:35:44]
[I](2020-08-19  04:46:56 pm)    [LNo:0014] 000407/000519
[I](2020-08-19  04:46:56 pm)작업중 M코드정지 [d:32][t:00:35:44]
[I](2020-08-19  04:58:51 pm)작업중 정지 [d:38][t:00:47:39]
[I](2020-08-19  04:58:51 pm)    [LNo:0014] 000433/000519
[I](2020-08-19  04:58:51 pm)작업중 M코드정지 [d:38][t:00:47:39]
[I](2020-08-19  04:59:43 pm)Reset
[I](2020-08-19  04:59:44 pm)Reset
[I](2020-08-19  04:59:51 pm)Reset
[I](2020-08-19  04:59:52 pm)Reset
[I](2020-08-19  04:59:57 pm)Reset
[I](2020-08-19  04:59:57 pm)Reset
[I](2020-08-19  05:21:47 pm)Reset
[I](2020-08-19  05:21:47 pm)Reset
[I](2020-08-19  05:21:54 pm)Reset
[I](2020-08-19  05:21:55 pm)Reset
[I](2020-08-19  05:24:31 pm)Reset
[I](2020-08-19  05:24:31 pm)Reset
[I](2020-08-19  05:24:32 pm)Reset
[I](2020-08-19  05:24:32 pm)Reset
[I](2020-08-19  05:24:58 pm)Reset
[I](2020-08-19  05:24:58 pm)Reset
[I](2020-08-19  05:25:22 pm)Reset
[I](2020-08-19  05:25:23 pm)Reset
[I](2020-08-19  05:25:23 pm)Reset
[I](2020-08-19  05:25:53 pm)Reset
[I](2020-08-19  05:26:17 pm)Reset
[I](2020-08-19  05:26:17 pm)Reset
[I](2020-08-19  05:26:39 pm)Reset
[I](2020-08-19  05:26:39 pm)Reset
[I](2020-08-19  05:26:55 pm)Reset
[I](2020-08-19  05:26:56 pm)Reset
[I](2020-08-19  05:28:06 pm)작업 시작 [Start d:1471]
[I](2020-08-19  05:28:06 pm)Nc File: [No.0014-467.NC]
[I](2020-08-19  05:28:06 pm)  * Start Machine Position
[I](2020-08-19  05:28:06 pm)    X:     65.1075
[I](2020-08-19  05:28:06 pm)    Y:   -347.4937
[I](2020-08-19  05:28:06 pm)    U:     -0.0303
[I](2020-08-19  05:28:06 pm)    V:      0.0367
[I](2020-08-19  05:28:06 pm)    Z:     40.1565
[I](2020-08-19  05:28:06 pm)  * Angle
[I](2020-08-19  05:28:06 pm)    Ar:      0.4851,Kr:      0.0000
[I](2020-08-19  05:28:06 pm)    Taper_Ar:      0.0000
[I](2020-08-19  05:28:13 pm)작업중 정지 [d:0][t:00:00:07]
[I](2020-08-19  05:28:13 pm)    [LNo:0014] 000452/000519
[I](2020-08-19  05:28:13 pm)작업중 M코드정지 [d:0][t:00:00:07]
[I](2020-08-19  05:28:18 pm)작업중 정지 [d:0][t:00:00:11]
[I](2020-08-19  05:28:18 pm)    [LNo:0014] 000455/000519
[I](2020-08-19  05:28:18 pm)작업중 M코드정지 [d:0][t:00:00:11]
[I](2020-08-19  05:28:21 pm)작업중 정지 [d:0][t:00:00:15]
[I](2020-08-19  05:28:21 pm)    [LNo:0014] 000457/000519
[I](2020-08-19  05:28:21 pm)작업중 M코드정지 [d:0][t:00:00:15]
[I](2020-08-19  05:28:33 pm)작업중 정지 [d:0][t:00:00:27]
[I](2020-08-19  05:28:33 pm)    [LNo:0014] 000464/000519
[I](2020-08-19  05:29:38 pm)작업중 정지 [d:0][t:00:01:32]
[I](2020-08-19  05:29:38 pm)    [LNo:0014] 000474/000519
[A](2020-08-19  05:29:38 pm)[008] 작업중 단선(AWF Feed Motor Stop )
[I](2020-08-19  05:29:38 pm)작업중 Wire 단선 [d:0][t:00:01:32]
[I](2020-08-19  05:30:47 pm)작업 재시작
[I](2020-08-19  06:05:02 pm)작업중 정지 [d:34][t:00:36:55]
[I](2020-08-19  06:05:02 pm)    [LNo:0014] 000484/000519
[I](2020-08-19  06:05:02 pm)작업중 M코드정지 [d:34][t:00:36:55]
[I](2020-08-19  06:06:44 pm)작업중 정지 [d:34][t:00:38:38]
[I](2020-08-19  06:06:44 pm)    [LNo:0014] 000486/000519
[I](2020-08-19  06:06:45 pm)작업중 M코드정지 [d:34][t:00:38:38]
[I](2020-08-19  06:13:06 pm)작업중 정지 [d:40][t:00:45:00]
[I](2020-08-19  06:13:06 pm)    [LNo:0014] 000512/000519
[I](2020-08-19  06:13:06 pm)작업중 M코드정지 [d:40][t:00:45:00]
[I](2020-08-19  06:30:36 pm)Reset
[I](2020-08-19  06:38:13 pm)Reset
[I](2020-08-19  06:38:41 pm)Reset
[I](2020-08-19  06:39:07 pm)Reset
[I](2020-08-19  06:39:07 pm)Reset
[I](2020-08-19  06:41:05 pm)Reset
[I](2020-08-19  06:44:41 pm)Reset
[I](2020-08-19  06:45:14 pm)Reset
[I](2020-08-19  06:45:28 pm)Reset
[I](2020-08-19  06:45:29 pm)Reset
[I](2020-08-19  06:46:04 pm)Reset
[I](2020-08-19  06:47:39 pm)Reset
[I](2020-08-19  06:47:58 pm)Reset
[I](2020-08-19  06:48:12 pm)Reset
[I](2020-08-19  06:48:32 pm)Reset
[I](2020-08-19  06:49:40 pm)작업 시작 [Start d:1511]
[I](2020-08-19  06:49:40 pm)Nc File: [No.0015-521.NC]
[I](2020-08-19  06:49:40 pm)  * Start Machine Position
[I](2020-08-19  06:49:40 pm)    X:     54.9558
[I](2020-08-19  06:49:40 pm)    Y:   -357.4652
[I](2020-08-19  06:49:40 pm)    U:      0.0000
[I](2020-08-19  06:49:40 pm)    V:      0.0189
[I](2020-08-19  06:49:40 pm)    Z:     81.1870
[I](2020-08-19  06:49:40 pm)  * Angle
[I](2020-08-19  06:49:40 pm)    Ar:      0.2943,Kr:      0.0000
[I](2020-08-19  06:49:40 pm)    Taper_Ar:      0.0000
[I](2020-08-19  06:49:42 pm)작업중 정지 [d:0][t:00:00:01]
[I](2020-08-19  06:49:42 pm)    [LNo:0015] 000010/000068
[I](2020-08-19  06:49:42 pm)작업중 M코드정지 [d:0][t:00:00:01]
[I](2020-08-19  06:49:44 pm)작업중 정지 [d:0][t:00:00:03]
[I](2020-08-19  06:49:44 pm)    [LNo:0015] 000010/000068
[I](2020-08-19  06:49:44 pm)작업중 M코드정지 [d:0][t:00:00:03]
[I](2020-08-19  06:50:10 pm)작업중 정지 [d:0][t:00:00:29]
[I](2020-08-19  06:50:10 pm)    [LNo:0015] 000023/000068
[A](2020-08-19  06:50:10 pm)[008] 작업중 단선(AWF Feed Motor Stop )
[I](2020-08-19  06:50:10 pm)작업중 Wire 단선 [d:0][t:00:00:30]
[A](2020-08-19  06:51:05 pm)[041] AWF 명령끝날때까지 센서감지(타임아웃) 안됨
[A](2020-08-19  06:51:39 pm)[041] AWF 명령끝날때까지 센서감지(타임아웃) 안됨
[I](2020-08-19  06:52:24 pm)작업 재시작
[I](2020-08-19  06:53:32 pm)작업중 정지 [d:1][t:00:03:51]
[I](2020-08-19  06:53:32 pm)    [LNo:0015] 000023/000068
[I](2020-08-19  06:54:05 pm)작업 재시작
[I](2020-08-19  07:01:46 pm)작업중 정지 [d:9][t:00:12:05]
[I](2020-08-19  07:01:46 pm)    [LNo:0015] 000023/000068
[A](2020-08-19  07:01:46 pm)[008] 작업중 단선(AWF Feed Motor Stop )
[I](2020-08-19  07:01:46 pm)작업중 Wire 단선 [d:9][t:00:12:05]
[I](2020-08-19  07:01:57 pm)작업 재시작
[I](2020-08-19  07:35:02 pm)작업중 정지 [d:42][t:00:45:21]
[I](2020-08-19  07:35:02 pm)    [LNo:0015] 000028/000068
[A](2020-08-19  07:35:02 pm)[008] 작업중 단선(AWF Feed Motor Stop )
[I](2020-08-19  07:35:02 pm)작업중 Wire 단선 [d:42][t:00:45:21]
[I](2020-08-19  07:35:14 pm)작업 재시작
[I](2020-08-19  08:00:13 pm)작업중 정지 [d:67][t:01:10:33]
[I](2020-08-19  08:00:13 pm)    [LNo:0015] 000033/000068
[I](2020-08-19  08:00:13 pm)작업중 M코드정지 [d:67][t:01:10:33]
[I](2020-08-19  08:07:31 pm)작업중 정지 [d:67][t:01:17:50]
[I](2020-08-19  08:07:31 pm)    [LNo:0015] 000035/000068
[I](2020-08-19  08:07:31 pm)작업중 M코드정지 [d:67][t:01:17:50]
[I](2020-08-19  08:27:26 pm)작업중 정지 [d:87][t:01:37:45]
[I](2020-08-19  08:27:26 pm)    [LNo:0015] 000061/000068
[I](2020-08-19  08:27:26 pm)작업중 M코드정지 [d:87][t:01:37:45]
[I](2020-08-19  08:27:51 pm)Reset
[I](2020-08-19  08:27:51 pm)Reset
[I](2020-08-19  08:27:54 pm)작업 시작 [Start d:1598]
[I](2020-08-19  08:27:54 pm)Nc File: [No.0015-521.NC]
[I](2020-08-19  08:27:54 pm)  * Start Machine Position
[I](2020-08-19  08:27:54 pm)    X:     54.9558
[I](2020-08-19  08:27:54 pm)    Y:   -357.4652
[I](2020-08-19  08:27:54 pm)    U:      0.0000
[I](2020-08-19  08:27:54 pm)    V:      0.0189
[I](2020-08-19  08:27:54 pm)    Z:     81.1870
[I](2020-08-19  08:27:54 pm)  * Angle
[I](2020-08-19  08:27:54 pm)    Ar:      0.2943,Kr:      0.0000
[I](2020-08-19  08:27:54 pm)    Taper_Ar:      0.0000
[I](2020-08-19  08:27:56 pm)작업중 정지 [d:0][t:00:00:01]
[I](2020-08-19  08:27:56 pm)    [LNo:0015] 000010/000068
[I](2020-08-19  08:27:56 pm)작업중 M코드정지 [d:0][t:00:00:01]
[I](2020-08-19  08:27:58 pm)작업중 정지 [d:0][t:00:00:03]
[I](2020-08-19  08:27:58 pm)    [LNo:0015] 000010/000068
[I](2020-08-19  08:27:58 pm)작업중 M코드정지 [d:0][t:00:00:03]
[I](2020-08-19  08:28:00 pm)작업중 정지 [d:0][t:00:00:05]
[I](2020-08-19  08:28:00 pm)    [LNo:0015] 000016/000068
[I](2020-08-19  08:28:01 pm)작업중 정지 [d:0][t:00:00:06]
[I](2020-08-19  08:28:01 pm)    [LNo:0015] 000016/000068
[I](2020-08-19  08:28:02 pm)작업중 정지 [d:0][t:00:00:07]
[I](2020-08-19  08:28:02 pm)    [LNo:0015] 000016/000068
[A](2020-08-19  08:28:08 pm)[002] 가공액 미동작
[I](2020-08-19  08:28:10 pm)작업중 정지 [d:0][t:00:00:15]
[I](2020-08-19  08:28:10 pm)    [LNo:0015] 000018/000068
[I](2020-08-19  08:28:33 pm)작업중 정지 [d:0][t:00:00:38]
[I](2020-08-19  08:28:33 pm)    [LNo:0015] 000033/000068
[I](2020-08-19  08:28:33 pm)작업중 M코드정지 [d:0][t:00:00:38]
[I](2020-08-19  08:28:34 pm)작업중 정지 [d:0][t:00:00:40]
[I](2020-08-19  08:28:34 pm)    [LNo:0015] 000035/000068
[I](2020-08-19  08:28:35 pm)작업중 M코드정지 [d:0][t:00:00:40]
[I](2020-08-19  08:50:19 pm)작업중 정지 [d:22][t:00:22:24]
[I](2020-08-19  08:50:19 pm)    [LNo:0015] 000061/000068
[I](2020-08-19  08:50:19 pm)작업중 M코드정지 [d:22][t:00:22:24]
[I](2020-08-19  08:53:31 pm)Reset
[A](2020-08-19  08:56:52 pm)[036] 자동결선 절단 공정 실패!!
[I](2020-08-19  08:59:08 pm)Reset
[I](2020-08-19  09:00:25 pm)Reset
[I](2020-08-19  09:00:25 pm)Reset
[I](2020-08-19  09:00:47 pm)Reset
[I](2020-08-19  09:00:52 pm)Reset
[I](2020-08-19  09:00:52 pm)Reset
[I](2020-08-19  09:00:53 pm)Reset
[I](2020-08-19  09:02:11 pm)Reset
[I](2020-08-19  09:02:12 pm)Reset
[I](2020-08-19  09:02:13 pm)작업 시작 [Start d:1620]
[I](2020-08-19  09:02:13 pm)Nc File: [No.0017-526.NC]
[I](2020-08-19  09:02:13 pm)  * Start Machine Position
[I](2020-08-19  09:02:13 pm)    X:    145.3845
[I](2020-08-19  09:02:13 pm)    Y:   -361.3852
[I](2020-08-19  09:02:13 pm)    U:      0.0000
[I](2020-08-19  09:02:13 pm)    V:      0.0000
[I](2020-08-19  09:02:13 pm)    Z:     33.5560
[I](2020-08-19  09:02:13 pm)  * Angle
[I](2020-08-19  09:02:13 pm)    Ar:     -0.2721,Kr:      0.0000
[I](2020-08-19  09:02:13 pm)    Taper_Ar:      0.0000
[I](2020-08-19  09:02:13 pm)작업중 정지 [d:0][t:00:00:00]
[I](2020-08-19  09:02:13 pm)    [LNo:0017] 000007/000684
[I](2020-08-19  09:02:13 pm)작업중 M코드정지 [d:0][t:00:00:00]
[I](2020-08-19  09:18:15 pm)작업중 정지 [d:15][t:00:16:02]
[I](2020-08-19  09:18:15 pm)    [LNo:0017] 000022/000684
[I](2020-08-19  09:18:15 pm)작업중 M코드정지 [d:15][t:00:16:02]
[I](2020-08-19  09:22:51 pm)작업중 정지 [d:15][t:00:20:37]
[I](2020-08-19  09:22:51 pm)    [LNo:0017] 000023/000684
[I](2020-08-19  09:25:57 pm)작업 재시작
[I](2020-08-19  09:26:08 pm)작업중 정지 [d:15][t:00:23:55]
[I](2020-08-19  09:26:08 pm)    [LNo:0017] 000024/000684
[I](2020-08-19  09:26:08 pm)작업중 M코드정지 [d:15][t:00:23:55]
[I](2020-08-19  09:26:30 pm)작업중 정지 [d:15][t:00:24:17]
[I](2020-08-19  09:26:30 pm)    [LNo:0017] 000027/000684
[I](2020-08-19  09:26:32 pm)작업중 정지 [d:15][t:00:24:19]
[I](2020-08-19  09:26:32 pm)    [LNo:0017] 000027/000684
[A](2020-08-19  09:26:32 pm)[010] 자동결선 Error(M21-절단실패)
[I](2020-08-19  09:34:12 pm)작업중 정지 [d:21][t:00:31:58]
[I](2020-08-19  09:34:12 pm)    [LNo:0017] 000063/000684
[I](2020-08-19  09:34:12 pm)작업중 30sec 접촉 정지 [d:21][t:00:31:59]
[I](2020-08-19  09:34:23 pm)작업 재시작
[I](2020-08-19  11:11:11 pm)작업중 정지 [d:113][t:02:08:58]
[I](2020-08-19  11:11:11 pm)    [LNo:0017] 000356/000684
[I](2020-08-19  11:11:11 pm)작업중 M코드정지 [d:113][t:02:08:58]
[I](2020-08-19  11:12:54 pm)Reset
[I](2020-08-19  11:13:18 pm)작업 시작 [Start d:1733]
[I](2020-08-19  11:13:18 pm)Nc File: [No.0016-522.NC]
[I](2020-08-19  11:13:18 pm)  * Start Machine Position
[I](2020-08-19  11:13:18 pm)    X:    145.3845
[I](2020-08-19  11:13:18 pm)    Y:   -361.3852
[I](2020-08-19  11:13:18 pm)    U:      0.0000
[I](2020-08-19  11:13:18 pm)    V:      0.0000
[I](2020-08-19  11:13:18 pm)    Z:     33.5560
[I](2020-08-19  11:13:18 pm)  * Angle
[I](2020-08-19  11:13:18 pm)    Ar:     -0.2721,Kr:      0.0000
[I](2020-08-19  11:13:18 pm)    Taper_Ar:      0.0000
[I](2020-08-19  11:13:35 pm)작업중 정지 [d:0][t:00:00:17]
[I](2020-08-19  11:13:35 pm)    [LNo:0016] 000169/000410
[I](2020-08-19  11:13:35 pm)작업중 M코드정지 [d:0][t:00:00:17]
[I](2020-08-19  11:20:08 pm)작업중 정지 [d:5][t:00:06:50]
[I](2020-08-19  11:20:08 pm)    [LNo:0016] 000184/000410
[I](2020-08-19  11:20:08 pm)작업중 M코드정지 [d:5][t:00:06:50]
[I](2020-08-19  11:20:44 pm)작업중 정지 [d:5][t:00:07:26]
[I](2020-08-19  11:20:44 pm)    [LNo:0016] 000185/000410
[I](2020-08-19  11:21:09 pm)작업 재시작
[I](2020-08-19  11:21:13 pm)작업중 정지 [d:5][t:00:07:54]
[I](2020-08-19  11:21:13 pm)    [LNo:0016] 000185/000410
[A](2020-08-19  11:23:58 pm)[002] 가공액 미동작
[I](2020-08-19  11:24:04 pm)작업 재시작
[I](2020-08-19  11:28:10 pm)작업중 정지 [d:9][t:00:14:52]
[I](2020-08-19  11:28:10 pm)    [LNo:0016] 000208/000410
[I](2020-08-19  11:28:10 pm)작업중 M코드정지 [d:9][t:00:14:52]
[I](2020-08-19  11:28:12 pm)Reset
[I](2020-08-19  11:28:19 pm)작업 시작 [Start d:1742]
[I](2020-08-19  11:28:19 pm)Nc File: [No.0016-522.NC]
[I](2020-08-19  11:28:19 pm)  * Start Machine Position
[I](2020-08-19  11:28:19 pm)    X:     21.8788
[I](2020-08-19  11:28:19 pm)    Y:   -362.2986
[I](2020-08-19  11:28:19 pm)    U:      0.0000
[I](2020-08-19  11:28:19 pm)    V:      0.0000
[I](2020-08-19  11:28:19 pm)    Z:     33.5560
[I](2020-08-19  11:28:19 pm)  * Angle
[I](2020-08-19  11:28:19 pm)    Ar:     -0.2721,Kr:      0.0000
[I](2020-08-19  11:28:19 pm)    Taper_Ar:      0.0000
[I](2020-08-19  11:29:20 pm)작업중 정지 [d:1][t:00:01:01]
[I](2020-08-19  11:29:20 pm)    [LNo:0016] 000208/000410
[I](2020-08-19  11:29:20 pm)작업중 M코드정지 [d:1][t:00:01:01]
[I](2020-08-19  11:30:11 pm)Reset
[I](2020-08-19  11:30:11 pm)Reset
[I](2020-08-19  11:30:22 pm)작업 시작 [Start d:1743]
[I](2020-08-19  11:30:22 pm)Nc File: [No.0016-522.NC]
[I](2020-08-19  11:30:22 pm)  * Start Machine Position
[I](2020-08-19  11:30:22 pm)    X:    145.3845
[I](2020-08-19  11:30:22 pm)    Y:   -361.3852
[I](2020-08-19  11:30:22 pm)    U:      0.0000
[I](2020-08-19  11:30:22 pm)    V:      0.0000
[I](2020-08-19  11:30:22 pm)    Z:     33.5560
[I](2020-08-19  11:30:22 pm)  * Angle
[I](2020-08-19  11:30:22 pm)    Ar:     -0.2721,Kr:      0.0000
[I](2020-08-19  11:30:22 pm)    Taper_Ar:      0.0000
[I](2020-08-19  11:30:30 pm)작업중 정지 [d:0][t:00:00:07]
[I](2020-08-19  11:30:30 pm)    [LNo:0016] 000030/000410
[I](2020-08-19  11:30:30 pm)작업중 M코드정지 [d:0][t:00:00:07]
[I](2020-08-19  11:30:54 pm)Reset
[I](2020-08-19  11:31:01 pm)작업 시작 [Start d:1743]
[I](2020-08-19  11:31:01 pm)Nc File: [No.0016-522.NC]
[I](2020-08-19  11:31:01 pm)  * Start Machine Position
[I](2020-08-19  11:31:01 pm)    X:    188.5257
[I](2020-08-19  11:31:01 pm)    Y:   -382.9093
[I](2020-08-19  11:31:01 pm)    U:      0.0000
[I](2020-08-19  11:31:01 pm)    V:      0.0000
[I](2020-08-19  11:31:01 pm)    Z:     33.5560
[I](2020-08-19  11:31:01 pm)  * Angle
[I](2020-08-19  11:31:01 pm)    Ar:     -0.2721,Kr:      0.0000
[I](2020-08-19  11:31:01 pm)    Taper_Ar:      0.0000
[I](2020-08-19  11:32:43 pm)작업중 정지 [d:1][t:00:01:42]
[I](2020-08-19  11:32:43 pm)    [LNo:0016] 000074/000410
[I](2020-08-19  11:32:45 pm)Reset
[I](2020-08-19  11:32:45 pm)Reset
[I](2020-08-19  11:32:52 pm)작업 시작 [Start d:1744]
[I](2020-08-19  11:32:52 pm)Nc File: [No.0016-522.NC]
[I](2020-08-19  11:32:52 pm)  * Start Machine Position
[I](2020-08-19  11:32:52 pm)    X:    178.0259
[I](2020-08-19  11:32:52 pm)    Y:   -382.8455
[I](2020-08-19  11:32:52 pm)    U:      0.0000
[I](2020-08-19  11:32:52 pm)    V:      0.0000
[I](2020-08-19  11:32:52 pm)    Z:     33.5560
[I](2020-08-19  11:32:52 pm)  * Angle
[I](2020-08-19  11:32:52 pm)    Ar:     -0.2721,Kr:      0.0000
[I](2020-08-19  11:32:52 pm)    Taper_Ar:      0.0000
[I](2020-08-19  11:34:24 pm)작업중 정지 [d:1][t:00:01:32]
[I](2020-08-19  11:34:24 pm)    [LNo:0016] 000112/000410
[I](2020-08-19  11:34:24 pm)작업중 M코드정지 [d:1][t:00:01:32]
[I](2020-08-19  11:35:23 pm)Reset
[I](2020-08-19  11:35:29 pm)작업 시작 [Start d:1745]
[I](2020-08-19  11:35:29 pm)Nc File: [No.0016-522.NC]
[I](2020-08-19  11:35:29 pm)  * Start Machine Position
[I](2020-08-19  11:35:29 pm)    X:    104.6493
[I](2020-08-19  11:35:29 pm)    Y:   -326.5914
[I](2020-08-19  11:35:29 pm)    U:      0.0000
[I](2020-08-19  11:35:29 pm)    V:      0.0000
[I](2020-08-19  11:35:29 pm)    Z:     33.5560
[I](2020-08-19  11:35:29 pm)  * Angle
[I](2020-08-19  11:35:29 pm)    Ar:     -0.2721,Kr:      0.0000
[I](2020-08-19  11:35:29 pm)    Taper_Ar:      0.0000
[I](2020-08-19  11:35:35 pm)작업중 정지 [d:0][t:00:00:05]
[I](2020-08-19  11:35:35 pm)    [LNo:0016] 000146/000410
[A](2020-08-19  11:35:35 pm)[001] 와이어 미동작
[I](2020-08-19  11:36:45 pm)작업중 정지 [d:1][t:00:01:15]
[I](2020-08-19  11:36:45 pm)    [LNo:0016] 000155/000410
[A](2020-08-19  11:36:45 pm)[008] 작업중 단선(AWF Feed Motor Stop )
[I](2020-08-19  11:36:45 pm)작업중 Wire 단선 [d:1][t:00:01:15]
[I](2020-08-19  11:36:57 pm)작업 재시작
[I](2020-08-19  11:37:50 pm)작업중 정지 [d:2][t:00:02:20]
[I](2020-08-19  11:37:50 pm)    [LNo:0016] 000162/000410
[I](2020-08-19  11:37:50 pm)작업중 M코드정지 [d:2][t:00:02:20]
[I](2020-08-19  11:38:31 pm)작업중 정지 [d:2][t:00:03:01]
[I](2020-08-19  11:38:31 pm)    [LNo:0016] 000211/000410
