[I](2020-06-09  08:26:55 am)Ready On
[I](2020-06-09  08:42:35 am)Reset
[I](2020-06-09  08:42:35 am)Reset
[I](2020-06-09  08:44:05 am)Reset
[I](2020-06-09  08:44:05 am)Reset
[I](2020-06-09  08:44:06 am)Reset
[I](2020-06-09  08:44:11 am)Reset
[I](2020-06-09  08:44:11 am)Reset
[I](2020-06-09  08:44:32 am)Reset
[I](2020-06-09  08:44:32 am)Reset
[I](2020-06-09  08:57:27 am)Reset
[I](2020-06-09  08:57:27 am)Reset
[I](2020-06-09  09:03:51 am)Reset
[I](2020-06-09  09:03:51 am)Reset
[I](2020-06-09  09:07:43 am)Reset
[I](2020-06-09  09:07:43 am)Reset
[I](2020-06-09  09:10:09 am)작업 시작 [Start d:577]
[I](2020-06-09  09:10:09 am)Nc File: [No.0001-672.NC]
[I](2020-06-09  09:10:09 am)  * Start Machine Position
[I](2020-06-09  09:10:09 am)    X:    157.7208
[I](2020-06-09  09:10:09 am)    Y:   -391.7255
[I](2020-06-09  09:10:09 am)    U:      0.0000
[I](2020-06-09  09:10:09 am)    V:      0.0000
[I](2020-06-09  09:10:09 am)    Z:     25.4561
[I](2020-06-09  09:10:09 am)  * Angle
[I](2020-06-09  09:10:09 am)    Ar:     -0.0299,Kr:      0.0000
[I](2020-06-09  09:10:09 am)    Taper_Ar:      0.0000
[I](2020-06-09  09:10:20 am)작업중 정지 [d:0][t:00:00:10]
[I](2020-06-09  09:10:20 am)    [LNo:0001] 000010/000553
[I](2020-06-09  09:10:20 am)작업중 M코드정지 [d:0][t:00:00:10]
[I](2020-06-09  09:28:25 am)작업중 정지 [d:17][t:00:18:15]
[I](2020-06-09  09:28:25 am)    [LNo:0001] 000035/000553
[I](2020-06-09  09:28:25 am)작업중 M코드정지 [d:17][t:00:18:15]
[I](2020-06-09  09:29:39 am)작업중 정지 [d:17][t:00:19:29]
[I](2020-06-09  09:29:39 am)    [LNo:0001] 000039/000553
[I](2020-06-09  09:29:39 am)작업중 M코드정지 [d:17][t:00:19:29]
[I](2020-06-09  09:34:46 am)작업중 정지 [d:22][t:00:24:36]
[I](2020-06-09  09:34:46 am)    [LNo:0001] 000065/000553
[I](2020-06-09  09:34:46 am)작업중 M코드정지 [d:22][t:00:24:36]
[I](2020-06-09  09:56:22 am)작업중 정지 [d:39][t:00:46:12]
[I](2020-06-09  09:56:22 am)    [LNo:0001] 000095/000553
[I](2020-06-09  09:56:22 am)작업중 M코드정지 [d:39][t:00:46:12]
[I](2020-06-09  09:56:40 am)작업중 정지 [d:39][t:00:46:30]
[I](2020-06-09  09:56:40 am)    [LNo:0001] 000099/000553
[I](2020-06-09  09:56:40 am)작업중 M코드정지 [d:39][t:00:46:30]
[I](2020-06-09  10:19:52 am)작업중 정지 [d:60][t:01:09:42]
[I](2020-06-09  10:19:52 am)    [LNo:0001] 000153/000553
[I](2020-06-09  10:19:52 am)작업중 M코드정지 [d:60][t:01:09:42]
[I](2020-06-09  10:20:37 am)작업중 정지 [d:60][t:01:10:27]
[I](2020-06-09  10:20:37 am)    [LNo:0001] 000157/000553
[I](2020-06-09  10:20:37 am)작업중 M코드정지 [d:60][t:01:10:27]
[I](2020-06-09  10:43:57 am)작업중 정지 [d:82][t:01:33:47]
[I](2020-06-09  10:43:57 am)    [LNo:0001] 000211/000553
[I](2020-06-09  10:43:57 am)작업중 M코드정지 [d:82][t:01:33:47]
[I](2020-06-09  10:44:34 am)작업중 정지 [d:82][t:01:34:24]
[I](2020-06-09  10:44:34 am)    [LNo:0001] 000213/000553
[I](2020-06-09  10:44:34 am)작업중 30sec 접촉 정지 [d:82][t:01:34:24]
[I](2020-06-09  10:45:05 am)작업 재시작
[I](2020-06-09  10:45:13 am)작업중 정지 [d:82][t:01:35:03]
[I](2020-06-09  10:45:13 am)    [LNo:0001] 000215/000553
[I](2020-06-09  10:45:13 am)작업중 M코드정지 [d:82][t:01:35:03]
[I](2020-06-09  11:08:22 am)작업중 정지 [d:104][t:01:58:12]
[I](2020-06-09  11:08:22 am)    [LNo:0001] 000270/000553
[I](2020-06-09  11:08:22 am)작업중 M코드정지 [d:104][t:01:58:12]
[I](2020-06-09  11:09:33 am)작업중 정지 [d:104][t:01:59:23]
[I](2020-06-09  11:09:33 am)    [LNo:0001] 000272/000553
[I](2020-06-09  11:10:01 am)작업 재시작
[I](2020-06-09  11:10:05 am)작업중 정지 [d:104][t:01:59:55]
[I](2020-06-09  11:10:05 am)    [LNo:0001] 000274/000553
[I](2020-06-09  11:10:05 am)작업중 M코드정지 [d:104][t:01:59:55]
[I](2020-06-09  11:14:31 am)작업중 정지 [d:108][t:02:04:21]
[I](2020-06-09  11:14:31 am)    [LNo:0001] 000299/000553
[I](2020-06-09  11:14:31 am)작업중 M코드정지 [d:108][t:02:04:21]
[I](2020-06-09  11:32:36 am)작업중 정지 [d:123][t:02:22:26]
[I](2020-06-09  11:32:36 am)    [LNo:0001] 000322/000553
[I](2020-06-09  11:32:36 am)작업중 M코드정지 [d:123][t:02:22:26]
[I](2020-06-09  11:33:11 am)작업중 정지 [d:123][t:02:23:01]
[I](2020-06-09  11:33:11 am)    [LNo:0001] 000325/000553
[I](2020-06-09  11:33:11 am)작업중 M코드정지 [d:123][t:02:23:01]
[I](2020-06-09  11:39:39 am)작업중 정지 [d:128][t:02:29:29]
[I](2020-06-09  11:39:39 am)    [LNo:0001] 000361/000553
[I](2020-06-09  11:39:39 am)작업중 M코드정지 [d:128][t:02:29:29]
[I](2020-06-09  11:57:06 am)작업중 정지 [d:143][t:02:46:56]
[I](2020-06-09  11:57:06 am)    [LNo:0001] 000384/000553
[I](2020-06-09  11:57:06 am)작업중 M코드정지 [d:143][t:02:46:56]
[I](2020-06-09  11:57:37 am)작업중 정지 [d:143][t:02:47:27]
[I](2020-06-09  11:57:37 am)    [LNo:0001] 000385/000553
[I](2020-06-09  11:58:12 am)작업 재시작
[I](2020-06-09  11:58:16 am)작업중 정지 [d:143][t:02:48:06]
[I](2020-06-09  11:58:16 am)    [LNo:0001] 000387/000553
[I](2020-06-09  11:58:16 am)작업중 M코드정지 [d:143][t:02:48:06]
[I](2020-06-09  12:21:21 pm)작업중 정지 [d:164][t:03:11:11]
[I](2020-06-09  12:21:21 pm)    [LNo:0001] 000446/000553
[I](2020-06-09  12:21:21 pm)작업중 M코드정지 [d:164][t:03:11:11]
[I](2020-06-09  12:35:56 pm)작업중 정지 [d:164][t:03:25:46]
[I](2020-06-09  12:35:56 pm)    [LNo:0001] 000447/000553
[I](2020-06-09  12:36:26 pm)작업 재시작
[I](2020-06-09  12:59:05 pm)작업중 정지 [d:185][t:03:48:55]
[I](2020-06-09  12:59:05 pm)    [LNo:0001] 000506/000553
[I](2020-06-09  12:59:05 pm)작업중 M코드정지 [d:185][t:03:48:55]
[I](2020-06-09  12:59:34 pm)작업중 정지 [d:185][t:03:49:24]
[I](2020-06-09  12:59:34 pm)    [LNo:0001] 000509/000553
[I](2020-06-09  12:59:34 pm)작업중 M코드정지 [d:185][t:03:49:24]
[I](2020-06-09  01:06:39 pm)작업중 정지 [d:191][t:03:56:29]
[I](2020-06-09  01:06:39 pm)    [LNo:0001] 000549/000553
[I](2020-06-09  01:06:39 pm)작업중 M코드정지 [d:191][t:03:56:29]
[I](2020-06-09  01:08:23 pm)Reset
[I](2020-06-09  01:08:32 pm)Reset
[I](2020-06-09  01:26:11 pm)Reset
[I](2020-06-09  01:26:42 pm)Reset
[I](2020-06-09  01:27:32 pm)Reset
[I](2020-06-09  01:27:59 pm)Reset
[I](2020-06-09  01:31:17 pm)Reset
[I](2020-06-09  01:34:02 pm)Reset
[I](2020-06-09  01:34:02 pm)Reset
[I](2020-06-09  01:38:54 pm)Reset
[I](2020-06-09  01:42:29 pm)Reset
[I](2020-06-09  01:43:07 pm)작업 시작 [Start d:768]
[I](2020-06-09  01:43:07 pm)Nc File: [No.0003-261.NC]
[I](2020-06-09  01:43:07 pm)  * Start Machine Position
[I](2020-06-09  01:43:07 pm)    X:     16.5999
[I](2020-06-09  01:43:07 pm)    Y:   -348.9424
[I](2020-06-09  01:43:07 pm)    U:      0.0000
[I](2020-06-09  01:43:07 pm)    V:      0.0000
[I](2020-06-09  01:43:07 pm)    Z:     38.8926
[I](2020-06-09  01:43:07 pm)  * Angle
[I](2020-06-09  01:43:07 pm)    Ar:      0.0596,Kr:      0.0000
[I](2020-06-09  01:43:07 pm)    Taper_Ar:      0.0000
[I](2020-06-09  01:43:24 pm)작업중 정지 [d:0][t:00:00:16]
[I](2020-06-09  01:43:24 pm)    [LNo:0003] 000010/000161
[I](2020-06-09  01:43:24 pm)작업중 M코드정지 [d:0][t:00:00:16]
[I](2020-06-09  01:43:48 pm)작업중 정지 [d:0][t:00:00:40]
[I](2020-06-09  01:43:48 pm)    [LNo:0003] 000013/000161
[I](2020-06-09  01:47:35 pm)작업중 정지 [d:1][t:00:04:27]
[I](2020-06-09  01:47:35 pm)    [LNo:0003] 000032/000161
[I](2020-06-09  01:48:32 pm)Reset
[I](2020-06-09  01:55:26 pm)Reset
[I](2020-06-09  01:55:27 pm)Reset
[I](2020-06-09  01:55:27 pm)Reset
[I](2020-06-09  01:55:27 pm)Reset
[I](2020-06-09  01:56:21 pm)작업 시작 [Start d:769]
[I](2020-06-09  01:56:21 pm)Nc File: [No.0003-261.NC]
[I](2020-06-09  01:56:21 pm)  * Start Machine Position
[I](2020-06-09  01:56:21 pm)    X:     16.5999
[I](2020-06-09  01:56:21 pm)    Y:   -348.9424
[I](2020-06-09  01:56:21 pm)    U:      0.0000
[I](2020-06-09  01:56:21 pm)    V:      0.0000
[I](2020-06-09  01:56:21 pm)    Z:     48.8936
[I](2020-06-09  01:56:21 pm)  * Angle
[I](2020-06-09  01:56:21 pm)    Ar:      0.0596,Kr:      0.0000
[I](2020-06-09  01:56:21 pm)    Taper_Ar:      0.0000
[I](2020-06-09  01:56:28 pm)작업중 정지 [d:0][t:00:00:07]
[I](2020-06-09  01:56:28 pm)    [LNo:0003] 000045/000161
[A](2020-06-09  01:56:45 pm)[032] 자동결선 상부 센서 WIRE CONTACT!!
[I](2020-06-09  02:16:01 pm)작업중 정지 [d:17][t:00:19:39]
[I](2020-06-09  02:16:01 pm)    [LNo:0003] 000067/000161
[I](2020-06-09  02:16:01 pm)작업중 M코드정지 [d:17][t:00:19:39]
[I](2020-06-09  02:21:13 pm)작업중 정지 [d:17][t:00:24:52]
[I](2020-06-09  02:21:13 pm)    [LNo:0003] 000071/000161
[I](2020-06-09  02:21:13 pm)작업중 M코드정지 [d:17][t:00:24:52]
[I](2020-06-09  02:41:07 pm)작업중 정지 [d:34][t:00:44:45]
[I](2020-06-09  02:41:07 pm)    [LNo:0003] 000124/000161
[I](2020-06-09  02:41:07 pm)작업중 M코드정지 [d:34][t:00:44:45]
[I](2020-06-09  02:42:49 pm)작업중 정지 [d:35][t:00:46:27]
[I](2020-06-09  02:42:49 pm)    [LNo:0003] 000128/000161
[I](2020-06-09  02:42:49 pm)작업중 M코드정지 [d:35][t:00:46:27]
[I](2020-06-09  02:47:35 pm)작업중 정지 [d:38][t:00:51:13]
[I](2020-06-09  02:47:35 pm)    [LNo:0003] 000157/000161
[I](2020-06-09  02:47:35 pm)작업중 M코드정지 [d:38][t:00:51:13]
[I](2020-06-09  03:03:30 pm)Reset
[I](2020-06-09  03:03:38 pm)Reset
[I](2020-06-09  03:03:39 pm)Reset
[I](2020-06-09  03:04:50 pm)Reset
[I](2020-06-09  03:04:50 pm)Reset
[I](2020-06-09  03:05:05 pm)Reset
[I](2020-06-09  03:05:06 pm)Reset
[I](2020-06-09  03:06:26 pm)Reset
[I](2020-06-09  03:07:43 pm)Reset
[I](2020-06-09  03:07:43 pm)Reset
[I](2020-06-09  03:09:02 pm)Reset
[I](2020-06-09  03:09:02 pm)Reset
[A](2020-06-09  03:11:17 pm)[041] AWF 명령끝날때까지 센서감지(타임아웃) 안됨
[A](2020-06-09  03:11:50 pm)[041] AWF 명령끝날때까지 센서감지(타임아웃) 안됨
[I](2020-06-09  03:13:31 pm)Reset
[I](2020-06-09  03:13:32 pm)Reset
[I](2020-06-09  03:16:38 pm)Reset
[I](2020-06-09  03:16:38 pm)Reset
[I](2020-06-09  03:21:55 pm)Reset
[I](2020-06-09  03:21:55 pm)Reset
[I](2020-06-09  03:24:37 pm)Reset
[I](2020-06-09  03:27:24 pm)Reset
[I](2020-06-09  03:27:24 pm)Reset
[I](2020-06-09  03:32:09 pm)Reset
[I](2020-06-09  03:32:10 pm)Reset
[I](2020-06-09  03:32:10 pm)Reset
[I](2020-06-09  03:33:11 pm)작업 시작 [Start d:807]
[I](2020-06-09  03:33:11 pm)Nc File: [No.0004-263.NC]
[I](2020-06-09  03:33:11 pm)  * Start Machine Position
[I](2020-06-09  03:33:11 pm)    X:     72.4727
[I](2020-06-09  03:33:11 pm)    Y:   -295.2869
[I](2020-06-09  03:33:11 pm)    U:     -0.0700
[I](2020-06-09  03:33:11 pm)    V:     -0.0539
[I](2020-06-09  03:33:11 pm)    Z:     29.5690
[I](2020-06-09  03:33:11 pm)  * Angle
[I](2020-06-09  03:33:11 pm)    Ar:     -0.0045,Kr:      0.0000
[I](2020-06-09  03:33:11 pm)    Taper_Ar:      0.0000
[I](2020-06-09  03:33:18 pm)작업중 정지 [d:0][t:00:00:06]
[I](2020-06-09  03:33:18 pm)    [LNo:0004] 000010/000149
[I](2020-06-09  03:33:18 pm)작업중 M코드정지 [d:0][t:00:00:06]
[I](2020-06-09  03:37:55 pm)작업중 정지 [d:4][t:00:04:43]
[I](2020-06-09  03:37:55 pm)    [LNo:0004] 000028/000149
[I](2020-06-09  03:37:55 pm)작업중 M코드정지 [d:4][t:00:04:43]
[I](2020-06-09  03:39:15 pm)작업중 정지 [d:4][t:00:06:03]
[I](2020-06-09  03:39:15 pm)    [LNo:0004] 000030/000149
[A](2020-06-09  03:39:15 pm)[008] 작업중 단선(AWF Feed Motor Stop )
[I](2020-06-09  03:39:15 pm)작업중 Wire 단선 [d:4][t:00:06:03]
[I](2020-06-09  03:42:11 pm)작업 재시작
[I](2020-06-09  03:42:19 pm)작업중 정지 [d:4][t:00:09:08]
[I](2020-06-09  03:42:19 pm)    [LNo:0004] 000030/000149
[I](2020-06-09  03:42:19 pm)작업중 30sec 접촉 정지 [d:4][t:00:09:08]
[I](2020-06-09  03:42:32 pm)작업 재시작
[I](2020-06-09  03:42:37 pm)작업중 정지 [d:4][t:00:09:25]
[I](2020-06-09  03:42:37 pm)    [LNo:0004] 000030/000149
[I](2020-06-09  03:42:37 pm)작업중 30sec 접촉 정지 [d:4][t:00:09:25]
[I](2020-06-09  03:42:48 pm)작업 재시작
[I](2020-06-09  03:42:53 pm)작업중 정지 [d:4][t:00:09:41]
[I](2020-06-09  03:42:53 pm)    [LNo:0004] 000030/000149
[I](2020-06-09  03:42:53 pm)작업중 30sec 접촉 정지 [d:4][t:00:09:42]
[I](2020-06-09  03:44:02 pm)작업 재시작
[I](2020-06-09  03:44:06 pm)작업중 정지 [d:4][t:00:10:55]
[I](2020-06-09  03:44:06 pm)    [LNo:0004] 000030/000149
[I](2020-06-09  03:44:07 pm)작업중 30sec 접촉 정지 [d:4][t:00:10:55]
[I](2020-06-09  03:44:57 pm)작업 재시작
[I](2020-06-09  03:45:19 pm)작업중 정지 [d:4][t:00:12:07]
[I](2020-06-09  03:45:19 pm)    [LNo:0004] 000032/000149
[I](2020-06-09  03:45:19 pm)작업중 M코드정지 [d:4][t:00:12:07]
[I](2020-06-09  03:46:18 pm)작업중 정지 [d:4][t:00:13:07]
[I](2020-06-09  03:46:18 pm)    [LNo:0004] 000047/000149
[A](2020-06-09  03:46:18 pm)[008] 작업중 단선(AWF Feed Motor Stop )
[I](2020-06-09  03:46:19 pm)작업중 Wire 단선 [d:4][t:00:13:07]
[I](2020-06-09  03:46:46 pm)작업 재시작
[I](2020-06-09  03:47:31 pm)작업중 정지 [d:4][t:00:14:19]
[I](2020-06-09  03:47:31 pm)    [LNo:0004] 000051/000149
[I](2020-06-09  03:47:31 pm)작업중 M코드정지 [d:4][t:00:14:19]
[I](2020-06-09  03:48:57 pm)작업중 정지 [d:4][t:00:15:45]
[I](2020-06-09  03:48:57 pm)    [LNo:0004] 000036/000149
[I](2020-06-09  03:49:51 pm)작업중 정지 [d:5][t:00:16:39]
[I](2020-06-09  03:49:51 pm)    [LNo:0004] 000051/000149
[I](2020-06-09  03:49:51 pm)작업중 M코드정지 [d:5][t:00:16:39]
[I](2020-06-09  03:51:14 pm)작업중 정지 [d:5][t:00:18:03]
[I](2020-06-09  03:51:14 pm)    [LNo:0004] 000034/000149
[I](2020-06-09  03:51:49 pm)작업중 정지 [d:6][t:00:18:38]
[I](2020-06-09  03:51:49 pm)    [LNo:0004] 000051/000149
[I](2020-06-09  03:51:49 pm)작업중 M코드정지 [d:6][t:00:18:38]
[I](2020-06-09  03:56:57 pm)작업중 정지 [d:10][t:00:23:45]
[I](2020-06-09  03:56:57 pm)    [LNo:0004] 000073/000149
[I](2020-06-09  03:56:57 pm)작업중 M코드정지 [d:10][t:00:23:45]
[I](2020-06-09  03:57:16 pm)작업중 정지 [d:10][t:00:24:05]
[I](2020-06-09  03:57:16 pm)    [LNo:0004] 000075/000149
[I](2020-06-09  03:58:27 pm)작업 재시작
[I](2020-06-09  03:58:30 pm)작업중 정지 [d:10][t:00:25:18]
[I](2020-06-09  03:58:30 pm)    [LNo:0004] 000077/000149
[I](2020-06-09  03:58:30 pm)작업중 M코드정지 [d:10][t:00:25:18]
[I](2020-06-09  03:59:55 pm)작업중 정지 [d:12][t:00:26:43]
[I](2020-06-09  03:59:55 pm)    [LNo:0004] 000096/000149
[I](2020-06-09  03:59:55 pm)작업중 M코드정지 [d:12][t:00:26:43]
[I](2020-06-09  04:01:39 pm)작업중 정지 [d:12][t:00:28:28]
[I](2020-06-09  04:01:39 pm)    [LNo:0004] 000081/000149
[I](2020-06-09  04:02:35 pm)작업중 정지 [d:12][t:00:29:24]
[I](2020-06-09  04:02:35 pm)    [LNo:0004] 000097/000149
[I](2020-06-09  04:02:35 pm)작업중 M코드정지 [d:12][t:00:29:24]
[I](2020-06-09  04:03:53 pm)작업중 정지 [d:12][t:00:30:41]
[I](2020-06-09  04:03:53 pm)    [LNo:0004] 000081/000149
[I](2020-06-09  04:05:51 pm)작업중 정지 [d:12][t:00:32:39]
[I](2020-06-09  04:05:51 pm)    [LNo:0004] 000111/000149
[I](2020-06-09  04:05:51 pm)작업중 30sec 접촉 정지 [d:12][t:00:32:39]
[I](2020-06-09  04:06:24 pm)작업 재시작
[I](2020-06-09  04:09:52 pm)작업중 정지 [d:16][t:00:36:40]
[I](2020-06-09  04:09:52 pm)    [LNo:0004] 000118/000149
[I](2020-06-09  04:09:52 pm)작업중 M코드정지 [d:16][t:00:36:40]
[I](2020-06-09  04:10:08 pm)작업중 정지 [d:16][t:00:36:56]
[I](2020-06-09  04:10:08 pm)    [LNo:0004] 000120/000149
[I](2020-06-09  04:11:25 pm)작업 재시작
[I](2020-06-09  04:11:29 pm)작업중 정지 [d:16][t:00:38:18]
[I](2020-06-09  04:11:29 pm)    [LNo:0004] 000122/000149
[I](2020-06-09  04:11:30 pm)작업중 M코드정지 [d:16][t:00:38:18]
[I](2020-06-09  04:13:07 pm)작업중 정지 [d:18][t:00:39:55]
[I](2020-06-09  04:13:07 pm)    [LNo:0004] 000141/000149
[I](2020-06-09  04:13:07 pm)작업중 M코드정지 [d:18][t:00:39:55]
[I](2020-06-09  04:15:20 pm)작업중 정지 [d:18][t:00:42:08]
[I](2020-06-09  04:15:20 pm)    [LNo:0004] 000124/000149
[I](2020-06-09  04:16:41 pm)작업중 정지 [d:18][t:00:43:30]
[I](2020-06-09  04:16:41 pm)    [LNo:0004] 000141/000149
[I](2020-06-09  04:16:42 pm)작업중 M코드정지 [d:18][t:00:43:30]
[I](2020-06-09  04:18:10 pm)작업중 정지 [d:18][t:00:44:58]
[I](2020-06-09  04:18:10 pm)    [LNo:0004] 000081/000149
[I](2020-06-09  04:19:32 pm)작업중 정지 [d:18][t:00:46:20]
[I](2020-06-09  04:19:32 pm)    [LNo:0004] 000096/000149
[I](2020-06-09  04:19:32 pm)작업중 M코드정지 [d:18][t:00:46:20]
[I](2020-06-09  04:22:27 pm)Reset
[I](2020-06-09  04:22:50 pm)Reset
[I](2020-06-09  04:22:50 pm)Reset
[I](2020-06-09  04:24:09 pm)Reset
[I](2020-06-09  04:26:04 pm)Reset
[I](2020-06-09  04:26:04 pm)Reset
[I](2020-06-09  04:30:24 pm)Reset
[I](2020-06-09  04:30:24 pm)Reset
[I](2020-06-09  04:30:25 pm)Reset
[I](2020-06-09  04:36:28 pm)Reset
[I](2020-06-09  04:39:03 pm)Reset
[I](2020-06-09  04:39:03 pm)Reset
[I](2020-06-09  04:40:22 pm)작업 시작 [Start d:825]
[I](2020-06-09  04:40:22 pm)Nc File: [No.0004-263.NC]
[I](2020-06-09  04:40:22 pm)  * Start Machine Position
[I](2020-06-09  04:40:22 pm)    X:     71.1567
[I](2020-06-09  04:40:22 pm)    Y:   -295.4419
[I](2020-06-09  04:40:22 pm)    U:     -0.0691
[I](2020-06-09  04:40:22 pm)    V:     -0.0320
[I](2020-06-09  04:40:22 pm)    Z:     29.3994
[I](2020-06-09  04:40:22 pm)  * Angle
[I](2020-06-09  04:40:22 pm)    Ar:      1.6485,Kr:      0.0000
[I](2020-06-09  04:40:22 pm)    Taper_Ar:      0.0000
[I](2020-06-09  04:40:29 pm)작업중 정지 [d:0][t:00:00:06]
[I](2020-06-09  04:40:29 pm)    [LNo:0004] 000010/000149
[I](2020-06-09  04:40:29 pm)작업중 M코드정지 [d:0][t:00:00:06]
[I](2020-06-09  04:45:11 pm)작업중 정지 [d:4][t:00:04:48]
[I](2020-06-09  04:45:11 pm)    [LNo:0004] 000028/000149
[I](2020-06-09  04:45:11 pm)작업중 M코드정지 [d:4][t:00:04:48]
[I](2020-06-09  04:45:26 pm)작업중 정지 [d:4][t:00:05:03]
[I](2020-06-09  04:45:26 pm)    [LNo:0004] 000030/000149
[I](2020-06-09  04:46:10 pm)작업 재시작
[I](2020-06-09  04:46:14 pm)작업중 정지 [d:4][t:00:05:51]
[I](2020-06-09  04:46:14 pm)    [LNo:0004] 000032/000149
[I](2020-06-09  04:46:14 pm)작업중 M코드정지 [d:4][t:00:05:51]
[I](2020-06-09  04:47:55 pm)작업중 정지 [d:6][t:00:07:32]
[I](2020-06-09  04:47:55 pm)    [LNo:0004] 000051/000149
[I](2020-06-09  04:47:55 pm)작업중 M코드정지 [d:6][t:00:07:32]
[I](2020-06-09  04:49:22 pm)작업중 정지 [d:6][t:00:09:00]
[I](2020-06-09  04:49:22 pm)    [LNo:0004] 000036/000149
[I](2020-06-09  04:50:17 pm)작업중 정지 [d:7][t:00:09:55]
[I](2020-06-09  04:50:17 pm)    [LNo:0004] 000051/000149
[I](2020-06-09  04:50:17 pm)작업중 M코드정지 [d:7][t:00:09:55]
[I](2020-06-09  04:55:59 pm)작업중 정지 [d:11][t:00:15:36]
[I](2020-06-09  04:55:59 pm)    [LNo:0004] 000073/000149
[I](2020-06-09  04:55:59 pm)작업중 M코드정지 [d:11][t:00:15:36]
[I](2020-06-09  04:56:55 pm)작업중 정지 [d:11][t:00:16:32]
[I](2020-06-09  04:56:55 pm)    [LNo:0004] 000075/000149
[I](2020-06-09  04:57:51 pm)작업 재시작
[I](2020-06-09  04:57:54 pm)작업중 정지 [d:11][t:00:17:31]
[I](2020-06-09  04:57:54 pm)    [LNo:0004] 000077/000149
[I](2020-06-09  04:57:54 pm)작업중 M코드정지 [d:11][t:00:17:31]
[I](2020-06-09  04:59:42 pm)작업중 정지 [d:13][t:00:19:19]
[I](2020-06-09  04:59:42 pm)    [LNo:0004] 000096/000149
[I](2020-06-09  04:59:42 pm)작업중 M코드정지 [d:13][t:00:19:19]
[I](2020-06-09  05:01:22 pm)작업중 정지 [d:13][t:00:20:59]
[I](2020-06-09  05:01:22 pm)    [LNo:0004] 000103/000149
[I](2020-06-09  05:05:58 pm)작업중 정지 [d:17][t:00:25:35]
[I](2020-06-09  05:05:58 pm)    [LNo:0004] 000118/000149
[I](2020-06-09  05:05:58 pm)작업중 M코드정지 [d:17][t:00:25:35]
[I](2020-06-09  05:06:13 pm)작업중 정지 [d:17][t:00:25:50]
[I](2020-06-09  05:06:13 pm)    [LNo:0004] 000120/000149
[I](2020-06-09  05:07:01 pm)작업 재시작
[I](2020-06-09  05:07:05 pm)작업중 정지 [d:17][t:00:26:42]
[I](2020-06-09  05:07:05 pm)    [LNo:0004] 000122/000149
[I](2020-06-09  05:07:05 pm)작업중 M코드정지 [d:17][t:00:26:42]
[I](2020-06-09  05:09:10 pm)작업중 정지 [d:19][t:00:28:47]
[I](2020-06-09  05:09:10 pm)    [LNo:0004] 000142/000149
[I](2020-06-09  05:09:10 pm)작업중 M코드정지 [d:19][t:00:28:47]
[I](2020-06-09  05:17:25 pm)Reset
[I](2020-06-09  05:17:25 pm)Reset
[I](2020-06-09  05:17:34 pm)Reset
[I](2020-06-09  05:17:34 pm)Reset
[A](2020-06-09  05:54:06 pm)[053] Emergency Stop
[A](2020-06-09  05:54:06 pm)[005] READY Off(Alarm)
[I](2020-06-09  05:54:06 pm)    X:    276.2241
[I](2020-06-09  05:54:06 pm)    Y:   -227.3125
[I](2020-06-09  05:54:06 pm)    U:      0.0000
[I](2020-06-09  05:54:06 pm)    V:      0.0000
[I](2020-06-09  05:54:06 pm)    Z:     46.0909
