[I](2020-04-30  12:13:03 am)Reset
[I](2020-04-30  12:13:03 am)Reset
[I](2020-04-30  12:19:12 am)Reset
[I](2020-04-30  12:19:12 am)Reset
[I](2020-04-30  12:21:06 am)Reset
[I](2020-04-30  12:21:43 am)Reset
[I](2020-04-30  12:21:43 am)Reset
[I](2020-04-30  12:32:42 am)Reset
[I](2020-04-30  12:32:43 am)Reset
[I](2020-04-30  12:33:20 am)작업 시작 [Start d:315]
[I](2020-04-30  12:33:20 am)Nc File: [No.0002-622.NC]
[I](2020-04-30  12:33:20 am)  * Start Machine Position
[I](2020-04-30  12:33:20 am)    X:    261.0952
[I](2020-04-30  12:33:20 am)    Y:   -257.2277
[I](2020-04-30  12:33:20 am)    U:      0.0000
[I](2020-04-30  12:33:20 am)    V:      0.0000
[I](2020-04-30  12:33:20 am)    Z:     36.8287
[I](2020-04-30  12:33:20 am)  * Angle
[I](2020-04-30  12:33:20 am)    Ar:     -0.0571,Kr:      0.0000
[I](2020-04-30  12:33:20 am)    Taper_Ar:      0.0000
[I](2020-04-30  12:33:39 am)작업중 정지 [d:0][t:00:00:18]
[I](2020-04-30  12:33:39 am)    [LNo:0002] 000010/000749
[I](2020-04-30  12:33:39 am)작업중 M코드정지 [d:0][t:00:00:18]
[I](2020-04-30  12:36:31 am)작업중 정지 [d:0][t:00:03:10]
[I](2020-04-30  12:36:31 am)    [LNo:0002] 000432/000749
[I](2020-04-30  12:38:02 am)Reset
[I](2020-04-30  12:38:03 am)Reset
[I](2020-04-30  12:39:00 am)Reset
[I](2020-04-30  01:13:24 am)Reset
[I](2020-04-30  01:14:19 am)Reset
[I](2020-04-30  01:14:44 am)SPM Device Closed.
[I](2020-04-30  01:15:53 am)SPM Device Open Succeeded.
[I](2020-04-30  01:15:53 am)Initialization is completed.
[I](2020-04-30  01:17:14 am)Reset
[I](2020-04-30  01:17:14 am)Reset
[I](2020-04-30  01:17:18 am)Ready On
[I](2020-04-30  01:22:22 am)작업 시작 [Start d:315]
[I](2020-04-30  01:22:22 am)Nc File: [No.0002-635.NC]
[I](2020-04-30  01:22:22 am)  * Start Machine Position
[I](2020-04-30  01:22:22 am)    X:    261.0952
[I](2020-04-30  01:22:22 am)    Y:   -257.2277
[I](2020-04-30  01:22:22 am)    U:      0.0000
[I](2020-04-30  01:22:22 am)    V:      0.0000
[I](2020-04-30  01:22:22 am)    Z:     22.4422
[I](2020-04-30  01:22:22 am)  * Angle
[I](2020-04-30  01:22:22 am)    Ar:     -0.0571,Kr:      0.0000
[I](2020-04-30  01:22:22 am)    Taper_Ar:      0.0000
[I](2020-04-30  01:22:48 am)작업중 정지 [d:0][t:00:00:25]
[I](2020-04-30  01:22:48 am)    [LNo:0002] 001519/009199
[I](2020-04-30  01:24:56 am)Reset
[I](2020-04-30  01:24:56 am)Reset
[I](2020-04-30  01:24:56 am)Reset
[I](2020-04-30  01:24:57 am)Reset
[I](2020-04-30  01:32:23 am)작업 시작 [Start d:315]
[I](2020-04-30  01:32:23 am)Nc File: [No.0002-635.NC]
[I](2020-04-30  01:32:23 am)  * Start Machine Position
[I](2020-04-30  01:32:23 am)    X:    261.0952
[I](2020-04-30  01:32:23 am)    Y:   -257.2277
[I](2020-04-30  01:32:23 am)    U:      0.0000
[I](2020-04-30  01:32:23 am)    V:      0.0000
[I](2020-04-30  01:32:23 am)    Z:     22.4422
[I](2020-04-30  01:32:23 am)  * Angle
[I](2020-04-30  01:32:23 am)    Ar:     -0.0571,Kr:      0.0000
[I](2020-04-30  01:32:23 am)    Taper_Ar:      0.0000
[I](2020-04-30  01:32:53 am)작업중 정지 [d:0][t:00:00:29]
[I](2020-04-30  01:32:53 am)    [LNo:0002] 000010/009199
[I](2020-04-30  01:32:53 am)작업중 M코드정지 [d:0][t:00:00:29]
[I](2020-04-30  01:33:34 am)작업중 정지 [d:0][t:00:01:11]
[I](2020-04-30  01:33:34 am)    [LNo:0002] 000017/009199
[I](2020-04-30  01:48:26 am)작업중 정지 [d:14][t:00:16:02]
[I](2020-04-30  01:48:26 am)    [LNo:0002] 000035/009199
[I](2020-04-30  01:49:27 am)작업 재시작
[I](2020-04-30  01:53:39 am)작업중 정지 [d:18][t:00:21:16]
[I](2020-04-30  01:53:39 am)    [LNo:0002] 000035/009199
[I](2020-04-30  01:57:41 am)작업 재시작
[I](2020-04-30  02:12:34 am)작업중 정지 [d:33][t:00:40:11]
[I](2020-04-30  02:12:34 am)    [LNo:0002] 000062/009199
[I](2020-04-30  02:12:34 am)작업중 M코드정지 [d:33][t:00:40:11]
[I](2020-04-30  02:13:55 am)작업중 정지 [d:33][t:00:41:31]
[I](2020-04-30  02:13:55 am)    [LNo:0002] 000066/009199
[I](2020-04-30  02:13:55 am)작업중 M코드정지 [d:33][t:00:41:31]
[I](2020-04-30  02:41:16 am)작업중 정지 [d:59][t:01:08:53]
[I](2020-04-30  02:41:16 am)    [LNo:0002] 000123/009199
[I](2020-04-30  02:41:16 am)작업중 M코드정지 [d:59][t:01:08:53]
[I](2020-04-30  02:42:10 am)작업중 정지 [d:59][t:01:09:46]
[I](2020-04-30  02:42:10 am)    [LNo:0002] 000127/009199
[I](2020-04-30  02:42:10 am)작업중 M코드정지 [d:59][t:01:09:46]
[I](2020-04-30  03:11:06 am)작업중 정지 [d:86][t:01:38:43]
[I](2020-04-30  03:11:06 am)    [LNo:0002] 000183/009199
[I](2020-04-30  03:11:06 am)작업중 M코드정지 [d:86][t:01:38:43]
[I](2020-04-30  03:11:22 am)작업중 정지 [d:86][t:01:38:59]
[I](2020-04-30  03:11:22 am)    [LNo:0002] 000187/009199
[I](2020-04-30  03:11:22 am)작업중 M코드정지 [d:86][t:01:38:59]
[I](2020-04-30  03:33:45 am)작업중 정지 [d:106][t:02:01:22]
[I](2020-04-30  03:33:45 am)    [LNo:0002] 000245/009199
[I](2020-04-30  03:33:45 am)작업중 M코드정지 [d:106][t:02:01:22]
[I](2020-04-30  03:34:49 am)작업중 정지 [d:106][t:02:02:26]
[I](2020-04-30  03:34:49 am)    [LNo:0002] 000249/009199
[I](2020-04-30  03:34:49 am)작업중 M코드정지 [d:106][t:02:02:26]
[I](2020-04-30  04:05:16 am)작업중 정지 [d:135][t:02:32:52]
[I](2020-04-30  04:05:16 am)    [LNo:0002] 000307/009199
[I](2020-04-30  04:05:16 am)작업중 M코드정지 [d:135][t:02:32:53]
[I](2020-04-30  04:06:05 am)작업중 정지 [d:136][t:02:33:42]
[I](2020-04-30  04:06:05 am)    [LNo:0002] 000311/009199
[I](2020-04-30  04:06:05 am)작업중 M코드정지 [d:136][t:02:33:42]
[I](2020-04-30  04:30:33 am)작업중 정지 [d:159][t:02:58:10]
[I](2020-04-30  04:30:33 am)    [LNo:0002] 000421/009199
[I](2020-04-30  04:30:33 am)작업중 M코드정지 [d:159][t:02:58:10]
[I](2020-04-30  04:31:31 am)작업중 정지 [d:159][t:02:59:07]
[I](2020-04-30  04:31:31 am)    [LNo:0002] 000424/009199
[I](2020-04-30  04:31:31 am)작업중 M코드정지 [d:159][t:02:59:07]
[I](2020-04-30  04:53:03 am)작업중 정지 [d:179][t:03:20:40]
[I](2020-04-30  04:53:03 am)    [LNo:0002] 000461/009199
[I](2020-04-30  04:53:04 am)작업중 M코드정지 [d:179][t:03:20:40]
[I](2020-04-30  04:54:11 am)작업중 정지 [d:179][t:03:21:47]
[I](2020-04-30  04:54:11 am)    [LNo:0002] 000462/009199
[I](2020-04-30  04:54:49 am)작업 재시작
[I](2020-04-30  04:54:54 am)작업중 정지 [d:179][t:03:22:31]
[I](2020-04-30  04:54:54 am)    [LNo:0002] 000464/009199
[I](2020-04-30  04:54:54 am)작업중 M코드정지 [d:179][t:03:22:31]
[I](2020-04-30  05:12:42 am)작업중 정지 [d:195][t:03:40:19]
[I](2020-04-30  05:12:42 am)    [LNo:0002] 000501/009199
[I](2020-04-30  05:12:42 am)작업중 M코드정지 [d:195][t:03:40:19]
[I](2020-04-30  05:14:20 am)작업중 정지 [d:195][t:03:41:57]
[I](2020-04-30  05:14:20 am)    [LNo:0002] 000502/009199
[I](2020-04-30  05:14:51 am)작업 재시작
[I](2020-04-30  05:14:57 am)작업중 정지 [d:196][t:03:42:33]
[I](2020-04-30  05:14:57 am)    [LNo:0002] 000504/009199
[I](2020-04-30  05:14:57 am)작업중 M코드정지 [d:196][t:03:42:33]
[I](2020-04-30  05:29:22 am)작업중 정지 [d:209][t:03:56:58]
[I](2020-04-30  05:29:22 am)    [LNo:0002] 000541/009199
[I](2020-04-30  05:29:22 am)작업중 M코드정지 [d:209][t:03:56:58]
[I](2020-04-30  05:32:08 am)작업중 정지 [d:209][t:03:59:45]
[I](2020-04-30  05:32:08 am)    [LNo:0002] 000544/009199
[I](2020-04-30  05:32:08 am)작업중 M코드정지 [d:209][t:03:59:45]
[I](2020-04-30  05:34:18 am)작업중 정지 [d:209][t:04:01:55]
[I](2020-04-30  05:34:18 am)    [LNo:0002] 000553/009199
[I](2020-04-30  05:39:52 am)작업중 정지 [d:213][t:04:07:28]
[I](2020-04-30  05:39:52 am)    [LNo:0002] 000573/009199
[I](2020-04-30  05:39:52 am)작업중 M코드정지 [d:213][t:04:07:28]
[I](2020-04-30  05:40:12 am)작업중 정지 [d:213][t:04:07:49]
[I](2020-04-30  05:40:12 am)    [LNo:0002] 000574/009199
[I](2020-04-30  05:40:49 am)작업 재시작
[I](2020-04-30  05:40:57 am)작업중 정지 [d:214][t:04:08:34]
[I](2020-04-30  05:40:57 am)    [LNo:0002] 000576/009199
[I](2020-04-30  05:40:57 am)작업중 M코드정지 [d:214][t:04:08:34]
[I](2020-04-30  05:42:05 am)작업중 정지 [d:214][t:04:09:41]
[I](2020-04-30  05:42:05 am)    [LNo:0002] 000585/009199
[I](2020-04-30  06:06:15 am)작업중 정지 [d:238][t:04:33:52]
[I](2020-04-30  06:06:15 am)    [LNo:0002] 000619/009199
[I](2020-04-30  06:06:15 am)작업중 M코드정지 [d:238][t:04:33:52]
[I](2020-04-30  06:06:47 am)작업중 정지 [d:238][t:04:34:24]
[I](2020-04-30  06:06:47 am)    [LNo:0002] 000622/009199
[I](2020-04-30  06:06:47 am)작업중 M코드정지 [d:238][t:04:34:24]
[I](2020-04-30  06:29:46 am)작업중 정지 [d:259][t:04:57:23]
[I](2020-04-30  06:29:46 am)    [LNo:0002] 000665/009199
[I](2020-04-30  06:29:46 am)작업중 M코드정지 [d:259][t:04:57:23]
[I](2020-04-30  06:36:42 am)작업중 정지 [d:259][t:05:04:19]
[I](2020-04-30  06:36:42 am)    [LNo:0002] 000666/009199
[I](2020-04-30  06:37:11 am)작업 재시작
[I](2020-04-30  06:37:17 am)작업중 정지 [d:259][t:05:04:53]
[I](2020-04-30  06:37:17 am)    [LNo:0002] 000668/009199
[I](2020-04-30  06:37:17 am)작업중 M코드정지 [d:259][t:05:04:53]
[I](2020-04-30  06:57:41 am)작업중 정지 [d:277][t:05:25:17]
[I](2020-04-30  06:57:41 am)    [LNo:0002] 000703/009199
[I](2020-04-30  06:57:41 am)작업중 M코드정지 [d:277][t:05:25:17]
[I](2020-04-30  06:58:08 am)작업중 정지 [d:277][t:05:25:45]
[I](2020-04-30  06:58:08 am)    [LNo:0002] 000705/009199
[I](2020-04-30  06:58:08 am)Wire Contact Auto Stop(M52)
[I](2020-04-30  06:58:42 am)작업 재시작
[I](2020-04-30  06:58:44 am)작업중 정지 [d:277][t:05:26:21]
[I](2020-04-30  06:58:44 am)    [LNo:0002] 000706/009199
[I](2020-04-30  06:58:44 am)작업중 M코드정지 [d:277][t:05:26:21]
[I](2020-04-30  07:17:24 am)작업중 정지 [d:294][t:05:45:01]
[I](2020-04-30  07:17:24 am)    [LNo:0002] 000745/009199
[I](2020-04-30  07:17:24 am)작업중 M코드정지 [d:294][t:05:45:01]
[I](2020-04-30  07:17:44 am)작업중 정지 [d:294][t:05:45:21]
[I](2020-04-30  07:17:44 am)    [LNo:0002] 000746/009199
[I](2020-04-30  07:18:19 am)작업 재시작
[I](2020-04-30  07:18:24 am)작업중 정지 [d:294][t:05:46:01]
[I](2020-04-30  07:18:24 am)    [LNo:0002] 000748/009199
[I](2020-04-30  07:18:24 am)작업중 M코드정지 [d:294][t:05:46:01]
[I](2020-04-30  07:34:09 am)작업중 정지 [d:309][t:06:01:45]
[I](2020-04-30  07:34:09 am)    [LNo:0002] 000785/009199
[I](2020-04-30  07:34:09 am)작업중 M코드정지 [d:309][t:06:01:46]
[I](2020-04-30  07:35:17 am)작업중 정지 [d:309][t:06:02:53]
[I](2020-04-30  07:35:17 am)    [LNo:0002] 000788/009199
[I](2020-04-30  07:35:17 am)작업중 M코드정지 [d:309][t:06:02:53]
[I](2020-04-30  08:38:01 am)작업중 정지 [d:370][t:07:05:37]
[I](2020-04-30  08:38:01 am)    [LNo:0002] 000903/009199
[I](2020-04-30  08:38:58 am)작업 재시작
[I](2020-04-30  09:11:49 am)작업중 정지 [d:402][t:07:39:25]
[I](2020-04-30  09:11:49 am)    [LNo:0002] 000958/009199
[I](2020-04-30  09:11:49 am)작업중 M코드정지 [d:402][t:07:39:25]
[I](2020-04-30  09:13:42 am)작업중 정지 [d:402][t:07:41:19]
[I](2020-04-30  09:13:42 am)    [LNo:0002] 000960/009199
[I](2020-04-30  09:14:20 am)작업 재시작
[I](2020-04-30  09:14:21 am)작업중 정지 [d:402][t:07:41:58]
[I](2020-04-30  09:14:21 am)    [LNo:0002] 000961/009199
[I](2020-04-30  09:14:21 am)작업중 M코드정지 [d:402][t:07:41:58]
[I](2020-04-30  09:15:37 am)작업중 정지 [d:402][t:07:43:14]
[I](2020-04-30  09:15:37 am)    [LNo:0002] 000978/009199
[I](2020-04-30  09:21:45 am)작업 재시작
[I](2020-04-30  09:26:21 am)작업중 정지 [d:407][t:07:53:58]
[I](2020-04-30  09:26:21 am)    [LNo:0002] 000985/009199
[I](2020-04-30  09:26:21 am)작업중 M코드정지 [d:407][t:07:53:58]
[I](2020-04-30  09:26:43 am)작업중 정지 [d:407][t:07:54:19]
[I](2020-04-30  09:26:43 am)    [LNo:0002] 000989/009199
[I](2020-04-30  09:26:43 am)작업중 M코드정지 [d:407][t:07:54:19]
[I](2020-04-30  09:32:55 am)작업중 정지 [d:412][t:08:00:31]
[I](2020-04-30  09:32:55 am)    [LNo:0002] 001013/009199
[I](2020-04-30  09:32:55 am)작업중 M코드정지 [d:412][t:08:00:31]
[I](2020-04-30  09:34:38 am)작업중 정지 [d:412][t:08:02:15]
[I](2020-04-30  09:34:38 am)    [LNo:0002] 001017/009199
[I](2020-04-30  09:34:38 am)작업중 M코드정지 [d:412][t:08:02:15]
[I](2020-04-30  09:41:26 am)작업중 정지 [d:417][t:08:09:03]
[I](2020-04-30  09:41:26 am)    [LNo:0002] 001048/009199
[I](2020-04-30  09:41:26 am)작업중 M코드정지 [d:417][t:08:09:03]
[I](2020-04-30  09:43:54 am)작업중 정지 [d:417][t:08:11:30]
[I](2020-04-30  09:43:54 am)    [LNo:0002] 001049/009199
[I](2020-04-30  09:45:05 am)작업 재시작
[I](2020-04-30  09:45:09 am)작업중 정지 [d:417][t:08:12:45]
[I](2020-04-30  09:45:09 am)    [LNo:0002] 001049/009199
[I](2020-04-30  09:45:57 am)작업 재시작
[I](2020-04-30  09:46:00 am)작업중 정지 [d:417][t:08:13:36]
[I](2020-04-30  09:46:00 am)    [LNo:0002] 001051/009199
[I](2020-04-30  09:46:00 am)작업중 M코드정지 [d:417][t:08:13:37]
[I](2020-04-30  09:47:32 am)작업중 정지 [d:417][t:08:15:09]
[I](2020-04-30  09:47:32 am)    [LNo:0002] 001069/009199
[I](2020-04-30  09:47:58 am)작업 재시작
[I](2020-04-30  09:52:47 am)작업중 정지 [d:421][t:08:20:23]
[I](2020-04-30  09:52:47 am)    [LNo:0002] 001082/009199
[I](2020-04-30  09:52:47 am)작업중 M코드정지 [d:421][t:08:20:23]
[I](2020-04-30  09:53:11 am)작업중 정지 [d:421][t:08:20:48]
[I](2020-04-30  09:53:11 am)    [LNo:0002] 001083/009199
[I](2020-04-30  09:53:45 am)작업 재시작
[I](2020-04-30  09:53:48 am)작업중 정지 [d:421][t:08:21:25]
[I](2020-04-30  09:53:48 am)    [LNo:0002] 001085/009199
[I](2020-04-30  09:53:48 am)작업중 M코드정지 [d:421][t:08:21:25]
[I](2020-04-30  10:00:06 am)작업중 정지 [d:426][t:08:27:43]
[I](2020-04-30  10:00:06 am)    [LNo:0002] 001116/009199
[I](2020-04-30  10:00:06 am)작업중 M코드정지 [d:426][t:08:27:43]
[I](2020-04-30  10:00:33 am)작업중 정지 [d:426][t:08:28:10]
[I](2020-04-30  10:00:33 am)    [LNo:0002] 001119/009199
[I](2020-04-30  10:00:33 am)작업중 M코드정지 [d:426][t:08:28:10]
[I](2020-04-30  10:07:17 am)작업중 정지 [d:431][t:08:34:53]
[I](2020-04-30  10:07:17 am)    [LNo:0002] 001148/009199
[I](2020-04-30  10:07:17 am)작업중 M코드정지 [d:431][t:08:34:53]
[I](2020-04-30  10:07:49 am)작업중 정지 [d:431][t:08:35:26]
[I](2020-04-30  10:07:49 am)    [LNo:0002] 001150/009199
[I](2020-04-30  10:08:17 am)작업 재시작
[I](2020-04-30  10:08:19 am)작업중 정지 [d:431][t:08:35:56]
[I](2020-04-30  10:08:19 am)    [LNo:0002] 001151/009199
[I](2020-04-30  10:08:19 am)작업중 M코드정지 [d:431][t:08:35:56]
[I](2020-04-30  10:15:03 am)작업중 정지 [d:437][t:08:42:40]
[I](2020-04-30  10:15:03 am)    [LNo:0002] 001184/009199
[I](2020-04-30  10:15:03 am)작업중 M코드정지 [d:437][t:08:42:40]
[I](2020-04-30  10:18:18 am)작업중 정지 [d:437][t:08:45:55]
[I](2020-04-30  10:18:18 am)    [LNo:0002] 001185/009199
[I](2020-04-30  10:18:51 am)작업 재시작
[I](2020-04-30  10:18:53 am)작업중 정지 [d:437][t:08:46:30]
[I](2020-04-30  10:18:53 am)    [LNo:0002] 001187/009199
[I](2020-04-30  10:18:53 am)작업중 M코드정지 [d:437][t:08:46:30]
[I](2020-04-30  10:26:34 am)작업중 정지 [d:443][t:08:54:10]
[I](2020-04-30  10:26:34 am)    [LNo:0002] 001216/009199
[I](2020-04-30  10:26:34 am)작업중 M코드정지 [d:443][t:08:54:10]
[I](2020-04-30  10:27:48 am)작업중 정지 [d:443][t:08:55:25]
[I](2020-04-30  10:27:48 am)    [LNo:0002] 001219/009199
[I](2020-04-30  10:27:48 am)작업중 M코드정지 [d:443][t:08:55:25]
[I](2020-04-30  10:34:29 am)작업중 정지 [d:448][t:09:02:06]
[I](2020-04-30  10:34:29 am)    [LNo:0002] 001248/009199
[I](2020-04-30  10:34:29 am)작업중 M코드정지 [d:448][t:09:02:06]
[I](2020-04-30  10:36:28 am)작업중 정지 [d:448][t:09:04:05]
[I](2020-04-30  10:36:28 am)    [LNo:0002] 001249/009199
[I](2020-04-30  10:37:00 am)작업 재시작
[I](2020-04-30  10:37:03 am)작업중 정지 [d:448][t:09:04:39]
[I](2020-04-30  10:37:03 am)    [LNo:0002] 001251/009199
[I](2020-04-30  10:37:03 am)작업중 M코드정지 [d:448][t:09:04:39]
[I](2020-04-30  10:44:25 am)작업중 정지 [d:454][t:09:12:02]
[I](2020-04-30  10:44:25 am)    [LNo:0002] 001284/009199
[I](2020-04-30  10:44:25 am)작업중 M코드정지 [d:454][t:09:12:02]
[I](2020-04-30  10:44:44 am)작업중 정지 [d:454][t:09:12:21]
[I](2020-04-30  10:44:44 am)    [LNo:0002] 001287/009199
[I](2020-04-30  10:44:45 am)작업중 M코드정지 [d:454][t:09:12:22]
[I](2020-04-30  10:51:26 am)작업중 정지 [d:459][t:09:19:02]
[I](2020-04-30  10:51:26 am)    [LNo:0002] 001316/009199
[I](2020-04-30  10:51:26 am)작업중 M코드정지 [d:459][t:09:19:02]
[I](2020-04-30  10:51:45 am)작업중 정지 [d:459][t:09:19:22]
[I](2020-04-30  10:51:45 am)    [LNo:0002] 001318/009199
[I](2020-04-30  10:52:25 am)작업 재시작
[I](2020-04-30  10:52:27 am)작업중 정지 [d:459][t:09:20:04]
[I](2020-04-30  10:52:27 am)    [LNo:0002] 001319/009199
[I](2020-04-30  10:52:27 am)작업중 M코드정지 [d:459][t:09:20:04]
[I](2020-04-30  10:58:29 am)작업중 정지 [d:464][t:09:26:06]
[I](2020-04-30  10:58:29 am)    [LNo:0002] 001348/009199
[I](2020-04-30  10:58:29 am)작업중 M코드정지 [d:464][t:09:26:06]
[I](2020-04-30  11:00:29 am)작업중 정지 [d:464][t:09:28:05]
[I](2020-04-30  11:00:29 am)    [LNo:0002] 001349/009199
[I](2020-04-30  11:01:30 am)작업 재시작
[I](2020-04-30  11:01:40 am)작업중 정지 [d:464][t:09:29:16]
[I](2020-04-30  11:01:40 am)    [LNo:0002] 001351/009199
[I](2020-04-30  11:01:40 am)작업중 M코드정지 [d:464][t:09:29:16]
[I](2020-04-30  11:08:57 am)작업중 정지 [d:469][t:09:36:34]
[I](2020-04-30  11:08:57 am)    [LNo:0002] 001380/009199
[I](2020-04-30  11:08:57 am)작업중 M코드정지 [d:469][t:09:36:34]
[I](2020-04-30  11:09:20 am)작업중 정지 [d:469][t:09:36:56]
[I](2020-04-30  11:09:20 am)    [LNo:0002] 001381/009199
[I](2020-04-30  11:09:58 am)작업 재시작
[I](2020-04-30  11:10:07 am)작업중 정지 [d:469][t:09:37:43]
[I](2020-04-30  11:10:07 am)    [LNo:0002] 001383/009199
[I](2020-04-30  11:10:07 am)작업중 M코드정지 [d:469][t:09:37:43]
[I](2020-04-30  11:16:24 am)작업중 정지 [d:474][t:09:44:00]
[I](2020-04-30  11:16:24 am)    [LNo:0002] 001412/009199
[I](2020-04-30  11:16:24 am)작업중 M코드정지 [d:474][t:09:44:00]
[I](2020-04-30  11:17:29 am)작업중 정지 [d:474][t:09:45:06]
[I](2020-04-30  11:17:29 am)    [LNo:0002] 001413/009199
[I](2020-04-30  11:18:01 am)작업 재시작
[I](2020-04-30  11:18:05 am)작업중 정지 [d:474][t:09:45:41]
[I](2020-04-30  11:18:05 am)    [LNo:0002] 001415/009199
[I](2020-04-30  11:18:05 am)작업중 M코드정지 [d:474][t:09:45:42]
[I](2020-04-30  11:23:16 am)작업중 정지 [d:478][t:09:50:53]
[I](2020-04-30  11:23:16 am)    [LNo:0002] 001444/009199
[I](2020-04-30  11:23:16 am)작업중 M코드정지 [d:478][t:09:50:53]
[I](2020-04-30  11:23:45 am)작업중 정지 [d:478][t:09:51:22]
[I](2020-04-30  11:23:45 am)    [LNo:0002] 001445/009199
[I](2020-04-30  11:24:16 am)작업 재시작
[I](2020-04-30  11:24:22 am)작업중 정지 [d:478][t:09:51:59]
[I](2020-04-30  11:24:22 am)    [LNo:0002] 001447/009199
[I](2020-04-30  11:24:22 am)작업중 M코드정지 [d:478][t:09:51:59]
[I](2020-04-30  11:29:34 am)작업중 정지 [d:482][t:09:57:10]
[I](2020-04-30  11:29:34 am)    [LNo:0002] 001476/009199
[I](2020-04-30  11:29:34 am)작업중 M코드정지 [d:482][t:09:57:10]
[I](2020-04-30  11:29:57 am)작업중 정지 [d:483][t:09:57:33]
[I](2020-04-30  11:29:57 am)    [LNo:0002] 001478/009199
[I](2020-04-30  11:30:26 am)작업 재시작
[I](2020-04-30  11:30:30 am)작업중 정지 [d:483][t:09:58:07]
[I](2020-04-30  11:30:30 am)    [LNo:0002] 001479/009199
[I](2020-04-30  11:30:30 am)작업중 M코드정지 [d:483][t:09:58:07]
[I](2020-04-30  11:35:42 am)작업중 정지 [d:486][t:10:03:18]
[I](2020-04-30  11:35:42 am)    [LNo:0002] 001508/009199
[I](2020-04-30  11:35:42 am)작업중 M코드정지 [d:486][t:10:03:18]
[I](2020-04-30  11:36:05 am)작업중 정지 [d:486][t:10:03:42]
[I](2020-04-30  11:36:05 am)    [LNo:0002] 001509/009199
[I](2020-04-30  11:36:37 am)작업 재시작
[I](2020-04-30  11:36:42 am)작업중 정지 [d:486][t:10:04:18]
[I](2020-04-30  11:36:42 am)    [LNo:0002] 001511/009199
[I](2020-04-30  11:36:42 am)작업중 M코드정지 [d:486][t:10:04:18]
[I](2020-04-30  11:41:43 am)작업중 정지 [d:490][t:10:09:20]
[I](2020-04-30  11:41:43 am)    [LNo:0002] 001540/009199
[I](2020-04-30  11:41:43 am)작업중 M코드정지 [d:490][t:10:09:20]
[I](2020-04-30  11:42:01 am)작업중 정지 [d:490][t:10:09:37]
[I](2020-04-30  11:42:01 am)    [LNo:0002] 001541/009199
[I](2020-04-30  11:42:58 am)작업 재시작
[I](2020-04-30  11:43:05 am)작업중 정지 [d:490][t:10:10:41]
[I](2020-04-30  11:43:05 am)    [LNo:0002] 001543/009199
[I](2020-04-30  11:43:05 am)작업중 M코드정지 [d:490][t:10:10:41]
[I](2020-04-30  11:48:47 am)작업중 정지 [d:493][t:10:16:23]
[I](2020-04-30  11:48:47 am)    [LNo:0002] 001572/009199
[I](2020-04-30  11:48:47 am)작업중 M코드정지 [d:493][t:10:16:23]
[I](2020-04-30  12:11:11 pm)작업중 정지 [d:493][t:10:38:48]
[I](2020-04-30  12:11:11 pm)    [LNo:0002] 001573/009199
[I](2020-04-30  12:12:15 pm)작업 재시작
[I](2020-04-30  12:21:35 pm)작업중 정지 [d:500][t:10:49:12]
[I](2020-04-30  12:21:35 pm)    [LNo:0002] 001604/009199
[I](2020-04-30  12:21:35 pm)작업중 M코드정지 [d:500][t:10:49:12]
[I](2020-04-30  12:25:03 pm)작업중 정지 [d:500][t:10:52:40]
[I](2020-04-30  12:25:03 pm)    [LNo:0002] 001605/009199
[I](2020-04-30  12:25:35 pm)작업 재시작
[I](2020-04-30  12:25:39 pm)작업중 정지 [d:500][t:10:53:16]
[I](2020-04-30  12:25:39 pm)    [LNo:0002] 001607/009199
[I](2020-04-30  12:25:39 pm)작업중 M코드정지 [d:500][t:10:53:16]
[I](2020-04-30  12:34:37 pm)작업중 정지 [d:507][t:11:02:14]
[I](2020-04-30  12:34:37 pm)    [LNo:0002] 001636/009199
[I](2020-04-30  12:34:38 pm)작업중 M코드정지 [d:507][t:11:02:14]
[I](2020-04-30  12:35:17 pm)작업중 정지 [d:507][t:11:02:54]
[I](2020-04-30  12:35:17 pm)    [LNo:0002] 001638/009199
[I](2020-04-30  12:35:45 pm)작업 재시작
[I](2020-04-30  12:35:46 pm)작업중 정지 [d:507][t:11:03:23]
[I](2020-04-30  12:35:46 pm)    [LNo:0002] 001639/009199
[I](2020-04-30  12:35:46 pm)작업중 M코드정지 [d:507][t:11:03:23]
[I](2020-04-30  12:42:31 pm)작업중 정지 [d:513][t:11:10:08]
[I](2020-04-30  12:42:31 pm)    [LNo:0002] 001668/009199
[I](2020-04-30  12:42:31 pm)작업중 M코드정지 [d:513][t:11:10:08]
[I](2020-04-30  12:44:37 pm)작업중 정지 [d:513][t:11:12:13]
[I](2020-04-30  12:44:37 pm)    [LNo:0002] 001670/009199
[I](2020-04-30  12:45:05 pm)작업 재시작
[I](2020-04-30  12:45:07 pm)작업중 정지 [d:513][t:11:12:43]
[I](2020-04-30  12:45:07 pm)    [LNo:0002] 001671/009199
[I](2020-04-30  12:45:07 pm)작업중 M코드정지 [d:513][t:11:12:43]
[I](2020-04-30  12:52:08 pm)작업중 정지 [d:519][t:11:19:44]
[I](2020-04-30  12:52:08 pm)    [LNo:0002] 001700/009199
[I](2020-04-30  12:52:08 pm)작업중 M코드정지 [d:519][t:11:19:44]
[I](2020-04-30  12:53:51 pm)작업중 정지 [d:519][t:11:21:28]
[I](2020-04-30  12:53:51 pm)    [LNo:0002] 001703/009199
[I](2020-04-30  12:53:51 pm)작업중 M코드정지 [d:519][t:11:21:28]
[I](2020-04-30  01:01:11 pm)작업중 정지 [d:525][t:11:28:47]
[I](2020-04-30  01:01:11 pm)    [LNo:0002] 001732/009199
[I](2020-04-30  01:01:11 pm)작업중 M코드정지 [d:525][t:11:28:47]
[I](2020-04-30  01:01:49 pm)작업중 정지 [d:525][t:11:29:25]
[I](2020-04-30  01:01:49 pm)    [LNo:0002] 001734/009199
[I](2020-04-30  01:02:19 pm)작업 재시작
[I](2020-04-30  01:02:20 pm)작업중 정지 [d:525][t:11:29:56]
[I](2020-04-30  01:02:20 pm)    [LNo:0002] 001735/009199
[I](2020-04-30  01:02:20 pm)작업중 M코드정지 [d:525][t:11:29:56]
[I](2020-04-30  01:09:19 pm)작업중 정지 [d:531][t:11:36:56]
[I](2020-04-30  01:09:19 pm)    [LNo:0002] 001764/009199
[I](2020-04-30  01:09:19 pm)작업중 M코드정지 [d:531][t:11:36:56]
[I](2020-04-30  01:09:44 pm)작업중 정지 [d:531][t:11:37:21]
[I](2020-04-30  01:09:44 pm)    [LNo:0002] 001766/009199
[I](2020-04-30  01:10:14 pm)작업 재시작
[I](2020-04-30  01:10:15 pm)작업중 정지 [d:531][t:11:37:52]
[I](2020-04-30  01:10:15 pm)    [LNo:0002] 001766/009199
[I](2020-04-30  01:10:19 pm)작업 재시작
[I](2020-04-30  01:10:21 pm)작업중 정지 [d:531][t:11:37:57]
[I](2020-04-30  01:10:21 pm)    [LNo:0002] 001766/009199
[I](2020-04-30  01:10:21 pm)Wire Contact Auto Stop(M52)
[I](2020-04-30  01:10:25 pm)작업 재시작
[I](2020-04-30  01:10:30 pm)작업중 정지 [d:531][t:11:38:07]
[I](2020-04-30  01:10:30 pm)    [LNo:0002] 001767/009199
[I](2020-04-30  01:10:30 pm)작업중 M코드정지 [d:531][t:11:38:07]
[I](2020-04-30  01:17:32 pm)작업중 정지 [d:537][t:11:45:08]
[I](2020-04-30  01:17:32 pm)    [LNo:0002] 001796/009199
[I](2020-04-30  01:17:32 pm)작업중 M코드정지 [d:537][t:11:45:08]
[I](2020-04-30  01:17:56 pm)작업중 정지 [d:538][t:11:45:33]
[I](2020-04-30  01:17:56 pm)    [LNo:0002] 001799/009199
[I](2020-04-30  01:17:56 pm)작업중 M코드정지 [d:538][t:11:45:33]
[I](2020-04-30  01:25:14 pm)작업중 정지 [d:544][t:11:52:51]
[I](2020-04-30  01:25:14 pm)    [LNo:0002] 001828/009199
[I](2020-04-30  01:25:14 pm)작업중 M코드정지 [d:544][t:11:52:51]
[I](2020-04-30  01:25:43 pm)작업중 정지 [d:544][t:11:53:20]
[I](2020-04-30  01:25:43 pm)    [LNo:0002] 001830/009199
[I](2020-04-30  01:26:12 pm)작업 재시작
[I](2020-04-30  01:26:14 pm)작업중 정지 [d:544][t:11:53:50]
[I](2020-04-30  01:26:14 pm)    [LNo:0002] 001831/009199
[I](2020-04-30  01:26:14 pm)작업중 M코드정지 [d:544][t:11:53:50]
[I](2020-04-30  01:33:11 pm)작업중 정지 [d:550][t:12:00:47]
[I](2020-04-30  01:33:11 pm)    [LNo:0002] 001860/009199
[I](2020-04-30  01:33:11 pm)작업중 M코드정지 [d:550][t:12:00:47]
[I](2020-04-30  01:37:57 pm)작업중 정지 [d:551][t:12:05:34]
[I](2020-04-30  01:37:57 pm)    [LNo:0002] 001862/009199
[I](2020-04-30  01:38:21 pm)작업 재시작
[I](2020-04-30  01:38:26 pm)작업중 정지 [d:551][t:12:06:03]
[I](2020-04-30  01:38:26 pm)    [LNo:0002] 001862/009199
[I](2020-04-30  01:38:26 pm)Wire Contact Auto Stop(M52)
[I](2020-04-30  01:38:33 pm)작업 재시작
[I](2020-04-30  01:38:34 pm)작업중 정지 [d:551][t:12:06:11]
[I](2020-04-30  01:38:34 pm)    [LNo:0002] 001863/009199
[I](2020-04-30  01:38:34 pm)작업중 M코드정지 [d:551][t:12:06:11]
[I](2020-04-30  01:45:19 pm)작업중 정지 [d:557][t:12:12:55]
[I](2020-04-30  01:45:19 pm)    [LNo:0002] 001892/009199
[I](2020-04-30  01:45:19 pm)작업중 M코드정지 [d:557][t:12:12:55]
[I](2020-04-30  01:45:58 pm)작업중 정지 [d:558][t:12:13:35]
[I](2020-04-30  01:45:58 pm)    [LNo:0002] 001894/009199
[I](2020-04-30  01:46:27 pm)작업 재시작
[I](2020-04-30  01:46:28 pm)작업중 정지 [d:558][t:12:14:05]
[I](2020-04-30  01:46:28 pm)    [LNo:0002] 001895/009199
[I](2020-04-30  01:46:28 pm)작업중 M코드정지 [d:558][t:12:14:05]
[I](2020-04-30  01:53:21 pm)작업중 정지 [d:564][t:12:20:58]
[I](2020-04-30  01:53:21 pm)    [LNo:0002] 001924/009199
[I](2020-04-30  01:53:21 pm)작업중 M코드정지 [d:564][t:12:20:58]
[I](2020-04-30  01:56:04 pm)작업중 정지 [d:564][t:12:23:40]
[I](2020-04-30  01:56:04 pm)    [LNo:0002] 001927/009199
[I](2020-04-30  01:56:04 pm)작업중 M코드정지 [d:564][t:12:23:40]
[I](2020-04-30  01:57:04 pm)작업중 정지 [d:564][t:12:24:40]
[I](2020-04-30  01:57:04 pm)    [LNo:0002] 001936/009199
[I](2020-04-30  01:57:04 pm)작업중 M코드정지 [d:564][t:12:24:41]
[I](2020-04-30  01:59:20 pm)Reset
[I](2020-04-30  01:59:22 pm)Reset
[I](2020-04-30  02:05:39 pm)작업 시작 [Start d:879]
[I](2020-04-30  02:05:39 pm)Nc File: [No.0002-635.NC *]
[I](2020-04-30  02:05:39 pm)  * Start Machine Position
[I](2020-04-30  02:05:39 pm)    X:    261.0952
[I](2020-04-30  02:05:39 pm)    Y:   -257.2277
[I](2020-04-30  02:05:39 pm)    U:      0.0000
[I](2020-04-30  02:05:39 pm)    V:      0.0000
[I](2020-04-30  02:05:39 pm)    Z:     22.4422
[I](2020-04-30  02:05:39 pm)  * Angle
[I](2020-04-30  02:05:39 pm)    Ar:     -0.0571,Kr:      0.0000
[I](2020-04-30  02:05:39 pm)    Taper_Ar:      0.0000
[I](2020-04-30  02:06:09 pm)작업중 정지 [d:0][t:00:00:29]
[I](2020-04-30  02:06:09 pm)    [LNo:0002] 000010/009001
[I](2020-04-30  02:06:09 pm)작업중 M코드정지 [d:0][t:00:00:29]
[I](2020-04-30  02:07:26 pm)작업중 정지 [d:0][t:00:01:46]
[I](2020-04-30  02:07:26 pm)    [LNo:0002] 001935/009001
[I](2020-04-30  02:12:22 pm)작업중 정지 [d:1][t:00:06:42]
[I](2020-04-30  02:12:22 pm)    [LNo:0002] 001945/009001
[I](2020-04-30  02:12:22 pm)작업중 30sec 접촉 정지 [d:1][t:00:06:42]
[I](2020-04-30  02:12:47 pm)작업 재시작
[I](2020-04-30  02:20:01 pm)작업중 정지 [d:7][t:00:14:21]
[I](2020-04-30  02:20:01 pm)    [LNo:0002] 001992/009001
[I](2020-04-30  02:20:01 pm)작업중 30sec 접촉 정지 [d:7][t:00:14:21]
[I](2020-04-30  02:31:01 pm)작업 재시작
[I](2020-04-30  02:31:04 pm)작업중 정지 [d:7][t:00:25:24]
[I](2020-04-30  02:31:04 pm)    [LNo:0002] 001992/009001
[I](2020-04-30  02:31:44 pm)작업 재시작
[I](2020-04-30  02:38:41 pm)작업중 정지 [d:13][t:00:33:01]
[I](2020-04-30  02:38:41 pm)    [LNo:0002] 002037/009001
[I](2020-04-30  02:38:41 pm)작업중 30sec 접촉 정지 [d:13][t:00:33:01]
[I](2020-04-30  02:41:06 pm)작업 재시작
[I](2020-04-30  02:47:58 pm)작업중 정지 [d:18][t:00:42:18]
[I](2020-04-30  02:47:58 pm)    [LNo:0002] 002083/009001
[I](2020-04-30  02:47:58 pm)작업중 30sec 접촉 정지 [d:18][t:00:42:19]
[I](2020-04-30  02:48:06 pm)작업 재시작
[I](2020-04-30  02:48:08 pm)작업중 정지 [d:18][t:00:42:28]
[I](2020-04-30  02:48:08 pm)    [LNo:0002] 002083/009001
[I](2020-04-30  02:48:39 pm)작업 재시작
[I](2020-04-30  02:56:09 pm)작업중 정지 [d:24][t:00:50:29]
[I](2020-04-30  02:56:09 pm)    [LNo:0002] 002131/009001
[I](2020-04-30  02:56:09 pm)작업중 30sec 접촉 정지 [d:24][t:00:50:29]
[I](2020-04-30  02:58:47 pm)작업 재시작
[I](2020-04-30  02:58:51 pm)작업중 정지 [d:24][t:00:53:11]
[I](2020-04-30  02:58:51 pm)    [LNo:0002] 002131/009001
[I](2020-04-30  02:59:14 pm)작업 재시작
[I](2020-04-30  02:59:18 pm)작업중 정지 [d:24][t:00:53:38]
[I](2020-04-30  02:59:18 pm)    [LNo:0002] 002131/009001
[I](2020-04-30  02:59:47 pm)작업 재시작
[I](2020-04-30  03:00:29 pm)작업중 정지 [d:25][t:00:54:49]
[I](2020-04-30  03:00:29 pm)    [LNo:0002] 002132/009001
[I](2020-04-30  03:00:29 pm)작업중 30sec 접촉 정지 [d:25][t:00:54:49]
[I](2020-04-30  03:03:09 pm)작업 재시작
[I](2020-04-30  03:03:13 pm)작업중 정지 [d:25][t:00:57:33]
[I](2020-04-30  03:03:13 pm)    [LNo:0002] 002132/009001
[I](2020-04-30  03:06:04 pm)작업 재시작
[I](2020-04-30  03:06:09 pm)작업중 정지 [d:25][t:01:00:29]
[I](2020-04-30  03:06:09 pm)    [LNo:0002] 002132/009001
[I](2020-04-30  03:06:09 pm)작업중 30sec 접촉 정지 [d:25][t:01:00:29]
[I](2020-04-30  03:06:13 pm)작업 재시작
[I](2020-04-30  03:06:17 pm)작업중 정지 [d:25][t:01:00:37]
[I](2020-04-30  03:06:17 pm)    [LNo:0002] 002132/009001
[I](2020-04-30  03:08:08 pm)작업 재시작
[I](2020-04-30  03:08:11 pm)작업중 정지 [d:25][t:01:02:31]
[I](2020-04-30  03:08:11 pm)    [LNo:0002] 002132/009001
[I](2020-04-30  03:14:15 pm)작업 재시작
[I](2020-04-30  03:14:19 pm)작업중 정지 [d:25][t:01:08:39]
[I](2020-04-30  03:14:19 pm)    [LNo:0002] 002132/009001
[I](2020-04-30  03:14:44 pm)작업중 정지 [d:25][t:01:09:04]
[I](2020-04-30  03:14:44 pm)    [LNo:0002] 002119/009001
[I](2020-04-30  03:22:36 pm)작업중 정지 [d:31][t:01:16:56]
[I](2020-04-30  03:22:36 pm)    [LNo:0002] 002177/009001
[I](2020-04-30  03:22:36 pm)작업중 30sec 접촉 정지 [d:31][t:01:16:56]
[I](2020-04-30  03:24:05 pm)작업 재시작
[I](2020-04-30  03:30:45 pm)작업중 정지 [d:36][t:01:25:05]
[I](2020-04-30  03:30:45 pm)    [LNo:0002] 002221/009001
[I](2020-04-30  03:30:45 pm)작업중 30sec 접촉 정지 [d:36][t:01:25:05]
[I](2020-04-30  03:31:22 pm)작업 재시작
[I](2020-04-30  03:31:25 pm)작업중 정지 [d:36][t:01:25:45]
[I](2020-04-30  03:31:25 pm)    [LNo:0002] 002221/009001
[I](2020-04-30  03:32:02 pm)작업 재시작
[I](2020-04-30  03:38:47 pm)작업중 정지 [d:41][t:01:33:07]
[I](2020-04-30  03:38:47 pm)    [LNo:0002] 002267/009001
[I](2020-04-30  03:38:47 pm)작업중 30sec 접촉 정지 [d:41][t:01:33:07]
[I](2020-04-30  03:49:08 pm)작업 재시작
[A](2020-04-30  03:55:54 pm)[041] AWF 명령끝날때까지 센서감지(타임아웃) 안됨
[I](2020-04-30  03:55:55 pm)작업중 정지 [d:45][t:01:50:15]
[I](2020-04-30  03:55:55 pm)    [LNo:0002] 002304/009001
[A](2020-04-30  03:55:55 pm)[009] 자동결선 Error(M20-삽입실패)
[I](2020-04-30  04:01:29 pm)작업중 정지 [d:46][t:01:55:49]
[I](2020-04-30  04:01:29 pm)    [LNo:0002] 002313/009001
[I](2020-04-30  04:01:29 pm)작업중 30sec 접촉 정지 [d:46][t:01:55:49]
[I](2020-04-30  04:01:57 pm)작업 재시작
[I](2020-04-30  05:18:31 pm)작업중 정지 [d:107][t:03:12:51]
[I](2020-04-30  05:18:31 pm)    [LNo:0002] 002859/009001
[I](2020-04-30  05:18:31 pm)작업중 30sec 접촉 정지 [d:107][t:03:12:51]
[I](2020-04-30  05:19:09 pm)작업 재시작
[I](2020-04-30  05:39:50 pm)작업중 정지 [d:120][t:03:34:10]
[I](2020-04-30  05:39:50 pm)    [LNo:0002] 003031/009001
[I](2020-04-30  05:39:50 pm)작업중 30sec 접촉 정지 [d:120][t:03:34:10]
[I](2020-04-30  05:42:23 pm)작업 재시작
[I](2020-04-30  05:49:12 pm)작업중 정지 [d:126][t:03:43:32]
[I](2020-04-30  05:49:12 pm)    [LNo:0002] 003077/009001
[I](2020-04-30  05:49:12 pm)작업중 30sec 접촉 정지 [d:126][t:03:43:33]
[I](2020-04-30  05:50:47 pm)작업 재시작
[I](2020-04-30  06:43:02 pm)작업중 정지 [d:169][t:04:37:22]
[I](2020-04-30  06:43:02 pm)    [LNo:0002] 003473/009001
[I](2020-04-30  06:43:02 pm)작업중 30sec 접촉 정지 [d:169][t:04:37:22]
[I](2020-04-30  06:45:36 pm)작업 재시작
[I](2020-04-30  06:52:37 pm)작업중 정지 [d:174][t:04:46:57]
[I](2020-04-30  06:52:37 pm)    [LNo:0002] 003510/009001
[I](2020-04-30  06:54:38 pm)작업중 정지 [d:175][t:04:48:58]
[I](2020-04-30  06:54:38 pm)    [LNo:0002] 003519/009001
[I](2020-04-30  06:54:38 pm)작업중 30sec 접촉 정지 [d:175][t:04:48:58]
[I](2020-04-30  06:55:16 pm)작업 재시작
[I](2020-04-30  07:02:02 pm)작업중 정지 [d:181][t:04:56:22]
[I](2020-04-30  07:02:02 pm)    [LNo:0002] 003565/009001
[I](2020-04-30  07:02:02 pm)작업중 30sec 접촉 정지 [d:181][t:04:56:23]
[I](2020-04-30  07:02:19 pm)작업 재시작
[I](2020-04-30  07:02:29 pm)작업중 정지 [d:181][t:04:56:49]
[I](2020-04-30  07:02:29 pm)    [LNo:0002] 003565/009001
[I](2020-04-30  07:02:29 pm)작업중 30sec 접촉 정지 [d:181][t:04:56:49]
[I](2020-04-30  07:02:41 pm)작업 재시작
[I](2020-04-30  07:02:46 pm)작업중 정지 [d:181][t:04:57:06]
[I](2020-04-30  07:02:46 pm)    [LNo:0002] 003565/009001
[I](2020-04-30  07:02:46 pm)작업중 30sec 접촉 정지 [d:181][t:04:57:06]
[I](2020-04-30  07:03:59 pm)작업 재시작
[I](2020-04-30  07:04:07 pm)작업중 정지 [d:181][t:04:58:27]
[I](2020-04-30  07:04:07 pm)    [LNo:0002] 003565/009001
[I](2020-04-30  07:04:07 pm)작업중 30sec 접촉 정지 [d:181][t:04:58:27]
[I](2020-04-30  07:04:18 pm)작업 재시작
[I](2020-04-30  07:04:29 pm)작업중 정지 [d:181][t:04:58:49]
[I](2020-04-30  07:04:29 pm)    [LNo:0002] 003565/009001
[I](2020-04-30  07:04:29 pm)작업중 30sec 접촉 정지 [d:181][t:04:58:49]
[I](2020-04-30  07:04:43 pm)작업 재시작
[I](2020-04-30  07:13:09 pm)작업중 정지 [d:188][t:05:07:29]
[I](2020-04-30  07:13:09 pm)    [LNo:0002] 003612/009001
[I](2020-04-30  07:13:09 pm)작업중 30sec 접촉 정지 [d:188][t:05:07:29]
[I](2020-04-30  07:13:37 pm)작업 재시작
[I](2020-04-30  07:27:57 pm)작업중 정지 [d:199][t:05:22:17]
[I](2020-04-30  07:27:57 pm)    [LNo:0002] 003704/009001
[I](2020-04-30  07:27:57 pm)작업중 30sec 접촉 정지 [d:199][t:05:22:17]
[I](2020-04-30  07:28:14 pm)작업 재시작
[I](2020-04-30  07:35:17 pm)작업중 정지 [d:205][t:05:29:37]
[I](2020-04-30  07:35:17 pm)    [LNo:0002] 003749/009001
[I](2020-04-30  07:35:17 pm)작업중 30sec 접촉 정지 [d:205][t:05:29:37]
[I](2020-04-30  07:35:44 pm)작업 재시작
[I](2020-04-30  07:42:37 pm)작업중 정지 [d:211][t:05:36:57]
[I](2020-04-30  07:42:37 pm)    [LNo:0002] 003795/009001
[I](2020-04-30  07:42:37 pm)작업중 30sec 접촉 정지 [d:211][t:05:36:57]
[I](2020-04-30  07:44:47 pm)작업 재시작
[I](2020-04-30  07:44:57 pm)작업중 정지 [d:212][t:05:39:17]
[I](2020-04-30  07:44:57 pm)    [LNo:0002] 003795/009001
[I](2020-04-30  07:44:57 pm)작업중 30sec 접촉 정지 [d:212][t:05:39:17]
[I](2020-04-30  07:45:09 pm)작업 재시작
[I](2020-04-30  07:45:14 pm)작업중 정지 [d:212][t:05:39:34]
[I](2020-04-30  07:45:14 pm)    [LNo:0002] 003795/009001
[I](2020-04-30  07:45:14 pm)작업중 30sec 접촉 정지 [d:212][t:05:39:34]
[I](2020-04-30  07:45:26 pm)작업 재시작
[I](2020-04-30  07:52:18 pm)작업중 정지 [d:218][t:05:46:38]
[I](2020-04-30  07:52:18 pm)    [LNo:0002] 003841/009001
[I](2020-04-30  07:52:50 pm)작업 재시작
[I](2020-04-30  07:53:33 pm)작업중 정지 [d:219][t:05:47:53]
[I](2020-04-30  07:53:33 pm)    [LNo:0002] 003844/009001
[I](2020-04-30  07:53:33 pm)작업중 30sec 접촉 정지 [d:219][t:05:47:53]
[I](2020-04-30  07:58:27 pm)작업 재시작
[I](2020-04-30  08:05:07 pm)작업중 정지 [d:225][t:05:59:27]
[I](2020-04-30  08:05:07 pm)    [LNo:0002] 003890/009001
[I](2020-04-30  08:05:07 pm)작업중 30sec 접촉 정지 [d:225][t:05:59:27]
[I](2020-04-30  08:09:29 pm)작업 재시작
[I](2020-04-30  08:09:50 pm)작업중 정지 [d:225][t:06:04:10]
[I](2020-04-30  08:09:50 pm)    [LNo:0002] 003890/009001
[I](2020-04-30  08:09:50 pm)작업중 30sec 접촉 정지 [d:225][t:06:04:10]
[I](2020-04-30  08:13:02 pm)작업 재시작
[I](2020-04-30  08:13:09 pm)작업중 정지 [d:225][t:06:07:29]
[I](2020-04-30  08:13:09 pm)    [LNo:0002] 003890/009001
[I](2020-04-30  08:13:09 pm)작업중 30sec 접촉 정지 [d:225][t:06:07:29]
[I](2020-04-30  08:13:20 pm)작업 재시작
[I](2020-04-30  08:13:25 pm)작업중 정지 [d:225][t:06:07:45]
[I](2020-04-30  08:13:25 pm)    [LNo:0002] 003890/009001
[I](2020-04-30  08:13:25 pm)작업중 30sec 접촉 정지 [d:225][t:06:07:45]
[I](2020-04-30  08:13:59 pm)작업 재시작
[I](2020-04-30  08:14:04 pm)작업중 정지 [d:225][t:06:08:24]
[I](2020-04-30  08:14:04 pm)    [LNo:0002] 003890/009001
[I](2020-04-30  08:14:04 pm)작업중 30sec 접촉 정지 [d:225][t:06:08:24]
[I](2020-04-30  08:14:27 pm)작업 재시작
[I](2020-04-30  08:14:32 pm)작업중 정지 [d:225][t:06:08:52]
[I](2020-04-30  08:14:32 pm)    [LNo:0002] 003890/009001
[I](2020-04-30  08:14:32 pm)작업중 30sec 접촉 정지 [d:225][t:06:08:52]
[I](2020-04-30  08:15:26 pm)작업 재시작
[I](2020-04-30  08:35:39 pm)작업중 정지 [d:241][t:06:29:59]
[I](2020-04-30  08:35:39 pm)    [LNo:0002] 004025/009001
[I](2020-04-30  08:35:39 pm)작업중 30sec 접촉 정지 [d:241][t:06:30:00]
[I](2020-04-30  08:40:19 pm)작업 재시작
[I](2020-04-30  08:40:24 pm)작업중 정지 [d:241][t:06:34:44]
[I](2020-04-30  08:40:24 pm)    [LNo:0002] 004025/009001
[I](2020-04-30  08:40:24 pm)작업중 30sec 접촉 정지 [d:241][t:06:34:44]
[I](2020-04-30  08:40:35 pm)작업 재시작
[I](2020-04-30  08:40:59 pm)작업중 정지 [d:242][t:06:35:19]
[I](2020-04-30  08:40:59 pm)    [LNo:0002] 004027/009001
[I](2020-04-30  08:40:59 pm)작업중 30sec 접촉 정지 [d:242][t:06:35:19]
[I](2020-04-30  08:41:12 pm)작업 재시작
[I](2020-04-30  08:41:17 pm)작업중 정지 [d:242][t:06:35:37]
[I](2020-04-30  08:41:17 pm)    [LNo:0002] 004027/009001
[I](2020-04-30  08:41:17 pm)작업중 30sec 접촉 정지 [d:242][t:06:35:37]
[I](2020-04-30  08:41:29 pm)작업 재시작
[I](2020-04-30  08:41:34 pm)작업중 정지 [d:242][t:06:35:54]
[I](2020-04-30  08:41:34 pm)    [LNo:0002] 004027/009001
[I](2020-04-30  08:41:34 pm)작업중 30sec 접촉 정지 [d:242][t:06:35:54]
[I](2020-04-30  08:42:22 pm)작업 재시작
[I](2020-04-30  08:55:55 pm)작업중 정지 [d:254][t:06:50:15]
[I](2020-04-30  08:55:55 pm)    [LNo:0002] 004119/009001
[I](2020-04-30  08:55:55 pm)작업중 30sec 접촉 정지 [d:254][t:06:50:15]
[I](2020-04-30  08:57:54 pm)작업 재시작
[I](2020-04-30  08:57:59 pm)작업중 정지 [d:254][t:06:52:19]
[I](2020-04-30  08:57:59 pm)    [LNo:0002] 004119/009001
[I](2020-04-30  08:57:59 pm)작업중 30sec 접촉 정지 [d:254][t:06:52:20]
[I](2020-04-30  08:58:11 pm)작업 재시작
[I](2020-04-30  08:58:16 pm)작업중 정지 [d:254][t:06:52:36]
[I](2020-04-30  08:58:16 pm)    [LNo:0002] 004119/009001
[I](2020-04-30  08:58:16 pm)작업중 30sec 접촉 정지 [d:254][t:06:52:36]
[I](2020-04-30  08:58:32 pm)작업 재시작
[I](2020-04-30  08:58:38 pm)작업중 정지 [d:254][t:06:52:58]
[I](2020-04-30  08:58:38 pm)    [LNo:0002] 004119/009001
[I](2020-04-30  08:58:49 pm)작업 재시작
[I](2020-04-30  08:58:54 pm)작업중 정지 [d:255][t:06:53:14]
[I](2020-04-30  08:58:54 pm)    [LNo:0002] 004119/009001
[I](2020-04-30  08:58:54 pm)작업중 30sec 접촉 정지 [d:255][t:06:53:14]
[I](2020-04-30  08:59:02 pm)작업 재시작
[I](2020-04-30  08:59:40 pm)작업중 정지 [d:255][t:06:54:00]
[I](2020-04-30  08:59:40 pm)    [LNo:0002] 004119/009001
[I](2020-04-30  08:59:40 pm)작업중 30sec 접촉 정지 [d:255][t:06:54:00]
[I](2020-04-30  08:59:48 pm)작업 재시작
[I](2020-04-30  08:59:53 pm)작업중 정지 [d:256][t:06:54:13]
[I](2020-04-30  08:59:53 pm)    [LNo:0002] 004119/009001
[I](2020-04-30  08:59:53 pm)작업중 30sec 접촉 정지 [d:256][t:06:54:13]
[I](2020-04-30  09:00:31 pm)작업 재시작
[I](2020-04-30  09:00:36 pm)작업중 정지 [d:256][t:06:54:56]
[I](2020-04-30  09:00:36 pm)    [LNo:0002] 004119/009001
[I](2020-04-30  09:00:36 pm)작업중 30sec 접촉 정지 [d:256][t:06:54:56]
[I](2020-04-30  09:00:50 pm)작업 재시작
[I](2020-04-30  09:01:02 pm)작업중 정지 [d:257][t:06:55:22]
[I](2020-04-30  09:01:02 pm)    [LNo:0002] 004119/009001
[I](2020-04-30  09:01:02 pm)작업중 30sec 접촉 정지 [d:257][t:06:55:22]
[I](2020-04-30  09:01:14 pm)작업 재시작
[I](2020-04-30  09:01:26 pm)작업중 정지 [d:257][t:06:55:46]
[I](2020-04-30  09:01:26 pm)    [LNo:0002] 004119/009001
[I](2020-04-30  09:01:26 pm)작업중 30sec 접촉 정지 [d:257][t:06:55:46]
[I](2020-04-30  09:10:08 pm)작업 재시작
[I](2020-04-30  09:10:13 pm)작업중 정지 [d:257][t:07:04:33]
[I](2020-04-30  09:10:13 pm)    [LNo:0002] 004119/009001
[I](2020-04-30  09:11:08 pm)작업 재시작
[I](2020-04-30  09:12:07 pm)작업중 정지 [d:258][t:07:06:27]
[I](2020-04-30  09:12:07 pm)    [LNo:0002] 004122/009001
[I](2020-04-30  09:12:07 pm)작업중 30sec 접촉 정지 [d:258][t:07:06:27]
[I](2020-04-30  09:12:22 pm)작업 재시작
[I](2020-04-30  09:12:27 pm)작업중 정지 [d:258][t:07:06:47]
[I](2020-04-30  09:12:27 pm)    [LNo:0002] 004122/009001
[I](2020-04-30  09:12:27 pm)작업중 30sec 접촉 정지 [d:258][t:07:06:47]
[I](2020-04-30  09:13:15 pm)작업 재시작
[I](2020-04-30  09:13:20 pm)작업중 정지 [d:258][t:07:07:40]
[I](2020-04-30  09:13:20 pm)    [LNo:0002] 004122/009001
[I](2020-04-30  09:13:20 pm)작업중 30sec 접촉 정지 [d:258][t:07:07:40]
[A](2020-04-30  09:13:22 pm)[002] 가공액 미동작
[I](2020-04-30  09:13:43 pm)작업 재시작
[I](2020-04-30  09:13:54 pm)작업중 정지 [d:259][t:07:08:14]
[I](2020-04-30  09:13:54 pm)    [LNo:0002] 004122/009001
[I](2020-04-30  09:13:54 pm)작업중 30sec 접촉 정지 [d:259][t:07:08:14]
[I](2020-04-30  09:14:06 pm)작업 재시작
[I](2020-04-30  09:14:11 pm)작업중 정지 [d:259][t:07:08:31]
[I](2020-04-30  09:14:11 pm)    [LNo:0002] 004122/009001
[I](2020-04-30  09:14:11 pm)작업중 30sec 접촉 정지 [d:259][t:07:08:31]
[I](2020-04-30  09:15:40 pm)작업 재시작
[I](2020-04-30  09:15:45 pm)작업중 정지 [d:259][t:07:10:05]
[I](2020-04-30  09:15:45 pm)    [LNo:0002] 004122/009001
[I](2020-04-30  09:15:45 pm)작업중 30sec 접촉 정지 [d:259][t:07:10:05]
[I](2020-04-30  09:15:56 pm)작업 재시작
[I](2020-04-30  09:16:01 pm)작업중 정지 [d:259][t:07:10:21]
[I](2020-04-30  09:16:01 pm)    [LNo:0002] 004122/009001
[I](2020-04-30  09:16:01 pm)작업중 30sec 접촉 정지 [d:259][t:07:10:21]
[I](2020-04-30  09:17:44 pm)작업 재시작
[I](2020-04-30  09:17:49 pm)작업중 정지 [d:259][t:07:12:09]
[I](2020-04-30  09:17:49 pm)    [LNo:0002] 004122/009001
[I](2020-04-30  09:17:49 pm)작업중 30sec 접촉 정지 [d:259][t:07:12:09]
[I](2020-04-30  09:18:27 pm)작업 재시작
[I](2020-04-30  09:25:38 pm)작업중 정지 [d:264][t:07:19:58]
[I](2020-04-30  09:25:38 pm)    [LNo:0002] 004165/009001
[I](2020-04-30  09:25:38 pm)작업중 30sec 접촉 정지 [d:264][t:07:19:58]
[I](2020-04-30  09:29:15 pm)작업 재시작
[I](2020-04-30  09:29:20 pm)작업중 정지 [d:264][t:07:23:40]
[I](2020-04-30  09:29:20 pm)    [LNo:0002] 004165/009001
[I](2020-04-30  09:29:20 pm)작업중 30sec 접촉 정지 [d:264][t:07:23:40]
[I](2020-04-30  09:30:09 pm)작업 재시작
[I](2020-04-30  09:36:51 pm)작업중 정지 [d:269][t:07:31:11]
[I](2020-04-30  09:36:51 pm)    [LNo:0002] 004209/009001
[I](2020-04-30  09:36:51 pm)작업중 30sec 접촉 정지 [d:269][t:07:31:11]
[I](2020-04-30  09:39:09 pm)작업 재시작
[I](2020-04-30  09:39:18 pm)작업중 정지 [d:269][t:07:33:38]
[I](2020-04-30  09:39:18 pm)    [LNo:0002] 004209/009001
[A](2020-04-30  09:39:18 pm)[008] 작업중 단선(AWF Feed Motor Stop )
[I](2020-04-30  09:39:18 pm)작업중 Wire 단선 [d:269][t:07:33:38]
[I](2020-04-30  09:39:29 pm)작업 재시작
[I](2020-04-30  09:39:40 pm)작업중 정지 [d:269][t:07:34:00]
[I](2020-04-30  09:39:40 pm)    [LNo:0002] 004209/009001
[I](2020-04-30  09:39:40 pm)작업중 30sec 접촉 정지 [d:269][t:07:34:00]
[I](2020-04-30  09:39:51 pm)작업 재시작
[I](2020-04-30  09:39:56 pm)작업중 정지 [d:269][t:07:34:16]
[I](2020-04-30  09:39:56 pm)    [LNo:0002] 004209/009001
[I](2020-04-30  09:39:56 pm)작업중 30sec 접촉 정지 [d:269][t:07:34:16]
[I](2020-04-30  09:40:08 pm)작업 재시작
[I](2020-04-30  09:40:24 pm)작업중 정지 [d:269][t:07:34:44]
[I](2020-04-30  09:40:24 pm)    [LNo:0002] 004209/009001
[I](2020-04-30  09:40:24 pm)작업중 30sec 접촉 정지 [d:269][t:07:34:44]
[I](2020-04-30  09:40:36 pm)작업 재시작
[I](2020-04-30  09:40:41 pm)작업중 정지 [d:269][t:07:35:01]
[I](2020-04-30  09:40:41 pm)    [LNo:0002] 004209/009001
[I](2020-04-30  09:40:41 pm)작업중 30sec 접촉 정지 [d:269][t:07:35:01]
[I](2020-04-30  09:40:52 pm)작업 재시작
[I](2020-04-30  09:41:01 pm)작업중 정지 [d:269][t:07:35:21]
[I](2020-04-30  09:41:01 pm)    [LNo:0002] 004209/009001
[I](2020-04-30  09:41:01 pm)작업중 30sec 접촉 정지 [d:269][t:07:35:21]
[I](2020-04-30  09:41:21 pm)작업 재시작
[I](2020-04-30  09:41:24 pm)작업중 정지 [d:269][t:07:35:44]
[I](2020-04-30  09:41:24 pm)    [LNo:0002] 004209/009001
[I](2020-04-30  09:42:22 pm)작업 재시작
[I](2020-04-30  09:42:40 pm)작업중 정지 [d:270][t:07:37:00]
[I](2020-04-30  09:42:40 pm)    [LNo:0002] 004209/009001
[I](2020-04-30  09:42:40 pm)작업중 30sec 접촉 정지 [d:270][t:07:37:00]
[I](2020-04-30  09:42:52 pm)작업 재시작
[I](2020-04-30  09:43:24 pm)작업중 정지 [d:270][t:07:37:44]
[I](2020-04-30  09:43:24 pm)    [LNo:0002] 004209/009001
[I](2020-04-30  09:43:24 pm)작업중 30sec 접촉 정지 [d:270][t:07:37:44]
[I](2020-04-30  09:44:09 pm)작업 재시작
[I](2020-04-30  09:44:18 pm)작업중 정지 [d:270][t:07:38:38]
[I](2020-04-30  09:44:18 pm)    [LNo:0002] 004209/009001
[I](2020-04-30  09:44:18 pm)작업중 30sec 접촉 정지 [d:270][t:07:38:38]
[I](2020-04-30  09:44:33 pm)작업 재시작
[I](2020-04-30  09:44:38 pm)작업중 정지 [d:270][t:07:38:58]
[I](2020-04-30  09:44:38 pm)    [LNo:0002] 004209/009001
[I](2020-04-30  09:44:38 pm)작업중 30sec 접촉 정지 [d:270][t:07:38:58]
[I](2020-04-30  09:44:49 pm)작업 재시작
[I](2020-04-30  09:45:05 pm)작업중 정지 [d:271][t:07:39:25]
[I](2020-04-30  09:45:05 pm)    [LNo:0002] 004209/009001
[I](2020-04-30  09:45:05 pm)작업중 30sec 접촉 정지 [d:271][t:07:39:25]
[I](2020-04-30  09:46:44 pm)작업 재시작
[I](2020-04-30  09:46:49 pm)작업중 정지 [d:271][t:07:41:09]
[I](2020-04-30  09:46:49 pm)    [LNo:0002] 004209/009001
[I](2020-04-30  09:46:49 pm)작업중 30sec 접촉 정지 [d:271][t:07:41:10]
[I](2020-04-30  09:47:01 pm)작업 재시작
[I](2020-04-30  09:47:06 pm)작업중 정지 [d:271][t:07:41:26]
[I](2020-04-30  09:47:06 pm)    [LNo:0002] 004209/009001
[I](2020-04-30  09:47:06 pm)작업중 30sec 접촉 정지 [d:271][t:07:41:26]
[I](2020-04-30  09:47:45 pm)작업 재시작
[I](2020-04-30  09:47:50 pm)작업중 정지 [d:271][t:07:42:10]
[I](2020-04-30  09:47:50 pm)    [LNo:0002] 004209/009001
[I](2020-04-30  09:47:50 pm)작업중 30sec 접촉 정지 [d:271][t:07:42:10]
[I](2020-04-30  09:48:02 pm)작업 재시작
[I](2020-04-30  09:48:25 pm)작업중 정지 [d:271][t:07:42:45]
[I](2020-04-30  09:48:25 pm)    [LNo:0002] 004209/009001
[I](2020-04-30  09:48:25 pm)작업중 30sec 접촉 정지 [d:271][t:07:42:45]
[I](2020-04-30  09:49:03 pm)작업 재시작
[I](2020-04-30  09:49:11 pm)작업중 정지 [d:271][t:07:43:31]
[I](2020-04-30  09:49:11 pm)    [LNo:0002] 004209/009001
[I](2020-04-30  09:49:11 pm)작업중 30sec 접촉 정지 [d:271][t:07:43:31]
[I](2020-04-30  09:49:23 pm)작업 재시작
[I](2020-04-30  09:49:28 pm)작업중 정지 [d:271][t:07:43:48]
[I](2020-04-30  09:49:28 pm)    [LNo:0002] 004209/009001
[I](2020-04-30  09:49:28 pm)작업중 30sec 접촉 정지 [d:271][t:07:43:48]
[I](2020-04-30  09:49:39 pm)작업 재시작
[I](2020-04-30  09:50:48 pm)작업중 정지 [d:272][t:07:45:08]
[I](2020-04-30  09:50:48 pm)    [LNo:0002] 004214/009001
[I](2020-04-30  09:50:48 pm)작업중 30sec 접촉 정지 [d:272][t:07:45:08]
[I](2020-04-30  09:51:14 pm)작업 재시작
[I](2020-04-30  09:52:33 pm)작업중 정지 [d:273][t:07:46:53]
[I](2020-04-30  09:52:33 pm)    [LNo:0002] 004219/009001
[A](2020-04-30  09:52:33 pm)[008] 작업중 단선(AWF Feed Motor Stop )
[I](2020-04-30  09:52:33 pm)작업중 Wire 단선 [d:273][t:07:46:53]
[I](2020-04-30  09:53:43 pm)작업 재시작
[I](2020-04-30  09:53:48 pm)작업중 정지 [d:273][t:07:48:08]
[I](2020-04-30  09:53:48 pm)    [LNo:0002] 004219/009001
[I](2020-04-30  09:53:48 pm)작업중 30sec 접촉 정지 [d:273][t:07:48:08]
[I](2020-04-30  09:56:42 pm)작업 재시작
[I](2020-04-30  09:56:47 pm)작업중 정지 [d:273][t:07:51:07]
[I](2020-04-30  09:56:47 pm)    [LNo:0002] 004219/009001
[I](2020-04-30  09:56:47 pm)작업중 30sec 접촉 정지 [d:273][t:07:51:07]
[I](2020-04-30  09:56:58 pm)작업 재시작
[I](2020-04-30  10:02:22 pm)작업중 정지 [d:276][t:07:56:42]
[I](2020-04-30  10:02:22 pm)    [LNo:0002] 004255/009001
[I](2020-04-30  10:02:41 pm)작업 재시작
[I](2020-04-30  10:03:34 pm)작업중 정지 [d:277][t:07:57:54]
[I](2020-04-30  10:03:34 pm)    [LNo:0002] 004257/009001
[I](2020-04-30  10:03:34 pm)작업중 30sec 접촉 정지 [d:277][t:07:57:54]
[I](2020-04-30  10:03:47 pm)작업 재시작
[I](2020-04-30  10:03:52 pm)작업중 정지 [d:278][t:07:58:12]
[I](2020-04-30  10:03:52 pm)    [LNo:0002] 004257/009001
[I](2020-04-30  10:03:52 pm)작업중 30sec 접촉 정지 [d:278][t:07:58:12]
[I](2020-04-30  10:04:30 pm)작업 재시작
[I](2020-04-30  10:04:35 pm)작업중 정지 [d:278][t:07:58:55]
[I](2020-04-30  10:04:35 pm)    [LNo:0002] 004257/009001
[I](2020-04-30  10:04:35 pm)작업중 30sec 접촉 정지 [d:278][t:07:58:55]
[I](2020-04-30  10:04:46 pm)작업 재시작
[I](2020-04-30  10:04:51 pm)작업중 정지 [d:279][t:07:59:11]
[I](2020-04-30  10:04:51 pm)    [LNo:0002] 004257/009001
[I](2020-04-30  10:04:51 pm)작업중 30sec 접촉 정지 [d:279][t:07:59:11]
[I](2020-04-30  10:05:02 pm)작업 재시작
[I](2020-04-30  10:05:06 pm)작업중 정지 [d:279][t:07:59:27]
[I](2020-04-30  10:05:06 pm)    [LNo:0002] 004257/009001
[I](2020-04-30  10:07:22 pm)작업 재시작
[I](2020-04-30  10:07:27 pm)작업중 정지 [d:279][t:08:01:47]
[I](2020-04-30  10:07:27 pm)    [LNo:0002] 004257/009001
[I](2020-04-30  10:07:27 pm)작업중 30sec 접촉 정지 [d:279][t:08:01:47]
[I](2020-04-30  10:07:39 pm)작업 재시작
[I](2020-04-30  10:14:57 pm)작업중 정지 [d:285][t:08:09:17]
[I](2020-04-30  10:14:57 pm)    [LNo:0002] 004301/009001
[I](2020-04-30  10:14:57 pm)작업중 30sec 접촉 정지 [d:285][t:08:09:18]
[I](2020-04-30  10:17:32 pm)작업 재시작
[I](2020-04-30  10:25:00 pm)작업중 정지 [d:291][t:08:19:20]
[I](2020-04-30  10:25:00 pm)    [LNo:0002] 004347/009001
[I](2020-04-30  10:25:00 pm)작업중 30sec 접촉 정지 [d:291][t:08:19:20]
[I](2020-04-30  10:28:19 pm)작업 재시작
[I](2020-04-30  10:28:24 pm)작업중 정지 [d:291][t:08:22:45]
[I](2020-04-30  10:28:24 pm)    [LNo:0002] 004347/009001
[I](2020-04-30  10:28:25 pm)작업중 30sec 접촉 정지 [d:291][t:08:22:45]
[I](2020-04-30  10:28:35 pm)작업 재시작
[I](2020-04-30  10:28:40 pm)작업중 정지 [d:291][t:08:23:00]
[I](2020-04-30  10:28:40 pm)    [LNo:0002] 004347/009001
[I](2020-04-30  10:28:40 pm)작업중 30sec 접촉 정지 [d:291][t:08:23:00]
[I](2020-04-30  10:29:10 pm)작업 재시작
[I](2020-04-30  10:29:14 pm)작업중 정지 [d:291][t:08:23:34]
[I](2020-04-30  10:29:14 pm)    [LNo:0002] 004347/009001
[I](2020-04-30  10:37:55 pm)작업 재시작
[I](2020-04-30  10:45:07 pm)작업중 정지 [d:296][t:08:39:27]
[I](2020-04-30  10:45:07 pm)    [LNo:0002] 004395/009001
[I](2020-04-30  10:45:07 pm)작업중 30sec 접촉 정지 [d:296][t:08:39:27]
[I](2020-04-30  10:46:01 pm)작업 재시작
[I](2020-04-30  10:46:06 pm)작업중 정지 [d:296][t:08:40:26]
[I](2020-04-30  10:46:06 pm)    [LNo:0002] 004395/009001
[I](2020-04-30  10:46:06 pm)작업중 30sec 접촉 정지 [d:296][t:08:40:26]
[I](2020-04-30  10:46:17 pm)작업 재시작
[I](2020-04-30  10:53:07 pm)작업중 정지 [d:302][t:08:47:27]
[I](2020-04-30  10:53:07 pm)    [LNo:0002] 004439/009001
[I](2020-04-30  10:53:07 pm)작업중 30sec 접촉 정지 [d:302][t:08:47:28]
[I](2020-04-30  10:53:50 pm)작업 재시작
[I](2020-04-30  11:01:06 pm)작업중 정지 [d:309][t:08:55:26]
[I](2020-04-30  11:01:06 pm)    [LNo:0002] 004485/009001
[I](2020-04-30  11:01:06 pm)작업중 30sec 접촉 정지 [d:309][t:08:55:26]
[I](2020-04-30  11:03:14 pm)작업 재시작
[I](2020-04-30  11:03:19 pm)작업중 정지 [d:309][t:08:57:39]
[I](2020-04-30  11:03:19 pm)    [LNo:0002] 004485/009001
[I](2020-04-30  11:03:19 pm)작업중 30sec 접촉 정지 [d:309][t:08:57:39]
[I](2020-04-30  11:03:30 pm)작업 재시작
[I](2020-04-30  11:03:35 pm)작업중 정지 [d:309][t:08:57:55]
[I](2020-04-30  11:03:35 pm)    [LNo:0002] 004485/009001
[I](2020-04-30  11:03:35 pm)작업중 30sec 접촉 정지 [d:309][t:08:57:55]
[I](2020-04-30  11:03:47 pm)작업 재시작
[I](2020-04-30  11:03:52 pm)작업중 정지 [d:310][t:08:58:12]
[I](2020-04-30  11:03:52 pm)    [LNo:0002] 004485/009001
[I](2020-04-30  11:03:52 pm)작업중 30sec 접촉 정지 [d:310][t:08:58:12]
[I](2020-04-30  11:04:03 pm)작업 재시작
[I](2020-04-30  11:04:08 pm)작업중 정지 [d:310][t:08:58:28]
[I](2020-04-30  11:04:08 pm)    [LNo:0002] 004485/009001
[I](2020-04-30  11:04:08 pm)작업중 30sec 접촉 정지 [d:310][t:08:58:28]
[I](2020-04-30  11:04:22 pm)작업 재시작
[I](2020-04-30  11:04:27 pm)작업중 정지 [d:310][t:08:58:47]
[I](2020-04-30  11:04:27 pm)    [LNo:0002] 004485/009001
[I](2020-04-30  11:04:27 pm)작업중 30sec 접촉 정지 [d:310][t:08:58:47]
[I](2020-04-30  11:05:10 pm)작업 재시작
[I](2020-04-30  11:05:15 pm)작업중 정지 [d:310][t:08:59:35]
[I](2020-04-30  11:05:15 pm)    [LNo:0002] 004485/009001
[I](2020-04-30  11:05:15 pm)작업중 30sec 접촉 정지 [d:310][t:08:59:35]
[I](2020-04-30  11:05:27 pm)작업 재시작
[I](2020-04-30  11:05:32 pm)작업중 정지 [d:310][t:08:59:52]
[I](2020-04-30  11:05:32 pm)    [LNo:0002] 004485/009001
[I](2020-04-30  11:05:32 pm)작업중 30sec 접촉 정지 [d:310][t:08:59:52]
[I](2020-04-30  11:08:47 pm)작업 재시작
[I](2020-04-30  11:11:59 pm)작업중 정지 [d:314][t:09:06:20]
[I](2020-04-30  11:11:59 pm)    [LNo:0002] 004496/009001
[A](2020-04-30  11:12:00 pm)[008] 작업중 단선(AWF Feed Motor Stop )
[I](2020-04-30  11:12:00 pm)작업중 Wire 단선 [d:314][t:09:06:20]
[I](2020-04-30  11:13:22 pm)작업 재시작
[I](2020-04-30  11:16:44 pm)작업중 정지 [d:316][t:09:11:04]
[I](2020-04-30  11:16:44 pm)    [LNo:0002] 004529/009001
[A](2020-04-30  11:16:44 pm)[008] 작업중 단선(AWF Feed Motor Stop )
[I](2020-04-30  11:16:44 pm)작업중 Wire 단선 [d:316][t:09:11:05]
[I](2020-04-30  11:18:06 pm)작업 재시작
[I](2020-04-30  11:18:37 pm)작업중 정지 [d:316][t:09:12:57]
[I](2020-04-30  11:18:37 pm)    [LNo:0002] 004531/009001
[A](2020-04-30  11:18:37 pm)[008] 작업중 단선(AWF Feed Motor Stop )
[I](2020-04-30  11:18:37 pm)작업중 Wire 단선 [d:316][t:09:12:57]
[I](2020-04-30  11:19:51 pm)작업 재시작
[I](2020-04-30  11:20:18 pm)작업중 정지 [d:316][t:09:14:38]
[I](2020-04-30  11:20:18 pm)    [LNo:0002] 004531/009001
[I](2020-04-30  11:20:18 pm)작업중 30sec 접촉 정지 [d:316][t:09:14:38]
[I](2020-04-30  11:23:06 pm)작업 재시작
[I](2020-04-30  11:23:11 pm)작업중 정지 [d:316][t:09:17:32]
[I](2020-04-30  11:23:11 pm)    [LNo:0002] 004531/009001
[I](2020-04-30  11:23:12 pm)작업중 30sec 접촉 정지 [d:316][t:09:17:32]
[I](2020-04-30  11:23:22 pm)작업 재시작
[I](2020-04-30  11:23:27 pm)작업중 정지 [d:316][t:09:17:47]
[I](2020-04-30  11:23:27 pm)    [LNo:0002] 004531/009001
[I](2020-04-30  11:23:27 pm)작업중 30sec 접촉 정지 [d:316][t:09:17:48]
[I](2020-04-30  11:23:38 pm)작업 재시작
[I](2020-04-30  11:23:43 pm)작업중 정지 [d:316][t:09:18:03]
[I](2020-04-30  11:23:43 pm)    [LNo:0002] 004531/009001
[I](2020-04-30  11:23:43 pm)작업중 30sec 접촉 정지 [d:316][t:09:18:03]
[I](2020-04-30  11:24:20 pm)작업 재시작
[I](2020-04-30  11:24:25 pm)작업중 정지 [d:316][t:09:18:45]
[I](2020-04-30  11:24:25 pm)    [LNo:0002] 004531/009001
[I](2020-04-30  11:24:25 pm)작업중 30sec 접촉 정지 [d:316][t:09:18:45]
[I](2020-04-30  11:24:36 pm)작업 재시작
[I](2020-04-30  11:24:41 pm)작업중 정지 [d:316][t:09:19:01]
[I](2020-04-30  11:24:41 pm)    [LNo:0002] 004531/009001
[I](2020-04-30  11:24:41 pm)작업중 30sec 접촉 정지 [d:316][t:09:19:01]
[I](2020-04-30  11:26:28 pm)작업 재시작
[I](2020-04-30  11:26:33 pm)작업중 정지 [d:316][t:09:20:53]
[I](2020-04-30  11:26:33 pm)    [LNo:0002] 004531/009001
[I](2020-04-30  11:26:33 pm)작업중 30sec 접촉 정지 [d:316][t:09:20:53]
[I](2020-04-30  11:26:44 pm)작업 재시작
[I](2020-04-30  11:26:49 pm)작업중 정지 [d:316][t:09:21:09]
[I](2020-04-30  11:26:49 pm)    [LNo:0002] 004531/009001
[I](2020-04-30  11:26:49 pm)작업중 30sec 접촉 정지 [d:316][t:09:21:09]
[I](2020-04-30  11:28:15 pm)작업 재시작
[I](2020-04-30  11:28:20 pm)작업중 정지 [d:316][t:09:22:40]
[I](2020-04-30  11:28:20 pm)    [LNo:0002] 004531/009001
[I](2020-04-30  11:28:20 pm)작업중 30sec 접촉 정지 [d:316][t:09:22:40]
[I](2020-04-30  11:28:31 pm)작업 재시작
[I](2020-04-30  11:28:34 pm)작업중 정지 [d:316][t:09:22:54]
[I](2020-04-30  11:28:34 pm)    [LNo:0002] 004531/009001
[I](2020-04-30  11:29:11 pm)작업 재시작
[I](2020-04-30  11:29:16 pm)작업중 정지 [d:316][t:09:23:37]
[I](2020-04-30  11:29:16 pm)    [LNo:0002] 004531/009001
[I](2020-04-30  11:29:17 pm)작업중 30sec 접촉 정지 [d:316][t:09:23:37]
[I](2020-04-30  11:33:40 pm)작업 재시작
[I](2020-04-30  11:40:27 pm)작업중 정지 [d:322][t:09:34:47]
[I](2020-04-30  11:40:27 pm)    [LNo:0002] 004575/009001
[A](2020-04-30  11:40:27 pm)[008] 작업중 단선(AWF Feed Motor Stop )
[I](2020-04-30  11:40:27 pm)작업중 Wire 단선 [d:322][t:09:34:47]
[A](2020-04-30  11:40:36 pm)[013] 회수부 와이어 단선
[A](2020-04-30  11:41:15 pm)[001] 와이어 미동작
[I](2020-04-30  11:43:15 pm)작업 재시작
[I](2020-04-30  11:43:16 pm)작업중 정지 [d:322][t:09:37:36]
[I](2020-04-30  11:43:16 pm)    [LNo:0002] 004575/009001
[A](2020-04-30  11:43:16 pm)[008] 작업중 단선(AWF Feed Motor Stop )
[I](2020-04-30  11:43:16 pm)작업중 Wire 단선 [d:322][t:09:37:36]
[I](2020-04-30  11:44:39 pm)작업 재시작
[I](2020-04-30  11:45:49 pm)작업중 정지 [d:323][t:09:40:09]
[I](2020-04-30  11:45:49 pm)    [LNo:0002] 004577/009001
[I](2020-04-30  11:45:49 pm)작업중 30sec 접촉 정지 [d:323][t:09:40:10]
[I](2020-04-30  11:46:52 pm)작업 재시작
[I](2020-04-30  11:46:57 pm)작업중 정지 [d:323][t:09:41:17]
[I](2020-04-30  11:46:57 pm)    [LNo:0002] 004577/009001
[I](2020-04-30  11:46:57 pm)작업중 30sec 접촉 정지 [d:323][t:09:41:17]
[I](2020-04-30  11:47:08 pm)작업 재시작
[I](2020-04-30  11:47:13 pm)작업중 정지 [d:323][t:09:41:33]
[I](2020-04-30  11:47:13 pm)    [LNo:0002] 004577/009001
[I](2020-04-30  11:47:13 pm)작업중 30sec 접촉 정지 [d:323][t:09:41:33]
[I](2020-04-30  11:49:18 pm)작업 재시작
[I](2020-04-30  11:49:22 pm)작업중 정지 [d:323][t:09:43:42]
[I](2020-04-30  11:49:22 pm)    [LNo:0002] 004577/009001
[I](2020-04-30  11:50:02 pm)작업 재시작
[I](2020-04-30  11:52:21 pm)작업중 정지 [d:325][t:09:46:41]
[I](2020-04-30  11:52:21 pm)    [LNo:0002] 004586/009001
[A](2020-04-30  11:52:21 pm)[008] 작업중 단선(AWF Feed Motor Stop )
[I](2020-04-30  11:52:21 pm)작업중 Wire 단선 [d:325][t:09:46:41]
[I](2020-04-30  11:53:31 pm)작업 재시작
[I](2020-04-30  11:58:04 pm)작업중 정지 [d:328][t:09:52:24]
[I](2020-04-30  11:58:04 pm)    [LNo:0002] 004621/009001
[A](2020-04-30  11:58:04 pm)[008] 작업중 단선(AWF Feed Motor Stop )
[I](2020-04-30  11:58:04 pm)작업중 Wire 단선 [d:328][t:09:52:24]
[I](2020-04-30  11:59:27 pm)작업 재시작
[I](2020-04-30  11:59:44 pm)작업중 정지 [d:328][t:09:54:04]
[I](2020-04-30  11:59:44 pm)    [LNo:0002] 004622/009001
[A](2020-04-30  11:59:44 pm)[008] 작업중 단선(AWF Feed Motor Stop )
[I](2020-04-30  11:59:44 pm)작업중 Wire 단선 [d:328][t:09:54:04]
