[I](2020-09-18  12:00:01 am)작업중 정지 [d:27][t:00:33:08]
[I](2020-09-18  12:00:01 am)    [LNo:0009] 000090/000140
[I](2020-09-18  12:00:01 am)작업중 M코드정지 [d:27][t:00:33:08]
[I](2020-09-18  12:16:10 am)작업중 정지 [d:42][t:00:49:17]
[I](2020-09-18  12:16:11 am)    [LNo:0009] 000128/000140
[I](2020-09-18  12:16:11 am)작업중 M코드정지 [d:42][t:00:49:17]
[I](2020-09-18  12:17:01 am)작업중 정지 [d:42][t:00:50:07]
[I](2020-09-18  12:17:01 am)    [LNo:0009] 000129/000140
[I](2020-09-18  12:17:01 am)작업중 30sec 접촉 정지 [d:42][t:00:50:08]
[I](2020-09-18  12:19:54 am)Reset
[I](2020-09-18  12:20:22 am)Reset
[I](2020-09-18  12:21:58 am)Reset
[I](2020-09-18  12:22:52 am)작업 시작 [Start d:869]
[I](2020-09-18  12:22:52 am)Nc File: [No.0008-610.NC]
[I](2020-09-18  12:22:52 am)  * Start Machine Position
[I](2020-09-18  12:22:52 am)    X:    573.0964
[I](2020-09-18  12:22:52 am)    Y:   -352.6272
[I](2020-09-18  12:22:52 am)    U:      0.0000
[I](2020-09-18  12:22:52 am)    V:      0.0000
[I](2020-09-18  12:22:52 am)    Z:     18.9109
[I](2020-09-18  12:22:52 am)  * Angle
[I](2020-09-18  12:22:52 am)    Ar:      0.2421,Kr:      0.0000
[I](2020-09-18  12:22:52 am)    Taper_Ar:      0.0000
[I](2020-09-18  12:24:44 am)작업중 정지 [d:2][t:00:01:51]
[I](2020-09-18  12:24:44 am)    [LNo:0008] 000022/000229
[I](2020-09-18  12:24:44 am)작업중 M코드정지 [d:2][t:00:01:51]
[I](2020-09-18  12:27:11 am)작업중 정지 [d:3][t:00:04:18]
[I](2020-09-18  12:27:11 am)    [LNo:0008] 000024/000229
[I](2020-09-18  12:27:24 am)작업 재시작
[I](2020-09-18  12:27:30 am)작업중 정지 [d:3][t:00:04:38]
[I](2020-09-18  12:27:30 am)    [LNo:0008] 000026/000229
[I](2020-09-18  12:27:30 am)작업중 M코드정지 [d:3][t:00:04:38]
[I](2020-09-18  12:32:06 am)작업중 정지 [d:6][t:00:09:14]
[I](2020-09-18  12:32:06 am)    [LNo:0008] 000070/000229
[I](2020-09-18  12:32:06 am)작업중 M코드정지 [d:6][t:00:09:14]
[I](2020-09-18  12:39:55 am)작업중 정지 [d:6][t:00:17:02]
[I](2020-09-18  12:39:55 am)    [LNo:0008] 000074/000229
[I](2020-09-18  12:39:55 am)작업중 M코드정지 [d:6][t:00:17:02]
[I](2020-09-18  12:46:01 am)작업중 정지 [d:10][t:00:23:09]
[I](2020-09-18  12:46:01 am)    [LNo:0008] 000121/000229
[I](2020-09-18  12:46:01 am)작업중 M코드정지 [d:10][t:00:23:09]
[I](2020-09-18  12:46:57 am)작업중 정지 [d:10][t:00:24:04]
[I](2020-09-18  12:46:57 am)    [LNo:0008] 000125/000229
[I](2020-09-18  12:46:57 am)작업중 M코드정지 [d:10][t:00:24:04]
[I](2020-09-18  01:05:59 am)작업중 정지 [d:27][t:00:43:06]
[I](2020-09-18  01:05:59 am)    [LNo:0008] 000198/000229
[I](2020-09-18  01:05:59 am)작업중 30sec 접촉 정지 [d:27][t:00:43:07]
[I](2020-09-18  01:06:10 am)작업 재시작
[I](2020-09-18  01:08:29 am)작업중 정지 [d:29][t:00:45:36]
[I](2020-09-18  01:08:29 am)    [LNo:0008] 000216/000229
[I](2020-09-18  01:08:29 am)작업중 M코드정지 [d:29][t:00:45:36]
[I](2020-09-18  01:09:32 am)작업중 정지 [d:29][t:00:46:40]
[I](2020-09-18  01:09:32 am)    [LNo:0008] 000219/000229
[I](2020-09-18  01:09:32 am)작업중 M코드정지 [d:29][t:00:46:40]
[A](2020-09-18  01:09:53 am)[084] Work Tank Fluid Sensor Abnormal
[A](2020-09-18  01:09:54 am)[084] Work Tank Fluid Sensor Abnormal
[A](2020-09-18  01:09:54 am)[084] Work Tank Fluid Sensor Abnormal
[I](2020-09-18  01:13:14 am)Reset
[I](2020-09-18  01:13:56 am)Reset
[I](2020-09-18  01:14:21 am)작업 시작 [Start d:898]
[I](2020-09-18  01:14:21 am)Nc File: [No.0010-632.NC]
[I](2020-09-18  01:14:21 am)  * Start Machine Position
[I](2020-09-18  01:14:21 am)    X:     51.9994
[I](2020-09-18  01:14:21 am)    Y:   -326.2319
[I](2020-09-18  01:14:21 am)    U:      0.0000
[I](2020-09-18  01:14:21 am)    V:      0.0000
[I](2020-09-18  01:14:21 am)    Z:     31.3844
[I](2020-09-18  01:14:21 am)  * Angle
[I](2020-09-18  01:14:21 am)    Ar:      0.0000,Kr:      0.0000
[I](2020-09-18  01:14:21 am)    Taper_Ar:      0.0000
[I](2020-09-18  01:36:11 am)작업중 정지 [d:22][t:00:21:50]
[I](2020-09-18  01:36:11 am)    [LNo:0010] 000032/000082
[I](2020-09-18  01:36:11 am)작업중 M코드정지 [d:22][t:00:21:50]
[I](2020-09-18  01:36:52 am)작업중 정지 [d:22][t:00:22:31]
[I](2020-09-18  01:36:52 am)    [LNo:0010] 000033/000082
[I](2020-09-18  01:36:52 am)Wire Contact Auto Stop(M52)
[I](2020-09-18  01:37:16 am)작업 재시작
[I](2020-09-18  01:37:18 am)작업중 정지 [d:22][t:00:22:57]
[I](2020-09-18  01:37:18 am)    [LNo:0010] 000034/000082
[I](2020-09-18  01:37:18 am)작업중 M코드정지 [d:22][t:00:22:57]
[I](2020-09-18  01:58:54 am)작업중 정지 [d:42][t:00:44:33]
[I](2020-09-18  01:58:54 am)    [LNo:0010] 000071/000082
[I](2020-09-18  01:58:54 am)Wire Contact Auto Stop(M52)
[A](2020-09-18  01:59:54 am)[084] Work Tank Fluid Sensor Abnormal
[A](2020-09-18  01:59:54 am)[084] Work Tank Fluid Sensor Abnormal
[I](2020-09-18  02:03:43 am)Reset
[I](2020-09-18  02:03:44 am)Reset
[I](2020-09-18  02:05:33 am)Reset
[I](2020-09-18  02:06:42 am)작업 시작 [Start d:940]
[I](2020-09-18  02:06:42 am)Nc File: [No.0011-625.NC]
[I](2020-09-18  02:06:42 am)  * Start Machine Position
[I](2020-09-18  02:06:42 am)    X:     40.0924
[I](2020-09-18  02:06:42 am)    Y:   -368.7078
[I](2020-09-18  02:06:42 am)    U:      0.0000
[I](2020-09-18  02:06:42 am)    V:      0.0000
[I](2020-09-18  02:06:42 am)    Z:     60.5804
[I](2020-09-18  02:06:42 am)  * Angle
[I](2020-09-18  02:06:42 am)    Ar:      0.0000,Kr:      0.0000
[I](2020-09-18  02:06:42 am)    Taper_Ar:      0.0000
[I](2020-09-18  02:24:14 am)작업중 정지 [d:18][t:00:17:31]
[I](2020-09-18  02:24:14 am)    [LNo:0011] 000024/000186
[A](2020-09-18  02:24:14 am)[008] 작업중 단선(AWF Feed Motor Stop )
[I](2020-09-18  02:24:14 am)작업중 Wire 단선 [d:18][t:00:17:31]
[I](2020-09-18  02:25:26 am)작업 재시작
[I](2020-09-18  02:43:50 am)작업중 정지 [d:36][t:00:37:07]
[I](2020-09-18  02:43:50 am)    [LNo:0011] 000029/000186
[A](2020-09-18  02:46:25 am)[037] 자동결선 잔여 WIRE 처리 실패!!
[I](2020-09-18  02:48:34 am)작업 재시작
[I](2020-09-18  03:21:10 am)작업중 정지 [d:69][t:01:14:27]
[I](2020-09-18  03:21:10 am)    [LNo:0011] 000085/000186
[I](2020-09-18  03:21:10 am)작업중 M코드정지 [d:69][t:01:14:27]
[I](2020-09-18  03:22:13 am)작업중 정지 [d:70][t:01:15:30]
[I](2020-09-18  03:22:13 am)    [LNo:0011] 000086/000186
[I](2020-09-18  03:22:13 am)Wire Contact Auto Stop(M52)
[I](2020-09-18  03:22:44 am)작업 재시작
[I](2020-09-18  03:22:50 am)작업중 정지 [d:70][t:01:16:07]
[I](2020-09-18  03:22:50 am)    [LNo:0011] 000086/000186
[I](2020-09-18  03:23:40 am)Reset
[I](2020-09-18  03:24:08 am)작업 시작 [Start d:1010]
[I](2020-09-18  03:24:08 am)Nc File: [No.0011-625.NC]
[I](2020-09-18  03:24:08 am)  * Start Machine Position
[I](2020-09-18  03:24:08 am)    X:    185.8704
[I](2020-09-18  03:24:08 am)    Y:   -210.3338
[I](2020-09-18  03:24:08 am)    U:      0.0000
[I](2020-09-18  03:24:08 am)    V:      0.0000
[I](2020-09-18  03:24:08 am)    Z:     60.5804
[I](2020-09-18  03:24:08 am)  * Angle
[I](2020-09-18  03:24:08 am)    Ar:      0.0000,Kr:      0.0000
[I](2020-09-18  03:24:08 am)    Taper_Ar:      0.0000
[I](2020-09-18  04:36:06 am)작업중 정지 [d:71][t:01:11:57]
[I](2020-09-18  04:36:06 am)    [LNo:0011] 000174/000186
[I](2020-09-18  04:36:06 am)작업중 M코드정지 [d:71][t:01:11:57]
[I](2020-09-18  04:37:20 am)작업중 정지 [d:72][t:01:13:12]
[I](2020-09-18  04:37:20 am)    [LNo:0011] 000175/000186
[I](2020-09-18  04:37:20 am)Wire Contact Auto Stop(M52)
[A](2020-09-18  04:38:10 am)[037] 자동결선 잔여 WIRE 처리 실패!!
[I](2020-09-18  04:41:31 am)Reset
[I](2020-09-18  04:44:38 am)Reset
[I](2020-09-18  04:45:44 am)Reset
[I](2020-09-18  04:45:52 am)Reset
[I](2020-09-18  04:48:43 am)Reset
[I](2020-09-18  04:48:51 am)Reset
[I](2020-09-18  04:49:19 am)Reset
[I](2020-09-18  04:49:46 am)Reset
[I](2020-09-18  04:49:54 am)Reset
[I](2020-09-18  04:50:01 am)Reset
[I](2020-09-18  04:50:52 am)작업 시작 [Start d:1082]
[I](2020-09-18  04:50:52 am)Nc File: [No.0012-605.NC]
[I](2020-09-18  04:50:52 am)  * Start Machine Position
[I](2020-09-18  04:50:52 am)    X:    525.7156
[I](2020-09-18  04:50:52 am)    Y:   -359.5282
[I](2020-09-18  04:50:52 am)    U:      0.0000
[I](2020-09-18  04:50:52 am)    V:      0.0000
[I](2020-09-18  04:50:52 am)    Z:     64.4829
[I](2020-09-18  04:50:52 am)  * Angle
[I](2020-09-18  04:50:52 am)    Ar:      0.4768,Kr:      0.0000
[I](2020-09-18  04:50:52 am)    Taper_Ar:      0.0000
[I](2020-09-18  04:51:50 am)작업중 정지 [d:0][t:00:00:57]
[I](2020-09-18  04:51:50 am)    [LNo:0012] 000010/000082
[I](2020-09-18  04:51:50 am)작업중 M코드정지 [d:0][t:00:00:57]
[I](2020-09-18  05:43:51 am)작업중 정지 [d:52][t:00:52:59]
[I](2020-09-18  05:43:51 am)    [LNo:0012] 000041/000082
[I](2020-09-18  05:43:52 am)작업중 M코드정지 [d:52][t:00:52:59]
[A](2020-09-18  06:51:38 am)[001] 와이어 미동작
[I](2020-09-18  06:51:54 am)작업중 정지 [d:52][t:02:01:01]
[I](2020-09-18  06:51:54 am)    [LNo:0012] 000043/000082
[I](2020-09-18  06:51:54 am)작업중 M코드정지 [d:52][t:02:01:01]
[I](2020-09-18  07:00:47 am)작업중 정지 [d:60][t:02:09:54]
[I](2020-09-18  07:00:47 am)    [LNo:0012] 000077/000082
[I](2020-09-18  07:42:36 am)Reset
[I](2020-09-18  07:44:25 am)Reset
[I](2020-09-18  07:44:28 am)Reset
[I](2020-09-18  07:57:10 am)Reset
[I](2020-09-18  07:57:15 am)Reset
[I](2020-09-18  07:57:15 am)Reset
[I](2020-09-18  08:19:19 am)Reset
[I](2020-09-18  08:19:28 am)Reset
[A](2020-09-18  08:19:59 am)[091] Auto Door Sensor Abnormal
[A](2020-09-18  08:19:59 am)[091] Auto Door Sensor Abnormal
[A](2020-09-18  08:20:00 am)[091] Auto Door Sensor Abnormal
[A](2020-09-18  08:20:00 am)[091] Auto Door Sensor Abnormal
[A](2020-09-18  08:20:00 am)[091] Auto Door Sensor Abnormal
[A](2020-09-18  08:20:01 am)[091] Auto Door Sensor Abnormal
[A](2020-09-18  08:20:01 am)[091] Auto Door Sensor Abnormal
[A](2020-09-18  08:20:01 am)[091] Auto Door Sensor Abnormal
[A](2020-09-18  08:20:02 am)[002] 가공액 미동작
[A](2020-09-18  08:20:02 am)[091] Auto Door Sensor Abnormal
[A](2020-09-18  08:20:02 am)[091] Auto Door Sensor Abnormal
[A](2020-09-18  08:20:02 am)[091] Auto Door Sensor Abnormal
[A](2020-09-18  08:20:03 am)[091] Auto Door Sensor Abnormal
[I](2020-09-18  08:20:23 am)Reset
[I](2020-09-18  08:20:50 am)Reset
[I](2020-09-18  08:20:58 am)Reset
[I](2020-09-18  08:21:04 am)Reset
[I](2020-09-18  08:22:04 am)작업 시작 [Start d:1142]
[I](2020-09-18  08:22:04 am)Nc File: [No.0012-605.NC]
[I](2020-09-18  08:22:04 am)  * Start Machine Position
[I](2020-09-18  08:22:04 am)    X:     68.9433
[I](2020-09-18  08:22:04 am)    Y:   -360.4218
[I](2020-09-18  08:22:04 am)    U:      0.0000
[I](2020-09-18  08:22:04 am)    V:      0.0000
[I](2020-09-18  08:22:04 am)    Z:     64.4829
[I](2020-09-18  08:22:04 am)  * Angle
[I](2020-09-18  08:22:04 am)    Ar:     -0.1593,Kr:      0.0000
[I](2020-09-18  08:22:04 am)    Taper_Ar:      0.0000
[I](2020-09-18  08:22:05 am)작업중 정지 [d:0][t:00:00:01]
[I](2020-09-18  08:22:05 am)    [LNo:0012] 000009/000082
[I](2020-09-18  08:22:06 am)작업 재시작
[I](2020-09-18  08:23:02 am)작업중 정지 [d:0][t:00:00:58]
[I](2020-09-18  08:23:02 am)    [LNo:0012] 000010/000082
[I](2020-09-18  08:23:03 am)작업중 M코드정지 [d:0][t:00:00:58]
[A](2020-09-18  08:23:05 am)[002] 가공액 미동작
[I](2020-09-18  09:27:49 am)작업중 정지 [d:64][t:01:05:45]
[I](2020-09-18  09:27:49 am)    [LNo:0012] 000040/000082
[I](2020-09-18  09:28:50 am)작업 재시작
[I](2020-09-18  09:28:55 am)작업중 정지 [d:64][t:01:06:51]
[I](2020-09-18  09:28:55 am)    [LNo:0012] 000041/000082
[I](2020-09-18  09:28:55 am)작업중 M코드정지 [d:64][t:01:06:51]
[I](2020-09-18  09:29:21 am)작업중 정지 [d:65][t:01:07:17]
[I](2020-09-18  09:29:21 am)    [LNo:0012] 000043/000082
[I](2020-09-18  09:29:21 am)작업중 M코드정지 [d:65][t:01:07:17]
[I](2020-09-18  09:37:46 am)작업중 정지 [d:73][t:01:15:42]
[I](2020-09-18  09:37:46 am)    [LNo:0012] 000075/000082
[I](2020-09-18  09:37:46 am)작업중 M코드정지 [d:73][t:01:15:42]
[I](2020-09-18  09:38:54 am)작업중 정지 [d:73][t:01:16:50]
[I](2020-09-18  09:38:54 am)    [LNo:0012] 000047/000082
[I](2020-09-18  09:41:13 am)작업중 정지 [d:75][t:01:19:08]
[I](2020-09-18  09:41:13 am)    [LNo:0012] 000075/000082
[I](2020-09-18  09:41:13 am)작업중 M코드정지 [d:75][t:01:19:08]
[I](2020-09-18  09:44:50 am)Reset
[I](2020-09-18  09:44:50 am)Reset
[I](2020-09-18  09:44:59 am)Reset
[I](2020-09-18  09:53:04 am)Reset
[I](2020-09-18  09:53:58 am)Reset
[I](2020-09-18  09:55:34 am)Reset
[I](2020-09-18  09:58:52 am)Reset
[I](2020-09-18  09:59:08 am)Reset
[I](2020-09-18  09:59:25 am)Reset
[I](2020-09-18  09:59:26 am)Reset
[I](2020-09-18  09:59:44 am)Reset
[I](2020-09-18  09:59:44 am)Reset
[I](2020-09-18  10:00:20 am)Reset
[I](2020-09-18  10:00:20 am)Reset
[I](2020-09-18  10:00:38 am)Reset
[I](2020-09-18  10:00:52 am)Reset
[I](2020-09-18  10:00:52 am)Reset
[I](2020-09-18  10:03:40 am)작업 시작 [Start d:0]
[I](2020-09-18  10:03:40 am)Nc File: [No.0001-639.NC]
[I](2020-09-18  10:03:40 am)  * Start Machine Position
[I](2020-09-18  10:03:40 am)    X:    223.2152
[I](2020-09-18  10:03:40 am)    Y:   -372.3284
[I](2020-09-18  10:03:40 am)    U:     -0.0305
[I](2020-09-18  10:03:40 am)    V:     -0.1098
[I](2020-09-18  10:03:40 am)    Z:     32.4309
[I](2020-09-18  10:03:40 am)  * Angle
[I](2020-09-18  10:03:40 am)    Ar:     -0.2938,Kr:      0.0000
[I](2020-09-18  10:03:40 am)    Taper_Ar:      0.0000
[I](2020-09-18  10:03:53 am)작업중 정지 [d:0][t:00:00:13]
[I](2020-09-18  10:03:53 am)    [LNo:0001] 000010/000065
[I](2020-09-18  10:03:53 am)작업중 M코드정지 [d:0][t:00:00:13]
[I](2020-09-18  10:12:32 am)작업중 정지 [d:8][t:00:08:51]
[I](2020-09-18  10:12:32 am)    [LNo:0001] 000030/000065
[I](2020-09-18  10:12:32 am)작업중 M코드정지 [d:8][t:00:08:51]
[I](2020-09-18  10:23:13 am)작업중 정지 [d:9][t:00:19:32]
[I](2020-09-18  10:23:13 am)    [LNo:0001] 000033/000065
[I](2020-09-18  10:23:13 am)작업중 M코드정지 [d:9][t:00:19:32]
[I](2020-09-18  10:25:42 am)작업중 정지 [d:11][t:00:22:01]
[I](2020-09-18  10:25:42 am)    [LNo:0001] 000057/000065
[I](2020-09-18  10:25:42 am)작업중 M코드정지 [d:11][t:00:22:01]
[I](2020-09-18  10:30:08 am)Reset
[I](2020-09-18  10:30:18 am)Reset
[I](2020-09-18  10:30:18 am)Reset
[I](2020-09-18  10:33:22 am)Reset
[I](2020-09-18  10:33:23 am)Reset
[I](2020-09-18  10:34:29 am)Reset
[I](2020-09-18  10:34:29 am)Reset
[I](2020-09-18  10:35:17 am)Reset
[I](2020-09-18  10:35:32 am)Reset
[I](2020-09-18  10:35:33 am)Reset
[I](2020-09-18  10:35:49 am)Reset
[I](2020-09-18  10:36:12 am)Reset
[I](2020-09-18  10:36:29 am)Reset
[I](2020-09-18  10:36:29 am)Reset
[I](2020-09-18  10:36:45 am)Reset
[I](2020-09-18  10:36:45 am)Reset
[I](2020-09-18  10:37:05 am)작업 시작 [Start d:11]
[I](2020-09-18  10:37:05 am)Nc File: [No.0001-639.NC]
[I](2020-09-18  10:37:05 am)  * Start Machine Position
[I](2020-09-18  10:37:05 am)    X:    222.8883
[I](2020-09-18  10:37:05 am)    Y:   -372.2680
[I](2020-09-18  10:37:05 am)    U:      0.0000
[I](2020-09-18  10:37:05 am)    V:      0.0000
[I](2020-09-18  10:37:05 am)    Z:     32.4309
[I](2020-09-18  10:37:05 am)  * Angle
[I](2020-09-18  10:37:05 am)    Ar:     -1.0675,Kr:      0.0000
[I](2020-09-18  10:37:05 am)    Taper_Ar:      0.0000
[I](2020-09-18  10:37:19 am)작업중 정지 [d:0][t:00:00:13]
[I](2020-09-18  10:37:19 am)    [LNo:0001] 000010/000065
[I](2020-09-18  10:37:19 am)작업중 M코드정지 [d:0][t:00:00:13]
[I](2020-09-18  10:46:00 am)작업중 정지 [d:8][t:00:08:54]
[I](2020-09-18  10:46:00 am)    [LNo:0001] 000030/000065
[I](2020-09-18  10:46:00 am)작업중 M코드정지 [d:8][t:00:08:54]
[I](2020-09-18  10:46:28 am)작업중 정지 [d:8][t:00:09:22]
[I](2020-09-18  10:46:28 am)    [LNo:0001] 000033/000065
[I](2020-09-18  10:46:28 am)작업중 M코드정지 [d:8][t:00:09:22]
[I](2020-09-18  10:48:59 am)작업중 정지 [d:10][t:00:11:54]
[I](2020-09-18  10:48:59 am)    [LNo:0001] 000057/000065
[I](2020-09-18  10:49:00 am)작업중 M코드정지 [d:10][t:00:11:54]
[I](2020-09-18  10:56:19 am)Reset
[I](2020-09-18  10:56:20 am)Reset
[I](2020-09-18  10:56:28 am)Reset
[I](2020-09-18  11:02:56 am)Reset
[I](2020-09-18  11:02:57 am)Reset
[I](2020-09-18  11:04:35 am)Reset
[I](2020-09-18  11:04:35 am)Reset
[A](2020-09-18  11:05:02 am)[041] AWF 명령끝날때까지 센서감지(타임아웃) 안됨
[I](2020-09-18  11:06:47 am)Reset
[I](2020-09-18  11:07:13 am)Reset
[I](2020-09-18  11:07:13 am)Reset
[I](2020-09-18  11:07:37 am)Reset
[I](2020-09-18  11:07:54 am)Reset
[I](2020-09-18  11:07:54 am)Reset
[I](2020-09-18  11:08:19 am)Reset
[I](2020-09-18  11:09:11 am)Reset
[I](2020-09-18  11:09:11 am)Reset
[I](2020-09-18  11:09:35 am)Reset
[I](2020-09-18  11:11:25 am)Reset
[I](2020-09-18  11:11:37 am)Reset
[I](2020-09-18  11:12:00 am)Reset
[I](2020-09-18  11:12:00 am)Reset
[I](2020-09-18  11:12:17 am)Reset
[I](2020-09-18  11:12:44 am)Reset
[I](2020-09-18  11:12:45 am)Reset
[I](2020-09-18  11:12:59 am)Reset
[I](2020-09-18  11:13:11 am)Reset
[I](2020-09-18  11:13:12 am)Reset
[I](2020-09-18  11:15:55 am)작업 시작 [Start d:21]
[I](2020-09-18  11:15:55 am)Nc File: [No.0002-641.NC]
[I](2020-09-18  11:15:55 am)  * Start Machine Position
[I](2020-09-18  11:15:55 am)    X:    283.6012
[I](2020-09-18  11:15:55 am)    Y:   -254.8876
[I](2020-09-18  11:15:55 am)    U:      0.0000
[I](2020-09-18  11:15:55 am)    V:      0.0000
[I](2020-09-18  11:15:55 am)    Z:     49.7104
[I](2020-09-18  11:15:55 am)  * Angle
[I](2020-09-18  11:15:55 am)    Ar:     -0.0432,Kr:      0.0000
[I](2020-09-18  11:15:55 am)    Taper_Ar:      0.0000
[I](2020-09-18  11:16:08 am)작업중 정지 [d:0][t:00:00:12]
[I](2020-09-18  11:16:08 am)    [LNo:0002] 000010/000170
[I](2020-09-18  11:16:08 am)작업중 M코드정지 [d:0][t:00:00:12]
[I](2020-09-18  11:17:11 am)작업중 정지 [d:0][t:00:01:15]
[I](2020-09-18  11:17:11 am)    [LNo:0002] 000010/000170
[I](2020-09-18  11:17:11 am)작업중 M코드정지 [d:0][t:00:01:15]
[I](2020-09-18  11:17:56 am)작업중 정지 [d:0][t:00:02:00]
[I](2020-09-18  11:17:56 am)    [LNo:0002] 000023/000170
[I](2020-09-18  11:18:58 am)작업중 정지 [d:0][t:00:03:02]
[I](2020-09-18  11:18:58 am)    [LNo:0002] 000012/000170
[I](2020-09-18  11:20:59 am)
[I](2020-09-18  11:20:59 am)Work completed.
[I](2020-09-18  11:21:02 am)작업 끝.(M02) [d:1][t:00:05:06]
[I](2020-09-18  11:21:23 am)작업 시작 [Start d:22]
[I](2020-09-18  11:21:23 am)Nc File: [No.0002-641.NC]
[I](2020-09-18  11:21:23 am)  * Start Machine Position
[I](2020-09-18  11:21:23 am)    X:    226.3879
[I](2020-09-18  11:21:23 am)    Y:   -175.7267
[I](2020-09-18  11:21:23 am)    U:      0.0000
[I](2020-09-18  11:21:23 am)    V:      0.0000
[I](2020-09-18  11:21:23 am)    Z:     49.7104
[I](2020-09-18  11:21:23 am)  * Angle
[I](2020-09-18  11:21:23 am)    Ar:     -0.0432,Kr:      0.0000
[I](2020-09-18  11:21:23 am)    Taper_Ar:      0.0000
[I](2020-09-18  11:21:27 am)작업중 정지 [d:0][t:00:00:03]
[I](2020-09-18  11:21:27 am)    [LNo:0002] 000028/000170
[I](2020-09-18  11:22:22 am)작업중 정지 [d:0][t:00:00:58]
[I](2020-09-18  11:22:22 am)    [LNo:0002] 000012/000170
[I](2020-09-18  11:22:51 am)Reset
[I](2020-09-18  11:22:54 am)Reset
[I](2020-09-18  11:22:55 am)Reset
[I](2020-09-18  11:23:20 am)작업 시작 [Start d:22]
[I](2020-09-18  11:23:20 am)Nc File: [No.0002-641.NC]
[I](2020-09-18  11:23:20 am)  * Start Machine Position
[I](2020-09-18  11:23:20 am)    X:    283.6012
[I](2020-09-18  11:23:20 am)    Y:   -254.8876
[I](2020-09-18  11:23:20 am)    U:      0.0000
[I](2020-09-18  11:23:20 am)    V:      0.0000
[I](2020-09-18  11:23:20 am)    Z:     49.7104
[I](2020-09-18  11:23:20 am)  * Angle
[I](2020-09-18  11:23:20 am)    Ar:     -0.0432,Kr:      0.0000
[I](2020-09-18  11:23:20 am)    Taper_Ar:      0.0000
[I](2020-09-18  11:23:32 am)작업중 정지 [d:0][t:00:00:12]
[I](2020-09-18  11:23:32 am)    [LNo:0002] 000010/000170
[I](2020-09-18  11:23:32 am)작업중 M코드정지 [d:0][t:00:00:12]
[I](2020-09-18  11:26:52 am)작업중 정지 [d:2][t:00:03:32]
[I](2020-09-18  11:26:52 am)    [LNo:0002] 000084/000170
[I](2020-09-18  11:26:52 am)작업중 M코드정지 [d:2][t:00:03:32]
[I](2020-09-18  11:27:06 am)작업중 정지 [d:2][t:00:03:46]
[I](2020-09-18  11:27:06 am)    [LNo:0002] 000088/000170
[I](2020-09-18  11:27:06 am)작업중 M코드정지 [d:2][t:00:03:46]
[I](2020-09-18  11:53:55 am)작업중 정지 [d:28][t:00:30:35]
[I](2020-09-18  11:53:55 am)    [LNo:0002] 000163/000170
[I](2020-09-18  11:53:56 am)작업중 M코드정지 [d:28][t:00:30:35]
[I](2020-09-18  11:56:51 am)작업중 정지 [d:28][t:00:33:30]
[I](2020-09-18  11:56:51 am)    [LNo:0002] 000092/000170
[I](2020-09-18  12:32:40 pm)작업중 정지 [d:63][t:01:09:20]
[I](2020-09-18  12:32:40 pm)    [LNo:0002] 000162/000170
[I](2020-09-18  12:32:40 pm)작업중 M코드정지 [d:63][t:01:09:20]
[I](2020-09-18  01:16:47 pm)Reset
[I](2020-09-18  01:16:47 pm)Reset
[I](2020-09-18  01:16:59 pm)Reset
[I](2020-09-18  01:16:59 pm)Reset
[I](2020-09-18  01:19:21 pm)Reset
[I](2020-09-18  01:19:21 pm)Reset
[I](2020-09-18  01:19:36 pm)Reset
[I](2020-09-18  01:23:20 pm)Reset
[I](2020-09-18  01:23:20 pm)Reset
[I](2020-09-18  01:23:41 pm)Reset
[I](2020-09-18  01:23:42 pm)Reset
[I](2020-09-18  01:23:58 pm)Reset
[I](2020-09-18  01:23:58 pm)Reset
[I](2020-09-18  01:24:20 pm)Reset
[I](2020-09-18  01:24:20 pm)Reset
[I](2020-09-18  01:24:46 pm)Reset
[I](2020-09-18  01:25:04 pm)Reset
[I](2020-09-18  01:25:23 pm)Reset
[I](2020-09-18  01:25:23 pm)Reset
[I](2020-09-18  01:26:01 pm)작업 시작 [Start d:85]
[I](2020-09-18  01:26:01 pm)Nc File: [No.0001-639.NC]
[I](2020-09-18  01:26:01 pm)  * Start Machine Position
[I](2020-09-18  01:26:01 pm)    X:    169.9803
[I](2020-09-18  01:26:01 pm)    Y:   -371.5532
[I](2020-09-18  01:26:01 pm)    U:     -0.1794
[I](2020-09-18  01:26:01 pm)    V:      0.0520
[I](2020-09-18  01:26:01 pm)    Z:     34.1448
[I](2020-09-18  01:26:01 pm)  * Angle
[I](2020-09-18  01:26:01 pm)    Ar:     -0.6423,Kr:      0.0000
[I](2020-09-18  01:26:01 pm)    Taper_Ar:      0.0000
[I](2020-09-18  01:26:14 pm)작업중 정지 [d:0][t:00:00:13]
[I](2020-09-18  01:26:14 pm)    [LNo:0001] 000010/000065
[I](2020-09-18  01:26:14 pm)작업중 M코드정지 [d:0][t:00:00:13]
[I](2020-09-18  01:33:36 pm)작업중 정지 [d:7][t:00:07:34]
[I](2020-09-18  01:33:36 pm)    [LNo:0001] 000030/000065
[I](2020-09-18  01:33:36 pm)작업중 M코드정지 [d:7][t:00:07:34]
[I](2020-09-18  01:34:34 pm)작업중 정지 [d:7][t:00:08:33]
[I](2020-09-18  01:34:34 pm)    [LNo:0001] 000033/000065
[I](2020-09-18  01:34:34 pm)작업중 M코드정지 [d:7][t:00:08:33]
[I](2020-09-18  01:38:24 pm)작업중 정지 [d:9][t:00:12:22]
[I](2020-09-18  01:38:24 pm)    [LNo:0001] 000058/000065
[I](2020-09-18  01:38:24 pm)작업중 Single Block Stop [d:9][t:00:12:22]
[I](2020-09-18  01:40:22 pm)Reset
[I](2020-09-18  01:40:22 pm)Reset
[I](2020-09-18  01:40:29 pm)Reset
[I](2020-09-18  01:40:29 pm)Reset
[I](2020-09-18  01:40:34 pm)Reset
[I](2020-09-18  01:40:34 pm)Reset
[I](2020-09-18  01:41:33 pm)Reset
[I](2020-09-18  01:41:33 pm)Reset
[I](2020-09-18  01:44:00 pm)Reset
[I](2020-09-18  01:44:25 pm)Reset
[I](2020-09-18  01:44:45 pm)Reset
[I](2020-09-18  01:45:10 pm)Reset
[I](2020-09-18  01:45:11 pm)Reset
[I](2020-09-18  01:45:30 pm)Reset
[I](2020-09-18  01:45:45 pm)Reset
[I](2020-09-18  01:45:46 pm)Reset
[I](2020-09-18  01:46:03 pm)작업 시작 [Start d:94]
[I](2020-09-18  01:46:03 pm)Nc File: [No.0001-639.NC]
[I](2020-09-18  01:46:03 pm)  * Start Machine Position
[I](2020-09-18  01:46:03 pm)    X:    170.2110
[I](2020-09-18  01:46:03 pm)    Y:   -372.1006
[I](2020-09-18  01:46:03 pm)    U:     -0.1400
[I](2020-09-18  01:46:03 pm)    V:      0.0195
[I](2020-09-18  01:46:03 pm)    Z:     34.1448
[I](2020-09-18  01:46:03 pm)  * Angle
[I](2020-09-18  01:46:03 pm)    Ar:      0.2017,Kr:      0.0000
[I](2020-09-18  01:46:03 pm)    Taper_Ar:      0.0000
[I](2020-09-18  01:46:03 pm)작업중 정지 [d:0][t:00:00:00]
[I](2020-09-18  01:46:03 pm)    [LNo:0001] 000005/000065
[I](2020-09-18  01:46:03 pm)작업중 Single Block Stop [d:0][t:00:00:00]
[I](2020-09-18  01:46:27 pm)작업중 정지 [d:0][t:00:00:23]
[I](2020-09-18  01:46:27 pm)    [LNo:0001] 000010/000065
[I](2020-09-18  01:46:27 pm)작업중 M코드정지 [d:0][t:00:00:23]
[I](2020-09-18  01:53:57 pm)작업중 정지 [d:6][t:00:07:54]
[I](2020-09-18  01:53:57 pm)    [LNo:0001] 000030/000065
[I](2020-09-18  01:53:57 pm)작업중 M코드정지 [d:6][t:00:07:54]
[I](2020-09-18  01:55:09 pm)작업중 정지 [d:7][t:00:09:05]
[I](2020-09-18  01:55:09 pm)    [LNo:0001] 000033/000065
[I](2020-09-18  01:55:09 pm)작업중 M코드정지 [d:7][t:00:09:05]
[I](2020-09-18  01:58:13 pm)작업중 정지 [d:9][t:00:12:10]
[I](2020-09-18  01:58:13 pm)    [LNo:0001] 000061/000065
[I](2020-09-18  01:58:13 pm)작업중 M코드정지 [d:9][t:00:12:10]
[I](2020-09-18  02:07:02 pm)Reset
[I](2020-09-18  02:18:08 pm)Reset
[I](2020-09-18  02:18:09 pm)Reset
[I](2020-09-18  02:18:30 pm)Reset
[I](2020-09-18  02:18:31 pm)Reset
[I](2020-09-18  02:20:03 pm)Reset
[I](2020-09-18  02:20:37 pm)Reset
[I](2020-09-18  02:24:09 pm)Reset
[I](2020-09-18  02:24:39 pm)Reset
[I](2020-09-18  02:24:39 pm)Reset
[I](2020-09-18  02:24:56 pm)Reset
[I](2020-09-18  02:25:36 pm)작업 시작 [Start d:103]
[I](2020-09-18  02:25:36 pm)Nc File: [No.0001-639.NC]
[I](2020-09-18  02:25:36 pm)  * Start Machine Position
[I](2020-09-18  02:25:36 pm)    X:    171.9401
[I](2020-09-18  02:25:36 pm)    Y:   -372.8307
[I](2020-09-18  02:25:36 pm)    U:     -0.1009
[I](2020-09-18  02:25:36 pm)    V:     -0.0889
[I](2020-09-18  02:25:36 pm)    Z:     34.1448
[I](2020-09-18  02:25:36 pm)  * Angle
[I](2020-09-18  02:25:36 pm)    Ar:     -0.6061,Kr:      0.0000
[I](2020-09-18  02:25:36 pm)    Taper_Ar:      0.0000
[I](2020-09-18  02:25:49 pm)작업중 정지 [d:0][t:00:00:13]
[I](2020-09-18  02:25:49 pm)    [LNo:0001] 000010/000065
[I](2020-09-18  02:25:49 pm)작업중 M코드정지 [d:0][t:00:00:13]
[I](2020-09-18  02:32:31 pm)작업중 정지 [d:6][t:00:06:55]
[I](2020-09-18  02:32:31 pm)    [LNo:0001] 000030/000065
[I](2020-09-18  02:32:31 pm)작업중 M코드정지 [d:6][t:00:06:55]
[I](2020-09-18  02:33:36 pm)작업중 정지 [d:6][t:00:08:00]
[I](2020-09-18  02:33:36 pm)    [LNo:0001] 000033/000065
[I](2020-09-18  02:33:36 pm)작업중 M코드정지 [d:6][t:00:08:00]
[I](2020-09-18  02:37:31 pm)작업중 정지 [d:9][t:00:11:55]
[I](2020-09-18  02:37:31 pm)    [LNo:0001] 000058/000065
[I](2020-09-18  02:41:44 pm)Reset
[I](2020-09-18  02:41:52 pm)Reset
[I](2020-09-18  02:41:53 pm)Reset
[I](2020-09-18  02:41:59 pm)Reset
[I](2020-09-18  02:42:19 pm)Reset
[I](2020-09-18  02:43:30 pm)Reset
[I](2020-09-18  02:44:41 pm)Reset
[I](2020-09-18  02:44:41 pm)Reset
[I](2020-09-18  02:44:57 pm)Reset
[I](2020-09-18  02:44:58 pm)Reset
[I](2020-09-18  02:45:23 pm)Reset
[I](2020-09-18  02:45:24 pm)Reset
[I](2020-09-18  02:49:15 pm)Reset
[I](2020-09-18  02:49:30 pm)Reset
[I](2020-09-18  02:49:30 pm)Reset
[I](2020-09-18  02:49:45 pm)작업 시작 [Start d:112]
[I](2020-09-18  02:49:45 pm)Nc File: [No.0001-639.NC]
[I](2020-09-18  02:49:45 pm)  * Start Machine Position
[I](2020-09-18  02:49:45 pm)    X:    170.3551
[I](2020-09-18  02:49:45 pm)    Y:   -372.4373
[I](2020-09-18  02:49:45 pm)    U:     -0.0099
[I](2020-09-18  02:49:45 pm)    V:     -0.0001
[I](2020-09-18  02:49:45 pm)    Z:     34.1448
[I](2020-09-18  02:49:45 pm)  * Angle
[I](2020-09-18  02:49:45 pm)    Ar:      0.6087,Kr:      0.0000
[I](2020-09-18  02:49:45 pm)    Taper_Ar:      0.0000
[I](2020-09-18  02:49:58 pm)작업중 정지 [d:0][t:00:00:13]
[I](2020-09-18  02:49:58 pm)    [LNo:0001] 000010/000065
[I](2020-09-18  02:49:58 pm)작업중 M코드정지 [d:0][t:00:00:13]
[I](2020-09-18  02:56:49 pm)작업중 정지 [d:6][t:00:07:04]
[I](2020-09-18  02:56:49 pm)    [LNo:0001] 000030/000065
[I](2020-09-18  02:56:49 pm)작업중 M코드정지 [d:6][t:00:07:04]
[I](2020-09-18  02:57:22 pm)작업중 정지 [d:6][t:00:07:36]
[I](2020-09-18  02:57:22 pm)    [LNo:0001] 000033/000065
[I](2020-09-18  02:57:22 pm)작업중 M코드정지 [d:6][t:00:07:36]
[I](2020-09-18  03:00:30 pm)작업중 정지 [d:8][t:00:10:44]
[I](2020-09-18  03:00:30 pm)    [LNo:0001] 000061/000065
[I](2020-09-18  03:00:30 pm)작업중 M코드정지 [d:8][t:00:10:44]
[I](2020-09-18  03:03:05 pm)Reset
[I](2020-09-18  03:03:05 pm)Reset
[I](2020-09-18  03:03:15 pm)Reset
[I](2020-09-18  03:03:18 pm)Reset
[I](2020-09-18  03:04:56 pm)Reset
[I](2020-09-18  04:42:22 pm)Reset
[I](2020-09-18  04:45:04 pm)Reset
[I](2020-09-18  04:45:05 pm)Reset
[I](2020-09-18  04:45:20 pm)Reset
[I](2020-09-18  04:45:21 pm)Reset
[I](2020-09-18  04:45:49 pm)Reset
[I](2020-09-18  04:46:40 pm)Reset
[I](2020-09-18  04:46:59 pm)Reset
[I](2020-09-18  04:46:59 pm)Reset
[I](2020-09-18  04:47:16 pm)Reset
[I](2020-09-18  04:47:17 pm)Reset
[I](2020-09-18  04:48:46 pm)작업 시작 [Start d:120]
[I](2020-09-18  04:48:46 pm)Nc File: [No.0003-648.NC]
[I](2020-09-18  04:48:46 pm)  * Start Machine Position
[I](2020-09-18  04:48:46 pm)    X:     34.1106
[I](2020-09-18  04:48:46 pm)    Y:   -304.0604
[I](2020-09-18  04:48:46 pm)    U:      0.0000
[I](2020-09-18  04:48:46 pm)    V:      0.0000
[I](2020-09-18  04:48:46 pm)    Z:     37.6293
[I](2020-09-18  04:48:46 pm)  * Angle
[I](2020-09-18  04:48:46 pm)    Ar:      0.8118,Kr:      0.0000
[I](2020-09-18  04:48:46 pm)    Taper_Ar:      0.0000
[I](2020-09-18  04:48:56 pm)작업중 정지 [d:0][t:00:00:09]
[I](2020-09-18  04:48:56 pm)    [LNo:0003] 000010/000226
[I](2020-09-18  04:48:56 pm)작업중 M코드정지 [d:0][t:00:00:09]
[I](2020-09-18  04:49:08 pm)작업중 정지 [d:0][t:00:00:21]
[I](2020-09-18  04:49:08 pm)    [LNo:0003] 000046/000226
[I](2020-09-18  04:49:14 pm)작업 재시작
[I](2020-09-18  04:49:31 pm)작업중 정지 [d:0][t:00:00:44]
[I](2020-09-18  04:49:31 pm)    [LNo:0003] 000077/000226
[I](2020-09-18  04:49:31 pm)작업중 M코드정지 [d:0][t:00:00:44]
[I](2020-09-18  04:49:39 pm)작업중 정지 [d:0][t:00:00:52]
[I](2020-09-18  04:49:39 pm)    [LNo:0003] 000080/000226
[I](2020-09-18  04:49:39 pm)작업중 M코드정지 [d:0][t:00:00:52]
[I](2020-09-18  04:50:30 pm)작업중 정지 [d:0][t:00:01:43]
[I](2020-09-18  04:50:30 pm)    [LNo:0003] 000222/000226
[I](2020-09-18  04:50:30 pm)작업중 M코드정지 [d:0][t:00:01:43]
[I](2020-09-18  04:50:32 pm)Reset
[I](2020-09-18  04:50:33 pm)Reset
[I](2020-09-18  04:51:05 pm)작업 시작 [Start d:120]
[I](2020-09-18  04:51:05 pm)Nc File: [No.0003-648.NC]
[I](2020-09-18  04:51:05 pm)  * Start Machine Position
[I](2020-09-18  04:51:05 pm)    X:     34.1106
[I](2020-09-18  04:51:05 pm)    Y:   -304.0604
[I](2020-09-18  04:51:05 pm)    U:      0.0000
[I](2020-09-18  04:51:05 pm)    V:      0.0000
[I](2020-09-18  04:51:05 pm)    Z:     37.6293
[I](2020-09-18  04:51:05 pm)  * Angle
[I](2020-09-18  04:51:05 pm)    Ar:      0.8118,Kr:      0.0000
[I](2020-09-18  04:51:05 pm)    Taper_Ar:      0.0000
[I](2020-09-18  05:17:53 pm)작업중 정지 [d:24][t:00:26:48]
[I](2020-09-18  05:17:53 pm)    [LNo:0003] 000077/000226
[I](2020-09-18  05:17:53 pm)작업중 M코드정지 [d:24][t:00:26:48]
[I](2020-09-18  05:41:00 pm)작업중 정지 [d:45][t:00:49:55]
[I](2020-09-18  05:41:00 pm)    [LNo:0003] 000218/000226
[I](2020-09-18  05:41:00 pm)작업중 M코드정지 [d:45][t:00:49:55]
[I](2020-09-18  05:41:24 pm)작업중 정지 [d:45][t:00:50:18]
[I](2020-09-18  05:41:24 pm)    [LNo:0003] 000152/000226
[I](2020-09-18  05:50:02 pm)작업중 정지 [d:53][t:00:58:57]
[I](2020-09-18  05:50:02 pm)    [LNo:0003] 000218/000226
[I](2020-09-18  05:50:02 pm)작업중 M코드정지 [d:53][t:00:58:57]
[I](2020-09-18  05:59:33 pm)Reset
[I](2020-09-18  05:59:50 pm)Reset
[I](2020-09-18  06:40:46 pm)Reset
[I](2020-09-18  06:40:47 pm)Reset
[I](2020-09-18  06:46:20 pm)Reset
[I](2020-09-18  06:51:28 pm)Reset
[I](2020-09-18  06:51:28 pm)Reset
[I](2020-09-18  06:52:21 pm)작업 시작 [Start d:173]
[I](2020-09-18  06:52:21 pm)Nc File: [No.0004-668.NC]
[I](2020-09-18  06:52:21 pm)  * Start Machine Position
[I](2020-09-18  06:52:21 pm)    X:     44.0534
[I](2020-09-18  06:52:21 pm)    Y:   -362.7551
[I](2020-09-18  06:52:21 pm)    U:      0.0000
[I](2020-09-18  06:52:21 pm)    V:      0.0000
[I](2020-09-18  06:52:21 pm)    Z:     30.4928
[I](2020-09-18  06:52:21 pm)  * Angle
[I](2020-09-18  06:52:21 pm)    Ar:     -0.5100,Kr:      0.0000
[I](2020-09-18  06:52:21 pm)    Taper_Ar:      0.0000
[I](2020-09-18  07:00:07 pm)작업중 정지 [d:6][t:00:07:45]
[I](2020-09-18  07:00:07 pm)    [LNo:0004] 000027/000055
[I](2020-09-18  07:00:07 pm)작업중 30sec 접촉 정지 [d:6][t:00:07:45]
[I](2020-09-18  07:00:40 pm)작업 재시작
[I](2020-09-18  07:00:49 pm)작업중 정지 [d:6][t:00:08:27]
[I](2020-09-18  07:00:49 pm)    [LNo:0004] 000031/000055
[I](2020-09-18  07:01:34 pm)작업 재시작
[I](2020-09-18  07:04:04 pm)작업중 정지 [d:8][t:00:11:42]
[I](2020-09-18  07:04:04 pm)    [LNo:0004] 000048/000055
[I](2020-09-18  07:04:04 pm)작업중 M코드정지 [d:8][t:00:11:42]
[I](2020-09-18  07:05:21 pm)Reset
[I](2020-09-18  07:05:22 pm)Reset
[I](2020-09-18  07:05:29 pm)Reset
[I](2020-09-18  07:05:30 pm)Reset
[I](2020-09-18  07:18:18 pm)Reset
[I](2020-09-18  07:18:18 pm)Reset
[I](2020-09-18  07:21:19 pm)Reset
[I](2020-09-18  07:21:19 pm)Reset
[I](2020-09-18  07:21:19 pm)Reset
[I](2020-09-18  07:24:38 pm)Reset
[I](2020-09-18  07:24:39 pm)Reset
[I](2020-09-18  07:34:30 pm)Reset
[I](2020-09-18  07:42:41 pm)Reset
[I](2020-09-18  07:49:51 pm)Reset
[I](2020-09-18  07:53:34 pm)작업 시작 [Start d:181]
[I](2020-09-18  07:53:34 pm)Nc File: [No.0005-651.NC]
[I](2020-09-18  07:53:34 pm)  * Start Machine Position
[I](2020-09-18  07:53:34 pm)    X:     57.2866
[I](2020-09-18  07:53:34 pm)    Y:   -255.7529
[I](2020-09-18  07:53:34 pm)    U:      0.0000
[I](2020-09-18  07:53:34 pm)    V:      0.0000
[I](2020-09-18  07:53:34 pm)    Z:     39.9543
[I](2020-09-18  07:53:34 pm)  * Angle
[I](2020-09-18  07:53:34 pm)    Ar:      0.0718,Kr:      0.0000
[I](2020-09-18  07:53:34 pm)    Taper_Ar:      0.0000
[I](2020-09-18  07:53:57 pm)작업중 정지 [d:0][t:00:00:22]
[I](2020-09-18  07:53:57 pm)    [LNo:0005] 000012/000167
[A](2020-09-18  07:54:52 pm)[091] Auto Door Sensor Abnormal
[I](2020-09-18  07:55:28 pm)작업중 정지 [d:0][t:00:01:53]
[I](2020-09-18  07:55:28 pm)    [LNo:0005] 000009/000167
[I](2020-09-18  07:58:22 pm)작업중 정지 [d:3][t:00:04:47]
[I](2020-09-18  07:58:22 pm)    [LNo:0005] 000037/000167
[I](2020-09-18  07:58:22 pm)작업중 M코드정지 [d:3][t:00:04:47]
[I](2020-09-18  07:58:35 pm)작업중 정지 [d:3][t:00:05:00]
[I](2020-09-18  07:58:35 pm)    [LNo:0005] 000041/000167
[I](2020-09-18  07:58:35 pm)작업중 M코드정지 [d:3][t:00:05:00]
[I](2020-09-18  08:04:47 pm)작업중 정지 [d:9][t:00:11:12]
[I](2020-09-18  08:04:47 pm)    [LNo:0005] 000069/000167
[I](2020-09-18  08:04:47 pm)작업중 M코드정지 [d:9][t:00:11:12]
[I](2020-09-18  08:11:33 pm)작업중 정지 [d:9][t:00:17:58]
[I](2020-09-18  08:11:33 pm)    [LNo:0005] 000075/000167
[I](2020-09-18  08:12:38 pm)Reset
[I](2020-09-18  08:12:52 pm)작업 시작 [Start d:190]
[I](2020-09-18  08:12:52 pm)Nc File: [No.0005-651.NC]
[I](2020-09-18  08:12:52 pm)  * Start Machine Position
[I](2020-09-18  08:12:52 pm)    X:    130.6067
[I](2020-09-18  08:12:52 pm)    Y:   -244.6791
[I](2020-09-18  08:12:52 pm)    U:      0.0000
[I](2020-09-18  08:12:52 pm)    V:      0.0000
[I](2020-09-18  08:12:52 pm)    Z:     43.1868
[I](2020-09-18  08:12:52 pm)  * Angle
[I](2020-09-18  08:12:52 pm)    Ar:      0.0718,Kr:      0.0000
[I](2020-09-18  08:12:52 pm)    Taper_Ar:      0.0000
[I](2020-09-18  08:23:57 pm)작업중 정지 [d:11][t:00:11:04]
[I](2020-09-18  08:23:57 pm)    [LNo:0005] 000091/000167
[I](2020-09-18  08:23:57 pm)작업중 M코드정지 [d:11][t:00:11:04]
[I](2020-09-18  08:32:20 pm)작업중 정지 [d:12][t:00:19:27]
[I](2020-09-18  08:32:20 pm)    [LNo:0005] 000095/000167
[I](2020-09-18  08:32:20 pm)작업중 M코드정지 [d:12][t:00:19:27]
[I](2020-09-18  08:34:34 pm)작업중 정지 [d:14][t:00:21:41]
[I](2020-09-18  08:34:34 pm)    [LNo:0005] 000115/000167
[I](2020-09-18  08:34:34 pm)작업중 M코드정지 [d:14][t:00:21:41]
[I](2020-09-18  08:37:48 pm)Reset
[I](2020-09-18  08:37:48 pm)Reset
[I](2020-09-18  08:37:48 pm)Reset
[I](2020-09-18  08:37:59 pm)작업 시작 [Start d:204]
[I](2020-09-18  08:37:59 pm)Nc File: [No.0005-651.NC]
[I](2020-09-18  08:37:59 pm)  * Start Machine Position
[I](2020-09-18  08:37:59 pm)    X:    130.6067
[I](2020-09-18  08:37:59 pm)    Y:   -244.6791
[I](2020-09-18  08:37:59 pm)    U:      0.0000
[I](2020-09-18  08:37:59 pm)    V:      0.0000
[I](2020-09-18  08:37:59 pm)    Z:     43.1868
[I](2020-09-18  08:37:59 pm)  * Angle
[I](2020-09-18  08:37:59 pm)    Ar:      0.0718,Kr:      0.0000
[I](2020-09-18  08:37:59 pm)    Taper_Ar:      0.0000
[I](2020-09-18  08:43:22 pm)작업중 정지 [d:1][t:00:05:23]
[I](2020-09-18  08:43:22 pm)    [LNo:0005] 000121/000167
[A](2020-09-18  08:43:22 pm)[009] 자동결선 Error(M20-삽입실패)
[A](2020-09-18  08:43:33 pm)[001] 와이어 미동작
[I](2020-09-18  09:21:56 pm)작업중 정지 [d:1][t:00:43:57]
[I](2020-09-18  09:21:56 pm)    [LNo:0005] 000129/000167
[I](2020-09-18  09:21:56 pm)작업중 30sec 접촉 정지 [d:1][t:00:43:57]
[I](2020-09-18  09:22:06 pm)Reset
[I](2020-09-18  09:22:16 pm)작업 시작 [Start d:205]
[I](2020-09-18  09:22:16 pm)Nc File: [No.0005-651.NC]
[I](2020-09-18  09:22:16 pm)  * Start Machine Position
[I](2020-09-18  09:22:16 pm)    X:    121.3141
[I](2020-09-18  09:22:16 pm)    Y:   -277.6727
[I](2020-09-18  09:22:16 pm)    U:      0.0000
[I](2020-09-18  09:22:16 pm)    V:      0.0000
[I](2020-09-18  09:22:16 pm)    Z:     43.1868
[I](2020-09-18  09:22:16 pm)  * Angle
[I](2020-09-18  09:22:16 pm)    Ar:      0.0718,Kr:      0.0000
[I](2020-09-18  09:22:16 pm)    Taper_Ar:      0.0000
[I](2020-09-18  09:22:29 pm)작업중 정지 [d:0][t:00:00:12]
[I](2020-09-18  09:22:29 pm)    [LNo:0005] 000129/000167
[I](2020-09-18  09:22:38 pm)Reset
[I](2020-09-18  09:22:48 pm)작업 시작 [Start d:205]
[I](2020-09-18  09:22:48 pm)Nc File: [No.0005-651.NC]
[I](2020-09-18  09:22:48 pm)  * Start Machine Position
[I](2020-09-18  09:22:48 pm)    X:    121.3141
[I](2020-09-18  09:22:48 pm)    Y:   -277.6727
[I](2020-09-18  09:22:48 pm)    U:      0.0000
[I](2020-09-18  09:22:48 pm)    V:      0.0000
[I](2020-09-18  09:22:48 pm)    Z:     43.1868
[I](2020-09-18  09:22:48 pm)  * Angle
[I](2020-09-18  09:22:48 pm)    Ar:      0.0718,Kr:      0.0000
[I](2020-09-18  09:22:48 pm)    Taper_Ar:      0.0000
[I](2020-09-18  09:31:18 pm)작업중 정지 [d:9][t:00:08:30]
[I](2020-09-18  09:31:18 pm)    [LNo:0005] 000136/000167
[I](2020-09-18  09:31:18 pm)작업중 M코드정지 [d:9][t:00:08:30]
[I](2020-09-18  09:33:26 pm)작업중 정지 [d:10][t:00:10:38]
[I](2020-09-18  09:33:26 pm)    [LNo:0005] 000140/000167
[I](2020-09-18  09:33:26 pm)작업중 M코드정지 [d:10][t:00:10:38]
[I](2020-09-18  09:35:22 pm)작업중 정지 [d:12][t:00:12:34]
[I](2020-09-18  09:35:22 pm)    [LNo:0005] 000159/000167
[I](2020-09-18  09:35:22 pm)작업중 M코드정지 [d:12][t:00:12:34]
[I](2020-09-18  09:57:18 pm)Reset
[I](2020-09-18  10:00:37 pm)Reset
[I](2020-09-18  10:05:49 pm)Reset
[A](2020-09-18  10:08:23 pm)[037] 자동결선 잔여 WIRE 처리 실패!!
[I](2020-09-18  10:08:48 pm)Reset
[I](2020-09-18  10:12:40 pm)작업 시작 [Start d:217]
[I](2020-09-18  10:12:40 pm)Nc File: [No.0009-667.NC]
[I](2020-09-18  10:12:40 pm)  * Start Machine Position
[I](2020-09-18  10:12:40 pm)    X:     45.4011
[I](2020-09-18  10:12:40 pm)    Y:   -254.9659
[I](2020-09-18  10:12:40 pm)    U:      0.0000
[I](2020-09-18  10:12:40 pm)    V:      0.0000
[I](2020-09-18  10:12:40 pm)    Z:     30.3578
[I](2020-09-18  10:12:40 pm)  * Angle
[I](2020-09-18  10:12:40 pm)    Ar:      0.2269,Kr:      0.0000
[I](2020-09-18  10:12:40 pm)    Taper_Ar:      0.0000
[I](2020-09-18  10:13:20 pm)작업중 정지 [d:-217][t:00:00:39]
[I](2020-09-18  10:13:20 pm)    [LNo:0009] 000455/000860
[I](2020-09-18  10:14:09 pm)Reset
[I](2020-09-18  10:14:32 pm)Reset
[I](2020-09-18  10:14:32 pm)Reset
[I](2020-09-18  10:14:37 pm)작업 시작 [Start d:0]
[I](2020-09-18  10:14:37 pm)Nc File: [No.0009-667.NC]
[I](2020-09-18  10:14:37 pm)  * Start Machine Position
[I](2020-09-18  10:14:37 pm)    X:     45.4011
[I](2020-09-18  10:14:37 pm)    Y:   -254.9659
[I](2020-09-18  10:14:37 pm)    U:      0.0000
[I](2020-09-18  10:14:37 pm)    V:      0.0000
[I](2020-09-18  10:14:37 pm)    Z:     30.3578
[I](2020-09-18  10:14:37 pm)  * Angle
[I](2020-09-18  10:14:37 pm)    Ar:      0.2269,Kr:      0.0000
[I](2020-09-18  10:14:37 pm)    Taper_Ar:      0.0000
[I](2020-09-18  10:19:40 pm)작업중 정지 [d:5][t:00:05:03]
[I](2020-09-18  10:19:40 pm)    [LNo:0009] 000020/000860
[I](2020-09-18  10:19:40 pm)작업중 M코드정지 [d:5][t:00:05:03]
[I](2020-09-18  10:20:16 pm)작업중 정지 [d:6][t:00:05:39]
[I](2020-09-18  10:20:16 pm)    [LNo:0009] 000023/000860
[I](2020-09-18  10:20:16 pm)작업중 M코드정지 [d:6][t:00:05:39]
[I](2020-09-18  10:27:03 pm)작업중 정지 [d:11][t:00:12:25]
[I](2020-09-18  10:27:03 pm)    [LNo:0009] 000045/000860
[I](2020-09-18  10:27:03 pm)작업중 M코드정지 [d:11][t:00:12:25]
[I](2020-09-18  10:28:06 pm)작업중 정지 [d:11][t:00:13:28]
[I](2020-09-18  10:28:06 pm)    [LNo:0009] 000048/000860
[I](2020-09-18  10:28:06 pm)작업중 M코드정지 [d:11][t:00:13:29]
[I](2020-09-18  10:34:57 pm)작업중 정지 [d:16][t:00:20:19]
[I](2020-09-18  10:34:57 pm)    [LNo:0009] 000070/000860
[I](2020-09-18  10:34:57 pm)작업중 M코드정지 [d:16][t:00:20:19]
[I](2020-09-18  10:37:03 pm)작업중 정지 [d:16][t:00:22:26]
[I](2020-09-18  10:37:03 pm)    [LNo:0009] 000071/000860
[I](2020-09-18  10:37:28 pm)작업 재시작
[I](2020-09-18  10:37:38 pm)작업중 정지 [d:16][t:00:23:01]
[I](2020-09-18  10:37:38 pm)    [LNo:0009] 000073/000860
[I](2020-09-18  10:37:39 pm)작업중 M코드정지 [d:16][t:00:23:01]
[I](2020-09-18  10:38:13 pm)작업중 정지 [d:16][t:00:23:36]
[I](2020-09-18  10:38:13 pm)    [LNo:0009] 000079/000860
[I](2020-09-18  10:38:14 pm)작업중 M코드정지 [d:16][t:00:23:36]
[I](2020-09-18  10:38:16 pm)작업중 정지 [d:16][t:00:23:38]
[I](2020-09-18  10:38:16 pm)    [LNo:0009] 000085/000860
[I](2020-09-18  10:38:34 pm)작업중 정지 [d:16][t:00:23:57]
[I](2020-09-18  10:38:34 pm)    [LNo:0009] 000429/000860
[I](2020-09-18  10:44:43 pm)작업중 정지 [d:21][t:00:30:05]
[I](2020-09-18  10:44:43 pm)    [LNo:0009] 000443/000860
[I](2020-09-18  10:44:43 pm)작업중 M코드정지 [d:21][t:00:30:05]
[I](2020-09-18  10:45:27 pm)작업중 정지 [d:21][t:00:30:49]
[I](2020-09-18  10:45:27 pm)    [LNo:0009] 000446/000860
[I](2020-09-18  10:45:27 pm)작업중 M코드정지 [d:21][t:00:30:49]
[I](2020-09-18  10:52:20 pm)작업중 정지 [d:27][t:00:37:42]
[I](2020-09-18  10:52:20 pm)    [LNo:0009] 000468/000860
[I](2020-09-18  10:52:20 pm)작업중 M코드정지 [d:27][t:00:37:42]
[I](2020-09-18  10:53:44 pm)작업중 정지 [d:27][t:00:39:06]
[I](2020-09-18  10:53:44 pm)    [LNo:0009] 000471/000860
[I](2020-09-18  10:53:44 pm)작업중 M코드정지 [d:27][t:00:39:06]
[I](2020-09-18  11:00:41 pm)작업중 정지 [d:32][t:00:46:03]
[I](2020-09-18  11:00:41 pm)    [LNo:0009] 000493/000860
[I](2020-09-18  11:00:41 pm)작업중 M코드정지 [d:32][t:00:46:03]
[I](2020-09-18  11:01:53 pm)작업중 정지 [d:32][t:00:47:15]
[I](2020-09-18  11:01:53 pm)    [LNo:0009] 000496/000860
[I](2020-09-18  11:01:53 pm)작업중 M코드정지 [d:32][t:00:47:15]
[I](2020-09-18  11:02:12 pm)작업중 정지 [d:32][t:00:47:34]
[I](2020-09-18  11:02:12 pm)    [LNo:0009] 000499/000860
[I](2020-09-18  11:03:13 pm)Reset
[I](2020-09-18  11:03:22 pm)작업 시작 [Start d:32]
[I](2020-09-18  11:03:22 pm)Nc File: [No.0009-667.NC]
[I](2020-09-18  11:03:22 pm)  * Start Machine Position
[I](2020-09-18  11:03:22 pm)    X:     45.4011
[I](2020-09-18  11:03:22 pm)    Y:   -254.9659
[I](2020-09-18  11:03:22 pm)    U:      0.0000
[I](2020-09-18  11:03:22 pm)    V:      0.0000
[I](2020-09-18  11:03:22 pm)    Z:     30.3578
[I](2020-09-18  11:03:22 pm)  * Angle
[I](2020-09-18  11:03:22 pm)    Ar:      0.2269,Kr:      0.0000
[I](2020-09-18  11:03:22 pm)    Taper_Ar:      0.0000
[I](2020-09-18  11:06:57 pm)작업중 정지 [d:0][t:00:03:34]
[I](2020-09-18  11:06:57 pm)    [LNo:0009] 000082/000860
[I](2020-09-18  11:08:46 pm)Reset
[I](2020-09-18  11:08:55 pm)작업 시작 [Start d:32]
[I](2020-09-18  11:08:55 pm)Nc File: [No.0009-667.NC]
[I](2020-09-18  11:08:55 pm)  * Start Machine Position
[I](2020-09-18  11:08:55 pm)    X:     45.4011
[I](2020-09-18  11:08:55 pm)    Y:   -254.9659
[I](2020-09-18  11:08:55 pm)    U:      0.0000
[I](2020-09-18  11:08:55 pm)    V:      0.0000
[I](2020-09-18  11:08:55 pm)    Z:     30.3578
[I](2020-09-18  11:08:55 pm)  * Angle
[I](2020-09-18  11:08:55 pm)    Ar:      0.2269,Kr:      0.0000
[I](2020-09-18  11:08:55 pm)    Taper_Ar:      0.0000
[I](2020-09-18  11:09:04 pm)작업중 정지 [d:0][t:00:00:08]
[I](2020-09-18  11:09:04 pm)    [LNo:0009] 000082/000860
[A](2020-09-18  11:12:09 pm)[037] 자동결선 잔여 WIRE 처리 실패!!
[I](2020-09-18  11:12:37 pm)Reset
[I](2020-09-18  11:12:50 pm)작업 시작 [Start d:32]
[I](2020-09-18  11:12:50 pm)Nc File: [No.0009-667.NC]
[I](2020-09-18  11:12:50 pm)  * Start Machine Position
[I](2020-09-18  11:12:50 pm)    X:     45.4011
[I](2020-09-18  11:12:50 pm)    Y:   -254.9659
[I](2020-09-18  11:12:50 pm)    U:      0.0000
[I](2020-09-18  11:12:50 pm)    V:      0.0000
[I](2020-09-18  11:12:50 pm)    Z:     30.3578
[I](2020-09-18  11:12:50 pm)  * Angle
[I](2020-09-18  11:12:50 pm)    Ar:      0.2269,Kr:      0.0000
[I](2020-09-18  11:12:50 pm)    Taper_Ar:      0.0000
[I](2020-09-18  11:13:15 pm)작업중 정지 [d:0][t:00:00:24]
[I](2020-09-18  11:13:15 pm)    [LNo:0009] 000236/000860
[I](2020-09-18  11:15:13 pm)Reset
[I](2020-09-18  11:15:27 pm)작업 시작 [Start d:32]
[I](2020-09-18  11:15:27 pm)Nc File: [No.0010-667.NC]
[I](2020-09-18  11:15:27 pm)  * Start Machine Position
[I](2020-09-18  11:15:27 pm)    X:     45.4011
[I](2020-09-18  11:15:27 pm)    Y:   -254.9659
[I](2020-09-18  11:15:27 pm)    U:      0.0000
[I](2020-09-18  11:15:27 pm)    V:      0.0000
[I](2020-09-18  11:15:27 pm)    Z:     30.3578
[I](2020-09-18  11:15:27 pm)  * Angle
[I](2020-09-18  11:15:27 pm)    Ar:      0.2269,Kr:      0.0000
[I](2020-09-18  11:15:27 pm)    Taper_Ar:      0.0000
[I](2020-09-18  11:15:34 pm)작업중 정지 [d:0][t:00:00:07]
[I](2020-09-18  11:15:34 pm)    [LNo:0010] 000082/000860
[I](2020-09-18  11:25:16 pm)Reset
[I](2020-09-18  11:25:25 pm)Reset
[I](2020-09-18  11:25:28 pm)Reset
[I](2020-09-18  11:25:37 pm)작업 시작 [Start d:32]
[I](2020-09-18  11:25:37 pm)Nc File: [No.0010-667.NC]
[I](2020-09-18  11:25:37 pm)  * Start Machine Position
[I](2020-09-18  11:25:37 pm)    X:     45.4011
[I](2020-09-18  11:25:37 pm)    Y:   -254.9659
[I](2020-09-18  11:25:37 pm)    U:      0.0000
[I](2020-09-18  11:25:37 pm)    V:      0.0000
[I](2020-09-18  11:25:37 pm)    Z:     30.3578
[I](2020-09-18  11:25:37 pm)  * Angle
[I](2020-09-18  11:25:37 pm)    Ar:      0.2269,Kr:      0.0000
[I](2020-09-18  11:25:37 pm)    Taper_Ar:      0.0000
[I](2020-09-18  11:26:01 pm)작업중 정지 [d:0][t:00:00:23]
[I](2020-09-18  11:26:01 pm)    [LNo:0010] 000020/000860
[I](2020-09-18  11:26:01 pm)작업중 M코드정지 [d:0][t:00:00:23]
[A](2020-09-18  11:29:52 pm)[036] 자동결선 절단 공정 실패!!
[I](2020-09-18  11:29:59 pm)Reset
[I](2020-09-18  11:30:09 pm)작업 시작 [Start d:32]
[I](2020-09-18  11:30:09 pm)Nc File: [No.0010-667.NC]
[I](2020-09-18  11:30:09 pm)  * Start Machine Position
[I](2020-09-18  11:30:09 pm)    X:     45.4011
[I](2020-09-18  11:30:09 pm)    Y:   -254.9659
[I](2020-09-18  11:30:09 pm)    U:      0.0000
[I](2020-09-18  11:30:09 pm)    V:      0.0000
[I](2020-09-18  11:30:09 pm)    Z:     30.3578
[I](2020-09-18  11:30:09 pm)  * Angle
[I](2020-09-18  11:30:09 pm)    Ar:      0.2269,Kr:      0.0000
[I](2020-09-18  11:30:09 pm)    Taper_Ar:      0.0000
[I](2020-09-18  11:30:19 pm)작업중 정지 [d:0][t:00:00:09]
[I](2020-09-18  11:30:19 pm)    [LNo:0010] 000082/000860
[A](2020-09-18  11:30:31 pm)[091] Auto Door Sensor Abnormal
[I](2020-09-18  11:32:39 pm)Reset
[I](2020-09-18  11:32:48 pm)작업 시작 [Start d:32]
[I](2020-09-18  11:32:48 pm)Nc File: [No.0010-667.NC]
[I](2020-09-18  11:32:48 pm)  * Start Machine Position
[I](2020-09-18  11:32:48 pm)    X:     45.4011
[I](2020-09-18  11:32:48 pm)    Y:   -254.9659
[I](2020-09-18  11:32:48 pm)    U:      0.0000
[I](2020-09-18  11:32:48 pm)    V:      0.0000
[I](2020-09-18  11:32:48 pm)    Z:     77.5577
[I](2020-09-18  11:32:48 pm)  * Angle
[I](2020-09-18  11:32:48 pm)    Ar:      0.2269,Kr:      0.0000
[I](2020-09-18  11:32:48 pm)    Taper_Ar:      0.0000
[I](2020-09-18  11:32:56 pm)작업중 정지 [d:0][t:00:00:08]
[I](2020-09-18  11:32:56 pm)    [LNo:0010] 000505/000860
[I](2020-09-18  11:57:36 pm)Reset
