[I](2020-10-30  12:16:38 am)작업중 정지 [d:64][t:01:11:38]
[I](2020-10-30  12:16:38 am)    [LNo:0006] 000206/000216
[I](2020-10-30  12:16:38 am)작업중 M코드정지 [d:64][t:01:11:38]
[I](2020-10-30  12:17:54 am)Reset
[A](2020-10-30  12:18:22 am)[037] 자동결선 잔여 WIRE 처리 실패!!
[I](2020-10-30  12:20:25 am)Reset
[I](2020-10-30  12:21:51 am)Reset
[I](2020-10-30  12:23:19 am)Reset
[I](2020-10-30  12:23:28 am)Reset
[I](2020-10-30  12:23:52 am)Reset
[I](2020-10-30  12:24:02 am)Reset
[I](2020-10-30  12:24:25 am)작업 시작 [Start d:448]
[I](2020-10-30  12:24:25 am)Nc File: [No.0007-533.NC]
[I](2020-10-30  12:24:25 am)  * Start Machine Position
[I](2020-10-30  12:24:25 am)    X:    235.8210
[I](2020-10-30  12:24:25 am)    Y:   -385.3855
[I](2020-10-30  12:24:25 am)    U:      0.0079
[I](2020-10-30  12:24:25 am)    V:      0.4399
[I](2020-10-30  12:24:25 am)    Z:     27.8425
[I](2020-10-30  12:24:25 am)  * Angle
[I](2020-10-30  12:24:25 am)    Ar:      0.2732,Kr:      0.0000
[I](2020-10-30  12:24:25 am)    Taper_Ar:      0.0000
[I](2020-10-30  12:24:27 am)작업중 정지 [d:0][t:00:00:02]
[I](2020-10-30  12:24:27 am)    [LNo:0007] 000010/000058
[I](2020-10-30  12:24:27 am)작업중 M코드정지 [d:0][t:00:00:02]
[I](2020-10-30  12:32:55 am)작업중 정지 [d:8][t:00:08:30]
[I](2020-10-30  12:32:55 am)    [LNo:0007] 000028/000058
[I](2020-10-30  12:32:55 am)작업중 M코드정지 [d:8][t:00:08:30]
[A](2020-10-30  12:33:19 am)[001] 와이어 미동작
[I](2020-10-30  12:33:28 am)작업중 정지 [d:8][t:00:09:03]
[I](2020-10-30  12:33:28 am)    [LNo:0007] 000030/000058
[I](2020-10-30  12:33:28 am)작업중 M코드정지 [d:8][t:00:09:03]
[I](2020-10-30  12:36:02 am)작업중 정지 [d:10][t:00:11:37]
[I](2020-10-30  12:36:02 am)    [LNo:0007] 000050/000058
[I](2020-10-30  12:36:02 am)작업중 M코드정지 [d:10][t:00:11:37]
[A](2020-10-30  12:37:12 am)[084] Work Tank Fluid Sensor Abnormal
[I](2020-10-30  12:37:54 am)Reset
[I](2020-10-30  12:37:59 am)Reset
[A](2020-10-30  12:38:02 am)[053] Emergency Stop
[A](2020-10-30  12:38:02 am)[005] READY Off(Alarm)
[I](2020-10-30  12:38:02 am)    X:    234.1951
[I](2020-10-30  12:38:02 am)    Y:   -254.1218
[I](2020-10-30  12:38:02 am)    U:      0.0000
[I](2020-10-30  12:38:02 am)    V:      0.0000
[I](2020-10-30  12:38:02 am)    Z:    127.8425
[I](2020-10-30  08:42:33 am)Ready On
[I](2020-10-30  09:46:06 am)Reset
[A](2020-10-30  09:46:24 am)[033] 자동결선 회수 롤러 WIRE CONTACT!!
[I](2020-10-30  12:53:16 pm)Reset
[I](2020-10-30  12:53:44 pm)Reset
[I](2020-10-30  01:01:21 pm)Reset
[I](2020-10-30  01:05:13 pm)Reset
[I](2020-10-30  01:09:07 pm)작업 시작 [Start d:0]
[I](2020-10-30  01:09:07 pm)Nc File: [No.0008-525.NC]
[I](2020-10-30  01:09:07 pm)  * Start Machine Position
[I](2020-10-30  01:09:07 pm)    X:     53.0269
[I](2020-10-30  01:09:07 pm)    Y:   -270.2573
[I](2020-10-30  01:09:07 pm)    U:      0.0000
[I](2020-10-30  01:09:07 pm)    V:      0.0000
[I](2020-10-30  01:09:07 pm)    Z:     30.6940
[I](2020-10-30  01:09:07 pm)  * Angle
[I](2020-10-30  01:09:07 pm)    Ar:     -0.2680,Kr:      0.0000
[I](2020-10-30  01:09:07 pm)    Taper_Ar:      0.0000
[I](2020-10-30  01:09:30 pm)작업중 정지 [d:0][t:00:00:23]
[I](2020-10-30  01:09:30 pm)    [LNo:0008] 000010/000180
[I](2020-10-30  01:09:30 pm)작업중 M코드정지 [d:0][t:00:00:23]
[I](2020-10-30  01:11:31 pm)작업중 정지 [d:1][t:00:02:24]
[I](2020-10-30  01:11:31 pm)    [LNo:0008] 000033/000180
[I](2020-10-30  01:11:31 pm)작업중 M코드정지 [d:1][t:00:02:24]
[I](2020-10-30  01:12:03 pm)작업중 정지 [d:1][t:00:02:56]
[I](2020-10-30  01:12:03 pm)    [LNo:0008] 000036/000180
[I](2020-10-30  01:12:03 pm)작업중 M코드정지 [d:1][t:00:02:56]
[I](2020-10-30  01:12:11 pm)작업중 정지 [d:1][t:00:03:03]
[I](2020-10-30  01:12:11 pm)    [LNo:0008] 000038/000180
[I](2020-10-30  01:12:11 pm)작업중 M코드정지 [d:1][t:00:03:03]
[I](2020-10-30  01:23:06 pm)작업중 정지 [d:10][t:00:13:59]
[I](2020-10-30  01:23:06 pm)    [LNo:0008] 000072/000180
[I](2020-10-30  01:23:06 pm)작업중 M코드정지 [d:10][t:00:13:59]
[I](2020-10-30  01:25:58 pm)작업중 정지 [d:10][t:00:16:51]
[I](2020-10-30  01:25:58 pm)    [LNo:0008] 000074/000180
[I](2020-10-30  01:26:29 pm)작업 재시작
[I](2020-10-30  01:26:33 pm)작업중 정지 [d:10][t:00:17:25]
[I](2020-10-30  01:26:33 pm)    [LNo:0008] 000075/000180
[I](2020-10-30  01:26:33 pm)작업중 M코드정지 [d:10][t:00:17:25]
[I](2020-10-30  01:30:17 pm)작업중 정지 [d:13][t:00:21:09]
[I](2020-10-30  01:30:17 pm)    [LNo:0008] 000112/000180
[I](2020-10-30  01:46:49 pm)작업중 정지 [d:24][t:00:37:42]
[I](2020-10-30  01:46:49 pm)    [LNo:0008] 000139/000180
[I](2020-10-30  01:46:49 pm)작업중 M코드정지 [d:24][t:00:37:42]
[I](2020-10-30  01:50:22 pm)작업중 정지 [d:25][t:00:41:15]
[I](2020-10-30  01:50:22 pm)    [LNo:0008] 000142/000180
[I](2020-10-30  01:50:22 pm)작업중 M코드정지 [d:25][t:00:41:15]
[I](2020-10-30  01:54:45 pm)작업중 정지 [d:28][t:00:45:38]
[I](2020-10-30  01:54:45 pm)    [LNo:0008] 000176/000180
[I](2020-10-30  01:54:45 pm)작업중 M코드정지 [d:28][t:00:45:38]
[I](2020-10-30  02:22:29 pm)Reset
[I](2020-10-30  02:25:19 pm)Reset
[I](2020-10-30  02:25:19 pm)Reset
[I](2020-10-30  02:25:54 pm)Reset
[I](2020-10-30  02:32:18 pm)Reset
[I](2020-10-30  02:40:26 pm)Reset
[I](2020-10-30  02:40:38 pm)Reset
[I](2020-10-30  02:43:55 pm)작업 시작 [Start d:28]
[I](2020-10-30  02:43:55 pm)Nc File: [No.0001-543.NC]
[I](2020-10-30  02:43:55 pm)  * Start Machine Position
[I](2020-10-30  02:43:55 pm)    X:    124.1490
[I](2020-10-30  02:43:55 pm)    Y:   -237.4570
[I](2020-10-30  02:43:55 pm)    U:      0.0000
[I](2020-10-30  02:43:55 pm)    V:      0.0000
[I](2020-10-30  02:43:55 pm)    Z:     30.7050
[I](2020-10-30  02:43:55 pm)  * Angle
[I](2020-10-30  02:43:55 pm)    Ar:      0.0392,Kr:      0.0000
[I](2020-10-30  02:43:55 pm)    Taper_Ar:      0.0000
[I](2020-10-30  02:44:10 pm)작업중 정지 [d:0][t:00:00:14]
[I](2020-10-30  02:44:10 pm)    [LNo:0001] 000010/000059
[I](2020-10-30  02:44:10 pm)작업중 M코드정지 [d:0][t:00:00:14]
[I](2020-10-30  02:52:35 pm)작업중 정지 [d:4][t:00:08:39]
[I](2020-10-30  02:52:35 pm)    [LNo:0001] 000028/000059
[I](2020-10-30  02:52:35 pm)작업중 M코드정지 [d:4][t:00:08:39]
[I](2020-10-30  02:53:32 pm)작업중 정지 [d:4][t:00:09:36]
[I](2020-10-30  02:53:32 pm)    [LNo:0001] 000032/000059
[I](2020-10-30  02:53:32 pm)작업중 M코드정지 [d:4][t:00:09:36]
[I](2020-10-30  03:02:51 pm)작업중 정지 [d:13][t:00:18:56]
[I](2020-10-30  03:02:51 pm)    [LNo:0001] 000055/000059
[I](2020-10-30  03:02:51 pm)작업중 M코드정지 [d:13][t:00:18:56]
[I](2020-10-30  03:17:41 pm)Reset
[I](2020-10-30  03:19:13 pm)Reset
[I](2020-10-30  03:20:02 pm)Reset
[I](2020-10-30  03:23:32 pm)Reset
[I](2020-10-30  03:25:27 pm)작업 시작 [Start d:41]
[I](2020-10-30  03:25:27 pm)Nc File: [No.0001-545.NC]
[I](2020-10-30  03:25:27 pm)  * Start Machine Position
[I](2020-10-30  03:25:27 pm)    X:     95.3858
[I](2020-10-30  03:25:27 pm)    Y:   -274.5772
[I](2020-10-30  03:25:27 pm)    U:      0.0000
[I](2020-10-30  03:25:27 pm)    V:      0.0000
[I](2020-10-30  03:25:27 pm)    Z:     10.7870
[I](2020-10-30  03:25:27 pm)  * Angle
[I](2020-10-30  03:25:27 pm)    Ar:      0.2927,Kr:      0.0000
[I](2020-10-30  03:25:27 pm)    Taper_Ar:      0.0000
[I](2020-10-30  03:28:20 pm)작업중 정지 [d:3][t:00:02:53]
[I](2020-10-30  03:28:20 pm)    [LNo:0001] 000025/000518
[I](2020-10-30  03:28:20 pm)작업중 M코드정지 [d:3][t:00:02:53]
[I](2020-10-30  03:31:45 pm)작업중 정지 [d:3][t:00:06:18]
[I](2020-10-30  03:31:45 pm)    [LNo:0001] 000028/000518
[I](2020-10-30  03:31:45 pm)작업중 M코드정지 [d:3][t:00:06:18]
[A](2020-10-30  03:33:23 pm)[001] 와이어 미동작
[I](2020-10-30  03:37:21 pm)작업중 정지 [d:6][t:00:11:54]
[I](2020-10-30  03:37:21 pm)    [LNo:0001] 000055/000518
[I](2020-10-30  03:37:21 pm)작업중 M코드정지 [d:6][t:00:11:54]
[I](2020-10-30  03:38:41 pm)작업중 정지 [d:6][t:00:13:14]
[I](2020-10-30  03:38:41 pm)    [LNo:0001] 000059/000518
[I](2020-10-30  03:38:41 pm)작업중 M코드정지 [d:6][t:00:13:14]
[I](2020-10-30  03:41:12 pm)작업중 정지 [d:6][t:00:15:45]
[I](2020-10-30  03:41:12 pm)    [LNo:0001] 000062/000518
[A](2020-10-30  03:41:12 pm)[010] 자동결선 Error(M21-절단실패)
[I](2020-10-30  03:44:42 pm)작업중 정지 [d:9][t:00:19:15]
[I](2020-10-30  03:44:42 pm)    [LNo:0001] 000085/000518
[I](2020-10-30  03:44:42 pm)작업중 M코드정지 [d:9][t:00:19:15]
[I](2020-10-30  03:46:04 pm)작업중 정지 [d:9][t:00:20:37]
[I](2020-10-30  03:46:04 pm)    [LNo:0001] 000089/000518
[I](2020-10-30  03:46:04 pm)작업중 M코드정지 [d:9][t:00:20:37]
[I](2020-10-30  03:52:07 pm)작업중 정지 [d:13][t:00:26:40]
[I](2020-10-30  03:52:07 pm)    [LNo:0001] 000115/000518
[I](2020-10-30  03:52:07 pm)작업중 M코드정지 [d:13][t:00:26:40]
[I](2020-10-30  03:53:52 pm)작업중 정지 [d:13][t:00:28:25]
[I](2020-10-30  03:53:52 pm)    [LNo:0001] 000119/000518
[I](2020-10-30  03:53:52 pm)작업중 M코드정지 [d:13][t:00:28:25]
[I](2020-10-30  03:59:57 pm)작업중 정지 [d:17][t:00:34:30]
[I](2020-10-30  03:59:57 pm)    [LNo:0001] 000151/000518
[I](2020-10-30  03:59:57 pm)작업중 M코드정지 [d:17][t:00:34:30]
[I](2020-10-30  04:07:04 pm)작업중 정지 [d:21][t:00:41:37]
[I](2020-10-30  04:07:04 pm)    [LNo:0001] 000175/000518
[I](2020-10-30  04:07:04 pm)작업중 M코드정지 [d:21][t:00:41:37]
[I](2020-10-30  04:07:28 pm)작업중 정지 [d:21][t:00:42:01]
[I](2020-10-30  04:07:28 pm)    [LNo:0001] 000179/000518
[I](2020-10-30  04:07:28 pm)작업중 M코드정지 [d:21][t:00:42:01]
[I](2020-10-30  04:12:54 pm)작업중 정지 [d:25][t:00:47:27]
[I](2020-10-30  04:12:54 pm)    [LNo:0001] 000205/000518
[I](2020-10-30  04:12:54 pm)작업중 M코드정지 [d:25][t:00:47:27]
[I](2020-10-30  04:13:38 pm)작업중 정지 [d:25][t:00:48:11]
[I](2020-10-30  04:13:38 pm)    [LNo:0001] 000209/000518
[I](2020-10-30  04:13:38 pm)작업중 M코드정지 [d:25][t:00:48:11]
[I](2020-10-30  04:17:11 pm)작업중 정지 [d:25][t:00:51:44]
[I](2020-10-30  04:17:11 pm)    [LNo:0001] 000218/000518
[I](2020-10-30  04:19:30 pm)작업중 정지 [d:25][t:00:54:03]
[I](2020-10-30  04:19:30 pm)    [LNo:0001] 000222/000518
[I](2020-10-30  04:23:56 pm)작업중 정지 [d:29][t:00:58:28]
[I](2020-10-30  04:23:56 pm)    [LNo:0001] 000235/000518
[I](2020-10-30  04:23:56 pm)작업중 M코드정지 [d:29][t:00:58:29]
[I](2020-10-30  04:24:45 pm)작업중 정지 [d:29][t:00:59:18]
[I](2020-10-30  04:24:45 pm)    [LNo:0001] 000237/000518
[I](2020-10-30  04:25:42 pm)작업 재시작
[I](2020-10-30  04:25:48 pm)작업중 정지 [d:29][t:01:00:21]
[I](2020-10-30  04:25:48 pm)    [LNo:0001] 000239/000518
[I](2020-10-30  04:25:48 pm)작업중 M코드정지 [d:29][t:01:00:21]
[I](2020-10-30  04:31:05 pm)작업중 정지 [d:33][t:01:05:38]
[I](2020-10-30  04:31:05 pm)    [LNo:0001] 000265/000518
[I](2020-10-30  04:31:05 pm)작업중 M코드정지 [d:33][t:01:05:38]
[I](2020-10-30  04:31:32 pm)작업중 정지 [d:33][t:01:06:05]
[I](2020-10-30  04:31:32 pm)    [LNo:0001] 000267/000518
[I](2020-10-30  04:31:50 pm)작업 재시작
[I](2020-10-30  04:31:57 pm)작업중 정지 [d:33][t:01:06:30]
[I](2020-10-30  04:31:57 pm)    [LNo:0001] 000269/000518
[I](2020-10-30  04:31:57 pm)작업중 M코드정지 [d:33][t:01:06:30]
[I](2020-10-30  04:57:27 pm)작업중 정지 [d:57][t:01:32:00]
[I](2020-10-30  04:57:27 pm)    [LNo:0001] 000308/000518
[I](2020-10-30  04:57:27 pm)작업중 M코드정지 [d:57][t:01:32:00]
[I](2020-10-30  05:00:43 pm)작업중 정지 [d:57][t:01:35:16]
[I](2020-10-30  05:00:43 pm)    [LNo:0001] 000310/000518
[I](2020-10-30  05:00:43 pm)작업중 M코드정지 [d:57][t:01:35:16]
[I](2020-10-30  05:16:51 pm)작업중 정지 [d:71][t:01:51:24]
[I](2020-10-30  05:16:51 pm)    [LNo:0001] 000361/000518
[I](2020-10-30  05:16:52 pm)작업중 M코드정지 [d:71][t:01:51:24]
[I](2020-10-30  05:17:13 pm)작업중 정지 [d:71][t:01:51:46]
[I](2020-10-30  05:17:13 pm)    [LNo:0001] 000362/000518
[I](2020-10-30  05:17:51 pm)작업 재시작
[I](2020-10-30  05:17:56 pm)작업중 정지 [d:71][t:01:52:29]
[I](2020-10-30  05:17:56 pm)    [LNo:0001] 000365/000518
[I](2020-10-30  05:17:56 pm)작업중 M코드정지 [d:71][t:01:52:29]
[I](2020-10-30  05:34:13 pm)작업중 정지 [d:86][t:02:08:46]
[I](2020-10-30  05:34:13 pm)    [LNo:0001] 000416/000518
[I](2020-10-30  05:34:13 pm)작업중 M코드정지 [d:86][t:02:08:46]
[I](2020-10-30  05:36:20 pm)작업중 정지 [d:86][t:02:10:53]
[I](2020-10-30  05:36:20 pm)    [LNo:0001] 000418/000518
[I](2020-10-30  05:36:51 pm)작업 재시작
[I](2020-10-30  05:36:56 pm)작업중 정지 [d:86][t:02:11:29]
[I](2020-10-30  05:36:56 pm)    [LNo:0001] 000420/000518
[I](2020-10-30  05:36:56 pm)작업중 M코드정지 [d:86][t:02:11:29]
[I](2020-10-30  05:52:31 pm)작업중 정지 [d:100][t:02:27:04]
[I](2020-10-30  05:52:31 pm)    [LNo:0001] 000471/000518
[I](2020-10-30  05:52:31 pm)작업중 M코드정지 [d:100][t:02:27:04]
[I](2020-10-30  05:53:23 pm)작업중 정지 [d:100][t:02:27:56]
[I](2020-10-30  05:53:23 pm)    [LNo:0001] 000472/000518
[I](2020-10-30  05:53:58 pm)작업 재시작
[I](2020-10-30  05:54:05 pm)작업중 정지 [d:100][t:02:28:38]
[I](2020-10-30  05:54:05 pm)    [LNo:0001] 000475/000518
[I](2020-10-30  05:54:05 pm)작업중 M코드정지 [d:100][t:02:28:38]
[I](2020-10-30  06:24:51 pm)작업중 정지 [d:127][t:02:59:24]
[I](2020-10-30  06:24:51 pm)    [LNo:0001] 000506/000518
[I](2020-10-30  06:24:51 pm)작업중 M코드정지 [d:127][t:02:59:24]
[I](2020-10-30  06:35:29 pm)작업중 정지 [d:127][t:03:10:02]
[I](2020-10-30  06:35:29 pm)    [LNo:0001] 000508/000518
[I](2020-10-30  06:35:29 pm)작업중 M코드정지 [d:127][t:03:10:02]
[I](2020-10-30  06:38:56 pm)Reset
[I](2020-10-30  06:43:25 pm)Reset
[I](2020-10-30  06:43:25 pm)Reset
[I](2020-10-30  06:44:00 pm)Reset
[I](2020-10-30  06:49:37 pm)Reset
[I](2020-10-30  06:49:37 pm)Reset
[I](2020-10-30  07:02:40 pm)작업 시작 [Start d:168]
[I](2020-10-30  07:02:40 pm)Nc File: [No.0001-550.NC]
[I](2020-10-30  07:02:40 pm)  * Start Machine Position
[I](2020-10-30  07:02:40 pm)    X:    144.5319
[I](2020-10-30  07:02:40 pm)    Y:   -307.6814
[I](2020-10-30  07:02:40 pm)    U:      0.0000
[I](2020-10-30  07:02:40 pm)    V:      0.0000
[I](2020-10-30  07:02:40 pm)    Z:     30.7365
[I](2020-10-30  07:02:40 pm)  * Angle
[I](2020-10-30  07:02:40 pm)    Ar:      0.5209,Kr:      0.0000
[I](2020-10-30  07:02:40 pm)    Taper_Ar:      0.0000
[I](2020-10-30  07:06:06 pm)작업중 정지 [d:3][t:00:03:25]
[I](2020-10-30  07:06:06 pm)    [LNo:0001] 000021/001723
[I](2020-10-30  07:06:06 pm)작업중 M코드정지 [d:3][t:00:03:25]
[I](2020-10-30  07:13:15 pm)작업중 정지 [d:4][t:00:10:34]
[I](2020-10-30  07:13:15 pm)    [LNo:0001] 000024/001723
[I](2020-10-30  07:13:43 pm)작업 재시작
[I](2020-10-30  07:13:45 pm)작업중 정지 [d:4][t:00:11:04]
[I](2020-10-30  07:13:45 pm)    [LNo:0001] 000025/001723
[I](2020-10-30  07:13:45 pm)작업중 M코드정지 [d:4][t:00:11:04]
[I](2020-10-30  07:20:56 pm)작업중 정지 [d:8][t:00:18:15]
[I](2020-10-30  07:20:56 pm)    [LNo:0001] 000084/001723
[I](2020-10-30  07:20:56 pm)작업중 M코드정지 [d:8][t:00:18:16]
[I](2020-10-30  07:56:42 pm)작업중 정지 [d:8][t:00:54:01]
[I](2020-10-30  07:56:42 pm)    [LNo:0001] 000087/001723
[I](2020-10-30  07:56:42 pm)작업중 M코드정지 [d:8][t:00:54:01]
[I](2020-10-30  08:02:49 pm)작업중 정지 [d:12][t:01:00:08]
[I](2020-10-30  08:02:49 pm)    [LNo:0001] 000146/001723
[I](2020-10-30  08:02:49 pm)작업중 M코드정지 [d:12][t:01:00:08]
[I](2020-10-30  08:04:13 pm)작업중 정지 [d:13][t:01:01:32]
[I](2020-10-30  08:04:13 pm)    [LNo:0001] 000149/001723
[I](2020-10-30  08:04:41 pm)작업 재시작
[I](2020-10-30  08:04:42 pm)작업중 정지 [d:13][t:01:02:01]
[I](2020-10-30  08:04:42 pm)    [LNo:0001] 000150/001723
[I](2020-10-30  08:04:42 pm)작업중 M코드정지 [d:13][t:01:02:02]
[I](2020-10-30  08:07:30 pm)작업중 정지 [d:15][t:01:04:49]
[I](2020-10-30  08:07:30 pm)    [LNo:0001] 000203/001723
[I](2020-10-30  08:07:30 pm)작업중 30sec 접촉 정지 [d:15][t:01:04:49]
[I](2020-10-30  08:07:44 pm)작업 재시작
[I](2020-10-30  08:13:45 pm)작업중 정지 [d:21][t:01:11:04]
[I](2020-10-30  08:13:45 pm)    [LNo:0001] 000208/001723
[I](2020-10-30  08:13:45 pm)작업중 M코드정지 [d:21][t:01:11:04]
[I](2020-10-30  08:14:18 pm)작업중 정지 [d:21][t:01:11:37]
[I](2020-10-30  08:14:18 pm)    [LNo:0001] 000212/001723
[I](2020-10-30  08:14:18 pm)작업중 M코드정지 [d:21][t:01:11:37]
[I](2020-10-30  08:24:09 pm)작업중 정지 [d:30][t:01:21:28]
[I](2020-10-30  08:24:09 pm)    [LNo:0001] 000270/001723
[I](2020-10-30  08:24:09 pm)작업중 M코드정지 [d:30][t:01:21:28]
[I](2020-10-30  08:28:51 pm)작업중 정지 [d:30][t:01:26:11]
[I](2020-10-30  08:28:51 pm)    [LNo:0001] 000273/001723
[I](2020-10-30  08:29:11 pm)작업 재시작
[I](2020-10-30  08:29:13 pm)작업중 정지 [d:30][t:01:26:32]
[I](2020-10-30  08:29:13 pm)    [LNo:0001] 000274/001723
[I](2020-10-30  08:29:13 pm)작업중 M코드정지 [d:30][t:01:26:32]
[I](2020-10-30  08:38:57 pm)작업중 정지 [d:38][t:01:36:16]
[I](2020-10-30  08:38:57 pm)    [LNo:0001] 000332/001723
[I](2020-10-30  08:38:57 pm)작업중 M코드정지 [d:38][t:01:36:17]
[I](2020-10-30  08:42:07 pm)작업중 정지 [d:39][t:01:39:26]
[I](2020-10-30  08:42:07 pm)    [LNo:0001] 000336/001723
[I](2020-10-30  08:42:07 pm)작업중 M코드정지 [d:39][t:01:39:26]
[I](2020-10-30  08:52:33 pm)작업중 정지 [d:47][t:01:49:52]
[I](2020-10-30  08:52:33 pm)    [LNo:0001] 000394/001723
[I](2020-10-30  08:52:33 pm)작업중 M코드정지 [d:47][t:01:49:52]
[I](2020-10-30  08:55:49 pm)작업중 정지 [d:47][t:01:53:08]
[I](2020-10-30  08:55:49 pm)    [LNo:0001] 000398/001723
[I](2020-10-30  08:55:49 pm)작업중 M코드정지 [d:47][t:01:53:08]
[I](2020-10-30  09:05:17 pm)작업중 정지 [d:55][t:02:02:36]
[I](2020-10-30  09:05:17 pm)    [LNo:0001] 000456/001723
[I](2020-10-30  09:05:17 pm)작업중 M코드정지 [d:55][t:02:02:36]
[I](2020-10-30  09:09:03 pm)작업중 정지 [d:55][t:02:06:22]
[I](2020-10-30  09:09:03 pm)    [LNo:0001] 000460/001723
[I](2020-10-30  09:09:03 pm)작업중 M코드정지 [d:55][t:02:06:23]
[I](2020-10-30  09:18:33 pm)작업중 정지 [d:63][t:02:15:52]
[I](2020-10-30  09:18:33 pm)    [LNo:0001] 000520/001723
[I](2020-10-30  09:18:33 pm)작업중 M코드정지 [d:63][t:02:15:52]
[I](2020-10-30  09:18:59 pm)작업중 정지 [d:63][t:02:16:18]
[I](2020-10-30  09:18:59 pm)    [LNo:0001] 000522/001723
[I](2020-10-30  09:18:59 pm)작업중 M코드정지 [d:63][t:02:16:18]
[I](2020-10-30  10:09:57 pm)작업중 정지 [d:112][t:03:07:17]
[I](2020-10-30  10:09:57 pm)    [LNo:0001] 000613/001723
[I](2020-10-30  10:09:57 pm)작업중 30sec 접촉 정지 [d:112][t:03:07:17]
[I](2020-10-30  10:10:17 pm)작업 재시작
[I](2020-10-30  10:10:24 pm)작업중 정지 [d:112][t:03:07:44]
[I](2020-10-30  10:10:24 pm)    [LNo:0001] 000613/001723
[I](2020-10-30  10:10:30 pm)작업 재시작
[I](2020-10-30  10:29:21 pm)작업중 정지 [d:131][t:03:26:40]
[I](2020-10-30  10:29:21 pm)    [LNo:0001] 000659/001723
[I](2020-10-30  10:29:21 pm)작업중 30sec 접촉 정지 [d:131][t:03:26:40]
[A](2020-10-30  10:30:53 pm)[001] 와이어 미동작
[I](2020-10-30  10:30:55 pm)작업 재시작
[I](2020-10-30  10:31:03 pm)작업중 정지 [d:131][t:03:28:22]
[I](2020-10-30  10:31:03 pm)    [LNo:0001] 000659/001723
[I](2020-10-30  10:31:03 pm)작업중 30sec 접촉 정지 [d:131][t:03:28:22]
[I](2020-10-30  10:31:06 pm)작업 재시작
[I](2020-10-30  10:41:59 pm)작업중 정지 [d:141][t:03:39:19]
[I](2020-10-30  10:41:59 pm)    [LNo:0001] 000683/001723
[I](2020-10-30  10:41:59 pm)작업중 M코드정지 [d:141][t:03:39:19]
[I](2020-10-30  10:45:58 pm)작업중 정지 [d:-168][t:03:43:18]
[I](2020-10-30  10:45:58 pm)    [LNo:0001] 000685/001723
[I](2020-10-30  10:45:58 pm)작업중 M코드정지 [d:-168][t:03:43:18]
[I](2020-10-30  11:19:57 pm)작업중 정지 [d:-136][t:04:17:16]
[I](2020-10-30  11:19:57 pm)    [LNo:0001] 000734/001723
[I](2020-10-30  11:19:57 pm)작업중 M코드정지 [d:-136][t:04:17:16]
[I](2020-10-30  11:22:42 pm)작업중 정지 [d:-136][t:04:20:02]
[I](2020-10-30  11:22:42 pm)    [LNo:0001] 000737/001723
[I](2020-10-30  11:22:42 pm)작업중 M코드정지 [d:-136][t:04:20:02]
