[I](2020-03-07  12:13:41 am)작업중 정지 [d:16][t:00:17:02]
[I](2020-03-07  12:13:41 am)    [LNo:0002] 000030/000062
[I](2020-03-07  12:13:41 am)작업중 M코드정지 [d:16][t:00:17:02]
[I](2020-03-07  12:17:13 am)작업중 정지 [d:16][t:00:20:34]
[I](2020-03-07  12:17:13 am)    [LNo:0002] 000032/000062
[I](2020-03-07  12:17:14 am)작업중 M코드정지 [d:16][t:00:20:34]
[I](2020-03-07  12:25:47 am)작업중 정지 [d:24][t:00:29:08]
[I](2020-03-07  12:25:47 am)    [LNo:0002] 000054/000062
[I](2020-03-07  12:25:47 am)작업중 M코드정지 [d:24][t:00:29:08]
[I](2020-03-07  12:37:20 am)Reset
[I](2020-03-07  12:37:23 am)Reset
[I](2020-03-07  12:39:18 am)Reset
[I](2020-03-07  12:39:53 am)Reset
[I](2020-03-07  12:42:48 am)Reset
[I](2020-03-07  12:42:54 am)Reset
[I](2020-03-07  12:43:34 am)Reset
[I](2020-03-07  12:43:52 am)Reset
[I](2020-03-07  12:45:49 am)Reset
[I](2020-03-07  12:45:56 am)Reset
[I](2020-03-07  12:46:00 am)Reset
[I](2020-03-07  12:46:03 am)Reset
[I](2020-03-07  12:46:03 am)Reset
[I](2020-03-07  12:46:17 am)작업 시작 [Start d:295]
[I](2020-03-07  12:46:17 am)Nc File: [No.0002-672.NC]
[I](2020-03-07  12:46:17 am)  * Start Machine Position
[I](2020-03-07  12:46:17 am)    X:    273.8104
[I](2020-03-07  12:46:17 am)    Y:   -376.7128
[I](2020-03-07  12:46:17 am)    U:      0.0000
[I](2020-03-07  12:46:17 am)    V:      0.0299
[I](2020-03-07  12:46:17 am)    Z:     32.9193
[I](2020-03-07  12:46:17 am)  * Angle
[I](2020-03-07  12:46:17 am)    Ar:      0.0620,Kr:      0.0000
[I](2020-03-07  12:46:17 am)    Taper_Ar:      0.0000
[I](2020-03-07  12:46:24 am)작업중 정지 [d:0][t:00:00:07]
[I](2020-03-07  12:46:24 am)    [LNo:0002] 000010/000062
[I](2020-03-07  12:46:24 am)작업중 M코드정지 [d:0][t:00:00:07]
[I](2020-03-07  01:03:58 am)작업중 정지 [d:17][t:00:17:41]
[I](2020-03-07  01:03:58 am)    [LNo:0002] 000030/000062
[I](2020-03-07  01:03:58 am)작업중 M코드정지 [d:17][t:00:17:41]
[I](2020-03-07  01:08:13 am)작업중 정지 [d:17][t:00:21:56]
[I](2020-03-07  01:08:13 am)    [LNo:0002] 000032/000062
[I](2020-03-07  01:08:13 am)작업중 M코드정지 [d:17][t:00:21:56]
[I](2020-03-07  01:17:34 am)작업중 정지 [d:26][t:00:31:17]
[I](2020-03-07  01:17:34 am)    [LNo:0002] 000054/000062
[I](2020-03-07  01:17:34 am)작업중 M코드정지 [d:26][t:00:31:17]
[I](2020-03-07  01:42:41 am)Reset
[I](2020-03-07  01:42:44 am)Reset
[I](2020-03-07  01:44:07 am)Reset
[I](2020-03-07  01:44:25 am)Reset
[I](2020-03-07  01:49:55 am)Reset
[I](2020-03-07  01:50:18 am)Reset
[I](2020-03-07  01:50:51 am)Reset
[I](2020-03-07  01:53:33 am)Reset
[I](2020-03-07  01:53:58 am)Reset
[I](2020-03-07  01:54:11 am)Reset
[I](2020-03-07  01:54:14 am)Reset
[I](2020-03-07  01:57:29 am)작업 시작 [Start d:321]
[I](2020-03-07  01:57:29 am)Nc File: [No.0003-673.NC]
[I](2020-03-07  01:57:29 am)  * Start Machine Position
[I](2020-03-07  01:57:29 am)    X:    301.1261
[I](2020-03-07  01:57:29 am)    Y:   -371.7466
[I](2020-03-07  01:57:29 am)    U:      0.0000
[I](2020-03-07  01:57:29 am)    V:      0.0000
[I](2020-03-07  01:57:29 am)    Z:     32.9193
[I](2020-03-07  01:57:29 am)  * Angle
[I](2020-03-07  01:57:29 am)    Ar:      0.0179,Kr:      0.0000
[I](2020-03-07  01:57:29 am)    Taper_Ar:      0.0000
[I](2020-03-07  01:57:37 am)작업중 정지 [d:0][t:00:00:07]
[I](2020-03-07  01:57:37 am)    [LNo:0003] 000010/000062
[I](2020-03-07  01:57:37 am)작업중 M코드정지 [d:0][t:00:00:07]
[I](2020-03-07  02:00:04 am)작업중 정지 [d:2][t:00:02:35]
[I](2020-03-07  02:00:04 am)    [LNo:0003] 000023/000062
[I](2020-03-07  02:00:47 am)작업 재시작
[I](2020-03-07  02:16:09 am)작업중 정지 [d:18][t:00:18:39]
[I](2020-03-07  02:16:09 am)    [LNo:0003] 000030/000062
[I](2020-03-07  02:16:09 am)작업중 M코드정지 [d:18][t:00:18:39]
[I](2020-03-07  02:18:38 am)작업중 정지 [d:18][t:00:21:08]
[I](2020-03-07  02:18:38 am)    [LNo:0003] 000032/000062
[I](2020-03-07  02:18:38 am)작업중 M코드정지 [d:18][t:00:21:09]
[I](2020-03-07  02:25:58 am)작업중 정지 [d:25][t:00:28:28]
[I](2020-03-07  02:25:58 am)    [LNo:0003] 000055/000062
[I](2020-03-07  02:25:58 am)작업중 M코드정지 [d:25][t:00:28:28]
[I](2020-03-07  02:28:09 am)Reset
[I](2020-03-07  02:28:18 am)Reset
[I](2020-03-07  02:28:30 am)Reset
[I](2020-03-07  02:28:33 am)Reset
[I](2020-03-07  02:28:35 am)Reset
[I](2020-03-07  02:57:11 am)Reset
[I](2020-03-07  02:57:35 am)Reset
[I](2020-03-07  02:59:10 am)Reset
[I](2020-03-07  02:59:39 am)Reset
[I](2020-03-07  03:00:15 am)Reset
[I](2020-03-07  03:00:51 am)Reset
[I](2020-03-07  03:01:05 am)Reset
[I](2020-03-07  03:01:37 am)Reset
[I](2020-03-07  03:01:41 am)Reset
[I](2020-03-07  03:01:48 am)Reset
[I](2020-03-07  03:01:51 am)Reset
[I](2020-03-07  03:02:01 am)작업 시작 [Start d:346]
[I](2020-03-07  03:02:01 am)Nc File: [No.0003-673.NC]
[I](2020-03-07  03:02:01 am)  * Start Machine Position
[I](2020-03-07  03:02:01 am)    X:    303.6163
[I](2020-03-07  03:02:01 am)    Y:   -371.2163
[I](2020-03-07  03:02:01 am)    U:      0.0000
[I](2020-03-07  03:02:01 am)    V:      0.0000
[I](2020-03-07  03:02:01 am)    Z:     29.9193
[I](2020-03-07  03:02:01 am)  * Angle
[I](2020-03-07  03:02:01 am)    Ar:      0.7344,Kr:      0.0000
[I](2020-03-07  03:02:01 am)    Taper_Ar:      0.0000
[I](2020-03-07  03:02:08 am)작업중 정지 [d:0][t:00:00:07]
[I](2020-03-07  03:02:08 am)    [LNo:0003] 000010/000062
[I](2020-03-07  03:02:08 am)작업중 M코드정지 [d:0][t:00:00:07]
[I](2020-03-07  03:18:25 am)작업중 정지 [d:16][t:00:16:24]
[I](2020-03-07  03:18:25 am)    [LNo:0003] 000030/000062
[I](2020-03-07  03:18:25 am)작업중 M코드정지 [d:16][t:00:16:24]
[I](2020-03-07  03:21:27 am)작업중 정지 [d:16][t:00:19:26]
[I](2020-03-07  03:21:27 am)    [LNo:0003] 000032/000062
[I](2020-03-07  03:21:27 am)작업중 M코드정지 [d:16][t:00:19:26]
[I](2020-03-07  03:32:04 am)작업중 정지 [d:24][t:00:30:03]
[I](2020-03-07  03:32:04 am)    [LNo:0003] 000054/000062
[I](2020-03-07  03:32:04 am)작업중 M코드정지 [d:24][t:00:30:03]
[I](2020-03-07  04:07:51 am)Reset
[I](2020-03-07  05:06:48 am)Reset
[I](2020-03-07  05:28:38 am)Reset
[I](2020-03-07  05:28:46 am)Reset
[I](2020-03-07  05:28:47 am)Reset
[I](2020-03-07  05:36:10 am)Reset
[I](2020-03-07  05:36:43 am)Reset
[I](2020-03-07  05:39:03 am)Reset
[I](2020-03-07  05:54:03 am)Reset
[I](2020-03-07  05:55:24 am)Reset
[I](2020-03-07  05:55:29 am)Reset
[I](2020-03-07  05:55:49 am)작업 시작 [Start d:370]
[I](2020-03-07  05:55:49 am)Nc File: [No.0005-605.NC]
[I](2020-03-07  05:55:49 am)  * Start Machine Position
[I](2020-03-07  05:55:49 am)    X:    259.4427
[I](2020-03-07  05:55:49 am)    Y:   -361.1290
[I](2020-03-07  05:55:49 am)    U:      0.0000
[I](2020-03-07  05:55:49 am)    V:      0.0000
[I](2020-03-07  05:55:49 am)    Z:     22.4157
[I](2020-03-07  05:55:49 am)  * Angle
[I](2020-03-07  05:55:49 am)    Ar:      0.0679,Kr:      0.0000
[I](2020-03-07  05:55:49 am)    Taper_Ar:      0.0000
[I](2020-03-07  05:56:14 am)작업중 정지 [d:0][t:00:00:24]
[I](2020-03-07  05:56:14 am)    [LNo:0005] 000010/000346
[I](2020-03-07  05:56:14 am)작업중 M코드정지 [d:0][t:00:00:24]
[I](2020-03-07  06:36:44 am)작업중 정지 [d:39][t:00:40:55]
[I](2020-03-07  06:36:44 am)    [LNo:0005] 000037/000346
[I](2020-03-07  06:36:45 am)작업중 30sec 접촉 정지 [d:39][t:00:40:55]
[I](2020-03-07  06:51:39 am)작업 재시작
[I](2020-03-07  06:51:49 am)작업중 정지 [d:39][t:00:55:59]
[I](2020-03-07  06:51:49 am)    [LNo:0005] 000038/000346
[I](2020-03-07  06:51:49 am)작업중 M코드정지 [d:39][t:00:56:00]
[I](2020-03-07  06:52:15 am)작업중 정지 [d:39][t:00:56:26]
[I](2020-03-07  06:52:15 am)    [LNo:0005] 000040/000346
[I](2020-03-07  06:52:15 am)작업중 M코드정지 [d:39][t:00:56:26]
[I](2020-03-07  07:02:22 am)작업중 정지 [d:49][t:01:06:33]
[I](2020-03-07  07:02:22 am)    [LNo:0005] 000066/000346
[I](2020-03-07  07:02:22 am)작업중 M코드정지 [d:49][t:01:06:33]
[I](2020-03-07  07:25:14 am)작업중 정지 [d:60][t:01:29:24]
[I](2020-03-07  07:25:14 am)    [LNo:0005] 000088/000346
[I](2020-03-07  07:25:14 am)작업중 M코드정지 [d:60][t:01:29:24]
[I](2020-03-07  07:34:34 am)작업중 정지 [d:60][t:01:38:44]
[I](2020-03-07  07:34:34 am)    [LNo:0005] 000090/000346
[I](2020-03-07  07:35:10 am)작업 재시작
[I](2020-03-07  07:35:14 am)작업중 정지 [d:60][t:01:39:25]
[I](2020-03-07  07:35:14 am)    [LNo:0005] 000092/000346
[I](2020-03-07  07:35:14 am)작업중 M코드정지 [d:60][t:01:39:25]
[I](2020-03-07  07:54:04 am)작업중 정지 [d:78][t:01:58:14]
[I](2020-03-07  07:54:04 am)    [LNo:0005] 000134/000346
[I](2020-03-07  07:54:04 am)작업중 M코드정지 [d:78][t:01:58:14]
[I](2020-03-07  07:54:50 am)작업중 정지 [d:78][t:01:59:01]
[I](2020-03-07  07:54:50 am)    [LNo:0005] 000135/000346
[I](2020-03-07  07:55:32 am)작업 재시작
[I](2020-03-07  07:55:37 am)작업중 정지 [d:78][t:01:59:47]
[I](2020-03-07  07:55:37 am)    [LNo:0005] 000137/000346
[I](2020-03-07  07:55:37 am)작업중 M코드정지 [d:78][t:01:59:47]
[I](2020-03-07  08:03:03 am)작업중 정지 [d:86][t:02:07:14]
[I](2020-03-07  08:03:03 am)    [LNo:0005] 000173/000346
[I](2020-03-07  08:03:03 am)작업중 M코드정지 [d:86][t:02:07:14]
[I](2020-03-07  08:04:36 am)작업중 정지 [d:86][t:02:08:47]
[I](2020-03-07  08:04:36 am)    [LNo:0005] 000158/000346
[I](2020-03-07  08:08:06 am)작업중 정지 [d:89][t:02:12:17]
[I](2020-03-07  08:08:06 am)    [LNo:0005] 000173/000346
[I](2020-03-07  08:08:06 am)작업중 M코드정지 [d:89][t:02:12:17]
[I](2020-03-07  08:24:15 am)작업중 정지 [d:104][t:02:28:25]
[I](2020-03-07  08:24:15 am)    [LNo:0005] 000196/000346
[I](2020-03-07  08:24:15 am)작업중 M코드정지 [d:104][t:02:28:26]
[I](2020-03-07  08:25:20 am)작업중 정지 [d:104][t:02:29:30]
[I](2020-03-07  08:25:20 am)    [LNo:0005] 000197/000346
[I](2020-03-07  08:25:48 am)작업 재시작
[I](2020-03-07  08:26:03 am)작업중 정지 [d:105][t:02:30:13]
[I](2020-03-07  08:26:03 am)    [LNo:0005] 000199/000346
[I](2020-03-07  08:26:03 am)작업중 M코드정지 [d:105][t:02:30:14]
[I](2020-03-07  08:33:25 am)작업중 정지 [d:112][t:02:37:36]
[I](2020-03-07  08:33:25 am)    [LNo:0005] 000233/000346
[I](2020-03-07  08:33:25 am)작업중 M코드정지 [d:112][t:02:37:36]
[I](2020-03-07  08:48:47 am)작업중 정지 [d:122][t:02:52:58]
[I](2020-03-07  08:48:47 am)    [LNo:0005] 000255/000346
[I](2020-03-07  08:48:47 am)작업중 M코드정지 [d:122][t:02:52:58]
[I](2020-03-07  08:49:40 am)작업중 정지 [d:122][t:02:53:51]
[I](2020-03-07  08:49:40 am)    [LNo:0005] 000257/000346
[I](2020-03-07  08:49:40 am)작업중 30sec 접촉 정지 [d:122][t:02:53:51]
[I](2020-03-07  08:50:12 am)작업 재시작
[I](2020-03-07  08:50:21 am)작업중 정지 [d:122][t:02:54:32]
[I](2020-03-07  08:50:21 am)    [LNo:0005] 000259/000346
[I](2020-03-07  08:50:21 am)작업중 M코드정지 [d:122][t:02:54:32]
[I](2020-03-07  09:09:20 am)작업중 정지 [d:140][t:03:13:31]
[I](2020-03-07  09:09:20 am)    [LNo:0005] 000301/000346
[I](2020-03-07  09:09:20 am)작업중 M코드정지 [d:140][t:03:13:31]
[I](2020-03-07  09:09:53 am)작업중 정지 [d:140][t:03:14:03]
[I](2020-03-07  09:09:53 am)    [LNo:0005] 000302/000346
[I](2020-03-07  09:09:53 am)작업중 30sec 접촉 정지 [d:140][t:03:14:03]
[I](2020-03-07  09:10:54 am)작업 재시작
[I](2020-03-07  09:11:03 am)작업중 정지 [d:141][t:03:15:14]
[I](2020-03-07  09:11:03 am)    [LNo:0005] 000304/000346
[I](2020-03-07  09:11:03 am)작업중 M코드정지 [d:141][t:03:15:14]
[I](2020-03-07  09:19:23 am)작업중 정지 [d:148][t:03:23:34]
[I](2020-03-07  09:19:23 am)    [LNo:0005] 000342/000346
[I](2020-03-07  09:19:24 am)작업중 M코드정지 [d:148][t:03:23:34]
[I](2020-03-07  09:31:19 am)Reset
[I](2020-03-07  09:31:33 am)Reset
[I](2020-03-07  09:32:11 am)Reset
[I](2020-03-07  09:34:09 am)Reset
[I](2020-03-07  09:34:52 am)Reset
[I](2020-03-07  09:35:00 am)Reset
[I](2020-03-07  09:35:41 am)Reset
[I](2020-03-07  09:35:53 am)Reset
[I](2020-03-07  09:38:49 am)Reset
[I](2020-03-07  09:39:42 am)작업 시작 [Start d:518]
[I](2020-03-07  09:39:42 am)Nc File: [No.0001-661.NC]
[I](2020-03-07  09:39:42 am)  * Start Machine Position
[I](2020-03-07  09:39:42 am)    X:     36.5857
[I](2020-03-07  09:39:42 am)    Y:   -339.4135
[I](2020-03-07  09:39:42 am)    U:      0.0799
[I](2020-03-07  09:39:42 am)    V:     -0.0008
[I](2020-03-07  09:39:42 am)    Z:     50.1127
[I](2020-03-07  09:39:42 am)  * Angle
[I](2020-03-07  09:39:42 am)    Ar:     -0.6293,Kr:      0.0000
[I](2020-03-07  09:39:42 am)    Taper_Ar:      0.0000
[I](2020-03-07  09:40:13 am)작업중 정지 [d:0][t:00:00:30]
[I](2020-03-07  09:40:13 am)    [LNo:0001] 000013/000039
[I](2020-03-07  09:42:06 am)작업중 정지 [d:0][t:00:02:23]
[I](2020-03-07  09:42:06 am)    [LNo:0001] 000021/000039
[I](2020-03-07  09:42:06 am)작업중 30sec 접촉 정지 [d:0][t:00:02:23]
[I](2020-03-07  09:50:47 am)작업 재시작
[I](2020-03-07  10:03:23 am)작업중 정지 [d:13][t:00:23:40]
[I](2020-03-07  10:03:23 am)    [LNo:0001] 000026/000039
[I](2020-03-07  10:03:23 am)작업중 M코드정지 [d:13][t:00:23:40]
[I](2020-03-07  10:05:47 am)작업중 정지 [d:13][t:00:26:04]
[I](2020-03-07  10:05:47 am)    [LNo:0001] 000029/000039
[I](2020-03-07  10:05:47 am)작업중 M코드정지 [d:13][t:00:26:04]
[A](2020-03-07  10:07:42 am)[084] Work Tank Fluid Sensor Abnormal
[A](2020-03-07  10:07:42 am)[084] Work Tank Fluid Sensor Abnormal
[A](2020-03-07  10:07:42 am)[084] Work Tank Fluid Sensor Abnormal
[A](2020-03-07  10:07:42 am)[084] Work Tank Fluid Sensor Abnormal
[A](2020-03-07  10:07:42 am)[084] Work Tank Fluid Sensor Abnormal
[A](2020-03-07  10:07:42 am)[084] Work Tank Fluid Sensor Abnormal
[A](2020-03-07  10:07:43 am)[084] Work Tank Fluid Sensor Abnormal
[A](2020-03-07  10:08:13 am)[037] 자동결선 잔여 WIRE 처리 실패!!
[I](2020-03-07  10:10:25 am)Reset
[I](2020-03-07  10:11:43 am)Reset
[I](2020-03-07  10:11:51 am)Reset
[I](2020-03-07  10:12:20 am)Reset
[I](2020-03-07  10:12:29 am)Reset
[A](2020-03-07  10:12:33 am)[091] Auto Door Sensor Abnormal
[I](2020-03-07  10:13:13 am)작업 시작 [Start d:531]
[I](2020-03-07  10:13:13 am)Nc File: [No.0001-661.NC]
[I](2020-03-07  10:13:13 am)  * Start Machine Position
[I](2020-03-07  10:13:13 am)    X:     36.6045
[I](2020-03-07  10:13:13 am)    Y:   -338.9735
[I](2020-03-07  10:13:13 am)    U:     -0.0399
[I](2020-03-07  10:13:13 am)    V:     -0.0709
[I](2020-03-07  10:13:13 am)    Z:     50.1127
[I](2020-03-07  10:13:13 am)  * Angle
[I](2020-03-07  10:13:13 am)    Ar:      0.1161,Kr:      0.0000
[I](2020-03-07  10:13:13 am)    Taper_Ar:      0.0000
[I](2020-03-07  10:13:39 am)작업중 정지 [d:0][t:00:00:25]
[I](2020-03-07  10:13:39 am)    [LNo:0001] 000013/000039
[I](2020-03-07  10:14:52 am)작업중 정지 [d:1][t:00:01:38]
[I](2020-03-07  10:14:52 am)    [LNo:0001] 000023/000039
[A](2020-03-07  10:14:52 am)[008] 작업중 단선(AWF Feed Motor Stop )
[I](2020-03-07  10:14:52 am)작업중 Wire 단선 [d:1][t:00:01:39]
[I](2020-03-07  10:16:02 am)작업 재시작
[I](2020-03-07  10:30:23 am)작업중 정지 [d:15][t:00:17:09]
[I](2020-03-07  10:30:23 am)    [LNo:0001] 000026/000039
[I](2020-03-07  10:30:23 am)작업중 M코드정지 [d:15][t:00:17:09]
[I](2020-03-07  10:38:31 am)작업중 정지 [d:15][t:00:25:18]
[I](2020-03-07  10:38:31 am)    [LNo:0001] 000029/000039
[I](2020-03-07  10:38:32 am)작업중 M코드정지 [d:15][t:00:25:18]
[I](2020-03-07  10:52:05 am)Reset
[I](2020-03-07  10:52:44 am)Reset
[I](2020-03-07  10:55:33 am)Reset
[I](2020-03-07  10:56:43 am)작업 시작 [Start d:546]
[I](2020-03-07  10:56:43 am)Nc File: [No.0002-500.NC *]
[I](2020-03-07  10:56:43 am)  * Start Machine Position
[I](2020-03-07  10:56:43 am)    X:     79.1309
[I](2020-03-07  10:56:43 am)    Y:   -362.6155
[I](2020-03-07  10:56:43 am)    U:      0.0000
[I](2020-03-07  10:56:43 am)    V:      0.0000
[I](2020-03-07  10:56:43 am)    Z:     10.5882
[I](2020-03-07  10:56:43 am)  * Angle
[I](2020-03-07  10:56:43 am)    Ar:     -0.6011,Kr:      0.0000
[I](2020-03-07  10:56:43 am)    Taper_Ar:      0.0000
[I](2020-03-07  11:00:40 am)작업중 정지 [d:4][t:00:03:56]
[I](2020-03-07  11:00:40 am)    [LNo:0002] 000022/000394
[I](2020-03-07  11:00:40 am)작업중 M코드정지 [d:4][t:00:03:56]
[I](2020-03-07  11:04:29 am)작업중 정지 [d:4][t:00:07:46]
[I](2020-03-07  11:04:29 am)    [LNo:0002] 000026/000394
[I](2020-03-07  11:04:29 am)작업중 M코드정지 [d:4][t:00:07:46]
[I](2020-03-07  11:06:45 am)작업중 정지 [d:5][t:00:10:01]
[I](2020-03-07  11:06:45 am)    [LNo:0002] 000046/000394
[I](2020-03-07  11:06:45 am)작업중 M코드정지 [d:5][t:00:10:01]
[A](2020-03-07  11:07:29 am)[037] 자동결선 잔여 WIRE 처리 실패!!
[I](2020-03-07  11:18:42 am)작업중 정지 [d:15][t:00:21:58]
[I](2020-03-07  11:18:42 am)    [LNo:0002] 000098/000394
[I](2020-03-07  11:18:42 am)작업중 30sec 접촉 정지 [d:15][t:00:21:58]
[A](2020-03-07  11:25:28 am)[001] 와이어 미동작
[I](2020-03-07  11:25:31 am)작업 재시작
[I](2020-03-07  11:28:57 am)작업중 정지 [d:18][t:00:32:14]
[I](2020-03-07  11:28:57 am)    [LNo:0002] 000107/000394
[I](2020-03-07  11:28:57 am)작업중 30sec 접촉 정지 [d:18][t:00:32:14]
[I](2020-03-07  11:29:08 am)작업 재시작
[I](2020-03-07  11:30:42 am)작업중 정지 [d:19][t:00:33:59]
[I](2020-03-07  11:30:42 am)    [LNo:0002] 000125/000394
[I](2020-03-07  11:30:42 am)작업중 M코드정지 [d:19][t:00:33:59]
[I](2020-03-07  11:32:06 am)작업중 정지 [d:19][t:00:35:22]
[I](2020-03-07  11:32:06 am)    [LNo:0002] 000126/000394
[I](2020-03-07  11:32:06 am)Wire Contact Auto Stop(M52)
[I](2020-03-07  11:32:34 am)작업 재시작
[I](2020-03-07  11:32:39 am)작업중 정지 [d:19][t:00:35:55]
[I](2020-03-07  11:32:39 am)    [LNo:0002] 000127/000394
[I](2020-03-07  11:32:39 am)작업중 M코드정지 [d:19][t:00:35:55]
[I](2020-03-07  11:37:49 am)작업중 정지 [d:23][t:00:41:06]
[I](2020-03-07  11:37:49 am)    [LNo:0002] 000151/000394
[I](2020-03-07  11:37:49 am)작업중 M코드정지 [d:23][t:00:41:06]
[I](2020-03-07  11:38:59 am)작업중 정지 [d:24][t:00:42:15]
[I](2020-03-07  11:38:59 am)    [LNo:0002] 000155/000394
[I](2020-03-07  11:38:59 am)작업중 M코드정지 [d:24][t:00:42:15]
[I](2020-03-07  11:57:27 am)작업중 정지 [d:41][t:01:00:43]
[I](2020-03-07  11:57:27 am)    [LNo:0002] 000254/000394
[I](2020-03-07  11:57:27 am)작업중 M코드정지 [d:41][t:01:00:43]
[I](2020-03-07  12:07:08 pm)작업중 정지 [d:41][t:01:10:24]
[I](2020-03-07  12:07:08 pm)    [LNo:0002] 000256/000394
[I](2020-03-07  12:07:08 pm)작업중 M코드정지 [d:41][t:01:10:24]
[I](2020-03-07  12:13:13 pm)작업중 정지 [d:45][t:01:16:29]
[I](2020-03-07  12:13:13 pm)    [LNo:0002] 000280/000394
[I](2020-03-07  12:13:13 pm)작업중 M코드정지 [d:45][t:01:16:29]
[I](2020-03-07  12:40:48 pm)작업중 정지 [d:45][t:01:44:04]
[I](2020-03-07  12:40:48 pm)    [LNo:0002] 000284/000394
[I](2020-03-07  12:40:48 pm)작업중 M코드정지 [d:45][t:01:44:05]
[I](2020-03-07  12:59:33 pm)작업중 정지 [d:62][t:02:02:49]
[I](2020-03-07  12:59:33 pm)    [LNo:0002] 000383/000394
[I](2020-03-07  12:59:33 pm)작업중 M코드정지 [d:62][t:02:02:49]
[I](2020-03-07  01:00:01 pm)작업중 정지 [d:63][t:02:03:17]
[I](2020-03-07  01:00:01 pm)    [LNo:0002] 000385/000394
[I](2020-03-07  01:00:01 pm)작업중 M코드정지 [d:63][t:02:03:17]
[I](2020-03-07  01:00:47 pm)Reset
[I](2020-03-07  01:04:35 pm)Reset
[I](2020-03-07  01:04:35 pm)Reset
[I](2020-03-07  01:04:36 pm)Reset
[I](2020-03-07  01:04:42 pm)Reset
[I](2020-03-07  01:04:48 pm)Reset
[I](2020-03-07  01:04:49 pm)Reset
[I](2020-03-07  01:04:49 pm)Reset
[I](2020-03-07  01:04:50 pm)Reset
[A](2020-03-07  01:06:03 pm)[037] 자동결선 잔여 WIRE 처리 실패!!
[I](2020-03-07  01:14:44 pm)Reset
[I](2020-03-07  01:14:48 pm)Reset
[I](2020-03-07  01:16:41 pm)Reset
[I](2020-03-07  01:17:30 pm)Reset
[I](2020-03-07  01:19:02 pm)Reset
[I](2020-03-07  01:19:02 pm)Reset
[I](2020-03-07  01:19:21 pm)Reset
[I](2020-03-07  01:20:00 pm)작업 시작 [Start d:609]
[I](2020-03-07  01:20:00 pm)Nc File: [No.0003-577.NC]
[I](2020-03-07  01:20:00 pm)  * Start Machine Position
[I](2020-03-07  01:20:00 pm)    X:    259.6980
[I](2020-03-07  01:20:00 pm)    Y:   -361.1335
[I](2020-03-07  01:20:00 pm)    U:      0.0000
[I](2020-03-07  01:20:00 pm)    V:      0.0000
[I](2020-03-07  01:20:00 pm)    Z:     22.5092
[I](2020-03-07  01:20:00 pm)  * Angle
[I](2020-03-07  01:20:00 pm)    Ar:      0.2414,Kr:      0.0000
[I](2020-03-07  01:20:00 pm)    Taper_Ar:      0.0000
[I](2020-03-07  01:53:28 pm)작업중 정지 [d:32][t:00:33:28]
[I](2020-03-07  01:53:28 pm)    [LNo:0003] 000045/000357
[I](2020-03-07  01:53:28 pm)작업중 M코드정지 [d:32][t:00:33:28]
[I](2020-03-07  01:54:04 pm)작업중 정지 [d:32][t:00:34:03]
[I](2020-03-07  01:54:04 pm)    [LNo:0003] 000047/000357
[I](2020-03-07  01:54:04 pm)작업중 M코드정지 [d:32][t:00:34:03]
[I](2020-03-07  02:15:05 pm)작업중 정지 [d:52][t:00:55:04]
[I](2020-03-07  02:15:05 pm)    [LNo:0003] 000098/000357
[I](2020-03-07  02:15:05 pm)작업중 M코드정지 [d:52][t:00:55:04]
[I](2020-03-07  02:15:34 pm)작업중 정지 [d:52][t:00:55:33]
[I](2020-03-07  02:15:34 pm)    [LNo:0003] 000099/000357
[I](2020-03-07  02:16:02 pm)작업 재시작
[I](2020-03-07  02:16:09 pm)작업중 정지 [d:52][t:00:56:08]
[I](2020-03-07  02:16:09 pm)    [LNo:0003] 000102/000357
[I](2020-03-07  02:16:09 pm)작업중 M코드정지 [d:52][t:00:56:08]
[I](2020-03-07  02:35:02 pm)작업중 정지 [d:70][t:01:15:02]
[I](2020-03-07  02:35:02 pm)    [LNo:0003] 000143/000357
[I](2020-03-07  02:35:02 pm)작업중 M코드정지 [d:70][t:01:15:02]
[I](2020-03-07  02:35:56 pm)작업중 정지 [d:70][t:01:15:55]
[I](2020-03-07  02:35:56 pm)    [LNo:0003] 000144/000357
[I](2020-03-07  02:36:19 pm)작업 재시작
[I](2020-03-07  02:59:13 pm)작업중 정지 [d:91][t:01:39:13]
[I](2020-03-07  02:59:13 pm)    [LNo:0003] 000203/000357
[I](2020-03-07  02:59:13 pm)작업중 M코드정지 [d:91][t:01:39:13]
[I](2020-03-07  02:59:42 pm)작업중 정지 [d:91][t:01:39:41]
[I](2020-03-07  02:59:42 pm)    [LNo:0003] 000204/000357
[I](2020-03-07  03:00:17 pm)작업 재시작
[I](2020-03-07  03:00:24 pm)작업중 정지 [d:91][t:01:40:23]
[I](2020-03-07  03:00:24 pm)    [LNo:0003] 000206/000357
[I](2020-03-07  03:00:24 pm)작업중 M코드정지 [d:91][t:01:40:23]
[I](2020-03-07  03:19:41 pm)작업중 정지 [d:108][t:01:59:41]
[I](2020-03-07  03:19:41 pm)    [LNo:0003] 000264/000357
[I](2020-03-07  03:19:41 pm)작업중 M코드정지 [d:108][t:01:59:41]
[I](2020-03-07  03:20:18 pm)작업중 정지 [d:108][t:02:00:18]
[I](2020-03-07  03:20:18 pm)    [LNo:0003] 000266/000357
[I](2020-03-07  03:20:40 pm)작업 재시작
[I](2020-03-07  03:20:47 pm)작업중 정지 [d:108][t:02:00:46]
[I](2020-03-07  03:20:47 pm)    [LNo:0003] 000268/000357
[I](2020-03-07  03:20:47 pm)작업중 M코드정지 [d:108][t:02:00:46]
[I](2020-03-07  03:39:35 pm)작업중 정지 [d:124][t:02:19:35]
[I](2020-03-07  03:39:35 pm)    [LNo:0003] 000310/000357
[I](2020-03-07  03:39:35 pm)작업중 M코드정지 [d:124][t:02:19:35]
[I](2020-03-07  03:39:54 pm)작업중 정지 [d:124][t:02:19:53]
[I](2020-03-07  03:39:54 pm)    [LNo:0003] 000311/000357
[I](2020-03-07  03:40:14 pm)작업 재시작
[I](2020-03-07  03:48:19 pm)작업중 정지 [d:131][t:02:28:19]
[I](2020-03-07  03:48:19 pm)    [LNo:0003] 000352/000357
[I](2020-03-07  03:56:14 pm)Reset
[I](2020-03-07  03:56:25 pm)Reset
[I](2020-03-07  03:56:28 pm)Reset
[I](2020-03-07  03:58:22 pm)Reset
[I](2020-03-07  03:58:25 pm)Reset
[I](2020-03-07  03:58:25 pm)Reset
[I](2020-03-07  04:01:08 pm)Reset
[I](2020-03-07  04:01:46 pm)Reset
[A](2020-03-07  04:01:48 pm)[002] 가공액 미동작
[I](2020-03-07  04:02:03 pm)Reset
[I](2020-03-07  04:02:48 pm)Reset
[I](2020-03-07  04:02:51 pm)Reset
[A](2020-03-07  04:03:10 pm)[037] 자동결선 잔여 WIRE 처리 실패!!
[I](2020-03-07  04:03:32 pm)Reset
[I](2020-03-07  04:05:10 pm)작업 시작 [Start d:740]
[I](2020-03-07  04:05:10 pm)Nc File: [No.0006-640.NC]
[I](2020-03-07  04:05:10 pm)  * Start Machine Position
[I](2020-03-07  04:05:10 pm)    X:     97.2216
[I](2020-03-07  04:05:10 pm)    Y:   -384.9833
[I](2020-03-07  04:05:10 pm)    U:      0.0000
[I](2020-03-07  04:05:10 pm)    V:      0.0000
[I](2020-03-07  04:05:10 pm)    Z:     22.4382
[I](2020-03-07  04:05:10 pm)  * Angle
[I](2020-03-07  04:05:10 pm)    Ar:      0.0151,Kr:      0.0000
[I](2020-03-07  04:05:10 pm)    Taper_Ar:      0.0000
[I](2020-03-07  04:05:16 pm)작업중 정지 [d:0][t:00:00:06]
[I](2020-03-07  04:05:16 pm)    [LNo:0006] 001529/001929
[I](2020-03-07  04:05:24 pm)Reset
[I](2020-03-07  04:05:35 pm)작업 시작 [Start d:740]
[I](2020-03-07  04:05:35 pm)Nc File: [No.0006-640.NC]
[I](2020-03-07  04:05:35 pm)  * Start Machine Position
[I](2020-03-07  04:05:35 pm)    X:     97.2216
[I](2020-03-07  04:05:35 pm)    Y:   -384.9833
[I](2020-03-07  04:05:35 pm)    U:      0.0000
[I](2020-03-07  04:05:35 pm)    V:      0.0000
[I](2020-03-07  04:05:35 pm)    Z:     22.4382
[I](2020-03-07  04:05:35 pm)  * Angle
[I](2020-03-07  04:05:35 pm)    Ar:      0.0151,Kr:      0.0000
[I](2020-03-07  04:05:35 pm)    Taper_Ar:      0.0000
[I](2020-03-07  04:07:03 pm)작업중 정지 [d:0][t:00:01:27]
[I](2020-03-07  04:07:03 pm)    [LNo:0006] 001472/001929
[I](2020-03-07  04:08:19 pm)Reset
[I](2020-03-07  04:08:27 pm)작업 시작 [Start d:740]
[I](2020-03-07  04:08:27 pm)Nc File: [No.0006-640.NC]
[I](2020-03-07  04:08:27 pm)  * Start Machine Position
[I](2020-03-07  04:08:27 pm)    X:     97.2216
[I](2020-03-07  04:08:27 pm)    Y:   -384.9833
[I](2020-03-07  04:08:27 pm)    U:      0.0000
[I](2020-03-07  04:08:27 pm)    V:      0.0000
[I](2020-03-07  04:08:27 pm)    Z:     22.4382
[I](2020-03-07  04:08:27 pm)  * Angle
[I](2020-03-07  04:08:27 pm)    Ar:      0.0151,Kr:      0.0000
[I](2020-03-07  04:08:27 pm)    Taper_Ar:      0.0000
[I](2020-03-07  04:14:21 pm)작업중 정지 [d:5][t:00:05:54]
[I](2020-03-07  04:14:21 pm)    [LNo:0006] 000629/001929
[I](2020-03-07  04:14:22 pm)작업중 M코드정지 [d:5][t:00:05:54]
[I](2020-03-07  04:14:56 pm)작업중 정지 [d:5][t:00:06:29]
[I](2020-03-07  04:14:56 pm)    [LNo:0006] 000633/001929
[I](2020-03-07  04:14:57 pm)작업중 M코드정지 [d:5][t:00:06:29]
[I](2020-03-07  04:23:31 pm)작업중 정지 [d:12][t:00:15:03]
[I](2020-03-07  04:23:31 pm)    [LNo:0006] 000674/001929
[I](2020-03-07  04:23:31 pm)작업중 M코드정지 [d:12][t:00:15:03]
[I](2020-03-07  04:28:02 pm)작업중 정지 [d:13][t:00:19:34]
[I](2020-03-07  04:28:02 pm)    [LNo:0006] 000676/001929
[I](2020-03-07  04:28:02 pm)작업중 30sec 접촉 정지 [d:13][t:00:19:34]
[I](2020-03-07  04:28:28 pm)작업 재시작
[I](2020-03-07  04:28:35 pm)작업중 정지 [d:13][t:00:20:08]
[I](2020-03-07  04:28:35 pm)    [LNo:0006] 000678/001929
[I](2020-03-07  04:28:35 pm)작업중 M코드정지 [d:13][t:00:20:08]
[I](2020-03-07  04:36:47 pm)작업중 정지 [d:20][t:00:28:19]
[I](2020-03-07  04:36:47 pm)    [LNo:0006] 000719/001929
[I](2020-03-07  04:36:47 pm)작업중 M코드정지 [d:20][t:00:28:19]
[I](2020-03-07  04:37:36 pm)작업중 정지 [d:20][t:00:29:08]
[I](2020-03-07  04:37:36 pm)    [LNo:0006] 000723/001929
[I](2020-03-07  04:37:36 pm)작업중 M코드정지 [d:20][t:00:29:08]
[I](2020-03-07  04:39:56 pm)작업중 정지 [d:21][t:00:31:28]
[I](2020-03-07  04:39:56 pm)    [LNo:0006] 000743/001929
[I](2020-03-07  04:39:56 pm)작업중 M코드정지 [d:21][t:00:31:28]
[A](2020-03-07  04:40:18 pm)[037] 자동결선 잔여 WIRE 처리 실패!!
[I](2020-03-07  04:41:07 pm)작업중 정지 [d:21][t:00:32:39]
[I](2020-03-07  04:41:07 pm)    [LNo:0006] 001204/001929
[I](2020-03-07  04:50:27 pm)작업중 정지 [d:30][t:00:42:00]
[I](2020-03-07  04:50:27 pm)    [LNo:0006] 001287/001929
[I](2020-03-07  04:50:27 pm)작업중 M코드정지 [d:30][t:00:42:00]
[A](2020-03-07  04:51:18 pm)[037] 자동결선 잔여 WIRE 처리 실패!!
[I](2020-03-07  04:52:33 pm)작업중 정지 [d:30][t:00:44:05]
[I](2020-03-07  04:52:33 pm)    [LNo:0006] 001272/001929
[I](2020-03-07  05:04:21 pm)작업중 정지 [d:40][t:00:55:53]
[I](2020-03-07  05:04:21 pm)    [LNo:0006] 001377/001929
[I](2020-03-07  05:22:20 pm)작업중 정지 [d:54][t:01:13:52]
[I](2020-03-07  05:22:20 pm)    [LNo:0006] 001495/001929
[I](2020-03-07  05:22:20 pm)작업중 M코드정지 [d:54][t:01:13:52]
[I](2020-03-07  05:22:47 pm)작업중 정지 [d:54][t:01:14:19]
[I](2020-03-07  05:22:47 pm)    [LNo:0006] 001499/001929
[I](2020-03-07  05:22:47 pm)작업중 M코드정지 [d:54][t:01:14:19]
[I](2020-03-07  05:31:28 pm)작업중 정지 [d:61][t:01:23:00]
[I](2020-03-07  05:31:28 pm)    [LNo:0006] 001555/001929
[I](2020-03-07  05:31:28 pm)작업중 M코드정지 [d:61][t:01:23:00]
[I](2020-03-07  05:31:52 pm)작업중 정지 [d:61][t:01:23:25]
[I](2020-03-07  05:31:52 pm)    [LNo:0006] 001559/001929
[I](2020-03-07  05:31:52 pm)작업중 M코드정지 [d:61][t:01:23:25]
[I](2020-03-07  05:34:46 pm)작업중 정지 [d:63][t:01:26:18]
[I](2020-03-07  05:34:46 pm)    [LNo:0006] 001589/001929
[I](2020-03-07  05:36:14 pm)Reset
[I](2020-03-07  05:36:19 pm)작업 시작 [Start d:803]
[I](2020-03-07  05:36:19 pm)Nc File: [No.0007-696.NC]
[I](2020-03-07  05:36:19 pm)  * Start Machine Position
[I](2020-03-07  05:36:19 pm)    X:     97.2216
[I](2020-03-07  05:36:19 pm)    Y:   -384.9833
[I](2020-03-07  05:36:19 pm)    U:      0.0000
[I](2020-03-07  05:36:19 pm)    V:      0.0000
[I](2020-03-07  05:36:19 pm)    Z:     22.4382
[I](2020-03-07  05:36:19 pm)  * Angle
[I](2020-03-07  05:36:19 pm)    Ar:      0.0151,Kr:      0.0000
[I](2020-03-07  05:36:19 pm)    Taper_Ar:      0.0000
[I](2020-03-07  08:30:19 pm)작업중 정지 [d:171][t:02:53:59]
[I](2020-03-07  08:30:19 pm)    [LNo:0007] 000242/001171
[A](2020-03-07  08:33:51 pm)[053] Emergency Stop
[A](2020-03-07  08:33:51 pm)[005] READY Off(Alarm)
[I](2020-03-07  08:33:51 pm)    X:    346.8488
[I](2020-03-07  08:33:51 pm)    Y:   -346.6027
[I](2020-03-07  08:33:51 pm)    U:      0.0000
[I](2020-03-07  08:33:51 pm)    V:      0.0000
[I](2020-03-07  08:33:51 pm)    Z:     22.4382
[I](2020-03-07  08:48:52 pm)Ready On
[I](2020-03-07  08:50:47 pm)작업 재시작
[I](2020-03-07  11:34:45 pm)작업중 정지 [d:323][t:05:58:26]
[I](2020-03-07  11:34:45 pm)    [LNo:0007] 000481/001171
[I](2020-03-07  11:34:45 pm)작업중 M코드정지 [d:323][t:05:58:26]
