[I](2020-02-26  12:18:56 am)작업중 정지 [d:44][t:00:44:03]
[I](2020-02-26  12:18:56 am)    [LNo:0003] 000127/000143
[I](2020-02-26  12:18:56 am)작업중 M코드정지 [d:44][t:00:44:03]
[I](2020-02-26  12:19:26 am)작업중 정지 [d:44][t:00:44:34]
[I](2020-02-26  12:19:26 am)    [LNo:0003] 000133/000143
[I](2020-02-26  12:19:26 am)작업중 M코드정지 [d:44][t:00:44:34]
[I](2020-02-26  12:26:26 am)Reset
[I](2020-02-26  12:27:01 am)Reset
[I](2020-02-26  12:27:01 am)Reset
[I](2020-02-26  12:31:41 am)Reset
[I](2020-02-26  12:35:20 am)Reset
[I](2020-02-26  12:35:23 am)Reset
[I](2020-02-26  12:35:49 am)Reset
[I](2020-02-26  12:39:05 am)Reset
[I](2020-02-26  12:41:26 am)Reset
[I](2020-02-26  12:42:14 am)작업 시작 [Start d:0]
[I](2020-02-26  12:42:14 am)Nc File: [No.0006-345.NC]
[I](2020-02-26  12:42:14 am)  * Start Machine Position
[I](2020-02-26  12:42:14 am)    X:    206.8783
[I](2020-02-26  12:42:14 am)    Y:   -363.5971
[I](2020-02-26  12:42:14 am)    U:      0.0000
[I](2020-02-26  12:42:14 am)    V:      0.0000
[I](2020-02-26  12:42:14 am)    Z:     21.0570
[I](2020-02-26  12:42:14 am)  * Angle
[I](2020-02-26  12:42:14 am)    Ar:      0.1930,Kr:      0.0000
[I](2020-02-26  12:42:14 am)    Taper_Ar:      0.0000
[I](2020-02-26  12:54:04 am)작업중 정지 [d:11][t:00:11:50]
[I](2020-02-26  12:54:04 am)    [LNo:0006] 000044/000308
[I](2020-02-26  12:54:05 am)작업중 30sec 접촉 정지 [d:11][t:00:11:50]
[I](2020-02-26  12:57:06 am)작업 재시작
[I](2020-02-26  01:09:23 am)작업중 정지 [d:21][t:00:27:09]
[I](2020-02-26  01:09:23 am)    [LNo:0006] 000086/000308
[I](2020-02-26  01:09:23 am)작업중 30sec 접촉 정지 [d:21][t:00:27:09]
[I](2020-02-26  01:09:48 am)작업 재시작
[I](2020-02-26  01:09:54 am)작업중 정지 [d:21][t:00:27:39]
[I](2020-02-26  01:09:54 am)    [LNo:0006] 000086/000308
[I](2020-02-26  01:09:54 am)작업중 30sec 접촉 정지 [d:21][t:00:27:40]
[I](2020-02-26  01:10:21 am)작업 재시작
[I](2020-02-26  01:21:36 am)작업중 정지 [d:32][t:00:39:22]
[I](2020-02-26  01:21:36 am)    [LNo:0006] 000128/000308
[I](2020-02-26  01:21:36 am)작업중 30sec 접촉 정지 [d:32][t:00:39:22]
[I](2020-02-26  01:23:28 am)작업 재시작
[I](2020-02-26  01:34:37 am)작업중 정지 [d:43][t:00:52:23]
[I](2020-02-26  01:34:37 am)    [LNo:0006] 000170/000308
[I](2020-02-26  01:34:37 am)작업중 30sec 접촉 정지 [d:43][t:00:52:23]
[I](2020-02-26  01:35:50 am)작업 재시작
[I](2020-02-26  01:47:30 am)작업중 정지 [d:53][t:01:05:16]
[I](2020-02-26  01:47:30 am)    [LNo:0006] 000212/000308
[I](2020-02-26  01:47:30 am)작업중 30sec 접촉 정지 [d:53][t:01:05:16]
[I](2020-02-26  01:48:10 am)작업 재시작
[I](2020-02-26  01:59:24 am)작업중 정지 [d:63][t:01:17:10]
[I](2020-02-26  01:59:24 am)    [LNo:0006] 000254/000308
[I](2020-02-26  01:59:24 am)작업중 30sec 접촉 정지 [d:63][t:01:17:10]
[A](2020-02-26  01:59:42 am)[001] 와이어 미동작
[A](2020-02-26  01:59:43 am)[001] 와이어 미동작
[I](2020-02-26  01:59:46 am)작업 재시작
[I](2020-02-26  01:59:47 am)작업중 정지 [d:63][t:01:17:33]
[I](2020-02-26  01:59:47 am)    [LNo:0006] 000254/000308
[I](2020-02-26  02:00:16 am)작업 재시작
[I](2020-02-26  02:11:36 am)작업중 정지 [d:73][t:01:29:22]
[I](2020-02-26  02:11:36 am)    [LNo:0006] 000296/000308
[I](2020-02-26  02:11:36 am)작업중 30sec 접촉 정지 [d:73][t:01:29:22]
[I](2020-02-26  02:13:00 am)작업 재시작
[I](2020-02-26  02:13:08 am)작업중 정지 [d:73][t:01:30:54]
[I](2020-02-26  02:13:08 am)    [LNo:0006] 000298/000308
[I](2020-02-26  02:13:08 am)작업중 M코드정지 [d:73][t:01:30:54]
[I](2020-02-26  02:17:04 am)Reset
[A](2020-02-26  02:19:59 am)[001] 와이어 미동작
[I](2020-02-26  02:21:04 am)Reset
[I](2020-02-26  02:25:14 am)Reset
[I](2020-02-26  02:27:06 am)Reset
[I](2020-02-26  02:27:11 am)Reset
[I](2020-02-26  02:27:12 am)Reset
[I](2020-02-26  02:27:16 am)Reset
[I](2020-02-26  02:31:54 am)Reset
[I](2020-02-26  02:32:57 am)Reset
[I](2020-02-26  02:34:26 am)Reset
[I](2020-02-26  02:34:41 am)작업 시작 [Start d:73]
[I](2020-02-26  02:34:41 am)Nc File: [No.0005-277.NC]
[I](2020-02-26  02:34:41 am)  * Start Machine Position
[I](2020-02-26  02:34:41 am)    X:    257.7722
[I](2020-02-26  02:34:41 am)    Y:   -385.6624
[I](2020-02-26  02:34:41 am)    U:      0.0000
[I](2020-02-26  02:34:41 am)    V:      0.0000
[I](2020-02-26  02:34:41 am)    Z:     26.4610
[I](2020-02-26  02:34:41 am)  * Angle
[I](2020-02-26  02:34:41 am)    Ar:     -0.0132,Kr:      0.0000
[I](2020-02-26  02:34:41 am)    Taper_Ar:      0.0000
[I](2020-02-26  02:35:31 am)작업중 정지 [d:0][t:00:00:49]
[I](2020-02-26  02:35:31 am)    [LNo:0005] 000796/001911
[I](2020-02-26  02:36:20 am)Reset
[I](2020-02-26  02:36:29 am)작업 시작 [Start d:73]
[I](2020-02-26  02:36:29 am)Nc File: [No.0005-277.NC]
[I](2020-02-26  02:36:29 am)  * Start Machine Position
[I](2020-02-26  02:36:29 am)    X:    257.7722
[I](2020-02-26  02:36:29 am)    Y:   -385.6624
[I](2020-02-26  02:36:29 am)    U:      0.0000
[I](2020-02-26  02:36:29 am)    V:      0.0000
[I](2020-02-26  02:36:29 am)    Z:     26.4610
[I](2020-02-26  02:36:29 am)  * Angle
[I](2020-02-26  02:36:29 am)    Ar:     -0.0132,Kr:      0.0000
[I](2020-02-26  02:36:29 am)    Taper_Ar:      0.0000
[I](2020-02-26  03:12:08 am)작업중 정지 [d:-38][t:00:35:38]
[I](2020-02-26  03:12:08 am)    [LNo:0005] 000149/001911
[I](2020-02-26  03:12:08 am)작업중 M코드정지 [d:-38][t:00:35:38]
[I](2020-02-26  03:12:36 am)작업중 정지 [d:-37][t:00:36:06]
[I](2020-02-26  03:12:36 am)    [LNo:0005] 000151/001911
[I](2020-02-26  03:13:54 am)작업 재시작
[I](2020-02-26  03:22:33 am)작업중 정지 [d:-29][t:00:46:04]
[I](2020-02-26  03:22:33 am)    [LNo:0005] 000185/001911
[I](2020-02-26  03:22:33 am)작업중 M코드정지 [d:-29][t:00:46:04]
[I](2020-02-26  03:23:17 am)Reset
[I](2020-02-26  03:23:18 am)Reset
[I](2020-02-26  03:23:19 am)Reset
[I](2020-02-26  03:23:22 am)작업 시작 [Start d:44]
[I](2020-02-26  03:23:22 am)Nc File: [No.0005-277.NC]
[I](2020-02-26  03:23:22 am)  * Start Machine Position
[I](2020-02-26  03:23:22 am)    X:    257.7722
[I](2020-02-26  03:23:22 am)    Y:   -385.6624
[I](2020-02-26  03:23:22 am)    U:      0.0000
[I](2020-02-26  03:23:22 am)    V:      0.0000
[I](2020-02-26  03:23:22 am)    Z:     26.4610
[I](2020-02-26  03:23:22 am)  * Angle
[I](2020-02-26  03:23:22 am)    Ar:     -0.0132,Kr:      0.0000
[I](2020-02-26  03:23:22 am)    Taper_Ar:      0.0000
[I](2020-02-26  04:58:43 am)작업중 정지 [d:95][t:01:35:20]
[I](2020-02-26  04:58:43 am)    [LNo:0005] 000065/001911
[I](2020-02-26  04:58:43 am)작업중 M코드정지 [d:95][t:01:35:21]
[I](2020-02-26  05:39:16 am)작업중 정지 [d:95][t:02:15:54]
[I](2020-02-26  05:39:16 am)    [LNo:0005] 000067/001911
[I](2020-02-26  05:39:16 am)작업중 30sec 접촉 정지 [d:95][t:02:15:54]
[I](2020-02-26  05:39:57 am)작업 재시작
[I](2020-02-26  05:41:17 am)작업중 정지 [d:95][t:02:17:55]
[I](2020-02-26  05:41:17 am)    [LNo:0005] 000067/001911
[I](2020-02-26  05:41:33 am)작업 재시작
[I](2020-02-26  05:41:41 am)작업중 정지 [d:96][t:02:18:19]
[I](2020-02-26  05:41:41 am)    [LNo:0005] 000069/001911
[I](2020-02-26  05:41:41 am)작업중 M코드정지 [d:96][t:02:18:19]
[I](2020-02-26  06:01:34 am)작업중 정지 [d:116][t:02:38:11]
[I](2020-02-26  06:01:34 am)    [LNo:0005] 000122/001911
[I](2020-02-26  06:01:34 am)작업중 M코드정지 [d:116][t:02:38:11]
[I](2020-02-26  06:06:16 am)작업중 정지 [d:116][t:02:42:54]
[I](2020-02-26  06:06:16 am)    [LNo:0005] 000185/001911
[I](2020-02-26  06:41:10 am)작업중 정지 [d:151][t:03:17:47]
[I](2020-02-26  06:41:10 am)    [LNo:0005] 000206/001911
[I](2020-02-26  06:41:10 am)작업중 M코드정지 [d:151][t:03:17:48]
[I](2020-02-26  06:41:37 am)작업중 정지 [d:152][t:03:18:14]
[I](2020-02-26  06:41:37 am)    [LNo:0005] 000208/001911
[I](2020-02-26  06:41:37 am)작업중 30sec 접촉 정지 [d:152][t:03:18:14]
[I](2020-02-26  06:42:03 am)작업 재시작
[I](2020-02-26  06:42:11 am)작업중 정지 [d:152][t:03:18:49]
[I](2020-02-26  06:42:11 am)    [LNo:0005] 000210/001911
[I](2020-02-26  06:42:11 am)작업중 M코드정지 [d:152][t:03:18:49]
[I](2020-02-26  07:26:14 am)작업중 정지 [d:194][t:04:02:52]
[I](2020-02-26  07:26:14 am)    [LNo:0005] 000267/001911
[I](2020-02-26  07:26:14 am)작업중 M코드정지 [d:194][t:04:02:52]
[I](2020-02-26  08:11:21 am)작업중 정지 [d:236][t:04:47:58]
[I](2020-02-26  08:11:21 am)    [LNo:0005] 000322/001911
[I](2020-02-26  08:11:42 am)작업 재시작
[I](2020-02-26  08:11:46 am)작업중 정지 [d:236][t:04:48:24]
[I](2020-02-26  08:11:46 am)    [LNo:0005] 000324/001911
[I](2020-02-26  08:11:46 am)작업중 M코드정지 [d:236][t:04:48:24]
[I](2020-02-26  08:58:01 am)작업중 정지 [d:281][t:05:34:39]
[I](2020-02-26  08:58:01 am)    [LNo:0005] 000377/001911
[I](2020-02-26  08:58:01 am)작업중 M코드정지 [d:281][t:05:34:39]
[I](2020-02-26  08:59:31 am)작업중 정지 [d:281][t:05:36:08]
[I](2020-02-26  08:59:31 am)    [LNo:0005] 000379/001911
[I](2020-02-26  09:02:08 am)작업 재시작
[I](2020-02-26  09:02:12 am)작업중 정지 [d:281][t:05:38:49]
[I](2020-02-26  09:02:12 am)    [LNo:0005] 000381/001911
[I](2020-02-26  09:02:12 am)작업중 M코드정지 [d:281][t:05:38:49]
[I](2020-02-26  10:15:36 am)작업중 정지 [d:352][t:06:52:14]
[I](2020-02-26  10:15:36 am)    [LNo:0005] 000456/001911
[I](2020-02-26  10:15:36 am)작업중 M코드정지 [d:352][t:06:52:14]
[I](2020-02-26  10:15:59 am)작업중 정지 [d:352][t:06:52:37]
[I](2020-02-26  10:15:59 am)    [LNo:0005] 000458/001911
[I](2020-02-26  10:16:45 am)작업 재시작
[I](2020-02-26  10:16:50 am)작업중 정지 [d:352][t:06:53:27]
[I](2020-02-26  10:16:50 am)    [LNo:0005] 000460/001911
[I](2020-02-26  10:16:50 am)작업중 M코드정지 [d:352][t:06:53:27]
[I](2020-02-26  11:23:22 am)작업중 정지 [d:414][t:08:00:00]
[I](2020-02-26  11:23:22 am)    [LNo:0005] 000552/001911
[I](2020-02-26  11:23:22 am)작업중 M코드정지 [d:414][t:08:00:00]
[I](2020-02-26  11:23:40 am)작업중 정지 [d:414][t:08:00:17]
[I](2020-02-26  11:23:40 am)    [LNo:0005] 000554/001911
[I](2020-02-26  11:24:25 am)작업 재시작
[I](2020-02-26  11:24:28 am)작업중 정지 [d:414][t:08:01:06]
[I](2020-02-26  11:24:28 am)    [LNo:0005] 000556/001911
[I](2020-02-26  11:24:28 am)작업중 M코드정지 [d:414][t:08:01:06]
[I](2020-02-26  11:35:53 am)작업중 정지 [d:425][t:08:12:31]
[I](2020-02-26  11:35:53 am)    [LNo:0005] 000605/001911
[I](2020-02-26  11:35:53 am)작업중 M코드정지 [d:425][t:08:12:31]
[I](2020-02-26  11:47:53 am)작업중 정지 [d:435][t:08:24:30]
[I](2020-02-26  11:47:53 am)    [LNo:0005] 000697/001911
[I](2020-02-26  11:47:53 am)작업중 M코드정지 [d:435][t:08:24:31]
[I](2020-02-26  12:01:32 pm)작업중 정지 [d:445][t:08:38:10]
[I](2020-02-26  12:01:32 pm)    [LNo:0005] 000789/001911
[I](2020-02-26  12:01:32 pm)작업중 M코드정지 [d:445][t:08:38:10]
[I](2020-02-26  12:15:31 pm)작업중 정지 [d:456][t:08:52:08]
[I](2020-02-26  12:15:31 pm)    [LNo:0005] 000881/001911
[I](2020-02-26  12:15:31 pm)작업중 M코드정지 [d:456][t:08:52:08]
[A](2020-02-26  12:38:01 pm)[036] 자동결선 절단 공정 실패!!
[I](2020-02-26  12:39:35 pm)작업중 정지 [d:456][t:09:16:12]
[I](2020-02-26  12:39:35 pm)    [LNo:0005] 000866/001911
[I](2020-02-26  12:41:08 pm)작업중 정지 [d:457][t:09:17:45]
[I](2020-02-26  12:41:08 pm)    [LNo:0005] 000881/001911
[I](2020-02-26  12:41:08 pm)작업중 M코드정지 [d:457][t:09:17:46]
[I](2020-02-26  12:42:59 pm)작업중 정지 [d:457][t:09:19:36]
[I](2020-02-26  12:42:59 pm)    [LNo:0005] 000866/001911
[I](2020-02-26  12:43:55 pm)작업중 정지 [d:458][t:09:20:33]
[I](2020-02-26  12:43:55 pm)    [LNo:0005] 000882/001911
[I](2020-02-26  12:43:55 pm)작업중 M코드정지 [d:458][t:09:20:33]
[I](2020-02-26  12:57:09 pm)작업중 정지 [d:469][t:09:33:47]
[I](2020-02-26  12:57:09 pm)    [LNo:0005] 000973/001911
[I](2020-02-26  12:57:09 pm)작업중 M코드정지 [d:469][t:09:33:47]
[I](2020-02-26  12:59:02 pm)작업중 정지 [d:469][t:09:35:40]
[I](2020-02-26  12:59:02 pm)    [LNo:0005] 000958/001911
[I](2020-02-26  01:00:18 pm)작업중 정지 [d:470][t:09:36:56]
[I](2020-02-26  01:00:18 pm)    [LNo:0005] 000974/001911
[I](2020-02-26  01:00:18 pm)작업중 M코드정지 [d:470][t:09:36:56]
[I](2020-02-26  01:13:44 pm)작업중 정지 [d:482][t:09:50:22]
[I](2020-02-26  01:13:44 pm)    [LNo:0005] 001066/001911
[I](2020-02-26  01:13:44 pm)작업중 M코드정지 [d:482][t:09:50:22]
[I](2020-02-26  01:16:25 pm)작업중 정지 [d:482][t:09:53:03]
[I](2020-02-26  01:16:25 pm)    [LNo:0005] 001050/001911
[I](2020-02-26  01:33:12 pm)작업중 정지 [d:495][t:10:09:50]
[I](2020-02-26  01:33:12 pm)    [LNo:0005] 001185/001911
[I](2020-02-26  01:33:57 pm)작업 재시작
[I](2020-02-26  01:34:04 pm)작업중 정지 [d:495][t:10:10:42]
[I](2020-02-26  01:34:04 pm)    [LNo:0005] 001185/001911
[I](2020-02-26  01:34:14 pm)작업 재시작
[I](2020-02-26  01:50:04 pm)작업중 정지 [d:509][t:10:26:42]
[I](2020-02-26  01:50:04 pm)    [LNo:0005] 001272/001911
[I](2020-02-26  01:50:04 pm)작업중 M코드정지 [d:509][t:10:26:42]
[I](2020-02-26  01:52:20 pm)작업중 정지 [d:509][t:10:28:57]
[I](2020-02-26  01:52:20 pm)    [LNo:0005] 001273/001911
[I](2020-02-26  01:52:50 pm)작업 재시작
[I](2020-02-26  01:52:57 pm)작업중 정지 [d:509][t:10:29:35]
[I](2020-02-26  01:52:57 pm)    [LNo:0005] 001275/001911
[I](2020-02-26  01:52:58 pm)작업중 M코드정지 [d:509][t:10:29:35]
[I](2020-02-26  02:20:16 pm)작업중 정지 [d:534][t:10:56:54]
[I](2020-02-26  02:20:16 pm)    [LNo:0005] 001484/001911
[I](2020-02-26  02:29:41 pm)작업중 정지 [d:541][t:11:06:18]
[I](2020-02-26  02:29:41 pm)    [LNo:0005] 001500/001911
[I](2020-02-26  02:29:41 pm)작업중 M코드정지 [d:541][t:11:06:18]
[I](2020-02-26  02:31:10 pm)작업중 정지 [d:541][t:11:07:47]
[I](2020-02-26  02:31:10 pm)    [LNo:0005] 001501/001911
[I](2020-02-26  02:31:48 pm)작업 재시작
[I](2020-02-26  02:31:56 pm)작업중 정지 [d:541][t:11:08:34]
[I](2020-02-26  02:31:56 pm)    [LNo:0005] 001503/001911
[I](2020-02-26  02:31:56 pm)작업중 M코드정지 [d:541][t:11:08:34]
[I](2020-02-26  02:46:50 pm)작업중 정지 [d:550][t:11:23:27]
[I](2020-02-26  02:46:50 pm)    [LNo:0005] 001544/001911
[I](2020-02-26  02:46:50 pm)작업중 M코드정지 [d:550][t:11:23:27]
[I](2020-02-26  02:47:59 pm)작업중 정지 [d:550][t:11:24:37]
[I](2020-02-26  02:47:59 pm)    [LNo:0005] 001545/001911
[I](2020-02-26  02:48:37 pm)작업 재시작
[I](2020-02-26  02:48:45 pm)작업중 정지 [d:550][t:11:25:22]
[I](2020-02-26  02:48:45 pm)    [LNo:0005] 001547/001911
[I](2020-02-26  02:48:45 pm)작업중 M코드정지 [d:550][t:11:25:22]
[I](2020-02-26  03:26:29 pm)작업중 정지 [d:584][t:12:03:07]
[I](2020-02-26  03:26:29 pm)    [LNo:0005] 001680/001911
[I](2020-02-26  03:26:29 pm)작업중 M코드정지 [d:584][t:12:03:07]
[I](2020-02-26  03:35:36 pm)작업중 정지 [d:585][t:12:12:14]
[I](2020-02-26  03:35:36 pm)    [LNo:0005] 001681/001911
[I](2020-02-26  03:36:11 pm)작업 재시작
[I](2020-02-26  03:36:16 pm)작업중 정지 [d:585][t:12:12:54]
[I](2020-02-26  03:36:16 pm)    [LNo:0005] 001683/001911
[I](2020-02-26  03:36:16 pm)작업중 M코드정지 [d:585][t:12:12:54]
[I](2020-02-26  04:07:15 pm)작업중 정지 [d:614][t:12:43:53]
[I](2020-02-26  04:07:15 pm)    [LNo:0005] 001740/001911
[I](2020-02-26  04:07:15 pm)작업중 M코드정지 [d:614][t:12:43:53]
[I](2020-02-26  04:11:36 pm)작업중 정지 [d:615][t:12:48:14]
[I](2020-02-26  04:11:36 pm)    [LNo:0005] 001741/001911
[I](2020-02-26  04:11:36 pm)작업중 30sec 접촉 정지 [d:615][t:12:48:14]
[I](2020-02-26  04:12:39 pm)작업 재시작
[I](2020-02-26  04:12:56 pm)작업중 정지 [d:615][t:12:49:34]
[I](2020-02-26  04:12:56 pm)    [LNo:0005] 001743/001911
[I](2020-02-26  04:12:56 pm)작업중 M코드정지 [d:615][t:12:49:34]
[I](2020-02-26  04:42:23 pm)작업중 정지 [d:642][t:13:19:01]
[I](2020-02-26  04:42:23 pm)    [LNo:0005] 001802/001911
[I](2020-02-26  04:42:23 pm)작업중 M코드정지 [d:642][t:13:19:01]
[I](2020-02-26  04:44:19 pm)작업중 정지 [d:642][t:13:20:57]
[I](2020-02-26  04:44:19 pm)    [LNo:0005] 001803/001911
[I](2020-02-26  04:44:47 pm)작업 재시작
[I](2020-02-26  04:44:53 pm)작업중 정지 [d:642][t:13:21:31]
[I](2020-02-26  04:44:53 pm)    [LNo:0005] 001805/001911
[I](2020-02-26  04:44:53 pm)작업중 M코드정지 [d:642][t:13:21:31]
[I](2020-02-26  05:14:42 pm)작업중 정지 [d:670][t:13:51:19]
[I](2020-02-26  05:14:42 pm)    [LNo:0005] 001864/001911
[I](2020-02-26  05:14:42 pm)작업중 M코드정지 [d:670][t:13:51:20]
[I](2020-02-26  05:16:29 pm)작업중 정지 [d:670][t:13:53:06]
[I](2020-02-26  05:16:29 pm)    [LNo:0005] 001865/001911
[I](2020-02-26  05:17:07 pm)작업 재시작
[I](2020-02-26  05:17:12 pm)작업중 정지 [d:670][t:13:53:49]
[I](2020-02-26  05:17:12 pm)    [LNo:0005] 001867/001911
[I](2020-02-26  05:17:12 pm)작업중 M코드정지 [d:670][t:13:53:50]
[I](2020-02-26  05:25:45 pm)작업중 정지 [d:677][t:14:02:23]
[I](2020-02-26  05:25:45 pm)    [LNo:0005] 001907/001911
[I](2020-02-26  05:25:45 pm)작업중 M코드정지 [d:677][t:14:02:23]
[I](2020-02-26  05:34:06 pm)Reset
[I](2020-02-26  05:34:06 pm)Reset
[I](2020-02-26  05:34:10 pm)Reset
[I](2020-02-26  05:34:10 pm)Reset
[I](2020-02-26  05:34:11 pm)Reset
[I](2020-02-26  05:34:23 pm)Reset
[I](2020-02-26  06:27:55 pm)Reset
[I](2020-02-26  06:27:55 pm)Reset
[I](2020-02-26  06:28:00 pm)Reset
[I](2020-02-26  06:30:13 pm)Reset
[I](2020-02-26  06:30:14 pm)Reset
[I](2020-02-26  06:30:17 pm)Reset
[I](2020-02-26  06:30:22 pm)Reset
[I](2020-02-26  06:30:22 pm)Reset
[I](2020-02-26  06:30:23 pm)Reset
[I](2020-02-26  06:30:23 pm)Reset
[I](2020-02-26  07:12:40 pm)Reset
[I](2020-02-26  07:13:26 pm)Reset
[I](2020-02-26  07:15:43 pm)Reset
[I](2020-02-26  07:15:44 pm)Reset
[I](2020-02-26  07:21:04 pm)Reset
[I](2020-02-26  07:21:05 pm)Reset
[I](2020-02-26  07:25:07 pm)Reset
[I](2020-02-26  07:26:04 pm)Reset
[I](2020-02-26  07:26:08 pm)Reset
[I](2020-02-26  07:26:09 pm)Reset
[I](2020-02-26  07:30:17 pm)작업 시작 [Start d:0]
[I](2020-02-26  07:30:17 pm)Nc File: [No.0002-473.NC]
[I](2020-02-26  07:30:17 pm)  * Start Machine Position
[I](2020-02-26  07:30:17 pm)    X:    133.8769
[I](2020-02-26  07:30:17 pm)    Y:   -388.4960
[I](2020-02-26  07:30:17 pm)    U:      0.0000
[I](2020-02-26  07:30:17 pm)    V:      0.0000
[I](2020-02-26  07:30:17 pm)    Z:     48.3745
[I](2020-02-26  07:30:17 pm)  * Angle
[I](2020-02-26  07:30:17 pm)    Ar:      0.1299,Kr:      0.0000
[I](2020-02-26  07:30:17 pm)    Taper_Ar:      0.0000
[I](2020-02-26  07:30:33 pm)작업중 정지 [d:0][t:00:00:15]
[I](2020-02-26  07:30:33 pm)    [LNo:0002] 000010/000474
[I](2020-02-26  07:30:33 pm)작업중 M코드정지 [d:0][t:00:00:15]
[I](2020-02-26  10:03:43 pm)작업중 정지 [d:151][t:02:33:25]
[I](2020-02-26  10:03:43 pm)    [LNo:0002] 000043/000474
[I](2020-02-26  10:04:44 pm)작업 재시작
[I](2020-02-26  10:56:42 pm)작업중 정지 [d:1][t:03:26:24]
[I](2020-02-26  10:56:42 pm)    [LNo:0002] 000053/000474
[I](2020-02-26  10:56:42 pm)작업중 M코드정지 [d:1][t:03:26:24]
[I](2020-02-26  11:29:00 pm)작업중 정지 [d:30][t:03:58:42]
[I](2020-02-26  11:29:00 pm)    [LNo:0002] 000078/000474
[I](2020-02-26  11:29:00 pm)작업중 M코드정지 [d:30][t:03:58:42]
[I](2020-02-26  11:30:21 pm)작업중 정지 [d:30][t:04:00:03]
[I](2020-02-26  11:30:21 pm)    [LNo:0002] 000080/000474
[I](2020-02-26  11:30:21 pm)Wire Contact Auto Stop(M52)
[I](2020-02-26  11:30:40 pm)작업 재시작
[I](2020-02-26  11:30:47 pm)작업중 정지 [d:30][t:04:00:29]
[I](2020-02-26  11:30:47 pm)    [LNo:0002] 000081/000474
[I](2020-02-26  11:30:47 pm)작업중 M코드정지 [d:30][t:04:00:30]
[I](2020-02-26  11:31:43 pm)작업중 정지 [d:30][t:04:01:25]
[I](2020-02-26  11:31:43 pm)    [LNo:0002] 000090/000474
[A](2020-02-26  11:31:43 pm)[009] 자동결선 Error(M20-삽입실패)
[A](2020-02-26  11:36:28 pm)[001] 와이어 미동작
[A](2020-02-26  11:36:29 pm)[001] 와이어 미동작
[A](2020-02-26  11:36:58 pm)[037] 자동결선 잔여 WIRE 처리 실패!!
[I](2020-02-26  11:39:46 pm)작업중 정지 [d:32][t:04:09:28]
[I](2020-02-26  11:39:46 pm)    [LNo:0002] 000101/000474
[I](2020-02-26  11:39:46 pm)작업중 30sec 접촉 정지 [d:32][t:04:09:28]
[I](2020-02-26  11:40:32 pm)작업 재시작
[I](2020-02-26  11:58:03 pm)작업중 정지 [d:49][t:04:27:46]
[I](2020-02-26  11:58:03 pm)    [LNo:0002] 000105/000474
[I](2020-02-26  11:58:04 pm)작업중 M코드정지 [d:49][t:04:27:46]
[I](2020-02-26  11:59:45 pm)작업중 정지 [d:50][t:04:29:27]
[I](2020-02-26  11:59:45 pm)    [LNo:0002] 000106/000474
