[I](2021-02-16  12:40:16 am)작업중 정지 [d:159][t:02:44:40]
[I](2021-02-16  12:40:16 am)    [LNo:0007] 000251/001772
[I](2021-02-16  12:40:16 am)Wire Contact Auto Stop(M52)
[I](2021-02-16  12:43:24 am)작업 재시작
[I](2021-02-16  12:43:45 am)작업중 정지 [d:159][t:02:48:09]
[I](2021-02-16  12:43:45 am)    [LNo:0007] 000251/001772
[I](2021-02-16  12:44:25 am)작업 재시작
[I](2021-02-16  12:44:32 am)작업중 정지 [d:159][t:02:48:56]
[I](2021-02-16  12:44:32 am)    [LNo:0007] 000254/001772
[I](2021-02-16  12:44:32 am)작업중 M코드정지 [d:159][t:02:48:56]
[I](2021-02-16  02:18:40 am)작업중 정지 [d:252][t:04:23:04]
[I](2021-02-16  02:18:40 am)    [LNo:0007] 000384/001772
[I](2021-02-16  02:18:40 am)Wire Contact Auto Stop(M52)
[I](2021-02-16  02:19:12 am)작업 재시작
[I](2021-02-16  02:19:21 am)작업중 정지 [d:252][t:04:23:45]
[I](2021-02-16  02:19:21 am)    [LNo:0007] 000384/001772
[I](2021-02-16  02:19:57 am)작업 재시작
[I](2021-02-16  03:11:36 am)작업중 정지 [d:303][t:05:16:00]
[I](2021-02-16  03:11:36 am)    [LNo:0007] 000475/001772
[I](2021-02-16  03:11:36 am)작업중 30sec 접촉 정지 [d:303][t:05:16:00]
[I](2021-02-16  03:49:04 am)작업 재시작
[I](2021-02-16  04:05:17 am)작업중 정지 [d:319][t:06:09:41]
[I](2021-02-16  04:05:17 am)    [LNo:0007] 000506/001772
[I](2021-02-16  04:05:17 am)작업중 M코드정지 [d:319][t:06:09:41]
[I](2021-02-16  04:06:38 am)작업중 정지 [d:320][t:06:11:03]
[I](2021-02-16  04:06:38 am)    [LNo:0007] 000507/001772
[I](2021-02-16  04:06:39 am)Wire Contact Auto Stop(M52)
[I](2021-02-16  04:06:49 am)작업 재시작
[I](2021-02-16  04:07:08 am)작업중 정지 [d:320][t:06:11:32]
[I](2021-02-16  04:07:08 am)    [LNo:0007] 000508/001772
[I](2021-02-16  04:07:08 am)작업중 M코드정지 [d:320][t:06:11:32]
[I](2021-02-16  05:37:07 am)작업중 정지 [d:408][t:07:41:31]
[I](2021-02-16  05:37:07 am)    [LNo:0007] 000627/001772
[I](2021-02-16  05:37:07 am)작업중 M코드정지 [d:408][t:07:41:31]
[I](2021-02-16  06:15:39 am)작업중 정지 [d:409][t:08:20:03]
[I](2021-02-16  06:15:39 am)    [LNo:0007] 000628/001772
[I](2021-02-16  06:15:39 am)Wire Contact Auto Stop(M52)
[I](2021-02-16  06:20:10 am)작업 재시작
[I](2021-02-16  06:20:16 am)작업중 정지 [d:409][t:08:24:40]
[I](2021-02-16  06:20:16 am)    [LNo:0007] 000629/001772
[I](2021-02-16  06:20:16 am)작업중 M코드정지 [d:409][t:08:24:40]
[I](2021-02-16  07:45:58 am)작업중 정지 [d:493][t:09:50:22]
[I](2021-02-16  07:45:58 am)    [LNo:0007] 000748/001772
[I](2021-02-16  07:45:58 am)작업중 M코드정지 [d:493][t:09:50:22]
[I](2021-02-16  07:46:39 am)작업중 정지 [d:494][t:09:51:03]
[I](2021-02-16  07:46:39 am)    [LNo:0007] 000749/001772
[I](2021-02-16  07:46:39 am)Wire Contact Auto Stop(M52)
[A](2021-02-16  07:47:31 am)[001] 와이어 미동작
[I](2021-02-16  07:47:33 am)작업 재시작
[I](2021-02-16  07:47:39 am)작업중 정지 [d:494][t:09:52:04]
[I](2021-02-16  07:47:39 am)    [LNo:0007] 000750/001772
[I](2021-02-16  07:47:39 am)작업중 M코드정지 [d:494][t:09:52:04]
[I](2021-02-16  09:12:45 am)작업중 정지 [d:578][t:11:17:10]
[I](2021-02-16  09:12:45 am)    [LNo:0007] 000869/001772
[I](2021-02-16  09:12:46 am)작업중 M코드정지 [d:578][t:11:17:10]
[I](2021-02-16  09:28:16 am)작업중 정지 [d:578][t:11:32:40]
[I](2021-02-16  09:28:16 am)    [LNo:0007] 000870/001772
[I](2021-02-16  09:28:16 am)Wire Contact Auto Stop(M52)
[I](2021-02-16  09:29:42 am)작업 재시작
[I](2021-02-16  09:29:46 am)작업중 정지 [d:578][t:11:34:10]
[I](2021-02-16  09:29:46 am)    [LNo:0007] 000871/001772
[I](2021-02-16  09:29:46 am)작업중 M코드정지 [d:578][t:11:34:10]
[I](2021-02-16  10:55:21 am)작업중 정지 [d:663][t:12:59:45]
[I](2021-02-16  10:55:21 am)    [LNo:0007] 001002/001772
[I](2021-02-16  10:55:21 am)작업중 M코드정지 [d:663][t:12:59:45]
[I](2021-02-16  10:55:51 am)작업중 정지 [d:663][t:13:00:15]
[I](2021-02-16  10:55:51 am)    [LNo:0007] 001003/001772
[I](2021-02-16  10:55:51 am)Wire Contact Auto Stop(M52)
[I](2021-02-16  10:56:58 am)작업 재시작
[I](2021-02-16  10:57:03 am)작업중 정지 [d:663][t:13:01:27]
[I](2021-02-16  10:57:03 am)    [LNo:0007] 001004/001772
[I](2021-02-16  10:57:03 am)작업중 M코드정지 [d:663][t:13:01:27]
[I](2021-02-16  12:22:25 pm)작업중 정지 [d:747][t:14:26:49]
[I](2021-02-16  12:22:25 pm)    [LNo:0007] 001135/001772
[I](2021-02-16  12:22:25 pm)작업중 M코드정지 [d:747][t:14:26:49]
[I](2021-02-16  12:31:47 pm)작업중 정지 [d:747][t:14:36:11]
[I](2021-02-16  12:31:47 pm)    [LNo:0007] 001136/001772
[I](2021-02-16  12:31:47 pm)Wire Contact Auto Stop(M52)
[I](2021-02-16  12:33:15 pm)작업 재시작
[I](2021-02-16  12:33:22 pm)작업중 정지 [d:748][t:14:37:46]
[I](2021-02-16  12:33:22 pm)    [LNo:0007] 001137/001772
[I](2021-02-16  12:33:22 pm)작업중 M코드정지 [d:748][t:14:37:46]
[I](2021-02-16  02:01:41 pm)작업중 정지 [d:835][t:16:06:06]
[I](2021-02-16  02:01:41 pm)    [LNo:0007] 001256/001772
[I](2021-02-16  02:01:41 pm)작업중 M코드정지 [d:835][t:16:06:06]
[I](2021-02-16  02:02:14 pm)작업중 정지 [d:835][t:16:06:38]
[I](2021-02-16  02:02:14 pm)    [LNo:0007] 001258/001772
[I](2021-02-16  02:02:14 pm)작업중 M코드정지 [d:835][t:16:06:38]
[I](2021-02-16  03:28:27 pm)작업중 정지 [d:919][t:17:32:51]
[I](2021-02-16  03:28:27 pm)    [LNo:0007] 001389/001772
[I](2021-02-16  03:28:27 pm)작업중 M코드정지 [d:919][t:17:32:51]
[I](2021-02-16  03:29:03 pm)작업중 정지 [d:919][t:17:33:27]
[I](2021-02-16  03:29:03 pm)    [LNo:0007] 001390/001772
[I](2021-02-16  03:29:03 pm)Wire Contact Auto Stop(M52)
[I](2021-02-16  03:30:07 pm)작업 재시작
[I](2021-02-16  03:30:11 pm)작업중 정지 [d:919][t:17:34:35]
[I](2021-02-16  03:30:11 pm)    [LNo:0007] 001391/001772
[I](2021-02-16  03:30:11 pm)작업중 M코드정지 [d:919][t:17:34:35]
[I](2021-02-16  04:56:09 pm)작업중 정지 [d:1003][t:19:00:33]
[I](2021-02-16  04:56:09 pm)    [LNo:0007] 001522/001772
[I](2021-02-16  04:56:09 pm)작업중 M코드정지 [d:1003][t:19:00:33]
[I](2021-02-16  04:56:40 pm)작업중 정지 [d:1003][t:19:01:04]
[I](2021-02-16  04:56:40 pm)    [LNo:0007] 001523/001772
[I](2021-02-16  04:56:40 pm)Wire Contact Auto Stop(M52)
[I](2021-02-16  05:00:16 pm)작업 재시작
[I](2021-02-16  05:00:21 pm)작업중 정지 [d:1004][t:19:04:45]
[I](2021-02-16  05:00:21 pm)    [LNo:0007] 001524/001772
[I](2021-02-16  05:00:21 pm)작업중 M코드정지 [d:1004][t:19:04:45]
[I](2021-02-16  07:09:17 pm)작업중 정지 [d:1132][t:21:13:42]
[I](2021-02-16  07:09:17 pm)    [LNo:0007] 001550/001772
[A](2021-02-16  07:09:17 pm)[093] 보빈 와이어 단선
[I](2021-02-16  07:09:18 pm)작업중 Wire 단선 [d:1132][t:21:13:42]
[I](2021-02-16  07:26:41 pm)작업 재시작
