[I](2021-07-25  08:14:30 am)작업중 정지 [d:269][t:15:36:11]
[I](2021-07-25  08:14:30 am)    [LNo:0003] 000269/000747
[I](2021-07-25  08:14:30 am)작업중 M코드정지 [d:269][t:15:36:11]
[I](2021-07-25  08:16:39 am)작업중 정지 [d:270][t:15:38:20]
[I](2021-07-25  08:16:39 am)    [LNo:0003] 000282/000747
[I](2021-07-25  08:16:39 am)작업중 M코드정지 [d:270][t:15:38:20]
[I](2021-07-25  08:17:16 am)작업중 정지 [d:270][t:15:38:57]
[I](2021-07-25  08:17:16 am)    [LNo:0003] 000283/000747
[I](2021-07-25  08:17:16 am)Wire Contact Auto Stop(M52)
[I](2021-07-25  08:17:31 am)작업 재시작
[I](2021-07-25  08:19:57 am)작업중 정지 [d:271][t:15:41:38]
[I](2021-07-25  08:19:57 am)    [LNo:0003] 000303/000747
[I](2021-07-25  08:19:57 am)작업중 M코드정지 [d:271][t:15:41:38]
[I](2021-07-25  08:20:15 am)작업중 정지 [d:271][t:15:41:56]
[I](2021-07-25  08:20:15 am)    [LNo:0003] 000304/000747
[I](2021-07-25  08:20:15 am)Wire Contact Auto Stop(M52)
[I](2021-07-25  08:20:46 am)작업 재시작
[I](2021-07-25  08:21:01 am)작업중 정지 [d:271][t:15:42:42]
[I](2021-07-25  08:21:01 am)    [LNo:0003] 000306/000747
[I](2021-07-25  08:21:15 am)작업 재시작
[I](2021-07-25  08:22:41 am)작업중 정지 [d:271][t:15:44:22]
[I](2021-07-25  08:22:41 am)    [LNo:0003] 000322/000747
[I](2021-07-25  08:22:41 am)작업중 30sec 접촉 정지 [d:271][t:15:44:22]
[I](2021-07-25  08:23:15 am)작업 재시작
[I](2021-07-25  08:24:12 am)작업중 정지 [d:272][t:15:45:53]
[I](2021-07-25  08:24:12 am)    [LNo:0003] 000325/000747
[I](2021-07-25  08:24:12 am)작업중 M코드정지 [d:272][t:15:45:53]
[I](2021-07-25  08:25:13 am)작업중 정지 [d:272][t:15:46:53]
[I](2021-07-25  08:25:13 am)    [LNo:0003] 000328/000747
[I](2021-07-25  08:25:33 am)작업 재시작
[I](2021-07-25  08:27:18 am)작업중 정지 [d:273][t:15:48:59]
[I](2021-07-25  08:27:18 am)    [LNo:0003] 000344/000747
[I](2021-07-25  08:27:18 am)작업중 30sec 접촉 정지 [d:273][t:15:48:59]
[I](2021-07-25  08:27:51 am)작업 재시작
[I](2021-07-25  08:28:48 am)작업중 정지 [d:274][t:15:50:29]
[I](2021-07-25  08:28:48 am)    [LNo:0003] 000347/000747
[I](2021-07-25  08:28:48 am)작업중 M코드정지 [d:274][t:15:50:29]
[I](2021-07-25  08:29:06 am)작업중 정지 [d:274][t:15:50:47]
[I](2021-07-25  08:29:06 am)    [LNo:0003] 000348/000747
[I](2021-07-25  08:29:31 am)작업 재시작
[I](2021-07-25  08:31:12 am)작업중 정지 [d:274][t:15:52:53]
[I](2021-07-25  08:31:12 am)    [LNo:0003] 000366/000747
[I](2021-07-25  08:31:12 am)작업중 30sec 접촉 정지 [d:274][t:15:52:53]
[I](2021-07-25  08:31:41 am)작업 재시작
[I](2021-07-25  08:31:46 am)작업중 정지 [d:274][t:15:53:27]
[I](2021-07-25  08:31:46 am)    [LNo:0003] 000366/000747
[I](2021-07-25  08:31:46 am)작업중 30sec 접촉 정지 [d:274][t:15:53:27]
[I](2021-07-25  08:32:03 am)작업 재시작
[I](2021-07-25  08:33:03 am)작업중 정지 [d:275][t:15:54:44]
[I](2021-07-25  08:33:03 am)    [LNo:0003] 000369/000747
[I](2021-07-25  08:33:03 am)작업중 M코드정지 [d:275][t:15:54:44]
[I](2021-07-25  08:33:21 am)작업중 정지 [d:276][t:15:55:02]
[I](2021-07-25  08:33:21 am)    [LNo:0003] 000370/000747
[I](2021-07-25  08:33:42 am)작업 재시작
[I](2021-07-25  09:49:53 am)작업중 정지 [d:341][t:17:11:34]
[I](2021-07-25  09:49:53 am)    [LNo:0003] 000648/000747
[I](2021-07-25  09:49:53 am)작업중 M코드정지 [d:341][t:17:11:34]
[I](2021-07-25  09:51:27 am)작업중 정지 [d:341][t:17:13:07]
[I](2021-07-25  09:51:27 am)    [LNo:0003] 000655/000747
[A](2021-07-25  09:51:27 am)[001] 와이어 미동작
[A](2021-07-25  09:52:09 am)[001] 와이어 미동작
[A](2021-07-25  09:52:10 am)[001] 와이어 미동작
[I](2021-07-25  09:57:33 am)작업중 정지 [d:346][t:17:19:14]
[I](2021-07-25  09:57:33 am)    [LNo:0003] 000665/000747
[I](2021-07-25  09:57:33 am)작업중 M코드정지 [d:346][t:17:19:14]
[I](2021-07-25  10:04:19 am)작업중 정지 [d:352][t:17:26:00]
[I](2021-07-25  10:04:19 am)    [LNo:0003] 000688/000747
[A](2021-07-25  10:04:19 am)[008] 작업중 단선(AWF Feed Motor Stop )
[I](2021-07-25  10:04:19 am)작업중 Wire 단선 [d:352][t:17:26:00]
[I](2021-07-25  10:04:57 am)작업 재시작
[I](2021-07-25  10:24:03 am)작업중 정지 [d:367][t:17:45:44]
[I](2021-07-25  10:24:03 am)    [LNo:0003] 000736/000747
[A](2021-07-25  10:24:03 am)[008] 작업중 단선(AWF Feed Motor Stop )
[I](2021-07-25  10:24:03 am)작업중 Wire 단선 [d:367][t:17:45:44]
[I](2021-07-25  10:24:14 am)작업 재시작
[I](2021-07-25  10:24:14 am)작업중 정지 [d:367][t:17:45:55]
[I](2021-07-25  10:24:14 am)    [LNo:0003] 000736/000747
[I](2021-07-25  10:24:14 am)Wire Contact Auto Stop(M52)
[I](2021-07-25  10:31:27 am)작업 재시작
[I](2021-07-25  10:31:31 am)작업중 정지 [d:367][t:17:53:12]
[I](2021-07-25  10:31:31 am)    [LNo:0003] 000736/000747
[I](2021-07-25  10:34:38 am)Reset
[I](2021-07-25  10:37:12 am)Reset
[I](2021-07-25  10:39:43 am)Reset
[I](2021-07-25  10:39:47 am)Reset
[I](2021-07-25  10:39:48 am)Reset
[I](2021-07-25  10:39:48 am)Reset
[I](2021-07-25  10:43:17 am)Reset
[I](2021-07-25  10:46:03 am)Reset
[I](2021-07-25  10:47:14 am)작업 시작 [Start d:0]
[I](2021-07-25  10:47:14 am)Nc File: [No.0005-395.NC]
[I](2021-07-25  10:47:14 am)  * Start Machine Position
[I](2021-07-25  10:47:14 am)    X:    122.5747
[I](2021-07-25  10:47:14 am)    Y:   -320.1847
[I](2021-07-25  10:47:14 am)    U:      0.0000
[I](2021-07-25  10:47:14 am)    V:      0.0000
[I](2021-07-25  10:47:14 am)    Z:     23.3037
[I](2021-07-25  10:47:14 am)  * Angle
[I](2021-07-25  10:47:14 am)    Ar:     -0.2549,Kr:      0.0000
[I](2021-07-25  10:47:14 am)    Taper_Ar:      0.0000
[I](2021-07-25  10:52:00 am)작업중 정지 [d:5][t:00:04:45]
[I](2021-07-25  10:52:00 am)    [LNo:0005] 000018/000067
[A](2021-07-25  10:52:00 am)[008] 작업중 단선(AWF Feed Motor Stop )
[I](2021-07-25  10:52:00 am)작업중 Wire 단선 [d:5][t:00:04:45]
[I](2021-07-25  10:53:11 am)작업 재시작
[I](2021-07-25  11:00:42 am)작업중 정지 [d:13][t:00:13:27]
[I](2021-07-25  11:00:42 am)    [LNo:0005] 000030/000067
[I](2021-07-25  11:00:42 am)작업중 M코드정지 [d:13][t:00:13:27]
[I](2021-07-25  11:01:55 am)작업중 정지 [d:13][t:00:14:40]
[I](2021-07-25  11:01:55 am)    [LNo:0005] 000031/000067
[I](2021-07-25  11:02:15 am)작업 재시작
[I](2021-07-25  11:02:24 am)작업중 정지 [d:14][t:00:15:09]
[I](2021-07-25  11:02:24 am)    [LNo:0005] 000034/000067
[I](2021-07-25  11:02:24 am)작업중 M코드정지 [d:14][t:00:15:10]
[I](2021-07-25  11:06:48 am)작업중 정지 [d:18][t:00:19:33]
[I](2021-07-25  11:06:48 am)    [LNo:0005] 000062/000067
[I](2021-07-25  11:08:14 am)Reset
[I](2021-07-25  11:08:15 am)Reset
[I](2021-07-25  11:08:25 am)작업 시작 [Start d:18]
[I](2021-07-25  11:08:25 am)Nc File: [No.0005-395.NC]
[I](2021-07-25  11:08:25 am)  * Start Machine Position
[I](2021-07-25  11:08:25 am)    X:    122.5747
[I](2021-07-25  11:08:25 am)    Y:   -320.1847
[I](2021-07-25  11:08:25 am)    U:      0.0000
[I](2021-07-25  11:08:25 am)    V:      0.0000
[I](2021-07-25  11:08:25 am)    Z:     23.3037
[I](2021-07-25  11:08:25 am)  * Angle
[I](2021-07-25  11:08:25 am)    Ar:     -0.2549,Kr:      0.0000
[I](2021-07-25  11:08:25 am)    Taper_Ar:      0.0000
[I](2021-07-25  11:10:31 am)작업중 정지 [d:1][t:00:02:05]
[I](2021-07-25  11:10:31 am)    [LNo:0005] 000062/000067
[I](2021-07-25  11:15:01 am)Reset
[I](2021-07-25  11:20:01 am)Reset
[I](2021-07-25  11:20:02 am)Reset
[I](2021-07-25  11:24:04 am)Reset
[I](2021-07-25  11:24:21 am)Reset
[I](2021-07-25  11:25:01 am)작업 시작 [Start d:19]
[I](2021-07-25  11:25:01 am)Nc File: [No.0005-395.NC]
[I](2021-07-25  11:25:01 am)  * Start Machine Position
[I](2021-07-25  11:25:01 am)    X:    182.4399
[I](2021-07-25  11:25:01 am)    Y:   -336.8419
[I](2021-07-25  11:25:01 am)    U:      0.0000
[I](2021-07-25  11:25:01 am)    V:      0.0000
[I](2021-07-25  11:25:01 am)    Z:     23.3037
[I](2021-07-25  11:25:01 am)  * Angle
[I](2021-07-25  11:25:01 am)    Ar:     -0.1779,Kr:      0.0000
[I](2021-07-25  11:25:01 am)    Taper_Ar:      0.0000
[I](2021-07-25  11:33:58 am)작업중 정지 [d:9][t:00:08:57]
[I](2021-07-25  11:33:58 am)    [LNo:0005] 000030/000067
[I](2021-07-25  11:33:58 am)작업중 M코드정지 [d:9][t:00:08:57]
[I](2021-07-25  11:34:19 am)작업중 정지 [d:10][t:00:09:18]
[I](2021-07-25  11:34:19 am)    [LNo:0005] 000031/000067
[I](2021-07-25  11:34:39 am)작업 재시작
[I](2021-07-25  11:34:49 am)작업중 정지 [d:10][t:00:09:48]
[I](2021-07-25  11:34:49 am)    [LNo:0005] 000034/000067
[I](2021-07-25  11:34:49 am)작업중 M코드정지 [d:10][t:00:09:48]
[I](2021-07-25  11:39:47 am)작업중 정지 [d:15][t:00:14:46]
[I](2021-07-25  11:39:47 am)    [LNo:0005] 000061/000067
[I](2021-07-25  11:39:47 am)작업중 M코드정지 [d:15][t:00:14:46]
[I](2021-07-25  11:39:56 am)Reset
[I](2021-07-25  11:40:02 am)작업 시작 [Start d:34]
[I](2021-07-25  11:40:02 am)Nc File: [No.0005-395.NC]
[I](2021-07-25  11:40:02 am)  * Start Machine Position
[I](2021-07-25  11:40:02 am)    X:    182.4399
[I](2021-07-25  11:40:02 am)    Y:   -336.8419
[I](2021-07-25  11:40:02 am)    U:      0.0000
[I](2021-07-25  11:40:02 am)    V:      0.0000
[I](2021-07-25  11:40:02 am)    Z:     23.3037
[I](2021-07-25  11:40:02 am)  * Angle
[I](2021-07-25  11:40:02 am)    Ar:     -0.1779,Kr:      0.0000
[I](2021-07-25  11:40:02 am)    Taper_Ar:      0.0000
[I](2021-07-25  11:41:46 am)작업중 정지 [d:2][t:00:01:43]
[I](2021-07-25  11:41:46 am)    [LNo:0005] 000061/000067
[I](2021-07-25  11:41:46 am)작업중 M코드정지 [d:2][t:00:01:43]
[A](2021-07-25  11:42:16 am)[037] 자동결선 잔여 WIRE 처리 실패!!
[I](2021-07-25  11:53:55 am)Reset
[I](2021-07-25  11:57:29 am)Reset
[I](2021-07-25  12:03:14 pm)Reset
[I](2021-07-25  12:03:17 pm)Reset
[I](2021-07-25  12:07:50 pm)Reset
[I](2021-07-25  12:11:08 pm)Reset
[I](2021-07-25  12:11:41 pm)Reset
[I](2021-07-25  12:12:12 pm)Reset
[I](2021-07-25  12:12:34 pm)Reset
[I](2021-07-25  12:13:27 pm)작업 시작 [Start d:36]
[I](2021-07-25  12:13:27 pm)Nc File: [No.0006-396.NC]
[I](2021-07-25  12:13:27 pm)  * Start Machine Position
[I](2021-07-25  12:13:27 pm)    X:    253.3951
[I](2021-07-25  12:13:27 pm)    Y:   -246.4793
[I](2021-07-25  12:13:27 pm)    U:      0.0000
[I](2021-07-25  12:13:27 pm)    V:      0.0000
[I](2021-07-25  12:13:27 pm)    Z:     30.4582
[I](2021-07-25  12:13:27 pm)  * Angle
[I](2021-07-25  12:13:27 pm)    Ar:     -0.0315,Kr:      0.0000
[I](2021-07-25  12:13:27 pm)    Taper_Ar:      0.0000
[I](2021-07-25  12:14:10 pm)작업중 정지 [d:0][t:00:00:43]
[I](2021-07-25  12:14:10 pm)    [LNo:0006] 000013/000364
[I](2021-07-25  12:14:16 pm)작업중 정지 [d:0][t:00:00:48]
[I](2021-07-25  12:14:16 pm)    [LNo:0006] 000015/000364
[I](2021-07-25  12:14:45 pm)작업중 정지 [d:0][t:00:01:17]
[I](2021-07-25  12:14:45 pm)    [LNo:0006] 000033/000364
[I](2021-07-25  12:46:09 pm)작업중 정지 [d:31][t:00:32:41]
[I](2021-07-25  12:46:09 pm)    [LNo:0006] 000060/000364
[I](2021-07-25  12:46:09 pm)작업중 M코드정지 [d:31][t:00:32:41]
[I](2021-07-25  12:53:39 pm)작업중 정지 [d:31][t:00:40:11]
[I](2021-07-25  12:53:39 pm)    [LNo:0006] 000064/000364
[I](2021-07-25  12:53:39 pm)작업중 M코드정지 [d:31][t:00:40:11]
[I](2021-07-25  01:01:26 pm)작업중 정지 [d:38][t:00:47:58]
[I](2021-07-25  01:01:26 pm)    [LNo:0006] 000089/000364
[A](2021-07-25  01:01:26 pm)[011] 자동결선 Error(M21-잔여와이어 처리실패)
[A](2021-07-25  01:01:58 pm)[036] 자동결선 절단 공정 실패!!
[I](2021-07-25  01:34:49 pm)작업중 정지 [d:69][t:01:21:21]
[I](2021-07-25  01:34:49 pm)    [LNo:0006] 000116/000364
[I](2021-07-25  01:34:49 pm)작업중 M코드정지 [d:69][t:01:21:21]
[I](2021-07-25  01:35:20 pm)작업중 정지 [d:70][t:01:21:52]
[I](2021-07-25  01:35:20 pm)    [LNo:0006] 000120/000364
[I](2021-07-25  01:35:20 pm)작업중 M코드정지 [d:70][t:01:21:52]
[I](2021-07-25  01:35:50 pm)작업중 정지 [d:70][t:01:22:22]
[I](2021-07-25  01:35:50 pm)    [LNo:0006] 000129/000364
[A](2021-07-25  01:35:50 pm)[001] 와이어 미동작
[I](2021-07-25  01:47:10 pm)작업중 정지 [d:80][t:01:33:42]
[I](2021-07-25  01:47:10 pm)    [LNo:0006] 000161/000364
[A](2021-07-25  01:47:10 pm)[008] 작업중 단선(AWF Feed Motor Stop )
[I](2021-07-25  01:47:10 pm)작업중 Wire 단선 [d:80][t:01:33:42]
[I](2021-07-25  01:48:22 pm)작업 재시작
[I](2021-07-25  01:50:34 pm)작업중 정지 [d:82][t:01:37:06]
[I](2021-07-25  01:50:34 pm)    [LNo:0006] 000164/000364
[I](2021-07-25  01:50:34 pm)작업중 M코드정지 [d:82][t:01:37:06]
[I](2021-07-25  01:51:50 pm)작업중 정지 [d:82][t:01:38:23]
[I](2021-07-25  01:51:50 pm)    [LNo:0006] 000167/000364
[I](2021-07-25  01:51:50 pm)작업중 M코드정지 [d:82][t:01:38:23]
[I](2021-07-25  01:58:52 pm)작업중 정지 [d:88][t:01:45:24]
[I](2021-07-25  01:58:52 pm)    [LNo:0006] 000206/000364
[I](2021-07-25  01:58:52 pm)작업중 M코드정지 [d:88][t:01:45:24]
[I](2021-07-25  02:00:41 pm)작업중 정지 [d:88][t:01:47:13]
[I](2021-07-25  02:00:41 pm)    [LNo:0006] 000207/000364
[I](2021-07-25  02:00:59 pm)작업 재시작
[I](2021-07-25  02:14:51 pm)작업중 정지 [d:100][t:02:01:23]
[I](2021-07-25  02:14:51 pm)    [LNo:0006] 000271/000364
[I](2021-07-25  02:14:51 pm)작업중 M코드정지 [d:100][t:02:01:23]
[I](2021-07-25  02:17:25 pm)작업중 정지 [d:101][t:02:03:57]
[I](2021-07-25  02:17:25 pm)    [LNo:0006] 000274/000364
[I](2021-07-25  02:17:25 pm)작업중 M코드정지 [d:101][t:02:03:57]
[I](2021-07-25  02:28:07 pm)작업중 정지 [d:110][t:02:14:39]
[I](2021-07-25  02:28:07 pm)    [LNo:0006] 000360/000364
[I](2021-07-25  02:28:07 pm)작업중 M코드정지 [d:110][t:02:14:39]
[I](2021-07-25  02:49:34 pm)Reset
[I](2021-07-25  02:49:34 pm)Reset
[I](2021-07-25  02:49:40 pm)Reset
[I](2021-07-25  02:53:01 pm)Reset
[I](2021-07-25  02:55:47 pm)Reset
[A](2021-07-25  02:56:17 pm)[037] 자동결선 잔여 WIRE 처리 실패!!
[I](2021-07-25  02:59:52 pm)Reset
[I](2021-07-25  03:02:30 pm)Reset
[I](2021-07-25  03:03:12 pm)Reset
[I](2021-07-25  03:03:12 pm)Reset
[I](2021-07-25  03:04:02 pm)Reset
[I](2021-07-25  03:04:29 pm)Reset
[I](2021-07-25  03:06:09 pm)작업 시작 [Start d:146]
[I](2021-07-25  03:06:09 pm)Nc File: [No.0003-359.NC]
[I](2021-07-25  03:06:09 pm)  * Start Machine Position
[I](2021-07-25  03:06:09 pm)    X:    237.9174
[I](2021-07-25  03:06:09 pm)    Y:   -251.1382
[I](2021-07-25  03:06:09 pm)    U:      0.0000
[I](2021-07-25  03:06:09 pm)    V:      0.0000
[I](2021-07-25  03:06:09 pm)    Z:     28.0767
[I](2021-07-25  03:06:09 pm)  * Angle
[I](2021-07-25  03:06:09 pm)    Ar:     -0.0176,Kr:      0.0000
[I](2021-07-25  03:06:09 pm)    Taper_Ar:      0.0000
[I](2021-07-25  03:06:29 pm)작업중 정지 [d:0][t:00:00:20]
[I](2021-07-25  03:06:29 pm)    [LNo:0003] 000010/000791
[I](2021-07-25  03:06:30 pm)작업중 M코드정지 [d:0][t:00:00:20]
[A](2021-07-25  03:10:18 pm)[037] 자동결선 잔여 WIRE 처리 실패!!
[I](2021-07-25  03:34:20 pm)작업중 정지 [d:23][t:00:28:11]
[I](2021-07-25  03:34:20 pm)    [LNo:0003] 000079/000791
[I](2021-07-25  03:34:20 pm)작업중 M코드정지 [d:23][t:00:28:11]
[I](2021-07-25  03:34:37 pm)작업중 정지 [d:23][t:00:28:27]
[I](2021-07-25  03:34:37 pm)    [LNo:0003] 000080/000791
[I](2021-07-25  03:34:37 pm)Wire Contact Auto Stop(M52)
[I](2021-07-25  03:35:00 pm)작업 재시작
[I](2021-07-25  03:35:02 pm)작업중 정지 [d:23][t:00:28:52]
[I](2021-07-25  03:35:02 pm)    [LNo:0003] 000081/000791
[I](2021-07-25  03:35:02 pm)작업중 M코드정지 [d:23][t:00:28:53]
[I](2021-07-25  03:54:29 pm)작업중 정지 [d:41][t:00:48:19]
[I](2021-07-25  03:54:29 pm)    [LNo:0003] 000153/000791
[I](2021-07-25  03:54:29 pm)작업중 M코드정지 [d:41][t:00:48:19]
[I](2021-07-25  03:55:01 pm)작업중 정지 [d:41][t:00:48:51]
[I](2021-07-25  03:55:01 pm)    [LNo:0003] 000155/000791
[I](2021-07-25  03:55:01 pm)작업중 M코드정지 [d:41][t:00:48:51]
[I](2021-07-25  04:12:52 pm)작업중 정지 [d:58][t:01:06:42]
[I](2021-07-25  04:12:52 pm)    [LNo:0003] 000217/000791
[I](2021-07-25  04:12:52 pm)작업중 M코드정지 [d:58][t:01:06:42]
[I](2021-07-25  04:13:31 pm)작업중 정지 [d:58][t:01:07:22]
[I](2021-07-25  04:13:31 pm)    [LNo:0003] 000219/000791
[I](2021-07-25  04:13:31 pm)작업중 M코드정지 [d:58][t:01:07:22]
[I](2021-07-25  04:19:10 pm)작업중 정지 [d:61][t:01:13:01]
[I](2021-07-25  04:19:10 pm)    [LNo:0003] 000266/000791
[I](2021-07-25  04:19:10 pm)작업중 M코드정지 [d:61][t:01:13:01]
[I](2021-07-25  04:19:27 pm)작업중 정지 [d:62][t:01:13:17]
[I](2021-07-25  04:19:27 pm)    [LNo:0003] 000268/000791
[I](2021-07-25  04:19:27 pm)작업중 M코드정지 [d:62][t:01:13:17]
[I](2021-07-25  04:19:59 pm)작업중 정지 [d:62][t:01:13:50]
[I](2021-07-25  04:19:59 pm)    [LNo:0003] 000286/000791
[I](2021-07-25  04:19:59 pm)작업중 M코드정지 [d:62][t:01:13:50]
[I](2021-07-25  04:20:10 pm)작업중 정지 [d:62][t:01:14:01]
[I](2021-07-25  04:20:10 pm)    [LNo:0003] 000293/000791
[I](2021-07-25  04:20:10 pm)작업중 M코드정지 [d:62][t:01:14:01]
[I](2021-07-25  04:20:39 pm)작업중 정지 [d:63][t:01:14:29]
[I](2021-07-25  04:20:39 pm)    [LNo:0003] 000305/000791
[I](2021-07-25  04:20:39 pm)작업중 M코드정지 [d:63][t:01:14:29]
[I](2021-07-25  04:21:00 pm)작업중 정지 [d:63][t:01:14:50]
[I](2021-07-25  04:21:00 pm)    [LNo:0003] 000307/000791
[I](2021-07-25  04:21:00 pm)작업중 M코드정지 [d:63][t:01:14:50]
[I](2021-07-25  04:31:34 pm)작업중 정지 [d:73][t:01:25:24]
[I](2021-07-25  04:31:34 pm)    [LNo:0003] 000414/000791
[I](2021-07-25  04:31:34 pm)작업중 M코드정지 [d:73][t:01:25:24]
[A](2021-07-25  04:32:02 pm)[037] 자동결선 잔여 WIRE 처리 실패!!
[I](2021-07-25  04:33:09 pm)작업중 정지 [d:73][t:01:26:59]
[I](2021-07-25  04:33:09 pm)    [LNo:0003] 000399/000791
[I](2021-07-25  04:34:09 pm)작업중 정지 [d:74][t:01:28:00]
[I](2021-07-25  04:34:09 pm)    [LNo:0003] 000415/000791
[I](2021-07-25  04:34:09 pm)작업중 M코드정지 [d:74][t:01:28:00]
[A](2021-07-25  04:34:30 pm)[037] 자동결선 잔여 WIRE 처리 실패!!
[I](2021-07-25  04:39:25 pm)작업중 정지 [d:78][t:01:33:16]
[I](2021-07-25  04:39:25 pm)    [LNo:0003] 000449/000791
[I](2021-07-25  04:39:25 pm)작업중 30sec 접촉 정지 [d:78][t:01:33:16]
[I](2021-07-25  04:39:49 pm)작업 재시작
[I](2021-07-25  04:45:51 pm)작업중 정지 [d:84][t:01:39:41]
[I](2021-07-25  04:45:51 pm)    [LNo:0003] 000504/000791
[I](2021-07-25  04:45:51 pm)작업중 M코드정지 [d:84][t:01:39:42]
[I](2021-07-25  04:58:59 pm)Reset
[I](2021-07-25  04:59:32 pm)Reset
[I](2021-07-25  04:59:33 pm)Reset
[I](2021-07-25  05:00:12 pm)Reset
[I](2021-07-25  05:00:12 pm)Reset
[I](2021-07-25  05:00:17 pm)Reset
[I](2021-07-25  05:03:44 pm)Reset
[I](2021-07-25  05:06:41 pm)Reset
[I](2021-07-25  05:06:41 pm)Reset
[I](2021-07-25  05:06:50 pm)Reset
[I](2021-07-25  05:06:51 pm)Reset
[I](2021-07-25  05:11:26 pm)Reset
[I](2021-07-25  05:19:00 pm)Reset
[I](2021-07-25  05:19:35 pm)Reset
[I](2021-07-25  05:20:09 pm)Reset
[I](2021-07-25  05:23:12 pm)Reset
[I](2021-07-25  05:23:13 pm)Reset
[I](2021-07-25  05:23:13 pm)Reset
[A](2021-07-25  05:23:45 pm)[091] Auto Door Sensor Abnormal
[I](2021-07-25  05:24:45 pm)Reset
[I](2021-07-25  05:25:06 pm)작업 시작 [Start d:230]
[I](2021-07-25  05:25:06 pm)Nc File: [No.0003-359.NC]
[I](2021-07-25  05:25:06 pm)  * Start Machine Position
[I](2021-07-25  05:25:06 pm)    X:    237.5546
[I](2021-07-25  05:25:06 pm)    Y:   -255.0042
[I](2021-07-25  05:25:06 pm)    U:      0.0000
[I](2021-07-25  05:25:06 pm)    V:      0.0000
[I](2021-07-25  05:25:06 pm)    Z:     51.3922
[I](2021-07-25  05:25:06 pm)  * Angle
[I](2021-07-25  05:25:06 pm)    Ar:     -0.8012,Kr:      0.0000
[I](2021-07-25  05:25:06 pm)    Taper_Ar:      0.0000
[I](2021-07-25  05:25:24 pm)작업중 정지 [d:0][t:00:00:17]
[I](2021-07-25  05:25:24 pm)    [LNo:0003] 000509/000791
[I](2021-07-25  05:26:35 pm)작업중 정지 [d:0][t:00:01:28]
[I](2021-07-25  05:26:35 pm)    [LNo:0003] 000510/000791
[I](2021-07-25  05:27:52 pm)작업중 정지 [d:0][t:00:02:45]
[I](2021-07-25  05:27:52 pm)    [LNo:0003] 000518/000791
[I](2021-07-25  05:28:08 pm)작업 재시작
[I](2021-07-25  05:40:40 pm)작업중 정지 [d:13][t:00:15:33]
[I](2021-07-25  05:40:40 pm)    [LNo:0003] 000525/000791
[I](2021-07-25  05:40:40 pm)작업중 M코드정지 [d:13][t:00:15:33]
[I](2021-07-25  05:45:20 pm)작업중 정지 [d:14][t:00:20:13]
[I](2021-07-25  05:45:20 pm)    [LNo:0003] 000527/000791
[I](2021-07-25  05:45:53 pm)작업 재시작
[I](2021-07-25  05:45:58 pm)작업중 정지 [d:14][t:00:20:51]
[I](2021-07-25  05:45:58 pm)    [LNo:0003] 000527/000791
[I](2021-07-25  05:46:15 pm)작업 재시작
[I](2021-07-25  05:49:00 pm)작업중 정지 [d:17][t:00:23:53]
[I](2021-07-25  05:49:00 pm)    [LNo:0003] 000551/000791
[I](2021-07-25  05:49:25 pm)작업 재시작
[I](2021-07-25  05:49:56 pm)작업중 정지 [d:17][t:00:24:50]
[I](2021-07-25  05:49:56 pm)    [LNo:0003] 000559/000791
[I](2021-07-25  06:03:38 pm)작업중 정지 [d:31][t:00:38:31]
[I](2021-07-25  06:03:38 pm)    [LNo:0003] 000569/000791
[I](2021-07-25  06:03:38 pm)작업중 M코드정지 [d:31][t:00:38:31]
[I](2021-07-25  06:03:52 pm)작업중 정지 [d:31][t:00:38:45]
[I](2021-07-25  06:03:52 pm)    [LNo:0003] 000571/000791
[I](2021-07-25  06:04:27 pm)작업 재시작
[I](2021-07-25  06:04:32 pm)작업중 정지 [d:31][t:00:39:25]
[I](2021-07-25  06:04:32 pm)    [LNo:0003] 000573/000791
[I](2021-07-25  06:04:32 pm)작업중 M코드정지 [d:31][t:00:39:25]
[I](2021-07-25  09:14:22 pm)
[I](2021-07-25  09:14:22 pm)Work completed.
[I](2021-07-25  09:14:22 pm)작업 끝.(M02) [d:216][t:03:49:15]
