[I](2021-11-02  12:15:48 am)작업중 정지 [d:69][t:01:09:23]
[I](2021-11-02  12:15:48 am)    [LNo:0004] 000032/000372
[I](2021-11-02  12:15:48 am)작업중 M코드정지 [d:69][t:01:09:24]
[I](2021-11-02  12:17:14 am)작업중 정지 [d:69][t:01:10:50]
[I](2021-11-02  12:17:14 am)    [LNo:0004] 000034/000372
[I](2021-11-02  12:17:14 am)작업중 M코드정지 [d:69][t:01:10:50]
[I](2021-11-02  12:58:19 am)작업중 정지 [d:108][t:01:51:54]
[I](2021-11-02  12:58:19 am)    [LNo:0004] 000068/000372
[I](2021-11-02  12:58:19 am)작업중 M코드정지 [d:108][t:01:51:54]
[I](2021-11-02  12:58:48 am)작업중 정지 [d:108][t:01:52:24]
[I](2021-11-02  12:58:48 am)    [LNo:0004] 000070/000372
[I](2021-11-02  12:58:49 am)작업중 M코드정지 [d:108][t:01:52:24]
[I](2021-11-02  01:08:14 am)작업중 정지 [d:115][t:02:01:50]
[I](2021-11-02  01:08:14 am)    [LNo:0004] 000092/000372
[I](2021-11-02  01:08:14 am)작업중 M코드정지 [d:115][t:02:01:50]
[I](2021-11-02  01:11:48 am)작업중 정지 [d:115][t:02:05:24]
[I](2021-11-02  01:11:48 am)    [LNo:0004] 000093/000372
[I](2021-11-02  01:11:48 am)작업중 30sec 접촉 정지 [d:115][t:02:05:24]
[I](2021-11-02  01:12:27 am)작업 재시작
[I](2021-11-02  01:12:35 am)작업중 정지 [d:115][t:02:06:11]
[I](2021-11-02  01:12:35 am)    [LNo:0004] 000095/000372
[I](2021-11-02  01:12:35 am)작업중 M코드정지 [d:115][t:02:06:11]
[I](2021-11-02  01:20:29 am)작업중 정지 [d:122][t:02:14:05]
[I](2021-11-02  01:20:29 am)    [LNo:0004] 000117/000372
[I](2021-11-02  01:20:29 am)작업중 M코드정지 [d:122][t:02:14:05]
[I](2021-11-02  01:22:00 am)작업중 정지 [d:122][t:02:15:35]
[I](2021-11-02  01:22:00 am)    [LNo:0004] 000118/000372
[I](2021-11-02  01:22:32 am)작업 재시작
[I](2021-11-02  01:22:37 am)작업중 정지 [d:122][t:02:16:13]
[I](2021-11-02  01:22:37 am)    [LNo:0004] 000120/000372
[I](2021-11-02  01:22:37 am)작업중 M코드정지 [d:122][t:02:16:13]
[I](2021-11-02  02:19:29 am)작업중 정지 [d:178][t:03:13:04]
[I](2021-11-02  02:19:29 am)    [LNo:0004] 000214/000372
[I](2021-11-02  02:19:29 am)작업중 M코드정지 [d:178][t:03:13:04]
[I](2021-11-02  02:26:26 am)작업중 정지 [d:178][t:03:20:01]
[I](2021-11-02  02:26:26 am)    [LNo:0004] 000215/000372
[I](2021-11-02  02:26:26 am)Wire Contact Auto Stop(M52)
[I](2021-11-02  02:27:15 am)작업 재시작
[I](2021-11-02  02:27:17 am)작업중 정지 [d:178][t:03:20:53]
[I](2021-11-02  02:27:17 am)    [LNo:0004] 000216/000372
[I](2021-11-02  02:27:17 am)작업중 M코드정지 [d:178][t:03:20:53]
[I](2021-11-02  02:35:28 am)작업중 정지 [d:185][t:03:29:04]
[I](2021-11-02  02:35:28 am)    [LNo:0004] 000238/000372
[I](2021-11-02  02:35:28 am)작업중 M코드정지 [d:185][t:03:29:04]
[I](2021-11-02  02:37:17 am)작업중 정지 [d:185][t:03:30:53]
[I](2021-11-02  02:37:17 am)    [LNo:0004] 000241/000372
[I](2021-11-02  02:37:18 am)작업중 M코드정지 [d:185][t:03:30:53]
[I](2021-11-02  02:45:21 am)작업중 정지 [d:192][t:03:38:57]
[I](2021-11-02  02:45:21 am)    [LNo:0004] 000263/000372
[I](2021-11-02  02:45:21 am)작업중 M코드정지 [d:192][t:03:38:57]
[I](2021-11-02  02:46:29 am)작업중 정지 [d:192][t:03:40:04]
[I](2021-11-02  02:46:29 am)    [LNo:0004] 000264/000372
[I](2021-11-02  02:47:08 am)작업 재시작
[I](2021-11-02  02:47:17 am)작업중 정지 [d:192][t:03:40:52]
[I](2021-11-02  02:47:17 am)    [LNo:0004] 000266/000372
[I](2021-11-02  02:47:17 am)작업중 M코드정지 [d:192][t:03:40:52]
[I](2021-11-02  03:39:03 am)작업중 정지 [d:242][t:04:32:38]
[I](2021-11-02  03:39:03 am)    [LNo:0004] 000343/000372
[I](2021-11-02  03:39:03 am)작업중 30sec 접촉 정지 [d:242][t:04:32:38]
[I](2021-11-02  03:43:30 am)작업 재시작
[I](2021-11-02  03:43:42 am)작업중 정지 [d:242][t:04:37:17]
[I](2021-11-02  03:43:42 am)    [LNo:0004] 000343/000372
[I](2021-11-02  03:43:42 am)작업중 30sec 접촉 정지 [d:242][t:04:37:17]
[I](2021-11-02  03:43:54 am)작업 재시작
[I](2021-11-02  03:48:57 am)작업중 정지 [d:247][t:04:42:33]
[I](2021-11-02  03:48:57 am)    [LNo:0004] 000360/000372
[I](2021-11-02  03:48:57 am)작업중 M코드정지 [d:247][t:04:42:33]
[I](2021-11-02  03:55:18 am)작업중 정지 [d:247][t:04:48:54]
[I](2021-11-02  03:55:18 am)    [LNo:0004] 000361/000372
[I](2021-11-02  03:55:18 am)Wire Contact Auto Stop(M52)
[I](2021-11-02  04:04:43 am)Reset
[I](2021-11-02  04:09:34 am)Reset
[I](2021-11-02  04:10:12 am)Reset
[I](2021-11-02  04:13:46 am)Reset
[I](2021-11-02  04:14:03 am)Reset
[I](2021-11-02  04:16:34 am)작업 시작 [Start d:0]
[I](2021-11-02  04:16:34 am)Nc File: [No.0005-568.NC]
[I](2021-11-02  04:16:34 am)  * Start Machine Position
[I](2021-11-02  04:16:34 am)    X:    140.1745
[I](2021-11-02  04:16:34 am)    Y:   -275.1814
[I](2021-11-02  04:16:34 am)    U:      0.0000
[I](2021-11-02  04:16:34 am)    V:      0.0000
[I](2021-11-02  04:16:34 am)    Z:     36.4975
[I](2021-11-02  04:16:34 am)  * Angle
[I](2021-11-02  04:16:34 am)    Ar:      1.2536,Kr:      0.0000
[I](2021-11-02  04:16:34 am)    Taper_Ar:      0.0000
[I](2021-11-02  05:18:27 am)작업중 정지 [d:62][t:01:01:52]
[I](2021-11-02  05:18:27 am)    [LNo:0005] 000046/000880
[I](2021-11-02  05:18:27 am)작업중 30sec 접촉 정지 [d:62][t:01:01:52]
[I](2021-11-02  05:20:58 am)작업 재시작
[I](2021-11-02  05:45:25 am)작업중 정지 [d:87][t:01:28:50]
[I](2021-11-02  05:45:25 am)    [LNo:0005] 000076/000880
[I](2021-11-02  05:45:25 am)작업중 M코드정지 [d:87][t:01:28:50]
[I](2021-11-02  05:47:28 am)작업중 정지 [d:87][t:01:30:53]
[I](2021-11-02  05:47:28 am)    [LNo:0005] 000077/000880
[I](2021-11-02  05:47:28 am)Wire Contact Auto Stop(M52)
[I](2021-11-02  05:54:50 am)작업 재시작
[I](2021-11-02  05:54:54 am)작업중 정지 [d:87][t:01:38:19]
[I](2021-11-02  05:54:54 am)    [LNo:0005] 000077/000880
[I](2021-11-02  05:55:07 am)작업 재시작
[I](2021-11-02  05:55:09 am)작업중 정지 [d:87][t:01:38:35]
[I](2021-11-02  05:55:09 am)    [LNo:0005] 000078/000880
[I](2021-11-02  05:55:09 am)작업중 M코드정지 [d:87][t:01:38:35]
[I](2021-11-02  07:56:49 am)작업중 정지 [d:207][t:03:40:14]
[I](2021-11-02  07:56:49 am)    [LNo:0005] 000137/000880
[I](2021-11-02  07:56:49 am)작업중 30sec 접촉 정지 [d:207][t:03:40:14]
[I](2021-11-02  07:58:05 am)작업 재시작
[I](2021-11-02  08:46:15 am)작업중 정지 [d:255][t:04:29:40]
[I](2021-11-02  08:46:15 am)    [LNo:0005] 000178/000880
[I](2021-11-02  08:46:15 am)작업중 M코드정지 [d:255][t:04:29:40]
[I](2021-11-02  08:46:30 am)작업중 정지 [d:255][t:04:29:55]
[I](2021-11-02  08:46:30 am)    [LNo:0005] 000179/000880
[A](2021-11-02  08:46:30 am)[008] 작업중 단선(AWF Feed Motor Stop )
[I](2021-11-02  08:46:30 am)작업중 Wire 단선 [d:255][t:04:29:55]
[I](2021-11-02  08:46:41 am)작업 재시작
[I](2021-11-02  08:46:44 am)작업중 정지 [d:255][t:04:30:09]
[I](2021-11-02  08:46:44 am)    [LNo:0005] 000179/000880
[A](2021-11-02  08:46:56 am)[084] Work Tank Fluid Sensor Abnormal
[A](2021-11-02  08:46:56 am)[084] Work Tank Fluid Sensor Abnormal
[A](2021-11-02  08:46:56 am)[084] Work Tank Fluid Sensor Abnormal
[A](2021-11-02  08:46:56 am)[084] Work Tank Fluid Sensor Abnormal
[A](2021-11-02  08:46:56 am)[084] Work Tank Fluid Sensor Abnormal
[A](2021-11-02  08:46:57 am)[084] Work Tank Fluid Sensor Abnormal
[A](2021-11-02  08:46:57 am)[084] Work Tank Fluid Sensor Abnormal
[A](2021-11-02  08:46:57 am)[084] Work Tank Fluid Sensor Abnormal
[A](2021-11-02  08:46:57 am)[084] Work Tank Fluid Sensor Abnormal
[A](2021-11-02  08:46:57 am)[084] Work Tank Fluid Sensor Abnormal
[A](2021-11-02  08:46:58 am)[084] Work Tank Fluid Sensor Abnormal
[A](2021-11-02  08:46:58 am)[084] Work Tank Fluid Sensor Abnormal
[A](2021-11-02  08:46:58 am)[084] Work Tank Fluid Sensor Abnormal
[A](2021-11-02  08:46:58 am)[084] Work Tank Fluid Sensor Abnormal
[A](2021-11-02  08:46:59 am)[084] Work Tank Fluid Sensor Abnormal
[A](2021-11-02  08:46:59 am)[084] Work Tank Fluid Sensor Abnormal
[A](2021-11-02  08:46:59 am)[084] Work Tank Fluid Sensor Abnormal
[A](2021-11-02  08:46:59 am)[084] Work Tank Fluid Sensor Abnormal
[A](2021-11-02  08:46:59 am)[084] Work Tank Fluid Sensor Abnormal
[A](2021-11-02  08:47:02 am)[084] Work Tank Fluid Sensor Abnormal
[A](2021-11-02  08:47:02 am)[084] Work Tank Fluid Sensor Abnormal
[A](2021-11-02  08:47:02 am)[084] Work Tank Fluid Sensor Abnormal
[A](2021-11-02  08:47:02 am)[084] Work Tank Fluid Sensor Abnormal
[I](2021-11-02  08:47:59 am)작업 재시작
[I](2021-11-02  08:48:09 am)작업중 정지 [d:255][t:04:31:34]
[I](2021-11-02  08:48:09 am)    [LNo:0005] 000180/000880
[I](2021-11-02  08:48:09 am)작업중 M코드정지 [d:255][t:04:31:34]
[I](2021-11-02  08:48:21 am)작업중 정지 [d:255][t:04:31:46]
[I](2021-11-02  08:48:21 am)    [LNo:0005] 000183/000880
[I](2021-11-02  08:48:23 am)작업중 정지 [d:255][t:04:31:48]
[I](2021-11-02  08:48:23 am)    [LNo:0005] 000183/000880
[A](2021-11-02  08:48:23 am)[010] 자동결선 Error(M21-절단실패)
[I](2021-11-02  08:48:31 am)작업중 정지 [d:255][t:04:31:56]
[I](2021-11-02  08:48:31 am)    [LNo:0005] 000189/000880
[I](2021-11-02  08:48:31 am)작업중 M코드정지 [d:255][t:04:31:56]
[I](2021-11-02  08:48:33 am)Reset
[I](2021-11-02  08:48:33 am)Reset
[I](2021-11-02  08:54:01 am)Reset
[I](2021-11-02  08:55:42 am)Reset
[I](2021-11-02  08:56:06 am)Reset
[I](2021-11-02  08:56:22 am)Reset
[I](2021-11-02  08:57:15 am)Reset
[I](2021-11-02  08:59:48 am)Reset
[I](2021-11-02  09:00:40 am)Reset
[I](2021-11-02  09:01:00 am)Reset
[I](2021-11-02  09:02:00 am)작업 시작 [Start d:255]
[I](2021-11-02  09:02:00 am)Nc File: [No.0006-549.NC]
[I](2021-11-02  09:02:00 am)  * Start Machine Position
[I](2021-11-02  09:02:00 am)    X:    464.2947
[I](2021-11-02  09:02:00 am)    Y:   -388.6369
[I](2021-11-02  09:02:00 am)    U:     -0.0099
[I](2021-11-02  09:02:00 am)    V:      0.0000
[I](2021-11-02  09:02:00 am)    Z:     62.0870
[I](2021-11-02  09:02:00 am)  * Angle
[I](2021-11-02  09:02:00 am)    Ar:     -0.2145,Kr:      0.0000
[I](2021-11-02  09:02:00 am)    Taper_Ar:      0.0000
[I](2021-11-02  09:02:06 am)작업중 정지 [d:0][t:00:00:06]
[I](2021-11-02  09:02:06 am)    [LNo:0006] 000010/000064
[I](2021-11-02  09:02:06 am)작업중 M코드정지 [d:0][t:00:00:06]
[I](2021-11-02  09:02:29 am)작업중 정지 [d:0][t:00:00:29]
[I](2021-11-02  09:02:29 am)    [LNo:0006] 000010/000064
[I](2021-11-02  09:02:29 am)작업중 M코드정지 [d:0][t:00:00:29]
[I](2021-11-02  09:38:00 am)작업중 정지 [d:-222][t:00:35:59]
[I](2021-11-02  09:38:00 am)    [LNo:0006] 000023/000064
[A](2021-11-02  09:40:34 am)[037] 자동결선 잔여 WIRE 처리 실패!!
[I](2021-11-02  09:41:03 am)작업 재시작
[I](2021-11-02  09:53:22 am)작업중 정지 [d:-210][t:00:51:21]
[I](2021-11-02  09:53:22 am)    [LNo:0006] 000024/000064
[I](2021-11-02  09:53:22 am)작업중 M코드정지 [d:-210][t:00:51:21]
[I](2021-11-02  09:56:07 am)작업중 정지 [d:-209][t:00:54:06]
[I](2021-11-02  09:56:07 am)    [LNo:0006] 000026/000064
[I](2021-11-02  09:56:07 am)작업중 M코드정지 [d:-209][t:00:54:06]
[I](2021-11-02  10:03:50 am)작업중 정지 [d:-202][t:01:01:50]
[I](2021-11-02  10:03:50 am)    [LNo:0006] 000056/000064
[I](2021-11-02  10:03:50 am)작업중 M코드정지 [d:-202][t:01:01:50]
[A](2021-11-02  10:06:57 am)[084] Work Tank Fluid Sensor Abnormal
[A](2021-11-02  10:06:57 am)[084] Work Tank Fluid Sensor Abnormal
[I](2021-11-02  10:08:43 am)Reset
[I](2021-11-02  10:08:58 am)Reset
[I](2021-11-02  10:09:24 am)Reset
[I](2021-11-02  10:10:20 am)Reset
[I](2021-11-02  10:11:33 am)Reset
[I](2021-11-02  10:11:43 am)Reset
[I](2021-11-02  10:12:06 am)Reset
[I](2021-11-02  10:12:17 am)Reset
[I](2021-11-02  10:12:31 am)작업 시작 [Start d:53]
[I](2021-11-02  10:12:31 am)Nc File: [No.0007-552.NC]
[I](2021-11-02  10:12:31 am)  * Start Machine Position
[I](2021-11-02  10:12:31 am)    X:    503.3208
[I](2021-11-02  10:12:31 am)    Y:   -338.6619
[I](2021-11-02  10:12:31 am)    U:     -0.0001
[I](2021-11-02  10:12:31 am)    V:     -1.2759
[I](2021-11-02  10:12:31 am)    Z:     43.7835
[I](2021-11-02  10:12:31 am)  * Angle
[I](2021-11-02  10:12:31 am)    Ar:     -0.4521,Kr:      0.0000
[I](2021-11-02  10:12:31 am)    Taper_Ar:      0.0000
[I](2021-11-02  10:12:36 am)작업중 정지 [d:0][t:00:00:04]
[I](2021-11-02  10:12:36 am)    [LNo:0007] 000010/000070
[I](2021-11-02  10:12:36 am)작업중 M코드정지 [d:0][t:00:00:04]
[I](2021-11-02  10:12:52 am)작업중 정지 [d:0][t:00:00:20]
[I](2021-11-02  10:12:52 am)    [LNo:0007] 000010/000070
[I](2021-11-02  10:12:52 am)작업중 M코드정지 [d:0][t:00:00:20]
[I](2021-11-02  11:04:43 am)작업중 정지 [d:52][t:00:52:11]
[I](2021-11-02  11:04:43 am)    [LNo:0007] 000026/000070
[I](2021-11-02  11:04:43 am)작업중 M코드정지 [d:52][t:00:52:11]
[I](2021-11-02  11:05:59 am)작업중 정지 [d:52][t:00:53:28]
[I](2021-11-02  11:05:59 am)    [LNo:0007] 000028/000070
[I](2021-11-02  11:06:00 am)작업중 M코드정지 [d:52][t:00:53:28]
[I](2021-11-02  11:13:59 am)작업중 정지 [d:59][t:01:01:27]
[I](2021-11-02  11:13:59 am)    [LNo:0007] 000062/000070
[I](2021-11-02  11:13:59 am)작업중 M코드정지 [d:59][t:01:01:27]
[A](2021-11-02  11:15:38 am)[084] Work Tank Fluid Sensor Abnormal
[A](2021-11-02  11:15:39 am)[084] Work Tank Fluid Sensor Abnormal
[A](2021-11-02  11:15:39 am)[084] Work Tank Fluid Sensor Abnormal
[A](2021-11-02  11:15:39 am)[084] Work Tank Fluid Sensor Abnormal
[A](2021-11-02  11:15:39 am)[084] Work Tank Fluid Sensor Abnormal
[A](2021-11-02  11:15:39 am)[084] Work Tank Fluid Sensor Abnormal
[A](2021-11-02  11:15:40 am)[084] Work Tank Fluid Sensor Abnormal
[I](2021-11-02  11:16:35 am)Reset
[I](2021-11-02  11:19:48 am)Reset
[I](2021-11-02  11:19:51 am)Reset
[I](2021-11-02  11:20:42 am)Reset
[I](2021-11-02  11:20:44 am)Reset
[I](2021-11-02  11:22:21 am)Reset
[I](2021-11-02  11:22:31 am)Reset
[I](2021-11-02  11:23:30 am)Reset
[I](2021-11-02  11:23:41 am)Reset
[I](2021-11-02  11:23:42 am)Reset
[I](2021-11-02  11:24:22 am)작업 시작 [Start d:112]
[I](2021-11-02  11:24:22 am)Nc File: [No.0008-592.NC]
[I](2021-11-02  11:24:22 am)  * Start Machine Position
[I](2021-11-02  11:24:22 am)    X:    576.6437
[I](2021-11-02  11:24:23 am)    Y:   -332.2680
[I](2021-11-02  11:24:23 am)    U:     -0.0400
[I](2021-11-02  11:24:23 am)    V:      0.0200
[I](2021-11-02  11:24:23 am)    Z:     51.0750
[I](2021-11-02  11:24:23 am)  * Angle
[I](2021-11-02  11:24:23 am)    Ar:     -0.0043,Kr:      0.0000
[I](2021-11-02  11:24:23 am)    Taper_Ar:      0.0000
[I](2021-11-02  11:24:47 am)작업중 정지 [d:0][t:00:00:24]
[I](2021-11-02  11:24:47 am)    [LNo:0008] 000013/000076
[I](2021-11-02  11:47:23 am)작업중 정지 [d:23][t:00:23:00]
[I](2021-11-02  11:47:23 am)    [LNo:0008] 000027/000076
[I](2021-11-02  11:47:24 am)작업중 30sec 접촉 정지 [d:23][t:00:23:01]
[I](2021-11-02  11:47:51 am)작업 재시작
[I](2021-11-02  11:47:58 am)작업중 정지 [d:23][t:00:23:35]
[I](2021-11-02  11:47:58 am)    [LNo:0008] 000028/000076
[I](2021-11-02  11:47:58 am)작업중 M코드정지 [d:23][t:00:23:35]
[I](2021-11-02  11:48:08 am)작업중 정지 [d:24][t:00:23:45]
[I](2021-11-02  11:48:08 am)    [LNo:0008] 000030/000076
[I](2021-11-02  11:48:08 am)작업중 M코드정지 [d:24][t:00:23:45]
[I](2021-11-02  11:52:10 am)작업중 정지 [d:28][t:00:27:47]
[I](2021-11-02  11:52:10 am)    [LNo:0008] 000047/000076
[I](2021-11-02  11:52:10 am)작업중 30sec 접촉 정지 [d:28][t:00:27:47]
[I](2021-11-02  11:52:13 am)작업 재시작
[I](2021-11-02  11:52:30 am)작업중 정지 [d:28][t:00:28:06]
[I](2021-11-02  11:52:30 am)    [LNo:0008] 000047/000076
[I](2021-11-02  11:52:33 am)작업 재시작
[I](2021-11-02  11:54:30 am)작업중 정지 [d:30][t:00:30:07]
[I](2021-11-02  11:54:30 am)    [LNo:0008] 000068/000076
[I](2021-11-02  11:54:30 am)작업중 M코드정지 [d:30][t:00:30:07]
[A](2021-11-02  11:54:47 am)[084] Work Tank Fluid Sensor Abnormal
[A](2021-11-02  11:54:47 am)[084] Work Tank Fluid Sensor Abnormal
[A](2021-11-02  11:54:47 am)[084] Work Tank Fluid Sensor Abnormal
[A](2021-11-02  11:54:47 am)[084] Work Tank Fluid Sensor Abnormal
[A](2021-11-02  11:54:48 am)[084] Work Tank Fluid Sensor Abnormal
[A](2021-11-02  11:54:48 am)[084] Work Tank Fluid Sensor Abnormal
[A](2021-11-02  11:54:48 am)[084] Work Tank Fluid Sensor Abnormal
[A](2021-11-02  11:54:48 am)[084] Work Tank Fluid Sensor Abnormal
[A](2021-11-02  11:54:48 am)[084] Work Tank Fluid Sensor Abnormal
[A](2021-11-02  11:54:48 am)[084] Work Tank Fluid Sensor Abnormal
[A](2021-11-02  11:54:48 am)[084] Work Tank Fluid Sensor Abnormal
[A](2021-11-02  11:54:49 am)[084] Work Tank Fluid Sensor Abnormal
[A](2021-11-02  11:54:49 am)[084] Work Tank Fluid Sensor Abnormal
[A](2021-11-02  11:54:49 am)[084] Work Tank Fluid Sensor Abnormal
[A](2021-11-02  11:54:57 am)[084] Work Tank Fluid Sensor Abnormal
[I](2021-11-02  11:56:07 am)Reset
[I](2021-11-02  11:56:07 am)Reset
[I](2021-11-02  11:56:58 am)Reset
[I](2021-11-02  11:58:13 am)Reset
[I](2021-11-02  11:58:23 am)Reset
[A](2021-11-02  11:58:52 am)[002] 가공액 미동작
[I](2021-11-02  11:59:24 am)Reset
[I](2021-11-02  11:59:33 am)Reset
[I](2021-11-02  11:59:37 am)Reset
[I](2021-11-02  11:59:37 am)Reset
[I](2021-11-02  11:59:39 am)Reset
[I](2021-11-02  12:00:14 pm)작업 시작 [Start d:142]
[I](2021-11-02  12:00:14 pm)Nc File: [No.0008-592.NC]
[I](2021-11-02  12:00:14 pm)  * Start Machine Position
[I](2021-11-02  12:00:14 pm)    X:    577.8576
[I](2021-11-02  12:00:14 pm)    Y:   -332.1976
[I](2021-11-02  12:00:14 pm)    U:      0.0005
[I](2021-11-02  12:00:14 pm)    V:      0.0399
[I](2021-11-02  12:00:14 pm)    Z:     51.0750
[I](2021-11-02  12:00:14 pm)  * Angle
[I](2021-11-02  12:00:14 pm)    Ar:     -0.8578,Kr:      0.0000
[I](2021-11-02  12:00:14 pm)    Taper_Ar:      0.0000
[I](2021-11-02  12:22:46 pm)작업중 정지 [d:22][t:00:22:32]
[I](2021-11-02  12:22:46 pm)    [LNo:0008] 000027/000076
[I](2021-11-02  12:22:46 pm)작업중 30sec 접촉 정지 [d:22][t:00:22:32]
[A](2021-11-02  12:49:20 pm)[001] 와이어 미동작
[I](2021-11-02  12:49:22 pm)작업 재시작
[I](2021-11-02  12:49:29 pm)작업중 정지 [d:22][t:00:49:15]
[I](2021-11-02  12:49:29 pm)    [LNo:0008] 000028/000076
[I](2021-11-02  12:49:29 pm)작업중 M코드정지 [d:22][t:00:49:15]
[I](2021-11-02  12:49:40 pm)작업중 정지 [d:22][t:00:49:26]
[I](2021-11-02  12:49:40 pm)    [LNo:0008] 000030/000076
[I](2021-11-02  12:49:40 pm)작업중 M코드정지 [d:22][t:00:49:26]
[I](2021-11-02  12:53:42 pm)작업중 정지 [d:26][t:00:53:27]
[I](2021-11-02  12:53:42 pm)    [LNo:0008] 000047/000076
[I](2021-11-02  12:53:42 pm)작업중 30sec 접촉 정지 [d:26][t:00:53:28]
[I](2021-11-02  12:54:27 pm)작업 재시작
[I](2021-11-02  12:56:39 pm)작업중 정지 [d:28][t:00:56:24]
[I](2021-11-02  12:56:39 pm)    [LNo:0008] 000068/000076
[I](2021-11-02  12:56:39 pm)작업중 M코드정지 [d:28][t:00:56:24]
[I](2021-11-02  01:00:03 pm)Reset
[I](2021-11-02  01:00:07 pm)Reset
[I](2021-11-02  01:00:54 pm)Reset
[I](2021-11-02  01:03:01 pm)Reset
[I](2021-11-02  01:03:58 pm)Reset
[I](2021-11-02  01:05:23 pm)작업 시작 [Start d:170]
[I](2021-11-02  01:05:23 pm)Nc File: [No.0005-568.NC *]
[I](2021-11-02  01:05:23 pm)  * Start Machine Position
[I](2021-11-02  01:05:23 pm)    X:    207.1634
[I](2021-11-02  01:05:23 pm)    Y:   -281.7584
[I](2021-11-02  01:05:23 pm)    U:      0.0000
[I](2021-11-02  01:05:23 pm)    V:      0.0000
[I](2021-11-02  01:05:23 pm)    Z:     36.3145
[I](2021-11-02  01:05:23 pm)  * Angle
[I](2021-11-02  01:05:23 pm)    Ar:      1.2536,Kr:      0.0000
[I](2021-11-02  01:05:23 pm)    Taper_Ar:      0.0000
[I](2021-11-02  03:48:26 pm)작업중 정지 [d:163][t:02:43:03]
[I](2021-11-02  03:48:26 pm)    [LNo:0005] 000519/000879
[I](2021-11-02  03:49:02 pm)작업 재시작
[I](2021-11-02  03:49:07 pm)작업중 정지 [d:164][t:02:43:44]
[I](2021-11-02  03:49:07 pm)    [LNo:0005] 000525/000879
[I](2021-11-02  03:49:07 pm)작업중 M코드정지 [d:164][t:02:43:44]
[I](2021-11-02  04:18:35 pm)작업중 정지 [d:192][t:03:13:11]
[I](2021-11-02  04:18:35 pm)    [LNo:0005] 000585/000879
[A](2021-11-02  04:20:04 pm)[084] Work Tank Fluid Sensor Abnormal
[A](2021-11-02  04:20:05 pm)[084] Work Tank Fluid Sensor Abnormal
[A](2021-11-02  04:20:06 pm)[084] Work Tank Fluid Sensor Abnormal
[A](2021-11-02  04:20:06 pm)[084] Work Tank Fluid Sensor Abnormal
[A](2021-11-02  04:22:59 pm)[091] Auto Door Sensor Abnormal
[I](2021-11-02  04:23:58 pm)작업 재시작
[I](2021-11-02  05:53:56 pm)작업중 정지 [d:282][t:04:48:32]
[I](2021-11-02  05:53:56 pm)    [LNo:0005] 000733/000879
[I](2021-11-02  05:53:56 pm)작업중 30sec 접촉 정지 [d:282][t:04:48:32]
[I](2021-11-02  05:54:32 pm)작업 재시작
[I](2021-11-02  06:01:22 pm)작업중 정지 [d:289][t:04:55:58]
[I](2021-11-02  06:01:22 pm)    [LNo:0005] 000792/000879
[I](2021-11-02  06:01:22 pm)작업중 30sec 접촉 정지 [d:289][t:04:55:58]
[I](2021-11-02  06:03:29 pm)작업 재시작
[I](2021-11-02  06:03:38 pm)작업중 정지 [d:289][t:04:58:15]
[I](2021-11-02  06:03:38 pm)    [LNo:0005] 000792/000879
[I](2021-11-02  06:03:38 pm)작업중 30sec 접촉 정지 [d:289][t:04:58:15]
[I](2021-11-02  06:03:42 pm)작업 재시작
[I](2021-11-02  06:20:29 pm)작업중 정지 [d:306][t:05:15:05]
[I](2021-11-02  06:20:29 pm)    [LNo:0005] 000862/000879
[I](2021-11-02  06:20:29 pm)작업중 M코드정지 [d:306][t:05:15:05]
[I](2021-11-02  06:20:45 pm)작업중 정지 [d:306][t:05:15:22]
[I](2021-11-02  06:20:45 pm)    [LNo:0005] 000864/000879
[I](2021-11-02  06:22:07 pm)Reset
[I](2021-11-02  06:22:08 pm)Reset
[I](2021-11-02  06:29:00 pm)Reset
[I](2021-11-02  06:30:58 pm)Reset
[I](2021-11-02  06:32:47 pm)작업 시작 [Start d:476]
[I](2021-11-02  06:32:47 pm)Nc File: [No.0001-576.NC *]
[I](2021-11-02  06:32:47 pm)  * Start Machine Position
[I](2021-11-02  06:32:47 pm)    X:    131.2685
[I](2021-11-02  06:32:47 pm)    Y:   -275.7084
[I](2021-11-02  06:32:47 pm)    U:      0.0000
[I](2021-11-02  06:32:47 pm)    V:      0.0000
[I](2021-11-02  06:32:47 pm)    Z:     30.5305
[I](2021-11-02  06:32:47 pm)  * Angle
[I](2021-11-02  06:32:47 pm)    Ar:      0.1669,Kr:      0.0000
[I](2021-11-02  06:32:47 pm)    Taper_Ar:      0.0000
[I](2021-11-02  08:32:37 pm)작업중 정지 [d:119][t:01:59:49]
[I](2021-11-02  08:32:37 pm)    [LNo:0001] 000565/001017
[I](2021-11-02  08:32:37 pm)작업중 30sec 접촉 정지 [d:119][t:01:59:49]
[I](2021-11-02  08:39:58 pm)작업 재시작
[I](2021-11-02  08:40:08 pm)작업중 정지 [d:120][t:02:07:21]
[I](2021-11-02  08:40:08 pm)    [LNo:0001] 000565/001017
[I](2021-11-02  08:40:08 pm)작업중 30sec 접촉 정지 [d:120][t:02:07:21]
[I](2021-11-02  08:41:20 pm)작업 재시작
[I](2021-11-02  08:59:23 pm)작업중 정지 [d:138][t:02:26:36]
[I](2021-11-02  08:59:23 pm)    [LNo:0001] 000635/001017
[I](2021-11-02  08:59:24 pm)작업중 M코드정지 [d:138][t:02:26:36]
[I](2021-11-02  08:59:46 pm)작업중 정지 [d:138][t:02:26:59]
[I](2021-11-02  08:59:46 pm)    [LNo:0001] 000636/001017
[I](2021-11-02  08:59:51 pm)작업 재시작
[I](2021-11-02  08:59:59 pm)작업중 정지 [d:138][t:02:27:12]
[I](2021-11-02  08:59:59 pm)    [LNo:0001] 000643/001017
[I](2021-11-02  08:59:59 pm)작업중 M코드정지 [d:138][t:02:27:12]
[I](2021-11-02  09:01:41 pm)작업중 정지 [d:138][t:02:28:53]
[I](2021-11-02  09:01:41 pm)    [LNo:0001] 000652/001017
[A](2021-11-02  09:01:41 pm)[009] 자동결선 Error(M20-삽입실패)
[I](2021-11-02  11:26:15 pm)작업중 정지 [d:278][t:04:53:28]
[I](2021-11-02  11:26:15 pm)    [LNo:0001] 000927/001017
[I](2021-11-02  11:26:16 pm)작업중 30sec 접촉 정지 [d:278][t:04:53:28]
[I](2021-11-02  11:26:43 pm)작업 재시작
[I](2021-11-02  11:26:53 pm)작업중 정지 [d:278][t:04:54:06]
[I](2021-11-02  11:26:53 pm)    [LNo:0001] 000927/001017
[I](2021-11-02  11:26:53 pm)작업중 30sec 접촉 정지 [d:278][t:04:54:06]
[I](2021-11-02  11:27:05 pm)작업 재시작
[I](2021-11-02  11:43:57 pm)작업중 정지 [d:294][t:05:11:10]
[I](2021-11-02  11:43:57 pm)    [LNo:0001] 001000/001017
[I](2021-11-02  11:43:57 pm)작업중 M코드정지 [d:294][t:05:11:10]
[I](2021-11-02  11:45:43 pm)작업중 정지 [d:294][t:05:12:55]
[I](2021-11-02  11:45:43 pm)    [LNo:0001] 001002/001017
[I](2021-11-02  11:45:43 pm)작업중 30sec 접촉 정지 [d:294][t:05:12:55]
[A](2021-11-02  11:47:10 pm)[037] 자동결선 잔여 WIRE 처리 실패!!
[I](2021-11-02  11:52:28 pm)작업 재시작
[I](2021-11-02  11:53:39 pm)작업중 정지 [d:294][t:05:20:52]
[I](2021-11-02  11:53:39 pm)    [LNo:0001] 001008/001017
[I](2021-11-02  11:53:39 pm)작업중 M코드정지 [d:294][t:05:20:52]
[I](2021-11-02  11:54:07 pm)작업중 정지 [d:294][t:05:21:20]
[I](2021-11-02  11:54:07 pm)    [LNo:0001] 001011/001017
[A](2021-11-02  11:54:07 pm)[010] 자동결선 Error(M21-절단실패)
[I](2021-11-02  11:54:18 pm)작업중 정지 [d:294][t:05:21:30]
[I](2021-11-02  11:54:18 pm)    [LNo:0001] 001014/001017
[I](2021-11-02  11:54:18 pm)작업중 M코드정지 [d:294][t:05:21:30]
[I](2021-11-02  11:54:45 pm)Reset
[I](2021-11-02  11:57:06 pm)작업 시작 [Start d:770]
[I](2021-11-02  11:57:06 pm)Nc File: [No.0001-576.NC *]
[I](2021-11-02  11:57:06 pm)  * Start Machine Position
[I](2021-11-02  11:57:06 pm)    X:    131.2685
[I](2021-11-02  11:57:06 pm)    Y:   -275.7084
[I](2021-11-02  11:57:06 pm)    U:      0.0000
[I](2021-11-02  11:57:06 pm)    V:      0.0000
[I](2021-11-02  11:57:06 pm)    Z:     30.5305
[I](2021-11-02  11:57:06 pm)  * Angle
[I](2021-11-02  11:57:06 pm)    Ar:      0.1669,Kr:      0.0000
[I](2021-11-02  11:57:06 pm)    Taper_Ar:      0.0000
