[I](2021-12-25  05:30:50 am)작업중 정지 [d:-280][t:08:38:52]
[I](2021-12-25  05:30:50 am)    [LNo:0001] 000866/001546
[I](2021-12-25  05:30:50 am)작업중 M코드정지 [d:-280][t:08:38:52]
[I](2021-12-25  05:36:56 am)Reset
[I](2021-12-25  05:36:57 am)Reset
[I](2021-12-25  05:37:57 am)작업 시작 [Start d:385]
[I](2021-12-25  05:37:57 am)Nc File: [No.0002-256.NC]
[I](2021-12-25  05:37:57 am)  * Start Machine Position
[I](2021-12-25  05:37:57 am)    X:    217.2972
[I](2021-12-25  05:37:57 am)    Y:   -240.7648
[I](2021-12-25  05:37:57 am)    U:      0.0000
[I](2021-12-25  05:37:57 am)    V:      0.0000
[I](2021-12-25  05:37:57 am)    Z:     34.1914
[I](2021-12-25  05:37:57 am)  * Angle
[I](2021-12-25  05:37:57 am)    Ar:      0.6727,Kr:      0.0000
[I](2021-12-25  05:37:57 am)    Taper_Ar:      0.0000
[I](2021-12-25  05:38:34 am)작업중 정지 [d:0][t:00:00:37]
[I](2021-12-25  05:38:34 am)    [LNo:0002] 001566/001672
[I](2021-12-25  05:39:31 am)작업중 정지 [d:0][t:00:01:33]
[I](2021-12-25  05:39:31 am)    [LNo:0002] 001575/001672
[I](2021-12-25  05:39:58 am)작업 재시작
[I](2021-12-25  05:40:17 am)작업중 정지 [d:0][t:00:02:20]
[I](2021-12-25  05:40:17 am)    [LNo:0002] 001576/001672
[I](2021-12-25  05:40:47 am)작업중 정지 [d:0][t:00:02:50]
[I](2021-12-25  05:40:47 am)    [LNo:0002] 001566/001672
[I](2021-12-25  05:43:57 am)작업중 정지 [d:3][t:00:05:59]
[I](2021-12-25  05:43:57 am)    [LNo:0002] 001585/001672
[I](2021-12-25  05:43:57 am)작업중 M코드정지 [d:3][t:00:05:59]
[I](2021-12-25  05:44:52 am)Reset
[I](2021-12-25  05:44:53 am)Reset
[I](2021-12-25  05:45:04 am)Reset
[I](2021-12-25  05:45:30 am)작업 시작 [Start d:388]
[I](2021-12-25  05:45:30 am)Nc File: [No.0002-256.NC]
[I](2021-12-25  05:45:30 am)  * Start Machine Position
[I](2021-12-25  05:45:30 am)    X:    217.2971
[I](2021-12-25  05:45:30 am)    Y:   -240.7549
[I](2021-12-25  05:45:30 am)    U:      0.0000
[I](2021-12-25  05:45:30 am)    V:      0.0000
[I](2021-12-25  05:45:30 am)    Z:     34.1914
[I](2021-12-25  05:45:30 am)  * Angle
[I](2021-12-25  05:45:30 am)    Ar:      0.6727,Kr:      0.0000
[I](2021-12-25  05:45:30 am)    Taper_Ar:      0.0000
[I](2021-12-25  05:46:05 am)작업중 정지 [d:0][t:00:00:35]
[I](2021-12-25  05:46:05 am)    [LNo:0002] 001514/001672
[I](2021-12-25  05:51:44 am)작업중 정지 [d:3][t:00:06:13]
[I](2021-12-25  05:51:44 am)    [LNo:0002] 001533/001672
[I](2021-12-25  05:51:44 am)작업중 M코드정지 [d:3][t:00:06:14]
[I](2021-12-25  05:52:37 am)Reset
[I](2021-12-25  05:52:38 am)Reset
[I](2021-12-25  05:52:45 am)Reset
[I](2021-12-25  05:54:05 am)작업 시작 [Start d:391]
[I](2021-12-25  05:54:05 am)Nc File: [No.0002-256.NC]
[I](2021-12-25  05:54:05 am)  * Start Machine Position
[I](2021-12-25  05:54:05 am)    X:    217.2971
[I](2021-12-25  05:54:05 am)    Y:   -240.7500
[I](2021-12-25  05:54:05 am)    U:      0.0000
[I](2021-12-25  05:54:05 am)    V:      0.0000
[I](2021-12-25  05:54:05 am)    Z:     34.1914
[I](2021-12-25  05:54:05 am)  * Angle
[I](2021-12-25  05:54:05 am)    Ar:      0.6727,Kr:      0.0000
[I](2021-12-25  05:54:05 am)    Taper_Ar:      0.0000
[I](2021-12-25  06:06:38 am)작업중 정지 [d:12][t:00:12:32]
[I](2021-12-25  06:06:38 am)    [LNo:0002] 000059/001672
[I](2021-12-25  06:06:38 am)작업중 Single Block Stop [d:12][t:00:12:32]
[I](2021-12-25  06:15:26 am)작업중 정지 [d:21][t:00:21:20]
[I](2021-12-25  06:15:26 am)    [LNo:0002] 000092/001672
[I](2021-12-25  06:18:25 am)Reset
[I](2021-12-25  06:18:40 am)Reset
[I](2021-12-25  06:18:59 am)작업 시작 [Start d:412]
[I](2021-12-25  06:18:59 am)Nc File: [No.0002-256.NC]
[I](2021-12-25  06:18:59 am)  * Start Machine Position
[I](2021-12-25  06:18:59 am)    X:    217.2970
[I](2021-12-25  06:18:59 am)    Y:   -240.7400
[I](2021-12-25  06:18:59 am)    U:      0.0000
[I](2021-12-25  06:18:59 am)    V:      0.0000
[I](2021-12-25  06:18:59 am)    Z:     34.1914
[I](2021-12-25  06:18:59 am)  * Angle
[I](2021-12-25  06:18:59 am)    Ar:      0.6727,Kr:      0.0000
[I](2021-12-25  06:18:59 am)    Taper_Ar:      0.0000
[I](2021-12-25  06:19:02 am)작업중 정지 [d:0][t:00:00:02]
[I](2021-12-25  06:19:02 am)    [LNo:0002] 000058/001672
[I](2021-12-25  06:32:31 am)작업중 정지 [d:11][t:00:13:31]
[I](2021-12-25  06:32:31 am)    [LNo:0002] 000163/001672
[I](2021-12-25  06:32:31 am)작업중 M코드정지 [d:11][t:00:13:31]
[I](2021-12-25  06:44:19 am)작업중 정지 [d:20][t:00:25:20]
[I](2021-12-25  06:44:19 am)    [LNo:0002] 000215/001672
[I](2021-12-25  10:06:04 am)작업중 정지 [d:199][t:03:47:05]
[I](2021-12-25  10:06:04 am)    [LNo:0002] 001264/001672
[A](2021-12-25  10:06:04 am)[008] 작업중 단선(AWF Feed Motor Stop )
[I](2021-12-25  10:06:04 am)작업중 Wire 단선 [d:199][t:03:47:05]
[I](2021-12-25  10:06:16 am)작업 재시작
[I](2021-12-25  11:22:31 am)
[I](2021-12-25  11:22:31 am)Work completed.
[I](2021-12-25  11:22:31 am)작업 끝.(M02) [d:267][t:05:03:31]
[I](2021-12-25  11:23:32 am)Reset
[I](2021-12-25  11:23:32 am)Reset
[I](2021-12-25  11:43:03 am)Reset
[I](2021-12-25  11:44:32 am)작업 시작 [Start d:679]
[I](2021-12-25  11:44:32 am)Nc File: [No.0001-255.NC]
[I](2021-12-25  11:44:32 am)  * Start Machine Position
[I](2021-12-25  11:44:32 am)    X:    217.7701
[I](2021-12-25  11:44:32 am)    Y:   -281.0372
[I](2021-12-25  11:44:32 am)    U:      0.0000
[I](2021-12-25  11:44:32 am)    V:      0.0000
[I](2021-12-25  11:44:32 am)    Z:     34.1914
[I](2021-12-25  11:44:32 am)  * Angle
[I](2021-12-25  11:44:32 am)    Ar:      0.6727,Kr:      0.0000
[I](2021-12-25  11:44:32 am)    Taper_Ar:      0.0000
[I](2021-12-25  11:44:54 am)작업중 정지 [d:0][t:00:00:21]
[I](2021-12-25  11:44:54 am)    [LNo:0001] 000705/001546
[I](2021-12-25  11:45:19 am)작업중 정지 [d:0][t:00:00:46]
[I](2021-12-25  11:45:19 am)    [LNo:0001] 000707/001546
[I](2021-12-25  11:46:16 am)작업중 정지 [d:0][t:00:01:43]
[I](2021-12-25  11:46:16 am)    [LNo:0001] 000844/001546
[I](2021-12-25  11:46:19 am)작업중 정지 [d:0][t:00:01:46]
[I](2021-12-25  11:46:19 am)    [LNo:0001] 000847/001546
[I](2021-12-25  11:47:44 am)Reset
[I](2021-12-25  11:47:44 am)Reset
[I](2021-12-25  11:48:15 am)작업 시작 [Start d:0]
[I](2021-12-25  11:48:15 am)Nc File: [No.0001-255.NC]
[I](2021-12-25  11:48:15 am)  * Start Machine Position
[I](2021-12-25  11:48:15 am)    X:    217.7701
[I](2021-12-25  11:48:15 am)    Y:   -281.0372
[I](2021-12-25  11:48:15 am)    U:      0.0000
[I](2021-12-25  11:48:15 am)    V:      0.0000
[I](2021-12-25  11:48:15 am)    Z:     34.1914
[I](2021-12-25  11:48:15 am)  * Angle
[I](2021-12-25  11:48:15 am)    Ar:      0.6727,Kr:      0.0000
[I](2021-12-25  11:48:15 am)    Taper_Ar:      0.0000
[I](2021-12-25  04:10:49 pm)작업중 정지 [d:245][t:04:22:34]
[I](2021-12-25  04:10:49 pm)    [LNo:0001] 000457/001546
[I](2021-12-25  04:10:49 pm)작업중 M코드정지 [d:245][t:04:22:34]
[I](2021-12-25  04:13:14 pm)Reset
[I](2021-12-25  04:13:14 pm)Reset
[I](2021-12-25  04:13:27 pm)Reset
[I](2021-12-25  04:13:27 pm)Reset
[I](2021-12-25  04:13:54 pm)Reset
[I](2021-12-25  04:20:43 pm)Reset
[I](2021-12-25  04:22:08 pm)작업 시작 [Start d:245]
[I](2021-12-25  04:22:08 pm)Nc File: [No.0006-287.NC]
[I](2021-12-25  04:22:08 pm)  * Start Machine Position
[I](2021-12-25  04:22:08 pm)    X:    217.2970
[I](2021-12-25  04:22:08 pm)    Y:   -240.7400
[I](2021-12-25  04:22:08 pm)    U:      0.0000
[I](2021-12-25  04:22:08 pm)    V:      0.0000
[I](2021-12-25  04:22:08 pm)    Z:     34.1914
[I](2021-12-25  04:22:08 pm)  * Angle
[I](2021-12-25  04:22:08 pm)    Ar:      0.6727,Kr:      0.0000
[I](2021-12-25  04:22:08 pm)    Taper_Ar:      0.0000
[I](2021-12-25  04:22:35 pm)작업중 정지 [d:0][t:00:00:27]
[I](2021-12-25  04:22:35 pm)    [LNo:0006] 000010/000050
[I](2021-12-25  04:22:35 pm)작업중 M코드정지 [d:0][t:00:00:27]
[I](2021-12-25  04:40:47 pm)작업중 정지 [d:17][t:00:18:38]
[I](2021-12-25  04:40:47 pm)    [LNo:0006] 000038/000050
[I](2021-12-25  04:40:47 pm)작업중 M코드정지 [d:17][t:00:18:38]
[I](2021-12-25  04:41:09 pm)작업중 정지 [d:17][t:00:19:01]
[I](2021-12-25  04:41:09 pm)    [LNo:0006] 000040/000050
[I](2021-12-25  04:41:09 pm)작업중 M코드정지 [d:17][t:00:19:01]
[I](2021-12-25  04:46:00 pm)Reset
[I](2021-12-25  04:46:01 pm)Reset
[I](2021-12-25  04:46:09 pm)작업 시작 [Start d:262]
[I](2021-12-25  04:46:09 pm)Nc File: [No.0005-286.NC]
[I](2021-12-25  04:46:09 pm)  * Start Machine Position
[I](2021-12-25  04:46:09 pm)    X:    217.2970
[I](2021-12-25  04:46:09 pm)    Y:   -240.7400
[I](2021-12-25  04:46:09 pm)    U:      0.0000
[I](2021-12-25  04:46:09 pm)    V:      0.0000
[I](2021-12-25  04:46:09 pm)    Z:     34.1914
[I](2021-12-25  04:46:09 pm)  * Angle
[I](2021-12-25  04:46:09 pm)    Ar:      0.6727,Kr:      0.0000
[I](2021-12-25  04:46:09 pm)    Taper_Ar:      0.0000
[I](2021-12-25  04:46:36 pm)작업중 정지 [d:0][t:00:00:27]
[I](2021-12-25  04:46:36 pm)    [LNo:0005] 000010/000496
[I](2021-12-25  04:46:36 pm)작업중 M코드정지 [d:0][t:00:00:27]
[A](2021-12-25  04:46:41 pm)[036] 자동결선 절단 공정 실패!!
