[I](2021-11-11  12:41:45 am)작업중 정지 [d:193][t:03:22:22]
[I](2021-11-11  12:41:45 am)    [LNo:0002] 000081/000291
[I](2021-11-11  12:41:45 am)작업중 M코드정지 [d:193][t:03:22:22]
[I](2021-11-11  12:44:33 am)작업중 정지 [d:193][t:03:25:10]
[I](2021-11-11  12:44:33 am)    [LNo:0002] 000082/000291
[I](2021-11-11  12:45:52 am)작업 재시작
[I](2021-11-11  12:45:56 am)작업중 정지 [d:193][t:03:26:33]
[I](2021-11-11  12:45:56 am)    [LNo:0002] 000084/000291
[I](2021-11-11  12:45:56 am)작업중 M코드정지 [d:193][t:03:26:33]
[I](2021-11-11  02:08:45 am)작업중 정지 [d:273][t:04:49:23]
[I](2021-11-11  02:08:45 am)    [LNo:0002] 000112/000291
[I](2021-11-11  02:08:45 am)작업중 M코드정지 [d:273][t:04:49:23]
[I](2021-11-11  02:20:53 am)작업중 정지 [d:273][t:05:01:30]
[I](2021-11-11  02:20:53 am)    [LNo:0002] 000113/000291
[I](2021-11-11  02:21:50 am)작업 재시작
[I](2021-11-11  02:21:55 am)작업중 정지 [d:273][t:05:02:33]
[I](2021-11-11  02:21:55 am)    [LNo:0002] 000115/000291
[I](2021-11-11  02:21:55 am)작업중 M코드정지 [d:273][t:05:02:33]
[I](2021-11-11  04:08:07 am)작업중 정지 [d:378][t:06:48:44]
[I](2021-11-11  04:08:07 am)    [LNo:0002] 000167/000291
[I](2021-11-11  04:08:07 am)작업중 M코드정지 [d:378][t:06:48:44]
[I](2021-11-11  04:11:32 am)작업중 정지 [d:378][t:06:52:09]
[I](2021-11-11  04:11:32 am)    [LNo:0002] 000168/000291
[I](2021-11-11  04:12:48 am)작업 재시작
[I](2021-11-11  04:12:52 am)작업중 정지 [d:378][t:06:53:29]
[I](2021-11-11  04:12:52 am)    [LNo:0002] 000170/000291
[I](2021-11-11  04:12:52 am)작업중 M코드정지 [d:378][t:06:53:29]
[I](2021-11-11  05:33:36 am)작업중 정지 [d:458][t:08:14:14]
[I](2021-11-11  05:33:36 am)    [LNo:0002] 000198/000291
[I](2021-11-11  05:33:37 am)작업중 M코드정지 [d:458][t:08:14:14]
[I](2021-11-11  06:17:42 am)작업중 정지 [d:458][t:08:58:19]
[I](2021-11-11  06:17:42 am)    [LNo:0002] 000199/000291
[I](2021-11-11  06:18:43 am)작업 재시작
[I](2021-11-11  06:18:51 am)작업중 정지 [d:458][t:08:59:28]
[I](2021-11-11  06:18:51 am)    [LNo:0002] 000201/000291
[I](2021-11-11  06:18:51 am)작업중 M코드정지 [d:458][t:08:59:28]
[I](2021-11-11  06:57:03 am)작업중 정지 [d:495][t:09:37:41]
[I](2021-11-11  06:57:03 am)    [LNo:0002] 000243/000291
[A](2021-11-11  06:57:03 am)[008] 작업중 단선(AWF Feed Motor Stop )
[I](2021-11-11  06:57:03 am)작업중 Wire 단선 [d:495][t:09:37:41]
[I](2021-11-11  06:57:15 am)작업 재시작
[I](2021-11-11  08:15:19 am)작업중 정지 [d:574][t:10:55:57]
[I](2021-11-11  08:15:19 am)    [LNo:0002] 000253/000291
[I](2021-11-11  08:15:19 am)작업중 M코드정지 [d:574][t:10:55:57]
[I](2021-11-11  08:17:50 am)작업중 정지 [d:574][t:10:58:27]
[I](2021-11-11  08:17:50 am)    [LNo:0002] 000254/000291
[I](2021-11-11  08:18:59 am)작업 재시작
[I](2021-11-11  08:19:59 am)작업중 정지 [d:574][t:11:00:37]
[I](2021-11-11  08:19:59 am)    [LNo:0002] 000262/000291
[I](2021-11-11  08:19:59 am)작업중 M코드정지 [d:574][t:11:00:37]
[I](2021-11-11  08:20:26 am)Reset
[I](2021-11-11  08:20:27 am)Reset
[I](2021-11-11  08:20:45 am)작업 시작 [Start d:854]
[I](2021-11-11  08:20:45 am)Nc File: [No.0002-646.NC]
[I](2021-11-11  08:20:45 am)  * Start Machine Position
[I](2021-11-11  08:20:45 am)    X:    203.5807
[I](2021-11-11  08:20:45 am)    Y:   -286.8447
[I](2021-11-11  08:20:45 am)    U:      0.0000
[I](2021-11-11  08:20:45 am)    V:      0.0000
[I](2021-11-11  08:20:45 am)    Z:     40.4156
[I](2021-11-11  08:20:45 am)  * Angle
[I](2021-11-11  08:20:45 am)    Ar:     -0.2321,Kr:      0.0000
[I](2021-11-11  08:20:45 am)    Taper_Ar:      0.0000
[I](2021-11-11  09:31:27 am)작업중 정지 [d:71][t:01:10:41]
[I](2021-11-11  09:31:27 am)    [LNo:0002] 000025/000291
[A](2021-11-11  09:31:28 am)[053] Emergency Stop
[A](2021-11-11  09:31:28 am)[053] Emergency Stop
[I](2021-11-11  09:31:28 am)Ready Off
[I](2021-11-11  09:31:28 am)    X:    184.6228
[I](2021-11-11  09:31:28 am)    Y:   -289.6859
[I](2021-11-11  09:31:28 am)    U:      0.0000
[I](2021-11-11  09:31:28 am)    V:      0.0000
[I](2021-11-11  09:31:28 am)    Z:     40.4156
[A](2021-11-11  09:31:28 am)[005] READY Off(Alarm)
[I](2021-11-11  09:31:28 am)    X:    184.6228
[I](2021-11-11  09:31:28 am)    Y:   -289.6859
[I](2021-11-11  09:31:28 am)    U:      0.0000
[I](2021-11-11  09:31:28 am)    V:      0.0000
[I](2021-11-11  09:31:28 am)    Z:     40.4156
[I](2021-11-11  09:38:08 am)Ready On
[I](2021-11-11  09:39:10 am)작업 재시작
[I](2021-11-11  09:45:54 am)작업중 정지 [d:78][t:01:25:08]
[I](2021-11-11  09:45:54 am)    [LNo:0002] 000026/000291
[I](2021-11-11  09:45:54 am)작업중 M코드정지 [d:78][t:01:25:08]
[I](2021-11-11  09:46:28 am)작업중 정지 [d:79][t:01:25:42]
[I](2021-11-11  09:46:28 am)    [LNo:0002] 000027/000291
[I](2021-11-11  09:47:14 am)작업 재시작
[I](2021-11-11  09:47:19 am)작업중 정지 [d:80][t:01:26:33]
[I](2021-11-11  09:47:19 am)    [LNo:0002] 000027/000291
[I](2021-11-11  09:47:19 am)작업중 30sec 접촉 정지 [d:80][t:01:26:33]
[I](2021-11-11  09:48:19 am)작업 재시작
[I](2021-11-11  09:48:32 am)작업중 정지 [d:80][t:01:27:47]
[I](2021-11-11  09:48:32 am)    [LNo:0002] 000029/000291
[I](2021-11-11  09:48:32 am)작업중 M코드정지 [d:80][t:01:27:47]
[I](2021-11-11  11:30:08 am)작업중 정지 [d:-806][t:03:09:22]
[I](2021-11-11  11:30:08 am)    [LNo:0002] 000081/000291
[I](2021-11-11  11:30:08 am)작업중 M코드정지 [d:-806][t:03:09:22]
[I](2021-11-11  11:30:26 am)작업중 정지 [d:-805][t:03:09:41]
[I](2021-11-11  11:30:26 am)    [LNo:0002] 000082/000291
[I](2021-11-11  11:30:27 am)작업중 30sec 접촉 정지 [d:-805][t:03:09:41]
[I](2021-11-11  11:32:09 am)작업 재시작
[I](2021-11-11  11:32:16 am)작업중 정지 [d:-805][t:03:11:31]
[I](2021-11-11  11:32:16 am)    [LNo:0002] 000084/000291
[I](2021-11-11  11:32:16 am)작업중 M코드정지 [d:-805][t:03:11:31]
[I](2021-11-11  12:42:42 pm)작업중 정지 [d:-736][t:04:21:56]
[I](2021-11-11  12:42:42 pm)    [LNo:0002] 000112/000291
[I](2021-11-11  12:42:42 pm)작업중 M코드정지 [d:-736][t:04:21:56]
[I](2021-11-11  12:43:24 pm)작업중 정지 [d:-735][t:04:22:38]
[I](2021-11-11  12:43:24 pm)    [LNo:0002] 000113/000291
[I](2021-11-11  12:43:24 pm)작업중 30sec 접촉 정지 [d:-735][t:04:22:38]
[A](2021-11-11  12:44:27 pm)[037] 자동결선 잔여 WIRE 처리 실패!!
[I](2021-11-11  12:47:16 pm)작업 재시작
[I](2021-11-11  12:47:28 pm)작업중 정지 [d:-734][t:04:26:42]
[I](2021-11-11  12:47:28 pm)    [LNo:0002] 000115/000291
[I](2021-11-11  12:47:28 pm)작업중 M코드정지 [d:-734][t:04:26:42]
[I](2021-11-11  01:33:28 pm)작업중 정지 [d:-689][t:05:12:42]
[I](2021-11-11  01:33:28 pm)    [LNo:0002] 000157/000291
[A](2021-11-11  01:36:29 pm)[001] 와이어 미동작
[I](2021-11-11  01:36:32 pm)작업 재시작
[I](2021-11-11  01:36:37 pm)작업중 정지 [d:-689][t:05:15:51]
[I](2021-11-11  01:36:37 pm)    [LNo:0002] 000157/000291
[I](2021-11-11  01:36:37 pm)작업중 30sec 접촉 정지 [d:-689][t:05:15:52]
[I](2021-11-11  01:36:50 pm)작업 재시작
[I](2021-11-11  02:26:08 pm)작업중 정지 [d:-640][t:06:05:23]
[I](2021-11-11  02:26:08 pm)    [LNo:0002] 000167/000291
[I](2021-11-11  02:26:08 pm)작업중 M코드정지 [d:-640][t:06:05:23]
[A](2021-11-11  02:26:23 pm)[001] 와이어 미동작
[I](2021-11-11  02:26:39 pm)작업중 정지 [d:-640][t:06:05:54]
[I](2021-11-11  02:26:39 pm)    [LNo:0002] 000168/000291
[I](2021-11-11  02:26:40 pm)작업중 30sec 접촉 정지 [d:-640][t:06:05:54]
[I](2021-11-11  02:27:18 pm)작업 재시작
[I](2021-11-11  02:27:25 pm)작업중 정지 [d:-640][t:06:06:39]
[I](2021-11-11  02:27:25 pm)    [LNo:0002] 000170/000291
[I](2021-11-11  02:27:25 pm)작업중 M코드정지 [d:-640][t:06:06:39]
[I](2021-11-11  03:17:41 pm)작업중 정지 [d:-591][t:06:56:55]
[I](2021-11-11  03:17:41 pm)    [LNo:0002] 000195/000291
[A](2021-11-11  03:17:41 pm)[008] 작업중 단선(AWF Feed Motor Stop )
[I](2021-11-11  03:17:41 pm)작업중 Wire 단선 [d:-591][t:06:56:56]
[I](2021-11-11  03:18:50 pm)작업 재시작
[I](2021-11-11  03:40:19 pm)작업중 정지 [d:-569][t:07:19:34]
[I](2021-11-11  03:40:19 pm)    [LNo:0002] 000198/000291
[I](2021-11-11  03:40:19 pm)작업중 M코드정지 [d:-569][t:07:19:34]
[I](2021-11-11  03:42:21 pm)작업중 정지 [d:-568][t:07:21:36]
[I](2021-11-11  03:42:21 pm)    [LNo:0002] 000199/000291
[I](2021-11-11  03:42:21 pm)작업중 30sec 접촉 정지 [d:-568][t:07:21:36]
[I](2021-11-11  03:43:24 pm)작업 재시작
[I](2021-11-11  03:43:32 pm)작업중 정지 [d:-568][t:07:22:46]
[I](2021-11-11  03:43:32 pm)    [LNo:0002] 000201/000291
[I](2021-11-11  03:43:32 pm)작업중 M코드정지 [d:-568][t:07:22:46]
[I](2021-11-11  05:15:14 pm)작업중 정지 [d:-478][t:08:54:29]
[I](2021-11-11  05:15:14 pm)    [LNo:0002] 000253/000291
[I](2021-11-11  05:15:14 pm)작업중 M코드정지 [d:-478][t:08:54:29]
[I](2021-11-11  05:15:53 pm)작업중 정지 [d:-478][t:08:55:07]
[I](2021-11-11  05:15:53 pm)    [LNo:0002] 000254/000291
[I](2021-11-11  05:16:43 pm)작업 재시작
[I](2021-11-11  05:16:50 pm)작업중 정지 [d:-478][t:08:56:04]
[I](2021-11-11  05:16:50 pm)    [LNo:0002] 000256/000291
[I](2021-11-11  05:16:50 pm)작업중 M코드정지 [d:-478][t:08:56:04]
[I](2021-11-11  05:18:10 pm)작업중 정지 [d:-478][t:08:57:24]
[I](2021-11-11  05:18:10 pm)    [LNo:0002] 000265/000291
[I](2021-11-11  05:18:11 pm)Reset
[I](2021-11-11  05:18:12 pm)Reset
[I](2021-11-11  05:18:18 pm)작업 시작 [Start d:376]
[I](2021-11-11  05:18:18 pm)Nc File: [No.0002-646.NC]
[I](2021-11-11  05:18:18 pm)  * Start Machine Position
[I](2021-11-11  05:18:18 pm)    X:    203.4430
[I](2021-11-11  05:18:18 pm)    Y:   -320.8444
[I](2021-11-11  05:18:18 pm)    U:      0.0000
[I](2021-11-11  05:18:18 pm)    V:      0.0000
[I](2021-11-11  05:18:18 pm)    Z:     40.4156
[I](2021-11-11  05:18:18 pm)  * Angle
[I](2021-11-11  05:18:18 pm)    Ar:     -0.2321,Kr:      0.0000
[I](2021-11-11  05:18:18 pm)    Taper_Ar:      0.0000
[I](2021-11-11  06:26:05 pm)작업중 정지 [d:67][t:01:07:46]
[I](2021-11-11  06:26:05 pm)    [LNo:0002] 000026/000291
[I](2021-11-11  06:26:05 pm)작업중 M코드정지 [d:67][t:01:07:46]
[I](2021-11-11  06:26:55 pm)작업중 정지 [d:67][t:01:08:36]
[I](2021-11-11  06:26:55 pm)    [LNo:0002] 000027/000291
[I](2021-11-11  06:27:44 pm)작업 재시작
[I](2021-11-11  06:27:51 pm)작업중 정지 [d:67][t:01:09:32]
[I](2021-11-11  06:27:51 pm)    [LNo:0002] 000029/000291
[I](2021-11-11  06:27:51 pm)작업중 M코드정지 [d:67][t:01:09:32]
[I](2021-11-11  08:01:46 pm)작업중 정지 [d:160][t:02:43:27]
[I](2021-11-11  08:01:46 pm)    [LNo:0002] 000081/000291
[I](2021-11-11  08:01:46 pm)작업중 M코드정지 [d:160][t:02:43:27]
[I](2021-11-11  08:12:59 pm)작업중 정지 [d:160][t:02:54:40]
[I](2021-11-11  08:12:59 pm)    [LNo:0002] 000082/000291
[I](2021-11-11  08:15:43 pm)작업 재시작
[I](2021-11-11  08:15:46 pm)작업중 정지 [d:160][t:02:57:27]
[I](2021-11-11  08:15:46 pm)    [LNo:0002] 000084/000291
[I](2021-11-11  08:15:47 pm)작업중 M코드정지 [d:160][t:02:57:28]
[I](2021-11-11  09:24:41 pm)작업중 정지 [d:227][t:04:06:22]
[I](2021-11-11  09:24:41 pm)    [LNo:0002] 000112/000291
[I](2021-11-11  09:24:41 pm)작업중 M코드정지 [d:227][t:04:06:22]
[I](2021-11-11  09:25:14 pm)작업중 정지 [d:228][t:04:06:55]
[I](2021-11-11  09:25:14 pm)    [LNo:0002] 000113/000291
[I](2021-11-11  09:26:17 pm)작업 재시작
[I](2021-11-11  09:26:22 pm)작업중 정지 [d:228][t:04:08:03]
[I](2021-11-11  09:26:22 pm)    [LNo:0002] 000115/000291
[I](2021-11-11  09:26:22 pm)작업중 M코드정지 [d:228][t:04:08:03]
[I](2021-11-11  10:56:55 pm)작업중 정지 [d:317][t:05:38:36]
[I](2021-11-11  10:56:55 pm)    [LNo:0002] 000167/000291
[I](2021-11-11  10:56:55 pm)작업중 M코드정지 [d:317][t:05:38:36]
[I](2021-11-11  11:05:45 pm)작업중 정지 [d:317][t:05:47:26]
[I](2021-11-11  11:05:45 pm)    [LNo:0002] 000168/000291
[I](2021-11-11  11:07:04 pm)작업 재시작
[I](2021-11-11  11:07:08 pm)작업중 정지 [d:317][t:05:48:49]
[I](2021-11-11  11:07:08 pm)    [LNo:0002] 000170/000291
[I](2021-11-11  11:07:08 pm)작업중 M코드정지 [d:317][t:05:48:49]
