[I](2021-01-23  12:23:30 am)작업중 정지 [d:210][t:03:52:57]
[I](2021-01-23  12:23:30 am)    [LNo:0003] 000514/001628
[I](2021-01-23  12:23:30 am)작업중 M코드정지 [d:210][t:03:52:57]
[I](2021-01-23  12:24:55 am)작업중 정지 [d:211][t:03:54:22]
[I](2021-01-23  12:24:55 am)    [LNo:0003] 000516/001628
[I](2021-01-23  12:24:55 am)작업중 M코드정지 [d:211][t:03:54:22]
[I](2021-01-23  12:32:29 am)작업중 정지 [d:217][t:04:01:55]
[I](2021-01-23  12:32:29 am)    [LNo:0003] 000536/001628
[I](2021-01-23  12:32:29 am)작업중 M코드정지 [d:217][t:04:01:55]
[I](2021-01-23  12:33:19 am)작업중 정지 [d:217][t:04:02:45]
[I](2021-01-23  12:33:19 am)    [LNo:0003] 000538/001628
[I](2021-01-23  12:33:19 am)작업중 M코드정지 [d:217][t:04:02:46]
[I](2021-01-23  12:41:17 am)작업중 정지 [d:217][t:04:10:43]
[I](2021-01-23  12:41:17 am)    [LNo:0003] 000556/001628
[I](2021-01-23  12:41:17 am)작업중 30sec 접촉 정지 [d:217][t:04:10:43]
[I](2021-01-23  12:42:26 am)작업 재시작
[I](2021-01-23  01:49:45 am)작업중 정지 [d:283][t:05:19:11]
[I](2021-01-23  01:49:45 am)    [LNo:0003] 000669/001628
[I](2021-01-23  01:49:45 am)작업중 30sec 접촉 정지 [d:283][t:05:19:11]
[I](2021-01-23  01:50:39 am)작업 재시작
[I](2021-01-23  02:28:30 am)작업중 정지 [d:320][t:05:57:57]
[I](2021-01-23  02:28:30 am)    [LNo:0003] 000784/001628
[I](2021-01-23  02:28:30 am)작업중 M코드정지 [d:320][t:05:57:57]
[I](2021-01-23  02:29:56 am)작업중 정지 [d:321][t:05:59:23]
[I](2021-01-23  02:29:56 am)    [LNo:0003] 000786/001628
[I](2021-01-23  02:29:56 am)작업중 M코드정지 [d:321][t:05:59:23]
[I](2021-01-23  02:38:36 am)작업중 정지 [d:327][t:06:08:02]
[I](2021-01-23  02:38:36 am)    [LNo:0003] 000806/001628
[I](2021-01-23  02:38:36 am)작업중 M코드정지 [d:327][t:06:08:02]
[I](2021-01-23  02:39:33 am)작업중 정지 [d:327][t:06:09:00]
[I](2021-01-23  02:39:33 am)    [LNo:0003] 000808/001628
[I](2021-01-23  02:39:33 am)작업중 M코드정지 [d:327][t:06:09:00]
[I](2021-01-23  02:46:39 am)작업중 정지 [d:327][t:06:16:06]
[I](2021-01-23  02:46:39 am)    [LNo:0003] 000826/001628
[I](2021-01-23  02:46:39 am)작업중 30sec 접촉 정지 [d:327][t:06:16:06]
[I](2021-01-23  02:47:26 am)작업 재시작
[I](2021-01-23  03:55:16 am)작업중 정지 [d:394][t:07:24:43]
[I](2021-01-23  03:55:16 am)    [LNo:0003] 000939/001628
[I](2021-01-23  03:55:16 am)작업중 30sec 접촉 정지 [d:394][t:07:24:43]
[I](2021-01-23  03:57:18 am)작업 재시작
[I](2021-01-23  04:35:32 am)작업중 정지 [d:431][t:08:04:59]
[I](2021-01-23  04:35:32 am)    [LNo:0003] 001054/001628
[I](2021-01-23  04:35:32 am)작업중 M코드정지 [d:431][t:08:04:59]
[I](2021-01-23  04:36:05 am)작업중 정지 [d:432][t:08:05:32]
[I](2021-01-23  04:36:05 am)    [LNo:0003] 001056/001628
[I](2021-01-23  04:36:05 am)작업중 M코드정지 [d:432][t:08:05:32]
[I](2021-01-23  04:43:34 am)작업중 정지 [d:438][t:08:13:01]
[I](2021-01-23  04:43:34 am)    [LNo:0003] 001076/001628
[I](2021-01-23  04:43:34 am)작업중 M코드정지 [d:438][t:08:13:01]
[I](2021-01-23  04:45:20 am)작업중 정지 [d:438][t:08:14:47]
[I](2021-01-23  04:45:20 am)    [LNo:0003] 001078/001628
[I](2021-01-23  04:45:21 am)작업중 M코드정지 [d:438][t:08:14:47]
[I](2021-01-23  04:49:27 am)작업중 정지 [d:438][t:08:18:54]
[I](2021-01-23  04:49:27 am)    [LNo:0003] 001096/001628
[I](2021-01-23  04:49:27 am)작업중 30sec 접촉 정지 [d:438][t:08:18:54]
[I](2021-01-23  04:52:50 am)작업 재시작
[I](2021-01-23  06:00:20 am)작업중 정지 [d:504][t:09:29:46]
[I](2021-01-23  06:00:20 am)    [LNo:0003] 001209/001628
[I](2021-01-23  06:00:20 am)작업중 30sec 접촉 정지 [d:504][t:09:29:46]
[I](2021-01-23  06:22:21 am)작업 재시작
[I](2021-01-23  06:48:09 am)작업중 정지 [d:530][t:10:17:36]
[I](2021-01-23  06:48:09 am)    [LNo:0003] 001251/001628
[I](2021-01-23  06:48:09 am)작업중 30sec 접촉 정지 [d:530][t:10:17:36]
[I](2021-01-23  06:51:59 am)작업 재시작
[I](2021-01-23  07:04:40 am)작업중 정지 [d:541][t:10:34:07]
[I](2021-01-23  07:04:40 am)    [LNo:0003] 001324/001628
[I](2021-01-23  07:04:40 am)작업중 M코드정지 [d:541][t:10:34:07]
[I](2021-01-23  07:05:17 am)작업중 정지 [d:541][t:10:34:43]
[I](2021-01-23  07:05:17 am)    [LNo:0003] 001326/001628
[I](2021-01-23  07:05:17 am)작업중 M코드정지 [d:541][t:10:34:43]
[I](2021-01-23  07:12:45 am)작업중 정지 [d:547][t:10:42:11]
[I](2021-01-23  07:12:45 am)    [LNo:0003] 001346/001628
[I](2021-01-23  07:12:45 am)작업중 M코드정지 [d:547][t:10:42:11]
[I](2021-01-23  07:13:20 am)작업중 정지 [d:547][t:10:42:47]
[I](2021-01-23  07:13:20 am)    [LNo:0003] 001348/001628
[I](2021-01-23  07:13:20 am)작업중 M코드정지 [d:547][t:10:42:47]
[I](2021-01-23  07:15:14 am)작업중 정지 [d:547][t:10:44:41]
[I](2021-01-23  07:15:14 am)    [LNo:0003] 001366/001628
[I](2021-01-23  07:15:14 am)작업중 30sec 접촉 정지 [d:547][t:10:44:41]
[I](2021-01-23  07:17:21 am)작업 재시작
[A](2021-01-23  08:24:18 am)[041] AWF 명령끝날때까지 센서감지(타임아웃) 안됨
[A](2021-01-23  08:24:21 am)[032] 자동결선 상부 센서 WIRE CONTACT!!
[I](2021-01-23  08:24:21 am)작업중 정지 [d:613][t:11:53:48]
[I](2021-01-23  08:24:21 am)    [LNo:0003] 001470/001628
[A](2021-01-23  08:24:21 am)[009] 자동결선 Error(M20-삽입실패)
[A](2021-01-23  08:26:12 am)[037] 자동결선 잔여 WIRE 처리 실패!!
[I](2021-01-23  08:52:39 am)작업중 정지 [d:638][t:12:22:06]
[I](2021-01-23  08:52:39 am)    [LNo:0003] 001521/001628
[I](2021-01-23  08:52:39 am)작업중 30sec 접촉 정지 [d:638][t:12:22:06]
[I](2021-01-23  08:52:59 am)작업 재시작
[I](2021-01-23  08:53:18 am)작업중 정지 [d:638][t:12:22:45]
[I](2021-01-23  08:53:18 am)    [LNo:0003] 001521/001628
[I](2021-01-23  08:53:18 am)작업중 30sec 접촉 정지 [d:638][t:12:22:45]
[I](2021-01-23  08:53:22 am)작업 재시작
[I](2021-01-23  08:53:27 am)작업중 정지 [d:638][t:12:22:53]
[I](2021-01-23  08:53:27 am)    [LNo:0003] 001521/001628
[I](2021-01-23  08:53:27 am)작업중 30sec 접촉 정지 [d:638][t:12:22:53]
[I](2021-01-23  08:53:45 am)작업 재시작
[I](2021-01-23  09:14:10 am)작업중 정지 [d:656][t:12:43:36]
[I](2021-01-23  09:14:10 am)    [LNo:0003] 001620/001628
[I](2021-01-23  09:14:10 am)작업중 M코드정지 [d:656][t:12:43:36]
[I](2021-01-23  09:20:18 am)Reset
[A](2021-01-23  09:21:29 am)[037] 자동결선 잔여 WIRE 처리 실패!!
[A](2021-01-23  09:21:51 am)[032] 자동결선 상부 센서 WIRE CONTACT!!
[A](2021-01-23  09:22:28 am)[037] 자동결선 잔여 WIRE 처리 실패!!
[I](2021-01-23  09:23:55 am)Reset
[I](2021-01-23  09:23:55 am)Reset
[I](2021-01-23  09:23:59 am)Reset
[I](2021-01-23  09:23:59 am)Reset
[I](2021-01-23  10:17:46 am)Reset
[I](2021-01-23  10:17:49 am)Reset
[I](2021-01-23  10:17:50 am)Reset
[I](2021-01-23  10:19:20 am)Reset
[I](2021-01-23  10:19:21 am)Reset
[I](2021-01-23  10:33:51 am)Reset
[I](2021-01-23  10:36:26 am)Reset
[I](2021-01-23  10:36:32 am)Reset
[I](2021-01-23  10:41:04 am)작업 시작 [Start d:0]
[I](2021-01-23  10:41:04 am)Nc File: [No.0006-338.NC]
[I](2021-01-23  10:41:04 am)  * Start Machine Position
[I](2021-01-23  10:41:04 am)    X:    162.5140
[I](2021-01-23  10:41:04 am)    Y:   -292.0992
[I](2021-01-23  10:41:04 am)    U:      0.0000
[I](2021-01-23  10:41:04 am)    V:      0.0000
[I](2021-01-23  10:41:04 am)    Z:     30.3817
[I](2021-01-23  10:41:04 am)  * Angle
[I](2021-01-23  10:41:04 am)    Ar:     -0.0112,Kr:      0.0000
[I](2021-01-23  10:41:04 am)    Taper_Ar:      0.0000
[I](2021-01-23  10:53:08 am)작업중 정지 [d:12][t:00:12:03]
[I](2021-01-23  10:53:08 am)    [LNo:0006] 000027/000596
[I](2021-01-23  10:53:08 am)작업중 M코드정지 [d:12][t:00:12:03]
[I](2021-01-23  10:53:59 am)작업중 정지 [d:13][t:00:12:55]
[I](2021-01-23  10:53:59 am)    [LNo:0006] 000030/000596
[I](2021-01-23  10:53:59 am)작업중 M코드정지 [d:13][t:00:12:55]
[A](2021-01-23  10:54:27 am)[037] 자동결선 잔여 WIRE 처리 실패!!
[I](2021-01-23  10:55:03 am)작업중 정지 [d:13][t:00:13:59]
[I](2021-01-23  10:55:03 am)    [LNo:0006] 000037/000596
[I](2021-01-23  11:05:36 am)작업중 정지 [d:23][t:00:24:32]
[I](2021-01-23  11:05:36 am)    [LNo:0006] 000102/000596
[I](2021-01-23  11:06:23 am)작업중 정지 [d:23][t:00:25:19]
[I](2021-01-23  11:06:23 am)    [LNo:0006] 000108/000596
[I](2021-01-23  11:06:29 am)작업중 정지 [d:23][t:00:25:25]
[I](2021-01-23  11:06:29 am)    [LNo:0006] 000111/000596
[I](2021-01-23  11:06:45 am)작업중 정지 [d:23][t:00:25:41]
[I](2021-01-23  11:06:45 am)    [LNo:0006] 000208/000596
[I](2021-01-23  11:13:38 am)작업중 정지 [d:29][t:00:32:34]
[I](2021-01-23  11:13:38 am)    [LNo:0006] 000222/000596
[I](2021-01-23  11:13:38 am)작업중 M코드정지 [d:29][t:00:32:34]
[I](2021-01-23  11:14:04 am)작업중 정지 [d:29][t:00:33:00]
[I](2021-01-23  11:14:04 am)    [LNo:0006] 000223/000596
[I](2021-01-23  11:14:32 am)작업 재시작
[I](2021-01-23  11:14:38 am)작업중 정지 [d:29][t:00:33:34]
[I](2021-01-23  11:14:38 am)    [LNo:0006] 000225/000596
[I](2021-01-23  11:14:38 am)작업중 M코드정지 [d:29][t:00:33:34]
[I](2021-01-23  11:22:10 am)작업중 정지 [d:35][t:00:41:06]
[I](2021-01-23  11:22:10 am)    [LNo:0006] 000247/000596
[I](2021-01-23  11:22:10 am)작업중 M코드정지 [d:35][t:00:41:06]
[I](2021-01-23  11:23:53 am)작업중 정지 [d:36][t:00:42:48]
[I](2021-01-23  11:23:53 am)    [LNo:0006] 000248/000596
[I](2021-01-23  11:24:25 am)작업 재시작
[I](2021-01-23  11:24:34 am)작업중 정지 [d:36][t:00:43:30]
[I](2021-01-23  11:24:34 am)    [LNo:0006] 000250/000596
[I](2021-01-23  11:24:34 am)작업중 M코드정지 [d:36][t:00:43:30]
[I](2021-01-23  11:32:17 am)작업중 정지 [d:42][t:00:51:13]
[I](2021-01-23  11:32:17 am)    [LNo:0006] 000272/000596
[I](2021-01-23  11:32:17 am)작업중 M코드정지 [d:42][t:00:51:13]
[I](2021-01-23  11:33:33 am)작업중 정지 [d:42][t:00:52:28]
[I](2021-01-23  11:33:33 am)    [LNo:0006] 000273/000596
[I](2021-01-23  11:33:33 am)작업중 30sec 접촉 정지 [d:42][t:00:52:28]
[I](2021-01-23  11:33:53 am)작업 재시작
[I](2021-01-23  11:34:03 am)작업중 정지 [d:42][t:00:52:59]
[I](2021-01-23  11:34:03 am)    [LNo:0006] 000275/000596
[I](2021-01-23  11:34:03 am)작업중 M코드정지 [d:42][t:00:52:59]
[I](2021-01-23  12:13:01 pm)작업중 정지 [d:80][t:01:31:57]
[I](2021-01-23  12:13:01 pm)    [LNo:0006] 000308/000596
[I](2021-01-23  12:13:01 pm)작업중 M코드정지 [d:80][t:01:31:57]
[I](2021-01-23  12:13:43 pm)작업중 정지 [d:80][t:01:32:38]
[I](2021-01-23  12:13:43 pm)    [LNo:0006] 000310/000596
[A](2021-01-23  12:14:25 pm)[037] 자동결선 잔여 WIRE 처리 실패!!
[A](2021-01-23  12:15:19 pm)[041] AWF 명령끝날때까지 센서감지(타임아웃) 안됨
[I](2021-01-23  12:18:03 pm)작업 재시작
[I](2021-01-23  12:18:07 pm)작업중 정지 [d:80][t:01:37:03]
[I](2021-01-23  12:18:07 pm)    [LNo:0006] 000311/000596
[I](2021-01-23  12:18:07 pm)작업중 M코드정지 [d:80][t:01:37:03]
[A](2021-01-23  02:18:57 pm)[032] 자동결선 상부 센서 WIRE CONTACT!!
[A](2021-01-23  02:19:00 pm)[032] 자동결선 상부 센서 WIRE CONTACT!!
[I](2021-01-23  02:19:00 pm)작업중 정지 [d:198][t:03:37:55]
[I](2021-01-23  02:19:00 pm)    [LNo:0006] 000545/000596
[A](2021-01-23  02:19:00 pm)[009] 자동결선 Error(M20-삽입실패)
[A](2021-01-23  02:21:59 pm)[037] 자동결선 잔여 WIRE 처리 실패!!
[I](2021-01-23  02:27:14 pm)작업중 정지 [d:203][t:03:46:09]
[I](2021-01-23  02:27:14 pm)    [LNo:0006] 000559/000596
[I](2021-01-23  02:27:14 pm)작업중 M코드정지 [d:203][t:03:46:09]
[I](2021-01-23  02:29:54 pm)작업중 정지 [d:204][t:03:48:49]
[I](2021-01-23  02:29:54 pm)    [LNo:0006] 000561/000596
[I](2021-01-23  02:29:54 pm)작업중 M코드정지 [d:204][t:03:48:49]
[I](2021-01-23  02:36:04 pm)작업중 정지 [d:209][t:03:54:59]
[I](2021-01-23  02:36:04 pm)    [LNo:0006] 000585/000596
[I](2021-01-23  02:36:04 pm)Wire Contact Auto Stop(M52)
[A](2021-01-23  02:36:35 pm)[037] 자동결선 잔여 WIRE 처리 실패!!
[I](2021-01-23  02:48:30 pm)Reset
[A](2021-01-23  02:48:47 pm)[001] 와이어 미동작
[I](2021-01-23  02:49:11 pm)Reset
[I](2021-01-23  02:50:29 pm)Reset
[I](2021-01-23  02:51:47 pm)Reset
[I](2021-01-23  02:51:48 pm)Reset
[A](2021-01-23  02:52:28 pm)[037] 자동결선 잔여 WIRE 처리 실패!!
[I](2021-01-23  02:52:29 pm)Reset
[I](2021-01-23  02:52:29 pm)Reset
[I](2021-01-23  02:52:47 pm)작업 시작 [Start d:209]
[I](2021-01-23  02:52:47 pm)Nc File: [No.0005-339.NC]
[I](2021-01-23  02:52:47 pm)  * Start Machine Position
[I](2021-01-23  02:52:47 pm)    X:    196.9544
[I](2021-01-23  02:52:47 pm)    Y:   -242.9376
[I](2021-01-23  02:52:47 pm)    U:      0.0000
[I](2021-01-23  02:52:47 pm)    V:      0.0000
[I](2021-01-23  02:52:47 pm)    Z:     12.5977
[I](2021-01-23  02:52:47 pm)  * Angle
[I](2021-01-23  02:52:47 pm)    Ar:      0.0000,Kr:      0.0000
[I](2021-01-23  02:52:47 pm)    Taper_Ar:      0.0000
[A](2021-01-23  02:53:16 pm)[041] AWF 명령끝날때까지 센서감지(타임아웃) 안됨
[A](2021-01-23  02:53:37 pm)[041] AWF 명령끝날때까지 센서감지(타임아웃) 안됨
[I](2021-01-23  02:53:37 pm)작업중 정지 [d:0][t:00:00:50]
[I](2021-01-23  02:53:37 pm)    [LNo:0005] 000437/000695
[A](2021-01-23  02:53:38 pm)[009] 자동결선 Error(M20-삽입실패)
[A](2021-01-23  02:57:05 pm)[037] 자동결선 잔여 WIRE 처리 실패!!
[A](2021-01-23  03:00:23 pm)[037] 자동결선 잔여 WIRE 처리 실패!!
[I](2021-01-23  03:00:57 pm)Reset
[I](2021-01-23  03:00:57 pm)Reset
[I](2021-01-23  03:02:15 pm)Reset
[I](2021-01-23  03:02:53 pm)Reset
[I](2021-01-23  03:02:53 pm)Reset
[I](2021-01-23  03:02:54 pm)Reset
[I](2021-01-23  03:03:09 pm)Reset
[I](2021-01-23  03:03:18 pm)작업 시작 [Start d:209]
[I](2021-01-23  03:03:18 pm)Nc File: [No.0005-339.NC]
[I](2021-01-23  03:03:18 pm)  * Start Machine Position
[I](2021-01-23  03:03:18 pm)    X:    196.9544
[I](2021-01-23  03:03:18 pm)    Y:   -242.9376
[I](2021-01-23  03:03:18 pm)    U:      0.0000
[I](2021-01-23  03:03:18 pm)    V:      0.0000
[I](2021-01-23  03:03:18 pm)    Z:     12.5977
[I](2021-01-23  03:03:18 pm)  * Angle
[I](2021-01-23  03:03:18 pm)    Ar:      0.7642,Kr:      0.0000
[I](2021-01-23  03:03:18 pm)    Taper_Ar:      0.0000
[I](2021-01-23  03:03:38 pm)작업중 정지 [d:0][t:00:00:20]
[I](2021-01-23  03:03:38 pm)    [LNo:0005] 000437/000695
[I](2021-01-23  03:15:50 pm)작업중 정지 [d:11][t:00:12:32]
[I](2021-01-23  03:15:50 pm)    [LNo:0005] 000490/000695
[I](2021-01-23  03:15:50 pm)작업중 30sec 접촉 정지 [d:11][t:00:12:32]
[I](2021-01-23  03:16:04 pm)작업 재시작
[I](2021-01-23  03:16:10 pm)작업중 정지 [d:11][t:00:12:52]
[I](2021-01-23  03:16:10 pm)    [LNo:0005] 000490/000695
[I](2021-01-23  03:16:20 pm)작업 재시작
[I](2021-01-23  03:20:00 pm)작업중 정지 [d:14][t:00:16:42]
[I](2021-01-23  03:20:00 pm)    [LNo:0005] 000517/000695
[I](2021-01-23  03:20:00 pm)Wire Contact Auto Stop(M52)
[I](2021-01-23  03:22:29 pm)작업 재시작
[I](2021-01-23  03:22:34 pm)작업중 정지 [d:14][t:00:19:15]
[I](2021-01-23  03:22:34 pm)    [LNo:0005] 000523/000695
[I](2021-01-23  03:22:40 pm)작업 재시작
[A](2021-01-23  03:23:33 pm)[041] AWF 명령끝날때까지 센서감지(타임아웃) 안됨
[A](2021-01-23  03:23:50 pm)[041] AWF 명령끝날때까지 센서감지(타임아웃) 안됨
[I](2021-01-23  03:23:50 pm)작업중 정지 [d:14][t:00:20:31]
[I](2021-01-23  03:23:50 pm)    [LNo:0005] 000530/000695
[A](2021-01-23  03:23:50 pm)[009] 자동결선 Error(M20-삽입실패)
[A](2021-01-23  03:27:18 pm)[037] 자동결선 잔여 WIRE 처리 실패!!
[I](2021-01-23  03:31:02 pm)작업중 정지 [d:17][t:00:27:44]
[I](2021-01-23  03:31:02 pm)    [LNo:0005] 000545/000695
[I](2021-01-23  03:31:02 pm)Wire Contact Auto Stop(M52)
[I](2021-01-23  03:37:31 pm)작업 재시작
[I](2021-01-23  03:37:34 pm)작업중 정지 [d:17][t:00:34:16]
[I](2021-01-23  03:37:34 pm)    [LNo:0005] 000548/000695
[I](2021-01-23  03:37:40 pm)작업 재시작
[I](2021-01-23  03:38:28 pm)작업중 정지 [d:17][t:00:35:10]
[I](2021-01-23  03:38:28 pm)    [LNo:0005] 000558/000695
[A](2021-01-23  03:39:24 pm)[037] 자동결선 잔여 WIRE 처리 실패!!
[I](2021-01-23  03:47:29 pm)작업중 정지 [d:24][t:00:44:11]
[I](2021-01-23  03:47:29 pm)    [LNo:0005] 000581/000695
[I](2021-01-23  03:47:29 pm)작업중 M코드정지 [d:24][t:00:44:11]
[I](2021-01-23  03:48:43 pm)작업중 정지 [d:24][t:00:45:25]
[I](2021-01-23  03:48:43 pm)    [LNo:0005] 000583/000695
[I](2021-01-23  03:48:44 pm)작업중 M코드정지 [d:24][t:00:45:25]
[I](2021-01-23  03:48:48 pm)작업중 정지 [d:24][t:00:45:30]
[I](2021-01-23  03:48:48 pm)    [LNo:0005] 000586/000695
[I](2021-01-23  03:48:49 pm)작업중 정지 [d:24][t:00:45:31]
[I](2021-01-23  03:48:49 pm)    [LNo:0005] 000586/000695
[I](2021-01-23  03:48:51 pm)작업중 정지 [d:24][t:00:45:33]
[I](2021-01-23  03:48:51 pm)    [LNo:0005] 000586/000695
[A](2021-01-23  03:48:51 pm)[010] 자동결선 Error(M21-절단실패)
[I](2021-01-23  03:56:51 pm)작업중 정지 [d:32][t:00:53:33]
[I](2021-01-23  03:56:51 pm)    [LNo:0005] 000615/000695
[I](2021-01-23  03:56:51 pm)작업중 M코드정지 [d:32][t:00:53:33]
[A](2021-01-23  03:58:13 pm)[001] 와이어 미동작
[I](2021-01-23  03:58:18 pm)작업중 정지 [d:32][t:00:55:00]
[I](2021-01-23  03:58:18 pm)    [LNo:0005] 000617/000695
[I](2021-01-23  03:58:18 pm)작업중 M코드정지 [d:32][t:00:55:00]
[I](2021-01-23  04:05:38 pm)작업중 정지 [d:38][t:01:02:19]
[I](2021-01-23  04:05:38 pm)    [LNo:0005] 000648/000695
[I](2021-01-23  04:05:38 pm)Wire Contact Auto Stop(M52)
[I](2021-01-23  04:07:28 pm)작업 재시작
[I](2021-01-23  04:07:29 pm)작업중 정지 [d:38][t:01:04:11]
[I](2021-01-23  04:07:29 pm)    [LNo:0005] 000649/000695
[I](2021-01-23  04:07:29 pm)작업중 M코드정지 [d:38][t:01:04:11]
[I](2021-01-23  04:07:36 pm)작업중 정지 [d:38][t:01:04:17]
[I](2021-01-23  04:07:36 pm)    [LNo:0005] 000650/000695
[A](2021-01-23  04:07:36 pm)[093] 보빈 와이어 단선
[I](2021-01-23  04:07:36 pm)작업중 Wire 단선 [d:38][t:01:04:17]
[I](2021-01-23  04:07:38 pm)작업 재시작
[I](2021-01-23  04:07:43 pm)작업중 정지 [d:38][t:01:04:25]
[I](2021-01-23  04:07:43 pm)    [LNo:0005] 000651/000695
[I](2021-01-23  04:07:43 pm)작업중 M코드정지 [d:38][t:01:04:25]
[I](2021-01-23  04:27:55 pm)작업중 정지 [d:57][t:01:24:37]
[I](2021-01-23  04:27:55 pm)    [LNo:0005] 000682/000695
[I](2021-01-23  04:27:55 pm)Wire Contact Auto Stop(M52)
[A](2021-01-23  04:28:27 pm)[037] 자동결선 잔여 WIRE 처리 실패!!
[I](2021-01-23  04:30:22 pm)Reset
[I](2021-01-23  04:30:23 pm)Reset
[A](2021-01-23  04:30:25 pm)[053] Emergency Stop
[A](2021-01-23  04:30:25 pm)[005] READY Off(Alarm)
[I](2021-01-23  04:30:25 pm)    X:    196.9544
[I](2021-01-23  04:30:25 pm)    Y:   -242.9376
[I](2021-01-23  04:30:25 pm)    U:      0.0000
[I](2021-01-23  04:30:25 pm)    V:      0.0000
[I](2021-01-23  04:30:25 pm)    Z:    112.5977
