[I](2021-01-22  12:11:37 am)작업중 정지 [d:70][t:01:51:44]
[I](2021-01-22  12:11:37 am)    [LNo:0001] 000204/001138
[I](2021-01-22  12:11:37 am)작업중 M코드정지 [d:70][t:01:51:45]
[I](2021-01-22  12:15:34 am)작업중 정지 [d:70][t:01:55:42]
[I](2021-01-22  12:15:34 am)    [LNo:0001] 000206/001138
[I](2021-01-22  12:16:06 am)작업 재시작
[I](2021-01-22  12:16:12 am)작업중 정지 [d:70][t:01:56:19]
[I](2021-01-22  12:16:12 am)    [LNo:0001] 000208/001138
[I](2021-01-22  12:16:12 am)작업중 M코드정지 [d:70][t:01:56:19]
[I](2021-01-22  12:29:12 am)작업중 정지 [d:82][t:02:09:20]
[I](2021-01-22  12:29:12 am)    [LNo:0001] 000238/001138
[I](2021-01-22  12:29:12 am)작업중 M코드정지 [d:82][t:02:09:20]
[I](2021-01-22  12:35:49 am)작업중 정지 [d:82][t:02:15:56]
[I](2021-01-22  12:35:49 am)    [LNo:0001] 000240/001138
[I](2021-01-22  12:36:22 am)작업 재시작
[I](2021-01-22  12:36:26 am)작업중 정지 [d:82][t:02:16:34]
[I](2021-01-22  12:36:26 am)    [LNo:0001] 000242/001138
[I](2021-01-22  12:36:26 am)작업중 M코드정지 [d:82][t:02:16:34]
[I](2021-01-22  12:52:17 am)작업중 정지 [d:94][t:02:32:25]
[I](2021-01-22  12:52:17 am)    [LNo:0001] 000272/001138
[I](2021-01-22  12:52:17 am)작업중 M코드정지 [d:94][t:02:32:25]
[I](2021-01-22  12:56:44 am)작업중 정지 [d:94][t:02:36:52]
[I](2021-01-22  12:56:44 am)    [LNo:0001] 000274/001138
[I](2021-01-22  12:57:19 am)작업 재시작
[I](2021-01-22  12:57:23 am)작업중 정지 [d:94][t:02:37:31]
[I](2021-01-22  12:57:23 am)    [LNo:0001] 000276/001138
[I](2021-01-22  12:57:23 am)작업중 M코드정지 [d:94][t:02:37:31]
[I](2021-01-22  01:10:35 am)작업중 정지 [d:106][t:02:50:42]
[I](2021-01-22  01:10:35 am)    [LNo:0001] 000306/001138
[I](2021-01-22  01:10:35 am)작업중 M코드정지 [d:106][t:02:50:42]
[I](2021-01-22  01:12:12 am)작업중 정지 [d:106][t:02:52:19]
[I](2021-01-22  01:12:12 am)    [LNo:0001] 000308/001138
[I](2021-01-22  01:12:43 am)작업 재시작
[I](2021-01-22  01:12:48 am)작업중 정지 [d:106][t:02:52:56]
[I](2021-01-22  01:12:48 am)    [LNo:0001] 000310/001138
[I](2021-01-22  01:12:49 am)작업중 M코드정지 [d:106][t:02:52:56]
[I](2021-01-22  01:26:14 am)작업중 정지 [d:118][t:03:06:22]
[I](2021-01-22  01:26:14 am)    [LNo:0001] 000340/001138
[I](2021-01-22  01:26:14 am)작업중 M코드정지 [d:118][t:03:06:22]
[I](2021-01-22  01:29:07 am)작업중 정지 [d:118][t:03:09:15]
[I](2021-01-22  01:29:07 am)    [LNo:0001] 000342/001138
[I](2021-01-22  01:29:36 am)작업 재시작
[I](2021-01-22  01:29:41 am)작업중 정지 [d:118][t:03:09:48]
[I](2021-01-22  01:29:41 am)    [LNo:0001] 000344/001138
[I](2021-01-22  01:29:41 am)작업중 M코드정지 [d:118][t:03:09:48]
[I](2021-01-22  03:06:13 am)작업중 정지 [d:213][t:04:46:21]
[I](2021-01-22  03:06:13 am)    [LNo:0001] 000376/001138
[I](2021-01-22  03:06:13 am)작업중 M코드정지 [d:213][t:04:46:21]
[I](2021-01-22  03:11:43 am)작업중 정지 [d:213][t:04:51:50]
[I](2021-01-22  03:11:43 am)    [LNo:0001] 000380/001138
[I](2021-01-22  03:11:43 am)작업중 M코드정지 [d:213][t:04:51:51]
[I](2021-01-22  03:45:44 am)작업중 정지 [d:245][t:05:25:52]
[I](2021-01-22  03:45:44 am)    [LNo:0001] 000411/001138
[I](2021-01-22  03:45:44 am)작업중 30sec 접촉 정지 [d:245][t:05:25:52]
[I](2021-01-22  03:46:56 am)작업 재시작
[I](2021-01-22  03:46:59 am)작업중 정지 [d:245][t:05:27:06]
[I](2021-01-22  03:46:59 am)    [LNo:0001] 000411/001138
[I](2021-01-22  03:47:40 am)작업 재시작
[I](2021-01-22  03:47:51 am)작업중 정지 [d:245][t:05:27:59]
[I](2021-01-22  03:47:51 am)    [LNo:0001] 000412/001138
[I](2021-01-22  03:47:51 am)작업중 M코드정지 [d:245][t:05:27:59]
[I](2021-01-22  03:48:07 am)작업중 정지 [d:245][t:05:28:15]
[I](2021-01-22  03:48:07 am)    [LNo:0001] 000414/001138
[I](2021-01-22  03:48:07 am)작업중 M코드정지 [d:245][t:05:28:15]
[I](2021-01-22  03:55:00 am)작업중 정지 [d:246][t:05:35:08]
[I](2021-01-22  03:55:00 am)    [LNo:0001] 000431/001138
[I](2021-01-22  03:55:00 am)작업중 30sec 접촉 정지 [d:246][t:05:35:08]
[I](2021-01-22  04:16:52 am)작업 재시작
[I](2021-01-22  04:56:35 am)작업중 정지 [d:286][t:06:36:42]
[I](2021-01-22  04:56:35 am)    [LNo:0001] 000446/001138
[I](2021-01-22  04:56:35 am)작업중 M코드정지 [d:286][t:06:36:42]
[I](2021-01-22  05:03:10 am)작업중 정지 [d:286][t:06:43:18]
[I](2021-01-22  05:03:10 am)    [LNo:0001] 000448/001138
[I](2021-01-22  05:03:44 am)작업 재시작
[I](2021-01-22  05:03:48 am)작업중 정지 [d:286][t:06:43:56]
[I](2021-01-22  05:03:48 am)    [LNo:0001] 000450/001138
[I](2021-01-22  05:03:48 am)작업중 M코드정지 [d:286][t:06:43:56]
[I](2021-01-22  05:05:55 am)작업중 정지 [d:287][t:06:46:02]
[I](2021-01-22  05:05:55 am)    [LNo:0001] 000471/001138
[A](2021-01-22  05:05:55 am)[008] 작업중 단선(AWF Feed Motor Stop )
[I](2021-01-22  05:05:55 am)작업중 Wire 단선 [d:287][t:06:46:02]
[I](2021-01-22  05:07:04 am)작업 재시작
[I](2021-01-22  05:07:07 am)작업중 정지 [d:287][t:06:47:15]
[I](2021-01-22  05:07:07 am)    [LNo:0001] 000471/001138
[A](2021-01-22  05:07:07 am)[008] 작업중 단선(AWF Feed Motor Stop )
[I](2021-01-22  05:07:08 am)작업중 Wire 단선 [d:287][t:06:47:15]
[I](2021-01-22  05:08:16 am)작업 재시작
[I](2021-01-22  05:28:10 am)작업중 정지 [d:307][t:07:08:18]
[I](2021-01-22  05:28:10 am)    [LNo:0001] 000482/001138
[I](2021-01-22  05:28:10 am)작업중 M코드정지 [d:307][t:07:08:18]
[I](2021-01-22  05:53:51 am)작업중 정지 [d:307][t:07:33:58]
[I](2021-01-22  05:53:51 am)    [LNo:0001] 000484/001138
[I](2021-01-22  05:54:26 am)작업 재시작
[I](2021-01-22  05:54:30 am)작업중 정지 [d:307][t:07:34:38]
[I](2021-01-22  05:54:30 am)    [LNo:0001] 000486/001138
[I](2021-01-22  05:54:30 am)작업중 M코드정지 [d:307][t:07:34:38]
[I](2021-01-22  06:03:38 am)작업중 정지 [d:307][t:07:43:45]
[I](2021-01-22  06:03:38 am)    [LNo:0001] 000507/001138
[A](2021-01-22  06:03:38 am)[008] 작업중 단선(AWF Feed Motor Stop )
[I](2021-01-22  06:03:38 am)작업중 Wire 단선 [d:307][t:07:43:45]
[I](2021-01-22  06:04:47 am)작업 재시작
[I](2021-01-22  06:21:09 am)작업중 정지 [d:324][t:08:01:17]
[I](2021-01-22  06:21:09 am)    [LNo:0001] 000518/001138
[I](2021-01-22  06:21:09 am)작업중 M코드정지 [d:324][t:08:01:17]
[I](2021-01-22  06:22:25 am)작업중 정지 [d:324][t:08:02:33]
[I](2021-01-22  06:22:25 am)    [LNo:0001] 000520/001138
[I](2021-01-22  06:22:57 am)작업 재시작
[I](2021-01-22  06:23:01 am)작업중 정지 [d:324][t:08:03:09]
[I](2021-01-22  06:23:01 am)    [LNo:0001] 000522/001138
[I](2021-01-22  06:23:01 am)작업중 M코드정지 [d:324][t:08:03:09]
[I](2021-01-22  06:33:03 am)작업중 정지 [d:333][t:08:13:11]
[I](2021-01-22  06:33:03 am)    [LNo:0001] 000546/001138
[I](2021-01-22  06:33:03 am)작업중 M코드정지 [d:333][t:08:13:11]
[I](2021-01-22  06:36:59 am)작업중 정지 [d:334][t:08:17:07]
[I](2021-01-22  06:36:59 am)    [LNo:0001] 000548/001138
[I](2021-01-22  06:37:29 am)작업 재시작
[I](2021-01-22  06:37:33 am)작업중 정지 [d:334][t:08:17:40]
[I](2021-01-22  06:37:33 am)    [LNo:0001] 000550/001138
[I](2021-01-22  06:37:33 am)작업중 M코드정지 [d:334][t:08:17:40]
[I](2021-01-22  06:48:43 am)작업중 정지 [d:342][t:08:28:51]
[I](2021-01-22  06:48:43 am)    [LNo:0001] 000574/001138
[I](2021-01-22  06:48:43 am)작업중 M코드정지 [d:342][t:08:28:51]
[I](2021-01-22  06:50:35 am)작업중 정지 [d:342][t:08:30:43]
[I](2021-01-22  06:50:35 am)    [LNo:0001] 000576/001138
[I](2021-01-22  06:51:07 am)작업 재시작
[I](2021-01-22  06:51:11 am)작업중 정지 [d:342][t:08:31:19]
[I](2021-01-22  06:51:11 am)    [LNo:0001] 000578/001138
[I](2021-01-22  06:51:12 am)작업중 M코드정지 [d:342][t:08:31:19]
[I](2021-01-22  06:52:04 am)작업중 정지 [d:342][t:08:32:11]
[I](2021-01-22  06:52:04 am)    [LNo:0001] 000581/001138
[I](2021-01-22  06:52:04 am)작업중 Single Block Stop [d:342][t:08:32:11]
[A](2021-01-22  06:52:32 am)[084] Work Tank Fluid Sensor Abnormal
[I](2021-01-22  07:18:11 am)작업중 정지 [d:361][t:08:58:18]
[I](2021-01-22  07:18:11 am)    [LNo:0001] 000603/001138
[I](2021-01-22  07:18:11 am)작업중 M코드정지 [d:361][t:08:58:19]
[I](2021-01-22  07:18:44 am)작업중 정지 [d:361][t:08:58:52]
[I](2021-01-22  07:18:44 am)    [LNo:0001] 000606/001138
[I](2021-01-22  07:18:45 am)작업중 M코드정지 [d:361][t:08:58:52]
[I](2021-01-22  07:31:42 am)작업중 정지 [d:372][t:09:11:50]
[I](2021-01-22  07:31:42 am)    [LNo:0001] 000630/001138
[I](2021-01-22  07:31:42 am)작업중 M코드정지 [d:372][t:09:11:50]
[I](2021-01-22  07:33:20 am)작업중 정지 [d:372][t:09:13:28]
[I](2021-01-22  07:33:20 am)    [LNo:0001] 000632/001138
[I](2021-01-22  07:33:49 am)작업 재시작
[I](2021-01-22  07:33:53 am)작업중 정지 [d:372][t:09:14:01]
[I](2021-01-22  07:33:53 am)    [LNo:0001] 000634/001138
[I](2021-01-22  07:33:53 am)작업중 M코드정지 [d:372][t:09:14:01]
[I](2021-01-22  07:55:24 am)작업중 정지 [d:392][t:09:35:31]
[I](2021-01-22  07:55:24 am)    [LNo:0001] 000659/001138
[I](2021-01-22  07:55:24 am)작업중 M코드정지 [d:392][t:09:35:32]
[I](2021-01-22  07:55:59 am)작업중 정지 [d:393][t:09:36:06]
[I](2021-01-22  07:55:59 am)    [LNo:0001] 000660/001138
[I](2021-01-22  07:56:28 am)작업 재시작
[I](2021-01-22  07:56:32 am)작업중 정지 [d:393][t:09:36:40]
[I](2021-01-22  07:56:32 am)    [LNo:0001] 000662/001138
[I](2021-01-22  07:56:32 am)작업중 M코드정지 [d:393][t:09:36:40]
[I](2021-01-22  08:17:07 am)작업중 정지 [d:412][t:09:57:15]
[I](2021-01-22  08:17:07 am)    [LNo:0001] 000687/001138
[I](2021-01-22  08:17:08 am)작업중 M코드정지 [d:412][t:09:57:15]
[I](2021-01-22  08:22:37 am)작업중 정지 [d:412][t:10:02:45]
[I](2021-01-22  08:22:37 am)    [LNo:0001] 000690/001138
[I](2021-01-22  08:22:37 am)작업중 M코드정지 [d:412][t:10:02:45]
[I](2021-01-22  08:36:11 am)작업중 정지 [d:424][t:10:16:19]
[I](2021-01-22  08:36:11 am)    [LNo:0001] 000716/001138
[I](2021-01-22  08:36:37 am)작업 재시작
[I](2021-01-22  08:36:44 am)작업중 정지 [d:424][t:10:16:52]
[I](2021-01-22  08:36:44 am)    [LNo:0001] 000718/001138
[I](2021-01-22  08:36:44 am)작업중 M코드정지 [d:424][t:10:16:52]
[I](2021-01-22  08:36:47 am)작업중 정지 [d:424][t:10:16:55]
[I](2021-01-22  08:36:47 am)    [LNo:0001] 000720/001138
[I](2021-01-22  08:36:48 am)작업 재시작
[I](2021-01-22  08:38:24 am)작업중 정지 [d:424][t:10:18:31]
[I](2021-01-22  08:38:24 am)    [LNo:0001] 000735/001138
[I](2021-01-22  08:38:24 am)작업중 30sec 접촉 정지 [d:424][t:10:18:31]
[I](2021-01-22  08:50:18 am)작업 재시작
[I](2021-01-22  08:50:22 am)작업중 정지 [d:424][t:10:30:30]
[I](2021-01-22  08:50:22 am)    [LNo:0001] 000735/001138
[I](2021-01-22  08:50:37 am)작업 재시작
[I](2021-01-22  09:09:58 am)작업중 정지 [d:444][t:10:50:05]
[I](2021-01-22  09:09:58 am)    [LNo:0001] 000743/001138
[I](2021-01-22  09:09:58 am)작업중 M코드정지 [d:444][t:10:50:05]
[I](2021-01-22  09:20:33 am)작업중 정지 [d:444][t:11:00:40]
[I](2021-01-22  09:20:33 am)    [LNo:0001] 000746/001138
[I](2021-01-22  09:20:33 am)작업중 M코드정지 [d:444][t:11:00:40]
[I](2021-01-22  09:21:31 am)작업중 정지 [d:444][t:11:01:39]
[I](2021-01-22  09:21:31 am)    [LNo:0001] 000752/001138
[I](2021-01-22  09:24:51 am)작업 재시작
[I](2021-01-22  09:47:12 am)작업중 정지 [d:466][t:11:27:19]
[I](2021-01-22  09:47:12 am)    [LNo:0001] 000778/001138
[I](2021-01-22  09:47:12 am)작업중 M코드정지 [d:466][t:11:27:19]
[A](2021-01-22  09:53:51 am)[038] 자동결선 FEED MOTOR ALARM !!
[I](2021-01-22  09:53:51 am)작업중 정지 [d:466][t:11:33:58]
[I](2021-01-22  09:53:51 am)    [LNo:0001] 000784/001138
[A](2021-01-22  09:53:51 am)[009] 자동결선 Error(M20-삽입실패)
[A](2021-01-22  09:54:17 am)[038] 자동결선 FEED MOTOR ALARM !!
[A](2021-01-22  09:54:29 am)[038] 자동결선 FEED MOTOR ALARM !!
[A](2021-01-22  09:55:14 am)[038] 자동결선 FEED MOTOR ALARM !!
[A](2021-01-22  09:55:22 am)[038] 자동결선 FEED MOTOR ALARM !!
[A](2021-01-22  09:55:38 am)[038] 자동결선 FEED MOTOR ALARM !!
[A](2021-01-22  09:55:54 am)[038] 자동결선 FEED MOTOR ALARM !!
[A](2021-01-22  10:28:18 am)[041] AWF 명령끝날때까지 센서감지(타임아웃) 안됨
[I](2021-01-22  10:28:18 am)작업중 정지 [d:490][t:12:08:26]
[I](2021-01-22  10:28:18 am)    [LNo:0001] 000898/001138
[A](2021-01-22  10:28:18 am)[009] 자동결선 Error(M20-삽입실패)
[I](2021-01-22  10:33:55 am)작업중 정지 [d:493][t:12:14:03]
[I](2021-01-22  10:33:55 am)    [LNo:0001] 000912/001138
[I](2021-01-22  10:33:55 am)작업중 M코드정지 [d:493][t:12:14:03]
[A](2021-01-22  10:38:42 am)[037] 자동결선 잔여 WIRE 처리 실패!!
[I](2021-01-22  10:51:01 am)작업중 정지 [d:502][t:12:31:09]
[I](2021-01-22  10:51:01 am)    [LNo:0001] 000979/001138
[I](2021-01-22  11:25:26 am)작업중 정지 [d:529][t:13:05:34]
[I](2021-01-22  11:25:26 am)    [LNo:0001] 001133/001138
[I](2021-01-22  11:26:54 am)Reset
[I](2021-01-22  11:35:18 am)Reset
[I](2021-01-22  11:37:35 am)Reset
[I](2021-01-22  11:41:03 am)Reset
[A](2021-01-22  11:41:28 am)[037] 자동결선 잔여 WIRE 처리 실패!!
[I](2021-01-22  11:41:56 am)Reset
[I](2021-01-22  11:42:14 am)Reset
[I](2021-01-22  11:43:26 am)작업 시작 [Start d:529]
[I](2021-01-22  11:43:26 am)Nc File: [No.0002-308.NC]
[I](2021-01-22  11:43:26 am)  * Start Machine Position
[I](2021-01-22  11:43:26 am)    X:    167.8262
[I](2021-01-22  11:43:26 am)    Y:   -386.6999
[I](2021-01-22  11:43:26 am)    U:      0.0000
[I](2021-01-22  11:43:26 am)    V:      0.0000
[I](2021-01-22  11:43:26 am)    Z:     26.6716
[I](2021-01-22  11:43:26 am)  * Angle
[I](2021-01-22  11:43:26 am)    Ar:      0.0494,Kr:      0.0000
[I](2021-01-22  11:43:26 am)    Taper_Ar:      0.0000
[I](2021-01-22  11:44:05 am)작업중 정지 [d:0][t:00:00:39]
[I](2021-01-22  11:44:05 am)    [LNo:0002] 000701/001582
[A](2021-01-22  11:44:08 am)[002] 가공액 미동작
[I](2021-01-22  11:45:03 am)Reset
[I](2021-01-22  11:45:12 am)Reset
[I](2021-01-22  11:45:18 am)작업 시작 [Start d:529]
[I](2021-01-22  11:45:18 am)Nc File: [No.0002-308.NC]
[I](2021-01-22  11:45:18 am)  * Start Machine Position
[I](2021-01-22  11:45:18 am)    X:    167.8264
[I](2021-01-22  11:45:18 am)    Y:   -386.9498
[I](2021-01-22  11:45:18 am)    U:      0.0000
[I](2021-01-22  11:45:18 am)    V:      0.0000
[I](2021-01-22  11:45:18 am)    Z:     26.6716
[I](2021-01-22  11:45:18 am)  * Angle
[I](2021-01-22  11:45:18 am)    Ar:      0.0494,Kr:      0.0000
[I](2021-01-22  11:45:18 am)    Taper_Ar:      0.0000
[I](2021-01-22  11:45:57 am)작업중 정지 [d:0][t:00:00:38]
[I](2021-01-22  11:45:57 am)    [LNo:0002] 000013/001582
[A](2021-01-22  11:48:07 am)[037] 자동결선 잔여 WIRE 처리 실패!!
[I](2021-01-22  11:49:19 am)Reset
[I](2021-01-22  11:49:19 am)Reset
[I](2021-01-22  11:49:22 am)Reset
[I](2021-01-22  11:49:29 am)작업 시작 [Start d:529]
[I](2021-01-22  11:49:29 am)Nc File: [No.0002-308.NC]
[I](2021-01-22  11:49:29 am)  * Start Machine Position
[I](2021-01-22  11:49:29 am)    X:    168.0263
[I](2021-01-22  11:49:29 am)    Y:   -386.9497
[I](2021-01-22  11:49:29 am)    U:      0.0000
[I](2021-01-22  11:49:29 am)    V:      0.0000
[I](2021-01-22  11:49:29 am)    Z:     26.6716
[I](2021-01-22  11:49:29 am)  * Angle
[I](2021-01-22  11:49:29 am)    Ar:      0.0494,Kr:      0.0000
[I](2021-01-22  11:49:29 am)    Taper_Ar:      0.0000
[I](2021-01-22  12:56:54 pm)작업중 정지 [d:67][t:01:07:24]
[I](2021-01-22  12:56:54 pm)    [LNo:0002] 000068/001582
[I](2021-01-22  12:56:54 pm)작업중 M코드정지 [d:67][t:01:07:24]
[I](2021-01-22  12:57:27 pm)작업중 정지 [d:67][t:01:07:57]
[I](2021-01-22  12:57:27 pm)    [LNo:0002] 000072/001582
[I](2021-01-22  12:57:27 pm)작업중 M코드정지 [d:67][t:01:07:57]
[I](2021-01-22  01:28:54 pm)작업중 정지 [d:97][t:01:39:24]
[I](2021-01-22  01:28:54 pm)    [LNo:0002] 000111/001582
[I](2021-01-22  01:28:54 pm)작업중 30sec 접촉 정지 [d:97][t:01:39:25]
[I](2021-01-22  01:30:03 pm)작업 재시작
[I](2021-01-22  01:30:14 pm)작업중 정지 [d:97][t:01:40:44]
[I](2021-01-22  01:30:14 pm)    [LNo:0002] 000112/001582
[I](2021-01-22  01:30:14 pm)작업중 M코드정지 [d:97][t:01:40:44]
[I](2021-01-22  01:31:03 pm)작업중 정지 [d:97][t:01:41:34]
[I](2021-01-22  01:31:03 pm)    [LNo:0002] 000113/001582
[I](2021-01-22  01:31:15 pm)작업 재시작
[I](2021-01-22  01:31:21 pm)작업중 정지 [d:97][t:01:41:51]
[I](2021-01-22  01:31:21 pm)    [LNo:0002] 000114/001582
[I](2021-01-22  01:31:21 pm)작업중 M코드정지 [d:97][t:01:41:51]
[A](2021-01-22  01:32:21 pm)[032] 자동결선 상부 센서 WIRE CONTACT!!
[A](2021-01-22  01:32:22 pm)[032] 자동결선 상부 센서 WIRE CONTACT!!
[I](2021-01-22  01:32:23 pm)작업중 정지 [d:97][t:01:42:53]
[I](2021-01-22  01:32:23 pm)    [LNo:0002] 000123/001582
[A](2021-01-22  01:32:23 pm)[009] 자동결선 Error(M20-삽입실패)
[I](2021-01-22  01:54:13 pm)작업중 정지 [d:114][t:02:04:44]
[I](2021-01-22  01:54:13 pm)    [LNo:0002] 000239/001582
[A](2021-01-22  01:54:13 pm)[009] 자동결선 Error(M20-삽입실패)
[I](2021-01-22  03:06:41 pm)작업중 정지 [d:174][t:03:17:11]
[I](2021-01-22  03:06:41 pm)    [LNo:0002] 000660/001582
[I](2021-01-22  03:06:41 pm)작업중 M코드정지 [d:174][t:03:17:11]
[I](2021-01-22  03:08:36 pm)작업중 정지 [d:174][t:03:19:06]
[I](2021-01-22  03:08:36 pm)    [LNo:0002] 000662/001582
[I](2021-01-22  03:09:05 pm)작업 재시작
[I](2021-01-22  03:09:10 pm)작업중 정지 [d:174][t:03:19:40]
[I](2021-01-22  03:09:10 pm)    [LNo:0002] 000664/001582
[I](2021-01-22  03:09:10 pm)작업중 M코드정지 [d:174][t:03:19:40]
[I](2021-01-22  03:13:50 pm)작업중 정지 [d:177][t:03:24:20]
[I](2021-01-22  03:13:50 pm)    [LNo:0002] 000688/001582
[I](2021-01-22  03:13:50 pm)작업중 M코드정지 [d:177][t:03:24:20]
[I](2021-01-22  03:14:41 pm)작업중 정지 [d:177][t:03:25:12]
[I](2021-01-22  03:14:41 pm)    [LNo:0002] 000690/001582
[I](2021-01-22  03:15:12 pm)작업 재시작
[I](2021-01-22  03:15:19 pm)작업중 정지 [d:177][t:03:25:49]
[I](2021-01-22  03:15:19 pm)    [LNo:0002] 000692/001582
[I](2021-01-22  03:15:19 pm)작업중 M코드정지 [d:177][t:03:25:49]
[I](2021-01-22  03:45:43 pm)작업중 정지 [d:205][t:03:56:13]
[I](2021-01-22  03:45:43 pm)    [LNo:0002] 000774/001582
[I](2021-01-22  03:45:43 pm)작업중 M코드정지 [d:205][t:03:56:13]
[I](2021-01-22  03:46:29 pm)작업중 정지 [d:205][t:03:57:00]
[I](2021-01-22  03:46:29 pm)    [LNo:0002] 000776/001582
[A](2021-01-22  03:46:29 pm)[008] 작업중 단선(AWF Feed Motor Stop )
[I](2021-01-22  03:46:29 pm)작업중 Wire 단선 [d:205][t:03:57:00]
[I](2021-01-22  03:46:53 pm)작업 재시작
[I](2021-01-22  03:46:56 pm)작업중 정지 [d:206][t:03:57:26]
[I](2021-01-22  03:46:56 pm)    [LNo:0002] 000778/001582
[I](2021-01-22  03:46:56 pm)작업중 M코드정지 [d:206][t:03:57:26]
[I](2021-01-22  04:05:21 pm)작업중 정지 [d:223][t:04:15:51]
[I](2021-01-22  04:05:21 pm)    [LNo:0002] 000803/001582
[I](2021-01-22  04:05:21 pm)작업중 M코드정지 [d:223][t:04:15:51]
[I](2021-01-22  04:05:54 pm)작업중 정지 [d:224][t:04:16:24]
[I](2021-01-22  04:05:54 pm)    [LNo:0002] 000806/001582
[I](2021-01-22  04:05:54 pm)작업중 M코드정지 [d:224][t:04:16:24]
[I](2021-01-22  04:10:31 pm)작업중 정지 [d:224][t:04:21:02]
[I](2021-01-22  04:10:31 pm)    [LNo:0002] 000820/001582
[A](2021-01-22  04:10:31 pm)[001] 와이어 미동작
[I](2021-01-22  04:30:42 pm)작업중 정지 [d:241][t:04:41:12]
[I](2021-01-22  04:30:42 pm)    [LNo:0002] 000831/001582
[I](2021-01-22  04:30:42 pm)작업중 M코드정지 [d:241][t:04:41:12]
[I](2021-01-22  04:31:35 pm)작업중 정지 [d:241][t:04:42:05]
[I](2021-01-22  04:31:35 pm)    [LNo:0002] 000834/001582
[I](2021-01-22  04:31:35 pm)작업중 M코드정지 [d:241][t:04:42:05]
[I](2021-01-22  04:50:17 pm)작업중 정지 [d:258][t:05:00:47]
[I](2021-01-22  04:50:17 pm)    [LNo:0002] 000859/001582
[I](2021-01-22  04:50:17 pm)작업중 M코드정지 [d:258][t:05:00:47]
[I](2021-01-22  04:57:42 pm)작업중 정지 [d:258][t:05:08:13]
[I](2021-01-22  04:57:42 pm)    [LNo:0002] 000862/001582
[I](2021-01-22  04:57:42 pm)작업중 M코드정지 [d:258][t:05:08:13]
[I](2021-01-22  05:16:25 pm)작업중 정지 [d:275][t:05:26:55]
[I](2021-01-22  05:16:25 pm)    [LNo:0002] 000887/001582
[I](2021-01-22  05:16:25 pm)작업중 M코드정지 [d:275][t:05:26:55]
[I](2021-01-22  05:17:42 pm)작업중 정지 [d:275][t:05:28:13]
[I](2021-01-22  05:17:42 pm)    [LNo:0002] 000890/001582
[I](2021-01-22  05:17:43 pm)작업중 M코드정지 [d:275][t:05:28:13]
[A](2021-01-22  05:18:25 pm)[084] Work Tank Fluid Sensor Abnormal
[I](2021-01-22  05:20:52 pm)작업중 정지 [d:275][t:05:31:22]
[I](2021-01-22  05:20:52 pm)    [LNo:0002] 000893/001582
[I](2021-01-22  05:20:54 pm)작업중 정지 [d:275][t:05:31:24]
[I](2021-01-22  05:20:54 pm)    [LNo:0002] 000893/001582
[A](2021-01-22  05:20:54 pm)[010] 자동결선 Error(M21-절단실패)
[I](2021-01-22  05:50:39 pm)작업중 정지 [d:300][t:06:01:10]
[I](2021-01-22  05:50:39 pm)    [LNo:0002] 001003/001582
[I](2021-01-22  05:50:39 pm)작업중 M코드정지 [d:300][t:06:01:10]
[I](2021-01-22  06:41:35 pm)작업중 정지 [d:334][t:06:52:06]
[I](2021-01-22  06:41:35 pm)    [LNo:0002] 001461/001582
[I](2021-01-22  06:42:01 pm)작업 재시작
[I](2021-01-22  07:08:25 pm)작업중 정지 [d:356][t:07:18:55]
[I](2021-01-22  07:08:25 pm)    [LNo:0002] 001578/001582
[I](2021-01-22  07:08:25 pm)작업중 M코드정지 [d:356][t:07:18:55]
[I](2021-01-22  07:18:11 pm)Reset
[I](2021-01-22  07:18:11 pm)Reset
[I](2021-01-22  07:26:44 pm)Reset
[I](2021-01-22  07:26:49 pm)Reset
[A](2021-01-22  07:30:49 pm)[036] 자동결선 절단 공정 실패!!
[I](2021-01-22  07:31:51 pm)Reset
[I](2021-01-22  07:32:21 pm)Reset
[I](2021-01-22  07:37:04 pm)Reset
[I](2021-01-22  07:37:10 pm)Reset
[I](2021-01-22  07:42:56 pm)Reset
[I](2021-01-22  07:44:32 pm)Reset
[I](2021-01-22  07:47:02 pm)작업 시작 [Start d:0]
[I](2021-01-22  07:47:02 pm)Nc File: [No.0004-333.NC]
[I](2021-01-22  07:47:02 pm)  * Start Machine Position
[I](2021-01-22  07:47:02 pm)    X:    167.2418
[I](2021-01-22  07:47:02 pm)    Y:   -258.9210
[I](2021-01-22  07:47:02 pm)    U:      0.0000
[I](2021-01-22  07:47:02 pm)    V:      0.0000
[I](2021-01-22  07:47:02 pm)    Z:     70.5591
[I](2021-01-22  07:47:02 pm)  * Angle
[I](2021-01-22  07:47:02 pm)    Ar:     -1.2508,Kr:      0.0000
[I](2021-01-22  07:47:02 pm)    Taper_Ar:      0.0000
[I](2021-01-22  08:19:20 pm)작업중 정지 [d:32][t:00:32:18]
[I](2021-01-22  08:19:20 pm)    [LNo:0004] 000111/000123
[I](2021-01-22  08:19:20 pm)작업중 M코드정지 [d:32][t:00:32:18]
[I](2021-01-22  08:21:28 pm)작업중 정지 [d:32][t:00:34:26]
[I](2021-01-22  08:21:28 pm)    [LNo:0004] 000112/000123
[I](2021-01-22  08:21:29 pm)Wire Contact Auto Stop(M52)
[I](2021-01-22  08:27:30 pm)Reset
[I](2021-01-22  08:28:14 pm)Reset
[I](2021-01-22  08:28:14 pm)Reset
[I](2021-01-22  08:30:33 pm)작업 시작 [Start d:32]
[I](2021-01-22  08:30:33 pm)Nc File: [No.0003-332.NC]
[I](2021-01-22  08:30:33 pm)  * Start Machine Position
[I](2021-01-22  08:30:33 pm)    X:    146.9752
[I](2021-01-22  08:30:33 pm)    Y:   -242.8768
[I](2021-01-22  08:30:33 pm)    U:      0.0000
[I](2021-01-22  08:30:33 pm)    V:      0.0000
[I](2021-01-22  08:30:33 pm)    Z:     70.5591
[I](2021-01-22  08:30:33 pm)  * Angle
[I](2021-01-22  08:30:33 pm)    Ar:     -1.2508,Kr:      0.0000
[I](2021-01-22  08:30:33 pm)    Taper_Ar:      0.0000
[I](2021-01-22  10:15:06 pm)작업중 정지 [d:103][t:01:44:33]
[I](2021-01-22  10:15:06 pm)    [LNo:0003] 000244/001628
[I](2021-01-22  10:15:07 pm)작업중 M코드정지 [d:103][t:01:44:33]
[I](2021-01-22  10:15:49 pm)작업중 정지 [d:103][t:01:45:16]
[I](2021-01-22  10:15:49 pm)    [LNo:0003] 000246/001628
[I](2021-01-22  10:15:49 pm)작업중 M코드정지 [d:103][t:01:45:16]
[A](2021-01-22  10:17:06 pm)[041] AWF 명령끝날때까지 센서감지(타임아웃) 안됨
[A](2021-01-22  10:17:23 pm)[041] AWF 명령끝날때까지 센서감지(타임아웃) 안됨
[I](2021-01-22  10:17:23 pm)작업중 정지 [d:103][t:01:46:50]
[I](2021-01-22  10:17:23 pm)    [LNo:0003] 000255/001628
[A](2021-01-22  10:17:23 pm)[009] 자동결선 Error(M20-삽입실패)
[I](2021-01-22  10:26:12 pm)작업중 정지 [d:109][t:01:55:38]
[I](2021-01-22  10:26:12 pm)    [LNo:0003] 000266/001628
[I](2021-01-22  10:26:12 pm)작업중 M코드정지 [d:109][t:01:55:38]
[I](2021-01-22  10:27:40 pm)작업중 정지 [d:109][t:01:57:07]
[I](2021-01-22  10:27:40 pm)    [LNo:0003] 000268/001628
[I](2021-01-22  10:27:40 pm)작업중 M코드정지 [d:109][t:01:57:07]
[I](2021-01-22  10:35:06 pm)작업중 정지 [d:109][t:02:04:32]
[I](2021-01-22  10:35:06 pm)    [LNo:0003] 000286/001628
[I](2021-01-22  10:35:06 pm)작업중 30sec 접촉 정지 [d:109][t:02:04:32]
[I](2021-01-22  10:36:40 pm)작업 재시작
[I](2021-01-22  11:43:37 pm)작업중 정지 [d:175][t:03:13:04]
[I](2021-01-22  11:43:37 pm)    [LNo:0003] 000399/001628
[I](2021-01-22  11:43:37 pm)작업중 30sec 접촉 정지 [d:175][t:03:13:04]
[I](2021-01-22  11:45:55 pm)작업 재시작
