[I](2021-08-29  08:21:25 am)Ready On
[I](2021-08-29  08:27:05 am)작업 재시작
[I](2021-08-29  08:42:12 am)작업중 정지 [d:-95][t:15:36:47]
[I](2021-08-29  08:42:12 am)    [LNo:0003] 000123/000489
[I](2021-08-29  08:42:12 am)작업중 30sec 접촉 정지 [d:-95][t:15:36:47]
[I](2021-08-29  08:44:31 am)작업 재시작
[I](2021-08-29  09:00:54 am)작업중 정지 [d:-82][t:15:55:29]
[I](2021-08-29  09:00:54 am)    [LNo:0003] 000150/000489
[I](2021-08-29  09:00:54 am)작업중 30sec 접촉 정지 [d:-82][t:15:55:29]
[I](2021-08-29  09:01:27 am)작업 재시작
[I](2021-08-29  09:01:29 am)작업중 정지 [d:-82][t:15:56:04]
[I](2021-08-29  09:01:29 am)    [LNo:0003] 000150/000489
[I](2021-08-29  09:01:41 am)작업 재시작
[I](2021-08-29  09:16:19 am)작업중 정지 [d:-68][t:16:10:54]
[I](2021-08-29  09:16:19 am)    [LNo:0003] 000177/000489
[I](2021-08-29  09:16:19 am)작업중 30sec 접촉 정지 [d:-68][t:16:10:54]
[I](2021-08-29  09:19:13 am)작업 재시작
[I](2021-08-29  09:33:28 am)작업중 정지 [d:-55][t:16:28:02]
[I](2021-08-29  09:33:28 am)    [LNo:0003] 000204/000489
[I](2021-08-29  09:33:43 am)작업 재시작
[I](2021-08-29  09:47:59 am)작업중 정지 [d:-42][t:16:42:34]
[I](2021-08-29  09:47:59 am)    [LNo:0003] 000231/000489
[I](2021-08-29  09:47:59 am)작업중 30sec 접촉 정지 [d:-42][t:16:42:34]
[I](2021-08-29  09:48:58 am)작업 재시작
[I](2021-08-29  10:02:54 am)작업중 정지 [d:-29][t:16:57:28]
[I](2021-08-29  10:02:54 am)    [LNo:0003] 000248/000489
[I](2021-08-29  10:16:32 am)작업중 정지 [d:-16][t:17:11:07]
[I](2021-08-29  10:16:32 am)    [LNo:0003] 000272/000489
[I](2021-08-29  10:16:32 am)작업중 M코드정지 [d:-16][t:17:11:07]
[I](2021-08-29  10:28:07 am)Reset
[I](2021-08-29  10:46:47 am)Reset
[I](2021-08-29  10:47:02 am)Reset
[I](2021-08-29  10:47:03 am)Reset
[I](2021-08-29  10:47:11 am)Reset
[I](2021-08-29  10:47:14 am)Reset
[I](2021-08-29  10:49:52 am)Reset
[I](2021-08-29  10:49:52 am)Reset
[I](2021-08-29  10:49:55 am)Reset
[I](2021-08-29  10:50:24 am)Reset
[I](2021-08-29  10:50:25 am)Reset
[I](2021-08-29  10:55:26 am)Reset
[I](2021-08-29  10:57:20 am)Reset
[I](2021-08-29  10:58:12 am)Reset
[I](2021-08-29  10:58:54 am)Reset
[I](2021-08-29  10:59:45 am)Reset
[I](2021-08-29  11:00:16 am)Reset
[I](2021-08-29  11:00:40 am)Reset
[I](2021-08-29  11:02:54 am)작업 시작 [Start d:0]
[I](2021-08-29  11:02:54 am)Nc File: [No.0009-382.NC]
[I](2021-08-29  11:02:54 am)  * Start Machine Position
[I](2021-08-29  11:02:54 am)    X:    423.0286
[I](2021-08-29  11:02:54 am)    Y:   -312.7417
[I](2021-08-29  11:02:54 am)    U:      0.0730
[I](2021-08-29  11:02:54 am)    V:      0.1243
[I](2021-08-29  11:02:54 am)    Z:     88.3227
[I](2021-08-29  11:02:54 am)  * Angle
[I](2021-08-29  11:02:54 am)    Ar:     -0.4992,Kr:      0.0000
[I](2021-08-29  11:02:54 am)    Taper_Ar:      0.0000
[I](2021-08-29  11:03:03 am)작업중 정지 [d:0][t:00:00:08]
[I](2021-08-29  11:03:03 am)    [LNo:0009] 000010/000150
[I](2021-08-29  11:03:03 am)작업중 M코드정지 [d:0][t:00:00:08]
[I](2021-08-29  11:13:13 am)작업중 정지 [d:10][t:00:10:19]
[I](2021-08-29  11:13:13 am)    [LNo:0009] 000029/000150
[I](2021-08-29  11:13:13 am)작업중 30sec 접촉 정지 [d:10][t:00:10:19]
[I](2021-08-29  11:20:09 am)작업 재시작
[I](2021-08-29  11:28:59 am)작업중 정지 [d:19][t:00:26:05]
[I](2021-08-29  11:28:59 am)    [LNo:0009] 000030/000150
[I](2021-08-29  11:28:59 am)작업중 M코드정지 [d:19][t:00:26:05]
[I](2021-08-29  11:29:59 am)작업중 정지 [d:19][t:00:27:05]
[I](2021-08-29  11:29:59 am)    [LNo:0009] 000032/000150
[I](2021-08-29  11:30:00 am)작업중 M코드정지 [d:19][t:00:27:05]
[I](2021-08-29  11:33:59 am)작업중 정지 [d:23][t:00:31:04]
[I](2021-08-29  11:33:59 am)    [LNo:0009] 000074/000150
[I](2021-08-29  11:33:59 am)작업중 M코드정지 [d:23][t:00:31:05]
[I](2021-08-29  11:34:07 am)작업중 정지 [d:23][t:00:31:13]
[I](2021-08-29  11:34:07 am)    [LNo:0009] 000078/000150
[I](2021-08-29  11:34:07 am)작업중 M코드정지 [d:23][t:00:31:13]
[I](2021-08-29  11:44:05 am)작업중 정지 [d:32][t:00:41:10]
[I](2021-08-29  11:44:05 am)    [LNo:0009] 000097/000150
[I](2021-08-29  11:44:05 am)작업중 30sec 접촉 정지 [d:32][t:00:41:10]
[I](2021-08-29  11:44:20 am)작업 재시작
[I](2021-08-29  11:53:46 am)작업중 정지 [d:41][t:00:50:51]
[I](2021-08-29  11:53:46 am)    [LNo:0009] 000098/000150
[I](2021-08-29  11:53:46 am)작업중 M코드정지 [d:41][t:00:50:51]
[I](2021-08-29  11:55:33 am)작업중 정지 [d:41][t:00:52:38]
[I](2021-08-29  11:55:33 am)    [LNo:0009] 000100/000150
[I](2021-08-29  11:55:33 am)작업중 M코드정지 [d:41][t:00:52:38]
[I](2021-08-29  11:59:32 am)작업중 정지 [d:45][t:00:56:38]
[I](2021-08-29  11:59:32 am)    [LNo:0009] 000143/000150
[I](2021-08-29  11:59:33 am)작업중 M코드정지 [d:45][t:00:56:38]
[I](2021-08-29  12:03:23 pm)Reset
[I](2021-08-29  12:03:31 pm)Reset
[I](2021-08-29  12:08:41 pm)Reset
[I](2021-08-29  12:08:42 pm)Reset
[I](2021-08-29  12:09:09 pm)Reset
[I](2021-08-29  12:09:09 pm)Reset
[I](2021-08-29  12:15:31 pm)Reset
[I](2021-08-29  12:16:26 pm)Reset
[I](2021-08-29  12:16:31 pm)Reset
[I](2021-08-29  12:17:38 pm)Reset
[I](2021-08-29  12:18:10 pm)Reset
[I](2021-08-29  12:18:42 pm)Reset
[I](2021-08-29  12:18:55 pm)Reset
[I](2021-08-29  12:19:13 pm)Reset
[I](2021-08-29  12:20:40 pm)작업 시작 [Start d:45]
[I](2021-08-29  12:20:40 pm)Nc File: [No.0010-385.NC]
[I](2021-08-29  12:20:40 pm)  * Start Machine Position
[I](2021-08-29  12:20:40 pm)    X:    395.5289
[I](2021-08-29  12:20:40 pm)    Y:   -390.7039
[I](2021-08-29  12:20:40 pm)    U:     -0.0360
[I](2021-08-29  12:20:40 pm)    V:      0.0309
[I](2021-08-29  12:20:40 pm)    Z:     82.8732
[I](2021-08-29  12:20:40 pm)  * Angle
[I](2021-08-29  12:20:40 pm)    Ar:      0.0297,Kr:      0.0000
[I](2021-08-29  12:20:40 pm)    Taper_Ar:      0.0000
[I](2021-08-29  12:20:46 pm)작업중 정지 [d:0][t:00:00:05]
[I](2021-08-29  12:20:46 pm)    [LNo:0010] 000010/000091
[I](2021-08-29  12:20:46 pm)작업중 M코드정지 [d:0][t:00:00:05]
[I](2021-08-29  12:21:02 pm)작업중 정지 [d:0][t:00:00:21]
[I](2021-08-29  12:21:02 pm)    [LNo:0010] 000010/000091
[I](2021-08-29  12:21:02 pm)작업중 M코드정지 [d:0][t:00:00:21]
[I](2021-08-29  12:35:05 pm)작업중 정지 [d:14][t:00:14:24]
[I](2021-08-29  12:35:05 pm)    [LNo:0010] 000027/000091
[I](2021-08-29  12:35:05 pm)작업중 30sec 접촉 정지 [d:14][t:00:14:24]
[I](2021-08-29  01:47:15 pm)작업 재시작
[I](2021-08-29  01:47:20 pm)작업중 정지 [d:14][t:01:26:40]
[I](2021-08-29  01:47:20 pm)    [LNo:0010] 000027/000091
[I](2021-08-29  01:47:20 pm)작업중 30sec 접촉 정지 [d:14][t:01:26:40]
[I](2021-08-29  01:47:24 pm)작업 재시작
[I](2021-08-29  01:47:29 pm)작업중 정지 [d:14][t:01:26:49]
[I](2021-08-29  01:47:29 pm)    [LNo:0010] 000027/000091
[I](2021-08-29  01:47:29 pm)작업중 30sec 접촉 정지 [d:14][t:01:26:49]
[I](2021-08-29  01:48:16 pm)작업 재시작
[I](2021-08-29  01:48:22 pm)작업중 정지 [d:14][t:01:27:41]
[I](2021-08-29  01:48:22 pm)    [LNo:0010] 000027/000091
[I](2021-08-29  01:48:22 pm)작업중 30sec 접촉 정지 [d:14][t:01:27:41]
[I](2021-08-29  01:49:40 pm)작업 재시작
[I](2021-08-29  01:49:44 pm)작업중 정지 [d:14][t:01:29:04]
[I](2021-08-29  01:49:44 pm)    [LNo:0010] 000027/000091
[I](2021-08-29  01:51:23 pm)작업 재시작
[I](2021-08-29  02:16:13 pm)작업중 정지 [d:39][t:01:55:33]
[I](2021-08-29  02:16:13 pm)    [LNo:0010] 000033/000091
[I](2021-08-29  02:16:13 pm)작업중 M코드정지 [d:39][t:01:55:33]
[I](2021-08-29  02:16:56 pm)작업중 정지 [d:39][t:01:56:15]
[I](2021-08-29  02:16:56 pm)    [LNo:0010] 000035/000091
[I](2021-08-29  02:16:56 pm)작업중 M코드정지 [d:39][t:01:56:15]
[I](2021-08-29  02:25:47 pm)작업중 정지 [d:48][t:02:05:06]
[I](2021-08-29  02:25:47 pm)    [LNo:0010] 000084/000091
[I](2021-08-29  02:25:47 pm)작업중 M코드정지 [d:48][t:02:05:06]
[I](2021-08-29  02:35:09 pm)Reset
[I](2021-08-29  02:35:17 pm)Reset
[I](2021-08-29  02:35:34 pm)Reset
[I](2021-08-29  02:35:34 pm)Reset
[I](2021-08-29  02:43:40 pm)Reset
[I](2021-08-29  02:43:41 pm)Reset
[I](2021-08-29  02:43:45 pm)Reset
[I](2021-08-29  02:43:54 pm)Reset
[I](2021-08-29  02:43:54 pm)Reset
[I](2021-08-29  02:44:23 pm)Reset
[I](2021-08-29  02:45:55 pm)작업 시작 [Start d:93]
[I](2021-08-29  02:45:55 pm)Nc File: [No.0004-316.NC]
[I](2021-08-29  02:45:55 pm)  * Start Machine Position
[I](2021-08-29  02:45:55 pm)    X:     85.1732
[I](2021-08-29  02:45:55 pm)    Y:   -354.7842
[I](2021-08-29  02:45:55 pm)    U:      0.0000
[I](2021-08-29  02:45:55 pm)    V:      0.0000
[I](2021-08-29  02:45:55 pm)    Z:     22.0042
[I](2021-08-29  02:45:55 pm)  * Angle
[I](2021-08-29  02:45:55 pm)    Ar:      0.2336,Kr:      0.0000
[I](2021-08-29  02:45:55 pm)    Taper_Ar:      0.0000
[I](2021-08-29  02:46:04 pm)작업중 정지 [d:0][t:00:00:08]
[I](2021-08-29  02:46:04 pm)    [LNo:0004] 000526/000715
[I](2021-08-29  02:47:23 pm)Reset
[I](2021-08-29  02:47:23 pm)Reset
[I](2021-08-29  02:48:57 pm)작업 시작 [Start d:93]
[I](2021-08-29  02:48:57 pm)Nc File: [No.0004-316.NC]
[I](2021-08-29  02:48:57 pm)  * Start Machine Position
[I](2021-08-29  02:48:57 pm)    X:     85.1732
[I](2021-08-29  02:48:57 pm)    Y:   -354.7842
[I](2021-08-29  02:48:57 pm)    U:      0.0000
[I](2021-08-29  02:48:57 pm)    V:      0.0000
[I](2021-08-29  02:48:57 pm)    Z:     22.0042
[I](2021-08-29  02:48:57 pm)  * Angle
[I](2021-08-29  02:48:57 pm)    Ar:      0.2336,Kr:      0.0000
[I](2021-08-29  02:48:57 pm)    Taper_Ar:      0.0000
[I](2021-08-29  06:58:43 pm)작업중 정지 [d:239][t:04:09:45]
[I](2021-08-29  06:58:43 pm)    [LNo:0004] 000678/000715
[I](2021-08-29  06:58:43 pm)작업중 M코드정지 [d:239][t:04:09:45]
