[I](2021-08-05  12:00:35 am)Reset
[I](2021-08-05  12:00:35 am)Reset
[I](2021-08-05  12:03:39 am)Reset
[A](2021-08-05  12:07:18 am)[037] 자동결선 잔여 WIRE 처리 실패!!
[I](2021-08-05  12:07:57 am)Reset
[I](2021-08-05  12:10:02 am)작업 시작 [Start d:277]
[I](2021-08-05  12:10:02 am)Nc File: [No.0002-698.NC]
[I](2021-08-05  12:10:02 am)  * Start Machine Position
[I](2021-08-05  12:10:02 am)    X:    498.4511
[I](2021-08-05  12:10:02 am)    Y:   -315.3214
[I](2021-08-05  12:10:02 am)    U:      0.0000
[I](2021-08-05  12:10:02 am)    V:      0.0000
[I](2021-08-05  12:10:02 am)    Z:     26.3040
[I](2021-08-05  12:10:02 am)  * Angle
[I](2021-08-05  12:10:02 am)    Ar:     -0.0151,Kr:      0.0000
[I](2021-08-05  12:10:02 am)    Taper_Ar:      0.0000
[I](2021-08-05  12:10:20 am)작업중 정지 [d:0][t:00:00:17]
[I](2021-08-05  12:10:20 am)    [LNo:0002] 000159/000619
[I](2021-08-05  12:12:49 am)Reset
[I](2021-08-05  12:13:14 am)Reset
[I](2021-08-05  12:13:14 am)Reset
[I](2021-08-05  12:13:19 am)작업 시작 [Start d:277]
[I](2021-08-05  12:13:19 am)Nc File: [No.0002-698.NC]
[I](2021-08-05  12:13:19 am)  * Start Machine Position
[I](2021-08-05  12:13:19 am)    X:    498.4511
[I](2021-08-05  12:13:19 am)    Y:   -315.3214
[I](2021-08-05  12:13:19 am)    U:      0.0000
[I](2021-08-05  12:13:19 am)    V:      0.0000
[I](2021-08-05  12:13:19 am)    Z:     26.3040
[I](2021-08-05  12:13:19 am)  * Angle
[I](2021-08-05  12:13:19 am)    Ar:     -0.0151,Kr:      0.0000
[I](2021-08-05  12:13:19 am)    Taper_Ar:      0.0000
[I](2021-08-05  12:25:32 am)작업중 정지 [d:13][t:00:12:13]
[I](2021-08-05  12:25:32 am)    [LNo:0002] 000028/000619
[I](2021-08-05  12:25:33 am)작업중 M코드정지 [d:13][t:00:12:13]
[I](2021-08-05  12:26:07 am)작업중 정지 [d:13][t:00:12:47]
[I](2021-08-05  12:26:07 am)    [LNo:0002] 000030/000619
[I](2021-08-05  12:26:07 am)작업중 30sec 접촉 정지 [d:13][t:00:12:47]
[I](2021-08-05  12:26:30 am)작업 재시작
[I](2021-08-05  12:26:40 am)작업중 정지 [d:14][t:00:13:21]
[I](2021-08-05  12:26:40 am)    [LNo:0002] 000032/000619
[I](2021-08-05  12:26:40 am)작업중 M코드정지 [d:14][t:00:13:21]
[I](2021-08-05  12:32:40 am)작업중 정지 [d:19][t:00:19:21]
[I](2021-08-05  12:32:40 am)    [LNo:0002] 000057/000619
[I](2021-08-05  12:32:40 am)작업중 M코드정지 [d:19][t:00:19:21]
[I](2021-08-05  12:38:46 am)작업중 정지 [d:19][t:00:25:27]
[I](2021-08-05  12:38:46 am)    [LNo:0002] 000058/000619
[I](2021-08-05  12:39:06 am)작업 재시작
[I](2021-08-05  12:39:12 am)작업중 정지 [d:19][t:00:25:53]
[I](2021-08-05  12:39:12 am)    [LNo:0002] 000060/000619
[I](2021-08-05  12:39:12 am)작업중 M코드정지 [d:19][t:00:25:53]
[I](2021-08-05  12:58:36 am)작업중 정지 [d:38][t:00:45:17]
[I](2021-08-05  12:58:36 am)    [LNo:0002] 000099/000619
[I](2021-08-05  12:58:36 am)작업중 M코드정지 [d:38][t:00:45:17]
[I](2021-08-05  01:00:28 am)작업중 정지 [d:38][t:00:47:08]
[I](2021-08-05  01:00:28 am)    [LNo:0002] 000101/000619
[I](2021-08-05  01:00:49 am)작업 재시작
[I](2021-08-05  01:00:56 am)작업중 정지 [d:38][t:00:47:36]
[I](2021-08-05  01:00:56 am)    [LNo:0002] 000103/000619
[I](2021-08-05  01:00:56 am)작업중 M코드정지 [d:38][t:00:47:36]
[I](2021-08-05  01:05:41 am)작업중 정지 [d:43][t:00:52:21]
[I](2021-08-05  01:05:41 am)    [LNo:0002] 000124/000619
[I](2021-08-05  01:05:41 am)작업중 M코드정지 [d:43][t:00:52:21]
[I](2021-08-05  01:06:48 am)작업중 정지 [d:43][t:00:53:29]
[I](2021-08-05  01:06:48 am)    [LNo:0002] 000107/000619
[I](2021-08-05  01:14:15 am)작업중 정지 [d:49][t:01:00:55]
[I](2021-08-05  01:14:15 am)    [LNo:0002] 000147/000619
[I](2021-08-05  01:14:15 am)작업중 M코드정지 [d:49][t:01:00:55]
[I](2021-08-05  01:15:35 am)작업중 정지 [d:50][t:01:02:15]
[I](2021-08-05  01:15:35 am)    [LNo:0002] 000148/000619
[I](2021-08-05  01:15:54 am)작업 재시작
[I](2021-08-05  01:16:00 am)작업중 정지 [d:50][t:01:02:41]
[I](2021-08-05  01:16:00 am)    [LNo:0002] 000150/000619
[I](2021-08-05  01:16:00 am)작업중 M코드정지 [d:50][t:01:02:41]
[I](2021-08-05  01:26:44 am)작업중 정지 [d:60][t:01:13:25]
[I](2021-08-05  01:26:44 am)    [LNo:0002] 000174/000619
[I](2021-08-05  01:26:44 am)작업중 M코드정지 [d:60][t:01:13:25]
[I](2021-08-05  01:27:45 am)작업중 정지 [d:60][t:01:14:25]
[I](2021-08-05  01:27:45 am)    [LNo:0002] 000175/000619
[I](2021-08-05  01:28:04 am)작업 재시작
[I](2021-08-05  01:28:11 am)작업중 정지 [d:60][t:01:14:52]
[I](2021-08-05  01:28:11 am)    [LNo:0002] 000177/000619
[I](2021-08-05  01:28:11 am)작업중 M코드정지 [d:60][t:01:14:52]
[I](2021-08-05  01:41:26 am)작업중 정지 [d:72][t:01:28:07]
[I](2021-08-05  01:41:26 am)    [LNo:0002] 000235/000619
[I](2021-08-05  01:41:48 am)작업 재시작
[I](2021-08-05  01:41:53 am)작업중 정지 [d:72][t:01:28:34]
[I](2021-08-05  01:41:53 am)    [LNo:0002] 000237/000619
[I](2021-08-05  01:41:53 am)작업중 M코드정지 [d:72][t:01:28:34]
[I](2021-08-05  02:11:17 am)작업중 정지 [d:100][t:01:57:57]
[I](2021-08-05  02:11:17 am)    [LNo:0002] 000298/000619
[I](2021-08-05  02:11:17 am)작업중 M코드정지 [d:100][t:01:57:57]
[I](2021-08-05  02:15:32 am)작업중 정지 [d:101][t:02:02:13]
[I](2021-08-05  02:15:32 am)    [LNo:0002] 000301/000619
[I](2021-08-05  02:15:32 am)작업중 M코드정지 [d:101][t:02:02:13]
[I](2021-08-05  06:26:00 am)작업중 정지 [d:346][t:06:12:40]
[I](2021-08-05  06:26:00 am)    [LNo:0002] 000582/000619
[I](2021-08-05  06:26:00 am)작업중 M코드정지 [d:346][t:06:12:40]
[I](2021-08-05  06:39:39 am)작업중 정지 [d:346][t:06:26:20]
[I](2021-08-05  06:39:39 am)    [LNo:0002] 000584/000619
[I](2021-08-05  06:39:39 am)작업중 M코드정지 [d:346][t:06:26:20]
[I](2021-08-05  06:49:45 am)작업중 정지 [d:355][t:06:36:25]
[I](2021-08-05  06:49:45 am)    [LNo:0002] 000607/000619
[I](2021-08-05  06:49:45 am)작업중 M코드정지 [d:355][t:06:36:25]
[I](2021-08-05  07:11:27 am)작업중 정지 [d:355][t:06:58:08]
[I](2021-08-05  07:11:27 am)    [LNo:0002] 000608/000619
[A](2021-08-05  07:11:27 am)[008] 작업중 단선(AWF Feed Motor Stop )
[I](2021-08-05  07:11:27 am)작업중 Wire 단선 [d:355][t:06:58:08]
[I](2021-08-05  07:11:39 am)작업 재시작
[I](2021-08-05  07:11:39 am)작업중 정지 [d:355][t:06:58:19]
[I](2021-08-05  07:11:39 am)    [LNo:0002] 000608/000619
[I](2021-08-05  07:11:39 am)Wire Contact Auto Stop(M52)
[I](2021-08-05  07:15:16 am)Reset
[I](2021-08-05  08:37:00 am)Reset
[I](2021-08-05  08:37:01 am)Reset
[I](2021-08-05  09:35:44 am)Reset
[I](2021-08-05  09:38:01 am)Reset
[I](2021-08-05  09:38:02 am)Reset
[I](2021-08-05  09:42:46 am)작업 시작 [Start d:632]
[I](2021-08-05  09:42:46 am)Nc File: [No.0003-269.NC]
[I](2021-08-05  09:42:46 am)  * Start Machine Position
[I](2021-08-05  09:42:46 am)    X:    142.9145
[I](2021-08-05  09:42:46 am)    Y:   -383.6815
[I](2021-08-05  09:42:46 am)    U:      0.0000
[I](2021-08-05  09:42:46 am)    V:      0.0000
[I](2021-08-05  09:42:46 am)    Z:     29.4490
[I](2021-08-05  09:42:46 am)  * Angle
[I](2021-08-05  09:42:46 am)    Ar:      0.0000,Kr:      0.0000
[I](2021-08-05  09:42:46 am)    Taper_Ar:      0.0000
[I](2021-08-05  09:44:48 am)작업중 정지 [d:2][t:00:02:01]
[I](2021-08-05  09:44:48 am)    [LNo:0003] 000195/000242
[I](2021-08-05  09:44:48 am)작업중 M코드정지 [d:2][t:00:02:01]
[I](2021-08-05  09:45:18 am)작업중 정지 [d:2][t:00:02:31]
[I](2021-08-05  09:45:18 am)    [LNo:0003] 000198/000242
[I](2021-08-05  09:45:18 am)작업중 M코드정지 [d:2][t:00:02:31]
[I](2021-08-05  09:46:57 am)작업중 정지 [d:4][t:00:04:10]
[I](2021-08-05  09:46:57 am)    [LNo:0003] 000234/000242
[I](2021-08-05  09:46:57 am)작업중 M코드정지 [d:4][t:00:04:10]
[I](2021-08-05  09:52:21 am)Reset
[I](2021-08-05  09:52:28 am)Reset
[I](2021-08-05  09:57:39 am)Reset
[I](2021-08-05  09:58:17 am)Reset
[I](2021-08-05  09:58:54 am)Reset
[I](2021-08-05  09:58:54 am)Reset
[I](2021-08-05  09:59:16 am)Reset
[I](2021-08-05  09:59:33 am)Reset
[I](2021-08-05  09:59:33 am)Reset
[I](2021-08-05  09:59:59 am)Reset
[I](2021-08-05  10:01:59 am)작업 시작 [Start d:636]
[I](2021-08-05  10:01:59 am)Nc File: [No.0003-269.NC]
[I](2021-08-05  10:01:59 am)  * Start Machine Position
[I](2021-08-05  10:01:59 am)    X:     53.1451
[I](2021-08-05  10:01:59 am)    Y:   -380.6795
[I](2021-08-05  10:01:59 am)    U:      0.0000
[I](2021-08-05  10:01:59 am)    V:      0.0000
[I](2021-08-05  10:01:59 am)    Z:     31.7705
[I](2021-08-05  10:01:59 am)  * Angle
[I](2021-08-05  10:01:59 am)    Ar:     -0.0240,Kr:      0.0000
[I](2021-08-05  10:01:59 am)    Taper_Ar:      0.0000
[I](2021-08-05  10:02:01 am)작업중 정지 [d:0][t:00:00:02]
[I](2021-08-05  10:02:01 am)    [LNo:0003] 000010/000242
[I](2021-08-05  10:02:01 am)작업중 M코드정지 [d:0][t:00:00:02]
[I](2021-08-05  10:06:51 am)작업중 정지 [d:4][t:00:04:52]
[I](2021-08-05  10:06:51 am)    [LNo:0003] 000036/000242
[I](2021-08-05  10:06:51 am)작업중 M코드정지 [d:4][t:00:04:52]
[I](2021-08-05  10:07:43 am)작업중 정지 [d:5][t:00:05:44]
[I](2021-08-05  10:07:43 am)    [LNo:0003] 000039/000242
[I](2021-08-05  10:07:43 am)작업중 M코드정지 [d:5][t:00:05:44]
[I](2021-08-05  10:12:12 am)작업중 정지 [d:8][t:00:10:13]
[I](2021-08-05  10:12:12 am)    [LNo:0003] 000097/000242
[I](2021-08-05  10:12:12 am)작업중 M코드정지 [d:8][t:00:10:13]
[I](2021-08-05  10:16:40 am)작업중 정지 [d:12][t:00:14:41]
[I](2021-08-05  10:16:40 am)    [LNo:0003] 000123/000242
[I](2021-08-05  10:16:40 am)작업중 M코드정지 [d:12][t:00:14:41]
[I](2021-08-05  10:17:37 am)작업중 정지 [d:13][t:00:15:38]
[I](2021-08-05  10:17:37 am)    [LNo:0003] 000126/000242
[I](2021-08-05  10:17:37 am)작업중 M코드정지 [d:13][t:00:15:38]
[I](2021-08-05  10:20:04 am)작업중 정지 [d:15][t:00:18:05]
[I](2021-08-05  10:20:04 am)    [LNo:0003] 000174/000242
[I](2021-08-05  10:20:04 am)작업중 M코드정지 [d:15][t:00:18:05]
[I](2021-08-05  10:21:23 am)Reset
[I](2021-08-05  10:21:31 am)Reset
[I](2021-08-05  10:29:53 am)Reset
[I](2021-08-05  10:29:54 am)Reset
[I](2021-08-05  10:34:34 am)Reset
[I](2021-08-05  10:37:06 am)Reset
[I](2021-08-05  10:37:06 am)Reset
[I](2021-08-05  10:37:47 am)작업 시작 [Start d:651]
[I](2021-08-05  10:37:47 am)Nc File: [No.0005-271.NC]
[I](2021-08-05  10:37:47 am)  * Start Machine Position
[I](2021-08-05  10:37:47 am)    X:    370.8841
[I](2021-08-05  10:37:47 am)    Y:   -178.3351
[I](2021-08-05  10:37:47 am)    U:      0.0000
[I](2021-08-05  10:37:47 am)    V:      0.0000
[I](2021-08-05  10:37:47 am)    Z:     30.4670
[I](2021-08-05  10:37:47 am)  * Angle
[I](2021-08-05  10:37:47 am)    Ar:     -0.0443,Kr:      0.0000
[I](2021-08-05  10:37:47 am)    Taper_Ar:      0.0000
[I](2021-08-05  10:38:20 am)작업중 정지 [d:0][t:00:00:32]
[I](2021-08-05  10:38:20 am)    [LNo:0005] 000010/000097
[I](2021-08-05  10:38:20 am)작업중 M코드정지 [d:0][t:00:00:32]
[I](2021-08-05  10:39:35 am)작업중 정지 [d:0][t:00:01:47]
[I](2021-08-05  10:39:35 am)    [LNo:0005] 000037/000097
[I](2021-08-05  11:00:39 am)작업중 정지 [d:21][t:00:22:51]
[I](2021-08-05  11:00:39 am)    [LNo:0005] 000065/000097
[I](2021-08-05  11:00:39 am)작업중 M코드정지 [d:21][t:00:22:51]
[I](2021-08-05  11:01:27 am)작업중 정지 [d:21][t:00:23:39]
[I](2021-08-05  11:01:27 am)    [LNo:0005] 000067/000097
[I](2021-08-05  11:01:27 am)작업중 M코드정지 [d:21][t:00:23:39]
[I](2021-08-05  11:06:15 am)작업중 정지 [d:25][t:00:28:28]
[I](2021-08-05  11:06:15 am)    [LNo:0005] 000090/000097
[I](2021-08-05  11:06:15 am)작업중 M코드정지 [d:25][t:00:28:28]
[I](2021-08-05  11:09:44 am)Reset
[I](2021-08-05  11:09:53 am)Reset
[I](2021-08-05  11:19:43 am)Reset
[I](2021-08-05  11:19:43 am)Reset
[I](2021-08-05  11:28:35 am)Reset
[I](2021-08-05  11:30:03 am)Reset
[I](2021-08-05  11:30:03 am)Reset
[I](2021-08-05  11:31:34 am)작업 시작 [Start d:676]
[I](2021-08-05  11:31:34 am)Nc File: [No.0004-270.NC]
[I](2021-08-05  11:31:34 am)  * Start Machine Position
[I](2021-08-05  11:31:34 am)    X:    152.4676
[I](2021-08-05  11:31:34 am)    Y:   -363.9495
[I](2021-08-05  11:31:34 am)    U:      0.0000
[I](2021-08-05  11:31:34 am)    V:      0.0000
[I](2021-08-05  11:31:34 am)    Z:     49.4305
[I](2021-08-05  11:31:34 am)  * Angle
[I](2021-08-05  11:31:34 am)    Ar:      0.2443,Kr:      0.0000
[I](2021-08-05  11:31:34 am)    Taper_Ar:      0.0000
[I](2021-08-05  11:31:38 am)작업중 정지 [d:0][t:00:00:04]
[I](2021-08-05  11:31:38 am)    [LNo:0004] 000010/000122
[I](2021-08-05  11:31:38 am)작업중 M코드정지 [d:0][t:00:00:04]
[I](2021-08-05  11:35:27 am)작업중 정지 [d:2][t:00:03:53]
[I](2021-08-05  11:35:27 am)    [LNo:0004] 000031/000122
[I](2021-08-05  11:35:27 am)작업중 M코드정지 [d:2][t:00:03:53]
[I](2021-08-05  11:35:56 am)작업중 정지 [d:2][t:00:04:22]
[I](2021-08-05  11:35:56 am)    [LNo:0004] 000034/000122
[I](2021-08-05  11:35:56 am)작업중 M코드정지 [d:2][t:00:04:22]
[I](2021-08-05  11:43:45 am)작업중 정지 [d:10][t:00:12:11]
[I](2021-08-05  11:43:45 am)    [LNo:0004] 000059/000122
[I](2021-08-05  11:43:45 am)작업중 M코드정지 [d:10][t:00:12:11]
[I](2021-08-05  11:52:19 am)작업중 정지 [d:13][t:00:20:44]
[I](2021-08-05  11:52:19 am)    [LNo:0004] 000085/000122
[I](2021-08-05  11:52:19 am)작업중 M코드정지 [d:13][t:00:20:44]
[I](2021-08-05  11:53:32 am)작업중 정지 [d:14][t:00:21:58]
[I](2021-08-05  11:53:32 am)    [LNo:0004] 000088/000122
[I](2021-08-05  11:53:32 am)작업중 M코드정지 [d:14][t:00:21:58]
[I](2021-08-05  12:06:13 pm)작업중 정지 [d:26][t:00:34:39]
[I](2021-08-05  12:06:13 pm)    [LNo:0004] 000114/000122
[I](2021-08-05  12:06:13 pm)작업중 M코드정지 [d:26][t:00:34:39]
[I](2021-08-05  12:08:37 pm)Reset
[I](2021-08-05  01:20:28 pm)Reset
[I](2021-08-05  01:20:28 pm)Reset
[I](2021-08-05  01:24:07 pm)Reset
[I](2021-08-05  01:26:13 pm)Reset
[I](2021-08-05  01:26:19 pm)Reset
[I](2021-08-05  01:27:32 pm)Reset
[I](2021-08-05  01:28:19 pm)작업 시작 [Start d:702]
[I](2021-08-05  01:28:19 pm)Nc File: [No.0006-273.NC]
[I](2021-08-05  01:28:19 pm)  * Start Machine Position
[I](2021-08-05  01:28:19 pm)    X:    114.9842
[I](2021-08-05  01:28:19 pm)    Y:   -312.3350
[I](2021-08-05  01:28:19 pm)    U:      0.0000
[I](2021-08-05  01:28:19 pm)    V:      0.0000
[I](2021-08-05  01:28:19 pm)    Z:     31.9855
[I](2021-08-05  01:28:19 pm)  * Angle
[I](2021-08-05  01:28:19 pm)    Ar:      0.1576,Kr:      0.0000
[I](2021-08-05  01:28:19 pm)    Taper_Ar:      0.0000
[I](2021-08-05  01:28:32 pm)작업중 정지 [d:0][t:00:00:12]
[I](2021-08-05  01:28:32 pm)    [LNo:0006] 000010/000119
[I](2021-08-05  01:28:32 pm)작업중 M코드정지 [d:0][t:00:00:12]
[I](2021-08-05  01:29:04 pm)작업중 정지 [d:0][t:00:00:44]
[I](2021-08-05  01:29:04 pm)    [LNo:0006] 000063/000119
[I](2021-08-05  01:29:04 pm)작업중 M코드정지 [d:0][t:00:00:44]
[I](2021-08-05  01:29:08 pm)작업중 정지 [d:0][t:00:00:48]
[I](2021-08-05  01:29:08 pm)    [LNo:0006] 000065/000119
[I](2021-08-05  01:29:08 pm)작업중 M코드정지 [d:0][t:00:00:48]
[A](2021-08-05  01:29:20 pm)[091] Auto Door Sensor Abnormal
[A](2021-08-05  01:29:24 pm)[091] Auto Door Sensor Abnormal
[A](2021-08-05  01:29:28 pm)[091] Auto Door Sensor Abnormal
[I](2021-08-05  01:37:09 pm)작업중 정지 [d:7][t:00:08:49]
[I](2021-08-05  01:37:09 pm)    [LNo:0006] 000111/000119
[I](2021-08-05  01:37:09 pm)작업중 M코드정지 [d:7][t:00:08:49]
[I](2021-08-05  01:42:37 pm)작업중 정지 [d:7][t:00:14:17]
[I](2021-08-05  01:42:37 pm)    [LNo:0006] 000069/000119
[I](2021-08-05  01:50:54 pm)작업중 정지 [d:15][t:00:22:35]
[I](2021-08-05  01:50:54 pm)    [LNo:0006] 000111/000119
[I](2021-08-05  01:50:54 pm)작업중 M코드정지 [d:15][t:00:22:35]
[I](2021-08-05  01:54:28 pm)작업중 정지 [d:15][t:00:26:08]
[I](2021-08-05  01:54:28 pm)    [LNo:0006] 000069/000119
[I](2021-08-05  02:01:44 pm)작업중 정지 [d:22][t:00:33:25]
[I](2021-08-05  02:01:44 pm)    [LNo:0006] 000111/000119
[I](2021-08-05  02:01:44 pm)작업중 M코드정지 [d:22][t:00:33:25]
[I](2021-08-05  02:23:24 pm)Reset
[I](2021-08-05  02:23:25 pm)Reset
[I](2021-08-05  02:31:42 pm)작업 시작 [Start d:724]
[I](2021-08-05  02:31:42 pm)Nc File: [No.0007-275.NC]
[I](2021-08-05  02:31:42 pm)  * Start Machine Position
[I](2021-08-05  02:31:42 pm)    X:    114.9842
[I](2021-08-05  02:31:42 pm)    Y:   -312.3350
[I](2021-08-05  02:31:42 pm)    U:      0.0000
[I](2021-08-05  02:31:42 pm)    V:      0.0000
[I](2021-08-05  02:31:42 pm)    Z:     31.9855
[I](2021-08-05  02:31:42 pm)  * Angle
[I](2021-08-05  02:31:42 pm)    Ar:      0.1576,Kr:      0.0000
[I](2021-08-05  02:31:42 pm)    Taper_Ar:      0.0000
[I](2021-08-05  02:31:47 pm)작업중 정지 [d:0][t:00:00:05]
[I](2021-08-05  02:31:47 pm)    [LNo:0007] 000010/000231
[I](2021-08-05  02:31:47 pm)작업중 M코드정지 [d:0][t:00:00:05]
[I](2021-08-05  02:34:28 pm)작업중 정지 [d:1][t:00:02:46]
[I](2021-08-05  02:34:28 pm)    [LNo:0007] 000028/000231
[I](2021-08-05  02:34:28 pm)작업중 M코드정지 [d:1][t:00:02:46]
[I](2021-08-05  02:36:21 pm)작업중 정지 [d:2][t:00:04:38]
[I](2021-08-05  02:36:21 pm)    [LNo:0007] 000052/000231
[I](2021-08-05  02:36:21 pm)작업중 M코드정지 [d:2][t:00:04:38]
[A](2021-08-05  02:36:43 pm)[036] 자동결선 절단 공정 실패!!
[A](2021-08-05  02:36:47 pm)[038] 자동결선 FEED MOTOR ALARM !!
[A](2021-08-05  02:36:55 pm)[038] 자동결선 FEED MOTOR ALARM !!
[A](2021-08-05  02:37:00 pm)[038] 자동결선 FEED MOTOR ALARM !!
[A](2021-08-05  02:37:06 pm)[038] 자동결선 FEED MOTOR ALARM !!
[I](2021-08-05  02:38:55 pm)작업중 정지 [d:2][t:00:07:13]
[I](2021-08-05  02:38:55 pm)    [LNo:0007] 000035/000231
[I](2021-08-05  02:42:30 pm)작업중 정지 [d:6][t:00:10:47]
[I](2021-08-05  02:42:30 pm)    [LNo:0007] 000052/000231
[I](2021-08-05  02:42:30 pm)작업중 M코드정지 [d:6][t:00:10:47]
[I](2021-08-05  02:44:00 pm)작업중 정지 [d:6][t:00:12:18]
[I](2021-08-05  02:44:00 pm)    [LNo:0007] 000035/000231
[I](2021-08-05  02:47:12 pm)작업중 정지 [d:8][t:00:15:29]
[I](2021-08-05  02:47:12 pm)    [LNo:0007] 000052/000231
[I](2021-08-05  02:47:12 pm)작업중 M코드정지 [d:8][t:00:15:30]
[I](2021-08-05  02:49:10 pm)작업중 정지 [d:8][t:00:17:27]
[I](2021-08-05  02:49:10 pm)    [LNo:0007] 000035/000231
[I](2021-08-05  02:52:07 pm)작업중 정지 [d:11][t:00:20:25]
[I](2021-08-05  02:52:07 pm)    [LNo:0007] 000053/000231
[I](2021-08-05  02:52:07 pm)작업중 M코드정지 [d:11][t:00:20:25]
[I](2021-08-05  02:58:17 pm)작업중 정지 [d:13][t:00:26:35]
[I](2021-08-05  02:58:17 pm)    [LNo:0007] 000073/000231
[I](2021-08-05  02:58:17 pm)작업중 30sec 접촉 정지 [d:13][t:00:26:35]
[I](2021-08-05  02:58:30 pm)작업 재시작
[I](2021-08-05  02:58:35 pm)작업중 정지 [d:13][t:00:26:53]
[I](2021-08-05  02:58:35 pm)    [LNo:0007] 000073/000231
[I](2021-08-05  02:58:35 pm)작업중 30sec 접촉 정지 [d:13][t:00:26:53]
[I](2021-08-05  02:59:08 pm)작업 재시작
[I](2021-08-05  03:00:43 pm)작업중 정지 [d:15][t:00:29:01]
[I](2021-08-05  03:00:43 pm)    [LNo:0007] 000074/000231
[I](2021-08-05  03:01:30 pm)작업 재시작
[I](2021-08-05  03:09:25 pm)작업중 정지 [d:22][t:00:37:43]
[I](2021-08-05  03:09:25 pm)    [LNo:0007] 000078/000231
[I](2021-08-05  03:09:25 pm)작업중 M코드정지 [d:22][t:00:37:43]
[I](2021-08-05  03:10:55 pm)작업중 정지 [d:22][t:00:39:12]
[I](2021-08-05  03:10:55 pm)    [LNo:0007] 000081/000231
[I](2021-08-05  03:10:55 pm)작업중 M코드정지 [d:22][t:00:39:12]
[I](2021-08-05  03:11:55 pm)작업중 정지 [d:23][t:00:40:13]
[I](2021-08-05  03:11:55 pm)    [LNo:0007] 000095/000231
[I](2021-08-05  03:12:45 pm)작업 재시작
[I](2021-08-05  03:24:15 pm)작업중 정지 [d:34][t:00:52:32]
[I](2021-08-05  03:24:15 pm)    [LNo:0007] 000103/000231
[I](2021-08-05  03:24:15 pm)작업중 M코드정지 [d:34][t:00:52:33]
[I](2021-08-05  03:40:50 pm)작업중 정지 [d:47][t:01:09:07]
[I](2021-08-05  03:40:50 pm)    [LNo:0007] 000137/000231
[I](2021-08-05  03:40:50 pm)작업중 M코드정지 [d:47][t:01:09:07]
[I](2021-08-05  03:41:07 pm)작업중 정지 [d:47][t:01:09:24]
[I](2021-08-05  03:41:07 pm)    [LNo:0007] 000140/000231
[I](2021-08-05  03:41:07 pm)작업중 M코드정지 [d:47][t:01:09:24]
[I](2021-08-05  03:57:17 pm)작업중 정지 [d:63][t:01:25:35]
[I](2021-08-05  03:57:17 pm)    [LNo:0007] 000173/000231
[I](2021-08-05  03:57:17 pm)작업중 M코드정지 [d:63][t:01:25:35]
[I](2021-08-05  04:08:10 pm)작업중 정지 [d:63][t:01:36:27]
[I](2021-08-05  04:08:10 pm)    [LNo:0007] 000144/000231
[I](2021-08-05  04:09:22 pm)작업중 정지 [d:63][t:01:37:39]
[I](2021-08-05  04:09:22 pm)    [LNo:0007] 000162/000231
[I](2021-08-05  04:09:58 pm)작업 재시작
[I](2021-08-05  04:22:04 pm)작업중 정지 [d:75][t:01:50:21]
[I](2021-08-05  04:22:04 pm)    [LNo:0007] 000165/000231
[I](2021-08-05  04:23:13 pm)Reset
[I](2021-08-05  04:23:14 pm)Reset
[I](2021-08-05  04:23:26 pm)Reset
[I](2021-08-05  04:23:26 pm)Reset
[I](2021-08-05  04:23:43 pm)Reset
[I](2021-08-05  04:23:43 pm)Reset
[I](2021-08-05  04:24:05 pm)Reset
[I](2021-08-05  04:24:06 pm)Reset
[I](2021-08-05  04:24:32 pm)Reset
[I](2021-08-05  04:24:33 pm)Reset
[I](2021-08-05  04:25:58 pm)Reset
[I](2021-08-05  04:25:58 pm)Reset
[I](2021-08-05  04:26:04 pm)SPM Device Closed.
[I](2021-08-05  04:27:43 pm)SPM Device Open Succeeded.
[I](2021-08-05  04:27:43 pm)Initialization is completed.
[I](2021-08-05  04:30:10 pm)Ready On
[I](2021-08-05  04:33:45 pm)작업 시작 [Start d:799]
[I](2021-08-05  04:33:45 pm)Nc File: [No.0001-285.NC]
[I](2021-08-05  04:33:45 pm)  * Start Machine Position
[I](2021-08-05  04:33:45 pm)    X:    114.9842
[I](2021-08-05  04:33:45 pm)    Y:   -312.3350
[I](2021-08-05  04:33:45 pm)    U:      0.0000
[I](2021-08-05  04:33:45 pm)    V:      0.0000
[I](2021-08-05  04:33:45 pm)    Z:     31.9855
[I](2021-08-05  04:33:45 pm)  * Angle
[I](2021-08-05  04:33:45 pm)    Ar:      0.1576,Kr:      0.0000
[I](2021-08-05  04:33:45 pm)    Taper_Ar:      0.0000
[I](2021-08-05  04:33:56 pm)작업중 정지 [d:0][t:00:00:11]
[I](2021-08-05  04:33:56 pm)    [LNo:0001] 000195/000266
[I](2021-08-05  04:43:37 pm)작업중 정지 [d:9][t:00:09:52]
[I](2021-08-05  04:43:37 pm)    [LNo:0001] 000221/000266
[I](2021-08-05  04:43:37 pm)작업중 M코드정지 [d:9][t:00:09:52]
[I](2021-08-05  04:44:01 pm)작업중 정지 [d:9][t:00:10:16]
[I](2021-08-05  04:44:01 pm)    [LNo:0001] 000225/000266
[I](2021-08-05  04:44:01 pm)작업중 M코드정지 [d:9][t:00:10:16]
[I](2021-08-05  04:53:20 pm)작업중 정지 [d:18][t:00:19:35]
[I](2021-08-05  04:53:20 pm)    [LNo:0001] 000259/000266
[I](2021-08-05  04:53:20 pm)작업중 M코드정지 [d:18][t:00:19:35]
[I](2021-08-05  04:57:55 pm)작업중 정지 [d:18][t:00:24:09]
[I](2021-08-05  04:57:55 pm)    [LNo:0001] 000229/000266
[I](2021-08-05  05:12:53 pm)작업중 정지 [d:32][t:00:39:08]
[I](2021-08-05  05:12:53 pm)    [LNo:0001] 000258/000266
[I](2021-08-05  05:12:53 pm)작업중 M코드정지 [d:32][t:00:39:08]
[I](2021-08-05  05:14:45 pm)작업중 정지 [d:32][t:00:40:59]
[I](2021-08-05  05:14:45 pm)    [LNo:0001] 000229/000266
[I](2021-08-05  05:24:47 pm)작업중 정지 [d:42][t:00:51:02]
[I](2021-08-05  05:24:47 pm)    [LNo:0001] 000258/000266
[I](2021-08-05  05:24:48 pm)작업중 M코드정지 [d:42][t:00:51:02]
[I](2021-08-05  05:32:27 pm)작업중 정지 [d:42][t:00:58:42]
[I](2021-08-05  05:32:27 pm)    [LNo:0001] 000229/000266
[I](2021-08-05  05:46:19 pm)작업중 정지 [d:54][t:01:12:34]
[I](2021-08-05  05:46:19 pm)    [LNo:0001] 000258/000266
[I](2021-08-05  05:46:19 pm)작업중 M코드정지 [d:54][t:01:12:34]
[I](2021-08-05  05:52:58 pm)작업중 정지 [d:54][t:01:19:13]
[I](2021-08-05  05:52:58 pm)    [LNo:0001] 000229/000266
[I](2021-08-05  06:05:39 pm)작업중 정지 [d:65][t:01:31:54]
[I](2021-08-05  06:05:39 pm)    [LNo:0001] 000258/000266
[I](2021-08-05  06:05:39 pm)작업중 M코드정지 [d:65][t:01:31:54]
[I](2021-08-05  06:44:38 pm)Reset
[I](2021-08-05  06:45:25 pm)Reset
[I](2021-08-05  06:47:46 pm)작업 시작 [Start d:864]
[I](2021-08-05  06:47:46 pm)Nc File: [No.0002-286.NC]
[I](2021-08-05  06:47:46 pm)  * Start Machine Position
[I](2021-08-05  06:47:46 pm)    X:    114.9842
[I](2021-08-05  06:47:46 pm)    Y:   -312.3349
[I](2021-08-05  06:47:46 pm)    U:      0.0000
[I](2021-08-05  06:47:46 pm)    V:      0.0000
[I](2021-08-05  06:47:46 pm)    Z:     31.9855
[I](2021-08-05  06:47:46 pm)  * Angle
[I](2021-08-05  06:47:46 pm)    Ar:      0.1576,Kr:      0.0000
[I](2021-08-05  06:47:46 pm)    Taper_Ar:      0.0000
[I](2021-08-05  06:47:54 pm)작업중 정지 [d:0][t:00:00:08]
[I](2021-08-05  06:47:54 pm)    [LNo:0002] 000010/000153
[I](2021-08-05  06:47:54 pm)작업중 M코드정지 [d:0][t:00:00:08]
[I](2021-08-05  06:53:19 pm)작업중 정지 [d:4][t:00:05:32]
[I](2021-08-05  06:53:19 pm)    [LNo:0002] 000035/000153
[I](2021-08-05  06:53:19 pm)작업중 M코드정지 [d:4][t:00:05:32]
[I](2021-08-05  06:53:33 pm)작업중 정지 [d:4][t:00:05:46]
[I](2021-08-05  06:53:33 pm)    [LNo:0002] 000039/000153
[I](2021-08-05  06:53:33 pm)작업중 M코드정지 [d:4][t:00:05:46]
[I](2021-08-05  06:56:16 pm)작업중 정지 [d:6][t:00:08:29]
[I](2021-08-05  06:56:16 pm)    [LNo:0002] 000065/000153
[I](2021-08-05  06:56:16 pm)작업중 M코드정지 [d:6][t:00:08:29]
[I](2021-08-05  07:32:14 pm)작업중 정지 [d:40][t:00:44:27]
[I](2021-08-05  07:32:14 pm)    [LNo:0002] 000145/000153
[I](2021-08-05  07:32:14 pm)작업중 M코드정지 [d:40][t:00:44:27]
[I](2021-08-05  07:41:55 pm)Reset
[I](2021-08-05  07:42:06 pm)Reset
[I](2021-08-05  07:42:06 pm)Reset
[I](2021-08-05  07:43:40 pm)Reset
[I](2021-08-05  07:45:13 pm)Reset
[I](2021-08-05  07:45:35 pm)Reset
[I](2021-08-05  07:45:36 pm)Reset
[I](2021-08-05  07:45:56 pm)Reset
[I](2021-08-05  07:47:29 pm)Reset
[I](2021-08-05  07:47:43 pm)Reset
[I](2021-08-05  07:47:43 pm)Reset
[I](2021-08-05  07:51:05 pm)작업 시작 [Start d:904]
[I](2021-08-05  07:51:05 pm)Nc File: [No.0003-280.NC]
[I](2021-08-05  07:51:05 pm)  * Start Machine Position
[I](2021-08-05  07:51:05 pm)    X:    116.8962
[I](2021-08-05  07:51:05 pm)    Y:   -338.4863
[I](2021-08-05  07:51:05 pm)    U:     -0.0025
[I](2021-08-05  07:51:05 pm)    V:     -0.3399
[I](2021-08-05  07:51:05 pm)    Z:     41.3375
[I](2021-08-05  07:51:05 pm)  * Angle
[I](2021-08-05  07:51:05 pm)    Ar:     -0.4322,Kr:      0.0000
[I](2021-08-05  07:51:05 pm)    Taper_Ar:      0.0000
[I](2021-08-05  07:51:17 pm)작업중 정지 [d:0][t:00:00:11]
[I](2021-08-05  07:51:17 pm)    [LNo:0003] 000010/000199
[I](2021-08-05  07:51:17 pm)작업중 M코드정지 [d:0][t:00:00:11]
[I](2021-08-05  08:00:39 pm)작업중 정지 [d:9][t:00:09:33]
[I](2021-08-05  08:00:39 pm)    [LNo:0003] 000027/000199
[I](2021-08-05  08:00:39 pm)작업중 M코드정지 [d:9][t:00:09:34]
[I](2021-08-05  08:02:09 pm)작업중 정지 [d:9][t:00:11:03]
[I](2021-08-05  08:02:09 pm)    [LNo:0003] 000030/000199
[I](2021-08-05  08:02:09 pm)작업중 M코드정지 [d:9][t:00:11:03]
[I](2021-08-05  08:10:34 pm)작업중 정지 [d:16][t:00:19:28]
[I](2021-08-05  08:10:34 pm)    [LNo:0003] 000085/000199
[I](2021-08-05  08:10:34 pm)작업중 M코드정지 [d:16][t:00:19:28]
[I](2021-08-05  08:11:22 pm)작업중 정지 [d:17][t:00:20:17]
[I](2021-08-05  08:11:22 pm)    [LNo:0003] 000088/000199
[I](2021-08-05  08:11:22 pm)작업중 M코드정지 [d:17][t:00:20:17]
[I](2021-08-05  08:31:12 pm)작업중 정지 [d:35][t:00:40:06]
[I](2021-08-05  08:31:12 pm)    [LNo:0003] 000147/000199
[I](2021-08-05  08:31:12 pm)작업중 M코드정지 [d:35][t:00:40:06]
[I](2021-08-05  08:31:54 pm)작업중 정지 [d:35][t:00:40:49]
[I](2021-08-05  08:31:54 pm)    [LNo:0003] 000149/000199
[I](2021-08-05  08:31:55 pm)작업중 M코드정지 [d:35][t:00:40:49]
[I](2021-08-05  08:38:46 pm)작업중 정지 [d:41][t:00:47:40]
[I](2021-08-05  08:38:46 pm)    [LNo:0003] 000195/000199
[I](2021-08-05  08:38:46 pm)작업중 M코드정지 [d:41][t:00:47:40]
[I](2021-08-05  08:59:36 pm)Reset
[I](2021-08-05  09:00:37 pm)Reset
[I](2021-08-05  09:00:38 pm)Reset
[I](2021-08-05  09:01:05 pm)Reset
[I](2021-08-05  09:01:27 pm)Reset
[I](2021-08-05  09:02:17 pm)Reset
[I](2021-08-05  09:02:32 pm)Reset
[A](2021-08-05  09:03:50 pm)[001] 와이어 미동작
[I](2021-08-05  09:03:52 pm)작업 시작 [Start d:0]
[I](2021-08-05  09:03:52 pm)Nc File: [No.0005-MDI0005.NC]
[I](2021-08-05  09:03:52 pm)  * Start Machine Position
[I](2021-08-05  09:03:52 pm)    X:    156.4250
[I](2021-08-05  09:03:52 pm)    Y:   -385.5855
[I](2021-08-05  09:03:52 pm)    U:      0.0000
[I](2021-08-05  09:03:52 pm)    V:      0.0000
[I](2021-08-05  09:03:52 pm)    Z:     57.2150
[I](2021-08-05  09:03:52 pm)  * Angle
[I](2021-08-05  09:03:52 pm)    Ar:     10.5387,Kr:      0.0000
[I](2021-08-05  09:03:52 pm)    Taper_Ar:      0.0000
[I](2021-08-05  09:03:52 pm)
[I](2021-08-05  09:03:52 pm)Work completed.
[I](2021-08-05  09:03:52 pm)
[I](2021-08-05  09:03:52 pm)Work completed.
[I](2021-08-05  09:53:04 pm)작업중 정지 [d:49][t:00:49:12]
[I](2021-08-05  09:53:04 pm)    [LNo:0005] 000001/000001
[I](2021-08-05  09:53:04 pm)작업중 30sec 접촉 정지 [d:49][t:00:49:12]
[I](2021-08-05  10:02:51 pm)Reset
[I](2021-08-05  10:05:33 pm)Reset
[I](2021-08-05  10:07:26 pm)Reset
[I](2021-08-05  10:07:54 pm)Reset
[I](2021-08-05  10:08:18 pm)Reset
[I](2021-08-05  10:09:24 pm)Reset
[A](2021-08-05  10:09:40 pm)[091] Auto Door Sensor Abnormal
[I](2021-08-05  10:10:35 pm)작업 시작 [Start d:49]
[I](2021-08-05  10:10:35 pm)Nc File: [No.0006-MDI0006.NC]
[I](2021-08-05  10:10:35 pm)  * Start Machine Position
[I](2021-08-05  10:10:35 pm)    X:    164.7740
[I](2021-08-05  10:10:35 pm)    Y:   -149.1368
[I](2021-08-05  10:10:35 pm)    U:      0.0000
[I](2021-08-05  10:10:35 pm)    V:      0.0000
[I](2021-08-05  10:10:35 pm)    Z:     57.2150
[I](2021-08-05  10:10:35 pm)  * Angle
[I](2021-08-05  10:10:35 pm)    Ar:    -13.6321,Kr:      0.0000
[I](2021-08-05  10:10:35 pm)    Taper_Ar:      0.0000
[I](2021-08-05  10:10:35 pm)
[I](2021-08-05  10:10:35 pm)Work completed.
[I](2021-08-05  10:10:35 pm)
[I](2021-08-05  10:10:35 pm)Work completed.
[I](2021-08-05  11:13:07 pm)작업 끝.(M02) [d:62][t:01:02:32]
[A](2021-08-05  11:27:42 pm)[084] Work Tank Fluid Sensor Abnormal
[A](2021-08-05  11:27:42 pm)[084] Work Tank Fluid Sensor Abnormal
[A](2021-08-05  11:27:42 pm)[084] Work Tank Fluid Sensor Abnormal
[A](2021-08-05  11:27:44 pm)[084] Work Tank Fluid Sensor Abnormal
