[I](2021-08-26  01:04:40 am)작업중 정지 [d:69][t:01:11:45]
[I](2021-08-26  01:04:40 am)    [LNo:0007] 000116/000245
[I](2021-08-26  01:04:40 am)작업중 M코드정지 [d:69][t:01:11:45]
[I](2021-08-26  01:06:48 am)작업중 정지 [d:69][t:01:13:52]
[I](2021-08-26  01:06:48 am)    [LNo:0007] 000133/000245
[I](2021-08-26  01:06:48 am)작업중 30sec 접촉 정지 [d:69][t:01:13:52]
[I](2021-08-26  01:07:30 am)작업 재시작
[I](2021-08-26  01:25:55 am)작업중 정지 [d:87][t:01:32:59]
[I](2021-08-26  01:25:55 am)    [LNo:0007] 000142/000245
[I](2021-08-26  01:26:16 am)작업 재시작
[I](2021-08-26  01:30:16 am)작업중 정지 [d:91][t:01:37:20]
[I](2021-08-26  01:30:16 am)    [LNo:0007] 000163/000245
[I](2021-08-26  01:30:16 am)작업중 M코드정지 [d:91][t:01:37:20]
[I](2021-08-26  01:31:40 am)작업중 정지 [d:91][t:01:38:45]
[I](2021-08-26  01:31:40 am)    [LNo:0007] 000148/000245
[A](2021-08-26  01:31:42 am)[002] 가공액 미동작
[I](2021-08-26  01:32:41 am)작업중 정지 [d:91][t:01:39:45]
[I](2021-08-26  01:32:41 am)    [LNo:0007] 000164/000245
[I](2021-08-26  02:36:13 am)작업중 정지 [d:153][t:02:43:17]
[I](2021-08-26  02:36:13 am)    [LNo:0007] 000233/000245
[I](2021-08-26  02:36:13 am)작업중 M코드정지 [d:153][t:02:43:17]
[I](2021-08-26  02:39:21 am)작업중 정지 [d:153][t:02:46:25]
[I](2021-08-26  02:39:21 am)    [LNo:0007] 000234/000245
[I](2021-08-26  02:39:21 am)Wire Contact Auto Stop(M52)
[A](2021-08-26  02:42:11 am)[091] Auto Door Sensor Abnormal
[A](2021-08-26  02:42:12 am)[091] Auto Door Sensor Abnormal
[A](2021-08-26  02:42:13 am)[091] Auto Door Sensor Abnormal
[A](2021-08-26  02:42:13 am)[091] Auto Door Sensor Abnormal
[A](2021-08-26  02:42:14 am)[091] Auto Door Sensor Abnormal
[I](2021-08-26  02:43:35 am)Reset
[I](2021-08-26  02:44:38 am)Reset
[I](2021-08-26  02:44:46 am)Reset
[I](2021-08-26  02:44:47 am)Reset
[I](2021-08-26  02:46:17 am)Reset
[I](2021-08-26  02:46:28 am)Reset
[I](2021-08-26  02:47:33 am)작업 시작 [Start d:628]
[I](2021-08-26  02:47:33 am)Nc File: [No.0008-322.NC]
[I](2021-08-26  02:47:33 am)  * Start Machine Position
[I](2021-08-26  02:47:33 am)    X:    104.2015
[I](2021-08-26  02:47:33 am)    Y:   -292.8194
[I](2021-08-26  02:47:33 am)    U:      0.0029
[I](2021-08-26  02:47:33 am)    V:      0.0095
[I](2021-08-26  02:47:33 am)    Z:     59.1555
[I](2021-08-26  02:47:33 am)  * Angle
[I](2021-08-26  02:47:33 am)    Ar:    -17.3465,Kr:      0.0000
[I](2021-08-26  02:47:33 am)    Taper_Ar:      0.0000
[I](2021-08-26  02:48:19 am)작업중 정지 [d:0][t:00:00:46]
[I](2021-08-26  02:48:19 am)    [LNo:0008] 000021/000516
[I](2021-08-26  02:48:39 am)작업 재시작
[I](2021-08-26  02:59:34 am)작업중 정지 [d:12][t:00:12:01]
[I](2021-08-26  02:59:34 am)    [LNo:0008] 000028/000516
[I](2021-08-26  02:59:34 am)작업중 M코드정지 [d:12][t:00:12:01]
[I](2021-08-26  03:02:13 am)작업중 정지 [d:12][t:00:14:40]
[I](2021-08-26  03:02:13 am)    [LNo:0008] 000030/000516
[I](2021-08-26  03:02:33 am)작업 재시작
[I](2021-08-26  03:02:38 am)작업중 정지 [d:12][t:00:15:05]
[I](2021-08-26  03:02:38 am)    [LNo:0008] 000032/000516
[I](2021-08-26  03:02:38 am)작업중 M코드정지 [d:12][t:00:15:05]
[I](2021-08-26  03:02:41 am)작업중 정지 [d:12][t:00:15:08]
[I](2021-08-26  03:02:41 am)    [LNo:0008] 000034/000516
[I](2021-08-26  03:02:41 am)작업중 M코드정지 [d:12][t:00:15:08]
[I](2021-08-26  03:04:08 am)작업중 정지 [d:12][t:00:16:34]
[I](2021-08-26  03:04:08 am)    [LNo:0008] 000041/000516
[I](2021-08-26  03:40:04 am)작업중 정지 [d:47][t:00:52:31]
[I](2021-08-26  03:40:04 am)    [LNo:0008] 000059/000516
[A](2021-08-26  03:40:04 am)[008] 작업중 단선(AWF Feed Motor Stop )
[I](2021-08-26  03:40:04 am)작업중 Wire 단선 [d:47][t:00:52:31]
[I](2021-08-26  03:41:27 am)작업 재시작
[I](2021-08-26  03:55:03 am)작업중 정지 [d:61][t:01:07:29]
[I](2021-08-26  03:55:03 am)    [LNo:0008] 000064/000516
[I](2021-08-26  03:55:22 am)작업 재시작
[I](2021-08-26  03:55:27 am)작업중 정지 [d:61][t:01:07:54]
[I](2021-08-26  03:55:27 am)    [LNo:0008] 000066/000516
[I](2021-08-26  03:55:27 am)작업중 M코드정지 [d:61][t:01:07:54]
[I](2021-08-26  03:56:24 am)작업중 정지 [d:61][t:01:08:50]
[I](2021-08-26  03:56:24 am)    [LNo:0008] 000075/000516
[I](2021-08-26  03:59:53 am)작업중 정지 [d:64][t:01:12:19]
[I](2021-08-26  03:59:53 am)    [LNo:0008] 000086/000516
[A](2021-08-26  03:59:53 am)[008] 작업중 단선(AWF Feed Motor Stop )
[I](2021-08-26  03:59:53 am)작업중 Wire 단선 [d:64][t:01:12:19]
[I](2021-08-26  04:01:02 am)작업 재시작
[I](2021-08-26  04:15:30 am)작업중 정지 [d:79][t:01:27:56]
[I](2021-08-26  04:15:30 am)    [LNo:0008] 000094/000516
[I](2021-08-26  04:15:30 am)작업중 M코드정지 [d:79][t:01:27:56]
[I](2021-08-26  04:17:08 am)작업중 정지 [d:79][t:01:29:34]
[I](2021-08-26  04:17:08 am)    [LNo:0008] 000106/000516
[I](2021-08-26  04:21:21 am)작업중 정지 [d:83][t:01:33:47]
[I](2021-08-26  04:21:21 am)    [LNo:0008] 000115/000516
[A](2021-08-26  04:21:21 am)[008] 작업중 단선(AWF Feed Motor Stop )
[I](2021-08-26  04:21:21 am)작업중 Wire 단선 [d:83][t:01:33:47]
[I](2021-08-26  04:22:37 am)작업 재시작
[I](2021-08-26  04:37:05 am)작업중 정지 [d:97][t:01:49:31]
[I](2021-08-26  04:37:05 am)    [LNo:0008] 000121/000516
[I](2021-08-26  04:37:05 am)Wire Contact Auto Stop(M52)
[I](2021-08-26  04:37:25 am)작업 재시작
[I](2021-08-26  04:37:26 am)작업중 정지 [d:97][t:01:49:53]
[I](2021-08-26  04:37:26 am)    [LNo:0008] 000122/000516
[I](2021-08-26  04:37:26 am)작업중 M코드정지 [d:97][t:01:49:53]
[I](2021-08-26  04:38:33 am)작업중 정지 [d:97][t:01:50:59]
[I](2021-08-26  04:38:33 am)    [LNo:0008] 000134/000516
[I](2021-08-26  05:39:41 am)작업중 정지 [d:158][t:02:52:08]
[I](2021-08-26  05:39:41 am)    [LNo:0008] 000147/000516
[I](2021-08-26  05:39:42 am)작업중 M코드정지 [d:158][t:02:52:08]
[I](2021-08-26  06:23:56 am)작업중 정지 [d:159][t:03:36:22]
[I](2021-08-26  06:23:56 am)    [LNo:0008] 000150/000516
[I](2021-08-26  06:23:56 am)작업중 M코드정지 [d:159][t:03:36:22]
[I](2021-08-26  06:25:30 am)작업중 정지 [d:159][t:03:37:56]
[I](2021-08-26  06:25:30 am)    [LNo:0008] 000159/000516
[I](2021-08-26  06:29:56 am)작업중 정지 [d:162][t:03:42:23]
[I](2021-08-26  06:29:56 am)    [LNo:0008] 000171/000516
[A](2021-08-26  06:29:57 am)[008] 작업중 단선(AWF Feed Motor Stop )
[I](2021-08-26  06:29:57 am)작업중 Wire 단선 [d:162][t:03:42:23]
[I](2021-08-26  06:31:09 am)작업 재시작
[I](2021-08-26  07:28:52 am)작업중 정지 [d:220][t:04:41:19]
[I](2021-08-26  07:28:52 am)    [LNo:0008] 000184/000516
[I](2021-08-26  07:28:52 am)작업중 M코드정지 [d:220][t:04:41:19]
[I](2021-08-26  07:30:12 am)작업중 정지 [d:220][t:04:42:39]
[I](2021-08-26  07:30:12 am)    [LNo:0008] 000193/000516
[I](2021-08-26  07:34:46 am)작업중 정지 [d:225][t:04:47:12]
[I](2021-08-26  07:34:46 am)    [LNo:0008] 000204/000516
[A](2021-08-26  07:34:46 am)[008] 작업중 단선(AWF Feed Motor Stop )
[I](2021-08-26  07:34:46 am)작업중 Wire 단선 [d:225][t:04:47:13]
[I](2021-08-26  07:36:08 am)작업 재시작
[I](2021-08-26  07:50:11 am)작업중 정지 [d:239][t:05:02:38]
[I](2021-08-26  07:50:11 am)    [LNo:0008] 000208/000516
[I](2021-08-26  07:50:11 am)작업중 M코드정지 [d:239][t:05:02:38]
[I](2021-08-26  07:50:50 am)작업중 정지 [d:239][t:05:03:16]
[I](2021-08-26  07:50:50 am)    [LNo:0008] 000212/000516
[I](2021-08-26  07:50:50 am)작업중 M코드정지 [d:239][t:05:03:16]
[I](2021-08-26  07:52:16 am)작업중 정지 [d:239][t:05:04:42]
[I](2021-08-26  07:52:16 am)    [LNo:0008] 000221/000516
[I](2021-08-26  07:53:32 am)작업중 정지 [d:240][t:05:05:59]
[I](2021-08-26  07:53:32 am)    [LNo:0008] 000229/000516
[I](2021-08-26  07:53:32 am)작업중 30sec 접촉 정지 [d:240][t:05:05:59]
[I](2021-08-26  07:53:46 am)작업 재시작
[I](2021-08-26  07:58:07 am)작업중 정지 [d:244][t:05:10:33]
[I](2021-08-26  07:58:07 am)    [LNo:0008] 000233/000516
[A](2021-08-26  07:58:07 am)[008] 작업중 단선(AWF Feed Motor Stop )
[I](2021-08-26  07:58:07 am)작업중 Wire 단선 [d:244][t:05:10:33]
[I](2021-08-26  07:59:16 am)작업 재시작
[I](2021-08-26  08:12:04 am)작업중 정지 [d:257][t:05:24:30]
[I](2021-08-26  08:12:04 am)    [LNo:0008] 000236/000516
[I](2021-08-26  08:12:04 am)작업중 M코드정지 [d:257][t:05:24:30]
[I](2021-08-26  08:17:02 am)작업중 정지 [d:257][t:05:29:28]
[I](2021-08-26  08:17:02 am)    [LNo:0008] 000239/000516
[I](2021-08-26  08:17:02 am)Wire Contact Auto Stop(M52)
[I](2021-08-26  08:18:00 am)작업 재시작
[I](2021-08-26  08:18:02 am)작업중 정지 [d:257][t:05:30:29]
[I](2021-08-26  08:18:02 am)    [LNo:0008] 000239/000516
[I](2021-08-26  08:18:12 am)작업 재시작
[I](2021-08-26  08:18:13 am)작업중 정지 [d:257][t:05:30:40]
[I](2021-08-26  08:18:13 am)    [LNo:0008] 000240/000516
[I](2021-08-26  08:18:13 am)작업중 M코드정지 [d:257][t:05:30:40]
[I](2021-08-26  08:20:06 am)작업중 정지 [d:257][t:05:32:32]
[I](2021-08-26  08:20:06 am)    [LNo:0008] 000257/000516
[I](2021-08-26  08:20:33 am)작업 재시작
[I](2021-08-26  08:24:06 am)작업중 정지 [d:260][t:05:36:33]
[I](2021-08-26  08:24:06 am)    [LNo:0008] 000259/000516
[A](2021-08-26  08:24:06 am)[008] 작업중 단선(AWF Feed Motor Stop )
[I](2021-08-26  08:24:06 am)작업중 Wire 단선 [d:260][t:05:36:33]
[I](2021-08-26  08:25:22 am)작업 재시작
[I](2021-08-26  08:25:32 am)작업중 정지 [d:261][t:05:37:59]
[I](2021-08-26  08:25:32 am)    [LNo:0008] 000259/000516
[A](2021-08-26  08:25:32 am)[008] 작업중 단선(AWF Feed Motor Stop )
[I](2021-08-26  08:25:32 am)작업중 Wire 단선 [d:261][t:05:37:59]
[I](2021-08-26  08:26:55 am)작업 재시작
[I](2021-08-26  09:18:18 am)작업중 정지 [d:312][t:06:30:44]
[I](2021-08-26  09:18:18 am)    [LNo:0008] 000265/000516
[I](2021-08-26  09:18:18 am)작업중 M코드정지 [d:312][t:06:30:45]
[I](2021-08-26  09:19:00 am)작업중 정지 [d:312][t:06:31:26]
[I](2021-08-26  09:19:00 am)    [LNo:0008] 000266/000516
[I](2021-08-26  09:19:37 am)작업 재시작
[I](2021-08-26  09:19:42 am)작업중 정지 [d:312][t:06:32:08]
[I](2021-08-26  09:19:42 am)    [LNo:0008] 000268/000516
[I](2021-08-26  09:19:42 am)작업중 M코드정지 [d:312][t:06:32:08]
[I](2021-08-26  09:23:28 am)작업중 정지 [d:315][t:06:35:55]
[I](2021-08-26  09:23:28 am)    [LNo:0008] 000292/000516
[I](2021-08-26  09:23:29 am)작업중 M코드정지 [d:315][t:06:35:55]
[I](2021-08-26  09:24:52 am)작업중 정지 [d:315][t:06:37:18]
[I](2021-08-26  09:24:52 am)    [LNo:0008] 000276/000516
[I](2021-08-26  09:26:28 am)작업중 정지 [d:316][t:06:38:54]
[I](2021-08-26  09:26:28 am)    [LNo:0008] 000291/000516
[I](2021-08-26  09:26:28 am)작업중 M코드정지 [d:316][t:06:38:54]
[I](2021-08-26  09:32:37 am)작업중 정지 [d:321][t:06:45:04]
[I](2021-08-26  09:32:37 am)    [LNo:0008] 000318/000516
[I](2021-08-26  09:32:38 am)작업중 M코드정지 [d:321][t:06:45:04]
[I](2021-08-26  09:34:31 am)작업중 정지 [d:321][t:06:46:57]
[I](2021-08-26  09:34:31 am)    [LNo:0008] 000297/000516
[I](2021-08-26  09:36:49 am)작업중 정지 [d:323][t:06:49:15]
[I](2021-08-26  09:36:49 am)    [LNo:0008] 000318/000516
[I](2021-08-26  09:36:49 am)작업중 M코드정지 [d:323][t:06:49:15]
[I](2021-08-26  09:41:40 am)작업중 정지 [d:325][t:06:54:06]
[I](2021-08-26  09:41:40 am)    [LNo:0008] 000339/000516
[I](2021-08-26  09:41:40 am)작업중 M코드정지 [d:325][t:06:54:06]
[I](2021-08-26  09:54:44 am)작업중 정지 [d:334][t:07:07:11]
[I](2021-08-26  09:54:44 am)    [LNo:0008] 000399/000516
[I](2021-08-26  09:54:45 am)작업중 M코드정지 [d:334][t:07:07:11]
[I](2021-08-26  10:01:57 am)작업중 정지 [d:339][t:07:14:24]
[I](2021-08-26  10:01:57 am)    [LNo:0008] 000427/000516
[I](2021-08-26  10:01:57 am)작업중 M코드정지 [d:339][t:07:14:24]
[I](2021-08-26  10:02:09 am)작업중 정지 [d:339][t:07:14:35]
[I](2021-08-26  10:02:09 am)    [LNo:0008] 000405/000516
[I](2021-08-26  10:04:26 am)작업중 정지 [d:341][t:07:16:53]
[I](2021-08-26  10:04:26 am)    [LNo:0008] 000428/000516
[I](2021-08-26  10:04:26 am)작업중 M코드정지 [d:341][t:07:16:53]
[I](2021-08-26  10:22:44 am)작업중 정지 [d:353][t:07:35:10]
[I](2021-08-26  10:22:44 am)    [LNo:0008] 000509/000516
[I](2021-08-26  10:22:44 am)작업중 Single Block Stop [d:353][t:07:35:10]
[I](2021-08-26  10:25:17 am)Reset
[I](2021-08-26  10:25:34 am)Reset
[I](2021-08-26  10:32:32 am)Reset
[I](2021-08-26  10:32:32 am)Reset
[I](2021-08-26  10:44:52 am)Reset
[I](2021-08-26  10:49:58 am)작업 시작 [Start d:981]
[I](2021-08-26  10:49:58 am)Nc File: [No.0003-332.NC]
[I](2021-08-26  10:49:58 am)  * Start Machine Position
[I](2021-08-26  10:49:58 am)    X:     26.5085
[I](2021-08-26  10:49:58 am)    Y:   -256.8046
[I](2021-08-26  10:49:58 am)    U:      0.0000
[I](2021-08-26  10:49:58 am)    V:      0.0000
[I](2021-08-26  10:49:58 am)    Z:     23.7468
[I](2021-08-26  10:49:58 am)  * Angle
[I](2021-08-26  10:49:58 am)    Ar:     -0.2294,Kr:      0.0000
[I](2021-08-26  10:49:58 am)    Taper_Ar:      0.0000
[I](2021-08-26  10:49:58 am)작업중 정지 [d:0][t:00:00:00]
[I](2021-08-26  10:49:58 am)    [LNo:0003] 000001/000045
[I](2021-08-26  10:49:58 am)작업중 Single Block Stop [d:0][t:00:00:00]
[I](2021-08-26  10:50:16 am)작업중 정지 [d:0][t:00:00:17]
[I](2021-08-26  10:50:16 am)    [LNo:0003] 000010/000045
[I](2021-08-26  10:50:16 am)작업중 M코드정지 [d:0][t:00:00:17]
[I](2021-08-26  12:01:12 pm)작업중 정지 [d:70][t:01:11:13]
[I](2021-08-26  12:01:12 pm)    [LNo:0003] 000033/000045
[I](2021-08-26  12:01:12 pm)작업중 M코드정지 [d:70][t:01:11:13]
[I](2021-08-26  12:29:48 pm)작업중 정지 [d:70][t:01:39:49]
[I](2021-08-26  12:29:48 pm)    [LNo:0003] 000035/000045
[I](2021-08-26  12:29:48 pm)작업중 M코드정지 [d:70][t:01:39:49]
[I](2021-08-26  12:40:18 pm)Reset
[I](2021-08-26  12:41:23 pm)Reset
[I](2021-08-26  12:43:59 pm)Reset
[A](2021-08-26  12:52:17 pm)[091] Auto Door Sensor Abnormal
[A](2021-08-26  12:52:40 pm)[091] Auto Door Sensor Abnormal
[A](2021-08-26  12:52:41 pm)[091] Auto Door Sensor Abnormal
[I](2021-08-26  12:53:03 pm)작업 시작 [Start d:0]
[I](2021-08-26  12:53:03 pm)Nc File: [No.0004-331.NC]
[I](2021-08-26  12:53:03 pm)  * Start Machine Position
[I](2021-08-26  12:53:03 pm)    X:    239.2320
[I](2021-08-26  12:53:03 pm)    Y:   -381.9348
[I](2021-08-26  12:53:03 pm)    U:      0.0000
[I](2021-08-26  12:53:03 pm)    V:      0.0000
[I](2021-08-26  12:53:03 pm)    Z:     10.0668
[I](2021-08-26  12:53:03 pm)  * Angle
[I](2021-08-26  12:53:03 pm)    Ar:     -0.1126,Kr:      0.0000
[I](2021-08-26  12:53:03 pm)    Taper_Ar:      0.0000
[I](2021-08-26  12:54:17 pm)작업중 정지 [d:1][t:00:01:13]
[I](2021-08-26  12:54:17 pm)    [LNo:0004] 000017/000391
[A](2021-08-26  12:54:17 pm)[008] 작업중 단선(AWF Feed Motor Stop )
[I](2021-08-26  12:54:17 pm)작업중 Wire 단선 [d:1][t:00:01:13]
[I](2021-08-26  12:55:52 pm)작업 재시작
[I](2021-08-26  12:55:56 pm)작업중 정지 [d:1][t:00:02:52]
[I](2021-08-26  12:55:56 pm)    [LNo:0004] 000017/000391
[A](2021-08-26  12:55:56 pm)[008] 작업중 단선(AWF Feed Motor Stop )
[I](2021-08-26  12:55:56 pm)작업중 Wire 단선 [d:1][t:00:02:52]
[I](2021-08-26  12:57:35 pm)작업 재시작
[I](2021-08-26  01:07:36 pm)작업중 정지 [d:11][t:00:14:33]
[I](2021-08-26  01:07:36 pm)    [LNo:0004] 000033/000391
[I](2021-08-26  01:09:41 pm)작업 재시작
[I](2021-08-26  01:19:51 pm)작업중 정지 [d:21][t:00:26:47]
[I](2021-08-26  01:19:51 pm)    [LNo:0004] 000049/000391
[I](2021-08-26  01:19:51 pm)작업중 M코드정지 [d:21][t:00:26:47]
[I](2021-08-26  01:20:13 pm)작업중 정지 [d:21][t:00:27:09]
[I](2021-08-26  01:20:13 pm)    [LNo:0004] 000050/000391
[I](2021-08-26  01:22:08 pm)작업중 정지 [d:21][t:00:29:05]
[I](2021-08-26  01:22:08 pm)    [LNo:0004] 000059/000391
[I](2021-08-26  02:50:01 pm)작업중 정지 [d:108][t:01:56:58]
[I](2021-08-26  02:50:01 pm)    [LNo:0004] 000198/000391
[I](2021-08-26  02:50:01 pm)작업중 M코드정지 [d:108][t:01:56:58]
[I](2021-08-26  02:50:42 pm)작업중 정지 [d:108][t:01:57:39]
[I](2021-08-26  02:50:42 pm)    [LNo:0004] 000199/000391
[I](2021-08-26  02:52:21 pm)Reset
[I](2021-08-26  02:58:01 pm)작업 시작 [Start d:108]
[I](2021-08-26  02:58:01 pm)Nc File: [No.0004-331.NC]
[I](2021-08-26  02:58:01 pm)  * Start Machine Position
[I](2021-08-26  02:58:01 pm)    X:    203.0849
[I](2021-08-26  02:58:01 pm)    Y:   -385.6781
[I](2021-08-26  02:58:01 pm)    U:      0.0000
[I](2021-08-26  02:58:01 pm)    V:      0.0000
[I](2021-08-26  02:58:01 pm)    Z:     10.0668
[I](2021-08-26  02:58:01 pm)  * Angle
[I](2021-08-26  02:58:01 pm)    Ar:      0.0332,Kr:      0.0000
[I](2021-08-26  02:58:01 pm)    Taper_Ar:      0.0000
[I](2021-08-26  04:43:30 pm)작업중 정지 [d:106][t:01:45:29]
[I](2021-08-26  04:43:30 pm)    [LNo:0004] 000379/000391
[I](2021-08-26  04:43:30 pm)작업중 M코드정지 [d:106][t:01:45:29]
[I](2021-08-26  04:43:56 pm)작업중 정지 [d:106][t:01:45:55]
[I](2021-08-26  04:43:56 pm)    [LNo:0004] 000381/000391
[I](2021-08-26  04:43:56 pm)작업중 M코드정지 [d:106][t:01:45:55]
[I](2021-08-26  04:47:00 pm)Reset
[I](2021-08-26  04:47:08 pm)Reset
[I](2021-08-26  04:47:13 pm)Reset
[I](2021-08-26  04:55:12 pm)Reset
[I](2021-08-26  04:58:14 pm)작업 시작 [Start d:214]
[I](2021-08-26  04:58:14 pm)Nc File: [No.0005-335.NC]
[I](2021-08-26  04:58:14 pm)  * Start Machine Position
[I](2021-08-26  04:58:14 pm)    X:    151.2288
[I](2021-08-26  04:58:14 pm)    Y:   -367.5126
[I](2021-08-26  04:58:14 pm)    U:      0.0000
[I](2021-08-26  04:58:14 pm)    V:      0.0000
[I](2021-08-26  04:58:14 pm)    Z:     30.6813
[I](2021-08-26  04:58:14 pm)  * Angle
[I](2021-08-26  04:58:14 pm)    Ar:     -0.0417,Kr:      0.0000
[I](2021-08-26  04:58:14 pm)    Taper_Ar:      0.0000
[I](2021-08-26  05:04:01 pm)작업중 정지 [d:6][t:00:05:47]
[I](2021-08-26  05:04:01 pm)    [LNo:0005] 000021/000403
[I](2021-08-26  05:04:01 pm)작업중 M코드정지 [d:6][t:00:05:47]
[I](2021-08-26  05:09:34 pm)작업중 정지 [d:7][t:00:11:20]
[I](2021-08-26  05:09:34 pm)    [LNo:0005] 000022/000403
[I](2021-08-26  05:09:49 pm)작업 재시작
[I](2021-08-26  05:09:56 pm)작업중 정지 [d:7][t:00:11:42]
[I](2021-08-26  05:09:56 pm)    [LNo:0005] 000024/000403
[I](2021-08-26  05:09:56 pm)작업중 M코드정지 [d:7][t:00:11:42]
[I](2021-08-26  05:24:26 pm)작업중 정지 [d:20][t:00:26:12]
[I](2021-08-26  05:24:26 pm)    [LNo:0005] 000085/000403
[I](2021-08-26  05:24:26 pm)작업중 M코드정지 [d:20][t:00:26:12]
[I](2021-08-26  05:24:54 pm)작업중 정지 [d:20][t:00:26:40]
[I](2021-08-26  05:24:54 pm)    [LNo:0005] 000086/000403
[I](2021-08-26  05:25:49 pm)작업 재시작
[I](2021-08-26  05:25:53 pm)작업중 정지 [d:20][t:00:27:39]
[I](2021-08-26  05:25:53 pm)    [LNo:0005] 000088/000403
[I](2021-08-26  05:25:53 pm)작업중 M코드정지 [d:20][t:00:27:39]
[I](2021-08-26  06:22:13 pm)작업중 정지 [d:75][t:01:23:59]
[I](2021-08-26  06:22:13 pm)    [LNo:0005] 000177/000403
[I](2021-08-26  06:22:14 pm)작업중 M코드정지 [d:75][t:01:23:59]
[I](2021-08-26  06:26:46 pm)작업중 정지 [d:75][t:01:28:32]
[I](2021-08-26  06:26:46 pm)    [LNo:0005] 000179/000403
[A](2021-08-26  06:26:46 pm)[008] 작업중 단선(AWF Feed Motor Stop )
[I](2021-08-26  06:26:47 pm)작업중 Wire 단선 [d:75][t:01:28:32]
[I](2021-08-26  06:27:38 pm)작업 재시작
[I](2021-08-26  06:27:47 pm)작업중 정지 [d:75][t:01:29:33]
[I](2021-08-26  06:27:47 pm)    [LNo:0005] 000181/000403
[I](2021-08-26  06:27:47 pm)작업중 M코드정지 [d:75][t:01:29:33]
[I](2021-08-26  08:28:30 pm)작업중 정지 [d:195][t:03:30:16]
[I](2021-08-26  08:28:30 pm)    [LNo:0005] 000391/000403
[I](2021-08-26  08:28:30 pm)작업중 M코드정지 [d:195][t:03:30:16]
[I](2021-08-26  08:36:56 pm)작업중 정지 [d:195][t:03:38:42]
[I](2021-08-26  08:36:56 pm)    [LNo:0005] 000392/000403
[A](2021-08-26  08:36:56 pm)[008] 작업중 단선(AWF Feed Motor Stop )
[I](2021-08-26  08:36:56 pm)작업중 Wire 단선 [d:195][t:03:38:42]
[I](2021-08-26  08:37:07 pm)작업 재시작
[I](2021-08-26  08:37:12 pm)작업중 정지 [d:195][t:03:38:58]
[I](2021-08-26  08:37:12 pm)    [LNo:0005] 000392/000403
[I](2021-08-26  08:37:12 pm)Wire Contact Auto Stop(M52)
[A](2021-08-26  08:37:37 pm)[037] 자동결선 잔여 WIRE 처리 실패!!
[I](2021-08-26  08:39:18 pm)Reset
[I](2021-08-26  08:39:47 pm)Reset
[I](2021-08-26  08:50:34 pm)Reset
[I](2021-08-26  08:50:40 pm)Reset
[I](2021-08-26  08:52:03 pm)Reset
[I](2021-08-26  08:52:07 pm)Reset
[I](2021-08-26  08:54:59 pm)Reset
[I](2021-08-26  08:55:02 pm)Reset
[I](2021-08-26  08:55:06 pm)Reset
[A](2021-08-26  08:55:35 pm)[037] 자동결선 잔여 WIRE 처리 실패!!
[I](2021-08-26  08:56:22 pm)Reset
[I](2021-08-26  08:58:07 pm)Reset
[A](2021-08-26  08:58:39 pm)[037] 자동결선 잔여 WIRE 처리 실패!!
[I](2021-08-26  08:59:35 pm)Reset
[I](2021-08-26  09:02:17 pm)Reset
[I](2021-08-26  09:03:23 pm)작업 시작 [Start d:409]
[I](2021-08-26  09:03:23 pm)Nc File: [No.0007-346.NC]
[I](2021-08-26  09:03:23 pm)  * Start Machine Position
[I](2021-08-26  09:03:23 pm)    X:    534.0769
[I](2021-08-26  09:03:23 pm)    Y:   -309.3788
[I](2021-08-26  09:03:23 pm)    U:      0.0000
[I](2021-08-26  09:03:23 pm)    V:      0.0000
[I](2021-08-26  09:03:23 pm)    Z:     38.6793
[I](2021-08-26  09:03:23 pm)  * Angle
[I](2021-08-26  09:03:23 pm)    Ar:     -0.8037,Kr:      0.0000
[I](2021-08-26  09:03:23 pm)    Taper_Ar:      0.0000
[I](2021-08-26  09:38:09 pm)작업중 정지 [d:35][t:00:34:46]
[I](2021-08-26  09:38:09 pm)    [LNo:0007] 000074/000249
[I](2021-08-26  09:38:09 pm)작업중 M코드정지 [d:35][t:00:34:46]
[I](2021-08-26  09:38:35 pm)작업중 정지 [d:35][t:00:35:11]
[I](2021-08-26  09:38:35 pm)    [LNo:0007] 000076/000249
[I](2021-08-26  09:38:35 pm)작업중 M코드정지 [d:35][t:00:35:11]
[I](2021-08-26  09:41:32 pm)작업중 정지 [d:37][t:00:38:08]
[I](2021-08-26  09:41:32 pm)    [LNo:0007] 000093/000249
[I](2021-08-26  09:41:44 pm)Reset
[I](2021-08-26  09:42:05 pm)작업 시작 [Start d:446]
[I](2021-08-26  09:42:05 pm)Nc File: [No.0007-346.NC]
[I](2021-08-26  09:42:05 pm)  * Start Machine Position
[I](2021-08-26  09:42:05 pm)    X:    504.0004
[I](2021-08-26  09:42:05 pm)    Y:   -340.5049
[I](2021-08-26  09:42:05 pm)    U:      0.0000
[I](2021-08-26  09:42:05 pm)    V:      0.0000
[I](2021-08-26  09:42:05 pm)    Z:     38.6793
[I](2021-08-26  09:42:05 pm)  * Angle
[I](2021-08-26  09:42:05 pm)    Ar:     -0.8037,Kr:      0.0000
[I](2021-08-26  09:42:05 pm)    Taper_Ar:      0.0000
[I](2021-08-26  11:01:02 pm)작업중 정지 [d:79][t:01:18:57]
[I](2021-08-26  11:01:02 pm)    [LNo:0007] 000168/000249
[I](2021-08-26  11:01:02 pm)작업중 M코드정지 [d:79][t:01:18:57]
[I](2021-08-26  11:02:53 pm)작업중 정지 [d:79][t:01:20:48]
[I](2021-08-26  11:02:53 pm)    [LNo:0007] 000169/000249
[I](2021-08-26  11:02:53 pm)Wire Contact Auto Stop(M52)
[I](2021-08-26  11:03:18 pm)작업 재시작
[I](2021-08-26  11:03:20 pm)작업중 정지 [d:79][t:01:21:15]
[I](2021-08-26  11:03:20 pm)    [LNo:0007] 000170/000249
[I](2021-08-26  11:03:20 pm)작업중 M코드정지 [d:79][t:01:21:15]
[I](2021-08-26  11:05:28 pm)작업중 정지 [d:80][t:01:23:23]
[I](2021-08-26  11:05:28 pm)    [LNo:0007] 000187/000249
[A](2021-08-26  11:05:28 pm)[008] 작업중 단선(AWF Feed Motor Stop )
[I](2021-08-26  11:05:29 pm)작업중 Wire 단선 [d:80][t:01:23:23]
[I](2021-08-26  11:05:41 pm)작업 재시작
