[I](2021-03-20  12:00:07 am)작업중 정지 [d:42][t:00:45:28]
[I](2021-03-20  12:00:07 am)    [LNo:0006] 000280/000528
[I](2021-03-20  12:00:07 am)작업중 M코드정지 [d:42][t:00:45:29]
[I](2021-03-20  12:00:38 am)작업중 정지 [d:42][t:00:46:00]
[I](2021-03-20  12:00:38 am)    [LNo:0006] 000281/000528
[I](2021-03-20  12:01:16 am)작업 재시작
[I](2021-03-20  12:01:21 am)작업중 정지 [d:42][t:00:46:43]
[I](2021-03-20  12:01:21 am)    [LNo:0006] 000283/000528
[I](2021-03-20  12:01:21 am)작업중 M코드정지 [d:42][t:00:46:43]
[I](2021-03-20  12:44:36 am)작업중 정지 [d:84][t:01:29:57]
[I](2021-03-20  12:44:36 am)    [LNo:0006] 000386/000528
[I](2021-03-20  12:44:36 am)작업중 M코드정지 [d:84][t:01:29:57]
[I](2021-03-20  12:44:58 am)작업중 정지 [d:84][t:01:30:20]
[I](2021-03-20  12:44:58 am)    [LNo:0006] 000387/000528
[I](2021-03-20  12:44:58 am)Wire Contact Auto Stop(M52)
[I](2021-03-20  12:45:41 am)작업 재시작
[I](2021-03-20  12:45:43 am)작업중 정지 [d:84][t:01:31:05]
[I](2021-03-20  12:45:43 am)    [LNo:0006] 000388/000528
[I](2021-03-20  12:45:43 am)작업중 M코드정지 [d:84][t:01:31:05]
[I](2021-03-20  12:53:23 am)작업중 정지 [d:91][t:01:38:44]
[I](2021-03-20  12:53:23 am)    [LNo:0006] 000410/000528
[I](2021-03-20  12:53:23 am)작업중 M코드정지 [d:91][t:01:38:45]
[I](2021-03-20  12:54:04 am)작업중 정지 [d:91][t:01:39:25]
[I](2021-03-20  12:54:04 am)    [LNo:0006] 000412/000528
[I](2021-03-20  12:54:35 am)작업 재시작
[I](2021-03-20  12:54:37 am)작업중 정지 [d:91][t:01:39:59]
[I](2021-03-20  12:54:37 am)    [LNo:0006] 000413/000528
[I](2021-03-20  12:54:37 am)작업중 M코드정지 [d:91][t:01:39:59]
[I](2021-03-20  01:39:01 am)작업중 정지 [d:134][t:02:24:23]
[I](2021-03-20  01:39:01 am)    [LNo:0006] 000516/000528
[I](2021-03-20  01:39:02 am)작업중 M코드정지 [d:134][t:02:24:23]
[I](2021-03-20  01:40:59 am)작업중 정지 [d:134][t:02:26:20]
[I](2021-03-20  01:40:59 am)    [LNo:0006] 000517/000528
[I](2021-03-20  01:40:59 am)Wire Contact Auto Stop(M52)
[I](2021-03-20  02:01:33 am)Reset
[I](2021-03-20  02:03:05 am)Reset
[I](2021-03-20  02:03:40 am)Reset
[I](2021-03-20  02:05:36 am)Reset
[I](2021-03-20  02:09:01 am)Reset
[I](2021-03-20  02:12:53 am)Reset
[I](2021-03-20  02:15:22 am)Reset
[I](2021-03-20  02:18:14 am)작업 시작 [Start d:193]
[I](2021-03-20  02:18:14 am)Nc File: [No.0001-348.NC]
[I](2021-03-20  02:18:14 am)  * Start Machine Position
[I](2021-03-20  02:18:14 am)    X:    101.5093
[I](2021-03-20  02:18:14 am)    Y:   -340.4889
[I](2021-03-20  02:18:14 am)    U:      0.0000
[I](2021-03-20  02:18:14 am)    V:      0.0000
[I](2021-03-20  02:18:14 am)    Z:     70.7447
[I](2021-03-20  02:18:14 am)  * Angle
[I](2021-03-20  02:18:14 am)    Ar:      0.3622,Kr:      0.0000
[I](2021-03-20  02:18:14 am)    Taper_Ar:      0.0000
[I](2021-03-20  04:07:16 am)작업중 정지 [d:107][t:01:49:01]
[I](2021-03-20  04:07:16 am)    [LNo:0001] 000165/000282
[I](2021-03-20  04:07:16 am)작업중 30sec 접촉 정지 [d:107][t:01:49:01]
[I](2021-03-20  04:12:58 am)작업 재시작
[I](2021-03-20  04:13:03 am)작업중 정지 [d:107][t:01:54:49]
[I](2021-03-20  04:13:03 am)    [LNo:0001] 000165/000282
[I](2021-03-20  04:13:04 am)작업중 30sec 접촉 정지 [d:107][t:01:54:49]
[I](2021-03-20  04:14:22 am)작업 재시작
[I](2021-03-20  04:52:28 am)작업중 정지 [d:146][t:02:34:13]
[I](2021-03-20  04:52:28 am)    [LNo:0001] 000195/000282
[A](2021-03-20  04:52:28 am)[093] 보빈 와이어 단선
[I](2021-03-20  04:52:28 am)작업중 Wire 단선 [d:146][t:02:34:13]
[I](2021-03-20  04:57:11 am)작업 재시작
[I](2021-03-20  05:02:48 am)작업중 정지 [d:151][t:02:44:33]
[I](2021-03-20  05:02:48 am)    [LNo:0001] 000231/000282
[I](2021-03-20  05:10:36 am)작업중 정지 [d:157][t:02:52:21]
[I](2021-03-20  05:10:36 am)    [LNo:0001] 000248/000282
[I](2021-03-20  05:10:36 am)작업중 M코드정지 [d:157][t:02:52:21]
[I](2021-03-20  05:19:16 am)작업중 정지 [d:158][t:03:01:01]
[I](2021-03-20  05:19:16 am)    [LNo:0001] 000250/000282
[I](2021-03-20  05:19:16 am)작업중 M코드정지 [d:158][t:03:01:01]
[I](2021-03-20  05:27:17 am)작업중 정지 [d:165][t:03:09:02]
[I](2021-03-20  05:27:17 am)    [LNo:0001] 000270/000282
[I](2021-03-20  05:27:17 am)작업중 M코드정지 [d:165][t:03:09:02]
[I](2021-03-20  05:29:28 am)작업중 정지 [d:166][t:03:11:13]
[I](2021-03-20  05:29:28 am)    [LNo:0001] 000271/000282
[I](2021-03-20  05:29:28 am)Wire Contact Auto Stop(M52)
[I](2021-03-20  05:34:32 am)Reset
[I](2021-03-20  05:34:32 am)Reset
[I](2021-03-20  05:41:12 am)Reset
[I](2021-03-20  05:41:59 am)Reset
[I](2021-03-20  05:42:23 am)작업 시작 [Start d:359]
[I](2021-03-20  05:42:23 am)Nc File: [No.0003-455.NC]
[I](2021-03-20  05:42:23 am)  * Start Machine Position
[I](2021-03-20  05:42:23 am)    X:    166.9842
[I](2021-03-20  05:42:23 am)    Y:   -282.2159
[I](2021-03-20  05:42:23 am)    U:      0.0000
[I](2021-03-20  05:42:23 am)    V:      0.0000
[I](2021-03-20  05:42:23 am)    Z:     70.7447
[I](2021-03-20  05:42:23 am)  * Angle
[I](2021-03-20  05:42:23 am)    Ar:      0.3622,Kr:      0.0000
[I](2021-03-20  05:42:23 am)    Taper_Ar:      0.0000
[I](2021-03-20  06:50:01 am)작업중 정지 [d:67][t:01:07:37]
[I](2021-03-20  06:50:01 am)    [LNo:0003] 000123/000804
[I](2021-03-20  06:50:01 am)작업중 M코드정지 [d:67][t:01:07:37]
[I](2021-03-20  06:50:35 am)작업중 정지 [d:67][t:01:08:12]
[I](2021-03-20  06:50:35 am)    [LNo:0003] 000124/000804
[I](2021-03-20  06:50:35 am)Wire Contact Auto Stop(M52)
[I](2021-03-20  06:51:13 am)작업 재시작
[I](2021-03-20  06:51:15 am)작업중 정지 [d:67][t:01:08:51]
[I](2021-03-20  06:51:15 am)    [LNo:0003] 000124/000804
[I](2021-03-20  06:51:25 am)작업 재시작
[I](2021-03-20  06:51:28 am)작업중 정지 [d:67][t:01:09:05]
[I](2021-03-20  06:51:28 am)    [LNo:0003] 000125/000804
[I](2021-03-20  06:51:28 am)작업중 M코드정지 [d:67][t:01:09:05]
[I](2021-03-20  06:53:34 am)작업중 정지 [d:67][t:01:11:11]
[I](2021-03-20  06:53:34 am)    [LNo:0003] 000134/000804
[I](2021-03-20  08:01:38 am)작업중 정지 [d:134][t:02:19:15]
[I](2021-03-20  08:01:38 am)    [LNo:0003] 000250/000804
[I](2021-03-20  08:01:38 am)작업중 M코드정지 [d:134][t:02:19:15]
[I](2021-03-20  08:02:33 am)작업중 정지 [d:134][t:02:20:09]
[I](2021-03-20  08:02:33 am)    [LNo:0003] 000252/000804
[I](2021-03-20  08:02:33 am)작업중 M코드정지 [d:134][t:02:20:09]
[I](2021-03-20  09:42:37 am)작업중 정지 [d:232][t:04:00:13]
[I](2021-03-20  09:42:37 am)    [LNo:0003] 000363/000804
[I](2021-03-20  09:42:37 am)작업중 30sec 접촉 정지 [d:232][t:04:00:13]
[I](2021-03-20  09:43:20 am)작업 재시작
[I](2021-03-20  09:54:54 am)작업중 정지 [d:243][t:04:12:30]
[I](2021-03-20  09:54:54 am)    [LNo:0003] 000394/000804
[I](2021-03-20  09:54:54 am)작업중 M코드정지 [d:243][t:04:12:30]
[I](2021-03-20  10:00:05 am)작업중 정지 [d:243][t:04:17:42]
[I](2021-03-20  10:00:05 am)    [LNo:0003] 000395/000804
[I](2021-03-20  10:00:05 am)Wire Contact Auto Stop(M52)
[I](2021-03-20  10:00:44 am)작업 재시작
[I](2021-03-20  10:00:45 am)작업중 정지 [d:243][t:04:18:22]
[I](2021-03-20  10:00:45 am)    [LNo:0003] 000396/000804
[I](2021-03-20  10:00:46 am)작업중 M코드정지 [d:243][t:04:18:22]
[I](2021-03-20  10:03:04 am)작업중 정지 [d:243][t:04:20:41]
[I](2021-03-20  10:03:04 am)    [LNo:0003] 000414/000804
[I](2021-03-20  10:03:04 am)작업중 30sec 접촉 정지 [d:243][t:04:20:41]
[I](2021-03-20  10:04:35 am)작업 재시작
[I](2021-03-20  10:04:41 am)작업중 정지 [d:243][t:04:22:18]
[I](2021-03-20  10:04:41 am)    [LNo:0003] 000414/000804
[A](2021-03-20  10:04:41 am)[008] 작업중 단선(AWF Feed Motor Stop )
[I](2021-03-20  10:04:41 am)작업중 Wire 단선 [d:243][t:04:22:18]
[I](2021-03-20  10:05:48 am)작업 재시작
[I](2021-03-20  11:12:04 am)작업중 정지 [d:309][t:05:29:40]
[I](2021-03-20  11:12:04 am)    [LNo:0003] 000521/000804
[I](2021-03-20  11:12:04 am)작업중 M코드정지 [d:309][t:05:29:40]
[I](2021-03-20  11:12:54 am)작업중 정지 [d:309][t:05:30:30]
[I](2021-03-20  11:12:54 am)    [LNo:0003] 000523/000804
[I](2021-03-20  11:12:54 am)작업중 M코드정지 [d:309][t:05:30:30]
[I](2021-03-20  11:14:33 am)작업중 정지 [d:309][t:05:32:10]
[I](2021-03-20  11:14:33 am)    [LNo:0003] 000526/000804
[I](2021-03-20  11:14:33 am)작업중 M코드정지 [d:309][t:05:32:10]
[I](2021-03-20  11:14:41 am)작업중 정지 [d:309][t:05:32:17]
[I](2021-03-20  11:14:41 am)    [LNo:0003] 000529/000804
[I](2021-03-20  11:14:41 am)작업중 M코드정지 [d:309][t:05:32:17]
[I](2021-03-20  11:14:44 am)Reset
[I](2021-03-20  12:16:28 pm)Reset
[I](2021-03-20  12:16:44 pm)Reset
[I](2021-03-20  12:16:44 pm)Reset
[I](2021-03-20  12:21:07 pm)Reset
[I](2021-03-20  12:21:07 pm)Reset
[I](2021-03-20  12:23:08 pm)Reset
[I](2021-03-20  12:23:08 pm)Reset
[I](2021-03-20  12:23:46 pm)Reset
[I](2021-03-20  12:27:47 pm)Reset
[I](2021-03-20  12:27:47 pm)Reset
[I](2021-03-20  12:28:03 pm)Reset
[I](2021-03-20  12:28:32 pm)Reset
[I](2021-03-20  12:29:04 pm)Reset
[I](2021-03-20  12:29:05 pm)Reset
[I](2021-03-20  12:29:26 pm)Reset
[I](2021-03-20  12:29:32 pm)Reset
[I](2021-03-20  12:29:33 pm)Reset
[I](2021-03-20  12:29:33 pm)Reset
[I](2021-03-20  12:30:06 pm)Reset
[I](2021-03-20  12:30:07 pm)Reset
[I](2021-03-20  12:31:12 pm)Reset
[I](2021-03-20  12:31:13 pm)Reset
[I](2021-03-20  12:31:29 pm)Reset
[I](2021-03-20  12:31:30 pm)Reset
[I](2021-03-20  12:32:24 pm)작업 시작 [Start d:668]
[I](2021-03-20  12:32:24 pm)Nc File: [No.0007-477.NC]
[I](2021-03-20  12:32:24 pm)  * Start Machine Position
[I](2021-03-20  12:32:24 pm)    X:    407.8147
[I](2021-03-20  12:32:24 pm)    Y:   -371.4860
[I](2021-03-20  12:32:24 pm)    U:     -0.8420
[I](2021-03-20  12:32:24 pm)    V:     -0.0083
[I](2021-03-20  12:32:24 pm)    Z:     37.3681
[I](2021-03-20  12:32:24 pm)  * Angle
[I](2021-03-20  12:32:24 pm)    Ar:     -0.1112,Kr:      0.0000
[I](2021-03-20  12:32:24 pm)    Taper_Ar:      0.0000
[I](2021-03-20  12:32:26 pm)작업중 정지 [d:0][t:00:00:02]
[I](2021-03-20  12:32:26 pm)    [LNo:0007] 000010/000120
[I](2021-03-20  12:32:26 pm)작업중 M코드정지 [d:0][t:00:00:02]
[I](2021-03-20  12:33:27 pm)Reset
[I](2021-03-20  12:33:28 pm)Reset
[I](2021-03-20  12:33:48 pm)Reset
[I](2021-03-20  12:33:48 pm)Reset
[I](2021-03-20  12:33:49 pm)작업 시작 [Start d:668]
[I](2021-03-20  12:33:49 pm)Nc File: [No.0007-477.NC]
[I](2021-03-20  12:33:49 pm)  * Start Machine Position
[I](2021-03-20  12:33:49 pm)    X:    407.8147
[I](2021-03-20  12:33:49 pm)    Y:   -371.4860
[I](2021-03-20  12:33:49 pm)    U:     -0.8420
[I](2021-03-20  12:33:49 pm)    V:     -0.0083
[I](2021-03-20  12:33:49 pm)    Z:     37.3681
[I](2021-03-20  12:33:49 pm)  * Angle
[I](2021-03-20  12:33:49 pm)    Ar:     -0.1112,Kr:      0.0000
[I](2021-03-20  12:33:49 pm)    Taper_Ar:      0.0000
[I](2021-03-20  12:33:52 pm)작업중 정지 [d:0][t:00:00:02]
[I](2021-03-20  12:33:52 pm)    [LNo:0007] 000010/000120
[I](2021-03-20  12:33:52 pm)작업중 M코드정지 [d:0][t:00:00:02]
[I](2021-03-20  12:46:13 pm)작업중 정지 [d:13][t:00:12:24]
[I](2021-03-20  12:46:13 pm)    [LNo:0007] 000053/000120
[I](2021-03-20  12:46:14 pm)작업중 M코드정지 [d:13][t:00:12:24]
[I](2021-03-20  12:50:52 pm)작업중 정지 [d:13][t:00:17:02]
[I](2021-03-20  12:50:52 pm)    [LNo:0007] 000061/000120
[I](2021-03-20  12:50:52 pm)작업중 M코드정지 [d:13][t:00:17:02]
[I](2021-03-20  12:53:32 pm)작업중 정지 [d:16][t:00:19:42]
[I](2021-03-20  12:53:32 pm)    [LNo:0007] 000113/000120
[I](2021-03-20  12:53:32 pm)작업중 M코드정지 [d:16][t:00:19:42]
[I](2021-03-20  12:54:16 pm)Reset
[I](2021-03-20  12:54:36 pm)Reset
[I](2021-03-20  12:54:53 pm)Reset
[I](2021-03-20  12:54:54 pm)Reset
[I](2021-03-20  12:55:01 pm)Reset
[I](2021-03-20  01:02:48 pm)Reset
[I](2021-03-20  01:03:10 pm)Reset
[I](2021-03-20  01:03:11 pm)Reset
[I](2021-03-20  01:03:41 pm)Reset
[I](2021-03-20  01:03:41 pm)Reset
[I](2021-03-20  01:05:36 pm)작업 시작 [Start d:684]
[I](2021-03-20  01:05:36 pm)Nc File: [No.0003-455.NC]
[I](2021-03-20  01:05:36 pm)  * Start Machine Position
[I](2021-03-20  01:05:36 pm)    X:    151.1535
[I](2021-03-20  01:05:36 pm)    Y:   -281.1990
[I](2021-03-20  01:05:36 pm)    U:      0.0000
[I](2021-03-20  01:05:36 pm)    V:      0.0000
[I](2021-03-20  01:05:36 pm)    Z:     70.7446
[I](2021-03-20  01:05:36 pm)  * Angle
[I](2021-03-20  01:05:36 pm)    Ar:      0.3622,Kr:      0.0000
[I](2021-03-20  01:05:36 pm)    Taper_Ar:      0.0000
[I](2021-03-20  01:05:44 pm)작업중 정지 [d:0][t:00:00:07]
[I](2021-03-20  01:05:44 pm)    [LNo:0003] 000541/000804
[I](2021-03-20  01:05:44 pm)작업중 30sec 접촉 정지 [d:0][t:00:00:07]
[I](2021-03-20  01:07:39 pm)작업 재시작
[I](2021-03-20  01:07:49 pm)작업중 정지 [d:0][t:00:02:13]
[I](2021-03-20  01:07:49 pm)    [LNo:0003] 000541/000804
[I](2021-03-20  01:07:58 pm)Reset
[I](2021-03-20  01:07:58 pm)Reset
[I](2021-03-20  01:08:25 pm)작업 시작 [Start d:684]
[I](2021-03-20  01:08:25 pm)Nc File: [No.0003-455.NC]
[I](2021-03-20  01:08:25 pm)  * Start Machine Position
[I](2021-03-20  01:08:25 pm)    X:    151.1535
[I](2021-03-20  01:08:25 pm)    Y:   -281.1990
[I](2021-03-20  01:08:25 pm)    U:     -0.0003
[I](2021-03-20  01:08:25 pm)    V:      0.0006
[I](2021-03-20  01:08:25 pm)    Z:     70.7446
[I](2021-03-20  01:08:25 pm)  * Angle
[I](2021-03-20  01:08:25 pm)    Ar:      0.3622,Kr:      0.0000
[I](2021-03-20  01:08:25 pm)    Taper_Ar:      0.0000
[I](2021-03-20  02:12:35 pm)작업중 정지 [d:64][t:01:04:10]
[I](2021-03-20  02:12:35 pm)    [LNo:0003] 000648/000804
[I](2021-03-20  02:12:35 pm)작업중 M코드정지 [d:64][t:01:04:10]
[I](2021-03-20  02:14:28 pm)작업중 정지 [d:64][t:01:06:03]
[I](2021-03-20  02:14:28 pm)    [LNo:0003] 000649/000804
[I](2021-03-20  02:14:28 pm)Wire Contact Auto Stop(M52)
[I](2021-03-20  02:15:00 pm)작업 재시작
[I](2021-03-20  02:15:04 pm)작업중 정지 [d:64][t:01:06:38]
[I](2021-03-20  02:15:04 pm)    [LNo:0003] 000650/000804
[I](2021-03-20  02:15:04 pm)작업중 M코드정지 [d:64][t:01:06:38]
[I](2021-03-20  02:16:26 pm)작업중 정지 [d:64][t:01:08:01]
[I](2021-03-20  02:16:26 pm)    [LNo:0003] 000668/000804
[I](2021-03-20  02:16:43 pm)작업 재시작
[I](2021-03-20  02:16:44 pm)작업중 정지 [d:64][t:01:08:19]
[I](2021-03-20  02:16:44 pm)    [LNo:0003] 000668/000804
[I](2021-03-20  02:19:10 pm)작업 재시작
[I](2021-03-20  04:00:52 pm)작업중 정지 [d:165][t:02:52:27]
[I](2021-03-20  04:00:52 pm)    [LNo:0003] 000792/000804
[I](2021-03-20  04:00:52 pm)작업중 M코드정지 [d:165][t:02:52:27]
[I](2021-03-20  04:02:24 pm)작업중 정지 [d:166][t:02:53:59]
[I](2021-03-20  04:02:24 pm)    [LNo:0003] 000793/000804
[I](2021-03-20  04:02:24 pm)Wire Contact Auto Stop(M52)
[I](2021-03-20  04:08:38 pm)Reset
[I](2021-03-20  04:10:59 pm)Reset
[I](2021-03-20  04:10:59 pm)Reset
[I](2021-03-20  04:16:47 pm)Reset
[I](2021-03-20  04:19:02 pm)Reset
[I](2021-03-20  04:19:03 pm)Reset
[I](2021-03-20  04:19:03 pm)Reset
[I](2021-03-20  04:23:03 pm)작업 시작 [Start d:850]
[I](2021-03-20  04:23:03 pm)Nc File: [No.0010-479.NC]
[I](2021-03-20  04:23:03 pm)  * Start Machine Position
[I](2021-03-20  04:23:03 pm)    X:    157.6186
[I](2021-03-20  04:23:03 pm)    Y:   -238.5590
[I](2021-03-20  04:23:03 pm)    U:      0.0000
[I](2021-03-20  04:23:03 pm)    V:      0.0000
[I](2021-03-20  04:23:03 pm)    Z:     30.5241
[I](2021-03-20  04:23:03 pm)  * Angle
[I](2021-03-20  04:23:03 pm)    Ar:      0.1862,Kr:      0.0000
[I](2021-03-20  04:23:03 pm)    Taper_Ar:      0.0000
[I](2021-03-20  04:23:15 pm)작업중 정지 [d:0][t:00:00:12]
[I](2021-03-20  04:23:15 pm)    [LNo:0010] 000203/000230
[I](2021-03-20  04:24:27 pm)Reset
[I](2021-03-20  04:24:27 pm)Reset
[I](2021-03-20  04:25:16 pm)작업 시작 [Start d:850]
[I](2021-03-20  04:25:16 pm)Nc File: [No.0010-479.NC]
[I](2021-03-20  04:25:16 pm)  * Start Machine Position
[I](2021-03-20  04:25:16 pm)    X:    157.6186
[I](2021-03-20  04:25:16 pm)    Y:   -238.5590
[I](2021-03-20  04:25:16 pm)    U:      0.0000
[I](2021-03-20  04:25:16 pm)    V:      0.0000
[I](2021-03-20  04:25:16 pm)    Z:     30.5241
[I](2021-03-20  04:25:16 pm)  * Angle
[I](2021-03-20  04:25:16 pm)    Ar:      0.1862,Kr:      0.0000
[I](2021-03-20  04:25:16 pm)    Taper_Ar:      0.0000
[I](2021-03-20  04:29:08 pm)작업중 정지 [d:4][t:00:03:51]
[I](2021-03-20  04:29:08 pm)    [LNo:0010] 000021/000230
[I](2021-03-20  04:29:08 pm)작업중 M코드정지 [d:4][t:00:03:52]
[I](2021-03-20  04:31:11 pm)작업중 정지 [d:5][t:00:05:54]
[I](2021-03-20  04:31:11 pm)    [LNo:0010] 000024/000230
[I](2021-03-20  04:31:44 pm)작업 재시작
[I](2021-03-20  04:31:48 pm)작업중 정지 [d:5][t:00:06:32]
[I](2021-03-20  04:31:48 pm)    [LNo:0010] 000025/000230
[I](2021-03-20  04:31:48 pm)작업중 M코드정지 [d:5][t:00:06:32]
[I](2021-03-20  04:38:29 pm)작업중 정지 [d:11][t:00:13:13]
[I](2021-03-20  04:38:29 pm)    [LNo:0010] 000083/000230
[I](2021-03-20  04:38:30 pm)작업중 M코드정지 [d:11][t:00:13:13]
[I](2021-03-20  04:38:52 pm)작업중 정지 [d:11][t:00:13:36]
[I](2021-03-20  04:38:52 pm)    [LNo:0010] 000084/000230
[I](2021-03-20  04:39:52 pm)작업 재시작
[I](2021-03-20  04:39:58 pm)작업중 정지 [d:11][t:00:14:42]
[I](2021-03-20  04:39:58 pm)    [LNo:0010] 000086/000230
[I](2021-03-20  04:39:59 pm)작업중 M코드정지 [d:11][t:00:14:42]
[I](2021-03-20  04:46:56 pm)작업중 정지 [d:16][t:00:21:40]
[I](2021-03-20  04:46:56 pm)    [LNo:0010] 000142/000230
[I](2021-03-20  04:46:56 pm)작업중 M코드정지 [d:16][t:00:21:40]
[I](2021-03-20  04:47:14 pm)작업중 정지 [d:16][t:00:21:58]
[I](2021-03-20  04:47:14 pm)    [LNo:0010] 000143/000230
[I](2021-03-20  04:47:44 pm)작업 재시작
[I](2021-03-20  04:47:51 pm)작업중 정지 [d:16][t:00:22:35]
[I](2021-03-20  04:47:51 pm)    [LNo:0010] 000145/000230
[I](2021-03-20  04:47:51 pm)작업중 M코드정지 [d:16][t:00:22:35]
[I](2021-03-20  04:53:16 pm)작업중 정지 [d:20][t:00:28:00]
[I](2021-03-20  04:53:16 pm)    [LNo:0010] 000168/000230
[I](2021-03-20  04:53:46 pm)작업 재시작
[I](2021-03-20  04:59:15 pm)작업중 정지 [d:25][t:00:33:59]
[I](2021-03-20  04:59:15 pm)    [LNo:0010] 000193/000230
[I](2021-03-20  04:59:45 pm)작업 재시작
[I](2021-03-20  05:05:21 pm)작업중 정지 [d:30][t:00:40:05]
[I](2021-03-20  05:05:21 pm)    [LNo:0010] 000218/000230
[I](2021-03-20  05:05:54 pm)작업 재시작
[I](2021-03-20  05:06:44 pm)작업중 정지 [d:30][t:00:41:27]
[I](2021-03-20  05:06:44 pm)    [LNo:0010] 000226/000230
[I](2021-03-20  05:06:44 pm)작업중 M코드정지 [d:30][t:00:41:27]
[I](2021-03-20  05:07:03 pm)Reset
[I](2021-03-20  05:07:04 pm)Reset
[I](2021-03-20  05:07:23 pm)작업 시작 [Start d:880]
[I](2021-03-20  05:07:23 pm)Nc File: [No.0011-480.NC]
[I](2021-03-20  05:07:23 pm)  * Start Machine Position
[I](2021-03-20  05:07:23 pm)    X:    157.6186
[I](2021-03-20  05:07:23 pm)    Y:   -238.5590
[I](2021-03-20  05:07:23 pm)    U:      0.0000
[I](2021-03-20  05:07:23 pm)    V:      0.0000
[I](2021-03-20  05:07:23 pm)    Z:     30.5241
[I](2021-03-20  05:07:23 pm)  * Angle
[I](2021-03-20  05:07:23 pm)    Ar:      0.1862,Kr:      0.0000
[I](2021-03-20  05:07:23 pm)    Taper_Ar:      0.0000
[I](2021-03-20  05:08:20 pm)작업중 정지 [d:1][t:00:00:56]
[I](2021-03-20  05:08:20 pm)    [LNo:0011] 000021/001200
[I](2021-03-20  05:08:20 pm)작업중 30sec 접촉 정지 [d:1][t:00:00:56]
[I](2021-03-20  05:08:29 pm)작업 재시작
[I](2021-03-20  08:51:31 pm)작업중 정지 [d:218][t:03:44:07]
[I](2021-03-20  08:51:31 pm)    [LNo:0011] 000313/001200
[I](2021-03-20  08:51:31 pm)작업중 30sec 접촉 정지 [d:218][t:03:44:07]
