[I](2021-05-13  12:19:42 am)작업중 정지 [d:2201][t:00:19:42]
[I](2021-05-13  12:19:42 am)    [LNo:0002] 002728/003573
[I](2021-05-13  12:19:42 am)작업중 M코드정지 [d:2201][t:00:19:42]
[I](2021-05-13  12:25:07 am)작업중 정지 [d:2201][t:00:25:07]
[I](2021-05-13  12:25:07 am)    [LNo:0002] 002729/003573
[I](2021-05-13  12:25:07 am)Wire Contact Auto Stop(M52)
[I](2021-05-13  12:25:47 am)작업 재시작
[I](2021-05-13  12:25:54 am)작업중 정지 [d:2201][t:00:25:54]
[I](2021-05-13  12:25:54 am)    [LNo:0002] 002730/003573
[I](2021-05-13  12:25:54 am)작업중 M코드정지 [d:2201][t:00:25:54]
[I](2021-05-13  01:16:41 am)작업중 정지 [d:2251][t:01:16:41]
[I](2021-05-13  01:16:41 am)    [LNo:0002] 002834/003573
[I](2021-05-13  01:16:41 am)작업중 M코드정지 [d:2251][t:01:16:41]
[I](2021-05-13  01:18:37 am)작업중 정지 [d:2251][t:01:18:37]
[I](2021-05-13  01:18:37 am)    [LNo:0002] 002836/003573
[I](2021-05-13  01:18:37 am)작업중 M코드정지 [d:2251][t:01:18:37]
[I](2021-05-13  01:33:27 am)작업중 정지 [d:2265][t:01:33:27]
[I](2021-05-13  01:33:27 am)    [LNo:0002] 002865/003573
[I](2021-05-13  01:33:27 am)작업중 M코드정지 [d:2265][t:01:33:27]
[I](2021-05-13  01:37:57 am)작업중 정지 [d:2265][t:01:37:57]
[I](2021-05-13  01:37:57 am)    [LNo:0002] 002866/003573
[I](2021-05-13  01:38:19 am)작업 재시작
[I](2021-05-13  01:38:26 am)작업중 정지 [d:2265][t:01:38:26]
[I](2021-05-13  01:38:26 am)    [LNo:0002] 002868/003573
[I](2021-05-13  01:38:26 am)작업중 M코드정지 [d:2265][t:01:38:26]
[I](2021-05-13  02:20:10 am)작업중 정지 [d:2305][t:02:20:10]
[I](2021-05-13  02:20:10 am)    [LNo:0002] 002968/003573
[I](2021-05-13  02:20:10 am)작업중 M코드정지 [d:2305][t:02:20:10]
[A](2021-05-13  02:23:54 am)[001] 와이어 미동작
[I](2021-05-13  02:24:03 am)작업중 정지 [d:2305][t:02:24:03]
[I](2021-05-13  02:24:03 am)    [LNo:0002] 002969/003573
[I](2021-05-13  02:24:03 am)Wire Contact Auto Stop(M52)
[I](2021-05-13  02:24:23 am)작업 재시작
[I](2021-05-13  02:24:28 am)작업중 정지 [d:2306][t:02:24:28]
[I](2021-05-13  02:24:28 am)    [LNo:0002] 002970/003573
[I](2021-05-13  02:24:28 am)작업중 M코드정지 [d:2306][t:02:24:28]
[I](2021-05-13  02:38:54 am)작업중 정지 [d:2319][t:02:38:54]
[I](2021-05-13  02:38:54 am)    [LNo:0002] 002999/003573
[I](2021-05-13  02:38:55 am)작업중 M코드정지 [d:2319][t:02:38:55]
[I](2021-05-13  02:39:11 am)작업중 정지 [d:2319][t:02:39:11]
[I](2021-05-13  02:39:11 am)    [LNo:0002] 003000/003573
[I](2021-05-13  02:39:52 am)작업 재시작
[I](2021-05-13  02:40:01 am)작업중 정지 [d:2319][t:02:40:01]
[I](2021-05-13  02:40:01 am)    [LNo:0002] 003002/003573
[I](2021-05-13  02:40:01 am)작업중 M코드정지 [d:2319][t:02:40:01]
[I](2021-05-13  03:22:22 am)작업중 정지 [d:2359][t:03:22:22]
[I](2021-05-13  03:22:22 am)    [LNo:0002] 003102/003573
[I](2021-05-13  03:22:22 am)작업중 M코드정지 [d:2359][t:03:22:22]
[I](2021-05-13  03:26:39 am)작업중 정지 [d:2359][t:03:26:39]
[I](2021-05-13  03:26:39 am)    [LNo:0002] 003103/003573
[I](2021-05-13  03:26:40 am)Wire Contact Auto Stop(M52)
[I](2021-05-13  03:27:01 am)작업 재시작
[I](2021-05-13  03:28:02 am)작업중 정지 [d:2359][t:03:28:02]
[I](2021-05-13  03:28:02 am)    [LNo:0002] 003104/003573
[I](2021-05-13  03:28:02 am)작업중 M코드정지 [d:2359][t:03:28:02]
[I](2021-05-13  03:42:44 am)작업중 정지 [d:2372][t:03:42:44]
[I](2021-05-13  03:42:44 am)    [LNo:0002] 003129/003573
[I](2021-05-13  03:42:44 am)작업중 M코드정지 [d:2372][t:03:42:44]
[I](2021-05-13  03:45:59 am)작업중 정지 [d:2372][t:03:45:59]
[I](2021-05-13  03:45:59 am)    [LNo:0002] 003130/003573
[I](2021-05-13  03:46:20 am)작업 재시작
[I](2021-05-13  03:46:27 am)작업중 정지 [d:2373][t:03:46:27]
[I](2021-05-13  03:46:27 am)    [LNo:0002] 003132/003573
[I](2021-05-13  03:46:28 am)작업중 M코드정지 [d:2373][t:03:46:28]
[I](2021-05-13  04:29:09 am)작업중 정지 [d:2414][t:04:29:09]
[I](2021-05-13  04:29:09 am)    [LNo:0002] 003228/003573
[I](2021-05-13  04:29:09 am)작업중 M코드정지 [d:2414][t:04:29:09]
[I](2021-05-13  04:29:49 am)작업중 정지 [d:2414][t:04:29:49]
[I](2021-05-13  04:29:49 am)    [LNo:0002] 003229/003573
[I](2021-05-13  04:29:49 am)Wire Contact Auto Stop(M52)
[I](2021-05-13  04:30:17 am)작업 재시작
[I](2021-05-13  04:30:24 am)작업중 정지 [d:2414][t:04:30:24]
[I](2021-05-13  04:30:24 am)    [LNo:0002] 003230/003573
[I](2021-05-13  04:30:24 am)작업중 M코드정지 [d:2414][t:04:30:24]
[I](2021-05-13  04:44:55 am)작업중 정지 [d:2427][t:04:44:55]
[I](2021-05-13  04:44:55 am)    [LNo:0002] 003255/003573
[I](2021-05-13  04:44:55 am)작업중 M코드정지 [d:2427][t:04:44:55]
[I](2021-05-13  04:45:25 am)작업중 정지 [d:2427][t:04:45:25]
[I](2021-05-13  04:45:25 am)    [LNo:0002] 003256/003573
[I](2021-05-13  04:45:25 am)작업중 30sec 접촉 정지 [d:2427][t:04:45:25]
[I](2021-05-13  04:45:46 am)작업 재시작
[I](2021-05-13  04:45:57 am)작업중 정지 [d:2427][t:04:45:57]
[I](2021-05-13  04:45:57 am)    [LNo:0002] 003258/003573
[I](2021-05-13  04:45:57 am)작업중 M코드정지 [d:2427][t:04:45:57]
[I](2021-05-13  05:29:22 am)작업중 정지 [d:2469][t:05:29:22]
[I](2021-05-13  05:29:22 am)    [LNo:0002] 003354/003573
[I](2021-05-13  05:29:22 am)작업중 M코드정지 [d:2469][t:05:29:22]
[I](2021-05-13  06:36:04 am)작업중 정지 [d:2469][t:06:36:04]
[I](2021-05-13  06:36:04 am)    [LNo:0002] 003355/003573
[I](2021-05-13  06:36:04 am)Wire Contact Auto Stop(M52)
[I](2021-05-13  06:36:25 am)작업 재시작
[I](2021-05-13  06:36:32 am)작업중 정지 [d:2470][t:06:36:32]
[I](2021-05-13  06:36:32 am)    [LNo:0002] 003356/003573
[I](2021-05-13  06:36:32 am)작업중 M코드정지 [d:2470][t:06:36:32]
[I](2021-05-13  06:49:59 am)작업중 정지 [d:2482][t:06:49:59]
[I](2021-05-13  06:49:59 am)    [LNo:0002] 003385/003573
[I](2021-05-13  06:49:59 am)작업중 M코드정지 [d:2482][t:06:49:59]
[I](2021-05-13  06:50:50 am)작업중 정지 [d:2482][t:06:50:50]
[I](2021-05-13  06:50:50 am)    [LNo:0002] 003386/003573
[I](2021-05-13  06:51:10 am)작업 재시작
[I](2021-05-13  06:51:20 am)작업중 정지 [d:2482][t:06:51:20]
[I](2021-05-13  06:51:20 am)    [LNo:0002] 003388/003573
[I](2021-05-13  06:51:20 am)작업중 M코드정지 [d:2482][t:06:51:20]
[I](2021-05-13  07:12:17 am)작업중 정지 [d:2501][t:07:12:17]
[I](2021-05-13  07:12:17 am)    [LNo:0002] 003436/003573
[A](2021-05-13  07:15:12 am)[037] 자동결선 잔여 WIRE 처리 실패!!
[I](2021-05-13  07:16:25 am)작업 재시작
[I](2021-05-13  07:37:02 am)작업중 정지 [d:2521][t:07:37:02]
[I](2021-05-13  07:37:02 am)    [LNo:0002] 003488/003573
[I](2021-05-13  07:37:02 am)작업중 M코드정지 [d:2521][t:07:37:02]
[A](2021-05-13  07:39:26 am)[001] 와이어 미동작
[I](2021-05-13  07:39:33 am)작업중 정지 [d:2521][t:07:39:33]
[I](2021-05-13  07:39:33 am)    [LNo:0002] 003489/003573
[I](2021-05-13  07:39:33 am)Wire Contact Auto Stop(M52)
[I](2021-05-13  07:39:57 am)작업 재시작
[I](2021-05-13  07:40:04 am)작업중 정지 [d:2521][t:07:40:04]
[I](2021-05-13  07:40:04 am)    [LNo:0002] 003490/003573
[I](2021-05-13  07:40:04 am)작업중 M코드정지 [d:2521][t:07:40:04]
[I](2021-05-13  07:55:19 am)작업중 정지 [d:2535][t:07:55:19]
[I](2021-05-13  07:55:19 am)    [LNo:0002] 003561/003573
[I](2021-05-13  07:55:19 am)작업중 M코드정지 [d:2535][t:07:55:19]
[I](2021-05-13  07:56:58 am)작업중 정지 [d:2535][t:07:56:58]
[I](2021-05-13  07:56:58 am)    [LNo:0002] 003562/003573
[I](2021-05-13  07:56:58 am)Wire Contact Auto Stop(M52)
[A](2021-05-13  07:57:21 am)[037] 자동결선 잔여 WIRE 처리 실패!!
[I](2021-05-13  07:57:35 am)작업 재시작
[I](2021-05-13  07:57:39 am)작업중 정지 [d:2535][t:07:57:39]
[I](2021-05-13  07:57:39 am)    [LNo:0002] 003563/003573
[I](2021-05-13  07:57:39 am)작업중 M코드정지 [d:2535][t:07:57:39]
[I](2021-05-13  07:58:05 am)작업중 정지 [d:2535][t:07:58:05]
[I](2021-05-13  07:58:05 am)    [LNo:0002] 003566/003573
[I](2021-05-13  07:58:17 am)작업중 정지 [d:2535][t:07:58:17]
[I](2021-05-13  07:58:17 am)    [LNo:0002] 003569/003573
[I](2021-05-13  07:58:17 am)작업중 M코드정지 [d:2535][t:07:58:17]
[A](2021-05-13  07:59:43 am)[053] Emergency Stop
[A](2021-05-13  07:59:43 am)[005] READY Off(Alarm)
[I](2021-05-13  07:59:43 am)    X:    332.9380
[I](2021-05-13  07:59:43 am)    Y:   -122.0560
[I](2021-05-13  07:59:43 am)    U:      0.0000
[I](2021-05-13  07:59:43 am)    V:      0.0000
[I](2021-05-13  07:59:43 am)    Z:    130.3334
[A](2021-05-13  07:59:43 am)[053] Emergency Stop
[I](2021-05-13  08:00:07 am)Ready On
[I](2021-05-13  06:01:18 pm)Reset
[I](2021-05-13  06:01:28 pm)Reset
[I](2021-05-13  06:01:29 pm)Reset
[I](2021-05-13  06:40:54 pm)Reset
[I](2021-05-13  06:40:59 pm)Reset
[I](2021-05-13  06:54:07 pm)Reset
[I](2021-05-13  06:54:07 pm)Reset
[I](2021-05-13  06:54:41 pm)Reset
[I](2021-05-13  06:54:50 pm)Reset
[I](2021-05-13  07:04:28 pm)Reset
[I](2021-05-13  07:04:28 pm)Reset
[I](2021-05-13  07:07:18 pm)Reset
[I](2021-05-13  07:07:18 pm)Reset
[I](2021-05-13  07:11:54 pm)Reset
[I](2021-05-13  07:11:55 pm)Reset
[I](2021-05-13  07:14:46 pm)Reset
[I](2021-05-13  07:15:49 pm)Reset
[I](2021-05-13  07:16:33 pm)Reset
[I](2021-05-13  07:17:30 pm)작업 시작 [Start d:0]
[I](2021-05-13  07:17:30 pm)Nc File: [No.0001-328.NC]
[I](2021-05-13  07:17:30 pm)  * Start Machine Position
[I](2021-05-13  07:17:30 pm)    X:    230.4922
[I](2021-05-13  07:17:30 pm)    Y:    -56.0249
[I](2021-05-13  07:17:30 pm)    U:      0.0000
[I](2021-05-13  07:17:30 pm)    V:      0.0000
[I](2021-05-13  07:17:30 pm)    Z:     26.4039
[I](2021-05-13  07:17:30 pm)  * Angle
[I](2021-05-13  07:17:30 pm)    Ar:      0.1893,Kr:      0.0000
[I](2021-05-13  07:17:30 pm)    Taper_Ar:      0.0000
[I](2021-05-13  07:18:06 pm)작업중 정지 [d:0][t:00:00:36]
[I](2021-05-13  07:18:06 pm)    [LNo:0001] 000010/000743
[I](2021-05-13  07:18:07 pm)작업중 M코드정지 [d:0][t:00:00:36]
[I](2021-05-13  07:21:33 pm)작업중 정지 [d:3][t:00:04:03]
[I](2021-05-13  07:21:33 pm)    [LNo:0001] 000041/000743
[A](2021-05-13  07:21:33 pm)[008] 작업중 단선(AWF Feed Motor Stop )
[I](2021-05-13  07:21:33 pm)작업중 Wire 단선 [d:3][t:00:04:03]
[I](2021-05-13  07:21:43 pm)작업 재시작
[I](2021-05-13  07:21:43 pm)작업중 정지 [d:3][t:00:04:13]
[I](2021-05-13  07:21:43 pm)    [LNo:0001] 000041/000743
[I](2021-05-13  07:21:43 pm)작업중 Single Block Stop [d:3][t:00:04:13]
[I](2021-05-13  07:23:13 pm)작업중 정지 [d:3][t:00:05:43]
[I](2021-05-13  07:23:13 pm)    [LNo:0001] 000042/000743
[I](2021-05-13  07:23:13 pm)작업중 Single Block Stop [d:3][t:00:05:43]
[I](2021-05-13  07:23:28 pm)작업중 정지 [d:3][t:00:05:58]
[I](2021-05-13  07:23:28 pm)    [LNo:0001] 000043/000743
[I](2021-05-13  07:23:41 pm)작업중 정지 [d:3][t:00:06:11]
[I](2021-05-13  07:23:41 pm)    [LNo:0001] 000012/000743
[I](2021-05-13  07:25:52 pm)작업중 정지 [d:5][t:00:08:22]
[I](2021-05-13  07:25:52 pm)    [LNo:0001] 000041/000743
[A](2021-05-13  07:25:52 pm)[008] 작업중 단선(AWF Feed Motor Stop )
[I](2021-05-13  07:25:52 pm)작업중 Wire 단선 [d:5][t:00:08:22]
[I](2021-05-13  07:27:02 pm)작업 재시작
[I](2021-05-13  07:27:24 pm)작업중 정지 [d:6][t:00:09:54]
[I](2021-05-13  07:27:24 pm)    [LNo:0001] 000046/000743
[I](2021-05-13  07:27:24 pm)작업중 M코드정지 [d:6][t:00:09:54]
[I](2021-05-13  07:29:15 pm)작업중 정지 [d:6][t:00:11:45]
[I](2021-05-13  07:29:15 pm)    [LNo:0001] 000048/000743
[I](2021-05-13  07:29:15 pm)작업중 M코드정지 [d:6][t:00:11:45]
[I](2021-05-13  07:32:28 pm)Reset
[I](2021-05-13  07:32:29 pm)Reset
[I](2021-05-13  07:32:50 pm)작업 시작 [Start d:6]
[I](2021-05-13  07:32:50 pm)Nc File: [No.0001-328.NC]
[I](2021-05-13  07:32:50 pm)  * Start Machine Position
[I](2021-05-13  07:32:50 pm)    X:    230.4922
[I](2021-05-13  07:32:50 pm)    Y:    -56.0249
[I](2021-05-13  07:32:50 pm)    U:      0.0000
[I](2021-05-13  07:32:50 pm)    V:      0.0000
[I](2021-05-13  07:32:50 pm)    Z:     26.4039
[I](2021-05-13  07:32:50 pm)  * Angle
[I](2021-05-13  07:32:50 pm)    Ar:      0.1893,Kr:      0.0000
[I](2021-05-13  07:32:50 pm)    Taper_Ar:      0.0000
[I](2021-05-13  07:33:16 pm)작업중 정지 [d:0][t:00:00:25]
[I](2021-05-13  07:33:16 pm)    [LNo:0001] 000056/000743
[I](2021-05-13  07:46:36 pm)작업중 정지 [d:13][t:00:13:45]
[I](2021-05-13  07:46:36 pm)    [LNo:0001] 000080/000743
[I](2021-05-13  07:46:36 pm)작업중 M코드정지 [d:13][t:00:13:45]
[I](2021-05-13  07:51:34 pm)작업중 정지 [d:14][t:00:18:43]
[I](2021-05-13  07:51:34 pm)    [LNo:0001] 000082/000743
[I](2021-05-13  07:51:34 pm)작업중 M코드정지 [d:14][t:00:18:44]
[I](2021-05-13  09:15:41 pm)작업중 정지 [d:90][t:01:42:50]
[I](2021-05-13  09:15:41 pm)    [LNo:0001] 000152/000743
[I](2021-05-13  09:15:41 pm)작업중 M코드정지 [d:90][t:01:42:50]
[I](2021-05-13  09:17:10 pm)작업중 정지 [d:90][t:01:44:19]
[I](2021-05-13  09:17:10 pm)    [LNo:0001] 000153/000743
[A](2021-05-13  09:17:10 pm)[008] 작업중 단선(AWF Feed Motor Stop )
[I](2021-05-13  09:17:10 pm)작업중 Wire 단선 [d:90][t:01:44:19]
[A](2021-05-13  09:17:37 pm)[037] 자동결선 잔여 WIRE 처리 실패!!
[I](2021-05-13  09:17:38 pm)작업 재시작
[I](2021-05-13  09:17:51 pm)작업중 정지 [d:90][t:01:45:00]
[I](2021-05-13  09:17:51 pm)    [LNo:0001] 000155/000743
[I](2021-05-13  09:17:51 pm)작업중 M코드정지 [d:90][t:01:45:00]
[I](2021-05-13  09:18:00 pm)작업중 정지 [d:90][t:01:45:09]
[I](2021-05-13  09:18:00 pm)    [LNo:0001] 000158/000743
[I](2021-05-13  09:18:00 pm)작업중 정지 [d:90][t:01:45:09]
[I](2021-05-13  09:18:00 pm)    [LNo:0001] 000158/000743
[A](2021-05-13  09:18:00 pm)[010] 자동결선 Error(M21-절단실패)
[I](2021-05-13  09:42:10 pm)작업중 정지 [d:113][t:02:09:19]
[I](2021-05-13  09:42:10 pm)    [LNo:0001] 000203/000743
[I](2021-05-13  09:42:10 pm)작업중 M코드정지 [d:113][t:02:09:19]
[I](2021-05-13  09:43:12 pm)작업중 정지 [d:113][t:02:10:22]
[I](2021-05-13  09:43:12 pm)    [LNo:0001] 000205/000743
[I](2021-05-13  09:43:12 pm)작업중 M코드정지 [d:113][t:02:10:22]
[I](2021-05-13  10:00:43 pm)작업중 정지 [d:129][t:02:27:53]
[I](2021-05-13  10:00:43 pm)    [LNo:0001] 000273/000743
[I](2021-05-13  10:00:43 pm)작업중 M코드정지 [d:129][t:02:27:53]
[I](2021-05-13  10:09:24 pm)작업중 정지 [d:135][t:02:36:33]
[I](2021-05-13  10:09:24 pm)    [LNo:0001] 000287/000743
[I](2021-05-13  10:09:24 pm)작업중 M코드정지 [d:135][t:02:36:34]
[I](2021-05-13  10:18:03 pm)작업중 정지 [d:142][t:02:45:13]
[I](2021-05-13  10:18:03 pm)    [LNo:0001] 000301/000743
[I](2021-05-13  10:18:03 pm)작업중 M코드정지 [d:142][t:02:45:13]
[I](2021-05-13  10:20:06 pm)작업중 정지 [d:142][t:02:47:16]
[I](2021-05-13  10:20:06 pm)    [LNo:0001] 000303/000743
[I](2021-05-13  10:20:06 pm)작업중 M코드정지 [d:142][t:02:47:16]
[I](2021-05-13  10:26:56 pm)작업중 정지 [d:149][t:02:54:05]
[I](2021-05-13  10:26:56 pm)    [LNo:0001] 000348/000743
[A](2021-05-13  10:32:37 pm)[037] 자동결선 잔여 WIRE 처리 실패!!
[I](2021-05-13  10:42:47 pm)작업중 정지 [d:158][t:03:09:57]
[I](2021-05-13  10:42:47 pm)    [LNo:0001] 000379/000743
[I](2021-05-13  10:42:47 pm)작업중 M코드정지 [d:158][t:03:09:57]
[I](2021-05-13  10:49:55 pm)작업중 정지 [d:164][t:03:17:04]
[I](2021-05-13  10:49:55 pm)    [LNo:0001] 000394/000743
[I](2021-05-13  10:49:55 pm)작업중 M코드정지 [d:164][t:03:17:04]
[I](2021-05-13  10:58:26 pm)작업중 정지 [d:173][t:03:25:35]
[I](2021-05-13  10:58:26 pm)    [LNo:0001] 000405/000743
[I](2021-05-13  10:58:26 pm)작업중 30sec 접촉 정지 [d:173][t:03:25:35]
[I](2021-05-13  10:58:35 pm)작업 재시작
[I](2021-05-13  10:58:36 pm)작업중 정지 [d:173][t:03:25:45]
[I](2021-05-13  10:58:36 pm)    [LNo:0001] 000405/000743
[I](2021-05-13  10:59:00 pm)작업 재시작
[I](2021-05-13  10:59:12 pm)작업중 정지 [d:173][t:03:26:21]
[I](2021-05-13  10:59:12 pm)    [LNo:0001] 000406/000743
[I](2021-05-13  10:59:12 pm)작업중 M코드정지 [d:173][t:03:26:21]
[I](2021-05-13  11:32:55 pm)작업중 정지 [d:206][t:04:00:05]
[I](2021-05-13  11:32:55 pm)    [LNo:0001] 000491/000743
[I](2021-05-13  11:32:56 pm)작업중 M코드정지 [d:206][t:04:00:05]
[I](2021-05-13  11:34:05 pm)작업중 정지 [d:206][t:04:01:14]
[I](2021-05-13  11:34:05 pm)    [LNo:0001] 000492/000743
[A](2021-05-13  11:34:05 pm)[008] 작업중 단선(AWF Feed Motor Stop )
[I](2021-05-13  11:34:05 pm)작업중 Wire 단선 [d:206][t:04:01:14]
[I](2021-05-13  11:35:20 pm)작업 재시작
[I](2021-05-13  11:35:37 pm)작업중 정지 [d:207][t:04:02:47]
[I](2021-05-13  11:35:37 pm)    [LNo:0001] 000493/000743
[I](2021-05-13  11:35:37 pm)작업중 M코드정지 [d:207][t:04:02:47]
[I](2021-05-13  11:36:26 pm)작업중 정지 [d:208][t:04:03:36]
[I](2021-05-13  11:36:26 pm)    [LNo:0001] 000506/000743
[I](2021-05-13  11:36:26 pm)작업중 30sec 접촉 정지 [d:208][t:04:03:36]
[I](2021-05-13  11:36:30 pm)작업 재시작
[I](2021-05-13  11:36:31 pm)작업중 정지 [d:208][t:04:03:40]
[I](2021-05-13  11:36:31 pm)    [LNo:0001] 000506/000743
[I](2021-05-13  11:36:53 pm)작업 재시작
[I](2021-05-13  11:37:25 pm)작업중 정지 [d:209][t:04:04:34]
[I](2021-05-13  11:37:25 pm)    [LNo:0001] 000506/000743
[I](2021-05-13  11:37:25 pm)작업중 30sec 접촉 정지 [d:209][t:04:04:34]
[I](2021-05-13  11:37:41 pm)작업 재시작
[I](2021-05-13  11:54:11 pm)작업중 정지 [d:224][t:04:21:20]
[I](2021-05-13  11:54:11 pm)    [LNo:0001] 000559/000743
[I](2021-05-13  11:54:11 pm)작업중 M코드정지 [d:224][t:04:21:20]
