[I](2021-04-04  01:39:54 am)작업중 정지 [d:480][t:08:04:27]
[I](2021-04-04  01:39:54 am)    [LNo:0009] 000210/000815
[I](2021-04-04  01:39:54 am)작업중 M코드정지 [d:480][t:08:04:27]
[I](2021-04-04  08:37:52 am)작업중 정지 [d:491][t:15:02:26]
[I](2021-04-04  08:37:52 am)    [LNo:0009] 000255/000815
[I](2021-04-04  08:37:52 am)작업중 30sec 접촉 정지 [d:491][t:15:02:26]
[I](2021-04-04  08:38:06 am)작업 재시작
[I](2021-04-04  08:38:11 am)작업중 정지 [d:491][t:15:02:44]
[I](2021-04-04  08:38:11 am)    [LNo:0009] 000255/000815
[I](2021-04-04  08:38:11 am)작업중 30sec 접촉 정지 [d:491][t:15:02:44]
[I](2021-04-04  08:38:22 am)작업 재시작
[I](2021-04-04  08:49:46 am)작업중 정지 [d:503][t:15:14:20]
[I](2021-04-04  08:49:46 am)    [LNo:0009] 000310/000815
[I](2021-04-04  08:49:46 am)작업중 30sec 접촉 정지 [d:503][t:15:14:20]
[I](2021-04-04  08:51:52 am)작업 재시작
[I](2021-04-04  08:59:49 am)작업중 정지 [d:510][t:15:24:22]
[I](2021-04-04  08:59:49 am)    [LNo:0009] 000355/000815
[A](2021-04-04  08:59:49 am)[008] 작업중 단선(AWF Feed Motor Stop )
[I](2021-04-04  08:59:49 am)작업중 Wire 단선 [d:510][t:15:24:22]
[I](2021-04-04  09:00:00 am)작업 재시작
[I](2021-04-04  09:27:48 am)작업중 정지 [d:538][t:15:52:22]
[I](2021-04-04  09:27:48 am)    [LNo:0009] 000468/000815
[I](2021-04-04  09:27:48 am)작업중 30sec 접촉 정지 [d:538][t:15:52:22]
[I](2021-04-04  09:28:20 am)작업 재시작
[I](2021-04-04  10:30:14 am)작업중 정지 [d:597][t:16:54:47]
[I](2021-04-04  10:30:14 am)    [LNo:0009] 000732/000815
[I](2021-04-04  10:30:14 am)작업중 M코드정지 [d:597][t:16:54:47]
[I](2021-04-04  10:35:48 am)작업중 정지 [d:603][t:17:00:22]
[I](2021-04-04  10:35:48 am)    [LNo:0009] 000745/000815
[I](2021-04-04  10:35:48 am)작업중 M코드정지 [d:603][t:17:00:22]
[I](2021-04-04  10:40:12 am)작업중 정지 [d:606][t:17:04:46]
[I](2021-04-04  10:40:12 am)    [LNo:0009] 000765/000815
[I](2021-04-04  10:40:12 am)작업중 M코드정지 [d:606][t:17:04:46]
[I](2021-04-04  10:47:05 am)작업중 정지 [d:609][t:17:11:38]
[I](2021-04-04  10:47:05 am)    [LNo:0009] 000785/000815
[I](2021-04-04  10:47:05 am)작업중 M코드정지 [d:609][t:17:11:38]
[I](2021-04-04  10:53:39 am)작업중 정지 [d:614][t:17:18:13]
[I](2021-04-04  10:53:39 am)    [LNo:0009] 000805/000815
[I](2021-04-04  10:53:39 am)작업중 M코드정지 [d:614][t:17:18:13]
[A](2021-04-04  10:54:36 am)[037] 자동결선 잔여 WIRE 처리 실패!!
[I](2021-04-04  10:56:19 am)Reset
[I](2021-04-04  10:56:20 am)Reset
[I](2021-04-04  10:58:20 am)Reset
[I](2021-04-04  10:58:20 am)Reset
[I](2021-04-04  10:59:32 am)작업 시작 [Start d:1016]
[I](2021-04-04  10:59:32 am)Nc File: [No.0007-621.NC]
[I](2021-04-04  10:59:32 am)  * Start Machine Position
[I](2021-04-04  10:59:32 am)    X:    284.4414
[I](2021-04-04  10:59:32 am)    Y:   -221.7528
[I](2021-04-04  10:59:32 am)    U:      0.0000
[I](2021-04-04  10:59:32 am)    V:      0.0000
[I](2021-04-04  10:59:32 am)    Z:     70.6961
[I](2021-04-04  10:59:32 am)  * Angle
[I](2021-04-04  10:59:32 am)    Ar:      0.3307,Kr:      0.0000
[I](2021-04-04  10:59:32 am)    Taper_Ar:      0.0000
[I](2021-04-04  12:13:45 pm)작업중 정지 [d:75][t:01:14:12]
[I](2021-04-04  12:13:45 pm)    [LNo:0007] 000175/001162
[I](2021-04-04  12:13:45 pm)작업중 M코드정지 [d:75][t:01:14:12]
[I](2021-04-04  12:15:52 pm)작업중 정지 [d:76][t:01:16:20]
[I](2021-04-04  12:15:52 pm)    [LNo:0007] 000177/001162
[I](2021-04-04  12:15:52 pm)작업중 M코드정지 [d:76][t:01:16:20]
[I](2021-04-04  12:18:02 pm)작업중 정지 [d:76][t:01:18:30]
[I](2021-04-04  12:18:02 pm)    [LNo:0007] 000186/001162
[I](2021-04-04  12:21:39 pm)Reset
[I](2021-04-04  12:21:39 pm)Reset
[I](2021-04-04  12:23:05 pm)작업 시작 [Start d:1092]
[I](2021-04-04  12:23:05 pm)Nc File: [No.0007-621.NC]
[I](2021-04-04  12:23:05 pm)  * Start Machine Position
[I](2021-04-04  12:23:05 pm)    X:    277.5189
[I](2021-04-04  12:23:05 pm)    Y:   -247.4931
[I](2021-04-04  12:23:05 pm)    U:      0.0000
[I](2021-04-04  12:23:05 pm)    V:      0.0000
[I](2021-04-04  12:23:05 pm)    Z:     70.6961
[I](2021-04-04  12:23:05 pm)  * Angle
[I](2021-04-04  12:23:05 pm)    Ar:      0.3307,Kr:      0.0000
[I](2021-04-04  12:23:05 pm)    Taper_Ar:      0.0000
[I](2021-04-04  01:37:33 pm)작업중 정지 [d:74][t:01:14:27]
[I](2021-04-04  01:37:33 pm)    [LNo:0007] 000354/001162
[I](2021-04-04  01:37:33 pm)작업중 M코드정지 [d:74][t:01:14:28]
[I](2021-04-04  01:38:13 pm)작업중 정지 [d:74][t:01:15:07]
[I](2021-04-04  01:38:13 pm)    [LNo:0007] 000356/001162
[I](2021-04-04  01:38:13 pm)작업중 M코드정지 [d:74][t:01:15:07]
[I](2021-04-04  01:49:24 pm)Reset
[I](2021-04-04  01:49:24 pm)Reset
[I](2021-04-04  01:49:36 pm)Reset
[I](2021-04-04  01:49:36 pm)Reset
[I](2021-04-04  01:51:25 pm)Reset
[I](2021-04-04  01:51:25 pm)Reset
[A](2021-04-04  01:52:14 pm)[036] 자동결선 절단 공정 실패!!
[I](2021-04-04  01:52:49 pm)Reset
[I](2021-04-04  01:52:49 pm)Reset
[I](2021-04-04  01:55:23 pm)작업 시작 [Start d:1166]
[I](2021-04-04  01:55:23 pm)Nc File: [No.0005-629.NC]
[I](2021-04-04  01:55:23 pm)  * Start Machine Position
[I](2021-04-04  01:55:23 pm)    X:     61.5337
[I](2021-04-04  01:55:23 pm)    Y:   -340.0750
[I](2021-04-04  01:55:23 pm)    U:      0.0000
[I](2021-04-04  01:55:23 pm)    V:      0.0000
[I](2021-04-04  01:55:23 pm)    Z:     30.5286
[I](2021-04-04  01:55:23 pm)  * Angle
[I](2021-04-04  01:55:23 pm)    Ar:      0.1797,Kr:      0.0000
[I](2021-04-04  01:55:23 pm)    Taper_Ar:      0.0000
[I](2021-04-04  02:26:52 pm)작업중 정지 [d:32][t:00:31:29]
[I](2021-04-04  02:26:52 pm)    [LNo:0005] 002196/002244
[I](2021-04-04  02:26:52 pm)작업중 M코드정지 [d:32][t:00:31:29]
[I](2021-04-04  02:27:09 pm)작업중 정지 [d:32][t:00:31:46]
[I](2021-04-04  02:27:09 pm)    [LNo:0005] 002197/002244
[I](2021-04-04  02:27:40 pm)작업 재시작
[I](2021-04-04  02:27:42 pm)작업중 정지 [d:32][t:00:32:19]
[I](2021-04-04  02:27:42 pm)    [LNo:0005] 002198/002244
[I](2021-04-04  02:27:42 pm)작업중 M코드정지 [d:32][t:00:32:19]
[I](2021-04-04  03:00:23 pm)작업중 정지 [d:-1135][t:01:05:00]
[I](2021-04-04  03:00:23 pm)    [LNo:0005] 002232/002244
[I](2021-04-04  03:00:23 pm)작업중 M코드정지 [d:-1135][t:01:05:00]
[I](2021-04-04  03:00:44 pm)작업중 정지 [d:-1134][t:01:05:21]
[I](2021-04-04  03:00:44 pm)    [LNo:0005] 002234/002244
[I](2021-04-04  03:00:45 pm)작업중 M코드정지 [d:-1134][t:01:05:21]
[I](2021-04-04  03:05:44 pm)Reset
[I](2021-04-04  03:05:44 pm)Reset
[I](2021-04-04  03:05:53 pm)Reset
[I](2021-04-04  03:07:56 pm)Reset
[I](2021-04-04  03:07:56 pm)Reset
[I](2021-04-04  03:07:57 pm)Reset
[I](2021-04-04  03:10:26 pm)Reset
[I](2021-04-04  03:12:40 pm)작업 시작 [Start d:32]
[I](2021-04-04  03:12:40 pm)Nc File: [No.0001-643.NC]
[I](2021-04-04  03:12:40 pm)  * Start Machine Position
[I](2021-04-04  03:12:40 pm)    X:    149.2241
[I](2021-04-04  03:12:40 pm)    Y:   -371.5106
[I](2021-04-04  03:12:40 pm)    U:      0.0000
[I](2021-04-04  03:12:40 pm)    V:      0.0000
[I](2021-04-04  03:12:40 pm)    Z:     24.0231
[I](2021-04-04  03:12:40 pm)  * Angle
[I](2021-04-04  03:12:40 pm)    Ar:     -0.0895,Kr:      0.0000
[I](2021-04-04  03:12:40 pm)    Taper_Ar:      0.0000
[I](2021-04-04  03:12:47 pm)작업중 정지 [d:0][t:00:00:07]
[I](2021-04-04  03:12:47 pm)    [LNo:0001] 000289/000979
[I](2021-04-04  03:44:03 pm)작업중 정지 [d:30][t:00:31:22]
[I](2021-04-04  03:44:03 pm)    [LNo:0001] 000393/000979
[I](2021-04-04  03:44:03 pm)작업중 M코드정지 [d:30][t:00:31:22]
[I](2021-04-04  03:47:30 pm)작업중 정지 [d:30][t:00:34:49]
[I](2021-04-04  03:47:30 pm)    [LNo:0001] 000395/000979
[I](2021-04-04  03:47:30 pm)작업중 M코드정지 [d:30][t:00:34:49]
[I](2021-04-04  03:49:33 pm)작업중 정지 [d:30][t:00:36:53]
[I](2021-04-04  03:49:33 pm)    [LNo:0001] 000863/000979
[I](2021-04-04  04:21:07 pm)작업중 정지 [d:60][t:01:08:26]
[I](2021-04-04  04:21:07 pm)    [LNo:0001] 000967/000979
[I](2021-04-04  04:21:07 pm)작업중 M코드정지 [d:60][t:01:08:26]
[I](2021-04-04  04:21:30 pm)작업중 정지 [d:60][t:01:08:49]
[I](2021-04-04  04:21:30 pm)    [LNo:0001] 000969/000979
[I](2021-04-04  04:21:30 pm)작업중 M코드정지 [d:60][t:01:08:49]
[I](2021-04-04  04:22:43 pm)작업중 정지 [d:60][t:01:10:02]
[I](2021-04-04  04:22:43 pm)    [LNo:0001] 000974/000979
[I](2021-04-04  04:22:56 pm)Reset
[I](2021-04-04  04:22:57 pm)Reset
[I](2021-04-04  04:23:22 pm)작업 시작 [Start d:92]
[I](2021-04-04  04:23:22 pm)Nc File: [No.0002-663.NC]
[I](2021-04-04  04:23:22 pm)  * Start Machine Position
[I](2021-04-04  04:23:22 pm)    X:    149.2241
[I](2021-04-04  04:23:22 pm)    Y:   -371.5106
[I](2021-04-04  04:23:22 pm)    U:      0.0000
[I](2021-04-04  04:23:22 pm)    V:      0.0000
[I](2021-04-04  04:23:22 pm)    Z:     24.0231
[I](2021-04-04  04:23:22 pm)  * Angle
[I](2021-04-04  04:23:22 pm)    Ar:     -0.0895,Kr:      0.0000
[I](2021-04-04  04:23:22 pm)    Taper_Ar:      0.0000
[I](2021-04-04  04:23:34 pm)작업중 정지 [d:0][t:00:00:11]
[I](2021-04-04  04:23:34 pm)    [LNo:0002] 000363/000785
[A](2021-04-04  04:23:40 pm)[036] 자동결선 절단 공정 실패!!
[I](2021-04-04  04:27:22 pm)Reset
[I](2021-04-04  04:27:48 pm)작업 시작 [Start d:92]
[I](2021-04-04  04:27:48 pm)Nc File: [No.0002-663.NC]
[I](2021-04-04  04:27:48 pm)  * Start Machine Position
[I](2021-04-04  04:27:48 pm)    X:    149.2241
[I](2021-04-04  04:27:48 pm)    Y:   -371.5106
[I](2021-04-04  04:27:48 pm)    U:      0.0000
[I](2021-04-04  04:27:48 pm)    V:      0.0000
[I](2021-04-04  04:27:48 pm)    Z:     24.0231
[I](2021-04-04  04:27:48 pm)  * Angle
[I](2021-04-04  04:27:48 pm)    Ar:     -0.0895,Kr:      0.0000
[I](2021-04-04  04:27:48 pm)    Taper_Ar:      0.0000
[I](2021-04-04  08:05:48 pm)작업중 정지 [d:207][t:03:38:00]
[I](2021-04-04  08:05:48 pm)    [LNo:0002] 000566/000785
[I](2021-04-04  08:05:48 pm)작업중 M코드정지 [d:207][t:03:38:00]
