[I](2021-03-24  01:31:26 am)작업중 정지 [d:459][t:08:02:37]
[I](2021-03-24  01:31:26 am)    [LNo:0009] 000040/000109
[I](2021-03-24  01:40:03 am)작업 재시작
[I](2021-03-24  02:02:47 am)작업중 정지 [d:482][t:08:33:57]
[I](2021-03-24  02:02:47 am)    [LNo:0009] 000040/000109
[I](2021-03-24  02:02:47 am)작업중 30sec 접촉 정지 [d:482][t:08:33:57]
[I](2021-03-24  02:07:01 am)작업 재시작
[I](2021-03-24  02:07:10 am)작업중 정지 [d:482][t:08:38:20]
[I](2021-03-24  02:07:10 am)    [LNo:0009] 000040/000109
[I](2021-03-24  02:07:10 am)작업중 30sec 접촉 정지 [d:482][t:08:38:20]
[I](2021-03-24  02:07:22 am)작업 재시작
[I](2021-03-24  02:07:27 am)작업중 정지 [d:482][t:08:38:38]
[I](2021-03-24  02:07:27 am)    [LNo:0009] 000040/000109
[I](2021-03-24  02:07:27 am)작업중 30sec 접촉 정지 [d:482][t:08:38:38]
[I](2021-03-24  02:08:17 am)작업 재시작
[I](2021-03-24  02:08:22 am)작업중 정지 [d:482][t:08:39:33]
[I](2021-03-24  02:08:22 am)    [LNo:0009] 000040/000109
[I](2021-03-24  02:08:22 am)작업중 30sec 접촉 정지 [d:482][t:08:39:33]
[I](2021-03-24  02:08:49 am)작업 재시작
[I](2021-03-24  02:08:53 am)작업중 정지 [d:482][t:08:40:04]
[I](2021-03-24  02:08:53 am)    [LNo:0009] 000040/000109
[A](2021-03-24  02:08:53 am)[008] 작업중 단선(AWF Feed Motor Stop )
[I](2021-03-24  02:08:53 am)작업중 Wire 단선 [d:482][t:08:40:04]
[A](2021-03-24  02:09:04 am)[041] AWF 명령끝날때까지 센서감지(타임아웃) 안됨
[I](2021-03-24  02:25:42 am)작업 재시작
[I](2021-03-24  02:27:21 am)작업중 정지 [d:484][t:08:58:31]
[I](2021-03-24  02:27:21 am)    [LNo:0009] 000041/000109
[I](2021-03-24  02:27:21 am)작업중 M코드정지 [d:484][t:08:58:31]
[I](2021-03-24  02:30:33 am)작업중 정지 [d:484][t:09:01:44]
[I](2021-03-24  02:30:33 am)    [LNo:0009] 000043/000109
[I](2021-03-24  02:30:33 am)작업중 M코드정지 [d:484][t:09:01:44]
[A](2021-03-24  02:32:31 am)[084] Work Tank Fluid Sensor Abnormal
[A](2021-03-24  02:32:34 am)[084] Work Tank Fluid Sensor Abnormal
[A](2021-03-24  02:32:34 am)[084] Work Tank Fluid Sensor Abnormal
[I](2021-03-24  02:36:31 am)Reset
[I](2021-03-24  02:36:32 am)Reset
[I](2021-03-24  02:36:32 am)Reset
[I](2021-03-24  02:50:53 am)Reset
[I](2021-03-24  02:50:53 am)Reset
[I](2021-03-24  02:51:02 am)Reset
[I](2021-03-24  02:51:02 am)Reset
[I](2021-03-24  02:55:07 am)Reset
[I](2021-03-24  02:55:07 am)Reset
[I](2021-03-24  02:55:37 am)Reset
[I](2021-03-24  02:55:37 am)Reset
[I](2021-03-24  02:56:22 am)Reset
[I](2021-03-24  02:56:22 am)Reset
[I](2021-03-24  02:56:47 am)Reset
[I](2021-03-24  02:56:47 am)Reset
[I](2021-03-24  02:57:06 am)Reset
[I](2021-03-24  02:59:40 am)Reset
[I](2021-03-24  02:59:40 am)Reset
[I](2021-03-24  02:59:41 am)Reset
[I](2021-03-24  02:59:52 am)Reset
[I](2021-03-24  02:59:53 am)Reset
[I](2021-03-24  03:00:14 am)작업 시작 [Start d:713]
[I](2021-03-24  03:00:14 am)Nc File: [No.0009-516.NC]
[I](2021-03-24  03:00:14 am)  * Start Machine Position
[I](2021-03-24  03:00:14 am)    X:    114.6186
[I](2021-03-24  03:00:14 am)    Y:   -324.2069
[I](2021-03-24  03:00:14 am)    U:     -0.0197
[I](2021-03-24  03:00:14 am)    V:      0.5996
[I](2021-03-24  03:00:14 am)    Z:    155.7971
[I](2021-03-24  03:00:14 am)  * Angle
[I](2021-03-24  03:00:14 am)    Ar:      0.3534,Kr:      0.0000
[I](2021-03-24  03:00:14 am)    Taper_Ar:      0.0000
[I](2021-03-24  03:00:29 am)작업중 정지 [d:0][t:00:00:14]
[I](2021-03-24  03:00:29 am)    [LNo:0009] 000010/000109
[I](2021-03-24  03:00:29 am)작업중 M코드정지 [d:0][t:00:00:14]
[I](2021-03-24  03:00:33 am)작업중 정지 [d:0][t:00:00:19]
[I](2021-03-24  03:00:33 am)    [LNo:0009] 000012/000109
[I](2021-03-24  03:00:33 am)작업중 M코드정지 [d:0][t:00:00:19]
[I](2021-03-24  03:00:36 am)작업중 정지 [d:0][t:00:00:21]
[I](2021-03-24  03:00:36 am)    [LNo:0009] 000014/000109
[I](2021-03-24  03:00:36 am)작업중 M코드정지 [d:0][t:00:00:21]
[I](2021-03-24  03:00:38 am)작업중 정지 [d:0][t:00:00:23]
[I](2021-03-24  03:00:38 am)    [LNo:0009] 000014/000109
[I](2021-03-24  03:00:38 am)작업중 M코드정지 [d:0][t:00:00:23]
[I](2021-03-24  03:01:04 am)작업중 정지 [d:0][t:00:00:50]
[I](2021-03-24  03:01:04 am)    [LNo:0009] 000041/000109
[I](2021-03-24  03:01:04 am)작업중 M코드정지 [d:0][t:00:00:50]
[I](2021-03-24  03:01:13 am)작업중 정지 [d:0][t:00:00:58]
[I](2021-03-24  03:01:13 am)    [LNo:0009] 000043/000109
[I](2021-03-24  03:01:13 am)작업중 M코드정지 [d:0][t:00:00:58]
[I](2021-03-24  03:02:01 am)작업중 정지 [d:0][t:00:01:46]
[I](2021-03-24  03:02:01 am)    [LNo:0009] 000099/000109
[I](2021-03-24  03:02:01 am)작업중 M코드정지 [d:0][t:00:01:46]
[I](2021-03-24  03:02:38 am)Reset
[I](2021-03-24  03:03:45 am)작업 시작 [Start d:713]
[I](2021-03-24  03:03:45 am)Nc File: [No.0009-516.NC]
[I](2021-03-24  03:03:45 am)  * Start Machine Position
[I](2021-03-24  03:03:45 am)    X:    114.6186
[I](2021-03-24  03:03:45 am)    Y:   -324.2069
[I](2021-03-24  03:03:45 am)    U:     -0.0197
[I](2021-03-24  03:03:45 am)    V:      0.5996
[I](2021-03-24  03:03:45 am)    Z:    155.7971
[I](2021-03-24  03:03:45 am)  * Angle
[I](2021-03-24  03:03:45 am)    Ar:      0.3534,Kr:      0.0000
[I](2021-03-24  03:03:45 am)    Taper_Ar:      0.0000
[I](2021-03-24  03:03:53 am)작업중 정지 [d:0][t:00:00:07]
[I](2021-03-24  03:03:53 am)    [LNo:0009] 000010/000109
[I](2021-03-24  03:03:53 am)작업중 M코드정지 [d:0][t:00:00:07]
[I](2021-03-24  03:03:57 am)작업중 정지 [d:0][t:00:00:11]
[I](2021-03-24  03:03:57 am)    [LNo:0009] 000012/000109
[I](2021-03-24  03:03:57 am)작업중 M코드정지 [d:0][t:00:00:11]
[I](2021-03-24  03:03:59 am)작업중 정지 [d:0][t:00:00:14]
[I](2021-03-24  03:03:59 am)    [LNo:0009] 000014/000109
[I](2021-03-24  03:03:59 am)작업중 M코드정지 [d:0][t:00:00:14]
[I](2021-03-24  03:05:08 am)작업중 정지 [d:0][t:00:01:23]
[I](2021-03-24  03:05:09 am)    [LNo:0009] 000017/000109
[I](2021-03-24  03:05:09 am)작업중 M코드정지 [d:0][t:00:01:23]
[I](2021-03-24  03:33:34 am)작업중 정지 [d:27][t:00:29:48]
[I](2021-03-24  03:33:34 am)    [LNo:0009] 000041/000109
[I](2021-03-24  03:33:34 am)작업중 M코드정지 [d:27][t:00:29:48]
[I](2021-03-24  03:34:52 am)작업중 정지 [d:28][t:00:31:07]
[I](2021-03-24  03:34:52 am)    [LNo:0009] 000043/000109
[I](2021-03-24  03:34:53 am)작업중 M코드정지 [d:28][t:00:31:07]
[I](2021-03-24  03:36:21 am)작업중 정지 [d:29][t:00:32:35]
[I](2021-03-24  03:36:21 am)    [LNo:0009] 000057/000109
[I](2021-03-24  03:38:01 am)Reset
[I](2021-03-24  03:38:02 am)Reset
[I](2021-03-24  03:38:02 am)Reset
[I](2021-03-24  03:38:02 am)Reset
[I](2021-03-24  03:38:48 am)Reset
[I](2021-03-24  03:39:17 am)Reset
[I](2021-03-24  03:39:25 am)작업 시작 [Start d:742]
[I](2021-03-24  03:39:25 am)Nc File: [No.0009-516.NC *]
[I](2021-03-24  03:39:25 am)  * Start Machine Position
[I](2021-03-24  03:39:25 am)    X:    114.6186
[I](2021-03-24  03:39:25 am)    Y:   -324.2069
[I](2021-03-24  03:39:25 am)    U:     -0.0197
[I](2021-03-24  03:39:25 am)    V:      0.5996
[I](2021-03-24  03:39:25 am)    Z:    155.7971
[I](2021-03-24  03:39:25 am)  * Angle
[I](2021-03-24  03:39:25 am)    Ar:      0.3534,Kr:      0.0000
[I](2021-03-24  03:39:25 am)    Taper_Ar:      0.0000
[I](2021-03-24  03:39:34 am)작업중 정지 [d:0][t:00:00:08]
[I](2021-03-24  03:39:34 am)    [LNo:0009] 000010/000108
[I](2021-03-24  03:39:34 am)작업중 M코드정지 [d:0][t:00:00:08]
[I](2021-03-24  03:39:36 am)작업중 정지 [d:0][t:00:00:11]
[I](2021-03-24  03:39:36 am)    [LNo:0009] 000012/000108
[I](2021-03-24  03:39:36 am)작업중 M코드정지 [d:0][t:00:00:11]
[I](2021-03-24  03:39:38 am)작업중 정지 [d:0][t:00:00:13]
[I](2021-03-24  03:39:38 am)    [LNo:0009] 000014/000108
[I](2021-03-24  03:39:38 am)작업중 M코드정지 [d:0][t:00:00:13]
[I](2021-03-24  03:39:39 am)작업중 정지 [d:0][t:00:00:13]
[I](2021-03-24  03:39:39 am)    [LNo:0009] 000014/000108
[I](2021-03-24  03:39:39 am)작업중 M코드정지 [d:0][t:00:00:13]
[I](2021-03-24  03:39:55 am)작업중 정지 [d:0][t:00:00:30]
[I](2021-03-24  03:39:55 am)    [LNo:0009] 000041/000108
[I](2021-03-24  03:39:55 am)작업중 M코드정지 [d:0][t:00:00:30]
[I](2021-03-24  03:40:00 am)작업중 정지 [d:0][t:00:00:35]
[I](2021-03-24  03:40:00 am)    [LNo:0009] 000043/000108
[I](2021-03-24  03:40:00 am)작업중 M코드정지 [d:0][t:00:00:35]
[I](2021-03-24  03:49:15 am)작업중 정지 [d:9][t:00:09:49]
[I](2021-03-24  03:49:15 am)    [LNo:0009] 000057/000108
[I](2021-03-24  03:52:18 am)Reset
[I](2021-03-24  03:52:18 am)Reset
[I](2021-03-24  03:52:24 am)작업 시작 [Start d:751]
[I](2021-03-24  03:52:24 am)Nc File: [No.0009-516.NC *]
[I](2021-03-24  03:52:24 am)  * Start Machine Position
[I](2021-03-24  03:52:24 am)    X:    114.6186
[I](2021-03-24  03:52:24 am)    Y:   -324.2069
[I](2021-03-24  03:52:24 am)    U:     -0.0197
[I](2021-03-24  03:52:24 am)    V:      0.5996
[I](2021-03-24  03:52:24 am)    Z:    155.7971
[I](2021-03-24  03:52:24 am)  * Angle
[I](2021-03-24  03:52:24 am)    Ar:      0.3534,Kr:      0.0000
[I](2021-03-24  03:52:24 am)    Taper_Ar:      0.0000
[I](2021-03-24  03:52:32 am)작업중 정지 [d:0][t:00:00:07]
[I](2021-03-24  03:52:32 am)    [LNo:0009] 000010/000108
[I](2021-03-24  03:52:32 am)작업중 M코드정지 [d:0][t:00:00:07]
[I](2021-03-24  03:52:36 am)작업중 정지 [d:0][t:00:00:11]
[I](2021-03-24  03:52:36 am)    [LNo:0009] 000012/000108
[I](2021-03-24  03:52:36 am)작업중 M코드정지 [d:0][t:00:00:11]
[I](2021-03-24  03:52:38 am)작업중 정지 [d:0][t:00:00:14]
[I](2021-03-24  03:52:38 am)    [LNo:0009] 000014/000108
[I](2021-03-24  03:52:38 am)작업중 M코드정지 [d:0][t:00:00:14]
[I](2021-03-24  03:53:29 am)작업중 정지 [d:0][t:00:01:05]
[I](2021-03-24  03:53:29 am)    [LNo:0009] 000014/000108
[I](2021-03-24  03:53:29 am)작업중 M코드정지 [d:0][t:00:01:05]
[I](2021-03-24  04:24:26 am)작업중 정지 [d:30][t:00:32:02]
[I](2021-03-24  04:24:26 am)    [LNo:0009] 000041/000108
[I](2021-03-24  04:24:26 am)작업중 M코드정지 [d:30][t:00:32:02]
[I](2021-03-24  04:25:23 am)작업중 정지 [d:30][t:00:32:59]
[I](2021-03-24  04:25:23 am)    [LNo:0009] 000043/000108
[I](2021-03-24  04:25:23 am)작업중 M코드정지 [d:30][t:00:32:59]
[I](2021-03-24  04:53:55 am)작업중 정지 [d:59][t:01:01:31]
[I](2021-03-24  04:53:55 am)    [LNo:0009] 000073/000108
[I](2021-03-24  04:53:55 am)작업중 M코드정지 [d:59][t:01:01:31]
[I](2021-03-24  05:43:00 am)작업중 정지 [d:78][t:01:50:36]
[I](2021-03-24  05:43:00 am)    [LNo:0009] 000099/000108
[I](2021-03-24  05:43:00 am)작업중 M코드정지 [d:78][t:01:50:36]
[I](2021-03-24  05:45:58 am)작업중 정지 [d:78][t:01:53:34]
[I](2021-03-24  05:45:58 am)    [LNo:0009] 000047/000108
[I](2021-03-24  06:17:27 am)작업중 정지 [d:108][t:02:25:03]
[I](2021-03-24  06:17:27 am)    [LNo:0009] 000073/000108
[I](2021-03-24  06:17:28 am)작업중 M코드정지 [d:108][t:02:25:03]
[I](2021-03-24  06:45:29 am)작업중 정지 [d:129][t:02:53:05]
[I](2021-03-24  06:45:29 am)    [LNo:0009] 000100/000108
[I](2021-03-24  06:45:29 am)작업중 M코드정지 [d:129][t:02:53:05]
[I](2021-03-24  06:51:47 am)작업중 정지 [d:129][t:02:59:22]
[I](2021-03-24  06:51:47 am)    [LNo:0009] 000047/000108
[I](2021-03-24  07:16:15 am)작업중 정지 [d:152][t:03:23:50]
[I](2021-03-24  07:16:15 am)    [LNo:0009] 000063/000108
[I](2021-03-24  07:16:15 am)작업중 Single Block Stop [d:152][t:03:23:50]
[I](2021-03-24  07:23:56 am)작업중 정지 [d:159][t:03:31:32]
[I](2021-03-24  07:23:56 am)    [LNo:0009] 000073/000108
[I](2021-03-24  07:23:56 am)작업중 M코드정지 [d:159][t:03:31:32]
[I](2021-03-24  07:59:18 am)작업중 정지 [d:193][t:04:06:54]
[I](2021-03-24  07:59:18 am)    [LNo:0009] 000100/000108
[I](2021-03-24  07:59:18 am)작업중 M코드정지 [d:193][t:04:06:54]
[I](2021-03-24  08:02:49 am)작업중 정지 [d:193][t:04:10:25]
[I](2021-03-24  08:02:49 am)    [LNo:0009] 000045/000108
[I](2021-03-24  08:38:30 am)작업중 정지 [d:227][t:04:46:06]
[I](2021-03-24  08:38:30 am)    [LNo:0009] 000073/000108
[I](2021-03-24  08:38:31 am)작업중 M코드정지 [d:227][t:04:46:06]
[I](2021-03-24  08:38:46 am)작업중 정지 [d:227][t:04:46:21]
[I](2021-03-24  08:38:46 am)    [LNo:0009] 000073/000108
[I](2021-03-24  08:39:29 am)작업중 정지 [d:227][t:04:47:05]
[I](2021-03-24  08:39:29 am)    [LNo:0009] 000084/000108
[A](2021-03-24  08:40:10 am)[084] Work Tank Fluid Sensor Abnormal
[I](2021-03-24  08:44:27 am)Reset
[I](2021-03-24  08:44:45 am)작업 시작 [Start d:978]
[I](2021-03-24  08:44:45 am)Nc File: [No.0009-516.NC *]
[I](2021-03-24  08:44:45 am)  * Start Machine Position
[I](2021-03-24  08:44:45 am)    X:    156.1954
[I](2021-03-24  08:44:45 am)    Y:   -351.2909
[I](2021-03-24  08:44:45 am)    U:     -0.0197
[I](2021-03-24  08:44:45 am)    V:      0.5996
[I](2021-03-24  08:44:45 am)    Z:    155.7971
[I](2021-03-24  08:44:45 am)  * Angle
[I](2021-03-24  08:44:45 am)    Ar:      0.3534,Kr:      0.0000
[I](2021-03-24  08:44:46 am)    Taper_Ar:      0.0000
[I](2021-03-24  08:57:41 am)작업중 정지 [d:12][t:00:12:55]
[I](2021-03-24  08:57:41 am)    [LNo:0009] 000099/000108
[I](2021-03-24  08:57:41 am)작업중 M코드정지 [d:12][t:00:12:55]
[I](2021-03-24  09:15:27 am)Reset
[I](2021-03-24  09:15:36 am)작업 시작 [Start d:990]
[I](2021-03-24  09:15:36 am)Nc File: [No.0009-516.NC *]
[I](2021-03-24  09:15:36 am)  * Start Machine Position
[I](2021-03-24  09:15:36 am)    X:    156.1954
[I](2021-03-24  09:15:36 am)    Y:   -351.2909
[I](2021-03-24  09:15:36 am)    U:     -0.0197
[I](2021-03-24  09:15:36 am)    V:      0.5996
[I](2021-03-24  09:15:36 am)    Z:    155.7971
[I](2021-03-24  09:15:36 am)  * Angle
[I](2021-03-24  09:15:36 am)    Ar:      0.3534,Kr:      0.0000
[I](2021-03-24  09:15:36 am)    Taper_Ar:      0.0000
[I](2021-03-24  09:15:49 am)작업중 정지 [d:0][t:00:00:12]
[I](2021-03-24  09:15:49 am)    [LNo:0009] 000090/000108
[I](2021-03-24  09:15:49 am)작업중 Single Block Stop [d:0][t:00:00:12]
[I](2021-03-24  09:23:35 am)작업중 정지 [d:7][t:00:07:59]
[I](2021-03-24  09:23:35 am)    [LNo:0009] 000091/000108
[I](2021-03-24  09:23:35 am)작업중 Single Block Stop [d:7][t:00:07:59]
[I](2021-03-24  09:23:58 am)Reset
[I](2021-03-24  09:24:23 am)작업 시작 [Start d:997]
[I](2021-03-24  09:24:23 am)Nc File: [No.0009-516.NC *]
[I](2021-03-24  09:24:23 am)  * Start Machine Position
[I](2021-03-24  09:24:23 am)    X:    156.1954
[I](2021-03-24  09:24:23 am)    Y:   -351.2909
[I](2021-03-24  09:24:23 am)    U:     -0.0197
[I](2021-03-24  09:24:23 am)    V:      0.5996
[I](2021-03-24  09:24:23 am)    Z:    155.7971
[I](2021-03-24  09:24:23 am)  * Angle
[I](2021-03-24  09:24:23 am)    Ar:      0.3534,Kr:      0.0000
[I](2021-03-24  09:24:23 am)    Taper_Ar:      0.0000
[I](2021-03-24  09:24:36 am)작업중 정지 [d:0][t:00:00:12]
[I](2021-03-24  09:24:36 am)    [LNo:0009] 000090/000108
[I](2021-03-24  09:24:36 am)작업중 Single Block Stop [d:0][t:00:00:12]
[I](2021-03-24  09:32:31 am)작업중 정지 [d:7][t:00:08:07]
[I](2021-03-24  09:32:31 am)    [LNo:0009] 000092/000108
[A](2021-03-24  09:32:42 am)[091] Auto Door Sensor Abnormal
[A](2021-03-24  09:32:48 am)[084] Work Tank Fluid Sensor Abnormal
[A](2021-03-24  09:32:48 am)[084] Work Tank Fluid Sensor Abnormal
[A](2021-03-24  09:32:48 am)[084] Work Tank Fluid Sensor Abnormal
[A](2021-03-24  09:32:49 am)[084] Work Tank Fluid Sensor Abnormal
[A](2021-03-24  09:32:49 am)[084] Work Tank Fluid Sensor Abnormal
[A](2021-03-24  09:32:49 am)[084] Work Tank Fluid Sensor Abnormal
[A](2021-03-24  09:32:49 am)[084] Work Tank Fluid Sensor Abnormal
[A](2021-03-24  09:32:50 am)[084] Work Tank Fluid Sensor Abnormal
[A](2021-03-24  09:32:50 am)[084] Work Tank Fluid Sensor Abnormal
[A](2021-03-24  09:32:50 am)[084] Work Tank Fluid Sensor Abnormal
[A](2021-03-24  09:32:50 am)[084] Work Tank Fluid Sensor Abnormal
[A](2021-03-24  09:32:51 am)[084] Work Tank Fluid Sensor Abnormal
[A](2021-03-24  09:32:51 am)[084] Work Tank Fluid Sensor Abnormal
[A](2021-03-24  09:32:51 am)[084] Work Tank Fluid Sensor Abnormal
[A](2021-03-24  09:32:51 am)[084] Work Tank Fluid Sensor Abnormal
[A](2021-03-24  09:32:51 am)[084] Work Tank Fluid Sensor Abnormal
[A](2021-03-24  09:32:52 am)[084] Work Tank Fluid Sensor Abnormal
[A](2021-03-24  09:32:52 am)[084] Work Tank Fluid Sensor Abnormal
[A](2021-03-24  09:32:52 am)[084] Work Tank Fluid Sensor Abnormal
[A](2021-03-24  09:32:52 am)[084] Work Tank Fluid Sensor Abnormal
[A](2021-03-24  09:32:53 am)[084] Work Tank Fluid Sensor Abnormal
[A](2021-03-24  09:32:53 am)[084] Work Tank Fluid Sensor Abnormal
[A](2021-03-24  09:32:53 am)[084] Work Tank Fluid Sensor Abnormal
[A](2021-03-24  09:32:53 am)[084] Work Tank Fluid Sensor Abnormal
[A](2021-03-24  09:32:54 am)[084] Work Tank Fluid Sensor Abnormal
[A](2021-03-24  09:32:54 am)[084] Work Tank Fluid Sensor Abnormal
[A](2021-03-24  09:32:54 am)[084] Work Tank Fluid Sensor Abnormal
[A](2021-03-24  09:32:55 am)[084] Work Tank Fluid Sensor Abnormal
[A](2021-03-24  09:32:55 am)[084] Work Tank Fluid Sensor Abnormal
[A](2021-03-24  09:32:55 am)[084] Work Tank Fluid Sensor Abnormal
[A](2021-03-24  09:32:56 am)[084] Work Tank Fluid Sensor Abnormal
[A](2021-03-24  09:32:56 am)[084] Work Tank Fluid Sensor Abnormal
[A](2021-03-24  09:32:56 am)[084] Work Tank Fluid Sensor Abnormal
[A](2021-03-24  09:32:56 am)[084] Work Tank Fluid Sensor Abnormal
[A](2021-03-24  09:32:57 am)[084] Work Tank Fluid Sensor Abnormal
[A](2021-03-24  09:32:57 am)[084] Work Tank Fluid Sensor Abnormal
[A](2021-03-24  09:32:57 am)[084] Work Tank Fluid Sensor Abnormal
[A](2021-03-24  09:32:58 am)[084] Work Tank Fluid Sensor Abnormal
[A](2021-03-24  09:32:58 am)[084] Work Tank Fluid Sensor Abnormal
[A](2021-03-24  09:32:58 am)[084] Work Tank Fluid Sensor Abnormal
[A](2021-03-24  09:32:58 am)[084] Work Tank Fluid Sensor Abnormal
[A](2021-03-24  09:32:59 am)[084] Work Tank Fluid Sensor Abnormal
[A](2021-03-24  09:32:59 am)[084] Work Tank Fluid Sensor Abnormal
[A](2021-03-24  09:32:59 am)[084] Work Tank Fluid Sensor Abnormal
[A](2021-03-24  09:32:59 am)[084] Work Tank Fluid Sensor Abnormal
[A](2021-03-24  09:32:59 am)[084] Work Tank Fluid Sensor Abnormal
[A](2021-03-24  09:33:00 am)[084] Work Tank Fluid Sensor Abnormal
[A](2021-03-24  09:33:00 am)[084] Work Tank Fluid Sensor Abnormal
[A](2021-03-24  09:33:00 am)[084] Work Tank Fluid Sensor Abnormal
[A](2021-03-24  09:33:01 am)[084] Work Tank Fluid Sensor Abnormal
[A](2021-03-24  09:33:01 am)[084] Work Tank Fluid Sensor Abnormal
[A](2021-03-24  09:33:01 am)[084] Work Tank Fluid Sensor Abnormal
[A](2021-03-24  09:33:01 am)[084] Work Tank Fluid Sensor Abnormal
[A](2021-03-24  09:33:01 am)[084] Work Tank Fluid Sensor Abnormal
[A](2021-03-24  09:33:02 am)[084] Work Tank Fluid Sensor Abnormal
[A](2021-03-24  09:33:02 am)[084] Work Tank Fluid Sensor Abnormal
[A](2021-03-24  09:33:03 am)[084] Work Tank Fluid Sensor Abnormal
[A](2021-03-24  09:33:03 am)[084] Work Tank Fluid Sensor Abnormal
[A](2021-03-24  09:33:03 am)[084] Work Tank Fluid Sensor Abnormal
[A](2021-03-24  09:33:03 am)[084] Work Tank Fluid Sensor Abnormal
[A](2021-03-24  09:33:03 am)[084] Work Tank Fluid Sensor Abnormal
[A](2021-03-24  09:33:04 am)[084] Work Tank Fluid Sensor Abnormal
[A](2021-03-24  09:33:04 am)[084] Work Tank Fluid Sensor Abnormal
[A](2021-03-24  09:33:04 am)[084] Work Tank Fluid Sensor Abnormal
[A](2021-03-24  09:33:05 am)[084] Work Tank Fluid Sensor Abnormal
[A](2021-03-24  09:33:05 am)[084] Work Tank Fluid Sensor Abnormal
[A](2021-03-24  09:33:05 am)[084] Work Tank Fluid Sensor Abnormal
[A](2021-03-24  09:33:06 am)[084] Work Tank Fluid Sensor Abnormal
[A](2021-03-24  09:33:06 am)[084] Work Tank Fluid Sensor Abnormal
[A](2021-03-24  09:33:06 am)[084] Work Tank Fluid Sensor Abnormal
[A](2021-03-24  09:33:06 am)[084] Work Tank Fluid Sensor Abnormal
[A](2021-03-24  09:33:06 am)[084] Work Tank Fluid Sensor Abnormal
[A](2021-03-24  09:33:07 am)[084] Work Tank Fluid Sensor Abnormal
[A](2021-03-24  09:33:07 am)[084] Work Tank Fluid Sensor Abnormal
[A](2021-03-24  09:33:07 am)[084] Work Tank Fluid Sensor Abnormal
[A](2021-03-24  09:33:07 am)[084] Work Tank Fluid Sensor Abnormal
[A](2021-03-24  09:33:08 am)[084] Work Tank Fluid Sensor Abnormal
[A](2021-03-24  09:33:08 am)[084] Work Tank Fluid Sensor Abnormal
[A](2021-03-24  09:33:08 am)[084] Work Tank Fluid Sensor Abnormal
[A](2021-03-24  09:33:08 am)[084] Work Tank Fluid Sensor Abnormal
[A](2021-03-24  09:33:09 am)[084] Work Tank Fluid Sensor Abnormal
[A](2021-03-24  09:33:09 am)[084] Work Tank Fluid Sensor Abnormal
[A](2021-03-24  09:33:09 am)[084] Work Tank Fluid Sensor Abnormal
[A](2021-03-24  09:33:09 am)[084] Work Tank Fluid Sensor Abnormal
[A](2021-03-24  09:33:10 am)[084] Work Tank Fluid Sensor Abnormal
[A](2021-03-24  09:33:10 am)[084] Work Tank Fluid Sensor Abnormal
[I](2021-03-24  09:34:04 am)Reset
[I](2021-03-24  09:34:20 am)작업 시작 [Start d:1004]
[I](2021-03-24  09:34:20 am)Nc File: [No.0009-516.NC *]
[I](2021-03-24  09:34:20 am)  * Start Machine Position
[I](2021-03-24  09:34:20 am)    X:    156.1954
[I](2021-03-24  09:34:20 am)    Y:   -351.2909
[I](2021-03-24  09:34:20 am)    U:     -0.0197
[I](2021-03-24  09:34:20 am)    V:      0.5996
[I](2021-03-24  09:34:20 am)    Z:    155.7971
[I](2021-03-24  09:34:20 am)  * Angle
[I](2021-03-24  09:34:20 am)    Ar:      0.3534,Kr:      0.0000
[I](2021-03-24  09:34:20 am)    Taper_Ar:      0.0000
[I](2021-03-24  09:34:33 am)작업중 정지 [d:0][t:00:00:12]
[I](2021-03-24  09:34:33 am)    [LNo:0009] 000090/000108
[I](2021-03-24  09:34:33 am)작업중 Single Block Stop [d:0][t:00:00:12]
[I](2021-03-24  09:42:54 am)작업중 정지 [d:9][t:00:08:33]
[I](2021-03-24  09:42:54 am)    [LNo:0009] 000091/000108
[I](2021-03-24  09:42:54 am)작업중 Single Block Stop [d:9][t:00:08:33]
[I](2021-03-24  09:43:17 am)Reset
[I](2021-03-24  09:43:31 am)Reset
[I](2021-03-24  09:43:37 am)작업 시작 [Start d:1013]
[I](2021-03-24  09:43:37 am)Nc File: [No.0009-516.NC *]
[I](2021-03-24  09:43:37 am)  * Start Machine Position
[I](2021-03-24  09:43:37 am)    X:    156.1954
[I](2021-03-24  09:43:37 am)    Y:   -351.2909
[I](2021-03-24  09:43:37 am)    U:     -0.0197
[I](2021-03-24  09:43:37 am)    V:      0.5996
[I](2021-03-24  09:43:37 am)    Z:    155.7971
[I](2021-03-24  09:43:37 am)  * Angle
[I](2021-03-24  09:43:37 am)    Ar:      0.3534,Kr:      0.0000
[I](2021-03-24  09:43:37 am)    Taper_Ar:      0.0000
[I](2021-03-24  09:43:50 am)작업중 정지 [d:0][t:00:00:12]
[I](2021-03-24  09:43:50 am)    [LNo:0009] 000090/000108
[I](2021-03-24  09:43:50 am)작업중 Single Block Stop [d:0][t:00:00:12]
[I](2021-03-24  09:52:17 am)작업중 정지 [d:8][t:00:08:39]
[I](2021-03-24  09:52:17 am)    [LNo:0009] 000091/000108
[I](2021-03-24  09:52:17 am)작업중 Single Block Stop [d:8][t:00:08:39]
[A](2021-03-24  09:53:56 am)[084] Work Tank Fluid Sensor Abnormal
[A](2021-03-24  09:53:56 am)[084] Work Tank Fluid Sensor Abnormal
[A](2021-03-24  09:53:56 am)[084] Work Tank Fluid Sensor Abnormal
[A](2021-03-24  09:53:57 am)[084] Work Tank Fluid Sensor Abnormal
[A](2021-03-24  09:53:57 am)[084] Work Tank Fluid Sensor Abnormal
[A](2021-03-24  09:53:57 am)[084] Work Tank Fluid Sensor Abnormal
[A](2021-03-24  09:53:57 am)[084] Work Tank Fluid Sensor Abnormal
[A](2021-03-24  09:53:57 am)[084] Work Tank Fluid Sensor Abnormal
[A](2021-03-24  09:53:57 am)[084] Work Tank Fluid Sensor Abnormal
[A](2021-03-24  09:53:58 am)[084] Work Tank Fluid Sensor Abnormal
[A](2021-03-24  09:53:58 am)[084] Work Tank Fluid Sensor Abnormal
[A](2021-03-24  09:53:58 am)[084] Work Tank Fluid Sensor Abnormal
[A](2021-03-24  09:53:58 am)[084] Work Tank Fluid Sensor Abnormal
[A](2021-03-24  09:53:58 am)[084] Work Tank Fluid Sensor Abnormal
[A](2021-03-24  09:53:58 am)[084] Work Tank Fluid Sensor Abnormal
[A](2021-03-24  09:53:59 am)[084] Work Tank Fluid Sensor Abnormal
[A](2021-03-24  09:53:59 am)[084] Work Tank Fluid Sensor Abnormal
[A](2021-03-24  09:53:59 am)[084] Work Tank Fluid Sensor Abnormal
[A](2021-03-24  09:53:59 am)[084] Work Tank Fluid Sensor Abnormal
[A](2021-03-24  09:53:59 am)[084] Work Tank Fluid Sensor Abnormal
[A](2021-03-24  09:53:59 am)[084] Work Tank Fluid Sensor Abnormal
[A](2021-03-24  09:54:00 am)[084] Work Tank Fluid Sensor Abnormal
[A](2021-03-24  09:54:00 am)[084] Work Tank Fluid Sensor Abnormal
[A](2021-03-24  09:54:00 am)[084] Work Tank Fluid Sensor Abnormal
[A](2021-03-24  09:54:00 am)[084] Work Tank Fluid Sensor Abnormal
[A](2021-03-24  09:54:00 am)[084] Work Tank Fluid Sensor Abnormal
[A](2021-03-24  09:54:03 am)[084] Work Tank Fluid Sensor Abnormal
[A](2021-03-24  09:54:03 am)[084] Work Tank Fluid Sensor Abnormal
[A](2021-03-24  09:54:08 am)[084] Work Tank Fluid Sensor Abnormal
[A](2021-03-24  09:54:08 am)[084] Work Tank Fluid Sensor Abnormal
[A](2021-03-24  09:54:09 am)[084] Work Tank Fluid Sensor Abnormal
[A](2021-03-24  09:54:09 am)[084] Work Tank Fluid Sensor Abnormal
[A](2021-03-24  09:54:09 am)[084] Work Tank Fluid Sensor Abnormal
[A](2021-03-24  09:54:09 am)[084] Work Tank Fluid Sensor Abnormal
[A](2021-03-24  09:54:09 am)[084] Work Tank Fluid Sensor Abnormal
[A](2021-03-24  09:54:10 am)[084] Work Tank Fluid Sensor Abnormal
[A](2021-03-24  09:54:10 am)[084] Work Tank Fluid Sensor Abnormal
[A](2021-03-24  09:54:10 am)[084] Work Tank Fluid Sensor Abnormal
[A](2021-03-24  09:54:10 am)[084] Work Tank Fluid Sensor Abnormal
[A](2021-03-24  09:54:10 am)[084] Work Tank Fluid Sensor Abnormal
[A](2021-03-24  09:54:18 am)[084] Work Tank Fluid Sensor Abnormal
[I](2021-03-24  09:56:06 am)Reset
[I](2021-03-24  09:56:22 am)작업 시작 [Start d:1021]
[I](2021-03-24  09:56:22 am)Nc File: [No.0009-516.NC *]
[I](2021-03-24  09:56:22 am)  * Start Machine Position
[I](2021-03-24  09:56:22 am)    X:    156.1954
[I](2021-03-24  09:56:22 am)    Y:   -351.2909
[I](2021-03-24  09:56:22 am)    U:     -0.0197
[I](2021-03-24  09:56:22 am)    V:      0.5996
[I](2021-03-24  09:56:22 am)    Z:    155.7971
[I](2021-03-24  09:56:22 am)  * Angle
[I](2021-03-24  09:56:22 am)    Ar:      0.3534,Kr:      0.0000
[I](2021-03-24  09:56:22 am)    Taper_Ar:      0.0000
[I](2021-03-24  09:56:34 am)작업중 정지 [d:0][t:00:00:12]
[I](2021-03-24  09:56:34 am)    [LNo:0009] 000090/000108
[I](2021-03-24  09:56:34 am)작업중 Single Block Stop [d:0][t:00:00:12]
[I](2021-03-24  10:05:19 am)작업중 정지 [d:8][t:00:08:57]
[I](2021-03-24  10:05:19 am)    [LNo:0009] 000091/000108
[I](2021-03-24  10:05:19 am)작업중 Single Block Stop [d:8][t:00:08:57]
[I](2021-03-24  10:05:40 am)Reset
[I](2021-03-24  10:05:52 am)작업 시작 [Start d:1029]
[I](2021-03-24  10:05:52 am)Nc File: [No.0009-516.NC *]
[I](2021-03-24  10:05:52 am)  * Start Machine Position
[I](2021-03-24  10:05:52 am)    X:    156.1954
[I](2021-03-24  10:05:52 am)    Y:   -351.2909
[I](2021-03-24  10:05:52 am)    U:     -0.0197
[I](2021-03-24  10:05:52 am)    V:      0.5996
[I](2021-03-24  10:05:52 am)    Z:    155.7971
[I](2021-03-24  10:05:52 am)  * Angle
[I](2021-03-24  10:05:52 am)    Ar:      0.3534,Kr:      0.0000
[I](2021-03-24  10:05:52 am)    Taper_Ar:      0.0000
[I](2021-03-24  10:06:03 am)작업중 정지 [d:0][t:00:00:10]
[I](2021-03-24  10:06:03 am)    [LNo:0009] 000090/000108
[I](2021-03-24  10:06:03 am)작업중 Single Block Stop [d:0][t:00:00:11]
[I](2021-03-24  10:13:46 am)작업중 정지 [d:8][t:00:07:54]
[I](2021-03-24  10:13:46 am)    [LNo:0009] 000091/000108
[I](2021-03-24  10:13:46 am)작업중 Single Block Stop [d:8][t:00:07:54]
[A](2021-03-24  10:14:19 am)[084] Work Tank Fluid Sensor Abnormal
[A](2021-03-24  10:14:20 am)[084] Work Tank Fluid Sensor Abnormal
[A](2021-03-24  10:14:20 am)[084] Work Tank Fluid Sensor Abnormal
[A](2021-03-24  10:14:20 am)[084] Work Tank Fluid Sensor Abnormal
[A](2021-03-24  10:14:20 am)[084] Work Tank Fluid Sensor Abnormal
[A](2021-03-24  10:14:20 am)[084] Work Tank Fluid Sensor Abnormal
[A](2021-03-24  10:14:21 am)[084] Work Tank Fluid Sensor Abnormal
[A](2021-03-24  10:14:21 am)[084] Work Tank Fluid Sensor Abnormal
[A](2021-03-24  10:14:21 am)[084] Work Tank Fluid Sensor Abnormal
[A](2021-03-24  10:14:21 am)[084] Work Tank Fluid Sensor Abnormal
[A](2021-03-24  10:14:22 am)[084] Work Tank Fluid Sensor Abnormal
[A](2021-03-24  10:14:22 am)[084] Work Tank Fluid Sensor Abnormal
[A](2021-03-24  10:14:23 am)[084] Work Tank Fluid Sensor Abnormal
[A](2021-03-24  10:14:23 am)[084] Work Tank Fluid Sensor Abnormal
[A](2021-03-24  10:14:23 am)[084] Work Tank Fluid Sensor Abnormal
[A](2021-03-24  10:14:23 am)[084] Work Tank Fluid Sensor Abnormal
[A](2021-03-24  10:14:24 am)[084] Work Tank Fluid Sensor Abnormal
[A](2021-03-24  10:14:24 am)[084] Work Tank Fluid Sensor Abnormal
[A](2021-03-24  10:14:24 am)[084] Work Tank Fluid Sensor Abnormal
[A](2021-03-24  10:14:24 am)[084] Work Tank Fluid Sensor Abnormal
[A](2021-03-24  10:14:24 am)[084] Work Tank Fluid Sensor Abnormal
[A](2021-03-24  10:14:25 am)[084] Work Tank Fluid Sensor Abnormal
[A](2021-03-24  10:14:25 am)[084] Work Tank Fluid Sensor Abnormal
[A](2021-03-24  10:14:25 am)[084] Work Tank Fluid Sensor Abnormal
[A](2021-03-24  10:14:25 am)[084] Work Tank Fluid Sensor Abnormal
[A](2021-03-24  10:14:26 am)[084] Work Tank Fluid Sensor Abnormal
[A](2021-03-24  10:14:26 am)[084] Work Tank Fluid Sensor Abnormal
[A](2021-03-24  10:14:26 am)[084] Work Tank Fluid Sensor Abnormal
[A](2021-03-24  10:14:26 am)[084] Work Tank Fluid Sensor Abnormal
[A](2021-03-24  10:14:27 am)[084] Work Tank Fluid Sensor Abnormal
[A](2021-03-24  10:14:27 am)[084] Work Tank Fluid Sensor Abnormal
[A](2021-03-24  10:14:27 am)[084] Work Tank Fluid Sensor Abnormal
[A](2021-03-24  10:14:27 am)[084] Work Tank Fluid Sensor Abnormal
[A](2021-03-24  10:14:28 am)[084] Work Tank Fluid Sensor Abnormal
[A](2021-03-24  10:14:28 am)[084] Work Tank Fluid Sensor Abnormal
[A](2021-03-24  10:14:28 am)[084] Work Tank Fluid Sensor Abnormal
[A](2021-03-24  10:14:28 am)[084] Work Tank Fluid Sensor Abnormal
[A](2021-03-24  10:14:29 am)[084] Work Tank Fluid Sensor Abnormal
[A](2021-03-24  10:14:29 am)[084] Work Tank Fluid Sensor Abnormal
[A](2021-03-24  10:14:29 am)[084] Work Tank Fluid Sensor Abnormal
[A](2021-03-24  10:14:29 am)[084] Work Tank Fluid Sensor Abnormal
[A](2021-03-24  10:14:30 am)[084] Work Tank Fluid Sensor Abnormal
[A](2021-03-24  10:14:30 am)[084] Work Tank Fluid Sensor Abnormal
[A](2021-03-24  10:14:30 am)[084] Work Tank Fluid Sensor Abnormal
[A](2021-03-24  10:14:30 am)[084] Work Tank Fluid Sensor Abnormal
[A](2021-03-24  10:14:31 am)[084] Work Tank Fluid Sensor Abnormal
[A](2021-03-24  10:14:31 am)[084] Work Tank Fluid Sensor Abnormal
[A](2021-03-24  10:14:31 am)[084] Work Tank Fluid Sensor Abnormal
[A](2021-03-24  10:14:31 am)[084] Work Tank Fluid Sensor Abnormal
[I](2021-03-24  10:28:56 am)Reset
[I](2021-03-24  10:29:00 am)Reset
[A](2021-03-24  10:30:14 am)[001] 와이어 미동작
[I](2021-03-24  10:30:44 am)Reset
[I](2021-03-24  10:30:47 am)Reset
[I](2021-03-24  10:30:48 am)Reset
[I](2021-03-24  10:31:03 am)Reset
[I](2021-03-24  10:37:19 am)Reset
[I](2021-03-24  10:41:14 am)Reset
[I](2021-03-24  10:44:22 am)Reset
[I](2021-03-24  10:44:25 am)Reset
[I](2021-03-24  10:46:14 am)Reset
[I](2021-03-24  10:46:41 am)Reset
[I](2021-03-24  10:47:05 am)Reset
[I](2021-03-24  10:47:14 am)Reset
[I](2021-03-24  10:50:24 am)Reset
[I](2021-03-24  10:52:45 am)Reset
[I](2021-03-24  10:52:59 am)Reset
[I](2021-03-24  10:53:09 am)Reset
[I](2021-03-24  10:53:17 am)Reset
[I](2021-03-24  10:54:08 am)Reset
[I](2021-03-24  10:54:43 am)Reset
[I](2021-03-24  10:54:43 am)Reset
[I](2021-03-24  10:54:43 am)Reset
[I](2021-03-24  10:55:04 am)작업 시작 [Start d:1037]
[I](2021-03-24  10:55:04 am)Nc File: [No.0013-522.NC]
[I](2021-03-24  10:55:04 am)  * Start Machine Position
[I](2021-03-24  10:55:04 am)    X:    319.0709
[I](2021-03-24  10:55:04 am)    Y:   -386.6033
[I](2021-03-24  10:55:04 am)    U:      0.0007
[I](2021-03-24  10:55:04 am)    V:      0.0499
[I](2021-03-24  10:55:04 am)    Z:    156.1401
[I](2021-03-24  10:55:04 am)  * Angle
[I](2021-03-24  10:55:04 am)    Ar:     -0.8235,Kr:      0.0000
[I](2021-03-24  10:55:04 am)    Taper_Ar:      0.0000
[I](2021-03-24  10:55:13 am)작업중 정지 [d:0][t:00:00:09]
[I](2021-03-24  10:55:13 am)    [LNo:0013] 000010/000064
[I](2021-03-24  10:55:13 am)작업중 M코드정지 [d:0][t:00:00:09]
[I](2021-03-24  10:57:04 am)작업중 정지 [d:0][t:00:01:59]
[I](2021-03-24  10:57:04 am)    [LNo:0013] 000010/000064
[I](2021-03-24  10:57:04 am)작업중 M코드정지 [d:0][t:00:01:59]
[I](2021-03-24  11:09:01 am)작업중 정지 [d:-1025][t:00:13:56]
[I](2021-03-24  11:09:01 am)    [LNo:0013] 000023/000064
[I](2021-03-24  11:09:01 am)작업중 30sec 접촉 정지 [d:-1025][t:00:13:56]
[I](2021-03-24  11:09:07 am)작업 재시작
[I](2021-03-24  11:09:17 am)작업중 정지 [d:-1025][t:00:14:12]
[I](2021-03-24  11:09:17 am)    [LNo:0013] 000023/000064
[I](2021-03-24  11:09:17 am)작업중 30sec 접촉 정지 [d:-1025][t:00:14:12]
[I](2021-03-24  11:09:21 am)작업 재시작
[I](2021-03-24  11:09:26 am)작업중 정지 [d:-1025][t:00:14:21]
[I](2021-03-24  11:09:26 am)    [LNo:0013] 000023/000064
[I](2021-03-24  11:09:26 am)작업중 30sec 접촉 정지 [d:-1025][t:00:14:21]
[I](2021-03-24  11:09:29 am)작업 재시작
[I](2021-03-24  11:09:34 am)작업중 정지 [d:-1025][t:00:14:30]
[I](2021-03-24  11:09:34 am)    [LNo:0013] 000023/000064
[I](2021-03-24  11:09:34 am)작업중 30sec 접촉 정지 [d:-1025][t:00:14:30]
[I](2021-03-24  11:09:39 am)작업 재시작
[I](2021-03-24  11:58:02 am)작업중 정지 [d:-976][t:01:02:57]
[I](2021-03-24  11:58:02 am)    [LNo:0013] 000024/000064
[I](2021-03-24  11:58:02 am)작업중 M코드정지 [d:-976][t:01:02:57]
[I](2021-03-24  12:21:03 pm)작업중 정지 [d:-976][t:01:25:59]
[I](2021-03-24  12:21:03 pm)    [LNo:0013] 000026/000064
[I](2021-03-24  12:21:03 pm)작업중 M코드정지 [d:-976][t:01:25:59]
[I](2021-03-24  12:39:11 pm)작업중 정지 [d:-958][t:01:44:07]
[I](2021-03-24  12:39:11 pm)    [LNo:0013] 000057/000064
[I](2021-03-24  12:39:11 pm)작업중 M코드정지 [d:-958][t:01:44:07]
[I](2021-03-24  12:39:27 pm)Reset
[I](2021-03-24  12:39:37 pm)작업 시작 [Start d:79]
[I](2021-03-24  12:39:37 pm)Nc File: [No.0013-522.NC]
[I](2021-03-24  12:39:37 pm)  * Start Machine Position
[I](2021-03-24  12:39:37 pm)    X:    363.8289
[I](2021-03-24  12:39:37 pm)    Y:   -357.8407
[I](2021-03-24  12:39:37 pm)    U:      0.0007
[I](2021-03-24  12:39:37 pm)    V:      0.0499
[I](2021-03-24  12:39:37 pm)    Z:    156.1401
[I](2021-03-24  12:39:37 pm)  * Angle
[I](2021-03-24  12:39:37 pm)    Ar:     -0.8235,Kr:      0.0000
[I](2021-03-24  12:39:37 pm)    Taper_Ar:      0.0000
[I](2021-03-24  12:45:01 pm)작업중 정지 [d:6][t:00:05:24]
[I](2021-03-24  12:45:01 pm)    [LNo:0013] 000057/000064
[I](2021-03-24  12:45:01 pm)작업중 M코드정지 [d:6][t:00:05:24]
[I](2021-03-24  12:53:25 pm)Reset
[I](2021-03-24  12:53:31 pm)Reset
[I](2021-03-24  12:55:22 pm)Reset
[I](2021-03-24  12:55:53 pm)Reset
[I](2021-03-24  12:59:28 pm)Reset
[I](2021-03-24  12:59:49 pm)Reset
[I](2021-03-24  01:01:23 pm)작업 시작 [Start d:85]
[I](2021-03-24  01:01:23 pm)Nc File: [No.0014-535.NC]
[I](2021-03-24  01:01:23 pm)  * Start Machine Position
[I](2021-03-24  01:01:23 pm)    X:    272.8113
[I](2021-03-24  01:01:23 pm)    Y:   -321.6682
[I](2021-03-24  01:01:23 pm)    U:      0.0000
[I](2021-03-24  01:01:23 pm)    V:      0.0000
[I](2021-03-24  01:01:23 pm)    Z:     27.0746
[I](2021-03-24  01:01:23 pm)  * Angle
[I](2021-03-24  01:01:23 pm)    Ar:     -0.2380,Kr:      0.0000
[I](2021-03-24  01:01:23 pm)    Taper_Ar:      0.0000
[I](2021-03-24  02:36:07 pm)작업중 정지 [d:95][t:01:34:43]
[I](2021-03-24  02:36:07 pm)    [LNo:0014] 000087/000224
[I](2021-03-24  02:36:07 pm)Wire Contact Auto Stop(M52)
[A](2021-03-24  02:37:02 pm)[001] 와이어 미동작
[I](2021-03-24  02:37:05 pm)작업 재시작
[I](2021-03-24  02:47:38 pm)작업중 정지 [d:105][t:01:46:14]
[I](2021-03-24  02:47:38 pm)    [LNo:0014] 000104/000224
[I](2021-03-24  02:47:38 pm)작업중 M코드정지 [d:105][t:01:46:14]
[I](2021-03-24  02:48:19 pm)작업중 정지 [d:105][t:01:46:55]
[I](2021-03-24  02:48:19 pm)    [LNo:0014] 000105/000224
[I](2021-03-24  02:48:19 pm)Wire Contact Auto Stop(M52)
[I](2021-03-24  02:48:49 pm)작업 재시작
[I](2021-03-24  02:48:50 pm)작업중 정지 [d:105][t:01:47:26]
[I](2021-03-24  02:48:50 pm)    [LNo:0014] 000105/000224
[I](2021-03-24  02:49:18 pm)작업 재시작
[I](2021-03-24  02:49:20 pm)작업중 정지 [d:105][t:01:47:56]
[I](2021-03-24  02:49:20 pm)    [LNo:0014] 000106/000224
[I](2021-03-24  02:49:20 pm)작업중 M코드정지 [d:105][t:01:47:56]
[I](2021-03-24  04:25:04 pm)작업중 정지 [d:199][t:03:23:40]
[I](2021-03-24  04:25:04 pm)    [LNo:0014] 000195/000224
[I](2021-03-24  04:25:04 pm)Wire Contact Auto Stop(M52)
[I](2021-03-24  04:25:23 pm)작업 재시작
[I](2021-03-24  04:35:57 pm)작업중 정지 [d:210][t:03:34:33]
[I](2021-03-24  04:35:57 pm)    [LNo:0014] 000212/000224
[I](2021-03-24  04:35:57 pm)작업중 M코드정지 [d:210][t:03:34:33]
[I](2021-03-24  04:36:17 pm)작업중 정지 [d:210][t:03:34:53]
[I](2021-03-24  04:36:17 pm)    [LNo:0014] 000213/000224
[I](2021-03-24  04:36:17 pm)Wire Contact Auto Stop(M52)
[I](2021-03-24  04:41:38 pm)Reset
[I](2021-03-24  04:42:42 pm)Reset
[I](2021-03-24  04:43:16 pm)Reset
[I](2021-03-24  04:46:27 pm)Reset
[I](2021-03-24  04:50:08 pm)Reset
[I](2021-03-24  04:53:17 pm)작업 시작 [Start d:295]
[I](2021-03-24  04:53:17 pm)Nc File: [No.0015-550.NC]
[I](2021-03-24  04:53:17 pm)  * Start Machine Position
[I](2021-03-24  04:53:17 pm)    X:     22.5111
[I](2021-03-24  04:53:17 pm)    Y:   -350.1196
[I](2021-03-24  04:53:17 pm)    U:      0.0000
[I](2021-03-24  04:53:17 pm)    V:      0.0000
[I](2021-03-24  04:53:17 pm)    Z:     42.5521
[I](2021-03-24  04:53:17 pm)  * Angle
[I](2021-03-24  04:53:17 pm)    Ar:      0.8485,Kr:      0.0000
[I](2021-03-24  04:53:17 pm)    Taper_Ar:      0.0000
[I](2021-03-24  05:02:25 pm)작업중 정지 [d:9][t:00:09:08]
[I](2021-03-24  05:02:25 pm)    [LNo:0015] 000042/000186
[I](2021-03-24  05:02:25 pm)작업중 30sec 접촉 정지 [d:9][t:00:09:08]
[I](2021-03-24  05:03:21 pm)작업 재시작
[I](2021-03-24  05:06:46 pm)작업중 정지 [d:13][t:00:13:29]
[I](2021-03-24  05:06:46 pm)    [LNo:0015] 000085/000186
[I](2021-03-24  05:06:46 pm)작업중 M코드정지 [d:13][t:00:13:29]
[I](2021-03-24  05:07:17 pm)작업중 정지 [d:13][t:00:14:00]
[I](2021-03-24  05:07:17 pm)    [LNo:0015] 000087/000186
[I](2021-03-24  05:07:17 pm)작업중 M코드정지 [d:13][t:00:14:00]
[I](2021-03-24  05:24:30 pm)작업중 정지 [d:25][t:00:31:13]
[I](2021-03-24  05:24:30 pm)    [LNo:0015] 000174/000186
[I](2021-03-24  05:24:30 pm)작업중 M코드정지 [d:25][t:00:31:13]
[I](2021-03-24  05:28:30 pm)작업중 정지 [d:25][t:00:35:13]
[I](2021-03-24  05:28:30 pm)    [LNo:0015] 000176/000186
[I](2021-03-24  05:28:30 pm)작업중 M코드정지 [d:25][t:00:35:13]
[I](2021-03-24  05:32:48 pm)Reset
[I](2021-03-24  05:32:48 pm)Reset
[I](2021-03-24  05:41:09 pm)Reset
[I](2021-03-24  05:41:43 pm)Reset
[I](2021-03-24  05:43:46 pm)Reset
[I](2021-03-24  05:48:23 pm)Reset
[I](2021-03-24  05:49:45 pm)Reset
[I](2021-03-24  05:50:14 pm)Reset
[I](2021-03-24  05:54:48 pm)작업 시작 [Start d:320]
[I](2021-03-24  05:54:48 pm)Nc File: [No.0016-551.NC]
[I](2021-03-24  05:54:48 pm)  * Start Machine Position
[I](2021-03-24  05:54:48 pm)    X:    116.5727
[I](2021-03-24  05:54:48 pm)    Y:   -308.8179
[I](2021-03-24  05:54:48 pm)    U:      0.2028
[I](2021-03-24  05:54:48 pm)    V:      0.0732
[I](2021-03-24  05:54:48 pm)    Z:    110.3011
[I](2021-03-24  05:54:48 pm)  * Angle
[I](2021-03-24  05:54:48 pm)    Ar:      0.9492,Kr:      0.0000
[I](2021-03-24  05:54:48 pm)    Taper_Ar:      0.0000
[I](2021-03-24  05:55:00 pm)작업중 정지 [d:0][t:00:00:12]
[I](2021-03-24  05:55:00 pm)    [LNo:0016] 000010/000122
[I](2021-03-24  05:55:00 pm)작업중 M코드정지 [d:0][t:00:00:12]
[I](2021-03-24  05:55:52 pm)작업중 정지 [d:0][t:00:01:04]
[I](2021-03-24  05:55:52 pm)    [LNo:0016] 000013/000122
[A](2021-03-24  05:56:37 pm)[084] Work Tank Fluid Sensor Abnormal
[A](2021-03-24  05:56:37 pm)[084] Work Tank Fluid Sensor Abnormal
[A](2021-03-24  05:56:38 pm)[084] Work Tank Fluid Sensor Abnormal
[A](2021-03-24  05:56:39 pm)[084] Work Tank Fluid Sensor Abnormal
[A](2021-03-24  05:57:06 pm)[091] Auto Door Sensor Abnormal
[I](2021-03-24  05:58:01 pm)작업중 정지 [d:0][t:00:03:12]
[I](2021-03-24  05:58:01 pm)    [LNo:0016] 000021/000122
[I](2021-03-24  05:58:50 pm)작업 재시작
[I](2021-03-24  06:10:16 pm)작업중 정지 [d:11][t:00:15:27]
[I](2021-03-24  06:10:16 pm)    [LNo:0016] 000032/000122
[I](2021-03-24  06:10:16 pm)작업중 M코드정지 [d:11][t:00:15:28]
[I](2021-03-24  06:11:12 pm)작업중 정지 [d:12][t:00:16:23]
[I](2021-03-24  06:11:12 pm)    [LNo:0016] 000034/000122
[I](2021-03-24  06:11:12 pm)Wire Contact Auto Stop(M52)
[A](2021-03-24  06:11:38 pm)[084] Work Tank Fluid Sensor Abnormal
[I](2021-03-24  06:12:29 pm)작업 재시작
[I](2021-03-24  06:12:32 pm)작업중 정지 [d:12][t:00:17:43]
[I](2021-03-24  06:12:32 pm)    [LNo:0016] 000034/000122
[I](2021-03-24  06:12:39 pm)작업 재시작
[I](2021-03-24  06:12:40 pm)작업중 정지 [d:12][t:00:17:52]
[I](2021-03-24  06:12:40 pm)    [LNo:0016] 000034/000122
[I](2021-03-24  06:12:47 pm)작업 재시작
[I](2021-03-24  06:12:50 pm)작업중 정지 [d:12][t:00:18:01]
[I](2021-03-24  06:12:50 pm)    [LNo:0016] 000034/000122
[I](2021-03-24  06:12:54 pm)작업 재시작
[I](2021-03-24  06:16:10 pm)작업중 정지 [d:15][t:00:21:21]
[I](2021-03-24  06:16:10 pm)    [LNo:0016] 000061/000122
[I](2021-03-24  06:16:10 pm)작업중 M코드정지 [d:15][t:00:21:21]
[I](2021-03-24  06:17:56 pm)작업중 정지 [d:15][t:00:23:07]
[I](2021-03-24  06:17:56 pm)    [LNo:0016] 000039/000122
[I](2021-03-24  06:19:46 pm)작업중 정지 [d:17][t:00:24:57]
[I](2021-03-24  06:19:46 pm)    [LNo:0016] 000061/000122
[I](2021-03-24  06:19:46 pm)작업중 M코드정지 [d:17][t:00:24:57]
[I](2021-03-24  06:22:00 pm)작업중 정지 [d:17][t:00:27:11]
[I](2021-03-24  06:22:00 pm)    [LNo:0016] 000039/000122
[I](2021-03-24  06:23:42 pm)작업중 정지 [d:18][t:00:28:54]
[I](2021-03-24  06:23:42 pm)    [LNo:0016] 000060/000122
[I](2021-03-24  06:23:43 pm)작업중 M코드정지 [d:18][t:00:28:54]
[I](2021-03-24  06:27:18 pm)작업중 정지 [d:18][t:00:32:29]
[I](2021-03-24  06:27:18 pm)    [LNo:0016] 000039/000122
[I](2021-03-24  06:28:50 pm)작업중 정지 [d:20][t:00:34:01]
[I](2021-03-24  06:28:50 pm)    [LNo:0016] 000060/000122
[I](2021-03-24  06:28:50 pm)작업중 M코드정지 [d:20][t:00:34:02]
[I](2021-03-24  06:31:53 pm)작업중 정지 [d:20][t:00:37:04]
[I](2021-03-24  06:31:53 pm)    [LNo:0016] 000039/000122
[I](2021-03-24  06:33:26 pm)작업중 정지 [d:21][t:00:38:37]
[I](2021-03-24  06:33:26 pm)    [LNo:0016] 000060/000122
[I](2021-03-24  06:33:26 pm)작업중 M코드정지 [d:21][t:00:38:37]
[I](2021-03-24  07:30:29 pm)작업중 정지 [d:33][t:01:35:40]
[I](2021-03-24  07:30:29 pm)    [LNo:0016] 000086/000122
[I](2021-03-24  07:30:29 pm)작업중 M코드정지 [d:33][t:01:35:40]
[I](2021-03-24  07:33:27 pm)작업중 정지 [d:33][t:01:38:38]
[I](2021-03-24  07:33:27 pm)    [LNo:0016] 000087/000122
[I](2021-03-24  07:33:27 pm)작업중 30sec 접촉 정지 [d:33][t:01:38:39]
[I](2021-03-24  07:36:43 pm)작업 재시작
[I](2021-03-24  07:36:53 pm)작업중 정지 [d:34][t:01:42:04]
[I](2021-03-24  07:36:53 pm)    [LNo:0016] 000089/000122
[I](2021-03-24  07:36:53 pm)작업중 M코드정지 [d:34][t:01:42:04]
[I](2021-03-24  07:38:20 pm)작업중 정지 [d:34][t:01:43:32]
[I](2021-03-24  07:38:20 pm)    [LNo:0016] 000096/000122
[A](2021-03-24  07:38:54 pm)[084] Work Tank Fluid Sensor Abnormal
[I](2021-03-24  07:42:21 pm)작업중 정지 [d:37][t:01:47:32]
[I](2021-03-24  07:42:21 pm)    [LNo:0016] 000114/000122
[I](2021-03-24  07:42:21 pm)작업중 M코드정지 [d:37][t:01:47:32]
[I](2021-03-24  07:45:15 pm)작업중 정지 [d:37][t:01:50:26]
[I](2021-03-24  07:45:15 pm)    [LNo:0016] 000091/000122
[I](2021-03-24  07:48:35 pm)작업중 정지 [d:38][t:01:53:46]
[I](2021-03-24  07:48:35 pm)    [LNo:0016] 000114/000122
[I](2021-03-24  07:48:35 pm)작업중 M코드정지 [d:38][t:01:53:46]
[I](2021-03-24  07:51:32 pm)작업중 정지 [d:38][t:01:56:43]
[I](2021-03-24  07:51:32 pm)    [LNo:0016] 000093/000122
[I](2021-03-24  07:53:17 pm)작업중 정지 [d:39][t:01:58:28]
[I](2021-03-24  07:53:17 pm)    [LNo:0016] 000114/000122
[I](2021-03-24  07:53:17 pm)작업중 M코드정지 [d:39][t:01:58:28]
[I](2021-03-24  07:56:18 pm)작업중 정지 [d:39][t:02:01:30]
[I](2021-03-24  07:56:18 pm)    [LNo:0016] 000093/000122
[I](2021-03-24  07:57:53 pm)작업중 정지 [d:41][t:02:03:04]
[I](2021-03-24  07:57:53 pm)    [LNo:0016] 000115/000122
[I](2021-03-24  07:57:53 pm)작업중 M코드정지 [d:41][t:02:03:04]
[A](2021-03-24  07:58:50 pm)[037] 자동결선 잔여 WIRE 처리 실패!!
[I](2021-03-24  08:18:11 pm)Reset
[I](2021-03-24  08:18:11 pm)Reset
[A](2021-03-24  09:54:33 pm)[041] AWF 명령끝날때까지 센서감지(타임아웃) 안됨
[I](2021-03-24  10:06:00 pm)Reset
[I](2021-03-24  10:06:01 pm)Reset
[I](2021-03-24  10:06:47 pm)Reset
[I](2021-03-24  10:06:47 pm)Reset
[I](2021-03-24  10:07:30 pm)Reset
[I](2021-03-24  10:08:15 pm)Reset
[I](2021-03-24  10:08:16 pm)Reset
[I](2021-03-24  10:08:51 pm)Reset
[I](2021-03-24  10:08:51 pm)Reset
[I](2021-03-24  10:09:26 pm)Reset
[I](2021-03-24  10:09:26 pm)Reset
[I](2021-03-24  10:09:52 pm)Reset
[I](2021-03-24  10:09:52 pm)Reset
[I](2021-03-24  10:11:18 pm)Reset
[I](2021-03-24  10:11:19 pm)Reset
[I](2021-03-24  10:13:31 pm)작업 시작 [Start d:361]
[I](2021-03-24  10:13:31 pm)Nc File: [No.0001-521.NC]
[I](2021-03-24  10:13:31 pm)  * Start Machine Position
[I](2021-03-24  10:13:31 pm)    X:     75.6988
[I](2021-03-24  10:13:31 pm)    Y:   -329.2658
[I](2021-03-24  10:13:31 pm)    U:     -0.7170
[I](2021-03-24  10:13:31 pm)    V:      1.8197
[I](2021-03-24  10:13:31 pm)    Z:    155.6842
[I](2021-03-24  10:13:31 pm)  * Angle
[I](2021-03-24  10:13:31 pm)    Ar:     -0.6917,Kr:      0.0000
[I](2021-03-24  10:13:31 pm)    Taper_Ar:      0.0000
[I](2021-03-24  10:13:37 pm)작업중 정지 [d:0][t:00:00:06]
[I](2021-03-24  10:13:37 pm)    [LNo:0001] 000010/000088
[I](2021-03-24  10:13:37 pm)작업중 M코드정지 [d:0][t:00:00:06]
[I](2021-03-24  10:14:19 pm)Reset
[I](2021-03-24  10:14:19 pm)Reset
[I](2021-03-24  10:14:20 pm)Reset
[I](2021-03-24  10:14:37 pm)작업 시작 [Start d:361]
[I](2021-03-24  10:14:37 pm)Nc File: [No.0001-521.NC]
[I](2021-03-24  10:14:37 pm)  * Start Machine Position
[I](2021-03-24  10:14:37 pm)    X:     75.6988
[I](2021-03-24  10:14:37 pm)    Y:   -329.2658
[I](2021-03-24  10:14:37 pm)    U:     -0.7170
[I](2021-03-24  10:14:37 pm)    V:      1.8197
[I](2021-03-24  10:14:37 pm)    Z:    155.6842
[I](2021-03-24  10:14:37 pm)  * Angle
[I](2021-03-24  10:14:37 pm)    Ar:     -0.6917,Kr:      0.0000
[I](2021-03-24  10:14:37 pm)    Taper_Ar:      0.0000
[I](2021-03-24  10:14:43 pm)작업중 정지 [d:0][t:00:00:06]
[I](2021-03-24  10:14:43 pm)    [LNo:0001] 000010/000088
[I](2021-03-24  10:14:43 pm)작업중 M코드정지 [d:0][t:00:00:06]
[I](2021-03-24  10:14:52 pm)작업중 정지 [d:0][t:00:00:15]
[I](2021-03-24  10:14:52 pm)    [LNo:0001] 000010/000088
[I](2021-03-24  10:14:53 pm)작업중 M코드정지 [d:0][t:00:00:15]
[I](2021-03-24  10:15:05 pm)작업중 정지 [d:0][t:00:00:28]
[I](2021-03-24  10:15:05 pm)    [LNo:0001] 000032/000088
[I](2021-03-24  10:15:05 pm)작업중 M코드정지 [d:0][t:00:00:28]
[I](2021-03-24  10:15:13 pm)작업중 정지 [d:0][t:00:00:36]
[I](2021-03-24  10:15:13 pm)    [LNo:0001] 000034/000088
[I](2021-03-24  10:15:13 pm)작업중 M코드정지 [d:0][t:00:00:36]
[I](2021-03-24  10:15:23 pm)작업중 정지 [d:0][t:00:00:45]
[I](2021-03-24  10:15:23 pm)    [LNo:0001] 000062/000088
[I](2021-03-24  10:15:40 pm)작업중 정지 [d:0][t:00:01:03]
[I](2021-03-24  10:15:40 pm)    [LNo:0001] 000081/000088
[I](2021-03-24  10:15:40 pm)작업중 M코드정지 [d:0][t:00:01:03]
[I](2021-03-24  10:15:48 pm)작업중 정지 [d:0][t:00:01:11]
[I](2021-03-24  10:15:48 pm)    [LNo:0001] 000084/000088
[I](2021-03-24  10:15:48 pm)작업중 M코드정지 [d:0][t:00:01:11]
[I](2021-03-24  10:15:55 pm)Reset
[I](2021-03-24  10:16:26 pm)작업 시작 [Start d:361]
[I](2021-03-24  10:16:26 pm)Nc File: [No.0001-521.NC]
[I](2021-03-24  10:16:26 pm)  * Start Machine Position
[I](2021-03-24  10:16:26 pm)    X:     75.6988
[I](2021-03-24  10:16:26 pm)    Y:   -329.2658
[I](2021-03-24  10:16:26 pm)    U:     -0.7170
[I](2021-03-24  10:16:26 pm)    V:      1.8197
[I](2021-03-24  10:16:26 pm)    Z:    155.6842
[I](2021-03-24  10:16:26 pm)  * Angle
[I](2021-03-24  10:16:26 pm)    Ar:     -0.6917,Kr:      0.0000
[I](2021-03-24  10:16:26 pm)    Taper_Ar:      0.0000
[I](2021-03-24  10:16:33 pm)작업중 정지 [d:0][t:00:00:06]
[I](2021-03-24  10:16:33 pm)    [LNo:0001] 000010/000088
[I](2021-03-24  10:16:33 pm)작업중 M코드정지 [d:0][t:00:00:06]
