[I](2021-11-17  12:30:58 am)작업중 정지 [d:148][t:02:32:29]
[I](2021-11-17  12:30:58 am)    [LNo:0005] 000133/000409
[A](2021-11-17  12:30:58 am)[008] 작업중 단선(AWF Feed Motor Stop )
[I](2021-11-17  12:30:58 am)작업중 Wire 단선 [d:148][t:02:32:29]
[I](2021-11-17  12:32:07 am)작업 재시작
[I](2021-11-17  03:15:18 am)작업중 정지 [d:311][t:05:16:49]
[I](2021-11-17  03:15:18 am)    [LNo:0005] 000240/000409
[I](2021-11-17  03:15:18 am)작업중 30sec 접촉 정지 [d:311][t:05:16:49]
[I](2021-11-17  03:16:15 am)작업 재시작
[I](2021-11-17  03:22:47 am)작업중 정지 [d:318][t:05:24:18]
[I](2021-11-17  03:22:47 am)    [LNo:0005] 000251/000409
[I](2021-11-17  03:22:47 am)작업중 30sec 접촉 정지 [d:318][t:05:24:18]
[I](2021-11-17  03:23:09 am)작업 재시작
[I](2021-11-17  03:23:41 am)작업중 정지 [d:318][t:05:25:12]
[I](2021-11-17  03:23:41 am)    [LNo:0005] 000255/000409
[I](2021-11-17  03:23:41 am)작업중 30sec 접촉 정지 [d:318][t:05:25:13]
[I](2021-11-17  03:28:17 am)작업 재시작
[I](2021-11-17  05:28:02 am)작업중 정지 [d:437][t:07:29:34]
[I](2021-11-17  05:28:02 am)    [LNo:0005] 000349/000409
[I](2021-11-17  05:28:02 am)작업중 30sec 접촉 정지 [d:437][t:07:29:34]
[I](2021-11-17  05:59:01 am)작업 재시작
[I](2021-11-17  06:26:33 am)작업중 정지 [d:463][t:08:28:04]
[I](2021-11-17  06:26:33 am)    [LNo:0005] 000375/000409
[I](2021-11-17  06:26:33 am)작업중 M코드정지 [d:463][t:08:28:04]
[I](2021-11-17  07:01:58 am)작업중 정지 [d:484][t:09:03:29]
[I](2021-11-17  07:01:58 am)    [LNo:0005] 000397/000409
[I](2021-11-17  07:01:58 am)작업중 M코드정지 [d:484][t:09:03:29]
[I](2021-11-17  07:16:42 am)작업중 정지 [d:484][t:09:18:13]
[I](2021-11-17  07:16:42 am)    [LNo:0005] 000399/000409
[I](2021-11-17  07:16:42 am)작업중 M코드정지 [d:484][t:09:18:13]
[I](2021-11-17  07:19:55 am)Reset
[I](2021-11-17  07:20:11 am)Reset
[I](2021-11-17  07:20:11 am)Reset
[I](2021-11-17  07:33:38 am)Reset
[I](2021-11-17  07:35:44 am)Reset
[I](2021-11-17  07:35:50 am)Reset
[I](2021-11-17  07:35:51 am)Reset
[I](2021-11-17  07:35:51 am)Reset
[I](2021-11-17  07:38:46 am)Reset
[A](2021-11-17  07:38:52 am)[001] 와이어 미동작
[I](2021-11-17  07:39:31 am)Reset
[I](2021-11-17  07:40:01 am)Reset
[I](2021-11-17  07:40:09 am)Reset
[A](2021-11-17  07:40:41 am)[002] 가공액 미동작
[I](2021-11-17  07:41:17 am)Reset
[I](2021-11-17  07:41:31 am)Reset
[I](2021-11-17  07:41:31 am)Reset
[I](2021-11-17  07:41:37 am)Reset
[I](2021-11-17  07:42:33 am)작업 시작 [Start d:640]
[I](2021-11-17  07:42:33 am)Nc File: [No.0006-421.NC]
[I](2021-11-17  07:42:33 am)  * Start Machine Position
[I](2021-11-17  07:42:33 am)    X:      9.3983
[I](2021-11-17  07:42:33 am)    Y:   -361.3954
[I](2021-11-17  07:42:33 am)    U:     -0.0305
[I](2021-11-17  07:42:33 am)    V:     -0.3200
[I](2021-11-17  07:42:33 am)    Z:    153.5632
[I](2021-11-17  07:42:33 am)  * Angle
[I](2021-11-17  07:42:33 am)    Ar:     -0.0789,Kr:      0.0000
[I](2021-11-17  07:42:33 am)    Taper_Ar:      0.0000
[I](2021-11-17  07:43:04 am)작업중 정지 [d:0][t:00:00:31]
[I](2021-11-17  07:43:04 am)    [LNo:0006] 000013/000039
[A](2021-11-17  07:47:47 am)[001] 와이어 미동작
[I](2021-11-17  09:01:32 am)작업중 정지 [d:73][t:01:18:58]
[I](2021-11-17  09:01:32 am)    [LNo:0006] 000027/000039
[I](2021-11-17  09:01:32 am)작업중 M코드정지 [d:73][t:01:18:59]
[I](2021-11-17  09:02:16 am)작업중 정지 [d:73][t:01:19:43]
[I](2021-11-17  09:02:16 am)    [LNo:0006] 000028/000039
[I](2021-11-17  09:02:47 am)작업 재시작
[I](2021-11-17  09:02:52 am)작업중 정지 [d:73][t:01:20:19]
[I](2021-11-17  09:02:52 am)    [LNo:0006] 000029/000039
[I](2021-11-17  09:02:52 am)작업중 M코드정지 [d:73][t:01:20:19]
[I](2021-11-17  09:03:27 am)작업중 정지 [d:73][t:01:20:53]
[I](2021-11-17  09:03:27 am)    [LNo:0006] 000031/000039
[I](2021-11-17  09:03:27 am)작업중 M코드정지 [d:73][t:01:20:53]
[A](2021-11-17  09:04:03 am)[084] Work Tank Fluid Sensor Abnormal
[I](2021-11-17  09:11:23 am)Reset
[I](2021-11-17  09:11:38 am)Reset
[I](2021-11-17  09:21:15 am)작업 시작 [Start d:713]
[I](2021-11-17  09:21:15 am)Nc File: [No.0001-405.NC]
[I](2021-11-17  09:21:15 am)  * Start Machine Position
[I](2021-11-17  09:21:15 am)    X:      7.3226
[I](2021-11-17  09:21:15 am)    Y:   -318.1576
[I](2021-11-17  09:21:15 am)    U:      0.0000
[I](2021-11-17  09:21:15 am)    V:      0.0000
[I](2021-11-17  09:21:15 am)    Z:      8.2647
[I](2021-11-17  09:21:15 am)  * Angle
[I](2021-11-17  09:21:15 am)    Ar:      0.6501,Kr:      0.0000
[I](2021-11-17  09:21:15 am)    Taper_Ar:      0.0000
[I](2021-11-17  09:21:50 am)작업중 정지 [d:1][t:00:00:34]
[I](2021-11-17  09:21:50 am)    [LNo:0001] 000015/000194
[A](2021-11-17  09:21:50 am)[008] 작업중 단선(AWF Feed Motor Stop )
[I](2021-11-17  09:21:50 am)작업중 Wire 단선 [d:1][t:00:00:34]
[I](2021-11-17  09:23:55 am)작업 재시작
[I](2021-11-17  09:27:38 am)작업중 정지 [d:4][t:00:06:22]
[I](2021-11-17  09:27:38 am)    [LNo:0001] 000022/000194
[I](2021-11-17  09:27:38 am)작업중 M코드정지 [d:4][t:00:06:22]
[I](2021-11-17  09:27:50 am)작업중 정지 [d:4][t:00:06:34]
[I](2021-11-17  09:27:50 am)    [LNo:0001] 000023/000194
[I](2021-11-17  09:29:03 am)작업 재시작
[I](2021-11-17  09:29:05 am)작업중 정지 [d:4][t:00:07:49]
[I](2021-11-17  09:29:05 am)    [LNo:0001] 000024/000194
[I](2021-11-17  09:29:05 am)작업중 M코드정지 [d:4][t:00:07:49]
[I](2021-11-17  09:51:24 am)작업중 정지 [d:25][t:00:30:08]
[I](2021-11-17  09:51:24 am)    [LNo:0001] 000054/000194
[I](2021-11-17  09:51:24 am)작업중 M코드정지 [d:25][t:00:30:08]
[I](2021-11-17  09:51:48 am)작업중 정지 [d:25][t:00:30:32]
[I](2021-11-17  09:51:48 am)    [LNo:0001] 000055/000194
[I](2021-11-17  09:52:33 am)작업 재시작
[I](2021-11-17  09:52:39 am)작업중 정지 [d:25][t:00:31:23]
[I](2021-11-17  09:52:39 am)    [LNo:0001] 000056/000194
[I](2021-11-17  09:52:39 am)작업중 M코드정지 [d:25][t:00:31:23]
[I](2021-11-17  10:14:48 am)작업중 정지 [d:46][t:00:53:32]
[I](2021-11-17  10:14:48 am)    [LNo:0001] 000086/000194
[I](2021-11-17  10:14:48 am)작업중 M코드정지 [d:46][t:00:53:32]
[I](2021-11-17  10:16:01 am)작업중 정지 [d:46][t:00:54:45]
[I](2021-11-17  10:16:01 am)    [LNo:0001] 000087/000194
[I](2021-11-17  10:16:54 am)작업 재시작
[I](2021-11-17  10:16:57 am)작업중 정지 [d:46][t:00:55:41]
[I](2021-11-17  10:16:57 am)    [LNo:0001] 000088/000194
[I](2021-11-17  10:16:58 am)작업중 M코드정지 [d:46][t:00:55:42]
[I](2021-11-17  10:39:29 am)작업중 정지 [d:67][t:01:18:13]
[I](2021-11-17  10:39:29 am)    [LNo:0001] 000118/000194
[I](2021-11-17  10:39:29 am)작업중 M코드정지 [d:67][t:01:18:13]
[I](2021-11-17  10:39:49 am)작업중 정지 [d:67][t:01:18:33]
[I](2021-11-17  10:39:49 am)    [LNo:0001] 000119/000194
[I](2021-11-17  10:40:46 am)작업 재시작
[I](2021-11-17  10:40:49 am)작업중 정지 [d:67][t:01:19:33]
[I](2021-11-17  10:40:49 am)    [LNo:0001] 000120/000194
[I](2021-11-17  10:40:49 am)작업중 M코드정지 [d:67][t:01:19:33]
[I](2021-11-17  11:03:09 am)작업중 정지 [d:88][t:01:41:53]
[I](2021-11-17  11:03:09 am)    [LNo:0001] 000150/000194
[I](2021-11-17  11:03:09 am)작업중 M코드정지 [d:88][t:01:41:53]
[I](2021-11-17  11:03:33 am)작업중 정지 [d:88][t:01:42:17]
[I](2021-11-17  11:03:33 am)    [LNo:0001] 000152/000194
[I](2021-11-17  11:03:33 am)작업중 M코드정지 [d:88][t:01:42:17]
[I](2021-11-17  11:28:17 am)작업중 정지 [d:109][t:02:07:01]
[I](2021-11-17  11:28:17 am)    [LNo:0001] 000182/000194
[I](2021-11-17  11:28:17 am)작업중 M코드정지 [d:109][t:02:07:01]
[I](2021-11-17  11:28:30 am)작업중 정지 [d:109][t:02:07:14]
[I](2021-11-17  11:28:30 am)    [LNo:0001] 000183/000194
[I](2021-11-17  11:31:40 am)Reset
[I](2021-11-17  11:31:47 am)Reset
[I](2021-11-17  11:34:48 am)Reset
[I](2021-11-17  11:40:34 am)작업 시작 [Start d:822]
[I](2021-11-17  11:40:34 am)Nc File: [No.0002-406.NC]
[I](2021-11-17  11:40:34 am)  * Start Machine Position
[I](2021-11-17  11:40:34 am)    X:    227.4343
[I](2021-11-17  11:40:34 am)    Y:   -378.1023
[I](2021-11-17  11:40:34 am)    U:      0.0000
[I](2021-11-17  11:40:34 am)    V:      0.0000
[I](2021-11-17  11:40:34 am)    Z:     13.8762
[I](2021-11-17  11:40:34 am)  * Angle
[I](2021-11-17  11:40:34 am)    Ar:      0.9487,Kr:      0.0000
[I](2021-11-17  11:40:34 am)    Taper_Ar:      0.0000
[I](2021-11-17  11:50:38 am)작업중 정지 [d:10][t:00:10:03]
[I](2021-11-17  11:50:38 am)    [LNo:0002] 000022/000228
[I](2021-11-17  11:50:38 am)작업중 M코드정지 [d:10][t:00:10:03]
[I](2021-11-17  11:51:19 am)작업중 정지 [d:10][t:00:10:44]
[I](2021-11-17  11:51:19 am)    [LNo:0002] 000023/000228
[I](2021-11-17  11:51:19 am)Wire Contact Auto Stop(M52)
[I](2021-11-17  11:51:27 am)작업 재시작
[I](2021-11-17  11:51:31 am)작업중 정지 [d:10][t:00:10:56]
[I](2021-11-17  11:51:31 am)    [LNo:0002] 000023/000228
[I](2021-11-17  11:57:02 am)작업중 정지 [d:10][t:00:16:27]
[I](2021-11-17  11:57:02 am)    [LNo:0002] 000032/000228
[I](2021-11-17  12:44:25 pm)작업중 정지 [d:57][t:01:03:50]
[I](2021-11-17  12:44:25 pm)    [LNo:0002] 000081/000228
[I](2021-11-17  12:44:25 pm)작업중 M코드정지 [d:57][t:01:03:50]
[I](2021-11-17  12:44:57 pm)작업중 정지 [d:57][t:01:04:23]
[I](2021-11-17  12:44:57 pm)    [LNo:0002] 000082/000228
[I](2021-11-17  12:44:57 pm)Wire Contact Auto Stop(M52)
[I](2021-11-17  12:55:32 pm)Reset
[I](2021-11-17  12:55:39 pm)Reset
[I](2021-11-17  12:55:39 pm)Reset
[I](2021-11-17  01:00:27 pm)작업 시작 [Start d:879]
[I](2021-11-17  01:00:27 pm)Nc File: [No.0002-406.NC]
[I](2021-11-17  01:00:27 pm)  * Start Machine Position
[I](2021-11-17  01:00:27 pm)    X:    231.3728
[I](2021-11-17  01:00:27 pm)    Y:   -397.8651
[I](2021-11-17  01:00:27 pm)    U:      0.0000
[I](2021-11-17  01:00:27 pm)    V:      0.0000
[I](2021-11-17  01:00:27 pm)    Z:     13.8762
[I](2021-11-17  01:00:27 pm)  * Angle
[I](2021-11-17  01:00:27 pm)    Ar:      0.6129,Kr:      0.0000
[I](2021-11-17  01:00:27 pm)    Taper_Ar:      0.0000
[I](2021-11-17  03:24:15 pm)작업중 정지 [d:144][t:02:23:47]
[I](2021-11-17  03:24:15 pm)    [LNo:0002] 000216/000228
[I](2021-11-17  03:24:15 pm)작업중 M코드정지 [d:144][t:02:23:47]
[I](2021-11-17  03:24:42 pm)작업중 정지 [d:145][t:02:24:15]
[I](2021-11-17  03:24:42 pm)    [LNo:0002] 000217/000228
[I](2021-11-17  03:24:42 pm)Wire Contact Auto Stop(M52)
[I](2021-11-17  03:31:36 pm)Reset
[I](2021-11-17  03:31:46 pm)Reset
[I](2021-11-17  03:31:46 pm)Reset
[I](2021-11-17  03:31:47 pm)Reset
[A](2021-11-17  03:33:13 pm)[033] 자동결선 회수 롤러 WIRE CONTACT!!
[I](2021-11-17  03:33:50 pm)Reset
[I](2021-11-17  03:33:50 pm)Reset
[I](2021-11-17  03:35:03 pm)Reset
[I](2021-11-17  03:35:03 pm)Reset
[I](2021-11-17  03:45:03 pm)Reset
[I](2021-11-17  03:45:03 pm)Reset
[I](2021-11-17  03:46:07 pm)Reset
[I](2021-11-17  03:46:07 pm)Reset
[I](2021-11-17  03:50:46 pm)Reset
[I](2021-11-17  03:50:47 pm)Reset
[I](2021-11-17  03:51:09 pm)Reset
[I](2021-11-17  03:51:09 pm)Reset
[I](2021-11-17  03:51:43 pm)Reset
[I](2021-11-17  03:52:06 pm)Reset
[I](2021-11-17  03:52:23 pm)Reset
[I](2021-11-17  03:55:54 pm)작업 시작 [Start d:0]
[I](2021-11-17  03:55:54 pm)Nc File: [No.0004-429.NC]
[I](2021-11-17  03:55:54 pm)  * Start Machine Position
[I](2021-11-17  03:55:54 pm)    X:    128.5470
[I](2021-11-17  03:55:54 pm)    Y:   -331.1382
[I](2021-11-17  03:55:54 pm)    U:     -0.0579
[I](2021-11-17  03:55:54 pm)    V:      0.0181
[I](2021-11-17  03:55:54 pm)    Z:    110.4682
[I](2021-11-17  03:55:54 pm)  * Angle
[I](2021-11-17  03:55:54 pm)    Ar:     -0.1589,Kr:      0.0000
[I](2021-11-17  03:55:54 pm)    Taper_Ar:      0.0000
[I](2021-11-17  03:56:05 pm)작업중 정지 [d:0][t:00:00:10]
[I](2021-11-17  03:56:05 pm)    [LNo:0004] 000010/000289
[I](2021-11-17  03:56:05 pm)작업중 M코드정지 [d:0][t:00:00:10]
[I](2021-11-17  04:04:10 pm)작업중 정지 [d:7][t:00:08:15]
[I](2021-11-17  04:04:10 pm)    [LNo:0004] 000029/000289
[I](2021-11-17  04:04:10 pm)작업중 M코드정지 [d:7][t:00:08:15]
[A](2021-11-17  04:05:25 pm)[091] Auto Door Sensor Abnormal
[I](2021-11-17  04:44:51 pm)작업중 정지 [d:46][t:00:48:56]
[I](2021-11-17  04:44:51 pm)    [LNo:0004] 000040/000289
[I](2021-11-17  04:44:51 pm)Wire Contact Auto Stop(M52)
[A](2021-11-17  04:49:34 pm)[036] 자동결선 절단 공정 실패!!
[I](2021-11-17  04:54:25 pm)작업 재시작
[I](2021-11-17  04:54:36 pm)작업중 정지 [d:46][t:00:58:41]
[I](2021-11-17  04:54:36 pm)    [LNo:0004] 000041/000289
[I](2021-11-17  04:54:36 pm)작업중 M코드정지 [d:46][t:00:58:41]
[I](2021-11-17  04:56:25 pm)작업중 정지 [d:47][t:01:00:30]
[I](2021-11-17  04:56:25 pm)    [LNo:0004] 000043/000289
[I](2021-11-17  04:56:25 pm)작업중 M코드정지 [d:47][t:01:00:30]
[I](2021-11-17  04:56:41 pm)작업중 정지 [d:48][t:01:00:46]
[I](2021-11-17  04:56:41 pm)    [LNo:0004] 000047/000289
[I](2021-11-17  04:56:41 pm)작업중 M코드정지 [d:48][t:01:00:46]
[I](2021-11-17  05:06:57 pm)작업중 정지 [d:58][t:01:11:02]
[I](2021-11-17  05:06:57 pm)    [LNo:0004] 000069/000289
[I](2021-11-17  05:06:57 pm)작업중 30sec 접촉 정지 [d:58][t:01:11:02]
[I](2021-11-17  05:08:37 pm)작업 재시작
[I](2021-11-17  05:08:49 pm)작업중 정지 [d:59][t:01:12:54]
[I](2021-11-17  05:08:49 pm)    [LNo:0004] 000069/000289
[I](2021-11-17  05:08:49 pm)작업중 30sec 접촉 정지 [d:59][t:01:12:54]
[I](2021-11-17  05:09:00 pm)작업 재시작
[I](2021-11-17  05:12:05 pm)작업중 정지 [d:62][t:01:16:10]
[I](2021-11-17  05:12:05 pm)    [LNo:0004] 000078/000289
[I](2021-11-17  05:12:05 pm)작업중 30sec 접촉 정지 [d:62][t:01:16:10]
[A](2021-11-17  05:16:22 pm)[036] 자동결선 절단 공정 실패!!
[I](2021-11-17  05:16:46 pm)작업 재시작
[I](2021-11-17  05:17:44 pm)작업중 정지 [d:63][t:01:21:49]
[I](2021-11-17  05:17:44 pm)    [LNo:0004] 000083/000289
[I](2021-11-17  05:17:44 pm)작업중 M코드정지 [d:63][t:01:21:49]
[I](2021-11-17  05:20:57 pm)작업중 정지 [d:63][t:01:25:02]
[I](2021-11-17  05:20:57 pm)    [LNo:0004] 000089/000289
[I](2021-11-17  05:44:18 pm)작업중 정지 [d:83][t:01:48:23]
[I](2021-11-17  05:44:18 pm)    [LNo:0004] 000103/000289
[A](2021-11-17  05:44:18 pm)[008] 작업중 단선(AWF Feed Motor Stop )
[I](2021-11-17  05:44:18 pm)작업중 Wire 단선 [d:83][t:01:48:23]
[I](2021-11-17  05:45:24 pm)작업 재시작
[I](2021-11-17  06:04:17 pm)작업중 정지 [d:102][t:02:08:22]
[I](2021-11-17  06:04:17 pm)    [LNo:0004] 000111/000289
[I](2021-11-17  06:04:17 pm)Wire Contact Auto Stop(M52)
[I](2021-11-17  06:13:23 pm)작업 재시작
[I](2021-11-17  06:14:00 pm)작업중 정지 [d:103][t:02:18:05]
[I](2021-11-17  06:14:00 pm)    [LNo:0004] 000111/000289
[I](2021-11-17  06:14:49 pm)작업 재시작
[I](2021-11-17  06:15:51 pm)작업중 정지 [d:104][t:02:19:56]
[I](2021-11-17  06:15:51 pm)    [LNo:0004] 000111/000289
[I](2021-11-17  06:15:51 pm)작업중 30sec 접촉 정지 [d:104][t:02:19:56]
[I](2021-11-17  06:16:51 pm)작업 재시작
[I](2021-11-17  06:16:55 pm)작업중 정지 [d:104][t:02:21:00]
[I](2021-11-17  06:16:55 pm)    [LNo:0004] 000111/000289
[I](2021-11-17  06:21:11 pm)작업 재시작
[I](2021-11-17  06:21:24 pm)작업중 정지 [d:104][t:02:25:29]
[I](2021-11-17  06:21:24 pm)    [LNo:0004] 000112/000289
[I](2021-11-17  06:21:24 pm)작업중 M코드정지 [d:104][t:02:25:29]
[I](2021-11-17  06:30:02 pm)작업중 정지 [d:112][t:02:34:07]
[I](2021-11-17  06:30:02 pm)    [LNo:0004] 000119/000289
[I](2021-11-17  06:30:02 pm)Wire Contact Auto Stop(M52)
[I](2021-11-17  06:30:32 pm)작업 재시작
[I](2021-11-17  06:30:41 pm)작업중 정지 [d:113][t:02:34:46]
[I](2021-11-17  06:30:41 pm)    [LNo:0004] 000120/000289
[I](2021-11-17  06:30:41 pm)작업중 M코드정지 [d:113][t:02:34:46]
[I](2021-11-17  06:30:56 pm)작업중 정지 [d:113][t:02:35:01]
[I](2021-11-17  06:30:56 pm)    [LNo:0004] 000121/000289
[I](2021-11-17  06:30:56 pm)작업중 M코드정지 [d:113][t:02:35:01]
[I](2021-11-17  06:31:12 pm)작업중 정지 [d:113][t:02:35:17]
[I](2021-11-17  06:31:12 pm)    [LNo:0004] 000124/000289
[I](2021-11-17  06:31:12 pm)작업중 M코드정지 [d:113][t:02:35:17]
[I](2021-11-17  06:35:57 pm)작업중 정지 [d:117][t:02:40:02]
[I](2021-11-17  06:35:57 pm)    [LNo:0004] 000151/000289
[I](2021-11-17  06:35:57 pm)작업중 30sec 접촉 정지 [d:117][t:02:40:02]
[I](2021-11-17  06:36:17 pm)작업 재시작
[I](2021-11-17  06:39:48 pm)작업중 정지 [d:121][t:02:43:53]
[I](2021-11-17  06:39:48 pm)    [LNo:0004] 000161/000289
[I](2021-11-17  06:39:48 pm)작업중 M코드정지 [d:121][t:02:43:53]
[I](2021-11-17  07:14:20 pm)작업중 정지 [d:152][t:03:18:25]
[I](2021-11-17  07:14:20 pm)    [LNo:0004] 000185/000289
[A](2021-11-17  07:14:20 pm)[008] 작업중 단선(AWF Feed Motor Stop )
[I](2021-11-17  07:14:20 pm)작업중 Wire 단선 [d:152][t:03:18:25]
[I](2021-11-17  07:16:35 pm)작업 재시작
[I](2021-11-17  07:35:47 pm)작업중 정지 [d:172][t:03:39:53]
[I](2021-11-17  07:35:48 pm)    [LNo:0004] 000187/000289
[A](2021-11-17  07:35:48 pm)[008] 작업중 단선(AWF Feed Motor Stop )
[I](2021-11-17  07:35:48 pm)작업중 Wire 단선 [d:172][t:03:39:53]
[I](2021-11-17  07:55:37 pm)작업 재시작
[I](2021-11-17  07:55:43 pm)작업중 정지 [d:173][t:03:59:48]
[I](2021-11-17  07:55:43 pm)    [LNo:0004] 000187/000289
[I](2021-11-17  07:55:43 pm)Wire Contact Auto Stop(M52)
[I](2021-11-17  07:55:57 pm)작업 재시작
[I](2021-11-17  07:56:02 pm)작업중 정지 [d:173][t:04:00:07]
[I](2021-11-17  07:56:02 pm)    [LNo:0004] 000187/000289
[I](2021-11-17  07:56:02 pm)작업중 30sec 접촉 정지 [d:173][t:04:00:07]
[I](2021-11-17  07:56:14 pm)작업 재시작
[I](2021-11-17  07:56:25 pm)작업중 정지 [d:173][t:04:00:30]
[I](2021-11-17  07:56:25 pm)    [LNo:0004] 000187/000289
[I](2021-11-17  07:56:25 pm)작업중 30sec 접촉 정지 [d:173][t:04:00:30]
[A](2021-11-17  07:56:54 pm)[037] 자동결선 잔여 WIRE 처리 실패!!
[I](2021-11-17  08:08:40 pm)Reset
[I](2021-11-17  08:09:04 pm)작업 시작 [Start d:173]
[I](2021-11-17  08:09:04 pm)Nc File: [No.0004-429.NC]
[I](2021-11-17  08:09:04 pm)  * Start Machine Position
[I](2021-11-17  08:09:04 pm)    X:    128.5470
[I](2021-11-17  08:09:04 pm)    Y:   -331.1382
[I](2021-11-17  08:09:04 pm)    U:     -0.0579
[I](2021-11-17  08:09:04 pm)    V:      0.0181
[I](2021-11-17  08:09:04 pm)    Z:    110.4682
[I](2021-11-17  08:09:04 pm)  * Angle
[I](2021-11-17  08:09:04 pm)    Ar:     -0.1589,Kr:      0.0000
[I](2021-11-17  08:09:04 pm)    Taper_Ar:      0.0000
[I](2021-11-17  08:58:18 pm)작업중 정지 [d:48][t:00:49:14]
[I](2021-11-17  08:58:18 pm)    [LNo:0004] 000248/000289
[I](2021-11-17  08:58:18 pm)작업중 M코드정지 [d:48][t:00:49:14]
[A](2021-11-17  08:58:33 pm)[084] Work Tank Fluid Sensor Abnormal
[A](2021-11-17  08:58:35 pm)[084] Work Tank Fluid Sensor Abnormal
[A](2021-11-17  08:58:35 pm)[084] Work Tank Fluid Sensor Abnormal
[A](2021-11-17  08:58:35 pm)[084] Work Tank Fluid Sensor Abnormal
[A](2021-11-17  08:58:36 pm)[084] Work Tank Fluid Sensor Abnormal
[A](2021-11-17  08:58:36 pm)[084] Work Tank Fluid Sensor Abnormal
[A](2021-11-17  08:58:36 pm)[084] Work Tank Fluid Sensor Abnormal
[I](2021-11-17  09:14:49 pm)작업중 정지 [d:61][t:01:05:45]
[I](2021-11-17  09:14:49 pm)    [LNo:0004] 000285/000289
[I](2021-11-17  09:14:49 pm)작업중 M코드정지 [d:61][t:01:05:45]
[I](2021-11-17  09:35:10 pm)Reset
[I](2021-11-17  09:37:05 pm)Reset
[I](2021-11-17  09:37:14 pm)Reset
[I](2021-11-17  09:37:31 pm)Reset
[I](2021-11-17  09:37:39 pm)Reset
[I](2021-11-17  09:38:16 pm)Reset
[I](2021-11-17  09:38:25 pm)작업 시작 [Start d:234]
[I](2021-11-17  09:38:25 pm)Nc File: [No.0004-429.NC]
[I](2021-11-17  09:38:25 pm)  * Start Machine Position
[I](2021-11-17  09:38:25 pm)    X:    130.0099
[I](2021-11-17  09:38:25 pm)    Y:   -327.9558
[I](2021-11-17  09:38:25 pm)    U:     -0.0579
[I](2021-11-17  09:38:25 pm)    V:      0.0181
[I](2021-11-17  09:38:25 pm)    Z:    112.4682
[I](2021-11-17  09:38:25 pm)  * Angle
[I](2021-11-17  09:38:25 pm)    Ar:     -0.1595,Kr:      0.0000
[I](2021-11-17  09:38:25 pm)    Taper_Ar:      0.0000
[A](2021-11-17  09:39:08 pm)[002] 가공액 미동작
[I](2021-11-17  09:39:20 pm)작업중 정지 [d:0][t:00:00:54]
[I](2021-11-17  09:39:20 pm)    [LNo:0004] 000168/000289
[I](2021-11-17  09:42:25 pm)작업중 정지 [d:3][t:00:03:59]
[I](2021-11-17  09:42:25 pm)    [LNo:0004] 000188/000289
[I](2021-11-17  09:42:25 pm)작업중 M코드정지 [d:3][t:00:03:59]
[I](2021-11-17  09:43:42 pm)작업중 정지 [d:4][t:00:05:16]
[I](2021-11-17  09:43:42 pm)    [LNo:0004] 000190/000289
[I](2021-11-17  09:43:42 pm)작업중 M코드정지 [d:4][t:00:05:16]
[I](2021-11-17  09:43:55 pm)작업중 정지 [d:4][t:00:05:30]
[I](2021-11-17  09:43:55 pm)    [LNo:0004] 000193/000289
[I](2021-11-17  09:43:55 pm)작업중 M코드정지 [d:4][t:00:05:30]
[I](2021-11-17  09:55:34 pm)작업중 정지 [d:15][t:00:17:09]
[I](2021-11-17  09:55:34 pm)    [LNo:0004] 000225/000289
[I](2021-11-17  09:55:35 pm)작업중 M코드정지 [d:15][t:00:17:09]
[I](2021-11-17  10:04:53 pm)Reset
[I](2021-11-17  10:13:35 pm)Reset
[I](2021-11-17  10:13:53 pm)Reset
[I](2021-11-17  10:13:55 pm)Reset
[I](2021-11-17  10:18:37 pm)Reset
[I](2021-11-17  10:19:59 pm)Reset
[I](2021-11-17  10:21:30 pm)Reset
[I](2021-11-17  10:25:09 pm)작업 시작 [Start d:249]
[I](2021-11-17  10:25:09 pm)Nc File: [No.0005-431.NC *]
[I](2021-11-17  10:25:09 pm)  * Start Machine Position
[I](2021-11-17  10:25:09 pm)    X:    136.7251
[I](2021-11-17  10:25:09 pm)    Y:   -372.6817
[I](2021-11-17  10:25:09 pm)    U:      0.0000
[I](2021-11-17  10:25:09 pm)    V:      0.0000
[I](2021-11-17  10:25:09 pm)    Z:     35.5067
[I](2021-11-17  10:25:09 pm)  * Angle
[I](2021-11-17  10:25:09 pm)    Ar:      0.1546,Kr:      0.0000
[I](2021-11-17  10:25:09 pm)    Taper_Ar:      0.0000
[I](2021-11-17  10:33:30 pm)작업중 정지 [d:8][t:00:08:21]
[I](2021-11-17  10:33:30 pm)    [LNo:0005] 000027/000695
[I](2021-11-17  10:33:30 pm)작업중 30sec 접촉 정지 [d:8][t:00:08:21]
[I](2021-11-17  10:34:37 pm)작업 재시작
