[A](2021-01-24  10:16:16 am)[053] Emergency Stop
[I](2021-01-24  10:16:17 am)Ready On
[I](2021-01-24  10:16:34 am)Reset
[I](2021-01-24  10:16:34 am)Reset
[I](2021-01-24  10:16:36 am)작업 시작 [Start d:266]
[I](2021-01-24  10:16:36 am)Nc File: [No.0005-339.NC]
[I](2021-01-24  10:16:36 am)  * Start Machine Position
[I](2021-01-24  10:16:36 am)    X:    196.9544
[I](2021-01-24  10:16:36 am)    Y:   -242.9376
[I](2021-01-24  10:16:36 am)    U:      0.0000
[I](2021-01-24  10:16:36 am)    V:      0.0000
[I](2021-01-24  10:16:36 am)    Z:    112.5977
[I](2021-01-24  10:16:36 am)  * Angle
[I](2021-01-24  10:16:36 am)    Ar:      0.7642,Kr:      0.0000
[I](2021-01-24  10:16:36 am)    Taper_Ar:      0.0000
[I](2021-01-24  10:16:36 am)작업중 정지 [d:0][t:00:00:00]
[I](2021-01-24  10:16:36 am)    [LNo:0005] 000007/000695
[I](2021-01-24  10:40:14 am)작업중 정지 [d:23][t:00:23:38]
[I](2021-01-24  10:40:14 am)    [LNo:0005] 000033/000695
[A](2021-01-24  10:40:24 am)[053] Emergency Stop
[A](2021-01-24  10:40:24 am)[005] READY Off(Alarm)
[I](2021-01-24  10:40:24 am)    X:    191.5825
[I](2021-01-24  10:40:24 am)    Y:   -246.9645
[I](2021-01-24  10:40:24 am)    U:      0.0000
[I](2021-01-24  10:40:24 am)    V:      0.0000
[I](2021-01-24  10:40:24 am)    Z:    112.5977
