[I](2021-06-15  02:03:23 am)작업중 정지 [d:541][t:09:18:22]
[I](2021-06-15  02:03:23 am)    [LNo:0004] 000764/000798
[I](2021-06-15  02:03:23 am)작업중 M코드정지 [d:541][t:09:18:22]
[I](2021-06-15  02:04:13 am)작업중 정지 [d:541][t:09:19:12]
[I](2021-06-15  02:04:13 am)    [LNo:0004] 000766/000798
[I](2021-06-15  02:04:13 am)작업중 M코드정지 [d:541][t:09:19:12]
[I](2021-06-15  02:13:52 am)작업중 정지 [d:550][t:09:28:52]
[I](2021-06-15  02:13:52 am)    [LNo:0004] 000786/000798
[I](2021-06-15  02:13:52 am)작업중 M코드정지 [d:550][t:09:28:52]
[I](2021-06-15  02:14:29 am)작업중 정지 [d:550][t:09:29:28]
[I](2021-06-15  02:14:29 am)    [LNo:0004] 000787/000798
[I](2021-06-15  02:14:29 am)Wire Contact Auto Stop(M52)
[I](2021-06-15  02:19:01 am)Reset
[I](2021-06-15  02:19:02 am)Reset
[I](2021-06-15  02:28:35 am)Reset
[I](2021-06-15  02:28:36 am)Reset
[I](2021-06-15  02:29:04 am)Reset
[I](2021-06-15  02:29:05 am)Reset
[I](2021-06-15  02:30:01 am)Reset
[I](2021-06-15  02:30:01 am)Reset
[I](2021-06-15  02:30:39 am)Reset
[I](2021-06-15  02:30:39 am)Reset
[I](2021-06-15  02:31:25 am)Reset
[I](2021-06-15  02:32:25 am)작업 시작 [Start d:0]
[I](2021-06-15  02:32:25 am)Nc File: [No.0001-419.NC]
[I](2021-06-15  02:32:25 am)  * Start Machine Position
[I](2021-06-15  02:32:25 am)    X:    156.3201
[I](2021-06-15  02:32:25 am)    Y:   -361.3989
[I](2021-06-15  02:32:25 am)    U:     -0.0208
[I](2021-06-15  02:32:25 am)    V:      0.0597
[I](2021-06-15  02:32:25 am)    Z:     17.7280
[I](2021-06-15  02:32:25 am)  * Angle
[I](2021-06-15  02:32:25 am)    Ar:      0.8131,Kr:      0.0000
[I](2021-06-15  02:32:25 am)    Taper_Ar:      0.0000
[I](2021-06-15  02:32:28 am)작업중 정지 [d:0][t:00:00:02]
[I](2021-06-15  02:32:28 am)    [LNo:0001] 000010/000203
[I](2021-06-15  02:32:28 am)작업중 M코드정지 [d:0][t:00:00:02]
[I](2021-06-15  02:45:56 am)작업중 정지 [d:12][t:00:13:31]
[I](2021-06-15  02:45:56 am)    [LNo:0001] 000028/000203
[I](2021-06-15  02:45:56 am)작업중 M코드정지 [d:12][t:00:13:31]
[I](2021-06-15  02:49:44 am)작업중 정지 [d:12][t:00:17:19]
[I](2021-06-15  02:49:44 am)    [LNo:0001] 000030/000203
[I](2021-06-15  02:49:44 am)작업중 M코드정지 [d:12][t:00:17:19]
[I](2021-06-15  03:05:59 am)작업중 정지 [d:27][t:00:33:34]
[I](2021-06-15  03:05:59 am)    [LNo:0001] 000087/000203
[I](2021-06-15  03:05:59 am)작업중 M코드정지 [d:27][t:00:33:34]
[I](2021-06-15  03:12:29 am)Reset
[I](2021-06-15  03:12:42 am)Reset
[I](2021-06-15  03:16:58 am)Reset
[I](2021-06-15  03:17:24 am)Reset
[I](2021-06-15  03:18:03 am)Reset
[I](2021-06-15  03:18:04 am)Reset
[I](2021-06-15  03:18:29 am)Reset
[I](2021-06-15  03:18:29 am)Reset
[I](2021-06-15  03:19:18 am)Reset
[I](2021-06-15  03:19:18 am)Reset
[I](2021-06-15  03:19:41 am)Reset
[I](2021-06-15  03:20:00 am)Reset
[I](2021-06-15  03:20:01 am)Reset
[I](2021-06-15  03:20:40 am)작업 시작 [Start d:27]
[I](2021-06-15  03:20:40 am)Nc File: [No.0001-419.NC]
[I](2021-06-15  03:20:40 am)  * Start Machine Position
[I](2021-06-15  03:20:40 am)    X:     86.2968
[I](2021-06-15  03:20:40 am)    Y:   -375.4997
[I](2021-06-15  03:20:40 am)    U:     -0.0005
[I](2021-06-15  03:20:40 am)    V:      0.0199
[I](2021-06-15  03:20:40 am)    Z:     27.1714
[I](2021-06-15  03:20:40 am)  * Angle
[I](2021-06-15  03:20:40 am)    Ar:      1.6378,Kr:      0.0000
[I](2021-06-15  03:20:40 am)    Taper_Ar:      0.0000
[I](2021-06-15  03:20:48 am)작업중 정지 [d:0][t:00:00:07]
[I](2021-06-15  03:20:48 am)    [LNo:0001] 000106/000203
[I](2021-06-15  03:20:48 am)작업중 M코드정지 [d:0][t:00:00:07]
[I](2021-06-15  03:20:49 am)작업중 정지 [d:0][t:00:00:09]
[I](2021-06-15  03:20:49 am)    [LNo:0001] 000109/000203
[I](2021-06-15  03:20:49 am)작업중 M코드정지 [d:0][t:00:00:09]
[I](2021-06-15  03:20:51 am)작업중 정지 [d:0][t:00:00:10]
[I](2021-06-15  03:20:51 am)    [LNo:0001] 000111/000203
[I](2021-06-15  03:20:51 am)작업중 M코드정지 [d:0][t:00:00:10]
[I](2021-06-15  03:20:59 am)작업중 정지 [d:0][t:00:00:18]
[I](2021-06-15  03:20:59 am)    [LNo:0001] 000121/000203
[I](2021-06-15  03:36:36 am)작업중 정지 [d:15][t:00:15:56]
[I](2021-06-15  03:36:36 am)    [LNo:0001] 000134/000203
[I](2021-06-15  03:36:36 am)작업중 M코드정지 [d:15][t:00:15:56]
[I](2021-06-15  03:38:01 am)작업중 정지 [d:15][t:00:17:21]
[I](2021-06-15  03:38:01 am)    [LNo:0001] 000136/000203
[I](2021-06-15  03:38:01 am)작업중 M코드정지 [d:15][t:00:17:21]
[I](2021-06-15  03:46:23 am)작업중 정지 [d:23][t:00:25:42]
[I](2021-06-15  03:46:23 am)    [LNo:0001] 000153/000203
[I](2021-06-15  03:46:23 am)작업중 Single Block Stop [d:23][t:00:25:42]
[I](2021-06-15  04:01:56 am)작업중 정지 [d:33][t:00:41:15]
[I](2021-06-15  04:01:56 am)    [LNo:0001] 000195/000203
[I](2021-06-15  04:01:56 am)작업중 M코드정지 [d:33][t:00:41:15]
[I](2021-06-15  04:13:02 am)Reset
[I](2021-06-15  04:13:14 am)Reset
[I](2021-06-15  04:13:15 am)Reset
[I](2021-06-15  04:20:54 am)Reset
[I](2021-06-15  04:22:13 am)Reset
[I](2021-06-15  04:22:13 am)Reset
[I](2021-06-15  04:23:21 am)Reset
[I](2021-06-15  04:29:35 am)Reset
[I](2021-06-15  04:29:36 am)Reset
[I](2021-06-15  04:30:44 am)Reset
[I](2021-06-15  04:31:17 am)Reset
[I](2021-06-15  04:31:18 am)Reset
[I](2021-06-15  04:31:41 am)Reset
[I](2021-06-15  04:31:41 am)Reset
[I](2021-06-15  04:32:45 am)작업 시작 [Start d:60]
[I](2021-06-15  04:32:45 am)Nc File: [No.0002-410.NC]
[I](2021-06-15  04:32:45 am)  * Start Machine Position
[I](2021-06-15  04:32:45 am)    X:    149.8296
[I](2021-06-15  04:32:45 am)    Y:   -330.0179
[I](2021-06-15  04:32:45 am)    U:     -0.0404
[I](2021-06-15  04:32:45 am)    V:      1.1296
[I](2021-06-15  04:32:45 am)    Z:     35.8134
[I](2021-06-15  04:32:45 am)  * Angle
[I](2021-06-15  04:32:45 am)    Ar:      0.5305,Kr:      0.0000
[I](2021-06-15  04:32:45 am)    Taper_Ar:      0.0000
[I](2021-06-15  04:32:56 am)작업중 정지 [d:0][t:00:00:11]
[I](2021-06-15  04:32:56 am)    [LNo:0002] 000010/000448
[I](2021-06-15  04:32:56 am)작업중 M코드정지 [d:0][t:00:00:11]
[I](2021-06-15  04:47:24 am)작업중 정지 [d:13][t:00:14:38]
[I](2021-06-15  04:47:24 am)    [LNo:0002] 000028/000448
[I](2021-06-15  04:47:24 am)작업중 M코드정지 [d:13][t:00:14:39]
[I](2021-06-15  04:50:34 am)작업중 정지 [d:13][t:00:17:48]
[I](2021-06-15  04:50:34 am)    [LNo:0002] 000030/000448
[I](2021-06-15  04:50:34 am)작업중 M코드정지 [d:13][t:00:17:48]
[I](2021-06-15  05:04:23 am)작업중 정지 [d:26][t:00:31:38]
[I](2021-06-15  05:04:23 am)    [LNo:0002] 000087/000448
[I](2021-06-15  05:04:23 am)작업중 M코드정지 [d:26][t:00:31:38]
[I](2021-06-15  05:10:54 am)Reset
[I](2021-06-15  05:11:09 am)Reset
[I](2021-06-15  05:16:02 am)Reset
[I](2021-06-15  05:16:02 am)Reset
[I](2021-06-15  05:16:26 am)Reset
[I](2021-06-15  05:16:55 am)Reset
[I](2021-06-15  05:16:56 am)Reset
[I](2021-06-15  05:17:36 am)Reset
[I](2021-06-15  05:17:36 am)Reset
[I](2021-06-15  05:17:59 am)Reset
[I](2021-06-15  05:18:00 am)Reset
[I](2021-06-15  05:18:21 am)Reset
[I](2021-06-15  05:18:22 am)Reset
[I](2021-06-15  05:19:18 am)작업 시작 [Start d:86]
[I](2021-06-15  05:19:18 am)Nc File: [No.0002-410.NC]
[I](2021-06-15  05:19:18 am)  * Start Machine Position
[I](2021-06-15  05:19:18 am)    X:    149.7441
[I](2021-06-15  05:19:18 am)    Y:   -327.6040
[I](2021-06-15  05:19:18 am)    U:     -0.0342
[I](2021-06-15  05:19:18 am)    V:      0.2995
[I](2021-06-15  05:19:18 am)    Z:     35.8134
[I](2021-06-15  05:19:18 am)  * Angle
[I](2021-06-15  05:19:18 am)    Ar:      0.8115,Kr:      0.0000
[I](2021-06-15  05:19:18 am)    Taper_Ar:      0.0000
[I](2021-06-15  05:19:25 am)작업중 정지 [d:0][t:00:00:07]
[I](2021-06-15  05:19:25 am)    [LNo:0002] 000215/000448
[I](2021-06-15  05:19:25 am)작업중 M코드정지 [d:0][t:00:00:07]
[I](2021-06-15  05:19:27 am)작업중 정지 [d:0][t:00:00:09]
[I](2021-06-15  05:19:27 am)    [LNo:0002] 000218/000448
[I](2021-06-15  05:19:27 am)작업중 M코드정지 [d:0][t:00:00:09]
[I](2021-06-15  05:19:28 am)작업중 정지 [d:0][t:00:00:10]
[I](2021-06-15  05:19:28 am)    [LNo:0002] 000221/000448
[I](2021-06-15  05:19:28 am)작업중 M코드정지 [d:0][t:00:00:10]
[I](2021-06-15  05:19:41 am)작업중 정지 [d:0][t:00:00:23]
[I](2021-06-15  05:19:41 am)    [LNo:0002] 000227/000448
[I](2021-06-15  05:35:38 am)작업중 정지 [d:15][t:00:16:20]
[I](2021-06-15  05:35:38 am)    [LNo:0002] 000248/000448
[I](2021-06-15  05:35:38 am)작업중 M코드정지 [d:15][t:00:16:20]
[I](2021-06-15  05:39:56 am)작업중 정지 [d:15][t:00:20:38]
[I](2021-06-15  05:39:56 am)    [LNo:0002] 000251/000448
[I](2021-06-15  05:39:56 am)작업중 M코드정지 [d:15][t:00:20:38]
[I](2021-06-15  05:55:43 am)작업중 정지 [d:30][t:00:36:25]
[I](2021-06-15  05:55:43 am)    [LNo:0002] 000331/000448
[I](2021-06-15  05:55:43 am)작업중 M코드정지 [d:30][t:00:36:25]
[I](2021-06-15  06:22:37 am)Reset
[I](2021-06-15  06:22:37 am)Reset
[I](2021-06-15  06:22:51 am)Reset
[I](2021-06-15  06:22:51 am)Reset
[I](2021-06-15  06:28:50 am)Reset
[I](2021-06-15  06:32:33 am)Reset
[I](2021-06-15  06:32:34 am)Reset
[I](2021-06-15  06:33:45 am)Reset
[I](2021-06-15  06:33:46 am)Reset
[I](2021-06-15  06:35:06 am)Reset
[I](2021-06-15  06:39:21 am)Reset
[I](2021-06-15  06:40:00 am)작업 시작 [Start d:116]
[I](2021-06-15  06:40:00 am)Nc File: [No.0002-410.NC]
[I](2021-06-15  06:40:00 am)  * Start Machine Position
[I](2021-06-15  06:40:00 am)    X:     85.9138
[I](2021-06-15  06:40:00 am)    Y:   -387.6042
[I](2021-06-15  06:40:00 am)    U:     -0.0001
[I](2021-06-15  06:40:00 am)    V:      0.0299
[I](2021-06-15  06:40:00 am)    Z:     30.6974
[I](2021-06-15  06:40:00 am)  * Angle
[I](2021-06-15  06:40:00 am)    Ar:      0.3706,Kr:      0.0000
[I](2021-06-15  06:40:00 am)    Taper_Ar:      0.0000
[I](2021-06-15  06:40:07 am)작업중 정지 [d:0][t:00:00:07]
[I](2021-06-15  06:40:07 am)    [LNo:0002] 000106/000448
[I](2021-06-15  06:40:07 am)작업중 M코드정지 [d:0][t:00:00:07]
[I](2021-06-15  06:40:09 am)작업중 정지 [d:0][t:00:00:09]
[I](2021-06-15  06:40:09 am)    [LNo:0002] 000109/000448
[I](2021-06-15  06:40:09 am)작업중 M코드정지 [d:0][t:00:00:09]
[I](2021-06-15  06:40:11 am)작업중 정지 [d:0][t:00:00:10]
[I](2021-06-15  06:40:11 am)    [LNo:0002] 000111/000448
[I](2021-06-15  06:40:11 am)작업중 M코드정지 [d:0][t:00:00:10]
[I](2021-06-15  06:40:21 am)작업중 정지 [d:0][t:00:00:21]
[I](2021-06-15  06:40:21 am)    [LNo:0002] 000118/000448
[I](2021-06-15  06:53:22 am)작업중 정지 [d:12][t:00:13:21]
[I](2021-06-15  06:53:22 am)    [LNo:0002] 000134/000448
[I](2021-06-15  06:53:22 am)작업중 M코드정지 [d:12][t:00:13:21]
[I](2021-06-15  06:53:44 am)작업중 정지 [d:13][t:00:13:43]
[I](2021-06-15  06:53:44 am)    [LNo:0002] 000136/000448
[I](2021-06-15  06:53:44 am)작업중 M코드정지 [d:13][t:00:13:44]
[I](2021-06-15  06:54:18 am)작업중 정지 [d:13][t:00:14:18]
[I](2021-06-15  06:54:18 am)    [LNo:0002] 000117/000448
[I](2021-06-15  07:01:29 am)작업중 정지 [d:19][t:00:21:28]
[I](2021-06-15  07:01:29 am)    [LNo:0002] 000134/000448
[I](2021-06-15  07:01:29 am)작업중 M코드정지 [d:19][t:00:21:28]
[I](2021-06-15  07:04:40 am)작업중 정지 [d:20][t:00:24:39]
[I](2021-06-15  07:04:40 am)    [LNo:0002] 000136/000448
[I](2021-06-15  07:04:40 am)작업중 M코드정지 [d:20][t:00:24:39]
[I](2021-06-15  07:19:37 am)작업중 정지 [d:34][t:00:39:37]
[I](2021-06-15  07:19:37 am)    [LNo:0002] 000195/000448
[I](2021-06-15  07:19:37 am)작업중 M코드정지 [d:34][t:00:39:37]
[I](2021-06-15  07:24:27 am)Reset
[I](2021-06-15  07:24:40 am)Reset
[I](2021-06-15  07:27:29 am)Reset
[I](2021-06-15  07:32:11 am)Reset
[I](2021-06-15  07:33:00 am)Reset
[I](2021-06-15  07:33:00 am)Reset
[I](2021-06-15  07:33:30 am)Reset
[I](2021-06-15  07:34:04 am)Reset
[I](2021-06-15  07:34:43 am)Reset
[I](2021-06-15  07:34:44 am)Reset
[I](2021-06-15  07:35:24 am)Reset
[I](2021-06-15  07:35:24 am)Reset
[I](2021-06-15  07:35:58 am)작업 시작 [Start d:150]
[I](2021-06-15  07:35:58 am)Nc File: [No.0002-410.NC]
[I](2021-06-15  07:35:58 am)  * Start Machine Position
[I](2021-06-15  07:35:58 am)    X:     82.8412
[I](2021-06-15  07:35:58 am)    Y:   -387.5631
[I](2021-06-15  07:35:58 am)    U:     -0.0001
[I](2021-06-15  07:35:58 am)    V:      0.0199
[I](2021-06-15  07:35:58 am)    Z:     30.6974
[I](2021-06-15  07:35:58 am)  * Angle
[I](2021-06-15  07:35:58 am)    Ar:      0.3208,Kr:      0.0000
[I](2021-06-15  07:35:58 am)    Taper_Ar:      0.0000
[I](2021-06-15  07:36:05 am)작업중 정지 [d:0][t:00:00:07]
[I](2021-06-15  07:36:05 am)    [LNo:0002] 000351/000448
[I](2021-06-15  07:36:05 am)작업중 M코드정지 [d:0][t:00:00:07]
[I](2021-06-15  07:36:07 am)작업중 정지 [d:0][t:00:00:09]
[I](2021-06-15  07:36:07 am)    [LNo:0002] 000354/000448
[I](2021-06-15  07:36:07 am)작업중 M코드정지 [d:0][t:00:00:09]
[I](2021-06-15  07:36:08 am)작업중 정지 [d:0][t:00:00:10]
[I](2021-06-15  07:36:08 am)    [LNo:0002] 000356/000448
[I](2021-06-15  07:36:08 am)작업중 M코드정지 [d:0][t:00:00:10]
[I](2021-06-15  07:36:16 am)작업중 정지 [d:0][t:00:00:18]
[I](2021-06-15  07:36:16 am)    [LNo:0002] 000365/000448
[I](2021-06-15  07:51:03 am)작업중 정지 [d:14][t:00:15:05]
[I](2021-06-15  07:51:03 am)    [LNo:0002] 000379/000448
[I](2021-06-15  07:51:03 am)작업중 M코드정지 [d:14][t:00:15:05]
[I](2021-06-15  07:51:47 am)작업중 정지 [d:14][t:00:15:49]
[I](2021-06-15  07:51:47 am)    [LNo:0002] 000381/000448
[I](2021-06-15  07:51:47 am)작업중 M코드정지 [d:14][t:00:15:49]
[I](2021-06-15  07:53:25 am)작업중 정지 [d:14][t:00:17:26]
[I](2021-06-15  07:53:25 am)    [LNo:0002] 000362/000448
[I](2021-06-15  08:15:39 am)작업중 정지 [d:22][t:00:39:41]
[I](2021-06-15  08:15:39 am)    [LNo:0002] 000379/000448
[I](2021-06-15  08:15:39 am)작업중 M코드정지 [d:22][t:00:39:41]
[I](2021-06-15  08:20:01 am)작업중 정지 [d:22][t:00:44:03]
[I](2021-06-15  08:20:01 am)    [LNo:0002] 000380/000448
[I](2021-06-15  08:20:12 am)작업 재시작
[I](2021-06-15  08:20:20 am)작업중 정지 [d:22][t:00:44:22]
[I](2021-06-15  08:20:20 am)    [LNo:0002] 000381/000448
[I](2021-06-15  08:20:20 am)작업중 M코드정지 [d:22][t:00:44:22]
[I](2021-06-15  08:36:02 am)작업중 정지 [d:38][t:01:00:04]
[I](2021-06-15  08:36:02 am)    [LNo:0002] 000441/000448
[I](2021-06-15  08:36:02 am)작업중 M코드정지 [d:38][t:01:00:04]
[I](2021-06-15  08:45:24 am)Reset
[I](2021-06-15  08:45:32 am)Reset
[I](2021-06-15  08:45:32 am)Reset
[I](2021-06-15  08:45:32 am)Reset
[I](2021-06-15  08:46:38 am)Reset
[I](2021-06-15  08:46:41 am)Reset
[I](2021-06-15  08:46:46 am)Reset
[I](2021-06-15  08:47:41 am)Reset
[I](2021-06-15  08:47:50 am)Reset
[I](2021-06-15  08:48:17 am)Reset
[I](2021-06-15  08:48:32 am)Reset
[I](2021-06-15  08:49:08 am)작업 시작 [Start d:188]
[I](2021-06-15  08:49:08 am)Nc File: [No.0002-410.NC]
[I](2021-06-15  08:49:08 am)  * Start Machine Position
[I](2021-06-15  08:49:08 am)    X:     97.0328
[I](2021-06-15  08:49:08 am)    Y:   -387.6878
[I](2021-06-15  08:49:08 am)    U:     -0.0620
[I](2021-06-15  08:49:08 am)    V:      0.5697
[I](2021-06-15  08:49:08 am)    Z:     33.6974
[I](2021-06-15  08:49:08 am)  * Angle
[I](2021-06-15  08:49:08 am)    Ar:      0.2128,Kr:      0.0000
[I](2021-06-15  08:49:08 am)    Taper_Ar:      0.0000
[I](2021-06-15  08:49:16 am)작업중 정지 [d:0][t:00:00:08]
[I](2021-06-15  08:49:16 am)    [LNo:0002] 000112/000448
[I](2021-06-15  08:49:16 am)작업중 M코드정지 [d:0][t:00:00:08]
[I](2021-06-15  09:08:59 am)작업중 정지 [d:20][t:00:19:50]
[I](2021-06-15  09:08:59 am)    [LNo:0002] 000134/000448
[I](2021-06-15  09:08:59 am)작업중 M코드정지 [d:20][t:00:19:51]
[I](2021-06-15  09:09:27 am)작업중 정지 [d:20][t:00:20:19]
[I](2021-06-15  09:09:27 am)    [LNo:0002] 000136/000448
[I](2021-06-15  09:09:28 am)작업중 M코드정지 [d:20][t:00:20:19]
[I](2021-06-15  09:17:58 am)Reset
[A](2021-06-15  09:20:29 am)[091] Auto Door Sensor Abnormal
[A](2021-06-15  09:20:31 am)[091] Auto Door Sensor Abnormal
[A](2021-06-15  09:20:31 am)[091] Auto Door Sensor Abnormal
[A](2021-06-15  09:20:32 am)[091] Auto Door Sensor Abnormal
[A](2021-06-15  09:20:33 am)[091] Auto Door Sensor Abnormal
[A](2021-06-15  09:20:33 am)[091] Auto Door Sensor Abnormal
[I](2021-06-15  09:20:44 am)Reset
[I](2021-06-15  09:24:07 am)Reset
[I](2021-06-15  09:24:18 am)Reset
[I](2021-06-15  09:24:19 am)Reset
[I](2021-06-15  09:24:19 am)Reset
[I](2021-06-15  09:24:23 am)Reset
[I](2021-06-15  09:25:53 am)Reset
[I](2021-06-15  09:25:56 am)Reset
[I](2021-06-15  09:29:02 am)Reset
[I](2021-06-15  09:29:10 am)Reset
[I](2021-06-15  09:29:27 am)Reset
[I](2021-06-15  09:29:45 am)Reset
[I](2021-06-15  09:30:14 am)작업 시작 [Start d:208]
[I](2021-06-15  09:30:14 am)Nc File: [No.0003-411.NC]
[I](2021-06-15  09:30:14 am)  * Start Machine Position
[I](2021-06-15  09:30:14 am)    X:    164.1097
[I](2021-06-15  09:30:14 am)    Y:   -318.6651
[I](2021-06-15  09:30:14 am)    U:     -0.0508
[I](2021-06-15  09:30:14 am)    V:      0.1797
[I](2021-06-15  09:30:14 am)    Z:     33.6974
[I](2021-06-15  09:30:14 am)  * Angle
[I](2021-06-15  09:30:14 am)    Ar:      0.2567,Kr:      0.0000
[I](2021-06-15  09:30:14 am)    Taper_Ar:      0.0000
[I](2021-06-15  09:30:24 am)작업중 정지 [d:0][t:00:00:10]
[I](2021-06-15  09:30:24 am)    [LNo:0003] 000010/000242
[I](2021-06-15  09:30:25 am)작업중 M코드정지 [d:0][t:00:00:10]
[I](2021-06-15  09:52:50 am)작업중 정지 [d:22][t:00:22:35]
[I](2021-06-15  09:52:50 am)    [LNo:0003] 000035/000242
[I](2021-06-15  09:52:50 am)작업중 M코드정지 [d:22][t:00:22:36]
[I](2021-06-15  09:53:55 am)작업중 정지 [d:22][t:00:23:40]
[I](2021-06-15  09:53:55 am)    [LNo:0003] 000038/000242
[I](2021-06-15  09:53:55 am)작업중 M코드정지 [d:22][t:00:23:40]
[I](2021-06-15  10:08:22 am)작업중 정지 [d:36][t:00:38:08]
[I](2021-06-15  10:08:22 am)    [LNo:0003] 000121/000242
[I](2021-06-15  10:08:23 am)작업중 M코드정지 [d:36][t:00:38:08]
[I](2021-06-15  10:24:22 am)Reset
[I](2021-06-15  10:25:55 am)Reset
[I](2021-06-15  10:25:55 am)Reset
[I](2021-06-15  10:27:32 am)Reset
[I](2021-06-15  10:27:41 am)Reset
[I](2021-06-15  10:27:53 am)Reset
[I](2021-06-15  10:28:02 am)Reset
[I](2021-06-15  10:30:54 am)작업 시작 [Start d:244]
[I](2021-06-15  10:30:54 am)Nc File: [No.0005-425.NC]
[I](2021-06-15  10:30:54 am)  * Start Machine Position
[I](2021-06-15  10:30:54 am)    X:    422.7952
[I](2021-06-15  10:30:54 am)    Y:   -320.8407
[I](2021-06-15  10:30:54 am)    U:      0.0017
[I](2021-06-15  10:30:54 am)    V:      0.3999
[I](2021-06-15  10:30:54 am)    Z:     33.6974
[I](2021-06-15  10:30:54 am)  * Angle
[I](2021-06-15  10:30:54 am)    Ar:     -0.2489,Kr:      0.0000
[I](2021-06-15  10:30:54 am)    Taper_Ar:      0.0000
[I](2021-06-15  10:30:57 am)작업중 정지 [d:0][t:00:00:03]
[I](2021-06-15  10:30:57 am)    [LNo:0005] 000010/000259
[I](2021-06-15  10:30:57 am)작업중 M코드정지 [d:0][t:00:00:03]
[I](2021-06-15  10:31:17 am)작업중 정지 [d:0][t:00:00:23]
[I](2021-06-15  10:31:17 am)    [LNo:0005] 000023/000259
[I](2021-06-15  10:31:27 am)Reset
[I](2021-06-15  10:31:47 am)작업 시작 [Start d:244]
[I](2021-06-15  10:31:47 am)Nc File: [No.0005-425.NC *]
[I](2021-06-15  10:31:47 am)  * Start Machine Position
[I](2021-06-15  10:31:47 am)    X:    422.7952
[I](2021-06-15  10:31:47 am)    Y:   -320.8407
[I](2021-06-15  10:31:47 am)    U:      0.0017
[I](2021-06-15  10:31:47 am)    V:      0.3999
[I](2021-06-15  10:31:47 am)    Z:     33.6974
[I](2021-06-15  10:31:47 am)  * Angle
[I](2021-06-15  10:31:47 am)    Ar:     -0.2489,Kr:      0.0000
[I](2021-06-15  10:31:47 am)    Taper_Ar:      0.0000
[I](2021-06-15  11:38:26 am)작업중 정지 [d:61][t:01:06:39]
[I](2021-06-15  11:38:26 am)    [LNo:0005] 000111/000258
[I](2021-06-15  11:38:26 am)작업중 Single Block Stop [d:61][t:01:06:39]
[A](2021-06-15  11:39:01 am)[091] Auto Door Sensor Abnormal
[I](2021-06-15  11:40:43 am)Reset
[I](2021-06-15  11:42:07 am)Reset
[I](2021-06-15  11:43:16 am)Reset
[I](2021-06-15  11:44:03 am)Reset
[I](2021-06-15  11:44:12 am)Reset
[I](2021-06-15  11:44:27 am)Reset
[I](2021-06-15  11:44:35 am)Reset
[I](2021-06-15  11:49:04 am)작업 시작 [Start d:305]
[I](2021-06-15  11:49:04 am)Nc File: [No.0005-425.NC *]
[I](2021-06-15  11:49:04 am)  * Start Machine Position
[I](2021-06-15  11:49:04 am)    X:    421.1728
[I](2021-06-15  11:49:04 am)    Y:   -324.0973
[I](2021-06-15  11:49:04 am)    U:     -0.0009
[I](2021-06-15  11:49:04 am)    V:     -0.0499
[I](2021-06-15  11:49:04 am)    Z:     33.6974
[I](2021-06-15  11:49:04 am)  * Angle
[I](2021-06-15  11:49:04 am)    Ar:     -1.0369,Kr:      0.0000
[I](2021-06-15  11:49:04 am)    Taper_Ar:      0.0000
[I](2021-06-15  11:49:07 am)작업중 정지 [d:0][t:00:00:03]
[I](2021-06-15  11:49:07 am)    [LNo:0005] 000010/000258
[I](2021-06-15  11:49:07 am)작업중 M코드정지 [d:0][t:00:00:03]
[I](2021-06-15  12:03:53 pm)작업중 정지 [d:12][t:00:14:49]
[I](2021-06-15  12:03:53 pm)    [LNo:0005] 000024/000258
[I](2021-06-15  12:03:53 pm)작업중 M코드정지 [d:12][t:00:14:49]
[I](2021-06-15  01:35:13 pm)작업중 정지 [d:60][t:01:46:08]
[I](2021-06-15  01:35:13 pm)    [LNo:0005] 000111/000258
[I](2021-06-15  01:35:13 pm)Wire Contact Auto Stop(M52)
[A](2021-06-15  01:36:55 pm)[084] Work Tank Fluid Sensor Abnormal
[A](2021-06-15  01:36:55 pm)[084] Work Tank Fluid Sensor Abnormal
[A](2021-06-15  01:36:55 pm)[084] Work Tank Fluid Sensor Abnormal
[I](2021-06-15  01:39:04 pm)Reset
[I](2021-06-15  01:40:13 pm)Reset
[I](2021-06-15  01:41:46 pm)Reset
[I](2021-06-15  01:41:57 pm)Reset
[I](2021-06-15  01:42:11 pm)Reset
[I](2021-06-15  01:42:22 pm)Reset
[I](2021-06-15  01:43:08 pm)작업 시작 [Start d:365]
[I](2021-06-15  01:43:08 pm)Nc File: [No.0003-411.NC]
[I](2021-06-15  01:43:08 pm)  * Start Machine Position
[I](2021-06-15  01:43:08 pm)    X:     98.2814
[I](2021-06-15  01:43:08 pm)    Y:   -387.1025
[I](2021-06-15  01:43:08 pm)    U:     -0.0001
[I](2021-06-15  01:43:08 pm)    V:     -0.0799
[I](2021-06-15  01:43:08 pm)    Z:     39.6974
[I](2021-06-15  01:43:08 pm)  * Angle
[I](2021-06-15  01:43:08 pm)    Ar:     -0.0895,Kr:      0.0000
[I](2021-06-15  01:43:08 pm)    Taper_Ar:      0.0000
[I](2021-06-15  01:43:19 pm)작업중 정지 [d:0][t:00:00:10]
[I](2021-06-15  01:43:19 pm)    [LNo:0003] 000146/000242
[I](2021-06-15  01:43:19 pm)작업중 M코드정지 [d:0][t:00:00:10]
[I](2021-06-15  01:43:36 pm)작업중 정지 [d:0][t:00:00:28]
[I](2021-06-15  01:43:36 pm)    [LNo:0003] 000153/000242
[I](2021-06-15  02:03:33 pm)작업중 정지 [d:19][t:00:20:24]
[I](2021-06-15  02:03:33 pm)    [LNo:0003] 000170/000242
[I](2021-06-15  02:03:33 pm)작업중 M코드정지 [d:19][t:00:20:24]
[A](2021-06-15  02:04:46 pm)[001] 와이어 미동작
[I](2021-06-15  02:04:54 pm)작업중 정지 [d:19][t:00:21:46]
[I](2021-06-15  02:04:54 pm)    [LNo:0003] 000172/000242
[I](2021-06-15  02:04:54 pm)작업중 M코드정지 [d:19][t:00:21:46]
[I](2021-06-15  02:23:07 pm)작업중 정지 [d:37][t:00:39:59]
[I](2021-06-15  02:23:07 pm)    [LNo:0003] 000234/000242
[I](2021-06-15  02:23:07 pm)작업중 M코드정지 [d:37][t:00:39:59]
[I](2021-06-15  02:33:22 pm)Reset
[I](2021-06-15  02:33:41 pm)Reset
[I](2021-06-15  02:34:38 pm)Reset
[I](2021-06-15  02:35:18 pm)Reset
[I](2021-06-15  02:35:18 pm)Reset
[I](2021-06-15  02:35:27 pm)Reset
[I](2021-06-15  02:35:35 pm)Reset
[I](2021-06-15  02:35:53 pm)Reset
[I](2021-06-15  02:36:06 pm)Reset
[I](2021-06-15  02:36:35 pm)작업 시작 [Start d:402]
[I](2021-06-15  02:36:35 pm)Nc File: [No.0005-425.NC *]
[I](2021-06-15  02:36:35 pm)  * Start Machine Position
[I](2021-06-15  02:36:35 pm)    X:    376.9132
[I](2021-06-15  02:36:35 pm)    Y:   -323.6100
[I](2021-06-15  02:36:35 pm)    U:      0.0000
[I](2021-06-15  02:36:35 pm)    V:      0.0000
[I](2021-06-15  02:36:35 pm)    Z:     34.6974
[I](2021-06-15  02:36:35 pm)  * Angle
[I](2021-06-15  02:36:35 pm)    Ar:      0.8005,Kr:      0.0000
[I](2021-06-15  02:36:35 pm)    Taper_Ar:      0.0000
[I](2021-06-15  03:04:08 pm)작업중 정지 [d:24][t:00:27:33]
[I](2021-06-15  03:04:08 pm)    [LNo:0005] 000224/000258
[I](2021-06-15  03:04:08 pm)Wire Contact Auto Stop(M52)
[A](2021-06-15  03:04:26 pm)[001] 와이어 미동작
[I](2021-06-15  03:04:27 pm)작업 재시작
[I](2021-06-15  03:04:37 pm)작업중 정지 [d:24][t:00:28:02]
[I](2021-06-15  03:04:37 pm)    [LNo:0005] 000230/000258
[I](2021-06-15  03:04:39 pm)작업중 정지 [d:24][t:00:28:03]
[I](2021-06-15  03:04:39 pm)    [LNo:0005] 000230/000258
[I](2021-06-15  03:04:41 pm)작업중 정지 [d:24][t:00:28:05]
[I](2021-06-15  03:04:41 pm)    [LNo:0005] 000230/000258
[A](2021-06-15  03:04:41 pm)[010] 자동결선 Error(M21-절단실패)
[I](2021-06-15  03:10:29 pm)작업중 정지 [d:29][t:00:33:53]
[I](2021-06-15  03:10:29 pm)    [LNo:0005] 000252/000258
[A](2021-06-15  03:10:46 pm)[084] Work Tank Fluid Sensor Abnormal
[A](2021-06-15  03:10:46 pm)[084] Work Tank Fluid Sensor Abnormal
[A](2021-06-15  03:10:47 pm)[084] Work Tank Fluid Sensor Abnormal
[A](2021-06-15  03:10:47 pm)[084] Work Tank Fluid Sensor Abnormal
[A](2021-06-15  03:10:47 pm)[084] Work Tank Fluid Sensor Abnormal
[A](2021-06-15  03:10:47 pm)[084] Work Tank Fluid Sensor Abnormal
[A](2021-06-15  03:10:47 pm)[084] Work Tank Fluid Sensor Abnormal
[A](2021-06-15  03:10:47 pm)[084] Work Tank Fluid Sensor Abnormal
[A](2021-06-15  03:10:48 pm)[084] Work Tank Fluid Sensor Abnormal
[A](2021-06-15  03:10:49 pm)[084] Work Tank Fluid Sensor Abnormal
[A](2021-06-15  03:10:50 pm)[084] Work Tank Fluid Sensor Abnormal
[A](2021-06-15  03:10:51 pm)[084] Work Tank Fluid Sensor Abnormal
[A](2021-06-15  03:10:51 pm)[084] Work Tank Fluid Sensor Abnormal
[A](2021-06-15  03:10:52 pm)[084] Work Tank Fluid Sensor Abnormal
[I](2021-06-15  03:14:01 pm)Reset
[I](2021-06-15  03:14:01 pm)Reset
[I](2021-06-15  03:14:55 pm)Reset
[I](2021-06-15  03:14:56 pm)Reset
[A](2021-06-15  03:15:17 pm)[037] 자동결선 잔여 WIRE 처리 실패!!
[I](2021-06-15  03:22:29 pm)Reset
[I](2021-06-15  03:24:21 pm)Reset
[I](2021-06-15  03:24:25 pm)Reset
[I](2021-06-15  03:24:25 pm)Reset
[I](2021-06-15  03:24:56 pm)Reset
[I](2021-06-15  03:24:56 pm)Reset
[I](2021-06-15  03:27:34 pm)Reset
[I](2021-06-15  03:27:41 pm)Reset
[I](2021-06-15  03:28:52 pm)작업 시작 [Start d:431]
[I](2021-06-15  03:28:52 pm)Nc File: [No.0001-431.NC]
[I](2021-06-15  03:28:52 pm)  * Start Machine Position
[I](2021-06-15  03:28:52 pm)    X:    180.6277
[I](2021-06-15  03:28:52 pm)    Y:   -240.8560
[I](2021-06-15  03:28:52 pm)    U:      0.0000
[I](2021-06-15  03:28:52 pm)    V:      0.0000
[I](2021-06-15  03:28:52 pm)    Z:     30.4174
[I](2021-06-15  03:28:52 pm)  * Angle
[I](2021-06-15  03:28:52 pm)    Ar:     -0.0735,Kr:      0.0000
[I](2021-06-15  03:28:52 pm)    Taper_Ar:      0.0000
[I](2021-06-15  03:29:39 pm)작업중 정지 [d:0][t:00:00:47]
[I](2021-06-15  03:29:39 pm)    [LNo:0001] 000081/001908
[A](2021-06-15  03:29:43 pm)[091] Auto Door Sensor Abnormal
[A](2021-06-15  03:29:43 pm)[091] Auto Door Sensor Abnormal
[A](2021-06-15  03:30:30 pm)[091] Auto Door Sensor Abnormal
[I](2021-06-15  03:30:30 pm)작업중 정지 [d:0][t:00:01:37]
[I](2021-06-15  03:30:30 pm)    [LNo:0001] 000084/001908
[I](2021-06-15  03:30:31 pm)작업중 정지 [d:0][t:00:01:38]
[I](2021-06-15  03:30:31 pm)    [LNo:0001] 000085/001908
[I](2021-06-15  03:30:54 pm)작업중 정지 [d:0][t:00:02:01]
[I](2021-06-15  03:30:54 pm)    [LNo:0001] 000148/001908
[A](2021-06-15  03:31:53 pm)[037] 자동결선 잔여 WIRE 처리 실패!!
[I](2021-06-15  03:32:33 pm)Reset
[I](2021-06-15  03:32:45 pm)작업 시작 [Start d:431]
[I](2021-06-15  03:32:45 pm)Nc File: [No.0001-431.NC]
[I](2021-06-15  03:32:45 pm)  * Start Machine Position
[I](2021-06-15  03:32:45 pm)    X:    180.6277
[I](2021-06-15  03:32:45 pm)    Y:   -240.8560
[I](2021-06-15  03:32:45 pm)    U:      0.0000
[I](2021-06-15  03:32:45 pm)    V:      0.0000
[I](2021-06-15  03:32:45 pm)    Z:     30.4174
[I](2021-06-15  03:32:45 pm)  * Angle
[I](2021-06-15  03:32:45 pm)    Ar:     -0.0735,Kr:      0.0000
[I](2021-06-15  03:32:45 pm)    Taper_Ar:      0.0000
[I](2021-06-15  03:33:51 pm)작업중 정지 [d:0][t:00:01:05]
[I](2021-06-15  03:33:51 pm)    [LNo:0001] 000089/001908
[I](2021-06-15  03:34:06 pm)작업 재시작
[I](2021-06-15  03:48:50 pm)작업중 정지 [d:15][t:00:16:04]
[I](2021-06-15  03:48:50 pm)    [LNo:0001] 000102/001908
[I](2021-06-15  03:48:50 pm)작업중 M코드정지 [d:15][t:00:16:04]
[I](2021-06-15  03:52:41 pm)작업중 정지 [d:16][t:00:19:56]
[I](2021-06-15  03:52:41 pm)    [LNo:0001] 000106/001908
[I](2021-06-15  03:52:41 pm)작업중 M코드정지 [d:16][t:00:19:56]
[I](2021-06-15  04:09:12 pm)작업중 정지 [d:30][t:00:36:26]
[I](2021-06-15  04:09:12 pm)    [LNo:0001] 000136/001908
[I](2021-06-15  04:09:12 pm)작업중 M코드정지 [d:30][t:00:36:26]
[I](2021-06-15  04:12:05 pm)작업중 정지 [d:30][t:00:39:20]
[I](2021-06-15  04:12:05 pm)    [LNo:0001] 000138/001908
[I](2021-06-15  04:12:42 pm)작업 재시작
[I](2021-06-15  04:12:46 pm)작업중 정지 [d:30][t:00:40:01]
[I](2021-06-15  04:12:46 pm)    [LNo:0001] 000140/001908
[I](2021-06-15  04:12:46 pm)작업중 M코드정지 [d:30][t:00:40:01]
[I](2021-06-15  04:29:47 pm)작업중 정지 [d:45][t:00:57:01]
[I](2021-06-15  04:29:47 pm)    [LNo:0001] 000170/001908
[I](2021-06-15  04:29:47 pm)작업중 M코드정지 [d:45][t:00:57:01]
[I](2021-06-15  04:40:22 pm)작업중 정지 [d:45][t:01:07:36]
[I](2021-06-15  04:40:22 pm)    [LNo:0001] 000174/001908
[I](2021-06-15  04:40:22 pm)작업중 M코드정지 [d:45][t:01:07:36]
[I](2021-06-15  04:57:14 pm)작업중 정지 [d:59][t:01:24:28]
[I](2021-06-15  04:57:14 pm)    [LNo:0001] 000204/001908
[I](2021-06-15  04:57:14 pm)작업중 M코드정지 [d:59][t:01:24:28]
[I](2021-06-15  05:06:23 pm)작업중 정지 [d:59][t:01:33:38]
[I](2021-06-15  05:06:23 pm)    [LNo:0001] 000206/001908
[I](2021-06-15  05:06:51 pm)작업 재시작
[I](2021-06-15  05:06:56 pm)작업중 정지 [d:59][t:01:34:10]
[I](2021-06-15  05:06:56 pm)    [LNo:0001] 000208/001908
[I](2021-06-15  05:06:56 pm)작업중 M코드정지 [d:59][t:01:34:10]
[I](2021-06-15  06:10:31 pm)작업중 정지 [d:-385][t:02:37:45]
[I](2021-06-15  06:10:31 pm)    [LNo:0001] 000232/001908
[I](2021-06-15  06:10:31 pm)작업중 M코드정지 [d:-385][t:02:37:45]
[I](2021-06-15  06:46:47 pm)작업중 정지 [d:-385][t:03:14:02]
[I](2021-06-15  06:46:47 pm)    [LNo:0001] 000236/001908
[I](2021-06-15  06:46:47 pm)작업중 M코드정지 [d:-385][t:03:14:02]
[I](2021-06-15  07:33:46 pm)작업중 정지 [d:-340][t:04:01:00]
[I](2021-06-15  07:33:46 pm)    [LNo:0001] 000260/001908
[I](2021-06-15  07:33:46 pm)작업중 M코드정지 [d:-340][t:04:01:00]
[I](2021-06-15  07:38:46 pm)작업중 정지 [d:-340][t:04:06:00]
[I](2021-06-15  07:38:46 pm)    [LNo:0001] 000264/001908
[I](2021-06-15  07:38:46 pm)작업중 M코드정지 [d:-340][t:04:06:00]
[I](2021-06-15  07:48:39 pm)작업중 정지 [d:-331][t:04:15:53]
[I](2021-06-15  07:48:39 pm)    [LNo:0001] 000288/001908
[I](2021-06-15  07:48:39 pm)작업중 M코드정지 [d:-331][t:04:15:53]
[I](2021-06-15  07:49:25 pm)작업중 정지 [d:-331][t:04:16:39]
[I](2021-06-15  07:49:25 pm)    [LNo:0001] 000290/001908
[I](2021-06-15  07:49:49 pm)작업 재시작
[I](2021-06-15  07:49:55 pm)작업중 정지 [d:-331][t:04:17:09]
[I](2021-06-15  07:49:55 pm)    [LNo:0001] 000292/001908
[I](2021-06-15  07:49:55 pm)작업중 M코드정지 [d:-331][t:04:17:10]
[I](2021-06-15  07:54:26 pm)작업중 정지 [d:-328][t:04:21:41]
[I](2021-06-15  07:54:26 pm)    [LNo:0001] 000313/001908
[A](2021-06-15  07:54:26 pm)[008] 작업중 단선(AWF Feed Motor Stop )
[I](2021-06-15  07:54:26 pm)작업중 Wire 단선 [d:-328][t:04:21:41]
[I](2021-06-15  07:55:43 pm)작업 재시작
[I](2021-06-15  08:00:52 pm)작업중 정지 [d:-323][t:04:28:06]
[I](2021-06-15  08:00:52 pm)    [LNo:0001] 000316/001908
[I](2021-06-15  08:00:52 pm)작업중 M코드정지 [d:-323][t:04:28:06]
[I](2021-06-15  08:06:08 pm)작업중 정지 [d:-323][t:04:33:22]
[I](2021-06-15  08:06:08 pm)    [LNo:0001] 000318/001908
[I](2021-06-15  08:06:43 pm)작업 재시작
[I](2021-06-15  08:06:49 pm)작업중 정지 [d:-323][t:04:34:04]
[I](2021-06-15  08:06:49 pm)    [LNo:0001] 000320/001908
[I](2021-06-15  08:06:49 pm)작업중 M코드정지 [d:-323][t:04:34:04]
[I](2021-06-15  08:16:28 pm)작업중 정지 [d:-315][t:04:43:43]
[I](2021-06-15  08:16:28 pm)    [LNo:0001] 000344/001908
[I](2021-06-15  08:16:28 pm)작업중 M코드정지 [d:-315][t:04:43:43]
[I](2021-06-15  08:18:20 pm)작업중 정지 [d:-315][t:04:45:35]
[I](2021-06-15  08:18:20 pm)    [LNo:0001] 000346/001908
[I](2021-06-15  08:18:53 pm)작업 재시작
[I](2021-06-15  08:18:59 pm)작업중 정지 [d:-315][t:04:46:13]
[I](2021-06-15  08:18:59 pm)    [LNo:0001] 000348/001908
[I](2021-06-15  08:18:59 pm)작업중 M코드정지 [d:-315][t:04:46:13]
[I](2021-06-15  08:28:50 pm)작업중 정지 [d:-306][t:04:56:04]
[I](2021-06-15  08:28:50 pm)    [LNo:0001] 000372/001908
[I](2021-06-15  08:28:50 pm)작업중 M코드정지 [d:-306][t:04:56:04]
[I](2021-06-15  08:29:21 pm)작업중 정지 [d:-306][t:04:56:35]
[I](2021-06-15  08:29:21 pm)    [LNo:0001] 000374/001908
[I](2021-06-15  08:29:21 pm)작업중 30sec 접촉 정지 [d:-306][t:04:56:35]
[I](2021-06-15  08:29:51 pm)작업 재시작
[I](2021-06-15  08:30:00 pm)작업중 정지 [d:-306][t:04:57:15]
[I](2021-06-15  08:30:00 pm)    [LNo:0001] 000376/001908
[I](2021-06-15  08:30:00 pm)작업중 M코드정지 [d:-306][t:04:57:15]
[I](2021-06-15  08:33:31 pm)작업중 정지 [d:-304][t:05:00:45]
[I](2021-06-15  08:33:31 pm)    [LNo:0001] 000397/001908
[A](2021-06-15  08:33:31 pm)[008] 작업중 단선(AWF Feed Motor Stop )
[I](2021-06-15  08:33:31 pm)작업중 Wire 단선 [d:-304][t:05:00:45]
[I](2021-06-15  08:34:41 pm)작업 재시작
[I](2021-06-15  08:49:33 pm)작업중 정지 [d:-290][t:05:16:47]
[I](2021-06-15  08:49:33 pm)    [LNo:0001] 000406/001908
[I](2021-06-15  08:49:33 pm)작업중 M코드정지 [d:-290][t:05:16:47]
[I](2021-06-15  08:51:45 pm)작업중 정지 [d:-290][t:05:18:59]
[I](2021-06-15  08:51:45 pm)    [LNo:0001] 000408/001908
[I](2021-06-15  08:52:17 pm)작업 재시작
[I](2021-06-15  08:52:21 pm)작업중 정지 [d:-290][t:05:19:35]
[I](2021-06-15  08:52:21 pm)    [LNo:0001] 000410/001908
[I](2021-06-15  08:52:21 pm)작업중 M코드정지 [d:-290][t:05:19:35]
[I](2021-06-15  09:10:18 pm)작업중 정지 [d:-274][t:05:37:32]
[I](2021-06-15  09:10:18 pm)    [LNo:0001] 000440/001908
[I](2021-06-15  09:10:18 pm)작업중 M코드정지 [d:-274][t:05:37:32]
[I](2021-06-15  09:10:54 pm)작업중 정지 [d:-274][t:05:38:08]
[I](2021-06-15  09:10:54 pm)    [LNo:0001] 000442/001908
[I](2021-06-15  09:11:24 pm)작업 재시작
[I](2021-06-15  09:11:27 pm)작업중 정지 [d:-274][t:05:38:42]
[I](2021-06-15  09:11:27 pm)    [LNo:0001] 000444/001908
[I](2021-06-15  09:11:27 pm)작업중 M코드정지 [d:-274][t:05:38:42]
[I](2021-06-15  09:12:59 pm)작업중 정지 [d:-274][t:05:40:13]
[I](2021-06-15  09:12:59 pm)    [LNo:0001] 000461/001908
[I](2021-06-15  09:12:59 pm)작업중 30sec 접촉 정지 [d:-274][t:05:40:13]
[I](2021-06-15  09:15:31 pm)작업 재시작
[I](2021-06-15  09:17:15 pm)작업중 정지 [d:-272][t:05:44:29]
[I](2021-06-15  09:17:15 pm)    [LNo:0001] 000465/001908
[A](2021-06-15  09:17:15 pm)[008] 작업중 단선(AWF Feed Motor Stop )
[I](2021-06-15  09:17:15 pm)작업중 Wire 단선 [d:-272][t:05:44:29]
[I](2021-06-15  09:18:36 pm)작업 재시작
[I](2021-06-15  09:33:02 pm)작업중 정지 [d:-257][t:06:00:16]
[I](2021-06-15  09:33:02 pm)    [LNo:0001] 000474/001908
[I](2021-06-15  09:33:02 pm)작업중 M코드정지 [d:-257][t:06:00:16]
[I](2021-06-15  09:33:31 pm)작업중 정지 [d:-257][t:06:00:45]
[I](2021-06-15  09:33:31 pm)    [LNo:0001] 000477/001908
[I](2021-06-15  09:33:31 pm)Wire Contact Auto Stop(M52)
[I](2021-06-15  09:34:03 pm)작업 재시작
[I](2021-06-15  09:34:04 pm)작업중 정지 [d:-257][t:06:01:18]
[I](2021-06-15  09:34:04 pm)    [LNo:0001] 000478/001908
[I](2021-06-15  09:34:04 pm)작업중 M코드정지 [d:-257][t:06:01:18]
[I](2021-06-15  09:49:22 pm)작업중 정지 [d:-243][t:06:16:36]
[I](2021-06-15  09:49:22 pm)    [LNo:0001] 000508/001908
[I](2021-06-15  09:49:22 pm)작업중 M코드정지 [d:-243][t:06:16:36]
[I](2021-06-15  09:50:21 pm)작업중 정지 [d:-243][t:06:17:35]
[I](2021-06-15  09:50:21 pm)    [LNo:0001] 000512/001908
[I](2021-06-15  09:50:21 pm)작업중 M코드정지 [d:-243][t:06:17:35]
[I](2021-06-15  10:08:02 pm)작업중 정지 [d:-227][t:06:35:16]
[I](2021-06-15  10:08:02 pm)    [LNo:0001] 000542/001908
[I](2021-06-15  10:08:02 pm)작업중 M코드정지 [d:-227][t:06:35:16]
[I](2021-06-15  10:09:08 pm)작업중 정지 [d:-227][t:06:36:22]
[I](2021-06-15  10:09:08 pm)    [LNo:0001] 000544/001908
[I](2021-06-15  10:09:37 pm)작업 재시작
[I](2021-06-15  10:09:41 pm)작업중 정지 [d:-227][t:06:36:56]
[I](2021-06-15  10:09:41 pm)    [LNo:0001] 000546/001908
[I](2021-06-15  10:09:41 pm)작업중 M코드정지 [d:-227][t:06:36:56]
[I](2021-06-15  10:26:03 pm)작업중 정지 [d:-212][t:06:53:18]
[I](2021-06-15  10:26:03 pm)    [LNo:0001] 000576/001908
[I](2021-06-15  10:26:04 pm)작업중 M코드정지 [d:-212][t:06:53:18]
[I](2021-06-15  10:29:38 pm)작업중 정지 [d:-211][t:06:56:53]
[I](2021-06-15  10:29:38 pm)    [LNo:0001] 000578/001908
[I](2021-06-15  10:30:09 pm)작업 재시작
[I](2021-06-15  10:30:11 pm)작업중 정지 [d:-211][t:06:57:25]
[I](2021-06-15  10:30:11 pm)    [LNo:0001] 000580/001908
[I](2021-06-15  10:30:11 pm)작업중 M코드정지 [d:-211][t:06:57:25]
[I](2021-06-15  10:32:10 pm)작업중 정지 [d:-211][t:06:59:25]
[I](2021-06-15  10:32:10 pm)    [LNo:0001] 000597/001908
[I](2021-06-15  10:32:10 pm)작업중 30sec 접촉 정지 [d:-211][t:06:59:25]
[I](2021-06-15  10:39:40 pm)작업 재시작
[I](2021-06-15  10:56:29 pm)작업중 정지 [d:-195][t:07:23:44]
[I](2021-06-15  10:56:29 pm)    [LNo:0001] 000610/001908
[I](2021-06-15  10:56:29 pm)작업중 M코드정지 [d:-195][t:07:23:44]
[I](2021-06-15  10:56:53 pm)작업중 정지 [d:-195][t:07:24:08]
[I](2021-06-15  10:56:53 pm)    [LNo:0001] 000612/001908
[I](2021-06-15  10:57:26 pm)작업 재시작
[I](2021-06-15  10:57:30 pm)작업중 정지 [d:-195][t:07:24:44]
[I](2021-06-15  10:57:30 pm)    [LNo:0001] 000614/001908
[I](2021-06-15  10:57:30 pm)작업중 M코드정지 [d:-195][t:07:24:45]
[I](2021-06-15  10:59:02 pm)작업중 정지 [d:-195][t:07:26:16]
[I](2021-06-15  10:59:02 pm)    [LNo:0001] 000631/001908
[I](2021-06-15  10:59:02 pm)작업중 30sec 접촉 정지 [d:-195][t:07:26:16]
[I](2021-06-15  11:10:26 pm)작업 재시작
[I](2021-06-15  11:29:11 pm)작업중 정지 [d:-176][t:07:56:26]
[I](2021-06-15  11:29:11 pm)    [LNo:0001] 000644/001908
[I](2021-06-15  11:29:11 pm)작업중 M코드정지 [d:-176][t:07:56:26]
[I](2021-06-15  11:29:35 pm)작업중 정지 [d:-176][t:07:56:50]
[I](2021-06-15  11:29:35 pm)    [LNo:0001] 000648/001908
[I](2021-06-15  11:29:35 pm)작업중 M코드정지 [d:-176][t:07:56:50]
[I](2021-06-15  11:31:42 pm)작업중 정지 [d:-175][t:07:58:56]
[I](2021-06-15  11:31:42 pm)    [LNo:0001] 000665/001908
[I](2021-06-15  11:31:42 pm)작업중 30sec 접촉 정지 [d:-175][t:07:58:56]
[I](2021-06-15  11:35:06 pm)작업 재시작
[I](2021-06-15  11:49:50 pm)작업중 정지 [d:-160][t:08:17:04]
[I](2021-06-15  11:49:50 pm)    [LNo:0001] 000678/001908
[I](2021-06-15  11:49:50 pm)작업중 M코드정지 [d:-160][t:08:17:04]
[I](2021-06-15  11:50:24 pm)작업중 정지 [d:-160][t:08:17:39]
[I](2021-06-15  11:50:24 pm)    [LNo:0001] 000682/001908
[I](2021-06-15  11:50:24 pm)작업중 M코드정지 [d:-160][t:08:17:39]
