[I](2021-12-03  12:05:08 am)작업중 정지 [d:107][t:02:49:34]
[I](2021-12-03  12:05:08 am)    [LNo:0001] 001992/002807
[I](2021-12-03  12:05:08 am)작업중 M코드정지 [d:107][t:02:49:34]
[I](2021-12-03  12:05:53 am)작업중 정지 [d:107][t:02:50:19]
[I](2021-12-03  12:05:53 am)    [LNo:0001] 001993/002807
[I](2021-12-03  12:06:37 am)작업 재시작
[I](2021-12-03  12:06:41 am)작업중 정지 [d:107][t:02:51:07]
[I](2021-12-03  12:06:41 am)    [LNo:0001] 001994/002807
[I](2021-12-03  12:06:41 am)작업중 M코드정지 [d:107][t:02:51:07]
[I](2021-12-03  12:12:23 am)작업중 정지 [d:111][t:02:56:49]
[I](2021-12-03  12:12:23 am)    [LNo:0001] 002022/002807
[I](2021-12-03  12:12:23 am)작업중 M코드정지 [d:111][t:02:56:49]
[I](2021-12-03  12:15:16 am)작업중 정지 [d:111][t:02:59:42]
[I](2021-12-03  12:15:16 am)    [LNo:0001] 002023/002807
[I](2021-12-03  12:15:58 am)작업 재시작
[I](2021-12-03  12:16:01 am)작업중 정지 [d:111][t:03:00:27]
[I](2021-12-03  12:16:01 am)    [LNo:0001] 002024/002807
[I](2021-12-03  12:16:01 am)작업중 M코드정지 [d:111][t:03:00:27]
[I](2021-12-03  12:16:41 am)작업중 정지 [d:111][t:03:01:07]
[I](2021-12-03  12:16:41 am)    [LNo:0001] 002027/002807
[A](2021-12-03  12:16:41 am)[010] 자동결선 Error(M21-절단실패)
[A](2021-12-03  12:17:12 am)[038] 자동결선 FEED MOTOR ALARM !!
[I](2021-12-03  12:22:45 am)작업중 정지 [d:115][t:03:07:12]
[I](2021-12-03  12:22:45 am)    [LNo:0001] 002052/002807
[I](2021-12-03  12:22:45 am)작업중 M코드정지 [d:115][t:03:07:12]
[I](2021-12-03  12:23:38 am)작업중 정지 [d:115][t:03:08:05]
[I](2021-12-03  12:23:38 am)    [LNo:0001] 002053/002807
[I](2021-12-03  12:24:19 am)작업 재시작
[I](2021-12-03  12:24:22 am)작업중 정지 [d:115][t:03:08:49]
[I](2021-12-03  12:24:22 am)    [LNo:0001] 002054/002807
[I](2021-12-03  12:24:22 am)작업중 M코드정지 [d:115][t:03:08:49]
[I](2021-12-03  12:29:15 am)작업중 정지 [d:118][t:03:13:41]
[I](2021-12-03  12:29:15 am)    [LNo:0001] 002082/002807
[I](2021-12-03  12:29:15 am)작업중 M코드정지 [d:118][t:03:13:41]
[I](2021-12-03  12:30:00 am)작업중 정지 [d:118][t:03:14:26]
[I](2021-12-03  12:30:00 am)    [LNo:0001] 002083/002807
[I](2021-12-03  12:30:40 am)작업 재시작
[I](2021-12-03  12:30:45 am)작업중 정지 [d:118][t:03:15:11]
[I](2021-12-03  12:30:45 am)    [LNo:0001] 002083/002807
[I](2021-12-03  12:30:45 am)작업중 30sec 접촉 정지 [d:118][t:03:15:11]
[I](2021-12-03  12:31:15 am)작업 재시작
[I](2021-12-03  12:31:23 am)작업중 정지 [d:118][t:03:15:50]
[I](2021-12-03  12:31:23 am)    [LNo:0001] 002084/002807
[I](2021-12-03  12:31:23 am)작업중 M코드정지 [d:118][t:03:15:50]
[I](2021-12-03  12:34:37 am)작업중 정지 [d:118][t:03:19:03]
[I](2021-12-03  12:34:37 am)    [LNo:0001] 002093/002807
[I](2021-12-03  12:39:14 am)작업중 정지 [d:121][t:03:23:40]
[I](2021-12-03  12:39:14 am)    [LNo:0001] 002112/002807
[I](2021-12-03  12:39:14 am)작업중 M코드정지 [d:121][t:03:23:40]
[I](2021-12-03  12:41:27 am)작업중 정지 [d:122][t:03:25:53]
[I](2021-12-03  12:41:27 am)    [LNo:0001] 002113/002807
[I](2021-12-03  12:42:33 am)작업 재시작
[I](2021-12-03  12:42:36 am)작업중 정지 [d:122][t:03:27:02]
[I](2021-12-03  12:42:36 am)    [LNo:0001] 002114/002807
[I](2021-12-03  12:42:36 am)작업중 M코드정지 [d:122][t:03:27:02]
[I](2021-12-03  12:48:36 am)작업중 정지 [d:126][t:03:33:02]
[I](2021-12-03  12:48:36 am)    [LNo:0001] 002142/002807
[I](2021-12-03  12:48:36 am)작업중 M코드정지 [d:126][t:03:33:02]
[I](2021-12-03  12:51:39 am)작업중 정지 [d:126][t:03:36:05]
[I](2021-12-03  12:51:39 am)    [LNo:0001] 002143/002807
[I](2021-12-03  12:52:20 am)작업 재시작
[I](2021-12-03  12:52:24 am)작업중 정지 [d:126][t:03:36:50]
[I](2021-12-03  12:52:24 am)    [LNo:0001] 002144/002807
[I](2021-12-03  12:52:24 am)작업중 M코드정지 [d:126][t:03:36:50]
[I](2021-12-03  12:57:29 am)작업중 정지 [d:130][t:03:41:55]
[I](2021-12-03  12:57:29 am)    [LNo:0001] 002172/002807
[I](2021-12-03  12:57:29 am)작업중 M코드정지 [d:130][t:03:41:55]
[I](2021-12-03  12:58:21 am)작업중 정지 [d:130][t:03:42:48]
[I](2021-12-03  12:58:21 am)    [LNo:0001] 002173/002807
[I](2021-12-03  12:59:45 am)작업 재시작
[I](2021-12-03  12:59:48 am)작업중 정지 [d:130][t:03:44:15]
[I](2021-12-03  12:59:48 am)    [LNo:0001] 002174/002807
[I](2021-12-03  12:59:48 am)작업중 M코드정지 [d:130][t:03:44:15]
[I](2021-12-03  01:55:09 am)작업중 정지 [d:181][t:04:39:35]
[I](2021-12-03  01:55:09 am)    [LNo:0001] 002311/002807
[I](2021-12-03  01:55:09 am)작업중 30sec 접촉 정지 [d:181][t:04:39:35]
[I](2021-12-03  01:56:53 am)작업 재시작
[I](2021-12-03  02:15:09 am)작업중 정지 [d:198][t:04:59:35]
[I](2021-12-03  02:15:09 am)    [LNo:0001] 002365/002807
[I](2021-12-03  02:15:09 am)작업중 30sec 접촉 정지 [d:198][t:04:59:35]
[I](2021-12-03  02:19:07 am)작업 재시작
[I](2021-12-03  02:37:36 am)작업중 정지 [d:216][t:05:22:02]
[I](2021-12-03  02:37:36 am)    [LNo:0001] 002419/002807
[I](2021-12-03  02:37:36 am)작업중 30sec 접촉 정지 [d:216][t:05:22:02]
[I](2021-12-03  02:42:00 am)작업 재시작
[I](2021-12-03  02:59:52 am)작업중 정지 [d:233][t:05:44:18]
[I](2021-12-03  02:59:52 am)    [LNo:0001] 002473/002807
[A](2021-12-03  02:59:52 am)[008] 작업중 단선(AWF Feed Motor Stop )
[I](2021-12-03  02:59:52 am)작업중 Wire 단선 [d:233][t:05:44:18]
[I](2021-12-03  03:00:03 am)작업 재시작
[I](2021-12-03  03:18:13 am)작업중 정지 [d:250][t:06:02:39]
[I](2021-12-03  03:18:13 am)    [LNo:0001] 002527/002807
[I](2021-12-03  03:18:13 am)작업중 30sec 접촉 정지 [d:250][t:06:02:39]
[I](2021-12-03  03:19:10 am)작업 재시작
[I](2021-12-03  03:19:13 am)작업중 정지 [d:250][t:06:03:39]
[I](2021-12-03  03:19:13 am)    [LNo:0001] 002527/002807
[I](2021-12-03  03:19:50 am)작업 재시작
[I](2021-12-03  03:21:35 am)작업중 정지 [d:252][t:06:06:02]
[I](2021-12-03  03:21:35 am)    [LNo:0001] 002554/002807
[I](2021-12-03  03:21:35 am)작업중 M코드정지 [d:252][t:06:06:02]
[I](2021-12-03  05:39:38 am)
[I](2021-12-03  05:39:38 am)Work completed.
[I](2021-12-03  05:39:38 am)작업 끝.(M02) [d:378][t:08:24:05]
[I](2021-12-03  05:45:06 am)Reset
[I](2021-12-03  05:51:34 am)Reset
[I](2021-12-03  05:52:56 am)작업 시작 [Start d:802]
[I](2021-12-03  05:52:56 am)Nc File: [No.0008-686.NC]
[I](2021-12-03  05:52:56 am)  * Start Machine Position
[I](2021-12-03  05:52:56 am)    X:    161.2909
[I](2021-12-03  05:52:56 am)    Y:   -375.4588
[I](2021-12-03  05:52:56 am)    U:      0.0000
[I](2021-12-03  05:52:56 am)    V:      0.0000
[I](2021-12-03  05:52:56 am)    Z:     35.1741
[I](2021-12-03  05:52:56 am)  * Angle
[I](2021-12-03  05:52:56 am)    Ar:      0.2407,Kr:      0.0000
[I](2021-12-03  05:52:56 am)    Taper_Ar:      0.0000
[I](2021-12-03  05:53:43 am)작업중 정지 [d:1][t:00:00:46]
[I](2021-12-03  05:53:43 am)    [LNo:0008] 000015/000696
[I](2021-12-03  05:54:10 am)작업 재시작
[I](2021-12-03  05:54:39 am)작업중 정지 [d:2][t:00:01:42]
[I](2021-12-03  05:54:39 am)    [LNo:0008] 000015/000696
[I](2021-12-03  05:56:18 am)작업 재시작
[I](2021-12-03  07:42:20 am)작업중 정지 [d:102][t:01:49:23]
[I](2021-12-03  07:42:20 am)    [LNo:0008] 000345/000696
[I](2021-12-03  07:42:20 am)작업중 30sec 접촉 정지 [d:102][t:01:49:23]
[I](2021-12-03  07:42:56 am)작업 재시작
[I](2021-12-03  07:58:51 am)작업중 정지 [d:117][t:02:05:55]
[I](2021-12-03  07:58:51 am)    [LNo:0008] 000412/000696
[I](2021-12-03  07:58:51 am)작업중 30sec 접촉 정지 [d:117][t:02:05:55]
[I](2021-12-03  07:59:25 am)작업 재시작
[I](2021-12-03  08:03:24 am)작업중 정지 [d:120][t:02:10:28]
[I](2021-12-03  08:03:24 am)    [LNo:0008] 000425/000696
[I](2021-12-03  08:03:24 am)작업중 Single Block Stop [d:120][t:02:10:28]
[I](2021-12-03  08:19:11 am)작업중 정지 [d:133][t:02:26:14]
[I](2021-12-03  08:19:11 am)    [LNo:0008] 000454/000696
[I](2021-12-03  08:19:11 am)작업중 30sec 접촉 정지 [d:133][t:02:26:14]
[I](2021-12-03  08:19:45 am)작업 재시작
[I](2021-12-03  09:03:02 am)작업중 정지 [d:173][t:03:10:05]
[I](2021-12-03  09:03:02 am)    [LNo:0008] 000553/000696
[A](2021-12-03  09:03:02 am)[008] 작업중 단선(AWF Feed Motor Stop )
[I](2021-12-03  09:03:02 am)작업중 Wire 단선 [d:173][t:03:10:05]
[I](2021-12-03  09:03:13 am)작업 재시작
[I](2021-12-03  09:19:28 am)작업중 정지 [d:188][t:03:26:32]
[I](2021-12-03  09:19:28 am)    [LNo:0008] 000586/000696
[A](2021-12-03  09:19:28 am)[008] 작업중 단선(AWF Feed Motor Stop )
[I](2021-12-03  09:19:29 am)작업중 Wire 단선 [d:188][t:03:26:32]
[I](2021-12-03  09:19:40 am)작업 재시작
[I](2021-12-03  09:56:05 am)작업중 정지 [d:222][t:04:03:08]
[I](2021-12-03  09:56:05 am)    [LNo:0008] 000652/000696
[I](2021-12-03  09:56:05 am)작업중 30sec 접촉 정지 [d:222][t:04:03:08]
[I](2021-12-03  10:03:40 am)작업 재시작
[I](2021-12-03  10:08:19 am)작업중 정지 [d:225][t:04:15:22]
[I](2021-12-03  10:08:19 am)    [LNo:0008] 000675/000696
[A](2021-12-03  10:08:20 am)[053] Emergency Stop
[A](2021-12-03  10:08:20 am)[005] READY Off(Alarm)
[I](2021-12-03  10:08:20 am)    X:    161.1411
[I](2021-12-03  10:08:20 am)    Y:   -369.3884
[I](2021-12-03  10:08:20 am)    U:      0.0000
[I](2021-12-03  10:08:20 am)    V:      0.0000
[I](2021-12-03  10:08:20 am)    Z:     35.1741
[I](2021-12-03  10:15:35 am)Ready On
[I](2021-12-03  10:15:44 am)작업 재시작
[I](2021-12-03  10:29:59 am)작업중 정지 [d:239][t:04:37:02]
[I](2021-12-03  10:29:59 am)    [LNo:0008] 000685/000696
[I](2021-12-03  10:29:59 am)작업중 30sec 접촉 정지 [d:239][t:04:37:02]
[I](2021-12-03  10:34:49 am)Reset
[I](2021-12-03  10:37:37 am)Reset
[I](2021-12-03  10:38:13 am)Reset
[I](2021-12-03  10:40:54 am)Reset
[I](2021-12-03  10:41:42 am)작업 시작 [Start d:0]
[I](2021-12-03  10:41:42 am)Nc File: [No.0001-685.NC]
[I](2021-12-03  10:41:42 am)  * Start Machine Position
[I](2021-12-03  10:41:42 am)    X:    162.0396
[I](2021-12-03  10:41:42 am)    Y:   -372.7907
[I](2021-12-03  10:41:42 am)    U:      0.0000
[I](2021-12-03  10:41:42 am)    V:      0.0000
[I](2021-12-03  10:41:42 am)    Z:     35.1741
[I](2021-12-03  10:41:42 am)  * Angle
[I](2021-12-03  10:41:42 am)    Ar:      0.4786,Kr:      0.0000
[I](2021-12-03  10:41:42 am)    Taper_Ar:      0.0000
[I](2021-12-03  11:19:47 am)작업중 정지 [d:36][t:00:38:05]
[I](2021-12-03  11:19:47 am)    [LNo:0001] 000083/000638
[I](2021-12-03  11:19:47 am)작업중 30sec 접촉 정지 [d:36][t:00:38:05]
[I](2021-12-03  11:21:59 am)작업 재시작
[I](2021-12-03  12:05:29 pm)작업중 정지 [d:78][t:01:23:46]
[I](2021-12-03  12:05:29 pm)    [LNo:0001] 000193/000638
[I](2021-12-03  12:05:29 pm)작업중 30sec 접촉 정지 [d:78][t:01:23:46]
[I](2021-12-03  12:48:48 pm)작업 재시작
[I](2021-12-03  01:53:24 pm)작업중 정지 [d:139][t:03:11:41]
[I](2021-12-03  01:53:24 pm)    [LNo:0001] 000372/000638
[I](2021-12-03  01:53:24 pm)작업중 30sec 접촉 정지 [d:139][t:03:11:41]
[I](2021-12-03  01:54:45 pm)작업 재시작
[I](2021-12-03  01:59:28 pm)작업중 정지 [d:143][t:03:17:45]
[I](2021-12-03  01:59:28 pm)    [LNo:0001] 000392/000638
[I](2021-12-03  02:21:41 pm)작업중 정지 [d:162][t:03:39:58]
[I](2021-12-03  02:21:41 pm)    [LNo:0001] 000417/000638
[I](2021-12-03  02:21:41 pm)작업중 30sec 접촉 정지 [d:162][t:03:39:59]
[I](2021-12-03  02:22:38 pm)작업 재시작
[I](2021-12-03  04:23:07 pm)
[I](2021-12-03  04:23:07 pm)Work completed.
[I](2021-12-03  04:23:07 pm)작업 끝.(M02) [d:276][t:05:41:25]
[I](2021-12-03  04:28:08 pm)Reset
[I](2021-12-03  04:29:45 pm)Reset
[I](2021-12-03  04:31:06 pm)Reset
[I](2021-12-03  04:33:58 pm)Reset
[I](2021-12-03  04:34:24 pm)작업 시작 [Start d:276]
[I](2021-12-03  04:34:24 pm)Nc File: [No.0008-686.NC]
[I](2021-12-03  04:34:24 pm)  * Start Machine Position
[I](2021-12-03  04:34:24 pm)    X:    161.4613
[I](2021-12-03  04:34:24 pm)    Y:   -373.5922
[I](2021-12-03  04:34:24 pm)    U:      0.0000
[I](2021-12-03  04:34:24 pm)    V:      0.0000
[I](2021-12-03  04:34:24 pm)    Z:     35.1741
[I](2021-12-03  04:34:24 pm)  * Angle
[I](2021-12-03  04:34:24 pm)    Ar:      0.0829,Kr:      0.0000
[I](2021-12-03  04:34:24 pm)    Taper_Ar:      0.0000
[I](2021-12-03  05:02:12 pm)작업중 정지 [d:26][t:00:27:47]
[I](2021-12-03  05:02:12 pm)    [LNo:0008] 000076/000696
[A](2021-12-03  05:04:39 pm)[037] 자동결선 잔여 WIRE 처리 실패!!
[I](2021-12-03  05:05:57 pm)작업 재시작
[I](2021-12-03  06:53:13 pm)작업중 정지 [d:127][t:02:18:48]
[I](2021-12-03  06:53:13 pm)    [LNo:0008] 000413/000696
[I](2021-12-03  06:53:13 pm)작업중 30sec 접촉 정지 [d:127][t:02:18:48]
[I](2021-12-03  06:55:59 pm)작업 재시작
[I](2021-12-03  06:59:26 pm)작업중 정지 [d:130][t:02:25:01]
[I](2021-12-03  06:59:26 pm)    [LNo:0008] 000428/000696
[I](2021-12-03  06:59:26 pm)작업중 M코드정지 [d:130][t:02:25:01]
[I](2021-12-03  09:28:25 pm)작업중 정지 [d:256][t:04:54:00]
[I](2021-12-03  09:28:25 pm)    [LNo:0008] 000689/000696
[I](2021-12-03  09:28:25 pm)작업중 Single Block Stop [d:256][t:04:54:00]
[I](2021-12-03  09:32:05 pm)Reset
[I](2021-12-03  09:32:14 pm)Reset
[I](2021-12-03  09:36:54 pm)Reset
[I](2021-12-03  09:36:55 pm)Reset
[I](2021-12-03  09:36:55 pm)Reset
[I](2021-12-03  09:37:49 pm)작업 시작 [Start d:532]
[I](2021-12-03  09:37:49 pm)Nc File: [No.0001-685.NC]
[I](2021-12-03  09:37:49 pm)  * Start Machine Position
[I](2021-12-03  09:37:49 pm)    X:    164.6343
[I](2021-12-03  09:37:49 pm)    Y:   -373.5692
[I](2021-12-03  09:37:49 pm)    U:      0.0000
[I](2021-12-03  09:37:49 pm)    V:      0.0000
[I](2021-12-03  09:37:49 pm)    Z:     35.1741
[I](2021-12-03  09:37:49 pm)  * Angle
[I](2021-12-03  09:37:49 pm)    Ar:      0.0261,Kr:      0.0000
[I](2021-12-03  09:37:49 pm)    Taper_Ar:      0.0000
[I](2021-12-03  09:37:49 pm)작업중 정지 [d:0][t:00:00:00]
[I](2021-12-03  09:37:49 pm)    [LNo:0001] 000001/000638
[I](2021-12-03  09:37:49 pm)작업중 Single Block Stop [d:0][t:00:00:00]
