[I](2021-11-30  12:00:36 am)Reset
[I](2021-11-30  12:00:36 am)Reset
[I](2021-11-30  12:00:56 am)Reset
[I](2021-11-30  12:01:08 am)Reset
[I](2021-11-30  12:01:43 am)Reset
[I](2021-11-30  12:01:43 am)Reset
[I](2021-11-30  12:05:33 am)Reset
[I](2021-11-30  12:06:22 am)Reset
[I](2021-11-30  12:06:56 am)작업 시작 [Start d:757]
[I](2021-11-30  12:06:56 am)Nc File: [No.0006-647.NC]
[I](2021-11-30  12:06:56 am)  * Start Machine Position
[I](2021-11-30  12:06:56 am)    X:    243.8050
[I](2021-11-30  12:06:56 am)    Y:   -363.3853
[I](2021-11-30  12:06:56 am)    U:      0.0742
[I](2021-11-30  12:06:56 am)    V:      0.4623
[I](2021-11-30  12:06:56 am)    Z:     60.4254
[I](2021-11-30  12:06:56 am)  * Angle
[I](2021-11-30  12:06:56 am)    Ar:     -0.5235,Kr:      0.0000
[I](2021-11-30  12:06:56 am)    Taper_Ar:      0.0000
[I](2021-11-30  12:07:00 am)작업중 정지 [d:0][t:00:00:03]
[I](2021-11-30  12:07:00 am)    [LNo:0006] 000010/000256
[I](2021-11-30  12:07:00 am)작업중 M코드정지 [d:0][t:00:00:03]
[I](2021-11-30  12:15:19 am)작업중 정지 [d:8][t:00:08:22]
[I](2021-11-30  12:15:19 am)    [LNo:0006] 000028/000256
[I](2021-11-30  12:15:19 am)작업중 M코드정지 [d:8][t:00:08:22]
[I](2021-11-30  12:16:55 am)작업중 정지 [d:8][t:00:09:59]
[I](2021-11-30  12:16:56 am)    [LNo:0006] 000030/000256
[I](2021-11-30  12:16:56 am)작업중 M코드정지 [d:8][t:00:09:59]
[I](2021-11-30  12:22:14 am)작업중 정지 [d:13][t:00:15:18]
[I](2021-11-30  12:22:14 am)    [LNo:0006] 000068/000256
[I](2021-11-30  12:22:15 am)작업중 M코드정지 [d:13][t:00:15:18]
[I](2021-11-30  01:48:01 am)Reset
[I](2021-11-30  01:51:07 am)Reset
[I](2021-11-30  01:51:07 am)Reset
[I](2021-11-30  01:54:56 am)Reset
[I](2021-11-30  01:55:17 am)Reset
[I](2021-11-30  01:55:17 am)Reset
[I](2021-11-30  01:55:47 am)Reset
[I](2021-11-30  01:56:19 am)Reset
[I](2021-11-30  01:56:41 am)Reset
[I](2021-11-30  01:57:37 am)작업 시작 [Start d:770]
[I](2021-11-30  01:57:37 am)Nc File: [No.0006-647.NC]
[I](2021-11-30  01:57:37 am)  * Start Machine Position
[I](2021-11-30  01:57:37 am)    X:    212.9397
[I](2021-11-30  01:57:37 am)    Y:   -359.3088
[I](2021-11-30  01:57:37 am)    U:     -0.2411
[I](2021-11-30  01:57:37 am)    V:      0.1642
[I](2021-11-30  01:57:37 am)    Z:     52.2559
[I](2021-11-30  01:57:37 am)  * Angle
[I](2021-11-30  01:57:37 am)    Ar:     -0.2904,Kr:      0.0000
[I](2021-11-30  01:57:37 am)    Taper_Ar:      0.0000
[I](2021-11-30  01:57:45 am)작업중 정지 [d:0][t:00:00:07]
[I](2021-11-30  01:57:45 am)    [LNo:0006] 000088/000256
[I](2021-11-30  01:57:45 am)작업중 M코드정지 [d:0][t:00:00:07]
[I](2021-11-30  01:57:46 am)작업중 정지 [d:0][t:00:00:08]
[I](2021-11-30  01:57:46 am)    [LNo:0006] 000091/000256
[I](2021-11-30  01:57:46 am)작업중 M코드정지 [d:0][t:00:00:08]
[I](2021-11-30  01:57:47 am)작업중 정지 [d:0][t:00:00:09]
[I](2021-11-30  01:57:47 am)    [LNo:0006] 000094/000256
[I](2021-11-30  01:57:47 am)작업중 M코드정지 [d:0][t:00:00:09]
[I](2021-11-30  01:57:54 am)작업중 정지 [d:0][t:00:00:16]
[I](2021-11-30  01:57:54 am)    [LNo:0006] 000103/000256
[I](2021-11-30  02:08:08 am)작업중 정지 [d:9][t:00:10:30]
[I](2021-11-30  02:08:08 am)    [LNo:0006] 000114/000256
[I](2021-11-30  02:08:08 am)작업중 30sec 접촉 정지 [d:9][t:00:10:30]
[I](2021-11-30  02:09:07 am)작업 재시작
[I](2021-11-30  02:09:30 am)작업중 정지 [d:9][t:00:11:52]
[I](2021-11-30  02:09:30 am)    [LNo:0006] 000115/000256
[I](2021-11-30  02:09:30 am)작업중 M코드정지 [d:9][t:00:11:52]
[I](2021-11-30  02:09:45 am)작업중 정지 [d:9][t:00:12:07]
[I](2021-11-30  02:09:45 am)    [LNo:0006] 000117/000256
[I](2021-11-30  02:09:45 am)작업중 M코드정지 [d:9][t:00:12:07]
[I](2021-11-30  02:14:22 am)작업중 정지 [d:13][t:00:16:44]
[I](2021-11-30  02:14:22 am)    [LNo:0006] 000155/000256
[I](2021-11-30  02:14:22 am)작업중 M코드정지 [d:13][t:00:16:44]
[I](2021-11-30  02:16:28 am)Reset
[I](2021-11-30  02:16:36 am)Reset
[I](2021-11-30  02:16:48 am)Reset
[I](2021-11-30  02:24:19 am)Reset
[I](2021-11-30  02:24:51 am)Reset
[I](2021-11-30  02:25:11 am)Reset
[I](2021-11-30  02:26:03 am)작업 시작 [Start d:783]
[I](2021-11-30  02:26:03 am)Nc File: [No.0006-647.NC]
[I](2021-11-30  02:26:03 am)  * Start Machine Position
[I](2021-11-30  02:26:03 am)    X:    206.2385
[I](2021-11-30  02:26:03 am)    Y:   -357.4324
[I](2021-11-30  02:26:03 am)    U:     -0.3854
[I](2021-11-30  02:26:03 am)    V:      0.0537
[I](2021-11-30  02:26:03 am)    Z:     49.5099
[I](2021-11-30  02:26:03 am)  * Angle
[I](2021-11-30  02:26:03 am)    Ar:     -0.5579,Kr:      0.0000
[I](2021-11-30  02:26:03 am)    Taper_Ar:      0.0000
[I](2021-11-30  02:26:11 am)작업중 정지 [d:0][t:00:00:07]
[I](2021-11-30  02:26:11 am)    [LNo:0006] 000175/000256
[I](2021-11-30  02:26:11 am)작업중 M코드정지 [d:0][t:00:00:07]
[I](2021-11-30  02:26:13 am)작업중 정지 [d:0][t:00:00:09]
[I](2021-11-30  02:26:13 am)    [LNo:0006] 000178/000256
[I](2021-11-30  02:26:13 am)작업중 M코드정지 [d:0][t:00:00:09]
[I](2021-11-30  02:26:14 am)작업중 정지 [d:0][t:00:00:10]
[I](2021-11-30  02:26:14 am)    [LNo:0006] 000181/000256
[I](2021-11-30  02:26:14 am)작업중 M코드정지 [d:0][t:00:00:10]
[I](2021-11-30  02:26:26 am)작업중 정지 [d:0][t:00:00:22]
[I](2021-11-30  02:26:26 am)    [LNo:0006] 000190/000256
[I](2021-11-30  02:41:27 am)작업중 정지 [d:14][t:00:15:24]
[I](2021-11-30  02:41:27 am)    [LNo:0006] 000204/000256
[I](2021-11-30  02:41:27 am)작업중 M코드정지 [d:14][t:00:15:24]
[I](2021-11-30  02:41:47 am)작업중 정지 [d:14][t:00:15:44]
[I](2021-11-30  02:41:47 am)    [LNo:0006] 000206/000256
[I](2021-11-30  02:41:48 am)작업중 M코드정지 [d:14][t:00:15:44]
[I](2021-11-30  02:47:36 am)작업중 정지 [d:19][t:00:21:32]
[I](2021-11-30  02:47:36 am)    [LNo:0006] 000248/000256
[I](2021-11-30  02:47:36 am)작업중 M코드정지 [d:19][t:00:21:32]
[I](2021-11-30  02:52:21 am)Reset
[I](2021-11-30  02:52:33 am)Reset
[I](2021-11-30  02:52:37 am)Reset
[I](2021-11-30  03:01:20 am)Reset
[I](2021-11-30  03:01:21 am)Reset
[I](2021-11-30  03:05:12 am)작업 시작 [Start d:0]
[I](2021-11-30  03:05:12 am)Nc File: [No.0007-535.NC]
[I](2021-11-30  03:05:12 am)  * Start Machine Position
[I](2021-11-30  03:05:12 am)    X:    193.9129
[I](2021-11-30  03:05:12 am)    Y:   -383.5513
[I](2021-11-30  03:05:12 am)    U:      0.0000
[I](2021-11-30  03:05:12 am)    V:      0.0000
[I](2021-11-30  03:05:12 am)    Z:     13.4643
[I](2021-11-30  03:05:12 am)  * Angle
[I](2021-11-30  03:05:12 am)    Ar:      1.1861,Kr:      0.0000
[I](2021-11-30  03:05:12 am)    Taper_Ar:      0.0000
[I](2021-11-30  03:10:44 am)작업중 정지 [d:6][t:00:05:32]
[I](2021-11-30  03:10:44 am)    [LNo:0007] 000161/000446
[I](2021-11-30  03:10:45 am)작업중 30sec 접촉 정지 [d:6][t:00:05:32]
[I](2021-11-30  03:11:40 am)작업 재시작
[I](2021-11-30  06:04:35 am)작업중 정지 [d:178][t:02:59:23]
[I](2021-11-30  06:04:35 am)    [LNo:0007] 000434/000446
[I](2021-11-30  06:04:35 am)작업중 M코드정지 [d:178][t:02:59:23]
[I](2021-11-30  06:05:44 am)작업중 정지 [d:179][t:03:00:32]
[I](2021-11-30  06:05:44 am)    [LNo:0007] 000436/000446
[I](2021-11-30  06:05:44 am)작업중 M코드정지 [d:179][t:03:00:32]
[I](2021-11-30  06:12:05 am)Reset
[I](2021-11-30  06:12:12 am)Reset
[I](2021-11-30  06:24:19 am)작업 시작 [Start d:179]
[I](2021-11-30  06:24:19 am)Nc File: [No.0007-535.NC]
[I](2021-11-30  06:24:19 am)  * Start Machine Position
[I](2021-11-30  06:24:19 am)    X:    195.1223
[I](2021-11-30  06:24:19 am)    Y:   -384.3180
[I](2021-11-30  06:24:19 am)    U:      0.0000
[I](2021-11-30  06:24:19 am)    V:      0.0000
[I](2021-11-30  06:24:19 am)    Z:     13.5643
[I](2021-11-30  06:24:19 am)  * Angle
[I](2021-11-30  06:24:19 am)    Ar:      0.6838,Kr:      0.0000
[I](2021-11-30  06:24:19 am)    Taper_Ar:      0.0000
[I](2021-11-30  06:28:26 am)작업중 정지 [d:4][t:00:04:06]
[I](2021-11-30  06:28:26 am)    [LNo:0007] 000161/000446
[I](2021-11-30  06:28:26 am)작업중 30sec 접촉 정지 [d:4][t:00:04:06]
[I](2021-11-30  06:29:36 am)작업 재시작
[I](2021-11-30  09:23:37 am)작업중 정지 [d:178][t:02:59:18]
[I](2021-11-30  09:23:37 am)    [LNo:0007] 000435/000446
[A](2021-11-30  09:23:42 am)[036] 자동결선 절단 공정 실패!!
[I](2021-11-30  09:27:32 am)Reset
[I](2021-11-30  09:31:09 am)Reset
[I](2021-11-30  09:33:11 am)Reset
[I](2021-11-30  09:34:21 am)Reset
[I](2021-11-30  09:34:26 am)Reset
[I](2021-11-30  09:34:34 am)Reset
[I](2021-11-30  09:34:49 am)Reset
[I](2021-11-30  09:34:58 am)Reset
[I](2021-11-30  09:35:41 am)작업 시작 [Start d:357]
[I](2021-11-30  09:35:41 am)Nc File: [No.0001-659.NC]
[I](2021-11-30  09:35:41 am)  * Start Machine Position
[I](2021-11-30  09:35:41 am)    X:    145.1115
[I](2021-11-30  09:35:41 am)    Y:   -348.4878
[I](2021-11-30  09:35:41 am)    U:      0.1599
[I](2021-11-30  09:35:41 am)    V:     -0.0005
[I](2021-11-30  09:35:41 am)    Z:     43.0293
[I](2021-11-30  09:35:41 am)  * Angle
[I](2021-11-30  09:35:41 am)    Ar:     -0.1986,Kr:      0.0000
[I](2021-11-30  09:35:41 am)    Taper_Ar:      0.0000
[I](2021-11-30  09:35:45 am)작업중 정지 [d:0][t:00:00:03]
[I](2021-11-30  09:35:45 am)    [LNo:0001] 000010/000088
[I](2021-11-30  09:35:45 am)작업중 M코드정지 [d:0][t:00:00:03]
[I](2021-11-30  09:50:12 am)작업중 정지 [d:14][t:00:14:31]
[I](2021-11-30  09:50:12 am)    [LNo:0001] 000032/000088
[I](2021-11-30  09:50:12 am)작업중 M코드정지 [d:14][t:00:14:31]
[I](2021-11-30  09:50:43 am)작업중 정지 [d:14][t:00:15:02]
[I](2021-11-30  09:50:43 am)    [LNo:0001] 000033/000088
[I](2021-11-30  09:50:54 am)작업 재시작
[I](2021-11-30  09:50:59 am)작업중 정지 [d:14][t:00:15:18]
[I](2021-11-30  09:50:59 am)    [LNo:0001] 000034/000088
[I](2021-11-30  09:50:59 am)작업중 M코드정지 [d:14][t:00:15:18]
[I](2021-11-30  09:55:09 am)작업중 정지 [d:18][t:00:19:27]
[I](2021-11-30  09:55:09 am)    [LNo:0001] 000055/000088
[I](2021-11-30  09:55:09 am)작업중 30sec 접촉 정지 [d:18][t:00:19:27]
[I](2021-11-30  09:55:15 am)작업 재시작
[I](2021-11-30  09:55:20 am)작업중 정지 [d:18][t:00:19:38]
[I](2021-11-30  09:55:20 am)    [LNo:0001] 000055/000088
[I](2021-11-30  09:55:20 am)작업중 30sec 접촉 정지 [d:18][t:00:19:38]
[I](2021-11-30  09:55:23 am)작업 재시작
[I](2021-11-30  09:55:27 am)작업중 정지 [d:18][t:00:19:45]
[I](2021-11-30  09:55:27 am)    [LNo:0001] 000055/000088
[I](2021-11-30  09:55:30 am)작업 재시작
[I](2021-11-30  09:57:53 am)작업중 정지 [d:21][t:00:22:11]
[I](2021-11-30  09:57:53 am)    [LNo:0001] 000080/000088
[I](2021-11-30  09:57:53 am)작업중 M코드정지 [d:21][t:00:22:11]
[A](2021-11-30  09:58:57 am)[036] 자동결선 절단 공정 실패!!
[I](2021-11-30  10:00:02 am)Reset
[A](2021-11-30  10:02:00 am)[002] 가공액 미동작
[I](2021-11-30  10:02:21 am)Reset
[I](2021-11-30  10:02:30 am)Reset
[I](2021-11-30  10:02:48 am)Reset
[I](2021-11-30  10:02:57 am)Reset
[I](2021-11-30  10:03:20 am)작업 시작 [Start d:378]
[I](2021-11-30  10:03:20 am)Nc File: [No.0001-659.NC]
[I](2021-11-30  10:03:20 am)  * Start Machine Position
[I](2021-11-30  10:03:20 am)    X:    146.7916
[I](2021-11-30  10:03:20 am)    Y:   -351.1211
[I](2021-11-30  10:03:20 am)    U:      0.1000
[I](2021-11-30  10:03:20 am)    V:     -0.0001
[I](2021-11-30  10:03:20 am)    Z:     43.0293
[I](2021-11-30  10:03:20 am)  * Angle
[I](2021-11-30  10:03:20 am)    Ar:     -0.3955,Kr:      0.0000
[I](2021-11-30  10:03:20 am)    Taper_Ar:      0.0000
[I](2021-11-30  10:03:24 am)작업중 정지 [d:0][t:00:00:03]
[I](2021-11-30  10:03:24 am)    [LNo:0001] 000010/000088
[I](2021-11-30  10:03:24 am)작업중 M코드정지 [d:0][t:00:00:03]
[I](2021-11-30  10:19:57 am)작업중 정지 [d:16][t:00:16:36]
[I](2021-11-30  10:19:57 am)    [LNo:0001] 000032/000088
[I](2021-11-30  10:19:57 am)작업중 M코드정지 [d:16][t:00:16:36]
[I](2021-11-30  10:22:23 am)작업중 정지 [d:16][t:00:19:02]
[I](2021-11-30  10:22:23 am)    [LNo:0001] 000034/000088
[I](2021-11-30  10:22:23 am)작업중 M코드정지 [d:16][t:00:19:02]
[I](2021-11-30  10:26:39 am)작업중 정지 [d:20][t:00:23:18]
[I](2021-11-30  10:26:39 am)    [LNo:0001] 000055/000088
[I](2021-11-30  10:26:39 am)작업중 30sec 접촉 정지 [d:20][t:00:23:18]
[I](2021-11-30  10:27:14 am)작업 재시작
[I](2021-11-30  10:27:28 am)작업중 정지 [d:20][t:00:24:08]
[I](2021-11-30  10:27:28 am)    [LNo:0001] 000055/000088
[I](2021-11-30  10:27:28 am)작업중 30sec 접촉 정지 [d:20][t:00:24:08]
[I](2021-11-30  10:27:33 am)작업 재시작
[I](2021-11-30  10:27:37 am)작업중 정지 [d:20][t:00:24:16]
[I](2021-11-30  10:27:37 am)    [LNo:0001] 000055/000088
[I](2021-11-30  10:27:41 am)작업 재시작
[I](2021-11-30  10:29:56 am)작업중 정지 [d:22][t:00:26:35]
[I](2021-11-30  10:29:56 am)    [LNo:0001] 000080/000088
[I](2021-11-30  10:29:56 am)작업중 M코드정지 [d:22][t:00:26:35]
[I](2021-11-30  10:35:49 am)Reset
[I](2021-11-30  10:36:07 am)Reset
[I](2021-11-30  10:41:26 am)Reset
[I](2021-11-30  10:42:28 am)Reset
[I](2021-11-30  10:43:11 am)Reset
[I](2021-11-30  10:43:22 am)Reset
[I](2021-11-30  10:43:37 am)Reset
[I](2021-11-30  10:43:43 am)Reset
[I](2021-11-30  10:43:56 am)Reset
[I](2021-11-30  10:44:39 am)작업 시작 [Start d:400]
[I](2021-11-30  10:44:39 am)Nc File: [No.0002-667.NC]
[I](2021-11-30  10:44:39 am)  * Start Machine Position
[I](2021-11-30  10:44:39 am)    X:    304.9910
[I](2021-11-30  10:44:39 am)    Y:   -390.2710
[I](2021-11-30  10:44:39 am)    U:      0.0022
[I](2021-11-30  10:44:39 am)    V:     -0.1099
[I](2021-11-30  10:44:39 am)    Z:     36.9318
[I](2021-11-30  10:44:39 am)  * Angle
[I](2021-11-30  10:44:39 am)    Ar:      1.1461,Kr:      0.0000
[I](2021-11-30  10:44:39 am)    Taper_Ar:      0.0000
[I](2021-11-30  10:44:43 am)작업중 정지 [d:0][t:00:00:03]
[I](2021-11-30  10:44:43 am)    [LNo:0002] 000010/000203
[I](2021-11-30  10:44:43 am)작업중 M코드정지 [d:0][t:00:00:03]
[I](2021-11-30  10:44:47 am)작업중 정지 [d:0][t:00:00:07]
[I](2021-11-30  10:44:47 am)    [LNo:0002] 000012/000203
[I](2021-11-30  10:44:47 am)작업중 M코드정지 [d:0][t:00:00:07]
[I](2021-11-30  10:44:49 am)작업중 정지 [d:0][t:00:00:10]
[I](2021-11-30  10:44:49 am)    [LNo:0002] 000014/000203
[I](2021-11-30  10:44:49 am)작업중 M코드정지 [d:0][t:00:00:10]
[I](2021-11-30  10:57:20 am)작업중 정지 [d:12][t:00:12:40]
[I](2021-11-30  10:57:20 am)    [LNo:0002] 000073/000203
[I](2021-11-30  10:57:20 am)작업중 M코드정지 [d:12][t:00:12:40]
[A](2021-11-30  11:00:59 am)[001] 와이어 미동작
[I](2021-11-30  11:01:07 am)작업중 정지 [d:12][t:00:16:28]
[I](2021-11-30  11:01:07 am)    [LNo:0002] 000075/000203
[I](2021-11-30  11:01:07 am)작업중 M코드정지 [d:12][t:00:16:28]
[I](2021-11-30  11:01:59 am)작업중 정지 [d:13][t:00:17:20]
[I](2021-11-30  11:01:59 am)    [LNo:0002] 000089/000203
[I](2021-11-30  11:01:59 am)작업중 30sec 접촉 정지 [d:13][t:00:17:20]
[I](2021-11-30  11:02:08 am)작업 재시작
[I](2021-11-30  11:05:51 am)작업중 정지 [d:17][t:00:21:11]
[I](2021-11-30  11:05:51 am)    [LNo:0002] 000196/000203
[I](2021-11-30  11:05:51 am)작업중 M코드정지 [d:17][t:00:21:11]
[A](2021-11-30  11:06:09 am)[084] Work Tank Fluid Sensor Abnormal
[A](2021-11-30  11:06:09 am)[084] Work Tank Fluid Sensor Abnormal
[A](2021-11-30  11:06:09 am)[084] Work Tank Fluid Sensor Abnormal
[A](2021-11-30  11:06:09 am)[084] Work Tank Fluid Sensor Abnormal
[A](2021-11-30  11:06:09 am)[084] Work Tank Fluid Sensor Abnormal
[A](2021-11-30  11:06:10 am)[084] Work Tank Fluid Sensor Abnormal
[A](2021-11-30  11:06:10 am)[084] Work Tank Fluid Sensor Abnormal
[A](2021-11-30  11:06:10 am)[084] Work Tank Fluid Sensor Abnormal
[A](2021-11-30  11:06:11 am)[084] Work Tank Fluid Sensor Abnormal
[A](2021-11-30  11:06:11 am)[084] Work Tank Fluid Sensor Abnormal
[A](2021-11-30  11:06:11 am)[084] Work Tank Fluid Sensor Abnormal
[A](2021-11-30  11:06:11 am)[084] Work Tank Fluid Sensor Abnormal
[A](2021-11-30  11:06:12 am)[084] Work Tank Fluid Sensor Abnormal
[A](2021-11-30  11:06:13 am)[084] Work Tank Fluid Sensor Abnormal
[I](2021-11-30  11:09:37 am)Reset
[I](2021-11-30  11:10:19 am)Reset
[I](2021-11-30  11:10:24 am)Reset
[I](2021-11-30  11:10:26 am)Reset
[I](2021-11-30  11:11:35 am)Reset
[I](2021-11-30  11:11:44 am)Reset
[I](2021-11-30  11:12:11 am)Reset
[I](2021-11-30  11:12:20 am)Reset
[I](2021-11-30  11:12:31 am)Reset
[I](2021-11-30  11:13:08 am)작업 시작 [Start d:417]
[I](2021-11-30  11:13:08 am)Nc File: [No.0002-667.NC]
[I](2021-11-30  11:13:08 am)  * Start Machine Position
[I](2021-11-30  11:13:08 am)    X:    305.1295
[I](2021-11-30  11:13:08 am)    Y:   -390.0153
[I](2021-11-30  11:13:08 am)    U:      0.0003
[I](2021-11-30  11:13:08 am)    V:     -0.0299
[I](2021-11-30  11:13:08 am)    Z:     36.9318
[I](2021-11-30  11:13:08 am)  * Angle
[I](2021-11-30  11:13:08 am)    Ar:      0.6059,Kr:      0.0000
[I](2021-11-30  11:13:08 am)    Taper_Ar:      0.0000
[I](2021-11-30  11:13:12 am)작업중 정지 [d:0][t:00:00:03]
[I](2021-11-30  11:13:12 am)    [LNo:0002] 000010/000203
[I](2021-11-30  11:13:12 am)작업중 M코드정지 [d:0][t:00:00:03]
[I](2021-11-30  11:13:18 am)작업중 정지 [d:0][t:00:00:09]
[I](2021-11-30  11:13:18 am)    [LNo:0002] 000012/000203
[I](2021-11-30  11:13:18 am)작업중 M코드정지 [d:0][t:00:00:09]
[I](2021-11-30  11:13:20 am)작업중 정지 [d:0][t:00:00:11]
[I](2021-11-30  11:13:20 am)    [LNo:0002] 000014/000203
[I](2021-11-30  11:13:20 am)작업중 M코드정지 [d:0][t:00:00:11]
[I](2021-11-30  11:25:21 am)작업중 정지 [d:12][t:00:12:12]
[I](2021-11-30  11:25:21 am)    [LNo:0002] 000073/000203
[I](2021-11-30  11:25:21 am)작업중 M코드정지 [d:12][t:00:12:12]
[I](2021-11-30  11:27:31 am)작업중 정지 [d:12][t:00:14:22]
[I](2021-11-30  11:27:31 am)    [LNo:0002] 000075/000203
[I](2021-11-30  11:27:31 am)작업중 M코드정지 [d:12][t:00:14:22]
[I](2021-11-30  11:31:54 am)작업중 정지 [d:16][t:00:18:45]
[I](2021-11-30  11:31:54 am)    [LNo:0002] 000195/000203
[I](2021-11-30  11:31:54 am)작업중 M코드정지 [d:16][t:00:18:45]
[I](2021-11-30  11:34:14 am)작업중 정지 [d:16][t:00:21:05]
[I](2021-11-30  11:34:14 am)    [LNo:0002] 000198/000203
[A](2021-11-30  11:34:57 am)[036] 자동결선 절단 공정 실패!!
[A](2021-11-30  11:35:01 am)[038] 자동결선 FEED MOTOR ALARM !!
[A](2021-11-30  11:35:10 am)[038] 자동결선 FEED MOTOR ALARM !!
[A](2021-11-30  11:35:15 am)[038] 자동결선 FEED MOTOR ALARM !!
[A](2021-11-30  11:35:38 am)[038] 자동결선 FEED MOTOR ALARM !!
[A](2021-11-30  11:35:44 am)[038] 자동결선 FEED MOTOR ALARM !!
[I](2021-11-30  11:35:59 am)Reset
[I](2021-11-30  11:36:03 am)Reset
[I](2021-11-30  11:38:37 am)Reset
[I](2021-11-30  11:39:12 am)Reset
[I](2021-11-30  11:40:11 am)Reset
[I](2021-11-30  11:42:05 am)Reset
[I](2021-11-30  11:43:46 am)작업 시작 [Start d:433]
[I](2021-11-30  11:43:46 am)Nc File: [No.0003-662.NC]
[I](2021-11-30  11:43:46 am)  * Start Machine Position
[I](2021-11-30  11:43:46 am)    X:     69.3486
[I](2021-11-30  11:43:46 am)    Y:   -340.6058
[I](2021-11-30  11:43:46 am)    U:      0.0000
[I](2021-11-30  11:43:46 am)    V:      0.0000
[I](2021-11-30  11:43:46 am)    Z:     27.7668
[I](2021-11-30  11:43:46 am)  * Angle
[I](2021-11-30  11:43:46 am)    Ar:      1.3106,Kr:      0.0000
[I](2021-11-30  11:43:46 am)    Taper_Ar:      0.0000
[I](2021-11-30  11:52:19 am)작업중 정지 [d:8][t:00:08:33]
[I](2021-11-30  11:52:19 am)    [LNo:0003] 000022/000127
[I](2021-11-30  11:52:19 am)작업중 M코드정지 [d:8][t:00:08:33]
[I](2021-11-30  11:52:47 am)작업중 정지 [d:8][t:00:09:01]
[I](2021-11-30  11:52:47 am)    [LNo:0003] 000026/000127
[I](2021-11-30  11:52:47 am)작업중 M코드정지 [d:8][t:00:09:01]
[I](2021-11-30  11:55:45 am)작업중 정지 [d:10][t:00:11:59]
[I](2021-11-30  11:55:45 am)    [LNo:0003] 000045/000127
[A](2021-11-30  11:55:45 am)[010] 자동결선 Error(M21-절단실패)
[A](2021-11-30  11:56:04 am)[038] 자동결선 FEED MOTOR ALARM !!
[A](2021-11-30  11:56:37 am)[038] 자동결선 FEED MOTOR ALARM !!
[A](2021-11-30  11:58:02 am)[038] 자동결선 FEED MOTOR ALARM !!
[I](2021-11-30  11:58:10 am)Reset
[A](2021-11-30  11:58:28 am)[036] 자동결선 절단 공정 실패!!
[I](2021-11-30  11:58:45 am)작업 시작 [Start d:443]
[I](2021-11-30  11:58:45 am)Nc File: [No.0003-662.NC]
[I](2021-11-30  11:58:45 am)  * Start Machine Position
[I](2021-11-30  11:58:45 am)    X:     69.3486
[I](2021-11-30  11:58:45 am)    Y:   -340.6058
[I](2021-11-30  11:58:45 am)    U:      0.0000
[I](2021-11-30  11:58:45 am)    V:      0.0000
[I](2021-11-30  11:58:45 am)    Z:     27.7668
[I](2021-11-30  11:58:45 am)  * Angle
[I](2021-11-30  11:58:45 am)    Ar:      1.3106,Kr:      0.0000
[I](2021-11-30  11:58:45 am)    Taper_Ar:      0.0000
[I](2021-11-30  11:58:46 am)작업중 정지 [d:0][t:00:00:01]
[I](2021-11-30  11:58:46 am)    [LNo:0003] 000007/000127
[I](2021-11-30  11:58:47 am)Reset
[A](2021-11-30  11:59:09 am)[038] 자동결선 FEED MOTOR ALARM !!
[A](2021-11-30  11:59:09 am)[036] 자동결선 절단 공정 실패!!
[I](2021-11-30  11:59:16 am)Reset
[I](2021-11-30  11:59:16 am)Reset
[A](2021-11-30  11:59:18 am)[038] 자동결선 FEED MOTOR ALARM !!
[A](2021-11-30  11:59:22 am)[038] 자동결선 FEED MOTOR ALARM !!
[A](2021-11-30  11:59:54 am)[036] 자동결선 절단 공정 실패!!
[A](2021-11-30  11:59:55 am)[038] 자동결선 FEED MOTOR ALARM !!
[I](2021-11-30  12:00:17 pm)Reset
[I](2021-11-30  12:00:25 pm)작업 시작 [Start d:443]
[I](2021-11-30  12:00:25 pm)Nc File: [No.0003-662.NC]
[I](2021-11-30  12:00:25 pm)  * Start Machine Position
[I](2021-11-30  12:00:25 pm)    X:     69.3486
[I](2021-11-30  12:00:25 pm)    Y:   -340.6058
[I](2021-11-30  12:00:25 pm)    U:      0.0000
[I](2021-11-30  12:00:25 pm)    V:      0.0000
[I](2021-11-30  12:00:25 pm)    Z:     27.7668
[I](2021-11-30  12:00:25 pm)  * Angle
[I](2021-11-30  12:00:25 pm)    Ar:      1.3106,Kr:      0.0000
[I](2021-11-30  12:00:25 pm)    Taper_Ar:      0.0000
[I](2021-11-30  12:00:28 pm)작업중 정지 [d:0][t:00:00:02]
[I](2021-11-30  12:00:28 pm)    [LNo:0003] 000051/000127
[I](2021-11-30  12:44:22 pm)작업중 정지 [d:43][t:00:43:56]
[I](2021-11-30  12:44:22 pm)    [LNo:0003] 000115/000127
[I](2021-11-30  12:44:22 pm)작업중 M코드정지 [d:43][t:00:43:56]
[I](2021-11-30  12:52:26 pm)작업중 정지 [d:43][t:00:52:01]
[I](2021-11-30  12:52:26 pm)    [LNo:0003] 000117/000127
[I](2021-11-30  12:52:26 pm)작업중 M코드정지 [d:43][t:00:52:01]
[I](2021-11-30  12:52:45 pm)작업중 정지 [d:43][t:00:52:19]
[I](2021-11-30  12:52:45 pm)    [LNo:0003] 000120/000127
[A](2021-11-30  12:53:21 pm)[036] 자동결선 절단 공정 실패!!
[A](2021-11-30  12:53:27 pm)[038] 자동결선 FEED MOTOR ALARM !!
[A](2021-11-30  01:02:43 pm)[038] 자동결선 FEED MOTOR ALARM !!
[A](2021-11-30  01:03:52 pm)[038] 자동결선 FEED MOTOR ALARM !!
[A](2021-11-30  01:04:01 pm)[038] 자동결선 FEED MOTOR ALARM !!
[A](2021-11-30  01:04:05 pm)[038] 자동결선 FEED MOTOR ALARM !!
[I](2021-11-30  01:16:32 pm)Reset
[I](2021-11-30  01:17:33 pm)Reset
[I](2021-11-30  01:18:09 pm)Reset
[I](2021-11-30  01:21:04 pm)Reset
[I](2021-11-30  01:23:29 pm)Reset
[I](2021-11-30  01:26:24 pm)작업 시작 [Start d:486]
[I](2021-11-30  01:26:24 pm)Nc File: [No.0004-668.NC]
[I](2021-11-30  01:26:24 pm)  * Start Machine Position
[I](2021-11-30  01:26:24 pm)    X:     45.8864
[I](2021-11-30  01:26:24 pm)    Y:   -286.9987
[I](2021-11-30  01:26:24 pm)    U:      0.0000
[I](2021-11-30  01:26:24 pm)    V:      0.0000
[I](2021-11-30  01:26:24 pm)    Z:     47.3693
[I](2021-11-30  01:26:24 pm)  * Angle
[I](2021-11-30  01:26:24 pm)    Ar:      0.4565,Kr:      0.0000
[I](2021-11-30  01:26:24 pm)    Taper_Ar:      0.0000
[I](2021-11-30  01:34:20 pm)작업중 정지 [d:8][t:00:07:55]
[I](2021-11-30  01:34:20 pm)    [LNo:0004] 000020/000229
[I](2021-11-30  01:34:20 pm)작업중 M코드정지 [d:8][t:00:07:55]
[I](2021-11-30  01:35:15 pm)작업중 정지 [d:8][t:00:08:50]
[I](2021-11-30  01:35:15 pm)    [LNo:0004] 000023/000229
[I](2021-11-30  01:35:16 pm)작업중 M코드정지 [d:8][t:00:08:51]
[I](2021-11-30  01:35:59 pm)작업중 정지 [d:8][t:00:09:34]
[I](2021-11-30  01:35:59 pm)    [LNo:0004] 000026/000229
[A](2021-11-30  01:35:59 pm)[010] 자동결선 Error(M21-절단실패)
[A](2021-11-30  01:37:43 pm)[038] 자동결선 FEED MOTOR ALARM !!
[A](2021-11-30  01:37:51 pm)[038] 자동결선 FEED MOTOR ALARM !!
[A](2021-11-30  01:37:59 pm)[038] 자동결선 FEED MOTOR ALARM !!
[A](2021-11-30  01:38:01 pm)[038] 자동결선 FEED MOTOR ALARM !!
[A](2021-11-30  01:38:12 pm)[038] 자동결선 FEED MOTOR ALARM !!
[A](2021-11-30  01:38:25 pm)[038] 자동결선 FEED MOTOR ALARM !!
[I](2021-11-30  01:38:55 pm)작업중 정지 [d:8][t:00:12:30]
[I](2021-11-30  01:38:55 pm)    [LNo:0004] 000032/000229
[I](2021-11-30  01:59:11 pm)작업중 정지 [d:27][t:00:32:46]
[I](2021-11-30  01:59:11 pm)    [LNo:0004] 000047/000229
[I](2021-11-30  01:59:11 pm)작업중 M코드정지 [d:27][t:00:32:46]
[I](2021-11-30  02:00:10 pm)작업중 정지 [d:27][t:00:33:45]
[I](2021-11-30  02:00:10 pm)    [LNo:0004] 000049/000229
[I](2021-11-30  02:00:10 pm)작업중 30sec 접촉 정지 [d:27][t:00:33:45]
[I](2021-11-30  02:00:50 pm)작업 재시작
[I](2021-11-30  02:00:58 pm)작업중 정지 [d:27][t:00:34:33]
[I](2021-11-30  02:00:58 pm)    [LNo:0004] 000051/000229
[I](2021-11-30  02:00:59 pm)작업중 M코드정지 [d:27][t:00:34:34]
[I](2021-11-30  02:04:22 pm)작업중 정지 [d:30][t:00:37:57]
[I](2021-11-30  02:04:22 pm)    [LNo:0004] 000070/000229
[I](2021-11-30  02:04:22 pm)작업중 M코드정지 [d:30][t:00:37:57]
[I](2021-11-30  03:24:15 pm)작업중 정지 [d:106][t:01:57:50]
[I](2021-11-30  03:24:15 pm)    [LNo:0004] 000094/000229
[I](2021-11-30  03:24:16 pm)작업중 M코드정지 [d:106][t:01:57:51]
[I](2021-11-30  03:24:39 pm)작업중 정지 [d:107][t:01:58:14]
[I](2021-11-30  03:24:39 pm)    [LNo:0004] 000095/000229
[A](2021-11-30  03:25:22 pm)[036] 자동결선 절단 공정 실패!!
[A](2021-11-30  03:25:44 pm)[036] 자동결선 절단 공정 실패!!
[I](2021-11-30  03:26:25 pm)Reset
[I](2021-11-30  03:26:51 pm)Reset
[I](2021-11-30  03:26:51 pm)Reset
[I](2021-11-30  03:27:02 pm)작업 시작 [Start d:593]
[I](2021-11-30  03:27:02 pm)Nc File: [No.0004-668.NC]
[I](2021-11-30  03:27:02 pm)  * Start Machine Position
[I](2021-11-30  03:27:02 pm)    X:    202.8439
[I](2021-11-30  03:27:02 pm)    Y:   -285.0682
[I](2021-11-30  03:27:02 pm)    U:      0.0000
[I](2021-11-30  03:27:02 pm)    V:      0.0000
[I](2021-11-30  03:27:02 pm)    Z:     47.3693
[I](2021-11-30  03:27:02 pm)  * Angle
[I](2021-11-30  03:27:02 pm)    Ar:      0.4565,Kr:      0.0000
[I](2021-11-30  03:27:02 pm)    Taper_Ar:      0.0000
[I](2021-11-30  03:35:18 pm)작업중 정지 [d:8][t:00:08:15]
[I](2021-11-30  03:35:18 pm)    [LNo:0004] 000118/000229
[I](2021-11-30  03:35:18 pm)작업중 M코드정지 [d:8][t:00:08:15]
[I](2021-11-30  03:36:29 pm)작업중 정지 [d:8][t:00:09:27]
[I](2021-11-30  03:36:29 pm)    [LNo:0004] 000121/000229
[I](2021-11-30  03:36:29 pm)작업중 M코드정지 [d:8][t:00:09:27]
[I](2021-11-30  03:59:25 pm)작업중 정지 [d:29][t:00:32:22]
[I](2021-11-30  03:59:25 pm)    [LNo:0004] 000145/000229
[I](2021-11-30  03:59:25 pm)작업중 M코드정지 [d:29][t:00:32:22]
[I](2021-11-30  04:06:00 pm)작업중 정지 [d:29][t:00:38:58]
[I](2021-11-30  04:06:00 pm)    [LNo:0004] 000147/000229
[I](2021-11-30  04:06:40 pm)작업 재시작
[I](2021-11-30  04:06:48 pm)작업중 정지 [d:29][t:00:39:46]
[I](2021-11-30  04:06:48 pm)    [LNo:0004] 000149/000229
[I](2021-11-30  04:06:48 pm)작업중 M코드정지 [d:29][t:00:39:46]
[I](2021-11-30  05:29:00 pm)작업중 정지 [d:110][t:02:01:58]
[I](2021-11-30  05:29:00 pm)    [LNo:0004] 000192/000229
[I](2021-11-30  05:29:00 pm)작업중 M코드정지 [d:110][t:02:01:58]
[I](2021-11-30  05:29:59 pm)작업중 정지 [d:110][t:02:02:57]
[I](2021-11-30  05:29:59 pm)    [LNo:0004] 000193/000229
[A](2021-11-30  05:30:23 pm)[033] 자동결선 회수 롤러 WIRE CONTACT!!
[I](2021-11-30  05:37:51 pm)Reset
[I](2021-11-30  05:39:35 pm)Reset
[I](2021-11-30  05:39:40 pm)Reset
[I](2021-11-30  05:40:43 pm)Reset
[I](2021-11-30  05:41:13 pm)Reset
[I](2021-11-30  05:41:24 pm)Reset
[I](2021-11-30  05:43:14 pm)작업 시작 [Start d:703]
[I](2021-11-30  05:43:14 pm)Nc File: [No.0005-669.NC]
[I](2021-11-30  05:43:14 pm)  * Start Machine Position
[I](2021-11-30  05:43:14 pm)    X:    306.6642
[I](2021-11-30  05:43:14 pm)    Y:   -350.0055
[I](2021-11-30  05:43:14 pm)    U:      0.0026
[I](2021-11-30  05:43:14 pm)    V:     -0.1299
[I](2021-11-30  05:43:14 pm)    Z:     37.2758
[I](2021-11-30  05:43:14 pm)  * Angle
[I](2021-11-30  05:43:14 pm)    Ar:      1.1559,Kr:      0.0000
[I](2021-11-30  05:43:14 pm)    Taper_Ar:      0.0000
[I](2021-11-30  05:54:43 pm)작업중 정지 [d:11][t:00:11:29]
[I](2021-11-30  05:54:43 pm)    [LNo:0005] 000028/000095
[I](2021-11-30  05:54:43 pm)작업중 M코드정지 [d:11][t:00:11:29]
[I](2021-11-30  06:25:17 pm)작업중 정지 [d:11][t:00:42:03]
[I](2021-11-30  06:25:17 pm)    [LNo:0005] 000029/000095
[I](2021-11-30  06:25:44 pm)작업 재시작
[I](2021-11-30  06:25:52 pm)작업중 정지 [d:11][t:00:42:38]
[I](2021-11-30  06:25:52 pm)    [LNo:0005] 000031/000095
[I](2021-11-30  06:25:52 pm)작업중 M코드정지 [d:11][t:00:42:38]
[I](2021-11-30  06:37:59 pm)작업중 정지 [d:22][t:00:54:44]
[I](2021-11-30  06:37:59 pm)    [LNo:0005] 000055/000095
[I](2021-11-30  06:37:59 pm)작업중 M코드정지 [d:22][t:00:54:44]
[I](2021-11-30  06:39:14 pm)작업중 정지 [d:22][t:00:56:00]
[I](2021-11-30  06:39:14 pm)    [LNo:0005] 000056/000095
[I](2021-11-30  06:39:38 pm)작업 재시작
[I](2021-11-30  06:39:44 pm)작업중 정지 [d:22][t:00:56:30]
[I](2021-11-30  06:39:44 pm)    [LNo:0005] 000058/000095
[I](2021-11-30  06:39:44 pm)작업중 M코드정지 [d:22][t:00:56:30]
[I](2021-11-30  06:51:39 pm)작업중 정지 [d:33][t:01:08:24]
[I](2021-11-30  06:51:39 pm)    [LNo:0005] 000082/000095
[I](2021-11-30  06:51:39 pm)작업중 M코드정지 [d:33][t:01:08:25]
[A](2021-11-30  06:51:56 pm)[001] 와이어 미동작
[I](2021-11-30  06:52:11 pm)작업중 정지 [d:33][t:01:08:57]
[I](2021-11-30  06:52:11 pm)    [LNo:0005] 000083/000095
[I](2021-11-30  06:52:12 pm)작업중 30sec 접촉 정지 [d:33][t:01:08:57]
[A](2021-11-30  06:52:45 pm)[036] 자동결선 절단 공정 실패!!
[I](2021-11-30  06:52:57 pm)작업 재시작
[I](2021-11-30  06:53:06 pm)작업중 정지 [d:33][t:01:09:52]
[I](2021-11-30  06:53:06 pm)    [LNo:0005] 000085/000095
[I](2021-11-30  06:53:06 pm)작업중 M코드정지 [d:33][t:01:09:52]
[I](2021-11-30  06:53:49 pm)작업중 정지 [d:33][t:01:10:34]
[I](2021-11-30  06:53:49 pm)    [LNo:0005] 000091/000095
[I](2021-11-30  06:53:49 pm)작업중 M코드정지 [d:33][t:01:10:35]
[A](2021-11-30  06:54:07 pm)[084] Work Tank Fluid Sensor Abnormal
[A](2021-11-30  06:54:08 pm)[084] Work Tank Fluid Sensor Abnormal
[A](2021-11-30  06:54:08 pm)[084] Work Tank Fluid Sensor Abnormal
[A](2021-11-30  06:54:08 pm)[084] Work Tank Fluid Sensor Abnormal
[A](2021-11-30  06:54:08 pm)[084] Work Tank Fluid Sensor Abnormal
[A](2021-11-30  06:54:08 pm)[084] Work Tank Fluid Sensor Abnormal
[A](2021-11-30  06:54:08 pm)[084] Work Tank Fluid Sensor Abnormal
[A](2021-11-30  06:54:09 pm)[084] Work Tank Fluid Sensor Abnormal
[A](2021-11-30  06:54:09 pm)[084] Work Tank Fluid Sensor Abnormal
[A](2021-11-30  06:54:10 pm)[084] Work Tank Fluid Sensor Abnormal
[A](2021-11-30  06:54:10 pm)[084] Work Tank Fluid Sensor Abnormal
[A](2021-11-30  06:54:10 pm)[084] Work Tank Fluid Sensor Abnormal
[A](2021-11-30  06:54:10 pm)[084] Work Tank Fluid Sensor Abnormal
[A](2021-11-30  06:54:10 pm)[084] Work Tank Fluid Sensor Abnormal
[I](2021-11-30  06:57:32 pm)Reset
[I](2021-11-30  06:58:02 pm)Reset
[I](2021-11-30  06:59:19 pm)Reset
[I](2021-11-30  06:59:23 pm)Reset
[I](2021-11-30  06:59:59 pm)Reset
[I](2021-11-30  07:00:07 pm)Reset
[I](2021-11-30  07:00:40 pm)Reset
[I](2021-11-30  07:00:44 pm)Reset
[I](2021-11-30  07:00:52 pm)Reset
[I](2021-11-30  07:00:55 pm)Reset
[I](2021-11-30  07:02:11 pm)작업 시작 [Start d:736]
[I](2021-11-30  07:02:11 pm)Nc File: [No.0005-669.NC]
[I](2021-11-30  07:02:11 pm)  * Start Machine Position
[I](2021-11-30  07:02:11 pm)    X:    312.6176
[I](2021-11-30  07:02:11 pm)    Y:   -350.8361
[I](2021-11-30  07:02:11 pm)    U:     -0.0001
[I](2021-11-30  07:02:11 pm)    V:     -0.0599
[I](2021-11-30  07:02:11 pm)    Z:     37.2758
[I](2021-11-30  07:02:11 pm)  * Angle
[I](2021-11-30  07:02:11 pm)    Ar:     -0.1593,Kr:      0.0000
[I](2021-11-30  07:02:11 pm)    Taper_Ar:      0.0000
[I](2021-11-30  07:13:37 pm)작업중 정지 [d:11][t:00:11:25]
[I](2021-11-30  07:13:37 pm)    [LNo:0005] 000028/000095
[I](2021-11-30  07:13:37 pm)작업중 M코드정지 [d:11][t:00:11:26]
[I](2021-11-30  07:14:15 pm)작업중 정지 [d:11][t:00:12:03]
[I](2021-11-30  07:14:15 pm)    [LNo:0005] 000029/000095
[I](2021-11-30  07:14:52 pm)작업 재시작
[I](2021-11-30  07:15:00 pm)작업중 정지 [d:11][t:00:12:49]
[I](2021-11-30  07:15:00 pm)    [LNo:0005] 000031/000095
[I](2021-11-30  07:15:00 pm)작업중 M코드정지 [d:11][t:00:12:49]
[I](2021-11-30  07:26:54 pm)작업중 정지 [d:22][t:00:24:42]
[I](2021-11-30  07:26:54 pm)    [LNo:0005] 000055/000095
[I](2021-11-30  07:26:54 pm)작업중 M코드정지 [d:22][t:00:24:42]
[I](2021-11-30  07:28:13 pm)작업중 정지 [d:22][t:00:26:01]
[I](2021-11-30  07:28:13 pm)    [LNo:0005] 000056/000095
[I](2021-11-30  07:28:35 pm)작업 재시작
[I](2021-11-30  07:28:42 pm)작업중 정지 [d:23][t:00:26:30]
[I](2021-11-30  07:28:42 pm)    [LNo:0005] 000058/000095
[I](2021-11-30  07:28:42 pm)작업중 M코드정지 [d:23][t:00:26:31]
[I](2021-11-30  07:40:26 pm)작업중 정지 [d:33][t:00:38:15]
[I](2021-11-30  07:40:26 pm)    [LNo:0005] 000082/000095
[I](2021-11-30  07:40:26 pm)작업중 M코드정지 [d:33][t:00:38:15]
[I](2021-11-30  07:40:49 pm)작업중 정지 [d:34][t:00:38:37]
[I](2021-11-30  07:40:49 pm)    [LNo:0005] 000083/000095
[I](2021-11-30  07:40:49 pm)작업중 30sec 접촉 정지 [d:34][t:00:38:37]
[I](2021-11-30  07:41:10 pm)작업 재시작
[I](2021-11-30  07:41:20 pm)작업중 정지 [d:34][t:00:39:08]
[I](2021-11-30  07:41:20 pm)    [LNo:0005] 000085/000095
[I](2021-11-30  07:41:20 pm)작업중 M코드정지 [d:34][t:00:39:08]
[A](2021-11-30  07:41:43 pm)[037] 자동결선 잔여 WIRE 처리 실패!!
[I](2021-11-30  07:44:54 pm)Reset
[I](2021-11-30  07:45:01 pm)Reset
[I](2021-11-30  07:45:02 pm)Reset
[I](2021-11-30  07:45:40 pm)Reset
[I](2021-11-30  07:45:46 pm)Reset
[I](2021-11-30  07:45:46 pm)Reset
[I](2021-11-30  07:46:54 pm)Reset
[I](2021-11-30  07:47:07 pm)Reset
[I](2021-11-30  07:49:39 pm)Reset
[I](2021-11-30  07:49:42 pm)Reset
[I](2021-11-30  07:49:50 pm)Reset
[I](2021-11-30  07:50:06 pm)Reset
[I](2021-11-30  07:50:13 pm)Reset
[I](2021-11-30  07:50:27 pm)Reset
[I](2021-11-30  07:50:28 pm)Reset
[I](2021-11-30  07:50:30 pm)Reset
[I](2021-11-30  07:52:53 pm)작업 시작 [Start d:770]
[I](2021-11-30  07:52:53 pm)Nc File: [No.0008-679.NC]
[I](2021-11-30  07:52:53 pm)  * Start Machine Position
[I](2021-11-30  07:52:53 pm)    X:    310.8997
[I](2021-11-30  07:52:53 pm)    Y:   -388.3431
[I](2021-11-30  07:52:53 pm)    U:     -0.2223
[I](2021-11-30  07:52:53 pm)    V:      0.2982
[I](2021-11-30  07:52:53 pm)    Z:     45.4783
[I](2021-11-30  07:52:53 pm)  * Angle
[I](2021-11-30  07:52:53 pm)    Ar:      0.4544,Kr:      0.0000
[I](2021-11-30  07:52:53 pm)    Taper_Ar:      0.0000
[I](2021-11-30  07:52:55 pm)작업중 정지 [d:0][t:00:00:02]
[I](2021-11-30  07:52:55 pm)    [LNo:0008] 000010/000128
[I](2021-11-30  07:52:55 pm)작업중 M코드정지 [d:0][t:00:00:02]
[I](2021-11-30  08:07:44 pm)작업중 정지 [d:15][t:00:14:50]
[I](2021-11-30  08:07:44 pm)    [LNo:0008] 000026/000128
[I](2021-11-30  08:07:44 pm)작업중 M코드정지 [d:15][t:00:14:50]
[I](2021-11-30  08:08:50 pm)작업중 정지 [d:15][t:00:15:57]
[I](2021-11-30  08:08:50 pm)    [LNo:0008] 000028/000128
[I](2021-11-30  08:08:50 pm)작업중 M코드정지 [d:15][t:00:15:57]
[I](2021-11-30  08:17:31 pm)작업중 정지 [d:22][t:00:24:38]
[I](2021-11-30  08:17:31 pm)    [LNo:0008] 000077/000128
[I](2021-11-30  08:17:32 pm)작업중 30sec 접촉 정지 [d:22][t:00:24:38]
[I](2021-11-30  08:18:33 pm)작업 재시작
[I](2021-11-30  08:32:41 pm)작업중 정지 [d:37][t:00:39:48]
[I](2021-11-30  08:32:41 pm)    [LNo:0008] 000082/000128
[I](2021-11-30  08:32:41 pm)작업중 M코드정지 [d:37][t:00:39:48]
[I](2021-11-30  08:36:22 pm)작업중 정지 [d:37][t:00:43:28]
[I](2021-11-30  08:36:22 pm)    [LNo:0008] 000084/000128
[I](2021-11-30  08:36:22 pm)작업중 M코드정지 [d:37][t:00:43:28]
[I](2021-11-30  08:44:37 pm)작업중 정지 [d:44][t:00:51:44]
[I](2021-11-30  08:44:38 pm)    [LNo:0008] 000124/000128
[I](2021-11-30  08:44:38 pm)작업중 M코드정지 [d:44][t:00:51:44]
[I](2021-11-30  09:21:37 pm)Reset
[I](2021-11-30  09:21:57 pm)Reset
[I](2021-11-30  09:29:03 pm)Reset
[I](2021-11-30  09:29:03 pm)Reset
[I](2021-11-30  09:30:47 pm)Reset
[I](2021-11-30  09:30:48 pm)Reset
[I](2021-11-30  09:36:41 pm)작업 시작 [Start d:0]
[I](2021-11-30  09:36:41 pm)Nc File: [No.0004-668.NC]
[I](2021-11-30  09:36:41 pm)  * Start Machine Position
[I](2021-11-30  09:36:41 pm)    X:     93.5026
[I](2021-11-30  09:36:41 pm)    Y:   -369.9101
[I](2021-11-30  09:36:41 pm)    U:      0.0000
[I](2021-11-30  09:36:41 pm)    V:      0.0000
[I](2021-11-30  09:36:41 pm)    Z:     15.4113
[I](2021-11-30  09:36:41 pm)  * Angle
[I](2021-11-30  09:36:41 pm)    Ar:      0.3330,Kr:      0.0000
[I](2021-11-30  09:36:41 pm)    Taper_Ar:      0.0000
[I](2021-11-30  09:53:51 pm)작업중 정지 [d:17][t:00:17:09]
[I](2021-11-30  09:53:51 pm)    [LNo:0004] 000216/000229
[A](2021-11-30  09:53:51 pm)[093] 보빈 와이어 단선
[I](2021-11-30  09:53:51 pm)작업중 Wire 단선 [d:17][t:00:17:09]
[I](2021-11-30  10:08:10 pm)작업 재시작
[I](2021-11-30  10:08:24 pm)작업중 정지 [d:17][t:00:31:43]
[I](2021-11-30  10:08:24 pm)    [LNo:0004] 000216/000229
[I](2021-11-30  10:08:24 pm)Wire Contact Auto Stop(M52)
[I](2021-11-30  10:09:43 pm)작업 재시작
[I](2021-11-30  10:09:52 pm)작업중 정지 [d:17][t:00:33:10]
[I](2021-11-30  10:09:52 pm)    [LNo:0004] 000217/000229
[I](2021-11-30  10:09:52 pm)작업중 M코드정지 [d:17][t:00:33:10]
[I](2021-11-30  10:10:15 pm)작업중 정지 [d:17][t:00:33:33]
[I](2021-11-30  10:10:15 pm)    [LNo:0004] 000218/000229
[I](2021-11-30  10:22:28 pm)Reset
[I](2021-11-30  10:27:50 pm)Reset
[I](2021-11-30  10:27:50 pm)Reset
[I](2021-11-30  10:29:03 pm)작업 시작 [Start d:17]
[I](2021-11-30  10:29:03 pm)Nc File: [No.0005-670.NC]
[I](2021-11-30  10:29:03 pm)  * Start Machine Position
[I](2021-11-30  10:29:03 pm)    X:    130.7080
[I](2021-11-30  10:29:03 pm)    Y:   -354.3130
[I](2021-11-30  10:29:03 pm)    U:      0.0000
[I](2021-11-30  10:29:03 pm)    V:      0.0000
[I](2021-11-30  10:29:03 pm)    Z:     27.7803
[I](2021-11-30  10:29:03 pm)  * Angle
[I](2021-11-30  10:29:03 pm)    Ar:     -0.5283,Kr:      0.0000
[I](2021-11-30  10:29:03 pm)    Taper_Ar:      0.0000
[I](2021-11-30  10:37:33 pm)작업중 정지 [d:8][t:00:08:30]
[I](2021-11-30  10:37:33 pm)    [LNo:0005] 000022/000907
[I](2021-11-30  10:37:33 pm)작업중 M코드정지 [d:8][t:00:08:30]
[I](2021-11-30  10:38:27 pm)작업중 정지 [d:8][t:00:09:24]
[I](2021-11-30  10:38:27 pm)    [LNo:0005] 000026/000907
[I](2021-11-30  10:38:27 pm)작업중 M코드정지 [d:8][t:00:09:24]
[I](2021-11-30  10:40:58 pm)작업중 정지 [d:10][t:00:11:55]
[I](2021-11-30  10:40:58 pm)    [LNo:0005] 000044/000907
[I](2021-11-30  10:40:58 pm)작업중 M코드정지 [d:10][t:00:11:55]
[I](2021-11-30  11:10:55 pm)작업중 정지 [d:38][t:00:41:52]
[I](2021-11-30  11:10:55 pm)    [LNo:0005] 000121/000907
[I](2021-11-30  11:10:55 pm)작업중 M코드정지 [d:38][t:00:41:52]
[I](2021-11-30  11:11:43 pm)작업중 정지 [d:38][t:00:42:39]
[I](2021-11-30  11:11:43 pm)    [LNo:0005] 000122/000907
[I](2021-11-30  11:11:43 pm)Wire Contact Auto Stop(M52)
[I](2021-11-30  11:13:16 pm)작업 재시작
[I](2021-11-30  11:13:17 pm)작업중 정지 [d:38][t:00:44:14]
[I](2021-11-30  11:13:17 pm)    [LNo:0005] 000123/000907
[I](2021-11-30  11:13:18 pm)작업중 M코드정지 [d:38][t:00:44:14]
[I](2021-11-30  11:23:13 pm)작업중 정지 [d:46][t:00:54:10]
[I](2021-11-30  11:23:13 pm)    [LNo:0005] 000153/000907
[I](2021-11-30  11:23:13 pm)작업중 M코드정지 [d:46][t:00:54:10]
[I](2021-11-30  11:28:38 pm)작업중 정지 [d:47][t:00:59:35]
[I](2021-11-30  11:28:38 pm)    [LNo:0005] 000157/000907
[I](2021-11-30  11:28:38 pm)작업중 M코드정지 [d:47][t:00:59:35]
