[I](2021-10-09  01:30:17 am)작업중 정지 [d:120][t:02:39:44]
[I](2021-10-09  01:30:17 am)    [LNo:0001] 001107/002282
[I](2021-10-09  01:30:17 am)작업중 M코드정지 [d:120][t:02:39:44]
[I](2021-10-09  01:32:05 am)Reset
[I](2021-10-09  01:32:13 am)작업 시작 [Start d:253]
[I](2021-10-09  01:32:13 am)Nc File: [No.0001-519.NC]
[I](2021-10-09  01:32:13 am)  * Start Machine Position
[I](2021-10-09  01:32:13 am)    X:    198.9636
[I](2021-10-09  01:32:13 am)    Y:   -190.4949
[I](2021-10-09  01:32:13 am)    U:      0.0000
[I](2021-10-09  01:32:13 am)    V:      0.0000
[I](2021-10-09  01:32:13 am)    Z:     25.0102
[I](2021-10-09  01:32:13 am)  * Angle
[I](2021-10-09  01:32:13 am)    Ar:      0.1459,Kr:      0.0000
[I](2021-10-09  01:32:13 am)    Taper_Ar:      0.0000
[I](2021-10-09  01:32:37 am)작업중 정지 [d:0][t:00:00:23]
[I](2021-10-09  01:32:37 am)    [LNo:0001] 000070/002282
[I](2021-10-09  01:32:37 am)작업중 M코드정지 [d:0][t:00:00:23]
[I](2021-10-09  02:29:19 am)작업중 정지 [d:54][t:00:57:05]
[I](2021-10-09  02:29:19 am)    [LNo:0001] 000116/002282
[I](2021-10-09  02:29:19 am)작업중 M코드정지 [d:54][t:00:57:05]
[I](2021-10-09  02:31:16 am)작업중 정지 [d:55][t:00:59:02]
[I](2021-10-09  02:31:16 am)    [LNo:0001] 000120/002282
[I](2021-10-09  02:31:16 am)작업중 M코드정지 [d:55][t:00:59:02]
[I](2021-10-09  02:53:55 am)작업중 정지 [d:76][t:01:21:41]
[I](2021-10-09  02:53:55 am)    [LNo:0001] 000178/002282
[I](2021-10-09  02:53:55 am)작업중 M코드정지 [d:76][t:01:21:41]
[I](2021-10-09  03:16:45 am)작업중 정지 [d:97][t:01:44:31]
[I](2021-10-09  03:16:45 am)    [LNo:0001] 000232/002282
[I](2021-10-09  03:16:45 am)작업중 M코드정지 [d:97][t:01:44:31]
[I](2021-10-09  03:17:18 am)작업중 정지 [d:98][t:01:45:04]
[I](2021-10-09  03:17:18 am)    [LNo:0001] 000236/002282
[I](2021-10-09  03:17:18 am)작업중 M코드정지 [d:98][t:01:45:04]
[I](2021-10-09  03:18:17 am)Reset
[I](2021-10-09  03:18:27 am)작업 시작 [Start d:351]
[I](2021-10-09  03:18:27 am)Nc File: [No.0001-519.NC]
[I](2021-10-09  03:18:27 am)  * Start Machine Position
[I](2021-10-09  03:18:27 am)    X:    198.9636
[I](2021-10-09  03:18:27 am)    Y:   -190.4949
[I](2021-10-09  03:18:27 am)    U:      0.0000
[I](2021-10-09  03:18:27 am)    V:      0.0000
[I](2021-10-09  03:18:27 am)    Z:     25.0102
[I](2021-10-09  03:18:27 am)  * Angle
[I](2021-10-09  03:18:27 am)    Ar:      0.1459,Kr:      0.0000
[I](2021-10-09  03:18:27 am)    Taper_Ar:      0.0000
[I](2021-10-09  03:37:19 am)작업중 정지 [d:19][t:00:18:52]
[I](2021-10-09  03:37:19 am)    [LNo:0001] 001125/002282
[I](2021-10-09  03:37:20 am)작업중 30sec 접촉 정지 [d:19][t:00:18:52]
[I](2021-10-09  03:37:31 am)작업 재시작
[I](2021-10-09  03:37:35 am)작업중 정지 [d:19][t:00:19:08]
[I](2021-10-09  03:37:35 am)    [LNo:0001] 001125/002282
[I](2021-10-09  03:37:56 am)작업 재시작
[I](2021-10-09  03:57:43 am)작업중 정지 [d:37][t:00:39:15]
[I](2021-10-09  03:57:43 am)    [LNo:0001] 001156/002282
[I](2021-10-09  03:57:43 am)작업중 M코드정지 [d:37][t:00:39:15]
[I](2021-10-09  03:58:00 am)작업중 정지 [d:37][t:00:39:33]
[I](2021-10-09  03:58:00 am)    [LNo:0001] 001157/002282
[I](2021-10-09  03:58:20 am)작업 재시작
[I](2021-10-09  03:58:23 am)작업중 정지 [d:37][t:00:39:56]
[I](2021-10-09  03:58:23 am)    [LNo:0001] 001159/002282
[I](2021-10-09  03:58:24 am)작업중 M코드정지 [d:37][t:00:39:56]
[I](2021-10-09  03:59:10 am)Reset
[I](2021-10-09  03:59:12 am)작업 시작 [Start d:388]
[I](2021-10-09  03:59:12 am)Nc File: [No.0001-519.NC]
[I](2021-10-09  03:59:12 am)  * Start Machine Position
[I](2021-10-09  03:59:12 am)    X:    198.9636
[I](2021-10-09  03:59:12 am)    Y:   -190.4949
[I](2021-10-09  03:59:12 am)    U:      0.0000
[I](2021-10-09  03:59:12 am)    V:      0.0000
[I](2021-10-09  03:59:12 am)    Z:     25.0102
[I](2021-10-09  03:59:12 am)  * Angle
[I](2021-10-09  03:59:12 am)    Ar:      0.1459,Kr:      0.0000
[I](2021-10-09  03:59:12 am)    Taper_Ar:      0.0000
[I](2021-10-09  05:25:46 am)작업중 정지 [d:85][t:01:26:34]
[I](2021-10-09  05:25:46 am)    [LNo:0001] 000060/002282
[I](2021-10-09  05:25:46 am)작업중 M코드정지 [d:85][t:01:26:34]
[I](2021-10-09  06:24:33 am)작업중 정지 [d:85][t:02:25:21]
[I](2021-10-09  06:24:33 am)    [LNo:0001] 000064/002282
[I](2021-10-09  06:24:33 am)작업중 M코드정지 [d:85][t:02:25:21]
[A](2021-10-09  06:25:01 am)[036] 자동결선 절단 공정 실패!!
[I](2021-10-09  06:25:46 am)작업중 정지 [d:85][t:02:26:33]
[I](2021-10-09  06:25:46 am)    [LNo:0001] 000070/002282
[I](2021-10-09  06:25:46 am)작업중 M코드정지 [d:85][t:02:26:33]
[I](2021-10-09  06:26:13 am)작업중 정지 [d:85][t:02:27:01]
[I](2021-10-09  06:26:13 am)    [LNo:0001] 000076/002282
[I](2021-10-09  06:26:17 am)작업중 정지 [d:85][t:02:27:04]
[I](2021-10-09  06:26:17 am)    [LNo:0001] 000076/002282
[I](2021-10-09  06:26:48 am)작업중 정지 [d:85][t:02:27:36]
[I](2021-10-09  06:26:48 am)    [LNo:0001] 001167/002282
[I](2021-10-09  06:37:56 am)작업중 정지 [d:95][t:02:38:44]
[I](2021-10-09  06:37:56 am)    [LNo:0001] 001183/002282
[I](2021-10-09  06:38:16 am)작업 재시작
[I](2021-10-09  06:57:07 am)작업중 정지 [d:112][t:02:57:54]
[I](2021-10-09  06:57:07 am)    [LNo:0001] 001213/002282
[I](2021-10-09  06:57:07 am)작업중 M코드정지 [d:112][t:02:57:54]
[I](2021-10-09  06:58:50 am)작업중 정지 [d:112][t:02:59:38]
[I](2021-10-09  06:58:51 am)    [LNo:0001] 001214/002282
[I](2021-10-09  06:59:09 am)작업 재시작
[I](2021-10-09  06:59:13 am)작업중 정지 [d:113][t:03:00:01]
[I](2021-10-09  06:59:13 am)    [LNo:0001] 001216/002282
[I](2021-10-09  06:59:13 am)작업중 M코드정지 [d:113][t:03:00:01]
[I](2021-10-09  07:18:09 am)작업중 정지 [d:130][t:03:18:57]
[I](2021-10-09  07:18:09 am)    [LNo:0001] 001242/002282
[I](2021-10-09  07:18:09 am)작업중 M코드정지 [d:131][t:03:18:57]
[I](2021-10-09  07:18:40 am)작업중 정지 [d:131][t:03:19:28]
[I](2021-10-09  07:18:40 am)    [LNo:0001] 001245/002282
[I](2021-10-09  07:18:41 am)작업중 M코드정지 [d:131][t:03:19:28]
[I](2021-10-09  07:30:28 am)작업중 정지 [d:141][t:03:31:16]
[I](2021-10-09  07:30:28 am)    [LNo:0001] 001269/002282
[I](2021-10-09  07:30:28 am)작업중 30sec 접촉 정지 [d:141][t:03:31:16]
[I](2021-10-09  07:35:28 am)작업 재시작
[I](2021-10-09  07:35:32 am)작업중 정지 [d:141][t:03:36:20]
[I](2021-10-09  07:35:32 am)    [LNo:0001] 001269/002282
[I](2021-10-09  07:35:54 am)작업 재시작
[I](2021-10-09  07:36:11 am)작업중 정지 [d:142][t:03:36:58]
[I](2021-10-09  07:36:11 am)    [LNo:0001] 001271/002282
[I](2021-10-09  07:36:11 am)작업중 M코드정지 [d:142][t:03:36:58]
[I](2021-10-09  07:36:20 am)작업중 정지 [d:142][t:03:37:08]
[I](2021-10-09  07:36:20 am)    [LNo:0001] 001274/002282
[I](2021-10-09  07:36:20 am)작업중 M코드정지 [d:142][t:03:37:08]
[I](2021-10-09  07:36:43 am)작업중 정지 [d:142][t:03:37:30]
[I](2021-10-09  07:36:43 am)    [LNo:0001] 001277/002282
[I](2021-10-09  07:47:33 am)작업중 정지 [d:142][t:03:48:21]
[I](2021-10-09  07:47:33 am)    [LNo:0001] 001283/002282
[I](2021-10-09  09:08:18 am)작업중 정지 [d:208][t:05:09:06]
[I](2021-10-09  09:08:18 am)    [LNo:0001] 001761/002282
[I](2021-10-09  09:08:18 am)작업중 M코드정지 [d:208][t:05:09:06]
[I](2021-10-09  09:15:09 am)작업중 정지 [d:211][t:05:15:57]
[I](2021-10-09  09:15:09 am)    [LNo:0001] 001800/002282
[I](2021-10-09  09:15:09 am)작업중 M코드정지 [d:211][t:05:15:57]
[I](2021-10-09  09:20:55 am)작업중 정지 [d:213][t:05:21:43]
[I](2021-10-09  09:20:55 am)    [LNo:0001] 001839/002282
[I](2021-10-09  09:20:55 am)작업중 M코드정지 [d:213][t:05:21:43]
[I](2021-10-09  09:53:40 am)작업중 정지 [d:235][t:05:54:28]
[I](2021-10-09  09:53:40 am)    [LNo:0001] 002112/002282
[I](2021-10-09  09:53:40 am)작업중 M코드정지 [d:235][t:05:54:28]
[I](2021-10-09  10:05:59 am)작업중 정지 [d:242][t:06:06:47]
[I](2021-10-09  10:05:59 am)    [LNo:0001] 002151/002282
[I](2021-10-09  10:05:59 am)작업중 M코드정지 [d:242][t:06:06:47]
[I](2021-10-09  10:11:44 am)작업중 정지 [d:245][t:06:12:32]
[I](2021-10-09  10:11:44 am)    [LNo:0001] 002172/002282
[I](2021-10-09  10:11:44 am)작업중 M코드정지 [d:245][t:06:12:32]
[I](2021-10-09  10:34:46 am)작업중 정지 [d:260][t:06:35:33]
[I](2021-10-09  10:34:46 am)    [LNo:0001] 002269/002282
[A](2021-10-09  10:34:46 am)[008] 작업중 단선(AWF Feed Motor Stop )
[I](2021-10-09  10:34:46 am)작업중 Wire 단선 [d:260][t:06:35:34]
[I](2021-10-09  10:34:57 am)작업 재시작
[I](2021-10-09  10:38:04 am)작업중 정지 [d:263][t:06:38:51]
[I](2021-10-09  10:38:04 am)    [LNo:0001] 002278/002282
[I](2021-10-09  10:38:04 am)작업중 M코드정지 [d:263][t:06:38:52]
[I](2021-10-09  11:09:24 am)작업중 정지 [d:263][t:07:10:12]
[I](2021-10-09  11:09:24 am)    [LNo:0001] 001475/002282
[I](2021-10-09  11:15:09 am)작업중 정지 [d:264][t:07:15:57]
[I](2021-10-09  11:15:09 am)    [LNo:0001] 001491/002282
[I](2021-10-09  11:15:09 am)작업중 M코드정지 [d:264][t:07:15:57]
[I](2021-10-09  11:25:09 am)작업중 정지 [d:269][t:07:25:56]
[I](2021-10-09  11:25:09 am)    [LNo:0001] 001604/002282
[I](2021-10-09  11:25:09 am)작업중 M코드정지 [d:269][t:07:25:57]
[I](2021-10-09  11:26:05 am)작업중 정지 [d:269][t:07:26:53]
[I](2021-10-09  11:26:05 am)    [LNo:0001] 001608/002282
[I](2021-10-09  11:26:38 am)작업중 정지 [d:269][t:07:27:26]
[I](2021-10-09  11:26:38 am)    [LNo:0001] 001628/002282
[I](2021-10-09  11:28:16 am)작업중 정지 [d:270][t:07:29:03]
[I](2021-10-09  11:28:16 am)    [LNo:0001] 001644/002282
[I](2021-10-09  11:28:16 am)작업중 M코드정지 [d:270][t:07:29:03]
[I](2021-10-09  11:29:10 am)작업중 정지 [d:270][t:07:29:58]
[I](2021-10-09  11:29:10 am)    [LNo:0001] 001650/002282
[I](2021-10-09  11:29:38 am)작업중 정지 [d:270][t:07:30:26]
[I](2021-10-09  11:29:38 am)    [LNo:0001] 001665/002282
[I](2021-10-09  11:29:51 am)작업 재시작
[I](2021-10-09  11:30:55 am)작업중 정지 [d:271][t:07:31:42]
[I](2021-10-09  11:30:55 am)    [LNo:0001] 001686/002282
[I](2021-10-09  11:31:27 am)작업중 정지 [d:271][t:07:32:15]
[I](2021-10-09  11:31:27 am)    [LNo:0001] 001706/002282
[I](2021-10-09  11:34:35 am)작업중 정지 [d:271][t:07:35:22]
[I](2021-10-09  11:34:35 am)    [LNo:0001] 001722/002282
[I](2021-10-09  11:34:35 am)작업중 M코드정지 [d:271][t:07:35:22]
[I](2021-10-09  11:36:04 am)작업중 정지 [d:271][t:07:36:52]
[I](2021-10-09  11:36:04 am)    [LNo:0001] 001745/002282
[I](2021-10-09  11:37:02 am)작업중 정지 [d:271][t:07:37:49]
[I](2021-10-09  11:37:02 am)    [LNo:0001] 001761/002282
[I](2021-10-09  11:37:02 am)작업중 M코드정지 [d:271][t:07:37:49]
[I](2021-10-09  11:38:16 am)작업중 정지 [d:271][t:07:39:04]
[I](2021-10-09  11:38:16 am)    [LNo:0001] 002078/002282
[I](2021-10-09  11:45:24 am)작업중 정지 [d:277][t:07:46:12]
[I](2021-10-09  11:45:24 am)    [LNo:0001] 002111/002282
[I](2021-10-09  11:45:24 am)작업중 M코드정지 [d:277][t:07:46:12]
[I](2021-10-09  11:49:11 am)작업중 정지 [d:279][t:07:49:59]
[I](2021-10-09  11:49:11 am)    [LNo:0001] 002150/002282
[I](2021-10-09  11:49:11 am)작업중 M코드정지 [d:279][t:07:49:59]
[I](2021-10-09  11:51:11 am)작업중 정지 [d:279][t:07:51:59]
[I](2021-10-09  11:51:11 am)    [LNo:0001] 002135/002282
[I](2021-10-09  11:51:56 am)작업중 정지 [d:279][t:07:52:43]
[I](2021-10-09  11:51:56 am)    [LNo:0001] 002150/002282
[I](2021-10-09  11:51:56 am)작업중 M코드정지 [d:279][t:07:52:43]
[I](2021-10-09  11:57:20 am)작업중 정지 [d:280][t:07:58:08]
[I](2021-10-09  11:57:20 am)    [LNo:0001] 002172/002282
[I](2021-10-09  11:57:20 am)작업중 M코드정지 [d:280][t:07:58:08]
[I](2021-10-09  12:01:34 pm)작업중 정지 [d:282][t:08:02:22]
[I](2021-10-09  12:01:34 pm)    [LNo:0001] 002211/002282
[I](2021-10-09  12:01:34 pm)작업중 M코드정지 [d:282][t:08:02:22]
[I](2021-10-09  12:07:31 pm)작업중 정지 [d:285][t:08:08:19]
[I](2021-10-09  12:07:31 pm)    [LNo:0001] 002274/002282
[I](2021-10-09  12:07:31 pm)작업중 M코드정지 [d:285][t:08:08:19]
[I](2021-10-09  01:00:58 pm)Reset
[I](2021-10-09  01:02:06 pm)Reset
[I](2021-10-09  01:02:37 pm)Reset
[I](2021-10-09  01:06:37 pm)Reset
[I](2021-10-09  01:09:24 pm)작업 시작 [Start d:0]
[I](2021-10-09  01:09:24 pm)Nc File: [No.0002-532.NC]
[I](2021-10-09  01:09:24 pm)  * Start Machine Position
[I](2021-10-09  01:09:24 pm)    X:    155.2421
[I](2021-10-09  01:09:24 pm)    Y:   -285.0676
[I](2021-10-09  01:09:24 pm)    U:      0.0000
[I](2021-10-09  01:09:24 pm)    V:      0.0000
[I](2021-10-09  01:09:24 pm)    Z:     22.6557
[I](2021-10-09  01:09:24 pm)  * Angle
[I](2021-10-09  01:09:24 pm)    Ar:      0.1509,Kr:      0.0000
[I](2021-10-09  01:09:24 pm)    Taper_Ar:      0.0000
[I](2021-10-09  01:39:54 pm)작업중 정지 [d:30][t:00:30:30]
[I](2021-10-09  01:39:54 pm)    [LNo:0002] 000051/000186
[I](2021-10-09  01:39:54 pm)작업중 30sec 접촉 정지 [d:30][t:00:30:30]
[I](2021-10-09  01:41:48 pm)작업 재시작
[I](2021-10-09  01:50:29 pm)작업중 정지 [d:39][t:00:41:05]
[I](2021-10-09  01:50:29 pm)    [LNo:0002] 000085/000186
[I](2021-10-09  01:50:29 pm)작업중 M코드정지 [d:39][t:00:41:05]
[I](2021-10-09  01:59:07 pm)작업중 정지 [d:39][t:00:49:43]
[I](2021-10-09  01:59:07 pm)    [LNo:0002] 000086/000186
[I](2021-10-09  01:59:07 pm)Wire Contact Auto Stop(M52)
[I](2021-10-09  02:02:05 pm)작업 재시작
[I](2021-10-09  02:02:14 pm)작업중 정지 [d:39][t:00:52:50]
[I](2021-10-09  02:02:14 pm)    [LNo:0002] 000087/000186
[I](2021-10-09  02:02:15 pm)작업중 M코드정지 [d:39][t:00:52:50]
[I](2021-10-09  02:42:57 pm)작업중 정지 [d:78][t:01:33:33]
[I](2021-10-09  02:42:57 pm)    [LNo:0002] 000174/000186
[I](2021-10-09  02:42:57 pm)작업중 M코드정지 [d:78][t:01:33:33]
[I](2021-10-09  02:50:57 pm)작업중 정지 [d:78][t:01:41:33]
[I](2021-10-09  02:50:57 pm)    [LNo:0002] 000176/000186
[I](2021-10-09  02:50:58 pm)작업중 M코드정지 [d:78][t:01:41:33]
[I](2021-10-09  02:58:36 pm)Reset
[A](2021-10-09  02:59:14 pm)[036] 자동결선 절단 공정 실패!!
[I](2021-10-09  02:59:35 pm)Reset
[I](2021-10-09  02:59:35 pm)Reset
[I](2021-10-09  03:00:18 pm)Reset
[I](2021-10-09  03:00:47 pm)Reset
[I](2021-10-09  03:01:51 pm)Reset
[I](2021-10-09  03:04:20 pm)Reset
[I](2021-10-09  03:07:08 pm)작업 시작 [Start d:78]
[I](2021-10-09  03:07:08 pm)Nc File: [No.0005-530.NC]
[I](2021-10-09  03:07:08 pm)  * Start Machine Position
[I](2021-10-09  03:07:08 pm)    X:    103.7750
[I](2021-10-09  03:07:08 pm)    Y:   -225.1775
[I](2021-10-09  03:07:08 pm)    U:      0.0000
[I](2021-10-09  03:07:08 pm)    V:      0.0000
[I](2021-10-09  03:07:08 pm)    Z:     30.4942
[I](2021-10-09  03:07:08 pm)  * Angle
[I](2021-10-09  03:07:08 pm)    Ar:      0.8241,Kr:      0.0000
[I](2021-10-09  03:07:08 pm)    Taper_Ar:      0.0000
[I](2021-10-09  03:07:08 pm)작업중 정지 [d:0][t:00:00:00]
[I](2021-10-09  03:07:08 pm)    [LNo:0005] 000177/001197
[I](2021-10-09  03:07:13 pm)작업중 정지 [d:0][t:00:00:05]
[I](2021-10-09  03:07:13 pm)    [LNo:0005] 000183/001197
[I](2021-10-09  03:08:27 pm)Reset
[I](2021-10-09  03:09:21 pm)작업 시작 [Start d:78]
[I](2021-10-09  03:09:21 pm)Nc File: [No.0005-530.NC]
[I](2021-10-09  03:09:21 pm)  * Start Machine Position
[I](2021-10-09  03:09:21 pm)    X:     88.0470
[I](2021-10-09  03:09:21 pm)    Y:   -224.9397
[I](2021-10-09  03:09:21 pm)    U:      0.0000
[I](2021-10-09  03:09:21 pm)    V:      0.0000
[I](2021-10-09  03:09:21 pm)    Z:     30.4942
[I](2021-10-09  03:09:21 pm)  * Angle
[I](2021-10-09  03:09:21 pm)    Ar:      0.8241,Kr:      0.0000
[I](2021-10-09  03:09:21 pm)    Taper_Ar:      0.0000
[I](2021-10-09  03:14:30 pm)작업중 정지 [d:5][t:00:05:08]
[I](2021-10-09  03:14:30 pm)    [LNo:0005] 000080/001197
[I](2021-10-09  03:14:30 pm)작업중 M코드정지 [d:5][t:00:05:08]
[I](2021-10-09  03:19:12 pm)작업중 정지 [d:5][t:00:09:50]
[I](2021-10-09  03:19:12 pm)    [LNo:0005] 000048/001197
[I](2021-10-09  03:20:43 pm)작업중 정지 [d:6][t:00:11:21]
[I](2021-10-09  03:20:43 pm)    [LNo:0005] 000080/001197
[I](2021-10-09  03:20:43 pm)작업중 M코드정지 [d:6][t:00:11:21]
[I](2021-10-09  03:23:21 pm)작업중 정지 [d:6][t:00:13:59]
[I](2021-10-09  03:23:21 pm)    [LNo:0005] 000048/001197
[I](2021-10-09  03:24:49 pm)작업중 정지 [d:7][t:00:15:27]
[I](2021-10-09  03:24:49 pm)    [LNo:0005] 000080/001197
[I](2021-10-09  03:24:49 pm)작업중 M코드정지 [d:7][t:00:15:27]
[I](2021-10-09  03:26:04 pm)작업중 정지 [d:7][t:00:16:42]
[I](2021-10-09  03:26:04 pm)    [LNo:0005] 000087/001197
[I](2021-10-09  03:26:29 pm)작업중 정지 [d:7][t:00:17:07]
[I](2021-10-09  03:26:29 pm)    [LNo:0005] 000175/001197
[I](2021-10-09  03:32:10 pm)작업중 정지 [d:13][t:00:22:48]
[I](2021-10-09  03:32:10 pm)    [LNo:0005] 000249/001197
[I](2021-10-09  03:32:10 pm)작업중 M코드정지 [d:13][t:00:22:48]
[I](2021-10-09  03:34:11 pm)작업중 정지 [d:13][t:00:24:49]
[I](2021-10-09  03:34:11 pm)    [LNo:0005] 000217/001197
[I](2021-10-09  03:35:43 pm)작업중 정지 [d:14][t:00:26:21]
[I](2021-10-09  03:35:43 pm)    [LNo:0005] 000249/001197
[I](2021-10-09  03:35:43 pm)작업중 M코드정지 [d:14][t:00:26:21]
[I](2021-10-09  03:43:01 pm)작업중 정지 [d:19][t:00:33:39]
[I](2021-10-09  03:43:01 pm)    [LNo:0005] 000330/001197
[I](2021-10-09  03:43:01 pm)작업중 M코드정지 [d:19][t:00:33:39]
[I](2021-10-09  03:45:43 pm)작업중 정지 [d:19][t:00:36:21]
[I](2021-10-09  03:45:43 pm)    [LNo:0005] 000523/001197
[I](2021-10-09  03:50:56 pm)작업중 정지 [d:23][t:00:41:34]
[I](2021-10-09  03:50:56 pm)    [LNo:0005] 000539/001197
[I](2021-10-09  03:50:56 pm)작업중 M코드정지 [d:23][t:00:41:34]
[I](2021-10-09  03:53:21 pm)작업중 정지 [d:24][t:00:43:59]
[I](2021-10-09  03:53:21 pm)    [LNo:0005] 000543/001197
[I](2021-10-09  03:53:21 pm)작업중 M코드정지 [d:24][t:00:43:59]
[I](2021-10-09  03:56:05 pm)작업중 정지 [d:26][t:00:46:43]
[I](2021-10-09  03:56:05 pm)    [LNo:0005] 000569/001197
[I](2021-10-09  03:56:34 pm)작업중 정지 [d:26][t:00:47:12]
[I](2021-10-09  03:56:34 pm)    [LNo:0005] 000662/001197
[I](2021-10-09  04:02:06 pm)작업중 정지 [d:30][t:00:52:44]
[I](2021-10-09  04:02:06 pm)    [LNo:0005] 000678/001197
[I](2021-10-09  04:02:06 pm)작업중 M코드정지 [d:30][t:00:52:44]
[I](2021-10-09  04:03:25 pm)작업중 정지 [d:30][t:00:54:03]
[I](2021-10-09  04:03:25 pm)    [LNo:0005] 000682/001197
[I](2021-10-09  04:03:25 pm)작업중 M코드정지 [d:30][t:00:54:03]
[I](2021-10-09  04:07:23 pm)작업중 정지 [d:32][t:00:58:01]
[I](2021-10-09  04:07:23 pm)    [LNo:0005] 000716/001197
[I](2021-10-09  04:07:23 pm)작업중 30sec 접촉 정지 [d:32][t:00:58:01]
[I](2021-10-09  04:08:57 pm)작업 재시작
[I](2021-10-09  04:09:02 pm)작업중 정지 [d:32][t:00:59:40]
[I](2021-10-09  04:09:02 pm)    [LNo:0005] 000716/001197
[I](2021-10-09  04:09:53 pm)작업 재시작
[I](2021-10-09  04:14:28 pm)작업중 정지 [d:37][t:01:05:06]
[I](2021-10-09  04:14:28 pm)    [LNo:0005] 000723/001197
[I](2021-10-09  04:14:28 pm)작업중 M코드정지 [d:37][t:01:05:06]
[I](2021-10-09  04:15:42 pm)작업중 정지 [d:37][t:01:06:20]
[I](2021-10-09  04:15:42 pm)    [LNo:0005] 000727/001197
[I](2021-10-09  04:15:42 pm)작업중 M코드정지 [d:37][t:01:06:20]
[I](2021-10-09  04:18:19 pm)작업중 정지 [d:38][t:01:08:57]
[I](2021-10-09  04:18:19 pm)    [LNo:0005] 000750/001197
[I](2021-10-09  04:18:49 pm)작업중 정지 [d:38][t:01:09:27]
[I](2021-10-09  04:18:49 pm)    [LNo:0005] 000859/001197
[I](2021-10-09  04:23:49 pm)작업중 정지 [d:42][t:01:14:27]
[I](2021-10-09  04:23:49 pm)    [LNo:0005] 000875/001197
[I](2021-10-09  04:23:49 pm)작업중 M코드정지 [d:42][t:01:14:27]
[I](2021-10-09  04:24:23 pm)작업중 정지 [d:43][t:01:15:01]
[I](2021-10-09  04:24:23 pm)    [LNo:0005] 000879/001197
[I](2021-10-09  04:24:23 pm)작업중 M코드정지 [d:43][t:01:15:01]
[I](2021-10-09  04:27:11 pm)작업중 정지 [d:45][t:01:17:49]
[I](2021-10-09  04:27:11 pm)    [LNo:0005] 000905/001197
[I](2021-10-09  04:27:41 pm)작업중 정지 [d:45][t:01:18:19]
[I](2021-10-09  04:27:41 pm)    [LNo:0005] 000998/001197
[I](2021-10-09  04:33:14 pm)작업중 정지 [d:50][t:01:23:52]
[I](2021-10-09  04:33:14 pm)    [LNo:0005] 001014/001197
[I](2021-10-09  04:33:14 pm)작업중 M코드정지 [d:50][t:01:23:52]
[I](2021-10-09  04:33:42 pm)작업중 정지 [d:50][t:01:24:20]
[I](2021-10-09  04:33:42 pm)    [LNo:0005] 001018/001197
[I](2021-10-09  04:33:42 pm)작업중 M코드정지 [d:50][t:01:24:20]
[I](2021-10-09  04:41:50 pm)작업중 정지 [d:56][t:01:32:28]
[I](2021-10-09  04:41:50 pm)    [LNo:0005] 001059/001197
[I](2021-10-09  04:41:50 pm)작업중 M코드정지 [d:56][t:01:32:28]
[I](2021-10-09  04:43:01 pm)작업중 정지 [d:56][t:01:33:39]
[I](2021-10-09  04:43:01 pm)    [LNo:0005] 001063/001197
[I](2021-10-09  04:43:01 pm)작업중 M코드정지 [d:56][t:01:33:39]
[I](2021-10-09  04:45:14 pm)작업중 정지 [d:58][t:01:35:52]
[I](2021-10-09  04:45:14 pm)    [LNo:0005] 001082/001197
[I](2021-10-09  04:45:14 pm)작업중 M코드정지 [d:58][t:01:35:52]
[I](2021-10-09  04:48:39 pm)Reset
[I](2021-10-09  04:49:14 pm)작업 시작 [Start d:136]
[I](2021-10-09  04:49:14 pm)Nc File: [No.0006-536.NC]
[I](2021-10-09  04:49:14 pm)  * Start Machine Position
[I](2021-10-09  04:49:14 pm)    X:     88.0470
[I](2021-10-09  04:49:14 pm)    Y:   -224.9397
[I](2021-10-09  04:49:14 pm)    U:      0.0000
[I](2021-10-09  04:49:15 pm)    V:      0.0000
[I](2021-10-09  04:49:15 pm)    Z:     30.4942
[I](2021-10-09  04:49:15 pm)  * Angle
[I](2021-10-09  04:49:15 pm)    Ar:      0.8241,Kr:      0.0000
[I](2021-10-09  04:49:15 pm)    Taper_Ar:      0.0000
[I](2021-10-09  05:42:28 pm)작업중 정지 [d:52][t:00:53:13]
[I](2021-10-09  05:42:28 pm)    [LNo:0006] 000148/000723
[I](2021-10-09  05:42:28 pm)작업중 30sec 접촉 정지 [d:52][t:00:53:13]
