[I](2021-03-13  12:07:07 am)작업중 정지 [d:14][t:00:15:53]
[I](2021-03-13  12:07:07 am)    [LNo:0006] 000139/000230
[I](2021-03-13  12:07:07 am)작업중 M코드정지 [d:14][t:00:15:53]
[I](2021-03-13  12:07:21 am)작업중 정지 [d:14][t:00:16:06]
[I](2021-03-13  12:07:21 am)    [LNo:0006] 000142/000230
[I](2021-03-13  12:07:21 am)작업중 M코드정지 [d:14][t:00:16:06]
[I](2021-03-13  12:20:55 am)작업중 정지 [d:28][t:00:29:41]
[I](2021-03-13  12:20:55 am)    [LNo:0006] 000223/000230
[I](2021-03-13  12:20:55 am)작업중 M코드정지 [d:28][t:00:29:41]
[A](2021-03-13  12:21:13 am)[084] Work Tank Fluid Sensor Abnormal
[A](2021-03-13  12:21:13 am)[084] Work Tank Fluid Sensor Abnormal
[A](2021-03-13  12:21:13 am)[084] Work Tank Fluid Sensor Abnormal
[A](2021-03-13  12:21:14 am)[084] Work Tank Fluid Sensor Abnormal
[A](2021-03-13  12:21:19 am)[084] Work Tank Fluid Sensor Abnormal
[A](2021-03-13  12:21:19 am)[084] Work Tank Fluid Sensor Abnormal
[A](2021-03-13  12:21:19 am)[084] Work Tank Fluid Sensor Abnormal
[A](2021-03-13  12:21:20 am)[084] Work Tank Fluid Sensor Abnormal
[A](2021-03-13  12:21:20 am)[084] Work Tank Fluid Sensor Abnormal
[A](2021-03-13  12:21:20 am)[084] Work Tank Fluid Sensor Abnormal
[A](2021-03-13  12:21:26 am)[084] Work Tank Fluid Sensor Abnormal
[A](2021-03-13  12:21:29 am)[084] Work Tank Fluid Sensor Abnormal
[A](2021-03-13  12:21:29 am)[084] Work Tank Fluid Sensor Abnormal
[A](2021-03-13  12:21:29 am)[084] Work Tank Fluid Sensor Abnormal
[A](2021-03-13  12:21:29 am)[084] Work Tank Fluid Sensor Abnormal
[A](2021-03-13  12:21:30 am)[084] Work Tank Fluid Sensor Abnormal
[A](2021-03-13  12:21:32 am)[084] Work Tank Fluid Sensor Abnormal
[A](2021-03-13  12:21:32 am)[084] Work Tank Fluid Sensor Abnormal
[A](2021-03-13  12:21:32 am)[084] Work Tank Fluid Sensor Abnormal
[A](2021-03-13  12:21:33 am)[084] Work Tank Fluid Sensor Abnormal
[A](2021-03-13  12:21:34 am)[084] Work Tank Fluid Sensor Abnormal
[A](2021-03-13  12:21:35 am)[091] Auto Door Sensor Abnormal
[A](2021-03-13  12:21:35 am)[084] Work Tank Fluid Sensor Abnormal
[A](2021-03-13  12:21:35 am)[084] Work Tank Fluid Sensor Abnormal
[A](2021-03-13  12:21:36 am)[084] Work Tank Fluid Sensor Abnormal
[A](2021-03-13  12:21:36 am)[084] Work Tank Fluid Sensor Abnormal
[A](2021-03-13  12:21:37 am)[084] Work Tank Fluid Sensor Abnormal
[A](2021-03-13  12:21:37 am)[084] Work Tank Fluid Sensor Abnormal
[I](2021-03-13  12:21:42 am)Reset
[A](2021-03-13  12:21:44 am)[084] Work Tank Fluid Sensor Abnormal
[A](2021-03-13  12:21:59 am)[084] Work Tank Fluid Sensor Abnormal
[A](2021-03-13  12:21:59 am)[084] Work Tank Fluid Sensor Abnormal
[A](2021-03-13  12:22:00 am)[084] Work Tank Fluid Sensor Abnormal
[A](2021-03-13  12:22:00 am)[084] Work Tank Fluid Sensor Abnormal
[A](2021-03-13  12:22:00 am)[084] Work Tank Fluid Sensor Abnormal
[A](2021-03-13  12:22:00 am)[084] Work Tank Fluid Sensor Abnormal
[A](2021-03-13  12:22:01 am)[084] Work Tank Fluid Sensor Abnormal
[A](2021-03-13  12:22:01 am)[084] Work Tank Fluid Sensor Abnormal
[A](2021-03-13  12:22:01 am)[084] Work Tank Fluid Sensor Abnormal
[A](2021-03-13  12:22:01 am)[084] Work Tank Fluid Sensor Abnormal
[A](2021-03-13  12:22:02 am)[084] Work Tank Fluid Sensor Abnormal
[A](2021-03-13  12:22:02 am)[084] Work Tank Fluid Sensor Abnormal
[A](2021-03-13  12:22:02 am)[084] Work Tank Fluid Sensor Abnormal
[A](2021-03-13  12:22:02 am)[084] Work Tank Fluid Sensor Abnormal
[A](2021-03-13  12:22:03 am)[084] Work Tank Fluid Sensor Abnormal
[A](2021-03-13  12:22:42 am)[084] Work Tank Fluid Sensor Abnormal
[A](2021-03-13  12:22:42 am)[084] Work Tank Fluid Sensor Abnormal
[A](2021-03-13  12:22:43 am)[084] Work Tank Fluid Sensor Abnormal
[A](2021-03-13  12:22:43 am)[084] Work Tank Fluid Sensor Abnormal
[A](2021-03-13  12:22:44 am)[084] Work Tank Fluid Sensor Abnormal
[A](2021-03-13  12:22:44 am)[084] Work Tank Fluid Sensor Abnormal
[A](2021-03-13  12:22:44 am)[084] Work Tank Fluid Sensor Abnormal
[A](2021-03-13  12:22:44 am)[084] Work Tank Fluid Sensor Abnormal
[A](2021-03-13  12:22:45 am)[084] Work Tank Fluid Sensor Abnormal
[A](2021-03-13  12:22:45 am)[084] Work Tank Fluid Sensor Abnormal
[A](2021-03-13  12:22:45 am)[084] Work Tank Fluid Sensor Abnormal
[A](2021-03-13  12:22:45 am)[084] Work Tank Fluid Sensor Abnormal
[A](2021-03-13  12:22:45 am)[084] Work Tank Fluid Sensor Abnormal
[A](2021-03-13  12:22:45 am)[084] Work Tank Fluid Sensor Abnormal
[A](2021-03-13  12:22:47 am)[084] Work Tank Fluid Sensor Abnormal
[A](2021-03-13  12:22:47 am)[084] Work Tank Fluid Sensor Abnormal
[A](2021-03-13  12:22:47 am)[084] Work Tank Fluid Sensor Abnormal
[A](2021-03-13  12:22:47 am)[084] Work Tank Fluid Sensor Abnormal
[A](2021-03-13  12:22:48 am)[084] Work Tank Fluid Sensor Abnormal
[A](2021-03-13  12:22:48 am)[084] Work Tank Fluid Sensor Abnormal
[A](2021-03-13  12:22:48 am)[084] Work Tank Fluid Sensor Abnormal
[A](2021-03-13  12:22:49 am)[084] Work Tank Fluid Sensor Abnormal
[A](2021-03-13  12:22:49 am)[084] Work Tank Fluid Sensor Abnormal
[A](2021-03-13  12:22:50 am)[084] Work Tank Fluid Sensor Abnormal
[A](2021-03-13  12:22:50 am)[084] Work Tank Fluid Sensor Abnormal
[A](2021-03-13  12:22:50 am)[084] Work Tank Fluid Sensor Abnormal
[A](2021-03-13  12:22:51 am)[084] Work Tank Fluid Sensor Abnormal
[A](2021-03-13  12:22:51 am)[084] Work Tank Fluid Sensor Abnormal
[A](2021-03-13  12:22:51 am)[084] Work Tank Fluid Sensor Abnormal
[A](2021-03-13  12:22:51 am)[084] Work Tank Fluid Sensor Abnormal
[A](2021-03-13  12:22:51 am)[084] Work Tank Fluid Sensor Abnormal
[A](2021-03-13  12:22:52 am)[084] Work Tank Fluid Sensor Abnormal
[A](2021-03-13  12:22:52 am)[084] Work Tank Fluid Sensor Abnormal
[A](2021-03-13  12:22:52 am)[084] Work Tank Fluid Sensor Abnormal
[A](2021-03-13  12:22:52 am)[084] Work Tank Fluid Sensor Abnormal
[A](2021-03-13  12:22:53 am)[084] Work Tank Fluid Sensor Abnormal
[A](2021-03-13  12:22:53 am)[084] Work Tank Fluid Sensor Abnormal
[A](2021-03-13  12:22:53 am)[084] Work Tank Fluid Sensor Abnormal
[A](2021-03-13  12:22:53 am)[084] Work Tank Fluid Sensor Abnormal
[A](2021-03-13  12:22:53 am)[084] Work Tank Fluid Sensor Abnormal
[I](2021-03-13  12:24:14 am)Reset
[I](2021-03-13  12:24:22 am)Reset
[I](2021-03-13  12:24:22 am)Reset
[I](2021-03-13  12:28:49 am)Reset
[I](2021-03-13  12:29:19 am)Reset
[I](2021-03-13  12:30:03 am)작업 시작 [Start d:449]
[I](2021-03-13  12:30:03 am)Nc File: [No.0001-339.NC]
[I](2021-03-13  12:30:03 am)  * Start Machine Position
[I](2021-03-13  12:30:03 am)    X:    137.9670
[I](2021-03-13  12:30:03 am)    Y:   -337.3984
[I](2021-03-13  12:30:03 am)    U:      0.0000
[I](2021-03-13  12:30:03 am)    V:      0.0000
[I](2021-03-13  12:30:03 am)    Z:     33.2423
[I](2021-03-13  12:30:03 am)  * Angle
[I](2021-03-13  12:30:03 am)    Ar:      0.5852,Kr:      0.0000
[I](2021-03-13  12:30:03 am)    Taper_Ar:      0.0000
[I](2021-03-13  12:30:03 am)작업중 정지 [d:0][t:00:00:00]
[I](2021-03-13  12:30:03 am)    [LNo:0001] 000723/001004
[I](2021-03-13  12:30:28 am)작업중 정지 [d:0][t:00:00:24]
[I](2021-03-13  12:30:28 am)    [LNo:0001] 000809/001004
[I](2021-03-13  12:42:29 am)작업중 정지 [d:10][t:00:12:25]
[I](2021-03-13  12:42:29 am)    [LNo:0001] 000869/001004
[I](2021-03-13  12:42:29 am)작업중 M코드정지 [d:10][t:00:12:25]
[I](2021-03-13  12:44:38 am)작업중 정지 [d:10][t:00:14:34]
[I](2021-03-13  12:44:38 am)    [LNo:0001] 000870/001004
[A](2021-03-13  12:45:00 am)[037] 자동결선 잔여 WIRE 처리 실패!!
[I](2021-03-13  12:45:40 am)작업 재시작
[I](2021-03-13  12:45:49 am)작업중 정지 [d:10][t:00:15:45]
[I](2021-03-13  12:45:49 am)    [LNo:0001] 000871/001004
[I](2021-03-13  12:45:49 am)작업중 M코드정지 [d:10][t:00:15:45]
[I](2021-03-13  12:45:52 am)작업중 정지 [d:10][t:00:15:49]
[I](2021-03-13  12:45:52 am)    [LNo:0001] 000874/001004
[I](2021-03-13  12:45:56 am)작업중 정지 [d:10][t:00:15:52]
[I](2021-03-13  12:45:56 am)    [LNo:0001] 000874/001004
[A](2021-03-13  12:45:56 am)[010] 자동결선 Error(M21-절단실패)
[I](2021-03-13  12:46:38 am)작업중 정지 [d:10][t:00:16:34]
[I](2021-03-13  12:46:38 am)    [LNo:0001] 000885/001004
[A](2021-03-13  12:46:38 am)[008] 작업중 단선(AWF Feed Motor Stop )
[I](2021-03-13  12:46:38 am)작업중 Wire 단선 [d:10][t:00:16:34]
[I](2021-03-13  12:52:43 am)작업중 정지 [d:15][t:00:22:40]
[I](2021-03-13  12:52:43 am)    [LNo:0001] 000918/001004
[I](2021-03-13  12:52:43 am)작업중 M코드정지 [d:15][t:00:22:40]
[I](2021-03-13  01:00:12 am)작업중 정지 [d:20][t:00:30:08]
[I](2021-03-13  01:00:12 am)    [LNo:0001] 000938/001004
[I](2021-03-13  01:00:12 am)작업중 M코드정지 [d:20][t:00:30:08]
[I](2021-03-13  01:01:58 am)작업중 정지 [d:20][t:00:31:54]
[I](2021-03-13  01:01:58 am)    [LNo:0001] 000940/001004
[I](2021-03-13  01:01:58 am)작업중 M코드정지 [d:20][t:00:31:54]
[A](2021-03-13  01:02:21 am)[037] 자동결선 잔여 WIRE 처리 실패!!
[I](2021-03-13  01:03:03 am)작업중 정지 [d:20][t:00:32:59]
[I](2021-03-13  01:03:03 am)    [LNo:0001] 000943/001004
[I](2021-03-13  01:03:04 am)작업중 정지 [d:20][t:00:33:00]
[I](2021-03-13  01:03:04 am)    [LNo:0001] 000943/001004
[I](2021-03-13  01:03:06 am)작업중 정지 [d:20][t:00:33:02]
[I](2021-03-13  01:03:06 am)    [LNo:0001] 000943/001004
[A](2021-03-13  01:03:06 am)[010] 자동결선 Error(M21-절단실패)
[I](2021-03-13  01:09:59 am)작업중 정지 [d:27][t:00:39:55]
[I](2021-03-13  01:09:59 am)    [LNo:0001] 000992/001004
[I](2021-03-13  01:09:59 am)작업중 M코드정지 [d:27][t:00:39:55]
[I](2021-03-13  01:10:28 am)작업중 정지 [d:27][t:00:40:25]
[I](2021-03-13  01:10:28 am)    [LNo:0001] 000993/001004
[A](2021-03-13  01:10:49 am)[037] 자동결선 잔여 WIRE 처리 실패!!
[I](2021-03-13  01:12:22 am)Reset
[I](2021-03-13  01:12:22 am)Reset
[I](2021-03-13  01:12:30 am)작업 시작 [Start d:476]
[I](2021-03-13  01:12:30 am)Nc File: [No.0001-339.NC]
[I](2021-03-13  01:12:30 am)  * Start Machine Position
[I](2021-03-13  01:12:30 am)    X:    137.9670
[I](2021-03-13  01:12:30 am)    Y:   -337.3984
[I](2021-03-13  01:12:30 am)    U:      0.0000
[I](2021-03-13  01:12:30 am)    V:      0.0000
[I](2021-03-13  01:12:30 am)    Z:     33.2423
[I](2021-03-13  01:12:30 am)  * Angle
[I](2021-03-13  01:12:30 am)    Ar:      0.5852,Kr:      0.0000
[I](2021-03-13  01:12:30 am)    Taper_Ar:      0.0000
[I](2021-03-13  01:40:48 am)작업중 정지 [d:29][t:00:28:18]
[I](2021-03-13  01:40:48 am)    [LNo:0001] 000744/001004
[I](2021-03-13  01:40:48 am)작업중 30sec 접촉 정지 [d:29][t:00:28:18]
[I](2021-03-13  01:41:21 am)작업 재시작
[I](2021-03-13  02:24:39 am)작업중 정지 [d:70][t:01:12:08]
[I](2021-03-13  02:24:39 am)    [LNo:0001] 000800/001004
[I](2021-03-13  02:24:39 am)작업중 30sec 접촉 정지 [d:70][t:01:12:08]
[A](2021-03-13  02:42:02 am)[037] 자동결선 잔여 WIRE 처리 실패!!
[I](2021-03-13  02:48:09 am)Reset
[I](2021-03-13  02:50:39 am)Reset
[I](2021-03-13  02:53:15 am)Reset
[I](2021-03-13  02:53:24 am)Reset
[I](2021-03-13  02:53:38 am)작업 시작 [Start d:546]
[I](2021-03-13  02:53:38 am)Nc File: [No.0002-340.NC]
[I](2021-03-13  02:53:38 am)  * Start Machine Position
[I](2021-03-13  02:53:38 am)    X:     33.8782
[I](2021-03-13  02:53:38 am)    Y:   -361.5285
[I](2021-03-13  02:53:38 am)    U:      0.0000
[I](2021-03-13  02:53:38 am)    V:      0.0000
[I](2021-03-13  02:53:38 am)    Z:     33.2423
[I](2021-03-13  02:53:38 am)  * Angle
[I](2021-03-13  02:53:38 am)    Ar:     -0.1024,Kr:      0.0000
[I](2021-03-13  02:53:38 am)    Taper_Ar:      0.0000
[I](2021-03-13  02:54:15 am)작업중 정지 [d:0][t:00:00:36]
[I](2021-03-13  02:54:15 am)    [LNo:0002] 000665/001028
[I](2021-03-13  02:54:54 am)Reset
[I](2021-03-13  02:55:19 am)Reset
[I](2021-03-13  02:55:21 am)Reset
[I](2021-03-13  02:55:28 am)작업 시작 [Start d:546]
[I](2021-03-13  02:55:28 am)Nc File: [No.0002-340.NC]
[I](2021-03-13  02:55:28 am)  * Start Machine Position
[I](2021-03-13  02:55:28 am)    X:     33.8782
[I](2021-03-13  02:55:28 am)    Y:   -361.5285
[I](2021-03-13  02:55:28 am)    U:      0.0000
[I](2021-03-13  02:55:28 am)    V:      0.0000
[I](2021-03-13  02:55:28 am)    Z:     33.2423
[I](2021-03-13  02:55:28 am)  * Angle
[I](2021-03-13  02:55:28 am)    Ar:     -0.1024,Kr:      0.0000
[I](2021-03-13  02:55:28 am)    Taper_Ar:      0.0000
[I](2021-03-13  03:21:03 am)작업중 정지 [d:24][t:00:25:35]
[I](2021-03-13  03:21:03 am)    [LNo:0002] 000080/001028
[I](2021-03-13  03:21:03 am)작업중 M코드정지 [d:24][t:00:25:35]
[I](2021-03-13  03:32:42 am)작업중 정지 [d:24][t:00:37:14]
[I](2021-03-13  03:32:42 am)    [LNo:0002] 000083/001028
[I](2021-03-13  03:32:42 am)작업중 M코드정지 [d:24][t:00:37:14]
[I](2021-03-13  03:33:48 am)작업중 정지 [d:24][t:00:38:20]
[I](2021-03-13  03:33:48 am)    [LNo:0002] 000086/001028
[I](2021-03-13  03:33:51 am)작업중 정지 [d:24][t:00:38:23]
[I](2021-03-13  03:33:51 am)    [LNo:0002] 000086/001028
[A](2021-03-13  03:33:51 am)[010] 자동결선 Error(M21-절단실패)
[I](2021-03-13  03:43:01 am)작업중 정지 [d:33][t:00:47:33]
[I](2021-03-13  03:43:01 am)    [LNo:0002] 000112/001028
[I](2021-03-13  03:43:01 am)작업중 30sec 접촉 정지 [d:33][t:00:47:33]
[I](2021-03-13  03:45:46 am)작업 재시작
[I](2021-03-13  04:01:17 am)작업중 정지 [d:48][t:01:05:49]
[I](2021-03-13  04:01:17 am)    [LNo:0002] 000165/001028
[I](2021-03-13  04:01:17 am)작업중 M코드정지 [d:48][t:01:05:49]
[I](2021-03-13  04:18:03 am)작업중 정지 [d:49][t:01:22:35]
[I](2021-03-13  04:18:03 am)    [LNo:0002] 000168/001028
[I](2021-03-13  04:18:03 am)작업중 M코드정지 [d:49][t:01:22:35]
[I](2021-03-13  04:18:59 am)작업중 정지 [d:49][t:01:23:31]
[I](2021-03-13  04:18:59 am)    [LNo:0002] 000171/001028
[I](2021-03-13  04:19:00 am)작업중 정지 [d:49][t:01:23:32]
[I](2021-03-13  04:19:00 am)    [LNo:0002] 000171/001028
[A](2021-03-13  04:19:01 am)[010] 자동결선 Error(M21-절단실패)
[I](2021-03-13  05:46:11 am)작업중 정지 [d:135][t:02:50:42]
[I](2021-03-13  05:46:11 am)    [LNo:0002] 000252/001028
[I](2021-03-13  05:46:11 am)작업중 30sec 접촉 정지 [d:135][t:02:50:42]
[A](2021-03-13  06:23:54 am)[037] 자동결선 잔여 WIRE 처리 실패!!
[I](2021-03-13  06:24:37 am)작업 재시작
[I](2021-03-13  06:24:47 am)작업중 정지 [d:135][t:03:29:19]
[I](2021-03-13  06:24:47 am)    [LNo:0002] 000256/001028
[I](2021-03-13  06:24:49 am)작업중 정지 [d:135][t:03:29:21]
[I](2021-03-13  06:24:49 am)    [LNo:0002] 000256/001028
[I](2021-03-13  06:24:50 am)작업중 정지 [d:135][t:03:29:22]
[I](2021-03-13  06:24:50 am)    [LNo:0002] 000256/001028
[A](2021-03-13  06:24:50 am)[010] 자동결선 Error(M21-절단실패)
[I](2021-03-13  06:47:32 am)작업중 정지 [d:157][t:03:52:04]
[I](2021-03-13  06:47:32 am)    [LNo:0002] 000281/001028
[I](2021-03-13  06:47:32 am)작업중 M코드정지 [d:157][t:03:52:04]
[I](2021-03-13  06:55:18 am)작업중 정지 [d:157][t:03:59:50]
[I](2021-03-13  06:55:18 am)    [LNo:0002] 000284/001028
[I](2021-03-13  06:55:18 am)작업중 M코드정지 [d:157][t:03:59:50]
[I](2021-03-13  06:55:26 am)작업중 정지 [d:157][t:03:59:58]
[I](2021-03-13  06:55:26 am)    [LNo:0002] 000291/001028
[I](2021-03-13  07:51:37 am)작업중 정지 [d:211][t:04:56:09]
[I](2021-03-13  07:51:37 am)    [LNo:0002] 000335/001028
[I](2021-03-13  07:51:37 am)작업중 M코드정지 [d:211][t:04:56:09]
[I](2021-03-13  07:52:21 am)작업중 정지 [d:211][t:04:56:53]
[I](2021-03-13  07:52:21 am)    [LNo:0002] 000338/001028
[I](2021-03-13  07:52:21 am)작업중 M코드정지 [d:211][t:04:56:53]
[I](2021-03-13  07:53:17 am)작업중 정지 [d:211][t:04:57:49]
[I](2021-03-13  07:53:17 am)    [LNo:0002] 000341/001028
[I](2021-03-13  07:53:20 am)작업중 정지 [d:211][t:04:57:52]
[I](2021-03-13  07:53:20 am)    [LNo:0002] 000341/001028
[A](2021-03-13  07:53:20 am)[010] 자동결선 Error(M21-절단실패)
[I](2021-03-13  08:12:16 am)작업중 정지 [d:229][t:05:16:48]
[I](2021-03-13  08:12:16 am)    [LNo:0002] 000366/001028
[I](2021-03-13  08:12:16 am)작업중 M코드정지 [d:229][t:05:16:48]
[I](2021-03-13  08:38:10 am)작업중 정지 [d:253][t:05:42:42]
[I](2021-03-13  08:38:10 am)    [LNo:0002] 000420/001028
[I](2021-03-13  08:38:10 am)작업중 30sec 접촉 정지 [d:253][t:05:42:42]
[I](2021-03-13  08:45:15 am)작업 재시작
[I](2021-03-13  08:45:20 am)작업중 정지 [d:253][t:05:49:52]
[I](2021-03-13  08:45:20 am)    [LNo:0002] 000420/001028
[I](2021-03-13  08:45:20 am)작업중 30sec 접촉 정지 [d:253][t:05:49:52]
[I](2021-03-13  08:46:19 am)작업 재시작
[I](2021-03-13  09:12:34 am)작업중 정지 [d:278][t:06:17:06]
[I](2021-03-13  09:12:34 am)    [LNo:0002] 000472/001028
[I](2021-03-13  09:12:34 am)작업중 M코드정지 [d:278][t:06:17:06]
[I](2021-03-13  09:17:28 am)작업중 정지 [d:278][t:06:22:00]
[I](2021-03-13  09:17:28 am)    [LNo:0002] 000473/001028
[I](2021-03-13  09:17:28 am)작업중 30sec 접촉 정지 [d:278][t:06:22:00]
[I](2021-03-13  09:18:55 am)작업 재시작
[I](2021-03-13  09:48:45 am)작업중 정지 [d:306][t:06:53:17]
[I](2021-03-13  09:48:45 am)    [LNo:0002] 000526/001028
[I](2021-03-13  09:48:45 am)작업중 30sec 접촉 정지 [d:306][t:06:53:17]
[I](2021-03-13  09:50:15 am)작업 재시작
[I](2021-03-13  09:54:36 am)작업중 정지 [d:310][t:06:59:08]
[I](2021-03-13  09:54:36 am)    [LNo:0002] 000556/001028
[I](2021-03-13  09:56:07 am)작업 재시작
[I](2021-03-13  10:16:36 am)작업중 정지 [d:-527][t:07:21:07]
[I](2021-03-13  10:16:36 am)    [LNo:0002] 000579/001028
[I](2021-03-13  10:16:36 am)작업중 30sec 접촉 정지 [d:-527][t:07:21:07]
[I](2021-03-13  10:20:08 am)작업 재시작
[I](2021-03-13  10:20:09 am)작업중 정지 [d:-527][t:07:24:41]
[I](2021-03-13  10:20:09 am)    [LNo:0002] 000579/001028
[I](2021-03-13  10:20:19 am)작업 재시작
[I](2021-03-13  10:46:51 am)작업중 정지 [d:-501][t:07:51:23]
[I](2021-03-13  10:46:51 am)    [LNo:0002] 000632/001028
[I](2021-03-13  10:46:51 am)작업중 30sec 접촉 정지 [d:-501][t:07:51:23]
[I](2021-03-13  10:47:37 am)작업 재시작
[I](2021-03-13  11:14:14 am)작업중 정지 [d:-475][t:08:18:46]
[I](2021-03-13  11:14:14 am)    [LNo:0002] 000685/001028
[I](2021-03-13  11:14:14 am)작업중 30sec 접촉 정지 [d:-475][t:08:18:46]
[I](2021-03-13  11:14:54 am)작업 재시작
[I](2021-03-13  11:46:44 am)작업중 정지 [d:-445][t:08:51:16]
[I](2021-03-13  11:46:44 am)    [LNo:0002] 000736/001028
[I](2021-03-13  11:46:44 am)Wire Contact Auto Stop(M52)
[I](2021-03-13  11:47:31 am)작업 재시작
[I](2021-03-13  11:47:51 am)작업중 정지 [d:-444][t:08:52:23]
[I](2021-03-13  11:47:51 am)    [LNo:0002] 000738/001028
[I](2021-03-13  11:49:56 am)작업 재시작
[I](2021-03-13  02:08:29 pm)작업중 정지 [d:-313][t:11:13:01]
[I](2021-03-13  02:08:29 pm)    [LNo:0002] 000921/001028
[I](2021-03-13  02:08:29 pm)작업중 30sec 접촉 정지 [d:-313][t:11:13:01]
[I](2021-03-13  02:16:05 pm)작업 재시작
[I](2021-03-13  03:16:42 pm)작업중 정지 [d:-256][t:12:21:14]
[I](2021-03-13  03:16:42 pm)    [LNo:0002] 001007/001028
[I](2021-03-13  03:17:30 pm)작업 재시작
[I](2021-03-13  03:44:09 pm)작업중 정지 [d:-229][t:12:48:41]
[I](2021-03-13  03:44:09 pm)    [LNo:0002] 001014/001028
[I](2021-03-13  03:44:09 pm)Wire Contact Auto Stop(M52)
[I](2021-03-13  03:44:35 pm)작업 재시작
[I](2021-03-13  03:45:16 pm)작업중 정지 [d:-228][t:12:49:48]
[I](2021-03-13  03:45:16 pm)    [LNo:0002] 001017/001028
[I](2021-03-13  03:51:31 pm)Reset
[I](2021-03-13  03:51:32 pm)Reset
[I](2021-03-13  04:00:07 pm)Reset
[I](2021-03-13  04:00:12 pm)Reset
[I](2021-03-13  04:16:59 pm)Reset
[I](2021-03-13  04:17:38 pm)Reset
[I](2021-03-13  04:18:52 pm)Reset
[I](2021-03-13  04:21:30 pm)Reset
[I](2021-03-13  04:22:51 pm)Reset
[I](2021-03-13  04:25:56 pm)작업 시작 [Start d:0]
[I](2021-03-13  04:25:56 pm)Nc File: [No.0003-366.NC]
[I](2021-03-13  04:25:56 pm)  * Start Machine Position
[I](2021-03-13  04:25:56 pm)    X:    223.7429
[I](2021-03-13  04:25:56 pm)    Y:   -214.7084
[I](2021-03-13  04:25:56 pm)    U:      0.0000
[I](2021-03-13  04:25:56 pm)    V:      0.0000
[I](2021-03-13  04:25:56 pm)    Z:     67.6918
[I](2021-03-13  04:25:56 pm)  * Angle
[I](2021-03-13  04:25:56 pm)    Ar:      0.3881,Kr:      0.0000
[I](2021-03-13  04:25:56 pm)    Taper_Ar:      0.0000
[I](2021-03-13  04:44:01 pm)작업중 정지 [d:18][t:00:18:04]
[I](2021-03-13  04:44:01 pm)    [LNo:0003] 000022/004154
[A](2021-03-13  04:44:02 pm)[053] Emergency Stop
[A](2021-03-13  04:44:02 pm)[005] READY Off(Alarm)
[I](2021-03-13  04:44:02 pm)    X:    236.9864
[I](2021-03-13  04:44:02 pm)    Y:   -220.2149
[I](2021-03-13  04:44:02 pm)    U:      0.0045
[I](2021-03-13  04:44:02 pm)    V:      0.0000
[I](2021-03-13  04:44:02 pm)    Z:     67.6918
[I](2021-03-13  04:47:21 pm)Ready On
[I](2021-03-13  04:48:23 pm)작업 재시작
[I](2021-03-13  05:13:57 pm)작업중 정지 [d:44][t:00:48:00]
[I](2021-03-13  05:13:57 pm)    [LNo:0003] 000112/004154
[I](2021-03-13  05:13:57 pm)Wire Contact Auto Stop(M52)
[I](2021-03-13  05:15:37 pm)작업중 정지 [d:44][t:00:49:40]
[I](2021-03-13  05:15:37 pm)    [LNo:0003] 000121/004154
[I](2021-03-13  05:17:32 pm)작업중 정지 [d:44][t:00:51:36]
[I](2021-03-13  05:17:32 pm)    [LNo:0003] 000358/004154
[I](2021-03-13  05:18:38 pm)작업중 정지 [d:44][t:00:52:41]
[I](2021-03-13  05:18:38 pm)    [LNo:0003] 000475/004154
[I](2021-03-13  05:19:55 pm)작업중 정지 [d:44][t:00:53:59]
[I](2021-03-13  05:19:55 pm)    [LNo:0003] 000644/004154
[I](2021-03-13  05:22:56 pm)작업중 정지 [d:44][t:00:56:59]
[I](2021-03-13  05:22:56 pm)    [LNo:0003] 000825/004154
[I](2021-03-13  05:31:29 pm)작업중 정지 [d:44][t:01:05:33]
[I](2021-03-13  05:31:29 pm)    [LNo:0003] 000121/004154
[I](2021-03-13  09:06:26 pm)작업중 정지 [d:258][t:04:40:30]
[I](2021-03-13  09:06:26 pm)    [LNo:0003] 000349/004154
[I](2021-03-13  09:06:26 pm)Wire Contact Auto Stop(M52)
