[I](2022-05-14  12:34:58 am)작업중 정지 [d:245][t:04:20:38]
[I](2022-05-14  12:34:58 am)    [LNo:0006] 000430/001185
[I](2022-05-14  12:34:58 am)작업중 M코드정지 [d:245][t:04:20:38]
[I](2022-05-14  08:49:16 am)작업중 정지 [d:245][t:12:34:56]
[I](2022-05-14  08:49:16 am)    [LNo:0006] 000435/001185
[I](2022-05-14  08:49:16 am)작업중 M코드정지 [d:245][t:12:34:56]
[I](2022-05-14  08:50:55 am)작업중 정지 [d:246][t:12:36:35]
[I](2022-05-14  08:50:55 am)    [LNo:0006] 000445/001185
[I](2022-05-14  08:50:55 am)작업중 30sec 접촉 정지 [d:246][t:12:36:35]
[I](2022-05-14  08:51:04 am)작업 재시작
[I](2022-05-14  08:51:54 am)작업중 정지 [d:247][t:12:37:34]
[I](2022-05-14  08:51:54 am)    [LNo:0006] 000450/001185
[I](2022-05-14  08:51:54 am)작업중 M코드정지 [d:247][t:12:37:34]
[I](2022-05-14  08:55:54 am)작업중 정지 [d:248][t:12:41:34]
[I](2022-05-14  08:55:54 am)    [LNo:0006] 000451/001185
[I](2022-05-14  08:55:54 am)Wire Contact Auto Stop(M52)
[I](2022-05-14  08:56:24 am)작업 재시작
[I](2022-05-14  08:58:05 am)작업중 정지 [d:249][t:12:43:45]
[I](2022-05-14  08:58:05 am)    [LNo:0006] 000468/001185
[I](2022-05-14  08:58:05 am)작업중 30sec 접촉 정지 [d:249][t:12:43:45]
[I](2022-05-14  09:03:37 am)작업 재시작
[I](2022-05-14  09:03:47 am)작업중 정지 [d:249][t:12:49:27]
[I](2022-05-14  09:03:47 am)    [LNo:0006] 000468/001185
[I](2022-05-14  09:03:47 am)작업중 30sec 접촉 정지 [d:249][t:12:49:27]
[I](2022-05-14  09:04:56 am)작업 재시작
[I](2022-05-14  09:05:44 am)작업중 정지 [d:249][t:12:51:24]
[I](2022-05-14  09:05:44 am)    [LNo:0006] 000473/001185
[I](2022-05-14  09:05:44 am)작업중 M코드정지 [d:249][t:12:51:24]
[I](2022-05-14  09:07:48 am)작업중 정지 [d:249][t:12:53:27]
[I](2022-05-14  09:07:48 am)    [LNo:0006] 000474/001185
[I](2022-05-14  09:07:48 am)Wire Contact Auto Stop(M52)
[I](2022-05-14  09:08:24 am)작업 재시작
[I](2022-05-14  09:10:31 am)작업중 정지 [d:250][t:12:56:11]
[I](2022-05-14  09:10:31 am)    [LNo:0006] 000497/001185
[I](2022-05-14  09:10:31 am)작업중 M코드정지 [d:250][t:12:56:11]
[I](2022-05-14  09:11:11 am)작업중 정지 [d:250][t:12:56:51]
[I](2022-05-14  09:11:11 am)    [LNo:0006] 000500/001185
[I](2022-05-14  09:11:41 am)작업 재시작
[I](2022-05-14  09:13:48 am)작업중 정지 [d:250][t:12:59:28]
[I](2022-05-14  09:13:48 am)    [LNo:0006] 000520/001185
[I](2022-05-14  09:13:48 am)작업중 M코드정지 [d:250][t:12:59:28]
[I](2022-05-14  09:15:09 am)작업중 정지 [d:250][t:13:00:48]
[I](2022-05-14  09:15:09 am)    [LNo:0006] 000521/001185
[I](2022-05-14  09:15:39 am)작업 재시작
[I](2022-05-14  09:17:55 am)작업중 정지 [d:251][t:13:03:35]
[I](2022-05-14  09:17:55 am)    [LNo:0006] 000544/001185
[I](2022-05-14  09:17:55 am)작업중 M코드정지 [d:251][t:13:03:35]
[I](2022-05-14  09:19:30 am)작업중 정지 [d:251][t:13:05:10]
[I](2022-05-14  09:19:30 am)    [LNo:0006] 000546/001185
[I](2022-05-14  09:20:15 am)작업 재시작
[I](2022-05-14  09:22:24 am)작업중 정지 [d:252][t:13:08:04]
[I](2022-05-14  09:22:24 am)    [LNo:0006] 000568/001185
[I](2022-05-14  09:22:24 am)작업중 M코드정지 [d:252][t:13:08:04]
[I](2022-05-14  09:28:07 am)작업중 정지 [d:252][t:13:13:47]
[I](2022-05-14  09:28:07 am)    [LNo:0006] 000569/001185
[I](2022-05-14  09:28:42 am)작업 재시작
[I](2022-05-14  09:30:52 am)작업중 정지 [d:253][t:13:16:31]
[I](2022-05-14  09:30:52 am)    [LNo:0006] 000591/001185
[I](2022-05-14  09:30:52 am)작업중 M코드정지 [d:253][t:13:16:32]
[I](2022-05-14  09:31:14 am)작업중 정지 [d:253][t:13:16:54]
[I](2022-05-14  09:31:14 am)    [LNo:0006] 000592/001185
[I](2022-05-14  09:31:14 am)Wire Contact Auto Stop(M52)
[I](2022-05-14  09:31:43 am)작업 재시작
[I](2022-05-14  09:33:53 am)작업중 정지 [d:254][t:13:19:33]
[I](2022-05-14  09:33:53 am)    [LNo:0006] 000614/001185
[I](2022-05-14  09:33:53 am)작업중 M코드정지 [d:254][t:13:19:33]
[I](2022-05-14  09:34:47 am)작업중 정지 [d:254][t:13:20:27]
[I](2022-05-14  09:34:47 am)    [LNo:0006] 000615/001185
[I](2022-05-14  09:35:19 am)작업 재시작
[I](2022-05-14  09:37:28 am)작업중 정지 [d:255][t:13:23:08]
[I](2022-05-14  09:37:28 am)    [LNo:0006] 000637/001185
[I](2022-05-14  09:37:29 am)작업중 M코드정지 [d:255][t:13:23:08]
[I](2022-05-14  09:38:08 am)작업중 정지 [d:255][t:13:23:48]
[I](2022-05-14  09:38:08 am)    [LNo:0006] 000638/001185
[I](2022-05-14  09:38:43 am)작업 재시작
[I](2022-05-14  09:40:52 am)작업중 정지 [d:256][t:13:26:32]
[I](2022-05-14  09:40:52 am)    [LNo:0006] 000660/001185
[I](2022-05-14  09:40:52 am)작업중 M코드정지 [d:256][t:13:26:32]
[I](2022-05-14  09:42:00 am)작업중 정지 [d:256][t:13:27:40]
[I](2022-05-14  09:42:00 am)    [LNo:0006] 000661/001185
[I](2022-05-14  09:42:39 am)작업 재시작
[I](2022-05-14  09:44:55 am)작업중 정지 [d:257][t:13:30:35]
[I](2022-05-14  09:44:55 am)    [LNo:0006] 000683/001185
[I](2022-05-14  09:44:55 am)작업중 M코드정지 [d:257][t:13:30:35]
[I](2022-05-14  09:45:32 am)작업중 정지 [d:257][t:13:31:12]
[I](2022-05-14  09:45:32 am)    [LNo:0006] 000684/001185
[I](2022-05-14  09:45:32 am)Wire Contact Auto Stop(M52)
[I](2022-05-14  09:46:03 am)작업 재시작
[I](2022-05-14  09:48:32 am)작업중 정지 [d:258][t:13:34:12]
[I](2022-05-14  09:48:32 am)    [LNo:0006] 000706/001185
[I](2022-05-14  09:48:32 am)작업중 M코드정지 [d:258][t:13:34:12]
[I](2022-05-14  09:55:14 am)작업중 정지 [d:258][t:13:40:54]
[I](2022-05-14  09:55:14 am)    [LNo:0006] 000707/001185
[I](2022-05-14  09:55:15 am)Wire Contact Auto Stop(M52)
[I](2022-05-14  09:55:51 am)작업 재시작
[I](2022-05-14  09:58:13 am)작업중 정지 [d:259][t:13:43:53]
[I](2022-05-14  09:58:13 am)    [LNo:0006] 000729/001185
[I](2022-05-14  09:58:13 am)작업중 M코드정지 [d:259][t:13:43:53]
[I](2022-05-14  09:58:37 am)작업중 정지 [d:259][t:13:44:17]
[I](2022-05-14  09:58:37 am)    [LNo:0006] 000730/001185
[I](2022-05-14  09:58:37 am)Wire Contact Auto Stop(M52)
[I](2022-05-14  09:59:21 am)작업 재시작
[I](2022-05-14  10:01:49 am)작업중 정지 [d:261][t:13:47:29]
[I](2022-05-14  10:01:49 am)    [LNo:0006] 000752/001185
[I](2022-05-14  10:01:49 am)작업중 M코드정지 [d:261][t:13:47:29]
[I](2022-05-14  10:02:09 am)작업중 정지 [d:261][t:13:47:49]
[I](2022-05-14  10:02:09 am)    [LNo:0006] 000753/001185
[I](2022-05-14  10:02:09 am)Wire Contact Auto Stop(M52)
[I](2022-05-14  10:02:38 am)작업 재시작
[I](2022-05-14  10:03:07 am)작업중 정지 [d:261][t:13:48:47]
[I](2022-05-14  10:03:07 am)    [LNo:0006] 000756/001185
[I](2022-05-14  10:03:08 am)작업중 Single Block Stop [d:261][t:13:48:47]
[I](2022-05-14  10:05:41 am)Reset
[I](2022-05-14  10:05:57 am)Reset
[I](2022-05-14  10:06:13 am)Reset
[I](2022-05-14  10:06:23 am)작업 시작 [Start d:300]
[I](2022-05-14  10:06:23 am)Nc File: [No.0005-389.NC]
[I](2022-05-14  10:06:23 am)  * Start Machine Position
[I](2022-05-14  10:06:23 am)    X:    142.6052
[I](2022-05-14  10:06:23 am)    Y:   -388.2487
[I](2022-05-14  10:06:23 am)    U:      0.0000
[I](2022-05-14  10:06:23 am)    V:      0.0000
[I](2022-05-14  10:06:23 am)    Z:     26.3336
[I](2022-05-14  10:06:23 am)  * Angle
[I](2022-05-14  10:06:23 am)    Ar:     -0.1945,Kr:      0.0000
[I](2022-05-14  10:06:23 am)    Taper_Ar:      0.0000
[I](2022-05-14  10:06:38 am)작업중 정지 [d:0][t:00:00:14]
[I](2022-05-14  10:06:38 am)    [LNo:0005] 000010/001255
[I](2022-05-14  10:06:38 am)작업중 M코드정지 [d:0][t:00:00:14]
[I](2022-05-14  10:07:08 am)작업중 정지 [d:0][t:00:00:44]
[I](2022-05-14  10:07:08 am)    [LNo:0005] 000016/001255
[I](2022-05-14  10:07:51 am)작업중 정지 [d:0][t:00:01:27]
[I](2022-05-14  10:07:51 am)    [LNo:0005] 000682/001255
[I](2022-05-14  10:16:53 am)작업중 정지 [d:9][t:00:10:29]
[I](2022-05-14  10:16:53 am)    [LNo:0005] 000715/001255
[I](2022-05-14  10:16:53 am)작업중 M코드정지 [d:9][t:00:10:29]
[I](2022-05-14  10:33:11 am)작업중 정지 [d:23][t:00:26:47]
[I](2022-05-14  10:33:11 am)    [LNo:0005] 000788/001255
[I](2022-05-14  10:33:11 am)작업중 M코드정지 [d:23][t:00:26:47]
[I](2022-05-14  12:06:39 pm)작업중 정지 [d:95][t:02:00:15]
[I](2022-05-14  12:06:39 pm)    [LNo:0005] 001251/001255
[I](2022-05-14  12:06:39 pm)작업중 M코드정지 [d:95][t:02:00:15]
[I](2022-05-14  12:21:49 pm)Reset
[I](2022-05-14  12:22:35 pm)Reset
[I](2022-05-14  12:22:35 pm)Reset
[I](2022-05-14  12:23:24 pm)Reset
[I](2022-05-14  12:23:24 pm)Reset
[I](2022-05-14  12:33:27 pm)Reset
[I](2022-05-14  12:33:28 pm)Reset
[I](2022-05-14  12:33:54 pm)Reset
[I](2022-05-14  12:33:54 pm)Reset
[I](2022-05-14  12:33:57 pm)Reset
[I](2022-05-14  12:34:41 pm)작업 시작 [Start d:395]
[I](2022-05-14  12:34:41 pm)Nc File: [No.0001-366.NC]
[I](2022-05-14  12:34:41 pm)  * Start Machine Position
[I](2022-05-14  12:34:41 pm)    X:    215.5461
[I](2022-05-14  12:34:41 pm)    Y:   -336.9955
[I](2022-05-14  12:34:41 pm)    U:      0.0000
[I](2022-05-14  12:34:41 pm)    V:      0.0000
[I](2022-05-14  12:34:41 pm)    Z:     27.3664
[I](2022-05-14  12:34:41 pm)  * Angle
[I](2022-05-14  12:34:41 pm)    Ar:     -0.3547,Kr:      0.0000
[I](2022-05-14  12:34:41 pm)    Taper_Ar:      0.0000
[I](2022-05-14  12:34:52 pm)작업중 정지 [d:0][t:00:00:11]
[I](2022-05-14  12:34:52 pm)    [LNo:0001] 000010/000198
[I](2022-05-14  12:34:53 pm)작업중 M코드정지 [d:0][t:00:00:11]
[I](2022-05-14  12:35:27 pm)작업중 정지 [d:0][t:00:00:46]
[I](2022-05-14  12:35:27 pm)    [LNo:0001] 000013/000198
[A](2022-05-14  12:35:27 pm)[009] 자동결선 Error(M20-삽입실패)
[I](2022-05-14  01:44:31 pm)작업중 정지 [d:67][t:01:09:50]
[I](2022-05-14  01:44:31 pm)    [LNo:0001] 000042/000198
[I](2022-05-14  01:44:31 pm)작업중 M코드정지 [d:67][t:01:09:50]
[I](2022-05-14  01:44:52 pm)작업중 정지 [d:68][t:01:10:11]
[I](2022-05-14  01:44:52 pm)    [LNo:0001] 000046/000198
[I](2022-05-14  01:44:52 pm)작업중 M코드정지 [d:68][t:01:10:11]
[I](2022-05-14  02:46:28 pm)작업중 정지 [d:128][t:02:11:47]
[I](2022-05-14  02:46:28 pm)    [LNo:0001] 000106/000198
[I](2022-05-14  02:46:28 pm)작업중 M코드정지 [d:128][t:02:11:47]
[I](2022-05-14  02:46:44 pm)작업중 정지 [d:128][t:02:12:03]
[I](2022-05-14  02:46:44 pm)    [LNo:0001] 000108/000198
[I](2022-05-14  02:47:17 pm)작업 재시작
[I](2022-05-14  02:47:21 pm)작업중 정지 [d:128][t:02:12:40]
[I](2022-05-14  02:47:21 pm)    [LNo:0001] 000110/000198
[I](2022-05-14  02:47:21 pm)작업중 M코드정지 [d:128][t:02:12:40]
[I](2022-05-14  02:58:39 pm)작업중 정지 [d:139][t:02:23:57]
[I](2022-05-14  02:58:39 pm)    [LNo:0001] 000134/000198
[I](2022-05-14  02:58:39 pm)작업중 M코드정지 [d:139][t:02:23:58]
[I](2022-05-14  03:41:46 pm)작업중 정지 [d:179][t:03:07:05]
[I](2022-05-14  03:41:46 pm)    [LNo:0001] 000162/000198
[I](2022-05-14  03:41:46 pm)작업중 M코드정지 [d:179][t:03:07:05]
[I](2022-05-14  03:42:58 pm)작업중 정지 [d:179][t:03:08:17]
[I](2022-05-14  03:42:58 pm)    [LNo:0001] 000164/000198
[A](2022-05-14  03:43:20 pm)[091] Auto Door Sensor Abnormal
[I](2022-05-14  03:43:34 pm)작업 재시작
[I](2022-05-14  03:43:41 pm)작업중 정지 [d:179][t:03:09:00]
[I](2022-05-14  03:43:41 pm)    [LNo:0001] 000166/000198
[I](2022-05-14  03:43:41 pm)작업중 M코드정지 [d:179][t:03:09:00]
[I](2022-05-14  03:55:22 pm)작업중 정지 [d:190][t:03:20:41]
[I](2022-05-14  03:55:22 pm)    [LNo:0001] 000194/000198
[I](2022-05-14  03:55:23 pm)작업중 M코드정지 [d:190][t:03:20:41]
[I](2022-05-14  03:58:43 pm)Reset
[I](2022-05-14  03:58:47 pm)Reset
[I](2022-05-14  04:00:05 pm)Reset
[I](2022-05-14  04:19:30 pm)Reset
[I](2022-05-14  04:19:31 pm)Reset
[I](2022-05-14  04:22:45 pm)Reset
[I](2022-05-14  04:23:34 pm)작업 시작 [Start d:0]
[I](2022-05-14  04:23:34 pm)Nc File: [No.0001-388.NC]
[I](2022-05-14  04:23:34 pm)  * Start Machine Position
[I](2022-05-14  04:23:34 pm)    X:    132.8505
[I](2022-05-14  04:23:34 pm)    Y:   -365.3715
[I](2022-05-14  04:23:34 pm)    U:      0.0000
[I](2022-05-14  04:23:34 pm)    V:      0.0000
[I](2022-05-14  04:23:34 pm)    Z:     37.4694
[I](2022-05-14  04:23:34 pm)  * Angle
[I](2022-05-14  04:23:34 pm)    Ar:      0.3440,Kr:      0.0000
[I](2022-05-14  04:23:34 pm)    Taper_Ar:      0.0000
[I](2022-05-14  04:23:37 pm)작업중 정지 [d:0][t:00:00:02]
[I](2022-05-14  04:23:37 pm)    [LNo:0001] 000194/001400
[I](2022-05-14  04:24:03 pm)Reset
[I](2022-05-14  04:24:04 pm)Reset
[I](2022-05-14  04:24:17 pm)작업 시작 [Start d:0]
[I](2022-05-14  04:24:17 pm)Nc File: [No.0001-388.NC]
[I](2022-05-14  04:24:17 pm)  * Start Machine Position
[I](2022-05-14  04:24:17 pm)    X:    132.8505
[I](2022-05-14  04:24:17 pm)    Y:   -365.3715
[I](2022-05-14  04:24:17 pm)    U:      0.0000
[I](2022-05-14  04:24:17 pm)    V:      0.0000
[I](2022-05-14  04:24:17 pm)    Z:     37.4694
[I](2022-05-14  04:24:17 pm)  * Angle
[I](2022-05-14  04:24:17 pm)    Ar:      0.3440,Kr:      0.0000
[I](2022-05-14  04:24:17 pm)    Taper_Ar:      0.0000
[I](2022-05-14  04:24:28 pm)작업중 정지 [d:0][t:00:00:11]
[I](2022-05-14  04:24:28 pm)    [LNo:0001] 000324/001400
[A](2022-05-14  04:25:03 pm)[091] Auto Door Sensor Abnormal
[I](2022-05-14  04:26:06 pm)작업중 정지 [d:0][t:00:01:49]
[I](2022-05-14  04:26:06 pm)    [LNo:0001] 000801/001400
[I](2022-05-14  04:27:19 pm)작업중 정지 [d:0][t:00:03:02]
[I](2022-05-14  04:27:19 pm)    [LNo:0001] 000483/001400
[I](2022-05-14  04:28:27 pm)Reset
[I](2022-05-14  04:28:27 pm)Reset
[I](2022-05-14  04:29:31 pm)작업 시작 [Start d:0]
[I](2022-05-14  04:29:31 pm)Nc File: [No.0001-388.NC]
[I](2022-05-14  04:29:31 pm)  * Start Machine Position
[I](2022-05-14  04:29:31 pm)    X:    132.8505
[I](2022-05-14  04:29:31 pm)    Y:   -365.3715
[I](2022-05-14  04:29:31 pm)    U:      0.0000
[I](2022-05-14  04:29:31 pm)    V:      0.0000
[I](2022-05-14  04:29:31 pm)    Z:     37.4694
[I](2022-05-14  04:29:31 pm)  * Angle
[I](2022-05-14  04:29:31 pm)    Ar:      0.3440,Kr:      0.0000
[I](2022-05-14  04:29:31 pm)    Taper_Ar:      0.0000
[I](2022-05-14  04:53:16 pm)작업중 정지 [d:23][t:00:23:44]
[I](2022-05-14  04:53:16 pm)    [LNo:0001] 000080/001400
[I](2022-05-14  04:53:16 pm)작업중 30sec 접촉 정지 [d:23][t:00:23:44]
[I](2022-05-14  04:53:41 pm)작업 재시작
[I](2022-05-14  04:53:46 pm)작업중 정지 [d:23][t:00:24:14]
[I](2022-05-14  04:53:46 pm)    [LNo:0001] 000080/001400
[I](2022-05-14  04:53:46 pm)작업중 30sec 접촉 정지 [d:23][t:00:24:14]
[I](2022-05-14  04:54:23 pm)작업 재시작
[I](2022-05-14  08:43:39 pm)작업중 정지 [d:237][t:04:14:07]
[I](2022-05-14  08:43:39 pm)    [LNo:0001] 000879/001400
[I](2022-05-14  08:43:39 pm)작업중 30sec 접촉 정지 [d:237][t:04:14:07]
