[I](2022-04-26  10:11:17 am)작업중 정지 [d:951][t:16:05:50]
[I](2022-04-26  10:11:17 am)    [LNo:0001] 000250/000376
[A](2022-04-26  10:11:45 am)[084] Work Tank Fluid Sensor Abnormal
[A](2022-04-26  10:11:46 am)[084] Work Tank Fluid Sensor Abnormal
[A](2022-04-26  10:11:46 am)[084] Work Tank Fluid Sensor Abnormal
[I](2022-04-26  10:17:37 am)작업중 정지 [d:0][t:16:12:10]
[I](2022-04-26  10:17:37 am)    [LNo:0001] 000256/000376
[I](2022-04-26  04:43:47 pm)작업중 정지 [d:383][t:22:38:21]
[I](2022-04-26  04:43:47 pm)    [LNo:0001] 000365/000376
[A](2022-04-26  04:44:20 pm)[037] 자동결선 잔여 WIRE 처리 실패!!
[I](2022-04-26  04:47:24 pm)Reset
[I](2022-04-26  04:47:24 pm)Reset
[I](2022-04-26  04:48:43 pm)Reset
[I](2022-04-26  04:49:19 pm)Reset
[I](2022-04-26  04:49:58 pm)Reset
[I](2022-04-26  04:54:04 pm)Reset
[I](2022-04-26  04:54:08 pm)Reset
[A](2022-04-26  04:59:35 pm)[037] 자동결선 잔여 WIRE 처리 실패!!
[I](2022-04-26  05:00:04 pm)Reset
[I](2022-04-26  05:00:30 pm)작업 시작 [Start d:0]
[I](2022-04-26  05:00:30 pm)Nc File: [No.0001-458.NC]
[I](2022-04-26  05:00:30 pm)  * Start Machine Position
[I](2022-04-26  05:00:30 pm)    X:     81.6045
[I](2022-04-26  05:00:30 pm)    Y:   -362.4673
[I](2022-04-26  05:00:30 pm)    U:      0.0000
[I](2022-04-26  05:00:30 pm)    V:      0.0000
[I](2022-04-26  05:00:30 pm)    Z:     90.3532
[I](2022-04-26  05:00:30 pm)  * Angle
[I](2022-04-26  05:00:30 pm)    Ar:      0.0505,Kr:      0.0000
[I](2022-04-26  05:00:30 pm)    Taper_Ar:      0.0000
[I](2022-04-26  05:02:02 pm)작업중 정지 [d:0][t:00:01:31]
[I](2022-04-26  05:02:02 pm)    [LNo:0001] 000139/000259
[I](2022-04-26  05:02:57 pm)Reset
[I](2022-04-26  05:03:23 pm)Reset
[I](2022-04-26  05:03:23 pm)Reset
[I](2022-04-26  05:03:24 pm)Reset
[I](2022-04-26  05:03:40 pm)작업 시작 [Start d:0]
[I](2022-04-26  05:03:40 pm)Nc File: [No.0001-458.NC]
[I](2022-04-26  05:03:40 pm)  * Start Machine Position
[I](2022-04-26  05:03:40 pm)    X:     81.6045
[I](2022-04-26  05:03:40 pm)    Y:   -362.4673
[I](2022-04-26  05:03:40 pm)    U:      0.0000
[I](2022-04-26  05:03:40 pm)    V:      0.0000
[I](2022-04-26  05:03:40 pm)    Z:     90.3532
[I](2022-04-26  05:03:40 pm)  * Angle
[I](2022-04-26  05:03:40 pm)    Ar:      0.0505,Kr:      0.0000
[I](2022-04-26  05:03:40 pm)    Taper_Ar:      0.0000
