[I](2022-05-28  08:58:33 am)작업중 정지 [d:538][t:09:06:47]
[I](2022-05-28  08:58:33 am)    [LNo:0006] 000440/001681
[I](2022-05-28  08:58:33 am)작업중 M코드정지 [d:538][t:09:06:47]
[I](2022-05-28  08:59:04 am)작업중 정지 [d:538][t:09:07:18]
[I](2022-05-28  08:59:04 am)    [LNo:0006] 000445/001681
[I](2022-05-28  08:59:46 am)작업 재시작
[I](2022-05-28  09:00:10 am)작업중 정지 [d:538][t:09:08:24]
[I](2022-05-28  09:00:10 am)    [LNo:0006] 000445/001681
[I](2022-05-28  09:00:11 am)작업중 M코드정지 [d:538][t:09:08:24]
[I](2022-05-28  09:00:54 am)작업중 정지 [d:538][t:09:09:08]
[I](2022-05-28  09:00:54 am)    [LNo:0006] 001658/001681
[I](2022-05-28  09:13:24 am)작업중 정지 [d:549][t:09:21:38]
[I](2022-05-28  09:13:24 am)    [LNo:0006] 001669/001681
[I](2022-05-28  09:13:25 am)작업중 M코드정지 [d:549][t:09:21:38]
[I](2022-05-28  09:14:39 am)작업중 정지 [d:549][t:09:22:53]
[I](2022-05-28  09:14:39 am)    [LNo:0006] 001670/001681
[A](2022-05-28  09:14:39 am)[008] 작업중 단선(AWF Feed Motor Stop )
[I](2022-05-28  09:14:39 am)작업중 Wire 단선 [d:549][t:09:22:53]
[A](2022-05-28  09:15:12 am)[001] 와이어 미동작
[A](2022-05-28  09:15:12 am)[001] 와이어 미동작
[A](2022-05-28  09:15:13 am)[001] 와이어 미동작
[A](2022-05-28  09:15:13 am)[001] 와이어 미동작
[I](2022-05-28  09:16:05 am)작업 재시작
[I](2022-05-28  09:16:09 am)작업중 정지 [d:549][t:09:24:23]
[I](2022-05-28  09:16:09 am)    [LNo:0006] 001671/001681
[I](2022-05-28  09:16:09 am)작업중 M코드정지 [d:549][t:09:24:23]
[I](2022-05-28  09:16:14 am)작업중 정지 [d:549][t:09:24:28]
[I](2022-05-28  09:16:14 am)    [LNo:0006] 001674/001681
[I](2022-05-28  09:17:01 am)작업중 정지 [d:549][t:09:25:15]
[I](2022-05-28  09:17:01 am)    [LNo:0006] 000678/001681
[I](2022-05-28  09:17:10 am)작업중 정지 [d:549][t:09:25:23]
[I](2022-05-28  09:17:10 am)    [LNo:0006] 000681/001681
[I](2022-05-28  09:17:55 am)작업중 정지 [d:549][t:09:26:08]
[I](2022-05-28  09:17:55 am)    [LNo:0006] 000686/001681
[I](2022-05-28  09:17:55 am)작업중 30sec 접촉 정지 [d:549][t:09:26:09]
[I](2022-05-28  09:21:45 am)작업 재시작
[I](2022-05-28  09:21:54 am)작업중 정지 [d:549][t:09:30:08]
[I](2022-05-28  09:21:54 am)    [LNo:0006] 000686/001681
[I](2022-05-28  09:21:54 am)작업중 30sec 접촉 정지 [d:549][t:09:30:08]
[I](2022-05-28  09:22:38 am)작업 재시작
[I](2022-05-28  09:22:48 am)작업중 정지 [d:549][t:09:31:02]
[I](2022-05-28  09:22:48 am)    [LNo:0006] 000686/001681
[I](2022-05-28  09:22:48 am)작업중 30sec 접촉 정지 [d:549][t:09:31:02]
[I](2022-05-28  09:24:21 am)작업 재시작
[I](2022-05-28  09:25:18 am)작업중 정지 [d:550][t:09:33:32]
[I](2022-05-28  09:25:18 am)    [LNo:0006] 000691/001681
[I](2022-05-28  09:25:18 am)작업중 M코드정지 [d:550][t:09:33:32]
[I](2022-05-28  09:26:26 am)작업중 정지 [d:550][t:09:34:40]
[I](2022-05-28  09:26:26 am)    [LNo:0006] 000692/001681
[I](2022-05-28  09:26:26 am)Wire Contact Auto Stop(M52)
[I](2022-05-28  09:26:57 am)작업 재시작
[I](2022-05-28  09:29:26 am)작업중 정지 [d:551][t:09:37:39]
[I](2022-05-28  09:29:26 am)    [LNo:0006] 000713/001681
[I](2022-05-28  09:29:26 am)작업중 M코드정지 [d:551][t:09:37:39]
[I](2022-05-28  09:31:25 am)작업중 정지 [d:551][t:09:39:38]
[I](2022-05-28  09:31:25 am)    [LNo:0006] 000714/001681
[I](2022-05-28  09:31:25 am)Wire Contact Auto Stop(M52)
[I](2022-05-28  09:31:49 am)작업 재시작
[I](2022-05-28  09:34:18 am)작업중 정지 [d:552][t:09:42:32]
[I](2022-05-28  09:34:18 am)    [LNo:0006] 000735/001681
[I](2022-05-28  09:34:18 am)작업중 M코드정지 [d:552][t:09:42:32]
[I](2022-05-28  09:34:34 am)작업중 정지 [d:553][t:09:42:48]
[I](2022-05-28  09:34:34 am)    [LNo:0006] 000736/001681
[I](2022-05-28  09:34:34 am)Wire Contact Auto Stop(M52)
[I](2022-05-28  09:34:57 am)작업 재시작
[I](2022-05-28  09:37:30 am)작업중 정지 [d:555][t:09:45:44]
[I](2022-05-28  09:37:30 am)    [LNo:0006] 000758/001681
[I](2022-05-28  09:37:30 am)작업중 M코드정지 [d:555][t:09:45:44]
[I](2022-05-28  09:38:54 am)작업중 정지 [d:555][t:09:47:07]
[I](2022-05-28  09:38:54 am)    [LNo:0006] 000759/001681
[I](2022-05-28  09:38:54 am)Wire Contact Auto Stop(M52)
[I](2022-05-28  09:39:19 am)작업 재시작
[I](2022-05-28  09:44:35 am)작업중 정지 [d:559][t:09:52:49]
[I](2022-05-28  09:44:35 am)    [LNo:0006] 000779/001681
[I](2022-05-28  09:44:35 am)작업중 M코드정지 [d:559][t:09:52:49]
[I](2022-05-28  09:45:37 am)작업중 정지 [d:559][t:09:53:51]
[I](2022-05-28  09:45:37 am)    [LNo:0006] 000780/001681
[I](2022-05-28  09:45:37 am)Wire Contact Auto Stop(M52)
[I](2022-05-28  09:46:14 am)작업 재시작
[I](2022-05-28  09:48:35 am)작업중 정지 [d:561][t:09:56:49]
[I](2022-05-28  09:48:35 am)    [LNo:0006] 000802/001681
[I](2022-05-28  09:48:35 am)작업중 M코드정지 [d:561][t:09:56:49]
[I](2022-05-28  09:51:58 am)작업중 정지 [d:561][t:10:00:11]
[I](2022-05-28  09:51:58 am)    [LNo:0006] 000803/001681
[I](2022-05-28  09:51:58 am)Wire Contact Auto Stop(M52)
[I](2022-05-28  09:52:54 am)작업 재시작
[I](2022-05-28  09:55:10 am)작업중 정지 [d:562][t:10:03:24]
[I](2022-05-28  09:55:10 am)    [LNo:0006] 000824/001681
[I](2022-05-28  09:55:11 am)작업중 M코드정지 [d:562][t:10:03:24]
[I](2022-05-28  09:55:25 am)작업중 정지 [d:562][t:10:03:39]
[I](2022-05-28  09:55:25 am)    [LNo:0006] 000825/001681
[I](2022-05-28  09:55:26 am)Wire Contact Auto Stop(M52)
[I](2022-05-28  09:55:48 am)작업 재시작
[I](2022-05-28  09:55:55 am)작업중 정지 [d:562][t:10:04:09]
[I](2022-05-28  09:55:55 am)    [LNo:0006] 000828/001681
[I](2022-05-28  10:01:20 am)Reset
[I](2022-05-28  10:01:21 am)Reset
[I](2022-05-28  10:01:23 am)Reset
[I](2022-05-28  10:01:24 am)Reset
[I](2022-05-28  10:01:32 am)작업 시작 [Start d:0]
[I](2022-05-28  10:01:32 am)Nc File: [No.0007-267.NC]
[I](2022-05-28  10:01:32 am)  * Start Machine Position
[I](2022-05-28  10:01:32 am)    X:    144.0312
[I](2022-05-28  10:01:32 am)    Y:   -303.1445
[I](2022-05-28  10:01:32 am)    U:      0.0000
[I](2022-05-28  10:01:32 am)    V:      0.0000
[I](2022-05-28  10:01:32 am)    Z:     30.4765
[I](2022-05-28  10:01:32 am)  * Angle
[I](2022-05-28  10:01:32 am)    Ar:     -0.5872,Kr:      0.0000
[I](2022-05-28  10:01:32 am)    Taper_Ar:      0.0000
[I](2022-05-28  10:01:51 am)작업중 정지 [d:0][t:00:00:19]
[I](2022-05-28  10:01:51 am)    [LNo:0007] 000010/001574
[I](2022-05-28  10:01:51 am)작업중 M코드정지 [d:0][t:00:00:19]
[I](2022-05-28  10:17:37 am)작업중 정지 [d:14][t:00:16:04]
[I](2022-05-28  10:17:37 am)    [LNo:0007] 000034/001574
[I](2022-05-28  10:17:37 am)작업중 M코드정지 [d:14][t:00:16:04]
[I](2022-05-28  10:17:45 am)작업중 정지 [d:14][t:00:16:13]
[I](2022-05-28  10:17:45 am)    [LNo:0007] 000037/001574
[I](2022-05-28  10:17:45 am)Wire Contact Auto Stop(M52)
[I](2022-05-28  10:18:18 am)작업 재시작
[I](2022-05-28  10:18:19 am)작업중 정지 [d:14][t:00:16:47]
[I](2022-05-28  10:18:19 am)    [LNo:0007] 000038/001574
[I](2022-05-28  10:18:19 am)작업중 M코드정지 [d:14][t:00:16:47]
[I](2022-05-28  10:32:52 am)작업중 정지 [d:27][t:00:31:19]
[I](2022-05-28  10:32:52 am)    [LNo:0007] 000068/001574
[I](2022-05-28  10:32:52 am)작업중 M코드정지 [d:27][t:00:31:19]
[I](2022-05-28  10:33:14 am)작업중 정지 [d:27][t:00:31:41]
[I](2022-05-28  10:33:14 am)    [LNo:0007] 000072/001574
[I](2022-05-28  10:33:14 am)작업중 M코드정지 [d:27][t:00:31:41]
[I](2022-05-28  10:48:22 am)작업중 정지 [d:40][t:00:46:50]
[I](2022-05-28  10:48:22 am)    [LNo:0007] 000102/001574
[I](2022-05-28  10:48:22 am)작업중 M코드정지 [d:40][t:00:46:50]
[I](2022-05-28  10:48:39 am)작업중 정지 [d:40][t:00:47:06]
[I](2022-05-28  10:48:39 am)    [LNo:0007] 000106/001574
[I](2022-05-28  10:48:39 am)작업중 M코드정지 [d:40][t:00:47:06]
[I](2022-05-28  10:51:03 am)작업중 정지 [d:40][t:00:49:30]
[I](2022-05-28  10:51:03 am)    [LNo:0007] 000123/001574
[A](2022-05-28  10:51:03 am)[008] 작업중 단선(AWF Feed Motor Stop )
[I](2022-05-28  10:51:03 am)작업중 Wire 단선 [d:40][t:00:49:30]
[I](2022-05-28  10:52:13 am)작업 재시작
[I](2022-05-28  11:05:21 am)작업중 정지 [d:53][t:01:03:48]
[I](2022-05-28  11:05:21 am)    [LNo:0007] 000136/001574
[I](2022-05-28  11:05:21 am)작업중 M코드정지 [d:53][t:01:03:49]
[I](2022-05-28  11:05:43 am)작업중 정지 [d:53][t:01:04:11]
[I](2022-05-28  11:05:43 am)    [LNo:0007] 000138/001574
[I](2022-05-28  11:06:16 am)작업 재시작
[I](2022-05-28  11:06:19 am)작업중 정지 [d:53][t:01:04:46]
[I](2022-05-28  11:06:19 am)    [LNo:0007] 000140/001574
[I](2022-05-28  11:06:19 am)작업중 M코드정지 [d:53][t:01:04:46]
[I](2022-05-28  11:21:54 am)작업중 정지 [d:66][t:01:20:21]
[I](2022-05-28  11:21:54 am)    [LNo:0007] 000170/001574
[I](2022-05-28  11:21:54 am)작업중 M코드정지 [d:66][t:01:20:21]
[I](2022-05-28  11:22:21 am)작업중 정지 [d:66][t:01:20:48]
[I](2022-05-28  11:22:21 am)    [LNo:0007] 000174/001574
[I](2022-05-28  11:22:21 am)작업중 M코드정지 [d:66][t:01:20:48]
[I](2022-05-28  11:38:14 am)작업중 정지 [d:80][t:01:36:41]
[I](2022-05-28  11:38:14 am)    [LNo:0007] 000204/001574
[I](2022-05-28  11:38:14 am)작업중 M코드정지 [d:80][t:01:36:41]
[I](2022-05-28  11:40:21 am)작업중 정지 [d:80][t:01:38:49]
[I](2022-05-28  11:40:21 am)    [LNo:0007] 000206/001574
[I](2022-05-28  11:40:54 am)작업 재시작
[I](2022-05-28  11:40:56 am)작업중 정지 [d:80][t:01:39:23]
[I](2022-05-28  11:40:56 am)    [LNo:0007] 000208/001574
[I](2022-05-28  11:40:56 am)작업중 M코드정지 [d:80][t:01:39:23]
[I](2022-05-28  11:41:39 am)작업중 정지 [d:80][t:01:40:06]
[I](2022-05-28  11:41:39 am)    [LNo:0007] 000211/001574
[I](2022-05-28  11:41:39 am)작업중 Single Block Stop [d:80][t:01:40:06]
[I](2022-05-28  11:41:48 am)작업중 정지 [d:80][t:01:40:16]
[I](2022-05-28  11:41:48 am)    [LNo:0007] 000252/001574
[I](2022-05-28  12:00:51 pm)작업중 정지 [d:99][t:01:59:19]
[I](2022-05-28  12:00:51 pm)    [LNo:0007] 000276/001574
[I](2022-05-28  12:00:51 pm)작업중 M코드정지 [d:99][t:01:59:19]
[I](2022-05-28  12:01:06 pm)작업중 정지 [d:99][t:01:59:33]
[I](2022-05-28  12:01:06 pm)    [LNo:0007] 000277/001574
[I](2022-05-28  12:01:44 pm)작업 재시작
[I](2022-05-28  12:01:51 pm)작업중 정지 [d:99][t:02:00:19]
[I](2022-05-28  12:01:51 pm)    [LNo:0007] 000278/001574
[I](2022-05-28  12:01:51 pm)작업중 M코드정지 [d:99][t:02:00:19]
[I](2022-05-28  12:02:51 pm)작업중 정지 [d:99][t:02:01:19]
[I](2022-05-28  12:02:51 pm)    [LNo:0007] 000284/001574
[I](2022-05-28  12:02:51 pm)작업중 M코드정지 [d:99][t:02:01:19]
[I](2022-05-28  12:03:28 pm)작업중 정지 [d:99][t:02:01:55]
[I](2022-05-28  12:03:28 pm)    [LNo:0007] 000579/001574
[I](2022-05-28  12:25:29 pm)작업중 정지 [d:121][t:02:23:56]
[I](2022-05-28  12:25:29 pm)    [LNo:0007] 000603/001574
[I](2022-05-28  12:25:29 pm)작업중 M코드정지 [d:121][t:02:23:56]
[I](2022-05-28  12:25:47 pm)작업중 정지 [d:121][t:02:24:15]
[I](2022-05-28  12:25:47 pm)    [LNo:0007] 000605/001574
[I](2022-05-28  12:26:17 pm)작업 재시작
[I](2022-05-28  12:26:21 pm)작업중 정지 [d:121][t:02:24:48]
[I](2022-05-28  12:26:21 pm)    [LNo:0007] 000607/001574
[I](2022-05-28  12:26:21 pm)작업중 M코드정지 [d:121][t:02:24:48]
[I](2022-05-28  12:44:56 pm)작업중 정지 [d:138][t:02:43:23]
[I](2022-05-28  12:44:56 pm)    [LNo:0007] 000639/001574
[I](2022-05-28  12:44:56 pm)작업중 M코드정지 [d:138][t:02:43:23]
[I](2022-05-28  12:45:20 pm)작업중 정지 [d:138][t:02:43:47]
[I](2022-05-28  12:45:20 pm)    [LNo:0007] 000641/001574
[I](2022-05-28  12:45:50 pm)작업 재시작
[I](2022-05-28  12:45:54 pm)작업중 정지 [d:138][t:02:44:22]
[I](2022-05-28  12:45:54 pm)    [LNo:0007] 000643/001574
[I](2022-05-28  12:45:54 pm)작업중 M코드정지 [d:138][t:02:44:22]
[I](2022-05-28  01:27:41 pm)작업중 정지 [d:179][t:03:26:08]
[I](2022-05-28  01:27:41 pm)    [LNo:0007] 000672/001574
[I](2022-05-28  01:27:41 pm)작업중 M코드정지 [d:179][t:03:26:08]
[I](2022-05-28  01:27:58 pm)작업중 정지 [d:179][t:03:26:26]
[I](2022-05-28  01:27:58 pm)    [LNo:0007] 000673/001574
[I](2022-05-28  01:28:31 pm)작업 재시작
[I](2022-05-28  01:28:34 pm)작업중 정지 [d:179][t:03:27:02]
[I](2022-05-28  01:28:34 pm)    [LNo:0007] 000675/001574
[I](2022-05-28  01:28:34 pm)작업중 M코드정지 [d:179][t:03:27:02]
[I](2022-05-28  01:47:23 pm)작업중 정지 [d:196][t:03:45:50]
[I](2022-05-28  01:47:23 pm)    [LNo:0007] 000707/001574
[I](2022-05-28  01:47:23 pm)작업중 M코드정지 [d:196][t:03:45:50]
[I](2022-05-28  01:48:03 pm)작업중 정지 [d:196][t:03:46:31]
[I](2022-05-28  01:48:03 pm)    [LNo:0007] 000709/001574
[I](2022-05-28  01:48:04 pm)작업중 M코드정지 [d:196][t:03:46:31]
[I](2022-05-28  01:48:15 pm)작업중 정지 [d:196][t:03:46:43]
[I](2022-05-28  01:48:15 pm)    [LNo:0007] 000711/001574
[I](2022-05-28  01:48:15 pm)작업중 M코드정지 [d:196][t:03:46:43]
[I](2022-05-28  02:05:42 pm)작업중 정지 [d:209][t:04:04:09]
[I](2022-05-28  02:05:42 pm)    [LNo:0007] 000734/001574
[I](2022-05-28  02:05:42 pm)작업중 M코드정지 [d:209][t:04:04:09]
[I](2022-05-28  02:06:00 pm)작업중 정지 [d:209][t:04:04:27]
[I](2022-05-28  02:06:00 pm)    [LNo:0007] 000737/001574
[I](2022-05-28  02:06:00 pm)작업중 M코드정지 [d:209][t:04:04:27]
[I](2022-05-28  02:26:34 pm)작업중 정지 [d:228][t:04:25:01]
[I](2022-05-28  02:26:34 pm)    [LNo:0007] 000762/001574
[I](2022-05-28  02:26:34 pm)작업중 M코드정지 [d:228][t:04:25:01]
[I](2022-05-28  02:27:05 pm)작업중 정지 [d:228][t:04:25:32]
[I](2022-05-28  02:27:05 pm)    [LNo:0007] 000765/001574
[I](2022-05-28  02:27:05 pm)작업중 M코드정지 [d:228][t:04:25:32]
[I](2022-05-28  02:48:24 pm)작업중 정지 [d:247][t:04:46:51]
[I](2022-05-28  02:48:24 pm)    [LNo:0007] 000790/001574
[I](2022-05-28  02:48:24 pm)작업중 M코드정지 [d:247][t:04:46:52]
[I](2022-05-28  02:52:08 pm)작업중 정지 [d:247][t:04:50:36]
[I](2022-05-28  02:52:08 pm)    [LNo:0007] 000791/001574
[I](2022-05-28  02:52:39 pm)작업 재시작
[I](2022-05-28  02:52:43 pm)작업중 정지 [d:247][t:04:51:11]
[I](2022-05-28  02:52:43 pm)    [LNo:0007] 000793/001574
[I](2022-05-28  02:52:43 pm)작업중 M코드정지 [d:247][t:04:51:11]
[I](2022-05-28  03:07:48 pm)작업중 정지 [d:260][t:05:06:16]
[I](2022-05-28  03:07:48 pm)    [LNo:0007] 000818/001574
[I](2022-05-28  03:07:48 pm)작업중 M코드정지 [d:260][t:05:06:16]
[I](2022-05-28  03:21:13 pm)작업중 정지 [d:260][t:05:19:40]
[I](2022-05-28  03:21:13 pm)    [LNo:0007] 000819/001574
[I](2022-05-28  03:21:58 pm)작업 재시작
[I](2022-05-28  03:22:03 pm)작업중 정지 [d:260][t:05:20:30]
[I](2022-05-28  03:22:03 pm)    [LNo:0007] 000821/001574
[I](2022-05-28  03:22:03 pm)작업중 M코드정지 [d:260][t:05:20:30]
[I](2022-05-28  03:26:13 pm)작업중 정지 [d:262][t:05:24:40]
[I](2022-05-28  03:26:13 pm)    [LNo:0007] 000840/001574
[I](2022-05-28  03:26:13 pm)작업중 30sec 접촉 정지 [d:262][t:05:24:40]
[I](2022-05-28  03:28:49 pm)작업 재시작
[I](2022-05-28  03:46:55 pm)작업중 정지 [d:280][t:05:45:23]
[I](2022-05-28  03:46:55 pm)    [LNo:0007] 000846/001574
[I](2022-05-28  03:46:55 pm)작업중 M코드정지 [d:280][t:05:45:23]
[I](2022-05-28  03:51:21 pm)작업중 정지 [d:280][t:05:49:48]
[I](2022-05-28  03:51:21 pm)    [LNo:0007] 000847/001574
[I](2022-05-28  03:51:49 pm)작업 재시작
[I](2022-05-28  03:51:55 pm)작업중 정지 [d:280][t:05:50:22]
[I](2022-05-28  03:51:55 pm)    [LNo:0007] 000849/001574
[I](2022-05-28  03:51:55 pm)작업중 M코드정지 [d:280][t:05:50:22]
[I](2022-05-28  04:13:55 pm)작업중 정지 [d:301][t:06:12:22]
[I](2022-05-28  04:13:55 pm)    [LNo:0007] 000874/001574
[I](2022-05-28  04:13:55 pm)작업중 M코드정지 [d:301][t:06:12:22]
[I](2022-05-28  04:14:23 pm)작업중 정지 [d:301][t:06:12:51]
[I](2022-05-28  04:14:23 pm)    [LNo:0007] 000875/001574
[I](2022-05-28  04:14:52 pm)작업 재시작
[I](2022-05-28  04:14:56 pm)작업중 정지 [d:301][t:06:13:23]
[I](2022-05-28  04:14:56 pm)    [LNo:0007] 000877/001574
[I](2022-05-28  04:14:56 pm)작업중 M코드정지 [d:301][t:06:13:23]
[I](2022-05-28  04:15:46 pm)작업중 정지 [d:301][t:06:14:13]
[I](2022-05-28  04:15:46 pm)    [LNo:0007] 000883/001574
[I](2022-05-28  04:15:46 pm)작업중 M코드정지 [d:301][t:06:14:13]
[I](2022-05-28  04:21:20 pm)작업중 정지 [d:305][t:06:19:48]
[I](2022-05-28  04:21:20 pm)    [LNo:0007] 000909/001574
[I](2022-05-28  04:21:21 pm)작업중 Single Block Stop [d:305][t:06:19:48]
[I](2022-05-28  05:05:31 pm)작업중 정지 [d:344][t:07:03:59]
[I](2022-05-28  05:05:31 pm)    [LNo:0007] 001063/001574
[I](2022-05-28  05:05:31 pm)작업중 M코드정지 [d:344][t:07:03:59]
[I](2022-05-28  05:08:17 pm)Reset
[I](2022-05-28  05:08:18 pm)Reset
[I](2022-05-28  05:09:02 pm)Reset
[I](2022-05-28  05:09:03 pm)Reset
[I](2022-05-28  05:09:15 pm)작업 시작 [Start d:344]
[I](2022-05-28  05:09:15 pm)Nc File: [No.0005-305.NC]
[I](2022-05-28  05:09:15 pm)  * Start Machine Position
[I](2022-05-28  05:09:15 pm)    X:    144.0312
[I](2022-05-28  05:09:15 pm)    Y:   -303.1445
[I](2022-05-28  05:09:15 pm)    U:      0.0000
[I](2022-05-28  05:09:15 pm)    V:      0.0000
[I](2022-05-28  05:09:15 pm)    Z:     35.4765
[I](2022-05-28  05:09:15 pm)  * Angle
[I](2022-05-28  05:09:15 pm)    Ar:     -0.5872,Kr:      0.0000
[I](2022-05-28  05:09:15 pm)    Taper_Ar:      0.0000
[I](2022-05-28  05:09:15 pm)작업중 정지 [d:0][t:00:00:00]
[I](2022-05-28  05:09:15 pm)    [LNo:0005] 000006/000802
[I](2022-05-28  05:09:22 pm)Reset
[I](2022-05-28  05:19:35 pm)Reset
[I](2022-05-28  05:20:50 pm)작업 시작 [Start d:344]
[I](2022-05-28  05:20:50 pm)Nc File: [No.0006-306.NC]
[I](2022-05-28  05:20:50 pm)  * Start Machine Position
[I](2022-05-28  05:20:50 pm)    X:    144.0312
[I](2022-05-28  05:20:50 pm)    Y:   -303.1445
[I](2022-05-28  05:20:50 pm)    U:      0.0000
[I](2022-05-28  05:20:50 pm)    V:      0.0000
[I](2022-05-28  05:20:50 pm)    Z:     35.4765
[I](2022-05-28  05:20:50 pm)  * Angle
[I](2022-05-28  05:20:50 pm)    Ar:     -0.5872,Kr:      0.0000
[I](2022-05-28  05:20:50 pm)    Taper_Ar:      0.0000
[I](2022-05-28  05:21:15 pm)작업중 정지 [d:0][t:00:00:24]
[I](2022-05-28  05:21:15 pm)    [LNo:0006] 000964/001574
[I](2022-05-28  05:21:19 pm)작업중 정지 [d:0][t:00:00:29]
[I](2022-05-28  05:21:19 pm)    [LNo:0006] 000967/001574
[I](2022-05-28  05:24:57 pm)작업중 정지 [d:3][t:00:04:07]
[I](2022-05-28  05:24:57 pm)    [LNo:0006] 000985/001574
[I](2022-05-28  05:24:57 pm)작업중 M코드정지 [d:3][t:00:04:07]
[I](2022-05-28  05:25:34 pm)작업중 정지 [d:3][t:00:04:44]
[I](2022-05-28  05:25:34 pm)    [LNo:0006] 000988/001574
[I](2022-05-28  05:25:34 pm)작업중 M코드정지 [d:3][t:00:04:44]
[I](2022-05-28  05:25:53 pm)작업중 정지 [d:3][t:00:05:03]
[I](2022-05-28  05:25:53 pm)    [LNo:0006] 001013/001574
[I](2022-05-28  06:24:10 pm)작업중 정지 [d:60][t:01:03:20]
[I](2022-05-28  06:24:10 pm)    [LNo:0006] 001175/001574
[I](2022-05-28  06:24:10 pm)작업중 M코드정지 [d:60][t:01:03:20]
[I](2022-05-28  07:59:43 pm)작업중 정지 [d:135][t:02:38:52]
[I](2022-05-28  07:59:43 pm)    [LNo:0006] 001570/001574
[I](2022-05-28  07:59:43 pm)작업중 M코드정지 [d:135][t:02:38:53]
[I](2022-05-28  08:18:42 pm)Reset
[I](2022-05-28  08:18:42 pm)Reset
[I](2022-05-28  08:19:02 pm)작업 시작 [Start d:479]
[I](2022-05-28  08:19:02 pm)Nc File: [No.0006-306.NC]
[I](2022-05-28  08:19:02 pm)  * Start Machine Position
[I](2022-05-28  08:19:02 pm)    X:    144.0312
[I](2022-05-28  08:19:02 pm)    Y:   -303.1445
[I](2022-05-28  08:19:02 pm)    U:      0.0000
[I](2022-05-28  08:19:02 pm)    V:      0.0000
[I](2022-05-28  08:19:02 pm)    Z:     35.4765
[I](2022-05-28  08:19:02 pm)  * Angle
[I](2022-05-28  08:19:02 pm)    Ar:     -0.5872,Kr:      0.0000
[I](2022-05-28  08:19:02 pm)    Taper_Ar:      0.0000
[I](2022-05-28  08:19:31 pm)작업중 정지 [d:0][t:00:00:28]
[I](2022-05-28  08:19:31 pm)    [LNo:0006] 001401/001574
[I](2022-05-28  08:26:22 pm)작업중 정지 [d:6][t:00:07:19]
[I](2022-05-28  08:26:22 pm)    [LNo:0006] 001435/001574
[I](2022-05-28  08:26:22 pm)작업중 M코드정지 [d:6][t:00:07:19]
[I](2022-05-28  08:35:36 pm)작업중 정지 [d:12][t:00:16:33]
[I](2022-05-28  08:35:36 pm)    [LNo:0006] 001475/001574
[I](2022-05-28  08:35:36 pm)작업중 M코드정지 [d:12][t:00:16:33]
[I](2022-05-28  08:36:06 pm)작업중 정지 [d:12][t:00:17:03]
[I](2022-05-28  08:36:06 pm)    [LNo:0006] 001498/001574
[I](2022-05-28  08:51:19 pm)작업중 정지 [d:24][t:00:32:16]
[I](2022-05-28  08:51:19 pm)    [LNo:0006] 001570/001574
[I](2022-05-28  08:51:19 pm)작업중 M코드정지 [d:24][t:00:32:16]
[I](2022-05-28  08:55:25 pm)Reset
[I](2022-05-28  08:55:25 pm)Reset
[I](2022-05-28  09:07:26 pm)Reset
[I](2022-05-28  09:07:26 pm)Reset
[I](2022-05-28  09:07:31 pm)Reset
[I](2022-05-28  09:07:31 pm)Reset
[I](2022-05-28  09:08:01 pm)Reset
[I](2022-05-28  09:08:01 pm)Reset
[I](2022-05-28  09:09:16 pm)Reset
[I](2022-05-28  09:09:16 pm)Reset
[I](2022-05-28  09:09:21 pm)Reset
[I](2022-05-28  09:10:00 pm)Reset
[I](2022-05-28  09:10:01 pm)Reset
[I](2022-05-28  09:13:44 pm)Reset
[I](2022-05-28  09:16:58 pm)Reset
[I](2022-05-28  09:18:57 pm)작업 시작 [Start d:503]
[I](2022-05-28  09:18:57 pm)Nc File: [No.0003-309.NC]
[I](2022-05-28  09:18:57 pm)  * Start Machine Position
[I](2022-05-28  09:18:57 pm)    X:    242.0336
[I](2022-05-28  09:18:57 pm)    Y:   -305.0390
[I](2022-05-28  09:18:57 pm)    U:      0.0000
[I](2022-05-28  09:18:57 pm)    V:      0.0000
[I](2022-05-28  09:18:57 pm)    Z:     30.4755
[I](2022-05-28  09:18:57 pm)  * Angle
[I](2022-05-28  09:18:57 pm)    Ar:     -0.1006,Kr:      0.0000
[I](2022-05-28  09:18:57 pm)    Taper_Ar:      0.0000
[I](2022-05-28  09:19:15 pm)작업중 정지 [d:0][t:00:00:18]
[I](2022-05-28  09:19:15 pm)    [LNo:0003] 000564/001639
[I](2022-05-28  09:19:18 pm)작업중 정지 [d:0][t:00:00:20]
[I](2022-05-28  09:19:18 pm)    [LNo:0003] 000565/001639
[I](2022-05-28  09:19:56 pm)Reset
[I](2022-05-28  09:19:56 pm)Reset
[I](2022-05-28  09:20:32 pm)작업 시작 [Start d:503]
[I](2022-05-28  09:20:32 pm)Nc File: [No.0002-310.NC]
[I](2022-05-28  09:20:32 pm)  * Start Machine Position
[I](2022-05-28  09:20:32 pm)    X:    242.0336
[I](2022-05-28  09:20:32 pm)    Y:   -305.0390
[I](2022-05-28  09:20:32 pm)    U:      0.0000
[I](2022-05-28  09:20:32 pm)    V:      0.0000
[I](2022-05-28  09:20:32 pm)    Z:     30.4755
[I](2022-05-28  09:20:32 pm)  * Angle
[I](2022-05-28  09:20:32 pm)    Ar:     -0.1006,Kr:      0.0000
[I](2022-05-28  09:20:32 pm)    Taper_Ar:      0.0000
[I](2022-05-28  09:20:56 pm)작업중 정지 [d:0][t:00:00:23]
[I](2022-05-28  09:20:56 pm)    [LNo:0002] 000602/001831
[I](2022-05-28  09:21:00 pm)작업중 정지 [d:0][t:00:00:27]
[I](2022-05-28  09:21:00 pm)    [LNo:0002] 000605/001831
[I](2022-05-28  09:22:11 pm)작업중 정지 [d:0][t:00:01:39]
[I](2022-05-28  09:22:11 pm)    [LNo:0002] 000625/001831
[I](2022-05-28  09:23:34 pm)작업중 정지 [d:0][t:00:03:01]
[I](2022-05-28  09:23:34 pm)    [LNo:0002] 000628/001831
[I](2022-05-28  09:25:13 pm)작업중 정지 [d:0][t:00:04:41]
[I](2022-05-28  09:25:13 pm)    [LNo:0002] 000671/001831
[I](2022-05-28  09:27:48 pm)작업중 정지 [d:0][t:00:07:15]
[I](2022-05-28  09:27:48 pm)    [LNo:0002] 000694/001831
[I](2022-05-28  09:32:01 pm)Reset
[I](2022-05-28  09:32:02 pm)Reset
[I](2022-05-28  09:32:29 pm)작업 시작 [Start d:503]
[I](2022-05-28  09:32:29 pm)Nc File: [No.0001-291.NC]
[I](2022-05-28  09:32:29 pm)  * Start Machine Position
[I](2022-05-28  09:32:29 pm)    X:    242.0336
[I](2022-05-28  09:32:29 pm)    Y:   -305.0390
[I](2022-05-28  09:32:29 pm)    U:      0.0000
[I](2022-05-28  09:32:29 pm)    V:      0.0000
[I](2022-05-28  09:32:29 pm)    Z:     30.4755
[I](2022-05-28  09:32:29 pm)  * Angle
[I](2022-05-28  09:32:29 pm)    Ar:     -0.1006,Kr:      0.0000
[I](2022-05-28  09:32:29 pm)    Taper_Ar:      0.0000
[I](2022-05-28  09:32:34 pm)작업중 정지 [d:0][t:00:00:04]
[I](2022-05-28  09:32:34 pm)    [LNo:0001] 000010/000107
[I](2022-05-28  09:32:34 pm)작업중 M코드정지 [d:0][t:00:00:04]
[I](2022-05-28  09:47:53 pm)작업중 정지 [d:-489][t:00:15:23]
[I](2022-05-28  09:47:53 pm)    [LNo:0001] 000030/000107
[I](2022-05-28  09:47:53 pm)작업중 M코드정지 [d:-489][t:00:15:23]
[I](2022-05-28  09:48:31 pm)작업중 정지 [d:-488][t:00:16:01]
[I](2022-05-28  09:48:31 pm)    [LNo:0001] 000033/000107
[I](2022-05-28  09:48:31 pm)작업중 M코드정지 [d:-488][t:00:16:01]
[I](2022-05-28  10:04:51 pm)작업중 정지 [d:-473][t:00:32:22]
[I](2022-05-28  10:04:51 pm)    [LNo:0001] 000076/000107
[I](2022-05-28  10:04:51 pm)작업중 M코드정지 [d:-473][t:00:32:22]
[I](2022-05-28  10:05:04 pm)작업중 정지 [d:-473][t:00:32:34]
[I](2022-05-28  10:05:04 pm)    [LNo:0001] 000079/000107
[I](2022-05-28  10:05:04 pm)작업중 M코드정지 [d:-473][t:00:32:34]
[I](2022-05-28  10:09:03 pm)작업중 정지 [d:-470][t:00:36:33]
[I](2022-05-28  10:09:03 pm)    [LNo:0001] 000103/000107
[I](2022-05-28  10:09:03 pm)작업중 M코드정지 [d:-470][t:00:36:33]
[I](2022-05-28  10:09:52 pm)Reset
[I](2022-05-28  10:09:52 pm)Reset
[I](2022-05-28  10:10:16 pm)Reset
[I](2022-05-28  10:10:39 pm)작업 시작 [Start d:33]
[I](2022-05-28  10:10:39 pm)Nc File: [No.0002-310.NC]
[I](2022-05-28  10:10:39 pm)  * Start Machine Position
[I](2022-05-28  10:10:39 pm)    X:    242.0336
[I](2022-05-28  10:10:39 pm)    Y:   -305.0390
[I](2022-05-28  10:10:39 pm)    U:      0.0000
[I](2022-05-28  10:10:39 pm)    V:      0.0000
[I](2022-05-28  10:10:39 pm)    Z:     30.4755
[I](2022-05-28  10:10:39 pm)  * Angle
[I](2022-05-28  10:10:39 pm)    Ar:     -0.1006,Kr:      0.0000
[I](2022-05-28  10:10:39 pm)    Taper_Ar:      0.0000
