[I](2022-07-14  08:30:32 am)작업 재시작
[I](2022-07-14  08:31:01 am)작업중 정지 [d:181][t:12:51:06]
[I](2022-07-14  08:31:01 am)    [LNo:0003] 000201/001799
[I](2022-07-14  08:31:01 am)작업중 M코드정지 [d:181][t:12:51:06]
[I](2022-07-14  08:31:56 am)작업중 정지 [d:181][t:12:52:01]
[I](2022-07-14  08:31:56 am)    [LNo:0003] 001603/001799
[I](2022-07-14  08:33:10 am)작업중 정지 [d:181][t:12:53:16]
[I](2022-07-14  08:33:10 am)    [LNo:0003] 001615/001799
[I](2022-07-14  08:33:10 am)작업중 M코드정지 [d:181][t:12:53:16]
[I](2022-07-14  08:33:12 am)작업중 정지 [d:181][t:12:53:17]
[I](2022-07-14  08:33:12 am)    [LNo:0003] 001617/001799
[I](2022-07-14  08:33:12 am)작업중 M코드정지 [d:181][t:12:53:17]
[I](2022-07-14  08:33:24 am)작업중 정지 [d:181][t:12:53:29]
[I](2022-07-14  08:33:24 am)    [LNo:0003] 001637/001799
[I](2022-07-14  08:33:24 am)작업중 M코드정지 [d:181][t:12:53:29]
[I](2022-07-14  08:35:04 am)Reset
[I](2022-07-14  08:35:05 am)Reset
[I](2022-07-14  08:37:28 am)Reset
[I](2022-07-14  08:37:28 am)Reset
[I](2022-07-14  08:37:53 am)작업 시작 [Start d:217]
[I](2022-07-14  08:37:53 am)Nc File: [No.0005-338.NC]
[I](2022-07-14  08:37:53 am)  * Start Machine Position
[I](2022-07-14  08:37:53 am)    X:    454.4387
[I](2022-07-14  08:37:53 am)    Y:   -253.7295
[I](2022-07-14  08:37:53 am)    U:      0.0000
[I](2022-07-14  08:37:53 am)    V:      0.0000
[I](2022-07-14  08:37:53 am)    Z:     70.5753
[I](2022-07-14  08:37:53 am)  * Angle
[I](2022-07-14  08:37:53 am)    Ar:     -0.3238,Kr:      0.0000
[I](2022-07-14  08:37:53 am)    Taper_Ar:      0.0000
[I](2022-07-14  08:38:00 am)작업중 정지 [d:0][t:00:00:07]
[I](2022-07-14  08:38:00 am)    [LNo:0005] 000152/000199
[I](2022-07-14  08:38:03 am)작업중 정지 [d:0][t:00:00:10]
[I](2022-07-14  08:38:03 am)    [LNo:0005] 000155/000199
[I](2022-07-14  08:40:30 am)작업중 정지 [d:1][t:00:02:37]
[I](2022-07-14  08:40:30 am)    [LNo:0005] 000164/000199
[I](2022-07-14  08:40:30 am)작업중 M코드정지 [d:1][t:00:02:37]
[I](2022-07-14  08:41:15 am)작업중 정지 [d:1][t:00:03:22]
[I](2022-07-14  08:41:15 am)    [LNo:0005] 000165/000199
[I](2022-07-14  08:41:15 am)Wire Contact Auto Stop(M52)
[I](2022-07-14  08:41:39 am)작업 재시작
[I](2022-07-14  08:42:47 am)작업중 정지 [d:1][t:00:04:54]
[I](2022-07-14  08:42:47 am)    [LNo:0005] 000173/000199
[I](2022-07-14  08:42:47 am)작업중 M코드정지 [d:1][t:00:04:54]
[I](2022-07-14  08:51:31 am)작업중 정지 [d:9][t:00:13:38]
[I](2022-07-14  08:51:31 am)    [LNo:0005] 000187/000199
[I](2022-07-14  08:51:31 am)작업중 M코드정지 [d:9][t:00:13:38]
[I](2022-07-14  08:51:57 am)작업중 정지 [d:9][t:00:14:04]
[I](2022-07-14  08:51:57 am)    [LNo:0005] 000188/000199
[I](2022-07-14  08:51:57 am)Wire Contact Auto Stop(M52)
[I](2022-07-14  08:52:28 am)작업 재시작
[I](2022-07-14  08:52:29 am)작업중 정지 [d:9][t:00:14:36]
[I](2022-07-14  08:52:29 am)    [LNo:0005] 000189/000199
[I](2022-07-14  08:52:29 am)작업중 M코드정지 [d:9][t:00:14:36]
[I](2022-07-14  08:52:33 am)작업중 정지 [d:9][t:00:14:40]
[I](2022-07-14  08:52:33 am)    [LNo:0005] 000192/000199
[I](2022-07-14  08:53:54 am)Reset
[I](2022-07-14  08:53:54 am)Reset
[I](2022-07-14  08:54:20 am)작업 시작 [Start d:226]
[I](2022-07-14  08:54:20 am)Nc File: [No.0002-330.NC]
[I](2022-07-14  08:54:20 am)  * Start Machine Position
[I](2022-07-14  08:54:20 am)    X:    454.4387
[I](2022-07-14  08:54:20 am)    Y:   -253.7295
[I](2022-07-14  08:54:20 am)    U:      0.0000
[I](2022-07-14  08:54:20 am)    V:      0.0000
[I](2022-07-14  08:54:20 am)    Z:     70.5753
[I](2022-07-14  08:54:20 am)  * Angle
[I](2022-07-14  08:54:20 am)    Ar:     -0.3238,Kr:      0.0000
[I](2022-07-14  08:54:20 am)    Taper_Ar:      0.0000
[I](2022-07-14  08:54:26 am)작업중 정지 [d:0][t:00:00:06]
[I](2022-07-14  08:54:26 am)    [LNo:0002] 000248/001660
[I](2022-07-14  08:55:13 am)작업중 정지 [d:0][t:00:00:52]
[I](2022-07-14  08:55:13 am)    [LNo:0002] 000257/001660
[A](2022-07-14  08:55:13 am)[008] 작업중 단선(AWF Feed Motor Stop )
[I](2022-07-14  08:55:13 am)작업중 Wire 단선 [d:0][t:00:00:53]
[I](2022-07-14  08:56:22 am)작업 재시작
[I](2022-07-14  09:14:17 am)작업중 정지 [d:18][t:00:19:56]
[I](2022-07-14  09:14:17 am)    [LNo:0002] 000263/001660
[I](2022-07-14  09:14:17 am)작업중 M코드정지 [d:18][t:00:19:56]
[I](2022-07-14  09:16:03 am)작업중 정지 [d:19][t:00:21:42]
[I](2022-07-14  09:16:03 am)    [LNo:0002] 000266/001660
[I](2022-07-14  09:16:03 am)작업중 M코드정지 [d:19][t:00:21:42]
[I](2022-07-14  09:18:23 am)Reset
[I](2022-07-14  09:18:23 am)Reset
[I](2022-07-14  09:18:23 am)Reset
[I](2022-07-14  09:18:24 am)Reset
[I](2022-07-14  09:18:24 am)Reset
[I](2022-07-14  09:21:59 am)Reset
[I](2022-07-14  09:22:03 am)Reset
[I](2022-07-14  09:25:17 am)Reset
[I](2022-07-14  09:25:42 am)Reset
[I](2022-07-14  09:27:36 am)Reset
[I](2022-07-14  09:27:44 am)Reset
[I](2022-07-14  09:28:05 am)Reset
[I](2022-07-14  09:28:11 am)Reset
[I](2022-07-14  09:28:20 am)Reset
[I](2022-07-14  09:29:21 am)작업 시작 [Start d:245]
[I](2022-07-14  09:29:21 am)Nc File: [No.0005-332.NC]
[I](2022-07-14  09:29:21 am)  * Start Machine Position
[I](2022-07-14  09:29:21 am)    X:     95.3170
[I](2022-07-14  09:29:21 am)    Y:   -333.5974
[I](2022-07-14  09:29:21 am)    U:     -0.0098
[I](2022-07-14  09:29:21 am)    V:     -0.0700
[I](2022-07-14  09:29:21 am)    Z:     48.3973
[I](2022-07-14  09:29:21 am)  * Angle
[I](2022-07-14  09:29:21 am)    Ar:      0.1618,Kr:      0.0000
[I](2022-07-14  09:29:21 am)    Taper_Ar:      0.0000
[I](2022-07-14  09:37:37 am)작업중 정지 [d:8][t:00:08:16]
[I](2022-07-14  09:37:37 am)    [LNo:0005] 000027/000151
[I](2022-07-14  09:37:37 am)작업중 M코드정지 [d:8][t:00:08:16]
[I](2022-07-14  09:38:03 am)작업중 정지 [d:8][t:00:08:42]
[I](2022-07-14  09:38:03 am)    [LNo:0005] 000042/000151
[I](2022-07-14  09:38:11 am)작업 재시작
[I](2022-07-14  09:38:31 am)작업중 정지 [d:8][t:00:09:10]
[I](2022-07-14  09:38:31 am)    [LNo:0005] 000043/000151
[I](2022-07-14  09:38:48 am)작업 재시작
[I](2022-07-14  09:44:20 am)작업중 정지 [d:12][t:00:14:59]
[I](2022-07-14  09:44:20 am)    [LNo:0005] 000069/000151
[I](2022-07-14  09:44:21 am)작업중 M코드정지 [d:12][t:00:14:59]
[I](2022-07-14  09:44:38 am)작업중 정지 [d:13][t:00:15:17]
[I](2022-07-14  09:44:38 am)    [LNo:0005] 000072/000151
[I](2022-07-14  09:44:38 am)작업중 M코드정지 [d:13][t:00:15:17]
[I](2022-07-14  10:05:21 am)작업중 정지 [d:32][t:00:36:00]
[I](2022-07-14  10:05:21 am)    [LNo:0005] 000117/000151
[I](2022-07-14  10:05:22 am)작업중 M코드정지 [d:32][t:00:36:00]
[I](2022-07-14  10:06:01 am)작업중 정지 [d:32][t:00:36:40]
[I](2022-07-14  10:06:01 am)    [LNo:0005] 000119/000151
[I](2022-07-14  10:06:01 am)작업중 M코드정지 [d:32][t:00:36:40]
[I](2022-07-14  10:10:33 am)작업중 정지 [d:36][t:00:41:12]
[I](2022-07-14  10:10:33 am)    [LNo:0005] 000144/000151
[I](2022-07-14  10:11:36 am)Reset
[I](2022-07-14  10:11:36 am)Reset
[I](2022-07-14  10:11:37 am)Reset
[I](2022-07-14  10:11:37 am)Reset
[I](2022-07-14  10:11:37 am)Reset
[I](2022-07-14  10:12:20 am)Reset
[I](2022-07-14  10:13:04 am)Reset
[I](2022-07-14  10:13:05 am)Reset
[I](2022-07-14  10:13:13 am)Reset
[I](2022-07-14  10:13:13 am)Reset
[I](2022-07-14  10:13:13 am)Reset
[I](2022-07-14  10:13:14 am)Reset
[I](2022-07-14  10:13:14 am)Reset
[I](2022-07-14  10:14:15 am)Reset
[I](2022-07-14  10:14:44 am)작업 시작 [Start d:281]
[I](2022-07-14  10:14:44 am)Nc File: [No.0002-330.NC]
[I](2022-07-14  10:14:44 am)  * Start Machine Position
[I](2022-07-14  10:14:44 am)    X:    454.4387
[I](2022-07-14  10:14:44 am)    Y:   -253.7295
[I](2022-07-14  10:14:44 am)    U:      0.0000
[I](2022-07-14  10:14:44 am)    V:      0.0000
[I](2022-07-14  10:14:44 am)    Z:     70.4348
[I](2022-07-14  10:14:44 am)  * Angle
[I](2022-07-14  10:14:44 am)    Ar:     -0.3238,Kr:      0.0000
[I](2022-07-14  10:14:44 am)    Taper_Ar:      0.0000
[I](2022-07-14  12:56:33 pm)작업중 정지 [d:162][t:02:41:49]
[I](2022-07-14  12:56:33 pm)    [LNo:0002] 000402/001660
[I](2022-07-14  12:56:33 pm)작업중 M코드정지 [d:162][t:02:41:49]
[I](2022-07-14  01:05:28 pm)작업중 정지 [d:162][t:02:50:44]
[I](2022-07-14  01:05:28 pm)    [LNo:0002] 000403/001660
[I](2022-07-14  01:05:28 pm)Wire Contact Auto Stop(M52)
[I](2022-07-14  01:15:25 pm)Reset
[I](2022-07-14  01:21:24 pm)Reset
[I](2022-07-14  01:21:33 pm)Reset
[I](2022-07-14  01:21:42 pm)Reset
[I](2022-07-14  01:21:43 pm)Reset
[I](2022-07-14  01:26:32 pm)Reset
[I](2022-07-14  01:26:33 pm)Reset
[I](2022-07-14  01:26:53 pm)Reset
[I](2022-07-14  01:26:54 pm)Reset
[I](2022-07-14  01:27:27 pm)Reset
[I](2022-07-14  01:27:53 pm)Reset
[I](2022-07-14  01:30:13 pm)작업 시작 [Start d:443]
[I](2022-07-14  01:30:13 pm)Nc File: [No.0004-340.NC]
[I](2022-07-14  01:30:13 pm)  * Start Machine Position
[I](2022-07-14  01:30:13 pm)    X:    106.1604
[I](2022-07-14  01:30:13 pm)    Y:   -335.5779
[I](2022-07-14  01:30:13 pm)    U:     -0.0104
[I](2022-07-14  01:30:13 pm)    V:     -0.0238
[I](2022-07-14  01:30:13 pm)    Z:     43.2103
[I](2022-07-14  01:30:13 pm)  * Angle
[I](2022-07-14  01:30:13 pm)    Ar:     -0.9820,Kr:      0.0000
[I](2022-07-14  01:30:13 pm)    Taper_Ar:      0.0000
[I](2022-07-14  01:30:24 pm)작업중 정지 [d:0][t:00:00:11]
[I](2022-07-14  01:30:24 pm)    [LNo:0004] 000010/000151
[I](2022-07-14  01:30:24 pm)작업중 M코드정지 [d:0][t:00:00:11]
[I](2022-07-14  01:40:04 pm)작업중 정지 [d:9][t:00:09:51]
[I](2022-07-14  01:40:04 pm)    [LNo:0004] 000036/000151
[I](2022-07-14  02:07:29 pm)작업중 정지 [d:34][t:00:37:15]
[I](2022-07-14  02:07:29 pm)    [LNo:0004] 000117/000151
[I](2022-07-14  02:07:29 pm)작업중 M코드정지 [d:34][t:00:37:15]
[I](2022-07-14  02:11:40 pm)작업중 정지 [d:35][t:00:41:27]
[I](2022-07-14  02:11:40 pm)    [LNo:0004] 000119/000151
[I](2022-07-14  02:11:40 pm)작업중 M코드정지 [d:35][t:00:41:27]
[I](2022-07-14  02:16:06 pm)작업중 정지 [d:39][t:00:45:52]
[I](2022-07-14  02:16:06 pm)    [LNo:0004] 000144/000151
[I](2022-07-14  02:16:21 pm)Reset
[A](2022-07-14  02:16:29 pm)[084] Work Tank Fluid Sensor Abnormal
[A](2022-07-14  02:16:30 pm)[084] Work Tank Fluid Sensor Abnormal
[A](2022-07-14  02:16:30 pm)[084] Work Tank Fluid Sensor Abnormal
[I](2022-07-14  02:18:00 pm)Reset
[I](2022-07-14  02:18:04 pm)Reset
[I](2022-07-14  02:20:16 pm)Reset
[I](2022-07-14  02:20:20 pm)Reset
[I](2022-07-14  02:21:12 pm)Reset
[I](2022-07-14  02:21:44 pm)Reset
[I](2022-07-14  02:22:23 pm)Reset
[I](2022-07-14  02:22:28 pm)Reset
[I](2022-07-14  02:24:06 pm)Reset
[I](2022-07-14  02:24:15 pm)Reset
[I](2022-07-14  02:24:36 pm)Reset
[I](2022-07-14  02:24:56 pm)Reset
[I](2022-07-14  02:25:33 pm)작업 시작 [Start d:482]
[I](2022-07-14  02:25:33 pm)Nc File: [No.0007-346.NC]
[I](2022-07-14  02:25:33 pm)  * Start Machine Position
[I](2022-07-14  02:25:33 pm)    X:     45.0813
[I](2022-07-14  02:25:33 pm)    Y:   -385.6319
[I](2022-07-14  02:25:33 pm)    U:     -0.0199
[I](2022-07-14  02:25:33 pm)    V:      0.0800
[I](2022-07-14  02:25:33 pm)    Z:     62.7353
[I](2022-07-14  02:25:33 pm)  * Angle
[I](2022-07-14  02:25:33 pm)    Ar:     -0.0654,Kr:      0.0000
[I](2022-07-14  02:25:33 pm)    Taper_Ar:      0.0000
[I](2022-07-14  02:25:35 pm)작업중 정지 [d:0][t:00:00:02]
[I](2022-07-14  02:25:35 pm)    [LNo:0007] 000010/000203
[I](2022-07-14  02:25:35 pm)작업중 M코드정지 [d:0][t:00:00:02]
[I](2022-07-14  02:31:51 pm)작업중 정지 [d:6][t:00:06:18]
[I](2022-07-14  02:31:51 pm)    [LNo:0007] 000029/000203
[I](2022-07-14  02:31:51 pm)작업중 M코드정지 [d:6][t:00:06:18]
[I](2022-07-14  02:32:30 pm)작업중 정지 [d:6][t:00:06:57]
[I](2022-07-14  02:32:30 pm)    [LNo:0007] 000031/000203
[I](2022-07-14  02:32:30 pm)작업중 M코드정지 [d:6][t:00:06:57]
[I](2022-07-14  02:35:29 pm)작업중 정지 [d:8][t:00:09:55]
[I](2022-07-14  02:35:29 pm)    [LNo:0007] 000052/000203
[I](2022-07-14  02:35:29 pm)작업중 M코드정지 [d:8][t:00:09:55]
[I](2022-07-14  02:35:43 pm)Reset
[I](2022-07-14  02:35:54 pm)작업 시작 [Start d:490]
[I](2022-07-14  02:35:54 pm)Nc File: [No.0007-346.NC]
[I](2022-07-14  02:35:54 pm)  * Start Machine Position
[I](2022-07-14  02:35:54 pm)    X:     59.6880
[I](2022-07-14  02:35:54 pm)    Y:   -386.7315
[I](2022-07-14  02:35:54 pm)    U:     -0.0199
[I](2022-07-14  02:35:54 pm)    V:      0.0800
[I](2022-07-14  02:35:54 pm)    Z:     62.7353
[I](2022-07-14  02:35:54 pm)  * Angle
[I](2022-07-14  02:35:54 pm)    Ar:     -0.0654,Kr:      0.0000
[I](2022-07-14  02:35:54 pm)    Taper_Ar:      0.0000
[I](2022-07-14  02:37:16 pm)작업중 정지 [d:1][t:00:01:21]
[I](2022-07-14  02:37:16 pm)    [LNo:0007] 000052/000203
[I](2022-07-14  02:37:16 pm)작업중 M코드정지 [d:1][t:00:01:21]
[I](2022-07-14  02:42:49 pm)작업중 정지 [d:7][t:00:06:54]
[I](2022-07-14  02:42:49 pm)    [LNo:0007] 000070/000203
[I](2022-07-14  02:42:49 pm)작업중 M코드정지 [d:7][t:00:06:54]
[I](2022-07-14  02:43:03 pm)작업중 정지 [d:7][t:00:07:08]
[I](2022-07-14  02:43:03 pm)    [LNo:0007] 000072/000203
[I](2022-07-14  02:43:03 pm)작업중 M코드정지 [d:7][t:00:07:08]
[I](2022-07-14  02:50:04 pm)작업중 정지 [d:14][t:00:14:09]
[I](2022-07-14  02:50:04 pm)    [LNo:0007] 000088/000203
[I](2022-07-14  02:50:04 pm)작업중 M코드정지 [d:14][t:00:14:09]
[I](2022-07-14  02:53:42 pm)Reset
[I](2022-07-14  02:53:54 pm)작업 시작 [Start d:504]
[I](2022-07-14  02:53:54 pm)Nc File: [No.0007-346.NC]
[I](2022-07-14  02:53:54 pm)  * Start Machine Position
[I](2022-07-14  02:53:54 pm)    X:     45.4963
[I](2022-07-14  02:53:54 pm)    Y:   -350.5483
[I](2022-07-14  02:53:54 pm)    U:     -0.0199
[I](2022-07-14  02:53:54 pm)    V:      0.0800
[I](2022-07-14  02:53:54 pm)    Z:     62.7353
[I](2022-07-14  02:53:54 pm)  * Angle
[I](2022-07-14  02:53:54 pm)    Ar:     -0.0654,Kr:      0.0000
[I](2022-07-14  02:53:54 pm)    Taper_Ar:      0.0000
[I](2022-07-14  02:55:12 pm)작업중 정지 [d:1][t:00:01:18]
[I](2022-07-14  02:55:12 pm)    [LNo:0007] 000088/000203
[I](2022-07-14  02:55:12 pm)작업중 M코드정지 [d:1][t:00:01:18]
[A](2022-07-14  02:55:30 pm)[084] Work Tank Fluid Sensor Abnormal
[A](2022-07-14  02:55:30 pm)[084] Work Tank Fluid Sensor Abnormal
[A](2022-07-14  02:55:32 pm)[084] Work Tank Fluid Sensor Abnormal
[A](2022-07-14  02:55:32 pm)[084] Work Tank Fluid Sensor Abnormal
[A](2022-07-14  02:55:32 pm)[084] Work Tank Fluid Sensor Abnormal
[A](2022-07-14  02:55:33 pm)[084] Work Tank Fluid Sensor Abnormal
[A](2022-07-14  02:55:33 pm)[084] Work Tank Fluid Sensor Abnormal
[A](2022-07-14  02:55:34 pm)[084] Work Tank Fluid Sensor Abnormal
[A](2022-07-14  02:55:34 pm)[084] Work Tank Fluid Sensor Abnormal
[A](2022-07-14  02:55:34 pm)[084] Work Tank Fluid Sensor Abnormal
[A](2022-07-14  02:55:34 pm)[084] Work Tank Fluid Sensor Abnormal
[A](2022-07-14  02:55:34 pm)[084] Work Tank Fluid Sensor Abnormal
[A](2022-07-14  02:55:34 pm)[084] Work Tank Fluid Sensor Abnormal
[A](2022-07-14  02:55:34 pm)[084] Work Tank Fluid Sensor Abnormal
[A](2022-07-14  02:55:35 pm)[084] Work Tank Fluid Sensor Abnormal
[A](2022-07-14  02:55:35 pm)[084] Work Tank Fluid Sensor Abnormal
[A](2022-07-14  02:55:35 pm)[084] Work Tank Fluid Sensor Abnormal
[A](2022-07-14  02:55:35 pm)[084] Work Tank Fluid Sensor Abnormal
[A](2022-07-14  02:55:35 pm)[084] Work Tank Fluid Sensor Abnormal
[I](2022-07-14  02:56:49 pm)Reset
[I](2022-07-14  02:57:10 pm)Reset
[I](2022-07-14  02:59:07 pm)Reset
[I](2022-07-14  02:59:15 pm)Reset
[I](2022-07-14  02:59:15 pm)Reset
[I](2022-07-14  02:59:36 pm)Reset
[I](2022-07-14  02:59:44 pm)Reset
[I](2022-07-14  02:59:56 pm)Reset
[I](2022-07-14  03:00:14 pm)작업 시작 [Start d:505]
[I](2022-07-14  03:00:14 pm)Nc File: [No.0007-346.NC]
[I](2022-07-14  03:00:14 pm)  * Start Machine Position
[I](2022-07-14  03:00:14 pm)    X:     43.7172
[I](2022-07-14  03:00:14 pm)    Y:   -387.1947
[I](2022-07-14  03:00:14 pm)    U:     -0.0586
[I](2022-07-14  03:00:14 pm)    V:      0.0809
[I](2022-07-14  03:00:14 pm)    Z:     62.7353
[I](2022-07-14  03:00:14 pm)  * Angle
[I](2022-07-14  03:00:14 pm)    Ar:     -0.9376,Kr:      0.0000
[I](2022-07-14  03:00:14 pm)    Taper_Ar:      0.0000
[I](2022-07-14  03:00:14 pm)작업중 정지 [d:0][t:00:00:00]
[I](2022-07-14  03:00:14 pm)    [LNo:0007] 000095/000203
[I](2022-07-14  03:00:26 pm)작업중 정지 [d:0][t:00:00:11]
[I](2022-07-14  03:00:26 pm)    [LNo:0007] 000119/000203
[I](2022-07-14  03:06:54 pm)작업중 정지 [d:6][t:00:06:39]
[I](2022-07-14  03:06:54 pm)    [LNo:0007] 000136/000203
[I](2022-07-14  03:06:54 pm)작업중 M코드정지 [d:6][t:00:06:39]
[I](2022-07-14  03:10:15 pm)작업중 정지 [d:6][t:00:10:01]
[I](2022-07-14  03:10:15 pm)    [LNo:0007] 000138/000203
[I](2022-07-14  03:10:15 pm)작업중 M코드정지 [d:6][t:00:10:01]
[I](2022-07-14  03:14:30 pm)작업중 정지 [d:10][t:00:14:15]
[I](2022-07-14  03:14:30 pm)    [LNo:0007] 000160/000203
[I](2022-07-14  03:14:30 pm)작업중 M코드정지 [d:10][t:00:14:15]
[I](2022-07-14  03:14:51 pm)Reset
[I](2022-07-14  03:15:02 pm)작업 시작 [Start d:515]
[I](2022-07-14  03:15:02 pm)Nc File: [No.0007-346.NC]
[I](2022-07-14  03:15:02 pm)  * Start Machine Position
[I](2022-07-14  03:15:02 pm)    X:     58.3065
[I](2022-07-14  03:15:02 pm)    Y:   -388.5166
[I](2022-07-14  03:15:02 pm)    U:     -0.0586
[I](2022-07-14  03:15:02 pm)    V:      0.0809
[I](2022-07-14  03:15:02 pm)    Z:     62.7353
[I](2022-07-14  03:15:02 pm)  * Angle
[I](2022-07-14  03:15:02 pm)    Ar:     -0.9376,Kr:      0.0000
[I](2022-07-14  03:15:02 pm)    Taper_Ar:      0.0000
[I](2022-07-14  03:16:22 pm)작업중 정지 [d:1][t:00:01:20]
[I](2022-07-14  03:16:22 pm)    [LNo:0007] 000160/000203
[I](2022-07-14  03:16:22 pm)작업중 M코드정지 [d:1][t:00:01:20]
[I](2022-07-14  03:21:55 pm)작업중 정지 [d:6][t:00:06:53]
[I](2022-07-14  03:21:55 pm)    [LNo:0007] 000177/000203
[I](2022-07-14  03:21:55 pm)작업중 M코드정지 [d:6][t:00:06:53]
[I](2022-07-14  03:25:17 pm)작업중 정지 [d:6][t:00:10:15]
[I](2022-07-14  03:25:17 pm)    [LNo:0007] 000179/000203
[I](2022-07-14  03:25:17 pm)작업중 M코드정지 [d:6][t:00:10:15]
[I](2022-07-14  03:33:16 pm)작업중 정지 [d:13][t:00:18:13]
[I](2022-07-14  03:33:16 pm)    [LNo:0007] 000195/000203
[I](2022-07-14  03:33:16 pm)작업중 M코드정지 [d:13][t:00:18:13]
[I](2022-07-14  03:33:25 pm)Reset
[I](2022-07-14  03:33:36 pm)작업 시작 [Start d:528]
[I](2022-07-14  03:33:36 pm)Nc File: [No.0007-346.NC]
[I](2022-07-14  03:33:36 pm)  * Start Machine Position
[I](2022-07-14  03:33:36 pm)    X:     44.6836
[I](2022-07-14  03:33:36 pm)    Y:   -351.1217
[I](2022-07-14  03:33:36 pm)    U:     -0.0586
[I](2022-07-14  03:33:36 pm)    V:      0.0809
[I](2022-07-14  03:33:36 pm)    Z:     62.7353
[I](2022-07-14  03:33:36 pm)  * Angle
[I](2022-07-14  03:33:36 pm)    Ar:     -0.9376,Kr:      0.0000
[I](2022-07-14  03:33:36 pm)    Taper_Ar:      0.0000
[I](2022-07-14  03:34:55 pm)작업중 정지 [d:1][t:00:01:18]
[I](2022-07-14  03:34:55 pm)    [LNo:0007] 000195/000203
[I](2022-07-14  03:34:55 pm)작업중 M코드정지 [d:1][t:00:01:18]
[A](2022-07-14  03:37:03 pm)[084] Work Tank Fluid Sensor Abnormal
[A](2022-07-14  03:37:03 pm)[084] Work Tank Fluid Sensor Abnormal
[A](2022-07-14  03:37:03 pm)[084] Work Tank Fluid Sensor Abnormal
[A](2022-07-14  03:37:03 pm)[084] Work Tank Fluid Sensor Abnormal
[A](2022-07-14  03:37:03 pm)[084] Work Tank Fluid Sensor Abnormal
[A](2022-07-14  03:37:04 pm)[084] Work Tank Fluid Sensor Abnormal
[A](2022-07-14  03:37:04 pm)[084] Work Tank Fluid Sensor Abnormal
[A](2022-07-14  03:37:04 pm)[084] Work Tank Fluid Sensor Abnormal
[A](2022-07-14  03:37:04 pm)[084] Work Tank Fluid Sensor Abnormal
[A](2022-07-14  03:37:05 pm)[084] Work Tank Fluid Sensor Abnormal
[A](2022-07-14  03:37:05 pm)[084] Work Tank Fluid Sensor Abnormal
[I](2022-07-14  03:40:46 pm)Reset
[I](2022-07-14  03:41:06 pm)Reset
[I](2022-07-14  03:41:06 pm)Reset
[I](2022-07-14  03:41:27 pm)Reset
[I](2022-07-14  03:42:26 pm)Reset
[I](2022-07-14  03:43:44 pm)Reset
[I](2022-07-14  03:44:40 pm)Reset
[I](2022-07-14  03:44:49 pm)Reset
[I](2022-07-14  03:45:13 pm)Reset
[I](2022-07-14  03:45:26 pm)Reset
[I](2022-07-14  03:46:13 pm)작업 시작 [Start d:529]
[I](2022-07-14  03:46:13 pm)Nc File: [No.0008-343.NC *]
[I](2022-07-14  03:46:13 pm)  * Start Machine Position
[I](2022-07-14  03:46:13 pm)    X:     61.2320
[I](2022-07-14  03:46:13 pm)    Y:   -313.0008
[I](2022-07-14  03:46:13 pm)    U:      0.0294
[I](2022-07-14  03:46:13 pm)    V:     -0.0701
[I](2022-07-14  03:46:13 pm)    Z:     47.4798
[I](2022-07-14  03:46:13 pm)  * Angle
[I](2022-07-14  03:46:13 pm)    Ar:     -0.4574,Kr:      0.0000
[I](2022-07-14  03:46:13 pm)    Taper_Ar:      0.0000
[I](2022-07-14  03:51:28 pm)작업중 정지 [d:4][t:00:05:15]
[I](2022-07-14  03:51:28 pm)    [LNo:0008] 000028/000330
[I](2022-07-14  03:51:28 pm)작업중 M코드정지 [d:4][t:00:05:15]
[I](2022-07-14  03:54:40 pm)작업중 정지 [d:5][t:00:08:27]
[I](2022-07-14  03:54:40 pm)    [LNo:0008] 000030/000330
[I](2022-07-14  03:55:00 pm)작업 재시작
[I](2022-07-14  03:55:06 pm)작업중 정지 [d:5][t:00:08:53]
[I](2022-07-14  03:55:06 pm)    [LNo:0008] 000032/000330
[I](2022-07-14  03:55:06 pm)작업중 M코드정지 [d:5][t:00:08:53]
[I](2022-07-14  03:56:17 pm)작업중 정지 [d:6][t:00:10:03]
[I](2022-07-14  03:56:17 pm)    [LNo:0008] 000051/000330
[I](2022-07-14  03:56:17 pm)작업중 M코드정지 [d:6][t:00:10:03]
[A](2022-07-14  03:56:42 pm)[037] 자동결선 잔여 WIRE 처리 실패!!
[I](2022-07-14  03:57:47 pm)작업중 정지 [d:6][t:00:11:34]
[I](2022-07-14  03:57:47 pm)    [LNo:0008] 000036/000330
[I](2022-07-14  03:58:27 pm)작업중 정지 [d:6][t:00:12:14]
[I](2022-07-14  03:58:27 pm)    [LNo:0008] 000051/000330
[I](2022-07-14  03:58:27 pm)작업중 M코드정지 [d:6][t:00:12:14]
[A](2022-07-14  03:58:50 pm)[037] 자동결선 잔여 WIRE 처리 실패!!
[I](2022-07-14  03:59:55 pm)작업중 정지 [d:6][t:00:13:42]
[I](2022-07-14  03:59:55 pm)    [LNo:0008] 000036/000330
[I](2022-07-14  04:00:40 pm)작업중 정지 [d:7][t:00:14:27]
[I](2022-07-14  04:00:40 pm)    [LNo:0008] 000051/000330
[I](2022-07-14  04:00:40 pm)작업중 M코드정지 [d:7][t:00:14:27]
[A](2022-07-14  04:01:03 pm)[037] 자동결선 잔여 WIRE 처리 실패!!
[I](2022-07-14  04:11:44 pm)작업중 정지 [d:17][t:00:25:31]
[I](2022-07-14  04:11:44 pm)    [LNo:0008] 000073/000330
[I](2022-07-14  04:11:44 pm)작업중 M코드정지 [d:17][t:00:25:31]
[I](2022-07-14  04:12:21 pm)작업중 정지 [d:17][t:00:26:08]
[I](2022-07-14  04:12:21 pm)    [LNo:0008] 000075/000330
[I](2022-07-14  04:12:28 pm)작업 재시작
[I](2022-07-14  04:12:32 pm)작업중 정지 [d:17][t:00:26:19]
[I](2022-07-14  04:12:32 pm)    [LNo:0008] 000075/000330
[I](2022-07-14  04:12:40 pm)작업 재시작
[I](2022-07-14  04:12:48 pm)작업중 정지 [d:17][t:00:26:35]
[I](2022-07-14  04:12:48 pm)    [LNo:0008] 000075/000330
[I](2022-07-14  04:13:08 pm)작업 재시작
[I](2022-07-14  04:13:14 pm)작업중 정지 [d:17][t:00:27:00]
[I](2022-07-14  04:13:14 pm)    [LNo:0008] 000077/000330
[I](2022-07-14  04:13:14 pm)작업중 M코드정지 [d:17][t:00:27:00]
[I](2022-07-14  04:13:14 pm)작업중 정지 [d:17][t:00:27:01]
[I](2022-07-14  04:13:14 pm)    [LNo:0008] 000078/000330
[I](2022-07-14  04:15:40 pm)작업중 정지 [d:19][t:00:29:27]
[I](2022-07-14  04:15:40 pm)    [LNo:0008] 000095/000330
[I](2022-07-14  04:15:40 pm)작업중 M코드정지 [d:19][t:00:29:27]
[A](2022-07-14  04:16:06 pm)[037] 자동결선 잔여 WIRE 처리 실패!!
[I](2022-07-14  04:24:36 pm)작업중 정지 [d:27][t:00:38:23]
[I](2022-07-14  04:24:36 pm)    [LNo:0008] 000123/000330
[I](2022-07-14  04:24:36 pm)작업중 M코드정지 [d:27][t:00:38:23]
[I](2022-07-14  04:34:04 pm)작업중 정지 [d:27][t:00:47:51]
[I](2022-07-14  04:34:04 pm)    [LNo:0008] 000125/000330
[I](2022-07-14  04:34:23 pm)작업 재시작
[I](2022-07-14  04:34:30 pm)작업중 정지 [d:27][t:00:48:17]
[I](2022-07-14  04:34:30 pm)    [LNo:0008] 000125/000330
[I](2022-07-14  04:34:48 pm)작업 재시작
[I](2022-07-14  04:34:58 pm)작업중 정지 [d:27][t:00:48:44]
[I](2022-07-14  04:34:58 pm)    [LNo:0008] 000127/000330
[I](2022-07-14  04:34:58 pm)작업중 M코드정지 [d:27][t:00:48:45]
[I](2022-07-14  04:36:32 pm)작업중 정지 [d:28][t:00:50:18]
[I](2022-07-14  04:36:32 pm)    [LNo:0008] 000153/000330
[I](2022-07-14  04:36:32 pm)작업중 M코드정지 [d:28][t:00:50:18]
[A](2022-07-14  04:37:22 pm)[084] Work Tank Fluid Sensor Abnormal
[A](2022-07-14  04:37:22 pm)[084] Work Tank Fluid Sensor Abnormal
[A](2022-07-14  04:37:22 pm)[084] Work Tank Fluid Sensor Abnormal
[I](2022-07-14  04:39:15 pm)Reset
[I](2022-07-14  04:39:24 pm)Reset
[I](2022-07-14  04:41:55 pm)Reset
[I](2022-07-14  04:41:59 pm)Reset
[I](2022-07-14  04:43:50 pm)Reset
[I](2022-07-14  04:43:53 pm)Reset
[I](2022-07-14  04:44:44 pm)Reset
[I](2022-07-14  04:44:54 pm)Reset
[I](2022-07-14  04:45:32 pm)Reset
[I](2022-07-14  04:45:42 pm)Reset
[I](2022-07-14  04:45:47 pm)Reset
[I](2022-07-14  04:46:22 pm)작업 시작 [Start d:557]
[I](2022-07-14  04:46:22 pm)Nc File: [No.0008-343.NC *]
[I](2022-07-14  04:46:22 pm)  * Start Machine Position
[I](2022-07-14  04:46:22 pm)    X:     63.9959
[I](2022-07-14  04:46:22 pm)    Y:   -312.7456
[I](2022-07-14  04:46:22 pm)    U:     -0.0305
[I](2022-07-14  04:46:22 pm)    V:     -0.1298
[I](2022-07-14  04:46:22 pm)    Z:     47.4798
[I](2022-07-14  04:46:22 pm)  * Angle
[I](2022-07-14  04:46:22 pm)    Ar:     -0.2770,Kr:      0.0000
[I](2022-07-14  04:46:22 pm)    Taper_Ar:      0.0000
[I](2022-07-14  04:46:22 pm)작업중 정지 [d:0][t:00:00:00]
[I](2022-07-14  04:46:22 pm)    [LNo:0008] 000159/000330
[I](2022-07-14  04:46:33 pm)작업중 정지 [d:0][t:00:00:11]
[I](2022-07-14  04:46:33 pm)    [LNo:0008] 000172/000330
[I](2022-07-14  04:46:33 pm)작업중 M코드정지 [d:0][t:00:00:11]
[I](2022-07-14  04:46:35 pm)작업중 정지 [d:0][t:00:00:13]
[I](2022-07-14  04:46:35 pm)    [LNo:0008] 000175/000330
[I](2022-07-14  04:46:36 pm)작업중 M코드정지 [d:0][t:00:00:13]
[I](2022-07-14  04:52:17 pm)작업중 정지 [d:4][t:00:05:55]
[I](2022-07-14  04:52:17 pm)    [LNo:0008] 000199/000330
[I](2022-07-14  04:52:17 pm)작업중 M코드정지 [d:4][t:00:05:55]
[I](2022-07-14  04:57:58 pm)작업중 정지 [d:5][t:00:11:35]
[I](2022-07-14  04:57:58 pm)    [LNo:0008] 000201/000330
[I](2022-07-14  04:58:20 pm)작업 재시작
[I](2022-07-14  04:58:26 pm)작업중 정지 [d:5][t:00:12:04]
[I](2022-07-14  04:58:26 pm)    [LNo:0008] 000203/000330
[I](2022-07-14  04:58:26 pm)작업중 M코드정지 [d:5][t:00:12:04]
[I](2022-07-14  04:59:52 pm)작업중 정지 [d:6][t:00:13:30]
[I](2022-07-14  04:59:52 pm)    [LNo:0008] 000222/000330
[I](2022-07-14  04:59:52 pm)작업중 M코드정지 [d:6][t:00:13:30]
[I](2022-07-14  05:03:02 pm)작업중 정지 [d:6][t:00:16:40]
[I](2022-07-14  05:03:02 pm)    [LNo:0008] 000207/000330
[I](2022-07-14  05:03:49 pm)작업중 정지 [d:7][t:00:17:27]
[I](2022-07-14  05:03:49 pm)    [LNo:0008] 000223/000330
[I](2022-07-14  05:03:49 pm)작업중 M코드정지 [d:7][t:00:17:27]
[A](2022-07-14  05:04:09 pm)[037] 자동결선 잔여 WIRE 처리 실패!!
[I](2022-07-14  05:14:29 pm)작업중 정지 [d:16][t:00:28:07]
[I](2022-07-14  05:14:29 pm)    [LNo:0008] 000244/000330
[I](2022-07-14  05:14:29 pm)작업중 M코드정지 [d:16][t:00:28:07]
[I](2022-07-14  05:16:25 pm)작업중 정지 [d:16][t:00:30:03]
[I](2022-07-14  05:16:25 pm)    [LNo:0008] 000246/000330
[I](2022-07-14  05:16:25 pm)작업중 30sec 접촉 정지 [d:16][t:00:30:03]
[I](2022-07-14  05:16:46 pm)작업 재시작
[I](2022-07-14  05:16:48 pm)작업중 정지 [d:16][t:00:30:26]
[I](2022-07-14  05:16:48 pm)    [LNo:0008] 000246/000330
[I](2022-07-14  05:16:55 pm)작업 재시작
[I](2022-07-14  05:18:50 pm)작업중 정지 [d:18][t:00:32:27]
[I](2022-07-14  05:18:50 pm)    [LNo:0008] 000266/000330
[I](2022-07-14  05:18:50 pm)작업중 M코드정지 [d:18][t:00:32:27]
[A](2022-07-14  05:20:55 pm)[037] 자동결선 잔여 WIRE 처리 실패!!
[I](2022-07-14  05:28:29 pm)작업중 정지 [d:24][t:00:42:07]
[I](2022-07-14  05:28:29 pm)    [LNo:0008] 000293/000330
[I](2022-07-14  05:28:33 pm)작업 재시작
[I](2022-07-14  05:29:15 pm)작업중 정지 [d:25][t:00:42:53]
[I](2022-07-14  05:29:15 pm)    [LNo:0008] 000294/000330
[I](2022-07-14  05:29:16 pm)작업중 M코드정지 [d:25][t:00:42:53]
[I](2022-07-14  05:30:30 pm)작업중 정지 [d:25][t:00:44:08]
[I](2022-07-14  05:30:30 pm)    [LNo:0008] 000296/000330
[I](2022-07-14  05:30:52 pm)작업 재시작
[I](2022-07-14  05:30:54 pm)작업중 정지 [d:25][t:00:44:32]
[I](2022-07-14  05:30:54 pm)    [LNo:0008] 000296/000330
[I](2022-07-14  05:30:59 pm)작업 재시작
[I](2022-07-14  05:31:03 pm)작업중 정지 [d:25][t:00:44:41]
[I](2022-07-14  05:31:03 pm)    [LNo:0008] 000298/000330
[I](2022-07-14  05:31:03 pm)작업중 M코드정지 [d:25][t:00:44:41]
[I](2022-07-14  05:32:35 pm)작업중 정지 [d:27][t:00:46:13]
[I](2022-07-14  05:32:35 pm)    [LNo:0008] 000323/000330
[I](2022-07-14  05:32:35 pm)작업중 M코드정지 [d:27][t:00:46:13]
[A](2022-07-14  05:32:59 pm)[037] 자동결선 잔여 WIRE 처리 실패!!
[I](2022-07-14  05:34:27 pm)작업중 정지 [d:27][t:00:48:05]
[I](2022-07-14  05:34:27 pm)    [LNo:0008] 000302/000330
[I](2022-07-14  05:35:15 pm)작업중 정지 [d:28][t:00:48:53]
[I](2022-07-14  05:35:15 pm)    [LNo:0008] 000324/000330
[I](2022-07-14  05:37:07 pm)Reset
[I](2022-07-14  05:38:31 pm)Reset
[I](2022-07-14  05:39:10 pm)Reset
[I](2022-07-14  05:39:16 pm)Reset
[I](2022-07-14  05:41:11 pm)Reset
[I](2022-07-14  05:41:12 pm)Reset
[I](2022-07-14  05:41:22 pm)Reset
[I](2022-07-14  05:41:22 pm)Reset
[I](2022-07-14  05:42:15 pm)작업 시작 [Start d:0]
[I](2022-07-14  05:42:15 pm)Nc File: [No.0002-330.NC]
[I](2022-07-14  05:42:15 pm)  * Start Machine Position
[I](2022-07-14  05:42:15 pm)    X:    454.4387
[I](2022-07-14  05:42:15 pm)    Y:   -253.7295
[I](2022-07-14  05:42:15 pm)    U:      0.0000
[I](2022-07-14  05:42:15 pm)    V:      0.0000
[I](2022-07-14  05:42:15 pm)    Z:     70.4678
[I](2022-07-14  05:42:15 pm)  * Angle
[I](2022-07-14  05:42:15 pm)    Ar:     -0.3238,Kr:      0.0000
[I](2022-07-14  05:42:15 pm)    Taper_Ar:      0.0000
[I](2022-07-14  05:42:50 pm)작업중 정지 [d:0][t:00:00:34]
[I](2022-07-14  05:42:50 pm)    [LNo:0002] 000755/001660
[I](2022-07-14  05:43:56 pm)Reset
[I](2022-07-14  05:44:10 pm)작업 시작 [Start d:0]
[I](2022-07-14  05:44:10 pm)Nc File: [No.0010-349.NC]
[I](2022-07-14  05:44:10 pm)  * Start Machine Position
[I](2022-07-14  05:44:10 pm)    X:    454.4387
[I](2022-07-14  05:44:10 pm)    Y:   -253.7295
[I](2022-07-14  05:44:10 pm)    U:      0.0000
[I](2022-07-14  05:44:10 pm)    V:      0.0000
[I](2022-07-14  05:44:10 pm)    Z:     70.4678
[I](2022-07-14  05:44:10 pm)  * Angle
[I](2022-07-14  05:44:10 pm)    Ar:     -0.3238,Kr:      0.0000
[I](2022-07-14  05:44:10 pm)    Taper_Ar:      0.0000
[I](2022-07-14  05:44:44 pm)작업중 정지 [d:0][t:00:00:34]
[I](2022-07-14  05:44:44 pm)    [LNo:0010] 000208/001351
[I](2022-07-14  05:45:35 pm)작업중 정지 [d:0][t:00:01:25]
[I](2022-07-14  05:45:35 pm)    [LNo:0010] 000213/001351
[I](2022-07-14  05:45:45 pm)작업중 정지 [d:0][t:00:01:35]
[I](2022-07-14  05:45:45 pm)    [LNo:0010] 000231/001351
[I](2022-07-14  05:46:42 pm)작업중 정지 [d:0][t:00:02:31]
[I](2022-07-14  05:46:42 pm)    [LNo:0010] 000234/001351
[I](2022-07-14  05:47:05 pm)Reset
[I](2022-07-14  05:47:06 pm)Reset
[I](2022-07-14  05:47:06 pm)Reset
[I](2022-07-14  05:47:08 pm)작업 시작 [Start d:0]
[I](2022-07-14  05:47:08 pm)Nc File: [No.0010-349.NC]
[I](2022-07-14  05:47:08 pm)  * Start Machine Position
[I](2022-07-14  05:47:08 pm)    X:    454.4387
[I](2022-07-14  05:47:08 pm)    Y:   -253.7295
[I](2022-07-14  05:47:08 pm)    U:      0.0000
[I](2022-07-14  05:47:08 pm)    V:      0.0000
[I](2022-07-14  05:47:08 pm)    Z:     70.4678
[I](2022-07-14  05:47:08 pm)  * Angle
[I](2022-07-14  05:47:08 pm)    Ar:     -0.3238,Kr:      0.0000
[I](2022-07-14  05:47:08 pm)    Taper_Ar:      0.0000
[I](2022-07-14  10:51:48 pm)작업중 정지 [d:302][t:05:04:39]
[I](2022-07-14  10:51:48 pm)    [LNo:0010] 000142/001351
[A](2022-07-14  10:51:48 pm)[008] 작업중 단선(AWF Feed Motor Stop )
[I](2022-07-14  10:51:48 pm)작업중 Wire 단선 [d:302][t:05:04:39]
[I](2022-07-14  10:53:01 pm)작업 재시작
[I](2022-07-14  10:53:03 pm)작업중 정지 [d:302][t:05:05:55]
[I](2022-07-14  10:53:03 pm)    [LNo:0010] 000142/001351
[A](2022-07-14  10:53:03 pm)[008] 작업중 단선(AWF Feed Motor Stop )
[I](2022-07-14  10:53:03 pm)작업중 Wire 단선 [d:302][t:05:05:55]
[I](2022-07-14  10:54:13 pm)작업 재시작
[I](2022-07-14  10:54:15 pm)작업중 정지 [d:302][t:05:07:06]
[I](2022-07-14  10:54:15 pm)    [LNo:0010] 000142/001351
[A](2022-07-14  10:54:15 pm)[008] 작업중 단선(AWF Feed Motor Stop )
[I](2022-07-14  10:54:15 pm)작업중 Wire 단선 [d:302][t:05:07:06]
[I](2022-07-14  10:55:24 pm)작업 재시작
