[A](2022-07-09  10:14:45 am)[083] Oil Lack Alarm
[I](2022-07-09  10:14:45 am)Ready On
[I](2022-07-09  10:16:35 am)Ready Off
[I](2022-07-09  10:16:35 am)    X:     78.1531
[I](2022-07-09  10:16:35 am)    Y:   -332.3281
[I](2022-07-09  10:16:35 am)    U:     -0.0501
[I](2022-07-09  10:16:35 am)    V:      0.0297
[I](2022-07-09  10:16:35 am)    Z:     69.5823
[A](2022-07-09  10:20:12 am)[083] Oil Lack Alarm
[I](2022-07-09  10:20:12 am)Ready On
[I](2022-07-09  10:24:41 am)작업 시작 [Start d:256]
[I](2022-07-09  10:24:41 am)Nc File: [No.0006-MDI0006.NC]
[I](2022-07-09  10:24:41 am)  * Start Machine Position
[I](2022-07-09  10:24:41 am)    X:    420.3294
[I](2022-07-09  10:24:41 am)    Y:   -368.3674
[I](2022-07-09  10:24:41 am)    U:     -0.0501
[I](2022-07-09  10:24:41 am)    V:      0.0297
[I](2022-07-09  10:24:41 am)    Z:     69.5823
[I](2022-07-09  10:24:41 am)  * Angle
[I](2022-07-09  10:24:41 am)    Ar:      0.2406,Kr:      0.0000
[I](2022-07-09  10:24:41 am)    Taper_Ar:      0.0000
[I](2022-07-09  10:24:41 am)
[I](2022-07-09  10:24:41 am)Work completed.
[I](2022-07-09  10:24:41 am)
[I](2022-07-09  10:24:41 am)Work completed.
[I](2022-07-09  10:25:25 am)작업중 정지 [d:1][t:00:00:44]
[I](2022-07-09  10:25:25 am)    [LNo:0006] 000001/000001
[I](2022-07-09  10:27:17 am)Reset
[I](2022-07-09  10:27:45 am)Reset
[I](2022-07-09  10:27:50 am)Reset
[I](2022-07-09  10:31:39 am)Reset
[I](2022-07-09  10:32:30 am)작업 시작 [Start d:257]
[I](2022-07-09  10:32:30 am)Nc File: [No.0002-643.NC]
[I](2022-07-09  10:32:30 am)  * Start Machine Position
[I](2022-07-09  10:32:30 am)    X:    111.2312
[I](2022-07-09  10:32:30 am)    Y:   -365.1294
[I](2022-07-09  10:32:30 am)    U:     -0.0501
[I](2022-07-09  10:32:30 am)    V:      0.0297
[I](2022-07-09  10:32:30 am)    Z:     69.5823
[I](2022-07-09  10:32:30 am)  * Angle
[I](2022-07-09  10:32:30 am)    Ar:      0.2406,Kr:      0.0000
[I](2022-07-09  10:32:30 am)    Taper_Ar:      0.0000
[I](2022-07-09  10:32:37 am)작업중 정지 [d:0][t:00:00:06]
[I](2022-07-09  10:32:37 am)    [LNo:0002] 000076/000140
[I](2022-07-09  10:32:41 am)Reset
[I](2022-07-09  10:33:05 am)작업 시작 [Start d:257]
[I](2022-07-09  10:33:05 am)Nc File: [No.0002-643.NC]
[I](2022-07-09  10:33:05 am)  * Start Machine Position
[I](2022-07-09  10:33:05 am)    X:    111.2312
[I](2022-07-09  10:33:05 am)    Y:   -365.1294
[I](2022-07-09  10:33:05 am)    U:     -0.0501
[I](2022-07-09  10:33:05 am)    V:      0.0297
[I](2022-07-09  10:33:05 am)    Z:     69.5823
[I](2022-07-09  10:33:05 am)  * Angle
[I](2022-07-09  10:33:05 am)    Ar:      0.2406,Kr:      0.0000
[I](2022-07-09  10:33:05 am)    Taper_Ar:      0.0000
[I](2022-07-09  10:33:12 am)작업중 정지 [d:0][t:00:00:06]
[I](2022-07-09  10:33:12 am)    [LNo:0002] 000076/000140
[I](2022-07-09  10:44:09 am)작업중 정지 [d:11][t:00:11:04]
[I](2022-07-09  10:44:09 am)    [LNo:0002] 000092/000140
[I](2022-07-09  10:44:10 am)작업중 M코드정지 [d:11][t:00:11:04]
[I](2022-07-09  10:44:36 am)작업중 정지 [d:11][t:00:11:30]
[I](2022-07-09  10:44:36 am)    [LNo:0002] 000094/000140
[I](2022-07-09  10:44:36 am)작업중 M코드정지 [d:11][t:00:11:30]
[I](2022-07-09  10:50:51 am)작업중 정지 [d:17][t:00:17:45]
[I](2022-07-09  10:50:51 am)    [LNo:0002] 000132/000140
[I](2022-07-09  10:50:51 am)작업중 M코드정지 [d:17][t:00:17:45]
[I](2022-07-09  10:52:53 am)Reset
[I](2022-07-09  10:53:12 am)Reset
[I](2022-07-09  10:53:12 am)Reset
[I](2022-07-09  11:04:33 am)Reset
[I](2022-07-09  11:04:33 am)Reset
[I](2022-07-09  11:06:21 am)Reset
[I](2022-07-09  11:06:21 am)Reset
[I](2022-07-09  11:06:51 am)Reset
[I](2022-07-09  11:07:21 am)Reset
[I](2022-07-09  11:07:45 am)Reset
[I](2022-07-09  11:08:00 am)Reset
[I](2022-07-09  11:08:00 am)Reset
[I](2022-07-09  11:09:30 am)작업 시작 [Start d:274]
[I](2022-07-09  11:09:30 am)Nc File: [No.0001-661.NC]
[I](2022-07-09  11:09:30 am)  * Start Machine Position
[I](2022-07-09  11:09:30 am)    X:     56.9739
[I](2022-07-09  11:09:30 am)    Y:   -352.6791
[I](2022-07-09  11:09:30 am)    U:      0.0279
[I](2022-07-09  11:09:30 am)    V:     -0.0191
[I](2022-07-09  11:09:30 am)    Z:     34.1328
[I](2022-07-09  11:09:30 am)  * Angle
[I](2022-07-09  11:09:30 am)    Ar:     -0.2136,Kr:      0.0000
[I](2022-07-09  11:09:30 am)    Taper_Ar:      0.0000
[I](2022-07-09  11:09:37 am)작업중 정지 [d:0][t:00:00:07]
[I](2022-07-09  11:09:37 am)    [LNo:0001] 000010/000060
[I](2022-07-09  11:09:37 am)작업중 M코드정지 [d:0][t:00:00:07]
[I](2022-07-09  11:29:02 am)작업중 정지 [d:19][t:00:19:31]
[I](2022-07-09  11:29:02 am)    [LNo:0001] 000029/000060
[I](2022-07-09  11:29:02 am)작업중 M코드정지 [d:19][t:00:19:31]
[I](2022-07-09  11:31:15 am)작업중 정지 [d:19][t:00:21:45]
[I](2022-07-09  11:31:15 am)    [LNo:0001] 000031/000060
[I](2022-07-09  11:31:15 am)작업중 M코드정지 [d:19][t:00:21:45]
[I](2022-07-09  11:39:26 am)작업중 정지 [d:27][t:00:29:56]
[I](2022-07-09  11:39:26 am)    [LNo:0001] 000053/000060
[I](2022-07-09  11:39:26 am)작업중 M코드정지 [d:27][t:00:29:56]
[I](2022-07-09  11:40:43 am)Reset
[I](2022-07-09  11:40:54 am)Reset
[I](2022-07-09  11:42:51 am)Reset
[I](2022-07-09  11:45:57 am)Reset
[I](2022-07-09  11:46:20 am)Reset
[I](2022-07-09  11:46:20 am)Reset
[I](2022-07-09  11:47:14 am)Reset
[I](2022-07-09  11:47:14 am)Reset
[I](2022-07-09  11:47:42 am)Reset
[I](2022-07-09  11:48:04 am)Reset
[I](2022-07-09  11:48:17 am)Reset
[I](2022-07-09  11:48:36 am)작업 시작 [Start d:301]
[I](2022-07-09  11:48:36 am)Nc File: [No.0001-661.NC]
[I](2022-07-09  11:48:36 am)  * Start Machine Position
[I](2022-07-09  11:48:36 am)    X:     56.5837
[I](2022-07-09  11:48:36 am)    Y:   -355.4322
[I](2022-07-09  11:48:36 am)    U:     -0.0049
[I](2022-07-09  11:48:36 am)    V:     -0.0270
[I](2022-07-09  11:48:36 am)    Z:     34.1328
[I](2022-07-09  11:48:36 am)  * Angle
[I](2022-07-09  11:48:36 am)    Ar:      0.1324,Kr:      0.0000
[I](2022-07-09  11:48:36 am)    Taper_Ar:      0.0000
[I](2022-07-09  11:48:43 am)작업중 정지 [d:0][t:00:00:07]
[I](2022-07-09  11:48:43 am)    [LNo:0001] 000010/000060
[I](2022-07-09  11:48:43 am)작업중 M코드정지 [d:0][t:00:00:07]
[I](2022-07-09  12:07:58 pm)작업중 정지 [d:18][t:00:19:22]
[I](2022-07-09  12:07:58 pm)    [LNo:0001] 000029/000060
[I](2022-07-09  12:07:58 pm)작업중 M코드정지 [d:18][t:00:19:22]
[I](2022-07-09  12:08:20 pm)작업중 정지 [d:18][t:00:19:44]
[I](2022-07-09  12:08:20 pm)    [LNo:0001] 000031/000060
[I](2022-07-09  12:08:20 pm)작업중 M코드정지 [d:18][t:00:19:44]
[I](2022-07-09  12:16:42 pm)작업중 정지 [d:25][t:00:28:06]
[I](2022-07-09  12:16:42 pm)    [LNo:0001] 000052/000060
[I](2022-07-09  12:16:42 pm)작업중 M코드정지 [d:25][t:00:28:06]
[I](2022-07-09  12:20:32 pm)Reset
[I](2022-07-09  12:20:32 pm)Reset
[I](2022-07-09  12:22:50 pm)Reset
[I](2022-07-09  12:28:50 pm)Reset
[I](2022-07-09  12:29:38 pm)Reset
[I](2022-07-09  12:29:39 pm)Reset
[I](2022-07-09  12:30:12 pm)Reset
[I](2022-07-09  12:30:35 pm)Reset
[I](2022-07-09  12:30:36 pm)Reset
[I](2022-07-09  12:30:49 pm)Reset
[I](2022-07-09  12:31:08 pm)작업 시작 [Start d:326]
[I](2022-07-09  12:31:08 pm)Nc File: [No.0001-661.NC]
[I](2022-07-09  12:31:08 pm)  * Start Machine Position
[I](2022-07-09  12:31:08 pm)    X:     56.6843
[I](2022-07-09  12:31:08 pm)    Y:   -346.5867
[I](2022-07-09  12:31:08 pm)    U:      0.0280
[I](2022-07-09  12:31:08 pm)    V:     -0.0529
[I](2022-07-09  12:31:08 pm)    Z:     34.1328
[I](2022-07-09  12:31:08 pm)  * Angle
[I](2022-07-09  12:31:08 pm)    Ar:      0.1065,Kr:      0.0000
[I](2022-07-09  12:31:08 pm)    Taper_Ar:      0.0000
[I](2022-07-09  12:31:15 pm)작업중 정지 [d:0][t:00:00:07]
[I](2022-07-09  12:31:15 pm)    [LNo:0001] 000010/000060
[I](2022-07-09  12:31:15 pm)작업중 M코드정지 [d:0][t:00:00:07]
[I](2022-07-09  12:50:36 pm)작업중 정지 [d:18][t:00:19:28]
[I](2022-07-09  12:50:36 pm)    [LNo:0001] 000029/000060
[I](2022-07-09  12:50:36 pm)작업중 M코드정지 [d:18][t:00:19:28]
[I](2022-07-09  12:51:41 pm)작업중 정지 [d:18][t:00:20:32]
[I](2022-07-09  12:51:41 pm)    [LNo:0001] 000031/000060
[I](2022-07-09  12:51:41 pm)작업중 M코드정지 [d:18][t:00:20:33]
[I](2022-07-09  01:00:03 pm)작업중 정지 [d:26][t:00:28:54]
[I](2022-07-09  01:00:03 pm)    [LNo:0001] 000052/000060
[I](2022-07-09  01:00:03 pm)작업중 M코드정지 [d:26][t:00:28:54]
[I](2022-07-09  01:01:41 pm)Reset
[I](2022-07-09  01:01:41 pm)Reset
[I](2022-07-09  01:01:58 pm)Reset
[I](2022-07-09  01:04:59 pm)Reset
[I](2022-07-09  01:13:43 pm)Reset
[I](2022-07-09  01:14:04 pm)Reset
[I](2022-07-09  01:14:35 pm)Reset
[I](2022-07-09  01:14:57 pm)Reset
[I](2022-07-09  01:15:18 pm)Reset
[I](2022-07-09  01:15:39 pm)작업 시작 [Start d:352]
[I](2022-07-09  01:15:39 pm)Nc File: [No.0001-661.NC]
[I](2022-07-09  01:15:39 pm)  * Start Machine Position
[I](2022-07-09  01:15:39 pm)    X:     56.1779
[I](2022-07-09  01:15:39 pm)    Y:   -350.7695
[I](2022-07-09  01:15:39 pm)    U:      0.0000
[I](2022-07-09  01:15:39 pm)    V:     -0.0699
[I](2022-07-09  01:15:39 pm)    Z:     34.1328
[I](2022-07-09  01:15:39 pm)  * Angle
[I](2022-07-09  01:15:39 pm)    Ar:      0.0161,Kr:      0.0000
[I](2022-07-09  01:15:39 pm)    Taper_Ar:      0.0000
[I](2022-07-09  01:15:47 pm)작업중 정지 [d:0][t:00:00:07]
[I](2022-07-09  01:15:47 pm)    [LNo:0001] 000010/000060
[I](2022-07-09  01:15:47 pm)작업중 M코드정지 [d:0][t:00:00:07]
[I](2022-07-09  01:35:15 pm)작업중 정지 [d:19][t:00:19:35]
[I](2022-07-09  01:35:15 pm)    [LNo:0001] 000028/000060
[I](2022-07-09  01:35:15 pm)작업중 30sec 접촉 정지 [d:19][t:00:19:36]
[I](2022-07-09  01:40:28 pm)작업 재시작
[I](2022-07-09  01:40:36 pm)작업중 정지 [d:19][t:00:24:56]
[I](2022-07-09  01:40:36 pm)    [LNo:0001] 000029/000060
[I](2022-07-09  01:40:36 pm)작업중 M코드정지 [d:19][t:00:24:56]
[I](2022-07-09  01:41:25 pm)작업중 정지 [d:19][t:00:25:45]
[I](2022-07-09  01:41:25 pm)    [LNo:0001] 000031/000060
[I](2022-07-09  01:41:25 pm)작업중 M코드정지 [d:19][t:00:25:45]
[I](2022-07-09  01:51:53 pm)작업중 정지 [d:27][t:00:36:13]
[I](2022-07-09  01:51:53 pm)    [LNo:0001] 000052/000060
[I](2022-07-09  01:51:53 pm)작업중 M코드정지 [d:27][t:00:36:13]
[A](2022-07-09  01:52:17 pm)[084] Work Tank Fluid Sensor Abnormal
[A](2022-07-09  01:52:18 pm)[084] Work Tank Fluid Sensor Abnormal
[I](2022-07-09  01:55:42 pm)Reset
[I](2022-07-09  01:55:49 pm)Reset
[I](2022-07-09  01:55:49 pm)Reset
[I](2022-07-09  01:55:54 pm)Reset
[I](2022-07-09  01:55:54 pm)Reset
[I](2022-07-09  01:55:55 pm)Reset
[I](2022-07-09  02:14:20 pm)Reset
[I](2022-07-09  02:17:33 pm)Reset
[I](2022-07-09  02:21:08 pm)작업 시작 [Start d:0]
[I](2022-07-09  02:21:08 pm)Nc File: [No.0001-261.NC]
[I](2022-07-09  02:21:08 pm)  * Start Machine Position
[I](2022-07-09  02:21:08 pm)    X:     83.2288
[I](2022-07-09  02:21:08 pm)    Y:   -327.0618
[I](2022-07-09  02:21:08 pm)    U:      0.0000
[I](2022-07-09  02:21:08 pm)    V:      0.0000
[I](2022-07-09  02:21:08 pm)    Z:     36.5208
[I](2022-07-09  02:21:08 pm)  * Angle
[I](2022-07-09  02:21:08 pm)    Ar:      0.1868,Kr:      0.0000
[I](2022-07-09  02:21:08 pm)    Taper_Ar:      0.0000
[I](2022-07-09  02:21:17 pm)작업중 정지 [d:0][t:00:00:08]
[I](2022-07-09  02:21:17 pm)    [LNo:0001] 000288/001146
[I](2022-07-09  02:21:33 pm)작업중 정지 [d:0][t:00:00:24]
[I](2022-07-09  02:21:33 pm)    [LNo:0001] 000305/001146
[I](2022-07-09  02:21:33 pm)작업중 M코드정지 [d:0][t:00:00:24]
[I](2022-07-09  02:21:34 pm)작업중 정지 [d:0][t:00:00:25]
[I](2022-07-09  02:21:34 pm)    [LNo:0001] 000308/001146
[I](2022-07-09  02:21:34 pm)작업중 M코드정지 [d:0][t:00:00:25]
[I](2022-07-09  02:21:36 pm)작업중 정지 [d:0][t:00:00:27]
[I](2022-07-09  02:21:36 pm)    [LNo:0001] 000314/001146
[I](2022-07-09  02:21:54 pm)Reset
[I](2022-07-09  02:21:54 pm)Reset
[I](2022-07-09  02:22:01 pm)Reset
[I](2022-07-09  02:22:16 pm)작업 시작 [Start d:0]
[I](2022-07-09  02:22:16 pm)Nc File: [No.0001-261.NC]
[I](2022-07-09  02:22:16 pm)  * Start Machine Position
[I](2022-07-09  02:22:16 pm)    X:     83.2288
[I](2022-07-09  02:22:16 pm)    Y:   -327.0618
[I](2022-07-09  02:22:16 pm)    U:      0.0000
[I](2022-07-09  02:22:16 pm)    V:      0.0000
[I](2022-07-09  02:22:16 pm)    Z:     36.5208
[I](2022-07-09  02:22:16 pm)  * Angle
[I](2022-07-09  02:22:16 pm)    Ar:      0.1868,Kr:      0.0000
[I](2022-07-09  02:22:16 pm)    Taper_Ar:      0.0000
[I](2022-07-09  02:22:26 pm)작업중 정지 [d:0][t:00:00:09]
[I](2022-07-09  02:22:26 pm)    [LNo:0001] 000258/001146
[A](2022-07-09  02:22:56 pm)[091] Auto Door Sensor Abnormal
[A](2022-07-09  02:22:58 pm)[091] Auto Door Sensor Abnormal
[I](2022-07-09  02:24:00 pm)작업중 정지 [d:0][t:00:01:43]
[I](2022-07-09  02:24:00 pm)    [LNo:0001] 000456/001146
[I](2022-07-09  02:25:12 pm)작업중 정지 [d:0][t:00:02:55]
[I](2022-07-09  02:25:12 pm)    [LNo:0001] 000473/001146
[I](2022-07-09  02:25:12 pm)작업중 M코드정지 [d:0][t:00:02:55]
[I](2022-07-09  02:25:20 pm)작업중 정지 [d:0][t:00:03:04]
[I](2022-07-09  02:25:20 pm)    [LNo:0001] 000476/001146
[I](2022-07-09  02:25:20 pm)작업중 M코드정지 [d:0][t:00:03:04]
[I](2022-07-09  02:25:22 pm)작업중 정지 [d:0][t:00:03:05]
[I](2022-07-09  02:25:22 pm)    [LNo:0001] 000478/001146
[I](2022-07-09  02:25:22 pm)작업중 M코드정지 [d:0][t:00:03:05]
[I](2022-07-09  02:25:48 pm)작업중 정지 [d:0][t:00:03:31]
[I](2022-07-09  02:25:48 pm)    [LNo:0001] 000428/001146
[I](2022-07-09  02:27:29 pm)Reset
[I](2022-07-09  02:27:29 pm)Reset
[I](2022-07-09  02:28:06 pm)작업 시작 [Start d:0]
[I](2022-07-09  02:28:06 pm)Nc File: [No.0001-261.NC]
[I](2022-07-09  02:28:06 pm)  * Start Machine Position
[I](2022-07-09  02:28:06 pm)    X:     83.2288
[I](2022-07-09  02:28:06 pm)    Y:   -327.0618
[I](2022-07-09  02:28:06 pm)    U:      0.0000
[I](2022-07-09  02:28:06 pm)    V:      0.0000
[I](2022-07-09  02:28:06 pm)    Z:     36.5208
[I](2022-07-09  02:28:06 pm)  * Angle
[I](2022-07-09  02:28:06 pm)    Ar:      0.1868,Kr:      0.0000
[I](2022-07-09  02:28:06 pm)    Taper_Ar:      0.0000
[I](2022-07-09  02:28:17 pm)작업중 정지 [d:0][t:00:00:10]
[I](2022-07-09  02:28:17 pm)    [LNo:0001] 000512/001146
[I](2022-07-09  02:35:10 pm)작업중 정지 [d:7][t:00:07:04]
[I](2022-07-09  02:35:10 pm)    [LNo:0001] 000528/001146
[I](2022-07-09  02:35:11 pm)작업중 M코드정지 [d:7][t:00:07:04]
[I](2022-07-09  02:35:38 pm)작업중 정지 [d:7][t:00:07:31]
[I](2022-07-09  02:35:38 pm)    [LNo:0001] 000532/001146
[I](2022-07-09  02:35:38 pm)작업중 M코드정지 [d:7][t:00:07:31]
[I](2022-07-09  02:42:42 pm)작업중 정지 [d:12][t:00:14:36]
[I](2022-07-09  02:42:42 pm)    [LNo:0001] 000556/001146
[I](2022-07-09  02:42:42 pm)작업중 M코드정지 [d:12][t:00:14:36]
[I](2022-07-09  02:43:02 pm)작업중 정지 [d:13][t:00:14:55]
[I](2022-07-09  02:43:02 pm)    [LNo:0001] 000560/001146
[I](2022-07-09  02:43:02 pm)작업중 M코드정지 [d:13][t:00:14:55]
[I](2022-07-09  02:50:21 pm)작업중 정지 [d:19][t:00:22:15]
[I](2022-07-09  02:50:21 pm)    [LNo:0001] 000584/001146
[I](2022-07-09  02:50:21 pm)작업중 M코드정지 [d:19][t:00:22:15]
[I](2022-07-09  02:50:47 pm)작업중 정지 [d:19][t:00:22:40]
[I](2022-07-09  02:50:47 pm)    [LNo:0001] 000586/001146
[I](2022-07-09  02:51:18 pm)작업 재시작
[I](2022-07-09  02:51:21 pm)작업중 정지 [d:19][t:00:23:14]
[I](2022-07-09  02:51:21 pm)    [LNo:0001] 000588/001146
[I](2022-07-09  02:51:21 pm)작업중 M코드정지 [d:19][t:00:23:14]
[I](2022-07-09  02:58:57 pm)작업중 정지 [d:25][t:00:30:51]
[I](2022-07-09  02:58:57 pm)    [LNo:0001] 000612/001146
[I](2022-07-09  02:58:57 pm)작업중 M코드정지 [d:25][t:00:30:51]
[I](2022-07-09  02:59:23 pm)작업중 정지 [d:25][t:00:31:16]
[I](2022-07-09  02:59:23 pm)    [LNo:0001] 000616/001146
[I](2022-07-09  02:59:23 pm)작업중 M코드정지 [d:25][t:00:31:16]
[I](2022-07-09  03:07:27 pm)작업중 정지 [d:31][t:00:39:21]
[I](2022-07-09  03:07:27 pm)    [LNo:0001] 000640/001146
[I](2022-07-09  03:07:27 pm)작업중 M코드정지 [d:31][t:00:39:21]
[I](2022-07-09  03:08:49 pm)작업중 정지 [d:31][t:00:40:42]
[I](2022-07-09  03:08:49 pm)    [LNo:0001] 000644/001146
[I](2022-07-09  03:08:49 pm)작업중 M코드정지 [d:31][t:00:40:42]
[I](2022-07-09  03:16:55 pm)작업중 정지 [d:37][t:00:48:48]
[I](2022-07-09  03:16:55 pm)    [LNo:0001] 000668/001146
[I](2022-07-09  03:16:55 pm)작업중 M코드정지 [d:37][t:00:48:48]
[I](2022-07-09  03:22:14 pm)작업중 정지 [d:37][t:00:54:07]
[I](2022-07-09  03:22:14 pm)    [LNo:0001] 000672/001146
[I](2022-07-09  03:22:14 pm)작업중 M코드정지 [d:37][t:00:54:07]
[I](2022-07-09  03:23:23 pm)작업중 정지 [d:37][t:00:55:17]
[I](2022-07-09  03:23:23 pm)    [LNo:0001] 000675/001146
[I](2022-07-09  03:23:23 pm)작업중 Single Block Stop [d:37][t:00:55:17]
[I](2022-07-09  03:23:46 pm)Reset
[I](2022-07-09  03:24:04 pm)작업 시작 [Start d:37]
[I](2022-07-09  03:24:04 pm)Nc File: [No.0002-262.NC]
[I](2022-07-09  03:24:04 pm)  * Start Machine Position
[I](2022-07-09  03:24:04 pm)    X:     83.2288
[I](2022-07-09  03:24:04 pm)    Y:   -327.0618
[I](2022-07-09  03:24:04 pm)    U:      0.0000
[I](2022-07-09  03:24:04 pm)    V:      0.0000
[I](2022-07-09  03:24:04 pm)    Z:     36.5208
[I](2022-07-09  03:24:04 pm)  * Angle
[I](2022-07-09  03:24:04 pm)    Ar:      0.1868,Kr:      0.0000
[I](2022-07-09  03:24:04 pm)    Taper_Ar:      0.0000
[I](2022-07-09  04:08:55 pm)작업중 정지 [d:40][t:00:44:51]
[I](2022-07-09  04:08:55 pm)    [LNo:0002] 000080/001116
[A](2022-07-09  04:08:55 pm)[008] 작업중 단선(AWF Feed Motor Stop )
[I](2022-07-09  04:08:55 pm)작업중 Wire 단선 [d:40][t:00:44:51]
[I](2022-07-09  04:10:06 pm)작업 재시작
[I](2022-07-09  05:31:56 pm)작업중 정지 [d:118][t:02:07:52]
[I](2022-07-09  05:31:56 pm)    [LNo:0002] 000205/001116
[A](2022-07-09  05:31:56 pm)[008] 작업중 단선(AWF Feed Motor Stop )
[I](2022-07-09  05:31:56 pm)작업중 Wire 단선 [d:118][t:02:07:52]
[I](2022-07-09  05:33:05 pm)작업 재시작
[I](2022-07-09  09:25:21 pm)작업중 정지 [d:339][t:06:01:17]
[I](2022-07-09  09:25:21 pm)    [LNo:0002] 000432/001116
[I](2022-07-09  09:25:21 pm)작업중 M코드정지 [d:339][t:06:01:17]
