[I](2022-04-11  08:33:38 am)작업중 정지 [d:67][t:15:31:10]
[I](2022-04-11  08:33:38 am)    [LNo:0003] 000091/000261
[I](2022-04-11  08:33:38 am)작업중 M코드정지 [d:67][t:15:31:10]
[I](2022-04-11  09:08:57 am)
[I](2022-04-11  09:08:57 am)Work completed.
[I](2022-04-11  09:08:57 am)작업 끝.(M02) [d:90][t:16:06:29]
[I](2022-04-11  09:12:13 am)작업 시작 [Start d:559]
[I](2022-04-11  09:12:13 am)Nc File: [No.0003-681.NC *]
[I](2022-04-11  09:12:13 am)  * Start Machine Position
[I](2022-04-11  09:12:13 am)    X:     27.7443
[I](2022-04-11  09:12:13 am)    Y:   -380.2928
[I](2022-04-11  09:12:13 am)    U:      0.0000
[I](2022-04-11  09:12:13 am)    V:      0.0000
[I](2022-04-11  09:12:13 am)    Z:     33.6501
[I](2022-04-11  09:12:13 am)  * Angle
[I](2022-04-11  09:12:13 am)    Ar:      0.7210,Kr:      0.0000
[I](2022-04-11  09:12:13 am)    Taper_Ar:      0.0000
[I](2022-04-11  09:12:13 am)작업 끝.(M02) [d:0][t:00:00:00]
[I](2022-04-11  09:12:15 am)Reset
[I](2022-04-11  09:12:16 am)Reset
[I](2022-04-11  09:12:16 am)Reset
[I](2022-04-11  09:12:42 am)작업 시작 [Start d:559]
[I](2022-04-11  09:12:42 am)Nc File: [No.0005-682.NC]
[I](2022-04-11  09:12:42 am)  * Start Machine Position
[I](2022-04-11  09:12:42 am)    X:     27.7443
[I](2022-04-11  09:12:42 am)    Y:   -380.2928
[I](2022-04-11  09:12:42 am)    U:      0.0000
[I](2022-04-11  09:12:42 am)    V:      0.0000
[I](2022-04-11  09:12:42 am)    Z:     33.6501
[I](2022-04-11  09:12:42 am)  * Angle
[I](2022-04-11  09:12:42 am)    Ar:      0.7210,Kr:      0.0000
[I](2022-04-11  09:12:42 am)    Taper_Ar:      0.0000
[I](2022-04-11  09:12:45 am)작업중 정지 [d:0][t:00:00:02]
[I](2022-04-11  09:12:45 am)    [LNo:0005] 000048/000158
[I](2022-04-11  09:55:24 am)작업중 정지 [d:41][t:00:42:42]
[I](2022-04-11  09:55:24 am)    [LNo:0005] 000093/000158
[I](2022-04-11  09:55:24 am)작업중 30sec 접촉 정지 [d:41][t:00:42:42]
[I](2022-04-11  09:59:34 am)작업 재시작
[I](2022-04-11  10:44:57 am)작업중 정지 [d:84][t:01:32:14]
[I](2022-04-11  10:44:57 am)    [LNo:0005] 000147/000158
[I](2022-04-11  10:44:57 am)작업중 30sec 접촉 정지 [d:84][t:01:32:14]
[A](2022-04-11  10:46:12 am)[037] 자동결선 잔여 WIRE 처리 실패!!
[I](2022-04-11  10:48:07 am)Reset
[I](2022-04-11  10:50:13 am)Reset
[A](2022-04-11  10:51:45 am)[037] 자동결선 잔여 WIRE 처리 실패!!
[I](2022-04-11  10:51:50 am)Reset
[I](2022-04-11  10:51:50 am)Reset
[I](2022-04-11  10:51:59 am)작업 시작 [Start d:643]
[I](2022-04-11  10:51:59 am)Nc File: [No.0005-682.NC]
[I](2022-04-11  10:51:59 am)  * Start Machine Position
[I](2022-04-11  10:51:59 am)    X:     42.9585
[I](2022-04-11  10:51:59 am)    Y:   -379.1169
[I](2022-04-11  10:51:59 am)    U:      0.0000
[I](2022-04-11  10:51:59 am)    V:      0.0000
[I](2022-04-11  10:51:59 am)    Z:     33.6501
[I](2022-04-11  10:51:59 am)  * Angle
[I](2022-04-11  10:51:59 am)    Ar:      0.5368,Kr:      0.0000
[I](2022-04-11  10:51:59 am)    Taper_Ar:      0.0000
[I](2022-04-11  10:52:00 am)작업중 정지 [d:0][t:00:00:00]
[I](2022-04-11  10:52:00 am)    [LNo:0005] 000049/000158
[I](2022-04-11  10:52:14 am)작업중 정지 [d:0][t:00:00:14]
[I](2022-04-11  10:52:14 am)    [LNo:0005] 000129/000158
[I](2022-04-11  10:52:40 am)작업중 정지 [d:0][t:00:00:40]
[I](2022-04-11  10:52:40 am)    [LNo:0005] 000154/000158
[I](2022-04-11  10:52:40 am)작업중 M코드정지 [d:0][t:00:00:40]
[I](2022-04-11  10:53:03 am)Reset
[I](2022-04-11  10:53:03 am)Reset
[I](2022-04-11  10:53:03 am)Reset
[I](2022-04-11  10:53:24 am)작업 시작 [Start d:643]
[I](2022-04-11  10:53:24 am)Nc File: [No.0005-682.NC]
[I](2022-04-11  10:53:24 am)  * Start Machine Position
[I](2022-04-11  10:53:24 am)    X:     28.3998
[I](2022-04-11  10:53:24 am)    Y:   -376.2182
[I](2022-04-11  10:53:24 am)    U:      0.0000
[I](2022-04-11  10:53:24 am)    V:      0.0000
[I](2022-04-11  10:53:24 am)    Z:     33.6501
[I](2022-04-11  10:53:24 am)  * Angle
[I](2022-04-11  10:53:24 am)    Ar:      0.5368,Kr:      0.0000
[I](2022-04-11  10:53:24 am)    Taper_Ar:      0.0000
[I](2022-04-11  10:53:28 am)작업중 정지 [d:0][t:00:00:03]
[I](2022-04-11  10:53:28 am)    [LNo:0005] 000015/000158
[I](2022-04-11  10:53:37 am)Reset
[I](2022-04-11  10:54:27 am)Reset
[I](2022-04-11  10:54:31 am)작업 시작 [Start d:643]
[I](2022-04-11  10:54:31 am)Nc File: [No.0006-653.NC]
[I](2022-04-11  10:54:31 am)  * Start Machine Position
[I](2022-04-11  10:54:31 am)    X:     28.3998
[I](2022-04-11  10:54:31 am)    Y:   -376.2182
[I](2022-04-11  10:54:31 am)    U:      0.0000
[I](2022-04-11  10:54:31 am)    V:      0.0000
[I](2022-04-11  10:54:31 am)    Z:     33.6501
[I](2022-04-11  10:54:31 am)  * Angle
[I](2022-04-11  10:54:31 am)    Ar:      0.5368,Kr:      0.0000
[I](2022-04-11  10:54:31 am)    Taper_Ar:      0.0000
[I](2022-04-11  11:45:01 am)작업중 정지 [d:49][t:00:50:29]
[I](2022-04-11  11:45:01 am)    [LNo:0006] 000101/000284
[A](2022-04-11  11:45:01 am)[008] 작업중 단선(AWF Feed Motor Stop )
[I](2022-04-11  11:45:01 am)작업중 Wire 단선 [d:49][t:00:50:29]
[I](2022-04-11  11:45:12 am)작업 재시작
[I](2022-04-11  12:01:54 pm)작업중 정지 [d:66][t:01:07:23]
[I](2022-04-11  12:01:54 pm)    [LNo:0006] 000105/000284
[I](2022-04-11  12:01:55 pm)작업중 30sec 접촉 정지 [d:66][t:01:07:23]
[I](2022-04-11  12:08:21 pm)작업 재시작
[I](2022-04-11  01:03:57 pm)작업중 정지 [d:120][t:02:09:25]
[I](2022-04-11  01:03:57 pm)    [LNo:0006] 000192/000284
[A](2022-04-11  01:03:57 pm)[008] 작업중 단선(AWF Feed Motor Stop )
[I](2022-04-11  01:03:57 pm)작업중 Wire 단선 [d:120][t:02:09:25]
[I](2022-04-11  01:04:08 pm)작업 재시작
[I](2022-04-11  01:26:36 pm)작업중 정지 [d:142][t:02:32:04]
[I](2022-04-11  01:26:36 pm)    [LNo:0006] 000219/000284
[I](2022-04-11  01:27:02 pm)작업 재시작
[I](2022-04-11  01:27:36 pm)작업중 정지 [d:142][t:02:33:04]
[I](2022-04-11  01:27:36 pm)    [LNo:0006] 000223/000284
[I](2022-04-11  01:49:58 pm)작업중 정지 [d:164][t:02:55:26]
[I](2022-04-11  01:49:58 pm)    [LNo:0006] 000246/000284
[A](2022-04-11  01:49:58 pm)[008] 작업중 단선(AWF Feed Motor Stop )
[I](2022-04-11  01:49:58 pm)작업중 Wire 단선 [d:164][t:02:55:26]
[I](2022-04-11  01:50:34 pm)작업 재시작
[I](2022-04-11  02:14:04 pm)작업중 정지 [d:186][t:03:19:32]
[I](2022-04-11  02:14:04 pm)    [LNo:0006] 000273/000284
[A](2022-04-11  02:14:04 pm)[008] 작업중 단선(AWF Feed Motor Stop )
[I](2022-04-11  02:14:04 pm)작업중 Wire 단선 [d:186][t:03:19:32]
[A](2022-04-11  02:14:57 pm)[037] 자동결선 잔여 WIRE 처리 실패!!
[I](2022-04-11  02:20:24 pm)Reset
[I](2022-04-11  02:20:33 pm)Reset
[I](2022-04-11  02:22:24 pm)Reset
[I](2022-04-11  02:23:14 pm)작업 시작 [Start d:829]
[I](2022-04-11  02:23:14 pm)Nc File: [No.0007-675.NC]
[I](2022-04-11  02:23:14 pm)  * Start Machine Position
[I](2022-04-11  02:23:14 pm)    X:    120.7814
[I](2022-04-11  02:23:14 pm)    Y:   -343.2290
[I](2022-04-11  02:23:14 pm)    U:      0.0000
[I](2022-04-11  02:23:14 pm)    V:      0.0000
[I](2022-04-11  02:23:14 pm)    Z:     23.4496
[I](2022-04-11  02:23:14 pm)  * Angle
[I](2022-04-11  02:23:14 pm)    Ar:      0.1900,Kr:      0.0000
[I](2022-04-11  02:23:14 pm)    Taper_Ar:      0.0000
[I](2022-04-11  02:23:14 pm)작업중 정지 [d:0][t:00:00:00]
[I](2022-04-11  02:23:14 pm)    [LNo:0007] 000007/000299
[I](2022-04-11  02:32:41 pm)작업중 정지 [d:9][t:00:09:26]
[I](2022-04-11  02:32:41 pm)    [LNo:0007] 000026/000299
[I](2022-04-11  02:32:41 pm)작업중 M코드정지 [d:9][t:00:09:26]
[I](2022-04-11  02:32:56 pm)작업중 정지 [d:9][t:00:09:41]
[I](2022-04-11  02:32:56 pm)    [LNo:0007] 000027/000299
[I](2022-04-11  02:32:56 pm)작업중 30sec 접촉 정지 [d:9][t:00:09:41]
[I](2022-04-11  02:34:25 pm)작업 재시작
[I](2022-04-11  02:34:34 pm)작업중 정지 [d:10][t:00:11:19]
[I](2022-04-11  02:34:34 pm)    [LNo:0007] 000029/000299
[I](2022-04-11  02:34:34 pm)작업중 M코드정지 [d:10][t:00:11:19]
[I](2022-04-11  02:48:13 pm)작업중 정지 [d:22][t:00:24:58]
[I](2022-04-11  02:48:13 pm)    [LNo:0007] 000079/000299
[I](2022-04-11  02:48:13 pm)작업중 M코드정지 [d:22][t:00:24:58]
[I](2022-04-11  02:50:42 pm)작업중 정지 [d:22][t:00:27:28]
[I](2022-04-11  02:50:42 pm)    [LNo:0007] 000080/000299
[I](2022-04-11  02:52:18 pm)작업 재시작
[I](2022-04-11  02:52:27 pm)작업중 정지 [d:22][t:00:29:13]
[I](2022-04-11  02:52:27 pm)    [LNo:0007] 000082/000299
[I](2022-04-11  02:52:27 pm)작업중 M코드정지 [d:22][t:00:29:13]
[I](2022-04-11  03:06:14 pm)작업중 정지 [d:34][t:00:43:00]
[I](2022-04-11  03:06:14 pm)    [LNo:0007] 000132/000299
[I](2022-04-11  03:06:14 pm)작업중 M코드정지 [d:34][t:00:43:00]
[I](2022-04-11  03:12:40 pm)작업중 정지 [d:34][t:00:49:26]
[I](2022-04-11  03:12:40 pm)    [LNo:0007] 000133/000299
[I](2022-04-11  03:14:01 pm)작업 재시작
[I](2022-04-11  03:14:09 pm)작업중 정지 [d:34][t:00:50:54]
[I](2022-04-11  03:14:09 pm)    [LNo:0007] 000135/000299
[I](2022-04-11  03:14:09 pm)작업중 M코드정지 [d:34][t:00:50:55]
[I](2022-04-11  03:27:51 pm)작업중 정지 [d:47][t:01:04:36]
[I](2022-04-11  03:27:51 pm)    [LNo:0007] 000185/000299
[I](2022-04-11  03:27:51 pm)작업중 M코드정지 [d:47][t:01:04:36]
[I](2022-04-11  03:28:09 pm)작업중 정지 [d:47][t:01:04:55]
[I](2022-04-11  03:28:09 pm)    [LNo:0007] 000186/000299
[I](2022-04-11  03:28:10 pm)작업중 30sec 접촉 정지 [d:47][t:01:04:55]
[I](2022-04-11  03:29:57 pm)작업 재시작
[I](2022-04-11  03:30:06 pm)작업중 정지 [d:47][t:01:06:52]
[I](2022-04-11  03:30:06 pm)    [LNo:0007] 000188/000299
[I](2022-04-11  03:30:06 pm)작업중 M코드정지 [d:47][t:01:06:52]
[I](2022-04-11  03:33:50 pm)작업중 정지 [d:50][t:01:10:35]
[I](2022-04-11  03:33:50 pm)    [LNo:0007] 000213/000299
[A](2022-04-11  03:33:50 pm)[011] 자동결선 Error(M21-잔여와이어 처리실패)
[I](2022-04-11  03:38:19 pm)작업중 정지 [d:50][t:01:15:04]
[I](2022-04-11  03:38:19 pm)    [LNo:0007] 000213/000299
[A](2022-04-11  03:38:19 pm)[037] 자동결선 잔여 WIRE 처리 실패!!
[I](2022-04-11  03:38:57 pm)작업중 정지 [d:50][t:01:15:42]
[I](2022-04-11  03:38:57 pm)    [LNo:0007] 000224/000299
[A](2022-04-11  03:38:57 pm)[001] 와이어 미동작
[A](2022-04-11  03:39:17 pm)[001] 와이어 미동작
[A](2022-04-11  03:39:17 pm)[001] 와이어 미동작
[A](2022-04-11  03:39:17 pm)[001] 와이어 미동작
[I](2022-04-11  03:39:21 pm)Reset
[A](2022-04-11  03:39:31 pm)[001] 와이어 미동작
[A](2022-04-11  03:39:32 pm)[001] 와이어 미동작
[A](2022-04-11  03:39:55 pm)[037] 자동결선 잔여 WIRE 처리 실패!!
[A](2022-04-11  03:40:24 pm)[001] 와이어 미동작
[A](2022-04-11  03:40:24 pm)[001] 와이어 미동작
[I](2022-04-11  03:40:27 pm)Reset
[I](2022-04-11  03:40:28 pm)Reset
[A](2022-04-11  03:40:33 pm)[001] 와이어 미동작
[A](2022-04-11  03:40:34 pm)[001] 와이어 미동작
[A](2022-04-11  03:40:34 pm)[001] 와이어 미동작
[A](2022-04-11  03:40:34 pm)[001] 와이어 미동작
[A](2022-04-11  03:45:05 pm)[037] 자동결선 잔여 WIRE 처리 실패!!
[I](2022-04-11  03:45:31 pm)작업 시작 [Start d:879]
[I](2022-04-11  03:45:31 pm)Nc File: [No.0007-675.NC]
[I](2022-04-11  03:45:31 pm)  * Start Machine Position
[I](2022-04-11  03:45:31 pm)    X:    109.6335
[I](2022-04-11  03:45:31 pm)    Y:   -341.1510
[I](2022-04-11  03:45:31 pm)    U:      0.0000
[I](2022-04-11  03:45:31 pm)    V:      0.0000
[I](2022-04-11  03:45:31 pm)    Z:     23.4496
[I](2022-04-11  03:45:31 pm)  * Angle
[I](2022-04-11  03:45:31 pm)    Ar:      0.1900,Kr:      0.0000
[I](2022-04-11  03:45:31 pm)    Taper_Ar:      0.0000
[I](2022-04-11  04:30:50 pm)작업중 정지 [d:45][t:00:45:19]
[I](2022-04-11  04:30:50 pm)    [LNo:0007] 000287/000299
[I](2022-04-11  04:30:50 pm)작업중 M코드정지 [d:45][t:00:45:19]
[I](2022-04-11  04:31:09 pm)작업중 정지 [d:45][t:00:45:38]
[I](2022-04-11  04:31:09 pm)    [LNo:0007] 000288/000299
[I](2022-04-11  04:31:09 pm)작업중 30sec 접촉 정지 [d:45][t:00:45:38]
[A](2022-04-11  04:31:49 pm)[037] 자동결선 잔여 WIRE 처리 실패!!
[I](2022-04-11  04:38:03 pm)Reset
[I](2022-04-11  04:38:47 pm)Reset
[I](2022-04-11  04:41:29 pm)Reset
[I](2022-04-11  04:42:04 pm)작업 시작 [Start d:0]
[I](2022-04-11  04:42:04 pm)Nc File: [No.0011-698.NC]
[I](2022-04-11  04:42:04 pm)  * Start Machine Position
[I](2022-04-11  04:42:04 pm)    X:     31.7347
[I](2022-04-11  04:42:04 pm)    Y:   -275.8443
[I](2022-04-11  04:42:04 pm)    U:      0.0000
[I](2022-04-11  04:42:04 pm)    V:      0.0000
[I](2022-04-11  04:42:04 pm)    Z:     19.2471
[I](2022-04-11  04:42:04 pm)  * Angle
[I](2022-04-11  04:42:04 pm)    Ar:     -0.1711,Kr:      0.0000
[I](2022-04-11  04:42:04 pm)    Taper_Ar:      0.0000
[I](2022-04-11  04:42:35 pm)작업중 정지 [d:0][t:00:00:30]
[I](2022-04-11  04:42:35 pm)    [LNo:0011] 000215/000706
[A](2022-04-11  04:42:39 pm)[091] Auto Door Sensor Abnormal
[A](2022-04-11  04:42:39 pm)[091] Auto Door Sensor Abnormal
[A](2022-04-11  04:42:40 pm)[091] Auto Door Sensor Abnormal
[A](2022-04-11  04:42:40 pm)[091] Auto Door Sensor Abnormal
[A](2022-04-11  04:42:40 pm)[091] Auto Door Sensor Abnormal
[A](2022-04-11  04:42:41 pm)[091] Auto Door Sensor Abnormal
[A](2022-04-11  04:42:43 pm)[036] 자동결선 절단 공정 실패!!
[I](2022-04-11  04:43:17 pm)작업중 정지 [d:0][t:00:01:12]
[I](2022-04-11  04:43:17 pm)    [LNo:0011] 000220/000706
[I](2022-04-11  04:43:41 pm)작업중 정지 [d:0][t:00:01:36]
[I](2022-04-11  04:43:41 pm)    [LNo:0011] 000427/000706
[I](2022-04-11  04:46:47 pm)Reset
[I](2022-04-11  04:46:48 pm)Reset
[I](2022-04-11  04:47:05 pm)Reset
[I](2022-04-11  04:47:44 pm)Reset
[I](2022-04-11  04:48:17 pm)작업 시작 [Start d:0]
[I](2022-04-11  04:48:17 pm)Nc File: [No.0009-667.NC]
[I](2022-04-11  04:48:17 pm)  * Start Machine Position
[I](2022-04-11  04:48:17 pm)    X:      6.7075
[I](2022-04-11  04:48:17 pm)    Y:   -244.7495
[I](2022-04-11  04:48:17 pm)    U:      0.0000
[I](2022-04-11  04:48:17 pm)    V:      0.0000
[I](2022-04-11  04:48:17 pm)    Z:     19.2471
[I](2022-04-11  04:48:17 pm)  * Angle
[I](2022-04-11  04:48:17 pm)    Ar:     -0.1711,Kr:      0.0000
[I](2022-04-11  04:48:17 pm)    Taper_Ar:      0.0000
[I](2022-04-11  04:49:25 pm)작업중 정지 [d:1][t:00:01:07]
[I](2022-04-11  04:49:25 pm)    [LNo:0009] 000015/000034
[I](2022-04-11  04:49:35 pm)작업 재시작
[I](2022-04-11  04:57:26 pm)작업중 정지 [d:8][t:00:09:09]
[I](2022-04-11  04:57:26 pm)    [LNo:0009] 000022/000034
[I](2022-04-11  04:57:26 pm)작업중 M코드정지 [d:8][t:00:09:09]
[I](2022-04-11  04:59:19 pm)작업중 정지 [d:8][t:00:11:02]
[I](2022-04-11  04:59:19 pm)    [LNo:0009] 000023/000034
[I](2022-04-11  04:59:19 pm)Wire Contact Auto Stop(M52)
[I](2022-04-11  04:59:23 pm)작업 재시작
[I](2022-04-11  04:59:24 pm)작업중 정지 [d:8][t:00:11:06]
[I](2022-04-11  04:59:24 pm)    [LNo:0009] 000023/000034
[A](2022-04-11  04:59:51 pm)[037] 자동결선 잔여 WIRE 처리 실패!!
[I](2022-04-11  05:01:43 pm)Reset
[I](2022-04-11  05:01:44 pm)Reset
[I](2022-04-11  05:01:44 pm)Reset
[I](2022-04-11  05:01:45 pm)Reset
[I](2022-04-11  05:02:09 pm)Reset
[I](2022-04-11  05:02:09 pm)Reset
[I](2022-04-11  05:02:14 pm)작업 시작 [Start d:8]
[I](2022-04-11  05:02:14 pm)Nc File: [No.0011-698.NC]
[I](2022-04-11  05:02:14 pm)  * Start Machine Position
[I](2022-04-11  05:02:14 pm)    X:     31.7347
[I](2022-04-11  05:02:14 pm)    Y:   -275.8443
[I](2022-04-11  05:02:14 pm)    U:      0.0000
[I](2022-04-11  05:02:14 pm)    V:      0.0000
[I](2022-04-11  05:02:14 pm)    Z:     19.2471
[I](2022-04-11  05:02:14 pm)  * Angle
[I](2022-04-11  05:02:14 pm)    Ar:     -0.1711,Kr:      0.0000
[I](2022-04-11  05:02:14 pm)    Taper_Ar:      0.0000
[I](2022-04-11  06:14:54 pm)작업중 정지 [d:73][t:01:12:40]
[I](2022-04-11  06:14:54 pm)    [LNo:0011] 000101/000706
[I](2022-04-11  06:15:29 pm)작업 재시작
