[I](2022-09-09  08:12:22 am)작업 재시작
[I](2022-09-09  10:00:05 am)작업중 정지 [d:206][t:15:36:30]
[I](2022-09-09  10:00:05 am)    [LNo:0001] 001294/002454
[A](2022-09-09  10:00:05 am)[008] 작업중 단선(AWF Feed Motor Stop )
[I](2022-09-09  10:00:05 am)작업중 Wire 단선 [d:206][t:15:36:30]
[I](2022-09-09  10:00:17 am)작업 재시작
[I](2022-09-09  10:16:10 am)작업중 정지 [d:219][t:15:52:35]
[I](2022-09-09  10:16:10 am)    [LNo:0001] 001355/002454
[I](2022-09-09  10:16:10 am)작업중 30sec 접촉 정지 [d:219][t:15:52:35]
[I](2022-09-09  10:22:43 am)작업 재시작
[I](2022-09-09  11:33:22 am)작업중 정지 [d:282][t:17:09:47]
[I](2022-09-09  11:33:22 am)    [LNo:0001] 001728/002454
[I](2022-09-09  11:33:22 am)작업중 30sec 접촉 정지 [d:282][t:17:09:47]
[I](2022-09-09  11:33:28 am)작업 재시작
[I](2022-09-09  12:51:06 pm)작업중 정지 [d:355][t:18:27:31]
[I](2022-09-09  12:51:06 pm)    [LNo:0001] 001954/002454
[A](2022-09-09  12:51:06 pm)[008] 작업중 단선(AWF Feed Motor Stop )
[I](2022-09-09  12:51:06 pm)작업중 Wire 단선 [d:355][t:18:27:31]
[I](2022-09-09  12:52:14 pm)작업 재시작
[I](2022-09-09  04:05:18 pm)작업중 정지 [d:548][t:21:41:44]
[I](2022-09-09  04:05:18 pm)    [LNo:0001] 002039/002454
[A](2022-09-09  04:05:43 pm)[037] 자동결선 잔여 WIRE 처리 실패!!
[I](2022-09-09  04:12:44 pm)작업 재시작
