[I](2022-06-26  04:11:12 am)작업중 정지 [d:268][t:10:44:00]
[I](2022-06-26  04:11:12 am)    [LNo:0007] 000395/001216
[I](2022-06-26  04:11:12 am)작업중 30sec 접촉 정지 [d:268][t:10:44:00]
[I](2022-06-26  08:46:26 am)작업 재시작
[I](2022-06-26  08:46:29 am)작업중 정지 [d:268][t:15:19:17]
[I](2022-06-26  08:46:29 am)    [LNo:0007] 000395/001216
[I](2022-06-26  08:46:36 am)작업 재시작
[I](2022-06-26  08:47:37 am)작업중 정지 [d:269][t:15:20:25]
[I](2022-06-26  08:47:37 am)    [LNo:0007] 000400/001216
[I](2022-06-26  08:47:37 am)작업중 M코드정지 [d:269][t:15:20:25]
[I](2022-06-26  08:48:57 am)작업중 정지 [d:269][t:15:21:46]
[I](2022-06-26  08:48:57 am)    [LNo:0007] 000998/001216
[I](2022-06-26  08:49:00 am)작업중 정지 [d:269][t:15:21:48]
[I](2022-06-26  08:49:00 am)    [LNo:0007] 001001/001216
[I](2022-06-26  09:31:20 am)작업중 정지 [d:311][t:16:04:08]
[I](2022-06-26  09:31:20 am)    [LNo:0007] 001014/001216
[I](2022-06-26  09:31:20 am)작업중 M코드정지 [d:311][t:16:04:08]
[I](2022-06-26  09:31:55 am)작업중 정지 [d:312][t:16:04:43]
[I](2022-06-26  09:31:55 am)    [LNo:0007] 001015/001216
[I](2022-06-26  09:31:55 am)Wire Contact Auto Stop(M52)
[I](2022-06-26  09:32:48 am)작업 재시작
[I](2022-06-26  09:32:57 am)작업중 정지 [d:312][t:16:05:45]
[I](2022-06-26  09:32:57 am)    [LNo:0007] 001016/001216
[I](2022-06-26  09:32:57 am)작업중 M코드정지 [d:312][t:16:05:45]
[I](2022-06-26  09:33:08 am)작업중 정지 [d:312][t:16:05:56]
[I](2022-06-26  09:33:08 am)    [LNo:0007] 001019/001216
[A](2022-06-26  09:33:08 am)[010] 자동결선 Error(M21-절단실패)
[I](2022-06-26  10:17:11 am)작업중 정지 [d:355][t:16:49:59]
[I](2022-06-26  10:17:11 am)    [LNo:0007] 001040/001216
[I](2022-06-26  10:17:11 am)작업중 M코드정지 [d:355][t:16:49:59]
[I](2022-06-26  10:21:35 am)작업중 정지 [d:355][t:16:54:23]
[I](2022-06-26  10:21:35 am)    [LNo:0007] 001041/001216
[A](2022-06-26  10:21:35 am)[008] 작업중 단선(AWF Feed Motor Stop )
[I](2022-06-26  10:21:35 am)작업중 Wire 단선 [d:355][t:16:54:23]
[A](2022-06-26  10:22:25 am)[037] 자동결선 잔여 WIRE 처리 실패!!
[A](2022-06-26  10:24:00 am)[036] 자동결선 절단 공정 실패!!
[I](2022-06-26  10:28:27 am)Reset
[I](2022-06-26  10:28:28 am)Reset
[I](2022-06-26  10:28:30 am)Reset
[I](2022-06-26  10:30:35 am)작업 시작 [Start d:694]
[I](2022-06-26  10:30:35 am)Nc File: [No.0005-399.NC]
[I](2022-06-26  10:30:35 am)  * Start Machine Position
[I](2022-06-26  10:30:35 am)    X:    105.9031
[I](2022-06-26  10:30:35 am)    Y:   -277.3777
[I](2022-06-26  10:30:35 am)    U:      0.0000
[I](2022-06-26  10:30:35 am)    V:      0.0000
[I](2022-06-26  10:30:35 am)    Z:     70.3622
[I](2022-06-26  10:30:35 am)  * Angle
[I](2022-06-26  10:30:35 am)    Ar:      0.1701,Kr:      0.0000
[I](2022-06-26  10:30:35 am)    Taper_Ar:      0.0000
[I](2022-06-26  10:30:58 am)작업중 정지 [d:0][t:00:00:23]
[I](2022-06-26  10:30:58 am)    [LNo:0005] 002970/003838
[I](2022-06-26  10:54:09 am)작업중 정지 [d:-671][t:00:23:34]
[I](2022-06-26  10:54:09 am)    [LNo:0005] 002988/003838
[I](2022-06-26  10:54:09 am)작업중 M코드정지 [d:-671][t:00:23:34]
[I](2022-06-26  10:54:42 am)작업중 정지 [d:-671][t:00:24:07]
[I](2022-06-26  10:54:42 am)    [LNo:0005] 002990/003838
[I](2022-06-26  10:54:42 am)작업중 M코드정지 [d:-671][t:00:24:07]
[I](2022-06-26  10:56:39 am)작업중 정지 [d:-671][t:00:26:04]
[I](2022-06-26  10:56:39 am)    [LNo:0005] 003007/003838
[I](2022-06-26  10:56:39 am)작업중 30sec 접촉 정지 [d:-671][t:00:26:04]
[I](2022-06-26  10:57:03 am)작업 재시작
[I](2022-06-26  11:25:00 am)작업중 정지 [d:-643][t:00:54:25]
[I](2022-06-26  11:25:00 am)    [LNo:0005] 003012/003838
[A](2022-06-26  11:25:00 am)[008] 작업중 단선(AWF Feed Motor Stop )
[I](2022-06-26  11:25:01 am)작업중 Wire 단선 [d:-643][t:00:54:25]
[I](2022-06-26  11:25:12 am)작업 재시작
[I](2022-06-26  12:03:56 pm)작업중 정지 [d:-604][t:01:33:21]
[I](2022-06-26  12:03:56 pm)    [LNo:0005] 003016/003838
[I](2022-06-26  12:03:56 pm)작업중 M코드정지 [d:-604][t:01:33:21]
[I](2022-06-26  12:04:26 pm)작업중 정지 [d:-604][t:01:33:51]
[I](2022-06-26  12:04:26 pm)    [LNo:0005] 003018/003838
[I](2022-06-26  12:04:26 pm)작업중 M코드정지 [d:-604][t:01:33:51]
[I](2022-06-26  12:10:15 pm)Reset
[I](2022-06-26  12:18:10 pm)Reset
[I](2022-06-26  12:18:10 pm)Reset
[I](2022-06-26  12:18:16 pm)Reset
[I](2022-06-26  12:18:16 pm)Reset
[I](2022-06-26  12:22:35 pm)Reset
[I](2022-06-26  12:22:40 pm)Reset
[I](2022-06-26  12:22:57 pm)Reset
[I](2022-06-26  12:22:58 pm)Reset
[I](2022-06-26  12:24:14 pm)Reset
[I](2022-06-26  12:24:18 pm)Reset
[I](2022-06-26  12:26:53 pm)Reset
[I](2022-06-26  12:26:53 pm)Reset
[I](2022-06-26  12:27:36 pm)Reset
[I](2022-06-26  12:27:37 pm)Reset
[I](2022-06-26  12:27:50 pm)Reset
[I](2022-06-26  12:28:46 pm)작업 시작 [Start d:90]
[I](2022-06-26  12:28:46 pm)Nc File: [No.0006-418.NC]
[I](2022-06-26  12:28:46 pm)  * Start Machine Position
[I](2022-06-26  12:28:46 pm)    X:    220.4801
[I](2022-06-26  12:28:46 pm)    Y:   -219.6876
[I](2022-06-26  12:28:46 pm)    U:      0.0000
[I](2022-06-26  12:28:46 pm)    V:      0.0000
[I](2022-06-26  12:28:46 pm)    Z:     30.4382
[I](2022-06-26  12:28:46 pm)  * Angle
[I](2022-06-26  12:28:46 pm)    Ar:      0.2546,Kr:      0.0000
[I](2022-06-26  12:28:46 pm)    Taper_Ar:      0.0000
[I](2022-06-26  12:33:54 pm)작업중 정지 [d:6][t:00:05:08]
[I](2022-06-26  12:33:54 pm)    [LNo:0006] 000022/000445
[I](2022-06-26  12:33:54 pm)작업중 M코드정지 [d:6][t:00:05:08]
[I](2022-06-26  12:34:18 pm)작업중 정지 [d:6][t:00:05:32]
[I](2022-06-26  12:34:18 pm)    [LNo:0006] 000026/000445
[I](2022-06-26  12:34:18 pm)작업중 M코드정지 [d:6][t:00:05:32]
[I](2022-06-26  12:42:26 pm)작업중 정지 [d:13][t:00:13:40]
[I](2022-06-26  12:42:26 pm)    [LNo:0006] 000066/000445
[I](2022-06-26  12:42:26 pm)작업중 M코드정지 [d:13][t:00:13:40]
[I](2022-06-26  12:49:34 pm)작업중 정지 [d:13][t:00:20:48]
[I](2022-06-26  12:49:34 pm)    [LNo:0006] 000070/000445
[I](2022-06-26  12:49:34 pm)작업중 M코드정지 [d:13][t:00:20:48]
[I](2022-06-26  12:55:26 pm)작업중 정지 [d:17][t:00:26:40]
[I](2022-06-26  12:55:26 pm)    [LNo:0006] 000106/000445
[I](2022-06-26  12:55:26 pm)작업중 30sec 접촉 정지 [d:17][t:00:26:40]
[I](2022-06-26  01:04:02 pm)작업 재시작
[I](2022-06-26  01:52:16 pm)작업중 정지 [d:65][t:01:23:30]
[I](2022-06-26  01:52:16 pm)    [LNo:0006] 000180/000445
[I](2022-06-26  01:52:17 pm)작업중 M코드정지 [d:65][t:01:23:30]
[I](2022-06-26  01:52:30 pm)작업중 정지 [d:65][t:01:23:43]
[I](2022-06-26  01:52:30 pm)    [LNo:0006] 000182/000445
[I](2022-06-26  01:52:30 pm)작업중 M코드정지 [d:65][t:01:23:44]
[I](2022-06-26  01:57:24 pm)작업중 정지 [d:65][t:01:28:38]
[I](2022-06-26  01:57:24 pm)    [LNo:0006] 000185/000445
[I](2022-06-26  01:57:26 pm)작업중 정지 [d:65][t:01:28:40]
[I](2022-06-26  01:57:26 pm)    [LNo:0006] 000185/000445
[A](2022-06-26  01:57:27 pm)[010] 자동결선 Error(M21-절단실패)
[I](2022-06-26  02:54:10 pm)작업중 정지 [d:120][t:02:25:24]
[I](2022-06-26  02:54:10 pm)    [LNo:0006] 000344/000445
[I](2022-06-26  02:54:10 pm)작업중 30sec 접촉 정지 [d:120][t:02:25:24]
[I](2022-06-26  02:56:17 pm)작업 재시작
[I](2022-06-26  03:00:59 pm)작업중 정지 [d:125][t:02:32:12]
[I](2022-06-26  03:00:59 pm)    [LNo:0006] 000363/000445
[I](2022-06-26  03:00:59 pm)작업중 30sec 접촉 정지 [d:125][t:02:32:13]
[I](2022-06-26  03:01:48 pm)작업 재시작
[I](2022-06-26  03:11:38 pm)작업중 정지 [d:135][t:02:42:52]
[I](2022-06-26  03:11:38 pm)    [LNo:0006] 000427/000445
[I](2022-06-26  03:11:38 pm)작업중 M코드정지 [d:135][t:02:42:52]
[I](2022-06-26  03:11:59 pm)작업중 정지 [d:135][t:02:43:12]
[I](2022-06-26  03:11:59 pm)    [LNo:0006] 000435/000445
[I](2022-06-26  03:11:59 pm)작업중 M코드정지 [d:135][t:02:43:13]
[I](2022-06-26  03:13:29 pm)작업중 정지 [d:135][t:02:44:43]
[I](2022-06-26  03:13:29 pm)    [LNo:0006] 000438/000445
[I](2022-06-26  03:13:40 pm)작업중 정지 [d:135][t:02:44:54]
[I](2022-06-26  03:13:40 pm)    [LNo:0006] 000440/000445
[A](2022-06-26  03:13:43 pm)[091] Auto Door Sensor Abnormal
[I](2022-06-26  03:25:57 pm)Reset
[I](2022-06-26  03:25:58 pm)Reset
[I](2022-06-26  03:26:05 pm)Reset
[I](2022-06-26  03:26:06 pm)Reset
[I](2022-06-26  03:26:28 pm)Reset
[I](2022-06-26  03:26:29 pm)Reset
[I](2022-06-26  03:27:27 pm)Reset
[I](2022-06-26  03:27:27 pm)Reset
[I](2022-06-26  03:27:35 pm)Reset
[I](2022-06-26  03:27:35 pm)Reset
[I](2022-06-26  03:27:35 pm)Reset
[I](2022-06-26  03:27:36 pm)Reset
[I](2022-06-26  03:30:54 pm)Reset
[I](2022-06-26  03:32:09 pm)Reset
[I](2022-06-26  03:32:10 pm)Reset
[I](2022-06-26  03:32:54 pm)Reset
[I](2022-06-26  03:32:54 pm)Reset
[I](2022-06-26  03:33:33 pm)Reset
[I](2022-06-26  03:35:29 pm)Reset
[I](2022-06-26  03:35:35 pm)Reset
[I](2022-06-26  03:37:40 pm)Reset
[I](2022-06-26  03:38:31 pm)작업 시작 [Start d:225]
[I](2022-06-26  03:38:31 pm)Nc File: [No.0007-420.NC]
[I](2022-06-26  03:38:31 pm)  * Start Machine Position
[I](2022-06-26  03:38:31 pm)    X:    328.8470
[I](2022-06-26  03:38:31 pm)    Y:   -361.1513
[I](2022-06-26  03:38:31 pm)    U:      0.0125
[I](2022-06-26  03:38:31 pm)    V:     -0.0625
[I](2022-06-26  03:38:31 pm)    Z:     53.8037
[I](2022-06-26  03:38:31 pm)  * Angle
[I](2022-06-26  03:38:31 pm)    Ar:     -2.2171,Kr:      0.0000
[I](2022-06-26  03:38:31 pm)    Taper_Ar:      0.0000
[I](2022-06-26  03:38:34 pm)작업중 정지 [d:0][t:00:00:02]
[I](2022-06-26  03:38:34 pm)    [LNo:0007] 000010/000128
[I](2022-06-26  03:38:34 pm)작업중 M코드정지 [d:0][t:00:00:02]
[I](2022-06-26  03:38:39 pm)작업중 정지 [d:0][t:00:00:07]
[I](2022-06-26  03:38:39 pm)    [LNo:0007] 000010/000128
[I](2022-06-26  03:38:39 pm)작업중 M코드정지 [d:0][t:00:00:07]
[I](2022-06-26  03:49:02 pm)작업중 정지 [d:11][t:00:10:30]
[I](2022-06-26  03:49:02 pm)    [LNo:0007] 000028/000128
[I](2022-06-26  03:49:02 pm)작업중 M코드정지 [d:11][t:00:10:30]
[I](2022-06-26  03:49:20 pm)작업중 정지 [d:11][t:00:10:48]
[I](2022-06-26  03:49:20 pm)    [LNo:0007] 000030/000128
[I](2022-06-26  03:49:20 pm)작업중 M코드정지 [d:11][t:00:10:48]
[I](2022-06-26  03:57:42 pm)작업중 정지 [d:19][t:00:19:10]
[I](2022-06-26  03:57:42 pm)    [LNo:0007] 000050/000128
[I](2022-06-26  03:57:42 pm)작업중 M코드정지 [d:19][t:00:19:10]
[I](2022-06-26  04:00:43 pm)Reset
[I](2022-06-26  04:00:43 pm)Reset
[I](2022-06-26  04:01:32 pm)Reset
[I](2022-06-26  04:01:33 pm)Reset
[I](2022-06-26  04:01:36 pm)Reset
[I](2022-06-26  04:02:00 pm)Reset
[I](2022-06-26  04:02:00 pm)Reset
[I](2022-06-26  04:02:41 pm)Reset
[I](2022-06-26  04:05:08 pm)Reset
[A](2022-06-26  04:05:14 pm)[002] 가공액 미동작
[I](2022-06-26  04:05:41 pm)Reset
[I](2022-06-26  04:05:41 pm)Reset
[I](2022-06-26  04:06:12 pm)Reset
[I](2022-06-26  04:06:43 pm)Reset
[I](2022-06-26  04:07:02 pm)Reset
[I](2022-06-26  04:07:37 pm)작업 시작 [Start d:244]
[I](2022-06-26  04:07:37 pm)Nc File: [No.0007-420.NC]
[I](2022-06-26  04:07:37 pm)  * Start Machine Position
[I](2022-06-26  04:07:37 pm)    X:    357.4374
[I](2022-06-26  04:07:37 pm)    Y:   -365.2953
[I](2022-06-26  04:07:37 pm)    U:     -0.0986
[I](2022-06-26  04:07:37 pm)    V:      0.1789
[I](2022-06-26  04:07:37 pm)    Z:     54.7655
[I](2022-06-26  04:07:37 pm)  * Angle
[I](2022-06-26  04:07:37 pm)    Ar:      3.0529,Kr:      0.0000
[I](2022-06-26  04:07:37 pm)    Taper_Ar:      0.0000
[I](2022-06-26  04:07:37 pm)작업중 정지 [d:0][t:00:00:00]
[I](2022-06-26  04:07:37 pm)    [LNo:0007] 000057/000128
[I](2022-06-26  04:07:37 pm)작업중 M코드정지 [d:0][t:00:00:00]
[I](2022-06-26  04:07:50 pm)작업중 정지 [d:0][t:00:00:13]
[I](2022-06-26  04:07:50 pm)    [LNo:0007] 000070/000128
[I](2022-06-26  04:07:50 pm)작업중 M코드정지 [d:0][t:00:00:13]
[I](2022-06-26  04:07:52 pm)작업중 정지 [d:0][t:00:00:15]
[I](2022-06-26  04:07:52 pm)    [LNo:0007] 000073/000128
[I](2022-06-26  04:07:53 pm)작업중 M코드정지 [d:0][t:00:00:15]
[I](2022-06-26  04:07:54 pm)작업중 정지 [d:0][t:00:00:17]
[I](2022-06-26  04:07:54 pm)    [LNo:0007] 000076/000128
[I](2022-06-26  04:07:54 pm)작업중 M코드정지 [d:0][t:00:00:17]
[I](2022-06-26  04:08:03 pm)작업중 정지 [d:0][t:00:00:26]
[I](2022-06-26  04:08:03 pm)    [LNo:0007] 000079/000128
[I](2022-06-26  04:08:03 pm)작업중 M코드정지 [d:0][t:00:00:26]
[I](2022-06-26  04:13:01 pm)작업중 정지 [d:5][t:00:05:24]
[I](2022-06-26  04:13:01 pm)    [LNo:0007] 000096/000128
[I](2022-06-26  04:13:01 pm)작업중 M코드정지 [d:5][t:00:05:24]
[I](2022-06-26  04:13:38 pm)작업중 정지 [d:5][t:00:06:01]
[I](2022-06-26  04:13:38 pm)    [LNo:0007] 000099/000128
[I](2022-06-26  04:13:38 pm)작업중 M코드정지 [d:5][t:00:06:01]
[I](2022-06-26  04:16:42 pm)작업중 정지 [d:8][t:00:09:05]
[I](2022-06-26  04:16:42 pm)    [LNo:0007] 000120/000128
[I](2022-06-26  04:16:42 pm)작업중 M코드정지 [d:8][t:00:09:05]
[I](2022-06-26  04:16:43 pm)Reset
[I](2022-06-26  04:16:44 pm)Reset
[I](2022-06-26  04:17:00 pm)Reset
[I](2022-06-26  04:22:29 pm)Reset
[I](2022-06-26  04:24:55 pm)Reset
[I](2022-06-26  04:24:55 pm)Reset
[I](2022-06-26  04:24:59 pm)Reset
[I](2022-06-26  04:25:00 pm)Reset
[I](2022-06-26  04:28:56 pm)Reset
[I](2022-06-26  04:28:56 pm)Reset
[I](2022-06-26  04:30:36 pm)작업 시작 [Start d:0]
[I](2022-06-26  04:30:36 pm)Nc File: [No.0008-427.NC]
[I](2022-06-26  04:30:36 pm)  * Start Machine Position
[I](2022-06-26  04:30:36 pm)    X:    551.6418
[I](2022-06-26  04:30:36 pm)    Y:   -237.7529
[I](2022-06-26  04:30:36 pm)    U:      0.0000
[I](2022-06-26  04:30:36 pm)    V:      0.0000
[I](2022-06-26  04:30:36 pm)    Z:     43.1945
[I](2022-06-26  04:30:36 pm)  * Angle
[I](2022-06-26  04:30:36 pm)    Ar:      0.0000,Kr:      0.0000
[I](2022-06-26  04:30:36 pm)    Taper_Ar:      0.0000
[I](2022-06-26  04:30:36 pm)작업중 정지 [d:0][t:00:00:00]
[I](2022-06-26  04:30:36 pm)    [LNo:0008] 000127/000330
[I](2022-06-26  04:38:41 pm)Reset
[I](2022-06-26  04:38:42 pm)Reset
[I](2022-06-26  04:38:55 pm)Reset
[I](2022-06-26  04:38:55 pm)Reset
[I](2022-06-26  04:39:21 pm)Reset
[I](2022-06-26  04:39:21 pm)Reset
[I](2022-06-26  04:40:41 pm)Reset
[I](2022-06-26  04:40:44 pm)Reset
[I](2022-06-26  04:42:23 pm)Reset
[I](2022-06-26  04:42:24 pm)Reset
[I](2022-06-26  04:42:33 pm)Reset
[I](2022-06-26  04:42:41 pm)Reset
[I](2022-06-26  04:47:16 pm)Reset
[I](2022-06-26  04:47:16 pm)Reset
[I](2022-06-26  04:47:45 pm)작업 시작 [Start d:0]
[I](2022-06-26  04:47:45 pm)Nc File: [No.0006-392.NC]
[I](2022-06-26  04:47:45 pm)  * Start Machine Position
[I](2022-06-26  04:47:45 pm)    X:    136.5367
[I](2022-06-26  04:47:45 pm)    Y:   -333.6833
[I](2022-06-26  04:47:45 pm)    U:      0.0000
[I](2022-06-26  04:47:45 pm)    V:      0.0000
[I](2022-06-26  04:47:45 pm)    Z:     82.6995
[I](2022-06-26  04:47:45 pm)  * Angle
[I](2022-06-26  04:47:45 pm)    Ar:      0.2008,Kr:      0.0000
[I](2022-06-26  04:47:45 pm)    Taper_Ar:      0.0000
[I](2022-06-26  04:47:56 pm)작업중 정지 [d:0][t:00:00:11]
[I](2022-06-26  04:47:56 pm)    [LNo:0006] 000225/000684
[A](2022-06-26  04:48:29 pm)[091] Auto Door Sensor Abnormal
[A](2022-06-26  04:48:30 pm)[091] Auto Door Sensor Abnormal
[A](2022-06-26  04:48:31 pm)[091] Auto Door Sensor Abnormal
[A](2022-06-26  04:48:32 pm)[091] Auto Door Sensor Abnormal
[I](2022-06-26  04:51:00 pm)Reset
[I](2022-06-26  04:53:32 pm)작업 시작 [Start d:0]
[I](2022-06-26  04:53:32 pm)Nc File: [No.0005-8X8 3차.NC]
[I](2022-06-26  04:53:32 pm)  * Start Machine Position
[I](2022-06-26  04:53:32 pm)    X:    152.1497
[I](2022-06-26  04:53:32 pm)    Y:   -371.6088
[I](2022-06-26  04:53:32 pm)    U:      0.0000
[I](2022-06-26  04:53:32 pm)    V:      0.0000
[I](2022-06-26  04:53:32 pm)    Z:     82.6995
[I](2022-06-26  04:53:32 pm)  * Angle
[I](2022-06-26  04:53:32 pm)    Ar:      0.2008,Kr:      0.0000
[I](2022-06-26  04:53:32 pm)    Taper_Ar:      0.0000
[I](2022-06-26  04:53:42 pm)작업중 정지 [d:0][t:00:00:10]
[I](2022-06-26  04:53:42 pm)    [LNo:0005] 000016/000087
[A](2022-06-26  04:53:42 pm)[008] 작업중 단선(AWF Feed Motor Stop )
[I](2022-06-26  04:53:42 pm)작업중 Wire 단선 [d:0][t:00:00:10]
[I](2022-06-26  04:54:27 pm)작업 재시작
[I](2022-06-26  05:12:58 pm)작업중 정지 [d:19][t:00:19:26]
[I](2022-06-26  05:12:58 pm)    [LNo:0005] 000020/000087
[A](2022-06-26  05:12:58 pm)[008] 작업중 단선(AWF Feed Motor Stop )
[I](2022-06-26  05:12:58 pm)작업중 Wire 단선 [d:19][t:00:19:26]
[I](2022-06-26  05:15:42 pm)작업 재시작
[I](2022-06-26  05:24:16 pm)작업중 정지 [d:28][t:00:30:44]
[I](2022-06-26  05:24:16 pm)    [LNo:0005] 000021/000087
[A](2022-06-26  05:24:16 pm)[008] 작업중 단선(AWF Feed Motor Stop )
[I](2022-06-26  05:24:16 pm)작업중 Wire 단선 [d:28][t:00:30:44]
[I](2022-06-26  05:25:26 pm)작업 재시작
[I](2022-06-26  05:47:35 pm)작업중 정지 [d:50][t:00:54:03]
[I](2022-06-26  05:47:35 pm)    [LNo:0005] 000077/000087
[I](2022-06-26  05:47:35 pm)작업중 M코드정지 [d:50][t:00:54:03]
[I](2022-06-26  06:24:56 pm)작업중 정지 [d:50][t:01:31:24]
[I](2022-06-26  06:24:56 pm)    [LNo:0005] 000078/000087
[I](2022-06-26  06:25:07 pm)작업 재시작
[I](2022-06-26  06:25:30 pm)작업중 정지 [d:50][t:01:31:58]
[I](2022-06-26  06:25:30 pm)    [LNo:0005] 000078/000087
[I](2022-06-26  06:25:30 pm)Wire Contact Auto Stop(M52)
[I](2022-06-26  06:26:06 pm)작업 재시작
[I](2022-06-26  06:26:14 pm)작업중 정지 [d:50][t:01:32:42]
[I](2022-06-26  06:26:14 pm)    [LNo:0005] 000078/000087
[I](2022-06-26  06:26:14 pm)작업중 30sec 접촉 정지 [d:50][t:01:32:42]
[I](2022-06-26  06:30:33 pm)Reset
[I](2022-06-26  06:30:34 pm)Reset
[I](2022-06-26  06:30:51 pm)Reset
[I](2022-06-26  06:30:52 pm)Reset
[I](2022-06-26  06:31:27 pm)작업 시작 [Start d:50]
[I](2022-06-26  06:31:27 pm)Nc File: [No.0006-436.NC]
[I](2022-06-26  06:31:27 pm)  * Start Machine Position
[I](2022-06-26  06:31:27 pm)    X:    136.5367
[I](2022-06-26  06:31:27 pm)    Y:   -333.6833
[I](2022-06-26  06:31:27 pm)    U:      0.0000
[I](2022-06-26  06:31:27 pm)    V:      0.0000
[I](2022-06-26  06:31:27 pm)    Z:     82.6995
[I](2022-06-26  06:31:27 pm)  * Angle
[I](2022-06-26  06:31:27 pm)    Ar:      0.2008,Kr:      0.0000
[I](2022-06-26  06:31:27 pm)    Taper_Ar:      0.0000
[I](2022-06-26  06:31:39 pm)작업중 정지 [d:0][t:00:00:12]
[I](2022-06-26  06:31:39 pm)    [LNo:0006] 000016/000353
[A](2022-06-26  06:31:40 pm)[008] 작업중 단선(AWF Feed Motor Stop )
[I](2022-06-26  06:31:40 pm)작업중 Wire 단선 [d:0][t:00:00:12]
[I](2022-06-26  06:32:47 pm)작업 재시작
[I](2022-06-26  06:32:50 pm)작업중 정지 [d:1][t:00:01:23]
[I](2022-06-26  06:32:50 pm)    [LNo:0006] 000016/000353
[A](2022-06-26  06:32:50 pm)[008] 작업중 단선(AWF Feed Motor Stop )
[I](2022-06-26  06:32:50 pm)작업중 Wire 단선 [d:1][t:00:01:23]
[I](2022-06-26  06:33:58 pm)작업 재시작
[I](2022-06-26  11:34:24 pm)작업중 정지 [d:301][t:05:02:57]
[I](2022-06-26  11:34:24 pm)    [LNo:0006] 000058/000353
[I](2022-06-26  11:34:25 pm)Ready Off
[I](2022-06-26  11:34:25 pm)    X:     72.5811
[I](2022-06-26  11:34:25 pm)    Y:   -182.1678
[I](2022-06-26  11:34:25 pm)    U:      0.0020
[I](2022-06-26  11:34:25 pm)    V:     -0.0049
[I](2022-06-26  11:34:25 pm)    Z:     82.6995
[A](2022-06-26  11:34:25 pm)[067] Servo Following Error (V AXIS)
