[I](2022-04-05  08:25:53 am)Ready On
[I](2022-04-05  08:40:54 am)Reset
[I](2022-04-05  08:45:55 am)Reset
[I](2022-04-05  08:48:47 am)Reset
[I](2022-04-05  08:48:53 am)Reset
[I](2022-04-05  08:49:01 am)Reset
[I](2022-04-05  08:49:21 am)Reset
[I](2022-04-05  08:49:32 am)Reset
[I](2022-04-05  08:50:22 am)Reset
[I](2022-04-05  08:50:25 am)Reset
[I](2022-04-05  08:50:26 am)Reset
[I](2022-04-05  08:50:26 am)Reset
[I](2022-04-05  08:51:22 am)작업 시작 [Start d:0]
[I](2022-04-05  08:51:22 am)Nc File: [No.0003-618.NC]
[I](2022-04-05  08:51:22 am)  * Start Machine Position
[I](2022-04-05  08:51:22 am)    X:    314.7688
[I](2022-04-05  08:51:22 am)    Y:   -295.4475
[I](2022-04-05  08:51:22 am)    U:      0.0000
[I](2022-04-05  08:51:22 am)    V:      0.0000
[I](2022-04-05  08:51:22 am)    Z:     25.0667
[I](2022-04-05  08:51:22 am)  * Angle
[I](2022-04-05  08:51:22 am)    Ar:     -0.1424,Kr:      0.0000
[I](2022-04-05  08:51:22 am)    Taper_Ar:      0.0000
[I](2022-04-05  08:52:13 am)작업중 정지 [d:0][t:00:00:50]
[I](2022-04-05  08:52:13 am)    [LNo:0003] 000378/000547
[I](2022-04-05  08:52:13 am)작업중 M코드정지 [d:0][t:00:00:50]
[I](2022-04-05  08:52:44 am)Reset
[I](2022-04-05  08:52:52 am)작업 시작 [Start d:0]
[I](2022-04-05  08:52:52 am)Nc File: [No.0003-618.NC]
[I](2022-04-05  08:52:52 am)  * Start Machine Position
[I](2022-04-05  08:52:52 am)    X:    314.7688
[I](2022-04-05  08:52:52 am)    Y:   -295.4475
[I](2022-04-05  08:52:52 am)    U:      0.0000
[I](2022-04-05  08:52:52 am)    V:      0.0000
[I](2022-04-05  08:52:52 am)    Z:     25.0667
[I](2022-04-05  08:52:52 am)  * Angle
[I](2022-04-05  08:52:52 am)    Ar:     -0.1424,Kr:      0.0000
[I](2022-04-05  08:52:52 am)    Taper_Ar:      0.0000
[I](2022-04-05  08:59:09 am)작업중 정지 [d:5][t:00:06:17]
[I](2022-04-05  08:59:09 am)    [LNo:0003] 000026/000547
[I](2022-04-05  08:59:09 am)작업중 M코드정지 [d:5][t:00:06:17]
[I](2022-04-05  09:00:19 am)작업중 정지 [d:5][t:00:07:27]
[I](2022-04-05  09:00:19 am)    [LNo:0003] 000027/000547
[I](2022-04-05  09:00:19 am)작업중 30sec 접촉 정지 [d:5][t:00:07:27]
[I](2022-04-05  09:00:55 am)작업 재시작
[I](2022-04-05  09:01:05 am)작업중 정지 [d:5][t:00:08:13]
[I](2022-04-05  09:01:05 am)    [LNo:0003] 000029/000547
[I](2022-04-05  09:01:05 am)작업중 M코드정지 [d:5][t:00:08:13]
[I](2022-04-05  09:06:00 am)작업중 정지 [d:8][t:00:13:08]
[I](2022-04-05  09:06:00 am)    [LNo:0003] 000053/000547
[I](2022-04-05  09:06:00 am)작업중 M코드정지 [d:8][t:00:13:08]
[I](2022-04-05  09:08:57 am)작업중 정지 [d:8][t:00:16:05]
[I](2022-04-05  09:08:57 am)    [LNo:0003] 000055/000547
[I](2022-04-05  09:09:29 am)작업 재시작
[I](2022-04-05  09:09:35 am)작업중 정지 [d:9][t:00:16:43]
[I](2022-04-05  09:09:35 am)    [LNo:0003] 000057/000547
[I](2022-04-05  09:09:35 am)작업중 M코드정지 [d:9][t:00:16:43]
[I](2022-04-05  09:17:25 am)작업중 정지 [d:15][t:00:24:33]
[I](2022-04-05  09:17:25 am)    [LNo:0003] 000097/000547
[I](2022-04-05  09:17:25 am)작업중 M코드정지 [d:15][t:00:24:33]
[I](2022-04-05  09:18:38 am)작업중 정지 [d:16][t:00:25:46]
[I](2022-04-05  09:18:38 am)    [LNo:0003] 000099/000547
[I](2022-04-05  09:19:34 am)작업 재시작
[I](2022-04-05  09:28:23 am)작업중 정지 [d:23][t:00:35:31]
[I](2022-04-05  09:28:23 am)    [LNo:0003] 000141/000547
[I](2022-04-05  09:28:23 am)작업중 M코드정지 [d:23][t:00:35:31]
[I](2022-04-05  09:28:51 am)작업중 정지 [d:23][t:00:35:59]
[I](2022-04-05  09:28:51 am)    [LNo:0003] 000145/000547
[I](2022-04-05  09:28:51 am)작업중 M코드정지 [d:23][t:00:35:59]
[I](2022-04-05  09:37:55 am)작업중 정지 [d:31][t:00:45:03]
[I](2022-04-05  09:37:55 am)    [LNo:0003] 000185/000547
[I](2022-04-05  09:37:55 am)작업중 M코드정지 [d:31][t:00:45:03]
[I](2022-04-05  09:38:49 am)작업중 정지 [d:31][t:00:45:57]
[I](2022-04-05  09:38:49 am)    [LNo:0003] 000187/000547
[I](2022-04-05  09:39:44 am)작업 재시작
[I](2022-04-05  09:39:47 am)작업중 정지 [d:31][t:00:46:55]
[I](2022-04-05  09:39:47 am)    [LNo:0003] 000189/000547
[I](2022-04-05  09:39:47 am)작업중 M코드정지 [d:31][t:00:46:55]
[I](2022-04-05  09:48:24 am)작업중 정지 [d:38][t:00:55:32]
[I](2022-04-05  09:48:24 am)    [LNo:0003] 000229/000547
[I](2022-04-05  09:48:24 am)작업중 M코드정지 [d:38][t:00:55:32]
[I](2022-04-05  09:50:41 am)작업중 정지 [d:39][t:00:57:49]
[I](2022-04-05  09:50:41 am)    [LNo:0003] 000233/000547
[I](2022-04-05  09:50:41 am)작업중 M코드정지 [d:39][t:00:57:49]
[I](2022-04-05  10:06:59 am)작업중 정지 [d:54][t:01:14:07]
[I](2022-04-05  10:06:59 am)    [LNo:0003] 000274/000547
[I](2022-04-05  10:06:59 am)작업중 M코드정지 [d:54][t:01:14:07]
[I](2022-04-05  10:07:47 am)작업중 정지 [d:55][t:01:14:55]
[I](2022-04-05  10:07:47 am)    [LNo:0003] 000275/000547
[I](2022-04-05  10:07:47 am)작업중 30sec 접촉 정지 [d:55][t:01:14:55]
[I](2022-04-05  10:08:35 am)작업 재시작
[I](2022-04-05  10:08:45 am)작업중 정지 [d:55][t:01:15:53]
[I](2022-04-05  10:08:45 am)    [LNo:0003] 000277/000547
[I](2022-04-05  10:08:45 am)작업중 M코드정지 [d:55][t:01:15:53]
[I](2022-04-05  10:14:30 am)작업중 정지 [d:60][t:01:21:38]
[I](2022-04-05  10:14:30 am)    [LNo:0003] 000312/000547
[I](2022-04-05  10:14:31 am)작업중 M코드정지 [d:60][t:01:21:39]
[A](2022-04-05  10:17:45 am)[037] 자동결선 잔여 WIRE 처리 실패!!
[I](2022-04-05  10:22:20 am)작업중 정지 [d:63][t:01:29:28]
[I](2022-04-05  10:22:20 am)    [LNo:0003] 000333/000547
[I](2022-04-05  10:22:20 am)작업중 M코드정지 [d:63][t:01:29:28]
[I](2022-04-05  10:25:01 am)작업중 정지 [d:63][t:01:32:09]
[I](2022-04-05  10:25:01 am)    [LNo:0003] 000335/000547
[I](2022-04-05  10:25:24 am)작업 재시작
[I](2022-04-05  10:25:37 am)작업중 정지 [d:64][t:01:32:45]
[I](2022-04-05  10:25:37 am)    [LNo:0003] 000337/000547
[I](2022-04-05  10:25:37 am)작업중 M코드정지 [d:64][t:01:32:45]
[I](2022-04-05  10:40:33 am)작업중 정지 [d:77][t:01:47:41]
[I](2022-04-05  10:40:33 am)    [LNo:0003] 000378/000547
[I](2022-04-05  10:40:33 am)작업중 M코드정지 [d:77][t:01:47:41]
[I](2022-04-05  10:41:05 am)작업중 정지 [d:77][t:01:48:13]
[I](2022-04-05  10:41:05 am)    [LNo:0003] 000379/000547
[I](2022-04-05  10:41:27 am)작업 재시작
[I](2022-04-05  10:41:33 am)작업중 정지 [d:77][t:01:48:41]
[I](2022-04-05  10:41:33 am)    [LNo:0003] 000381/000547
[I](2022-04-05  10:41:33 am)작업중 M코드정지 [d:77][t:01:48:41]
[I](2022-04-05  10:47:24 am)작업중 정지 [d:82][t:01:54:32]
[I](2022-04-05  10:47:24 am)    [LNo:0003] 000416/000547
[A](2022-04-05  10:53:23 am)[037] 자동결선 잔여 WIRE 처리 실패!!
[I](2022-04-05  11:07:20 am)작업중 정지 [d:94][t:02:14:28]
[I](2022-04-05  11:07:20 am)    [LNo:0003] 000438/000547
[I](2022-04-05  11:07:20 am)작업중 M코드정지 [d:94][t:02:14:28]
[I](2022-04-05  11:07:52 am)작업중 정지 [d:94][t:02:15:00]
[I](2022-04-05  11:07:52 am)    [LNo:0003] 000439/000547
[I](2022-04-05  11:08:13 am)작업 재시작
[I](2022-04-05  11:08:20 am)작업중 정지 [d:94][t:02:15:28]
[I](2022-04-05  11:08:20 am)    [LNo:0003] 000441/000547
[I](2022-04-05  11:08:20 am)작업중 M코드정지 [d:94][t:02:15:28]
[I](2022-04-05  11:28:30 am)작업중 정지 [d:113][t:02:35:38]
[I](2022-04-05  11:28:30 am)    [LNo:0003] 000501/000547
[I](2022-04-05  11:29:06 am)작업 재시작
[I](2022-04-05  11:29:11 am)작업중 정지 [d:113][t:02:36:19]
[I](2022-04-05  11:29:11 am)    [LNo:0003] 000503/000547
[I](2022-04-05  11:29:11 am)작업중 M코드정지 [d:113][t:02:36:19]
[I](2022-04-05  11:35:19 am)작업중 정지 [d:119][t:02:42:27]
[I](2022-04-05  11:35:19 am)    [LNo:0003] 000540/000547
[I](2022-04-05  11:58:50 am)Reset
[I](2022-04-05  11:59:03 am)Reset
[I](2022-04-05  11:59:03 am)Reset
[I](2022-04-05  12:10:44 pm)Reset
[I](2022-04-05  12:12:37 pm)작업 시작 [Start d:119]
[I](2022-04-05  12:12:37 pm)Nc File: [No.0004-622.NC]
[I](2022-04-05  12:12:37 pm)  * Start Machine Position
[I](2022-04-05  12:12:37 pm)    X:     34.5476
[I](2022-04-05  12:12:37 pm)    Y:   -388.2737
[I](2022-04-05  12:12:37 pm)    U:      0.0000
[I](2022-04-05  12:12:37 pm)    V:      0.0000
[I](2022-04-05  12:12:37 pm)    Z:     30.4827
[I](2022-04-05  12:12:37 pm)  * Angle
[I](2022-04-05  12:12:37 pm)    Ar:      0.0000,Kr:      0.0000
[I](2022-04-05  12:12:37 pm)    Taper_Ar:      0.0000
[I](2022-04-05  12:27:27 pm)
[I](2022-04-05  12:27:27 pm)Work completed.
[I](2022-04-05  12:27:27 pm)작업 끝.(M02) [d:14][t:00:14:50]
[A](2022-04-05  12:31:24 pm)[036] 자동결선 절단 공정 실패!!
[I](2022-04-05  12:31:28 pm)Reset
[I](2022-04-05  12:33:27 pm)Reset
[I](2022-04-05  12:33:28 pm)Reset
[I](2022-04-05  12:33:29 pm)작업 시작 [Start d:133]
[I](2022-04-05  12:33:29 pm)Nc File: [No.0004-622.NC]
[I](2022-04-05  12:33:29 pm)  * Start Machine Position
[I](2022-04-05  12:33:29 pm)    X:     34.4984
[I](2022-04-05  12:33:30 pm)    Y:   -360.7741
[I](2022-04-05  12:33:30 pm)    U:      0.0000
[I](2022-04-05  12:33:30 pm)    V:      0.0000
[I](2022-04-05  12:33:30 pm)    Z:     30.4827
[I](2022-04-05  12:33:30 pm)  * Angle
[I](2022-04-05  12:33:30 pm)    Ar:      0.0000,Kr:      0.0000
[I](2022-04-05  12:33:30 pm)    Taper_Ar:      0.0000
[I](2022-04-05  12:48:28 pm)
[I](2022-04-05  12:48:28 pm)Work completed.
[I](2022-04-05  12:48:28 pm)작업 끝.(M02) [d:14][t:00:14:58]
[I](2022-04-05  02:34:10 pm)Reset
[I](2022-04-05  02:34:49 pm)Reset
[A](2022-04-05  02:35:11 pm)[037] 자동결선 잔여 WIRE 처리 실패!!
[I](2022-04-05  02:37:25 pm)Reset
[I](2022-04-05  02:38:20 pm)작업 시작 [Start d:147]
[I](2022-04-05  02:38:20 pm)Nc File: [No.0005-623.NC]
[I](2022-04-05  02:38:20 pm)  * Start Machine Position
[I](2022-04-05  02:38:20 pm)    X:    284.7084
[I](2022-04-05  02:38:20 pm)    Y:   -299.4881
[I](2022-04-05  02:38:20 pm)    U:      0.0000
[I](2022-04-05  02:38:20 pm)    V:      0.0000
[I](2022-04-05  02:38:20 pm)    Z:     53.8302
[I](2022-04-05  02:38:20 pm)  * Angle
[I](2022-04-05  02:38:20 pm)    Ar:     -0.1930,Kr:      0.0000
[I](2022-04-05  02:38:20 pm)    Taper_Ar:      0.0000
[I](2022-04-05  02:38:20 pm)작업중 정지 [d:0][t:00:00:00]
[I](2022-04-05  02:38:20 pm)    [LNo:0005] 000238/001594
[I](2022-04-05  02:39:05 pm)작업중 정지 [d:0][t:00:00:45]
[I](2022-04-05  02:39:05 pm)    [LNo:0005] 001568/001594
[I](2022-04-05  02:39:36 pm)
[I](2022-04-05  02:39:36 pm)Work completed.
[I](2022-04-05  02:39:36 pm)작업 끝.(M02) [d:0][t:00:01:16]
[I](2022-04-05  02:39:37 pm)Reset
[I](2022-04-05  02:39:37 pm)Reset
[I](2022-04-05  02:39:47 pm)Reset
[I](2022-04-05  02:39:51 pm)Reset
[I](2022-04-05  02:40:05 pm)작업 시작 [Start d:147]
[I](2022-04-05  02:40:05 pm)Nc File: [No.0005-623.NC]
[I](2022-04-05  02:40:05 pm)  * Start Machine Position
[I](2022-04-05  02:40:05 pm)    X:    189.9427
[I](2022-04-05  02:40:05 pm)    Y:   -306.9729
[I](2022-04-05  02:40:05 pm)    U:      0.0000
[I](2022-04-05  02:40:05 pm)    V:      0.0000
[I](2022-04-05  02:40:05 pm)    Z:     53.8302
[I](2022-04-05  02:40:05 pm)  * Angle
[I](2022-04-05  02:40:05 pm)    Ar:     -0.1930,Kr:      0.0000
[I](2022-04-05  02:40:05 pm)    Taper_Ar:      0.0000
[I](2022-04-05  02:40:37 pm)작업중 정지 [d:0][t:00:00:32]
[I](2022-04-05  02:40:37 pm)    [LNo:0005] 000197/001594
[I](2022-04-05  02:41:09 pm)작업중 정지 [d:0][t:00:01:04]
[I](2022-04-05  02:41:09 pm)    [LNo:0005] 000200/001594
[I](2022-04-05  02:41:33 pm)작업중 정지 [d:0][t:00:01:27]
[I](2022-04-05  02:41:33 pm)    [LNo:0005] 000565/001594
[I](2022-04-05  02:42:33 pm)Reset
[I](2022-04-05  02:42:56 pm)Reset
[I](2022-04-05  02:43:11 pm)작업 시작 [Start d:147]
[I](2022-04-05  02:43:11 pm)Nc File: [No.0005-623.NC]
[I](2022-04-05  02:43:11 pm)  * Start Machine Position
[I](2022-04-05  02:43:11 pm)    X:    189.9427
[I](2022-04-05  02:43:11 pm)    Y:   -306.9729
[I](2022-04-05  02:43:11 pm)    U:      0.0000
[I](2022-04-05  02:43:11 pm)    V:      0.0000
[I](2022-04-05  02:43:11 pm)    Z:     53.8302
[I](2022-04-05  02:43:11 pm)  * Angle
[I](2022-04-05  02:43:11 pm)    Ar:     -0.1930,Kr:      0.0000
[I](2022-04-05  02:43:11 pm)    Taper_Ar:      0.0000
[I](2022-04-05  02:49:40 pm)작업중 정지 [d:-140][t:00:06:28]
[I](2022-04-05  02:49:40 pm)    [LNo:0005] 000023/001594
[I](2022-04-05  02:50:08 pm)작업 재시작
[I](2022-04-05  02:50:21 pm)작업중 정지 [d:-140][t:00:07:09]
[I](2022-04-05  02:50:21 pm)    [LNo:0005] 000023/001594
[I](2022-04-05  02:50:21 pm)작업중 30sec 접촉 정지 [d:-140][t:00:07:09]
[I](2022-04-05  02:50:29 pm)작업 재시작
[I](2022-04-05  02:50:32 pm)작업중 정지 [d:-140][t:00:07:20]
[I](2022-04-05  02:50:32 pm)    [LNo:0005] 000023/001594
[I](2022-04-05  02:51:08 pm)작업 재시작
[I](2022-04-05  02:56:36 pm)작업중 정지 [d:-135][t:00:13:25]
[I](2022-04-05  02:56:36 pm)    [LNo:0005] 000047/001594
[I](2022-04-05  02:57:00 pm)작업 재시작
[I](2022-04-05  02:59:04 pm)작업중 정지 [d:-133][t:00:15:53]
[I](2022-04-05  02:59:04 pm)    [LNo:0005] 000068/001594
[A](2022-04-05  02:59:04 pm)[011] 자동결선 Error(M21-잔여와이어 처리실패)
[I](2022-04-05  02:59:10 pm)Reset
[I](2022-04-05  02:59:19 pm)작업 시작 [Start d:14]
[I](2022-04-05  02:59:19 pm)Nc File: [No.0005-623.NC]
[I](2022-04-05  02:59:19 pm)  * Start Machine Position
[I](2022-04-05  02:59:19 pm)    X:    189.9427
[I](2022-04-05  02:59:19 pm)    Y:   -306.9729
[I](2022-04-05  02:59:19 pm)    U:      0.0000
[I](2022-04-05  02:59:19 pm)    V:      0.0000
[I](2022-04-05  02:59:19 pm)    Z:     53.8302
[I](2022-04-05  02:59:19 pm)  * Angle
[I](2022-04-05  02:59:19 pm)    Ar:     -0.1930,Kr:      0.0000
[I](2022-04-05  02:59:19 pm)    Taper_Ar:      0.0000
[I](2022-04-05  03:09:44 pm)작업중 정지 [d:-5][t:00:10:24]
[I](2022-04-05  03:09:44 pm)    [LNo:0005] 001031/001594
[A](2022-04-05  03:10:10 pm)[037] 자동결선 잔여 WIRE 처리 실패!!
[I](2022-04-05  03:11:10 pm)Reset
[I](2022-04-05  03:11:18 pm)작업 시작 [Start d:9]
[I](2022-04-05  03:11:18 pm)Nc File: [No.0005-623.NC]
[I](2022-04-05  03:11:18 pm)  * Start Machine Position
[I](2022-04-05  03:11:18 pm)    X:    189.9427
[I](2022-04-05  03:11:18 pm)    Y:   -306.9729
[I](2022-04-05  03:11:18 pm)    U:      0.0000
[I](2022-04-05  03:11:18 pm)    V:      0.0000
[I](2022-04-05  03:11:18 pm)    Z:     53.8302
[I](2022-04-05  03:11:18 pm)  * Angle
[I](2022-04-05  03:11:18 pm)    Ar:     -0.1930,Kr:      0.0000
[I](2022-04-05  03:11:18 pm)    Taper_Ar:      0.0000
[I](2022-04-05  03:16:06 pm)작업중 정지 [d:4][t:00:04:48]
[I](2022-04-05  03:16:06 pm)    [LNo:0005] 000088/001594
[I](2022-04-05  03:16:06 pm)작업중 30sec 접촉 정지 [d:4][t:00:04:48]
[I](2022-04-05  03:17:30 pm)작업 재시작
[I](2022-04-05  03:24:24 pm)작업중 정지 [d:10][t:00:13:06]
[I](2022-04-05  03:24:24 pm)    [LNo:0005] 000129/001594
[I](2022-04-05  03:24:24 pm)작업중 30sec 접촉 정지 [d:10][t:00:13:06]
[I](2022-04-05  03:25:01 pm)작업 재시작
[I](2022-04-05  03:31:44 pm)작업중 정지 [d:16][t:00:20:26]
[I](2022-04-05  03:31:44 pm)    [LNo:0005] 000170/001594
[I](2022-04-05  03:32:15 pm)작업 재시작
[I](2022-04-05  03:39:01 pm)작업중 정지 [d:22][t:00:27:43]
[I](2022-04-05  03:39:01 pm)    [LNo:0005] 000211/001594
[I](2022-04-05  03:39:01 pm)작업중 30sec 접촉 정지 [d:22][t:00:27:43]
[I](2022-04-05  03:39:41 pm)작업 재시작
[I](2022-04-05  03:46:30 pm)작업중 정지 [d:27][t:00:35:12]
[I](2022-04-05  03:46:30 pm)    [LNo:0005] 000252/001594
[I](2022-04-05  03:46:30 pm)작업중 30sec 접촉 정지 [d:27][t:00:35:12]
[I](2022-04-05  03:47:10 pm)작업 재시작
[I](2022-04-05  03:54:04 pm)작업중 정지 [d:33][t:00:42:46]
[I](2022-04-05  03:54:04 pm)    [LNo:0005] 000293/001594
[I](2022-04-05  03:54:36 pm)작업 재시작
[I](2022-04-05  04:01:19 pm)작업중 정지 [d:38][t:00:50:01]
[I](2022-04-05  04:01:19 pm)    [LNo:0005] 000334/001594
[I](2022-04-05  04:01:19 pm)작업중 30sec 접촉 정지 [d:38][t:00:50:01]
[I](2022-04-05  04:02:51 pm)작업 재시작
[I](2022-04-05  04:09:37 pm)작업중 정지 [d:43][t:00:58:19]
[I](2022-04-05  04:09:37 pm)    [LNo:0005] 000375/001594
[I](2022-04-05  04:10:08 pm)작업 재시작
[I](2022-04-05  04:13:40 pm)작업중 정지 [d:46][t:01:02:22]
[I](2022-04-05  04:13:40 pm)    [LNo:0005] 000410/001594
[A](2022-04-05  04:13:40 pm)[008] 작업중 단선(AWF Feed Motor Stop )
[I](2022-04-05  04:13:40 pm)작업중 Wire 단선 [d:46][t:01:02:22]
[I](2022-04-05  04:13:52 pm)작업 재시작
[I](2022-04-05  04:13:54 pm)작업중 정지 [d:46][t:01:02:36]
[I](2022-04-05  04:13:54 pm)    [LNo:0005] 000410/001594
[A](2022-04-05  04:13:54 pm)[008] 작업중 단선(AWF Feed Motor Stop )
[I](2022-04-05  04:13:55 pm)작업중 Wire 단선 [d:46][t:01:02:36]
[I](2022-04-05  04:14:06 pm)작업 재시작
[I](2022-04-05  04:17:16 pm)작업중 정지 [d:49][t:01:05:58]
[I](2022-04-05  04:17:16 pm)    [LNo:0005] 000416/001594
[I](2022-04-05  04:17:49 pm)작업 재시작
[I](2022-04-05  04:24:32 pm)작업중 정지 [d:54][t:01:13:13]
[I](2022-04-05  04:24:32 pm)    [LNo:0005] 000457/001594
[I](2022-04-05  04:25:03 pm)작업 재시작
[I](2022-04-05  04:31:51 pm)작업중 정지 [d:60][t:01:20:33]
[I](2022-04-05  04:31:51 pm)    [LNo:0005] 000498/001594
[I](2022-04-05  04:31:51 pm)작업중 30sec 접촉 정지 [d:60][t:01:20:33]
[I](2022-04-05  04:32:53 pm)작업 재시작
[I](2022-04-05  04:39:27 pm)작업중 정지 [d:64][t:01:28:09]
[I](2022-04-05  04:39:27 pm)    [LNo:0005] 000539/001594
[I](2022-04-05  04:39:27 pm)작업중 30sec 접촉 정지 [d:64][t:01:28:09]
[I](2022-04-05  04:39:59 pm)작업 재시작
[I](2022-04-05  04:46:25 pm)작업중 정지 [d:69][t:01:35:06]
[I](2022-04-05  04:46:25 pm)    [LNo:0005] 000580/001594
[I](2022-04-05  04:46:25 pm)작업중 30sec 접촉 정지 [d:69][t:01:35:07]
[I](2022-04-05  04:46:38 pm)작업 재시작
[I](2022-04-05  04:46:39 pm)작업중 정지 [d:69][t:01:35:20]
[I](2022-04-05  04:46:39 pm)    [LNo:0005] 000580/001594
[I](2022-04-05  04:46:59 pm)작업 재시작
[I](2022-04-05  04:53:29 pm)작업중 정지 [d:74][t:01:42:11]
[I](2022-04-05  04:53:29 pm)    [LNo:0005] 000621/001594
[I](2022-04-05  04:53:29 pm)작업중 30sec 접촉 정지 [d:74][t:01:42:11]
[I](2022-04-05  04:54:05 pm)작업 재시작
[I](2022-04-05  05:00:35 pm)작업중 정지 [d:80][t:01:49:17]
[I](2022-04-05  05:00:35 pm)    [LNo:0005] 000662/001594
[I](2022-04-05  05:01:05 pm)작업 재시작
[I](2022-04-05  05:07:29 pm)작업중 정지 [d:85][t:01:56:10]
[I](2022-04-05  05:07:29 pm)    [LNo:0005] 000703/001594
[I](2022-04-05  05:08:00 pm)작업 재시작
[I](2022-04-05  05:14:27 pm)작업중 정지 [d:90][t:02:03:08]
[I](2022-04-05  05:14:27 pm)    [LNo:0005] 000744/001594
[I](2022-04-05  05:14:27 pm)작업중 30sec 접촉 정지 [d:90][t:02:03:08]
[I](2022-04-05  05:15:05 pm)작업 재시작
[I](2022-04-05  05:21:42 pm)작업중 정지 [d:96][t:02:10:24]
[I](2022-04-05  05:21:42 pm)    [LNo:0005] 000785/001594
[I](2022-04-05  05:22:17 pm)작업 재시작
[I](2022-04-05  05:28:44 pm)작업중 정지 [d:102][t:02:17:26]
[I](2022-04-05  05:28:44 pm)    [LNo:0005] 000826/001594
[I](2022-04-05  05:29:14 pm)작업 재시작
[I](2022-04-05  05:35:42 pm)작업중 정지 [d:108][t:02:24:24]
[I](2022-04-05  05:35:42 pm)    [LNo:0005] 000867/001594
[I](2022-04-05  05:36:09 pm)작업 재시작
[I](2022-04-05  05:38:08 pm)작업중 정지 [d:110][t:02:26:49]
[I](2022-04-05  05:38:08 pm)    [LNo:0005] 000888/001594
[A](2022-04-05  05:38:08 pm)[011] 자동결선 Error(M21-잔여와이어 처리실패)
[A](2022-04-05  05:38:24 pm)[053] Emergency Stop
[A](2022-04-05  05:38:24 pm)[053] Emergency Stop
[I](2022-04-05  05:38:24 pm)Ready Off
[I](2022-04-05  05:38:24 pm)    X:    231.1504
[I](2022-04-05  05:38:24 pm)    Y:   -346.3079
[I](2022-04-05  05:38:24 pm)    U:      0.0000
[I](2022-04-05  05:38:24 pm)    V:      0.0000
[I](2022-04-05  05:38:24 pm)    Z:    153.8302
[A](2022-04-05  05:38:24 pm)[005] READY Off(Alarm)
[I](2022-04-05  05:38:24 pm)    X:    231.1504
[I](2022-04-05  05:38:24 pm)    Y:   -346.3079
[I](2022-04-05  05:38:24 pm)    U:      0.0000
[I](2022-04-05  05:38:24 pm)    V:      0.0000
[I](2022-04-05  05:38:24 pm)    Z:    153.8302
