[I](2022-05-31  04:58:39 am)작업중 정지 [d:536][t:09:10:31]
[I](2022-05-31  04:58:39 am)    [LNo:0002] 000406/001092
[I](2022-05-31  04:58:39 am)작업중 M코드정지 [d:536][t:09:10:32]
[I](2022-05-31  08:47:38 am)작업중 정지 [d:536][t:12:59:31]
[I](2022-05-31  08:47:38 am)    [LNo:0002] 000409/001092
[I](2022-05-31  08:47:38 am)작업중 M코드정지 [d:536][t:12:59:31]
[I](2022-05-31  08:48:09 am)작업중 정지 [d:536][t:13:00:02]
[I](2022-05-31  08:48:09 am)    [LNo:0002] 001070/001092
[I](2022-05-31  08:52:22 am)작업중 정지 [d:540][t:13:04:14]
[I](2022-05-31  08:52:22 am)    [LNo:0002] 001081/001092
[I](2022-05-31  08:52:22 am)작업중 M코드정지 [d:540][t:13:04:14]
[I](2022-05-31  08:54:59 am)작업중 정지 [d:540][t:13:06:51]
[I](2022-05-31  08:54:59 am)    [LNo:0002] 001082/001092
[I](2022-05-31  08:54:59 am)Wire Contact Auto Stop(M52)
[I](2022-05-31  08:56:04 am)작업 재시작
[I](2022-05-31  08:56:05 am)작업중 정지 [d:540][t:13:07:58]
[I](2022-05-31  08:56:05 am)    [LNo:0002] 001084/001092
[I](2022-05-31  08:56:05 am)작업중 M코드정지 [d:540][t:13:07:58]
[I](2022-05-31  08:56:42 am)작업중 정지 [d:540][t:13:08:35]
[I](2022-05-31  08:56:42 am)    [LNo:0002] 000413/001092
[I](2022-05-31  09:00:43 am)작업중 정지 [d:543][t:13:12:36]
[I](2022-05-31  09:00:43 am)    [LNo:0002] 000426/001092
[I](2022-05-31  09:00:43 am)작업중 M코드정지 [d:543][t:13:12:36]
[I](2022-05-31  09:00:56 am)작업중 정지 [d:543][t:13:12:49]
[I](2022-05-31  09:00:56 am)    [LNo:0002] 000427/001092
[I](2022-05-31  09:00:56 am)Wire Contact Auto Stop(M52)
[I](2022-05-31  09:01:28 am)작업 재시작
[I](2022-05-31  09:02:53 am)작업중 정지 [d:543][t:13:14:46]
[I](2022-05-31  09:02:53 am)    [LNo:0002] 000444/001092
[I](2022-05-31  09:06:18 am)작업 재시작
[I](2022-05-31  09:07:18 am)작업중 정지 [d:544][t:13:19:11]
[I](2022-05-31  09:07:18 am)    [LNo:0002] 000449/001092
[I](2022-05-31  09:07:18 am)작업중 M코드정지 [d:544][t:13:19:11]
[I](2022-05-31  09:07:43 am)작업중 정지 [d:544][t:13:19:36]
[I](2022-05-31  09:07:43 am)    [LNo:0002] 000450/001092
[I](2022-05-31  09:07:43 am)Wire Contact Auto Stop(M52)
[I](2022-05-31  09:08:16 am)작업 재시작
[I](2022-05-31  09:10:44 am)작업중 정지 [d:545][t:13:22:37]
[I](2022-05-31  09:10:44 am)    [LNo:0002] 000472/001092
[I](2022-05-31  09:10:45 am)작업중 M코드정지 [d:545][t:13:22:37]
[I](2022-05-31  09:11:32 am)작업중 정지 [d:545][t:13:23:25]
[I](2022-05-31  09:11:32 am)    [LNo:0002] 000473/001092
[I](2022-05-31  09:11:32 am)Wire Contact Auto Stop(M52)
[I](2022-05-31  09:12:05 am)작업 재시작
[I](2022-05-31  09:14:28 am)작업중 정지 [d:546][t:13:26:21]
[I](2022-05-31  09:14:28 am)    [LNo:0002] 000495/001092
[I](2022-05-31  09:14:28 am)작업중 M코드정지 [d:546][t:13:26:21]
[I](2022-05-31  09:14:45 am)작업중 정지 [d:546][t:13:26:37]
[I](2022-05-31  09:14:45 am)    [LNo:0002] 000496/001092
[I](2022-05-31  09:14:45 am)Wire Contact Auto Stop(M52)
[I](2022-05-31  09:15:18 am)작업 재시작
[I](2022-05-31  09:17:37 am)작업중 정지 [d:547][t:13:29:30]
[I](2022-05-31  09:17:37 am)    [LNo:0002] 000518/001092
[I](2022-05-31  09:17:37 am)작업중 M코드정지 [d:547][t:13:29:30]
[I](2022-05-31  09:17:57 am)작업중 정지 [d:547][t:13:29:50]
[I](2022-05-31  09:17:57 am)    [LNo:0002] 000519/001092
[I](2022-05-31  09:17:57 am)Wire Contact Auto Stop(M52)
[I](2022-05-31  09:18:24 am)작업 재시작
[I](2022-05-31  09:20:38 am)작업중 정지 [d:548][t:13:32:31]
[I](2022-05-31  09:20:38 am)    [LNo:0002] 000541/001092
[I](2022-05-31  09:20:38 am)작업중 M코드정지 [d:548][t:13:32:31]
[I](2022-05-31  09:20:58 am)작업중 정지 [d:548][t:13:32:51]
[I](2022-05-31  09:20:58 am)    [LNo:0002] 000542/001092
[I](2022-05-31  09:20:58 am)Wire Contact Auto Stop(M52)
[I](2022-05-31  09:21:36 am)작업 재시작
[I](2022-05-31  09:24:06 am)작업중 정지 [d:549][t:13:35:59]
[I](2022-05-31  09:24:06 am)    [LNo:0002] 000565/001092
[I](2022-05-31  09:24:06 am)작업중 M코드정지 [d:549][t:13:35:59]
[I](2022-05-31  09:24:26 am)작업중 정지 [d:549][t:13:36:19]
[I](2022-05-31  09:24:26 am)    [LNo:0002] 000566/001092
[I](2022-05-31  09:24:47 am)작업 재시작
[I](2022-05-31  09:27:18 am)작업중 정지 [d:550][t:13:39:11]
[I](2022-05-31  09:27:18 am)    [LNo:0002] 000588/001092
[I](2022-05-31  09:27:18 am)작업중 M코드정지 [d:550][t:13:39:11]
[I](2022-05-31  09:27:35 am)작업중 정지 [d:550][t:13:39:28]
[I](2022-05-31  09:27:35 am)    [LNo:0002] 000589/001092
[I](2022-05-31  09:27:35 am)Wire Contact Auto Stop(M52)
[I](2022-05-31  09:28:01 am)작업 재시작
[I](2022-05-31  09:30:22 am)작업중 정지 [d:551][t:13:42:14]
[I](2022-05-31  09:30:22 am)    [LNo:0002] 000611/001092
[I](2022-05-31  09:30:22 am)작업중 M코드정지 [d:551][t:13:42:14]
[I](2022-05-31  09:30:42 am)작업중 정지 [d:551][t:13:42:35]
[I](2022-05-31  09:30:42 am)    [LNo:0002] 000612/001092
[I](2022-05-31  09:30:42 am)Wire Contact Auto Stop(M52)
[I](2022-05-31  09:31:06 am)작업 재시작
[I](2022-05-31  09:34:13 am)작업중 정지 [d:553][t:13:46:06]
[I](2022-05-31  09:34:13 am)    [LNo:0002] 000634/001092
[I](2022-05-31  09:34:13 am)작업중 M코드정지 [d:553][t:13:46:06]
[I](2022-05-31  09:34:28 am)작업중 정지 [d:553][t:13:46:21]
[I](2022-05-31  09:34:28 am)    [LNo:0002] 000635/001092
[I](2022-05-31  09:34:28 am)Wire Contact Auto Stop(M52)
[I](2022-05-31  09:34:58 am)작업 재시작
[I](2022-05-31  09:37:21 am)작업중 정지 [d:554][t:13:49:14]
[I](2022-05-31  09:37:21 am)    [LNo:0002] 000657/001092
[I](2022-05-31  09:37:21 am)작업중 M코드정지 [d:554][t:13:49:14]
[I](2022-05-31  09:37:38 am)작업중 정지 [d:554][t:13:49:31]
[I](2022-05-31  09:37:38 am)    [LNo:0002] 000658/001092
[I](2022-05-31  09:37:38 am)Wire Contact Auto Stop(M52)
[I](2022-05-31  09:37:58 am)작업 재시작
[I](2022-05-31  09:38:05 am)작업중 정지 [d:554][t:13:49:58]
[I](2022-05-31  09:38:05 am)    [LNo:0002] 000661/001092
[A](2022-05-31  09:38:40 am)[037] 자동결선 잔여 WIRE 처리 실패!!
[I](2022-05-31  11:04:10 am)작업중 정지 [d:40][t:15:16:03]
[I](2022-05-31  11:04:10 am)    [LNo:0002] 000863/001092
[A](2022-05-31  11:04:11 am)[011] 자동결선 Error(M21-잔여와이어 처리실패)
[I](2022-05-31  11:05:15 am)Reset
[I](2022-05-31  11:05:37 am)작업 시작 [Start d:74]
[I](2022-05-31  11:05:37 am)Nc File: [No.0001-299.NC]
[I](2022-05-31  11:05:37 am)  * Start Machine Position
[I](2022-05-31  11:05:37 am)    X:    328.1824
[I](2022-05-31  11:05:37 am)    Y:   -277.0202
[I](2022-05-31  11:05:37 am)    U:      0.0000
[I](2022-05-31  11:05:37 am)    V:      0.0000
[I](2022-05-31  11:05:37 am)    Z:     31.4549
[I](2022-05-31  11:05:37 am)  * Angle
[I](2022-05-31  11:05:37 am)    Ar:     -0.0335,Kr:      0.0000
[I](2022-05-31  11:05:37 am)    Taper_Ar:      0.0000
[I](2022-05-31  11:11:10 am)작업중 정지 [d:2][t:00:05:33]
[I](2022-05-31  11:11:10 am)    [LNo:0001] 000785/001131
[I](2022-05-31  11:15:32 am)작업중 정지 [d:4][t:00:09:54]
[I](2022-05-31  11:15:32 am)    [LNo:0001] 000853/001131
[I](2022-05-31  11:18:08 am)작업 재시작
[I](2022-05-31  11:18:10 am)작업중 정지 [d:4][t:00:12:32]
[I](2022-05-31  11:18:10 am)    [LNo:0001] 000854/001131
[I](2022-05-31  11:18:13 am)작업중 정지 [d:4][t:00:12:35]
[I](2022-05-31  11:18:13 am)    [LNo:0001] 000854/001131
[A](2022-05-31  11:18:13 am)[010] 자동결선 Error(M21-절단실패)
[I](2022-05-31  11:32:00 am)작업중 정지 [d:15][t:00:26:22]
[I](2022-05-31  11:32:00 am)    [LNo:0001] 000901/001131
[I](2022-05-31  11:32:00 am)작업중 M코드정지 [d:15][t:00:26:22]
[A](2022-05-31  11:32:56 am)[036] 자동결선 절단 공정 실패!!
[I](2022-05-31  11:54:45 am)작업중 정지 [d:31][t:00:49:07]
[I](2022-05-31  11:54:45 am)    [LNo:0001] 001011/001131
[I](2022-05-31  11:54:45 am)작업중 M코드정지 [d:31][t:00:49:07]
[I](2022-05-31  12:27:44 pm)작업중 정지 [d:55][t:01:22:06]
[I](2022-05-31  12:27:44 pm)    [LNo:0001] 001127/001131
[I](2022-05-31  12:27:44 pm)작업중 M코드정지 [d:55][t:01:22:06]
[I](2022-05-31  01:16:37 pm)Reset
[I](2022-05-31  01:16:44 pm)Reset
[I](2022-05-31  01:17:22 pm)Reset
[I](2022-05-31  01:17:29 pm)Reset
[I](2022-05-31  01:21:12 pm)Reset
[I](2022-05-31  01:25:46 pm)Reset
[A](2022-05-31  01:26:12 pm)[037] 자동결선 잔여 WIRE 처리 실패!!
[I](2022-05-31  01:30:12 pm)Reset
[I](2022-05-31  01:33:18 pm)Reset
[I](2022-05-31  01:33:47 pm)Reset
[I](2022-05-31  01:34:20 pm)Reset
[I](2022-05-31  01:35:15 pm)작업 시작 [Start d:129]
[I](2022-05-31  01:35:15 pm)Nc File: [No.0001-327.NC]
[I](2022-05-31  01:35:15 pm)  * Start Machine Position
[I](2022-05-31  01:35:15 pm)    X:    254.8678
[I](2022-05-31  01:35:15 pm)    Y:   -228.0418
[I](2022-05-31  01:35:15 pm)    U:      0.0000
[I](2022-05-31  01:35:15 pm)    V:      0.0000
[I](2022-05-31  01:35:15 pm)    Z:     30.5458
[I](2022-05-31  01:35:15 pm)  * Angle
[I](2022-05-31  01:35:15 pm)    Ar:     -0.0327,Kr:      0.0000
[I](2022-05-31  01:35:15 pm)    Taper_Ar:      0.0000
[I](2022-05-31  01:35:23 pm)작업중 정지 [d:0][t:00:00:08]
[I](2022-05-31  01:35:23 pm)    [LNo:0001] 000009/000430
[I](2022-05-31  01:36:16 pm)작업 재시작
[I](2022-05-31  01:37:40 pm)작업중 정지 [d:0][t:00:02:25]
[I](2022-05-31  01:37:40 pm)    [LNo:0001] 000013/000430
[I](2022-05-31  01:38:08 pm)작업중 정지 [d:0][t:00:02:53]
[I](2022-05-31  01:38:08 pm)    [LNo:0001] 000020/000430
[I](2022-05-31  01:38:56 pm)작업중 정지 [d:0][t:00:03:41]
[I](2022-05-31  01:38:56 pm)    [LNo:0001] 000038/000430
[A](2022-05-31  01:39:22 pm)[037] 자동결선 잔여 WIRE 처리 실패!!
[I](2022-05-31  01:56:36 pm)작업중 정지 [d:16][t:00:21:21]
[I](2022-05-31  01:56:36 pm)    [LNo:0001] 000073/000430
[I](2022-05-31  01:56:36 pm)작업중 M코드정지 [d:16][t:00:21:21]
[I](2022-05-31  01:59:02 pm)작업중 정지 [d:16][t:00:23:47]
[I](2022-05-31  01:59:02 pm)    [LNo:0001] 000075/000430
[I](2022-05-31  01:59:02 pm)작업중 M코드정지 [d:16][t:00:23:47]
[I](2022-05-31  02:08:00 pm)작업중 정지 [d:23][t:00:32:45]
[I](2022-05-31  02:08:00 pm)    [LNo:0001] 000131/000430
[I](2022-05-31  02:08:00 pm)작업중 M코드정지 [d:23][t:00:32:45]
[I](2022-05-31  02:09:26 pm)작업중 정지 [d:23][t:00:34:10]
[I](2022-05-31  02:09:26 pm)    [LNo:0001] 000134/000430
[I](2022-05-31  02:09:26 pm)작업중 M코드정지 [d:23][t:00:34:11]
[I](2022-05-31  02:41:09 pm)작업중 정지 [d:52][t:01:05:54]
[I](2022-05-31  02:41:09 pm)    [LNo:0001] 000216/000430
[I](2022-05-31  02:41:09 pm)작업중 M코드정지 [d:52][t:01:05:54]
[I](2022-05-31  02:41:44 pm)작업중 정지 [d:52][t:01:06:28]
[I](2022-05-31  02:41:44 pm)    [LNo:0001] 000218/000430
[I](2022-05-31  02:41:44 pm)작업중 M코드정지 [d:52][t:01:06:28]
[I](2022-05-31  02:55:50 pm)작업중 정지 [d:65][t:01:20:35]
[I](2022-05-31  02:55:50 pm)    [LNo:0001] 000268/000430
[I](2022-05-31  02:55:50 pm)작업중 30sec 접촉 정지 [d:65][t:01:20:35]
[I](2022-05-31  03:01:02 pm)작업 재시작
[I](2022-05-31  03:06:26 pm)작업중 정지 [d:71][t:01:31:10]
[I](2022-05-31  03:06:26 pm)    [LNo:0001] 000269/000430
[I](2022-05-31  03:06:26 pm)작업중 M코드정지 [d:71][t:01:31:10]
[I](2022-05-31  03:07:16 pm)작업중 정지 [d:72][t:01:32:01]
[I](2022-05-31  03:07:16 pm)    [LNo:0001] 000272/000430
[I](2022-05-31  03:07:16 pm)작업중 M코드정지 [d:72][t:01:32:01]
[I](2022-05-31  03:14:41 pm)작업중 정지 [d:78][t:01:39:26]
[I](2022-05-31  03:14:41 pm)    [LNo:0001] 000333/000430
[I](2022-05-31  03:14:41 pm)작업중 M코드정지 [d:78][t:01:39:26]
[I](2022-05-31  03:15:24 pm)작업중 정지 [d:78][t:01:40:09]
[I](2022-05-31  03:15:24 pm)    [LNo:0001] 000336/000430
[I](2022-05-31  03:15:24 pm)작업중 M코드정지 [d:78][t:01:40:09]
[I](2022-05-31  03:24:02 pm)작업중 정지 [d:85][t:01:48:47]
[I](2022-05-31  03:24:02 pm)    [LNo:0001] 000392/000430
[I](2022-05-31  03:24:02 pm)작업중 M코드정지 [d:85][t:01:48:47]
[I](2022-05-31  03:27:01 pm)작업중 정지 [d:85][t:01:51:46]
[I](2022-05-31  03:27:01 pm)    [LNo:0001] 000393/000430
[I](2022-05-31  03:27:01 pm)작업중 30sec 접촉 정지 [d:85][t:01:51:46]
[I](2022-05-31  03:28:29 pm)작업 재시작
[I](2022-05-31  03:28:38 pm)작업중 정지 [d:85][t:01:53:23]
[I](2022-05-31  03:28:38 pm)    [LNo:0001] 000395/000430
[I](2022-05-31  03:28:38 pm)작업중 M코드정지 [d:85][t:01:53:23]
[I](2022-05-31  03:36:00 pm)작업중 정지 [d:91][t:02:00:45]
[I](2022-05-31  03:36:00 pm)    [LNo:0001] 000417/000430
[I](2022-05-31  03:36:00 pm)작업중 M코드정지 [d:91][t:02:00:45]
[I](2022-05-31  03:44:00 pm)작업중 정지 [d:91][t:02:08:45]
[I](2022-05-31  03:44:00 pm)    [LNo:0001] 000420/000430
[I](2022-05-31  03:44:00 pm)작업중 M코드정지 [d:91][t:02:08:45]
[I](2022-05-31  03:50:55 pm)Reset
[I](2022-05-31  03:51:38 pm)Reset
[A](2022-05-31  03:51:43 pm)[034] 자동결선 하부 뭉치 WIRE CONTACT!!
[A](2022-05-31  03:51:47 pm)[034] 자동결선 하부 뭉치 WIRE CONTACT!!
[A](2022-05-31  03:51:59 pm)[034] 자동결선 하부 뭉치 WIRE CONTACT!!
[I](2022-05-31  03:52:02 pm)Reset
[I](2022-05-31  03:52:03 pm)Reset
[A](2022-05-31  03:52:05 pm)[034] 자동결선 하부 뭉치 WIRE CONTACT!!
[I](2022-05-31  03:56:27 pm)Reset
[I](2022-05-31  04:00:22 pm)Reset
[A](2022-05-31  04:00:47 pm)[037] 자동결선 잔여 WIRE 처리 실패!!
[I](2022-05-31  04:05:00 pm)Reset
[I](2022-05-31  04:08:05 pm)Reset
[I](2022-05-31  04:08:34 pm)Reset
[I](2022-05-31  04:09:16 pm)Reset
[I](2022-05-31  04:09:42 pm)작업 시작 [Start d:220]
[I](2022-05-31  04:09:42 pm)Nc File: [No.0002-332.NC]
[I](2022-05-31  04:09:42 pm)  * Start Machine Position
[I](2022-05-31  04:09:42 pm)    X:    252.0464
[I](2022-05-31  04:09:42 pm)    Y:   -199.0839
[I](2022-05-31  04:09:42 pm)    U:      0.0000
[I](2022-05-31  04:09:42 pm)    V:      0.0000
[I](2022-05-31  04:09:42 pm)    Z:     23.4983
[I](2022-05-31  04:09:42 pm)  * Angle
[I](2022-05-31  04:09:42 pm)    Ar:     -0.5055,Kr:      0.0000
[I](2022-05-31  04:09:42 pm)    Taper_Ar:      0.0000
[I](2022-05-31  04:10:00 pm)작업중 정지 [d:0][t:00:00:18]
[I](2022-05-31  04:10:00 pm)    [LNo:0002] 000013/000173
[A](2022-05-31  04:10:25 pm)[002] 가공액 미동작
[I](2022-05-31  04:16:57 pm)작업중 정지 [d:5][t:00:07:15]
[I](2022-05-31  04:16:57 pm)    [LNo:0002] 000059/000173
[I](2022-05-31  04:16:57 pm)작업중 M코드정지 [d:5][t:00:07:15]
[I](2022-05-31  04:18:29 pm)작업중 정지 [d:5][t:00:08:47]
[I](2022-05-31  04:18:29 pm)    [LNo:0002] 000063/000173
[I](2022-05-31  04:18:29 pm)작업중 M코드정지 [d:5][t:00:08:47]
[I](2022-05-31  04:31:33 pm)작업중 정지 [d:17][t:00:21:51]
[I](2022-05-31  04:31:33 pm)    [LNo:0002] 000121/000173
[I](2022-05-31  04:31:33 pm)작업중 M코드정지 [d:17][t:00:21:51]
[I](2022-05-31  04:46:27 pm)작업중 정지 [d:30][t:00:36:45]
[I](2022-05-31  04:46:27 pm)    [LNo:0002] 000129/000173
[I](2022-05-31  04:46:27 pm)작업중 M코드정지 [d:30][t:00:36:45]
[I](2022-05-31  04:49:23 pm)작업중 정지 [d:30][t:00:39:41]
[I](2022-05-31  04:49:23 pm)    [LNo:0002] 000131/000173
[I](2022-05-31  04:49:23 pm)작업중 M코드정지 [d:30][t:00:39:41]
[I](2022-05-31  04:55:58 pm)작업중 정지 [d:36][t:00:46:16]
[I](2022-05-31  04:55:58 pm)    [LNo:0002] 000166/000173
[I](2022-05-31  05:11:34 pm)Reset
[I](2022-05-31  05:11:45 pm)Reset
[I](2022-05-31  05:13:18 pm)Reset
[I](2022-05-31  05:15:57 pm)Reset
[I](2022-05-31  05:16:06 pm)Reset
[I](2022-05-31  05:16:46 pm)Reset
[I](2022-05-31  05:16:55 pm)Reset
[I](2022-05-31  05:17:06 pm)Reset
[I](2022-05-31  05:17:46 pm)작업 시작 [Start d:256]
[I](2022-05-31  05:17:46 pm)Nc File: [No.0007-342.NC]
[I](2022-05-31  05:17:46 pm)  * Start Machine Position
[I](2022-05-31  05:17:46 pm)    X:     52.8590
[I](2022-05-31  05:17:46 pm)    Y:   -361.7729
[I](2022-05-31  05:17:46 pm)    U:      0.1355
[I](2022-05-31  05:17:46 pm)    V:     -0.1861
[I](2022-05-31  05:17:46 pm)    Z:     76.8252
[I](2022-05-31  05:17:46 pm)  * Angle
[I](2022-05-31  05:17:46 pm)    Ar:      1.6800,Kr:      0.0000
[I](2022-05-31  05:17:46 pm)    Taper_Ar:      0.0000
[I](2022-05-31  05:17:51 pm)작업중 정지 [d:0][t:00:00:05]
[I](2022-05-31  05:17:51 pm)    [LNo:0007] 000010/000253
[I](2022-05-31  05:17:51 pm)작업중 M코드정지 [d:0][t:00:00:05]
[I](2022-05-31  06:04:24 pm)작업중 정지 [d:45][t:00:46:37]
[I](2022-05-31  06:04:24 pm)    [LNo:0007] 000026/000253
[I](2022-05-31  06:04:49 pm)작업 재시작
[I](2022-05-31  06:04:54 pm)작업중 정지 [d:45][t:00:47:08]
[I](2022-05-31  06:04:54 pm)    [LNo:0007] 000027/000253
[I](2022-05-31  06:04:54 pm)작업중 M코드정지 [d:45][t:00:47:08]
[I](2022-05-31  06:25:03 pm)작업중 정지 [d:65][t:01:07:17]
[I](2022-05-31  06:25:03 pm)    [LNo:0007] 000065/000253
[I](2022-05-31  06:25:03 pm)작업중 M코드정지 [d:65][t:01:07:17]
[I](2022-05-31  06:25:17 pm)Reset
[I](2022-05-31  06:25:26 pm)작업 시작 [Start d:321]
[I](2022-05-31  06:25:26 pm)Nc File: [No.0007-342.NC]
[I](2022-05-31  06:25:26 pm)  * Start Machine Position
[I](2022-05-31  06:25:26 pm)    X:     28.1132
[I](2022-05-31  06:25:26 pm)    Y:   -363.6091
[I](2022-05-31  06:25:26 pm)    U:      0.1355
[I](2022-05-31  06:25:26 pm)    V:     -0.1861
[I](2022-05-31  06:25:26 pm)    Z:     76.8252
[I](2022-05-31  06:25:26 pm)  * Angle
[I](2022-05-31  06:25:26 pm)    Ar:      1.6800,Kr:      0.0000
[I](2022-05-31  06:25:26 pm)    Taper_Ar:      0.0000
[I](2022-05-31  06:31:49 pm)작업중 정지 [d:6][t:00:06:22]
[I](2022-05-31  06:31:49 pm)    [LNo:0007] 000066/000253
[I](2022-05-31  06:31:49 pm)작업중 M코드정지 [d:6][t:00:06:22]
[I](2022-05-31  06:36:10 pm)Reset
[I](2022-05-31  06:38:25 pm)Reset
[I](2022-05-31  06:38:25 pm)Reset
[I](2022-05-31  06:41:02 pm)Reset
[I](2022-05-31  06:41:06 pm)Reset
[I](2022-05-31  06:44:54 pm)Reset
[I](2022-05-31  06:44:59 pm)Reset
[I](2022-05-31  06:46:21 pm)Reset
[A](2022-05-31  06:46:30 pm)[034] 자동결선 하부 뭉치 WIRE CONTACT!!
[A](2022-05-31  06:46:37 pm)[034] 자동결선 하부 뭉치 WIRE CONTACT!!
[I](2022-05-31  06:46:47 pm)Reset
[I](2022-05-31  06:46:47 pm)Reset
[A](2022-05-31  06:46:49 pm)[034] 자동결선 하부 뭉치 WIRE CONTACT!!
[A](2022-05-31  06:47:24 pm)[037] 자동결선 잔여 WIRE 처리 실패!!
[I](2022-05-31  06:52:26 pm)Reset
[I](2022-05-31  06:57:38 pm)Reset
[I](2022-05-31  06:57:41 pm)Reset
[I](2022-05-31  06:57:41 pm)Reset
[I](2022-05-31  06:57:45 pm)Reset
[I](2022-05-31  06:57:45 pm)Reset
[I](2022-05-31  07:01:16 pm)Reset
[I](2022-05-31  07:01:28 pm)작업 시작 [Start d:0]
[I](2022-05-31  07:01:28 pm)Nc File: [No.0005-347.NC]
[I](2022-05-31  07:01:28 pm)  * Start Machine Position
[I](2022-05-31  07:01:28 pm)    X:    146.2125
[I](2022-05-31  07:01:28 pm)    Y:   -276.0916
[I](2022-05-31  07:01:28 pm)    U:      0.0000
[I](2022-05-31  07:01:28 pm)    V:      0.0000
[I](2022-05-31  07:01:28 pm)    Z:     23.4168
[I](2022-05-31  07:01:28 pm)  * Angle
[I](2022-05-31  07:01:28 pm)    Ar:     -0.0490,Kr:      0.0000
[I](2022-05-31  07:01:28 pm)    Taper_Ar:      0.0000
[I](2022-05-31  07:02:02 pm)작업중 정지 [d:0][t:00:00:33]
[I](2022-05-31  07:02:02 pm)    [LNo:0005] 000073/001295
[I](2022-05-31  07:02:36 pm)작업중 정지 [d:0][t:00:01:07]
[I](2022-05-31  07:02:36 pm)    [LNo:0005] 000076/001295
[I](2022-05-31  07:02:52 pm)작업중 정지 [d:0][t:00:01:23]
[I](2022-05-31  07:02:52 pm)    [LNo:0005] 000238/001295
[I](2022-05-31  07:03:48 pm)작업중 정지 [d:0][t:00:02:19]
[I](2022-05-31  07:03:48 pm)    [LNo:0005] 000239/001295
[I](2022-05-31  07:04:19 pm)작업중 정지 [d:0][t:00:02:51]
[I](2022-05-31  07:04:19 pm)    [LNo:0005] 000448/001295
[I](2022-05-31  07:05:20 pm)작업중 정지 [d:0][t:00:03:51]
[I](2022-05-31  07:05:20 pm)    [LNo:0005] 000449/001295
[I](2022-05-31  07:05:56 pm)작업중 정지 [d:0][t:00:04:27]
[I](2022-05-31  07:05:56 pm)    [LNo:0005] 000592/001295
[I](2022-05-31  07:07:10 pm)Reset
[I](2022-05-31  07:07:18 pm)작업 시작 [Start d:0]
[I](2022-05-31  07:07:18 pm)Nc File: [No.0005-347.NC]
[I](2022-05-31  07:07:18 pm)  * Start Machine Position
[I](2022-05-31  07:07:18 pm)    X:    146.2125
[I](2022-05-31  07:07:18 pm)    Y:   -276.0916
[I](2022-05-31  07:07:18 pm)    U:      0.0000
[I](2022-05-31  07:07:18 pm)    V:      0.0000
[I](2022-05-31  07:07:18 pm)    Z:     23.4168
[I](2022-05-31  07:07:18 pm)  * Angle
[I](2022-05-31  07:07:18 pm)    Ar:     -0.0490,Kr:      0.0000
[I](2022-05-31  07:07:18 pm)    Taper_Ar:      0.0000
[I](2022-05-31  07:13:27 pm)작업중 정지 [d:5][t:00:06:09]
[I](2022-05-31  07:13:27 pm)    [LNo:0005] 000358/001295
[I](2022-05-31  07:13:27 pm)작업중 M코드정지 [d:5][t:00:06:09]
[I](2022-05-31  07:13:58 pm)작업중 정지 [d:5][t:00:06:39]
[I](2022-05-31  07:13:58 pm)    [LNo:0005] 000362/001295
[I](2022-05-31  07:13:58 pm)작업중 M코드정지 [d:5][t:00:06:39]
[I](2022-05-31  07:21:14 pm)작업중 정지 [d:11][t:00:13:55]
[I](2022-05-31  07:21:14 pm)    [LNo:0005] 000436/001295
[I](2022-05-31  07:21:14 pm)작업중 M코드정지 [d:11][t:00:13:55]
[I](2022-05-31  07:21:43 pm)작업중 정지 [d:11][t:00:14:25]
[I](2022-05-31  07:21:43 pm)    [LNo:0005] 000440/001295
[I](2022-05-31  07:21:44 pm)작업중 M코드정지 [d:11][t:00:14:25]
[I](2022-05-31  07:29:37 pm)작업중 정지 [d:16][t:00:22:18]
[I](2022-05-31  07:29:37 pm)    [LNo:0005] 000552/001295
[I](2022-05-31  07:29:37 pm)작업중 M코드정지 [d:16][t:00:22:18]
[I](2022-05-31  07:30:32 pm)작업중 정지 [d:16][t:00:23:13]
[I](2022-05-31  07:30:32 pm)    [LNo:0005] 000556/001295
[I](2022-05-31  07:30:32 pm)작업중 M코드정지 [d:16][t:00:23:13]
[I](2022-05-31  07:31:33 pm)Reset
[I](2022-05-31  07:31:45 pm)작업 시작 [Start d:16]
[I](2022-05-31  07:31:45 pm)Nc File: [No.0006-375.NC]
[I](2022-05-31  07:31:45 pm)  * Start Machine Position
[I](2022-05-31  07:31:45 pm)    X:    146.2125
[I](2022-05-31  07:31:45 pm)    Y:   -276.0916
[I](2022-05-31  07:31:45 pm)    U:      0.0000
[I](2022-05-31  07:31:45 pm)    V:      0.0000
[I](2022-05-31  07:31:45 pm)    Z:     23.4168
[I](2022-05-31  07:31:45 pm)  * Angle
[I](2022-05-31  07:31:45 pm)    Ar:     -0.0490,Kr:      0.0000
[I](2022-05-31  07:31:45 pm)    Taper_Ar:      0.0000
[I](2022-05-31  09:09:44 pm)작업중 정지 [d:96][t:01:37:58]
[I](2022-05-31  09:09:44 pm)    [LNo:0006] 000080/001371
[I](2022-05-31  09:09:44 pm)작업중 30sec 접촉 정지 [d:96][t:01:37:58]
[I](2022-05-31  09:09:48 pm)작업 재시작
