[I](2022-02-06  08:50:06 am)작업중 정지 [d:254][t:17:51:56]
[I](2022-02-06  08:50:06 am)    [LNo:0003] 000436/000446
[I](2022-02-06  08:50:06 am)작업중 M코드정지 [d:254][t:17:51:56]
[I](2022-02-06  08:52:58 am)작업중 정지 [d:254][t:17:54:47]
[I](2022-02-06  08:52:58 am)    [LNo:0003] 000438/000446
[I](2022-02-06  09:10:17 am)Reset
[I](2022-02-06  09:12:07 am)Reset
[I](2022-02-06  09:12:45 am)Reset
[I](2022-02-06  09:13:25 am)Reset
[I](2022-02-06  09:14:56 am)Reset
[I](2022-02-06  09:17:53 am)Reset
[I](2022-02-06  09:19:04 am)작업 시작 [Start d:254]
[I](2022-02-06  09:19:04 am)Nc File: [No.0003-405.NC]
[I](2022-02-06  09:19:04 am)  * Start Machine Position
[I](2022-02-06  09:19:04 am)    X:    219.8640
[I](2022-02-06  09:19:04 am)    Y:   -378.4116
[I](2022-02-06  09:19:04 am)    U:      0.0000
[I](2022-02-06  09:19:04 am)    V:      0.0000
[I](2022-02-06  09:19:04 am)    Z:     15.9197
[I](2022-02-06  09:19:04 am)  * Angle
[I](2022-02-06  09:19:04 am)    Ar:     -0.0877,Kr:      0.0000
[I](2022-02-06  09:19:04 am)    Taper_Ar:      0.0000
[I](2022-02-06  10:39:37 am)작업중 정지 [d:81][t:01:20:33]
[I](2022-02-06  10:39:37 am)    [LNo:0003] 000137/000446
[I](2022-02-06  10:39:38 am)작업중 M코드정지 [d:81][t:01:20:33]
[I](2022-02-06  10:40:13 am)작업중 정지 [d:82][t:01:21:09]
[I](2022-02-06  10:40:13 am)    [LNo:0003] 000138/000446
[I](2022-02-06  10:40:13 am)Wire Contact Auto Stop(M52)
[A](2022-02-06  10:40:53 am)[084] Work Tank Fluid Sensor Abnormal
[I](2022-02-06  10:43:35 am)작업 재시작
[I](2022-02-06  10:43:40 am)작업중 정지 [d:82][t:01:24:36]
[I](2022-02-06  10:43:40 am)    [LNo:0003] 000138/000446
[I](2022-02-06  10:43:40 am)작업중 30sec 접촉 정지 [d:82][t:01:24:36]
[I](2022-02-06  10:43:43 am)작업 재시작
[I](2022-02-06  10:43:45 am)작업중 정지 [d:82][t:01:24:41]
[I](2022-02-06  10:43:45 am)    [LNo:0003] 000138/000446
[I](2022-02-06  10:47:39 am)Reset
[I](2022-02-06  10:47:39 am)Reset
[I](2022-02-06  10:50:26 am)Reset
[I](2022-02-06  10:50:26 am)Reset
[I](2022-02-06  10:54:23 am)Reset
[I](2022-02-06  10:54:24 am)Reset
[I](2022-02-06  10:54:28 am)Reset
[I](2022-02-06  10:54:29 am)Reset
[I](2022-02-06  10:55:02 am)Reset
[I](2022-02-06  10:55:03 am)Reset
[I](2022-02-06  10:56:59 am)Reset
[I](2022-02-06  10:57:00 am)Reset
[I](2022-02-06  10:58:13 am)Reset
[I](2022-02-06  10:58:50 am)Reset
[I](2022-02-06  10:59:18 am)Reset
[I](2022-02-06  10:59:18 am)Reset
[I](2022-02-06  10:59:24 am)Reset
[I](2022-02-06  10:59:25 am)Reset
[I](2022-02-06  10:59:36 am)Reset
[I](2022-02-06  11:01:23 am)작업 시작 [Start d:336]
[I](2022-02-06  11:01:23 am)Nc File: [No.0005-550.NC]
[I](2022-02-06  11:01:23 am)  * Start Machine Position
[I](2022-02-06  11:01:23 am)    X:    201.2286
[I](2022-02-06  11:01:23 am)    Y:   -290.3050
[I](2022-02-06  11:01:23 am)    U:      0.0000
[I](2022-02-06  11:01:23 am)    V:      0.0000
[I](2022-02-06  11:01:23 am)    Z:     51.3667
[I](2022-02-06  11:01:23 am)  * Angle
[I](2022-02-06  11:01:23 am)    Ar:     -0.0167,Kr:      0.0000
[I](2022-02-06  11:01:23 am)    Taper_Ar:      0.0000
[I](2022-02-06  11:01:33 am)작업중 정지 [d:0][t:00:00:09]
[I](2022-02-06  11:01:33 am)    [LNo:0005] 000010/000108
[I](2022-02-06  11:01:33 am)작업중 M코드정지 [d:0][t:00:00:09]
[I](2022-02-06  11:01:56 am)작업중 정지 [d:0][t:00:00:32]
[I](2022-02-06  11:01:56 am)    [LNo:0005] 000013/000108
[I](2022-02-06  11:03:55 am)작업중 정지 [d:1][t:00:02:31]
[I](2022-02-06  11:03:55 am)    [LNo:0005] 000028/000108
[I](2022-02-06  11:03:55 am)작업중 M코드정지 [d:1][t:00:02:31]
[I](2022-02-06  11:04:01 am)작업중 정지 [d:1][t:00:02:38]
[I](2022-02-06  11:04:01 am)    [LNo:0005] 000029/000108
[I](2022-02-06  11:04:07 am)작업 재시작
[I](2022-02-06  11:04:33 am)작업중 정지 [d:1][t:00:03:09]
[I](2022-02-06  11:04:33 am)    [LNo:0005] 000044/000108
[I](2022-02-06  11:04:33 am)작업중 30sec 접촉 정지 [d:1][t:00:03:09]
[I](2022-02-06  11:05:08 am)작업 재시작
[I](2022-02-06  11:05:20 am)작업중 정지 [d:1][t:00:03:56]
[I](2022-02-06  11:05:20 am)    [LNo:0005] 000044/000108
[I](2022-02-06  11:05:31 am)작업 재시작
[I](2022-02-06  11:08:38 am)작업중 정지 [d:3][t:00:07:15]
[I](2022-02-06  11:08:38 am)    [LNo:0005] 000075/000108
[I](2022-02-06  11:08:38 am)작업중 M코드정지 [d:3][t:00:07:15]
[I](2022-02-06  11:09:05 am)작업중 정지 [d:4][t:00:07:41]
[I](2022-02-06  11:09:05 am)    [LNo:0005] 000091/000108
[I](2022-02-06  11:09:11 am)작업 재시작
[I](2022-02-06  11:09:17 am)작업중 정지 [d:4][t:00:07:53]
[I](2022-02-06  11:09:17 am)    [LNo:0005] 000091/000108
[I](2022-02-06  11:09:22 am)작업 재시작
[I](2022-02-06  11:09:23 am)작업중 정지 [d:4][t:00:07:59]
[I](2022-02-06  11:09:23 am)    [LNo:0005] 000091/000108
[I](2022-02-06  11:09:28 am)작업 재시작
[I](2022-02-06  11:09:37 am)작업중 정지 [d:4][t:00:08:13]
[I](2022-02-06  11:09:37 am)    [LNo:0005] 000092/000108
[I](2022-02-06  11:09:51 am)작업 재시작
[I](2022-02-06  11:11:00 am)작업중 정지 [d:5][t:00:09:36]
[I](2022-02-06  11:11:00 am)    [LNo:0005] 000104/000108
[I](2022-02-06  11:11:00 am)작업중 M코드정지 [d:5][t:00:09:36]
[I](2022-02-06  11:54:00 am)Reset
[I](2022-02-06  11:56:28 am)Reset
[I](2022-02-06  11:57:03 am)Reset
[I](2022-02-06  12:00:35 pm)Reset
[I](2022-02-06  12:02:20 pm)작업 시작 [Start d:341]
[I](2022-02-06  12:02:20 pm)Nc File: [No.0003-405.NC]
[I](2022-02-06  12:02:20 pm)  * Start Machine Position
[I](2022-02-06  12:02:20 pm)    X:    216.1611
[I](2022-02-06  12:02:21 pm)    Y:   -377.3480
[I](2022-02-06  12:02:21 pm)    U:      0.0000
[I](2022-02-06  12:02:21 pm)    V:      0.0000
[I](2022-02-06  12:02:21 pm)    Z:     16.3347
[I](2022-02-06  12:02:21 pm)  * Angle
[I](2022-02-06  12:02:21 pm)    Ar:      0.5093,Kr:      0.0000
[I](2022-02-06  12:02:21 pm)    Taper_Ar:      0.0000
[I](2022-02-06  01:21:33 pm)작업중 정지 [d:79][t:01:19:12]
[I](2022-02-06  01:21:33 pm)    [LNo:0003] 000137/000446
[I](2022-02-06  01:21:33 pm)작업중 M코드정지 [d:79][t:01:19:12]
[I](2022-02-06  01:22:12 pm)작업중 정지 [d:80][t:01:19:51]
[I](2022-02-06  01:22:12 pm)    [LNo:0003] 000138/000446
[I](2022-02-06  01:22:12 pm)Wire Contact Auto Stop(M52)
[I](2022-02-06  01:27:50 pm)Reset
[I](2022-02-06  01:31:43 pm)Reset
[I](2022-02-06  01:32:28 pm)Reset
[I](2022-02-06  01:34:40 pm)Reset
[I](2022-02-06  01:35:41 pm)작업 시작 [Start d:421]
[I](2022-02-06  01:35:41 pm)Nc File: [No.0003-405.NC]
[I](2022-02-06  01:35:41 pm)  * Start Machine Position
[I](2022-02-06  01:35:41 pm)    X:    219.6510
[I](2022-02-06  01:35:41 pm)    Y:   -375.5088
[I](2022-02-06  01:35:41 pm)    U:      0.0000
[I](2022-02-06  01:35:41 pm)    V:      0.0000
[I](2022-02-06  01:35:41 pm)    Z:     16.3347
[I](2022-02-06  01:35:41 pm)  * Angle
[I](2022-02-06  01:35:41 pm)    Ar:      0.9272,Kr:      0.0000
[I](2022-02-06  01:35:41 pm)    Taper_Ar:      0.0000
[I](2022-02-06  02:58:43 pm)작업중 정지 [d:83][t:01:23:02]
[I](2022-02-06  02:58:43 pm)    [LNo:0003] 000137/000446
[I](2022-02-06  02:58:43 pm)작업중 M코드정지 [d:83][t:01:23:02]
[I](2022-02-06  02:59:12 pm)작업중 정지 [d:84][t:01:23:31]
[I](2022-02-06  02:59:12 pm)    [LNo:0003] 000138/000446
[I](2022-02-06  02:59:12 pm)Wire Contact Auto Stop(M52)
[I](2022-02-06  03:06:32 pm)Reset
[I](2022-02-06  03:09:07 pm)Reset
[I](2022-02-06  03:09:45 pm)Reset
[I](2022-02-06  03:11:51 pm)Reset
[I](2022-02-06  03:13:14 pm)작업 시작 [Start d:505]
[I](2022-02-06  03:13:14 pm)Nc File: [No.0003-405.NC]
[I](2022-02-06  03:13:15 pm)  * Start Machine Position
[I](2022-02-06  03:13:15 pm)    X:    223.0752
[I](2022-02-06  03:13:15 pm)    Y:   -375.2479
[I](2022-02-06  03:13:15 pm)    U:      0.0000
[I](2022-02-06  03:13:15 pm)    V:      0.0000
[I](2022-02-06  03:13:15 pm)    Z:     16.3347
[I](2022-02-06  03:13:15 pm)  * Angle
[I](2022-02-06  03:13:15 pm)    Ar:      0.9453,Kr:      0.0000
[I](2022-02-06  03:13:15 pm)    Taper_Ar:      0.0000
[I](2022-02-06  03:40:15 pm)작업중 정지 [d:27][t:00:27:00]
[I](2022-02-06  03:40:15 pm)    [LNo:0003] 000073/000446
[A](2022-02-06  03:40:15 pm)[008] 작업중 단선(AWF Feed Motor Stop )
[I](2022-02-06  03:40:15 pm)작업중 Wire 단선 [d:27][t:00:27:00]
[I](2022-02-06  03:48:54 pm)작업 재시작
[I](2022-02-06  04:44:11 pm)작업중 정지 [d:-449][t:01:30:56]
[I](2022-02-06  04:44:11 pm)    [LNo:0003] 000137/000446
[I](2022-02-06  04:44:11 pm)작업중 M코드정지 [d:-449][t:01:30:56]
[I](2022-02-06  04:44:39 pm)작업중 정지 [d:-449][t:01:31:24]
[I](2022-02-06  04:44:39 pm)    [LNo:0003] 000138/000446
[I](2022-02-06  04:44:39 pm)Wire Contact Auto Stop(M52)
[I](2022-02-06  04:46:40 pm)Reset
[I](2022-02-06  04:49:22 pm)Reset
[I](2022-02-06  04:50:06 pm)Reset
[I](2022-02-06  04:52:27 pm)Reset
[I](2022-02-06  04:54:18 pm)작업 시작 [Start d:56]
[I](2022-02-06  04:54:18 pm)Nc File: [No.0003-405.NC]
[I](2022-02-06  04:54:18 pm)  * Start Machine Position
[I](2022-02-06  04:54:18 pm)    X:    218.4508
[I](2022-02-06  04:54:18 pm)    Y:   -376.7913
[I](2022-02-06  04:54:18 pm)    U:      0.0000
[I](2022-02-06  04:54:18 pm)    V:      0.0000
[I](2022-02-06  04:54:18 pm)    Z:     16.3347
[I](2022-02-06  04:54:18 pm)  * Angle
[I](2022-02-06  04:54:18 pm)    Ar:      0.4572,Kr:      0.0000
[I](2022-02-06  04:54:18 pm)    Taper_Ar:      0.0000
[I](2022-02-06  05:21:59 pm)작업중 정지 [d:27][t:00:27:40]
[I](2022-02-06  05:21:59 pm)    [LNo:0003] 000074/000446
[A](2022-02-06  05:21:59 pm)[008] 작업중 단선(AWF Feed Motor Stop )
[I](2022-02-06  05:21:59 pm)작업중 Wire 단선 [d:27][t:00:27:40]
[I](2022-02-06  05:23:08 pm)작업 재시작
[I](2022-02-06  06:17:58 pm)작업중 정지 [d:81][t:01:23:39]
[I](2022-02-06  06:17:58 pm)    [LNo:0003] 000137/000446
[I](2022-02-06  06:17:58 pm)작업중 M코드정지 [d:81][t:01:23:39]
