[I](2022-01-02  08:50:16 am)작업 재시작
[I](2022-01-02  10:23:34 am)작업중 정지 [d:582][t:19:21:36]
[I](2022-01-02  10:23:34 am)    [LNo:0006] 001438/005234
[A](2022-01-02  10:23:34 am)[008] 작업중 단선(AWF Feed Motor Stop )
[I](2022-01-02  10:23:34 am)작업중 Wire 단선 [d:582][t:19:21:37]
[I](2022-01-02  10:29:51 am)작업 재시작
[I](2022-01-02  11:15:48 am)작업중 정지 [d:627][t:20:13:50]
[I](2022-01-02  11:15:48 am)    [LNo:0006] 001582/005234
[A](2022-01-02  11:15:48 am)[008] 작업중 단선(AWF Feed Motor Stop )
[I](2022-01-02  11:15:48 am)작업중 Wire 단선 [d:627][t:20:13:50]
[I](2022-01-02  11:25:37 am)작업 재시작
[I](2022-01-02  11:25:38 am)작업중 정지 [d:627][t:20:23:40]
[I](2022-01-02  11:25:38 am)    [LNo:0006] 001582/005234
[A](2022-01-02  11:25:38 am)[008] 작업중 단선(AWF Feed Motor Stop )
[I](2022-01-02  11:25:38 am)작업중 Wire 단선 [d:627][t:20:23:40]
[I](2022-01-02  11:26:18 am)작업 재시작
[I](2022-01-02  11:34:31 am)작업중 정지 [d:-4][t:20:32:34]
[I](2022-01-02  11:34:31 am)    [LNo:0006] 001588/005234
[A](2022-01-02  11:34:32 am)[008] 작업중 단선(AWF Feed Motor Stop )
[I](2022-01-02  11:34:32 am)작업중 Wire 단선 [d:-4][t:20:32:34]
[I](2022-01-02  11:44:48 am)작업 재시작
[I](2022-01-02  11:44:57 am)작업중 정지 [d:-4][t:20:42:59]
[I](2022-01-02  11:44:57 am)    [LNo:0006] 001588/005234
[A](2022-01-02  11:44:57 am)[008] 작업중 단선(AWF Feed Motor Stop )
[I](2022-01-02  11:44:57 am)작업중 Wire 단선 [d:-4][t:20:42:59]
[I](2022-01-02  11:45:25 am)작업 재시작
[I](2022-01-02  02:15:09 pm)작업중 정지 [d:143][t:23:13:11]
[I](2022-01-02  02:15:09 pm)    [LNo:0006] 001780/005234
[A](2022-01-02  02:15:09 pm)[008] 작업중 단선(AWF Feed Motor Stop )
[I](2022-01-02  02:15:09 pm)작업중 Wire 단선 [d:143][t:23:13:11]
[I](2022-01-02  02:16:19 pm)작업 재시작
[I](2022-01-02  03:32:16 pm)작업중 정지 [d:219][t:00:30:19]
[I](2022-01-02  03:32:17 pm)    [LNo:0006] 001836/005234
[I](2022-01-02  03:32:17 pm)작업중 30sec 접촉 정지 [d:219][t:00:30:19]
[I](2022-01-02  03:32:25 pm)작업 재시작
[I](2022-01-02  05:52:00 pm)작업중 정지 [d:356][t:02:50:02]
[I](2022-01-02  05:52:00 pm)    [LNo:0006] 002121/005234
[I](2022-01-02  05:52:00 pm)작업중 30sec 접촉 정지 [d:356][t:02:50:02]
[I](2022-01-02  05:53:15 pm)작업 재시작
[I](2022-01-02  07:53:11 pm)작업중 정지 [d:476][t:04:51:13]
[I](2022-01-02  07:53:11 pm)    [LNo:0006] 002180/005234
[A](2022-01-02  07:53:11 pm)[008] 작업중 단선(AWF Feed Motor Stop )
[I](2022-01-02  07:53:11 pm)작업중 Wire 단선 [d:476][t:04:51:13]
[I](2022-01-02  07:54:20 pm)작업 재시작
[I](2022-01-02  09:59:19 pm)작업중 정지 [d:601][t:06:57:21]
[I](2022-01-02  09:59:19 pm)    [LNo:0006] 002240/005234
[A](2022-01-02  09:59:19 pm)[008] 작업중 단선(AWF Feed Motor Stop )
[I](2022-01-02  09:59:19 pm)작업중 Wire 단선 [d:601][t:06:57:21]
[I](2022-01-02  10:00:27 pm)작업 재시작
[I](2022-01-02  10:00:28 pm)작업중 정지 [d:601][t:06:58:30]
[I](2022-01-02  10:00:28 pm)    [LNo:0006] 002240/005234
[A](2022-01-02  10:00:28 pm)[008] 작업중 단선(AWF Feed Motor Stop )
[I](2022-01-02  10:00:28 pm)작업중 Wire 단선 [d:601][t:06:58:30]
[I](2022-01-02  10:01:38 pm)작업 재시작
[I](2022-01-02  10:01:38 pm)작업중 정지 [d:601][t:06:59:40]
[I](2022-01-02  10:01:38 pm)    [LNo:0006] 002240/005234
[A](2022-01-02  10:01:38 pm)[008] 작업중 단선(AWF Feed Motor Stop )
[I](2022-01-02  10:01:38 pm)작업중 Wire 단선 [d:601][t:06:59:40]
[I](2022-01-02  10:02:47 pm)작업 재시작
[I](2022-01-02  10:02:47 pm)작업중 정지 [d:601][t:07:00:49]
[I](2022-01-02  10:02:47 pm)    [LNo:0006] 002240/005234
[A](2022-01-02  10:02:47 pm)[008] 작업중 단선(AWF Feed Motor Stop )
[I](2022-01-02  10:02:47 pm)작업중 Wire 단선 [d:601][t:07:00:49]
[I](2022-01-02  10:03:56 pm)작업 재시작
[I](2022-01-02  10:03:56 pm)작업중 정지 [d:601][t:07:01:58]
[I](2022-01-02  10:03:56 pm)    [LNo:0006] 002240/005234
[A](2022-01-02  10:03:56 pm)[008] 작업중 단선(AWF Feed Motor Stop )
[I](2022-01-02  10:03:56 pm)작업중 Wire 단선 [d:601][t:07:01:59]
[I](2022-01-02  10:05:05 pm)작업 재시작
[I](2022-01-02  10:39:27 pm)작업중 정지 [d:633][t:07:37:30]
[I](2022-01-02  10:39:27 pm)    [LNo:0006] 002381/005234
[A](2022-01-02  10:39:28 pm)[008] 작업중 단선(AWF Feed Motor Stop )
[I](2022-01-02  10:39:28 pm)작업중 Wire 단선 [d:633][t:07:37:30]
[I](2022-01-02  10:40:37 pm)작업중 정지 [d:633][t:07:38:39]
[I](2022-01-02  10:40:37 pm)    [LNo:0006] 002384/005234
[A](2022-01-02  10:40:37 pm)[008] 작업중 단선(AWF Feed Motor Stop )
[I](2022-01-02  10:40:37 pm)작업중 Wire 단선 [d:633][t:07:38:39]
[I](2022-01-02  10:41:45 pm)작업 재시작
[I](2022-01-02  11:39:58 pm)작업중 정지 [d:691][t:08:38:01]
[I](2022-01-02  11:39:58 pm)    [LNo:0006] 002433/005234
[A](2022-01-02  11:39:58 pm)[008] 작업중 단선(AWF Feed Motor Stop )
[I](2022-01-02  11:39:59 pm)작업중 Wire 단선 [d:691][t:08:38:01]
