[I](2022-02-15  09:00:55 am)Reset
[I](2022-02-15  09:00:55 am)Reset
[I](2022-02-15  09:03:47 am)Reset
[I](2022-02-15  09:03:47 am)Reset
[I](2022-02-15  09:04:01 am)Reset
[I](2022-02-15  09:04:01 am)Reset
[I](2022-02-15  09:06:56 am)Reset
[I](2022-02-15  09:06:56 am)Reset
[I](2022-02-15  09:07:19 am)Reset
[I](2022-02-15  09:07:20 am)Reset
[I](2022-02-15  09:11:01 am)Reset
[I](2022-02-15  09:12:12 am)Reset
[I](2022-02-15  09:13:38 am)Reset
[I](2022-02-15  09:13:39 am)Reset
[I](2022-02-15  09:14:03 am)Reset
[I](2022-02-15  09:15:33 am)Reset
[I](2022-02-15  09:15:34 am)Reset
[I](2022-02-15  09:17:29 am)Reset
[I](2022-02-15  09:19:27 am)작업 시작 [Start d:518]
[I](2022-02-15  09:19:27 am)Nc File: [No.0008-270.NC]
[I](2022-02-15  09:19:27 am)  * Start Machine Position
[I](2022-02-15  09:19:27 am)    X:     64.9840
[I](2022-02-15  09:19:27 am)    Y:   -352.2887
[I](2022-02-15  09:19:27 am)    U:      0.0000
[I](2022-02-15  09:19:27 am)    V:      0.0000
[I](2022-02-15  09:19:27 am)    Z:     10.8206
[I](2022-02-15  09:19:27 am)  * Angle
[I](2022-02-15  09:19:27 am)    Ar:      0.6407,Kr:      0.0000
[I](2022-02-15  09:19:27 am)    Taper_Ar:      0.0000
[I](2022-02-15  09:23:25 am)작업중 정지 [d:3][t:00:03:57]
[I](2022-02-15  09:23:25 am)    [LNo:0008] 000048/005228
[I](2022-02-15  09:23:25 am)작업중 30sec 접촉 정지 [d:3][t:00:03:57]
[I](2022-02-15  09:23:37 am)작업 재시작
[I](2022-02-15  09:24:08 am)작업중 정지 [d:3][t:00:04:40]
[I](2022-02-15  09:24:08 am)    [LNo:0008] 000054/005228
[I](2022-02-15  09:24:08 am)작업중 30sec 접촉 정지 [d:3][t:00:04:40]
[I](2022-02-15  09:24:32 am)작업 재시작
[I](2022-02-15  09:24:57 am)작업중 정지 [d:3][t:00:05:30]
[I](2022-02-15  09:24:57 am)    [LNo:0008] 000059/005228
[I](2022-02-15  09:25:32 am)작업중 정지 [d:3][t:00:06:05]
[I](2022-02-15  09:25:32 am)    [LNo:0008] 000036/005228
[I](2022-02-15  09:25:32 am)작업중 Single Block Stop [d:3][t:00:06:05]
[I](2022-02-15  09:25:45 am)작업중 정지 [d:3][t:00:06:17]
[I](2022-02-15  09:25:45 am)    [LNo:0008] 000038/005228
[I](2022-02-15  09:30:51 am)작업중 정지 [d:7][t:00:11:23]
[I](2022-02-15  09:30:51 am)    [LNo:0008] 000110/005228
[I](2022-02-15  09:30:51 am)작업중 M코드정지 [d:7][t:00:11:23]
[I](2022-02-15  04:14:01 pm)작업중 정지 [d:325][t:06:54:33]
[I](2022-02-15  04:14:01 pm)    [LNo:0008] 004332/005228
[I](2022-02-15  04:14:01 pm)작업중 M코드정지 [d:325][t:06:54:33]
[I](2022-02-15  04:14:16 pm)작업중 정지 [d:325][t:06:54:48]
[I](2022-02-15  04:14:16 pm)    [LNo:0008] 004334/005228
[I](2022-02-15  04:14:16 pm)작업중 M코드정지 [d:325][t:06:54:48]
[I](2022-02-15  04:18:41 pm)작업중 정지 [d:325][t:06:59:13]
[I](2022-02-15  04:18:41 pm)    [LNo:0008] 004337/005228
[I](2022-02-15  06:34:58 pm)작업중 정지 [d:460][t:09:15:30]
[I](2022-02-15  06:34:58 pm)    [LNo:0008] 004774/005228
[I](2022-02-15  06:34:58 pm)작업중 M코드정지 [d:460][t:09:15:30]
[I](2022-02-15  06:36:30 pm)작업중 정지 [d:460][t:09:17:02]
[I](2022-02-15  06:36:30 pm)    [LNo:0008] 004776/005228
[I](2022-02-15  06:36:30 pm)작업중 M코드정지 [d:460][t:09:17:02]
[I](2022-02-15  06:37:33 pm)작업중 정지 [d:460][t:09:18:05]
[I](2022-02-15  06:37:33 pm)    [LNo:0008] 004779/005228
[I](2022-02-15  06:37:35 pm)작업중 정지 [d:460][t:09:18:08]
[I](2022-02-15  06:37:35 pm)    [LNo:0008] 004779/005228
[A](2022-02-15  06:37:35 pm)[010] 자동결선 Error(M21-절단실패)
[I](2022-02-15  08:54:01 pm)작업중 정지 [d:595][t:11:34:34]
[I](2022-02-15  08:54:01 pm)    [LNo:0008] 005216/005228
[I](2022-02-15  08:54:02 pm)작업중 M코드정지 [d:595][t:11:34:34]
