[I](2022-02-09  08:18:47 am)작업 재시작
[I](2022-02-09  12:25:45 pm)작업중 정지 [d:324][t:16:47:51]
[I](2022-02-09  12:25:45 pm)    [LNo:0004] 000488/000859
[I](2022-02-09  12:25:45 pm)작업중 M코드정지 [d:324][t:16:47:51]
[I](2022-02-09  12:27:25 pm)작업중 정지 [d:324][t:16:49:32]
[I](2022-02-09  12:27:25 pm)    [LNo:0004] 000491/000859
[I](2022-02-09  12:27:29 pm)작업 재시작
[I](2022-02-09  12:27:30 pm)작업중 정지 [d:324][t:16:49:37]
[I](2022-02-09  12:27:30 pm)    [LNo:0004] 000492/000859
[I](2022-02-09  12:27:30 pm)작업중 M코드정지 [d:324][t:16:49:37]
[I](2022-02-09  12:27:33 pm)작업중 정지 [d:324][t:16:49:40]
[I](2022-02-09  12:27:33 pm)    [LNo:0004] 000493/000859
[I](2022-02-09  12:27:33 pm)작업중 M코드정지 [d:324][t:16:49:40]
[I](2022-02-09  12:27:37 pm)작업중 정지 [d:324][t:16:49:44]
[I](2022-02-09  12:27:37 pm)    [LNo:0004] 000508/000859
[I](2022-02-09  12:27:37 pm)작업중 M코드정지 [d:324][t:16:49:44]
[I](2022-02-09  12:27:39 pm)작업중 정지 [d:324][t:16:49:46]
[I](2022-02-09  12:27:39 pm)    [LNo:0004] 000513/000859
[I](2022-02-09  12:27:39 pm)작업중 M코드정지 [d:324][t:16:49:46]
[I](2022-02-09  12:27:44 pm)작업중 정지 [d:324][t:16:49:51]
[I](2022-02-09  12:27:44 pm)    [LNo:0004] 000530/000859
[I](2022-02-09  12:27:44 pm)작업중 M코드정지 [d:324][t:16:49:51]
[I](2022-02-09  12:27:51 pm)작업중 정지 [d:324][t:16:49:58]
[I](2022-02-09  12:27:51 pm)    [LNo:0004] 000533/000859
[I](2022-02-09  12:27:51 pm)작업중 M코드정지 [d:324][t:16:49:58]
[I](2022-02-09  12:28:46 pm)작업중 정지 [d:324][t:16:50:52]
[I](2022-02-09  12:28:46 pm)    [LNo:0004] 000545/000859
[I](2022-02-09  12:28:46 pm)작업중 30sec 접촉 정지 [d:324][t:16:50:52]
[I](2022-02-09  12:29:08 pm)작업 재시작
[I](2022-02-09  02:52:34 pm)작업중 정지 [d:467][t:19:14:41]
[I](2022-02-09  02:52:34 pm)    [LNo:0004] 000627/000859
[I](2022-02-09  02:52:35 pm)작업중 M코드정지 [d:467][t:19:14:41]
[I](2022-02-09  03:11:28 pm)작업중 정지 [d:483][t:19:33:35]
[I](2022-02-09  03:11:28 pm)    [LNo:0004] 000672/000859
[I](2022-02-09  03:11:28 pm)작업중 M코드정지 [d:483][t:19:33:35]
[I](2022-02-09  03:12:26 pm)Reset
[I](2022-02-09  03:12:26 pm)Reset
[I](2022-02-09  03:12:40 pm)Reset
[I](2022-02-09  03:12:40 pm)Reset
[I](2022-02-09  03:13:20 pm)Reset
[I](2022-02-09  03:14:30 pm)Reset
[I](2022-02-09  03:16:19 pm)작업 시작 [Start d:608]
[I](2022-02-09  03:16:19 pm)Nc File: [No.0002-599.NC]
[I](2022-02-09  03:16:19 pm)  * Start Machine Position
[I](2022-02-09  03:16:19 pm)    X:     56.8066
[I](2022-02-09  03:16:19 pm)    Y:   -302.2100
[I](2022-02-09  03:16:19 pm)    U:      0.0000
[I](2022-02-09  03:16:19 pm)    V:      0.0000
[I](2022-02-09  03:16:19 pm)    Z:     36.4830
[I](2022-02-09  03:16:19 pm)  * Angle
[I](2022-02-09  03:16:19 pm)    Ar:     -0.0730,Kr:      0.0000
[I](2022-02-09  03:16:19 pm)    Taper_Ar:      0.0000
[I](2022-02-09  03:16:32 pm)작업중 정지 [d:0][t:00:00:12]
[I](2022-02-09  03:16:32 pm)    [LNo:0002] 000971/001202
[I](2022-02-09  03:18:30 pm)작업중 정지 [d:0][t:00:02:10]
[I](2022-02-09  03:18:30 pm)    [LNo:0002] 000688/001202
[I](2022-02-09  03:20:15 pm)작업중 정지 [d:2][t:00:03:55]
[I](2022-02-09  03:20:15 pm)    [LNo:0002] 000747/001202
[I](2022-02-09  03:20:15 pm)작업중 M코드정지 [d:2][t:00:03:55]
[I](2022-02-09  03:20:32 pm)작업중 정지 [d:2][t:00:04:12]
[I](2022-02-09  03:20:32 pm)    [LNo:0002] 000748/001202
[I](2022-02-09  03:22:53 pm)작업 재시작
[I](2022-02-09  03:22:58 pm)작업중 정지 [d:2][t:00:06:38]
[I](2022-02-09  03:22:58 pm)    [LNo:0002] 000748/001202
[I](2022-02-09  03:22:58 pm)작업중 30sec 접촉 정지 [d:2][t:00:06:38]
[I](2022-02-09  03:23:23 pm)작업 재시작
[I](2022-02-09  03:23:39 pm)작업중 정지 [d:2][t:00:07:19]
[I](2022-02-09  03:23:39 pm)    [LNo:0002] 000759/001202
[I](2022-02-09  03:23:39 pm)작업중 M코드정지 [d:2][t:00:07:19]
[I](2022-02-09  03:24:13 pm)작업중 정지 [d:2][t:00:07:53]
[I](2022-02-09  03:24:13 pm)    [LNo:0002] 000775/001202
[I](2022-02-09  03:26:31 pm)작업 재시작
[I](2022-02-09  03:32:43 pm)작업중 정지 [d:7][t:00:16:23]
[I](2022-02-09  03:32:43 pm)    [LNo:0002] 000984/001202
[I](2022-02-09  03:32:43 pm)작업중 M코드정지 [d:7][t:00:16:23]
[I](2022-02-09  03:32:58 pm)작업중 정지 [d:7][t:00:16:38]
[I](2022-02-09  03:32:58 pm)    [LNo:0002] 000985/001202
[I](2022-02-09  03:33:41 pm)작업 재시작
[I](2022-02-09  03:37:13 pm)작업중 정지 [d:10][t:00:20:53]
[I](2022-02-09  03:37:13 pm)    [LNo:0002] 001030/001202
[I](2022-02-09  03:37:36 pm)작업중 정지 [d:10][t:00:21:16]
[I](2022-02-09  03:37:36 pm)    [LNo:0002] 001086/001202
[I](2022-02-09  04:13:47 pm)작업중 정지 [d:45][t:00:57:27]
[I](2022-02-09  04:13:47 pm)    [LNo:0002] 001133/001202
[I](2022-02-09  04:13:47 pm)작업중 M코드정지 [d:45][t:00:57:27]
[I](2022-02-09  04:14:16 pm)작업중 정지 [d:45][t:00:57:56]
[I](2022-02-09  04:14:16 pm)    [LNo:0002] 001134/001202
[I](2022-02-09  04:14:16 pm)Wire Contact Auto Stop(M52)
[I](2022-02-09  04:15:03 pm)작업 재시작
[I](2022-02-09  04:15:04 pm)작업중 정지 [d:45][t:00:58:44]
[I](2022-02-09  04:15:04 pm)    [LNo:0002] 001135/001202
[I](2022-02-09  04:15:04 pm)작업중 M코드정지 [d:45][t:00:58:44]
[I](2022-02-09  04:52:26 pm)작업중 정지 [d:81][t:01:36:06]
[I](2022-02-09  04:52:26 pm)    [LNo:0002] 001190/001202
[I](2022-02-09  04:52:26 pm)작업중 M코드정지 [d:81][t:01:36:07]
[I](2022-02-09  04:54:57 pm)작업중 정지 [d:81][t:01:38:37]
[I](2022-02-09  04:54:57 pm)    [LNo:0002] 001191/001202
[I](2022-02-09  04:54:57 pm)Wire Contact Auto Stop(M52)
[I](2022-02-09  04:56:45 pm)Reset
[I](2022-02-09  04:56:45 pm)Reset
[I](2022-02-09  04:59:32 pm)작업 시작 [Start d:689]
[I](2022-02-09  04:59:32 pm)Nc File: [No.0004-601.NC]
[I](2022-02-09  04:59:32 pm)  * Start Machine Position
[I](2022-02-09  04:59:32 pm)    X:    440.4716
[I](2022-02-09  04:59:32 pm)    Y:   -265.4305
[I](2022-02-09  04:59:32 pm)    U:      0.0000
[I](2022-02-09  04:59:32 pm)    V:      0.0000
[I](2022-02-09  04:59:32 pm)    Z:     26.5590
[I](2022-02-09  04:59:32 pm)  * Angle
[I](2022-02-09  04:59:32 pm)    Ar:     -0.0991,Kr:      0.0000
[I](2022-02-09  04:59:32 pm)    Taper_Ar:      0.0000
[I](2022-02-09  04:59:45 pm)작업중 정지 [d:0][t:00:00:13]
[I](2022-02-09  04:59:45 pm)    [LNo:0004] 000779/000859
[A](2022-02-09  04:59:49 pm)[091] Auto Door Sensor Abnormal
[A](2022-02-09  05:00:07 pm)[091] Auto Door Sensor Abnormal
[A](2022-02-09  05:00:08 pm)[091] Auto Door Sensor Abnormal
[A](2022-02-09  05:00:12 pm)[091] Auto Door Sensor Abnormal
[A](2022-02-09  05:00:17 pm)[091] Auto Door Sensor Abnormal
[A](2022-02-09  05:00:19 pm)[091] Auto Door Sensor Abnormal
[A](2022-02-09  05:00:20 pm)[091] Auto Door Sensor Abnormal
[A](2022-02-09  05:00:26 pm)[091] Auto Door Sensor Abnormal
[A](2022-02-09  05:00:27 pm)[091] Auto Door Sensor Abnormal
[I](2022-02-09  05:16:14 pm)작업중 정지 [d:15][t:00:16:42]
[I](2022-02-09  05:16:14 pm)    [LNo:0004] 000799/000859
[I](2022-02-09  05:16:14 pm)작업중 M코드정지 [d:15][t:00:16:42]
[I](2022-02-09  05:17:02 pm)작업중 정지 [d:15][t:00:17:29]
[I](2022-02-09  05:17:02 pm)    [LNo:0004] 000800/000859
[I](2022-02-09  05:17:02 pm)Wire Contact Auto Stop(M52)
[I](2022-02-09  05:17:56 pm)작업 재시작
[I](2022-02-09  05:18:38 pm)작업중 정지 [d:15][t:00:19:06]
[I](2022-02-09  05:18:38 pm)    [LNo:0004] 000800/000859
[I](2022-02-09  05:19:05 pm)작업 재시작
[I](2022-02-09  05:19:12 pm)작업중 정지 [d:15][t:00:19:40]
[I](2022-02-09  05:19:12 pm)    [LNo:0004] 000801/000859
[I](2022-02-09  05:19:12 pm)작업중 M코드정지 [d:15][t:00:19:40]
[I](2022-02-09  05:19:24 pm)작업중 정지 [d:15][t:00:19:52]
[I](2022-02-09  05:19:24 pm)    [LNo:0004] 000804/000859
[A](2022-02-09  05:19:24 pm)[010] 자동결선 Error(M21-절단실패)
[I](2022-02-09  05:26:50 pm)작업중 정지 [d:22][t:00:27:18]
[I](2022-02-09  05:26:50 pm)    [LNo:0004] 000825/000859
[I](2022-02-09  05:26:50 pm)작업중 M코드정지 [d:22][t:00:27:18]
[I](2022-02-09  05:35:09 pm)작업중 정지 [d:29][t:00:35:37]
[I](2022-02-09  05:35:09 pm)    [LNo:0004] 000848/000859
[I](2022-02-09  05:35:09 pm)Wire Contact Auto Stop(M52)
[I](2022-02-09  05:36:21 pm)작업 재시작
[I](2022-02-09  05:36:28 pm)작업중 정지 [d:29][t:00:36:56]
[I](2022-02-09  05:36:28 pm)    [LNo:0004] 000848/000859
[I](2022-02-09  05:36:38 pm)작업 재시작
[I](2022-02-09  05:36:40 pm)작업중 정지 [d:29][t:00:37:08]
[I](2022-02-09  05:36:40 pm)    [LNo:0004] 000849/000859
[I](2022-02-09  05:36:40 pm)작업중 M코드정지 [d:29][t:00:37:08]
[I](2022-02-09  05:37:15 pm)작업중 정지 [d:29][t:00:37:43]
[I](2022-02-09  05:37:15 pm)    [LNo:0004] 000855/000859
[I](2022-02-09  05:37:15 pm)작업중 M코드정지 [d:29][t:00:37:43]
[I](2022-02-09  05:37:29 pm)Reset
[I](2022-02-09  05:37:29 pm)Reset
[I](2022-02-09  05:38:05 pm)작업 시작 [Start d:718]
[I](2022-02-09  05:38:05 pm)Nc File: [No.0004-601.NC]
[I](2022-02-09  05:38:05 pm)  * Start Machine Position
[I](2022-02-09  05:38:05 pm)    X:    440.4716
[I](2022-02-09  05:38:05 pm)    Y:   -265.4305
[I](2022-02-09  05:38:05 pm)    U:      0.0000
[I](2022-02-09  05:38:05 pm)    V:      0.0000
[I](2022-02-09  05:38:05 pm)    Z:     26.5590
[I](2022-02-09  05:38:05 pm)  * Angle
[I](2022-02-09  05:38:05 pm)    Ar:     -0.0991,Kr:      0.0000
[I](2022-02-09  05:38:05 pm)    Taper_Ar:      0.0000
[I](2022-02-09  05:38:12 pm)작업중 정지 [d:0][t:00:00:06]
[I](2022-02-09  05:38:12 pm)    [LNo:0004] 000178/000859
[I](2022-02-09  06:41:12 pm)작업중 정지 [d:61][t:01:03:07]
[I](2022-02-09  06:41:12 pm)    [LNo:0004] 000279/000859
[I](2022-02-09  06:42:14 pm)작업중 정지 [d:61][t:01:04:08]
[I](2022-02-09  06:42:14 pm)    [LNo:0004] 000725/000859
[I](2022-02-09  06:47:32 pm)작업중 정지 [d:65][t:01:09:27]
[I](2022-02-09  06:47:32 pm)    [LNo:0004] 000742/000859
[I](2022-02-09  06:47:32 pm)작업중 M코드정지 [d:65][t:01:09:27]
[I](2022-02-09  06:47:50 pm)작업중 정지 [d:66][t:01:09:44]
[I](2022-02-09  06:47:50 pm)    [LNo:0004] 000743/000859
[I](2022-02-09  06:47:50 pm)Wire Contact Auto Stop(M52)
[I](2022-02-09  06:48:34 pm)작업 재시작
[I](2022-02-09  06:48:35 pm)작업중 정지 [d:66][t:01:10:30]
[I](2022-02-09  06:48:35 pm)    [LNo:0004] 000744/000859
[I](2022-02-09  06:48:35 pm)작업중 M코드정지 [d:66][t:01:10:30]
[I](2022-02-09  06:56:26 pm)작업중 정지 [d:73][t:01:18:20]
[I](2022-02-09  06:56:26 pm)    [LNo:0004] 000769/000859
[I](2022-02-09  06:56:26 pm)작업중 M코드정지 [d:73][t:01:18:21]
[I](2022-02-09  06:56:49 pm)작업중 정지 [d:74][t:01:18:43]
[I](2022-02-09  06:56:49 pm)    [LNo:0004] 000770/000859
[I](2022-02-09  06:56:49 pm)Wire Contact Auto Stop(M52)
[I](2022-02-09  07:01:09 pm)Reset
[I](2022-02-09  07:03:11 pm)Reset
[I](2022-02-09  07:03:12 pm)Reset
[I](2022-02-09  07:03:16 pm)Reset
[I](2022-02-09  07:20:48 pm)Reset
[I](2022-02-09  07:21:17 pm)Reset
[I](2022-02-09  07:22:30 pm)Reset
[I](2022-02-09  07:25:55 pm)Reset
[I](2022-02-09  07:27:25 pm)Reset
[I](2022-02-09  07:27:46 pm)Reset
[I](2022-02-09  07:27:58 pm)Reset
[I](2022-02-09  07:30:26 pm)작업 시작 [Start d:0]
[I](2022-02-09  07:30:26 pm)Nc File: [No.0002-619.NC]
[I](2022-02-09  07:30:26 pm)  * Start Machine Position
[I](2022-02-09  07:30:26 pm)    X:    199.1810
[I](2022-02-09  07:30:26 pm)    Y:   -245.6102
[I](2022-02-09  07:30:26 pm)    U:      0.0000
[I](2022-02-09  07:30:26 pm)    V:      0.0000
[I](2022-02-09  07:30:26 pm)    Z:     45.6230
[I](2022-02-09  07:30:26 pm)  * Angle
[I](2022-02-09  07:30:26 pm)    Ar:      0.4722,Kr:      0.0000
[I](2022-02-09  07:30:26 pm)    Taper_Ar:      0.0000
[I](2022-02-09  07:30:29 pm)작업중 정지 [d:0][t:00:00:03]
[I](2022-02-09  07:30:29 pm)    [LNo:0002] 000089/000615
[I](2022-02-09  07:32:26 pm)작업중 정지 [d:0][t:00:01:59]
[I](2022-02-09  07:32:26 pm)    [LNo:0002] 000165/000615
[I](2022-02-09  07:33:34 pm)작업중 정지 [d:0][t:00:03:08]
[I](2022-02-09  07:33:34 pm)    [LNo:0002] 000231/000615
[I](2022-02-09  07:35:40 pm)작업중 정지 [d:0][t:00:05:13]
[I](2022-02-09  07:35:40 pm)    [LNo:0002] 000252/000615
[I](2022-02-09  07:36:42 pm)작업중 정지 [d:0][t:00:06:15]
[I](2022-02-09  07:36:42 pm)    [LNo:0002] 000285/000615
[I](2022-02-09  07:39:17 pm)작업중 정지 [d:0][t:00:08:50]
[I](2022-02-09  07:39:17 pm)    [LNo:0002] 000324/000615
[I](2022-02-09  07:41:12 pm)Reset
[I](2022-02-09  07:41:12 pm)Reset
[I](2022-02-09  07:42:19 pm)작업 시작 [Start d:0]
[I](2022-02-09  07:42:19 pm)Nc File: [No.0002-619.NC]
[I](2022-02-09  07:42:19 pm)  * Start Machine Position
[I](2022-02-09  07:42:19 pm)    X:    199.1810
[I](2022-02-09  07:42:19 pm)    Y:   -245.6102
[I](2022-02-09  07:42:19 pm)    U:      0.0000
[I](2022-02-09  07:42:19 pm)    V:      0.0000
[I](2022-02-09  07:42:19 pm)    Z:     45.6230
[I](2022-02-09  07:42:19 pm)  * Angle
[I](2022-02-09  07:42:19 pm)    Ar:      0.4722,Kr:      0.0000
[I](2022-02-09  07:42:19 pm)    Taper_Ar:      0.0000
