[I](2022-11-09  12:47:24 am)작업중 정지 [d:290][t:05:12:52]
[I](2022-11-09  12:47:24 am)    [LNo:0002] 000393/000825
[A](2022-11-09  12:47:24 am)[008] 작업중 단선(AWF Feed Motor Stop )
[I](2022-11-09  12:47:25 am)작업중 Wire 단선 [d:290][t:05:12:52]
[I](2022-11-09  12:50:17 am)작업 재시작
[I](2022-11-09  01:12:40 am)작업중 정지 [d:311][t:05:38:08]
[I](2022-11-09  01:12:40 am)    [LNo:0002] 000420/000825
[A](2022-11-09  01:12:40 am)[008] 작업중 단선(AWF Feed Motor Stop )
[I](2022-11-09  01:12:40 am)작업중 Wire 단선 [d:311][t:05:38:08]
[I](2022-11-09  01:13:52 am)작업 재시작
[I](2022-11-09  01:35:50 am)작업중 정지 [d:332][t:06:01:18]
[I](2022-11-09  01:35:50 am)    [LNo:0002] 000447/000825
[A](2022-11-09  01:35:50 am)[008] 작업중 단선(AWF Feed Motor Stop )
[I](2022-11-09  01:35:50 am)작업중 Wire 단선 [d:332][t:06:01:18]
[I](2022-11-09  01:37:01 am)작업 재시작
[I](2022-11-09  01:37:04 am)작업중 정지 [d:332][t:06:02:31]
[I](2022-11-09  01:37:04 am)    [LNo:0002] 000447/000825
[A](2022-11-09  01:37:04 am)[008] 작업중 단선(AWF Feed Motor Stop )
[I](2022-11-09  01:37:04 am)작업중 Wire 단선 [d:332][t:06:02:32]
[I](2022-11-09  01:38:14 am)작업 재시작
[I](2022-11-09  01:59:46 am)작업중 정지 [d:353][t:06:25:13]
[I](2022-11-09  01:59:46 am)    [LNo:0002] 000461/000825
[I](2022-11-09  01:59:46 am)작업중 M코드정지 [d:353][t:06:25:13]
[I](2022-11-09  08:58:10 am)Reset
[I](2022-11-09  08:59:20 am)Reset
[I](2022-11-09  09:08:06 am)Reset
[I](2022-11-09  09:08:11 am)Reset
[I](2022-11-09  09:08:11 am)Reset
[I](2022-11-09  09:09:55 am)Reset
[I](2022-11-09  09:09:59 am)Reset
[I](2022-11-09  09:10:00 am)Reset
[I](2022-11-09  09:10:00 am)Reset
[I](2022-11-09  09:11:02 am)Reset
[I](2022-11-09  09:11:13 am)Reset
[I](2022-11-09  09:11:32 am)Reset
[I](2022-11-09  09:11:44 am)Reset
[I](2022-11-09  09:14:28 am)작업 시작 [Start d:0]
[I](2022-11-09  09:14:28 am)Nc File: [No.0009-451.NC]
[I](2022-11-09  09:14:28 am)  * Start Machine Position
[I](2022-11-09  09:14:28 am)    X:    162.6218
[I](2022-11-09  09:14:28 am)    Y:   -311.0467
[I](2022-11-09  09:14:28 am)    U:      0.0000
[I](2022-11-09  09:14:28 am)    V:      0.0199
[I](2022-11-09  09:14:28 am)    Z:     60.2205
[I](2022-11-09  09:14:28 am)  * Angle
[I](2022-11-09  09:14:28 am)    Ar:     -0.0690,Kr:      0.0000
[I](2022-11-09  09:14:28 am)    Taper_Ar:      0.0000
[I](2022-11-09  09:14:59 am)작업중 정지 [d:0][t:00:00:31]
[I](2022-11-09  09:14:59 am)    [LNo:0009] 000013/000301
[I](2022-11-09  09:30:58 am)작업중 정지 [d:16][t:00:16:30]
[I](2022-11-09  09:30:58 am)    [LNo:0009] 000030/000301
[I](2022-11-09  09:30:58 am)작업중 M코드정지 [d:16][t:00:16:30]
[I](2022-11-09  09:36:21 am)작업중 정지 [d:17][t:00:21:53]
[I](2022-11-09  09:36:21 am)    [LNo:0009] 000031/000301
[I](2022-11-09  09:36:48 am)작업 재시작
[I](2022-11-09  09:36:53 am)작업중 정지 [d:17][t:00:22:25]
[I](2022-11-09  09:36:53 am)    [LNo:0009] 000033/000301
[I](2022-11-09  09:36:53 am)작업중 M코드정지 [d:17][t:00:22:25]
[I](2022-11-09  09:54:22 am)작업중 정지 [d:34][t:00:39:54]
[I](2022-11-09  09:54:22 am)    [LNo:0009] 000059/000301
[I](2022-11-09  09:54:22 am)작업중 M코드정지 [d:34][t:00:39:54]
[I](2022-11-09  09:57:47 am)작업중 정지 [d:34][t:00:43:19]
[I](2022-11-09  09:57:47 am)    [LNo:0009] 000060/000301
[I](2022-11-09  09:58:08 am)작업 재시작
[I](2022-11-09  09:59:07 am)작업중 정지 [d:35][t:00:44:38]
[I](2022-11-09  09:59:07 am)    [LNo:0009] 000061/000301
[I](2022-11-09  09:59:26 am)작업 재시작
[I](2022-11-09  09:59:27 am)작업중 정지 [d:35][t:00:44:59]
[I](2022-11-09  09:59:27 am)    [LNo:0009] 000062/000301
[I](2022-11-09  09:59:27 am)작업중 M코드정지 [d:35][t:00:44:59]
[I](2022-11-09  10:16:47 am)작업중 정지 [d:51][t:01:02:18]
[I](2022-11-09  10:16:47 am)    [LNo:0009] 000088/000301
[I](2022-11-09  10:16:47 am)작업중 M코드정지 [d:51][t:01:02:18]
[I](2022-11-09  10:20:09 am)작업중 정지 [d:52][t:01:05:41]
[I](2022-11-09  10:20:09 am)    [LNo:0009] 000089/000301
[A](2022-11-09  10:20:31 am)[001] 와이어 미동작
[I](2022-11-09  10:20:32 am)작업 재시작
[I](2022-11-09  10:20:38 am)작업중 정지 [d:52][t:01:06:10]
[I](2022-11-09  10:20:38 am)    [LNo:0009] 000091/000301
[I](2022-11-09  10:20:38 am)작업중 M코드정지 [d:52][t:01:06:10]
[I](2022-11-09  10:22:13 am)작업중 정지 [d:53][t:01:07:45]
[I](2022-11-09  10:22:13 am)    [LNo:0009] 000108/000301
[I](2022-11-09  10:22:13 am)작업중 30sec 접촉 정지 [d:53][t:01:07:45]
[I](2022-11-09  10:22:43 am)작업 재시작
[I](2022-11-09  10:22:44 am)작업중 정지 [d:53][t:01:08:15]
[I](2022-11-09  10:22:44 am)    [LNo:0009] 000108/000301
[A](2022-11-09  10:22:44 am)[008] 작업중 단선(AWF Feed Motor Stop )
[I](2022-11-09  10:22:44 am)작업중 Wire 단선 [d:53][t:01:08:15]
[I](2022-11-09  10:23:54 am)작업 재시작
[I](2022-11-09  10:40:19 am)작업중 정지 [d:70][t:01:25:51]
[I](2022-11-09  10:40:19 am)    [LNo:0009] 000117/000301
[I](2022-11-09  10:40:19 am)작업중 M코드정지 [d:70][t:01:25:51]
[I](2022-11-09  10:41:11 am)작업중 정지 [d:71][t:01:26:43]
[I](2022-11-09  10:41:11 am)    [LNo:0009] 000120/000301
[I](2022-11-09  10:41:11 am)작업중 M코드정지 [d:71][t:01:26:43]
[A](2022-11-09  10:41:53 am)[001] 와이어 미동작
[I](2022-11-09  10:43:20 am)작업중 정지 [d:72][t:01:28:52]
[I](2022-11-09  10:43:20 am)    [LNo:0009] 000137/000301
[I](2022-11-09  10:43:20 am)작업중 30sec 접촉 정지 [d:72][t:01:28:52]
[I](2022-11-09  10:45:34 am)작업 재시작
[I](2022-11-09  11:01:15 am)작업중 정지 [d:88][t:01:46:46]
[I](2022-11-09  11:01:15 am)    [LNo:0009] 000146/000301
[I](2022-11-09  11:01:15 am)작업중 M코드정지 [d:88][t:01:46:46]
[I](2022-11-09  11:15:14 am)작업중 정지 [d:89][t:02:00:45]
[I](2022-11-09  11:15:14 am)    [LNo:0009] 000147/000301
[I](2022-11-09  11:15:54 am)작업 재시작
[I](2022-11-09  11:16:00 am)작업중 정지 [d:89][t:02:01:32]
[I](2022-11-09  11:16:00 am)    [LNo:0009] 000149/000301
[I](2022-11-09  11:16:00 am)작업중 M코드정지 [d:89][t:02:01:32]
[I](2022-11-09  11:33:09 am)작업중 정지 [d:105][t:02:18:40]
[I](2022-11-09  11:33:09 am)    [LNo:0009] 000175/000301
[I](2022-11-09  11:33:09 am)작업중 M코드정지 [d:105][t:02:18:40]
[I](2022-11-09  11:35:12 am)작업중 정지 [d:106][t:02:20:44]
[I](2022-11-09  11:35:12 am)    [LNo:0009] 000178/000301
[I](2022-11-09  11:35:12 am)작업중 M코드정지 [d:106][t:02:20:44]
[I](2022-11-09  11:52:24 am)작업중 정지 [d:122][t:02:37:55]
[I](2022-11-09  11:52:24 am)    [LNo:0009] 000204/000301
[I](2022-11-09  11:52:24 am)작업중 M코드정지 [d:122][t:02:37:55]
[I](2022-11-09  11:53:18 am)작업중 정지 [d:123][t:02:38:49]
[I](2022-11-09  11:53:18 am)    [LNo:0009] 000205/000301
[I](2022-11-09  11:53:47 am)작업 재시작
[I](2022-11-09  11:53:55 am)작업중 정지 [d:123][t:02:39:27]
[I](2022-11-09  11:53:55 am)    [LNo:0009] 000205/000301
[I](2022-11-09  11:54:18 am)작업 재시작
[I](2022-11-09  11:54:28 am)작업중 정지 [d:123][t:02:39:59]
[I](2022-11-09  11:54:28 am)    [LNo:0009] 000207/000301
[I](2022-11-09  11:54:28 am)작업중 M코드정지 [d:123][t:02:39:59]
[I](2022-11-09  11:55:58 am)작업중 정지 [d:123][t:02:41:29]
[I](2022-11-09  11:55:58 am)    [LNo:0009] 000224/000301
[I](2022-11-09  11:55:58 am)작업중 30sec 접촉 정지 [d:123][t:02:41:29]
[I](2022-11-09  11:59:57 am)작업 재시작
[I](2022-11-09  12:00:08 pm)작업중 정지 [d:124][t:02:45:39]
[I](2022-11-09  12:00:08 pm)    [LNo:0009] 000224/000301
[A](2022-11-09  12:00:08 pm)[008] 작업중 단선(AWF Feed Motor Stop )
[I](2022-11-09  12:00:08 pm)작업중 Wire 단선 [d:124][t:02:45:39]
[I](2022-11-09  12:01:17 pm)작업 재시작
[I](2022-11-09  12:16:44 pm)작업중 정지 [d:139][t:03:02:15]
[I](2022-11-09  12:16:44 pm)    [LNo:0009] 000233/000301
[I](2022-11-09  12:16:44 pm)작업중 M코드정지 [d:139][t:03:02:15]
[I](2022-11-09  12:19:03 pm)작업중 정지 [d:139][t:03:04:35]
[I](2022-11-09  12:19:03 pm)    [LNo:0009] 000236/000301
[I](2022-11-09  12:19:03 pm)작업중 M코드정지 [d:139][t:03:04:35]
[I](2022-11-09  12:30:33 pm)작업중 정지 [d:149][t:03:16:05]
[I](2022-11-09  12:30:33 pm)    [LNo:0009] 000260/000301
[I](2022-11-09  12:31:25 pm)작업 재시작
[I](2022-11-09  01:02:15 pm)작업중 정지 [d:180][t:03:47:46]
[I](2022-11-09  01:02:15 pm)    [LNo:0009] 000260/000301
[I](2022-11-09  01:02:37 pm)작업 재시작
[I](2022-11-09  01:16:39 pm)작업중 정지 [d:194][t:04:02:11]
[I](2022-11-09  01:16:39 pm)    [LNo:0009] 000264/000301
[I](2022-11-09  01:16:39 pm)작업중 M코드정지 [d:194][t:04:02:11]
[I](2022-11-09  01:31:27 pm)작업중 정지 [d:200][t:04:16:58]
[I](2022-11-09  01:31:27 pm)    [LNo:0009] 000282/000301
[I](2022-11-09  01:32:03 pm)작업 재시작
[I](2022-11-09  02:23:55 pm)작업중 정지 [d:252][t:05:09:26]
[I](2022-11-09  02:23:55 pm)    [LNo:0009] 000288/000301
[I](2022-11-09  02:27:03 pm)Reset
[I](2022-11-09  02:29:01 pm)Reset
[I](2022-11-09  02:29:01 pm)Reset
[I](2022-11-09  02:29:02 pm)Reset
[I](2022-11-09  02:29:31 pm)Reset
[I](2022-11-09  02:29:31 pm)Reset
[I](2022-11-09  02:34:28 pm)Reset
[I](2022-11-09  02:34:33 pm)Reset
[I](2022-11-09  02:34:33 pm)Reset
[I](2022-11-09  02:35:54 pm)Reset
[I](2022-11-09  02:36:00 pm)Reset
[I](2022-11-09  02:37:01 pm)Reset
[I](2022-11-09  02:37:07 pm)Reset
[I](2022-11-09  02:37:07 pm)Reset
[I](2022-11-09  02:37:18 pm)Reset
[I](2022-11-09  02:37:50 pm)Reset
[I](2022-11-09  02:38:03 pm)Reset
[I](2022-11-09  02:38:43 pm)작업 시작 [Start d:252]
[I](2022-11-09  02:38:43 pm)Nc File: [No.0010-452.NC]
[I](2022-11-09  02:38:43 pm)  * Start Machine Position
[I](2022-11-09  02:38:43 pm)    X:     59.0071
[I](2022-11-09  02:38:43 pm)    Y:   -357.8648
[I](2022-11-09  02:38:43 pm)    U:      0.1280
[I](2022-11-09  02:38:43 pm)    V:      0.2310
[I](2022-11-09  02:38:43 pm)    Z:     78.0755
[I](2022-11-09  02:38:43 pm)  * Angle
[I](2022-11-09  02:38:43 pm)    Ar:      0.4962,Kr:      0.0000
[I](2022-11-09  02:38:43 pm)    Taper_Ar:      0.0000
[I](2022-11-09  02:38:49 pm)작업중 정지 [d:0][t:00:00:06]
[I](2022-11-09  02:38:49 pm)    [LNo:0010] 000010/000047
[I](2022-11-09  02:38:49 pm)작업중 M코드정지 [d:0][t:00:00:06]
[I](2022-11-09  03:52:10 pm)작업중 정지 [d:73][t:01:13:27]
[I](2022-11-09  03:52:10 pm)    [LNo:0010] 000034/000047
[I](2022-11-09  03:52:10 pm)작업중 30sec 접촉 정지 [d:73][t:01:13:27]
[A](2022-11-09  03:52:40 pm)[001] 와이어 미동작
[I](2022-11-09  03:52:51 pm)작업 재시작
[I](2022-11-09  03:53:00 pm)작업중 정지 [d:73][t:01:14:17]
[I](2022-11-09  03:53:00 pm)    [LNo:0010] 000035/000047
[I](2022-11-09  03:53:00 pm)작업중 M코드정지 [d:73][t:01:14:17]
[I](2022-11-09  03:53:30 pm)Reset
[I](2022-11-09  03:55:21 pm)Reset
[I](2022-11-09  03:55:26 pm)Reset
[I](2022-11-09  03:56:55 pm)Reset
[I](2022-11-09  03:57:51 pm)Reset
[I](2022-11-09  03:58:53 pm)Reset
[I](2022-11-09  03:58:56 pm)Reset
[I](2022-11-09  03:59:12 pm)Reset
[I](2022-11-09  03:59:41 pm)Reset
[I](2022-11-09  03:59:53 pm)Reset
[I](2022-11-09  04:00:01 pm)Reset
[I](2022-11-09  04:00:45 pm)작업 시작 [Start d:325]
[I](2022-11-09  04:00:45 pm)Nc File: [No.0011-453.NC]
[I](2022-11-09  04:00:45 pm)  * Start Machine Position
[I](2022-11-09  04:00:45 pm)    X:     60.2376
[I](2022-11-09  04:00:45 pm)    Y:   -359.3474
[I](2022-11-09  04:00:45 pm)    U:      0.0399
[I](2022-11-09  04:00:45 pm)    V:      0.0798
[I](2022-11-09  04:00:45 pm)    Z:     76.3755
[I](2022-11-09  04:00:45 pm)  * Angle
[I](2022-11-09  04:00:45 pm)    Ar:      0.0069,Kr:      0.0000
[I](2022-11-09  04:00:45 pm)    Taper_Ar:      0.0000
[I](2022-11-09  04:00:52 pm)작업중 정지 [d:0][t:00:00:06]
[I](2022-11-09  04:00:52 pm)    [LNo:0011] 000010/000047
[I](2022-11-09  04:00:52 pm)작업중 M코드정지 [d:0][t:00:00:06]
[I](2022-11-09  04:07:42 pm)작업중 정지 [d:7][t:00:06:56]
[I](2022-11-09  04:07:42 pm)    [LNo:0011] 000028/000047
[A](2022-11-09  04:07:42 pm)[008] 작업중 단선(AWF Feed Motor Stop )
[I](2022-11-09  04:07:42 pm)작업중 Wire 단선 [d:7][t:00:06:56]
[I](2022-11-09  04:08:52 pm)작업 재시작
[I](2022-11-09  05:11:30 pm)작업중 정지 [d:70][t:01:10:44]
[I](2022-11-09  05:11:30 pm)    [LNo:0011] 000034/000047
[I](2022-11-09  05:11:30 pm)작업중 30sec 접촉 정지 [d:70][t:01:10:44]
[I](2022-11-09  05:11:37 pm)작업 재시작
[I](2022-11-09  05:11:38 pm)작업중 정지 [d:70][t:01:10:52]
[I](2022-11-09  05:11:38 pm)    [LNo:0011] 000034/000047
[A](2022-11-09  05:11:59 pm)[001] 와이어 미동작
[A](2022-11-09  05:12:01 pm)[002] 가공액 미동작
[I](2022-11-09  05:12:03 pm)작업 재시작
[I](2022-11-09  05:12:12 pm)작업중 정지 [d:71][t:01:11:26]
[I](2022-11-09  05:12:12 pm)    [LNo:0011] 000035/000047
[I](2022-11-09  05:12:12 pm)작업중 M코드정지 [d:71][t:01:11:26]
[I](2022-11-09  05:12:18 pm)작업중 정지 [d:71][t:01:11:32]
[I](2022-11-09  05:12:18 pm)    [LNo:0011] 000036/000047
[A](2022-11-09  05:12:38 pm)[084] Work Tank Fluid Sensor Abnormal
[A](2022-11-09  05:12:38 pm)[084] Work Tank Fluid Sensor Abnormal
[A](2022-11-09  05:12:38 pm)[084] Work Tank Fluid Sensor Abnormal
[A](2022-11-09  05:12:38 pm)[084] Work Tank Fluid Sensor Abnormal
[A](2022-11-09  05:12:39 pm)[084] Work Tank Fluid Sensor Abnormal
[A](2022-11-09  05:12:39 pm)[084] Work Tank Fluid Sensor Abnormal
[A](2022-11-09  05:12:39 pm)[084] Work Tank Fluid Sensor Abnormal
[A](2022-11-09  05:12:39 pm)[084] Work Tank Fluid Sensor Abnormal
[A](2022-11-09  05:12:39 pm)[084] Work Tank Fluid Sensor Abnormal
[A](2022-11-09  05:12:40 pm)[084] Work Tank Fluid Sensor Abnormal
[A](2022-11-09  05:12:40 pm)[084] Work Tank Fluid Sensor Abnormal
[A](2022-11-09  05:12:40 pm)[084] Work Tank Fluid Sensor Abnormal
[A](2022-11-09  05:12:40 pm)[084] Work Tank Fluid Sensor Abnormal
[A](2022-11-09  05:12:41 pm)[084] Work Tank Fluid Sensor Abnormal
[A](2022-11-09  05:12:41 pm)[084] Work Tank Fluid Sensor Abnormal
[A](2022-11-09  05:12:41 pm)[084] Work Tank Fluid Sensor Abnormal
[A](2022-11-09  05:12:41 pm)[084] Work Tank Fluid Sensor Abnormal
[A](2022-11-09  05:12:41 pm)[084] Work Tank Fluid Sensor Abnormal
[A](2022-11-09  05:12:42 pm)[084] Work Tank Fluid Sensor Abnormal
[A](2022-11-09  05:12:42 pm)[084] Work Tank Fluid Sensor Abnormal
[A](2022-11-09  05:12:42 pm)[084] Work Tank Fluid Sensor Abnormal
[A](2022-11-09  05:12:42 pm)[084] Work Tank Fluid Sensor Abnormal
[A](2022-11-09  05:12:43 pm)[084] Work Tank Fluid Sensor Abnormal
[A](2022-11-09  05:12:43 pm)[084] Work Tank Fluid Sensor Abnormal
[A](2022-11-09  05:12:43 pm)[084] Work Tank Fluid Sensor Abnormal
[A](2022-11-09  05:12:43 pm)[084] Work Tank Fluid Sensor Abnormal
[A](2022-11-09  05:12:44 pm)[084] Work Tank Fluid Sensor Abnormal
[A](2022-11-09  05:12:44 pm)[084] Work Tank Fluid Sensor Abnormal
[A](2022-11-09  05:12:44 pm)[084] Work Tank Fluid Sensor Abnormal
[A](2022-11-09  05:12:44 pm)[084] Work Tank Fluid Sensor Abnormal
[A](2022-11-09  05:12:45 pm)[084] Work Tank Fluid Sensor Abnormal
[A](2022-11-09  05:12:45 pm)[084] Work Tank Fluid Sensor Abnormal
[A](2022-11-09  05:12:45 pm)[084] Work Tank Fluid Sensor Abnormal
[A](2022-11-09  05:12:45 pm)[084] Work Tank Fluid Sensor Abnormal
[A](2022-11-09  05:12:45 pm)[084] Work Tank Fluid Sensor Abnormal
[A](2022-11-09  05:12:46 pm)[084] Work Tank Fluid Sensor Abnormal
[A](2022-11-09  05:12:46 pm)[084] Work Tank Fluid Sensor Abnormal
[A](2022-11-09  05:12:46 pm)[084] Work Tank Fluid Sensor Abnormal
[A](2022-11-09  05:12:46 pm)[084] Work Tank Fluid Sensor Abnormal
[I](2022-11-09  05:14:18 pm)Reset
[I](2022-11-09  05:16:25 pm)Reset
[I](2022-11-09  05:16:30 pm)Reset
[I](2022-11-09  05:17:29 pm)Reset
[I](2022-11-09  05:18:56 pm)Reset
[I](2022-11-09  05:19:07 pm)Reset
[I](2022-11-09  05:19:07 pm)Reset
[I](2022-11-09  05:19:27 pm)Reset
[I](2022-11-09  05:19:38 pm)Reset
[I](2022-11-09  05:20:28 pm)작업 시작 [Start d:396]
[I](2022-11-09  05:20:28 pm)Nc File: [No.0012-406.NC]
[I](2022-11-09  05:20:28 pm)  * Start Machine Position
[I](2022-11-09  05:20:28 pm)    X:     62.8479
[I](2022-11-09  05:20:28 pm)    Y:   -357.3996
[I](2022-11-09  05:20:28 pm)    U:      0.0999
[I](2022-11-09  05:20:28 pm)    V:     -0.0106
[I](2022-11-09  05:20:28 pm)    Z:     33.9250
[I](2022-11-09  05:20:28 pm)  * Angle
[I](2022-11-09  05:20:28 pm)    Ar:     -0.4073,Kr:      0.0000
[I](2022-11-09  05:20:28 pm)    Taper_Ar:      0.0000
[I](2022-11-09  05:26:49 pm)작업중 정지 [d:5][t:00:06:21]
[I](2022-11-09  05:26:49 pm)    [LNo:0012] 000034/000083
[I](2022-11-09  05:27:20 pm)작업 재시작
[I](2022-11-09  05:29:50 pm)작업중 정지 [d:7][t:00:09:22]
[I](2022-11-09  05:29:50 pm)    [LNo:0012] 000054/000083
[I](2022-11-09  05:29:50 pm)작업중 M코드정지 [d:7][t:00:09:22]
[I](2022-11-09  05:31:37 pm)Reset
[I](2022-11-09  05:31:37 pm)Reset
[I](2022-11-09  05:31:44 pm)작업 시작 [Start d:403]
[I](2022-11-09  05:31:44 pm)Nc File: [No.0012-406.NC]
[I](2022-11-09  05:31:44 pm)  * Start Machine Position
[I](2022-11-09  05:31:44 pm)    X:     48.9356
[I](2022-11-09  05:31:44 pm)    Y:   -371.1870
[I](2022-11-09  05:31:44 pm)    U:      0.0999
[I](2022-11-09  05:31:44 pm)    V:     -0.0106
[I](2022-11-09  05:31:44 pm)    Z:     33.9250
[I](2022-11-09  05:31:44 pm)  * Angle
[I](2022-11-09  05:31:44 pm)    Ar:     -0.4073,Kr:      0.0000
[I](2022-11-09  05:31:44 pm)    Taper_Ar:      0.0000
[I](2022-11-09  05:31:47 pm)작업중 정지 [d:0][t:00:00:02]
[I](2022-11-09  05:31:47 pm)    [LNo:0012] 000036/000083
[I](2022-11-09  05:32:10 pm)Reset
[I](2022-11-09  05:32:21 pm)작업 시작 [Start d:403]
[I](2022-11-09  05:32:21 pm)Nc File: [No.0012-406.NC]
[I](2022-11-09  05:32:21 pm)  * Start Machine Position
[I](2022-11-09  05:32:21 pm)    X:     48.9356
[I](2022-11-09  05:32:21 pm)    Y:   -371.1870
[I](2022-11-09  05:32:21 pm)    U:      0.0999
[I](2022-11-09  05:32:21 pm)    V:     -0.0106
[I](2022-11-09  05:32:21 pm)    Z:     33.9250
[I](2022-11-09  05:32:21 pm)  * Angle
[I](2022-11-09  05:32:21 pm)    Ar:     -0.4073,Kr:      0.0000
[I](2022-11-09  05:32:21 pm)    Taper_Ar:      0.0000
[I](2022-11-09  05:33:38 pm)작업중 정지 [d:1][t:00:01:16]
[I](2022-11-09  05:33:38 pm)    [LNo:0012] 000054/000083
[I](2022-11-09  05:33:38 pm)작업중 M코드정지 [d:1][t:00:01:16]
[I](2022-11-09  05:51:36 pm)작업중 정지 [d:16][t:00:19:14]
[I](2022-11-09  05:51:36 pm)    [LNo:0012] 000073/000083
[I](2022-11-09  05:51:36 pm)작업중 M코드정지 [d:16][t:00:19:14]
[A](2022-11-09  05:54:29 pm)[001] 와이어 미동작
[I](2022-11-09  05:54:33 pm)작업중 정지 [d:16][t:00:22:11]
[I](2022-11-09  05:54:33 pm)    [LNo:0012] 000076/000083
[A](2022-11-09  05:54:59 pm)[084] Work Tank Fluid Sensor Abnormal
[A](2022-11-09  05:54:59 pm)[084] Work Tank Fluid Sensor Abnormal
[I](2022-11-09  05:56:14 pm)Reset
[I](2022-11-09  05:56:14 pm)Reset
[I](2022-11-09  05:57:39 pm)Reset
[I](2022-11-09  05:57:47 pm)Reset
[I](2022-11-09  05:58:04 pm)Reset
[I](2022-11-09  05:58:12 pm)Reset
[I](2022-11-09  05:58:49 pm)작업 시작 [Start d:419]
[I](2022-11-09  05:58:49 pm)Nc File: [No.0012-406.NC]
[I](2022-11-09  05:58:49 pm)  * Start Machine Position
[I](2022-11-09  05:58:49 pm)    X:     67.3528
[I](2022-11-09  05:58:49 pm)    Y:   -356.1881
[I](2022-11-09  05:58:49 pm)    U:      0.0996
[I](2022-11-09  05:58:49 pm)    V:      0.0193
[I](2022-11-09  05:58:49 pm)    Z:     33.9250
[I](2022-11-09  05:58:49 pm)  * Angle
[I](2022-11-09  05:58:49 pm)    Ar:      0.6903,Kr:      0.0000
[I](2022-11-09  05:58:49 pm)    Taper_Ar:      0.0000
[I](2022-11-09  06:05:11 pm)작업중 정지 [d:6][t:00:06:22]
[I](2022-11-09  06:05:11 pm)    [LNo:0012] 000030/000083
[I](2022-11-09  06:05:37 pm)작업 재시작
[I](2022-11-09  06:07:56 pm)작업중 정지 [d:8][t:00:09:06]
[I](2022-11-09  06:07:56 pm)    [LNo:0012] 000051/000083
[I](2022-11-09  06:24:16 pm)작업중 정지 [d:23][t:00:25:26]
[I](2022-11-09  06:24:16 pm)    [LNo:0012] 000073/000083
[I](2022-11-09  06:24:16 pm)작업중 M코드정지 [d:23][t:00:25:26]
[A](2022-11-09  06:32:06 pm)[001] 와이어 미동작
[I](2022-11-09  06:32:10 pm)작업중 정지 [d:23][t:00:33:21]
[I](2022-11-09  06:32:10 pm)    [LNo:0012] 000076/000083
[I](2022-11-09  06:34:32 pm)Reset
[I](2022-11-09  06:36:04 pm)Reset
[I](2022-11-09  06:36:08 pm)Reset
[I](2022-11-09  06:36:14 pm)Reset
[I](2022-11-09  06:36:37 pm)Reset
[I](2022-11-09  06:36:47 pm)Reset
[I](2022-11-09  06:36:49 pm)Reset
[I](2022-11-09  06:37:25 pm)작업 시작 [Start d:442]
[I](2022-11-09  06:37:25 pm)Nc File: [No.0012-406.NC]
[I](2022-11-09  06:37:25 pm)  * Start Machine Position
[I](2022-11-09  06:37:25 pm)    X:     64.9873
[I](2022-11-09  06:37:25 pm)    Y:   -357.4217
[I](2022-11-09  06:37:25 pm)    U:     -0.0006
[I](2022-11-09  06:37:25 pm)    V:     -0.0199
[I](2022-11-09  06:37:25 pm)    Z:     33.9250
[I](2022-11-09  06:37:25 pm)  * Angle
[I](2022-11-09  06:37:25 pm)    Ar:     -0.4317,Kr:      0.0000
[I](2022-11-09  06:37:25 pm)    Taper_Ar:      0.0000
[I](2022-11-09  06:43:46 pm)작업중 정지 [d:5][t:00:06:20]
[I](2022-11-09  06:43:46 pm)    [LNo:0012] 000028/000083
[I](2022-11-09  06:43:46 pm)작업중 M코드정지 [d:5][t:00:06:20]
[I](2022-11-09  06:45:45 pm)작업중 정지 [d:5][t:00:08:20]
[I](2022-11-09  06:45:45 pm)    [LNo:0012] 000032/000083
[I](2022-11-09  06:45:45 pm)작업중 M코드정지 [d:5][t:00:08:20]
[I](2022-11-09  07:04:19 pm)작업중 정지 [d:21][t:00:26:54]
[I](2022-11-09  07:04:19 pm)    [LNo:0012] 000073/000083
[I](2022-11-09  07:04:19 pm)작업중 M코드정지 [d:21][t:00:26:54]
[I](2022-11-09  07:16:21 pm)Reset
[I](2022-11-09  07:16:49 pm)Reset
[I](2022-11-09  07:18:04 pm)Reset
[I](2022-11-09  07:18:17 pm)Reset
[I](2022-11-09  07:18:48 pm)Reset
[I](2022-11-09  07:18:57 pm)Reset
[I](2022-11-09  07:19:06 pm)Reset
[I](2022-11-09  07:19:41 pm)작업 시작 [Start d:463]
[I](2022-11-09  07:19:41 pm)Nc File: [No.0012-406.NC]
[I](2022-11-09  07:19:41 pm)  * Start Machine Position
[I](2022-11-09  07:19:41 pm)    X:     67.4318
[I](2022-11-09  07:19:41 pm)    Y:   -355.9111
[I](2022-11-09  07:19:41 pm)    U:      0.1492
[I](2022-11-09  07:19:41 pm)    V:     -0.0076
[I](2022-11-09  07:19:41 pm)    Z:     33.9250
[I](2022-11-09  07:19:41 pm)  * Angle
[I](2022-11-09  07:19:41 pm)    Ar:      0.9527,Kr:      0.0000
[I](2022-11-09  07:19:41 pm)    Taper_Ar:      0.0000
[I](2022-11-09  07:20:29 pm)작업중 정지 [d:0][t:00:00:48]
[I](2022-11-09  07:20:29 pm)    [LNo:0012] 000021/000083
[I](2022-11-09  07:20:30 pm)작업중 30sec 접촉 정지 [d:0][t:00:00:48]
[I](2022-11-09  07:22:52 pm)작업 재시작
[I](2022-11-09  07:28:30 pm)작업중 정지 [d:6][t:00:08:49]
[I](2022-11-09  07:28:30 pm)    [LNo:0012] 000028/000083
[I](2022-11-09  07:28:30 pm)작업중 M코드정지 [d:6][t:00:08:49]
[I](2022-11-09  07:28:50 pm)작업중 정지 [d:6][t:00:09:09]
[I](2022-11-09  07:28:50 pm)    [LNo:0012] 000030/000083
[I](2022-11-09  07:28:50 pm)작업중 30sec 접촉 정지 [d:6][t:00:09:09]
[I](2022-11-09  07:29:19 pm)작업 재시작
[I](2022-11-09  07:29:26 pm)작업중 정지 [d:6][t:00:09:44]
[I](2022-11-09  07:29:26 pm)    [LNo:0012] 000032/000083
[I](2022-11-09  07:29:26 pm)작업중 M코드정지 [d:6][t:00:09:44]
[I](2022-11-09  07:47:29 pm)작업중 정지 [d:23][t:00:27:47]
[I](2022-11-09  07:47:29 pm)    [LNo:0012] 000073/000083
[I](2022-11-09  07:47:29 pm)작업중 M코드정지 [d:23][t:00:27:48]
[I](2022-11-09  07:50:57 pm)작업중 정지 [d:23][t:00:31:15]
[I](2022-11-09  07:50:57 pm)    [LNo:0012] 000076/000083
[I](2022-11-09  07:53:00 pm)Reset
[I](2022-11-09  07:53:29 pm)Reset
[I](2022-11-09  07:54:31 pm)Reset
[I](2022-11-09  07:54:40 pm)Reset
[I](2022-11-09  07:55:06 pm)Reset
[I](2022-11-09  07:55:14 pm)Reset
[A](2022-11-09  07:55:54 pm)[037] 자동결선 잔여 WIRE 처리 실패!!
[I](2022-11-09  07:55:54 pm)작업 시작 [Start d:486]
[I](2022-11-09  07:55:54 pm)Nc File: [No.0012-406.NC]
[I](2022-11-09  07:55:54 pm)  * Start Machine Position
[I](2022-11-09  07:55:54 pm)    X:     68.2305
[I](2022-11-09  07:55:54 pm)    Y:   -356.6857
[I](2022-11-09  07:55:54 pm)    U:      0.1591
[I](2022-11-09  07:55:54 pm)    V:     -0.0076
[I](2022-11-09  07:55:54 pm)    Z:     33.9250
[I](2022-11-09  07:55:54 pm)  * Angle
[I](2022-11-09  07:55:54 pm)    Ar:      0.2326,Kr:      0.0000
[I](2022-11-09  07:55:54 pm)    Taper_Ar:      0.0000
[I](2022-11-09  07:55:59 pm)작업중 정지 [d:0][t:00:00:04]
[I](2022-11-09  07:55:59 pm)    [LNo:0012] 000010/000083
[I](2022-11-09  07:55:59 pm)작업중 M코드정지 [d:0][t:00:00:04]
[A](2022-11-09  07:56:24 pm)[001] 와이어 미동작
[A](2022-11-09  07:56:25 pm)[001] 와이어 미동작
[I](2022-11-09  08:02:15 pm)작업중 정지 [d:6][t:00:06:20]
[I](2022-11-09  08:02:15 pm)    [LNo:0012] 000028/000083
[I](2022-11-09  08:02:15 pm)작업중 M코드정지 [d:6][t:00:06:20]
[I](2022-11-09  08:02:48 pm)작업중 정지 [d:6][t:00:06:53]
[I](2022-11-09  08:02:48 pm)    [LNo:0012] 000032/000083
[I](2022-11-09  08:02:48 pm)작업중 M코드정지 [d:6][t:00:06:53]
[I](2022-11-09  08:21:27 pm)작업중 정지 [d:23][t:00:25:33]
[I](2022-11-09  08:21:27 pm)    [LNo:0012] 000073/000083
[I](2022-11-09  08:21:28 pm)작업중 M코드정지 [d:23][t:00:25:33]
[A](2022-11-09  08:21:38 pm)[001] 와이어 미동작
[I](2022-11-09  08:21:46 pm)작업중 정지 [d:23][t:00:25:51]
[I](2022-11-09  08:21:46 pm)    [LNo:0012] 000076/000083
[A](2022-11-09  08:22:05 pm)[084] Work Tank Fluid Sensor Abnormal
[A](2022-11-09  08:22:05 pm)[084] Work Tank Fluid Sensor Abnormal
[A](2022-11-09  08:22:05 pm)[084] Work Tank Fluid Sensor Abnormal
[A](2022-11-09  08:22:05 pm)[084] Work Tank Fluid Sensor Abnormal
[A](2022-11-09  08:22:06 pm)[084] Work Tank Fluid Sensor Abnormal
[A](2022-11-09  08:22:06 pm)[084] Work Tank Fluid Sensor Abnormal
[A](2022-11-09  08:22:06 pm)[084] Work Tank Fluid Sensor Abnormal
[A](2022-11-09  08:22:06 pm)[084] Work Tank Fluid Sensor Abnormal
[A](2022-11-09  08:22:06 pm)[084] Work Tank Fluid Sensor Abnormal
[A](2022-11-09  08:22:06 pm)[084] Work Tank Fluid Sensor Abnormal
[A](2022-11-09  08:22:06 pm)[084] Work Tank Fluid Sensor Abnormal
[A](2022-11-09  08:22:06 pm)[084] Work Tank Fluid Sensor Abnormal
[A](2022-11-09  08:22:07 pm)[084] Work Tank Fluid Sensor Abnormal
[A](2022-11-09  08:22:07 pm)[084] Work Tank Fluid Sensor Abnormal
[A](2022-11-09  08:22:07 pm)[084] Work Tank Fluid Sensor Abnormal
[A](2022-11-09  08:22:07 pm)[084] Work Tank Fluid Sensor Abnormal
[A](2022-11-09  08:22:07 pm)[084] Work Tank Fluid Sensor Abnormal
[A](2022-11-09  08:22:08 pm)[084] Work Tank Fluid Sensor Abnormal
[A](2022-11-09  08:22:08 pm)[084] Work Tank Fluid Sensor Abnormal
[A](2022-11-09  08:22:08 pm)[084] Work Tank Fluid Sensor Abnormal
[A](2022-11-09  08:22:08 pm)[084] Work Tank Fluid Sensor Abnormal
[A](2022-11-09  08:22:08 pm)[084] Work Tank Fluid Sensor Abnormal
[A](2022-11-09  08:22:08 pm)[084] Work Tank Fluid Sensor Abnormal
[A](2022-11-09  08:22:09 pm)[084] Work Tank Fluid Sensor Abnormal
[A](2022-11-09  08:22:09 pm)[084] Work Tank Fluid Sensor Abnormal
[A](2022-11-09  08:22:09 pm)[084] Work Tank Fluid Sensor Abnormal
[A](2022-11-09  08:22:09 pm)[084] Work Tank Fluid Sensor Abnormal
[A](2022-11-09  08:22:09 pm)[084] Work Tank Fluid Sensor Abnormal
[A](2022-11-09  08:22:09 pm)[084] Work Tank Fluid Sensor Abnormal
[A](2022-11-09  08:22:10 pm)[084] Work Tank Fluid Sensor Abnormal
[A](2022-11-09  08:22:10 pm)[084] Work Tank Fluid Sensor Abnormal
[A](2022-11-09  08:22:10 pm)[084] Work Tank Fluid Sensor Abnormal
[A](2022-11-09  08:22:10 pm)[084] Work Tank Fluid Sensor Abnormal
[A](2022-11-09  08:22:11 pm)[084] Work Tank Fluid Sensor Abnormal
[A](2022-11-09  08:22:11 pm)[084] Work Tank Fluid Sensor Abnormal
[A](2022-11-09  08:22:11 pm)[084] Work Tank Fluid Sensor Abnormal
[A](2022-11-09  08:22:11 pm)[084] Work Tank Fluid Sensor Abnormal
[A](2022-11-09  08:22:12 pm)[084] Work Tank Fluid Sensor Abnormal
[A](2022-11-09  08:22:12 pm)[084] Work Tank Fluid Sensor Abnormal
[A](2022-11-09  08:22:12 pm)[084] Work Tank Fluid Sensor Abnormal
[A](2022-11-09  08:22:12 pm)[084] Work Tank Fluid Sensor Abnormal
[A](2022-11-09  08:22:13 pm)[084] Work Tank Fluid Sensor Abnormal
[A](2022-11-09  08:22:13 pm)[084] Work Tank Fluid Sensor Abnormal
[A](2022-11-09  08:22:13 pm)[084] Work Tank Fluid Sensor Abnormal
[A](2022-11-09  08:22:13 pm)[084] Work Tank Fluid Sensor Abnormal
[A](2022-11-09  08:22:14 pm)[084] Work Tank Fluid Sensor Abnormal
[A](2022-11-09  08:22:14 pm)[084] Work Tank Fluid Sensor Abnormal
[A](2022-11-09  08:22:14 pm)[084] Work Tank Fluid Sensor Abnormal
[A](2022-11-09  08:22:14 pm)[084] Work Tank Fluid Sensor Abnormal
[I](2022-11-09  08:22:25 pm)Reset
[I](2022-11-09  08:26:35 pm)Reset
[I](2022-11-09  08:26:40 pm)Reset
[I](2022-11-09  08:28:32 pm)Reset
[I](2022-11-09  08:29:32 pm)Reset
[I](2022-11-09  08:30:18 pm)Reset
[I](2022-11-09  08:30:27 pm)Reset
[I](2022-11-09  08:30:29 pm)Reset
[A](2022-11-09  08:31:01 pm)[002] 가공액 미동작
[I](2022-11-09  08:31:15 pm)Reset
[I](2022-11-09  08:33:25 pm)Reset
[I](2022-11-09  08:33:45 pm)Reset
[I](2022-11-09  08:33:54 pm)Reset
[I](2022-11-09  08:34:33 pm)작업 시작 [Start d:0]
[I](2022-11-09  08:34:33 pm)Nc File: [No.0001-0.31   황.정삭  FFX  WALL - 1.NC]
[I](2022-11-09  08:34:33 pm)  * Start Machine Position
[I](2022-11-09  08:34:33 pm)    X:    475.7563
[I](2022-11-09  08:34:33 pm)    Y:   -362.1871
[I](2022-11-09  08:34:33 pm)    U:      0.0002
[I](2022-11-09  08:34:33 pm)    V:      0.0299
[I](2022-11-09  08:34:33 pm)    Z:     44.9210
[I](2022-11-09  08:34:33 pm)  * Angle
[I](2022-11-09  08:34:33 pm)    Ar:     -0.4257,Kr:      0.0000
[I](2022-11-09  08:34:33 pm)    Taper_Ar:      0.0000
[I](2022-11-09  08:34:35 pm)작업중 정지 [d:0][t:00:00:01]
[I](2022-11-09  08:34:35 pm)    [LNo:0001] 000858/001200
[I](2022-11-09  08:34:39 pm)Reset
[I](2022-11-09  08:34:45 pm)작업 시작 [Start d:0]
[I](2022-11-09  08:34:45 pm)Nc File: [No.0001-0.31   황.정삭  FFX  WALL - 1.NC]
[I](2022-11-09  08:34:45 pm)  * Start Machine Position
[I](2022-11-09  08:34:45 pm)    X:    475.7563
[I](2022-11-09  08:34:45 pm)    Y:   -362.1871
[I](2022-11-09  08:34:45 pm)    U:      0.0002
[I](2022-11-09  08:34:45 pm)    V:      0.0299
[I](2022-11-09  08:34:45 pm)    Z:     44.9210
[I](2022-11-09  08:34:45 pm)  * Angle
[I](2022-11-09  08:34:45 pm)    Ar:     -0.4257,Kr:      0.0000
[I](2022-11-09  08:34:45 pm)    Taper_Ar:      0.0000
[I](2022-11-09  08:35:00 pm)작업중 정지 [d:0][t:00:00:14]
[I](2022-11-09  08:35:00 pm)    [LNo:0001] 000861/001200
[I](2022-11-09  08:35:58 pm)작업중 정지 [d:0][t:00:01:12]
[I](2022-11-09  08:35:58 pm)    [LNo:0001] 000871/001200
[I](2022-11-09  08:35:58 pm)작업중 30sec 접촉 정지 [d:0][t:00:01:12]
[I](2022-11-09  08:36:05 pm)작업 재시작
[I](2022-11-09  08:37:02 pm)작업중 정지 [d:1][t:00:02:17]
[I](2022-11-09  08:37:02 pm)    [LNo:0001] 000878/001200
[A](2022-11-09  08:37:53 pm)[037] 자동결선 잔여 WIRE 처리 실패!!
[I](2022-11-09  08:38:04 pm)Reset
[I](2022-11-09  08:38:04 pm)Reset
[I](2022-11-09  08:38:07 pm)Reset
[I](2022-11-09  08:38:20 pm)작업 시작 [Start d:1]
[I](2022-11-09  08:38:20 pm)Nc File: [No.0001-0.31   황.정삭  FFX  WALL - 1.NC]
[I](2022-11-09  08:38:20 pm)  * Start Machine Position
[I](2022-11-09  08:38:20 pm)    X:    475.7563
[I](2022-11-09  08:38:20 pm)    Y:   -362.1970
[I](2022-11-09  08:38:20 pm)    U:      0.0002
[I](2022-11-09  08:38:20 pm)    V:      0.0299
[I](2022-11-09  08:38:20 pm)    Z:     44.9210
[I](2022-11-09  08:38:20 pm)  * Angle
[I](2022-11-09  08:38:20 pm)    Ar:     -0.4257,Kr:      0.0000
[I](2022-11-09  08:38:20 pm)    Taper_Ar:      0.0000
[A](2022-11-09  08:39:07 pm)[002] 가공액 미동작
[I](2022-11-09  08:39:09 pm)작업중 정지 [d:0][t:00:00:49]
[I](2022-11-09  08:39:09 pm)    [LNo:0001] 000919/001200
[I](2022-11-09  08:43:05 pm)작업중 정지 [d:3][t:00:04:45]
[I](2022-11-09  08:43:05 pm)    [LNo:0001] 000924/001200
[A](2022-11-09  08:43:31 pm)[037] 자동결선 잔여 WIRE 처리 실패!!
[I](2022-11-09  08:43:44 pm)Reset
[I](2022-11-09  08:43:44 pm)Reset
[I](2022-11-09  08:43:46 pm)작업 시작 [Start d:4]
[I](2022-11-09  08:43:46 pm)Nc File: [No.0001-0.31   황.정삭  FFX  WALL - 1.NC]
[I](2022-11-09  08:43:46 pm)  * Start Machine Position
[I](2022-11-09  08:43:46 pm)    X:    475.7563
[I](2022-11-09  08:43:46 pm)    Y:   -362.1970
[I](2022-11-09  08:43:46 pm)    U:      0.0002
[I](2022-11-09  08:43:46 pm)    V:      0.0299
[I](2022-11-09  08:43:46 pm)    Z:     44.9210
[I](2022-11-09  08:43:46 pm)  * Angle
[I](2022-11-09  08:43:46 pm)    Ar:     -0.4257,Kr:      0.0000
[I](2022-11-09  08:43:46 pm)    Taper_Ar:      0.0000
[I](2022-11-09  08:54:08 pm)작업중 정지 [d:10][t:00:10:21]
[I](2022-11-09  08:54:08 pm)    [LNo:0001] 000060/001200
[A](2022-11-09  09:07:11 pm)[037] 자동결선 잔여 WIRE 처리 실패!!
