[I](2022-09-16  08:48:22 am)작업중 정지 [d:914][t:15:33:15]
[I](2022-09-16  08:48:22 am)    [LNo:0005] 000345/000527
[I](2022-09-16  08:49:11 am)Reset
[I](2022-09-16  08:49:12 am)Reset
[I](2022-09-16  08:49:18 am)Reset
[I](2022-09-16  08:49:18 am)Reset
[I](2022-09-16  08:52:52 am)Reset
[I](2022-09-16  08:53:02 am)Reset
[I](2022-09-16  08:53:09 am)작업 시작 [Start d:0]
[I](2022-09-16  08:53:09 am)Nc File: [No.0004-437.NC]
[I](2022-09-16  08:53:09 am)  * Start Machine Position
[I](2022-09-16  08:53:09 am)    X:      7.2371
[I](2022-09-16  08:53:09 am)    Y:   -236.4216
[I](2022-09-16  08:53:09 am)    U:      0.0000
[I](2022-09-16  08:53:09 am)    V:      0.0000
[I](2022-09-16  08:53:09 am)    Z:     17.5286
[I](2022-09-16  08:53:09 am)  * Angle
[I](2022-09-16  08:53:09 am)    Ar:      0.0846,Kr:      0.0000
[I](2022-09-16  08:53:09 am)    Taper_Ar:      0.0000
[I](2022-09-16  08:53:56 am)작업중 정지 [d:0][t:00:00:47]
[I](2022-09-16  08:53:56 am)    [LNo:0004] 000010/001214
[I](2022-09-16  08:53:56 am)작업중 M코드정지 [d:0][t:00:00:47]
[I](2022-09-16  09:01:12 am)작업중 정지 [d:6][t:00:08:03]
[I](2022-09-16  09:01:12 am)    [LNo:0004] 000029/001214
[I](2022-09-16  09:01:12 am)작업중 M코드정지 [d:6][t:00:08:03]
[I](2022-09-16  09:02:58 am)작업중 정지 [d:6][t:00:09:48]
[I](2022-09-16  09:02:58 am)    [LNo:0004] 000032/001214
[I](2022-09-16  09:02:58 am)작업중 M코드정지 [d:6][t:00:09:49]
[I](2022-09-16  09:05:37 am)작업중 정지 [d:8][t:00:12:28]
[I](2022-09-16  09:05:37 am)    [LNo:0004] 000051/001214
[I](2022-09-16  09:05:38 am)작업중 M코드정지 [d:8][t:00:12:28]
[I](2022-09-16  09:14:56 am)작업중 정지 [d:14][t:00:21:47]
[I](2022-09-16  09:14:56 am)    [LNo:0004] 000074/001214
[I](2022-09-16  09:14:57 am)작업중 M코드정지 [d:14][t:00:21:47]
[I](2022-09-16  09:16:49 am)작업중 정지 [d:14][t:00:23:40]
[I](2022-09-16  09:16:49 am)    [LNo:0004] 000077/001214
[I](2022-09-16  09:16:49 am)작업중 M코드정지 [d:14][t:00:23:40]
[I](2022-09-16  09:26:56 am)작업중 정지 [d:22][t:00:33:47]
[I](2022-09-16  09:26:56 am)    [LNo:0004] 000119/001214
[I](2022-09-16  09:26:56 am)작업중 M코드정지 [d:22][t:00:33:47]
[I](2022-09-16  09:27:13 am)작업중 정지 [d:22][t:00:34:04]
[I](2022-09-16  09:27:13 am)    [LNo:0004] 000122/001214
[I](2022-09-16  09:27:13 am)작업중 M코드정지 [d:22][t:00:34:04]
[I](2022-09-16  09:36:28 am)작업중 정지 [d:30][t:00:43:19]
[I](2022-09-16  09:36:28 am)    [LNo:0004] 000164/001214
[I](2022-09-16  09:36:28 am)작업중 M코드정지 [d:30][t:00:43:19]
[I](2022-09-16  09:45:49 am)작업중 정지 [d:30][t:00:52:40]
[I](2022-09-16  09:45:49 am)    [LNo:0004] 000167/001214
[I](2022-09-16  09:45:49 am)작업중 M코드정지 [d:30][t:00:52:40]
[I](2022-09-16  09:55:04 am)작업중 정지 [d:38][t:01:01:55]
[I](2022-09-16  09:55:04 am)    [LNo:0004] 000209/001214
[I](2022-09-16  09:55:04 am)작업중 M코드정지 [d:38][t:01:01:55]
[I](2022-09-16  09:55:31 am)작업중 정지 [d:38][t:01:02:22]
[I](2022-09-16  09:55:31 am)    [LNo:0004] 000212/001214
[I](2022-09-16  09:55:31 am)작업중 M코드정지 [d:38][t:01:02:22]
[I](2022-09-16  10:04:53 am)작업중 정지 [d:45][t:01:11:44]
[I](2022-09-16  10:04:53 am)    [LNo:0004] 000254/001214
[I](2022-09-16  10:04:53 am)작업중 M코드정지 [d:45][t:01:11:44]
[I](2022-09-16  10:06:29 am)작업중 정지 [d:46][t:01:13:20]
[I](2022-09-16  10:06:29 am)    [LNo:0004] 000257/001214
[I](2022-09-16  10:06:29 am)작업중 M코드정지 [d:46][t:01:13:20]
[I](2022-09-16  10:15:30 am)작업중 정지 [d:54][t:01:22:21]
[I](2022-09-16  10:15:30 am)    [LNo:0004] 000299/001214
[I](2022-09-16  10:15:30 am)작업중 M코드정지 [d:54][t:01:22:21]
[I](2022-09-16  10:16:46 am)작업중 정지 [d:54][t:01:23:37]
[I](2022-09-16  10:16:46 am)    [LNo:0004] 000302/001214
[I](2022-09-16  10:16:46 am)작업중 M코드정지 [d:54][t:01:23:37]
[I](2022-09-16  10:25:57 am)작업중 정지 [d:61][t:01:32:48]
[I](2022-09-16  10:25:57 am)    [LNo:0004] 000344/001214
[I](2022-09-16  10:25:57 am)작업중 M코드정지 [d:61][t:01:32:48]
[I](2022-09-16  10:26:24 am)작업중 정지 [d:62][t:01:33:15]
[I](2022-09-16  10:26:24 am)    [LNo:0004] 000347/001214
[I](2022-09-16  10:26:24 am)작업중 M코드정지 [d:62][t:01:33:15]
[I](2022-09-16  10:35:46 am)작업중 정지 [d:69][t:01:42:37]
[I](2022-09-16  10:35:46 am)    [LNo:0004] 000389/001214
[I](2022-09-16  10:35:46 am)작업중 M코드정지 [d:69][t:01:42:37]
[I](2022-09-16  10:36:07 am)작업중 정지 [d:69][t:01:42:58]
[I](2022-09-16  10:36:07 am)    [LNo:0004] 000392/001214
[I](2022-09-16  10:36:07 am)작업중 M코드정지 [d:69][t:01:42:58]
[I](2022-09-16  10:45:18 am)작업중 정지 [d:76][t:01:52:09]
[I](2022-09-16  10:45:18 am)    [LNo:0004] 000434/001214
[I](2022-09-16  10:45:18 am)작업중 M코드정지 [d:76][t:01:52:09]
[I](2022-09-16  10:45:59 am)작업중 정지 [d:76][t:01:52:50]
[I](2022-09-16  10:45:59 am)    [LNo:0004] 000437/001214
[I](2022-09-16  10:45:59 am)작업중 M코드정지 [d:76][t:01:52:50]
[I](2022-09-16  10:55:59 am)작업중 정지 [d:84][t:02:02:49]
[I](2022-09-16  10:55:59 am)    [LNo:0004] 000479/001214
[I](2022-09-16  10:55:59 am)작업중 M코드정지 [d:84][t:02:02:50]
[I](2022-09-16  10:56:18 am)작업중 정지 [d:84][t:02:03:09]
[I](2022-09-16  10:56:18 am)    [LNo:0004] 000482/001214
[I](2022-09-16  10:56:18 am)작업중 M코드정지 [d:84][t:02:03:09]
[I](2022-09-16  11:05:37 am)작업중 정지 [d:92][t:02:12:27]
[I](2022-09-16  11:05:37 am)    [LNo:0004] 000524/001214
[I](2022-09-16  11:05:37 am)작업중 M코드정지 [d:92][t:02:12:28]
[A](2022-09-16  11:06:21 am)[001] 와이어 미동작
[I](2022-09-16  11:06:37 am)작업중 정지 [d:92][t:02:13:28]
[I](2022-09-16  11:06:37 am)    [LNo:0004] 000527/001214
[I](2022-09-16  11:06:37 am)작업중 M코드정지 [d:92][t:02:13:28]
[I](2022-09-16  11:15:55 am)작업중 정지 [d:100][t:02:22:45]
[I](2022-09-16  11:15:55 am)    [LNo:0004] 000570/001214
[I](2022-09-16  11:16:15 am)작업 재시작
[I](2022-09-16  11:16:19 am)작업중 정지 [d:100][t:02:23:10]
[I](2022-09-16  11:16:19 am)    [LNo:0004] 000572/001214
[I](2022-09-16  11:16:19 am)작업중 M코드정지 [d:100][t:02:23:10]
[I](2022-09-16  11:25:13 am)작업중 정지 [d:107][t:02:32:04]
[I](2022-09-16  11:25:13 am)    [LNo:0004] 000614/001214
[I](2022-09-16  11:25:13 am)작업중 M코드정지 [d:107][t:02:32:04]
[I](2022-09-16  11:25:35 am)작업중 정지 [d:107][t:02:32:26]
[I](2022-09-16  11:25:35 am)    [LNo:0004] 000617/001214
[I](2022-09-16  11:25:35 am)작업중 M코드정지 [d:107][t:02:32:26]
[I](2022-09-16  11:34:49 am)작업중 정지 [d:115][t:02:41:40]
[I](2022-09-16  11:34:49 am)    [LNo:0004] 000659/001214
[I](2022-09-16  11:34:49 am)작업중 M코드정지 [d:115][t:02:41:40]
[I](2022-09-16  11:35:07 am)작업중 정지 [d:115][t:02:41:58]
[I](2022-09-16  11:35:07 am)    [LNo:0004] 000662/001214
[I](2022-09-16  11:35:08 am)작업중 M코드정지 [d:115][t:02:41:58]
[I](2022-09-16  11:44:26 am)작업중 정지 [d:123][t:02:51:17]
[I](2022-09-16  11:44:26 am)    [LNo:0004] 000704/001214
[I](2022-09-16  11:44:26 am)작업중 M코드정지 [d:123][t:02:51:17]
[I](2022-09-16  11:44:46 am)작업중 정지 [d:123][t:02:51:37]
[I](2022-09-16  11:44:46 am)    [LNo:0004] 000707/001214
[I](2022-09-16  11:44:47 am)작업중 M코드정지 [d:123][t:02:51:37]
[I](2022-09-16  11:47:40 am)작업중 정지 [d:125][t:02:54:31]
[I](2022-09-16  11:47:40 am)    [LNo:0004] 000730/001214
[I](2022-09-16  11:48:25 am)Reset
[I](2022-09-16  11:48:25 am)Reset
[I](2022-09-16  11:48:34 am)작업 시작 [Start d:125]
[I](2022-09-16  11:48:34 am)Nc File: [No.0005-438.NC]
[I](2022-09-16  11:48:34 am)  * Start Machine Position
[I](2022-09-16  11:48:34 am)    X:      7.2371
[I](2022-09-16  11:48:34 am)    Y:   -236.4216
[I](2022-09-16  11:48:34 am)    U:      0.0000
[I](2022-09-16  11:48:34 am)    V:      0.0000
[I](2022-09-16  11:48:34 am)    Z:     17.5286
[I](2022-09-16  11:48:34 am)  * Angle
[I](2022-09-16  11:48:34 am)    Ar:      0.0846,Kr:      0.0000
[I](2022-09-16  11:48:34 am)    Taper_Ar:      0.0000
[I](2022-09-16  11:49:26 am)작업중 정지 [d:0][t:00:00:51]
[I](2022-09-16  11:49:26 am)    [LNo:0005] 000010/000527
[I](2022-09-16  11:49:27 am)작업중 정지 [d:0][t:00:00:52]
[I](2022-09-16  11:49:27 am)    [LNo:0005] 000015/000527
[I](2022-09-16  11:49:49 am)작업중 정지 [d:0][t:00:01:14]
[I](2022-09-16  11:49:49 am)    [LNo:0005] 000349/000527
[I](2022-09-16  12:49:50 pm)작업중 정지 [d:60][t:01:01:16]
[I](2022-09-16  12:49:50 pm)    [LNo:0005] 000361/000527
[I](2022-09-16  12:49:50 pm)작업중 M코드정지 [d:60][t:01:01:16]
[I](2022-09-16  12:51:23 pm)작업중 정지 [d:60][t:01:02:48]
[I](2022-09-16  12:51:23 pm)    [LNo:0005] 000362/000527
[I](2022-09-16  12:51:23 pm)Wire Contact Auto Stop(M52)
[A](2022-09-16  12:52:32 pm)[037] 자동결선 잔여 WIRE 처리 실패!!
[I](2022-09-16  12:52:33 pm)작업 재시작
[I](2022-09-16  12:52:38 pm)작업중 정지 [d:60][t:01:04:03]
[I](2022-09-16  12:52:38 pm)    [LNo:0005] 000363/000527
[I](2022-09-16  12:52:38 pm)작업중 M코드정지 [d:60][t:01:04:03]
[I](2022-09-16  12:52:42 pm)작업중 정지 [d:60][t:01:04:07]
[I](2022-09-16  12:52:42 pm)    [LNo:0005] 000366/000527
[I](2022-09-16  12:52:43 pm)작업중 정지 [d:60][t:01:04:08]
[I](2022-09-16  12:52:43 pm)    [LNo:0005] 000366/000527
[I](2022-09-16  12:52:45 pm)작업중 정지 [d:60][t:01:04:10]
[I](2022-09-16  12:52:45 pm)    [LNo:0005] 000366/000527
[A](2022-09-16  12:52:45 pm)[010] 자동결선 Error(M21-절단실패)
[I](2022-09-16  01:56:13 pm)작업중 정지 [d:122][t:02:07:38]
[I](2022-09-16  01:56:13 pm)    [LNo:0005] 000383/000527
[I](2022-09-16  01:56:13 pm)작업중 M코드정지 [d:122][t:02:07:38]
[I](2022-09-16  01:57:00 pm)작업중 정지 [d:122][t:02:08:25]
[I](2022-09-16  01:57:00 pm)    [LNo:0005] 000384/000527
[I](2022-09-16  01:57:00 pm)Wire Contact Auto Stop(M52)
[A](2022-09-16  01:57:42 pm)[002] 가공액 미동작
[I](2022-09-16  01:57:44 pm)작업 재시작
[I](2022-09-16  01:57:45 pm)작업중 정지 [d:122][t:02:09:10]
[I](2022-09-16  01:57:45 pm)    [LNo:0005] 000384/000527
[I](2022-09-16  01:57:59 pm)작업 재시작
[I](2022-09-16  01:58:02 pm)작업중 정지 [d:122][t:02:09:27]
[I](2022-09-16  01:58:02 pm)    [LNo:0005] 000385/000527
[I](2022-09-16  01:58:02 pm)작업중 M코드정지 [d:122][t:02:09:27]
[I](2022-09-16  03:00:50 pm)작업중 정지 [d:183][t:03:12:15]
[I](2022-09-16  03:00:50 pm)    [LNo:0005] 000406/000527
[A](2022-09-16  03:00:50 pm)[008] 작업중 단선(AWF Feed Motor Stop )
[I](2022-09-16  03:00:50 pm)작업중 Wire 단선 [d:183][t:03:12:15]
[A](2022-09-16  03:01:54 pm)[037] 자동결선 잔여 WIRE 처리 실패!!
[I](2022-09-16  03:01:55 pm)작업 재시작
[I](2022-09-16  03:02:00 pm)작업중 정지 [d:183][t:03:13:25]
[I](2022-09-16  03:02:00 pm)    [LNo:0005] 000407/000527
[I](2022-09-16  03:02:00 pm)작업중 M코드정지 [d:183][t:03:13:25]
[I](2022-09-16  03:02:03 pm)작업중 정지 [d:183][t:03:13:29]
[I](2022-09-16  03:02:03 pm)    [LNo:0005] 000410/000527
[I](2022-09-16  03:02:04 pm)작업중 정지 [d:183][t:03:13:29]
[I](2022-09-16  03:02:04 pm)    [LNo:0005] 000410/000527
[I](2022-09-16  03:02:05 pm)작업중 정지 [d:183][t:03:13:31]
[I](2022-09-16  03:02:05 pm)    [LNo:0005] 000410/000527
[A](2022-09-16  03:02:06 pm)[010] 자동결선 Error(M21-절단실패)
[I](2022-09-16  04:05:23 pm)작업중 정지 [d:245][t:04:16:48]
[I](2022-09-16  04:05:23 pm)    [LNo:0005] 000427/000527
[I](2022-09-16  04:05:23 pm)작업중 M코드정지 [d:245][t:04:16:48]
[A](2022-09-16  04:05:30 pm)[001] 와이어 미동작
[I](2022-09-16  04:05:39 pm)작업중 정지 [d:245][t:04:17:04]
[I](2022-09-16  04:05:39 pm)    [LNo:0005] 000428/000527
[I](2022-09-16  04:05:39 pm)Wire Contact Auto Stop(M52)
[I](2022-09-16  04:06:03 pm)작업 재시작
[I](2022-09-16  04:06:08 pm)작업중 정지 [d:245][t:04:17:33]
[I](2022-09-16  04:06:08 pm)    [LNo:0005] 000429/000527
[I](2022-09-16  04:06:08 pm)작업중 M코드정지 [d:245][t:04:17:33]
[I](2022-09-16  05:08:32 pm)작업중 정지 [d:306][t:05:19:57]
[I](2022-09-16  05:08:32 pm)    [LNo:0005] 000450/000527
[I](2022-09-16  05:08:32 pm)Wire Contact Auto Stop(M52)
[A](2022-09-16  05:08:54 pm)[084] Work Tank Fluid Sensor Abnormal
[A](2022-09-16  05:08:55 pm)[084] Work Tank Fluid Sensor Abnormal
[I](2022-09-16  05:09:52 pm)작업 재시작
[I](2022-09-16  05:09:56 pm)작업중 정지 [d:306][t:05:21:22]
[I](2022-09-16  05:09:56 pm)    [LNo:0005] 000451/000527
[I](2022-09-16  05:09:57 pm)작업중 M코드정지 [d:306][t:05:21:22]
[I](2022-09-16  06:12:46 pm)작업중 정지 [d:367][t:06:24:11]
[I](2022-09-16  06:12:46 pm)    [LNo:0005] 000471/000527
[I](2022-09-16  06:12:46 pm)작업중 M코드정지 [d:367][t:06:24:12]
[I](2022-09-16  06:13:02 pm)작업중 정지 [d:367][t:06:24:27]
[I](2022-09-16  06:13:02 pm)    [LNo:0005] 000472/000527
[A](2022-09-16  06:13:02 pm)[008] 작업중 단선(AWF Feed Motor Stop )
[I](2022-09-16  06:13:02 pm)작업중 Wire 단선 [d:367][t:06:24:28]
[I](2022-09-16  06:13:29 pm)작업 재시작
[I](2022-09-16  06:13:29 pm)작업중 정지 [d:367][t:06:24:54]
[I](2022-09-16  06:13:29 pm)    [LNo:0005] 000472/000527
[I](2022-09-16  06:13:29 pm)Wire Contact Auto Stop(M52)
[I](2022-09-16  06:13:30 pm)작업 재시작
[I](2022-09-16  06:13:35 pm)작업중 정지 [d:367][t:06:25:00]
[I](2022-09-16  06:13:35 pm)    [LNo:0005] 000473/000527
[I](2022-09-16  06:13:35 pm)작업중 M코드정지 [d:367][t:06:25:00]
[I](2022-09-16  06:14:05 pm)작업중 정지 [d:367][t:06:25:30]
[I](2022-09-16  06:14:05 pm)    [LNo:0005] 000476/000527
[A](2022-09-16  06:16:43 pm)[037] 자동결선 잔여 WIRE 처리 실패!!
[I](2022-09-16  07:18:30 pm)작업중 정지 [d:427][t:07:29:55]
[I](2022-09-16  07:18:30 pm)    [LNo:0005] 000493/000527
[I](2022-09-16  07:18:30 pm)작업중 M코드정지 [d:427][t:07:29:55]
[I](2022-09-16  07:18:46 pm)작업중 정지 [d:427][t:07:30:11]
[I](2022-09-16  07:18:46 pm)    [LNo:0005] 000494/000527
[I](2022-09-16  07:18:46 pm)Wire Contact Auto Stop(M52)
[I](2022-09-16  07:19:17 pm)작업 재시작
[I](2022-09-16  07:19:22 pm)작업중 정지 [d:428][t:07:30:47]
[I](2022-09-16  07:19:22 pm)    [LNo:0005] 000495/000527
[I](2022-09-16  07:19:22 pm)작업중 M코드정지 [d:428][t:07:30:47]
[I](2022-09-16  08:20:51 pm)작업중 정지 [d:-123][t:08:32:16]
[I](2022-09-16  08:20:51 pm)    [LNo:0005] 000516/000527
[A](2022-09-16  08:20:51 pm)[008] 작업중 단선(AWF Feed Motor Stop )
[I](2022-09-16  08:20:51 pm)작업중 Wire 단선 [d:-123][t:08:32:16]
[A](2022-09-16  08:22:00 pm)[037] 자동결선 잔여 WIRE 처리 실패!!
[I](2022-09-16  08:24:55 pm)Reset
[I](2022-09-16  08:25:48 pm)Reset
[I](2022-09-16  08:38:35 pm)Reset
[I](2022-09-16  08:38:40 pm)Reset
[I](2022-09-16  08:38:40 pm)Reset
[I](2022-09-16  08:42:26 pm)Reset
[I](2022-09-16  08:46:15 pm)Reset
[A](2022-09-16  08:46:43 pm)[037] 자동결선 잔여 WIRE 처리 실패!!
[I](2022-09-16  08:50:31 pm)Reset
[I](2022-09-16  08:54:02 pm)Reset
[I](2022-09-16  08:54:04 pm)Reset
[I](2022-09-16  08:54:04 pm)Reset
[I](2022-09-16  08:54:35 pm)Reset
[I](2022-09-16  08:54:35 pm)Reset
[I](2022-09-16  08:55:03 pm)Reset
[I](2022-09-16  08:55:09 pm)Reset
[I](2022-09-16  08:55:09 pm)Reset
[I](2022-09-16  08:55:09 pm)Reset
[I](2022-09-16  08:56:23 pm)Reset
[I](2022-09-16  08:56:23 pm)Reset
[I](2022-09-16  08:56:55 pm)Reset
[I](2022-09-16  08:56:59 pm)작업 시작 [Start d:2]
[I](2022-09-16  08:56:59 pm)Nc File: [No.0008-405.NC]
[I](2022-09-16  08:56:59 pm)  * Start Machine Position
[I](2022-09-16  08:56:59 pm)    X:    247.5584
[I](2022-09-16  08:56:59 pm)    Y:   -389.6427
[I](2022-09-16  08:56:59 pm)    U:      0.0000
[I](2022-09-16  08:56:59 pm)    V:      0.0000
[I](2022-09-16  08:56:59 pm)    Z:     17.4510
[I](2022-09-16  08:56:59 pm)  * Angle
[I](2022-09-16  08:56:59 pm)    Ar:     -0.0413,Kr:      0.0000
[I](2022-09-16  08:56:59 pm)    Taper_Ar:      0.0000
[I](2022-09-16  08:57:47 pm)작업중 정지 [d:0][t:00:00:47]
[I](2022-09-16  08:57:47 pm)    [LNo:0008] 000010/000399
[I](2022-09-16  08:57:48 pm)작업중 정지 [d:0][t:00:00:48]
[I](2022-09-16  08:57:48 pm)    [LNo:0008] 000015/000399
[I](2022-09-16  08:57:59 pm)작업중 정지 [d:0][t:00:01:00]
[I](2022-09-16  08:57:59 pm)    [LNo:0008] 000054/000399
[I](2022-09-16  08:58:55 pm)작업중 정지 [d:0][t:00:01:56]
[I](2022-09-16  08:58:55 pm)    [LNo:0008] 000057/000399
[I](2022-09-16  08:59:04 pm)작업중 정지 [d:0][t:00:02:04]
[I](2022-09-16  08:59:04 pm)    [LNo:0008] 000096/000399
[I](2022-09-16  09:00:02 pm)작업중 정지 [d:0][t:00:03:03]
[I](2022-09-16  09:00:02 pm)    [LNo:0008] 000099/000399
[I](2022-09-16  09:00:16 pm)작업중 정지 [d:0][t:00:03:16]
[I](2022-09-16  09:00:16 pm)    [LNo:0008] 000138/000399
[I](2022-09-16  09:01:12 pm)작업중 정지 [d:0][t:00:04:12]
[I](2022-09-16  09:01:12 pm)    [LNo:0008] 000141/000399
[I](2022-09-16  09:01:33 pm)작업중 정지 [d:0][t:00:04:33]
[I](2022-09-16  09:01:33 pm)    [LNo:0008] 000180/000399
[I](2022-09-16  09:02:46 pm)Reset
[I](2022-09-16  09:02:46 pm)Reset
[I](2022-09-16  09:02:47 pm)Reset
[I](2022-09-16  09:03:49 pm)Reset
[I](2022-09-16  09:07:59 pm)Reset
[I](2022-09-16  09:08:02 pm)작업 시작 [Start d:2]
[I](2022-09-16  09:08:02 pm)Nc File: [No.0008-405.NC]
[I](2022-09-16  09:08:02 pm)  * Start Machine Position
[I](2022-09-16  09:08:02 pm)    X:    247.5584
[I](2022-09-16  09:08:02 pm)    Y:   -389.6427
[I](2022-09-16  09:08:02 pm)    U:      0.0000
[I](2022-09-16  09:08:02 pm)    V:      0.0000
[I](2022-09-16  09:08:02 pm)    Z:     17.4510
[I](2022-09-16  09:08:02 pm)  * Angle
[I](2022-09-16  09:08:02 pm)    Ar:     -0.0413,Kr:      0.0000
[I](2022-09-16  09:08:02 pm)    Taper_Ar:      0.0000
