[I](2022-02-22  12:39:35 am)작업중 정지 [d:272][t:04:38:41]
[I](2022-02-22  12:39:35 am)    [LNo:0001] 000398/000537
[I](2022-02-22  12:39:35 am)작업중 M코드정지 [d:272][t:04:38:41]
[I](2022-02-22  08:41:11 am)작업중 정지 [d:272][t:12:40:17]
[I](2022-02-22  08:41:11 am)    [LNo:0001] 000403/000537
[I](2022-02-22  08:41:11 am)작업중 M코드정지 [d:272][t:12:40:18]
[I](2022-02-22  08:41:59 am)작업중 정지 [d:273][t:12:41:06]
[I](2022-02-22  08:41:59 am)    [LNo:0001] 000415/000537
[I](2022-02-22  08:43:07 am)작업중 정지 [d:273][t:12:42:13]
[I](2022-02-22  08:43:07 am)    [LNo:0001] 000426/000537
[I](2022-02-22  08:48:20 am)작업중 정지 [d:278][t:12:47:26]
[I](2022-02-22  08:48:20 am)    [LNo:0001] 000437/000537
[I](2022-02-22  08:48:20 am)작업중 M코드정지 [d:278][t:12:47:26]
[I](2022-02-22  08:51:26 am)작업중 정지 [d:278][t:12:50:33]
[I](2022-02-22  08:51:26 am)    [LNo:0001] 000439/000537
[I](2022-02-22  08:51:26 am)작업중 M코드정지 [d:278][t:12:50:33]
[I](2022-02-22  08:57:51 am)작업중 정지 [d:282][t:12:56:57]
[I](2022-02-22  08:57:51 am)    [LNo:0001] 000458/000537
[I](2022-02-22  08:57:51 am)작업중 M코드정지 [d:282][t:12:56:57]
[I](2022-02-22  08:58:42 am)작업중 정지 [d:282][t:12:57:48]
[I](2022-02-22  08:58:42 am)    [LNo:0001] 000460/000537
[I](2022-02-22  08:58:42 am)작업중 M코드정지 [d:282][t:12:57:48]
[I](2022-02-22  09:05:55 am)작업중 정지 [d:287][t:13:05:01]
[I](2022-02-22  09:05:55 am)    [LNo:0001] 000479/000537
[I](2022-02-22  09:05:55 am)작업중 M코드정지 [d:287][t:13:05:01]
[I](2022-02-22  09:06:11 am)작업중 정지 [d:287][t:13:05:17]
[I](2022-02-22  09:06:11 am)    [LNo:0001] 000480/000537
[I](2022-02-22  09:06:11 am)Wire Contact Auto Stop(M52)
[I](2022-02-22  09:06:38 am)작업 재시작
[I](2022-02-22  09:06:41 am)작업중 정지 [d:287][t:13:05:48]
[I](2022-02-22  09:06:41 am)    [LNo:0001] 000481/000537
[I](2022-02-22  09:06:41 am)작업중 M코드정지 [d:287][t:13:05:48]
[I](2022-02-22  09:20:40 am)작업중 정지 [d:297][t:13:19:46]
[I](2022-02-22  09:20:40 am)    [LNo:0001] 000502/000537
[I](2022-02-22  09:20:40 am)작업중 M코드정지 [d:297][t:13:19:46]
[I](2022-02-22  09:20:59 am)작업중 정지 [d:297][t:13:20:05]
[I](2022-02-22  09:20:59 am)    [LNo:0001] 000504/000537
[I](2022-02-22  09:20:59 am)작업중 M코드정지 [d:297][t:13:20:05]
[I](2022-02-22  09:32:58 am)작업중 정지 [d:307][t:13:32:04]
[I](2022-02-22  09:32:58 am)    [LNo:0001] 000525/000537
[I](2022-02-22  09:32:58 am)작업중 M코드정지 [d:307][t:13:32:04]
[I](2022-02-22  09:33:23 am)작업중 정지 [d:307][t:13:32:29]
[I](2022-02-22  09:33:23 am)    [LNo:0001] 000527/000537
[I](2022-02-22  09:33:23 am)작업중 M코드정지 [d:307][t:13:32:29]
[I](2022-02-22  09:37:05 am)Reset
[I](2022-02-22  09:37:18 am)Reset
[I](2022-02-22  09:37:25 am)Reset
[I](2022-02-22  09:56:27 am)Reset
[I](2022-02-22  09:56:50 am)Reset
[I](2022-02-22  09:57:21 am)Reset
[I](2022-02-22  09:57:45 am)Reset
[I](2022-02-22  09:58:08 am)Reset
[I](2022-02-22  09:58:08 am)Reset
[I](2022-02-22  09:59:38 am)Reset
[I](2022-02-22  09:59:38 am)Reset
[I](2022-02-22  10:00:06 am)Reset
[I](2022-02-22  10:01:11 am)Reset
[I](2022-02-22  10:01:27 am)Reset
[I](2022-02-22  10:02:56 am)작업 시작 [Start d:349]
[I](2022-02-22  10:02:56 am)Nc File: [No.0003-422.NC]
[I](2022-02-22  10:02:56 am)  * Start Machine Position
[I](2022-02-22  10:02:56 am)    X:    245.0686
[I](2022-02-22  10:02:56 am)    Y:   -359.6709
[I](2022-02-22  10:02:56 am)    U:      0.0266
[I](2022-02-22  10:02:56 am)    V:      0.3942
[I](2022-02-22  10:02:56 am)    Z:     38.0224
[I](2022-02-22  10:02:56 am)  * Angle
[I](2022-02-22  10:02:56 am)    Ar:      0.4820,Kr:      0.0000
[I](2022-02-22  10:02:56 am)    Taper_Ar:      0.0000
[I](2022-02-22  10:02:59 am)작업중 정지 [d:0][t:00:00:02]
[I](2022-02-22  10:02:59 am)    [LNo:0003] 000010/000514
[I](2022-02-22  10:02:59 am)작업중 M코드정지 [d:0][t:00:00:03]
[I](2022-02-22  10:11:11 am)작업중 정지 [d:7][t:00:08:15]
[I](2022-02-22  10:11:11 am)    [LNo:0003] 000028/000514
[I](2022-02-22  10:11:11 am)작업중 M코드정지 [d:7][t:00:08:15]
[I](2022-02-22  10:18:37 am)작업중 정지 [d:7][t:00:15:41]
[I](2022-02-22  10:18:37 am)    [LNo:0003] 000030/000514
[I](2022-02-22  10:18:37 am)작업중 M코드정지 [d:7][t:00:15:41]
[I](2022-02-22  10:24:09 am)작업중 정지 [d:12][t:00:21:13]
[I](2022-02-22  10:24:09 am)    [LNo:0003] 000069/000514
[I](2022-02-22  10:24:09 am)작업중 M코드정지 [d:12][t:00:21:13]
[I](2022-02-22  10:26:00 am)Reset
[I](2022-02-22  10:26:06 am)Reset
[I](2022-02-22  10:26:15 am)Reset
[I](2022-02-22  10:26:15 am)Reset
[I](2022-02-22  10:32:38 am)Reset
[I](2022-02-22  10:32:38 am)Reset
[I](2022-02-22  10:32:59 am)Reset
[I](2022-02-22  10:33:00 am)Reset
[I](2022-02-22  10:33:28 am)Reset
[I](2022-02-22  10:33:28 am)Reset
[I](2022-02-22  10:34:09 am)Reset
[I](2022-02-22  10:34:24 am)Reset
[I](2022-02-22  10:34:54 am)작업 시작 [Start d:361]
[I](2022-02-22  10:34:54 am)Nc File: [No.0003-422.NC]
[I](2022-02-22  10:34:54 am)  * Start Machine Position
[I](2022-02-22  10:34:54 am)    X:    241.8184
[I](2022-02-22  10:34:54 am)    Y:   -359.6397
[I](2022-02-22  10:34:54 am)    U:     -0.0542
[I](2022-02-22  10:34:54 am)    V:     -0.1679
[I](2022-02-22  10:34:54 am)    Z:     38.0224
[I](2022-02-22  10:34:54 am)  * Angle
[I](2022-02-22  10:34:54 am)    Ar:     -0.0711,Kr:      0.0000
[I](2022-02-22  10:34:54 am)    Taper_Ar:      0.0000
[I](2022-02-22  10:35:02 am)작업중 정지 [d:0][t:00:00:07]
[I](2022-02-22  10:35:02 am)    [LNo:0003] 000088/000514
[I](2022-02-22  10:35:02 am)작업중 M코드정지 [d:0][t:00:00:07]
[I](2022-02-22  10:35:04 am)작업중 정지 [d:0][t:00:00:09]
[I](2022-02-22  10:35:04 am)    [LNo:0003] 000091/000514
[I](2022-02-22  10:35:04 am)작업중 M코드정지 [d:0][t:00:00:09]
[I](2022-02-22  10:35:05 am)작업중 정지 [d:0][t:00:00:11]
[I](2022-02-22  10:35:05 am)    [LNo:0003] 000094/000514
[I](2022-02-22  10:35:05 am)작업중 M코드정지 [d:0][t:00:00:11]
[I](2022-02-22  10:35:14 am)작업중 정지 [d:0][t:00:00:19]
[I](2022-02-22  10:35:14 am)    [LNo:0003] 000100/000514
[I](2022-02-22  10:43:27 am)작업중 정지 [d:7][t:00:08:32]
[I](2022-02-22  10:43:27 am)    [LNo:0003] 000115/000514
[I](2022-02-22  10:43:27 am)작업중 M코드정지 [d:7][t:00:08:32]
[I](2022-02-22  10:45:52 am)작업중 정지 [d:8][t:00:10:57]
[I](2022-02-22  10:45:52 am)    [LNo:0003] 000117/000514
[I](2022-02-22  10:45:52 am)작업중 M코드정지 [d:8][t:00:10:57]
[I](2022-02-22  10:51:09 am)작업중 정지 [d:13][t:00:16:14]
[I](2022-02-22  10:51:09 am)    [LNo:0003] 000155/000514
[I](2022-02-22  10:51:09 am)작업중 M코드정지 [d:13][t:00:16:14]
[I](2022-02-22  10:52:08 am)Reset
[I](2022-02-22  10:52:20 am)Reset
[I](2022-02-22  10:52:20 am)Reset
[I](2022-02-22  10:53:44 am)Reset
[I](2022-02-22  10:54:56 am)Reset
[I](2022-02-22  10:57:44 am)Reset
[I](2022-02-22  10:58:08 am)Reset
[I](2022-02-22  10:58:09 am)Reset
[I](2022-02-22  10:59:09 am)Reset
[I](2022-02-22  10:59:27 am)Reset
[I](2022-02-22  11:00:01 am)작업 시작 [Start d:374]
[I](2022-02-22  11:00:01 am)Nc File: [No.0003-422.NC]
[I](2022-02-22  11:00:01 am)  * Start Machine Position
[I](2022-02-22  11:00:01 am)    X:    240.6176
[I](2022-02-22  11:00:01 am)    Y:   -359.7770
[I](2022-02-22  11:00:01 am)    U:     -0.1502
[I](2022-02-22  11:00:01 am)    V:      0.1396
[I](2022-02-22  11:00:01 am)    Z:     38.0224
[I](2022-02-22  11:00:01 am)  * Angle
[I](2022-02-22  11:00:01 am)    Ar:      0.1166,Kr:      0.0000
[I](2022-02-22  11:00:01 am)    Taper_Ar:      0.0000
[I](2022-02-22  11:00:08 am)작업중 정지 [d:0][t:00:00:07]
[I](2022-02-22  11:00:08 am)    [LNo:0003] 000175/000514
[I](2022-02-22  11:00:08 am)작업중 M코드정지 [d:0][t:00:00:07]
[I](2022-02-22  11:00:10 am)작업중 정지 [d:0][t:00:00:09]
[I](2022-02-22  11:00:10 am)    [LNo:0003] 000178/000514
[I](2022-02-22  11:00:10 am)작업중 M코드정지 [d:0][t:00:00:09]
[I](2022-02-22  11:00:11 am)작업중 정지 [d:0][t:00:00:10]
[I](2022-02-22  11:00:11 am)    [LNo:0003] 000181/000514
[I](2022-02-22  11:00:12 am)작업중 M코드정지 [d:0][t:00:00:10]
[I](2022-02-22  11:00:19 am)작업중 정지 [d:0][t:00:00:18]
[I](2022-02-22  11:00:19 am)    [LNo:0003] 000190/000514
[I](2022-02-22  11:07:55 am)작업중 정지 [d:7][t:00:07:54]
[I](2022-02-22  11:07:55 am)    [LNo:0003] 000202/000514
[I](2022-02-22  11:07:55 am)작업중 M코드정지 [d:7][t:00:07:54]
[I](2022-02-22  11:12:10 am)작업중 정지 [d:7][t:00:12:08]
[I](2022-02-22  11:12:10 am)    [LNo:0003] 000204/000514
[I](2022-02-22  11:12:10 am)작업중 M코드정지 [d:7][t:00:12:08]
[I](2022-02-22  11:18:07 am)작업중 정지 [d:11][t:00:18:05]
[I](2022-02-22  11:18:07 am)    [LNo:0003] 000243/000514
[I](2022-02-22  11:18:07 am)작업중 M코드정지 [d:11][t:00:18:05]
[A](2022-02-22  11:21:40 am)[084] Work Tank Fluid Sensor Abnormal
[A](2022-02-22  11:21:43 am)[084] Work Tank Fluid Sensor Abnormal
[I](2022-02-22  11:26:43 am)Reset
[I](2022-02-22  11:26:44 am)Reset
[I](2022-02-22  11:26:55 am)Reset
[I](2022-02-22  11:26:55 am)Reset
[I](2022-02-22  11:28:40 am)Reset
[I](2022-02-22  11:28:40 am)Reset
[I](2022-02-22  11:38:13 am)Reset
[I](2022-02-22  11:43:23 am)Reset
[I](2022-02-22  11:43:24 am)Reset
[I](2022-02-22  11:45:56 am)Reset
[I](2022-02-22  11:48:35 am)Reset
[I](2022-02-22  12:02:50 pm)Reset
[I](2022-02-22  12:03:03 pm)Reset
[I](2022-02-22  12:03:04 pm)Reset
[I](2022-02-22  12:06:34 pm)Reset
[I](2022-02-22  12:20:22 pm)Reset
[I](2022-02-22  12:20:29 pm)Reset
[I](2022-02-22  01:11:08 pm)Reset
[I](2022-02-22  01:11:08 pm)Reset
[I](2022-02-22  01:13:41 pm)Reset
[I](2022-02-22  01:13:42 pm)Reset
[I](2022-02-22  01:16:30 pm)Reset
[I](2022-02-22  01:17:07 pm)Reset
[I](2022-02-22  01:17:49 pm)Reset
[I](2022-02-22  01:18:30 pm)Reset
[I](2022-02-22  01:27:08 pm)Reset
[I](2022-02-22  01:31:00 pm)Reset
[I](2022-02-22  01:33:22 pm)Reset
[I](2022-02-22  01:34:04 pm)작업 시작 [Start d:385]
[I](2022-02-22  01:34:04 pm)Nc File: [No.0004-588.NC]
[I](2022-02-22  01:34:04 pm)  * Start Machine Position
[I](2022-02-22  01:34:04 pm)    X:    225.6053
[I](2022-02-22  01:34:04 pm)    Y:   -216.9382
[I](2022-02-22  01:34:04 pm)    U:      0.0000
[I](2022-02-22  01:34:04 pm)    V:      0.0000
[I](2022-02-22  01:34:04 pm)    Z:     35.8654
[I](2022-02-22  01:34:04 pm)  * Angle
[I](2022-02-22  01:34:04 pm)    Ar:     -0.0790,Kr:      0.0000
[I](2022-02-22  01:34:04 pm)    Taper_Ar:      0.0000
[I](2022-02-22  01:34:22 pm)작업중 정지 [d:0][t:00:00:18]
[I](2022-02-22  01:34:22 pm)    [LNo:0004] 000010/000380
[I](2022-02-22  01:34:22 pm)작업중 M코드정지 [d:0][t:00:00:18]
[I](2022-02-22  02:07:04 pm)작업중 정지 [d:32][t:00:33:00]
[I](2022-02-22  02:07:04 pm)    [LNo:0004] 000104/000380
[I](2022-02-22  02:07:04 pm)작업중 M코드정지 [d:32][t:00:33:00]
[I](2022-02-22  02:30:03 pm)작업중 정지 [d:47][t:00:55:58]
[I](2022-02-22  02:30:03 pm)    [LNo:0004] 000181/000380
[I](2022-02-22  02:30:03 pm)작업중 M코드정지 [d:47][t:00:55:58]
[I](2022-02-22  02:56:04 pm)작업중 정지 [d:67][t:01:21:59]
[I](2022-02-22  02:56:04 pm)    [LNo:0004] 000326/000380
[A](2022-02-22  02:56:04 pm)[008] 작업중 단선(AWF Feed Motor Stop )
[I](2022-02-22  02:56:04 pm)작업중 Wire 단선 [d:67][t:01:21:59]
[I](2022-02-22  02:56:15 pm)작업 재시작
[I](2022-02-22  03:05:30 pm)작업중 정지 [d:76][t:01:31:25]
[I](2022-02-22  03:05:30 pm)    [LNo:0004] 000372/000380
[I](2022-02-22  03:05:30 pm)작업중 M코드정지 [d:76][t:01:31:25]
[I](2022-02-22  03:12:43 pm)Reset
[I](2022-02-22  03:12:44 pm)Reset
[I](2022-02-22  03:12:52 pm)Reset
[I](2022-02-22  03:12:57 pm)Reset
[I](2022-02-22  03:21:46 pm)Reset
[I](2022-02-22  03:21:46 pm)Reset
[I](2022-02-22  03:22:31 pm)Reset
[I](2022-02-22  03:23:01 pm)Reset
[I](2022-02-22  03:23:21 pm)Reset
[I](2022-02-22  03:23:21 pm)Reset
[I](2022-02-22  03:24:00 pm)Reset
[I](2022-02-22  03:24:22 pm)Reset
[I](2022-02-22  03:25:04 pm)Reset
[I](2022-02-22  03:25:25 pm)Reset
[I](2022-02-22  03:26:29 pm)작업 시작 [Start d:461]
[I](2022-02-22  03:26:29 pm)Nc File: [No.0005-596.NC]
[I](2022-02-22  03:26:29 pm)  * Start Machine Position
[I](2022-02-22  03:26:29 pm)    X:    240.2773
[I](2022-02-22  03:26:29 pm)    Y:   -289.3248
[I](2022-02-22  03:26:29 pm)    U:      0.0000
[I](2022-02-22  03:26:29 pm)    V:      0.0000
[I](2022-02-22  03:26:29 pm)    Z:     32.4934
[I](2022-02-22  03:26:29 pm)  * Angle
[I](2022-02-22  03:26:29 pm)    Ar:      0.2625,Kr:      0.0000
[I](2022-02-22  03:26:29 pm)    Taper_Ar:      0.0000
[I](2022-02-22  03:26:39 pm)작업중 정지 [d:0][t:00:00:09]
[I](2022-02-22  03:26:39 pm)    [LNo:0005] 000010/000147
[I](2022-02-22  03:26:39 pm)작업중 M코드정지 [d:0][t:00:00:09]
[I](2022-02-22  03:50:53 pm)작업중 정지 [d:24][t:00:24:24]
[I](2022-02-22  03:50:53 pm)    [LNo:0005] 000070/000147
[I](2022-02-22  03:50:54 pm)작업중 M코드정지 [d:24][t:00:24:24]
[I](2022-02-22  04:06:33 pm)작업중 정지 [d:37][t:00:40:03]
[I](2022-02-22  04:06:33 pm)    [LNo:0005] 000139/000147
[I](2022-02-22  04:06:33 pm)작업중 M코드정지 [d:37][t:00:40:03]
[I](2022-02-22  04:14:11 pm)Reset
[I](2022-02-22  04:14:29 pm)Reset
[I](2022-02-22  04:22:34 pm)Reset
[I](2022-02-22  04:22:34 pm)Reset
[I](2022-02-22  04:23:02 pm)Reset
[I](2022-02-22  04:23:02 pm)Reset
[I](2022-02-22  04:25:35 pm)Reset
[I](2022-02-22  04:28:07 pm)Reset
[I](2022-02-22  04:29:32 pm)Reset
[I](2022-02-22  04:29:32 pm)Reset
[I](2022-02-22  04:30:10 pm)Reset
[I](2022-02-22  04:30:43 pm)Reset
[I](2022-02-22  04:31:04 pm)Reset
[I](2022-02-22  04:31:04 pm)Reset
[I](2022-02-22  04:31:18 pm)Reset
[I](2022-02-22  04:32:14 pm)작업 시작 [Start d:498]
[I](2022-02-22  04:32:14 pm)Nc File: [No.0003-422.NC]
[I](2022-02-22  04:32:14 pm)  * Start Machine Position
[I](2022-02-22  04:32:14 pm)    X:    125.1940
[I](2022-02-22  04:32:14 pm)    Y:   -336.2090
[I](2022-02-22  04:32:14 pm)    U:     -0.1000
[I](2022-02-22  04:32:14 pm)    V:     -0.0225
[I](2022-02-22  04:32:14 pm)    Z:     40.0004
[I](2022-02-22  04:32:14 pm)  * Angle
[I](2022-02-22  04:32:14 pm)    Ar:     -0.2511,Kr:      0.0000
[I](2022-02-22  04:32:14 pm)    Taper_Ar:      0.0000
[I](2022-02-22  04:32:21 pm)작업중 정지 [d:0][t:00:00:07]
[I](2022-02-22  04:32:21 pm)    [LNo:0003] 000262/000514
[I](2022-02-22  04:32:21 pm)작업중 M코드정지 [d:0][t:00:00:07]
[I](2022-02-22  04:32:23 pm)작업중 정지 [d:0][t:00:00:09]
[I](2022-02-22  04:32:23 pm)    [LNo:0003] 000265/000514
[I](2022-02-22  04:32:23 pm)작업중 M코드정지 [d:0][t:00:00:09]
[I](2022-02-22  04:32:25 pm)작업중 정지 [d:0][t:00:00:10]
[I](2022-02-22  04:32:25 pm)    [LNo:0003] 000267/000514
[I](2022-02-22  04:32:25 pm)작업중 M코드정지 [d:0][t:00:00:11]
[I](2022-02-22  04:32:40 pm)작업중 정지 [d:0][t:00:00:26]
[I](2022-02-22  04:32:40 pm)    [LNo:0003] 000274/000514
[I](2022-02-22  04:41:33 pm)작업중 정지 [d:8][t:00:09:18]
[I](2022-02-22  04:41:33 pm)    [LNo:0003] 000290/000514
[I](2022-02-22  04:41:33 pm)작업중 M코드정지 [d:8][t:00:09:18]
[I](2022-02-22  04:42:12 pm)작업중 정지 [d:8][t:00:09:58]
[I](2022-02-22  04:42:12 pm)    [LNo:0003] 000292/000514
[I](2022-02-22  04:42:12 pm)작업중 M코드정지 [d:8][t:00:09:58]
[I](2022-02-22  04:47:27 pm)작업중 정지 [d:13][t:00:15:12]
[I](2022-02-22  04:47:27 pm)    [LNo:0003] 000332/000514
[I](2022-02-22  04:47:27 pm)작업중 M코드정지 [d:13][t:00:15:13]
[I](2022-02-22  04:50:06 pm)Reset
[I](2022-02-22  04:50:06 pm)Reset
[I](2022-02-22  04:50:12 pm)Reset
[I](2022-02-22  04:50:18 pm)Reset
[I](2022-02-22  04:50:18 pm)Reset
[I](2022-02-22  04:54:09 pm)Reset
[I](2022-02-22  04:54:09 pm)Reset
[I](2022-02-22  04:54:36 pm)Reset
[I](2022-02-22  04:54:36 pm)Reset
[I](2022-02-22  04:54:59 pm)Reset
[I](2022-02-22  04:54:59 pm)Reset
[I](2022-02-22  04:54:59 pm)Reset
[I](2022-02-22  04:55:33 pm)Reset
[I](2022-02-22  04:55:55 pm)Reset
[I](2022-02-22  04:55:55 pm)Reset
[I](2022-02-22  04:56:14 pm)Reset
[I](2022-02-22  04:57:01 pm)작업 시작 [Start d:511]
[I](2022-02-22  04:57:01 pm)Nc File: [No.0003-422.NC]
[I](2022-02-22  04:57:01 pm)  * Start Machine Position
[I](2022-02-22  04:57:01 pm)    X:    129.1793
[I](2022-02-22  04:57:01 pm)    Y:   -336.3543
[I](2022-02-22  04:57:01 pm)    U:     -0.1489
[I](2022-02-22  04:57:01 pm)    V:      0.4406
[I](2022-02-22  04:57:01 pm)    Z:     40.0004
[I](2022-02-22  04:57:01 pm)  * Angle
[I](2022-02-22  04:57:01 pm)    Ar:     -0.2658,Kr:      0.0000
[I](2022-02-22  04:57:01 pm)    Taper_Ar:      0.0000
[I](2022-02-22  04:57:08 pm)작업중 정지 [d:0][t:00:00:07]
[I](2022-02-22  04:57:08 pm)    [LNo:0003] 000352/000514
[I](2022-02-22  04:57:09 pm)작업중 M코드정지 [d:0][t:00:00:07]
[I](2022-02-22  04:57:12 pm)작업중 정지 [d:0][t:00:00:10]
[I](2022-02-22  04:57:12 pm)    [LNo:0003] 000355/000514
[I](2022-02-22  04:57:12 pm)작업중 M코드정지 [d:0][t:00:00:10]
[I](2022-02-22  04:58:24 pm)작업중 정지 [d:0][t:00:01:22]
[I](2022-02-22  04:58:24 pm)    [LNo:0003] 000357/000514
[I](2022-02-22  04:58:24 pm)작업중 M코드정지 [d:0][t:00:01:22]
[I](2022-02-22  04:58:30 pm)작업중 정지 [d:0][t:00:01:29]
[I](2022-02-22  04:58:30 pm)    [LNo:0003] 000367/000514
[I](2022-02-22  04:59:41 pm)작업중 정지 [d:0][t:00:02:39]
[I](2022-02-22  04:59:41 pm)    [LNo:0003] 000377/000514
[I](2022-02-22  04:59:41 pm)작업중 30sec 접촉 정지 [d:0][t:00:02:39]
[I](2022-02-22  04:59:53 pm)작업 재시작
[I](2022-02-22  05:06:58 pm)작업중 정지 [d:7][t:00:09:57]
[I](2022-02-22  05:06:58 pm)    [LNo:0003] 000379/000514
[I](2022-02-22  05:06:59 pm)작업중 M코드정지 [d:7][t:00:09:57]
[I](2022-02-22  05:07:34 pm)작업중 정지 [d:7][t:00:10:33]
[I](2022-02-22  05:07:34 pm)    [LNo:0003] 000381/000514
[I](2022-02-22  05:07:34 pm)작업중 M코드정지 [d:7][t:00:10:33]
[I](2022-02-22  05:08:56 pm)작업중 정지 [d:9][t:00:11:55]
[I](2022-02-22  05:08:56 pm)    [LNo:0003] 000395/000514
[I](2022-02-22  05:09:25 pm)작업 재시작
[I](2022-02-22  05:13:43 pm)작업중 정지 [d:13][t:00:16:41]
[I](2022-02-22  05:13:43 pm)    [LNo:0003] 000419/000514
[I](2022-02-22  05:13:43 pm)작업중 M코드정지 [d:13][t:00:16:42]
[I](2022-02-22  05:19:14 pm)Reset
[I](2022-02-22  05:19:27 pm)Reset
[I](2022-02-22  05:19:28 pm)Reset
[I](2022-02-22  05:20:06 pm)Reset
[I](2022-02-22  05:23:38 pm)Reset
[I](2022-02-22  05:24:00 pm)Reset
[I](2022-02-22  05:24:01 pm)Reset
[I](2022-02-22  05:24:32 pm)Reset
[I](2022-02-22  05:25:32 pm)Reset
[I](2022-02-22  05:25:45 pm)Reset
[I](2022-02-22  05:25:46 pm)Reset
[I](2022-02-22  05:26:23 pm)작업 시작 [Start d:524]
[I](2022-02-22  05:26:23 pm)Nc File: [No.0003-422.NC]
[I](2022-02-22  05:26:23 pm)  * Start Machine Position
[I](2022-02-22  05:26:23 pm)    X:    118.4785
[I](2022-02-22  05:26:23 pm)    Y:   -336.2770
[I](2022-02-22  05:26:23 pm)    U:      0.0013
[I](2022-02-22  05:26:23 pm)    V:      0.2979
[I](2022-02-22  05:26:23 pm)    Z:     40.0004
[I](2022-02-22  05:26:23 pm)  * Angle
[I](2022-02-22  05:26:23 pm)    Ar:     -0.2515,Kr:      0.0000
[I](2022-02-22  05:26:23 pm)    Taper_Ar:      0.0000
[I](2022-02-22  05:26:30 pm)작업중 정지 [d:0][t:00:00:07]
[I](2022-02-22  05:26:30 pm)    [LNo:0003] 000439/000514
[I](2022-02-22  05:26:30 pm)작업중 M코드정지 [d:0][t:00:00:07]
[I](2022-02-22  05:26:32 pm)작업중 정지 [d:0][t:00:00:09]
[I](2022-02-22  05:26:32 pm)    [LNo:0003] 000442/000514
[I](2022-02-22  05:26:32 pm)작업중 M코드정지 [d:0][t:00:00:09]
[I](2022-02-22  05:26:33 pm)작업중 정지 [d:0][t:00:00:10]
[I](2022-02-22  05:26:33 pm)    [LNo:0003] 000445/000514
[I](2022-02-22  05:26:33 pm)작업중 M코드정지 [d:0][t:00:00:10]
[I](2022-02-22  05:26:41 pm)작업중 정지 [d:0][t:00:00:18]
[I](2022-02-22  05:26:41 pm)    [LNo:0003] 000451/000514
[I](2022-02-22  05:35:05 pm)작업중 정지 [d:8][t:00:08:42]
[I](2022-02-22  05:35:05 pm)    [LNo:0003] 000466/000514
[I](2022-02-22  05:35:05 pm)작업중 M코드정지 [d:8][t:00:08:42]
[I](2022-02-22  05:40:54 pm)작업중 정지 [d:9][t:00:14:31]
[I](2022-02-22  05:40:54 pm)    [LNo:0003] 000468/000514
[I](2022-02-22  05:40:54 pm)작업중 M코드정지 [d:9][t:00:14:31]
[I](2022-02-22  05:55:20 pm)작업중 정지 [d:15][t:00:28:57]
[I](2022-02-22  05:55:20 pm)    [LNo:0003] 000507/000514
[I](2022-02-22  05:55:20 pm)작업중 M코드정지 [d:15][t:00:28:57]
[I](2022-02-22  06:04:49 pm)Reset
[I](2022-02-22  06:07:51 pm)Reset
[I](2022-02-22  06:07:59 pm)Reset
[I](2022-02-22  06:07:59 pm)Reset
[I](2022-02-22  06:08:23 pm)Reset
[I](2022-02-22  06:08:24 pm)Reset
[A](2022-02-22  06:11:05 pm)[002] 가공액 미동작
[I](2022-02-22  06:11:51 pm)Reset
[I](2022-02-22  06:11:52 pm)Reset
[I](2022-02-22  06:11:57 pm)Reset
[I](2022-02-22  06:11:57 pm)Reset
[I](2022-02-22  06:16:28 pm)Reset
[I](2022-02-22  06:19:49 pm)Reset
[I](2022-02-22  06:22:31 pm)Reset
[I](2022-02-22  06:25:55 pm)Reset
[I](2022-02-22  06:28:30 pm)Reset
[I](2022-02-22  06:30:52 pm)작업 시작 [Start d:539]
[I](2022-02-22  06:30:52 pm)Nc File: [No.0006-601.NC]
[I](2022-02-22  06:30:52 pm)  * Start Machine Position
[I](2022-02-22  06:30:52 pm)    X:    248.1945
[I](2022-02-22  06:30:52 pm)    Y:   -366.2592
[I](2022-02-22  06:30:52 pm)    U:      0.0347
[I](2022-02-22  06:30:52 pm)    V:      0.0993
[I](2022-02-22  06:30:52 pm)    Z:     48.8074
[I](2022-02-22  06:30:52 pm)  * Angle
[I](2022-02-22  06:30:52 pm)    Ar:     -1.0171,Kr:      0.0000
[I](2022-02-22  06:30:52 pm)    Taper_Ar:      0.0000
[I](2022-02-22  06:30:57 pm)작업중 정지 [d:0][t:00:00:04]
[I](2022-02-22  06:30:57 pm)    [LNo:0006] 000010/000087
[I](2022-02-22  06:30:57 pm)작업중 M코드정지 [d:0][t:00:00:04]
[I](2022-02-22  06:39:34 pm)작업중 정지 [d:7][t:00:08:41]
[I](2022-02-22  06:39:34 pm)    [LNo:0006] 000041/000087
[I](2022-02-22  06:39:34 pm)작업중 M코드정지 [d:7][t:00:08:41]
[I](2022-02-22  06:39:54 pm)작업중 정지 [d:8][t:00:09:02]
[I](2022-02-22  06:39:54 pm)    [LNo:0006] 000044/000087
[I](2022-02-22  06:39:54 pm)작업중 M코드정지 [d:8][t:00:09:02]
[I](2022-02-22  06:55:09 pm)작업중 정지 [d:23][t:00:24:16]
[I](2022-02-22  06:55:09 pm)    [LNo:0006] 000080/000087
[I](2022-02-22  06:55:09 pm)작업중 M코드정지 [d:23][t:00:24:16]
[I](2022-02-22  06:57:11 pm)Reset
[I](2022-02-22  06:57:22 pm)Reset
[I](2022-02-22  06:57:22 pm)Reset
[I](2022-02-22  06:57:31 pm)Reset
[I](2022-02-22  07:01:08 pm)Reset
[I](2022-02-22  07:02:26 pm)Reset
[I](2022-02-22  07:02:26 pm)Reset
[I](2022-02-22  07:02:48 pm)Reset
[I](2022-02-22  07:02:48 pm)Reset
[I](2022-02-22  07:03:21 pm)Reset
[I](2022-02-22  07:03:41 pm)Reset
[I](2022-02-22  07:03:57 pm)Reset
[I](2022-02-22  07:04:59 pm)작업 시작 [Start d:562]
[I](2022-02-22  07:04:59 pm)Nc File: [No.0002-591.NC]
[I](2022-02-22  07:04:59 pm)  * Start Machine Position
[I](2022-02-22  07:04:59 pm)    X:    301.0496
[I](2022-02-22  07:04:59 pm)    Y:   -321.0852
[I](2022-02-22  07:04:59 pm)    U:      0.0000
[I](2022-02-22  07:04:59 pm)    V:      0.0000
[I](2022-02-22  07:04:59 pm)    Z:     24.7644
[I](2022-02-22  07:04:59 pm)  * Angle
[I](2022-02-22  07:04:59 pm)    Ar:      0.4712,Kr:      0.0000
[I](2022-02-22  07:04:59 pm)    Taper_Ar:      0.0000
[I](2022-02-22  07:05:03 pm)작업중 정지 [d:0][t:00:00:03]
[I](2022-02-22  07:05:03 pm)    [LNo:0002] 000054/000551
[I](2022-02-22  07:06:10 pm)작업중 정지 [d:0][t:00:01:11]
[I](2022-02-22  07:06:10 pm)    [LNo:0002] 000096/000551
[I](2022-02-22  07:07:14 pm)작업중 정지 [d:0][t:00:02:15]
[I](2022-02-22  07:07:14 pm)    [LNo:0002] 000183/000551
[I](2022-02-22  07:08:21 pm)작업중 정지 [d:0][t:00:03:22]
[I](2022-02-22  07:08:21 pm)    [LNo:0002] 000270/000551
[I](2022-02-22  07:12:32 pm)Reset
[I](2022-02-22  07:12:32 pm)Reset
[I](2022-02-22  07:14:31 pm)Reset
[I](2022-02-22  07:14:40 pm)작업 시작 [Start d:562]
[I](2022-02-22  07:14:40 pm)Nc File: [No.0002-591.NC]
[I](2022-02-22  07:14:40 pm)  * Start Machine Position
[I](2022-02-22  07:14:40 pm)    X:    301.0496
[I](2022-02-22  07:14:40 pm)    Y:   -321.0852
[I](2022-02-22  07:14:40 pm)    U:      0.0000
[I](2022-02-22  07:14:40 pm)    V:      0.0000
[I](2022-02-22  07:14:40 pm)    Z:     24.7644
[I](2022-02-22  07:14:40 pm)  * Angle
[I](2022-02-22  07:14:40 pm)    Ar:      0.4712,Kr:      0.0000
[I](2022-02-22  07:14:40 pm)    Taper_Ar:      0.0000
