[A](2022-06-23  08:37:31 am)[001] 와이어 미동작
[A](2022-06-23  08:37:31 am)[001] 와이어 미동작
[A](2022-06-23  08:37:32 am)[001] 와이어 미동작
[A](2022-06-23  08:38:20 am)[037] 자동결선 잔여 WIRE 처리 실패!!
[I](2022-06-23  08:39:21 am)작업중 정지 [d:252][t:14:00:56]
[I](2022-06-23  08:39:21 am)    [LNo:0001] 000435/000446
[I](2022-06-23  08:40:11 am)Reset
[I](2022-06-23  08:40:19 am)Reset
[I](2022-06-23  08:40:42 am)Reset
[I](2022-06-23  08:40:42 am)Reset
[I](2022-06-23  08:40:46 am)Reset
[I](2022-06-23  08:40:46 am)Reset
[I](2022-06-23  08:40:47 am)Reset
[I](2022-06-23  08:40:50 am)Reset
[I](2022-06-23  08:41:01 am)작업 시작 [Start d:421]
[I](2022-06-23  08:41:01 am)Nc File: [No.0001-329.NC]
[I](2022-06-23  08:41:01 am)  * Start Machine Position
[I](2022-06-23  08:41:01 am)    X:    544.0406
[I](2022-06-23  08:41:01 am)    Y:   -383.3234
[I](2022-06-23  08:41:01 am)    U:      0.0000
[I](2022-06-23  08:41:01 am)    V:      0.0000
[I](2022-06-23  08:41:01 am)    Z:     15.9039
[I](2022-06-23  08:41:01 am)  * Angle
[I](2022-06-23  08:41:01 am)    Ar:     -0.4345,Kr:      0.0000
[I](2022-06-23  08:41:01 am)    Taper_Ar:      0.0000
[I](2022-06-23  08:42:11 am)작업중 정지 [d:0][t:00:01:09]
[I](2022-06-23  08:42:11 am)    [LNo:0001] 000342/000446
[I](2022-06-23  08:42:44 am)작업 재시작
[I](2022-06-23  09:59:47 am)작업중 정지 [d:77][t:01:18:45]
[I](2022-06-23  09:59:47 am)    [LNo:0001] 000434/000446
[I](2022-06-23  09:59:47 am)작업중 M코드정지 [d:77][t:01:18:45]
[I](2022-06-23  10:11:42 am)작업중 정지 [d:77][t:01:30:40]
[I](2022-06-23  10:11:42 am)    [LNo:0001] 000436/000446
[I](2022-06-23  10:11:42 am)작업중 M코드정지 [d:77][t:01:30:40]
[I](2022-06-23  10:21:44 am)Reset
[I](2022-06-23  10:21:54 am)Reset
[I](2022-06-23  10:27:45 am)작업 시작 [Start d:498]
[I](2022-06-23  10:27:45 am)Nc File: [No.0001-329.NC]
[I](2022-06-23  10:27:45 am)  * Start Machine Position
[I](2022-06-23  10:27:45 am)    X:    445.9253
[I](2022-06-23  10:27:45 am)    Y:   -386.1721
[I](2022-06-23  10:27:45 am)    U:      0.0000
[I](2022-06-23  10:27:45 am)    V:      0.0000
[I](2022-06-23  10:27:45 am)    Z:     13.7583
[I](2022-06-23  10:27:45 am)  * Angle
[I](2022-06-23  10:27:45 am)    Ar:     -0.3274,Kr:      0.0000
[I](2022-06-23  10:27:45 am)    Taper_Ar:      0.0000
[I](2022-06-23  02:13:23 pm)작업중 정지 [d:226][t:03:45:38]
[I](2022-06-23  02:13:23 pm)    [LNo:0001] 000434/000446
[I](2022-06-23  02:13:23 pm)작업중 M코드정지 [d:226][t:03:45:38]
[I](2022-06-23  02:14:00 pm)작업중 정지 [d:226][t:03:46:15]
[I](2022-06-23  02:14:00 pm)    [LNo:0001] 000435/000446
[I](2022-06-23  02:23:32 pm)Reset
[I](2022-06-23  02:23:42 pm)Reset
[I](2022-06-23  02:28:25 pm)작업 시작 [Start d:724]
[I](2022-06-23  02:28:25 pm)Nc File: [No.0002-380.NC]
[I](2022-06-23  02:28:25 pm)  * Start Machine Position
[I](2022-06-23  02:28:25 pm)    X:     65.4101
[I](2022-06-23  02:28:25 pm)    Y:   -317.8259
[I](2022-06-23  02:28:25 pm)    U:      0.0000
[I](2022-06-23  02:28:25 pm)    V:      0.0000
[I](2022-06-23  02:28:25 pm)    Z:     37.8433
[I](2022-06-23  02:28:25 pm)  * Angle
[I](2022-06-23  02:28:25 pm)    Ar:      0.9721,Kr:      0.0000
[I](2022-06-23  02:28:25 pm)    Taper_Ar:      0.0000
[I](2022-06-23  02:28:31 pm)작업중 정지 [d:0][t:00:00:06]
[I](2022-06-23  02:28:31 pm)    [LNo:0002] 000217/000518
[I](2022-06-23  02:29:59 pm)Reset
[I](2022-06-23  02:30:44 pm)작업 시작 [Start d:724]
[I](2022-06-23  02:30:44 pm)Nc File: [No.0002-380.NC]
[I](2022-06-23  02:30:44 pm)  * Start Machine Position
[I](2022-06-23  02:30:44 pm)    X:     65.4101
[I](2022-06-23  02:30:44 pm)    Y:   -317.8259
[I](2022-06-23  02:30:44 pm)    U:      0.0000
[I](2022-06-23  02:30:44 pm)    V:      0.0000
[I](2022-06-23  02:30:44 pm)    Z:     37.8433
[I](2022-06-23  02:30:44 pm)  * Angle
[I](2022-06-23  02:30:44 pm)    Ar:      0.9721,Kr:      0.0000
[I](2022-06-23  02:30:44 pm)    Taper_Ar:      0.0000
[I](2022-06-23  02:30:52 pm)작업중 정지 [d:0][t:00:00:07]
[I](2022-06-23  02:30:52 pm)    [LNo:0002] 000015/000518
[I](2022-06-23  02:32:07 pm)작업 재시작
[I](2022-06-23  03:04:42 pm)작업중 정지 [d:24][t:00:33:57]
[I](2022-06-23  03:04:42 pm)    [LNo:0002] 000242/000518
[I](2022-06-23  03:04:42 pm)작업중 30sec 접촉 정지 [d:24][t:00:33:57]
[A](2022-06-23  03:08:42 pm)[001] 와이어 미동작
[I](2022-06-23  03:08:45 pm)작업 재시작
[I](2022-06-23  03:15:51 pm)작업중 정지 [d:30][t:00:45:06]
[I](2022-06-23  03:15:51 pm)    [LNo:0002] 000275/000518
[I](2022-06-23  03:15:51 pm)작업중 M코드정지 [d:30][t:00:45:06]
[I](2022-06-23  03:18:06 pm)작업중 정지 [d:30][t:00:47:21]
[I](2022-06-23  03:18:06 pm)    [LNo:0002] 000277/000518
[I](2022-06-23  03:18:06 pm)작업중 M코드정지 [d:30][t:00:47:21]
[I](2022-06-23  03:26:07 pm)작업중 정지 [d:36][t:00:55:22]
[I](2022-06-23  03:26:07 pm)    [LNo:0002] 000308/000518
[I](2022-06-23  03:26:07 pm)작업중 M코드정지 [d:36][t:00:55:22]
[I](2022-06-23  03:27:15 pm)작업중 정지 [d:36][t:00:56:30]
[I](2022-06-23  03:27:15 pm)    [LNo:0002] 000310/000518
[I](2022-06-23  03:27:15 pm)작업중 M코드정지 [d:36][t:00:56:31]
[I](2022-06-23  03:34:50 pm)작업중 정지 [d:42][t:01:04:06]
[I](2022-06-23  03:34:50 pm)    [LNo:0002] 000341/000518
[I](2022-06-23  03:34:50 pm)작업중 M코드정지 [d:42][t:01:04:06]
[I](2022-06-23  03:37:25 pm)작업중 정지 [d:42][t:01:06:40]
[I](2022-06-23  03:37:25 pm)    [LNo:0002] 000343/000518
[I](2022-06-23  03:37:25 pm)작업중 M코드정지 [d:42][t:01:06:40]
[I](2022-06-23  03:45:53 pm)작업중 정지 [d:48][t:01:15:08]
[I](2022-06-23  03:45:53 pm)    [LNo:0002] 000374/000518
[I](2022-06-23  03:45:53 pm)작업중 M코드정지 [d:48][t:01:15:08]
[I](2022-06-23  03:47:31 pm)작업중 정지 [d:48][t:01:16:46]
[I](2022-06-23  03:47:31 pm)    [LNo:0002] 000376/000518
[I](2022-06-23  03:47:31 pm)작업중 M코드정지 [d:48][t:01:16:46]
[I](2022-06-23  03:55:18 pm)작업중 정지 [d:55][t:01:24:34]
[I](2022-06-23  03:55:18 pm)    [LNo:0002] 000406/000518
[I](2022-06-23  03:55:18 pm)Wire Contact Auto Stop(M52)
[I](2022-06-23  03:56:29 pm)작업 재시작
[I](2022-06-23  03:56:30 pm)작업중 정지 [d:55][t:01:25:45]
[I](2022-06-23  03:56:30 pm)    [LNo:0002] 000407/000518
[I](2022-06-23  03:56:30 pm)작업중 M코드정지 [d:55][t:01:25:45]
[I](2022-06-23  03:56:46 pm)작업중 정지 [d:55][t:01:26:01]
[I](2022-06-23  03:56:46 pm)    [LNo:0002] 000409/000518
[I](2022-06-23  03:56:46 pm)작업중 M코드정지 [d:55][t:01:26:01]
[I](2022-06-23  04:04:15 pm)작업중 정지 [d:61][t:01:33:30]
[I](2022-06-23  04:04:15 pm)    [LNo:0002] 000440/000518
[I](2022-06-23  04:04:15 pm)작업중 M코드정지 [d:61][t:01:33:30]
[I](2022-06-23  04:05:44 pm)작업중 정지 [d:61][t:01:34:59]
[I](2022-06-23  04:05:44 pm)    [LNo:0002] 000442/000518
[I](2022-06-23  04:05:44 pm)작업중 M코드정지 [d:61][t:01:34:59]
[I](2022-06-23  04:13:16 pm)작업중 정지 [d:67][t:01:42:32]
[I](2022-06-23  04:13:16 pm)    [LNo:0002] 000472/000518
[I](2022-06-23  04:13:16 pm)Wire Contact Auto Stop(M52)
[I](2022-06-23  04:14:17 pm)작업 재시작
[I](2022-06-23  04:14:18 pm)작업중 정지 [d:67][t:01:43:33]
[I](2022-06-23  04:14:18 pm)    [LNo:0002] 000473/000518
[I](2022-06-23  04:14:18 pm)작업중 M코드정지 [d:67][t:01:43:33]
[I](2022-06-23  04:14:31 pm)작업중 정지 [d:67][t:01:43:47]
[I](2022-06-23  04:14:31 pm)    [LNo:0002] 000475/000518
[I](2022-06-23  04:14:31 pm)작업중 M코드정지 [d:67][t:01:43:47]
[I](2022-06-23  04:22:03 pm)작업중 정지 [d:73][t:01:51:18]
[I](2022-06-23  04:22:03 pm)    [LNo:0002] 000506/000518
[I](2022-06-23  04:22:03 pm)작업중 M코드정지 [d:73][t:01:51:18]
[I](2022-06-23  04:32:37 pm)Reset
[I](2022-06-23  04:32:53 pm)Reset
[I](2022-06-23  04:38:00 pm)Reset
[I](2022-06-23  04:38:35 pm)Reset
[I](2022-06-23  04:44:27 pm)Reset
[I](2022-06-23  04:44:27 pm)Reset
[I](2022-06-23  04:44:49 pm)Reset
[I](2022-06-23  04:44:50 pm)Reset
[I](2022-06-23  04:45:24 pm)Reset
[I](2022-06-23  04:45:24 pm)Reset
[I](2022-06-23  04:45:47 pm)Reset
[I](2022-06-23  04:51:40 pm)작업 시작 [Start d:0]
[I](2022-06-23  04:51:40 pm)Nc File: [No.0003-389.NC]
[I](2022-06-23  04:51:40 pm)  * Start Machine Position
[I](2022-06-23  04:51:40 pm)    X:    207.0775
[I](2022-06-23  04:51:40 pm)    Y:   -366.3085
[I](2022-06-23  04:51:40 pm)    U:      0.0197
[I](2022-06-23  04:51:40 pm)    V:      0.0202
[I](2022-06-23  04:51:40 pm)    Z:     41.3268
[I](2022-06-23  04:51:40 pm)  * Angle
[I](2022-06-23  04:51:40 pm)    Ar:      0.7348,Kr:      0.0000
[I](2022-06-23  04:51:40 pm)    Taper_Ar:      0.0000
[I](2022-06-23  04:51:42 pm)작업중 정지 [d:0][t:00:00:02]
[I](2022-06-23  04:51:42 pm)    [LNo:0003] 000010/000199
[I](2022-06-23  04:51:42 pm)작업중 M코드정지 [d:0][t:00:00:02]
[I](2022-06-23  05:07:46 pm)작업중 정지 [d:15][t:00:16:05]
[I](2022-06-23  05:07:46 pm)    [LNo:0003] 000028/000199
[I](2022-06-23  05:07:46 pm)작업중 M코드정지 [d:15][t:00:16:05]
[I](2022-06-23  05:09:02 pm)작업중 정지 [d:15][t:00:17:21]
[I](2022-06-23  05:09:02 pm)    [LNo:0003] 000030/000199
[I](2022-06-23  05:09:02 pm)작업중 M코드정지 [d:15][t:00:17:21]
[I](2022-06-23  05:21:51 pm)작업중 정지 [d:27][t:00:30:11]
[I](2022-06-23  05:21:51 pm)    [LNo:0003] 000080/000199
[I](2022-06-23  05:21:52 pm)작업중 30sec 접촉 정지 [d:27][t:00:30:11]
[A](2022-06-23  05:23:27 pm)[084] Work Tank Fluid Sensor Abnormal
[I](2022-06-23  05:24:24 pm)작업중 정지 [d:27][t:00:32:43]
[I](2022-06-23  05:24:24 pm)    [LNo:0003] 000070/000199
[I](2022-06-23  05:27:42 pm)작업중 정지 [d:30][t:00:36:01]
[I](2022-06-23  05:27:42 pm)    [LNo:0003] 000086/000199
[I](2022-06-23  05:27:42 pm)작업중 M코드정지 [d:30][t:00:36:01]
[A](2022-06-23  05:28:19 pm)[084] Work Tank Fluid Sensor Abnormal
[I](2022-06-23  05:31:05 pm)Reset
[I](2022-06-23  05:31:17 pm)Reset
[I](2022-06-23  05:32:23 pm)Reset
[I](2022-06-23  05:33:46 pm)Reset
[I](2022-06-23  05:37:29 pm)Reset
[I](2022-06-23  05:37:51 pm)Reset
[I](2022-06-23  05:37:52 pm)Reset
[I](2022-06-23  05:38:27 pm)Reset
[I](2022-06-23  05:38:50 pm)Reset
[I](2022-06-23  05:38:50 pm)Reset
[I](2022-06-23  05:39:23 pm)Reset
[I](2022-06-23  05:40:00 pm)작업 시작 [Start d:30]
[I](2022-06-23  05:40:00 pm)Nc File: [No.0003-389.NC]
[I](2022-06-23  05:40:00 pm)  * Start Machine Position
[I](2022-06-23  05:40:00 pm)    X:    212.2385
[I](2022-06-23  05:40:00 pm)    Y:   -390.1368
[I](2022-06-23  05:40:00 pm)    U:     -0.0499
[I](2022-06-23  05:40:00 pm)    V:      0.0202
[I](2022-06-23  05:40:00 pm)    Z:     37.1963
[I](2022-06-23  05:40:00 pm)  * Angle
[I](2022-06-23  05:40:00 pm)    Ar:     -0.2375,Kr:      0.0000
[I](2022-06-23  05:40:00 pm)    Taper_Ar:      0.0000
[I](2022-06-23  05:40:07 pm)작업중 정지 [d:0][t:00:00:07]
[I](2022-06-23  05:40:07 pm)    [LNo:0003] 000106/000199
[I](2022-06-23  05:40:07 pm)작업중 M코드정지 [d:0][t:00:00:07]
[I](2022-06-23  05:40:09 pm)작업중 정지 [d:0][t:00:00:08]
[I](2022-06-23  05:40:09 pm)    [LNo:0003] 000109/000199
[I](2022-06-23  05:40:09 pm)작업중 M코드정지 [d:0][t:00:00:08]
[I](2022-06-23  05:40:13 pm)작업중 정지 [d:0][t:00:00:12]
[I](2022-06-23  05:40:13 pm)    [LNo:0003] 000111/000199
[I](2022-06-23  05:40:13 pm)작업중 M코드정지 [d:0][t:00:00:12]
[I](2022-06-23  05:40:38 pm)작업중 정지 [d:0][t:00:00:38]
[I](2022-06-23  05:40:38 pm)    [LNo:0003] 000118/000199
[I](2022-06-23  05:53:27 pm)작업중 정지 [d:12][t:00:13:27]
[I](2022-06-23  05:53:27 pm)    [LNo:0003] 000133/000199
[I](2022-06-23  05:53:27 pm)작업중 M코드정지 [d:12][t:00:13:27]
[I](2022-06-23  05:53:52 pm)작업중 정지 [d:12][t:00:13:52]
[I](2022-06-23  05:53:52 pm)    [LNo:0003] 000135/000199
[I](2022-06-23  05:53:52 pm)작업중 M코드정지 [d:12][t:00:13:52]
[I](2022-06-23  06:06:15 pm)작업중 정지 [d:24][t:00:26:14]
[I](2022-06-23  06:06:15 pm)    [LNo:0003] 000187/000199
[I](2022-06-23  06:06:15 pm)작업중 30sec 접촉 정지 [d:24][t:00:26:14]
[I](2022-06-23  06:06:42 pm)작업중 정지 [d:24][t:00:26:42]
[I](2022-06-23  06:06:42 pm)    [LNo:0003] 000175/000199
[I](2022-06-23  06:09:28 pm)작업중 정지 [d:27][t:00:29:28]
[I](2022-06-23  06:09:28 pm)    [LNo:0003] 000192/000199
[I](2022-06-23  06:09:28 pm)작업중 M코드정지 [d:27][t:00:29:28]
[I](2022-06-23  06:22:52 pm)Reset
[I](2022-06-23  06:23:06 pm)Reset
[I](2022-06-23  06:27:14 pm)Reset
[I](2022-06-23  06:27:14 pm)Reset
[I](2022-06-23  06:30:00 pm)Reset
[I](2022-06-23  06:30:01 pm)Reset
[I](2022-06-23  06:31:30 pm)작업 시작 [Start d:58]
[I](2022-06-23  06:31:30 pm)Nc File: [No.0002-377.NC]
[I](2022-06-23  06:31:30 pm)  * Start Machine Position
[I](2022-06-23  06:31:30 pm)    X:    129.0336
[I](2022-06-23  06:31:30 pm)    Y:   -368.7410
[I](2022-06-23  06:31:30 pm)    U:      0.0000
[I](2022-06-23  06:31:30 pm)    V:      0.0000
[I](2022-06-23  06:31:30 pm)    Z:     35.5793
[I](2022-06-23  06:31:30 pm)  * Angle
[I](2022-06-23  06:31:30 pm)    Ar:      0.1031,Kr:      0.0000
[I](2022-06-23  06:31:30 pm)    Taper_Ar:      0.0000
[I](2022-06-23  06:31:43 pm)작업중 정지 [d:0][t:00:00:13]
[I](2022-06-23  06:31:43 pm)    [LNo:0002] 000377/001538
[A](2022-06-23  06:32:23 pm)[091] Auto Door Sensor Abnormal
[A](2022-06-23  06:32:27 pm)[091] Auto Door Sensor Abnormal
[A](2022-06-23  06:32:28 pm)[091] Auto Door Sensor Abnormal
[I](2022-06-23  06:33:50 pm)작업중 정지 [d:1][t:00:02:20]
[I](2022-06-23  06:33:50 pm)    [LNo:0002] 000536/001538
[I](2022-06-23  06:35:14 pm)작업중 정지 [d:1][t:00:03:44]
[I](2022-06-23  06:35:14 pm)    [LNo:0002] 000854/001538
[I](2022-06-23  06:36:55 pm)Reset
[I](2022-06-23  06:37:56 pm)Reset
[I](2022-06-23  06:37:56 pm)Reset
[I](2022-06-23  06:38:17 pm)작업 시작 [Start d:59]
[I](2022-06-23  06:38:17 pm)Nc File: [No.0002-377.NC]
[I](2022-06-23  06:38:17 pm)  * Start Machine Position
[I](2022-06-23  06:38:17 pm)    X:    129.0336
[I](2022-06-23  06:38:17 pm)    Y:   -368.7410
[I](2022-06-23  06:38:17 pm)    U:      0.0000
[I](2022-06-23  06:38:17 pm)    V:      0.0000
[I](2022-06-23  06:38:17 pm)    Z:     35.5793
[I](2022-06-23  06:38:17 pm)  * Angle
[I](2022-06-23  06:38:17 pm)    Ar:      0.1031,Kr:      0.0000
[I](2022-06-23  06:38:17 pm)    Taper_Ar:      0.0000
[I](2022-06-23  06:49:19 pm)작업중 정지 [d:11][t:00:11:01]
[I](2022-06-23  06:49:19 pm)    [LNo:0002] 000028/001538
[A](2022-06-23  06:49:19 pm)[008] 작업중 단선(AWF Feed Motor Stop )
[I](2022-06-23  06:49:19 pm)작업중 Wire 단선 [d:11][t:00:11:02]
[I](2022-06-23  06:49:30 pm)작업 재시작
[I](2022-06-23  06:50:56 pm)작업중 정지 [d:12][t:00:12:39]
[I](2022-06-23  06:50:56 pm)    [LNo:0002] 000044/001538
[I](2022-06-23  06:50:56 pm)작업중 30sec 접촉 정지 [d:12][t:00:12:39]
[I](2022-06-23  06:51:35 pm)작업 재시작
[I](2022-06-23  07:04:47 pm)작업중 정지 [d:23][t:00:26:29]
[I](2022-06-23  07:04:47 pm)    [LNo:0002] 000094/001538
[I](2022-06-23  07:04:47 pm)작업중 30sec 접촉 정지 [d:23][t:00:26:30]
[I](2022-06-23  07:07:50 pm)작업 재시작
[I](2022-06-23  07:11:44 pm)작업중 정지 [d:27][t:00:33:27]
[I](2022-06-23  07:11:44 pm)    [LNo:0002] 000110/001538
[I](2022-06-23  07:11:45 pm)작업중 M코드정지 [d:27][t:00:33:27]
[I](2022-06-23  07:40:05 pm)작업중 정지 [d:51][t:01:01:48]
[I](2022-06-23  07:40:05 pm)    [LNo:0002] 000186/001538
[I](2022-06-23  07:40:06 pm)작업중 30sec 접촉 정지 [d:51][t:01:01:48]
[I](2022-06-23  07:40:48 pm)작업 재시작
[I](2022-06-23  07:56:17 pm)작업중 정지 [d:66][t:01:18:00]
[I](2022-06-23  07:56:17 pm)    [LNo:0002] 000253/001538
[I](2022-06-23  07:56:17 pm)작업중 30sec 접촉 정지 [d:66][t:01:18:00]
[I](2022-06-23  07:57:02 pm)작업 재시작
[I](2022-06-23  09:22:48 pm)작업중 정지 [d:146][t:02:44:31]
[I](2022-06-23  09:22:48 pm)    [LNo:0002] 000504/001538
[I](2022-06-23  09:22:48 pm)작업중 30sec 접촉 정지 [d:146][t:02:44:31]
