[I](2022-07-03  01:26:56 am)작업중 정지 [d:507][t:08:40:21]
[I](2022-07-03  01:26:56 am)    [LNo:0003] 000388/000964
[I](2022-07-03  01:26:56 am)작업중 30sec 접촉 정지 [d:507][t:08:40:21]
[I](2022-07-03  08:16:46 am)작업 재시작
[I](2022-07-03  09:29:05 am)작업중 정지 [d:578][t:16:42:29]
[I](2022-07-03  09:29:05 am)    [LNo:0003] 000476/000964
[I](2022-07-03  09:29:05 am)작업중 30sec 접촉 정지 [d:578][t:16:42:29]
[I](2022-07-03  09:30:51 am)작업 재시작
[I](2022-07-03  09:37:26 am)작업중 정지 [d:584][t:16:50:50]
[I](2022-07-03  09:37:26 am)    [LNo:0003] 000496/000964
[I](2022-07-03  09:37:26 am)작업중 30sec 접촉 정지 [d:584][t:16:50:50]
[I](2022-07-03  09:37:42 am)작업 재시작
[I](2022-07-03  09:38:23 am)작업중 정지 [d:584][t:16:51:47]
[I](2022-07-03  09:38:23 am)    [LNo:0003] 000499/000964
[I](2022-07-03  09:38:23 am)작업중 M코드정지 [d:584][t:16:51:47]
[I](2022-07-03  09:39:29 am)작업중 정지 [d:584][t:16:52:54]
[I](2022-07-03  09:39:29 am)    [LNo:0003] 000504/000964
[I](2022-07-03  09:39:30 am)작업중 M코드정지 [d:584][t:16:52:54]
[I](2022-07-03  09:42:23 am)작업중 정지 [d:585][t:16:55:48]
[I](2022-07-03  09:42:23 am)    [LNo:0003] 000517/000964
[I](2022-07-03  09:42:24 am)작업중 M코드정지 [d:585][t:16:55:48]
[I](2022-07-03  09:42:45 am)작업중 정지 [d:585][t:16:56:10]
[I](2022-07-03  09:42:45 am)    [LNo:0003] 000518/000964
[I](2022-07-03  09:42:45 am)Wire Contact Auto Stop(M52)
[I](2022-07-03  09:43:23 am)작업 재시작
[I](2022-07-03  09:45:42 am)작업중 정지 [d:587][t:16:59:06]
[I](2022-07-03  09:45:42 am)    [LNo:0003] 000540/000964
[I](2022-07-03  09:45:42 am)작업중 M코드정지 [d:587][t:16:59:06]
[I](2022-07-03  09:46:07 am)작업중 정지 [d:587][t:16:59:31]
[I](2022-07-03  09:46:07 am)    [LNo:0003] 000541/000964
[I](2022-07-03  09:46:07 am)Wire Contact Auto Stop(M52)
[I](2022-07-03  09:46:39 am)작업 재시작
[I](2022-07-03  09:48:56 am)작업중 정지 [d:588][t:17:02:20]
[I](2022-07-03  09:48:56 am)    [LNo:0003] 000561/000964
[I](2022-07-03  09:48:56 am)작업중 M코드정지 [d:588][t:17:02:20]
[I](2022-07-03  09:49:20 am)작업중 정지 [d:588][t:17:02:44]
[I](2022-07-03  09:49:20 am)    [LNo:0003] 000562/000964
[I](2022-07-03  09:49:20 am)Wire Contact Auto Stop(M52)
[I](2022-07-03  09:49:51 am)작업 재시작
[I](2022-07-03  09:52:09 am)작업중 정지 [d:589][t:17:05:33]
[I](2022-07-03  09:52:09 am)    [LNo:0003] 000584/000964
[I](2022-07-03  09:52:09 am)작업중 M코드정지 [d:589][t:17:05:33]
[I](2022-07-03  09:52:29 am)작업중 정지 [d:589][t:17:05:53]
[I](2022-07-03  09:52:29 am)    [LNo:0003] 000585/000964
[I](2022-07-03  09:52:29 am)Wire Contact Auto Stop(M52)
[I](2022-07-03  09:53:15 am)작업 재시작
[I](2022-07-03  09:55:36 am)작업중 정지 [d:591][t:17:09:00]
[I](2022-07-03  09:55:36 am)    [LNo:0003] 000607/000964
[I](2022-07-03  09:55:36 am)작업중 M코드정지 [d:591][t:17:09:00]
[I](2022-07-03  09:57:51 am)작업중 정지 [d:591][t:17:11:15]
[I](2022-07-03  09:57:51 am)    [LNo:0003] 000608/000964
[I](2022-07-03  09:57:51 am)Wire Contact Auto Stop(M52)
[I](2022-07-03  09:58:25 am)작업 재시작
[I](2022-07-03  10:00:39 am)작업중 정지 [d:592][t:17:14:03]
[I](2022-07-03  10:00:39 am)    [LNo:0003] 000628/000964
[I](2022-07-03  10:00:39 am)작업중 M코드정지 [d:592][t:17:14:04]
[I](2022-07-03  10:01:03 am)작업중 정지 [d:592][t:17:14:27]
[I](2022-07-03  10:01:03 am)    [LNo:0003] 000629/000964
[I](2022-07-03  10:01:03 am)Wire Contact Auto Stop(M52)
[I](2022-07-03  10:01:38 am)작업 재시작
[I](2022-07-03  10:04:09 am)작업중 정지 [d:593][t:17:17:33]
[I](2022-07-03  10:04:09 am)    [LNo:0003] 000651/000964
[I](2022-07-03  10:04:09 am)작업중 M코드정지 [d:593][t:17:17:33]
[I](2022-07-03  10:04:28 am)작업중 정지 [d:593][t:17:17:53]
[I](2022-07-03  10:04:28 am)    [LNo:0003] 000652/000964
[I](2022-07-03  10:04:28 am)Wire Contact Auto Stop(M52)
[I](2022-07-03  10:05:01 am)작업 재시작
[I](2022-07-03  10:07:45 am)작업중 정지 [d:595][t:17:21:09]
[I](2022-07-03  10:07:45 am)    [LNo:0003] 000674/000964
[I](2022-07-03  10:07:45 am)작업중 M코드정지 [d:595][t:17:21:09]
[I](2022-07-03  10:09:24 am)작업중 정지 [d:595][t:17:22:48]
[I](2022-07-03  10:09:24 am)    [LNo:0003] 000675/000964
[I](2022-07-03  10:09:24 am)Wire Contact Auto Stop(M52)
[I](2022-07-03  10:09:59 am)작업 재시작
[I](2022-07-03  10:12:41 am)작업중 정지 [d:597][t:17:26:05]
[I](2022-07-03  10:12:41 am)    [LNo:0003] 000696/000964
[I](2022-07-03  10:12:41 am)작업중 M코드정지 [d:597][t:17:26:05]
[I](2022-07-03  10:13:02 am)작업중 정지 [d:597][t:17:26:26]
[I](2022-07-03  10:13:02 am)    [LNo:0003] 000697/000964
[I](2022-07-03  10:13:02 am)Wire Contact Auto Stop(M52)
[I](2022-07-03  10:15:24 am)작업 재시작
[I](2022-07-03  10:18:27 am)작업중 정지 [d:598][t:17:31:51]
[I](2022-07-03  10:18:27 am)    [LNo:0003] 000718/000964
[I](2022-07-03  10:18:27 am)작업중 M코드정지 [d:598][t:17:31:51]
[I](2022-07-03  10:26:02 am)작업중 정지 [d:598][t:17:39:26]
[I](2022-07-03  10:26:02 am)    [LNo:0003] 000719/000964
[I](2022-07-03  10:26:02 am)Wire Contact Auto Stop(M52)
[A](2022-07-03  10:26:15 am)[033] 자동결선 회수 롤러 WIRE CONTACT!!
[I](2022-07-03  10:28:11 am)작업 재시작
[I](2022-07-03  10:32:33 am)작업중 정지 [d:601][t:17:45:57]
[I](2022-07-03  10:32:33 am)    [LNo:0003] 000742/000964
[I](2022-07-03  10:32:33 am)작업중 M코드정지 [d:601][t:17:45:57]
[I](2022-07-03  01:02:17 pm)작업중 정지 [d:745][t:20:15:41]
[I](2022-07-03  01:02:17 pm)    [LNo:0003] 000904/000964
[I](2022-07-03  01:03:15 pm)Reset
[I](2022-07-03  01:03:15 pm)Reset
[I](2022-07-03  01:15:17 pm)Reset
[I](2022-07-03  01:15:21 pm)작업 시작 [Start d:776]
[I](2022-07-03  01:15:21 pm)Nc File: [No.0004-488.NC]
[I](2022-07-03  01:15:21 pm)  * Start Machine Position
[I](2022-07-03  01:15:21 pm)    X:    238.8587
[I](2022-07-03  01:15:21 pm)    Y:   -111.5930
[I](2022-07-03  01:15:21 pm)    U:      0.0000
[I](2022-07-03  01:15:21 pm)    V:      0.0000
[I](2022-07-03  01:15:21 pm)    Z:     41.6102
[I](2022-07-03  01:15:21 pm)  * Angle
[I](2022-07-03  01:15:21 pm)    Ar:     -0.1970,Kr:      0.0000
[I](2022-07-03  01:15:21 pm)    Taper_Ar:      0.0000
[I](2022-07-03  01:15:33 pm)작업중 정지 [d:0][t:00:00:11]
[I](2022-07-03  01:15:33 pm)    [LNo:0004] 000010/000122
[I](2022-07-03  01:15:33 pm)작업중 M코드정지 [d:0][t:00:00:11]
[I](2022-07-03  01:35:46 pm)작업중 정지 [d:19][t:00:20:24]
[I](2022-07-03  01:35:46 pm)    [LNo:0004] 000026/000122
[I](2022-07-03  01:35:46 pm)작업중 M코드정지 [d:19][t:00:20:24]
[I](2022-07-03  01:36:13 pm)작업중 정지 [d:19][t:00:20:51]
[I](2022-07-03  01:36:13 pm)    [LNo:0004] 000028/000122
[I](2022-07-03  01:36:13 pm)작업중 M코드정지 [d:19][t:00:20:51]
[I](2022-07-03  02:08:38 pm)작업중 정지 [d:51][t:00:53:16]
[I](2022-07-03  02:08:38 pm)    [LNo:0004] 000080/000122
[I](2022-07-03  02:08:38 pm)작업중 M코드정지 [d:51][t:00:53:16]
[I](2022-07-03  02:09:06 pm)작업중 정지 [d:51][t:00:53:44]
[I](2022-07-03  02:09:06 pm)    [LNo:0004] 000082/000122
[I](2022-07-03  02:09:06 pm)작업중 M코드정지 [d:51][t:00:53:44]
[I](2022-07-03  02:22:24 pm)작업중 정지 [d:63][t:01:07:02]
[I](2022-07-03  02:22:24 pm)    [LNo:0004] 000114/000122
[I](2022-07-03  02:22:24 pm)작업중 M코드정지 [d:63][t:01:07:02]
[I](2022-07-03  02:25:25 pm)Reset
[I](2022-07-03  02:26:37 pm)Reset
[I](2022-07-03  02:26:38 pm)Reset
[I](2022-07-03  02:28:37 pm)Reset
[I](2022-07-03  02:30:25 pm)Reset
[I](2022-07-03  02:30:46 pm)작업 시작 [Start d:839]
[I](2022-07-03  02:30:46 pm)Nc File: [No.0006-573.NC]
[I](2022-07-03  02:30:46 pm)  * Start Machine Position
[I](2022-07-03  02:30:46 pm)    X:    238.8587
[I](2022-07-03  02:30:46 pm)    Y:   -111.5930
[I](2022-07-03  02:30:46 pm)    U:      0.0000
[I](2022-07-03  02:30:46 pm)    V:      0.0000
[I](2022-07-03  02:30:46 pm)    Z:     30.4991
[I](2022-07-03  02:30:46 pm)  * Angle
[I](2022-07-03  02:30:46 pm)    Ar:     -0.1970,Kr:      0.0000
[I](2022-07-03  02:30:46 pm)    Taper_Ar:      0.0000
[I](2022-07-03  02:31:16 pm)작업중 정지 [d:0][t:00:00:30]
[I](2022-07-03  02:31:16 pm)    [LNo:0006] 000010/000389
[I](2022-07-03  02:31:16 pm)작업중 M코드정지 [d:0][t:00:00:30]
[I](2022-07-03  02:32:01 pm)작업중 정지 [d:0][t:00:01:15]
[I](2022-07-03  02:32:01 pm)    [LNo:0006] 000022/000389
[A](2022-07-03  02:32:01 pm)[008] 작업중 단선(AWF Feed Motor Stop )
[I](2022-07-03  02:32:01 pm)작업중 Wire 단선 [d:0][t:00:01:15]
[I](2022-07-03  02:33:12 pm)작업 재시작
[I](2022-07-03  02:51:51 pm)작업중 정지 [d:19][t:00:21:05]
[I](2022-07-03  02:51:51 pm)    [LNo:0006] 000038/000389
[I](2022-07-03  02:51:51 pm)작업중 M코드정지 [d:19][t:00:21:05]
[I](2022-07-03  02:52:27 pm)작업중 정지 [d:19][t:00:21:41]
[I](2022-07-03  02:52:27 pm)    [LNo:0006] 000039/000389
[I](2022-07-03  02:52:57 pm)작업 재시작
[I](2022-07-03  02:53:09 pm)작업중 정지 [d:19][t:00:22:23]
[I](2022-07-03  02:53:09 pm)    [LNo:0006] 000041/000389
[I](2022-07-03  02:53:09 pm)작업중 M코드정지 [d:19][t:00:22:23]
[I](2022-07-03  03:00:01 pm)작업중 정지 [d:24][t:00:29:14]
[I](2022-07-03  03:00:01 pm)    [LNo:0006] 000115/000389
[I](2022-07-03  03:00:01 pm)작업중 30sec 접촉 정지 [d:24][t:00:29:14]
[I](2022-07-03  03:01:58 pm)작업 재시작
[I](2022-07-03  03:25:39 pm)작업중 정지 [d:48][t:00:54:53]
[I](2022-07-03  03:25:39 pm)    [LNo:0006] 000132/000389
[I](2022-07-03  03:25:39 pm)작업중 M코드정지 [d:48][t:00:54:53]
[I](2022-07-03  03:26:02 pm)작업중 정지 [d:48][t:00:55:16]
[I](2022-07-03  03:26:02 pm)    [LNo:0006] 000133/000389
[I](2022-07-03  03:26:42 pm)작업 재시작
[I](2022-07-03  03:26:50 pm)작업중 정지 [d:48][t:00:56:04]
[I](2022-07-03  03:26:50 pm)    [LNo:0006] 000135/000389
[I](2022-07-03  03:26:50 pm)작업중 M코드정지 [d:48][t:00:56:04]
[I](2022-07-03  03:35:11 pm)작업중 정지 [d:55][t:01:04:25]
[I](2022-07-03  03:35:11 pm)    [LNo:0006] 000211/000389
[A](2022-07-03  03:35:11 pm)[008] 작업중 단선(AWF Feed Motor Stop )
[I](2022-07-03  03:35:11 pm)작업중 Wire 단선 [d:55][t:01:04:25]
[I](2022-07-03  03:37:12 pm)작업 재시작
[I](2022-07-03  04:03:02 pm)작업중 정지 [d:81][t:01:32:16]
[I](2022-07-03  04:03:02 pm)    [LNo:0006] 000228/000389
[I](2022-07-03  04:03:02 pm)작업중 M코드정지 [d:81][t:01:32:16]
[I](2022-07-03  04:03:29 pm)작업중 정지 [d:81][t:01:32:42]
[I](2022-07-03  04:03:29 pm)    [LNo:0006] 000229/000389
[I](2022-07-03  04:04:02 pm)작업 재시작
[I](2022-07-03  04:04:11 pm)작업중 정지 [d:81][t:01:33:25]
[I](2022-07-03  04:04:11 pm)    [LNo:0006] 000231/000389
[I](2022-07-03  04:04:11 pm)작업중 M코드정지 [d:81][t:01:33:25]
[I](2022-07-03  04:12:26 pm)작업중 정지 [d:88][t:01:41:40]
[I](2022-07-03  04:12:26 pm)    [LNo:0006] 000307/000389
[A](2022-07-03  04:12:26 pm)[008] 작업중 단선(AWF Feed Motor Stop )
[I](2022-07-03  04:12:26 pm)작업중 Wire 단선 [d:88][t:01:41:40]
[I](2022-07-03  04:13:37 pm)작업 재시작
[I](2022-07-03  04:32:13 pm)작업중 정지 [d:106][t:02:01:27]
[I](2022-07-03  04:32:13 pm)    [LNo:0006] 000322/000389
[I](2022-07-03  04:32:13 pm)작업중 M코드정지 [d:106][t:02:01:27]
[I](2022-07-03  04:32:43 pm)작업중 정지 [d:106][t:02:01:56]
[I](2022-07-03  04:32:43 pm)    [LNo:0006] 000323/000389
[I](2022-07-03  04:33:38 pm)작업 재시작
[I](2022-07-03  04:33:48 pm)작업중 정지 [d:106][t:02:03:02]
[I](2022-07-03  04:33:48 pm)    [LNo:0006] 000325/000389
[I](2022-07-03  04:33:48 pm)작업중 M코드정지 [d:106][t:02:03:02]
[I](2022-07-03  04:40:22 pm)작업중 정지 [d:111][t:02:09:35]
[I](2022-07-03  04:40:22 pm)    [LNo:0006] 000385/000389
[I](2022-07-03  04:40:22 pm)작업중 M코드정지 [d:111][t:02:09:36]
[I](2022-07-03  04:41:39 pm)Reset
[I](2022-07-03  04:42:37 pm)작업 시작 [Start d:950]
[I](2022-07-03  04:42:37 pm)Nc File: [No.0002-557.NC]
[I](2022-07-03  04:42:37 pm)  * Start Machine Position
[I](2022-07-03  04:42:37 pm)    X:    238.8587
[I](2022-07-03  04:42:37 pm)    Y:   -111.5930
[I](2022-07-03  04:42:37 pm)    U:      0.0000
[I](2022-07-03  04:42:37 pm)    V:      0.0000
[I](2022-07-03  04:42:37 pm)    Z:     30.4991
[I](2022-07-03  04:42:37 pm)  * Angle
[I](2022-07-03  04:42:37 pm)    Ar:     -0.1970,Kr:      0.0000
[I](2022-07-03  04:42:37 pm)    Taper_Ar:      0.0000
[I](2022-07-03  04:43:06 pm)작업중 정지 [d:0][t:00:00:29]
[I](2022-07-03  04:43:06 pm)    [LNo:0002] 000855/001009
[I](2022-07-03  04:57:07 pm)작업중 정지 [d:9][t:00:14:30]
[I](2022-07-03  04:57:07 pm)    [LNo:0002] 000869/001009
[I](2022-07-03  04:57:07 pm)작업중 M코드정지 [d:9][t:00:14:30]
[I](2022-07-03  04:57:21 pm)작업중 정지 [d:9][t:00:14:43]
[I](2022-07-03  04:57:21 pm)    [LNo:0002] 000870/001009
[I](2022-07-03  04:57:21 pm)Wire Contact Auto Stop(M52)
[I](2022-07-03  04:58:03 pm)작업 재시작
[I](2022-07-03  04:58:05 pm)작업중 정지 [d:9][t:00:15:27]
[I](2022-07-03  04:58:05 pm)    [LNo:0002] 000871/001009
[I](2022-07-03  04:58:05 pm)작업중 M코드정지 [d:9][t:00:15:27]
[I](2022-07-03  05:04:58 pm)작업중 정지 [d:15][t:00:22:20]
[I](2022-07-03  05:04:58 pm)    [LNo:0002] 000900/001009
[I](2022-07-03  05:06:14 pm)작업중 정지 [d:15][t:00:23:36]
[I](2022-07-03  05:06:14 pm)    [LNo:0002] 000983/001009
[I](2022-07-03  05:14:56 pm)작업중 정지 [d:23][t:00:32:19]
[I](2022-07-03  05:14:56 pm)    [LNo:0002] 000997/001009
[I](2022-07-03  05:14:56 pm)작업중 M코드정지 [d:23][t:00:32:19]
[I](2022-07-03  05:15:10 pm)작업중 정지 [d:23][t:00:32:32]
[I](2022-07-03  05:15:10 pm)    [LNo:0002] 000998/001009
[I](2022-07-03  05:15:10 pm)Wire Contact Auto Stop(M52)
[I](2022-07-03  05:18:43 pm)Reset
[I](2022-07-03  05:30:46 pm)작업 시작 [Start d:0]
[I](2022-07-03  05:30:46 pm)Nc File: [No.0003-455.NC]
[I](2022-07-03  05:30:46 pm)  * Start Machine Position
[I](2022-07-03  05:30:46 pm)    X:    364.4412
[I](2022-07-03  05:30:46 pm)    Y:   -207.8294
[I](2022-07-03  05:30:46 pm)    U:      0.0000
[I](2022-07-03  05:30:46 pm)    V:      0.0000
[I](2022-07-03  05:30:46 pm)    Z:     30.4991
[I](2022-07-03  05:30:46 pm)  * Angle
[I](2022-07-03  05:30:46 pm)    Ar:     -0.1970,Kr:      0.0000
[I](2022-07-03  05:30:46 pm)    Taper_Ar:      0.0000
[I](2022-07-03  05:31:06 pm)작업중 정지 [d:0][t:00:00:19]
[I](2022-07-03  05:31:06 pm)    [LNo:0003] 001054/007042
[I](2022-07-03  05:32:33 pm)작업중 정지 [d:0][t:00:01:46]
[I](2022-07-03  05:32:33 pm)    [LNo:0003] 000660/007042
[I](2022-07-03  05:34:19 pm)작업중 정지 [d:0][t:00:03:32]
[I](2022-07-03  05:34:19 pm)    [LNo:0003] 002039/007042
[I](2022-07-03  05:35:41 pm)Reset
[I](2022-07-03  05:35:47 pm)Reset
[I](2022-07-03  05:37:04 pm)작업 시작 [Start d:0]
[I](2022-07-03  05:37:04 pm)Nc File: [No.0003-455.NC]
[I](2022-07-03  05:37:04 pm)  * Start Machine Position
[I](2022-07-03  05:37:04 pm)    X:    364.4412
[I](2022-07-03  05:37:04 pm)    Y:   -207.8294
[I](2022-07-03  05:37:04 pm)    U:      0.0000
[I](2022-07-03  05:37:04 pm)    V:      0.0000
[I](2022-07-03  05:37:04 pm)    Z:     30.4991
[I](2022-07-03  05:37:04 pm)  * Angle
[I](2022-07-03  05:37:04 pm)    Ar:     -0.1970,Kr:      0.0000
[I](2022-07-03  05:37:04 pm)    Taper_Ar:      0.0000
[I](2022-07-03  06:07:00 pm)작업중 정지 [d:30][t:00:29:55]
[I](2022-07-03  06:07:00 pm)    [LNo:0003] 000029/007042
[I](2022-07-03  06:07:00 pm)작업중 M코드정지 [d:30][t:00:29:55]
[I](2022-07-03  06:08:15 pm)작업중 정지 [d:30][t:00:31:11]
[I](2022-07-03  06:08:15 pm)    [LNo:0003] 000032/007042
[I](2022-07-03  06:08:15 pm)작업중 M코드정지 [d:30][t:00:31:11]
[I](2022-07-03  06:08:38 pm)작업중 정지 [d:30][t:00:31:33]
[I](2022-07-03  06:08:38 pm)    [LNo:0003] 000038/007042
[I](2022-07-03  06:09:09 pm)작업중 정지 [d:30][t:00:32:05]
[I](2022-07-03  06:09:09 pm)    [LNo:0003] 000088/007042
[I](2022-07-03  06:39:14 pm)작업중 정지 [d:59][t:01:02:09]
[I](2022-07-03  06:39:14 pm)    [LNo:0003] 000111/007042
[I](2022-07-03  06:39:14 pm)작업중 M코드정지 [d:59][t:01:02:09]
[I](2022-07-03  06:46:38 pm)작업중 정지 [d:60][t:01:09:33]
[I](2022-07-03  06:46:38 pm)    [LNo:0003] 000114/007042
[I](2022-07-03  06:46:38 pm)작업중 M코드정지 [d:60][t:01:09:33]
[I](2022-07-03  06:47:05 pm)작업중 정지 [d:60][t:01:10:00]
[I](2022-07-03  06:47:05 pm)    [LNo:0003] 000120/007042
[I](2022-07-03  06:47:54 pm)작업중 정지 [d:60][t:01:10:50]
[I](2022-07-03  06:47:54 pm)    [LNo:0003] 000172/007042
[I](2022-07-03  06:49:28 pm)작업중 정지 [d:60][t:01:12:24]
[I](2022-07-03  06:49:28 pm)    [LNo:0003] 000172/007042
[I](2022-07-03  06:49:29 pm)작업중 M코드정지 [d:60][t:01:12:24]
[I](2022-07-03  07:35:10 pm)작업중 정지 [d:105][t:01:58:05]
[I](2022-07-03  07:35:10 pm)    [LNo:0003] 000229/007042
[I](2022-07-03  07:35:10 pm)작업중 M코드정지 [d:105][t:01:58:05]
[I](2022-07-03  07:35:32 pm)작업중 정지 [d:106][t:01:58:28]
[I](2022-07-03  07:35:32 pm)    [LNo:0003] 000232/007042
[I](2022-07-03  07:35:32 pm)작업중 M코드정지 [d:106][t:01:58:28]
[I](2022-07-03  07:35:56 pm)작업중 정지 [d:106][t:01:58:51]
[I](2022-07-03  07:35:56 pm)    [LNo:0003] 000238/007042
[I](2022-07-03  07:36:36 pm)작업중 정지 [d:106][t:01:59:32]
[I](2022-07-03  07:36:36 pm)    [LNo:0003] 000494/007042
[I](2022-07-03  08:02:54 pm)작업중 정지 [d:132][t:02:25:49]
[I](2022-07-03  08:02:54 pm)    [LNo:0003] 000517/007042
[I](2022-07-03  08:02:54 pm)작업중 M코드정지 [d:132][t:02:25:49]
[I](2022-07-03  08:08:41 pm)작업중 정지 [d:133][t:02:31:36]
[I](2022-07-03  08:08:41 pm)    [LNo:0003] 000520/007042
[I](2022-07-03  08:08:41 pm)작업중 M코드정지 [d:133][t:02:31:36]
[I](2022-07-03  08:09:04 pm)작업중 정지 [d:133][t:02:31:59]
[I](2022-07-03  08:09:04 pm)    [LNo:0003] 000527/007042
[I](2022-07-03  08:09:46 pm)작업중 정지 [d:133][t:02:32:42]
[I](2022-07-03  08:09:46 pm)    [LNo:0003] 000576/007042
[I](2022-07-03  08:34:27 pm)작업중 정지 [d:157][t:02:57:23]
[I](2022-07-03  08:34:27 pm)    [LNo:0003] 000599/007042
[I](2022-07-03  08:34:27 pm)작업중 M코드정지 [d:157][t:02:57:23]
[I](2022-07-03  08:37:47 pm)작업중 정지 [d:157][t:03:00:43]
[I](2022-07-03  08:37:47 pm)    [LNo:0003] 000602/007042
[I](2022-07-03  08:37:47 pm)작업중 M코드정지 [d:157][t:03:00:43]
[I](2022-07-03  08:38:11 pm)작업중 정지 [d:157][t:03:01:07]
[I](2022-07-03  08:38:11 pm)    [LNo:0003] 000608/007042
[I](2022-07-03  08:49:25 pm)Reset
[I](2022-07-03  08:50:34 pm)작업 시작 [Start d:157]
[I](2022-07-03  08:50:34 pm)Nc File: [No.0002-582.NC]
[I](2022-07-03  08:50:34 pm)  * Start Machine Position
[I](2022-07-03  08:50:34 pm)    X:    364.4412
[I](2022-07-03  08:50:34 pm)    Y:   -207.8294
[I](2022-07-03  08:50:34 pm)    U:      0.0000
[I](2022-07-03  08:50:34 pm)    V:      0.0000
[I](2022-07-03  08:50:34 pm)    Z:     30.4991
[I](2022-07-03  08:50:34 pm)  * Angle
[I](2022-07-03  08:50:34 pm)    Ar:     -0.1970,Kr:      0.0000
[I](2022-07-03  08:50:34 pm)    Taper_Ar:      0.0000
[I](2022-07-03  08:50:44 pm)작업중 정지 [d:0][t:00:00:10]
[I](2022-07-03  08:50:44 pm)    [LNo:0002] 000191/004099
[I](2022-07-03  08:50:48 pm)작업중 정지 [d:0][t:00:00:14]
[I](2022-07-03  08:50:48 pm)    [LNo:0002] 000194/004099
[I](2022-07-03  11:20:37 pm)작업중 정지 [d:142][t:02:30:02]
[I](2022-07-03  11:20:37 pm)    [LNo:0002] 000375/004099
[I](2022-07-03  11:20:37 pm)Wire Contact Auto Stop(M52)
