[I](2022-03-08  08:36:43 am)Ready On
[I](2022-03-08  08:50:00 am)Reset
[I](2022-03-08  08:50:27 am)Reset
[I](2022-03-08  08:50:27 am)Reset
[I](2022-03-08  08:50:27 am)Reset
[I](2022-03-08  08:50:33 am)Reset
[I](2022-03-08  08:50:33 am)Reset
[I](2022-03-08  08:50:33 am)Reset
[I](2022-03-08  08:52:05 am)Reset
[I](2022-03-08  08:52:06 am)Reset
[I](2022-03-08  08:57:28 am)Reset
[I](2022-03-08  08:59:01 am)Reset
[I](2022-03-08  09:02:04 am)Reset
[I](2022-03-08  09:04:39 am)Reset
[I](2022-03-08  09:05:34 am)Reset
[I](2022-03-08  09:05:54 am)작업 시작 [Start d:332]
[I](2022-03-08  09:05:54 am)Nc File: [No.0003-499.NC]
[I](2022-03-08  09:05:54 am)  * Start Machine Position
[I](2022-03-08  09:05:54 am)    X:     26.9095
[I](2022-03-08  09:05:54 am)    Y:   -378.0870
[I](2022-03-08  09:05:54 am)    U:      0.0000
[I](2022-03-08  09:05:54 am)    V:      0.0000
[I](2022-03-08  09:05:54 am)    Z:     42.9142
[I](2022-03-08  09:05:54 am)  * Angle
[I](2022-03-08  09:05:54 am)    Ar:      0.2969,Kr:      0.0000
[I](2022-03-08  09:05:54 am)    Taper_Ar:      0.0000
[I](2022-03-08  09:17:42 am)작업중 정지 [d:11][t:00:11:47]
[I](2022-03-08  09:17:42 am)    [LNo:0003] 000029/000064
[I](2022-03-08  09:17:43 am)작업중 M코드정지 [d:11][t:00:11:48]
[I](2022-03-08  09:18:57 am)작업중 정지 [d:11][t:00:13:03]
[I](2022-03-08  09:18:57 am)    [LNo:0003] 000038/000064
[I](2022-03-08  09:31:02 am)작업중 정지 [d:20][t:00:25:07]
[I](2022-03-08  09:31:02 am)    [LNo:0003] 000051/000064
[I](2022-03-08  09:31:02 am)작업중 M코드정지 [d:20][t:00:25:08]
[I](2022-03-08  09:31:25 am)작업중 정지 [d:20][t:00:25:30]
[I](2022-03-08  09:31:25 am)    [LNo:0003] 000052/000064
[I](2022-03-08  09:31:45 am)작업 재시작
[I](2022-03-08  09:31:51 am)작업중 정지 [d:20][t:00:25:56]
[I](2022-03-08  09:31:51 am)    [LNo:0003] 000054/000064
[I](2022-03-08  09:31:51 am)작업중 M코드정지 [d:20][t:00:25:57]
[A](2022-03-08  09:32:49 am)[084] Work Tank Fluid Sensor Abnormal
[A](2022-03-08  09:32:49 am)[084] Work Tank Fluid Sensor Abnormal
[A](2022-03-08  09:32:49 am)[084] Work Tank Fluid Sensor Abnormal
[I](2022-03-08  09:37:35 am)Reset
[I](2022-03-08  09:39:00 am)Reset
[I](2022-03-08  09:39:54 am)Reset
[I](2022-03-08  09:40:28 am)Reset
[I](2022-03-08  09:40:36 am)Reset
[I](2022-03-08  09:41:15 am)작업 시작 [Start d:352]
[I](2022-03-08  09:41:15 am)Nc File: [No.0009-366.NC]
[I](2022-03-08  09:41:15 am)  * Start Machine Position
[I](2022-03-08  09:41:15 am)    X:     46.8098
[I](2022-03-08  09:41:15 am)    Y:   -327.4346
[I](2022-03-08  09:41:15 am)    U:     -0.0800
[I](2022-03-08  09:41:15 am)    V:     -0.0497
[I](2022-03-08  09:41:15 am)    Z:    102.6567
[I](2022-03-08  09:41:15 am)  * Angle
[I](2022-03-08  09:41:15 am)    Ar:     -0.2056,Kr:      0.0000
[I](2022-03-08  09:41:15 am)    Taper_Ar:      0.0000
[I](2022-03-08  09:41:18 am)작업중 정지 [d:0][t:00:00:02]
[I](2022-03-08  09:41:18 am)    [LNo:0009] 000010/000076
[I](2022-03-08  09:41:18 am)작업중 M코드정지 [d:0][t:00:00:03]
[A](2022-03-08  09:42:03 am)[001] 와이어 미동작
[I](2022-03-08  10:06:58 am)작업중 정지 [d:25][t:00:25:42]
[I](2022-03-08  10:06:58 am)    [LNo:0009] 000027/000076
[I](2022-03-08  10:06:58 am)작업중 30sec 접촉 정지 [d:25][t:00:25:42]
[I](2022-03-08  10:08:41 am)작업 재시작
[I](2022-03-08  10:08:57 am)작업중 정지 [d:25][t:00:27:41]
[I](2022-03-08  10:08:57 am)    [LNo:0009] 000028/000076
[I](2022-03-08  10:08:57 am)작업중 M코드정지 [d:25][t:00:27:41]
[I](2022-03-08  10:09:20 am)작업중 정지 [d:25][t:00:28:04]
[I](2022-03-08  10:09:20 am)    [LNo:0009] 000030/000076
[I](2022-03-08  10:09:20 am)작업중 M코드정지 [d:25][t:00:28:04]
[I](2022-03-08  10:17:54 am)작업중 정지 [d:33][t:00:36:38]
[I](2022-03-08  10:17:54 am)    [LNo:0009] 000069/000076
[I](2022-03-08  10:17:54 am)작업중 M코드정지 [d:33][t:00:36:38]
[I](2022-03-08  10:28:37 am)Reset
[I](2022-03-08  10:29:31 am)Reset
[I](2022-03-08  10:30:33 am)Reset
[I](2022-03-08  10:31:09 am)Reset
[I](2022-03-08  10:31:27 am)Reset
[I](2022-03-08  10:31:34 am)Reset
[I](2022-03-08  10:32:40 am)작업 시작 [Start d:385]
[I](2022-03-08  10:32:40 am)Nc File: [No.0006-510.NC *]
[I](2022-03-08  10:32:40 am)  * Start Machine Position
[I](2022-03-08  10:32:40 am)    X:    144.7960
[I](2022-03-08  10:32:40 am)    Y:   -372.4065
[I](2022-03-08  10:32:40 am)    U:      0.0010
[I](2022-03-08  10:32:40 am)    V:     -0.0399
[I](2022-03-08  10:32:40 am)    Z:     37.9792
[I](2022-03-08  10:32:40 am)  * Angle
[I](2022-03-08  10:32:40 am)    Ar:      1.4572,Kr:      0.0000
[I](2022-03-08  10:32:40 am)    Taper_Ar:      0.0000
[I](2022-03-08  10:32:43 am)작업중 정지 [d:0][t:00:00:03]
[I](2022-03-08  10:32:43 am)    [LNo:0006] 000010/000686
[I](2022-03-08  10:32:43 am)작업중 M코드정지 [d:0][t:00:00:03]
[I](2022-03-08  10:36:46 am)작업중 정지 [d:4][t:00:04:05]
[I](2022-03-08  10:36:46 am)    [LNo:0006] 000032/000686
[I](2022-03-08  10:36:46 am)작업중 M코드정지 [d:4][t:00:04:05]
[A](2022-03-08  10:37:16 am)[001] 와이어 미동작
[I](2022-03-08  10:37:24 am)작업중 정지 [d:4][t:00:04:43]
[I](2022-03-08  10:37:24 am)    [LNo:0006] 000034/000686
[I](2022-03-08  10:37:24 am)작업중 M코드정지 [d:4][t:00:04:43]
[I](2022-03-08  10:41:41 am)작업중 정지 [d:9][t:00:09:00]
[I](2022-03-08  10:41:41 am)    [LNo:0006] 000102/000686
[I](2022-03-08  10:41:41 am)작업중 M코드정지 [d:9][t:00:09:00]
[A](2022-03-08  10:41:59 am)[084] Work Tank Fluid Sensor Abnormal
[A](2022-03-08  10:42:00 am)[084] Work Tank Fluid Sensor Abnormal
[A](2022-03-08  10:42:00 am)[084] Work Tank Fluid Sensor Abnormal
[A](2022-03-08  10:42:00 am)[084] Work Tank Fluid Sensor Abnormal
[A](2022-03-08  10:42:00 am)[084] Work Tank Fluid Sensor Abnormal
[A](2022-03-08  10:42:01 am)[084] Work Tank Fluid Sensor Abnormal
[A](2022-03-08  10:42:01 am)[084] Work Tank Fluid Sensor Abnormal
[A](2022-03-08  10:42:01 am)[084] Work Tank Fluid Sensor Abnormal
[A](2022-03-08  10:42:01 am)[084] Work Tank Fluid Sensor Abnormal
[A](2022-03-08  10:42:01 am)[084] Work Tank Fluid Sensor Abnormal
[A](2022-03-08  10:42:02 am)[084] Work Tank Fluid Sensor Abnormal
[A](2022-03-08  10:42:02 am)[084] Work Tank Fluid Sensor Abnormal
[A](2022-03-08  10:42:02 am)[084] Work Tank Fluid Sensor Abnormal
[A](2022-03-08  10:42:02 am)[084] Work Tank Fluid Sensor Abnormal
[A](2022-03-08  10:42:03 am)[084] Work Tank Fluid Sensor Abnormal
[A](2022-03-08  10:42:03 am)[084] Work Tank Fluid Sensor Abnormal
[A](2022-03-08  10:42:03 am)[084] Work Tank Fluid Sensor Abnormal
[A](2022-03-08  10:42:03 am)[084] Work Tank Fluid Sensor Abnormal
[A](2022-03-08  10:42:03 am)[084] Work Tank Fluid Sensor Abnormal
[A](2022-03-08  10:42:03 am)[084] Work Tank Fluid Sensor Abnormal
[A](2022-03-08  10:42:04 am)[084] Work Tank Fluid Sensor Abnormal
[A](2022-03-08  10:42:04 am)[084] Work Tank Fluid Sensor Abnormal
[A](2022-03-08  10:42:04 am)[084] Work Tank Fluid Sensor Abnormal
[A](2022-03-08  10:42:08 am)[084] Work Tank Fluid Sensor Abnormal
[A](2022-03-08  10:42:08 am)[084] Work Tank Fluid Sensor Abnormal
[A](2022-03-08  10:42:08 am)[084] Work Tank Fluid Sensor Abnormal
[A](2022-03-08  10:42:08 am)[084] Work Tank Fluid Sensor Abnormal
[A](2022-03-08  10:42:08 am)[084] Work Tank Fluid Sensor Abnormal
[A](2022-03-08  10:42:09 am)[084] Work Tank Fluid Sensor Abnormal
[I](2022-03-08  10:42:56 am)Reset
[I](2022-03-08  10:43:23 am)Reset
[I](2022-03-08  10:44:43 am)Reset
[I](2022-03-08  10:44:52 am)Reset
[I](2022-03-08  10:45:12 am)Reset
[I](2022-03-08  10:45:23 am)Reset
[I](2022-03-08  10:45:58 am)Reset
[I](2022-03-08  10:46:16 am)작업 시작 [Start d:394]
[I](2022-03-08  10:46:16 am)Nc File: [No.0006-510.NC *]
[I](2022-03-08  10:46:16 am)  * Start Machine Position
[I](2022-03-08  10:46:16 am)    X:    148.2254
[I](2022-03-08  10:46:16 am)    Y:   -365.7753
[I](2022-03-08  10:46:16 am)    U:     -0.0175
[I](2022-03-08  10:46:16 am)    V:     -0.1400
[I](2022-03-08  10:46:16 am)    Z:     37.9792
[I](2022-03-08  10:46:16 am)  * Angle
[I](2022-03-08  10:46:16 am)    Ar:      0.8063,Kr:      0.0000
[I](2022-03-08  10:46:16 am)    Taper_Ar:      0.0000
[I](2022-03-08  10:46:23 am)작업중 정지 [d:0][t:00:00:07]
[I](2022-03-08  10:46:23 am)    [LNo:0006] 000122/000686
[I](2022-03-08  10:46:23 am)작업중 M코드정지 [d:0][t:00:00:07]
[I](2022-03-08  10:46:25 am)작업중 정지 [d:0][t:00:00:08]
[I](2022-03-08  10:46:25 am)    [LNo:0006] 000125/000686
[I](2022-03-08  10:46:25 am)작업중 M코드정지 [d:0][t:00:00:08]
[I](2022-03-08  10:46:26 am)작업중 정지 [d:0][t:00:00:09]
[I](2022-03-08  10:46:26 am)    [LNo:0006] 000128/000686
[I](2022-03-08  10:46:26 am)작업중 M코드정지 [d:0][t:00:00:09]
[I](2022-03-08  10:51:35 am)작업중 정지 [d:4][t:00:05:18]
[I](2022-03-08  10:51:35 am)    [LNo:0006] 000149/000686
[I](2022-03-08  10:51:35 am)작업중 M코드정지 [d:4][t:00:05:18]
[I](2022-03-08  10:54:22 am)작업중 정지 [d:4][t:00:08:05]
[I](2022-03-08  10:54:22 am)    [LNo:0006] 000151/000686
[I](2022-03-08  10:54:22 am)작업중 M코드정지 [d:4][t:00:08:05]
[I](2022-03-08  11:00:10 am)작업중 정지 [d:9][t:00:13:53]
[I](2022-03-08  11:00:10 am)    [LNo:0006] 000208/000686
[I](2022-03-08  11:00:10 am)작업중 M코드정지 [d:9][t:00:13:54]
[I](2022-03-08  11:01:34 am)Reset
[I](2022-03-08  11:01:41 am)Reset
[I](2022-03-08  11:01:53 am)Reset
[I](2022-03-08  11:07:40 am)Reset
[I](2022-03-08  11:08:04 am)Reset
[I](2022-03-08  11:08:04 am)Reset
[I](2022-03-08  11:08:25 am)Reset
[I](2022-03-08  11:08:56 am)Reset
[I](2022-03-08  11:09:16 am)Reset
[I](2022-03-08  11:09:30 am)Reset
[I](2022-03-08  11:09:30 am)Reset
[I](2022-03-08  11:10:16 am)작업 시작 [Start d:403]
[I](2022-03-08  11:10:16 am)Nc File: [No.0006-510.NC *]
[I](2022-03-08  11:10:16 am)  * Start Machine Position
[I](2022-03-08  11:10:16 am)    X:    151.1818
[I](2022-03-08  11:10:16 am)    Y:   -366.9882
[I](2022-03-08  11:10:16 am)    U:     -0.1305
[I](2022-03-08  11:10:16 am)    V:     -0.1695
[I](2022-03-08  11:10:16 am)    Z:     37.9792
[I](2022-03-08  11:10:16 am)  * Angle
[I](2022-03-08  11:10:16 am)    Ar:     -0.1783,Kr:      0.0000
[I](2022-03-08  11:10:16 am)    Taper_Ar:      0.0000
[I](2022-03-08  11:10:23 am)작업중 정지 [d:0][t:00:00:07]
[I](2022-03-08  11:10:23 am)    [LNo:0006] 000227/000686
[I](2022-03-08  11:10:23 am)작업중 M코드정지 [d:0][t:00:00:07]
[I](2022-03-08  11:10:25 am)작업중 정지 [d:0][t:00:00:09]
[I](2022-03-08  11:10:25 am)    [LNo:0006] 000230/000686
[I](2022-03-08  11:10:25 am)작업중 M코드정지 [d:0][t:00:00:09]
[I](2022-03-08  11:10:26 am)작업중 정지 [d:0][t:00:00:10]
[I](2022-03-08  11:10:26 am)    [LNo:0006] 000232/000686
[I](2022-03-08  11:10:26 am)작업중 M코드정지 [d:0][t:00:00:10]
[I](2022-03-08  11:10:44 am)작업중 정지 [d:0][t:00:00:27]
[I](2022-03-08  11:10:44 am)    [LNo:0006] 000242/000686
[I](2022-03-08  11:14:55 am)작업중 정지 [d:4][t:00:04:39]
[I](2022-03-08  11:14:55 am)    [LNo:0006] 000255/000686
[I](2022-03-08  11:15:35 am)작업 재시작
[I](2022-03-08  11:17:15 am)작업중 정지 [d:6][t:00:06:59]
[I](2022-03-08  11:17:15 am)    [LNo:0006] 000258/000686
[I](2022-03-08  11:17:15 am)작업중 M코드정지 [d:6][t:00:06:59]
[I](2022-03-08  11:17:32 am)작업중 정지 [d:6][t:00:07:16]
[I](2022-03-08  11:17:32 am)    [LNo:0006] 000260/000686
[I](2022-03-08  11:17:32 am)작업중 M코드정지 [d:6][t:00:07:16]
[I](2022-03-08  11:26:03 am)작업중 정지 [d:12][t:00:15:47]
[I](2022-03-08  11:26:03 am)    [LNo:0006] 000329/000686
[I](2022-03-08  11:26:03 am)작업중 M코드정지 [d:12][t:00:15:47]
[I](2022-03-08  11:28:41 am)Reset
[I](2022-03-08  11:29:55 am)Reset
[I](2022-03-08  11:31:28 am)Reset
[I](2022-03-08  11:31:36 am)Reset
[I](2022-03-08  11:31:58 am)Reset
[I](2022-03-08  11:32:07 am)Reset
[I](2022-03-08  11:32:27 am)작업 시작 [Start d:415]
[I](2022-03-08  11:32:27 am)Nc File: [No.0006-510.NC *]
[I](2022-03-08  11:32:27 am)  * Start Machine Position
[I](2022-03-08  11:32:27 am)    X:    133.8396
[I](2022-03-08  11:32:27 am)    Y:   -364.2221
[I](2022-03-08  11:32:27 am)    U:     -0.0905
[I](2022-03-08  11:32:27 am)    V:     -0.2193
[I](2022-03-08  11:32:27 am)    Z:     37.9792
[I](2022-03-08  11:32:27 am)  * Angle
[I](2022-03-08  11:32:27 am)    Ar:      0.1613,Kr:      0.0000
[I](2022-03-08  11:32:27 am)    Taper_Ar:      0.0000
[I](2022-03-08  11:32:34 am)작업중 정지 [d:0][t:00:00:07]
[I](2022-03-08  11:32:34 am)    [LNo:0006] 000348/000686
[I](2022-03-08  11:32:34 am)작업중 M코드정지 [d:0][t:00:00:07]
[I](2022-03-08  11:32:36 am)작업중 정지 [d:0][t:00:00:09]
[I](2022-03-08  11:32:36 am)    [LNo:0006] 000351/000686
[I](2022-03-08  11:32:36 am)작업중 M코드정지 [d:0][t:00:00:09]
[I](2022-03-08  11:32:37 am)작업중 정지 [d:0][t:00:00:10]
[I](2022-03-08  11:32:37 am)    [LNo:0006] 000354/000686
[I](2022-03-08  11:32:37 am)작업중 M코드정지 [d:0][t:00:00:10]
[I](2022-03-08  11:32:45 am)작업중 정지 [d:0][t:00:00:17]
[I](2022-03-08  11:32:45 am)    [LNo:0006] 000370/000686
[I](2022-03-08  11:33:00 am)작업 재시작
[I](2022-03-08  11:39:10 am)작업중 정지 [d:6][t:00:06:42]
[I](2022-03-08  11:39:10 am)    [LNo:0006] 000378/000686
[I](2022-03-08  11:39:10 am)작업중 M코드정지 [d:6][t:00:06:42]
[I](2022-03-08  11:39:35 am)작업중 정지 [d:6][t:00:07:08]
[I](2022-03-08  11:39:35 am)    [LNo:0006] 000380/000686
[I](2022-03-08  11:39:35 am)작업중 M코드정지 [d:6][t:00:07:08]
[I](2022-03-08  11:43:12 am)작업중 정지 [d:9][t:00:10:44]
[I](2022-03-08  11:43:12 am)    [LNo:0006] 000446/000686
[I](2022-03-08  11:43:12 am)작업중 M코드정지 [d:9][t:00:10:44]
[A](2022-03-08  11:43:36 am)[084] Work Tank Fluid Sensor Abnormal
[A](2022-03-08  11:43:40 am)[084] Work Tank Fluid Sensor Abnormal
[I](2022-03-08  11:44:19 am)Reset
[I](2022-03-08  11:45:01 am)Reset
[I](2022-03-08  11:46:48 am)Reset
[I](2022-03-08  11:47:12 am)Reset
[I](2022-03-08  11:47:21 am)Reset
[I](2022-03-08  11:47:43 am)작업 시작 [Start d:424]
[I](2022-03-08  11:47:43 am)Nc File: [No.0006-510.NC *]
[I](2022-03-08  11:47:43 am)  * Start Machine Position
[I](2022-03-08  11:47:43 am)    X:    154.3498
[I](2022-03-08  11:47:43 am)    Y:   -363.1531
[I](2022-03-08  11:47:43 am)    U:      0.0037
[I](2022-03-08  11:47:43 am)    V:     -0.2199
[I](2022-03-08  11:47:43 am)    Z:     37.9792
[I](2022-03-08  11:47:43 am)  * Angle
[I](2022-03-08  11:47:43 am)    Ar:      0.9769,Kr:      0.0000
[I](2022-03-08  11:47:43 am)    Taper_Ar:      0.0000
[I](2022-03-08  11:47:50 am)작업중 정지 [d:0][t:00:00:07]
[I](2022-03-08  11:47:50 am)    [LNo:0006] 000465/000686
[I](2022-03-08  11:47:50 am)작업중 M코드정지 [d:0][t:00:00:07]
[I](2022-03-08  11:47:52 am)작업중 정지 [d:0][t:00:00:08]
[I](2022-03-08  11:47:52 am)    [LNo:0006] 000468/000686
[I](2022-03-08  11:47:52 am)작업중 M코드정지 [d:0][t:00:00:08]
[I](2022-03-08  11:47:53 am)작업중 정지 [d:0][t:00:00:09]
[I](2022-03-08  11:47:53 am)    [LNo:0006] 000470/000686
[I](2022-03-08  11:47:53 am)작업중 M코드정지 [d:0][t:00:00:09]
[I](2022-03-08  11:52:30 am)작업중 정지 [d:4][t:00:04:47]
[I](2022-03-08  11:52:30 am)    [LNo:0006] 000493/000686
[I](2022-03-08  11:52:30 am)작업중 M코드정지 [d:4][t:00:04:47]
[I](2022-03-08  11:52:39 am)작업중 정지 [d:5][t:00:04:56]
[I](2022-03-08  11:52:39 am)    [LNo:0006] 000495/000686
[I](2022-03-08  11:52:39 am)작업중 M코드정지 [d:5][t:00:04:56]
[I](2022-03-08  12:02:12 pm)Reset
[I](2022-03-08  12:03:23 pm)Reset
[I](2022-03-08  12:03:56 pm)Reset
[I](2022-03-08  12:04:06 pm)Reset
[I](2022-03-08  12:04:21 pm)Reset
[I](2022-03-08  12:04:36 pm)작업 시작 [Start d:429]
[I](2022-03-08  12:04:36 pm)Nc File: [No.0006-510.NC *]
[I](2022-03-08  12:04:36 pm)  * Start Machine Position
[I](2022-03-08  12:04:36 pm)    X:     96.7320
[I](2022-03-08  12:04:36 pm)    Y:   -378.3056
[I](2022-03-08  12:04:36 pm)    U:      0.1335
[I](2022-03-08  12:04:36 pm)    V:     -0.1894
[I](2022-03-08  12:04:36 pm)    Z:     37.9792
[I](2022-03-08  12:04:36 pm)  * Angle
[I](2022-03-08  12:04:36 pm)    Ar:      0.2982,Kr:      0.0000
[I](2022-03-08  12:04:36 pm)    Taper_Ar:      0.0000
[I](2022-03-08  12:04:38 pm)작업중 정지 [d:0][t:00:00:01]
[I](2022-03-08  12:04:38 pm)    [LNo:0006] 000452/000686
[I](2022-03-08  12:04:53 pm)작업중 정지 [d:0][t:00:00:17]
[I](2022-03-08  12:04:53 pm)    [LNo:0006] 000465/000686
[I](2022-03-08  12:04:53 pm)작업중 M코드정지 [d:0][t:00:00:17]
[I](2022-03-08  12:05:03 pm)작업중 정지 [d:0][t:00:00:26]
[I](2022-03-08  12:05:03 pm)    [LNo:0006] 000468/000686
[I](2022-03-08  12:05:03 pm)작업중 M코드정지 [d:0][t:00:00:26]
[I](2022-03-08  12:05:04 pm)작업중 정지 [d:0][t:00:00:28]
[I](2022-03-08  12:05:04 pm)    [LNo:0006] 000471/000686
[I](2022-03-08  12:05:04 pm)작업중 M코드정지 [d:0][t:00:00:28]
[I](2022-03-08  12:05:07 pm)작업중 정지 [d:0][t:00:00:30]
[I](2022-03-08  12:05:07 pm)    [LNo:0006] 000477/000686
[I](2022-03-08  12:05:51 pm)작업중 정지 [d:1][t:00:01:14]
[I](2022-03-08  12:05:51 pm)    [LNo:0006] 000493/000686
[I](2022-03-08  12:05:51 pm)작업중 M코드정지 [d:1][t:00:01:14]
[I](2022-03-08  12:05:57 pm)작업중 정지 [d:1][t:00:01:20]
[I](2022-03-08  12:05:57 pm)    [LNo:0006] 000495/000686
[I](2022-03-08  12:05:57 pm)작업중 M코드정지 [d:1][t:00:01:20]
[I](2022-03-08  12:10:46 pm)작업중 정지 [d:6][t:00:06:09]
[I](2022-03-08  12:10:46 pm)    [LNo:0006] 000554/000686
[I](2022-03-08  12:10:46 pm)작업중 M코드정지 [d:6][t:00:06:09]
[I](2022-03-08  01:01:35 pm)Reset
[I](2022-03-08  01:02:42 pm)Reset
[I](2022-03-08  01:02:44 pm)Reset
[I](2022-03-08  01:03:53 pm)Reset
[I](2022-03-08  01:04:02 pm)Reset
[I](2022-03-08  01:04:02 pm)Reset
[A](2022-03-08  01:04:05 pm)[001] 와이어 미동작
[I](2022-03-08  01:04:24 pm)Reset
[I](2022-03-08  01:04:32 pm)Reset
[I](2022-03-08  01:05:03 pm)작업 시작 [Start d:435]
[I](2022-03-08  01:05:03 pm)Nc File: [No.0006-510.NC *]
[I](2022-03-08  01:05:03 pm)  * Start Machine Position
[I](2022-03-08  01:05:03 pm)    X:    157.1197
[I](2022-03-08  01:05:03 pm)    Y:   -362.6659
[I](2022-03-08  01:05:03 pm)    U:      0.1029
[I](2022-03-08  01:05:03 pm)    V:     -0.2691
[I](2022-03-08  01:05:03 pm)    Z:     37.9792
[I](2022-03-08  01:05:03 pm)  * Angle
[I](2022-03-08  01:05:03 pm)    Ar:     -0.5352,Kr:      0.0000
[I](2022-03-08  01:05:03 pm)    Taper_Ar:      0.0000
[I](2022-03-08  01:05:08 pm)작업중 정지 [d:0][t:00:00:04]
[I](2022-03-08  01:05:08 pm)    [LNo:0006] 000574/000686
[I](2022-03-08  01:05:08 pm)작업중 M코드정지 [d:0][t:00:00:05]
[I](2022-03-08  01:05:10 pm)작업중 정지 [d:0][t:00:00:07]
[I](2022-03-08  01:05:10 pm)    [LNo:0006] 000577/000686
[I](2022-03-08  01:05:10 pm)작업중 M코드정지 [d:0][t:00:00:07]
[I](2022-03-08  01:05:10 pm)작업중 정지 [d:0][t:00:00:07]
[I](2022-03-08  01:05:10 pm)    [LNo:0006] 000579/000686
[I](2022-03-08  01:05:10 pm)작업중 M코드정지 [d:0][t:00:00:07]
[I](2022-03-08  01:05:18 pm)작업중 정지 [d:0][t:00:00:15]
[I](2022-03-08  01:05:18 pm)    [LNo:0006] 000589/000686
[I](2022-03-08  01:11:38 pm)작업중 정지 [d:6][t:00:06:35]
[I](2022-03-08  01:11:38 pm)    [LNo:0006] 000606/000686
[I](2022-03-08  01:11:38 pm)작업중 M코드정지 [d:6][t:00:06:35]
[I](2022-03-08  01:11:50 pm)작업중 정지 [d:6][t:00:06:47]
[I](2022-03-08  01:11:50 pm)    [LNo:0006] 000608/000686
[I](2022-03-08  01:11:50 pm)작업중 M코드정지 [d:6][t:00:06:47]
[I](2022-03-08  01:17:24 pm)작업중 정지 [d:11][t:00:12:21]
[I](2022-03-08  01:17:24 pm)    [LNo:0006] 000679/000686
[I](2022-03-08  01:17:24 pm)작업중 M코드정지 [d:11][t:00:12:21]
[I](2022-03-08  01:25:04 pm)Reset
[I](2022-03-08  01:26:14 pm)Reset
[I](2022-03-08  01:26:21 pm)Reset
[I](2022-03-08  01:27:20 pm)Reset
[I](2022-03-08  01:27:24 pm)Reset
[I](2022-03-08  01:28:33 pm)Reset
[I](2022-03-08  01:28:37 pm)Reset
[I](2022-03-08  01:28:48 pm)Reset
[I](2022-03-08  01:29:15 pm)Reset
[I](2022-03-08  01:29:23 pm)Reset
[I](2022-03-08  01:30:27 pm)작업 시작 [Start d:446]
[I](2022-03-08  01:30:27 pm)Nc File: [No.0011-403.NC]
[I](2022-03-08  01:30:27 pm)  * Start Machine Position
[I](2022-03-08  01:30:27 pm)    X:    131.1660
[I](2022-03-08  01:30:27 pm)    Y:   -373.4250
[I](2022-03-08  01:30:27 pm)    U:     -0.0302
[I](2022-03-08  01:30:27 pm)    V:      0.0498
[I](2022-03-08  01:30:27 pm)    Z:     37.3732
[I](2022-03-08  01:30:27 pm)  * Angle
[I](2022-03-08  01:30:27 pm)    Ar:      0.3777,Kr:      0.0000
[I](2022-03-08  01:30:27 pm)    Taper_Ar:      0.0000
[I](2022-03-08  01:32:40 pm)작업중 정지 [d:2][t:00:02:12]
[I](2022-03-08  01:32:40 pm)    [LNo:0011] 000025/000129
[A](2022-03-08  01:32:40 pm)[008] 작업중 단선(AWF Feed Motor Stop )
[I](2022-03-08  01:32:40 pm)작업중 Wire 단선 [d:2][t:00:02:12]
[I](2022-03-08  01:33:49 pm)작업 재시작
[I](2022-03-08  01:37:46 pm)작업중 정지 [d:6][t:00:07:18]
[I](2022-03-08  01:37:46 pm)    [LNo:0011] 000028/000129
[I](2022-03-08  01:37:46 pm)작업중 M코드정지 [d:6][t:00:07:18]
[I](2022-03-08  01:38:27 pm)작업중 정지 [d:6][t:00:07:59]
[I](2022-03-08  01:38:27 pm)    [LNo:0011] 000030/000129
[A](2022-03-08  01:38:43 pm)[001] 와이어 미동작
[I](2022-03-08  01:38:44 pm)작업 재시작
[I](2022-03-08  01:38:53 pm)작업중 정지 [d:6][t:00:08:25]
[I](2022-03-08  01:38:53 pm)    [LNo:0011] 000032/000129
[I](2022-03-08  01:38:53 pm)작업중 M코드정지 [d:6][t:00:08:25]
[I](2022-03-08  01:39:53 pm)작업중 정지 [d:7][t:00:09:25]
[I](2022-03-08  01:39:53 pm)    [LNo:0011] 000052/000129
[I](2022-03-08  01:39:53 pm)작업중 M코드정지 [d:7][t:00:09:25]
[A](2022-03-08  01:40:24 pm)[037] 자동결선 잔여 WIRE 처리 실패!!
[A](2022-03-08  01:40:48 pm)[084] Work Tank Fluid Sensor Abnormal
[A](2022-03-08  01:40:48 pm)[084] Work Tank Fluid Sensor Abnormal
[A](2022-03-08  01:40:48 pm)[084] Work Tank Fluid Sensor Abnormal
[A](2022-03-08  01:40:48 pm)[084] Work Tank Fluid Sensor Abnormal
[A](2022-03-08  01:40:48 pm)[084] Work Tank Fluid Sensor Abnormal
[A](2022-03-08  01:40:49 pm)[084] Work Tank Fluid Sensor Abnormal
[A](2022-03-08  01:40:49 pm)[084] Work Tank Fluid Sensor Abnormal
[A](2022-03-08  01:40:49 pm)[084] Work Tank Fluid Sensor Abnormal
[A](2022-03-08  01:40:49 pm)[084] Work Tank Fluid Sensor Abnormal
[A](2022-03-08  01:40:49 pm)[084] Work Tank Fluid Sensor Abnormal
[A](2022-03-08  01:40:49 pm)[084] Work Tank Fluid Sensor Abnormal
[A](2022-03-08  01:40:50 pm)[084] Work Tank Fluid Sensor Abnormal
[A](2022-03-08  01:40:51 pm)[084] Work Tank Fluid Sensor Abnormal
[A](2022-03-08  01:40:51 pm)[084] Work Tank Fluid Sensor Abnormal
[I](2022-03-08  01:42:29 pm)Reset
[I](2022-03-08  01:42:37 pm)Reset
[I](2022-03-08  01:44:16 pm)Reset
[I](2022-03-08  01:44:25 pm)Reset
[I](2022-03-08  01:44:40 pm)Reset
[I](2022-03-08  01:45:01 pm)Reset
[I](2022-03-08  01:45:32 pm)Reset
[I](2022-03-08  01:46:09 pm)Reset
[I](2022-03-08  01:46:18 pm)Reset
[I](2022-03-08  01:46:52 pm)작업 시작 [Start d:453]
[I](2022-03-08  01:46:52 pm)Nc File: [No.0011-403.NC]
[I](2022-03-08  01:46:52 pm)  * Start Machine Position
[I](2022-03-08  01:46:52 pm)    X:    164.0791
[I](2022-03-08  01:46:52 pm)    Y:   -373.3427
[I](2022-03-08  01:46:52 pm)    U:     -0.0215
[I](2022-03-08  01:46:52 pm)    V:      0.1398
[I](2022-03-08  01:46:52 pm)    Z:     37.3732
[I](2022-03-08  01:46:52 pm)  * Angle
[I](2022-03-08  01:46:52 pm)    Ar:      0.8072,Kr:      0.0000
[I](2022-03-08  01:46:52 pm)    Taper_Ar:      0.0000
[I](2022-03-08  01:53:42 pm)작업중 정지 [d:6][t:00:06:49]
[I](2022-03-08  01:53:42 pm)    [LNo:0011] 000098/000129
[I](2022-03-08  01:53:42 pm)작업중 M코드정지 [d:6][t:00:06:49]
[I](2022-03-08  01:54:10 pm)작업중 정지 [d:6][t:00:07:17]
[I](2022-03-08  01:54:10 pm)    [LNo:0011] 000102/000129
[I](2022-03-08  01:54:10 pm)작업중 M코드정지 [d:6][t:00:07:17]
[I](2022-03-08  01:56:00 pm)작업중 정지 [d:6][t:00:09:08]
[I](2022-03-08  01:56:00 pm)    [LNo:0011] 000125/000129
[I](2022-03-08  01:56:00 pm)작업중 M코드정지 [d:6][t:00:09:08]
[A](2022-03-08  01:59:08 pm)[037] 자동결선 잔여 WIRE 처리 실패!!
[I](2022-03-08  02:00:14 pm)Reset
[I](2022-03-08  02:00:23 pm)작업 시작 [Start d:459]
[I](2022-03-08  02:00:23 pm)Nc File: [No.0011-403.NC]
[I](2022-03-08  02:00:23 pm)  * Start Machine Position
[I](2022-03-08  02:00:23 pm)    X:    158.4972
[I](2022-03-08  02:00:23 pm)    Y:   -388.8598
[I](2022-03-08  02:00:23 pm)    U:     -0.0215
[I](2022-03-08  02:00:23 pm)    V:      0.1398
[I](2022-03-08  02:00:23 pm)    Z:     37.3732
[I](2022-03-08  02:00:23 pm)  * Angle
[I](2022-03-08  02:00:23 pm)    Ar:      0.8072,Kr:      0.0000
[I](2022-03-08  02:00:23 pm)    Taper_Ar:      0.0000
[I](2022-03-08  02:01:14 pm)작업중 정지 [d:1][t:00:00:50]
[I](2022-03-08  02:01:14 pm)    [LNo:0011] 000125/000129
[I](2022-03-08  02:01:14 pm)작업중 M코드정지 [d:1][t:00:00:50]
[A](2022-03-08  02:01:19 pm)[091] Auto Door Sensor Abnormal
[A](2022-03-08  02:01:25 pm)[091] Auto Door Sensor Abnormal
[A](2022-03-08  02:01:54 pm)[084] Work Tank Fluid Sensor Abnormal
[A](2022-03-08  02:01:54 pm)[084] Work Tank Fluid Sensor Abnormal
[A](2022-03-08  02:01:54 pm)[084] Work Tank Fluid Sensor Abnormal
[A](2022-03-08  02:01:55 pm)[091] Auto Door Sensor Abnormal
[A](2022-03-08  02:01:56 pm)[084] Work Tank Fluid Sensor Abnormal
[I](2022-03-08  02:02:52 pm)Reset
[I](2022-03-08  02:04:03 pm)Reset
[I](2022-03-08  02:06:58 pm)Reset
[I](2022-03-08  02:06:58 pm)Reset
[I](2022-03-08  02:07:03 pm)Reset
[I](2022-03-08  02:08:34 pm)Reset
[I](2022-03-08  02:09:25 pm)Reset
[I](2022-03-08  02:09:51 pm)Reset
[I](2022-03-08  02:10:00 pm)Reset
[A](2022-03-08  02:10:22 pm)[036] 자동결선 절단 공정 실패!!
[I](2022-03-08  02:10:52 pm)작업 시작 [Start d:460]
[I](2022-03-08  02:10:52 pm)Nc File: [No.0008-429.NC]
[I](2022-03-08  02:10:52 pm)  * Start Machine Position
[I](2022-03-08  02:10:52 pm)    X:    235.0881
[I](2022-03-08  02:10:52 pm)    Y:   -391.6646
[I](2022-03-08  02:10:52 pm)    U:      0.0646
[I](2022-03-08  02:10:52 pm)    V:      0.2423
[I](2022-03-08  02:10:52 pm)    Z:     51.4327
[I](2022-03-08  02:10:52 pm)  * Angle
[I](2022-03-08  02:10:52 pm)    Ar:    -10.3824,Kr:      0.0000
[I](2022-03-08  02:10:52 pm)    Taper_Ar:      0.0000
[I](2022-03-08  02:11:04 pm)작업중 정지 [d:0][t:00:00:12]
[I](2022-03-08  02:11:04 pm)    [LNo:0008] 000010/000218
[I](2022-03-08  02:11:04 pm)작업중 M코드정지 [d:0][t:00:00:12]
[I](2022-03-08  02:32:52 pm)작업중 정지 [d:22][t:00:22:00]
[I](2022-03-08  02:32:52 pm)    [LNo:0008] 000033/000218
[I](2022-03-08  02:32:52 pm)작업중 M코드정지 [d:22][t:00:22:00]
[I](2022-03-08  02:33:31 pm)작업중 정지 [d:22][t:00:22:39]
[I](2022-03-08  02:33:31 pm)    [LNo:0008] 000036/000218
[I](2022-03-08  02:33:31 pm)작업중 M코드정지 [d:22][t:00:22:39]
[I](2022-03-08  02:37:53 pm)작업중 정지 [d:25][t:00:27:01]
[I](2022-03-08  02:37:53 pm)    [LNo:0008] 000078/000218
[I](2022-03-08  02:37:53 pm)작업중 30sec 접촉 정지 [d:25][t:00:27:01]
[A](2022-03-08  02:38:17 pm)[001] 와이어 미동작
[I](2022-03-08  02:38:36 pm)작업 재시작
[I](2022-03-08  02:46:12 pm)작업중 정지 [d:32][t:00:35:20]
[I](2022-03-08  02:46:12 pm)    [LNo:0008] 000085/000218
[I](2022-03-08  02:46:12 pm)작업중 M코드정지 [d:32][t:00:35:20]
[I](2022-03-08  02:46:53 pm)작업중 정지 [d:32][t:00:36:01]
[I](2022-03-08  02:46:53 pm)    [LNo:0008] 000087/000218
[I](2022-03-08  02:47:13 pm)작업 재시작
[I](2022-03-08  02:47:18 pm)작업중 정지 [d:32][t:00:36:26]
[I](2022-03-08  02:47:18 pm)    [LNo:0008] 000089/000218
[I](2022-03-08  02:47:18 pm)작업중 M코드정지 [d:32][t:00:36:26]
[I](2022-03-08  02:57:05 pm)작업중 정지 [d:41][t:00:46:13]
[I](2022-03-08  02:57:05 pm)    [LNo:0008] 000129/000218
[I](2022-03-08  02:57:05 pm)작업중 M코드정지 [d:41][t:00:46:13]
[I](2022-03-08  02:57:22 pm)작업중 정지 [d:41][t:00:46:30]
[I](2022-03-08  02:57:22 pm)    [LNo:0008] 000131/000218
[I](2022-03-08  02:58:00 pm)작업 재시작
[I](2022-03-08  02:58:03 pm)작업중 정지 [d:41][t:00:47:11]
[I](2022-03-08  02:58:03 pm)    [LNo:0008] 000133/000218
[I](2022-03-08  02:58:03 pm)작업중 M코드정지 [d:41][t:00:47:11]
[I](2022-03-08  03:00:14 pm)작업중 정지 [d:43][t:00:49:22]
[I](2022-03-08  03:00:14 pm)    [LNo:0008] 000152/000218
[I](2022-03-08  03:00:14 pm)작업중 Single Block Stop [d:43][t:00:49:22]
[I](2022-03-08  03:01:26 pm)작업중 정지 [d:43][t:00:50:33]
[I](2022-03-08  03:01:26 pm)    [LNo:0008] 000135/000218
[I](2022-03-08  03:02:31 pm)작업중 정지 [d:43][t:00:51:39]
[I](2022-03-08  03:02:31 pm)    [LNo:0008] 000152/000218
[I](2022-03-08  03:02:31 pm)작업중 Single Block Stop [d:43][t:00:51:39]
[I](2022-03-08  03:03:35 pm)작업중 정지 [d:43][t:00:52:43]
[I](2022-03-08  03:03:35 pm)    [LNo:0008] 000093/000218
[I](2022-03-08  03:05:17 pm)작업중 정지 [d:44][t:00:54:25]
[I](2022-03-08  03:05:17 pm)    [LNo:0008] 000108/000218
[I](2022-03-08  03:05:18 pm)작업중 Single Block Stop [d:44][t:00:54:25]
[I](2022-03-08  03:05:48 pm)작업중 정지 [d:44][t:00:54:56]
[I](2022-03-08  03:05:48 pm)    [LNo:0008] 000157/000218
[I](2022-03-08  03:25:46 pm)작업중 정지 [d:64][t:01:14:54]
[I](2022-03-08  03:25:46 pm)    [LNo:0008] 000178/000218
[I](2022-03-08  03:25:46 pm)작업중 M코드정지 [d:64][t:01:14:54]
[I](2022-03-08  03:26:37 pm)작업중 정지 [d:65][t:01:15:45]
[I](2022-03-08  03:26:37 pm)    [LNo:0008] 000181/000218
[I](2022-03-08  03:26:37 pm)작업중 M코드정지 [d:65][t:01:15:45]
[I](2022-03-08  03:26:42 pm)작업중 정지 [d:65][t:01:15:50]
[I](2022-03-08  03:26:42 pm)    [LNo:0008] 000183/000218
[I](2022-03-08  03:26:48 pm)작업 재시작
[I](2022-03-08  03:26:56 pm)작업중 정지 [d:65][t:01:16:04]
[I](2022-03-08  03:26:56 pm)    [LNo:0008] 000183/000218
[I](2022-03-08  03:27:22 pm)작업 재시작
[I](2022-03-08  03:27:29 pm)작업중 정지 [d:65][t:01:16:37]
[I](2022-03-08  03:27:29 pm)    [LNo:0008] 000183/000218
[I](2022-03-08  03:27:57 pm)작업 재시작
[I](2022-03-08  03:28:01 pm)작업중 정지 [d:65][t:01:17:09]
[I](2022-03-08  03:28:01 pm)    [LNo:0008] 000188/000218
[A](2022-03-08  03:31:36 pm)[001] 와이어 미동작
[A](2022-03-08  03:31:36 pm)[001] 와이어 미동작
[I](2022-03-08  03:31:51 pm)작업중 정지 [d:65][t:01:20:59]
[I](2022-03-08  03:31:51 pm)    [LNo:0008] 000193/000218
[I](2022-03-08  03:32:30 pm)작업중 정지 [d:65][t:01:21:38]
[I](2022-03-08  03:32:30 pm)    [LNo:0008] 000194/000218
[I](2022-03-08  03:32:44 pm)작업 재시작
[I](2022-03-08  03:32:56 pm)작업중 정지 [d:65][t:01:22:04]
[I](2022-03-08  03:32:56 pm)    [LNo:0008] 000194/000218
[I](2022-03-08  03:33:29 pm)작업 재시작
[I](2022-03-08  03:33:32 pm)작업중 정지 [d:65][t:01:22:40]
[I](2022-03-08  03:33:32 pm)    [LNo:0008] 000194/000218
[I](2022-03-08  03:33:41 pm)작업 재시작
[I](2022-03-08  03:34:18 pm)작업중 정지 [d:65][t:01:23:26]
[I](2022-03-08  03:34:18 pm)    [LNo:0008] 000194/000218
[I](2022-03-08  03:34:37 pm)Reset
[I](2022-03-08  03:34:46 pm)작업 시작 [Start d:525]
[I](2022-03-08  03:34:46 pm)Nc File: [No.0008-429.NC]
[I](2022-03-08  03:34:46 pm)  * Start Machine Position
[I](2022-03-08  03:34:46 pm)    X:     38.5953
[I](2022-03-08  03:34:46 pm)    Y:   -382.0966
[I](2022-03-08  03:34:46 pm)    U:      0.0646
[I](2022-03-08  03:34:46 pm)    V:      0.2423
[I](2022-03-08  03:34:46 pm)    Z:     51.4327
[I](2022-03-08  03:34:46 pm)  * Angle
[I](2022-03-08  03:34:46 pm)    Ar:    -10.3824,Kr:      0.0000
[I](2022-03-08  03:34:46 pm)    Taper_Ar:      0.0000
[I](2022-03-08  03:37:09 pm)작업중 정지 [d:2][t:00:02:23]
[I](2022-03-08  03:37:09 pm)    [LNo:0008] 000208/000218
[I](2022-03-08  03:37:09 pm)작업중 M코드정지 [d:2][t:00:02:23]
[A](2022-03-08  03:37:43 pm)[084] Work Tank Fluid Sensor Abnormal
[A](2022-03-08  03:37:45 pm)[084] Work Tank Fluid Sensor Abnormal
[A](2022-03-08  03:37:45 pm)[084] Work Tank Fluid Sensor Abnormal
[A](2022-03-08  03:37:45 pm)[084] Work Tank Fluid Sensor Abnormal
[A](2022-03-08  03:37:45 pm)[084] Work Tank Fluid Sensor Abnormal
[A](2022-03-08  03:37:45 pm)[084] Work Tank Fluid Sensor Abnormal
[A](2022-03-08  03:37:46 pm)[084] Work Tank Fluid Sensor Abnormal
[A](2022-03-08  03:37:47 pm)[084] Work Tank Fluid Sensor Abnormal
[A](2022-03-08  03:37:47 pm)[084] Work Tank Fluid Sensor Abnormal
[A](2022-03-08  03:37:47 pm)[084] Work Tank Fluid Sensor Abnormal
[A](2022-03-08  03:37:47 pm)[084] Work Tank Fluid Sensor Abnormal
[A](2022-03-08  03:37:48 pm)[084] Work Tank Fluid Sensor Abnormal
[A](2022-03-08  03:37:48 pm)[084] Work Tank Fluid Sensor Abnormal
[A](2022-03-08  03:37:48 pm)[084] Work Tank Fluid Sensor Abnormal
[A](2022-03-08  03:37:48 pm)[084] Work Tank Fluid Sensor Abnormal
[A](2022-03-08  03:37:49 pm)[084] Work Tank Fluid Sensor Abnormal
[A](2022-03-08  03:37:49 pm)[084] Work Tank Fluid Sensor Abnormal
[A](2022-03-08  03:37:49 pm)[084] Work Tank Fluid Sensor Abnormal
[A](2022-03-08  03:37:50 pm)[084] Work Tank Fluid Sensor Abnormal
[A](2022-03-08  03:37:50 pm)[084] Work Tank Fluid Sensor Abnormal
[A](2022-03-08  03:37:50 pm)[084] Work Tank Fluid Sensor Abnormal
[A](2022-03-08  03:37:51 pm)[084] Work Tank Fluid Sensor Abnormal
[A](2022-03-08  03:37:51 pm)[084] Work Tank Fluid Sensor Abnormal
[A](2022-03-08  03:37:51 pm)[084] Work Tank Fluid Sensor Abnormal
[A](2022-03-08  03:37:51 pm)[084] Work Tank Fluid Sensor Abnormal
[A](2022-03-08  03:37:52 pm)[084] Work Tank Fluid Sensor Abnormal
[A](2022-03-08  03:37:52 pm)[084] Work Tank Fluid Sensor Abnormal
[A](2022-03-08  03:37:52 pm)[084] Work Tank Fluid Sensor Abnormal
[A](2022-03-08  03:37:53 pm)[084] Work Tank Fluid Sensor Abnormal
[A](2022-03-08  03:37:53 pm)[084] Work Tank Fluid Sensor Abnormal
[A](2022-03-08  03:37:53 pm)[084] Work Tank Fluid Sensor Abnormal
[A](2022-03-08  03:37:53 pm)[084] Work Tank Fluid Sensor Abnormal
[A](2022-03-08  03:37:54 pm)[084] Work Tank Fluid Sensor Abnormal
[A](2022-03-08  03:37:54 pm)[084] Work Tank Fluid Sensor Abnormal
[A](2022-03-08  03:37:54 pm)[084] Work Tank Fluid Sensor Abnormal
[A](2022-03-08  03:37:54 pm)[084] Work Tank Fluid Sensor Abnormal
[A](2022-03-08  03:37:55 pm)[084] Work Tank Fluid Sensor Abnormal
[A](2022-03-08  03:37:55 pm)[084] Work Tank Fluid Sensor Abnormal
[A](2022-03-08  03:37:55 pm)[084] Work Tank Fluid Sensor Abnormal
[A](2022-03-08  03:37:56 pm)[084] Work Tank Fluid Sensor Abnormal
[A](2022-03-08  03:37:56 pm)[084] Work Tank Fluid Sensor Abnormal
[I](2022-03-08  03:40:36 pm)Reset
[I](2022-03-08  03:40:44 pm)Reset
[A](2022-03-08  03:40:52 pm)[033] 자동결선 회수 롤러 WIRE CONTACT!!
[I](2022-03-08  03:42:38 pm)Reset
[I](2022-03-08  03:42:39 pm)Reset
[A](2022-03-08  03:43:00 pm)[037] 자동결선 잔여 WIRE 처리 실패!!
[I](2022-03-08  03:44:07 pm)Reset
[I](2022-03-08  03:45:17 pm)Reset
[I](2022-03-08  03:45:17 pm)Reset
[I](2022-03-08  03:45:18 pm)Reset
[I](2022-03-08  03:54:03 pm)Reset
[I](2022-03-08  03:54:08 pm)Reset
[I](2022-03-08  03:56:23 pm)Reset
[I](2022-03-08  03:56:27 pm)Reset
[I](2022-03-08  03:57:35 pm)Reset
[I](2022-03-08  03:57:57 pm)Reset
[I](2022-03-08  03:58:06 pm)Reset
[I](2022-03-08  03:58:13 pm)Reset
[I](2022-03-08  04:00:12 pm)Reset
[I](2022-03-08  04:00:13 pm)Reset
[I](2022-03-08  04:00:15 pm)Reset
[I](2022-03-08  04:00:16 pm)Reset
[I](2022-03-08  04:00:59 pm)Reset
[I](2022-03-08  04:01:00 pm)Reset
[I](2022-03-08  04:01:15 pm)작업 시작 [Start d:0]
[I](2022-03-08  04:01:15 pm)Nc File: [No.0001-517.NC]
[I](2022-03-08  04:01:15 pm)  * Start Machine Position
[I](2022-03-08  04:01:15 pm)    X:    104.6372
[I](2022-03-08  04:01:15 pm)    Y:   -355.5914
[I](2022-03-08  04:01:15 pm)    U:      0.0000
[I](2022-03-08  04:01:15 pm)    V:      0.0000
[I](2022-03-08  04:01:15 pm)    Z:     71.2932
[I](2022-03-08  04:01:15 pm)  * Angle
[I](2022-03-08  04:01:15 pm)    Ar:      0.3326,Kr:      0.0000
[I](2022-03-08  04:01:15 pm)    Taper_Ar:      0.0000
[I](2022-03-08  04:01:58 pm)작업중 정지 [d:0][t:00:00:42]
[I](2022-03-08  04:01:58 pm)    [LNo:0001] 000063/000716
[I](2022-03-08  04:03:11 pm)작업중 정지 [d:0][t:00:01:55]
[I](2022-03-08  04:03:11 pm)    [LNo:0001] 000066/000716
[I](2022-03-08  04:03:46 pm)작업중 정지 [d:0][t:00:02:31]
[I](2022-03-08  04:03:46 pm)    [LNo:0001] 000149/000716
[I](2022-03-08  04:05:36 pm)Reset
[I](2022-03-08  04:06:09 pm)작업 시작 [Start d:0]
[I](2022-03-08  04:06:09 pm)Nc File: [No.0001-517.NC]
[I](2022-03-08  04:06:09 pm)  * Start Machine Position
[I](2022-03-08  04:06:09 pm)    X:    104.6372
[I](2022-03-08  04:06:09 pm)    Y:   -355.5914
[I](2022-03-08  04:06:09 pm)    U:      0.0000
[I](2022-03-08  04:06:09 pm)    V:      0.0000
[I](2022-03-08  04:06:09 pm)    Z:     71.2932
[I](2022-03-08  04:06:09 pm)  * Angle
[I](2022-03-08  04:06:09 pm)    Ar:      0.3326,Kr:      0.0000
[I](2022-03-08  04:06:09 pm)    Taper_Ar:      0.0000
[I](2022-03-08  04:33:10 pm)작업중 정지 [d:27][t:00:27:01]
[I](2022-03-08  04:33:10 pm)    [LNo:0001] 000023/000716
[I](2022-03-08  04:33:10 pm)작업중 M코드정지 [d:27][t:00:27:01]
[I](2022-03-08  04:33:39 pm)작업중 정지 [d:28][t:00:27:30]
[I](2022-03-08  04:33:39 pm)    [LNo:0001] 000024/000716
[I](2022-03-08  04:34:02 pm)작업 재시작
[I](2022-03-08  04:34:24 pm)작업중 정지 [d:28][t:00:28:14]
[I](2022-03-08  04:34:24 pm)    [LNo:0001] 000026/000716
[I](2022-03-08  04:34:24 pm)작업중 M코드정지 [d:28][t:00:28:15]
[I](2022-03-08  05:09:07 pm)작업중 정지 [d:61][t:01:02:58]
[I](2022-03-08  05:09:07 pm)    [LNo:0001] 000051/000716
[I](2022-03-08  05:09:08 pm)작업중 M코드정지 [d:61][t:01:02:58]
[I](2022-03-08  05:13:53 pm)작업중 정지 [d:62][t:01:07:44]
[I](2022-03-08  05:13:53 pm)    [LNo:0001] 000052/000716
[I](2022-03-08  05:14:26 pm)작업 재시작
[I](2022-03-08  05:14:46 pm)작업중 정지 [d:63][t:01:08:36]
[I](2022-03-08  05:14:46 pm)    [LNo:0001] 000054/000716
[I](2022-03-08  05:14:46 pm)작업중 M코드정지 [d:63][t:01:08:36]
[I](2022-03-08  05:15:33 pm)작업중 정지 [d:63][t:01:09:24]
[I](2022-03-08  05:15:33 pm)    [LNo:0001] 000057/000716
[A](2022-03-08  05:15:33 pm)[011] 자동결선 Error(M21-잔여와이어 처리실패)
[I](2022-03-08  05:18:18 pm)Reset
[I](2022-03-08  05:19:03 pm)Reset
[I](2022-03-08  05:19:09 pm)작업 시작 [Start d:63]
[I](2022-03-08  05:19:09 pm)Nc File: [No.0001-517.NC]
[I](2022-03-08  05:19:09 pm)  * Start Machine Position
[I](2022-03-08  05:19:09 pm)    X:    104.6372
[I](2022-03-08  05:19:09 pm)    Y:   -355.5914
[I](2022-03-08  05:19:09 pm)    U:      0.0000
[I](2022-03-08  05:19:09 pm)    V:      0.0000
[I](2022-03-08  05:19:09 pm)    Z:     72.3582
[I](2022-03-08  05:19:09 pm)  * Angle
[I](2022-03-08  05:19:09 pm)    Ar:      0.3326,Kr:      0.0000
[I](2022-03-08  05:19:09 pm)    Taper_Ar:      0.0000
[I](2022-03-08  05:40:03 pm)작업중 정지 [d:20][t:00:20:54]
[I](2022-03-08  05:40:03 pm)    [LNo:0001] 000084/000716
[A](2022-03-08  05:40:03 pm)[008] 작업중 단선(AWF Feed Motor Stop )
[I](2022-03-08  05:40:03 pm)작업중 Wire 단선 [d:20][t:00:20:54]
[A](2022-03-08  05:40:51 pm)[041] AWF 명령끝날때까지 센서감지(타임아웃) 안됨
[I](2022-03-08  05:44:44 pm)Reset
[I](2022-03-08  05:44:52 pm)작업 시작 [Start d:83]
[I](2022-03-08  05:44:52 pm)Nc File: [No.0001-517.NC]
[I](2022-03-08  05:44:52 pm)  * Start Machine Position
[I](2022-03-08  05:44:52 pm)    X:    104.6372
[I](2022-03-08  05:44:52 pm)    Y:   -355.5914
[I](2022-03-08  05:44:52 pm)    U:      0.0000
[I](2022-03-08  05:44:52 pm)    V:      0.0000
[I](2022-03-08  05:44:52 pm)    Z:     72.3582
[I](2022-03-08  05:44:52 pm)  * Angle
[I](2022-03-08  05:44:52 pm)    Ar:      0.3326,Kr:      0.0000
[I](2022-03-08  05:44:52 pm)    Taper_Ar:      0.0000
[I](2022-03-08  05:45:11 pm)작업중 정지 [d:0][t:00:00:18]
[I](2022-03-08  05:45:11 pm)    [LNo:0001] 000062/000716
[I](2022-03-08  06:39:41 pm)작업중 정지 [d:53][t:00:54:49]
[I](2022-03-08  06:39:41 pm)    [LNo:0001] 000085/000716
[I](2022-03-08  06:48:00 pm)작업 재시작
[I](2022-03-08  07:16:44 pm)작업중 정지 [d:82][t:01:31:51]
[I](2022-03-08  07:16:44 pm)    [LNo:0001] 000086/000716
[A](2022-03-08  07:16:44 pm)[008] 작업중 단선(AWF Feed Motor Stop )
[I](2022-03-08  07:16:44 pm)작업중 Wire 단선 [d:82][t:01:31:51]
[I](2022-03-08  07:18:19 pm)작업 재시작
[I](2022-03-08  07:18:20 pm)작업중 정지 [d:82][t:01:33:27]
[I](2022-03-08  07:18:20 pm)    [LNo:0001] 000086/000716
[A](2022-03-08  07:18:20 pm)[008] 작업중 단선(AWF Feed Motor Stop )
[I](2022-03-08  07:18:20 pm)작업중 Wire 단선 [d:82][t:01:33:27]
[I](2022-03-08  07:19:28 pm)작업 재시작
