[I](2022-05-19  02:41:36 am)작업중 정지 [d:327][t:05:32:53]
[I](2022-05-19  02:41:36 am)    [LNo:0003] 000103/000978
[A](2022-05-19  02:41:36 am)[008] 작업중 단선(AWF Feed Motor Stop )
[I](2022-05-19  02:41:36 am)작업중 Wire 단선 [d:327][t:05:32:53]
[I](2022-05-19  02:42:44 am)작업 재시작
[I](2022-05-19  08:51:14 am)작업중 정지 [d:693][t:11:42:31]
[I](2022-05-19  08:51:14 am)    [LNo:0003] 000199/000978
[I](2022-05-19  08:58:31 am)Reset
[I](2022-05-19  08:58:31 am)Reset
[I](2022-05-19  08:58:56 am)작업 시작 [Start d:693]
[I](2022-05-19  08:58:56 am)Nc File: [No.0005-525.NC]
[I](2022-05-19  08:58:56 am)  * Start Machine Position
[I](2022-05-19  08:58:56 am)    X:    249.3095
[I](2022-05-19  08:58:56 am)    Y:   -257.4009
[I](2022-05-19  08:58:56 am)    U:      0.0000
[I](2022-05-19  08:58:56 am)    V:      0.0000
[I](2022-05-19  08:58:56 am)    Z:     70.4712
[I](2022-05-19  08:58:56 am)  * Angle
[I](2022-05-19  08:58:56 am)    Ar:      0.2155,Kr:      0.0000
[I](2022-05-19  08:58:56 am)    Taper_Ar:      0.0000
[I](2022-05-19  08:59:04 am)작업중 정지 [d:0][t:00:00:08]
[I](2022-05-19  08:59:04 am)    [LNo:0005] 000181/000544
[I](2022-05-19  09:17:11 am)작업중 정지 [d:17][t:00:18:15]
[I](2022-05-19  09:17:11 am)    [LNo:0005] 000231/000544
[I](2022-05-19  09:17:11 am)작업중 30sec 접촉 정지 [d:17][t:00:18:15]
[I](2022-05-19  09:17:38 am)작업 재시작
[I](2022-05-19  09:18:58 am)작업중 정지 [d:18][t:00:20:01]
[I](2022-05-19  09:18:58 am)    [LNo:0005] 000234/000544
[I](2022-05-19  09:18:58 am)작업중 30sec 접촉 정지 [d:18][t:00:20:01]
[I](2022-05-19  09:19:48 am)작업 재시작
[I](2022-05-19  09:19:53 am)작업중 정지 [d:18][t:00:20:57]
[I](2022-05-19  09:19:53 am)    [LNo:0005] 000234/000544
[I](2022-05-19  09:19:53 am)작업중 30sec 접촉 정지 [d:18][t:00:20:57]
[I](2022-05-19  09:20:04 am)작업 재시작
[I](2022-05-19  09:25:32 am)작업중 정지 [d:24][t:00:26:36]
[I](2022-05-19  09:25:32 am)    [LNo:0005] 000242/000544
[I](2022-05-19  09:25:32 am)작업중 30sec 접촉 정지 [d:24][t:00:26:36]
[I](2022-05-19  09:27:26 am)작업 재시작
[I](2022-05-19  09:55:26 am)작업중 정지 [d:51][t:00:56:29]
[I](2022-05-19  09:55:26 am)    [LNo:0005] 000303/000544
[I](2022-05-19  09:55:26 am)작업중 30sec 접촉 정지 [d:51][t:00:56:29]
[I](2022-05-19  09:56:06 am)작업 재시작
[I](2022-05-19  09:56:20 am)작업중 정지 [d:51][t:00:57:23]
[I](2022-05-19  09:56:20 am)    [LNo:0005] 000303/000544
[I](2022-05-19  09:56:20 am)작업중 30sec 접촉 정지 [d:51][t:00:57:23]
[I](2022-05-19  09:56:37 am)작업 재시작
[I](2022-05-19  09:56:42 am)작업중 정지 [d:51][t:00:57:45]
[I](2022-05-19  09:56:42 am)    [LNo:0005] 000303/000544
[I](2022-05-19  09:56:42 am)작업중 30sec 접촉 정지 [d:51][t:00:57:45]
[I](2022-05-19  09:57:15 am)작업 재시작
[I](2022-05-19  09:58:18 am)작업중 정지 [d:52][t:00:59:21]
[I](2022-05-19  09:58:18 am)    [LNo:0005] 000307/000544
[I](2022-05-19  09:58:18 am)작업중 30sec 접촉 정지 [d:52][t:00:59:21]
[I](2022-05-19  09:58:38 am)작업 재시작
[I](2022-05-19  10:19:46 am)작업중 정지 [d:72][t:01:20:49]
[I](2022-05-19  10:19:46 am)    [LNo:0005] 000363/000544
[I](2022-05-19  10:19:46 am)작업중 30sec 접촉 정지 [d:72][t:01:20:49]
[I](2022-05-19  10:20:02 am)작업 재시작
[I](2022-05-19  10:22:50 am)작업중 정지 [d:75][t:01:23:53]
[I](2022-05-19  10:22:50 am)    [LNo:0005] 000375/000544
[I](2022-05-19  10:22:50 am)작업중 30sec 접촉 정지 [d:75][t:01:23:53]
[I](2022-05-19  10:22:54 am)작업 재시작
[I](2022-05-19  10:22:59 am)작업중 정지 [d:75][t:01:24:03]
[I](2022-05-19  10:22:59 am)    [LNo:0005] 000375/000544
[I](2022-05-19  10:22:59 am)작업중 30sec 접촉 정지 [d:75][t:01:24:03]
[I](2022-05-19  10:23:02 am)작업 재시작
[I](2022-05-19  10:28:52 am)작업중 정지 [d:-693][t:01:29:56]
[I](2022-05-19  10:28:52 am)    [LNo:0005] 000383/000544
[A](2022-05-19  10:28:52 am)[011] 자동결선 Error(M21-잔여와이어 처리실패)
[A](2022-05-19  10:33:47 am)[037] 자동결선 잔여 WIRE 처리 실패!!
[I](2022-05-19  10:57:38 am)작업중 정지 [d:-670][t:01:58:41]
[I](2022-05-19  10:57:38 am)    [LNo:0005] 000443/000544
[I](2022-05-19  10:57:38 am)작업중 30sec 접촉 정지 [d:-670][t:01:58:41]
[I](2022-05-19  10:57:47 am)작업 재시작
[I](2022-05-19  10:58:27 am)작업중 정지 [d:-669][t:01:59:31]
[I](2022-05-19  10:58:27 am)    [LNo:0005] 000448/000544
[I](2022-05-19  10:58:27 am)작업중 30sec 접촉 정지 [d:-669][t:01:59:31]
[I](2022-05-19  10:58:30 am)작업 재시작
[I](2022-05-19  11:02:25 am)작업중 정지 [d:-667][t:02:03:29]
[I](2022-05-19  11:02:25 am)    [LNo:0005] 000461/000544
[I](2022-05-19  11:02:25 am)작업중 M코드정지 [d:-667][t:02:03:29]
[I](2022-05-19  12:12:44 pm)작업중 정지 [d:-624][t:03:13:47]
[I](2022-05-19  12:12:44 pm)    [LNo:0005] 000494/000544
[I](2022-05-19  12:12:44 pm)작업중 M코드정지 [d:-624][t:03:13:47]
[I](2022-05-19  12:13:20 pm)작업중 정지 [d:-624][t:03:14:24]
[I](2022-05-19  12:13:20 pm)    [LNo:0005] 000497/000544
[I](2022-05-19  12:42:54 pm)작업중 정지 [d:-597][t:03:43:58]
[I](2022-05-19  12:42:54 pm)    [LNo:0005] 000514/000544
[I](2022-05-19  12:42:54 pm)작업중 M코드정지 [d:-597][t:03:43:58]
[I](2022-05-19  01:25:58 pm)작업중 정지 [d:-556][t:04:27:01]
[I](2022-05-19  01:25:58 pm)    [LNo:0005] 000534/000544
[I](2022-05-19  01:25:58 pm)작업중 M코드정지 [d:-556][t:04:27:01]
[I](2022-05-19  01:28:57 pm)Reset
[I](2022-05-19  01:28:57 pm)Reset
[I](2022-05-19  01:39:13 pm)Reset
[I](2022-05-19  01:45:38 pm)Reset
[I](2022-05-19  01:49:17 pm)Reset
[I](2022-05-19  01:49:20 pm)Reset
[I](2022-05-19  01:49:49 pm)Reset
[I](2022-05-19  01:50:24 pm)Reset
[I](2022-05-19  01:51:58 pm)작업 시작 [Start d:0]
[I](2022-05-19  01:51:58 pm)Nc File: [No.0008-520.NC]
[I](2022-05-19  01:51:58 pm)  * Start Machine Position
[I](2022-05-19  01:51:58 pm)    X:    588.7648
[I](2022-05-19  01:51:58 pm)    Y:   -248.3050
[I](2022-05-19  01:51:58 pm)    U:      0.0000
[I](2022-05-19  01:51:58 pm)    V:      0.0000
[I](2022-05-19  01:51:58 pm)    Z:     45.5737
[I](2022-05-19  01:51:58 pm)  * Angle
[I](2022-05-19  01:51:58 pm)    Ar:      0.0298,Kr:      0.0000
[I](2022-05-19  01:51:58 pm)    Taper_Ar:      0.0000
[I](2022-05-19  03:58:28 pm)작업중 정지 [d:126][t:02:06:30]
[I](2022-05-19  03:58:28 pm)    [LNo:0008] 000060/000383
[I](2022-05-19  04:02:06 pm)작업 재시작
[I](2022-05-19  04:35:01 pm)작업중 정지 [d:159][t:02:43:03]
[I](2022-05-19  04:35:01 pm)    [LNo:0008] 000072/000383
[I](2022-05-19  04:35:01 pm)작업중 M코드정지 [d:159][t:02:43:03]
[I](2022-05-19  04:35:48 pm)작업중 정지 [d:159][t:02:43:50]
[I](2022-05-19  04:35:48 pm)    [LNo:0008] 000076/000383
[I](2022-05-19  04:35:48 pm)작업중 M코드정지 [d:159][t:02:43:50]
[I](2022-05-19  05:01:23 pm)작업중 정지 [d:185][t:03:09:25]
[I](2022-05-19  05:01:23 pm)    [LNo:0008] 000127/000383
[I](2022-05-19  05:01:23 pm)작업중 M코드정지 [d:185][t:03:09:25]
[I](2022-05-19  05:37:31 pm)작업중 정지 [d:219][t:03:45:33]
[I](2022-05-19  05:37:31 pm)    [LNo:0008] 000163/000383
[I](2022-05-19  05:37:32 pm)작업중 M코드정지 [d:219][t:03:45:33]
[I](2022-05-19  05:38:28 pm)작업중 정지 [d:220][t:03:46:29]
[I](2022-05-19  05:38:28 pm)    [LNo:0008] 000167/000383
[I](2022-05-19  05:38:28 pm)작업중 M코드정지 [d:220][t:03:46:29]
[I](2022-05-19  06:01:20 pm)작업중 정지 [d:242][t:04:09:22]
[I](2022-05-19  06:01:20 pm)    [LNo:0008] 000219/000383
[A](2022-05-19  06:03:58 pm)[037] 자동결선 잔여 WIRE 처리 실패!!
[I](2022-05-19  06:04:32 pm)작업 재시작
[I](2022-05-19  06:10:17 pm)작업중 정지 [d:247][t:04:18:19]
[I](2022-05-19  06:10:17 pm)    [LNo:0008] 000222/000383
[I](2022-05-19  06:10:17 pm)작업중 M코드정지 [d:247][t:04:18:19]
[I](2022-05-19  06:28:13 pm)작업중 정지 [d:247][t:04:36:15]
[I](2022-05-19  06:28:13 pm)    [LNo:0008] 000225/000383
[I](2022-05-19  06:28:13 pm)작업중 M코드정지 [d:247][t:04:36:15]
[I](2022-05-19  06:31:29 pm)작업중 정지 [d:250][t:04:39:30]
[I](2022-05-19  06:31:29 pm)    [LNo:0008] 000243/000383
[I](2022-05-19  06:31:29 pm)작업중 M코드정지 [d:250][t:04:39:30]
[A](2022-05-19  06:32:55 pm)[037] 자동결선 잔여 WIRE 처리 실패!!
[I](2022-05-19  06:34:27 pm)작업중 정지 [d:250][t:04:42:29]
[I](2022-05-19  06:34:27 pm)    [LNo:0008] 000258/000383
[A](2022-05-19  06:34:27 pm)[008] 작업중 단선(AWF Feed Motor Stop )
[I](2022-05-19  06:34:27 pm)작업중 Wire 단선 [d:250][t:04:42:29]
[I](2022-05-19  06:35:35 pm)작업 재시작
[I](2022-05-19  06:41:41 pm)작업중 정지 [d:256][t:04:49:42]
[I](2022-05-19  06:41:41 pm)    [LNo:0008] 000265/000383
[I](2022-05-19  06:41:41 pm)작업중 M코드정지 [d:256][t:04:49:43]
[I](2022-05-19  06:42:56 pm)작업중 정지 [d:256][t:04:50:57]
[I](2022-05-19  06:42:56 pm)    [LNo:0008] 000267/000383
[I](2022-05-19  06:43:22 pm)작업 재시작
[I](2022-05-19  06:43:31 pm)작업중 정지 [d:256][t:04:51:33]
[I](2022-05-19  06:43:31 pm)    [LNo:0008] 000267/000383
[I](2022-05-19  06:44:24 pm)작업 재시작
[I](2022-05-19  06:44:29 pm)작업중 정지 [d:256][t:04:52:30]
[I](2022-05-19  06:44:29 pm)    [LNo:0008] 000269/000383
[I](2022-05-19  06:44:29 pm)작업중 M코드정지 [d:256][t:04:52:30]
[I](2022-05-19  06:55:01 pm)작업중 정지 [d:265][t:05:03:03]
[I](2022-05-19  06:55:01 pm)    [LNo:0008] 000309/000383
[I](2022-05-19  06:55:01 pm)작업중 M코드정지 [d:265][t:05:03:03]
[I](2022-05-19  06:55:39 pm)작업중 정지 [d:265][t:05:03:41]
[I](2022-05-19  06:55:39 pm)    [LNo:0008] 000311/000383
[I](2022-05-19  06:56:37 pm)작업 재시작
[I](2022-05-19  07:20:02 pm)작업중 정지 [d:286][t:05:28:03]
[I](2022-05-19  07:20:02 pm)    [LNo:0008] 000354/000383
[I](2022-05-19  07:20:02 pm)작업중 M코드정지 [d:286][t:05:28:03]
[I](2022-05-19  07:20:37 pm)작업중 정지 [d:286][t:05:28:39]
[I](2022-05-19  07:20:37 pm)    [LNo:0008] 000357/000383
[I](2022-05-19  07:20:37 pm)작업중 M코드정지 [d:286][t:05:28:39]
[I](2022-05-19  07:24:47 pm)작업중 정지 [d:289][t:05:32:48]
[I](2022-05-19  07:24:47 pm)    [LNo:0008] 000379/000383
[I](2022-05-19  07:24:47 pm)작업중 M코드정지 [d:289][t:05:32:49]
[I](2022-05-19  07:24:48 pm)Reset
[I](2022-05-19  07:24:56 pm)작업 시작 [Start d:289]
[I](2022-05-19  07:24:56 pm)Nc File: [No.0008-520.NC]
[I](2022-05-19  07:24:56 pm)  * Start Machine Position
[I](2022-05-19  07:24:56 pm)    X:    588.7648
[I](2022-05-19  07:24:56 pm)    Y:   -248.3050
[I](2022-05-19  07:24:56 pm)    U:      0.0000
[I](2022-05-19  07:24:56 pm)    V:      0.0000
[I](2022-05-19  07:24:56 pm)    Z:     45.5737
[I](2022-05-19  07:24:56 pm)  * Angle
[I](2022-05-19  07:24:56 pm)    Ar:      0.0298,Kr:      0.0000
[I](2022-05-19  07:24:56 pm)    Taper_Ar:      0.0000
[I](2022-05-19  07:27:51 pm)작업중 정지 [d:2][t:00:02:54]
[I](2022-05-19  07:27:51 pm)    [LNo:0008] 000288/000383
[I](2022-05-19  07:27:51 pm)작업중 M코드정지 [d:2][t:00:02:55]
[I](2022-05-19  07:32:19 pm)Reset
[I](2022-05-19  07:35:44 pm)Reset
[I](2022-05-19  07:36:58 pm)작업 시작 [Start d:0]
[I](2022-05-19  07:36:58 pm)Nc File: [No.0006-529.NC]
[I](2022-05-19  07:36:58 pm)  * Start Machine Position
[I](2022-05-19  07:36:58 pm)    X:    249.3095
[I](2022-05-19  07:36:58 pm)    Y:   -257.4009
[I](2022-05-19  07:36:58 pm)    U:      0.0000
[I](2022-05-19  07:36:58 pm)    V:      0.0000
[I](2022-05-19  07:36:58 pm)    Z:     70.3042
[I](2022-05-19  07:36:58 pm)  * Angle
[I](2022-05-19  07:36:58 pm)    Ar:      0.2155,Kr:      0.0000
[I](2022-05-19  07:36:58 pm)    Taper_Ar:      0.0000
[I](2022-05-19  07:36:58 pm)작업중 정지 [d:0][t:00:00:00]
[I](2022-05-19  07:36:58 pm)    [LNo:0006] 000006/000449
[I](2022-05-19  07:37:13 pm)작업중 정지 [d:0][t:00:00:14]
[I](2022-05-19  07:37:13 pm)    [LNo:0006] 000010/000449
[I](2022-05-19  07:37:14 pm)작업중 정지 [d:0][t:00:00:15]
[I](2022-05-19  07:37:14 pm)    [LNo:0006] 000015/000449
[I](2022-05-19  07:37:29 pm)작업중 정지 [d:0][t:00:00:31]
[I](2022-05-19  07:37:29 pm)    [LNo:0006] 000054/000449
[A](2022-05-19  07:38:31 pm)[001] 와이어 미동작
[I](2022-05-19  07:38:34 pm)작업중 정지 [d:0][t:00:01:36]
[I](2022-05-19  07:38:34 pm)    [LNo:0006] 000057/000449
[I](2022-05-19  07:38:59 pm)작업중 정지 [d:0][t:00:02:01]
[I](2022-05-19  07:38:59 pm)    [LNo:0006] 000086/000449
[I](2022-05-19  07:39:56 pm)작업중 정지 [d:0][t:00:02:58]
[I](2022-05-19  07:39:56 pm)    [LNo:0006] 000089/000449
[I](2022-05-19  07:39:57 pm)작업중 정지 [d:0][t:00:02:58]
[I](2022-05-19  07:39:57 pm)    [LNo:0006] 000089/000449
[I](2022-05-19  07:40:14 pm)작업중 정지 [d:0][t:00:03:16]
[I](2022-05-19  07:40:14 pm)    [LNo:0006] 000122/000449
[I](2022-05-19  07:41:23 pm)Reset
[I](2022-05-19  07:41:23 pm)Reset
[I](2022-05-19  07:41:25 pm)작업 시작 [Start d:0]
[I](2022-05-19  07:41:25 pm)Nc File: [No.0006-529.NC]
[I](2022-05-19  07:41:26 pm)  * Start Machine Position
[I](2022-05-19  07:41:26 pm)    X:    249.3095
[I](2022-05-19  07:41:26 pm)    Y:   -257.4009
[I](2022-05-19  07:41:26 pm)    U:      0.0000
[I](2022-05-19  07:41:26 pm)    V:      0.0000
[I](2022-05-19  07:41:26 pm)    Z:     70.3042
[I](2022-05-19  07:41:26 pm)  * Angle
[I](2022-05-19  07:41:26 pm)    Ar:      0.2155,Kr:      0.0000
[I](2022-05-19  07:41:26 pm)    Taper_Ar:      0.0000
[I](2022-05-19  07:42:01 pm)작업중 정지 [d:0][t:00:00:35]
[I](2022-05-19  07:42:01 pm)    [LNo:0006] 000010/000449
[I](2022-05-19  07:42:26 pm)작업중 정지 [d:1][t:00:01:00]
[I](2022-05-19  07:42:26 pm)    [LNo:0006] 000024/000449
[I](2022-05-19  07:42:28 pm)작업 재시작
[I](2022-05-19  07:42:49 pm)작업중 정지 [d:1][t:00:01:23]
[I](2022-05-19  07:42:49 pm)    [LNo:0006] 000030/000449
[I](2022-05-19  07:42:57 pm)작업 재시작
[I](2022-05-19  08:51:09 pm)작업중 정지 [d:69][t:01:09:43]
[I](2022-05-19  08:51:09 pm)    [LNo:0006] 000032/000449
[I](2022-05-19  08:51:09 pm)작업중 30sec 접촉 정지 [d:69][t:01:09:43]
[I](2022-05-19  08:59:45 pm)작업 재시작
