[I](2023-01-09  04:43:39 am)작업중 정지 [d:799][t:13:21:41]
[I](2023-01-09  04:43:39 am)    [LNo:0003] 001214/001950
[I](2023-01-09  04:43:40 am)작업중 30sec 접촉 정지 [d:799][t:13:21:41]
[I](2023-01-09  08:13:44 am)작업 재시작
[I](2023-01-09  08:13:56 am)작업중 정지 [d:799][t:16:51:57]
[I](2023-01-09  08:13:56 am)    [LNo:0003] 001214/001950
[I](2023-01-09  08:13:56 am)작업중 30sec 접촉 정지 [d:799][t:16:51:57]
[I](2023-01-09  08:17:58 am)작업 재시작
[I](2023-01-09  08:18:08 am)작업중 정지 [d:799][t:16:56:09]
[I](2023-01-09  08:18:08 am)    [LNo:0003] 001214/001950
[I](2023-01-09  08:18:08 am)작업중 30sec 접촉 정지 [d:799][t:16:56:09]
[I](2023-01-09  08:18:20 am)작업 재시작
[I](2023-01-09  08:18:25 am)작업중 정지 [d:799][t:16:56:26]
[I](2023-01-09  08:18:25 am)    [LNo:0003] 001214/001950
[I](2023-01-09  08:18:25 am)작업중 30sec 접촉 정지 [d:799][t:16:56:26]
[I](2023-01-09  08:18:36 am)작업 재시작
[I](2023-01-09  08:18:41 am)작업중 정지 [d:799][t:16:56:42]
[I](2023-01-09  08:18:41 am)    [LNo:0003] 001214/001950
[I](2023-01-09  08:18:41 am)작업중 30sec 접촉 정지 [d:799][t:16:56:43]
[I](2023-01-09  08:18:53 am)작업 재시작
[I](2023-01-09  08:19:13 am)작업중 정지 [d:799][t:16:57:14]
[I](2023-01-09  08:19:13 am)    [LNo:0003] 001214/001950
[I](2023-01-09  08:19:13 am)작업중 30sec 접촉 정지 [d:799][t:16:57:14]
[I](2023-01-09  08:19:24 am)작업 재시작
[I](2023-01-09  08:29:35 am)작업중 정지 [d:809][t:17:07:36]
[I](2023-01-09  08:29:35 am)    [LNo:0003] 001401/001950
[I](2023-01-09  08:29:35 am)작업중 M코드정지 [d:809][t:17:07:36]
[I](2023-01-09  08:30:25 am)작업중 정지 [d:809][t:17:08:26]
[I](2023-01-09  08:30:25 am)    [LNo:0003] 001864/001950
[I](2023-01-09  08:39:41 am)작업중 정지 [d:818][t:17:17:42]
[I](2023-01-09  08:39:41 am)    [LNo:0003] 001875/001950
[I](2023-01-09  08:39:41 am)작업중 M코드정지 [d:818][t:17:17:42]
[I](2023-01-09  08:40:29 am)작업중 정지 [d:819][t:17:18:30]
[I](2023-01-09  08:40:29 am)    [LNo:0003] 001876/001950
[I](2023-01-09  08:40:29 am)Wire Contact Auto Stop(M52)
[I](2023-01-09  08:41:49 am)작업 재시작
[I](2023-01-09  08:41:57 am)작업중 정지 [d:819][t:17:19:58]
[I](2023-01-09  08:41:57 am)    [LNo:0003] 001877/001950
[I](2023-01-09  08:41:57 am)작업중 M코드정지 [d:819][t:17:19:58]
[I](2023-01-09  08:50:58 am)작업중 정지 [d:826][t:17:29:00]
[I](2023-01-09  08:50:58 am)    [LNo:0003] 001896/001950
[I](2023-01-09  08:50:59 am)작업중 M코드정지 [d:826][t:17:29:00]
[I](2023-01-09  08:57:00 am)작업중 정지 [d:826][t:17:35:01]
[I](2023-01-09  08:57:00 am)    [LNo:0003] 001897/001950
[I](2023-01-09  08:57:00 am)Wire Contact Auto Stop(M52)
[I](2023-01-09  08:57:54 am)작업 재시작
[I](2023-01-09  08:58:02 am)작업중 정지 [d:826][t:17:36:03]
[I](2023-01-09  08:58:02 am)    [LNo:0003] 001898/001950
[I](2023-01-09  08:58:02 am)작업중 M코드정지 [d:826][t:17:36:03]
[I](2023-01-09  09:20:18 am)작업중 정지 [d:848][t:17:58:19]
[I](2023-01-09  09:20:18 am)    [LNo:0003] 001918/001950
[I](2023-01-09  09:20:18 am)Wire Contact Auto Stop(M52)
[A](2023-01-09  09:20:30 am)[084] Work Tank Fluid Sensor Abnormal
[A](2023-01-09  09:20:30 am)[084] Work Tank Fluid Sensor Abnormal
[A](2023-01-09  09:20:30 am)[084] Work Tank Fluid Sensor Abnormal
[A](2023-01-09  09:20:38 am)[084] Work Tank Fluid Sensor Abnormal
[A](2023-01-09  09:20:38 am)[084] Work Tank Fluid Sensor Abnormal
[A](2023-01-09  09:20:38 am)[084] Work Tank Fluid Sensor Abnormal
[A](2023-01-09  09:20:39 am)[084] Work Tank Fluid Sensor Abnormal
[A](2023-01-09  09:20:39 am)[084] Work Tank Fluid Sensor Abnormal
[A](2023-01-09  09:20:39 am)[084] Work Tank Fluid Sensor Abnormal
[A](2023-01-09  09:20:39 am)[084] Work Tank Fluid Sensor Abnormal
[A](2023-01-09  09:20:39 am)[084] Work Tank Fluid Sensor Abnormal
[A](2023-01-09  09:20:39 am)[084] Work Tank Fluid Sensor Abnormal
[A](2023-01-09  09:20:39 am)[084] Work Tank Fluid Sensor Abnormal
[A](2023-01-09  09:20:40 am)[084] Work Tank Fluid Sensor Abnormal
[A](2023-01-09  09:20:40 am)[084] Work Tank Fluid Sensor Abnormal
[A](2023-01-09  09:20:40 am)[084] Work Tank Fluid Sensor Abnormal
[A](2023-01-09  09:20:40 am)[084] Work Tank Fluid Sensor Abnormal
[A](2023-01-09  09:20:40 am)[084] Work Tank Fluid Sensor Abnormal
[A](2023-01-09  09:20:41 am)[084] Work Tank Fluid Sensor Abnormal
[A](2023-01-09  09:20:41 am)[084] Work Tank Fluid Sensor Abnormal
[A](2023-01-09  09:20:41 am)[084] Work Tank Fluid Sensor Abnormal
[A](2023-01-09  09:20:41 am)[084] Work Tank Fluid Sensor Abnormal
[A](2023-01-09  09:20:41 am)[084] Work Tank Fluid Sensor Abnormal
[A](2023-01-09  09:20:41 am)[084] Work Tank Fluid Sensor Abnormal
[A](2023-01-09  09:20:42 am)[084] Work Tank Fluid Sensor Abnormal
[A](2023-01-09  09:20:42 am)[084] Work Tank Fluid Sensor Abnormal
[A](2023-01-09  09:20:42 am)[084] Work Tank Fluid Sensor Abnormal
[A](2023-01-09  09:20:42 am)[084] Work Tank Fluid Sensor Abnormal
[A](2023-01-09  09:20:42 am)[084] Work Tank Fluid Sensor Abnormal
[A](2023-01-09  09:20:42 am)[084] Work Tank Fluid Sensor Abnormal
[A](2023-01-09  09:20:43 am)[084] Work Tank Fluid Sensor Abnormal
[A](2023-01-09  09:20:43 am)[084] Work Tank Fluid Sensor Abnormal
[A](2023-01-09  09:20:43 am)[084] Work Tank Fluid Sensor Abnormal
[A](2023-01-09  09:20:43 am)[084] Work Tank Fluid Sensor Abnormal
[A](2023-01-09  09:20:44 am)[084] Work Tank Fluid Sensor Abnormal
[A](2023-01-09  09:20:44 am)[084] Work Tank Fluid Sensor Abnormal
[A](2023-01-09  09:20:44 am)[084] Work Tank Fluid Sensor Abnormal
[A](2023-01-09  09:20:44 am)[084] Work Tank Fluid Sensor Abnormal
[A](2023-01-09  09:20:44 am)[084] Work Tank Fluid Sensor Abnormal
[A](2023-01-09  09:20:45 am)[084] Work Tank Fluid Sensor Abnormal
[A](2023-01-09  09:20:45 am)[084] Work Tank Fluid Sensor Abnormal
[A](2023-01-09  09:20:45 am)[084] Work Tank Fluid Sensor Abnormal
[A](2023-01-09  09:20:45 am)[084] Work Tank Fluid Sensor Abnormal
[A](2023-01-09  09:20:45 am)[084] Work Tank Fluid Sensor Abnormal
[A](2023-01-09  09:20:45 am)[084] Work Tank Fluid Sensor Abnormal
[A](2023-01-09  09:20:46 am)[084] Work Tank Fluid Sensor Abnormal
[A](2023-01-09  09:20:46 am)[084] Work Tank Fluid Sensor Abnormal
[A](2023-01-09  09:20:46 am)[084] Work Tank Fluid Sensor Abnormal
[A](2023-01-09  09:20:46 am)[084] Work Tank Fluid Sensor Abnormal
[A](2023-01-09  09:20:46 am)[084] Work Tank Fluid Sensor Abnormal
[A](2023-01-09  09:20:47 am)[084] Work Tank Fluid Sensor Abnormal
[A](2023-01-09  09:20:47 am)[084] Work Tank Fluid Sensor Abnormal
[A](2023-01-09  09:20:47 am)[084] Work Tank Fluid Sensor Abnormal
[A](2023-01-09  09:20:47 am)[084] Work Tank Fluid Sensor Abnormal
[A](2023-01-09  09:20:47 am)[084] Work Tank Fluid Sensor Abnormal
[A](2023-01-09  09:20:48 am)[084] Work Tank Fluid Sensor Abnormal
[A](2023-01-09  09:20:48 am)[084] Work Tank Fluid Sensor Abnormal
[A](2023-01-09  09:20:48 am)[084] Work Tank Fluid Sensor Abnormal
[I](2023-01-09  09:23:03 am)Reset
[I](2023-01-09  09:23:04 am)Reset
[I](2023-01-09  09:23:16 am)작업 시작 [Start d:916]
[I](2023-01-09  09:23:16 am)Nc File: [No.0002-593.NC]
[I](2023-01-09  09:23:16 am)  * Start Machine Position
[I](2023-01-09  09:23:16 am)    X:    115.4890
[I](2023-01-09  09:23:16 am)    Y:   -308.1224
[I](2023-01-09  09:23:16 am)    U:      0.0000
[I](2023-01-09  09:23:16 am)    V:      0.0000
[I](2023-01-09  09:23:16 am)    Z:     89.7845
[I](2023-01-09  09:23:16 am)  * Angle
[I](2023-01-09  09:23:16 am)    Ar:      0.3697,Kr:      0.0000
[I](2023-01-09  09:23:16 am)    Taper_Ar:      0.0000
[I](2023-01-09  02:38:07 pm)작업중 정지 [d:-603][t:05:14:50]
[I](2023-01-09  02:38:07 pm)    [LNo:0002] 001748/001932
[I](2023-01-09  02:38:07 pm)작업중 30sec 접촉 정지 [d:-603][t:05:14:50]
[I](2023-01-09  02:39:23 pm)작업 재시작
[I](2023-01-09  02:39:28 pm)작업중 정지 [d:-603][t:05:16:12]
[I](2023-01-09  02:39:28 pm)    [LNo:0002] 001748/001932
[I](2023-01-09  02:39:28 pm)작업중 30sec 접촉 정지 [d:-603][t:05:16:12]
[I](2023-01-09  02:39:32 pm)작업 재시작
[I](2023-01-09  02:39:37 pm)작업중 정지 [d:-603][t:05:16:21]
[I](2023-01-09  02:39:37 pm)    [LNo:0002] 001748/001932
[I](2023-01-09  02:39:37 pm)작업중 30sec 접촉 정지 [d:-603][t:05:16:21]
[I](2023-01-09  02:40:27 pm)작업 재시작
[I](2023-01-09  02:40:46 pm)작업중 정지 [d:-603][t:05:17:30]
[I](2023-01-09  02:40:46 pm)    [LNo:0002] 001748/001932
[I](2023-01-09  02:40:46 pm)작업중 30sec 접촉 정지 [d:-603][t:05:17:30]
[I](2023-01-09  02:40:51 pm)작업 재시작
[I](2023-01-09  02:40:56 pm)작업중 정지 [d:-603][t:05:17:39]
[I](2023-01-09  02:40:56 pm)    [LNo:0002] 001748/001932
[I](2023-01-09  02:40:56 pm)작업중 30sec 접촉 정지 [d:-603][t:05:17:39]
[I](2023-01-09  02:41:00 pm)작업 재시작
[I](2023-01-09  02:41:05 pm)작업중 정지 [d:-603][t:05:17:48]
[I](2023-01-09  02:41:05 pm)    [LNo:0002] 001748/001932
[I](2023-01-09  02:41:05 pm)작업중 30sec 접촉 정지 [d:-603][t:05:17:48]
[I](2023-01-09  02:41:10 pm)작업 재시작
[I](2023-01-09  02:41:29 pm)작업중 정지 [d:-602][t:05:18:13]
[I](2023-01-09  02:41:29 pm)    [LNo:0002] 001748/001932
[I](2023-01-09  02:41:29 pm)작업중 30sec 접촉 정지 [d:-602][t:05:18:13]
[I](2023-01-09  02:41:33 pm)작업 재시작
[I](2023-01-09  02:41:38 pm)작업중 정지 [d:-602][t:05:18:21]
[I](2023-01-09  02:41:38 pm)    [LNo:0002] 001748/001932
[I](2023-01-09  02:41:38 pm)작업중 30sec 접촉 정지 [d:-602][t:05:18:21]
[I](2023-01-09  02:41:42 pm)작업 재시작
[I](2023-01-09  02:41:47 pm)작업중 정지 [d:-602][t:05:18:30]
[I](2023-01-09  02:41:47 pm)    [LNo:0002] 001748/001932
[I](2023-01-09  02:41:47 pm)작업중 30sec 접촉 정지 [d:-602][t:05:18:31]
[I](2023-01-09  02:41:51 pm)작업 재시작
[I](2023-01-09  02:41:56 pm)작업중 정지 [d:-602][t:05:18:39]
[I](2023-01-09  02:41:56 pm)    [LNo:0002] 001748/001932
[I](2023-01-09  02:41:56 pm)작업중 30sec 접촉 정지 [d:-602][t:05:18:39]
[I](2023-01-09  02:42:00 pm)작업 재시작
[I](2023-01-09  02:42:05 pm)작업중 정지 [d:-602][t:05:18:48]
[I](2023-01-09  02:42:05 pm)    [LNo:0002] 001748/001932
[I](2023-01-09  02:42:05 pm)작업중 30sec 접촉 정지 [d:-602][t:05:18:48]
[I](2023-01-09  02:42:10 pm)작업 재시작
[I](2023-01-09  02:42:15 pm)작업중 정지 [d:-601][t:05:18:58]
[I](2023-01-09  02:42:15 pm)    [LNo:0002] 001748/001932
[I](2023-01-09  02:42:15 pm)작업중 30sec 접촉 정지 [d:-601][t:05:18:58]
[I](2023-01-09  02:42:19 pm)작업 재시작
[I](2023-01-09  02:42:24 pm)작업중 정지 [d:-601][t:05:19:08]
[I](2023-01-09  02:42:24 pm)    [LNo:0002] 001748/001932
[I](2023-01-09  02:42:24 pm)작업중 30sec 접촉 정지 [d:-601][t:05:19:08]
[I](2023-01-09  02:42:29 pm)작업 재시작
[I](2023-01-09  03:13:41 pm)작업중 정지 [d:-570][t:05:50:25]
[I](2023-01-09  03:13:41 pm)    [LNo:0002] 001920/001932
[I](2023-01-09  03:13:41 pm)작업중 M코드정지 [d:-570][t:05:50:25]
[I](2023-01-09  03:15:05 pm)작업중 정지 [d:-570][t:05:51:48]
[I](2023-01-09  03:15:05 pm)    [LNo:0002] 001921/001932
[I](2023-01-09  03:15:05 pm)Wire Contact Auto Stop(M52)
[A](2023-01-09  03:15:17 pm)[084] Work Tank Fluid Sensor Abnormal
[I](2023-01-09  03:19:37 pm)Reset
[I](2023-01-09  03:25:41 pm)Reset
[I](2023-01-09  03:25:47 pm)Reset
[I](2023-01-09  03:26:13 pm)Reset
[I](2023-01-09  03:28:22 pm)작업 시작 [Start d:346]
[I](2023-01-09  03:28:22 pm)Nc File: [No.0001-633.NC]
[I](2023-01-09  03:28:22 pm)  * Start Machine Position
[I](2023-01-09  03:28:22 pm)    X:     58.3008
[I](2023-01-09  03:28:22 pm)    Y:   -369.3691
[I](2023-01-09  03:28:22 pm)    U:      0.0000
[I](2023-01-09  03:28:22 pm)    V:      0.0000
[I](2023-01-09  03:28:22 pm)    Z:     29.1205
[I](2023-01-09  03:28:22 pm)  * Angle
[I](2023-01-09  03:28:22 pm)    Ar:      0.0000,Kr:      0.0000
[I](2023-01-09  03:28:22 pm)    Taper_Ar:      0.0000
[I](2023-01-09  03:43:26 pm)작업중 정지 [d:15][t:00:15:04]
[I](2023-01-09  03:43:26 pm)    [LNo:0001] 000136/000568
[I](2023-01-09  03:43:27 pm)작업중 M코드정지 [d:15][t:00:15:04]
[I](2023-01-09  03:45:53 pm)작업중 정지 [d:15][t:00:17:31]
[I](2023-01-09  03:45:53 pm)    [LNo:0001] 000138/000568
[I](2023-01-09  03:45:53 pm)작업중 M코드정지 [d:15][t:00:17:31]
[A](2023-01-09  03:46:16 pm)[037] 자동결선 잔여 WIRE 처리 실패!!
[I](2023-01-09  03:47:02 pm)작업중 정지 [d:15][t:00:18:40]
[I](2023-01-09  03:47:02 pm)    [LNo:0001] 000141/000568
[I](2023-01-09  03:47:03 pm)작업중 정지 [d:15][t:00:18:41]
[I](2023-01-09  03:47:03 pm)    [LNo:0001] 000141/000568
[A](2023-01-09  03:47:04 pm)[010] 자동결선 Error(M21-절단실패)
[I](2023-01-09  04:01:20 pm)작업중 정지 [d:29][t:00:32:57]
[I](2023-01-09  04:01:20 pm)    [LNo:0001] 000276/000568
[I](2023-01-09  04:01:20 pm)작업중 M코드정지 [d:29][t:00:32:57]
[I](2023-01-09  04:03:10 pm)작업중 정지 [d:29][t:00:34:47]
[I](2023-01-09  04:03:10 pm)    [LNo:0001] 000278/000568
[I](2023-01-09  04:03:10 pm)작업중 M코드정지 [d:29][t:00:34:47]
[A](2023-01-09  04:03:35 pm)[037] 자동결선 잔여 WIRE 처리 실패!!
[I](2023-01-09  04:04:50 pm)작업중 정지 [d:29][t:00:36:28]
[I](2023-01-09  04:04:50 pm)    [LNo:0001] 000281/000568
[I](2023-01-09  04:04:51 pm)작업중 정지 [d:29][t:00:36:29]
[I](2023-01-09  04:04:51 pm)    [LNo:0001] 000281/000568
[I](2023-01-09  04:04:52 pm)작업중 정지 [d:29][t:00:36:30]
[I](2023-01-09  04:04:52 pm)    [LNo:0001] 000281/000568
[A](2023-01-09  04:04:52 pm)[010] 자동결선 Error(M21-절단실패)
[I](2023-01-09  04:18:59 pm)작업중 정지 [d:42][t:00:50:36]
[I](2023-01-09  04:18:59 pm)    [LNo:0001] 000416/000568
[I](2023-01-09  04:18:59 pm)작업중 M코드정지 [d:42][t:00:50:37]
[I](2023-01-09  04:19:32 pm)작업중 정지 [d:42][t:00:51:10]
[I](2023-01-09  04:19:32 pm)    [LNo:0001] 000417/000568
[I](2023-01-09  04:21:35 pm)작업 재시작
[I](2023-01-09  04:21:45 pm)작업중 정지 [d:42][t:00:53:23]
[I](2023-01-09  04:21:45 pm)    [LNo:0001] 000418/000568
[I](2023-01-09  04:21:45 pm)작업중 M코드정지 [d:42][t:00:53:23]
[I](2023-01-09  04:21:52 pm)작업중 정지 [d:42][t:00:53:30]
[I](2023-01-09  04:21:52 pm)    [LNo:0001] 000421/000568
[I](2023-01-09  04:21:53 pm)작업중 정지 [d:42][t:00:53:31]
[I](2023-01-09  04:21:53 pm)    [LNo:0001] 000421/000568
[A](2023-01-09  04:21:53 pm)[010] 자동결선 Error(M21-절단실패)
[I](2023-01-09  04:36:02 pm)작업중 정지 [d:55][t:01:07:40]
[I](2023-01-09  04:36:02 pm)    [LNo:0001] 000556/000568
[I](2023-01-09  04:36:02 pm)작업중 M코드정지 [d:55][t:01:07:40]
[I](2023-01-09  04:36:25 pm)작업중 정지 [d:55][t:01:08:03]
[I](2023-01-09  04:36:25 pm)    [LNo:0001] 000558/000568
[I](2023-01-09  04:36:25 pm)작업중 M코드정지 [d:55][t:01:08:03]
[A](2023-01-09  04:36:47 pm)[037] 자동결선 잔여 WIRE 처리 실패!!
[I](2023-01-09  04:38:51 pm)Reset
[A](2023-01-09  04:41:41 pm)[037] 자동결선 잔여 WIRE 처리 실패!!
[I](2023-01-09  04:44:13 pm)Reset
[I](2023-01-09  04:45:17 pm)Reset
[I](2023-01-09  04:46:36 pm)Reset
[I](2023-01-09  04:49:10 pm)작업 시작 [Start d:401]
[I](2023-01-09  04:49:10 pm)Nc File: [No.0002-630.NC]
[I](2023-01-09  04:49:10 pm)  * Start Machine Position
[I](2023-01-09  04:49:10 pm)    X:     72.5572
[I](2023-01-09  04:49:10 pm)    Y:   -271.6312
[I](2023-01-09  04:49:10 pm)    U:      0.0000
[I](2023-01-09  04:49:10 pm)    V:      0.0000
[I](2023-01-09  04:49:10 pm)    Z:     45.5630
[I](2023-01-09  04:49:10 pm)  * Angle
[I](2023-01-09  04:49:10 pm)    Ar:     -0.3730,Kr:      0.0000
[I](2023-01-09  04:49:10 pm)    Taper_Ar:      0.0000
[I](2023-01-09  05:16:20 pm)작업중 정지 [d:-383][t:00:27:09]
[I](2023-01-09  05:16:20 pm)    [LNo:0002] 000023/000234
[A](2023-01-09  05:16:20 pm)[008] 작업중 단선(AWF Feed Motor Stop )
[I](2023-01-09  05:16:20 pm)작업중 Wire 단선 [d:-383][t:00:27:09]
[A](2023-01-09  05:16:37 pm)[041] AWF 명령끝날때까지 센서감지(타임아웃) 안됨
[A](2023-01-09  05:19:20 pm)[037] 자동결선 잔여 WIRE 처리 실패!!
[I](2023-01-09  05:19:48 pm)작업 재시작
[I](2023-01-09  06:34:05 pm)작업중 정지 [d:-309][t:01:44:54]
[I](2023-01-09  06:34:05 pm)    [LNo:0002] 000109/000234
[I](2023-01-09  06:34:05 pm)작업중 M코드정지 [d:-309][t:01:44:54]
[I](2023-01-09  06:34:31 pm)작업중 정지 [d:-309][t:01:45:20]
[I](2023-01-09  06:34:31 pm)    [LNo:0002] 000110/000234
[I](2023-01-09  06:34:31 pm)Wire Contact Auto Stop(M52)
[I](2023-01-09  06:34:35 pm)작업 재시작
[I](2023-01-09  06:34:36 pm)작업중 정지 [d:-309][t:01:45:25]
[I](2023-01-09  06:34:36 pm)    [LNo:0002] 000110/000234
[I](2023-01-09  06:35:30 pm)작업 재시작
[I](2023-01-09  06:35:35 pm)작업중 정지 [d:-309][t:01:46:24]
[I](2023-01-09  06:35:35 pm)    [LNo:0002] 000111/000234
[I](2023-01-09  06:35:35 pm)작업중 M코드정지 [d:-309][t:01:46:24]
[A](2023-01-09  06:35:36 pm)[001] 와이어 미동작
[I](2023-01-09  06:35:46 pm)작업중 정지 [d:-309][t:01:46:35]
[I](2023-01-09  06:35:46 pm)    [LNo:0002] 000114/000234
[I](2023-01-09  06:35:47 pm)작업중 정지 [d:-309][t:01:46:36]
[I](2023-01-09  06:35:47 pm)    [LNo:0002] 000114/000234
[A](2023-01-09  06:35:47 pm)[010] 자동결선 Error(M21-절단실패)
[I](2023-01-09  06:36:17 pm)작업중 정지 [d:-309][t:01:47:06]
[I](2023-01-09  06:36:17 pm)    [LNo:0002] 000120/000234
[A](2023-01-09  06:36:51 pm)[033] 자동결선 회수 롤러 WIRE CONTACT!!
[I](2023-01-09  08:19:17 pm)작업중 정지 [d:-206][t:03:30:06]
[I](2023-01-09  08:19:17 pm)    [LNo:0002] 000222/000234
[I](2023-01-09  08:19:17 pm)작업중 M코드정지 [d:-206][t:03:30:06]
[I](2023-01-09  08:20:56 pm)작업중 정지 [d:-206][t:03:31:45]
[I](2023-01-09  08:20:56 pm)    [LNo:0002] 000223/000234
[I](2023-01-09  08:20:56 pm)Wire Contact Auto Stop(M52)
[I](2023-01-09  08:30:59 pm)Reset
[I](2023-01-09  08:31:05 pm)Reset
[I](2023-01-09  08:31:05 pm)Reset
[I](2023-01-09  08:31:05 pm)Reset
[I](2023-01-09  08:31:18 pm)Reset
[I](2023-01-09  08:31:55 pm)Reset
[I](2023-01-09  08:32:00 pm)Reset
[I](2023-01-09  08:32:57 pm)Reset
[I](2023-01-09  08:33:01 pm)Reset
[I](2023-01-09  08:34:40 pm)Reset
[I](2023-01-09  08:34:43 pm)Reset
[I](2023-01-09  08:35:46 pm)작업 시작 [Start d:195]
[I](2023-01-09  08:35:46 pm)Nc File: [No.0001-647.NC *]
[I](2023-01-09  08:35:46 pm)  * Start Machine Position
[I](2023-01-09  08:35:46 pm)    X:    396.2586
[I](2023-01-09  08:35:46 pm)    Y:   -366.5924
[I](2023-01-09  08:35:46 pm)    U:      0.0000
[I](2023-01-09  08:35:46 pm)    V:      0.0000
[I](2023-01-09  08:35:46 pm)    Z:     45.5965
[I](2023-01-09  08:35:46 pm)  * Angle
[I](2023-01-09  08:35:46 pm)    Ar:      0.3774,Kr:      0.0000
[I](2023-01-09  08:35:46 pm)    Taper_Ar:      0.0000
[I](2023-01-09  08:36:20 pm)작업중 정지 [d:0][t:00:00:33]
[I](2023-01-09  08:36:20 pm)    [LNo:0001] 000064/000825
[I](2023-01-09  08:36:52 pm)작업중 정지 [d:0][t:00:01:05]
[I](2023-01-09  08:36:52 pm)    [LNo:0001] 000065/000825
[I](2023-01-09  08:36:58 pm)작업중 정지 [d:0][t:00:01:11]
[I](2023-01-09  08:36:58 pm)    [LNo:0001] 000088/000825
[I](2023-01-09  08:37:56 pm)작업중 정지 [d:0][t:00:02:09]
[I](2023-01-09  08:37:56 pm)    [LNo:0001] 000091/000825
[I](2023-01-09  08:38:29 pm)작업중 정지 [d:0][t:00:02:42]
[I](2023-01-09  08:38:29 pm)    [LNo:0001] 000412/000825
[I](2023-01-09  08:39:35 pm)Reset
[I](2023-01-09  08:39:36 pm)Reset
[I](2023-01-09  08:40:00 pm)Reset
[I](2023-01-09  08:40:00 pm)Reset
[I](2023-01-09  08:40:05 pm)작업 시작 [Start d:195]
[I](2023-01-09  08:40:05 pm)Nc File: [No.0001-647.NC *]
[I](2023-01-09  08:40:05 pm)  * Start Machine Position
[I](2023-01-09  08:40:05 pm)    X:    396.2586
[I](2023-01-09  08:40:05 pm)    Y:   -366.5924
[I](2023-01-09  08:40:05 pm)    U:      0.0000
[I](2023-01-09  08:40:05 pm)    V:      0.0000
[I](2023-01-09  08:40:05 pm)    Z:     45.5965
[I](2023-01-09  08:40:05 pm)  * Angle
[I](2023-01-09  08:40:05 pm)    Ar:      0.3774,Kr:      0.0000
[I](2023-01-09  08:40:05 pm)    Taper_Ar:      0.0000
[I](2023-01-09  09:01:02 pm)작업중 정지 [d:21][t:00:20:56]
[I](2023-01-09  09:01:02 pm)    [LNo:0001] 000026/000825
