[I](2023-01-19  08:30:54 am)작업중 정지 [d:719][t:12:14:09]
[I](2023-01-19  08:30:54 am)    [LNo:0002] 000706/001167
[I](2023-01-19  08:30:54 am)작업중 M코드정지 [d:719][t:12:14:09]
[I](2023-01-19  08:33:13 am)작업중 정지 [d:719][t:12:16:28]
[I](2023-01-19  08:33:13 am)    [LNo:0002] 000709/001167
[I](2023-01-19  08:33:43 am)Reset
[I](2023-01-19  08:33:43 am)Reset
[I](2023-01-19  08:34:03 am)작업 시작 [Start d:777]
[I](2023-01-19  08:34:03 am)Nc File: [No.0001-390.NC]
[I](2023-01-19  08:34:03 am)  * Start Machine Position
[I](2023-01-19  08:34:03 am)    X:    169.8149
[I](2023-01-19  08:34:03 am)    Y:   -221.4759
[I](2023-01-19  08:34:03 am)    U:      0.0000
[I](2023-01-19  08:34:03 am)    V:      0.0000
[I](2023-01-19  08:34:03 am)    Z:     45.7295
[I](2023-01-19  08:34:03 am)  * Angle
[I](2023-01-19  08:34:03 am)    Ar:      0.6471,Kr:      0.0000
[I](2023-01-19  08:34:03 am)    Taper_Ar:      0.0000
[I](2023-01-19  08:34:06 am)작업중 정지 [d:0][t:00:00:03]
[I](2023-01-19  08:34:06 am)    [LNo:0001] 000100/001368
[I](2023-01-19  08:34:24 am)작업중 정지 [d:0][t:00:00:20]
[I](2023-01-19  08:34:24 am)    [LNo:0001] 000101/001368
[I](2023-01-19  08:49:40 am)작업중 정지 [d:10][t:00:15:36]
[I](2023-01-19  08:49:40 am)    [LNo:0001] 000114/001368
[I](2023-01-19  08:49:40 am)작업중 M코드정지 [d:10][t:00:15:36]
[I](2023-01-19  08:50:33 am)작업중 정지 [d:11][t:00:16:29]
[I](2023-01-19  08:50:33 am)    [LNo:0001] 000117/001368
[I](2023-01-19  08:50:33 am)작업중 M코드정지 [d:11][t:00:16:29]
[I](2023-01-19  08:51:34 am)작업중 정지 [d:11][t:00:17:31]
[I](2023-01-19  08:51:34 am)    [LNo:0001] 000120/001368
[I](2023-01-19  08:51:34 am)작업중 Single Block Stop [d:11][t:00:17:31]
[I](2023-01-19  08:51:52 am)작업중 정지 [d:11][t:00:17:48]
[I](2023-01-19  08:51:52 am)    [LNo:0001] 000194/001368
[I](2023-01-19  08:52:33 am)작업중 정지 [d:11][t:00:18:29]
[I](2023-01-19  08:52:33 am)    [LNo:0001] 000203/001368
[A](2023-01-19  08:52:33 am)[008] 작업중 단선(AWF Feed Motor Stop )
[I](2023-01-19  08:52:33 am)작업중 Wire 단선 [d:11][t:00:18:29]
[I](2023-01-19  08:56:43 am)작업 재시작
[I](2023-01-19  09:06:55 am)작업중 정지 [d:-767][t:00:32:51]
[I](2023-01-19  09:06:55 am)    [LNo:0001] 000208/001368
[I](2023-01-19  09:06:55 am)작업중 M코드정지 [d:-767][t:00:32:51]
[I](2023-01-19  09:12:55 am)작업중 정지 [d:-767][t:00:38:52]
[I](2023-01-19  09:12:55 am)    [LNo:0001] 000211/001368
[I](2023-01-19  09:12:55 am)작업중 M코드정지 [d:-767][t:00:38:52]
[I](2023-01-19  09:13:53 am)작업중 정지 [d:-767][t:00:39:49]
[I](2023-01-19  09:13:53 am)    [LNo:0001] 000214/001368
[I](2023-01-19  09:13:53 am)작업중 Single Block Stop [d:-767][t:00:39:49]
[I](2023-01-19  09:14:02 am)작업중 정지 [d:-767][t:00:39:58]
[I](2023-01-19  09:14:02 am)    [LNo:0001] 000288/001368
[I](2023-01-19  09:24:31 am)작업중 정지 [d:-757][t:00:50:27]
[I](2023-01-19  09:24:31 am)    [LNo:0001] 000302/001368
[I](2023-01-19  09:24:31 am)작업중 M코드정지 [d:-757][t:00:50:27]
[I](2023-01-19  09:24:59 am)작업중 정지 [d:-757][t:00:50:56]
[I](2023-01-19  09:24:59 am)    [LNo:0001] 000305/001368
[I](2023-01-19  09:24:59 am)작업중 M코드정지 [d:-757][t:00:50:56]
[I](2023-01-19  09:25:58 am)작업중 정지 [d:-757][t:00:51:55]
[I](2023-01-19  09:25:58 am)    [LNo:0001] 000308/001368
[I](2023-01-19  09:25:58 am)작업중 Single Block Stop [d:-757][t:00:51:55]
[I](2023-01-19  09:26:09 am)작업중 정지 [d:-757][t:00:52:06]
[I](2023-01-19  09:26:09 am)    [LNo:0001] 000382/001368
[I](2023-01-19  09:36:53 am)작업중 정지 [d:-747][t:01:02:49]
[I](2023-01-19  09:36:53 am)    [LNo:0001] 000396/001368
[I](2023-01-19  09:36:53 am)작업중 M코드정지 [d:-747][t:01:02:50]
[I](2023-01-19  09:37:16 am)작업중 정지 [d:-747][t:01:03:13]
[I](2023-01-19  09:37:16 am)    [LNo:0001] 000399/001368
[I](2023-01-19  09:37:16 am)작업중 M코드정지 [d:-747][t:01:03:13]
[I](2023-01-19  09:38:00 am)작업중 정지 [d:-747][t:01:03:57]
[I](2023-01-19  09:38:00 am)    [LNo:0001] 000402/001368
[A](2023-01-19  09:38:01 am)[011] 자동결선 Error(M21-잔여와이어 처리실패)
[I](2023-01-19  09:38:21 am)작업중 정지 [d:-747][t:01:04:18]
[I](2023-01-19  09:38:21 am)    [LNo:0001] 000476/001368
[I](2023-01-19  09:49:31 am)작업중 정지 [d:-736][t:01:15:27]
[I](2023-01-19  09:49:31 am)    [LNo:0001] 000492/001368
[I](2023-01-19  09:49:56 am)작업 재시작
[I](2023-01-19  09:49:57 am)작업중 정지 [d:-736][t:01:15:53]
[I](2023-01-19  09:49:57 am)    [LNo:0001] 000493/001368
[I](2023-01-19  09:49:57 am)작업중 M코드정지 [d:-736][t:01:15:53]
[I](2023-01-19  09:51:08 am)작업중 정지 [d:-736][t:01:17:04]
[I](2023-01-19  09:51:08 am)    [LNo:0001] 000507/001368
[I](2023-01-19  09:51:52 am)작업중 정지 [d:-736][t:01:17:48]
[I](2023-01-19  09:51:52 am)    [LNo:0001] 000570/001368
[I](2023-01-19  09:52:30 am)작업중 정지 [d:-736][t:01:18:26]
[I](2023-01-19  09:52:30 am)    [LNo:0001] 000579/001368
[A](2023-01-19  09:52:30 am)[008] 작업중 단선(AWF Feed Motor Stop )
[I](2023-01-19  09:52:30 am)작업중 Wire 단선 [d:-736][t:01:18:26]
[I](2023-01-19  09:53:37 am)작업 재시작
[I](2023-01-19  10:04:01 am)작업중 정지 [d:-726][t:01:29:57]
[I](2023-01-19  10:04:01 am)    [LNo:0001] 000587/001368
[I](2023-01-19  10:04:01 am)작업중 M코드정지 [d:-726][t:01:29:57]
[I](2023-01-19  10:04:52 am)작업중 정지 [d:-726][t:01:30:48]
[I](2023-01-19  10:04:52 am)    [LNo:0001] 000596/001368
[I](2023-01-19  10:04:52 am)작업중 M코드정지 [d:-726][t:01:30:48]
[I](2023-01-19  10:04:54 am)작업중 정지 [d:-726][t:01:30:50]
[I](2023-01-19  10:04:54 am)    [LNo:0001] 000599/001368
[I](2023-01-19  10:05:13 am)작업중 정지 [d:-726][t:01:31:09]
[I](2023-01-19  10:05:13 am)    [LNo:0001] 000664/001368
[I](2023-01-19  10:05:44 am)작업중 정지 [d:-726][t:01:31:40]
[I](2023-01-19  10:05:44 am)    [LNo:0001] 000665/001368
[I](2023-01-19  10:05:44 am)작업중 M코드정지 [d:-726][t:01:31:40]
[I](2023-01-19  10:16:04 am)작업중 정지 [d:-716][t:01:42:00]
[I](2023-01-19  10:16:04 am)    [LNo:0001] 000678/001368
[I](2023-01-19  10:16:04 am)작업중 M코드정지 [d:-716][t:01:42:00]
[I](2023-01-19  10:16:33 am)작업중 정지 [d:-715][t:01:42:29]
[I](2023-01-19  10:16:33 am)    [LNo:0001] 000681/001368
[I](2023-01-19  10:16:33 am)작업중 M코드정지 [d:-715][t:01:42:30]
[I](2023-01-19  10:17:32 am)작업중 정지 [d:-715][t:01:43:28]
[I](2023-01-19  10:17:32 am)    [LNo:0001] 000684/001368
[I](2023-01-19  10:17:32 am)작업중 Single Block Stop [d:-715][t:01:43:28]
[A](2023-01-19  10:17:45 am)[036] 자동결선 절단 공정 실패!!
[I](2023-01-19  10:19:13 am)작업중 정지 [d:-715][t:01:45:09]
[I](2023-01-19  10:19:13 am)    [LNo:0001] 000173/001368
[I](2023-01-19  10:24:13 am)작업중 정지 [d:-711][t:01:50:09]
[I](2023-01-19  10:24:13 am)    [LNo:0001] 000184/001368
[I](2023-01-19  10:24:13 am)작업중 M코드정지 [d:-711][t:01:50:09]
[I](2023-01-19  10:25:33 am)작업중 정지 [d:-710][t:01:51:29]
[I](2023-01-19  10:25:33 am)    [LNo:0001] 000185/001368
[I](2023-01-19  10:25:33 am)Wire Contact Auto Stop(M52)
[I](2023-01-19  10:25:54 am)작업 재시작
[I](2023-01-19  10:25:57 am)작업중 정지 [d:-710][t:01:51:54]
[I](2023-01-19  10:25:57 am)    [LNo:0001] 000186/001368
[I](2023-01-19  10:25:57 am)작업중 M코드정지 [d:-710][t:01:51:54]
[I](2023-01-19  10:29:22 am)작업중 정지 [d:-708][t:01:55:18]
[I](2023-01-19  10:29:22 am)    [LNo:0001] 000214/001368
[A](2023-01-19  10:29:22 am)[011] 자동결선 Error(M21-잔여와이어 처리실패)
[I](2023-01-19  10:29:41 am)Reset
[I](2023-01-19  10:29:42 am)Reset
[I](2023-01-19  10:29:49 am)작업 시작 [Start d:69]
[I](2023-01-19  10:29:49 am)Nc File: [No.0002-418.NC]
[I](2023-01-19  10:29:49 am)  * Start Machine Position
[I](2023-01-19  10:29:49 am)    X:    169.8149
[I](2023-01-19  10:29:49 am)    Y:   -221.4759
[I](2023-01-19  10:29:49 am)    U:      0.0000
[I](2023-01-19  10:29:49 am)    V:      0.0000
[I](2023-01-19  10:29:49 am)    Z:     45.7295
[I](2023-01-19  10:29:49 am)  * Angle
[I](2023-01-19  10:29:49 am)    Ar:      0.6471,Kr:      0.0000
[I](2023-01-19  10:29:49 am)    Taper_Ar:      0.0000
[I](2023-01-19  10:29:55 am)작업중 정지 [d:0][t:00:00:06]
[I](2023-01-19  10:29:55 am)    [LNo:0002] 000010/001167
[I](2023-01-19  10:29:57 am)작업중 정지 [d:0][t:00:00:08]
[I](2023-01-19  10:29:57 am)    [LNo:0002] 000015/001167
[I](2023-01-19  10:29:58 am)작업중 정지 [d:0][t:00:00:09]
[I](2023-01-19  10:29:58 am)    [LNo:0002] 000015/001167
[I](2023-01-19  10:30:45 am)작업중 정지 [d:0][t:00:00:56]
[I](2023-01-19  10:30:45 am)    [LNo:0002] 000847/001167
[I](2023-01-19  10:35:56 am)작업중 정지 [d:4][t:00:06:06]
[I](2023-01-19  10:35:56 am)    [LNo:0002] 000859/001167
[I](2023-01-19  10:35:56 am)Wire Contact Auto Stop(M52)
[A](2023-01-19  10:36:18 am)[001] 와이어 미동작
[I](2023-01-19  10:36:19 am)작업 재시작
[I](2023-01-19  10:36:23 am)작업중 정지 [d:5][t:00:06:34]
[I](2023-01-19  10:36:23 am)    [LNo:0002] 000860/001167
[I](2023-01-19  10:36:23 am)작업중 M코드정지 [d:5][t:00:06:34]
[I](2023-01-19  10:41:28 am)작업중 정지 [d:9][t:00:11:39]
[I](2023-01-19  10:41:28 am)    [LNo:0002] 000879/001167
[I](2023-01-19  10:41:28 am)작업중 M코드정지 [d:9][t:00:11:39]
[I](2023-01-19  10:41:54 am)작업중 정지 [d:9][t:00:12:05]
[I](2023-01-19  10:41:54 am)    [LNo:0002] 000880/001167
[I](2023-01-19  10:41:54 am)Wire Contact Auto Stop(M52)
[I](2023-01-19  10:42:17 am)작업 재시작
[I](2023-01-19  10:42:18 am)작업중 정지 [d:9][t:00:12:29]
[I](2023-01-19  10:42:18 am)    [LNo:0002] 000881/001167
[I](2023-01-19  10:42:18 am)작업중 M코드정지 [d:9][t:00:12:29]
[I](2023-01-19  10:47:30 am)작업중 정지 [d:13][t:00:17:41]
[I](2023-01-19  10:47:30 am)    [LNo:0002] 000901/001167
[I](2023-01-19  10:47:30 am)Wire Contact Auto Stop(M52)
[I](2023-01-19  10:47:54 am)작업 재시작
[I](2023-01-19  10:47:55 am)작업중 정지 [d:13][t:00:18:06]
[I](2023-01-19  10:47:55 am)    [LNo:0002] 000902/001167
[I](2023-01-19  10:47:55 am)작업중 M코드정지 [d:13][t:00:18:06]
[I](2023-01-19  10:52:56 am)작업중 정지 [d:17][t:00:23:07]
[I](2023-01-19  10:52:56 am)    [LNo:0002] 000921/001167
[I](2023-01-19  10:52:56 am)작업중 M코드정지 [d:17][t:00:23:07]
[I](2023-01-19  10:54:48 am)작업중 정지 [d:17][t:00:24:59]
[I](2023-01-19  10:54:48 am)    [LNo:0002] 000922/001167
[I](2023-01-19  10:54:49 am)Wire Contact Auto Stop(M52)
[I](2023-01-19  10:55:31 am)작업 재시작
[I](2023-01-19  10:55:35 am)작업중 정지 [d:17][t:00:25:46]
[I](2023-01-19  10:55:35 am)    [LNo:0002] 000923/001167
[I](2023-01-19  10:55:35 am)작업중 M코드정지 [d:17][t:00:25:46]
[I](2023-01-19  11:00:39 am)작업중 정지 [d:21][t:00:30:50]
[I](2023-01-19  11:00:39 am)    [LNo:0002] 000942/001167
[I](2023-01-19  11:00:39 am)작업중 M코드정지 [d:21][t:00:30:50]
[A](2023-01-19  11:01:51 am)[002] 가공액 미동작
[I](2023-01-19  11:02:14 am)작업중 정지 [d:21][t:00:32:25]
[I](2023-01-19  11:02:14 am)    [LNo:0002] 000943/001167
[I](2023-01-19  11:02:14 am)Wire Contact Auto Stop(M52)
[I](2023-01-19  11:02:40 am)작업 재시작
[I](2023-01-19  11:02:44 am)작업중 정지 [d:21][t:00:32:55]
[I](2023-01-19  11:02:44 am)    [LNo:0002] 000944/001167
[I](2023-01-19  11:02:45 am)작업중 M코드정지 [d:21][t:00:32:55]
[I](2023-01-19  11:07:46 am)작업중 정지 [d:25][t:00:37:56]
[I](2023-01-19  11:07:46 am)    [LNo:0002] 000963/001167
[I](2023-01-19  11:07:46 am)작업중 M코드정지 [d:25][t:00:37:56]
[I](2023-01-19  11:09:13 am)작업중 정지 [d:25][t:00:39:24]
[I](2023-01-19  11:09:13 am)    [LNo:0002] 000964/001167
[I](2023-01-19  11:09:13 am)Wire Contact Auto Stop(M52)
[I](2023-01-19  11:09:38 am)작업 재시작
[I](2023-01-19  11:09:39 am)작업중 정지 [d:25][t:00:39:50]
[I](2023-01-19  11:09:39 am)    [LNo:0002] 000965/001167
[I](2023-01-19  11:09:39 am)작업중 M코드정지 [d:25][t:00:39:50]
[I](2023-01-19  11:19:49 am)작업중 정지 [d:34][t:00:50:00]
[I](2023-01-19  11:19:49 am)    [LNo:0002] 000988/001167
[I](2023-01-19  11:19:49 am)Wire Contact Auto Stop(M52)
[I](2023-01-19  11:20:14 am)작업 재시작
[I](2023-01-19  11:20:17 am)작업중 정지 [d:34][t:00:50:27]
[I](2023-01-19  11:20:17 am)    [LNo:0002] 000989/001167
[I](2023-01-19  11:20:17 am)작업중 M코드정지 [d:34][t:00:50:27]
[I](2023-01-19  11:30:44 am)작업중 정지 [d:43][t:01:00:55]
[I](2023-01-19  11:30:44 am)    [LNo:0002] 001011/001167
[I](2023-01-19  11:30:44 am)작업중 M코드정지 [d:43][t:01:00:55]
[I](2023-01-19  11:31:34 am)작업중 정지 [d:43][t:01:01:45]
[I](2023-01-19  11:31:34 am)    [LNo:0002] 001012/001167
[I](2023-01-19  11:31:34 am)Wire Contact Auto Stop(M52)
[I](2023-01-19  11:32:09 am)작업 재시작
[I](2023-01-19  11:32:12 am)작업중 정지 [d:43][t:01:02:22]
[I](2023-01-19  11:32:12 am)    [LNo:0002] 001013/001167
[I](2023-01-19  11:32:12 am)작업중 M코드정지 [d:43][t:01:02:22]
[I](2023-01-19  11:43:46 am)작업중 정지 [d:53][t:01:13:57]
[I](2023-01-19  11:43:46 am)    [LNo:0002] 001036/001167
[I](2023-01-19  11:43:47 am)Wire Contact Auto Stop(M52)
[I](2023-01-19  11:44:54 am)Reset
[I](2023-01-19  11:45:05 am)작업 시작 [Start d:122]
[I](2023-01-19  11:45:05 am)Nc File: [No.0001-390.NC]
[I](2023-01-19  11:45:05 am)  * Start Machine Position
[I](2023-01-19  11:45:05 am)    X:    169.8149
[I](2023-01-19  11:45:05 am)    Y:   -221.4759
[I](2023-01-19  11:45:05 am)    U:      0.0000
[I](2023-01-19  11:45:05 am)    V:      0.0000
[I](2023-01-19  11:45:05 am)    Z:     45.7295
[I](2023-01-19  11:45:05 am)  * Angle
[I](2023-01-19  11:45:05 am)    Ar:      0.6471,Kr:      0.0000
[I](2023-01-19  11:45:05 am)    Taper_Ar:      0.0000
[I](2023-01-19  12:35:58 pm)작업중 정지 [d:50][t:00:50:53]
[I](2023-01-19  12:35:58 pm)    [LNo:0001] 001252/001368
[I](2023-01-19  12:35:58 pm)작업중 30sec 접촉 정지 [d:50][t:00:50:53]
[I](2023-01-19  12:45:53 pm)작업 재시작
[I](2023-01-19  01:07:59 pm)작업중 정지 [d:72][t:01:22:54]
[I](2023-01-19  01:07:59 pm)    [LNo:0001] 001281/001368
[I](2023-01-19  01:07:59 pm)Wire Contact Auto Stop(M52)
[I](2023-01-19  01:08:23 pm)작업 재시작
[I](2023-01-19  01:08:29 pm)작업중 정지 [d:72][t:01:23:23]
[I](2023-01-19  01:08:29 pm)    [LNo:0001] 001282/001368
[I](2023-01-19  01:08:29 pm)작업중 M코드정지 [d:72][t:01:23:23]
[I](2023-01-19  02:02:25 pm)작업중 정지 [d:125][t:02:17:19]
[I](2023-01-19  02:02:25 pm)    [LNo:0001] 001328/001368
[I](2023-01-19  02:02:25 pm)작업중 30sec 접촉 정지 [d:125][t:02:17:19]
[I](2023-01-19  02:04:55 pm)작업 재시작
[I](2023-01-19  02:05:04 pm)작업중 정지 [d:125][t:02:19:59]
[I](2023-01-19  02:05:04 pm)    [LNo:0001] 001328/001368
[I](2023-01-19  02:05:05 pm)작업중 30sec 접촉 정지 [d:125][t:02:19:59]
[I](2023-01-19  02:05:11 pm)작업 재시작
[I](2023-01-19  02:24:34 pm)작업중 정지 [d:145][t:02:39:29]
[I](2023-01-19  02:24:34 pm)    [LNo:0001] 001356/001368
[I](2023-01-19  02:24:34 pm)작업중 M코드정지 [d:145][t:02:39:29]
[I](2023-01-19  02:27:03 pm)작업중 정지 [d:145][t:02:41:58]
[I](2023-01-19  02:27:03 pm)    [LNo:0001] 001357/001368
[I](2023-01-19  02:27:04 pm)Wire Contact Auto Stop(M52)
[I](2023-01-19  02:27:31 pm)작업 재시작
[I](2023-01-19  02:27:35 pm)작업중 정지 [d:145][t:02:42:29]
[I](2023-01-19  02:27:35 pm)    [LNo:0001] 001358/001368
[I](2023-01-19  02:27:35 pm)작업중 M코드정지 [d:145][t:02:42:29]
[I](2023-01-19  02:28:20 pm)작업중 정지 [d:145][t:02:43:14]
[I](2023-01-19  02:28:20 pm)    [LNo:0001] 001364/001368
[I](2023-01-19  02:28:20 pm)작업중 M코드정지 [d:145][t:02:43:14]
[I](2023-01-19  02:28:21 pm)Reset
[I](2023-01-19  02:28:22 pm)작업 시작 [Start d:267]
[I](2023-01-19  02:28:22 pm)Nc File: [No.0001-390.NC]
[I](2023-01-19  02:28:22 pm)  * Start Machine Position
[I](2023-01-19  02:28:22 pm)    X:    169.8149
[I](2023-01-19  02:28:22 pm)    Y:   -221.4759
[I](2023-01-19  02:28:22 pm)    U:      0.0000
[I](2023-01-19  02:28:22 pm)    V:      0.0000
[I](2023-01-19  02:28:22 pm)    Z:     45.7295
[I](2023-01-19  02:28:22 pm)  * Angle
[I](2023-01-19  02:28:22 pm)    Ar:      0.6471,Kr:      0.0000
[I](2023-01-19  02:28:22 pm)    Taper_Ar:      0.0000
[I](2023-01-19  02:28:23 pm)작업중 정지 [d:0][t:00:00:00]
[I](2023-01-19  02:28:23 pm)    [LNo:0001] 000007/001368
[I](2023-01-19  02:28:41 pm)Reset
[I](2023-01-19  02:28:41 pm)Reset
[I](2023-01-19  02:28:42 pm)Reset
[I](2023-01-19  02:28:48 pm)작업 시작 [Start d:267]
[I](2023-01-19  02:28:48 pm)Nc File: [No.0002-418.NC]
[I](2023-01-19  02:28:48 pm)  * Start Machine Position
[I](2023-01-19  02:28:48 pm)    X:    169.8149
[I](2023-01-19  02:28:48 pm)    Y:   -221.4759
[I](2023-01-19  02:28:48 pm)    U:      0.0000
[I](2023-01-19  02:28:48 pm)    V:      0.0000
[I](2023-01-19  02:28:48 pm)    Z:     45.7295
[I](2023-01-19  02:28:48 pm)  * Angle
[I](2023-01-19  02:28:48 pm)    Ar:      0.6471,Kr:      0.0000
[I](2023-01-19  02:28:48 pm)    Taper_Ar:      0.0000
[I](2023-01-19  02:28:54 pm)작업중 정지 [d:0][t:00:00:06]
[I](2023-01-19  02:28:54 pm)    [LNo:0002] 000010/001167
[I](2023-01-19  02:28:55 pm)작업중 정지 [d:0][t:00:00:07]
[I](2023-01-19  02:28:55 pm)    [LNo:0002] 000015/001167
[I](2023-01-19  02:29:22 pm)작업중 정지 [d:0][t:00:00:34]
[I](2023-01-19  02:29:22 pm)    [LNo:0002] 001045/001167
[I](2023-01-19  02:39:04 pm)작업중 정지 [d:9][t:00:10:16]
[I](2023-01-19  02:39:04 pm)    [LNo:0002] 001059/001167
[I](2023-01-19  02:39:04 pm)작업중 M코드정지 [d:9][t:00:10:16]
[A](2023-01-19  02:44:26 pm)[001] 와이어 미동작
[I](2023-01-19  02:44:39 pm)작업중 정지 [d:9][t:00:15:50]
[I](2023-01-19  02:44:39 pm)    [LNo:0002] 001060/001167
[I](2023-01-19  02:44:39 pm)Wire Contact Auto Stop(M52)
[I](2023-01-19  02:45:01 pm)작업 재시작
[I](2023-01-19  02:45:05 pm)작업중 정지 [d:9][t:00:16:17]
[I](2023-01-19  02:45:05 pm)    [LNo:0002] 001061/001167
[I](2023-01-19  02:45:05 pm)작업중 M코드정지 [d:9][t:00:16:17]
[I](2023-01-19  02:54:57 pm)작업중 정지 [d:17][t:00:26:09]
[I](2023-01-19  02:54:57 pm)    [LNo:0002] 001083/001167
[I](2023-01-19  02:54:57 pm)작업중 M코드정지 [d:17][t:00:26:09]
[I](2023-01-19  02:56:33 pm)작업중 정지 [d:17][t:00:27:45]
[I](2023-01-19  02:56:33 pm)    [LNo:0002] 001084/001167
[I](2023-01-19  02:56:34 pm)Wire Contact Auto Stop(M52)
[I](2023-01-19  02:57:01 pm)작업 재시작
[I](2023-01-19  02:57:05 pm)작업중 정지 [d:17][t:00:28:17]
[I](2023-01-19  02:57:05 pm)    [LNo:0002] 001085/001167
[I](2023-01-19  02:57:05 pm)작업중 M코드정지 [d:17][t:00:28:17]
[I](2023-01-19  03:06:04 pm)작업중 정지 [d:25][t:00:37:16]
[I](2023-01-19  03:06:04 pm)    [LNo:0002] 001107/001167
[I](2023-01-19  03:06:04 pm)작업중 M코드정지 [d:25][t:00:37:16]
[I](2023-01-19  03:06:28 pm)작업중 정지 [d:26][t:00:37:40]
[I](2023-01-19  03:06:28 pm)    [LNo:0002] 001108/001167
[I](2023-01-19  03:06:28 pm)Wire Contact Auto Stop(M52)
[I](2023-01-19  03:38:25 pm)Reset
[I](2023-01-19  03:39:52 pm)Reset
[I](2023-01-19  03:40:02 pm)Reset
[I](2023-01-19  03:42:30 pm)Reset
[I](2023-01-19  03:43:11 pm)Reset
[I](2023-01-19  03:45:36 pm)Reset
[I](2023-01-19  03:45:41 pm)Reset
[I](2023-01-19  03:45:41 pm)Reset
[I](2023-01-19  03:47:10 pm)Reset
[I](2023-01-19  03:47:14 pm)작업 시작 [Start d:293]
[I](2023-01-19  03:47:14 pm)Nc File: [No.0003-381.NC]
[I](2023-01-19  03:47:14 pm)  * Start Machine Position
[I](2023-01-19  03:47:14 pm)    X:    372.9801
[I](2023-01-19  03:47:14 pm)    Y:   -221.9299
[I](2023-01-19  03:47:14 pm)    U:      0.0000
[I](2023-01-19  03:47:14 pm)    V:      0.0000
[I](2023-01-19  03:47:14 pm)    Z:     26.5695
[I](2023-01-19  03:47:14 pm)  * Angle
[I](2023-01-19  03:47:14 pm)    Ar:      0.1507,Kr:      0.0000
[I](2023-01-19  03:47:14 pm)    Taper_Ar:      0.0000
[I](2023-01-19  03:51:48 pm)작업중 정지 [d:5][t:00:04:33]
[I](2023-01-19  03:51:48 pm)    [LNo:0003] 000023/000392
[I](2023-01-19  03:51:48 pm)작업중 M코드정지 [d:5][t:00:04:33]
[A](2023-01-19  03:54:23 pm)[002] 가공액 미동작
[A](2023-01-19  03:54:23 pm)[002] 가공액 미동작
[I](2023-01-19  03:54:44 pm)작업중 정지 [d:-293][t:00:07:30]
[I](2023-01-19  03:54:44 pm)    [LNo:0003] 000024/000392
[I](2023-01-19  03:55:07 pm)작업 재시작
[I](2023-01-19  03:55:19 pm)작업중 정지 [d:-293][t:00:08:05]
[I](2023-01-19  03:55:19 pm)    [LNo:0003] 000026/000392
[I](2023-01-19  03:55:20 pm)작업중 M코드정지 [d:-293][t:00:08:05]
[I](2023-01-19  04:04:35 pm)작업중 정지 [d:-285][t:00:17:21]
[I](2023-01-19  04:04:35 pm)    [LNo:0003] 000068/000392
[I](2023-01-19  04:04:35 pm)작업중 M코드정지 [d:-285][t:00:17:21]
[A](2023-01-19  04:10:35 pm)[001] 와이어 미동작
[I](2023-01-19  04:10:45 pm)작업중 정지 [d:-285][t:00:23:31]
[I](2023-01-19  04:10:45 pm)    [LNo:0003] 000069/000392
[I](2023-01-19  04:10:58 pm)작업 재시작
[I](2023-01-19  04:11:08 pm)작업중 정지 [d:-285][t:00:23:53]
[I](2023-01-19  04:11:08 pm)    [LNo:0003] 000071/000392
[I](2023-01-19  04:11:08 pm)작업중 M코드정지 [d:-285][t:00:23:53]
[I](2023-01-19  05:32:14 pm)작업중 정지 [d:-205][t:01:44:59]
[I](2023-01-19  05:32:14 pm)    [LNo:0003] 000189/000392
[I](2023-01-19  05:32:14 pm)Wire Contact Auto Stop(M52)
[I](2023-01-19  05:32:38 pm)작업 재시작
[I](2023-01-19  05:41:02 pm)작업중 정지 [d:-198][t:01:53:47]
[I](2023-01-19  05:41:02 pm)    [LNo:0003] 000216/000392
[I](2023-01-19  05:41:23 pm)작업 재시작
[I](2023-01-19  05:41:35 pm)작업중 정지 [d:-198][t:01:54:21]
[I](2023-01-19  05:41:35 pm)    [LNo:0003] 000218/000392
[I](2023-01-19  05:41:35 pm)작업중 M코드정지 [d:-198][t:01:54:21]
[I](2023-01-19  05:55:19 pm)작업중 정지 [d:-186][t:02:08:04]
[I](2023-01-19  05:55:19 pm)    [LNo:0003] 000260/000392
[I](2023-01-19  05:55:19 pm)작업중 M코드정지 [d:-186][t:02:08:04]
[I](2023-01-19  05:55:46 pm)작업중 정지 [d:-186][t:02:08:31]
[I](2023-01-19  05:55:46 pm)    [LNo:0003] 000261/000392
[I](2023-01-19  05:56:04 pm)작업 재시작
[I](2023-01-19  05:56:17 pm)작업중 정지 [d:-186][t:02:09:03]
[I](2023-01-19  05:56:17 pm)    [LNo:0003] 000263/000392
[I](2023-01-19  05:56:17 pm)작업중 M코드정지 [d:-186][t:02:09:03]
[A](2023-01-19  05:56:29 pm)[059] 가공조 Water Full 센서 동작 이상 - 점검(청소)요망
[I](2023-01-19  05:58:53 pm)작업중 정지 [d:-184][t:02:11:39]
[I](2023-01-19  05:58:53 pm)    [LNo:0003] 000278/000392
[I](2023-01-19  05:59:18 pm)작업 재시작
[I](2023-01-19  06:01:17 pm)작업중 정지 [d:-182][t:02:14:02]
[I](2023-01-19  06:01:17 pm)    [LNo:0003] 000283/000392
[A](2023-01-19  06:02:05 pm)[053] Emergency Stop
[A](2023-01-19  06:02:05 pm)[005] READY Off(Alarm)
[I](2023-01-19  06:02:05 pm)    X:    341.9868
[I](2023-01-19  06:02:05 pm)    Y:   -245.0114
[I](2023-01-19  06:02:05 pm)    U:      0.0000
[I](2023-01-19  06:02:05 pm)    V:      0.0000
[I](2023-01-19  06:02:05 pm)    Z:     26.5695
[I](2023-01-19  06:06:08 pm)Ready On
[I](2023-01-19  06:18:48 pm)작업중 정지 [d:-170][t:02:31:33]
[I](2023-01-19  06:18:48 pm)    [LNo:0003] 000303/000392
[I](2023-01-19  06:18:48 pm)작업중 30sec 접촉 정지 [d:-170][t:02:31:33]
[I](2023-01-19  06:21:27 pm)작업 재시작
[I](2023-01-19  06:21:32 pm)작업중 정지 [d:-170][t:02:34:17]
[I](2023-01-19  06:21:32 pm)    [LNo:0003] 000303/000392
[I](2023-01-19  06:21:32 pm)작업중 30sec 접촉 정지 [d:-170][t:02:34:17]
[I](2023-01-19  06:21:36 pm)작업 재시작
[I](2023-01-19  06:21:41 pm)작업중 정지 [d:-170][t:02:34:27]
[I](2023-01-19  06:21:41 pm)    [LNo:0003] 000303/000392
[I](2023-01-19  06:21:41 pm)작업중 30sec 접촉 정지 [d:-170][t:02:34:27]
[I](2023-01-19  06:24:48 pm)Reset
[I](2023-01-19  06:25:02 pm)작업 시작 [Start d:123]
[I](2023-01-19  06:25:02 pm)Nc File: [No.0003-381.NC]
[I](2023-01-19  06:25:02 pm)  * Start Machine Position
[I](2023-01-19  06:25:02 pm)    X:    323.9917
[I](2023-01-19  06:25:02 pm)    Y:   -246.9218
[I](2023-01-19  06:25:02 pm)    U:      0.0000
[I](2023-01-19  06:25:02 pm)    V:      0.0000
[I](2023-01-19  06:25:02 pm)    Z:     26.5695
[I](2023-01-19  06:25:02 pm)  * Angle
[I](2023-01-19  06:25:02 pm)    Ar:      0.1507,Kr:      0.0000
[I](2023-01-19  06:25:02 pm)    Taper_Ar:      0.0000
[I](2023-01-19  06:28:18 pm)작업중 정지 [d:3][t:00:03:16]
[I](2023-01-19  06:28:18 pm)    [LNo:0003] 000306/000392
[I](2023-01-19  06:28:18 pm)작업중 30sec 접촉 정지 [d:3][t:00:03:16]
[I](2023-01-19  06:28:26 pm)작업 재시작
[I](2023-01-19  06:28:31 pm)작업중 정지 [d:3][t:00:03:28]
[I](2023-01-19  06:28:31 pm)    [LNo:0003] 000306/000392
[I](2023-01-19  06:28:31 pm)작업중 30sec 접촉 정지 [d:3][t:00:03:28]
[I](2023-01-19  06:28:34 pm)작업 재시작
[I](2023-01-19  06:28:39 pm)작업중 정지 [d:3][t:00:03:37]
[I](2023-01-19  06:28:39 pm)    [LNo:0003] 000306/000392
[I](2023-01-19  06:28:39 pm)작업중 30sec 접촉 정지 [d:3][t:00:03:37]
[I](2023-01-19  06:28:43 pm)작업 재시작
[I](2023-01-19  06:28:48 pm)작업중 정지 [d:3][t:00:03:46]
[I](2023-01-19  06:28:48 pm)    [LNo:0003] 000306/000392
[I](2023-01-19  06:28:48 pm)작업중 30sec 접촉 정지 [d:3][t:00:03:46]
[I](2023-01-19  06:29:25 pm)Reset
[I](2023-01-19  06:29:32 pm)작업 시작 [Start d:126]
[I](2023-01-19  06:29:32 pm)Nc File: [No.0003-381.NC]
[I](2023-01-19  06:29:32 pm)  * Start Machine Position
[I](2023-01-19  06:29:32 pm)    X:    323.9917
[I](2023-01-19  06:29:32 pm)    Y:   -246.9218
[I](2023-01-19  06:29:32 pm)    U:      0.0000
[I](2023-01-19  06:29:32 pm)    V:      0.0000
[I](2023-01-19  06:29:32 pm)    Z:     26.5695
[I](2023-01-19  06:29:32 pm)  * Angle
[I](2023-01-19  06:29:32 pm)    Ar:      0.1507,Kr:      0.0000
[I](2023-01-19  06:29:32 pm)    Taper_Ar:      0.0000
[I](2023-01-19  06:29:40 pm)작업중 정지 [d:0][t:00:00:07]
[I](2023-01-19  06:29:40 pm)    [LNo:0003] 000303/000392
[I](2023-01-19  06:29:40 pm)작업중 Single Block Stop [d:0][t:00:00:07]
[I](2023-01-19  06:32:24 pm)작업중 정지 [d:3][t:00:02:52]
[I](2023-01-19  06:32:24 pm)    [LNo:0003] 000307/000392
[A](2023-01-19  06:32:43 pm)[037] 자동결선 잔여 WIRE 처리 실패!!
[A](2023-01-19  06:34:19 pm)[091] Auto Door Sensor Abnormal
[A](2023-01-19  06:34:26 pm)[091] Auto Door Sensor Abnormal
[A](2023-01-19  06:34:27 pm)[091] Auto Door Sensor Abnormal
[I](2023-01-19  06:36:14 pm)작업 재시작
[I](2023-01-19  06:36:19 pm)작업중 정지 [d:3][t:00:06:47]
[I](2023-01-19  06:36:19 pm)    [LNo:0003] 000307/000392
[I](2023-01-19  06:36:19 pm)작업중 30sec 접촉 정지 [d:3][t:00:06:47]
[I](2023-01-19  06:36:33 pm)작업 재시작
[I](2023-01-19  06:37:16 pm)작업중 정지 [d:3][t:00:07:43]
[I](2023-01-19  06:37:16 pm)    [LNo:0003] 000307/000392
[A](2023-01-19  06:37:47 pm)[037] 자동결선 잔여 WIRE 처리 실패!!
[I](2023-01-19  06:42:58 pm)Reset
[I](2023-01-19  06:42:58 pm)Reset
[I](2023-01-19  06:43:09 pm)작업 시작 [Start d:129]
[I](2023-01-19  06:43:09 pm)Nc File: [No.0003-381.NC]
[I](2023-01-19  06:43:09 pm)  * Start Machine Position
[I](2023-01-19  06:43:09 pm)    X:    323.9917
[I](2023-01-19  06:43:09 pm)    Y:   -246.9218
[I](2023-01-19  06:43:09 pm)    U:      0.0000
[I](2023-01-19  06:43:09 pm)    V:      0.0000
[I](2023-01-19  06:43:09 pm)    Z:     26.5695
[I](2023-01-19  06:43:09 pm)  * Angle
[I](2023-01-19  06:43:09 pm)    Ar:      0.1507,Kr:      0.0000
[I](2023-01-19  06:43:09 pm)    Taper_Ar:      0.0000
[I](2023-01-19  07:12:43 pm)작업중 정지 [d:30][t:00:29:34]
[I](2023-01-19  07:12:43 pm)    [LNo:0003] 000336/000392
[I](2023-01-19  07:12:43 pm)작업중 30sec 접촉 정지 [d:30][t:00:29:34]
[I](2023-01-19  07:14:42 pm)작업 재시작
[I](2023-01-19  07:31:42 pm)작업중 정지 [d:47][t:00:48:32]
[I](2023-01-19  07:31:42 pm)    [LNo:0003] 000380/000392
[I](2023-01-19  07:31:42 pm)작업중 M코드정지 [d:47][t:00:48:32]
[I](2023-01-19  07:41:13 pm)작업중 정지 [d:47][t:00:58:03]
[I](2023-01-19  07:41:13 pm)    [LNo:0003] 000381/000392
[I](2023-01-19  07:41:13 pm)Wire Contact Auto Stop(M52)
[I](2023-01-19  07:46:46 pm)Reset
[I](2023-01-19  07:46:52 pm)Reset
[I](2023-01-19  07:46:52 pm)Reset
[I](2023-01-19  07:48:19 pm)Reset
[I](2023-01-19  07:48:19 pm)Reset
[A](2023-01-19  07:48:41 pm)[037] 자동결선 잔여 WIRE 처리 실패!!
[I](2023-01-19  07:54:27 pm)Reset
[I](2023-01-19  08:06:57 pm)Reset
[I](2023-01-19  08:07:02 pm)Reset
[I](2023-01-19  08:10:19 pm)Reset
[I](2023-01-19  08:10:23 pm)Reset
[I](2023-01-19  08:12:59 pm)Reset
[I](2023-01-19  08:13:00 pm)Reset
[I](2023-01-19  08:13:11 pm)Reset
[I](2023-01-19  08:13:12 pm)Reset
[I](2023-01-19  08:15:02 pm)작업 시작 [Start d:176]
[I](2023-01-19  08:15:02 pm)Nc File: [No.0001-437.NC]
[I](2023-01-19  08:15:02 pm)  * Start Machine Position
[I](2023-01-19  08:15:02 pm)    X:    360.0006
[I](2023-01-19  08:15:02 pm)    Y:   -146.7156
[I](2023-01-19  08:15:02 pm)    U:      0.0000
[I](2023-01-19  08:15:02 pm)    V:      0.0000
[I](2023-01-19  08:15:02 pm)    Z:     26.4505
[I](2023-01-19  08:15:02 pm)  * Angle
[I](2023-01-19  08:15:02 pm)    Ar:      0.0214,Kr:      0.0000
[I](2023-01-19  08:15:02 pm)    Taper_Ar:      0.0000
[I](2023-01-19  08:15:56 pm)작업중 정지 [d:0][t:00:00:53]
[I](2023-01-19  08:15:56 pm)    [LNo:0001] 000074/001911
[I](2023-01-19  08:16:30 pm)작업중 정지 [d:0][t:00:01:27]
[I](2023-01-19  08:16:30 pm)    [LNo:0001] 000079/001911
[I](2023-01-19  08:16:48 pm)작업중 정지 [d:0][t:00:01:45]
[I](2023-01-19  08:16:48 pm)    [LNo:0001] 000107/001911
[I](2023-01-19  08:17:49 pm)작업중 정지 [d:0][t:00:02:46]
[I](2023-01-19  08:17:49 pm)    [LNo:0001] 000110/001911
[I](2023-01-19  08:18:19 pm)작업중 정지 [d:0][t:00:03:16]
[I](2023-01-19  08:18:19 pm)    [LNo:0001] 000182/001911
[I](2023-01-19  08:19:10 pm)작업중 정지 [d:0][t:00:04:08]
[I](2023-01-19  08:19:11 pm)    [LNo:0001] 000185/001911
[I](2023-01-19  08:19:22 pm)작업중 정지 [d:0][t:00:04:19]
[I](2023-01-19  08:19:22 pm)    [LNo:0001] 000269/001911
[I](2023-01-19  08:20:11 pm)작업중 정지 [d:0][t:00:05:08]
[I](2023-01-19  08:20:11 pm)    [LNo:0001] 000272/001911
[I](2023-01-19  08:20:26 pm)작업중 정지 [d:0][t:00:05:23]
[I](2023-01-19  08:20:26 pm)    [LNo:0001] 000298/001911
[I](2023-01-19  08:20:51 pm)작업중 정지 [d:0][t:00:05:48]
[I](2023-01-19  08:20:51 pm)    [LNo:0001] 000301/001911
[I](2023-01-19  08:21:09 pm)작업중 정지 [d:0][t:00:06:06]
[I](2023-01-19  08:21:09 pm)    [LNo:0001] 000326/001911
[A](2023-01-19  08:21:47 pm)[037] 자동결선 잔여 WIRE 처리 실패!!
[I](2023-01-19  08:22:42 pm)작업중 정지 [d:0][t:00:07:39]
[I](2023-01-19  08:22:42 pm)    [LNo:0001] 000329/001911
[I](2023-01-19  08:22:56 pm)작업중 정지 [d:0][t:00:07:53]
[I](2023-01-19  08:22:56 pm)    [LNo:0001] 000359/001911
[I](2023-01-19  08:23:59 pm)Reset
[I](2023-01-19  08:23:59 pm)Reset
[I](2023-01-19  08:23:59 pm)Reset
[I](2023-01-19  08:24:02 pm)작업 시작 [Start d:176]
[I](2023-01-19  08:24:02 pm)Nc File: [No.0001-437.NC]
[I](2023-01-19  08:24:02 pm)  * Start Machine Position
[I](2023-01-19  08:24:02 pm)    X:    360.0006
[I](2023-01-19  08:24:02 pm)    Y:   -146.7156
[I](2023-01-19  08:24:02 pm)    U:      0.0000
[I](2023-01-19  08:24:02 pm)    V:      0.0000
[I](2023-01-19  08:24:02 pm)    Z:     26.4505
[I](2023-01-19  08:24:02 pm)  * Angle
[I](2023-01-19  08:24:02 pm)    Ar:      0.0214,Kr:      0.0000
[I](2023-01-19  08:24:02 pm)    Taper_Ar:      0.0000