[A](2023-01-26  08:52:14 am)[036] 자동결선 절단 공정 실패!!
[I](2023-01-26  08:53:15 am)작업중 정지 [d:154][t:11:47:14]
[I](2023-01-26  08:53:15 am)    [LNo:0010] 000586/000759
[I](2023-01-26  08:53:20 am)작업중 정지 [d:154][t:11:47:19]
[I](2023-01-26  08:53:20 am)    [LNo:0010] 000587/000759
[I](2023-01-26  08:53:20 am)작업중 M코드정지 [d:154][t:11:47:19]
[I](2023-01-26  08:57:27 am)작업중 정지 [d:158][t:11:51:26]
[I](2023-01-26  08:57:27 am)    [LNo:0010] 000615/000759
[I](2023-01-26  08:57:27 am)작업중 M코드정지 [d:158][t:11:51:26]
[I](2023-01-26  09:08:44 am)작업중 정지 [d:158][t:12:02:43]
[I](2023-01-26  09:08:44 am)    [LNo:0010] 000623/000759
[I](2023-01-26  09:08:45 am)작업중 M코드정지 [d:158][t:12:02:43]
[I](2023-01-26  09:15:35 am)작업중 정지 [d:163][t:12:09:34]
[I](2023-01-26  09:15:35 am)    [LNo:0010] 000657/000759
[I](2023-01-26  09:15:35 am)작업중 M코드정지 [d:163][t:12:09:34]
[I](2023-01-26  09:19:20 am)작업중 정지 [d:163][t:12:13:18]
[I](2023-01-26  09:19:20 am)    [LNo:0010] 000665/000759
[I](2023-01-26  09:19:20 am)작업중 M코드정지 [d:163][t:12:13:18]
[I](2023-01-26  09:25:12 am)작업중 정지 [d:167][t:12:19:11]
[I](2023-01-26  09:25:12 am)    [LNo:0010] 000699/000759
[I](2023-01-26  09:25:13 am)작업중 M코드정지 [d:167][t:12:19:11]
[I](2023-01-26  09:28:09 am)작업중 정지 [d:167][t:12:22:08]
[I](2023-01-26  09:28:09 am)    [LNo:0010] 000703/000759
[I](2023-01-26  09:28:09 am)작업중 30sec 접촉 정지 [d:167][t:12:22:08]
[I](2023-01-26  09:28:35 am)작업 재시작
[I](2023-01-26  09:28:45 am)작업중 정지 [d:167][t:12:22:44]
[I](2023-01-26  09:28:45 am)    [LNo:0010] 000707/000759
[I](2023-01-26  09:28:45 am)작업중 M코드정지 [d:167][t:12:22:44]
[I](2023-01-26  09:34:05 am)작업중 정지 [d:171][t:12:28:04]
[I](2023-01-26  09:34:05 am)    [LNo:0010] 000741/000759
[I](2023-01-26  09:34:05 am)작업중 M코드정지 [d:171][t:12:28:04]
[A](2023-01-26  09:34:18 am)[001] 와이어 미동작
[I](2023-01-26  09:34:32 am)작업중 정지 [d:171][t:12:28:31]
[I](2023-01-26  09:34:32 am)    [LNo:0010] 000744/000759
[I](2023-01-26  09:34:32 am)작업중 30sec 접촉 정지 [d:171][t:12:28:31]
[A](2023-01-26  09:35:11 am)[084] Work Tank Fluid Sensor Abnormal
[A](2023-01-26  09:35:12 am)[084] Work Tank Fluid Sensor Abnormal
[I](2023-01-26  09:36:11 am)Reset
[I](2023-01-26  09:36:11 am)Reset
[I](2023-01-26  09:36:12 am)Reset
[I](2023-01-26  09:39:24 am)Reset
[I](2023-01-26  09:39:32 am)Reset
[I](2023-01-26  09:39:32 am)Reset
[I](2023-01-26  09:39:35 am)Reset
[I](2023-01-26  09:39:36 am)Reset
[I](2023-01-26  09:39:47 am)Reset
[I](2023-01-26  09:39:47 am)Reset
[I](2023-01-26  09:47:29 am)Reset
[I](2023-01-26  09:56:32 am)Reset
[I](2023-01-26  09:56:33 am)Reset
[I](2023-01-26  10:02:22 am)Reset
[I](2023-01-26  10:04:22 am)작업 시작 [Start d:410]
[I](2023-01-26  10:04:22 am)Nc File: [No.0012-536.NC]
[I](2023-01-26  10:04:22 am)  * Start Machine Position
[I](2023-01-26  10:04:22 am)    X:     13.0683
[I](2023-01-26  10:04:22 am)    Y:   -389.0972
[I](2023-01-26  10:04:22 am)    U:      0.0000
[I](2023-01-26  10:04:22 am)    V:      0.0000
[I](2023-01-26  10:04:22 am)    Z:     53.5655
[I](2023-01-26  10:04:22 am)  * Angle
[I](2023-01-26  10:04:22 am)    Ar:      0.0000,Kr:      0.0000
[I](2023-01-26  10:04:22 am)    Taper_Ar:      0.0000
[I](2023-01-26  10:07:50 am)작업중 정지 [d:4][t:00:03:27]
[I](2023-01-26  10:07:50 am)    [LNo:0012] 000020/000047
[I](2023-01-26  10:07:50 am)작업중 M코드정지 [d:4][t:00:03:27]
[I](2023-01-26  10:08:06 am)작업중 정지 [d:4][t:00:03:43]
[I](2023-01-26  10:08:06 am)    [LNo:0012] 000023/000047
[I](2023-01-26  10:08:06 am)작업중 M코드정지 [d:4][t:00:03:43]
[I](2023-01-26  10:08:16 am)작업중 정지 [d:4][t:00:03:54]
[I](2023-01-26  10:08:16 am)    [LNo:0012] 000006/000047
[I](2023-01-26  10:13:09 am)작업중 정지 [d:9][t:00:08:47]
[I](2023-01-26  10:13:09 am)    [LNo:0012] 000020/000047
[I](2023-01-26  10:13:09 am)작업중 M코드정지 [d:9][t:00:08:47]
[I](2023-01-26  10:23:45 am)작업중 정지 [d:9][t:00:19:22]
[I](2023-01-26  10:23:45 am)    [LNo:0012] 000023/000047
[I](2023-01-26  10:23:45 am)작업중 M코드정지 [d:9][t:00:19:22]
[I](2023-01-26  10:38:47 am)
[I](2023-01-26  10:38:47 am)Work completed.
[I](2023-01-26  10:38:47 am)작업 끝.(M02) [d:11][t:00:34:24]
[I](2023-01-26  10:47:49 am)작업 시작 [Start d:421]
[I](2023-01-26  10:47:49 am)Nc File: [No.0012-536.NC]
[I](2023-01-26  10:47:49 am)  * Start Machine Position
[I](2023-01-26  10:47:49 am)    X:     75.8163
[I](2023-01-26  10:47:49 am)    Y:   -317.9252
[I](2023-01-26  10:47:49 am)    U:      0.0000
[I](2023-01-26  10:47:49 am)    V:      0.0000
[I](2023-01-26  10:47:49 am)    Z:    153.5655
[I](2023-01-26  10:47:49 am)  * Angle
[I](2023-01-26  10:47:49 am)    Ar:      0.0000,Kr:      0.0000
[I](2023-01-26  10:47:49 am)    Taper_Ar:      0.0000
[I](2023-01-26  10:47:49 am)작업 끝.(M02) [d:0][t:00:00:00]
[I](2023-01-26  10:48:14 am)Reset
[I](2023-01-26  10:49:38 am)작업 시작 [Start d:421]
[I](2023-01-26  10:49:38 am)Nc File: [No.0012-536.NC]
[I](2023-01-26  10:49:38 am)  * Start Machine Position
[I](2023-01-26  10:49:38 am)    X:     13.0680
[I](2023-01-26  10:49:38 am)    Y:   -389.0980
[I](2023-01-26  10:49:38 am)    U:      0.0000
[I](2023-01-26  10:49:38 am)    V:      0.0000
[I](2023-01-26  10:49:38 am)    Z:     53.5655
[I](2023-01-26  10:49:38 am)  * Angle
[I](2023-01-26  10:49:38 am)    Ar:      0.0000,Kr:      0.0000
[I](2023-01-26  10:49:38 am)    Taper_Ar:      0.0000
[I](2023-01-26  10:49:39 am)작업중 정지 [d:0][t:00:00:00]
[I](2023-01-26  10:49:39 am)    [LNo:0012] 000027/000047
[I](2023-01-26  10:51:02 am)작업중 정지 [d:1][t:00:01:23]
[I](2023-01-26  10:51:02 am)    [LNo:0012] 000042/000047
[I](2023-01-26  10:52:55 am)Reset
[I](2023-01-26  10:55:22 am)Reset
[I](2023-01-26  10:55:53 am)Reset
[I](2023-01-26  10:55:53 am)Reset
[I](2023-01-26  10:59:35 am)Reset
[I](2023-01-26  11:09:09 am)Reset
[I](2023-01-26  11:09:19 am)Reset
[I](2023-01-26  11:09:19 am)Reset
[I](2023-01-26  11:09:22 am)Reset
[I](2023-01-26  11:09:25 am)Reset
[I](2023-01-26  11:10:38 am)작업 시작 [Start d:422]
[I](2023-01-26  11:10:38 am)Nc File: [No.0013-537.NC]
[I](2023-01-26  11:10:38 am)  * Start Machine Position
[I](2023-01-26  11:10:38 am)    X:     40.7711
[I](2023-01-26  11:10:38 am)    Y:   -316.7588
[I](2023-01-26  11:10:38 am)    U:      0.0000
[I](2023-01-26  11:10:38 am)    V:      0.0000
[I](2023-01-26  11:10:38 am)    Z:     25.3323
[I](2023-01-26  11:10:38 am)  * Angle
[I](2023-01-26  11:10:38 am)    Ar:      0.0000,Kr:      0.0000
[I](2023-01-26  11:10:38 am)    Taper_Ar:      0.0000
[I](2023-01-26  11:14:00 am)작업중 정지 [d:3][t:00:03:21]
[I](2023-01-26  11:14:00 am)    [LNo:0013] 000022/000050
[I](2023-01-26  11:14:00 am)작업중 M코드정지 [d:3][t:00:03:21]
[I](2023-01-26  11:14:10 am)작업중 정지 [d:3][t:00:03:32]
[I](2023-01-26  11:14:10 am)    [LNo:0013] 000026/000050
[I](2023-01-26  11:14:10 am)작업중 M코드정지 [d:3][t:00:03:32]
[I](2023-01-26  11:17:26 am)작업중 정지 [d:6][t:00:06:47]
[I](2023-01-26  11:17:26 am)    [LNo:0013] 000045/000050
[I](2023-01-26  11:17:26 am)작업중 M코드정지 [d:6][t:00:06:48]
[I](2023-01-26  11:18:37 am)작업중 정지 [d:6][t:00:07:58]
[I](2023-01-26  11:18:37 am)    [LNo:0013] 000028/000050
[I](2023-01-26  11:21:07 am)작업중 정지 [d:8][t:00:10:29]
[I](2023-01-26  11:21:07 am)    [LNo:0013] 000045/000050
[I](2023-01-26  11:21:08 am)작업중 M코드정지 [d:8][t:00:10:29]
[I](2023-01-26  11:25:23 am)Reset
[I](2023-01-26  11:25:23 am)Reset
[I](2023-01-26  11:25:34 am)Reset
[I](2023-01-26  11:33:12 am)Reset
[I](2023-01-26  11:33:12 am)Reset
[I](2023-01-26  11:37:07 am)Reset
[I](2023-01-26  11:37:08 am)Reset
[I](2023-01-26  11:37:39 am)Reset
[I](2023-01-26  11:37:40 am)Reset
[I](2023-01-26  11:38:01 am)Reset
[I](2023-01-26  11:38:35 am)Reset
[I](2023-01-26  11:39:32 am)Reset
[I](2023-01-26  11:39:33 am)Reset
[I](2023-01-26  11:40:56 am)작업 시작 [Start d:430]
[I](2023-01-26  11:40:56 am)Nc File: [No.0008-465.NC]
[I](2023-01-26  11:40:56 am)  * Start Machine Position
[I](2023-01-26  11:40:56 am)    X:    189.2191
[I](2023-01-26  11:40:56 am)    Y:   -368.9368
[I](2023-01-26  11:40:56 am)    U:     -0.0728
[I](2023-01-26  11:40:56 am)    V:      1.1823
[I](2023-01-26  11:40:56 am)    Z:     60.9738
[I](2023-01-26  11:40:56 am)  * Angle
[I](2023-01-26  11:40:56 am)    Ar:     -0.2478,Kr:      0.0000
[I](2023-01-26  11:40:56 am)    Taper_Ar:      0.0000
[I](2023-01-26  11:41:04 am)작업중 정지 [d:0][t:00:00:07]
[I](2023-01-26  11:41:04 am)    [LNo:0008] 000070/000269
[I](2023-01-26  11:41:04 am)작업중 M코드정지 [d:0][t:00:00:07]
[I](2023-01-26  11:41:07 am)작업중 정지 [d:0][t:00:00:10]
[I](2023-01-26  11:41:07 am)    [LNo:0008] 000073/000269
[I](2023-01-26  11:41:07 am)작업중 M코드정지 [d:0][t:00:00:10]
[I](2023-01-26  11:41:08 am)작업중 정지 [d:0][t:00:00:11]
[I](2023-01-26  11:41:08 am)    [LNo:0008] 000075/000269
[I](2023-01-26  11:41:08 am)작업중 M코드정지 [d:0][t:00:00:11]
[I](2023-01-26  11:41:47 am)작업중 정지 [d:0][t:00:00:51]
[I](2023-01-26  11:41:47 am)    [LNo:0008] 000085/000269
[I](2023-01-26  11:53:03 am)작업중 정지 [d:10][t:00:12:06]
[I](2023-01-26  11:53:03 am)    [LNo:0008] 000097/000269
[I](2023-01-26  11:53:03 am)작업중 M코드정지 [d:10][t:00:12:06]
[I](2023-01-26  11:54:02 am)작업중 정지 [d:10][t:00:13:05]
[I](2023-01-26  11:54:02 am)    [LNo:0008] 000099/000269
[I](2023-01-26  11:54:02 am)작업중 M코드정지 [d:10][t:00:13:05]
[I](2023-01-26  11:59:04 am)작업중 정지 [d:15][t:00:18:07]
[I](2023-01-26  11:59:04 am)    [LNo:0008] 000119/000269
[I](2023-01-26  11:59:04 am)작업중 M코드정지 [d:15][t:00:18:07]
[I](2023-01-26  12:22:51 pm)Reset
[I](2023-01-26  12:22:51 pm)Reset
[I](2023-01-26  12:22:59 pm)Reset
[I](2023-01-26  12:24:23 pm)Reset
[I](2023-01-26  12:24:48 pm)Reset
[I](2023-01-26  12:24:48 pm)Reset
[I](2023-01-26  12:30:50 pm)Reset
[I](2023-01-26  12:31:30 pm)Reset
[I](2023-01-26  12:32:09 pm)Reset
[I](2023-01-26  12:32:09 pm)Reset
[I](2023-01-26  12:34:08 pm)Reset
[I](2023-01-26  12:34:50 pm)Reset
[I](2023-01-26  12:35:19 pm)Reset
[I](2023-01-26  12:35:20 pm)Reset
[I](2023-01-26  12:35:20 pm)Reset
[A](2023-01-26  12:35:30 pm)[091] Auto Door Sensor Abnormal
[I](2023-01-26  12:35:58 pm)Reset
[I](2023-01-26  12:36:13 pm)작업 시작 [Start d:445]
[I](2023-01-26  12:36:13 pm)Nc File: [No.0008-465.NC]
[I](2023-01-26  12:36:13 pm)  * Start Machine Position
[I](2023-01-26  12:36:13 pm)    X:    188.4131
[I](2023-01-26  12:36:13 pm)    Y:   -368.5911
[I](2023-01-26  12:36:13 pm)    U:     -0.0317
[I](2023-01-26  12:36:13 pm)    V:     -0.1588
[I](2023-01-26  12:36:13 pm)    Z:     61.8966
[I](2023-01-26  12:36:13 pm)  * Angle
[I](2023-01-26  12:36:13 pm)    Ar:     -0.2697,Kr:      0.0000
[I](2023-01-26  12:36:13 pm)    Taper_Ar:      0.0000
[I](2023-01-26  12:36:21 pm)작업중 정지 [d:0][t:00:00:07]
[I](2023-01-26  12:36:21 pm)    [LNo:0008] 000070/000269
[I](2023-01-26  12:36:21 pm)작업중 M코드정지 [d:0][t:00:00:07]
[I](2023-01-26  12:36:23 pm)작업중 정지 [d:0][t:00:00:09]
[I](2023-01-26  12:36:23 pm)    [LNo:0008] 000073/000269
[I](2023-01-26  12:36:23 pm)작업중 M코드정지 [d:0][t:00:00:09]
[I](2023-01-26  12:36:24 pm)작업중 정지 [d:0][t:00:00:11]
[I](2023-01-26  12:36:24 pm)    [LNo:0008] 000075/000269
[I](2023-01-26  12:36:24 pm)작업중 M코드정지 [d:0][t:00:00:11]
[I](2023-01-26  12:36:35 pm)작업중 정지 [d:0][t:00:00:21]
[I](2023-01-26  12:36:35 pm)    [LNo:0008] 000092/000269
[I](2023-01-26  12:37:16 pm)Reset
[I](2023-01-26  12:37:17 pm)Reset
[I](2023-01-26  12:37:29 pm)작업 시작 [Start d:445]
[I](2023-01-26  12:37:29 pm)Nc File: [No.0008-465.NC]
[I](2023-01-26  12:37:29 pm)  * Start Machine Position
[I](2023-01-26  12:37:29 pm)    X:    188.4131
[I](2023-01-26  12:37:29 pm)    Y:   -368.5911
[I](2023-01-26  12:37:29 pm)    U:     -0.0317
[I](2023-01-26  12:37:29 pm)    V:     -0.1588
[I](2023-01-26  12:37:29 pm)    Z:     61.8966
[I](2023-01-26  12:37:29 pm)  * Angle
[I](2023-01-26  12:37:29 pm)    Ar:     -0.2697,Kr:      0.0000
[I](2023-01-26  12:37:29 pm)    Taper_Ar:      0.0000
[I](2023-01-26  12:37:34 pm)작업중 정지 [d:0][t:00:00:05]
[I](2023-01-26  12:37:34 pm)    [LNo:0008] 000070/000269
[I](2023-01-26  12:37:34 pm)작업중 M코드정지 [d:0][t:00:00:05]
[I](2023-01-26  12:37:37 pm)작업중 정지 [d:0][t:00:00:07]
[I](2023-01-26  12:37:37 pm)    [LNo:0008] 000073/000269
[I](2023-01-26  12:37:37 pm)작업중 M코드정지 [d:0][t:00:00:07]
[I](2023-01-26  12:37:40 pm)작업중 정지 [d:0][t:00:00:10]
[I](2023-01-26  12:37:40 pm)    [LNo:0008] 000075/000269
[I](2023-01-26  12:37:40 pm)작업중 M코드정지 [d:0][t:00:00:10]
[I](2023-01-26  12:48:16 pm)작업중 정지 [d:10][t:00:10:47]
[I](2023-01-26  12:48:16 pm)    [LNo:0008] 000097/000269
[I](2023-01-26  12:48:16 pm)작업중 M코드정지 [d:10][t:00:10:47]
[I](2023-01-26  12:51:44 pm)작업중 정지 [d:10][t:00:14:14]
[I](2023-01-26  12:51:44 pm)    [LNo:0008] 000099/000269
[I](2023-01-26  12:51:44 pm)작업중 M코드정지 [d:10][t:00:14:14]
[I](2023-01-26  12:56:47 pm)작업중 정지 [d:15][t:00:19:17]
[I](2023-01-26  12:56:47 pm)    [LNo:0008] 000119/000269
[I](2023-01-26  12:56:47 pm)작업중 M코드정지 [d:15][t:00:19:17]
[A](2023-01-26  01:54:34 pm)[091] Auto Door Sensor Abnormal
[I](2023-01-26  01:54:55 pm)Reset
[I](2023-01-26  01:54:55 pm)Reset
[I](2023-01-26  01:54:55 pm)Reset
[I](2023-01-26  02:04:19 pm)Reset
[I](2023-01-26  02:04:19 pm)Reset
[I](2023-01-26  02:04:48 pm)Reset
[I](2023-01-26  02:04:51 pm)Reset
[I](2023-01-26  02:05:11 pm)Reset
[I](2023-01-26  02:05:38 pm)Reset
[I](2023-01-26  02:06:03 pm)Reset
[I](2023-01-26  02:06:04 pm)Reset
[I](2023-01-26  02:06:28 pm)Reset
[I](2023-01-26  02:06:47 pm)Reset
[I](2023-01-26  02:07:04 pm)Reset
[I](2023-01-26  02:08:03 pm)작업 시작 [Start d:460]
[I](2023-01-26  02:08:03 pm)Nc File: [No.0008-465.NC]
[I](2023-01-26  02:08:03 pm)  * Start Machine Position
[I](2023-01-26  02:08:03 pm)    X:    206.0272
[I](2023-01-26  02:08:03 pm)    Y:   -360.4899
[I](2023-01-26  02:08:03 pm)    U:      0.0001
[I](2023-01-26  02:08:03 pm)    V:     -0.0699
[I](2023-01-26  02:08:03 pm)    Z:     46.0301
[I](2023-01-26  02:08:03 pm)  * Angle
[I](2023-01-26  02:08:03 pm)    Ar:      0.1386,Kr:      0.0000
[I](2023-01-26  02:08:03 pm)    Taper_Ar:      0.0000
[I](2023-01-26  02:08:10 pm)작업중 정지 [d:0][t:00:00:07]
[I](2023-01-26  02:08:10 pm)    [LNo:0008] 000139/000269
[I](2023-01-26  02:08:11 pm)작업중 M코드정지 [d:0][t:00:00:07]
[I](2023-01-26  02:08:12 pm)작업중 정지 [d:0][t:00:00:09]
[I](2023-01-26  02:08:12 pm)    [LNo:0008] 000142/000269
[I](2023-01-26  02:08:13 pm)작업중 M코드정지 [d:0][t:00:00:09]
[I](2023-01-26  02:08:14 pm)작업중 정지 [d:0][t:00:00:11]
[I](2023-01-26  02:08:14 pm)    [LNo:0008] 000144/000269
[I](2023-01-26  02:08:14 pm)작업중 M코드정지 [d:0][t:00:00:11]
[I](2023-01-26  02:08:20 pm)작업중 정지 [d:0][t:00:00:17]
[I](2023-01-26  02:08:20 pm)    [LNo:0008] 000154/000269
[I](2023-01-26  02:24:17 pm)작업중 정지 [d:15][t:00:16:14]
[I](2023-01-26  02:24:17 pm)    [LNo:0008] 000167/000269
[I](2023-01-26  02:24:17 pm)작업중 M코드정지 [d:15][t:00:16:14]
[I](2023-01-26  02:32:54 pm)작업중 정지 [d:15][t:00:24:51]
[I](2023-01-26  02:32:54 pm)    [LNo:0008] 000169/000269
[I](2023-01-26  02:32:54 pm)작업중 M코드정지 [d:15][t:00:24:51]
[I](2023-01-26  02:36:55 pm)작업중 정지 [d:19][t:00:28:52]
[I](2023-01-26  02:36:55 pm)    [LNo:0008] 000191/000269
[I](2023-01-26  02:36:55 pm)작업중 M코드정지 [d:19][t:00:28:52]
[I](2023-01-26  02:39:31 pm)Reset
[I](2023-01-26  02:39:44 pm)Reset
[I](2023-01-26  02:42:15 pm)Reset
[I](2023-01-26  02:44:41 pm)Reset
[I](2023-01-26  02:45:04 pm)Reset
[I](2023-01-26  02:45:29 pm)Reset
[I](2023-01-26  02:45:57 pm)Reset
[I](2023-01-26  02:46:14 pm)Reset
[I](2023-01-26  02:46:14 pm)Reset
[I](2023-01-26  02:46:26 pm)작업 시작 [Start d:479]
[I](2023-01-26  02:46:26 pm)Nc File: [No.0008-465.NC]
[I](2023-01-26  02:46:26 pm)  * Start Machine Position
[I](2023-01-26  02:46:26 pm)    X:    202.4546
[I](2023-01-26  02:46:26 pm)    Y:   -360.5622
[I](2023-01-26  02:46:26 pm)    U:      0.0009
[I](2023-01-26  02:46:26 pm)    V:     -0.0999
[I](2023-01-26  02:46:26 pm)    Z:     46.0301
[I](2023-01-26  02:46:26 pm)  * Angle
[I](2023-01-26  02:46:26 pm)    Ar:      0.5434,Kr:      0.0000
[I](2023-01-26  02:46:26 pm)    Taper_Ar:      0.0000
[I](2023-01-26  02:46:34 pm)작업중 정지 [d:0][t:00:00:07]
[I](2023-01-26  02:46:34 pm)    [LNo:0008] 000139/000269
[I](2023-01-26  02:46:34 pm)작업중 M코드정지 [d:0][t:00:00:07]
[I](2023-01-26  02:46:38 pm)작업중 정지 [d:0][t:00:00:11]
[I](2023-01-26  02:46:38 pm)    [LNo:0008] 000142/000269
[I](2023-01-26  02:46:38 pm)작업중 M코드정지 [d:0][t:00:00:11]
[I](2023-01-26  02:46:39 pm)작업중 정지 [d:0][t:00:00:12]
[I](2023-01-26  02:46:39 pm)    [LNo:0008] 000144/000269
[I](2023-01-26  02:46:39 pm)작업중 M코드정지 [d:0][t:00:00:13]
[I](2023-01-26  02:46:58 pm)작업중 정지 [d:0][t:00:00:31]
[I](2023-01-26  02:46:58 pm)    [LNo:0008] 000154/000269
[I](2023-01-26  03:03:00 pm)작업중 정지 [d:15][t:00:16:33]
[I](2023-01-26  03:03:00 pm)    [LNo:0008] 000166/000269
[I](2023-01-26  03:03:00 pm)작업중 30sec 접촉 정지 [d:15][t:00:16:33]
[I](2023-01-26  03:07:41 pm)작업 재시작
[I](2023-01-26  03:07:51 pm)작업중 정지 [d:15][t:00:21:24]
[I](2023-01-26  03:07:51 pm)    [LNo:0008] 000167/000269
[I](2023-01-26  03:07:51 pm)작업중 M코드정지 [d:15][t:00:21:24]
[I](2023-01-26  03:09:47 pm)작업중 정지 [d:15][t:00:23:20]
[I](2023-01-26  03:09:47 pm)    [LNo:0008] 000169/000269
[I](2023-01-26  03:09:47 pm)작업중 M코드정지 [d:15][t:00:23:20]
[I](2023-01-26  03:14:04 pm)작업중 정지 [d:19][t:00:27:37]
[I](2023-01-26  03:14:04 pm)    [LNo:0008] 000191/000269
[I](2023-01-26  03:14:04 pm)작업중 M코드정지 [d:19][t:00:27:37]
[I](2023-01-26  03:16:45 pm)Reset
[I](2023-01-26  03:16:45 pm)Reset
[I](2023-01-26  03:17:01 pm)Reset
[I](2023-01-26  03:22:36 pm)Reset
[I](2023-01-26  03:22:36 pm)Reset
[I](2023-01-26  03:22:58 pm)Reset
[I](2023-01-26  03:22:58 pm)Reset
[I](2023-01-26  03:23:26 pm)Reset
[I](2023-01-26  03:23:47 pm)Reset
[I](2023-01-26  03:24:12 pm)Reset
[I](2023-01-26  03:24:29 pm)Reset
[I](2023-01-26  03:24:29 pm)Reset
[I](2023-01-26  03:24:59 pm)작업 시작 [Start d:498]
[I](2023-01-26  03:24:59 pm)Nc File: [No.0008-465.NC]
[I](2023-01-26  03:24:59 pm)  * Start Machine Position
[I](2023-01-26  03:24:59 pm)    X:    205.9878
[I](2023-01-26  03:24:59 pm)    Y:   -360.6035
[I](2023-01-26  03:24:59 pm)    U:      0.0048
[I](2023-01-26  03:24:59 pm)    V:     -0.0570
[I](2023-01-26  03:24:59 pm)    Z:     46.0301
[I](2023-01-26  03:24:59 pm)  * Angle
[I](2023-01-26  03:24:59 pm)    Ar:     -0.1319,Kr:      0.0000
[I](2023-01-26  03:24:59 pm)    Taper_Ar:      0.0000
[I](2023-01-26  03:25:07 pm)작업중 정지 [d:0][t:00:00:07]
[I](2023-01-26  03:25:07 pm)    [LNo:0008] 000210/000269
[I](2023-01-26  03:25:07 pm)작업중 M코드정지 [d:0][t:00:00:07]
[I](2023-01-26  03:25:09 pm)작업중 정지 [d:0][t:00:00:09]
[I](2023-01-26  03:25:09 pm)    [LNo:0008] 000213/000269
[I](2023-01-26  03:25:09 pm)작업중 M코드정지 [d:0][t:00:00:09]
[I](2023-01-26  03:25:10 pm)작업중 정지 [d:0][t:00:00:10]
[I](2023-01-26  03:25:10 pm)    [LNo:0008] 000215/000269
[I](2023-01-26  03:25:10 pm)작업중 M코드정지 [d:0][t:00:00:10]
[I](2023-01-26  03:25:16 pm)작업중 정지 [d:0][t:00:00:17]
[I](2023-01-26  03:25:16 pm)    [LNo:0008] 000225/000269
[I](2023-01-26  03:41:11 pm)작업중 정지 [d:15][t:00:16:11]
[I](2023-01-26  03:41:11 pm)    [LNo:0008] 000238/000269
[I](2023-01-26  03:41:11 pm)작업중 M코드정지 [d:15][t:00:16:11]
[I](2023-01-26  03:42:04 pm)작업중 정지 [d:15][t:00:17:04]
[I](2023-01-26  03:42:04 pm)    [LNo:0008] 000240/000269
[I](2023-01-26  03:42:04 pm)작업중 M코드정지 [d:15][t:00:17:04]
[I](2023-01-26  03:45:53 pm)작업중 정지 [d:19][t:00:20:54]
[I](2023-01-26  03:45:53 pm)    [LNo:0008] 000262/000269
[I](2023-01-26  03:45:54 pm)작업중 M코드정지 [d:19][t:00:20:54]
[I](2023-01-26  03:52:19 pm)Reset
[I](2023-01-26  03:52:27 pm)Reset
[I](2023-01-26  03:56:48 pm)Reset
[I](2023-01-26  03:57:08 pm)Reset
[I](2023-01-26  03:57:08 pm)Reset
[I](2023-01-26  03:57:36 pm)Reset
[I](2023-01-26  03:57:58 pm)Reset
[I](2023-01-26  03:58:15 pm)Reset
[I](2023-01-26  03:58:28 pm)작업 시작 [Start d:517]
[I](2023-01-26  03:58:28 pm)Nc File: [No.0008-465.NC]
[I](2023-01-26  03:58:28 pm)  * Start Machine Position
[I](2023-01-26  03:58:28 pm)    X:    205.5637
[I](2023-01-26  03:58:28 pm)    Y:   -360.6103
[I](2023-01-26  03:58:28 pm)    U:     -0.0161
[I](2023-01-26  03:58:28 pm)    V:      0.0199
[I](2023-01-26  03:58:28 pm)    Z:     46.0301
[I](2023-01-26  03:58:28 pm)  * Angle
[I](2023-01-26  03:58:28 pm)    Ar:      0.3494,Kr:      0.0000
[I](2023-01-26  03:58:28 pm)    Taper_Ar:      0.0000
[I](2023-01-26  03:58:35 pm)작업중 정지 [d:0][t:00:00:07]
[I](2023-01-26  03:58:35 pm)    [LNo:0008] 000210/000269
[I](2023-01-26  03:58:35 pm)작업중 M코드정지 [d:0][t:00:00:07]
[I](2023-01-26  03:58:37 pm)작업중 정지 [d:0][t:00:00:09]
[I](2023-01-26  03:58:37 pm)    [LNo:0008] 000213/000269
[I](2023-01-26  03:58:37 pm)작업중 M코드정지 [d:0][t:00:00:09]
[I](2023-01-26  03:58:39 pm)작업중 정지 [d:0][t:00:00:10]
[I](2023-01-26  03:58:39 pm)    [LNo:0008] 000215/000269
[I](2023-01-26  03:58:39 pm)작업중 M코드정지 [d:0][t:00:00:10]
[I](2023-01-26  03:59:01 pm)작업중 정지 [d:0][t:00:00:32]
[I](2023-01-26  03:59:01 pm)    [LNo:0008] 000225/000269
[I](2023-01-26  04:15:01 pm)작업중 정지 [d:15][t:00:16:33]
[I](2023-01-26  04:15:01 pm)    [LNo:0008] 000238/000269
[I](2023-01-26  04:15:01 pm)작업중 M코드정지 [d:15][t:00:16:33]
[I](2023-01-26  04:19:47 pm)작업중 정지 [d:15][t:00:21:19]
[I](2023-01-26  04:19:47 pm)    [LNo:0008] 000240/000269
[I](2023-01-26  04:19:47 pm)작업중 M코드정지 [d:15][t:00:21:19]
[I](2023-01-26  04:23:27 pm)작업중 정지 [d:18][t:00:24:59]
[I](2023-01-26  04:23:27 pm)    [LNo:0008] 000262/000269
[I](2023-01-26  04:23:27 pm)작업중 M코드정지 [d:18][t:00:24:59]
[I](2023-01-26  04:28:52 pm)Reset
[I](2023-01-26  04:29:04 pm)Reset
[I](2023-01-26  04:31:25 pm)Reset
[I](2023-01-26  04:33:21 pm)Reset
[I](2023-01-26  04:33:43 pm)Reset
[I](2023-01-26  04:34:14 pm)Reset
[I](2023-01-26  04:34:34 pm)Reset
[I](2023-01-26  04:34:50 pm)Reset
[I](2023-01-26  04:34:50 pm)Reset
[I](2023-01-26  04:37:08 pm)작업 시작 [Start d:535]
[I](2023-01-26  04:37:08 pm)Nc File: [No.0004-526.NC]
[I](2023-01-26  04:37:08 pm)  * Start Machine Position
[I](2023-01-26  04:37:08 pm)    X:    150.1819
[I](2023-01-26  04:37:08 pm)    Y:   -372.6305
[I](2023-01-26  04:37:08 pm)    U:     -0.0004
[I](2023-01-26  04:37:08 pm)    V:     -0.1579
[I](2023-01-26  04:37:08 pm)    Z:     39.4496
[I](2023-01-26  04:37:08 pm)  * Angle
[I](2023-01-26  04:37:08 pm)    Ar:     -0.1553,Kr:      0.0000
[I](2023-01-26  04:37:08 pm)    Taper_Ar:      0.0000
[I](2023-01-26  04:37:13 pm)작업중 정지 [d:0][t:00:00:04]
[I](2023-01-26  04:37:13 pm)    [LNo:0004] 000010/000150
[I](2023-01-26  04:37:13 pm)작업중 M코드정지 [d:0][t:00:00:04]
[I](2023-01-26  04:42:14 pm)작업중 정지 [d:4][t:00:05:06]
[I](2023-01-26  04:42:14 pm)    [LNo:0004] 000025/000150
[I](2023-01-26  04:42:14 pm)작업중 M코드정지 [d:4][t:00:05:06]
[I](2023-01-26  04:43:22 pm)작업중 정지 [d:4][t:00:06:14]
[I](2023-01-26  04:43:22 pm)    [LNo:0004] 000027/000150
[I](2023-01-26  04:43:22 pm)작업중 M코드정지 [d:4][t:00:06:14]
[I](2023-01-26  04:48:08 pm)작업중 정지 [d:9][t:00:10:59]
[I](2023-01-26  04:48:08 pm)    [LNo:0004] 000072/000150
[I](2023-01-26  04:48:08 pm)작업중 30sec 접촉 정지 [d:9][t:00:10:59]
[I](2023-01-26  04:53:29 pm)작업중 정지 [d:9][t:00:16:20]
[I](2023-01-26  04:53:29 pm)    [LNo:0004] 000061/000150
[I](2023-01-26  04:53:42 pm)작업중 정지 [d:9][t:00:16:34]
[I](2023-01-26  04:53:42 pm)    [LNo:0004] 000068/000150
[I](2023-01-26  04:53:50 pm)작업중 정지 [d:9][t:00:16:42]
[I](2023-01-26  04:53:50 pm)    [LNo:0004] 000046/000150
[I](2023-01-26  04:55:41 pm)작업중 정지 [d:11][t:00:18:32]
[I](2023-01-26  04:55:41 pm)    [LNo:0004] 000075/000150
[I](2023-01-26  05:01:48 pm)작업중 정지 [d:17][t:00:24:39]
[I](2023-01-26  05:01:48 pm)    [LNo:0004] 000093/000150
[I](2023-01-26  05:01:48 pm)작업중 M코드정지 [d:17][t:00:24:39]
[I](2023-01-26  05:21:51 pm)작업중 정지 [d:17][t:00:44:43]
[I](2023-01-26  05:21:51 pm)    [LNo:0004] 000095/000150
[I](2023-01-26  05:21:51 pm)작업중 M코드정지 [d:17][t:00:44:43]
[I](2023-01-26  05:27:26 pm)작업중 정지 [d:22][t:00:50:18]
[I](2023-01-26  05:27:26 pm)    [LNo:0004] 000143/000150
[I](2023-01-26  05:27:26 pm)작업중 M코드정지 [d:22][t:00:50:18]
[I](2023-01-26  05:31:23 pm)Reset
[I](2023-01-26  05:31:35 pm)Reset
[I](2023-01-26  05:32:38 pm)Reset
[I](2023-01-26  05:36:17 pm)Reset
[I](2023-01-26  05:36:17 pm)Reset
[I](2023-01-26  05:36:51 pm)Reset
[I](2023-01-26  05:37:39 pm)Reset
[I](2023-01-26  05:38:02 pm)Reset
[I](2023-01-26  05:38:02 pm)Reset
[I](2023-01-26  05:38:25 pm)Reset
[I](2023-01-26  05:38:42 pm)Reset
[I](2023-01-26  05:39:22 pm)작업 시작 [Start d:557]
[I](2023-01-26  05:39:22 pm)Nc File: [No.0004-526.NC]
[I](2023-01-26  05:39:22 pm)  * Start Machine Position
[I](2023-01-26  05:39:22 pm)    X:    150.6197
[I](2023-01-26  05:39:22 pm)    Y:   -372.3813
[I](2023-01-26  05:39:22 pm)    U:     -0.0007
[I](2023-01-26  05:39:22 pm)    V:     -0.1599
[I](2023-01-26  05:39:22 pm)    Z:     39.4496
[I](2023-01-26  05:39:22 pm)  * Angle
[I](2023-01-26  05:39:22 pm)    Ar:     -0.2662,Kr:      0.0000
[I](2023-01-26  05:39:22 pm)    Taper_Ar:      0.0000
[I](2023-01-26  05:39:27 pm)작업중 정지 [d:0][t:00:00:04]
[I](2023-01-26  05:39:27 pm)    [LNo:0004] 000010/000150
[I](2023-01-26  05:39:27 pm)작업중 M코드정지 [d:0][t:00:00:04]
[I](2023-01-26  05:44:27 pm)작업중 정지 [d:4][t:00:05:05]
[I](2023-01-26  05:44:27 pm)    [LNo:0004] 000025/000150
[I](2023-01-26  05:44:27 pm)작업중 M코드정지 [d:4][t:00:05:05]
[A](2023-01-26  05:46:58 pm)[001] 와이어 미동작
[I](2023-01-26  05:47:04 pm)작업중 정지 [d:4][t:00:07:41]
[I](2023-01-26  05:47:04 pm)    [LNo:0004] 000027/000150
[I](2023-01-26  05:47:04 pm)작업중 M코드정지 [d:4][t:00:07:41]
[I](2023-01-26  05:51:44 pm)작업중 정지 [d:9][t:00:12:22]
[I](2023-01-26  05:51:44 pm)    [LNo:0004] 000075/000150
[I](2023-01-26  05:51:44 pm)작업중 M코드정지 [d:9][t:00:12:22]
[I](2023-01-26  05:58:21 pm)작업중 정지 [d:15][t:00:18:59]
[I](2023-01-26  05:58:21 pm)    [LNo:0004] 000093/000150
[I](2023-01-26  05:58:21 pm)작업중 M코드정지 [d:15][t:00:18:59]
[I](2023-01-26  05:58:37 pm)작업중 정지 [d:16][t:00:19:14]
[I](2023-01-26  05:58:37 pm)    [LNo:0004] 000095/000150
[I](2023-01-26  05:58:37 pm)작업중 M코드정지 [d:16][t:00:19:14]
[I](2023-01-26  06:04:17 pm)작업중 정지 [d:21][t:00:24:54]
[I](2023-01-26  06:04:17 pm)    [LNo:0004] 000143/000150
[I](2023-01-26  06:04:17 pm)작업중 M코드정지 [d:21][t:00:24:54]
[I](2023-01-26  06:10:33 pm)Reset
[I](2023-01-26  06:10:49 pm)Reset
[I](2023-01-26  06:10:49 pm)Reset
[I](2023-01-26  06:12:03 pm)Reset
[I](2023-01-26  06:12:03 pm)Reset
[I](2023-01-26  06:22:25 pm)Reset
[I](2023-01-26  06:22:25 pm)Reset
[I](2023-01-26  06:25:29 pm)Reset
[I](2023-01-26  06:25:29 pm)Reset
[I](2023-01-26  06:32:18 pm)작업 시작 [Start d:0]
[I](2023-01-26  06:32:18 pm)Nc File: [No.0001-548.NC]
[I](2023-01-26  06:32:18 pm)  * Start Machine Position
[I](2023-01-26  06:32:18 pm)    X:    205.3118
[I](2023-01-26  06:32:18 pm)    Y:   -386.7751
[I](2023-01-26  06:32:18 pm)    U:      0.0000
[I](2023-01-26  06:32:18 pm)    V:      0.0000
[I](2023-01-26  06:32:18 pm)    Z:     26.5426
[I](2023-01-26  06:32:18 pm)  * Angle
[I](2023-01-26  06:32:18 pm)    Ar:      0.1413,Kr:      0.0000
[I](2023-01-26  06:32:18 pm)    Taper_Ar:      0.0000
[I](2023-01-26  06:32:31 pm)작업중 정지 [d:0][t:00:00:13]
[I](2023-01-26  06:32:31 pm)    [LNo:0001] 000272/001821
[I](2023-01-26  06:33:18 pm)작업중 정지 [d:0][t:00:01:00]
[I](2023-01-26  06:33:18 pm)    [LNo:0001] 000935/001821
[I](2023-01-26  06:35:09 pm)작업중 정지 [d:0][t:00:02:51]
[I](2023-01-26  06:35:09 pm)    [LNo:0001] 000907/001821
[I](2023-01-26  06:36:31 pm)작업중 정지 [d:0][t:00:04:13]
[I](2023-01-26  06:36:31 pm)    [LNo:0001] 000879/001821
[I](2023-01-26  06:38:20 pm)작업중 정지 [d:0][t:00:06:02]
[I](2023-01-26  06:38:20 pm)    [LNo:0001] 000963/001821
[I](2023-01-26  06:39:51 pm)작업중 정지 [d:0][t:00:07:32]
[I](2023-01-26  06:39:51 pm)    [LNo:0001] 000100/001821
[I](2023-01-26  06:41:28 pm)Reset
[I](2023-01-26  06:41:29 pm)Reset
[I](2023-01-26  06:41:41 pm)작업 시작 [Start d:0]
[I](2023-01-26  06:41:41 pm)Nc File: [No.0001-548.NC]
[I](2023-01-26  06:41:41 pm)  * Start Machine Position
[I](2023-01-26  06:41:41 pm)    X:    205.3118
[I](2023-01-26  06:41:41 pm)    Y:   -386.7751
[I](2023-01-26  06:41:41 pm)    U:      0.0000
[I](2023-01-26  06:41:41 pm)    V:      0.0000
[I](2023-01-26  06:41:41 pm)    Z:     26.5426
[I](2023-01-26  06:41:41 pm)  * Angle
[I](2023-01-26  06:41:41 pm)    Ar:      0.1413,Kr:      0.0000
[I](2023-01-26  06:41:41 pm)    Taper_Ar:      0.0000
[I](2023-01-26  06:41:54 pm)작업중 정지 [d:0][t:00:00:12]
[I](2023-01-26  06:41:54 pm)    [LNo:0001] 000272/001821
[I](2023-01-26  06:51:17 pm)작업중 정지 [d:9][t:00:09:36]
[I](2023-01-26  06:51:17 pm)    [LNo:0001] 000293/001821
[I](2023-01-26  06:51:17 pm)작업중 M코드정지 [d:9][t:00:09:36]
[I](2023-01-26  06:51:35 pm)작업중 정지 [d:10][t:00:09:54]
[I](2023-01-26  06:51:35 pm)    [LNo:0001] 000295/001821
[I](2023-01-26  06:51:36 pm)작업중 M코드정지 [d:10][t:00:09:54]
[I](2023-01-26  06:53:49 pm)작업중 정지 [d:10][t:00:12:08]
[I](2023-01-26  06:53:49 pm)    [LNo:0001] 000312/001821
[I](2023-01-26  06:53:49 pm)작업중 30sec 접촉 정지 [d:10][t:00:12:08]
[I](2023-01-26  06:54:41 pm)작업 재시작
[I](2023-01-26  06:55:29 pm)작업중 정지 [d:10][t:00:13:48]
[I](2023-01-26  06:55:29 pm)    [LNo:0001] 000316/001821
[A](2023-01-26  06:55:30 pm)[008] 작업중 단선(AWF Feed Motor Stop )
[I](2023-01-26  06:55:30 pm)작업중 Wire 단선 [d:10][t:00:13:48]
[I](2023-01-26  06:56:40 pm)작업 재시작
[I](2023-01-26  07:05:17 pm)작업중 정지 [d:18][t:00:23:36]
[I](2023-01-26  07:05:17 pm)    [LNo:0001] 000325/001821
[I](2023-01-26  07:05:17 pm)작업중 M코드정지 [d:18][t:00:23:36]
[I](2023-01-26  07:05:37 pm)작업중 정지 [d:19][t:00:23:56]
[I](2023-01-26  07:05:37 pm)    [LNo:0001] 000329/001821
[I](2023-01-26  07:05:37 pm)작업중 M코드정지 [d:19][t:00:23:56]
[I](2023-01-26  07:06:19 pm)작업중 정지 [d:19][t:00:24:38]
[I](2023-01-26  07:06:19 pm)    [LNo:0001] 000332/001821
[I](2023-01-26  07:06:19 pm)작업중 M코드정지 [d:19][t:00:24:38]
[I](2023-01-26  07:07:18 pm)작업중 정지 [d:19][t:00:25:37]
[I](2023-01-26  07:07:18 pm)    [LNo:0001] 000736/001821
[I](2023-01-26  07:13:51 pm)작업중 정지 [d:25][t:00:32:10]
[I](2023-01-26  07:13:51 pm)    [LNo:0001] 000752/001821
[I](2023-01-26  07:13:51 pm)작업중 M코드정지 [d:25][t:00:32:10]
[I](2023-01-26  07:17:28 pm)작업중 정지 [d:25][t:00:35:47]
[I](2023-01-26  07:17:28 pm)    [LNo:0001] 000756/001821
[I](2023-01-26  07:17:28 pm)작업중 M코드정지 [d:25][t:00:35:47]

[I](2023-01-26  07:18:28 pm)작업중 정지 [d:25][t:00:36:47]
[I](2023-01-26  07:18:28 pm)    [LNo:0001] 000759/001821
[I](2023-01-26  07:18:28 pm)작업중 Single Block Stop [d:25][t:00:36:47]

[I](2023-01-26  07:18:46 pm)작업중 정지 [d:25][t:00:37:05]
[I](2023-01-26  07:18:46 pm)    [LNo:0001] 000795/001821
[I](2023-01-26  07:25:22 pm)작업중 정지 [d:31][t:00:43:41]
[I](2023-01-26  07:25:22 pm)    [LNo:0001] 000811/001821
[I](2023-01-26  07:25:22 pm)작업중 M코드정지 [d:31][t:00:43:41]
[I](2023-01-26  07:28:31 pm)작업중 정지 [d:31][t:00:46:49]
[I](2023-01-26  07:28:31 pm)    [LNo:0001] 000815/001821
[I](2023-01-26  07:28:31 pm)작업중 M코드정지 [d:31][t:00:46:50]
[I](2023-01-26  07:30:54 pm)Reset
[I](2023-01-26  07:30:55 pm)Reset
[I](2023-01-26  07:31:33 pm)Reset
[I](2023-01-26  07:31:34 pm)Reset
[I](2023-01-26  07:31:41 pm)Reset
[I](2023-01-26  07:31:41 pm)Reset
[I](2023-01-26  07:31:58 pm)작업 시작 [Start d:31]
[I](2023-01-26  07:31:58 pm)Nc File: [No.0002-549.NC]
[I](2023-01-26  07:31:58 pm)  * Start Machine Position
[I](2023-01-26  07:31:58 pm)    X:    205.3118
[I](2023-01-26  07:31:58 pm)    Y:   -386.7751
[I](2023-01-26  07:31:58 pm)    U:      0.0000
[I](2023-01-26  07:31:58 pm)    V:      0.0000
[I](2023-01-26  07:31:58 pm)    Z:     26.5426
[I](2023-01-26  07:31:58 pm)  * Angle
[I](2023-01-26  07:31:58 pm)    Ar:      0.1413,Kr:      0.0000
[I](2023-01-26  07:31:58 pm)    Taper_Ar:      0.0000
[I](2023-01-26  09:26:23 pm)작업중 정지 [d:109][t:01:54:24]
[I](2023-01-26  09:26:23 pm)    [LNo:0002] 000138/002021
[A](2023-01-26  09:26:23 pm)[008] 작업중 단선(AWF Feed Motor Stop )
[I](2023-01-26  09:26:23 pm)작업중 Wire 단선 [d:109][t:01:54:24]
[I](2023-01-26  09:27:31 pm)작업 재시작
[I](2023-01-26  10:24:39 pm)작업중 정지 [d:166][t:02:52:40]
[I](2023-01-26  10:24:39 pm)    [LNo:0002] 000217/002021
[I](2023-01-26  10:24:39 pm)작업중 30sec 접촉 정지 [d:166][t:02:52:40]
