[I](2023-01-13  09:58:23 am)작업중 정지 [d:847][t:14:47:48]
[I](2023-01-13  09:58:23 am)    [LNo:0007] 001893/002148
[A](2023-01-13  10:04:46 am)[037] 자동결선 잔여 WIRE 처리 실패!!
[I](2023-01-13  10:05:16 am)작업 재시작
[I](2023-01-13  06:09:46 pm)작업중 정지 [d:477][t:22:59:11]
[I](2023-01-13  06:09:46 pm)    [LNo:0007] 002136/002148
[I](2023-01-13  06:09:46 pm)작업중 M코드정지 [d:477][t:22:59:11]
[I](2023-01-13  06:11:22 pm)작업중 정지 [d:477][t:23:00:47]
[I](2023-01-13  06:11:22 pm)    [LNo:0007] 002137/002148
[I](2023-01-13  06:11:22 pm)Wire Contact Auto Stop(M52)
[A](2023-01-13  06:12:19 pm)[037] 자동결선 잔여 WIRE 처리 실패!!
[I](2023-01-13  06:18:07 pm)Reset
[I](2023-01-13  06:18:08 pm)Reset
[I](2023-01-13  06:21:07 pm)Reset
[I](2023-01-13  06:30:02 pm)Reset
[I](2023-01-13  06:34:34 pm)Reset
[I](2023-01-13  06:34:40 pm)Reset
[I](2023-01-13  06:34:48 pm)Reset
[A](2023-01-13  06:36:35 pm)[037] 자동결선 잔여 WIRE 처리 실패!!
[I](2023-01-13  06:37:51 pm)Reset
[I](2023-01-13  06:38:01 pm)Reset
[I](2023-01-13  06:38:13 pm)작업 시작 [Start d:484]
[I](2023-01-13  06:38:13 pm)Nc File: [No.0008-251.NC]
[I](2023-01-13  06:38:13 pm)  * Start Machine Position
[I](2023-01-13  06:38:13 pm)    X:     20.1698
[I](2023-01-13  06:38:13 pm)    Y:   -327.0706
[I](2023-01-13  06:38:13 pm)    U:      0.1303
[I](2023-01-13  06:38:13 pm)    V:      0.0692
[I](2023-01-13  06:38:13 pm)    Z:     59.1313
[I](2023-01-13  06:38:13 pm)  * Angle
[I](2023-01-13  06:38:13 pm)    Ar:     -0.3087,Kr:      0.0000
[I](2023-01-13  06:38:13 pm)    Taper_Ar:      0.0000
[I](2023-01-13  06:39:02 pm)작업중 정지 [d:0][t:00:00:48]
[I](2023-01-13  06:39:02 pm)    [LNo:0008] 000013/000065
[A](2023-01-13  06:39:04 pm)[002] 가공액 미동작
[I](2023-01-13  06:56:40 pm)작업중 정지 [d:17][t:00:18:27]
[I](2023-01-13  06:56:40 pm)    [LNo:0008] 000030/000065
[I](2023-01-13  06:56:40 pm)작업중 M코드정지 [d:17][t:00:18:27]
[I](2023-01-13  06:57:05 pm)작업중 정지 [d:17][t:00:18:51]
[I](2023-01-13  06:57:05 pm)    [LNo:0008] 000033/000065
[I](2023-01-13  06:57:05 pm)작업중 M코드정지 [d:17][t:00:18:52]
[I](2023-01-13  07:00:00 pm)작업중 정지 [d:19][t:00:21:47]
[I](2023-01-13  07:00:00 pm)    [LNo:0008] 000058/000065
[A](2023-01-13  07:00:21 pm)[084] Work Tank Fluid Sensor Abnormal
[A](2023-01-13  07:00:23 pm)[084] Work Tank Fluid Sensor Abnormal
[A](2023-01-13  07:00:23 pm)[084] Work Tank Fluid Sensor Abnormal
[A](2023-01-13  07:00:23 pm)[084] Work Tank Fluid Sensor Abnormal
[A](2023-01-13  07:00:24 pm)[084] Work Tank Fluid Sensor Abnormal
[A](2023-01-13  07:00:24 pm)[084] Work Tank Fluid Sensor Abnormal
[A](2023-01-13  07:00:24 pm)[084] Work Tank Fluid Sensor Abnormal
[A](2023-01-13  07:00:24 pm)[084] Work Tank Fluid Sensor Abnormal
[A](2023-01-13  07:00:24 pm)[084] Work Tank Fluid Sensor Abnormal
[A](2023-01-13  07:00:24 pm)[084] Work Tank Fluid Sensor Abnormal
[A](2023-01-13  07:00:25 pm)[084] Work Tank Fluid Sensor Abnormal
[A](2023-01-13  07:00:25 pm)[084] Work Tank Fluid Sensor Abnormal
[A](2023-01-13  07:00:25 pm)[084] Work Tank Fluid Sensor Abnormal
[A](2023-01-13  07:00:25 pm)[084] Work Tank Fluid Sensor Abnormal
[A](2023-01-13  07:00:25 pm)[084] Work Tank Fluid Sensor Abnormal
[I](2023-01-13  07:02:23 pm)Reset
[I](2023-01-13  07:03:28 pm)Reset
[I](2023-01-13  07:03:28 pm)Reset
[I](2023-01-13  07:08:19 pm)Reset
[I](2023-01-13  07:08:24 pm)Reset
[I](2023-01-13  07:09:15 pm)Reset
[I](2023-01-13  07:10:37 pm)Reset
[I](2023-01-13  07:10:41 pm)Reset
[I](2023-01-13  07:13:31 pm)Reset
[I](2023-01-13  07:13:34 pm)Reset
[I](2023-01-13  07:14:17 pm)작업 시작 [Start d:0]
[I](2023-01-13  07:14:17 pm)Nc File: [No.0001-0.29   FFX   WALL   B   황삭.NC]
[I](2023-01-13  07:14:17 pm)  * Start Machine Position
[I](2023-01-13  07:14:17 pm)    X:    575.5657
[I](2023-01-13  07:14:17 pm)    Y:   -359.5164
[I](2023-01-13  07:14:17 pm)    U:      0.0000
[I](2023-01-13  07:14:17 pm)    V:      0.0000
[I](2023-01-13  07:14:17 pm)    Z:     44.6483
[I](2023-01-13  07:14:17 pm)  * Angle
[I](2023-01-13  07:14:17 pm)    Ar:     -0.0071,Kr:      0.0000
[I](2023-01-13  07:14:17 pm)    Taper_Ar:      0.0000
[I](2023-01-13  07:14:17 pm)작업중 정지 [d:0][t:00:00:00]
[I](2023-01-13  07:14:17 pm)    [LNo:0001] 000005/001642
[I](2023-01-13  07:14:27 pm)Reset
[I](2023-01-13  07:14:28 pm)Reset
[I](2023-01-13  07:14:29 pm)작업 시작 [Start d:0]
[I](2023-01-13  07:14:29 pm)Nc File: [No.0001-0.29   FFX   WALL   B   황삭.NC]
[I](2023-01-13  07:14:29 pm)  * Start Machine Position
[I](2023-01-13  07:14:29 pm)    X:    575.5657
[I](2023-01-13  07:14:29 pm)    Y:   -359.5164
[I](2023-01-13  07:14:29 pm)    U:      0.0000
[I](2023-01-13  07:14:29 pm)    V:      0.0000
[I](2023-01-13  07:14:29 pm)    Z:     44.6483
[I](2023-01-13  07:14:29 pm)  * Angle
[I](2023-01-13  07:14:29 pm)    Ar:     -0.0071,Kr:      0.0000
[I](2023-01-13  07:14:29 pm)    Taper_Ar:      0.0000
[I](2023-01-13  07:14:29 pm)작업중 정지 [d:0][t:00:00:00]
[I](2023-01-13  07:14:29 pm)    [LNo:0001] 000005/001642
[I](2023-01-13  07:14:38 pm)작업중 정지 [d:0][t:00:00:09]
[I](2023-01-13  07:14:38 pm)    [LNo:0001] 000061/001642
[A](2023-01-13  07:16:58 pm)[001] 와이어 미동작
[I](2023-01-13  07:18:36 pm)Reset
[I](2023-01-13  07:18:42 pm)Reset
[I](2023-01-13  07:28:12 pm)Reset
[I](2023-01-13  07:28:40 pm)Reset
[I](2023-01-13  07:29:11 pm)Reset
[I](2023-01-13  07:29:52 pm)Reset
[I](2023-01-13  07:29:53 pm)Reset
[I](2023-01-13  07:31:13 pm)Reset
[I](2023-01-13  07:31:13 pm)Reset
[I](2023-01-13  07:31:28 pm)작업 시작 [Start d:0]
[I](2023-01-13  07:31:28 pm)Nc File: [No.0001-0.29  SK  LG1  WALL  황삭.NC]
[I](2023-01-13  07:31:28 pm)  * Start Machine Position
[I](2023-01-13  07:31:28 pm)    X:    575.5156
[I](2023-01-13  07:31:28 pm)    Y:   -359.5164
[I](2023-01-13  07:31:28 pm)    U:      0.0000
[I](2023-01-13  07:31:28 pm)    V:      0.0000
[I](2023-01-13  07:31:28 pm)    Z:     44.6483
[I](2023-01-13  07:31:28 pm)  * Angle
[I](2023-01-13  07:31:28 pm)    Ar:     -0.0494,Kr:      0.0000
[I](2023-01-13  07:31:28 pm)    Taper_Ar:      0.0000
[I](2023-01-13  07:31:57 pm)작업중 정지 [d:0][t:00:00:29]
[I](2023-01-13  07:31:57 pm)    [LNo:0001] 000059/001546
[A](2023-01-13  07:32:32 pm)[036] 자동결선 절단 공정 실패!!
[I](2023-01-13  07:41:23 pm)Reset
[I](2023-01-13  07:49:04 pm)Reset
[I](2023-01-13  07:49:07 pm)Reset
[A](2023-01-13  07:52:37 pm)[001] 와이어 미동작
[A](2023-01-13  07:52:38 pm)[001] 와이어 미동작
[A](2023-01-13  07:52:38 pm)[001] 와이어 미동작
[I](2023-01-13  07:54:22 pm)Reset
[I](2023-01-13  07:54:59 pm)Reset
[I](2023-01-13  07:56:56 pm)Reset
[I](2023-01-13  07:57:36 pm)Reset
[I](2023-01-13  07:57:36 pm)Reset
[I](2023-01-13  07:57:42 pm)작업 시작 [Start d:0]
[I](2023-01-13  07:57:42 pm)Nc File: [No.0001-300.NC]
[I](2023-01-13  07:57:42 pm)  * Start Machine Position
[I](2023-01-13  07:57:42 pm)    X:    396.4159
[I](2023-01-13  07:57:42 pm)    Y:   -366.9705
[I](2023-01-13  07:57:42 pm)    U:      0.0000
[I](2023-01-13  07:57:42 pm)    V:      0.0000
[I](2023-01-13  07:57:42 pm)    Z:     44.1918
[I](2023-01-13  07:57:42 pm)  * Angle
[I](2023-01-13  07:57:42 pm)    Ar:      0.0617,Kr:      0.0000
[I](2023-01-13  07:57:42 pm)    Taper_Ar:      0.0000
[I](2023-01-13  07:57:42 pm)작업중 정지 [d:0][t:00:00:00]
[I](2023-01-13  07:57:42 pm)    [LNo:0001] 000005/000826
[I](2023-01-13  07:57:50 pm)작업중 정지 [d:0][t:00:00:07]
[I](2023-01-13  07:57:50 pm)    [LNo:0001] 000034/000826
[I](2023-01-13  07:58:45 pm)작업중 정지 [d:0][t:00:01:02]
[I](2023-01-13  07:58:45 pm)    [LNo:0001] 000037/000826
[I](2023-01-13  07:58:53 pm)작업중 정지 [d:0][t:00:01:11]
[I](2023-01-13  07:58:53 pm)    [LNo:0001] 000061/000826
[I](2023-01-13  07:59:50 pm)작업중 정지 [d:0][t:00:02:07]
[I](2023-01-13  07:59:50 pm)    [LNo:0001] 000064/000826
[I](2023-01-13  07:59:50 pm)작업중 정지 [d:0][t:00:02:08]
[I](2023-01-13  07:59:50 pm)    [LNo:0001] 000064/000826
[I](2023-01-13  08:00:00 pm)작업중 정지 [d:0][t:00:02:17]
[I](2023-01-13  08:00:00 pm)    [LNo:0001] 000088/000826
[I](2023-01-13  08:00:53 pm)작업중 정지 [d:0][t:00:03:10]
[I](2023-01-13  08:00:53 pm)    [LNo:0001] 000091/000826
[I](2023-01-13  08:01:02 pm)작업중 정지 [d:0][t:00:03:19]
[I](2023-01-13  08:01:02 pm)    [LNo:0001] 000115/000826
[A](2023-01-13  08:01:52 pm)[037] 자동결선 잔여 WIRE 처리 실패!!
[I](2023-01-13  08:01:53 pm)작업중 정지 [d:0][t:00:04:10]
[I](2023-01-13  08:01:53 pm)    [LNo:0001] 000118/000826
[I](2023-01-13  08:01:53 pm)작업중 정지 [d:0][t:00:04:11]
[I](2023-01-13  08:01:53 pm)    [LNo:0001] 000118/000826
[I](2023-01-13  08:02:03 pm)작업중 정지 [d:0][t:00:04:20]
[I](2023-01-13  08:02:03 pm)    [LNo:0001] 000142/000826
[A](2023-01-13  08:03:02 pm)[037] 자동결선 잔여 WIRE 처리 실패!!
[I](2023-01-13  08:03:02 pm)작업중 정지 [d:0][t:00:05:20]
[I](2023-01-13  08:03:02 pm)    [LNo:0001] 000145/000826
[I](2023-01-13  08:03:11 pm)작업중 정지 [d:0][t:00:05:29]
[I](2023-01-13  08:03:11 pm)    [LNo:0001] 000169/000826
[I](2023-01-13  08:04:10 pm)작업중 정지 [d:0][t:00:06:28]
[I](2023-01-13  08:04:10 pm)    [LNo:0001] 000172/000826
[I](2023-01-13  08:04:29 pm)작업중 정지 [d:0][t:00:06:46]
[I](2023-01-13  08:04:29 pm)    [LNo:0001] 000331/000826
[I](2023-01-13  08:05:38 pm)Reset
[I](2023-01-13  08:06:03 pm)Reset
[I](2023-01-13  08:06:03 pm)Reset
[I](2023-01-13  08:06:04 pm)Reset
[I](2023-01-13  08:06:08 pm)작업 시작 [Start d:0]
[I](2023-01-13  08:06:08 pm)Nc File: [No.0001-300.NC]
[I](2023-01-13  08:06:08 pm)  * Start Machine Position
[I](2023-01-13  08:06:08 pm)    X:    396.4159
[I](2023-01-13  08:06:08 pm)    Y:   -366.9705
[I](2023-01-13  08:06:08 pm)    U:      0.0000
[I](2023-01-13  08:06:08 pm)    V:      0.0000
[I](2023-01-13  08:06:08 pm)    Z:     44.1918
[I](2023-01-13  08:06:08 pm)  * Angle
[I](2023-01-13  08:06:08 pm)    Ar:      0.0617,Kr:      0.0000
[I](2023-01-13  08:06:08 pm)    Taper_Ar:      0.0000
