[I](2023-01-28  07:38:17 am)작업중 정지 [d:623][t:10:47:14]
[I](2023-01-28  07:38:17 am)    [LNo:0006] 000622/001630
[I](2023-01-28  07:38:17 am)작업중 M코드정지 [d:623][t:10:47:14]
[I](2023-01-28  08:36:28 am)작업중 정지 [d:623][t:11:45:26]
[I](2023-01-28  08:36:28 am)    [LNo:0006] 000627/001630
[I](2023-01-28  08:36:28 am)작업중 M코드정지 [d:623][t:11:45:26]
[I](2023-01-28  08:38:20 am)작업중 정지 [d:624][t:11:47:18]
[I](2023-01-28  08:38:20 am)    [LNo:0006] 000642/001630
[I](2023-01-28  08:38:20 am)작업중 M코드정지 [d:624][t:11:47:18]
[I](2023-01-28  08:43:47 am)작업중 정지 [d:624][t:11:52:44]
[I](2023-01-28  08:43:47 am)    [LNo:0006] 000643/001630
[I](2023-01-28  08:44:37 am)작업 재시작
[I](2023-01-28  08:46:59 am)작업중 정지 [d:625][t:11:55:56]
[I](2023-01-28  08:46:59 am)    [LNo:0006] 000665/001630
[I](2023-01-28  08:46:59 am)작업중 M코드정지 [d:625][t:11:55:56]
[I](2023-01-28  08:47:16 am)작업중 정지 [d:625][t:11:56:13]
[I](2023-01-28  08:47:16 am)    [LNo:0006] 000666/001630
[I](2023-01-28  08:47:16 am)Wire Contact Auto Stop(M52)
[I](2023-01-28  08:48:12 am)작업 재시작
[I](2023-01-28  08:51:29 am)작업중 정지 [d:627][t:12:00:26]
[I](2023-01-28  08:51:29 am)    [LNo:0006] 000688/001630
[I](2023-01-28  08:51:29 am)작업중 M코드정지 [d:627][t:12:00:26]
[I](2023-01-28  08:51:48 am)작업중 정지 [d:627][t:12:00:45]
[I](2023-01-28  08:51:48 am)    [LNo:0006] 000689/001630
[I](2023-01-28  08:51:48 am)Wire Contact Auto Stop(M52)
[I](2023-01-28  08:52:12 am)작업 재시작
[I](2023-01-28  08:54:59 am)작업중 정지 [d:628][t:12:03:56]
[I](2023-01-28  08:54:59 am)    [LNo:0006] 000711/001630
[I](2023-01-28  08:54:59 am)작업중 M코드정지 [d:628][t:12:03:56]
[I](2023-01-28  09:01:27 am)작업중 정지 [d:629][t:12:10:25]
[I](2023-01-28  09:01:27 am)    [LNo:0006] 000712/001630
[I](2023-01-28  09:01:27 am)Wire Contact Auto Stop(M52)
[I](2023-01-28  09:02:54 am)작업 재시작
[I](2023-01-28  09:06:00 am)작업중 정지 [d:631][t:12:14:58]
[I](2023-01-28  09:06:00 am)    [LNo:0006] 000734/001630
[I](2023-01-28  09:06:00 am)작업중 M코드정지 [d:631][t:12:14:58]
[I](2023-01-28  09:08:29 am)작업중 정지 [d:632][t:12:17:26]
[I](2023-01-28  09:08:29 am)    [LNo:0006] 000735/001630
[I](2023-01-28  09:09:07 am)작업 재시작
[I](2023-01-28  09:11:40 am)작업중 정지 [d:634][t:12:20:37]
[I](2023-01-28  09:11:40 am)    [LNo:0006] 000757/001630
[I](2023-01-28  09:11:40 am)작업중 M코드정지 [d:634][t:12:20:38]
[I](2023-01-28  09:14:38 am)작업중 정지 [d:634][t:12:23:36]
[I](2023-01-28  09:14:38 am)    [LNo:0006] 000758/001630
[I](2023-01-28  09:15:13 am)작업 재시작
[I](2023-01-28  09:17:31 am)작업중 정지 [d:636][t:12:26:29]
[I](2023-01-28  09:17:31 am)    [LNo:0006] 000780/001630
[I](2023-01-28  09:17:31 am)작업중 M코드정지 [d:636][t:12:26:29]
[I](2023-01-28  09:18:40 am)작업중 정지 [d:636][t:12:27:38]
[I](2023-01-28  09:18:40 am)    [LNo:0006] 000781/001630
[I](2023-01-28  09:18:40 am)Wire Contact Auto Stop(M52)
[I](2023-01-28  09:19:04 am)작업 재시작
[I](2023-01-28  09:22:42 am)작업중 정지 [d:638][t:12:31:39]
[I](2023-01-28  09:22:42 am)    [LNo:0006] 000803/001630
[I](2023-01-28  09:22:42 am)작업중 M코드정지 [d:638][t:12:31:39]
[I](2023-01-28  09:23:43 am)작업중 정지 [d:638][t:12:32:41]
[I](2023-01-28  09:23:43 am)    [LNo:0006] 000804/001630
[I](2023-01-28  09:23:43 am)Wire Contact Auto Stop(M52)
[I](2023-01-28  09:24:30 am)작업 재시작
[I](2023-01-28  09:27:08 am)작업중 정지 [d:639][t:12:36:05]
[I](2023-01-28  09:27:08 am)    [LNo:0006] 000826/001630
[I](2023-01-28  09:27:08 am)작업중 M코드정지 [d:639][t:12:36:05]
[I](2023-01-28  09:30:54 am)작업중 정지 [d:639][t:12:39:51]
[I](2023-01-28  09:30:54 am)    [LNo:0006] 000827/001630
[I](2023-01-28  09:30:54 am)Wire Contact Auto Stop(M52)
[I](2023-01-28  09:31:54 am)작업 재시작
[I](2023-01-28  09:34:43 am)작업중 정지 [d:641][t:12:43:41]
[I](2023-01-28  09:34:43 am)    [LNo:0006] 000849/001630
[I](2023-01-28  09:34:44 am)작업중 M코드정지 [d:641][t:12:43:41]
[I](2023-01-28  09:43:05 am)작업중 정지 [d:641][t:12:52:03]
[I](2023-01-28  09:43:05 am)    [LNo:0006] 000850/001630
[I](2023-01-28  09:43:05 am)Wire Contact Auto Stop(M52)
[I](2023-01-28  09:43:36 am)작업 재시작
[I](2023-01-28  09:46:15 am)작업중 정지 [d:642][t:12:55:12]
[I](2023-01-28  09:46:15 am)    [LNo:0006] 000872/001630
[I](2023-01-28  09:46:15 am)작업중 M코드정지 [d:642][t:12:55:12]
[I](2023-01-28  09:49:40 am)작업중 정지 [d:642][t:12:58:38]
[I](2023-01-28  09:49:40 am)    [LNo:0006] 000873/001630
[I](2023-01-28  09:49:40 am)Wire Contact Auto Stop(M52)
[I](2023-01-28  09:50:17 am)작업 재시작
[I](2023-01-28  09:52:06 am)작업중 정지 [d:643][t:13:01:04]
[I](2023-01-28  09:52:06 am)    [LNo:0006] 000892/001630
[I](2023-01-28  09:52:06 am)작업중 30sec 접촉 정지 [d:643][t:13:01:04]
[I](2023-01-28  10:02:34 am)작업 재시작
[I](2023-01-28  10:02:39 am)작업중 정지 [d:643][t:13:11:36]
[I](2023-01-28  10:02:39 am)    [LNo:0006] 000892/001630
[I](2023-01-28  10:02:39 am)작업중 30sec 접촉 정지 [d:643][t:13:11:36]
[I](2023-01-28  10:02:49 am)작업 재시작
[I](2023-01-28  10:02:54 am)작업중 정지 [d:643][t:13:11:52]
[I](2023-01-28  10:02:54 am)    [LNo:0006] 000892/001630
[I](2023-01-28  10:02:55 am)작업중 30sec 접촉 정지 [d:643][t:13:11:52]
[I](2023-01-28  10:03:51 am)작업 재시작
[I](2023-01-28  10:04:55 am)작업중 정지 [d:644][t:13:13:53]
[I](2023-01-28  10:04:55 am)    [LNo:0006] 000895/001630
[I](2023-01-28  10:04:55 am)작업중 M코드정지 [d:644][t:13:13:53]
[I](2023-01-28  10:05:40 am)작업중 정지 [d:644][t:13:14:37]
[I](2023-01-28  10:05:40 am)    [LNo:0006] 000896/001630
[I](2023-01-28  10:05:40 am)Wire Contact Auto Stop(M52)
[I](2023-01-28  10:06:16 am)작업 재시작
[I](2023-01-28  10:09:34 am)작업중 정지 [d:645][t:13:18:31]
[I](2023-01-28  10:09:34 am)    [LNo:0006] 000918/001630
[I](2023-01-28  10:09:34 am)작업중 M코드정지 [d:645][t:13:18:31]
[I](2023-01-28  10:13:17 am)작업중 정지 [d:645][t:13:22:14]
[I](2023-01-28  10:13:17 am)    [LNo:0006] 000919/001630
[I](2023-01-28  10:13:17 am)Wire Contact Auto Stop(M52)
[I](2023-01-28  10:14:00 am)작업 재시작
[I](2023-01-28  10:15:48 am)작업중 정지 [d:646][t:13:24:46]
[I](2023-01-28  10:15:48 am)    [LNo:0006] 000938/001630
[I](2023-01-28  10:15:48 am)작업중 30sec 접촉 정지 [d:646][t:13:24:46]
[I](2023-01-28  10:18:43 am)작업 재시작
[I](2023-01-28  10:18:53 am)작업중 정지 [d:646][t:13:27:50]
[I](2023-01-28  10:18:53 am)    [LNo:0006] 000938/001630
[A](2023-01-28  10:18:53 am)[008] 작업중 단선(AWF Feed Motor Stop )
[I](2023-01-28  10:18:53 am)작업중 Wire 단선 [d:646][t:13:27:51]
[I](2023-01-28  10:20:02 am)작업 재시작
[I](2023-01-28  10:20:48 am)작업중 정지 [d:647][t:13:29:46]
[I](2023-01-28  10:20:48 am)    [LNo:0006] 000941/001630
[I](2023-01-28  10:20:48 am)작업중 M코드정지 [d:647][t:13:29:46]
[I](2023-01-28  10:22:20 am)작업중 정지 [d:647][t:13:31:17]
[I](2023-01-28  10:22:20 am)    [LNo:0006] 000942/001630
[I](2023-01-28  10:22:56 am)작업 재시작
[I](2023-01-28  10:25:22 am)작업중 정지 [d:647][t:13:34:20]
[I](2023-01-28  10:25:22 am)    [LNo:0006] 000963/001630
[A](2023-01-28  10:25:22 am)[008] 작업중 단선(AWF Feed Motor Stop )
[I](2023-01-28  10:25:22 am)작업중 Wire 단선 [d:647][t:13:34:20]
[I](2023-01-28  10:26:34 am)작업 재시작
[I](2023-01-28  10:26:58 am)작업중 정지 [d:647][t:13:35:55]
[I](2023-01-28  10:26:58 am)    [LNo:0006] 000964/001630
[I](2023-01-28  10:26:58 am)작업중 M코드정지 [d:647][t:13:35:55]
[I](2023-01-28  10:27:15 am)작업중 정지 [d:647][t:13:36:12]
[I](2023-01-28  10:27:15 am)    [LNo:0006] 000965/001630
[I](2023-01-28  10:27:15 am)Wire Contact Auto Stop(M52)
[I](2023-01-28  10:29:09 am)작업 재시작
[I](2023-01-28  10:32:27 am)작업중 정지 [d:649][t:13:41:25]
[I](2023-01-28  10:32:27 am)    [LNo:0006] 000987/001630
[I](2023-01-28  10:32:27 am)작업중 M코드정지 [d:649][t:13:41:25]
[I](2023-01-28  10:33:03 am)작업중 정지 [d:649][t:13:42:00]
[I](2023-01-28  10:33:03 am)    [LNo:0006] 000988/001630
[I](2023-01-28  10:33:03 am)Wire Contact Auto Stop(M52)
[I](2023-01-28  10:33:29 am)작업 재시작
[I](2023-01-28  10:35:55 am)작업중 정지 [d:650][t:13:44:52]
[I](2023-01-28  10:35:55 am)    [LNo:0006] 001010/001630
[I](2023-01-28  10:35:55 am)작업중 M코드정지 [d:650][t:13:44:52]
[I](2023-01-28  10:36:24 am)작업중 정지 [d:650][t:13:45:21]
[I](2023-01-28  10:36:24 am)    [LNo:0006] 001011/001630
[I](2023-01-28  10:36:24 am)Wire Contact Auto Stop(M52)
[I](2023-01-28  10:36:59 am)작업 재시작
[I](2023-01-28  10:37:37 am)작업중 정지 [d:650][t:13:46:34]
[I](2023-01-28  10:37:37 am)    [LNo:0006] 001016/001630
[I](2023-01-28  10:39:47 am)Reset
[I](2023-01-28  10:39:47 am)Reset
[I](2023-01-28  10:52:22 am)작업 시작 [Start d:670]
[I](2023-01-28  10:52:22 am)Nc File: [No.0001-601.NC]
[I](2023-01-28  10:52:22 am)  * Start Machine Position
[I](2023-01-28  10:52:22 am)    X:    310.5042
[I](2023-01-28  10:52:22 am)    Y:   -387.3520
[I](2023-01-28  10:52:22 am)    U:      0.0000
[I](2023-01-28  10:52:22 am)    V:      0.0000
[I](2023-01-28  10:52:22 am)    Z:     30.4255
[I](2023-01-28  10:52:22 am)  * Angle
[I](2023-01-28  10:52:22 am)    Ar:      0.0421,Kr:      0.0000
[I](2023-01-28  10:52:22 am)    Taper_Ar:      0.0000
[I](2023-01-28  10:52:53 am)작업중 정지 [d:0][t:00:00:30]
[I](2023-01-28  10:52:53 am)    [LNo:0001] 000010/000388
[I](2023-01-28  10:52:53 am)작업중 M코드정지 [d:0][t:00:00:30]
[I](2023-01-28  11:05:46 am)작업중 정지 [d:12][t:00:13:23]
[I](2023-01-28  11:05:46 am)    [LNo:0001] 000034/000388
[I](2023-01-28  11:05:46 am)작업중 M코드정지 [d:12][t:00:13:23]
[I](2023-01-28  11:06:17 am)작업중 정지 [d:12][t:00:13:54]
[I](2023-01-28  11:06:17 am)    [LNo:0001] 000036/000388
[I](2023-01-28  11:06:49 am)작업 재시작
[I](2023-01-28  11:06:53 am)작업중 정지 [d:12][t:00:14:30]
[I](2023-01-28  11:06:53 am)    [LNo:0001] 000038/000388
[I](2023-01-28  11:06:53 am)작업중 M코드정지 [d:12][t:00:14:30]
[I](2023-01-28  11:20:19 am)작업중 정지 [d:24][t:00:27:56]
[I](2023-01-28  11:20:19 am)    [LNo:0001] 000068/000388
[I](2023-01-28  11:20:19 am)작업중 M코드정지 [d:24][t:00:27:56]
[I](2023-01-28  11:22:26 am)작업중 정지 [d:25][t:00:30:03]
[I](2023-01-28  11:22:26 am)    [LNo:0001] 000072/000388
[I](2023-01-28  11:22:26 am)작업중 M코드정지 [d:25][t:00:30:03]
[I](2023-01-28  11:24:31 am)작업중 정지 [d:26][t:00:32:08]
[I](2023-01-28  11:24:31 am)    [LNo:0001] 000089/000388
[I](2023-01-28  11:24:31 am)작업중 30sec 접촉 정지 [d:26][t:00:32:08]
[I](2023-01-28  11:24:44 am)작업 재시작
[I](2023-01-28  11:36:35 am)작업중 정지 [d:38][t:00:44:12]
[I](2023-01-28  11:36:35 am)    [LNo:0001] 000102/000388
[I](2023-01-28  11:36:35 am)작업중 M코드정지 [d:38][t:00:44:12]
[I](2023-01-28  11:38:17 am)작업중 정지 [d:38][t:00:45:54]
[I](2023-01-28  11:38:17 am)    [LNo:0001] 000106/000388
[I](2023-01-28  11:38:17 am)작업중 M코드정지 [d:38][t:00:45:54]
[I](2023-01-28  11:51:56 am)작업중 정지 [d:50][t:00:59:33]
[I](2023-01-28  11:51:56 am)    [LNo:0001] 000136/000388
[I](2023-01-28  11:51:56 am)작업중 M코드정지 [d:50][t:00:59:33]
[I](2023-01-28  11:52:50 am)작업중 정지 [d:50][t:01:00:27]
[I](2023-01-28  11:52:50 am)    [LNo:0001] 000138/000388
[I](2023-01-28  11:53:10 am)작업 재시작
[I](2023-01-28  11:53:17 am)작업중 정지 [d:50][t:01:00:54]
[I](2023-01-28  11:53:17 am)    [LNo:0001] 000140/000388
[I](2023-01-28  11:53:17 am)작업중 M코드정지 [d:50][t:01:00:54]
[I](2023-01-28  12:06:46 pm)작업중 정지 [d:62][t:01:14:23]
[I](2023-01-28  12:06:46 pm)    [LNo:0001] 000170/000388
[I](2023-01-28  12:06:46 pm)작업중 M코드정지 [d:62][t:01:14:24]
[I](2023-01-28  12:07:19 pm)작업중 정지 [d:62][t:01:14:56]
[I](2023-01-28  12:07:19 pm)    [LNo:0001] 000172/000388
[I](2023-01-28  12:07:48 pm)작업 재시작
[I](2023-01-28  12:07:52 pm)작업중 정지 [d:62][t:01:15:29]
[I](2023-01-28  12:07:52 pm)    [LNo:0001] 000174/000388
[I](2023-01-28  12:07:52 pm)작업중 M코드정지 [d:62][t:01:15:29]
[I](2023-01-28  12:21:29 pm)작업중 정지 [d:75][t:01:29:06]
[I](2023-01-28  12:21:29 pm)    [LNo:0001] 000204/000388
[I](2023-01-28  12:21:29 pm)작업중 M코드정지 [d:75][t:01:29:06]
[I](2023-01-28  12:21:53 pm)작업중 정지 [d:75][t:01:29:30]
[I](2023-01-28  12:21:53 pm)    [LNo:0001] 000206/000388
[I](2023-01-28  12:22:41 pm)작업 재시작
[I](2023-01-28  12:22:45 pm)작업중 정지 [d:75][t:01:30:22]
[I](2023-01-28  12:22:45 pm)    [LNo:0001] 000208/000388
[I](2023-01-28  12:22:45 pm)작업중 M코드정지 [d:75][t:01:30:22]
[I](2023-01-28  12:36:44 pm)작업중 정지 [d:87][t:01:44:21]
[I](2023-01-28  12:36:44 pm)    [LNo:0001] 000238/000388
[I](2023-01-28  12:36:44 pm)작업중 M코드정지 [d:87][t:01:44:21]
[I](2023-01-28  12:38:52 pm)작업중 정지 [d:87][t:01:46:30]
[I](2023-01-28  12:38:52 pm)    [LNo:0001] 000240/000388
[I](2023-01-28  12:39:25 pm)작업 재시작
[I](2023-01-28  12:39:29 pm)작업중 정지 [d:87][t:01:47:06]
[I](2023-01-28  12:39:29 pm)    [LNo:0001] 000242/000388
[I](2023-01-28  12:39:29 pm)작업중 M코드정지 [d:87][t:01:47:06]
[I](2023-01-28  12:40:10 pm)작업중 정지 [d:87][t:01:47:47]
[I](2023-01-28  12:40:10 pm)    [LNo:0001] 000245/000388
[I](2023-01-28  12:45:57 pm)Reset
[I](2023-01-28  12:46:05 pm)Reset
[I](2023-01-28  12:46:05 pm)Reset
[I](2023-01-28  12:48:25 pm)Reset
[I](2023-01-28  12:48:32 pm)Reset
[I](2023-01-28  12:48:32 pm)Reset
[I](2023-01-28  12:50:51 pm)Reset
[I](2023-01-28  12:50:51 pm)Reset
[I](2023-01-28  01:08:54 pm)Reset
[I](2023-01-28  01:08:55 pm)Reset
[I](2023-01-28  01:12:32 pm)Reset
[I](2023-01-28  01:12:32 pm)Reset
[I](2023-01-28  01:12:32 pm)Reset
[I](2023-01-28  01:14:33 pm)Reset
[I](2023-01-28  01:14:53 pm)작업 시작 [Start d:0]
[I](2023-01-28  01:14:53 pm)Nc File: [No.0001-605.NC]
[I](2023-01-28  01:14:53 pm)  * Start Machine Position
[I](2023-01-28  01:14:53 pm)    X:    206.5758
[I](2023-01-28  01:14:53 pm)    Y:   -385.7589
[I](2023-01-28  01:14:53 pm)    U:      0.0000
[I](2023-01-28  01:14:53 pm)    V:      0.0000
[I](2023-01-28  01:14:53 pm)    Z:     26.4725
[I](2023-01-28  01:14:53 pm)  * Angle
[I](2023-01-28  01:14:53 pm)    Ar:      0.1378,Kr:      0.0000
[I](2023-01-28  01:14:53 pm)    Taper_Ar:      0.0000
[I](2023-01-28  01:15:26 pm)작업중 정지 [d:0][t:00:00:32]
[I](2023-01-28  01:15:26 pm)    [LNo:0001] 000289/002070
[I](2023-01-28  01:18:28 pm)작업중 정지 [d:0][t:00:03:34]
[I](2023-01-28  01:18:28 pm)    [LNo:0001] 000441/002070
[I](2023-01-28  01:20:17 pm)작업중 정지 [d:0][t:00:05:23]
[I](2023-01-28  01:20:17 pm)    [LNo:0001] 000389/002070
[I](2023-01-28  01:22:02 pm)Reset
[I](2023-01-28  01:23:33 pm)Reset
[I](2023-01-28  01:24:25 pm)작업 시작 [Start d:0]
[I](2023-01-28  01:24:25 pm)Nc File: [No.0002-595.NC]
[I](2023-01-28  01:24:25 pm)  * Start Machine Position
[I](2023-01-28  01:24:25 pm)    X:    206.5758
[I](2023-01-28  01:24:25 pm)    Y:   -385.7589
[I](2023-01-28  01:24:25 pm)    U:      0.0000
[I](2023-01-28  01:24:25 pm)    V:      0.0000
[I](2023-01-28  01:24:25 pm)    Z:     26.4725
[I](2023-01-28  01:24:25 pm)  * Angle
[I](2023-01-28  01:24:25 pm)    Ar:      0.1378,Kr:      0.0000
[I](2023-01-28  01:24:25 pm)    Taper_Ar:      0.0000
[I](2023-01-28  01:24:39 pm)작업중 정지 [d:0][t:00:00:13]
[I](2023-01-28  01:24:39 pm)    [LNo:0002] 000278/001986
[I](2023-01-28  01:37:04 pm)작업중 정지 [d:12][t:00:12:38]
[I](2023-01-28  01:37:04 pm)    [LNo:0002] 000291/001986
[I](2023-01-28  01:37:04 pm)작업중 M코드정지 [d:12][t:00:12:38]
[I](2023-01-28  01:37:34 pm)작업중 정지 [d:12][t:00:13:09]
[I](2023-01-28  01:37:34 pm)    [LNo:0002] 000292/001986
[I](2023-01-28  01:37:34 pm)Wire Contact Auto Stop(M52)
[I](2023-01-28  01:38:00 pm)작업 재시작
[I](2023-01-28  01:38:04 pm)작업중 정지 [d:12][t:00:13:38]
[I](2023-01-28  01:38:04 pm)    [LNo:0002] 000293/001986
[I](2023-01-28  01:38:04 pm)작업중 M코드정지 [d:12][t:00:13:38]
[I](2023-01-28  01:48:29 pm)작업중 정지 [d:22][t:00:24:04]
[I](2023-01-28  01:48:29 pm)    [LNo:0002] 000323/001986
[I](2023-01-28  01:48:29 pm)작업중 M코드정지 [d:22][t:00:24:04]
[I](2023-01-28  01:48:52 pm)작업중 정지 [d:22][t:00:24:26]
[I](2023-01-28  01:48:52 pm)    [LNo:0002] 000325/001986
[I](2023-01-28  01:49:25 pm)작업 재시작
[I](2023-01-28  01:49:30 pm)작업중 정지 [d:22][t:00:25:04]
[I](2023-01-28  01:49:30 pm)    [LNo:0002] 000327/001986
[I](2023-01-28  01:49:30 pm)작업중 M코드정지 [d:22][t:00:25:04]
[I](2023-01-28  02:13:06 pm)작업중 정지 [d:44][t:00:48:41]
[I](2023-01-28  02:13:06 pm)    [LNo:0002] 000376/001986
[I](2023-01-28  02:13:06 pm)작업중 30sec 접촉 정지 [d:44][t:00:48:41]
[I](2023-01-28  02:13:56 pm)작업 재시작
[I](2023-01-28  02:14:00 pm)작업중 정지 [d:44][t:00:49:34]
[I](2023-01-28  02:14:00 pm)    [LNo:0002] 000376/001986
[I](2023-01-28  02:14:33 pm)작업 재시작
[I](2023-01-28  02:14:43 pm)작업중 정지 [d:44][t:00:50:17]
[I](2023-01-28  02:14:43 pm)    [LNo:0002] 000377/001986
[I](2023-01-28  02:14:43 pm)작업중 M코드정지 [d:44][t:00:50:17]
[I](2023-01-28  02:15:00 pm)작업중 정지 [d:44][t:00:50:34]
[I](2023-01-28  02:15:00 pm)    [LNo:0002] 000379/001986
[I](2023-01-28  02:15:00 pm)작업중 M코드정지 [d:44][t:00:50:34]
[I](2023-01-28  02:15:40 pm)작업중 정지 [d:44][t:00:51:15]
[I](2023-01-28  02:15:40 pm)    [LNo:0002] 000382/001986
[I](2023-01-28  02:15:40 pm)작업중 Single Block Stop [d:44][t:00:51:15]
[I](2023-01-28  02:16:25 pm)작업중 정지 [d:44][t:00:51:59]
[I](2023-01-28  02:16:25 pm)    [LNo:0002] 000566/001986
[I](2023-01-28  02:24:19 pm)작업중 정지 [d:50][t:00:59:53]
[I](2023-01-28  02:24:19 pm)    [LNo:0002] 000582/001986
[I](2023-01-28  02:24:19 pm)작업중 M코드정지 [d:50][t:00:59:53]
[I](2023-01-28  02:25:58 pm)작업중 정지 [d:50][t:01:01:32]
[I](2023-01-28  02:25:58 pm)    [LNo:0002] 000586/001986
[I](2023-01-28  02:25:58 pm)작업중 M코드정지 [d:50][t:01:01:32]
[I](2023-01-28  02:27:10 pm)작업중 정지 [d:50][t:01:02:44]
[I](2023-01-28  02:27:10 pm)    [LNo:0002] 000589/001986
[I](2023-01-28  02:27:10 pm)작업중 Single Block Stop [d:50][t:01:02:44]
[I](2023-01-28  02:27:25 pm)작업중 정지 [d:50][t:01:02:59]
[I](2023-01-28  02:27:25 pm)    [LNo:0002] 000627/001986
[I](2023-01-28  02:34:02 pm)작업중 정지 [d:56][t:01:09:36]
[I](2023-01-28  02:34:02 pm)    [LNo:0002] 000643/001986
[I](2023-01-28  02:34:02 pm)작업중 M코드정지 [d:56][t:01:09:36]
[I](2023-01-28  02:39:40 pm)작업중 정지 [d:56][t:01:15:15]
[I](2023-01-28  02:39:40 pm)    [LNo:0002] 000647/001986
[I](2023-01-28  02:39:40 pm)작업중 M코드정지 [d:56][t:01:15:15]
[I](2023-01-28  02:40:56 pm)작업중 정지 [d:56][t:01:16:30]
[I](2023-01-28  02:40:56 pm)    [LNo:0002] 000650/001986
[I](2023-01-28  02:40:56 pm)작업중 Single Block Stop [d:56][t:01:16:30]
[I](2023-01-28  02:41:46 pm)작업중 정지 [d:56][t:01:17:20]
[I](2023-01-28  02:41:46 pm)    [LNo:0002] 000683/001986
[I](2023-01-28  02:52:56 pm)작업중 정지 [d:61][t:01:28:31]
[I](2023-01-28  02:52:56 pm)    [LNo:0002] 000699/001986
[I](2023-01-28  02:52:56 pm)작업중 M코드정지 [d:61][t:01:28:31]
[I](2023-01-28  02:55:55 pm)작업중 정지 [d:61][t:01:31:29]
[I](2023-01-28  02:55:55 pm)    [LNo:0002] 000701/001986
[I](2023-01-28  02:56:37 pm)작업 재시작
[I](2023-01-28  02:56:40 pm)작업중 정지 [d:61][t:01:32:14]
[I](2023-01-28  02:56:40 pm)    [LNo:0002] 000703/001986
[I](2023-01-28  02:56:40 pm)작업중 M코드정지 [d:61][t:01:32:15]
[I](2023-01-28  03:03:07 pm)작업중 정지 [d:66][t:01:38:41]
[I](2023-01-28  03:03:07 pm)    [LNo:0002] 000727/001986
[I](2023-01-28  03:03:07 pm)작업중 M코드정지 [d:66][t:01:38:41]
[I](2023-01-28  03:05:39 pm)작업중 정지 [d:66][t:01:41:13]
[I](2023-01-28  03:05:39 pm)    [LNo:0002] 000729/001986
[I](2023-01-28  03:06:12 pm)작업 재시작
[I](2023-01-28  03:06:16 pm)작업중 정지 [d:66][t:01:41:50]
[I](2023-01-28  03:06:16 pm)    [LNo:0002] 000731/001986
[I](2023-01-28  03:06:16 pm)작업중 M코드정지 [d:66][t:01:41:50]
[I](2023-01-28  03:12:47 pm)작업중 정지 [d:71][t:01:48:21]
[I](2023-01-28  03:12:47 pm)    [LNo:0002] 000755/001986
[I](2023-01-28  03:12:47 pm)작업중 M코드정지 [d:71][t:01:48:22]
[I](2023-01-28  03:21:44 pm)작업중 정지 [d:71][t:01:57:18]
[I](2023-01-28  03:21:44 pm)    [LNo:0002] 000757/001986
[I](2023-01-28  03:22:20 pm)작업 재시작
[I](2023-01-28  03:22:23 pm)작업중 정지 [d:71][t:01:57:57]
[I](2023-01-28  03:22:23 pm)    [LNo:0002] 000759/001986
[I](2023-01-28  03:22:23 pm)작업중 M코드정지 [d:71][t:01:57:57]
[I](2023-01-28  03:29:02 pm)작업중 정지 [d:76][t:02:04:36]
[I](2023-01-28  03:29:02 pm)    [LNo:0002] 000783/001986
[I](2023-01-28  03:29:02 pm)작업중 M코드정지 [d:76][t:02:04:36]
[I](2023-01-28  03:31:50 pm)작업중 정지 [d:76][t:02:07:24]
[I](2023-01-28  03:31:50 pm)    [LNo:0002] 000785/001986
[I](2023-01-28  03:32:24 pm)작업 재시작
[I](2023-01-28  03:32:28 pm)작업중 정지 [d:77][t:02:08:02]
[I](2023-01-28  03:32:28 pm)    [LNo:0002] 000787/001986
[I](2023-01-28  03:32:28 pm)작업중 M코드정지 [d:77][t:02:08:02]
[I](2023-01-28  03:38:53 pm)작업중 정지 [d:82][t:02:14:27]
[I](2023-01-28  03:38:53 pm)    [LNo:0002] 000811/001986
[I](2023-01-28  03:38:53 pm)작업중 M코드정지 [d:82][t:02:14:27]
[I](2023-01-28  03:39:54 pm)작업중 정지 [d:82][t:02:15:29]
[I](2023-01-28  03:39:54 pm)    [LNo:0002] 000813/001986
[I](2023-01-28  03:40:24 pm)작업 재시작
[I](2023-01-28  03:40:27 pm)작업중 정지 [d:83][t:02:16:02]
[I](2023-01-28  03:40:27 pm)    [LNo:0002] 000815/001986
[I](2023-01-28  03:40:27 pm)작업중 M코드정지 [d:83][t:02:16:02]
[I](2023-01-28  03:46:56 pm)작업중 정지 [d:88][t:02:22:30]
[I](2023-01-28  03:46:56 pm)    [LNo:0002] 000839/001986
[I](2023-01-28  03:46:56 pm)작업중 M코드정지 [d:88][t:02:22:30]
[I](2023-01-28  03:53:59 pm)작업중 정지 [d:88][t:02:29:33]
[I](2023-01-28  03:53:59 pm)    [LNo:0002] 000841/001986
[I](2023-01-28  03:54:32 pm)작업 재시작
[I](2023-01-28  03:54:35 pm)작업중 정지 [d:88][t:02:30:09]
[I](2023-01-28  03:54:35 pm)    [LNo:0002] 000843/001986
[I](2023-01-28  03:54:35 pm)작업중 M코드정지 [d:88][t:02:30:09]
[I](2023-01-28  04:01:01 pm)작업중 정지 [d:93][t:02:36:35]
[I](2023-01-28  04:01:01 pm)    [LNo:0002] 000867/001986
[I](2023-01-28  04:01:01 pm)작업중 M코드정지 [d:93][t:02:36:35]
[I](2023-01-28  04:01:26 pm)작업중 정지 [d:94][t:02:37:00]
[I](2023-01-28  04:01:26 pm)    [LNo:0002] 000869/001986
[I](2023-01-28  04:01:56 pm)작업 재시작
[I](2023-01-28  04:02:00 pm)작업중 정지 [d:94][t:02:37:34]
[I](2023-01-28  04:02:00 pm)    [LNo:0002] 000871/001986
[I](2023-01-28  04:02:00 pm)작업중 M코드정지 [d:94][t:02:37:34]
[I](2023-01-28  04:08:30 pm)작업중 정지 [d:99][t:02:44:04]
[I](2023-01-28  04:08:30 pm)    [LNo:0002] 000895/001986
[I](2023-01-28  04:08:30 pm)작업중 M코드정지 [d:99][t:02:44:04]
[I](2023-01-28  04:08:52 pm)작업중 정지 [d:99][t:02:44:26]
[I](2023-01-28  04:08:52 pm)    [LNo:0002] 000897/001986
[I](2023-01-28  04:09:23 pm)작업 재시작
[I](2023-01-28  04:09:26 pm)작업중 정지 [d:100][t:02:45:01]
[I](2023-01-28  04:09:26 pm)    [LNo:0002] 000899/001986
[I](2023-01-28  04:09:26 pm)작업중 M코드정지 [d:100][t:02:45:01]
[I](2023-01-28  04:15:55 pm)작업중 정지 [d:105][t:02:51:29]
[I](2023-01-28  04:15:55 pm)    [LNo:0002] 000923/001986
[I](2023-01-28  04:15:55 pm)작업중 M코드정지 [d:105][t:02:51:29]
[I](2023-01-28  04:16:17 pm)작업중 정지 [d:105][t:02:51:51]
[I](2023-01-28  04:16:17 pm)    [LNo:0002] 000925/001986
[I](2023-01-28  04:16:56 pm)작업 재시작
[I](2023-01-28  04:16:59 pm)작업중 정지 [d:105][t:02:52:34]
[I](2023-01-28  04:16:59 pm)    [LNo:0002] 000927/001986
[I](2023-01-28  04:16:59 pm)작업중 M코드정지 [d:105][t:02:52:34]
[I](2023-01-28  04:23:24 pm)작업중 정지 [d:110][t:02:58:58]
[I](2023-01-28  04:23:24 pm)    [LNo:0002] 000951/001986
[I](2023-01-28  04:23:24 pm)작업중 M코드정지 [d:110][t:02:58:58]
[I](2023-01-28  04:23:51 pm)작업중 정지 [d:110][t:02:59:25]
[I](2023-01-28  04:23:51 pm)    [LNo:0002] 000953/001986
[I](2023-01-28  04:24:35 pm)작업 재시작
[I](2023-01-28  04:24:40 pm)작업중 정지 [d:110][t:03:00:14]
[I](2023-01-28  04:24:40 pm)    [LNo:0002] 000955/001986
[I](2023-01-28  04:24:40 pm)작업중 M코드정지 [d:110][t:03:00:14]
[I](2023-01-28  04:24:44 pm)작업중 정지 [d:110][t:03:00:18]
[I](2023-01-28  04:24:44 pm)    [LNo:0002] 000958/001986
[I](2023-01-28  04:24:44 pm)작업중 M코드정지 [d:110][t:03:00:18]
[I](2023-01-28  04:26:10 pm)작업중 정지 [d:110][t:03:01:44]
[I](2023-01-28  04:26:10 pm)    [LNo:0002] 000594/001986
[I](2023-01-28  04:31:08 pm)작업중 정지 [d:114][t:03:06:43]
[I](2023-01-28  04:31:08 pm)    [LNo:0002] 000607/001986
[I](2023-01-28  04:34:52 pm)작업 재시작
[I](2023-01-28  04:59:06 pm)작업중 정지 [d:138][t:03:34:40]
[I](2023-01-28  04:59:06 pm)    [LNo:0002] 000616/001986
[I](2023-01-28  04:59:06 pm)작업중 M코드정지 [d:138][t:03:34:40]
[I](2023-01-28  04:59:32 pm)작업중 정지 [d:138][t:03:35:06]
[I](2023-01-28  04:59:32 pm)    [LNo:0002] 000617/001986
[I](2023-01-28  04:59:59 pm)작업 재시작
[I](2023-01-28  05:00:04 pm)작업중 정지 [d:138][t:03:35:38]
[I](2023-01-28  05:00:04 pm)    [LNo:0002] 000619/001986
[I](2023-01-28  05:00:04 pm)작업중 M코드정지 [d:138][t:03:35:38]
[I](2023-01-28  05:00:44 pm)작업중 정지 [d:138][t:03:36:18]
[I](2023-01-28  05:00:44 pm)    [LNo:0002] 000628/001986
[I](2023-01-28  05:00:44 pm)작업중 M코드정지 [d:138][t:03:36:18]
[I](2023-01-28  05:01:06 pm)작업중 정지 [d:138][t:03:36:40]
[I](2023-01-28  05:01:06 pm)    [LNo:0002] 000102/001986
[I](2023-01-28  05:25:40 pm)작업중 정지 [d:162][t:04:01:15]
[I](2023-01-28  05:25:40 pm)    [LNo:0002] 000126/001986
[I](2023-01-28  05:25:41 pm)작업중 M코드정지 [d:162][t:04:01:15]
[I](2023-01-28  05:25:55 pm)작업중 정지 [d:162][t:04:01:30]
[I](2023-01-28  05:25:55 pm)    [LNo:0002] 000128/001986
[I](2023-01-28  05:26:19 pm)작업 재시작
[I](2023-01-28  05:26:25 pm)작업중 정지 [d:163][t:04:01:59]
[I](2023-01-28  05:26:25 pm)    [LNo:0002] 000130/001986
[I](2023-01-28  05:26:25 pm)작업중 M코드정지 [d:163][t:04:01:59]
[I](2023-01-28  05:26:29 pm)작업중 정지 [d:163][t:04:02:03]
[I](2023-01-28  05:26:29 pm)    [LNo:0002] 000132/001986
[I](2023-01-28  05:26:29 pm)작업중 M코드정지 [d:163][t:04:02:03]
[I](2023-01-28  05:27:16 pm)작업중 정지 [d:163][t:04:02:51]
[I](2023-01-28  05:27:16 pm)    [LNo:0002] 000226/001986
[I](2023-01-28  06:02:55 pm)작업중 정지 [d:198][t:04:38:29]
[I](2023-01-28  06:02:55 pm)    [LNo:0002] 000266/001986
[I](2023-01-28  06:02:55 pm)작업중 M코드정지 [d:198][t:04:38:29]
[I](2023-01-28  06:04:03 pm)작업중 정지 [d:198][t:04:39:37]
[I](2023-01-28  06:04:03 pm)    [LNo:0002] 000268/001986
[A](2023-01-28  06:04:03 pm)[008] 작업중 단선(AWF Feed Motor Stop )
[I](2023-01-28  06:04:03 pm)작업중 Wire 단선 [d:198][t:04:39:37]
[I](2023-01-28  06:04:28 pm)작업 재시작
[I](2023-01-28  06:04:33 pm)작업중 정지 [d:198][t:04:40:07]
[I](2023-01-28  06:04:33 pm)    [LNo:0002] 000270/001986
[I](2023-01-28  06:04:33 pm)작업중 M코드정지 [d:198][t:04:40:07]
[I](2023-01-28  06:05:16 pm)작업중 정지 [d:198][t:04:40:50]
[I](2023-01-28  06:05:16 pm)    [LNo:0002] 000276/001986
[I](2023-01-28  06:05:16 pm)작업중 M코드정지 [d:198][t:04:40:50]
[I](2023-01-28  06:21:54 pm)Reset
[I](2023-01-28  06:21:54 pm)Reset
[I](2023-01-28  06:21:55 pm)Reset
[I](2023-01-28  06:22:19 pm)작업 시작 [Start d:198]
[I](2023-01-28  06:22:19 pm)Nc File: [No.0003-260.NC]
[I](2023-01-28  06:22:19 pm)  * Start Machine Position
[I](2023-01-28  06:22:19 pm)    X:    206.5758
[I](2023-01-28  06:22:19 pm)    Y:   -385.7589
[I](2023-01-28  06:22:19 pm)    U:      0.0000
[I](2023-01-28  06:22:19 pm)    V:      0.0000
[I](2023-01-28  06:22:19 pm)    Z:     26.4725
[I](2023-01-28  06:22:19 pm)  * Angle
[I](2023-01-28  06:22:19 pm)    Ar:      0.1378,Kr:      0.0000
[I](2023-01-28  06:22:19 pm)    Taper_Ar:      0.0000
[I](2023-01-28  07:36:17 pm)작업중 정지 [d:73][t:01:13:57]
[I](2023-01-28  07:36:17 pm)    [LNo:0003] 000086/000931
[A](2023-01-28  07:36:17 pm)[008] 작업중 단선(AWF Feed Motor Stop )
[I](2023-01-28  07:36:17 pm)작업중 Wire 단선 [d:73][t:01:13:57]
[I](2023-01-28  07:37:25 pm)작업 재시작
[I](2023-01-28  07:37:53 pm)작업중 정지 [d:73][t:01:15:33]
[I](2023-01-28  07:37:53 pm)    [LNo:0003] 000086/000931
[A](2023-01-28  07:37:53 pm)[008] 작업중 단선(AWF Feed Motor Stop )
[I](2023-01-28  07:37:53 pm)작업중 Wire 단선 [d:73][t:01:15:33]
[I](2023-01-28  07:38:04 pm)작업 재시작
[I](2023-01-28  07:53:00 pm)작업중 정지 [d:88][t:01:30:40]
[I](2023-01-28  07:53:00 pm)    [LNo:0003] 000088/000931
[I](2023-01-28  07:53:00 pm)Wire Contact Auto Stop(M52)
[A](2023-01-28  07:54:16 pm)[036] 자동결선 절단 공정 실패!!
[I](2023-01-28  07:54:24 pm)작업 재시작
[I](2023-01-28  07:54:29 pm)작업중 정지 [d:88][t:01:32:09]
[I](2023-01-28  07:54:29 pm)    [LNo:0003] 000088/000931
[I](2023-01-28  07:54:29 pm)작업중 30sec 접촉 정지 [d:88][t:01:32:09]
[I](2023-01-28  07:54:33 pm)작업 재시작
[I](2023-01-28  07:54:38 pm)작업중 정지 [d:88][t:01:32:18]
[I](2023-01-28  07:54:38 pm)    [LNo:0003] 000088/000931
[I](2023-01-28  07:54:38 pm)작업중 30sec 접촉 정지 [d:88][t:01:32:18]
[I](2023-01-28  07:55:15 pm)작업 재시작
[I](2023-01-28  07:55:34 pm)작업중 정지 [d:88][t:01:33:14]
[I](2023-01-28  07:55:34 pm)    [LNo:0003] 000089/000931
[I](2023-01-28  07:55:35 pm)작업중 정지 [d:88][t:01:33:16]
[I](2023-01-28  07:55:35 pm)    [LNo:0003] 000089/000931
[A](2023-01-28  07:55:35 pm)[010] 자동결선 Error(M21-절단실패)
[I](2023-01-28  08:01:24 pm)작업중 정지 [d:93][t:01:39:05]
[I](2023-01-28  08:01:24 pm)    [LNo:0003] 000115/000931
[I](2023-01-28  08:01:24 pm)작업중 30sec 접촉 정지 [d:93][t:01:39:05]
