[I](2022-11-02  04:30:41 am)작업중 정지 [d:349][t:11:59:17]
[I](2022-11-02  04:30:41 am)    [LNo:0001] 001166/001200
[I](2022-11-02  04:30:41 am)작업중 M코드정지 [d:349][t:11:59:17]
[I](2022-11-02  08:20:13 am)작업중 정지 [d:349][t:15:48:48]
[I](2022-11-02  08:20:13 am)    [LNo:0001] 001168/001200
[I](2022-11-02  08:20:13 am)작업중 M코드정지 [d:349][t:15:48:49]
[I](2022-11-02  08:21:10 am)작업중 정지 [d:349][t:15:49:46]
[I](2022-11-02  08:21:10 am)    [LNo:0001] 001174/001200
[I](2022-11-02  08:21:10 am)작업중 M코드정지 [d:349][t:15:49:46]
[I](2022-11-02  08:28:46 am)작업중 정지 [d:352][t:15:57:22]
[I](2022-11-02  08:28:46 am)    [LNo:0001] 001187/001200
[A](2022-11-02  08:28:46 am)[008] 작업중 단선(AWF Feed Motor Stop )
[I](2022-11-02  08:28:46 am)작업중 Wire 단선 [d:352][t:15:57:22]
[A](2022-11-02  08:29:02 am)[041] AWF 명령끝날때까지 센서감지(타임아웃) 안됨
[I](2022-11-02  08:46:09 am)Reset
[A](2022-11-02  08:50:28 am)[037] 자동결선 잔여 WIRE 처리 실패!!
[I](2022-11-02  08:52:15 am)Reset
[I](2022-11-02  08:52:21 am)Reset
[I](2022-11-02  08:52:21 am)Reset
[I](2022-11-02  08:52:46 am)Reset
[I](2022-11-02  08:52:46 am)Reset
[I](2022-11-02  08:57:22 am)Reset
[I](2022-11-02  08:57:27 am)Reset
[I](2022-11-02  08:57:30 am)Reset
[I](2022-11-02  08:57:58 am)Reset
[I](2022-11-02  08:59:17 am)Reset
[I](2022-11-02  08:59:22 am)Reset
[I](2022-11-02  09:00:24 am)Reset
[I](2022-11-02  09:00:34 am)Reset
[I](2022-11-02  09:00:57 am)Reset
[I](2022-11-02  09:01:04 am)Reset
[I](2022-11-02  09:01:16 am)Reset
[I](2022-11-02  09:01:16 am)Reset
[I](2022-11-02  09:04:14 am)작업 시작 [Start d:0]
[I](2022-11-02  09:04:14 am)Nc File: [No.0005-384.NC]
[I](2022-11-02  09:04:14 am)  * Start Machine Position
[I](2022-11-02  09:04:14 am)    X:    147.4359
[I](2022-11-02  09:04:14 am)    Y:   -264.7370
[I](2022-11-02  09:04:14 am)    U:     -0.0249
[I](2022-11-02  09:04:14 am)    V:      0.0001
[I](2022-11-02  09:04:14 am)    Z:     32.0386
[I](2022-11-02  09:04:14 am)  * Angle
[I](2022-11-02  09:04:14 am)    Ar:     -0.3710,Kr:      0.0000
[I](2022-11-02  09:04:14 am)    Taper_Ar:      0.0000
[I](2022-11-02  09:04:33 am)작업중 정지 [d:0][t:00:00:18]
[I](2022-11-02  09:04:33 am)    [LNo:0005] 000013/000051
[I](2022-11-02  09:04:33 am)작업중 M코드정지 [d:0][t:00:00:18]
[I](2022-11-02  10:51:23 am)작업중 정지 [d:106][t:01:47:08]
[I](2022-11-02  10:51:23 am)    [LNo:0005] 000039/000051
[I](2022-11-02  10:51:23 am)작업중 M코드정지 [d:106][t:01:47:08]
[I](2022-11-02  10:56:25 am)Reset
[I](2022-11-02  10:56:30 am)Reset
[I](2022-11-02  10:56:36 am)Reset
[I](2022-11-02  10:59:24 am)Reset
[I](2022-11-02  10:59:31 am)Reset
[I](2022-11-02  11:01:31 am)작업 시작 [Start d:106]
[I](2022-11-02  11:01:31 am)Nc File: [No.0008-371.NC]
[I](2022-11-02  11:01:31 am)  * Start Machine Position
[I](2022-11-02  11:01:31 am)    X:     54.9465
[I](2022-11-02  11:01:31 am)    Y:   -341.4505
[I](2022-11-02  11:01:31 am)    U:      0.0000
[I](2022-11-02  11:01:31 am)    V:      0.0000
[I](2022-11-02  11:01:31 am)    Z:     30.4076
[I](2022-11-02  11:01:31 am)  * Angle
[I](2022-11-02  11:01:31 am)    Ar:     -0.4431,Kr:      0.0000
[I](2022-11-02  11:01:31 am)    Taper_Ar:      0.0000
[I](2022-11-02  11:36:33 am)작업중 정지 [d:35][t:00:35:01]
[I](2022-11-02  11:36:33 am)    [LNo:0008] 000028/000072
[I](2022-11-02  11:36:33 am)작업중 M코드정지 [d:35][t:00:35:01]
[I](2022-11-02  11:39:08 am)작업중 정지 [d:35][t:00:37:37]
[I](2022-11-02  11:39:08 am)    [LNo:0008] 000029/000072
[I](2022-11-02  11:39:09 am)Wire Contact Auto Stop(M52)
[I](2022-11-02  11:42:24 am)작업 재시작
[I](2022-11-02  11:42:25 am)작업중 정지 [d:35][t:00:40:54]
[I](2022-11-02  11:42:25 am)    [LNo:0008] 000029/000072
[I](2022-11-02  11:42:25 am)작업 재시작
[I](2022-11-02  11:42:30 am)작업중 정지 [d:35][t:00:40:59]
[I](2022-11-02  11:42:30 am)    [LNo:0008] 000030/000072
[I](2022-11-02  11:42:30 am)작업중 M코드정지 [d:35][t:00:40:59]
[I](2022-11-02  11:42:35 am)작업중 정지 [d:35][t:00:41:03]
[I](2022-11-02  11:42:35 am)    [LNo:0008] 000033/000072
[I](2022-11-02  11:42:36 am)작업중 정지 [d:35][t:00:41:05]
[I](2022-11-02  11:42:36 am)    [LNo:0008] 000033/000072
[I](2022-11-02  11:42:38 am)작업중 정지 [d:35][t:00:41:06]
[I](2022-11-02  11:42:38 am)    [LNo:0008] 000033/000072
[A](2022-11-02  11:42:38 am)[010] 자동결선 Error(M21-절단실패)
[I](2022-11-02  12:17:47 pm)작업중 정지 [d:70][t:01:16:15]
[I](2022-11-02  12:17:47 pm)    [LNo:0008] 000060/000072
[I](2022-11-02  12:17:47 pm)작업중 M코드정지 [d:70][t:01:16:15]
[I](2022-11-02  12:29:05 pm)작업중 정지 [d:70][t:01:27:34]
[I](2022-11-02  12:29:05 pm)    [LNo:0008] 000061/000072
[I](2022-11-02  12:29:05 pm)Wire Contact Auto Stop(M52)
[A](2022-11-02  12:34:35 pm)[037] 자동결선 잔여 WIRE 처리 실패!!
[I](2022-11-02  12:41:49 pm)Reset
[I](2022-11-02  12:44:22 pm)Reset
[I](2022-11-02  12:45:07 pm)Reset
[I](2022-11-02  12:46:10 pm)작업 시작 [Start d:176]
[I](2022-11-02  12:46:10 pm)Nc File: [No.0006-370.NC]
[I](2022-11-02  12:46:10 pm)  * Start Machine Position
[I](2022-11-02  12:46:10 pm)    X:    105.1529
[I](2022-11-02  12:46:10 pm)    Y:   -344.3126
[I](2022-11-02  12:46:10 pm)    U:      0.0000
[I](2022-11-02  12:46:10 pm)    V:      0.0000
[I](2022-11-02  12:46:10 pm)    Z:     50.6936
[I](2022-11-02  12:46:10 pm)  * Angle
[I](2022-11-02  12:46:10 pm)    Ar:     -0.4584,Kr:      0.0000
[I](2022-11-02  12:46:10 pm)    Taper_Ar:      0.0000
[I](2022-11-02  12:57:07 pm)작업중 정지 [d:11][t:00:10:56]
[I](2022-11-02  12:57:07 pm)    [LNo:0006] 000021/000138
[A](2022-11-02  12:57:07 pm)[008] 작업중 단선(AWF Feed Motor Stop )
[I](2022-11-02  12:57:07 pm)작업중 Wire 단선 [d:11][t:00:10:56]
[I](2022-11-02  12:58:18 pm)작업 재시작
[I](2022-11-02  01:08:03 pm)작업중 정지 [d:21][t:00:21:52]
[I](2022-11-02  01:08:03 pm)    [LNo:0006] 000061/000138
[I](2022-11-02  01:08:03 pm)작업중 M코드정지 [d:21][t:00:21:52]
[I](2022-11-02  01:10:02 pm)작업중 정지 [d:22][t:00:23:51]
[I](2022-11-02  01:10:02 pm)    [LNo:0006] 000062/000138
[I](2022-11-02  01:10:02 pm)Wire Contact Auto Stop(M52)
[I](2022-11-02  01:10:37 pm)작업 재시작
[I](2022-11-02  01:10:41 pm)작업중 정지 [d:22][t:00:24:30]
[I](2022-11-02  01:10:41 pm)    [LNo:0006] 000063/000138
[I](2022-11-02  01:10:41 pm)작업중 M코드정지 [d:22][t:00:24:30]
[I](2022-11-02  01:32:08 pm)작업중 정지 [d:42][t:00:45:57]
[I](2022-11-02  01:32:08 pm)    [LNo:0006] 000126/000138
[I](2022-11-02  01:32:08 pm)작업중 M코드정지 [d:42][t:00:45:57]
[I](2022-11-02  01:32:49 pm)작업중 정지 [d:43][t:00:46:38]
[I](2022-11-02  01:32:49 pm)    [LNo:0006] 000127/000138
[I](2022-11-02  01:32:49 pm)Wire Contact Auto Stop(M52)
[I](2022-11-02  01:37:58 pm)작업 재시작
[I](2022-11-02  01:38:02 pm)작업중 정지 [d:43][t:00:51:51]
[I](2022-11-02  01:38:02 pm)    [LNo:0006] 000127/000138
[A](2022-11-02  01:38:37 pm)[037] 자동결선 잔여 WIRE 처리 실패!!
[I](2022-11-02  01:44:51 pm)Reset
[I](2022-11-02  01:44:55 pm)Reset
[I](2022-11-02  01:46:29 pm)Reset
[I](2022-11-02  01:46:33 pm)Reset
[I](2022-11-02  01:47:03 pm)Reset
[I](2022-11-02  01:47:12 pm)Reset
[I](2022-11-02  01:47:40 pm)Reset
[I](2022-11-02  01:47:50 pm)Reset
[I](2022-11-02  01:48:34 pm)작업 시작 [Start d:219]
[I](2022-11-02  01:48:34 pm)Nc File: [No.0007-372.NC]
[I](2022-11-02  01:48:34 pm)  * Start Machine Position
[I](2022-11-02  01:48:34 pm)    X:     69.4407
[I](2022-11-02  01:48:34 pm)    Y:   -350.1745
[I](2022-11-02  01:48:34 pm)    U:      0.0000
[I](2022-11-02  01:48:34 pm)    V:      0.0000
[I](2022-11-02  01:48:34 pm)    Z:     51.1381
[I](2022-11-02  01:48:34 pm)  * Angle
[I](2022-11-02  01:48:34 pm)    Ar:      0.0935,Kr:      0.0000
[I](2022-11-02  01:48:34 pm)    Taper_Ar:      0.0000
[I](2022-11-02  01:48:35 pm)작업중 정지 [d:0][t:00:00:01]
[I](2022-11-02  01:48:35 pm)    [LNo:0007] 000007/000058
[I](2022-11-02  01:49:55 pm)Reset
[I](2022-11-02  01:50:28 pm)Reset
[A](2022-11-02  01:50:32 pm)[001] 와이어 미동작
[I](2022-11-02  01:50:36 pm)작업 시작 [Start d:219]
[I](2022-11-02  01:50:36 pm)Nc File: [No.0007-372.NC]
[I](2022-11-02  01:50:36 pm)  * Start Machine Position
[I](2022-11-02  01:50:36 pm)    X:     74.4553
[I](2022-11-02  01:50:36 pm)    Y:   -359.1663
[I](2022-11-02  01:50:36 pm)    U:      0.0000
[I](2022-11-02  01:50:36 pm)    V:      0.0000
[I](2022-11-02  01:50:36 pm)    Z:     51.1381
[I](2022-11-02  01:50:36 pm)  * Angle
[I](2022-11-02  01:50:36 pm)    Ar:      0.0935,Kr:      0.0000
[I](2022-11-02  01:50:36 pm)    Taper_Ar:      0.0000
[I](2022-11-02  01:58:33 pm)작업중 정지 [d:8][t:00:07:57]
[I](2022-11-02  01:58:33 pm)    [LNo:0007] 000020/000058
[I](2022-11-02  01:58:33 pm)작업중 M코드정지 [d:8][t:00:07:57]
[I](2022-11-02  01:59:36 pm)작업중 정지 [d:8][t:00:08:59]
[I](2022-11-02  01:59:36 pm)    [LNo:0007] 000021/000058
[I](2022-11-02  01:59:36 pm)작업중 30sec 접촉 정지 [d:8][t:00:08:59]
[A](2022-11-02  01:59:50 pm)[001] 와이어 미동작
[I](2022-11-02  01:59:53 pm)작업 재시작
[I](2022-11-02  02:00:20 pm)작업중 정지 [d:8][t:00:09:43]
[I](2022-11-02  02:00:20 pm)    [LNo:0007] 000021/000058
[I](2022-11-02  02:00:46 pm)작업 재시작
[I](2022-11-02  02:00:54 pm)작업중 정지 [d:8][t:00:10:18]
[I](2022-11-02  02:00:54 pm)    [LNo:0007] 000021/000058
[I](2022-11-02  02:01:29 pm)작업 재시작
[I](2022-11-02  02:01:37 pm)작업중 정지 [d:8][t:00:11:00]
[I](2022-11-02  02:01:37 pm)    [LNo:0007] 000023/000058
[I](2022-11-02  02:01:37 pm)작업중 M코드정지 [d:8][t:00:11:00]
[I](2022-11-02  02:10:45 pm)작업중 정지 [d:15][t:00:20:08]
[I](2022-11-02  02:10:45 pm)    [LNo:0007] 000045/000058
[I](2022-11-02  02:10:45 pm)작업중 M코드정지 [d:15][t:00:20:08]
[I](2022-11-02  02:11:17 pm)작업중 정지 [d:15][t:00:20:40]
[I](2022-11-02  02:11:17 pm)    [LNo:0007] 000046/000058
[I](2022-11-02  02:11:17 pm)작업중 30sec 접촉 정지 [d:15][t:00:20:40]
[I](2022-11-02  02:11:39 pm)작업 재시작
[I](2022-11-02  02:11:59 pm)작업중 정지 [d:16][t:00:21:22]
[I](2022-11-02  02:11:59 pm)    [LNo:0007] 000046/000058
[I](2022-11-02  02:12:24 pm)작업 재시작
[I](2022-11-02  02:12:35 pm)작업중 정지 [d:16][t:00:21:58]
[I](2022-11-02  02:12:35 pm)    [LNo:0007] 000048/000058
[I](2022-11-02  02:12:35 pm)작업중 M코드정지 [d:16][t:00:21:58]
[I](2022-11-02  02:21:22 pm)Reset
[I](2022-11-02  02:24:26 pm)Reset
[I](2022-11-02  02:24:32 pm)Reset
[I](2022-11-02  02:25:59 pm)Reset
[I](2022-11-02  02:26:04 pm)Reset
[I](2022-11-02  02:26:04 pm)Reset
[A](2022-11-02  02:26:19 pm)[001] 와이어 미동작
[I](2022-11-02  02:27:41 pm)Reset
[I](2022-11-02  02:27:50 pm)Reset
[I](2022-11-02  02:28:08 pm)Reset
[I](2022-11-02  02:28:20 pm)Reset
[I](2022-11-02  02:28:38 pm)작업 시작 [Start d:235]
[I](2022-11-02  02:28:38 pm)Nc File: [No.0005-384.NC]
[I](2022-11-02  02:28:38 pm)  * Start Machine Position
[I](2022-11-02  02:28:38 pm)    X:    197.6196
[I](2022-11-02  02:28:38 pm)    Y:   -262.1586
[I](2022-11-02  02:28:38 pm)    U:     -0.0199
[I](2022-11-02  02:28:38 pm)    V:      0.0001
[I](2022-11-02  02:28:38 pm)    Z:     32.1271
[I](2022-11-02  02:28:38 pm)  * Angle
[I](2022-11-02  02:28:38 pm)    Ar:     -0.4383,Kr:      0.0000
[I](2022-11-02  02:28:38 pm)    Taper_Ar:      0.0000
[I](2022-11-02  02:28:58 pm)작업중 정지 [d:0][t:00:00:19]
[I](2022-11-02  02:28:58 pm)    [LNo:0005] 000010/000051
[I](2022-11-02  02:28:58 pm)작업중 M코드정지 [d:0][t:00:00:19]
[I](2022-11-02  03:38:45 pm)작업중 정지 [d:69][t:01:10:06]
[I](2022-11-02  03:38:45 pm)    [LNo:0005] 000034/000051
[A](2022-11-02  03:43:52 pm)[037] 자동결선 잔여 WIRE 처리 실패!!
[I](2022-11-02  03:48:40 pm)작업 재시작
[I](2022-11-02  04:30:17 pm)작업중 정지 [d:111][t:02:01:38]
[I](2022-11-02  04:30:17 pm)    [LNo:0005] 000038/000051
[I](2022-11-02  04:30:17 pm)작업중 30sec 접촉 정지 [d:111][t:02:01:38]
[I](2022-11-02  04:33:08 pm)작업 재시작
[I](2022-11-02  04:33:15 pm)작업중 정지 [d:111][t:02:04:36]
[I](2022-11-02  04:33:15 pm)    [LNo:0005] 000039/000051
[I](2022-11-02  04:33:16 pm)작업중 M코드정지 [d:111][t:02:04:37]
[I](2022-11-02  04:34:42 pm)Reset
[I](2022-11-02  04:34:56 pm)Reset
[I](2022-11-02  04:34:56 pm)Reset
[A](2022-11-02  04:36:04 pm)[001] 와이어 미동작
[I](2022-11-02  04:36:51 pm)Reset
[I](2022-11-02  04:44:53 pm)Reset
[I](2022-11-02  04:44:53 pm)Reset
[I](2022-11-02  04:46:00 pm)Reset
[I](2022-11-02  04:46:08 pm)Reset
[I](2022-11-02  04:46:08 pm)Reset
[I](2022-11-02  04:46:14 pm)Reset
[I](2022-11-02  04:52:16 pm)Reset
[I](2022-11-02  04:52:17 pm)Reset
[I](2022-11-02  04:54:44 pm)Reset
[I](2022-11-02  04:54:45 pm)Reset
[I](2022-11-02  05:03:01 pm)Reset
[I](2022-11-02  05:04:16 pm)작업 시작 [Start d:346]
[I](2022-11-02  05:04:16 pm)Nc File: [No.0003-0.27  2호기  FFX  WALL.NC *]
[I](2022-11-02  05:04:16 pm)  * Start Machine Position
[I](2022-11-02  05:04:16 pm)    X:    571.6827
[I](2022-11-02  05:04:16 pm)    Y:   -339.2686
[I](2022-11-02  05:04:16 pm)    U:      0.0000
[I](2022-11-02  05:04:16 pm)    V:      0.0000
[I](2022-11-02  05:04:16 pm)    Z:     44.3971
[I](2022-11-02  05:04:16 pm)  * Angle
[I](2022-11-02  05:04:16 pm)    Ar:      0.2581,Kr:      0.0000
[I](2022-11-02  05:04:16 pm)    Taper_Ar:      0.0000
[I](2022-11-02  05:04:47 pm)작업중 정지 [d:0][t:00:00:31]
[I](2022-11-02  05:04:47 pm)    [LNo:0003] 000140/000825
[I](2022-11-02  05:05:22 pm)작업중 정지 [d:0][t:00:01:05]
[I](2022-11-02  05:05:22 pm)    [LNo:0003] 000145/000825
[I](2022-11-02  05:05:38 pm)작업중 정지 [d:0][t:00:01:22]
[I](2022-11-02  05:05:38 pm)    [LNo:0003] 000250/000825
[I](2022-11-02  05:06:33 pm)작업중 정지 [d:0][t:00:02:16]
[I](2022-11-02  05:06:33 pm)    [LNo:0003] 000253/000825
[I](2022-11-02  05:06:51 pm)작업중 정지 [d:0][t:00:02:35]
[I](2022-11-02  05:06:51 pm)    [LNo:0003] 000412/000825
[I](2022-11-02  05:08:15 pm)Reset
[I](2022-11-02  05:08:15 pm)Reset
[I](2022-11-02  05:08:18 pm)Reset
[I](2022-11-02  05:08:42 pm)Reset
[I](2022-11-02  05:08:42 pm)Reset
[I](2022-11-02  05:08:42 pm)Reset
[I](2022-11-02  05:08:51 pm)작업 시작 [Start d:346]
[I](2022-11-02  05:08:51 pm)Nc File: [No.0003-0.27  2호기  FFX  WALL.NC *]
[I](2022-11-02  05:08:51 pm)  * Start Machine Position
[I](2022-11-02  05:08:51 pm)    X:    571.6827
[I](2022-11-02  05:08:51 pm)    Y:   -339.2686
[I](2022-11-02  05:08:51 pm)    U:      0.0000
[I](2022-11-02  05:08:51 pm)    V:      0.0000
[I](2022-11-02  05:08:51 pm)    Z:     44.3971
[I](2022-11-02  05:08:51 pm)  * Angle
[I](2022-11-02  05:08:51 pm)    Ar:      0.2581,Kr:      0.0000
[I](2022-11-02  05:08:51 pm)    Taper_Ar:      0.0000
[I](2022-11-02  05:29:57 pm)작업중 정지 [d:20][t:00:21:06]
[I](2022-11-02  05:29:57 pm)    [LNo:0003] 000042/000825
[A](2022-11-02  05:29:57 pm)[008] 작업중 단선(AWF Feed Motor Stop )
[I](2022-11-02  05:29:57 pm)작업중 Wire 단선 [d:20][t:00:21:06]
[A](2022-11-02  05:35:47 pm)[008] 작업중 단선(AWF Feed Motor Stop )
[I](2022-11-02  05:35:47 pm)작업중 Wire 단선 [d:21][t:00:26:56]
[A](2022-11-02  05:35:50 pm)[001] 와이어 미동작
[A](2022-11-02  05:35:51 pm)[001] 와이어 미동작
[A](2022-11-02  05:35:52 pm)[001] 와이어 미동작
[I](2022-11-02  05:38:12 pm)작업 재시작
[I](2022-11-02  05:44:08 pm)작업중 정지 [d:28][t:00:35:17]
[I](2022-11-02  05:44:08 pm)    [LNo:0003] 000048/000825
[A](2022-11-02  05:44:08 pm)[008] 작업중 단선(AWF Feed Motor Stop )
[I](2022-11-02  05:44:08 pm)작업중 Wire 단선 [d:28][t:00:35:17]
[I](2022-11-02  05:45:20 pm)작업 재시작
[I](2022-11-02  06:01:03 pm)작업중 정지 [d:42][t:00:52:12]
[I](2022-11-02  06:01:03 pm)    [LNo:0003] 000069/000825
[A](2022-11-02  06:01:03 pm)[008] 작업중 단선(AWF Feed Motor Stop )
[I](2022-11-02  06:01:04 pm)작업중 Wire 단선 [d:42][t:00:52:12]
[I](2022-11-02  06:02:15 pm)작업 재시작
[I](2022-11-02  06:22:09 pm)작업중 정지 [d:62][t:01:13:18]
[I](2022-11-02  06:22:09 pm)    [LNo:0003] 000080/000825
[A](2022-11-02  06:32:36 pm)[037] 자동결선 잔여 WIRE 처리 실패!!
[I](2022-11-02  07:37:21 pm)작업중 정지 [d:122][t:02:28:30]
[I](2022-11-02  07:37:21 pm)    [LNo:0003] 000177/000825
[A](2022-11-02  07:37:21 pm)[008] 작업중 단선(AWF Feed Motor Stop )
[I](2022-11-02  07:37:21 pm)작업중 Wire 단선 [d:122][t:02:28:30]
[I](2022-11-02  07:38:30 pm)작업 재시작
[I](2022-11-02  10:13:49 pm)작업중 정지 [d:271][t:05:04:58]
[I](2022-11-02  10:13:49 pm)    [LNo:0003] 000368/000825
[A](2022-11-02  10:13:49 pm)[008] 작업중 단선(AWF Feed Motor Stop )
[I](2022-11-02  10:13:49 pm)작업중 Wire 단선 [d:271][t:05:04:58]
[I](2022-11-02  10:14:58 pm)작업 재시작
[I](2022-11-02  10:38:58 pm)작업중 정지 [d:294][t:05:30:07]
[I](2022-11-02  10:38:58 pm)    [LNo:0003] 000395/000825
[A](2022-11-02  10:38:58 pm)[008] 작업중 단선(AWF Feed Motor Stop )
[I](2022-11-02  10:38:59 pm)작업중 Wire 단선 [d:294][t:05:30:07]
[I](2022-11-02  10:40:08 pm)작업 재시작
[I](2022-11-02  11:46:31 pm)작업중 정지 [d:358][t:06:37:40]
[I](2022-11-02  11:46:31 pm)    [LNo:0003] 000461/000825
[I](2022-11-02  11:46:31 pm)작업중 M코드정지 [d:358][t:06:37:40]
