[I](2022-12-09  08:25:05 am)작업중 정지 [d:167][t:13:10:43]
[I](2022-12-09  08:25:05 am)    [LNo:0001] 000110/000309
[I](2022-12-09  08:25:56 am)작업 재시작
[I](2022-12-09  08:26:24 am)작업중 정지 [d:167][t:13:12:01]
[I](2022-12-09  08:26:24 am)    [LNo:0001] 000112/000309
[I](2022-12-09  08:26:24 am)작업중 M코드정지 [d:167][t:13:12:01]
[I](2022-12-09  09:09:11 am)작업중 정지 [d:209][t:13:54:49]
[I](2022-12-09  09:09:11 am)    [LNo:0001] 000214/000309
[I](2022-12-09  09:09:11 am)작업중 M코드정지 [d:209][t:13:54:49]
[I](2022-12-09  09:27:11 am)Reset
[I](2022-12-09  09:27:25 am)작업 시작 [Start d:464]
[I](2022-12-09  09:27:25 am)Nc File: [No.0001-458.NC]
[I](2022-12-09  09:27:25 am)  * Start Machine Position
[I](2022-12-09  09:27:25 am)    X:    157.5570
[I](2022-12-09  09:27:25 am)    Y:   -353.1210
[I](2022-12-09  09:27:25 am)    U:      0.0000
[I](2022-12-09  09:27:25 am)    V:      0.0000
[I](2022-12-09  09:27:25 am)    Z:     77.8357
[I](2022-12-09  09:27:25 am)  * Angle
[I](2022-12-09  09:27:25 am)    Ar:      1.0804,Kr:      0.0000
[I](2022-12-09  09:27:25 am)    Taper_Ar:      0.0000
[I](2022-12-09  09:33:31 am)작업중 정지 [d:6][t:00:06:05]
[I](2022-12-09  09:33:31 am)    [LNo:0001] 000214/000309
[I](2022-12-09  09:33:31 am)작업중 M코드정지 [d:6][t:00:06:05]
[I](2022-12-09  10:05:57 am)Reset
[I](2022-12-09  10:07:22 am)Reset
[I](2022-12-09  10:28:55 am)Reset
[I](2022-12-09  10:29:00 am)Reset
[A](2022-12-09  10:31:11 am)[001] 와이어 미동작
[I](2022-12-09  10:33:32 am)Reset
[I](2022-12-09  10:33:32 am)Reset
[I](2022-12-09  10:33:33 am)Reset
[I](2022-12-09  10:33:50 am)작업 시작 [Start d:470]
[I](2022-12-09  10:33:50 am)Nc File: [No.0002-505.NC]
[I](2022-12-09  10:33:50 am)  * Start Machine Position
[I](2022-12-09  10:33:50 am)    X:     37.6673
[I](2022-12-09  10:33:50 am)    Y:   -365.9290
[I](2022-12-09  10:33:50 am)    U:      0.0000
[I](2022-12-09  10:33:50 am)    V:      0.0000
[I](2022-12-09  10:33:50 am)    Z:     34.3767
[I](2022-12-09  10:33:50 am)  * Angle
[I](2022-12-09  10:33:50 am)    Ar:     -0.4273,Kr:      0.0000
[I](2022-12-09  10:33:50 am)    Taper_Ar:      0.0000
[I](2022-12-09  10:34:25 am)작업중 정지 [d:0][t:00:00:34]
[I](2022-12-09  10:34:25 am)    [LNo:0002] 000487/000699
[I](2022-12-09  10:35:19 am)Reset
[I](2022-12-09  10:35:20 am)Reset
[I](2022-12-09  10:35:51 am)작업 시작 [Start d:470]
[I](2022-12-09  10:35:51 am)Nc File: [No.0002-505.NC]
[I](2022-12-09  10:35:51 am)  * Start Machine Position
[I](2022-12-09  10:35:51 am)    X:     37.6673
[I](2022-12-09  10:35:51 am)    Y:   -365.9290
[I](2022-12-09  10:35:51 am)    U:      0.0000
[I](2022-12-09  10:35:51 am)    V:      0.0000
[I](2022-12-09  10:35:51 am)    Z:     34.3767
[I](2022-12-09  10:35:51 am)  * Angle
[I](2022-12-09  10:35:51 am)    Ar:     -0.4273,Kr:      0.0000
[I](2022-12-09  10:35:51 am)    Taper_Ar:      0.0000
[I](2022-12-09  10:54:30 am)작업중 정지 [d:18][t:00:18:38]
[I](2022-12-09  10:54:30 am)    [LNo:0002] 000026/000699
[I](2022-12-09  10:54:30 am)작업중 M코드정지 [d:18][t:00:18:38]
[I](2022-12-09  11:23:35 am)작업중 정지 [d:41][t:00:47:43]
[I](2022-12-09  11:23:35 am)    [LNo:0002] 000080/000699
[I](2022-12-09  11:23:35 am)작업중 30sec 접촉 정지 [d:41][t:00:47:43]
[I](2022-12-09  11:24:11 am)작업 재시작
[I](2022-12-09  12:46:59 pm)작업중 정지 [d:117][t:02:11:07]
[I](2022-12-09  12:46:59 pm)    [LNo:0002] 000327/000699
[I](2022-12-09  01:11:00 pm)작업중 정지 [d:137][t:02:35:09]
[I](2022-12-09  01:11:00 pm)    [LNo:0002] 000346/000699
[I](2022-12-09  01:11:01 pm)작업중 M코드정지 [d:137][t:02:35:09]
[I](2022-12-09  01:14:07 pm)작업중 정지 [d:137][t:02:38:15]
[I](2022-12-09  01:14:07 pm)    [LNo:0002] 000348/000699
[I](2022-12-09  01:14:07 pm)작업중 M코드정지 [d:137][t:02:38:15]
[I](2022-12-09  01:35:04 pm)작업중 정지 [d:156][t:02:59:12]
[I](2022-12-09  01:35:04 pm)    [LNo:0002] 000376/000699
[I](2022-12-09  01:35:04 pm)작업중 M코드정지 [d:156][t:02:59:12]
[I](2022-12-09  01:35:37 pm)작업중 정지 [d:157][t:02:59:46]
[I](2022-12-09  01:35:37 pm)    [LNo:0002] 000378/000699
[I](2022-12-09  01:35:38 pm)작업중 M코드정지 [d:157][t:02:59:46]
[A](2022-12-09  01:36:03 pm)[037] 자동결선 잔여 WIRE 처리 실패!!
[I](2022-12-09  01:36:23 pm)작업중 정지 [d:157][t:03:00:31]
[I](2022-12-09  01:36:23 pm)    [LNo:0002] 000381/000699
[I](2022-12-09  01:36:23 pm)작업중 정지 [d:157][t:03:00:32]
[I](2022-12-09  01:36:23 pm)    [LNo:0002] 000381/000699
[A](2022-12-09  01:36:23 pm)[010] 자동결선 Error(M21-절단실패)
[I](2022-12-09  01:56:20 pm)작업중 정지 [d:176][t:03:20:29]
[I](2022-12-09  01:56:20 pm)    [LNo:0002] 000406/000699
[I](2022-12-09  01:56:20 pm)작업중 M코드정지 [d:176][t:03:20:29]
[I](2022-12-09  01:56:55 pm)작업중 정지 [d:176][t:03:21:04]
[I](2022-12-09  01:56:55 pm)    [LNo:0002] 000408/000699
[I](2022-12-09  01:56:55 pm)작업중 M코드정지 [d:176][t:03:21:04]
[I](2022-12-09  01:57:50 pm)작업중 정지 [d:176][t:03:21:58]
[I](2022-12-09  01:57:50 pm)    [LNo:0002] 000411/000699
[I](2022-12-09  02:31:58 pm)작업중 정지 [d:207][t:03:56:07]
[I](2022-12-09  02:31:58 pm)    [LNo:0002] 000484/000699
[I](2022-12-09  02:32:33 pm)작업 재시작
[I](2022-12-09  02:49:32 pm)작업중 정지 [d:223][t:04:13:40]
[I](2022-12-09  02:49:32 pm)    [LNo:0002] 000519/000699
[I](2022-12-09  02:49:32 pm)작업중 M코드정지 [d:223][t:04:13:40]
[I](2022-12-09  04:08:09 pm)작업중 정지 [d:296][t:05:32:18]
[I](2022-12-09  04:08:09 pm)    [LNo:0002] 000598/000699
[I](2022-12-09  04:08:09 pm)작업중 M코드정지 [d:296][t:05:32:18]
[I](2022-12-09  04:08:25 pm)작업중 정지 [d:296][t:05:32:33]
[I](2022-12-09  04:08:25 pm)    [LNo:0002] 000600/000699
[A](2022-12-09  04:08:50 pm)[001] 와이어 미동작
[I](2022-12-09  04:08:51 pm)작업 재시작
[I](2022-12-09  04:08:56 pm)작업중 정지 [d:296][t:05:33:05]
[I](2022-12-09  04:08:56 pm)    [LNo:0002] 000600/000699
[I](2022-12-09  04:08:56 pm)작업중 30sec 접촉 정지 [d:296][t:05:33:05]
[I](2022-12-09  04:08:57 pm)작업 재시작
[I](2022-12-09  04:09:04 pm)작업중 정지 [d:296][t:05:33:13]
[I](2022-12-09  04:09:04 pm)    [LNo:0002] 000600/000699
[I](2022-12-09  04:09:04 pm)작업중 30sec 접촉 정지 [d:296][t:05:33:13]
[I](2022-12-09  04:09:07 pm)작업 재시작
[I](2022-12-09  04:09:12 pm)작업중 정지 [d:296][t:05:33:21]
[I](2022-12-09  04:09:12 pm)    [LNo:0002] 000600/000699
[I](2022-12-09  04:09:12 pm)작업중 30sec 접촉 정지 [d:296][t:05:33:21]
[A](2022-12-09  04:09:24 pm)[001] 와이어 미동작
[A](2022-12-09  04:09:24 pm)[001] 와이어 미동작
[I](2022-12-09  04:09:25 pm)작업 재시작
[I](2022-12-09  04:09:30 pm)작업중 정지 [d:296][t:05:33:39]
[I](2022-12-09  04:09:30 pm)    [LNo:0002] 000600/000699
[I](2022-12-09  04:09:30 pm)작업중 30sec 접촉 정지 [d:296][t:05:33:39]
[I](2022-12-09  04:09:33 pm)작업 재시작
[I](2022-12-09  04:40:13 pm)작업중 정지 [d:325][t:06:04:22]
[I](2022-12-09  04:40:13 pm)    [LNo:0002] 000626/000699
[I](2022-12-09  04:40:35 pm)작업 재시작
[I](2022-12-09  04:43:00 pm)작업중 정지 [d:327][t:06:07:09]
[I](2022-12-09  04:43:00 pm)    [LNo:0002] 000626/000699
[A](2022-12-09  04:44:04 pm)[036] 자동결선 절단 공정 실패!!
[I](2022-12-09  04:47:37 pm)작업 재시작
[I](2022-12-09  04:52:33 pm)작업중 정지 [d:-465][t:06:16:41]
[I](2022-12-09  04:52:33 pm)    [LNo:0002] 000629/000699
[I](2022-12-09  04:52:33 pm)작업중 M코드정지 [d:-465][t:06:16:41]
[I](2022-12-09  04:52:47 pm)작업중 정지 [d:-465][t:06:16:55]
[I](2022-12-09  04:52:47 pm)    [LNo:0002] 000630/000699
[I](2022-12-09  04:53:17 pm)작업 재시작
[I](2022-12-09  05:36:00 pm)작업중 정지 [d:-423][t:07:00:09]
[I](2022-12-09  05:36:00 pm)    [LNo:0002] 000686/000699
[I](2022-12-09  05:36:00 pm)작업중 M코드정지 [d:-423][t:07:00:09]
[I](2022-12-09  05:45:48 pm)작업중 정지 [d:-423][t:07:09:57]
[I](2022-12-09  05:45:48 pm)    [LNo:0002] 000688/000699
[I](2022-12-09  05:45:48 pm)작업중 30sec 접촉 정지 [d:-423][t:07:09:57]
[A](2022-12-09  05:46:39 pm)[036] 자동결선 절단 공정 실패!!
[I](2022-12-09  05:52:45 pm)Reset
[I](2022-12-09  05:54:42 pm)Reset
[I](2022-12-09  05:58:26 pm)Reset
[I](2022-12-09  05:58:31 pm)Reset
[A](2022-12-09  06:04:40 pm)[037] 자동결선 잔여 WIRE 처리 실패!!
[I](2022-12-09  06:05:22 pm)Reset
[I](2022-12-09  06:05:27 pm)Reset
[I](2022-12-09  06:05:54 pm)Reset
[I](2022-12-09  06:06:24 pm)작업 시작 [Start d:47]
[I](2022-12-09  06:06:24 pm)Nc File: [No.0003-488.NC]
[I](2022-12-09  06:06:24 pm)  * Start Machine Position
[I](2022-12-09  06:06:24 pm)    X:    323.5636
[I](2022-12-09  06:06:24 pm)    Y:   -316.5134
[I](2022-12-09  06:06:24 pm)    U:      0.0000
[I](2022-12-09  06:06:24 pm)    V:      0.0000
[I](2022-12-09  06:06:24 pm)    Z:     34.5694
[I](2022-12-09  06:06:24 pm)  * Angle
[I](2022-12-09  06:06:24 pm)    Ar:      0.0230,Kr:      0.0000
[I](2022-12-09  06:06:24 pm)    Taper_Ar:      0.0000
[I](2022-12-09  06:06:33 pm)작업중 정지 [d:0][t:00:00:09]
[I](2022-12-09  06:06:33 pm)    [LNo:0003] 000078/000431
[I](2022-12-09  06:06:34 pm)작업 재시작
[I](2022-12-09  06:06:34 pm)작업중 정지 [d:0][t:00:00:10]
[I](2022-12-09  06:06:34 pm)    [LNo:0003] 000078/000431
[I](2022-12-09  06:06:43 pm)Reset
[I](2022-12-09  06:06:49 pm)작업 시작 [Start d:47]
[I](2022-12-09  06:06:49 pm)Nc File: [No.0003-488.NC]
[I](2022-12-09  06:06:49 pm)  * Start Machine Position
[I](2022-12-09  06:06:49 pm)    X:    323.5636
[I](2022-12-09  06:06:49 pm)    Y:   -316.5134
[I](2022-12-09  06:06:49 pm)    U:      0.0000
[I](2022-12-09  06:06:49 pm)    V:      0.0000
[I](2022-12-09  06:06:49 pm)    Z:     34.5694
[I](2022-12-09  06:06:49 pm)  * Angle
[I](2022-12-09  06:06:49 pm)    Ar:      0.0230,Kr:      0.0000
[I](2022-12-09  06:06:49 pm)    Taper_Ar:      0.0000
[I](2022-12-09  06:07:20 pm)작업중 정지 [d:0][t:00:00:31]
[I](2022-12-09  06:07:20 pm)    [LNo:0003] 000081/000431
[I](2022-12-09  06:07:55 pm)작업중 정지 [d:0][t:00:01:06]
[I](2022-12-09  06:07:55 pm)    [LNo:0003] 000084/000431
[I](2022-12-09  06:08:07 pm)작업중 정지 [d:0][t:00:01:18]
[I](2022-12-09  06:08:07 pm)    [LNo:0003] 000119/000431
[A](2022-12-09  06:08:59 pm)[037] 자동결선 잔여 WIRE 처리 실패!!
[I](2022-12-09  06:09:01 pm)작업중 정지 [d:0][t:00:02:11]
[I](2022-12-09  06:09:01 pm)    [LNo:0003] 000120/000431
[I](2022-12-09  06:09:10 pm)작업중 정지 [d:0][t:00:02:20]
[I](2022-12-09  06:09:10 pm)    [LNo:0003] 000156/000431
[I](2022-12-09  06:10:07 pm)작업중 정지 [d:0][t:00:03:17]
[I](2022-12-09  06:10:07 pm)    [LNo:0003] 000157/000431
[I](2022-12-09  06:10:19 pm)작업중 정지 [d:0][t:00:03:29]
[I](2022-12-09  06:10:19 pm)    [LNo:0003] 000193/000431
[I](2022-12-09  06:11:15 pm)작업중 정지 [d:0][t:00:04:26]
[I](2022-12-09  06:11:15 pm)    [LNo:0003] 000194/000431
[I](2022-12-09  06:11:29 pm)작업중 정지 [d:0][t:00:04:40]
[I](2022-12-09  06:11:29 pm)    [LNo:0003] 000230/000431
[I](2022-12-09  06:12:31 pm)작업중 정지 [d:0][t:00:05:42]
[I](2022-12-09  06:12:31 pm)    [LNo:0003] 000231/000431
[I](2022-12-09  06:12:45 pm)작업중 정지 [d:0][t:00:05:55]
[I](2022-12-09  06:12:45 pm)    [LNo:0003] 000267/000431
[I](2022-12-09  06:13:43 pm)작업중 정지 [d:0][t:00:06:54]
[I](2022-12-09  06:13:43 pm)    [LNo:0003] 000268/000431
[I](2022-12-09  06:13:58 pm)작업중 정지 [d:0][t:00:07:09]
[I](2022-12-09  06:13:58 pm)    [LNo:0003] 000309/000431
[I](2022-12-09  06:14:51 pm)작업중 정지 [d:0][t:00:08:02]
[I](2022-12-09  06:14:51 pm)    [LNo:0003] 000310/000431
[I](2022-12-09  06:15:03 pm)작업중 정지 [d:0][t:00:08:14]
[I](2022-12-09  06:15:03 pm)    [LNo:0003] 000351/000431
[I](2022-12-09  06:16:19 pm)Reset
[I](2022-12-09  06:16:19 pm)Reset
[I](2022-12-09  06:16:45 pm)Reset
[I](2022-12-09  06:16:45 pm)Reset
[I](2022-12-09  06:16:46 pm)Reset
[I](2022-12-09  06:16:46 pm)Reset
[I](2022-12-09  06:16:51 pm)작업 시작 [Start d:47]
[I](2022-12-09  06:16:51 pm)Nc File: [No.0003-488.NC]
[I](2022-12-09  06:16:51 pm)  * Start Machine Position
[I](2022-12-09  06:16:51 pm)    X:    323.5636
[I](2022-12-09  06:16:51 pm)    Y:   -316.5134
[I](2022-12-09  06:16:51 pm)    U:      0.0000
[I](2022-12-09  06:16:51 pm)    V:      0.0000
[I](2022-12-09  06:16:51 pm)    Z:     34.5694
[I](2022-12-09  06:16:51 pm)  * Angle
[I](2022-12-09  06:16:51 pm)    Ar:      0.0230,Kr:      0.0000
[I](2022-12-09  06:16:51 pm)    Taper_Ar:      0.0000
[I](2022-12-09  07:09:59 pm)작업중 정지 [d:53][t:00:53:07]
[I](2022-12-09  07:09:59 pm)    [LNo:0003] 000033/000431
[I](2022-12-09  07:09:59 pm)작업중 M코드정지 [d:53][t:00:53:07]
[I](2022-12-09  07:11:17 pm)작업중 정지 [d:53][t:00:54:26]
[I](2022-12-09  07:11:17 pm)    [LNo:0003] 000035/000431
[I](2022-12-09  07:11:18 pm)작업중 M코드정지 [d:53][t:00:54:26]
[A](2022-12-09  07:12:34 pm)[037] 자동결선 잔여 WIRE 처리 실패!!
[I](2022-12-09  07:12:40 pm)Reset
[I](2022-12-09  07:12:40 pm)Reset
[I](2022-12-09  07:12:52 pm)작업 시작 [Start d:100]
[I](2022-12-09  07:12:52 pm)Nc File: [No.0005-511.NC]
[I](2022-12-09  07:12:52 pm)  * Start Machine Position
[I](2022-12-09  07:12:52 pm)    X:    323.5636
[I](2022-12-09  07:12:52 pm)    Y:   -316.5134
[I](2022-12-09  07:12:52 pm)    U:      0.0000
[I](2022-12-09  07:12:52 pm)    V:      0.0000
[I](2022-12-09  07:12:52 pm)    Z:     34.5694
[I](2022-12-09  07:12:52 pm)  * Angle
[I](2022-12-09  07:12:52 pm)    Ar:      0.0230,Kr:      0.0000
[I](2022-12-09  07:12:52 pm)    Taper_Ar:      0.0000
