[I](2022-11-24  01:06:43 am)작업중 정지 [d:331][t:05:46:35]
[I](2022-11-24  01:06:43 am)    [LNo:0006] 000448/001128
[I](2022-11-24  01:06:44 am)작업중 M코드정지 [d:331][t:05:46:36]
[I](2022-11-24  08:22:25 am)작업중 정지 [d:331][t:13:02:17]
[I](2022-11-24  08:22:25 am)    [LNo:0006] 000453/001128
[I](2022-11-24  08:22:25 am)작업중 M코드정지 [d:331][t:13:02:17]
[I](2022-11-24  08:24:28 am)작업중 정지 [d:332][t:13:04:20]
[I](2022-11-24  08:24:28 am)    [LNo:0006] 000468/001128
[I](2022-11-24  08:24:28 am)작업중 M코드정지 [d:332][t:13:04:20]
[I](2022-11-24  08:24:43 am)작업중 정지 [d:333][t:13:04:35]
[I](2022-11-24  08:24:43 am)    [LNo:0006] 000469/001128
[I](2022-11-24  08:25:19 am)작업 재시작
[I](2022-11-24  08:27:44 am)작업중 정지 [d:335][t:13:07:36]
[I](2022-11-24  08:27:44 am)    [LNo:0006] 000491/001128
[I](2022-11-24  08:27:44 am)작업중 M코드정지 [d:335][t:13:07:36]
[I](2022-11-24  08:27:58 am)작업중 정지 [d:335][t:13:07:50]
[I](2022-11-24  08:27:58 am)    [LNo:0006] 000492/001128
[I](2022-11-24  08:27:58 am)Wire Contact Auto Stop(M52)
[A](2022-11-24  08:28:22 am)[001] 와이어 미동작
[I](2022-11-24  08:28:24 am)작업 재시작
[I](2022-11-24  08:30:26 am)작업중 정지 [d:335][t:13:10:18]
[I](2022-11-24  08:30:26 am)    [LNo:0006] 000515/001128
[I](2022-11-24  08:30:26 am)작업중 M코드정지 [d:335][t:13:10:18]
[I](2022-11-24  08:31:05 am)작업중 정지 [d:335][t:13:10:57]
[I](2022-11-24  08:31:05 am)    [LNo:0006] 000517/001128
[I](2022-11-24  08:31:28 am)작업 재시작
[I](2022-11-24  08:33:51 am)작업중 정지 [d:336][t:13:13:43]
[I](2022-11-24  08:33:51 am)    [LNo:0006] 000539/001128
[I](2022-11-24  08:33:51 am)작업중 M코드정지 [d:336][t:13:13:43]
[I](2022-11-24  08:34:18 am)작업중 정지 [d:336][t:13:14:10]
[I](2022-11-24  08:34:18 am)    [LNo:0006] 000540/001128
[I](2022-11-24  08:34:18 am)Wire Contact Auto Stop(M52)
[I](2022-11-24  08:34:52 am)작업 재시작
[I](2022-11-24  08:37:03 am)작업중 정지 [d:337][t:13:16:55]
[I](2022-11-24  08:37:03 am)    [LNo:0006] 000562/001128
[I](2022-11-24  08:37:03 am)작업중 M코드정지 [d:337][t:13:16:55]
[I](2022-11-24  08:39:32 am)작업중 정지 [d:337][t:13:19:24]
[I](2022-11-24  08:39:32 am)    [LNo:0006] 000563/001128
[I](2022-11-24  08:39:32 am)Wire Contact Auto Stop(M52)
[I](2022-11-24  08:40:00 am)작업 재시작
[I](2022-11-24  08:42:20 am)작업중 정지 [d:338][t:13:22:12]
[I](2022-11-24  08:42:20 am)    [LNo:0006] 000585/001128
[I](2022-11-24  08:42:20 am)작업중 M코드정지 [d:338][t:13:22:12]
[I](2022-11-24  08:42:39 am)작업중 정지 [d:338][t:13:22:31]
[I](2022-11-24  08:42:39 am)    [LNo:0006] 000586/001128
[I](2022-11-24  08:42:39 am)Wire Contact Auto Stop(M52)
[I](2022-11-24  08:43:11 am)작업 재시작
[I](2022-11-24  08:45:52 am)작업중 정지 [d:339][t:13:25:44]
[I](2022-11-24  08:45:52 am)    [LNo:0006] 000608/001128
[I](2022-11-24  08:45:52 am)작업중 M코드정지 [d:339][t:13:25:44]
[I](2022-11-24  08:47:23 am)작업중 정지 [d:339][t:13:27:15]
[I](2022-11-24  08:47:23 am)    [LNo:0006] 000609/001128
[I](2022-11-24  08:47:23 am)Wire Contact Auto Stop(M52)
[I](2022-11-24  08:47:54 am)작업 재시작
[I](2022-11-24  08:50:05 am)작업중 정지 [d:340][t:13:29:57]
[I](2022-11-24  08:50:05 am)    [LNo:0006] 000631/001128
[I](2022-11-24  08:50:05 am)작업중 M코드정지 [d:340][t:13:29:57]
[I](2022-11-24  08:50:37 am)작업중 정지 [d:340][t:13:30:29]
[I](2022-11-24  08:50:37 am)    [LNo:0006] 000632/001128
[I](2022-11-24  08:51:07 am)작업 재시작
[I](2022-11-24  08:53:35 am)작업중 정지 [d:341][t:13:33:27]
[I](2022-11-24  08:53:35 am)    [LNo:0006] 000654/001128
[I](2022-11-24  08:53:35 am)작업중 M코드정지 [d:341][t:13:33:27]
[I](2022-11-24  08:56:26 am)작업중 정지 [d:341][t:13:36:18]
[I](2022-11-24  08:56:26 am)    [LNo:0006] 000655/001128
[I](2022-11-24  08:56:26 am)Wire Contact Auto Stop(M52)
[I](2022-11-24  08:56:58 am)작업 재시작
[I](2022-11-24  08:57:35 am)작업중 정지 [d:341][t:13:37:27]
[I](2022-11-24  08:57:35 am)    [LNo:0006] 000660/001128
[I](2022-11-24  08:57:51 am)Reset
[I](2022-11-24  08:57:51 am)Reset
[I](2022-11-24  09:03:03 am)작업 시작 [Start d:695]
[I](2022-11-24  09:03:03 am)Nc File: [No.0005-600.NC]
[I](2022-11-24  09:03:03 am)  * Start Machine Position
[I](2022-11-24  09:03:03 am)    X:    162.4249
[I](2022-11-24  09:03:03 am)    Y:   -387.4013
[I](2022-11-24  09:03:03 am)    U:      0.0000
[I](2022-11-24  09:03:03 am)    V:      0.0000
[I](2022-11-24  09:03:03 am)    Z:     23.4291
[I](2022-11-24  09:03:03 am)  * Angle
[I](2022-11-24  09:03:03 am)    Ar:      0.1126,Kr:      0.0000
[I](2022-11-24  09:03:03 am)    Taper_Ar:      0.0000
[I](2022-11-24  09:03:21 am)작업중 정지 [d:0][t:00:00:18]
[I](2022-11-24  09:03:21 am)    [LNo:0005] 000636/001213
[I](2022-11-24  09:04:20 am)작업중 정지 [d:0][t:00:01:17]
[I](2022-11-24  09:04:20 am)    [LNo:0005] 000636/001213
[I](2022-11-24  09:04:20 am)작업중 M코드정지 [d:0][t:00:01:17]
[I](2022-11-24  09:38:49 am)작업중 정지 [d:35][t:00:35:45]
[I](2022-11-24  09:38:49 am)    [LNo:0005] 000733/001213
[I](2022-11-24  09:38:49 am)작업중 M코드정지 [d:35][t:00:35:46]
[I](2022-11-24  10:33:01 am)작업중 정지 [d:83][t:01:29:57]
[I](2022-11-24  10:33:01 am)    [LNo:0005] 000965/001213
[I](2022-11-24  10:33:01 am)작업중 M코드정지 [d:83][t:01:29:57]
[I](2022-11-24  10:48:56 am)작업중 정지 [d:95][t:01:45:53]
[I](2022-11-24  10:48:56 am)    [LNo:0005] 001043/001213
[I](2022-11-24  10:48:56 am)작업중 30sec 접촉 정지 [d:95][t:01:45:53]
[I](2022-11-24  10:52:59 am)작업 재시작
[I](2022-11-24  10:53:43 am)작업중 정지 [d:95][t:01:50:40]
[I](2022-11-24  10:53:43 am)    [LNo:0005] 001047/001213
[I](2022-11-24  10:53:44 am)작업중 Single Block Stop [d:95][t:01:50:40]
[I](2022-11-24  10:58:50 am)작업중 정지 [d:98][t:01:55:47]
[I](2022-11-24  10:58:50 am)    [LNo:0005] 001069/001213
[I](2022-11-24  10:58:50 am)작업중 Single Block Stop [d:98][t:01:55:47]
[I](2022-11-24  11:00:18 am)작업중 정지 [d:98][t:01:57:15]
[I](2022-11-24  11:00:18 am)    [LNo:0005] 001052/001213
[I](2022-11-24  11:00:31 am)작업중 정지 [d:98][t:01:57:28]
[I](2022-11-24  11:00:31 am)    [LNo:0005] 001052/001213
[I](2022-11-24  11:00:31 am)작업중 Single Block Stop [d:98][t:01:57:28]
[I](2022-11-24  11:08:36 am)작업중 정지 [d:104][t:02:05:33]
[I](2022-11-24  11:08:36 am)    [LNo:0005] 001102/001213
[I](2022-11-24  11:08:36 am)작업중 30sec 접촉 정지 [d:104][t:02:05:33]
[I](2022-11-24  11:08:56 am)작업 재시작
[I](2022-11-24  11:12:51 am)작업중 정지 [d:107][t:02:09:48]
[I](2022-11-24  11:12:51 am)    [LNo:0005] 001111/001213
[I](2022-11-24  11:12:51 am)작업중 M코드정지 [d:107][t:02:09:48]
[I](2022-11-24  11:19:36 am)작업중 정지 [d:112][t:02:16:33]
[I](2022-11-24  11:19:36 am)    [LNo:0005] 001141/001213
[I](2022-11-24  11:19:36 am)작업중 30sec 접촉 정지 [d:112][t:02:16:33]
[I](2022-11-24  11:21:01 am)작업 재시작
[I](2022-11-24  11:24:02 am)작업중 정지 [d:114][t:02:20:59]
[I](2022-11-24  11:24:02 am)    [LNo:0005] 001147/001213
[I](2022-11-24  11:24:02 am)작업중 Single Block Stop [d:114][t:02:20:59]
[I](2022-11-24  11:25:52 am)작업중 정지 [d:114][t:02:22:49]
[I](2022-11-24  11:25:52 am)    [LNo:0005] 001131/001213
[I](2022-11-24  11:29:21 am)작업중 정지 [d:117][t:02:26:18]
[I](2022-11-24  11:29:21 am)    [LNo:0005] 001147/001213
[I](2022-11-24  11:29:21 am)작업중 Single Block Stop [d:117][t:02:26:18]
[I](2022-11-24  11:29:44 am)작업중 정지 [d:117][t:02:26:40]
[I](2022-11-24  11:29:44 am)    [LNo:0005] 001147/001213
[I](2022-11-24  11:29:44 am)작업중 Single Block Stop [d:117][t:02:26:40]
[I](2022-11-24  11:34:01 am)작업중 정지 [d:120][t:02:30:58]
[I](2022-11-24  11:34:01 am)    [LNo:0005] 001169/001213
[I](2022-11-24  11:34:01 am)작업중 Single Block Stop [d:120][t:02:30:58]
[I](2022-11-24  11:35:09 am)작업중 정지 [d:120][t:02:32:06]
[I](2022-11-24  11:35:09 am)    [LNo:0005] 001152/001213
[I](2022-11-24  11:37:56 am)작업중 정지 [d:121][t:02:34:53]
[I](2022-11-24  11:37:56 am)    [LNo:0005] 001183/001213
[A](2022-11-24  11:37:56 am)[008] 작업중 단선(AWF Feed Motor Stop )
[I](2022-11-24  11:37:56 am)작업중 Wire 단선 [d:121][t:02:34:53]
[I](2022-11-24  11:38:07 am)작업 재시작
[I](2022-11-24  11:45:39 am)작업중 정지 [d:128][t:02:42:36]
[I](2022-11-24  11:45:39 am)    [LNo:0005] 001202/001213
[I](2022-11-24  11:45:39 am)작업중 30sec 접촉 정지 [d:128][t:02:42:36]
[I](2022-11-24  11:45:53 am)작업 재시작
[I](2022-11-24  11:46:37 am)작업중 정지 [d:128][t:02:43:34]
[I](2022-11-24  11:46:37 am)    [LNo:0005] 001206/001213
[I](2022-11-24  11:46:37 am)작업중 Single Block Stop [d:128][t:02:43:34]
[I](2022-11-24  11:50:58 am)작업중 정지 [d:128][t:02:47:54]
[I](2022-11-24  11:50:58 am)    [LNo:0005] 000636/001213
[I](2022-11-24  11:58:00 am)작업중 정지 [d:135][t:02:54:57]
[I](2022-11-24  11:58:00 am)    [LNo:0005] 000733/001213
[I](2022-11-24  11:58:00 am)작업중 M코드정지 [d:135][t:02:54:57]
[I](2022-11-24  12:03:40 pm)작업중 정지 [d:139][t:03:00:37]
[I](2022-11-24  12:03:40 pm)    [LNo:0005] 000807/001213
[I](2022-11-24  12:03:40 pm)작업중 M코드정지 [d:139][t:03:00:37]
[I](2022-11-24  12:08:12 pm)작업중 정지 [d:142][t:03:05:08]
[I](2022-11-24  12:08:12 pm)    [LNo:0005] 000904/001213
[I](2022-11-24  12:08:12 pm)작업중 M코드정지 [d:142][t:03:05:08]
[A](2022-11-24  12:09:02 pm)[037] 자동결선 잔여 WIRE 처리 실패!!
[I](2022-11-24  12:10:37 pm)작업중 정지 [d:142][t:03:07:34]
[I](2022-11-24  12:10:37 pm)    [LNo:0005] 000813/001213
[I](2022-11-24  12:13:50 pm)작업중 정지 [d:145][t:03:10:47]
[I](2022-11-24  12:13:50 pm)    [LNo:0005] 000904/001213
[I](2022-11-24  12:13:50 pm)작업중 M코드정지 [d:145][t:03:10:47]
[I](2022-11-24  12:19:07 pm)Reset
[I](2022-11-24  12:19:13 pm)Reset
[A](2022-11-24  12:35:13 pm)[001] 와이어 미동작
[I](2022-11-24  12:36:17 pm)Reset
[I](2022-11-24  12:36:17 pm)Reset
[I](2022-11-24  12:40:05 pm)작업 시작 [Start d:0]
[I](2022-11-24  12:40:05 pm)Nc File: [No.0001-611.NC]
[I](2022-11-24  12:40:05 pm)  * Start Machine Position
[I](2022-11-24  12:40:05 pm)    X:    106.1313
[I](2022-11-24  12:40:05 pm)    Y:   -243.1333
[I](2022-11-24  12:40:05 pm)    U:      0.0000
[I](2022-11-24  12:40:05 pm)    V:      0.0000
[I](2022-11-24  12:40:05 pm)    Z:     22.2586
[I](2022-11-24  12:40:05 pm)  * Angle
[I](2022-11-24  12:40:05 pm)    Ar:      0.2049,Kr:      0.0000
[I](2022-11-24  12:40:05 pm)    Taper_Ar:      0.0000
[I](2022-11-24  12:40:19 pm)작업중 정지 [d:0][t:00:00:13]
[I](2022-11-24  12:40:19 pm)    [LNo:0001] 000073/001394
[I](2022-11-24  12:41:57 pm)작업중 정지 [d:0][t:00:01:52]
[I](2022-11-24  12:41:57 pm)    [LNo:0001] 000674/001394
[I](2022-11-24  12:43:40 pm)작업중 정지 [d:0][t:00:03:34]
[I](2022-11-24  12:43:40 pm)    [LNo:0001] 001169/001394
[I](2022-11-24  12:44:48 pm)작업중 정지 [d:0][t:00:04:42]
[I](2022-11-24  12:44:48 pm)    [LNo:0001] 000140/001394
[I](2022-11-24  01:06:17 pm)작업중 정지 [d:21][t:00:26:11]
[I](2022-11-24  01:06:17 pm)    [LNo:0001] 000174/001394
[I](2022-11-24  01:06:17 pm)작업중 M코드정지 [d:21][t:00:26:11]
[I](2022-11-24  01:40:36 pm)작업중 정지 [d:21][t:01:00:30]
[I](2022-11-24  01:40:36 pm)    [LNo:0001] 000176/001394
[I](2022-11-24  01:41:24 pm)작업 재시작
[I](2022-11-24  01:41:30 pm)작업중 정지 [d:21][t:01:01:24]
[I](2022-11-24  01:41:30 pm)    [LNo:0001] 000178/001394
[I](2022-11-24  01:41:30 pm)작업중 M코드정지 [d:21][t:01:01:24]
[I](2022-11-24  01:50:06 pm)작업중 정지 [d:30][t:01:10:00]
[I](2022-11-24  01:50:06 pm)    [LNo:0001] 000200/001394
[I](2022-11-24  01:50:06 pm)작업중 M코드정지 [d:30][t:01:10:00]
[I](2022-11-24  01:51:50 pm)Reset
[I](2022-11-24  01:52:05 pm)작업 시작 [Start d:30]
[I](2022-11-24  01:52:05 pm)Nc File: [No.0001-611.NC]
[I](2022-11-24  01:52:05 pm)  * Start Machine Position
[I](2022-11-24  01:52:05 pm)    X:    106.1313
[I](2022-11-24  01:52:05 pm)    Y:   -243.1333
[I](2022-11-24  01:52:05 pm)    U:      0.0000
[I](2022-11-24  01:52:05 pm)    V:      0.0000
[I](2022-11-24  01:52:05 pm)    Z:     22.2586
[I](2022-11-24  01:52:05 pm)  * Angle
[I](2022-11-24  01:52:05 pm)    Ar:      0.2049,Kr:      0.0000
[I](2022-11-24  01:52:05 pm)    Taper_Ar:      0.0000
[I](2022-11-24  01:53:15 pm)작업중 정지 [d:1][t:00:01:09]
[I](2022-11-24  01:53:15 pm)    [LNo:0001] 000068/001394
[I](2022-11-24  01:53:15 pm)작업중 M코드정지 [d:1][t:00:01:09]
[I](2022-11-24  01:56:19 pm)작업중 정지 [d:2][t:00:04:14]
[I](2022-11-24  01:56:19 pm)    [LNo:0001] 000134/001394
[I](2022-11-24  01:56:19 pm)작업중 M코드정지 [d:2][t:00:04:14]
[I](2022-11-24  01:58:33 pm)작업중 정지 [d:2][t:00:06:27]
[I](2022-11-24  01:58:33 pm)    [LNo:0001] 000119/001394
[I](2022-11-24  01:59:10 pm)작업중 정지 [d:2][t:00:07:04]
[I](2022-11-24  01:59:10 pm)    [LNo:0001] 000134/001394
[I](2022-11-24  01:59:10 pm)작업중 M코드정지 [d:2][t:00:07:04]
[I](2022-11-24  02:01:11 pm)작업중 정지 [d:2][t:00:09:06]
[I](2022-11-24  02:01:11 pm)    [LNo:0001] 000119/001394
[I](2022-11-24  02:01:37 pm)작업중 정지 [d:2][t:00:09:32]
[I](2022-11-24  02:01:37 pm)    [LNo:0001] 000134/001394
[I](2022-11-24  02:01:37 pm)작업중 M코드정지 [d:2][t:00:09:32]
[I](2022-11-24  02:07:23 pm)작업중 정지 [d:2][t:00:15:18]
[I](2022-11-24  02:07:23 pm)    [LNo:0001] 000206/001394
[I](2022-11-24  02:28:47 pm)작업중 정지 [d:23][t:00:36:41]
[I](2022-11-24  02:28:47 pm)    [LNo:0001] 000240/001394
[I](2022-11-24  02:28:47 pm)작업중 M코드정지 [d:23][t:00:36:42]
[I](2022-11-24  02:33:38 pm)작업중 정지 [d:23][t:00:41:33]
[I](2022-11-24  02:33:38 pm)    [LNo:0001] 000244/001394
[I](2022-11-24  02:33:38 pm)작업중 M코드정지 [d:23][t:00:41:33]
[I](2022-11-24  03:00:36 pm)작업중 정지 [d:48][t:01:08:31]
[I](2022-11-24  03:00:36 pm)    [LNo:0001] 000306/001394
[I](2022-11-24  03:00:36 pm)작업중 M코드정지 [d:48][t:01:08:31]
[I](2022-11-24  03:01:35 pm)작업중 정지 [d:48][t:01:09:29]
[I](2022-11-24  03:01:35 pm)    [LNo:0001] 000308/001394
[I](2022-11-24  03:02:05 pm)작업 재시작
[I](2022-11-24  03:02:11 pm)작업중 정지 [d:48][t:01:10:06]
[I](2022-11-24  03:02:11 pm)    [LNo:0001] 000310/001394
[I](2022-11-24  03:02:11 pm)작업중 M코드정지 [d:48][t:01:10:06]
[I](2022-11-24  03:27:17 pm)작업중 정지 [d:71][t:01:35:12]
[I](2022-11-24  03:27:17 pm)    [LNo:0001] 000372/001394
[I](2022-11-24  03:27:18 pm)작업중 M코드정지 [d:71][t:01:35:12]
[I](2022-11-24  03:27:49 pm)작업중 정지 [d:71][t:01:35:44]
[I](2022-11-24  03:27:49 pm)    [LNo:0001] 000374/001394
[I](2022-11-24  03:28:19 pm)작업 재시작
[I](2022-11-24  03:28:24 pm)작업중 정지 [d:71][t:01:36:18]
[I](2022-11-24  03:28:24 pm)    [LNo:0001] 000376/001394
[I](2022-11-24  03:28:24 pm)작업중 M코드정지 [d:71][t:01:36:18]
[I](2022-11-24  03:42:11 pm)작업중 정지 [d:83][t:01:50:06]
[I](2022-11-24  03:42:11 pm)    [LNo:0001] 000420/001394
[I](2022-11-24  03:42:12 pm)작업중 M코드정지 [d:83][t:01:50:06]
[I](2022-11-24  03:43:41 pm)작업중 정지 [d:83][t:01:51:36]
[I](2022-11-24  03:43:41 pm)    [LNo:0001] 000422/001394
[I](2022-11-24  03:44:09 pm)작업 재시작
[I](2022-11-24  03:44:14 pm)작업중 정지 [d:83][t:01:52:09]
[I](2022-11-24  03:44:14 pm)    [LNo:0001] 000424/001394
[I](2022-11-24  03:44:14 pm)작업중 M코드정지 [d:83][t:01:52:09]
[I](2022-11-24  03:46:55 pm)작업중 정지 [d:86][t:01:54:50]
[I](2022-11-24  03:46:55 pm)    [LNo:0001] 000443/001394
[I](2022-11-24  03:46:55 pm)작업중 M코드정지 [d:86][t:01:54:50]
[I](2022-11-24  03:56:38 pm)작업중 정지 [d:93][t:02:04:33]
[I](2022-11-24  03:56:38 pm)    [LNo:0001] 000465/001394
[I](2022-11-24  03:56:38 pm)작업중 M코드정지 [d:93][t:02:04:33]
[I](2022-11-24  03:56:59 pm)작업중 정지 [d:93][t:02:04:54]
[I](2022-11-24  03:56:59 pm)    [LNo:0001] 000467/001394
[I](2022-11-24  03:57:31 pm)작업 재시작
[I](2022-11-24  03:57:35 pm)작업중 정지 [d:93][t:02:05:29]
[I](2022-11-24  03:57:35 pm)    [LNo:0001] 000469/001394
[I](2022-11-24  03:57:35 pm)작업중 M코드정지 [d:93][t:02:05:30]
[I](2022-11-24  04:01:27 pm)작업중 정지 [d:96][t:02:09:22]
[I](2022-11-24  04:01:27 pm)    [LNo:0001] 000489/001394
[I](2022-11-24  04:01:27 pm)작업중 M코드정지 [d:96][t:02:09:22]
[I](2022-11-24  04:07:06 pm)작업중 정지 [d:100][t:02:15:01]
[I](2022-11-24  04:07:06 pm)    [LNo:0001] 000510/001394
[I](2022-11-24  04:07:06 pm)작업중 M코드정지 [d:100][t:02:15:01]
[I](2022-11-24  04:07:27 pm)작업중 정지 [d:100][t:02:15:21]
[I](2022-11-24  04:07:27 pm)    [LNo:0001] 000512/001394
[I](2022-11-24  04:07:54 pm)작업 재시작
[I](2022-11-24  04:07:57 pm)작업중 정지 [d:100][t:02:15:51]
[I](2022-11-24  04:07:57 pm)    [LNo:0001] 000514/001394
[I](2022-11-24  04:07:57 pm)작업중 M코드정지 [d:100][t:02:15:51]
[I](2022-11-24  04:10:06 pm)작업중 정지 [d:102][t:02:18:01]
[I](2022-11-24  04:10:06 pm)    [LNo:0001] 000533/001394
[I](2022-11-24  04:10:06 pm)작업중 M코드정지 [d:102][t:02:18:01]
[I](2022-11-24  04:15:52 pm)작업중 정지 [d:106][t:02:23:46]
[I](2022-11-24  04:15:52 pm)    [LNo:0001] 000555/001394
[I](2022-11-24  04:15:52 pm)작업중 M코드정지 [d:106][t:02:23:46]
[I](2022-11-24  04:16:10 pm)작업중 정지 [d:106][t:02:24:04]
[I](2022-11-24  04:16:10 pm)    [LNo:0001] 000559/001394
[I](2022-11-24  04:16:10 pm)작업중 M코드정지 [d:106][t:02:24:05]
[I](2022-11-24  04:25:17 pm)작업중 정지 [d:113][t:02:33:11]
[I](2022-11-24  04:25:17 pm)    [LNo:0001] 000600/001394
[I](2022-11-24  04:25:17 pm)작업중 M코드정지 [d:113][t:02:33:11]
[I](2022-11-24  04:25:38 pm)작업중 정지 [d:113][t:02:33:32]
[I](2022-11-24  04:25:38 pm)    [LNo:0001] 000602/001394
[I](2022-11-24  04:26:07 pm)작업 재시작
[I](2022-11-24  04:26:11 pm)작업중 정지 [d:113][t:02:34:05]
[I](2022-11-24  04:26:11 pm)    [LNo:0001] 000604/001394
[I](2022-11-24  04:26:11 pm)작업중 M코드정지 [d:113][t:02:34:05]
[I](2022-11-24  04:37:51 pm)작업중 정지 [d:123][t:02:45:46]
[I](2022-11-24  04:37:51 pm)    [LNo:0001] 000645/001394
[I](2022-11-24  04:37:51 pm)작업중 M코드정지 [d:123][t:02:45:46]
[I](2022-11-24  04:38:07 pm)작업중 정지 [d:123][t:02:46:01]
[I](2022-11-24  04:38:07 pm)    [LNo:0001] 000647/001394
[I](2022-11-24  04:38:36 pm)작업 재시작
[I](2022-11-24  04:38:39 pm)작업중 정지 [d:123][t:02:46:34]
[I](2022-11-24  04:38:39 pm)    [LNo:0001] 000649/001394
[I](2022-11-24  04:38:39 pm)작업중 M코드정지 [d:123][t:02:46:34]
[I](2022-11-24  04:49:26 pm)작업중 정지 [d:131][t:02:57:20]
[I](2022-11-24  04:49:26 pm)    [LNo:0001] 000690/001394
[I](2022-11-24  04:49:26 pm)작업중 M코드정지 [d:131][t:02:57:20]
[I](2022-11-24  04:49:46 pm)작업중 정지 [d:131][t:02:57:40]
[I](2022-11-24  04:49:46 pm)    [LNo:0001] 000692/001394
[I](2022-11-24  04:50:15 pm)작업 재시작
[I](2022-11-24  04:57:59 pm)작업중 정지 [d:137][t:03:05:54]
[I](2022-11-24  04:57:59 pm)    [LNo:0001] 000735/001394
[I](2022-11-24  04:57:59 pm)작업중 M코드정지 [d:137][t:03:05:54]
[I](2022-11-24  04:58:18 pm)작업중 정지 [d:137][t:03:06:13]
[I](2022-11-24  04:58:18 pm)    [LNo:0001] 000737/001394
[I](2022-11-24  04:58:46 pm)작업 재시작
[I](2022-11-24  05:06:13 pm)작업중 정지 [d:143][t:03:14:08]
[I](2022-11-24  05:06:13 pm)    [LNo:0001] 000780/001394
[I](2022-11-24  05:06:13 pm)작업중 M코드정지 [d:143][t:03:14:08]
[I](2022-11-24  05:06:33 pm)작업중 정지 [d:143][t:03:14:27]
[I](2022-11-24  05:06:33 pm)    [LNo:0001] 000782/001394
[I](2022-11-24  05:07:04 pm)작업 재시작
[I](2022-11-24  05:17:59 pm)작업중 정지 [d:153][t:03:25:53]
[I](2022-11-24  05:17:59 pm)    [LNo:0001] 000825/001394
[I](2022-11-24  05:17:59 pm)작업중 M코드정지 [d:153][t:03:25:53]
[I](2022-11-24  05:18:24 pm)작업중 정지 [d:153][t:03:26:18]
[I](2022-11-24  05:18:24 pm)    [LNo:0001] 000827/001394
[I](2022-11-24  05:18:53 pm)작업 재시작
[I](2022-11-24  05:18:56 pm)작업중 정지 [d:153][t:03:26:51]
[I](2022-11-24  05:18:56 pm)    [LNo:0001] 000829/001394
[I](2022-11-24  05:18:56 pm)작업중 M코드정지 [d:153][t:03:26:51]
[I](2022-11-24  05:29:05 pm)작업중 정지 [d:162][t:03:37:00]
[I](2022-11-24  05:29:05 pm)    [LNo:0001] 000870/001394
[I](2022-11-24  05:29:06 pm)작업중 M코드정지 [d:162][t:03:37:00]
[I](2022-11-24  05:33:10 pm)작업중 정지 [d:162][t:03:41:04]
[I](2022-11-24  05:33:10 pm)    [LNo:0001] 000872/001394
[I](2022-11-24  05:33:40 pm)작업 재시작
[I](2022-11-24  05:33:47 pm)작업중 정지 [d:163][t:03:41:41]
[I](2022-11-24  05:33:47 pm)    [LNo:0001] 000874/001394
[I](2022-11-24  05:33:47 pm)작업중 M코드정지 [d:163][t:03:41:41]
[I](2022-11-24  05:44:39 pm)작업중 정지 [d:172][t:03:52:34]
[I](2022-11-24  05:44:39 pm)    [LNo:0001] 000914/001394
[I](2022-11-24  05:44:39 pm)Wire Contact Auto Stop(M52)
[I](2022-11-24  05:45:42 pm)작업 재시작
[I](2022-11-24  05:45:51 pm)작업중 정지 [d:172][t:03:53:45]
[I](2022-11-24  05:45:51 pm)    [LNo:0001] 000914/001394
[I](2022-11-24  05:46:19 pm)작업 재시작
[I](2022-11-24  05:46:26 pm)작업중 정지 [d:172][t:03:54:20]
[I](2022-11-24  05:46:26 pm)    [LNo:0001] 000915/001394
[I](2022-11-24  05:46:26 pm)작업중 M코드정지 [d:172][t:03:54:21]
[I](2022-11-24  05:46:39 pm)작업중 정지 [d:172][t:03:54:34]
[I](2022-11-24  05:46:39 pm)    [LNo:0001] 000919/001394
[I](2022-11-24  05:46:39 pm)작업중 M코드정지 [d:172][t:03:54:34]
[I](2022-11-24  05:56:12 pm)작업중 정지 [d:180][t:04:04:07]
[I](2022-11-24  05:56:12 pm)    [LNo:0001] 000960/001394
[I](2022-11-24  05:56:12 pm)작업중 M코드정지 [d:180][t:04:04:07]
[I](2022-11-24  05:59:54 pm)작업중 정지 [d:180][t:04:07:49]
[I](2022-11-24  05:59:54 pm)    [LNo:0001] 000964/001394
[I](2022-11-24  05:59:54 pm)작업중 M코드정지 [d:180][t:04:07:49]
[I](2022-11-24  06:09:15 pm)작업중 정지 [d:187][t:04:17:10]
[I](2022-11-24  06:09:15 pm)    [LNo:0001] 001005/001394
[I](2022-11-24  06:09:15 pm)작업중 M코드정지 [d:187][t:04:17:10]
[I](2022-11-24  06:09:39 pm)작업중 정지 [d:187][t:04:17:34]
[I](2022-11-24  06:09:39 pm)    [LNo:0001] 001007/001394
[I](2022-11-24  06:10:09 pm)작업 재시작
[I](2022-11-24  06:10:14 pm)작업중 정지 [d:187][t:04:18:09]
[I](2022-11-24  06:10:14 pm)    [LNo:0001] 001009/001394
[I](2022-11-24  06:10:14 pm)작업중 M코드정지 [d:187][t:04:18:09]
[I](2022-11-24  06:18:52 pm)작업중 정지 [d:194][t:04:26:46]
[I](2022-11-24  06:18:52 pm)    [LNo:0001] 001050/001394
[I](2022-11-24  06:18:52 pm)작업중 M코드정지 [d:194][t:04:26:46]
[I](2022-11-24  06:19:11 pm)작업중 정지 [d:194][t:04:27:05]
[I](2022-11-24  06:19:11 pm)    [LNo:0001] 001052/001394
[I](2022-11-24  06:19:40 pm)작업 재시작
[I](2022-11-24  06:19:43 pm)작업중 정지 [d:195][t:04:27:38]
[I](2022-11-24  06:19:43 pm)    [LNo:0001] 001054/001394
[I](2022-11-24  06:19:43 pm)작업중 M코드정지 [d:195][t:04:27:38]
[I](2022-11-24  06:26:59 pm)작업중 정지 [d:201][t:04:34:54]
[I](2022-11-24  06:26:59 pm)    [LNo:0001] 001095/001394
[I](2022-11-24  06:26:59 pm)작업중 M코드정지 [d:201][t:04:34:54]
[I](2022-11-24  06:27:16 pm)작업중 정지 [d:201][t:04:35:10]
[I](2022-11-24  06:27:16 pm)    [LNo:0001] 001099/001394
[I](2022-11-24  06:27:16 pm)작업중 M코드정지 [d:201][t:04:35:10]
[I](2022-11-24  06:37:47 pm)작업중 정지 [d:210][t:04:45:42]
[I](2022-11-24  06:37:47 pm)    [LNo:0001] 001142/001394
[I](2022-11-24  06:38:05 pm)작업 재시작
[I](2022-11-24  06:38:08 pm)작업중 정지 [d:210][t:04:46:03]
[I](2022-11-24  06:38:08 pm)    [LNo:0001] 001144/001394
[I](2022-11-24  06:38:08 pm)작업중 M코드정지 [d:210][t:04:46:03]
[I](2022-11-24  06:45:59 pm)작업중 정지 [d:217][t:04:53:54]
[I](2022-11-24  06:45:59 pm)    [LNo:0001] 001185/001394
[I](2022-11-24  06:45:59 pm)작업중 M코드정지 [d:217][t:04:53:54]
[I](2022-11-24  06:46:17 pm)작업중 정지 [d:217][t:04:54:11]
[I](2022-11-24  06:46:17 pm)    [LNo:0001] 001189/001394
[I](2022-11-24  06:46:17 pm)작업중 M코드정지 [d:217][t:04:54:11]
[I](2022-11-24  06:54:53 pm)작업중 정지 [d:224][t:05:02:48]
[I](2022-11-24  06:54:53 pm)    [LNo:0001] 001234/001394
[I](2022-11-24  06:54:53 pm)작업중 M코드정지 [d:224][t:05:02:48]
[I](2022-11-24  07:06:08 pm)작업중 정지 [d:234][t:05:14:02]
[I](2022-11-24  07:06:08 pm)    [LNo:0001] 001276/001394
[I](2022-11-24  07:06:28 pm)작업 재시작
[I](2022-11-24  07:06:32 pm)작업중 정지 [d:234][t:05:14:27]
[I](2022-11-24  07:06:32 pm)    [LNo:0001] 001278/001394
[I](2022-11-24  07:06:32 pm)작업중 M코드정지 [d:234][t:05:14:27]
[I](2022-11-24  07:16:07 pm)작업중 정지 [d:242][t:05:24:02]
[I](2022-11-24  07:16:07 pm)    [LNo:0001] 001319/001394
[I](2022-11-24  07:16:07 pm)작업중 M코드정지 [d:242][t:05:24:02]
[I](2022-11-24  07:16:44 pm)작업중 정지 [d:243][t:05:24:38]
[I](2022-11-24  07:16:44 pm)    [LNo:0001] 001323/001394
[I](2022-11-24  07:16:44 pm)작업중 M코드정지 [d:243][t:05:24:38]
[I](2022-11-24  07:24:06 pm)작업중 정지 [d:249][t:05:32:01]
[I](2022-11-24  07:24:06 pm)    [LNo:0001] 001363/001394
[I](2022-11-24  07:24:06 pm)작업중 M코드정지 [d:249][t:05:32:01]
[I](2022-11-24  07:26:59 pm)작업중 정지 [d:249][t:05:34:54]
[I](2022-11-24  07:26:59 pm)    [LNo:0001] 001367/001394
[I](2022-11-24  07:26:59 pm)작업중 M코드정지 [d:249][t:05:34:54]
[A](2022-11-24  07:28:51 pm)[001] 와이어 미동작
[I](2022-11-24  07:31:25 pm)작업중 정지 [d:250][t:05:39:20]
[I](2022-11-24  07:31:25 pm)    [LNo:0001] 001390/001394
[I](2022-11-24  07:31:26 pm)작업중 M코드정지 [d:250][t:05:39:20]
[I](2022-11-24  07:31:26 pm)Reset
[I](2022-11-24  07:31:27 pm)Reset
[I](2022-11-24  07:31:56 pm)작업 시작 [Start d:280]
[I](2022-11-24  07:31:56 pm)Nc File: [No.0002-629.NC]
[I](2022-11-24  07:31:56 pm)  * Start Machine Position
[I](2022-11-24  07:31:56 pm)    X:    106.1313
[I](2022-11-24  07:31:56 pm)    Y:   -243.1333
[I](2022-11-24  07:31:56 pm)    U:      0.0000
[I](2022-11-24  07:31:56 pm)    V:      0.0000
[I](2022-11-24  07:31:56 pm)    Z:     22.2586
[I](2022-11-24  07:31:56 pm)  * Angle
[I](2022-11-24  07:31:56 pm)    Ar:      0.2049,Kr:      0.0000
[I](2022-11-24  07:31:56 pm)    Taper_Ar:      0.0000
[I](2022-11-24  07:32:37 pm)작업중 정지 [d:0][t:00:00:40]
[I](2022-11-24  07:32:37 pm)    [LNo:0002] 001008/002828
[I](2022-11-24  07:33:39 pm)작업중 정지 [d:0][t:00:01:42]
[I](2022-11-24  07:33:39 pm)    [LNo:0002] 001127/002828
[I](2022-11-24  07:34:01 pm)Reset
[I](2022-11-24  07:34:02 pm)Reset
[I](2022-11-24  07:35:32 pm)Reset
[I](2022-11-24  07:35:40 pm)Reset
[I](2022-11-24  07:35:51 pm)작업 시작 [Start d:280]
[I](2022-11-24  07:35:51 pm)Nc File: [No.0002-629.NC]
[I](2022-11-24  07:35:51 pm)  * Start Machine Position
[I](2022-11-24  07:35:51 pm)    X:    106.1313
[I](2022-11-24  07:35:51 pm)    Y:   -243.1333
[I](2022-11-24  07:35:51 pm)    U:      0.0000
[I](2022-11-24  07:35:51 pm)    V:      0.0000
[I](2022-11-24  07:35:51 pm)    Z:     21.1531
[I](2022-11-24  07:35:51 pm)  * Angle
[I](2022-11-24  07:35:51 pm)    Ar:      0.2049,Kr:      0.0000
[I](2022-11-24  07:35:51 pm)    Taper_Ar:      0.0000
[I](2022-11-24  07:39:56 pm)작업중 정지 [d:4][t:00:04:05]
[I](2022-11-24  07:39:56 pm)    [LNo:0002] 000764/002828
[I](2022-11-24  07:40:12 pm)작업 재시작
