[I](2022-11-08  07:43:50 am)작업중 정지 [d:681][t:11:46:09]
[I](2022-11-08  07:43:50 am)    [LNo:0001] 001166/001200
[I](2022-11-08  07:43:50 am)작업중 M코드정지 [d:681][t:11:46:09]
[I](2022-11-08  08:20:25 am)작업중 정지 [d:681][t:12:22:44]
[I](2022-11-08  08:20:25 am)    [LNo:0001] 001167/001200
[A](2022-11-08  08:20:28 am)[002] 가공액 미동작
[I](2022-11-08  08:20:30 am)작업 재시작
[I](2022-11-08  08:20:35 am)작업중 정지 [d:681][t:12:22:54]
[I](2022-11-08  08:20:35 am)    [LNo:0001] 001168/001200
[I](2022-11-08  08:20:35 am)작업중 M코드정지 [d:681][t:12:22:54]
[I](2022-11-08  08:20:37 am)작업중 정지 [d:681][t:12:22:56]
[I](2022-11-08  08:20:37 am)    [LNo:0001] 001171/001200
[I](2022-11-08  08:20:40 am)작업중 정지 [d:681][t:12:22:59]
[I](2022-11-08  08:20:40 am)    [LNo:0001] 001171/001200
[A](2022-11-08  08:20:40 am)[010] 자동결선 Error(M21-절단실패)
[I](2022-11-08  08:23:46 am)작업중 정지 [d:683][t:12:26:05]
[I](2022-11-08  08:23:46 am)    [LNo:0001] 001187/001200
[A](2022-11-08  08:23:46 am)[008] 작업중 단선(AWF Feed Motor Stop )
[I](2022-11-08  08:23:46 am)작업중 Wire 단선 [d:683][t:12:26:05]
[I](2022-11-08  08:23:57 am)작업 재시작
[I](2022-11-08  08:24:02 am)작업중 정지 [d:683][t:12:26:21]
[I](2022-11-08  08:24:02 am)    [LNo:0001] 001187/001200
[I](2022-11-08  08:24:02 am)작업중 30sec 접촉 정지 [d:683][t:12:26:21]
[I](2022-11-08  08:25:51 am)작업 재시작
[I](2022-11-08  08:25:53 am)작업중 정지 [d:683][t:12:28:12]
[I](2022-11-08  08:25:53 am)    [LNo:0001] 001187/001200
[I](2022-11-08  08:48:56 am)Reset
[I](2022-11-08  08:49:19 am)Reset
[I](2022-11-08  08:49:52 am)Reset
[I](2022-11-08  08:49:52 am)Reset
[I](2022-11-08  08:49:58 am)Reset
[I](2022-11-08  08:51:01 am)Reset
[I](2022-11-08  08:51:06 am)Reset
[I](2022-11-08  08:51:16 am)작업 시작 [Start d:992]
[I](2022-11-08  08:51:16 am)Nc File: [No.0008-433.NC]
[I](2022-11-08  08:51:16 am)  * Start Machine Position
[I](2022-11-08  08:51:16 am)    X:     47.1363
[I](2022-11-08  08:51:16 am)    Y:   -374.2453
[I](2022-11-08  08:51:16 am)    U:      0.0000
[I](2022-11-08  08:51:16 am)    V:      0.0000
[I](2022-11-08  08:51:16 am)    Z:     35.6056
[I](2022-11-08  08:51:16 am)  * Angle
[I](2022-11-08  08:51:16 am)    Ar:     -0.2471,Kr:      0.0000
[I](2022-11-08  08:51:16 am)    Taper_Ar:      0.0000
[I](2022-11-08  09:53:15 am)작업중 정지 [d:55][t:01:01:58]
[I](2022-11-08  09:53:15 am)    [LNo:0008] 002078/002182
[I](2022-11-08  09:53:15 am)작업중 30sec 접촉 정지 [d:55][t:01:01:58]
[I](2022-11-08  09:56:26 am)작업 재시작
[I](2022-11-08  09:56:28 am)작업중 정지 [d:55][t:01:05:11]
[I](2022-11-08  09:56:28 am)    [LNo:0008] 002078/002182
[I](2022-11-08  09:57:08 am)작업 재시작
[I](2022-11-08  10:28:00 am)작업중 정지 [d:83][t:01:36:43]
[I](2022-11-08  10:28:00 am)    [LNo:0008] 002175/002182
[A](2022-11-08  10:28:00 am)[011] 자동결선 Error(M21-잔여와이어 처리실패)
[I](2022-11-08  10:37:44 am)Reset
[I](2022-11-08  10:41:06 am)Reset
[I](2022-11-08  10:41:06 am)Reset
[I](2022-11-08  10:41:06 am)Reset
[I](2022-11-08  10:41:07 am)Reset
[I](2022-11-08  10:41:07 am)Reset
[I](2022-11-08  10:41:08 am)Reset
[I](2022-11-08  10:41:08 am)Reset
[I](2022-11-08  10:41:08 am)Reset
[I](2022-11-08  10:41:09 am)Reset
[I](2022-11-08  10:41:09 am)Reset
[I](2022-11-08  10:41:14 am)Reset
[I](2022-11-08  10:41:14 am)Reset
[I](2022-11-08  10:41:14 am)Reset
[I](2022-11-08  10:41:15 am)Reset
[I](2022-11-08  10:41:15 am)Reset
[I](2022-11-08  10:41:15 am)Reset
[I](2022-11-08  10:41:16 am)Reset
[I](2022-11-08  10:41:16 am)Reset
[I](2022-11-08  10:41:16 am)Reset
[I](2022-11-08  10:41:17 am)Reset
[I](2022-11-08  10:41:17 am)Reset
[I](2022-11-08  10:41:18 am)Reset
[I](2022-11-08  10:41:18 am)Reset
[I](2022-11-08  10:50:03 am)Reset
[I](2022-11-08  10:54:06 am)Reset
[I](2022-11-08  10:54:11 am)Reset
[I](2022-11-08  10:54:11 am)Reset
[I](2022-11-08  10:55:40 am)Reset
[I](2022-11-08  10:55:46 am)Reset
[I](2022-11-08  10:55:46 am)Reset
[I](2022-11-08  10:56:06 am)Reset
[I](2022-11-08  10:56:49 am)Reset
[I](2022-11-08  10:57:00 am)Reset
[I](2022-11-08  10:57:32 am)Reset
[I](2022-11-08  10:57:44 am)Reset
[I](2022-11-08  11:01:14 am)작업 시작 [Start d:0]
[I](2022-11-08  11:01:14 am)Nc File: [No.0007-404.NC]
[I](2022-11-08  11:01:14 am)  * Start Machine Position
[I](2022-11-08  11:01:14 am)    X:     62.8775
[I](2022-11-08  11:01:14 am)    Y:   -355.1358
[I](2022-11-08  11:01:14 am)    U:      0.0096
[I](2022-11-08  11:01:14 am)    V:      0.0200
[I](2022-11-08  11:01:14 am)    Z:     65.8576
[I](2022-11-08  11:01:14 am)  * Angle
[I](2022-11-08  11:01:14 am)    Ar:      0.9956,Kr:      0.0000
[I](2022-11-08  11:01:14 am)    Taper_Ar:      0.0000
[I](2022-11-08  11:01:17 am)작업중 정지 [d:0][t:00:00:03]
[I](2022-11-08  11:01:17 am)    [LNo:0007] 000010/000068
[I](2022-11-08  11:01:18 am)작업중 M코드정지 [d:0][t:00:00:03]
[I](2022-11-08  11:28:13 am)작업중 정지 [d:27][t:00:26:58]
[I](2022-11-08  11:28:13 am)    [LNo:0007] 000030/000068
[A](2022-11-08  11:28:13 am)[008] 작업중 단선(AWF Feed Motor Stop )
[I](2022-11-08  11:28:13 am)작업중 Wire 단선 [d:27][t:00:26:58]
[I](2022-11-08  11:29:24 am)작업 재시작
[I](2022-11-08  12:02:58 pm)작업중 정지 [d:60][t:01:01:43]
[I](2022-11-08  12:02:58 pm)    [LNo:0007] 000035/000068
[A](2022-11-08  12:03:15 pm)[053] Emergency Stop
[A](2022-11-08  12:03:15 pm)[005] READY Off(Alarm)
[I](2022-11-08  12:03:15 pm)    X:     58.9297
[I](2022-11-08  12:03:15 pm)    Y:   -336.4366
[I](2022-11-08  12:03:15 pm)    U:      0.0096
[I](2022-11-08  12:03:15 pm)    V:      0.0200
[I](2022-11-08  12:03:15 pm)    Z:     65.8576
[A](2022-11-08  12:11:24 pm)[083] Oil Lack Alarm
[I](2022-11-08  12:11:24 pm)Ready On
[I](2022-11-08  12:12:18 pm)작업 재시작
[I](2022-11-08  12:12:18 pm)작업중 정지 [d:60][t:01:11:03]
[I](2022-11-08  12:12:18 pm)    [LNo:0007] 000035/000068
[A](2022-11-08  12:12:18 pm)[008] 작업중 단선(AWF Feed Motor Stop )
[I](2022-11-08  12:12:18 pm)작업중 Wire 단선 [d:60][t:01:11:03]
[I](2022-11-08  12:13:01 pm)작업 재시작
[I](2022-11-08  12:17:24 pm)작업중 정지 [d:65][t:01:16:09]
[I](2022-11-08  12:17:24 pm)    [LNo:0007] 000038/000068
[I](2022-11-08  12:17:24 pm)작업중 M코드정지 [d:65][t:01:16:09]
[I](2022-11-08  12:29:31 pm)작업중 정지 [d:71][t:01:28:16]
[I](2022-11-08  12:29:31 pm)    [LNo:0007] 000060/000068
[I](2022-11-08  12:29:31 pm)작업중 M코드정지 [d:71][t:01:28:16]
[I](2022-11-08  12:32:50 pm)Reset
[I](2022-11-08  12:34:31 pm)Reset
[I](2022-11-08  12:34:31 pm)Reset
[I](2022-11-08  12:35:01 pm)Reset
[I](2022-11-08  12:35:01 pm)Reset
[I](2022-11-08  12:36:05 pm)Reset
[I](2022-11-08  12:36:05 pm)Reset
[I](2022-11-08  12:38:01 pm)Reset
[I](2022-11-08  12:38:01 pm)Reset
[I](2022-11-08  12:38:50 pm)Reset
[I](2022-11-08  12:38:50 pm)Reset
[I](2022-11-08  12:40:01 pm)Reset
[I](2022-11-08  12:41:04 pm)Reset
[I](2022-11-08  12:41:15 pm)Reset
[I](2022-11-08  12:41:31 pm)Reset
[I](2022-11-08  12:41:31 pm)Reset
[I](2022-11-08  12:42:23 pm)작업 시작 [Start d:71]
[I](2022-11-08  12:42:23 pm)Nc File: [No.0007-404.NC]
[I](2022-11-08  12:42:23 pm)  * Start Machine Position
[I](2022-11-08  12:42:23 pm)    X:     61.1996
[I](2022-11-08  12:42:23 pm)    Y:   -355.2097
[I](2022-11-08  12:42:23 pm)    U:     -0.0008
[I](2022-11-08  12:42:23 pm)    V:      0.0519
[I](2022-11-08  12:42:23 pm)    Z:     67.5471
[I](2022-11-08  12:42:23 pm)  * Angle
[I](2022-11-08  12:42:23 pm)    Ar:      0.9164,Kr:      0.0000
[I](2022-11-08  12:42:23 pm)    Taper_Ar:      0.0000
[I](2022-11-08  12:42:26 pm)작업중 정지 [d:0][t:00:00:03]
[I](2022-11-08  12:42:26 pm)    [LNo:0007] 000010/000068
[I](2022-11-08  12:42:26 pm)작업중 M코드정지 [d:0][t:00:00:03]
[I](2022-11-08  01:11:59 pm)작업중 정지 [d:29][t:00:29:35]
[I](2022-11-08  01:11:59 pm)    [LNo:0007] 000030/000068
[A](2022-11-08  01:11:59 pm)[008] 작업중 단선(AWF Feed Motor Stop )
[I](2022-11-08  01:11:59 pm)작업중 Wire 단선 [d:29][t:00:29:35]
[I](2022-11-08  01:13:08 pm)작업 재시작
[I](2022-11-08  01:53:20 pm)작업중 정지 [d:70][t:01:10:57]
[I](2022-11-08  01:53:20 pm)    [LNo:0007] 000036/000068
[I](2022-11-08  01:53:52 pm)작업 재시작
[I](2022-11-08  01:54:05 pm)작업중 정지 [d:70][t:01:11:41]
[I](2022-11-08  01:54:05 pm)    [LNo:0007] 000037/000068
[I](2022-11-08  01:54:26 pm)작업 재시작
[I](2022-11-08  01:54:32 pm)작업중 정지 [d:70][t:01:12:08]
[I](2022-11-08  01:54:32 pm)    [LNo:0007] 000038/000068
[I](2022-11-08  01:54:32 pm)작업중 M코드정지 [d:70][t:01:12:08]
[I](2022-11-08  01:59:59 pm)작업중 정지 [d:75][t:01:17:36]
[I](2022-11-08  01:59:59 pm)    [LNo:0007] 000061/000068
[I](2022-11-08  01:59:59 pm)작업중 M코드정지 [d:75][t:01:17:36]
[A](2022-11-08  02:01:27 pm)[084] Work Tank Fluid Sensor Abnormal
[A](2022-11-08  02:01:27 pm)[084] Work Tank Fluid Sensor Abnormal
[A](2022-11-08  02:01:42 pm)[084] Work Tank Fluid Sensor Abnormal
[I](2022-11-08  02:02:52 pm)Reset
[I](2022-11-08  02:05:14 pm)Reset
[I](2022-11-08  02:05:19 pm)Reset
[I](2022-11-08  02:06:22 pm)Reset
[I](2022-11-08  02:06:40 pm)Reset
[I](2022-11-08  02:07:36 pm)Reset
[I](2022-11-08  02:07:49 pm)Reset
[I](2022-11-08  02:08:47 pm)작업 시작 [Start d:0]
[I](2022-11-08  02:08:47 pm)Nc File: [No.0007-404.NC]
[I](2022-11-08  02:08:47 pm)  * Start Machine Position
[I](2022-11-08  02:08:47 pm)    X:     61.0848
[I](2022-11-08  02:08:47 pm)    Y:   -355.1106
[I](2022-11-08  02:08:47 pm)    U:     -0.2207
[I](2022-11-08  02:08:47 pm)    V:      0.0461
[I](2022-11-08  02:08:47 pm)    Z:     67.5471
[I](2022-11-08  02:08:47 pm)  * Angle
[I](2022-11-08  02:08:47 pm)    Ar:      0.9973,Kr:      0.0000
[I](2022-11-08  02:08:47 pm)    Taper_Ar:      0.0000
[I](2022-11-08  02:08:50 pm)작업중 정지 [d:0][t:00:00:03]
[I](2022-11-08  02:08:50 pm)    [LNo:0007] 000010/000068
[I](2022-11-08  02:08:50 pm)작업중 M코드정지 [d:0][t:00:00:03]
[I](2022-11-08  02:35:37 pm)작업중 정지 [d:27][t:00:26:50]
[I](2022-11-08  02:35:37 pm)    [LNo:0007] 000030/000068
[A](2022-11-08  02:35:37 pm)[008] 작업중 단선(AWF Feed Motor Stop )
[I](2022-11-08  02:35:37 pm)작업중 Wire 단선 [d:27][t:00:26:50]
[I](2022-11-08  02:36:46 pm)작업 재시작
[I](2022-11-08  03:10:09 pm)작업중 정지 [d:60][t:01:01:22]
[I](2022-11-08  03:10:09 pm)    [LNo:0007] 000037/000068
[I](2022-11-08  03:10:32 pm)작업 재시작
[I](2022-11-08  03:10:38 pm)작업중 정지 [d:60][t:01:01:51]
[I](2022-11-08  03:10:38 pm)    [LNo:0007] 000038/000068
[I](2022-11-08  03:10:38 pm)작업중 M코드정지 [d:60][t:01:01:51]
[I](2022-11-08  03:16:12 pm)작업중 정지 [d:66][t:01:07:25]
[I](2022-11-08  03:16:12 pm)    [LNo:0007] 000061/000068
[I](2022-11-08  03:16:12 pm)작업중 M코드정지 [d:66][t:01:07:25]
[A](2022-11-08  03:16:46 pm)[084] Work Tank Fluid Sensor Abnormal
[A](2022-11-08  03:16:46 pm)[084] Work Tank Fluid Sensor Abnormal
[A](2022-11-08  03:16:46 pm)[084] Work Tank Fluid Sensor Abnormal
[A](2022-11-08  03:16:46 pm)[084] Work Tank Fluid Sensor Abnormal
[A](2022-11-08  03:16:46 pm)[084] Work Tank Fluid Sensor Abnormal
[I](2022-11-08  03:17:35 pm)Reset
[I](2022-11-08  03:19:15 pm)Reset
[I](2022-11-08  03:19:19 pm)Reset
[I](2022-11-08  03:20:24 pm)Reset
[I](2022-11-08  03:20:45 pm)Reset
[I](2022-11-08  03:20:56 pm)Reset
[I](2022-11-08  03:21:30 pm)Reset
[I](2022-11-08  03:21:43 pm)Reset
[I](2022-11-08  03:21:54 pm)Reset
[I](2022-11-08  03:22:39 pm)작업 시작 [Start d:66]
[I](2022-11-08  03:22:39 pm)Nc File: [No.0007-404.NC]
[I](2022-11-08  03:22:39 pm)  * Start Machine Position
[I](2022-11-08  03:22:39 pm)    X:     60.0300
[I](2022-11-08  03:22:39 pm)    Y:   -355.1501
[I](2022-11-08  03:22:39 pm)    U:      0.0552
[I](2022-11-08  03:22:39 pm)    V:      0.0408
[I](2022-11-08  03:22:39 pm)    Z:     67.5471
[I](2022-11-08  03:22:39 pm)  * Angle
[I](2022-11-08  03:22:39 pm)    Ar:      1.0085,Kr:      0.0000
[I](2022-11-08  03:22:39 pm)    Taper_Ar:      0.0000
[I](2022-11-08  03:22:42 pm)작업중 정지 [d:0][t:00:00:03]
[I](2022-11-08  03:22:42 pm)    [LNo:0007] 000010/000068
[I](2022-11-08  03:22:42 pm)작업중 M코드정지 [d:0][t:00:00:03]
[I](2022-11-08  03:49:44 pm)작업중 정지 [d:27][t:00:27:04]
[I](2022-11-08  03:49:44 pm)    [LNo:0007] 000031/000068
[A](2022-11-08  03:49:44 pm)[008] 작업중 단선(AWF Feed Motor Stop )
[I](2022-11-08  03:49:44 pm)작업중 Wire 단선 [d:27][t:00:27:04]
[I](2022-11-08  03:50:53 pm)작업 재시작
[I](2022-11-08  04:22:59 pm)작업중 정지 [d:59][t:01:00:20]
[I](2022-11-08  04:22:59 pm)    [LNo:0007] 000036/000068
[I](2022-11-08  04:23:29 pm)작업 재시작
[I](2022-11-08  04:23:35 pm)작업중 정지 [d:59][t:01:00:56]
[I](2022-11-08  04:23:35 pm)    [LNo:0007] 000038/000068
[I](2022-11-08  04:23:35 pm)작업중 M코드정지 [d:59][t:01:00:56]
[I](2022-11-08  04:29:11 pm)작업중 정지 [d:65][t:01:06:32]
[I](2022-11-08  04:29:11 pm)    [LNo:0007] 000061/000068
[I](2022-11-08  04:29:11 pm)작업중 M코드정지 [d:65][t:01:06:32]
[A](2022-11-08  04:30:27 pm)[084] Work Tank Fluid Sensor Abnormal
[A](2022-11-08  04:30:27 pm)[084] Work Tank Fluid Sensor Abnormal
[A](2022-11-08  04:30:27 pm)[084] Work Tank Fluid Sensor Abnormal
[A](2022-11-08  04:30:27 pm)[084] Work Tank Fluid Sensor Abnormal
[A](2022-11-08  04:30:28 pm)[084] Work Tank Fluid Sensor Abnormal
[A](2022-11-08  04:30:28 pm)[084] Work Tank Fluid Sensor Abnormal
[A](2022-11-08  04:30:28 pm)[084] Work Tank Fluid Sensor Abnormal
[A](2022-11-08  04:30:28 pm)[084] Work Tank Fluid Sensor Abnormal
[A](2022-11-08  04:30:28 pm)[084] Work Tank Fluid Sensor Abnormal
[A](2022-11-08  04:30:29 pm)[084] Work Tank Fluid Sensor Abnormal
[A](2022-11-08  04:30:29 pm)[084] Work Tank Fluid Sensor Abnormal
[A](2022-11-08  04:30:29 pm)[084] Work Tank Fluid Sensor Abnormal
[A](2022-11-08  04:30:29 pm)[084] Work Tank Fluid Sensor Abnormal
[A](2022-11-08  04:30:29 pm)[084] Work Tank Fluid Sensor Abnormal
[A](2022-11-08  04:30:31 pm)[084] Work Tank Fluid Sensor Abnormal
[A](2022-11-08  04:30:31 pm)[084] Work Tank Fluid Sensor Abnormal
[A](2022-11-08  04:30:31 pm)[084] Work Tank Fluid Sensor Abnormal
[A](2022-11-08  04:30:31 pm)[084] Work Tank Fluid Sensor Abnormal
[A](2022-11-08  04:30:32 pm)[084] Work Tank Fluid Sensor Abnormal
[A](2022-11-08  04:30:32 pm)[084] Work Tank Fluid Sensor Abnormal
[A](2022-11-08  04:30:32 pm)[084] Work Tank Fluid Sensor Abnormal
[I](2022-11-08  04:32:29 pm)Reset
[I](2022-11-08  04:32:40 pm)Reset
[I](2022-11-08  04:32:40 pm)Reset
[I](2022-11-08  04:32:53 pm)Reset
[I](2022-11-08  04:32:57 pm)Reset
[I](2022-11-08  04:34:13 pm)Reset
[I](2022-11-08  04:34:17 pm)Reset
[I](2022-11-08  04:34:37 pm)Reset
[I](2022-11-08  04:34:46 pm)Reset
[I](2022-11-08  04:35:10 pm)Reset
[I](2022-11-08  04:35:25 pm)Reset
[I](2022-11-08  04:35:51 pm)작업 시작 [Start d:131]
[I](2022-11-08  04:35:51 pm)Nc File: [No.0007-404.NC]
[I](2022-11-08  04:35:51 pm)  * Start Machine Position
[I](2022-11-08  04:35:51 pm)    X:     64.4280
[I](2022-11-08  04:35:51 pm)    Y:   -355.0171
[I](2022-11-08  04:35:51 pm)    U:      0.0994
[I](2022-11-08  04:35:51 pm)    V:      0.0316
[I](2022-11-08  04:35:51 pm)    Z:     67.5471
[I](2022-11-08  04:35:51 pm)  * Angle
[I](2022-11-08  04:35:51 pm)    Ar:      1.0205,Kr:      0.0000
[I](2022-11-08  04:35:51 pm)    Taper_Ar:      0.0000
[I](2022-11-08  04:35:54 pm)작업중 정지 [d:0][t:00:00:03]
[I](2022-11-08  04:35:54 pm)    [LNo:0007] 000010/000068
[I](2022-11-08  04:35:54 pm)작업중 M코드정지 [d:0][t:00:00:03]
[A](2022-11-08  04:36:35 pm)[001] 와이어 미동작
[I](2022-11-08  05:03:17 pm)작업중 정지 [d:27][t:00:27:26]
[I](2022-11-08  05:03:17 pm)    [LNo:0007] 000030/000068
[A](2022-11-08  05:03:17 pm)[008] 작업중 단선(AWF Feed Motor Stop )
[I](2022-11-08  05:03:17 pm)작업중 Wire 단선 [d:27][t:00:27:26]
[I](2022-11-08  05:04:26 pm)작업 재시작
[I](2022-11-08  05:37:21 pm)작업중 정지 [d:60][t:01:01:29]
[I](2022-11-08  05:37:21 pm)    [LNo:0007] 000036/000068
[I](2022-11-08  05:37:45 pm)작업 재시작
[I](2022-11-08  05:37:53 pm)작업중 정지 [d:60][t:01:02:02]
[I](2022-11-08  05:37:53 pm)    [LNo:0007] 000038/000068
[I](2022-11-08  05:37:53 pm)작업중 M코드정지 [d:60][t:01:02:02]
[I](2022-11-08  05:43:24 pm)작업중 정지 [d:66][t:01:07:33]
[I](2022-11-08  05:43:24 pm)    [LNo:0007] 000061/000068
[I](2022-11-08  05:43:24 pm)작업중 M코드정지 [d:66][t:01:07:33]
[A](2022-11-08  05:46:25 pm)[084] Work Tank Fluid Sensor Abnormal
[A](2022-11-08  05:46:25 pm)[084] Work Tank Fluid Sensor Abnormal
[A](2022-11-08  05:46:25 pm)[084] Work Tank Fluid Sensor Abnormal
[A](2022-11-08  05:46:25 pm)[084] Work Tank Fluid Sensor Abnormal
[A](2022-11-08  05:46:25 pm)[084] Work Tank Fluid Sensor Abnormal
[A](2022-11-08  05:46:25 pm)[084] Work Tank Fluid Sensor Abnormal
[A](2022-11-08  05:46:26 pm)[084] Work Tank Fluid Sensor Abnormal
[A](2022-11-08  05:46:26 pm)[084] Work Tank Fluid Sensor Abnormal
[A](2022-11-08  05:46:26 pm)[084] Work Tank Fluid Sensor Abnormal
[A](2022-11-08  05:46:26 pm)[084] Work Tank Fluid Sensor Abnormal
[A](2022-11-08  05:46:26 pm)[084] Work Tank Fluid Sensor Abnormal
[A](2022-11-08  05:46:26 pm)[084] Work Tank Fluid Sensor Abnormal
[A](2022-11-08  05:46:27 pm)[084] Work Tank Fluid Sensor Abnormal
[A](2022-11-08  05:46:27 pm)[084] Work Tank Fluid Sensor Abnormal
[A](2022-11-08  05:46:27 pm)[084] Work Tank Fluid Sensor Abnormal
[A](2022-11-08  05:46:27 pm)[084] Work Tank Fluid Sensor Abnormal
[A](2022-11-08  05:46:27 pm)[084] Work Tank Fluid Sensor Abnormal
[A](2022-11-08  05:46:28 pm)[084] Work Tank Fluid Sensor Abnormal
[A](2022-11-08  05:46:28 pm)[084] Work Tank Fluid Sensor Abnormal
[A](2022-11-08  05:46:28 pm)[084] Work Tank Fluid Sensor Abnormal
[A](2022-11-08  05:46:28 pm)[084] Work Tank Fluid Sensor Abnormal
[A](2022-11-08  05:46:28 pm)[084] Work Tank Fluid Sensor Abnormal
[A](2022-11-08  05:46:28 pm)[084] Work Tank Fluid Sensor Abnormal
[A](2022-11-08  05:46:29 pm)[084] Work Tank Fluid Sensor Abnormal
[A](2022-11-08  05:46:29 pm)[084] Work Tank Fluid Sensor Abnormal
[A](2022-11-08  05:46:29 pm)[084] Work Tank Fluid Sensor Abnormal
[A](2022-11-08  05:46:29 pm)[084] Work Tank Fluid Sensor Abnormal
[A](2022-11-08  05:46:29 pm)[084] Work Tank Fluid Sensor Abnormal
[A](2022-11-08  05:46:29 pm)[084] Work Tank Fluid Sensor Abnormal
[A](2022-11-08  05:46:30 pm)[084] Work Tank Fluid Sensor Abnormal
[A](2022-11-08  05:46:30 pm)[084] Work Tank Fluid Sensor Abnormal
[A](2022-11-08  05:46:30 pm)[084] Work Tank Fluid Sensor Abnormal
[A](2022-11-08  05:46:30 pm)[084] Work Tank Fluid Sensor Abnormal
[A](2022-11-08  05:46:30 pm)[084] Work Tank Fluid Sensor Abnormal
[A](2022-11-08  05:46:31 pm)[084] Work Tank Fluid Sensor Abnormal
[A](2022-11-08  05:46:31 pm)[084] Work Tank Fluid Sensor Abnormal
[A](2022-11-08  05:46:31 pm)[084] Work Tank Fluid Sensor Abnormal
[A](2022-11-08  05:46:31 pm)[084] Work Tank Fluid Sensor Abnormal
[A](2022-11-08  05:46:31 pm)[084] Work Tank Fluid Sensor Abnormal
[A](2022-11-08  05:46:31 pm)[084] Work Tank Fluid Sensor Abnormal
[A](2022-11-08  05:46:32 pm)[084] Work Tank Fluid Sensor Abnormal
[A](2022-11-08  05:46:32 pm)[084] Work Tank Fluid Sensor Abnormal
[A](2022-11-08  05:46:32 pm)[084] Work Tank Fluid Sensor Abnormal
[A](2022-11-08  05:46:32 pm)[084] Work Tank Fluid Sensor Abnormal
[A](2022-11-08  05:46:32 pm)[084] Work Tank Fluid Sensor Abnormal
[A](2022-11-08  05:46:32 pm)[084] Work Tank Fluid Sensor Abnormal
[I](2022-11-08  05:48:25 pm)Reset
[I](2022-11-08  05:48:49 pm)Reset
[I](2022-11-08  05:48:54 pm)Reset
[I](2022-11-08  05:50:44 pm)Reset
[A](2022-11-08  05:50:48 pm)[001] 와이어 미동작
[I](2022-11-08  05:51:11 pm)Reset
[I](2022-11-08  05:51:20 pm)Reset
[I](2022-11-08  05:51:50 pm)Reset
[I](2022-11-08  05:52:02 pm)Reset
[A](2022-11-08  05:53:24 pm)[001] 와이어 미동작
[I](2022-11-08  05:53:26 pm)작업 시작 [Start d:197]
[I](2022-11-08  05:53:26 pm)Nc File: [No.0007-404.NC]
[I](2022-11-08  05:53:26 pm)  * Start Machine Position
[I](2022-11-08  05:53:26 pm)    X:     64.7848
[I](2022-11-08  05:53:26 pm)    Y:   -355.1520
[I](2022-11-08  05:53:26 pm)    U:      0.0395
[I](2022-11-08  05:53:26 pm)    V:      0.0305
[I](2022-11-08  05:53:26 pm)    Z:     67.5471
[I](2022-11-08  05:53:26 pm)  * Angle
[I](2022-11-08  05:53:26 pm)    Ar:      0.8864,Kr:      0.0000
[I](2022-11-08  05:53:26 pm)    Taper_Ar:      0.0000
[I](2022-11-08  05:53:29 pm)작업중 정지 [d:0][t:00:00:03]
[I](2022-11-08  05:53:29 pm)    [LNo:0007] 000010/000068
[I](2022-11-08  05:53:29 pm)작업중 M코드정지 [d:0][t:00:00:03]
[I](2022-11-08  06:56:46 pm)작업중 정지 [d:63][t:01:03:19]
[I](2022-11-08  06:56:46 pm)    [LNo:0007] 000038/000068
[I](2022-11-08  06:56:46 pm)작업중 M코드정지 [d:63][t:01:03:19]
[I](2022-11-08  07:03:07 pm)작업중 정지 [d:68][t:01:09:40]
[I](2022-11-08  07:03:07 pm)    [LNo:0007] 000060/000068
[I](2022-11-08  07:03:07 pm)작업중 M코드정지 [d:68][t:01:09:40]
[I](2022-11-08  07:17:26 pm)Reset
[I](2022-11-08  07:17:35 pm)Reset
[I](2022-11-08  07:17:36 pm)Reset
[I](2022-11-08  07:22:17 pm)Reset
[I](2022-11-08  07:22:22 pm)Reset
[I](2022-11-08  07:22:23 pm)Reset
[I](2022-11-08  07:24:14 pm)Reset
[I](2022-11-08  07:24:18 pm)Reset
[I](2022-11-08  07:24:54 pm)Reset
[I](2022-11-08  07:27:28 pm)Reset
[I](2022-11-08  07:27:32 pm)Reset
[I](2022-11-08  07:27:33 pm)Reset
[I](2022-11-08  07:27:33 pm)Reset
[I](2022-11-08  07:28:10 pm)작업 시작 [Start d:265]
[I](2022-11-08  07:28:10 pm)Nc File: [No.0002-0.29  2 호기  FFX  WALL.NC *]
[I](2022-11-08  07:28:10 pm)  * Start Machine Position
[I](2022-11-08  07:28:10 pm)    X:    568.1772
[I](2022-11-08  07:28:10 pm)    Y:   -359.1517
[I](2022-11-08  07:28:10 pm)    U:      0.0000
[I](2022-11-08  07:28:10 pm)    V:      0.0000
[I](2022-11-08  07:28:10 pm)    Z:     44.5281
[I](2022-11-08  07:28:10 pm)  * Angle
[I](2022-11-08  07:28:10 pm)    Ar:     -0.3959,Kr:      0.0000
[I](2022-11-08  07:28:10 pm)    Taper_Ar:      0.0000
[I](2022-11-08  07:28:10 pm)작업중 정지 [d:0][t:00:00:00]
[I](2022-11-08  07:28:10 pm)    [LNo:0002] 000005/000825
[I](2022-11-08  07:28:21 pm)Reset
[I](2022-11-08  07:28:21 pm)Reset
[I](2022-11-08  07:28:33 pm)작업 시작 [Start d:265]
[I](2022-11-08  07:28:33 pm)Nc File: [No.0002-0.29  2 호기  FFX  WALL.NC *]
[I](2022-11-08  07:28:33 pm)  * Start Machine Position
[I](2022-11-08  07:28:33 pm)    X:    568.1772
[I](2022-11-08  07:28:33 pm)    Y:   -359.1517
[I](2022-11-08  07:28:33 pm)    U:      0.0000
[I](2022-11-08  07:28:33 pm)    V:      0.0000
[I](2022-11-08  07:28:33 pm)    Z:     44.5281
[I](2022-11-08  07:28:33 pm)  * Angle
[I](2022-11-08  07:28:33 pm)    Ar:     -0.3959,Kr:      0.0000
[I](2022-11-08  07:28:33 pm)    Taper_Ar:      0.0000
[I](2022-11-08  07:29:01 pm)작업중 정지 [d:0][t:00:00:28]
[I](2022-11-08  07:29:01 pm)    [LNo:0002] 000086/000825
[I](2022-11-08  07:29:37 pm)작업중 정지 [d:0][t:00:01:03]
[I](2022-11-08  07:29:37 pm)    [LNo:0002] 000091/000825
[I](2022-11-08  07:29:50 pm)작업중 정지 [d:0][t:00:01:17]
[I](2022-11-08  07:29:50 pm)    [LNo:0002] 000196/000825
[I](2022-11-08  07:30:46 pm)작업중 정지 [d:0][t:00:02:12]
[I](2022-11-08  07:30:46 pm)    [LNo:0002] 000199/000825
[I](2022-11-08  07:30:46 pm)작업중 정지 [d:0][t:00:02:13]
[I](2022-11-08  07:30:46 pm)    [LNo:0002] 000199/000825
[I](2022-11-08  07:31:06 pm)작업중 정지 [d:0][t:00:02:32]
[I](2022-11-08  07:31:06 pm)    [LNo:0002] 000358/000825
[I](2022-11-08  07:32:10 pm)작업중 정지 [d:0][t:00:03:36]
[I](2022-11-08  07:32:10 pm)    [LNo:0002] 000361/000825
[I](2022-11-08  07:32:13 pm)작업중 정지 [d:0][t:00:03:39]
[I](2022-11-08  07:32:13 pm)    [LNo:0002] 000361/000825
[I](2022-11-08  07:32:31 pm)작업중 정지 [d:0][t:00:03:58]
[I](2022-11-08  07:32:31 pm)    [LNo:0002] 000439/000825
[I](2022-11-08  07:33:56 pm)Reset
[I](2022-11-08  07:34:19 pm)Reset
[I](2022-11-08  07:34:20 pm)Reset
[I](2022-11-08  07:34:32 pm)작업 시작 [Start d:265]
[I](2022-11-08  07:34:32 pm)Nc File: [No.0002-0.29  2 호기  FFX  WALL.NC *]
[I](2022-11-08  07:34:32 pm)  * Start Machine Position
[I](2022-11-08  07:34:32 pm)    X:    568.1772
[I](2022-11-08  07:34:32 pm)    Y:   -359.1517
[I](2022-11-08  07:34:32 pm)    U:      0.0000
[I](2022-11-08  07:34:32 pm)    V:      0.0000
[I](2022-11-08  07:34:32 pm)    Z:     44.5281
[I](2022-11-08  07:34:32 pm)  * Angle
[I](2022-11-08  07:34:32 pm)    Ar:     -0.3959,Kr:      0.0000
[I](2022-11-08  07:34:32 pm)    Taper_Ar:      0.0000
[I](2022-11-08  07:54:58 pm)작업중 정지 [d:19][t:00:20:25]
[I](2022-11-08  07:54:58 pm)    [LNo:0002] 000042/000825
[A](2022-11-08  07:54:58 pm)[008] 작업중 단선(AWF Feed Motor Stop )
[I](2022-11-08  07:54:58 pm)작업중 Wire 단선 [d:19][t:00:20:26]
[I](2022-11-08  07:56:07 pm)작업 재시작
[I](2022-11-08  08:37:19 pm)작업중 정지 [d:59][t:01:02:46]
[I](2022-11-08  08:37:19 pm)    [LNo:0002] 000096/000825
[A](2022-11-08  08:37:19 pm)[008] 작업중 단선(AWF Feed Motor Stop )
[I](2022-11-08  08:37:19 pm)작업중 Wire 단선 [d:59][t:01:02:46]
[I](2022-11-08  08:38:28 pm)작업 재시작
[I](2022-11-08  09:00:39 pm)작업중 정지 [d:80][t:01:26:07]
[I](2022-11-08  09:00:39 pm)    [LNo:0002] 000123/000825
[A](2022-11-08  09:00:40 pm)[008] 작업중 단선(AWF Feed Motor Stop )
[I](2022-11-08  09:00:40 pm)작업중 Wire 단선 [d:80][t:01:26:07]
[I](2022-11-08  09:02:09 pm)작업 재시작
[I](2022-11-08  09:23:44 pm)작업중 정지 [d:101][t:01:49:11]
[I](2022-11-08  09:23:44 pm)    [LNo:0002] 000150/000825
[A](2022-11-08  09:23:44 pm)[008] 작업중 단선(AWF Feed Motor Stop )
[I](2022-11-08  09:23:44 pm)작업중 Wire 단선 [d:101][t:01:49:11]
[I](2022-11-08  09:25:03 pm)작업 재시작
[I](2022-11-08  09:47:03 pm)작업중 정지 [d:122][t:02:12:31]
[I](2022-11-08  09:47:03 pm)    [LNo:0002] 000177/000825
[A](2022-11-08  09:47:03 pm)[008] 작업중 단선(AWF Feed Motor Stop )
[I](2022-11-08  09:47:03 pm)작업중 Wire 단선 [d:122][t:02:12:31]
[I](2022-11-08  09:48:13 pm)작업 재시작
[I](2022-11-08  10:54:00 pm)작업중 정지 [d:184][t:03:19:27]
[I](2022-11-08  10:54:00 pm)    [LNo:0002] 000258/000825
[A](2022-11-08  10:54:00 pm)[008] 작업중 단선(AWF Feed Motor Stop )
[I](2022-11-08  10:54:00 pm)작업중 Wire 단선 [d:184][t:03:19:27]
[I](2022-11-08  10:55:11 pm)작업 재시작
[I](2022-11-08  11:17:22 pm)작업중 정지 [d:205][t:03:42:50]
[I](2022-11-08  11:17:22 pm)    [LNo:0002] 000285/000825
[A](2022-11-08  11:17:22 pm)[008] 작업중 단선(AWF Feed Motor Stop )
[I](2022-11-08  11:17:22 pm)작업중 Wire 단선 [d:205][t:03:42:50]
[I](2022-11-08  11:18:32 pm)작업 재시작
