[I](2022-12-20  08:26:33 am)작업 재시작
[A](2022-12-20  08:29:25 am)[059] 가공조 Water Full 센서 동작 이상 - 점검(청소)요망
[I](2022-12-20  08:52:46 am)작업중 정지 [d:177][t:13:15:32]
[I](2022-12-20  08:52:46 am)    [LNo:0002] 000221/000975
[I](2022-12-20  08:52:47 am)작업중 M코드정지 [d:177][t:13:15:33]
[I](2022-12-20  08:53:24 am)작업중 정지 [d:177][t:13:16:10]
[I](2022-12-20  08:53:24 am)    [LNo:0002] 000226/000975
[I](2022-12-20  08:53:26 am)작업 재시작
[I](2022-12-20  08:53:34 am)작업중 정지 [d:177][t:13:16:20]
[I](2022-12-20  08:53:34 am)    [LNo:0002] 000227/000975
[I](2022-12-20  08:53:35 am)작업중 정지 [d:177][t:13:16:21]
[I](2022-12-20  08:53:35 am)    [LNo:0002] 000231/000975
[I](2022-12-20  08:54:02 am)작업중 정지 [d:177][t:13:16:48]
[I](2022-12-20  08:54:02 am)    [LNo:0002] 000386/000975
[I](2022-12-20  08:56:35 am)작업중 정지 [d:179][t:13:19:21]
[I](2022-12-20  08:56:35 am)    [LNo:0002] 000397/000975
[I](2022-12-20  08:56:35 am)작업중 M코드정지 [d:179][t:13:19:21]
[I](2022-12-20  08:56:55 am)작업중 정지 [d:179][t:13:19:41]
[I](2022-12-20  08:56:55 am)    [LNo:0002] 000398/000975
[I](2022-12-20  08:57:35 am)작업 재시작
[I](2022-12-20  08:57:37 am)작업중 정지 [d:179][t:13:20:23]
[I](2022-12-20  08:57:37 am)    [LNo:0002] 000398/000975
[I](2022-12-20  08:57:37 am)Wire Contact Auto Stop(M52)
[I](2022-12-20  08:58:10 am)작업 재시작
[I](2022-12-20  09:00:55 am)작업중 정지 [d:181][t:13:23:40]
[I](2022-12-20  09:00:55 am)    [LNo:0002] 000418/000975
[I](2022-12-20  09:00:55 am)작업중 M코드정지 [d:181][t:13:23:41]
[I](2022-12-20  09:05:07 am)작업중 정지 [d:181][t:13:27:53]
[I](2022-12-20  09:05:07 am)    [LNo:0002] 000419/000975
[I](2022-12-20  09:09:56 am)작업 재시작
[I](2022-12-20  09:12:38 am)작업중 정지 [d:183][t:13:35:24]
[I](2022-12-20  09:12:38 am)    [LNo:0002] 000439/000975
[I](2022-12-20  09:12:38 am)작업중 M코드정지 [d:183][t:13:35:24]
[I](2022-12-20  09:13:12 am)작업중 정지 [d:184][t:13:35:58]
[I](2022-12-20  09:13:12 am)    [LNo:0002] 000440/000975
[I](2022-12-20  09:13:12 am)Wire Contact Auto Stop(M52)
[I](2022-12-20  09:13:31 am)작업 재시작
[I](2022-12-20  09:13:34 am)작업중 정지 [d:184][t:13:36:20]
[I](2022-12-20  09:13:34 am)    [LNo:0002] 000442/000975
[A](2022-12-20  09:13:56 am)[033] 자동결선 회수 롤러 WIRE CONTACT!!
[I](2022-12-20  09:14:42 am)작업 재시작
[I](2022-12-20  09:14:44 am)작업중 정지 [d:184][t:13:37:30]
[I](2022-12-20  09:14:44 am)    [LNo:0002] 000443/000975
[I](2022-12-20  09:14:45 am)작업중 정지 [d:184][t:13:37:31]
[I](2022-12-20  09:14:45 am)    [LNo:0002] 000443/000975
[A](2022-12-20  09:14:45 am)[010] 자동결선 Error(M21-절단실패)
[I](2022-12-20  09:16:58 am)작업중 정지 [d:185][t:13:39:44]
[I](2022-12-20  09:16:58 am)    [LNo:0002] 000460/000975
[I](2022-12-20  09:16:58 am)작업중 M코드정지 [d:185][t:13:39:44]
[I](2022-12-20  09:17:15 am)작업중 정지 [d:186][t:13:40:01]
[I](2022-12-20  09:17:15 am)    [LNo:0002] 000461/000975
[I](2022-12-20  09:17:49 am)작업 재시작
[I](2022-12-20  09:20:44 am)작업중 정지 [d:187][t:13:43:30]
[I](2022-12-20  09:20:44 am)    [LNo:0002] 000481/000975
[I](2022-12-20  09:20:44 am)작업중 M코드정지 [d:187][t:13:43:30]
[I](2022-12-20  09:21:01 am)작업중 정지 [d:187][t:13:43:47]
[I](2022-12-20  09:21:01 am)    [LNo:0002] 000482/000975
[I](2022-12-20  09:21:01 am)Wire Contact Auto Stop(M52)
[I](2022-12-20  09:21:25 am)작업 재시작
[I](2022-12-20  09:24:11 am)작업중 정지 [d:188][t:13:46:57]
[I](2022-12-20  09:24:11 am)    [LNo:0002] 000502/000975
[I](2022-12-20  09:24:11 am)작업중 M코드정지 [d:188][t:13:46:57]
[I](2022-12-20  09:34:56 am)작업중 정지 [d:188][t:13:57:42]
[I](2022-12-20  09:34:56 am)    [LNo:0002] 000503/000975
[I](2022-12-20  09:34:56 am)Wire Contact Auto Stop(M52)
[I](2022-12-20  09:35:23 am)작업 재시작
[I](2022-12-20  09:38:10 am)작업중 정지 [d:189][t:14:00:56]
[I](2022-12-20  09:38:10 am)    [LNo:0002] 000523/000975
[I](2022-12-20  09:38:10 am)작업중 M코드정지 [d:189][t:14:00:56]
[I](2022-12-20  09:38:58 am)작업중 정지 [d:189][t:14:01:44]
[I](2022-12-20  09:38:58 am)    [LNo:0002] 000524/000975
[I](2022-12-20  09:38:58 am)Wire Contact Auto Stop(M52)
[I](2022-12-20  09:39:23 am)작업 재시작
[I](2022-12-20  09:39:29 am)작업중 정지 [d:189][t:14:02:15]
[I](2022-12-20  09:39:29 am)    [LNo:0002] 000527/000975
[I](2022-12-20  09:40:02 am)작업중 정지 [d:189][t:14:02:48]
[I](2022-12-20  09:40:02 am)    [LNo:0002] 000530/000975
[I](2022-12-20  09:40:03 am)작업 재시작
[I](2022-12-20  09:40:11 am)작업중 정지 [d:189][t:14:02:57]
[I](2022-12-20  09:40:11 am)    [LNo:0002] 000531/000975
[I](2022-12-20  09:40:12 am)작업중 정지 [d:189][t:14:02:58]
[I](2022-12-20  09:40:12 am)    [LNo:0002] 000536/000975
[I](2022-12-20  09:40:42 am)작업중 정지 [d:189][t:14:03:28]
[I](2022-12-20  09:40:42 am)    [LNo:0002] 000637/000975
[I](2022-12-20  10:51:19 am)작업중 정지 [d:251][t:15:14:05]
[I](2022-12-20  10:51:19 am)    [LNo:0002] 000828/000975
[I](2022-12-20  10:51:19 am)작업중 M코드정지 [d:251][t:15:14:05]
[I](2022-12-20  10:54:58 am)Reset
[I](2022-12-20  10:55:05 am)Reset
[I](2022-12-20  10:55:46 am)Reset
[I](2022-12-20  10:57:10 am)Reset
[I](2022-12-20  10:59:38 am)Reset
[I](2022-12-20  10:59:46 am)Reset
[I](2022-12-20  11:06:22 am)Reset
[I](2022-12-20  11:06:28 am)Reset
[I](2022-12-20  11:07:18 am)Reset
[I](2022-12-20  11:08:50 am)Reset
[I](2022-12-20  11:08:51 am)Reset
[I](2022-12-20  11:14:56 am)Reset
[I](2022-12-20  11:15:23 am)Reset
[I](2022-12-20  11:16:05 am)Reset
[I](2022-12-20  11:16:28 am)Reset
[I](2022-12-20  11:16:28 am)Reset
[I](2022-12-20  11:16:50 am)Reset
[I](2022-12-20  11:16:50 am)Reset
[I](2022-12-20  11:17:22 am)Reset
[I](2022-12-20  11:17:59 am)Reset
[I](2022-12-20  11:18:07 am)Reset
[I](2022-12-20  11:18:07 am)Reset
[I](2022-12-20  11:19:50 am)작업 시작 [Start d:351]
[I](2022-12-20  11:19:50 am)Nc File: [No.0001-682.NC]
[I](2022-12-20  11:19:50 am)  * Start Machine Position
[I](2022-12-20  11:19:50 am)    X:    396.1548
[I](2022-12-20  11:19:50 am)    Y:   -375.4603
[I](2022-12-20  11:19:50 am)    U:     -0.0011
[I](2022-12-20  11:19:50 am)    V:      0.1269
[I](2022-12-20  11:19:50 am)    Z:     90.3244
[I](2022-12-20  11:19:50 am)  * Angle
[I](2022-12-20  11:19:50 am)    Ar:      0.5200,Kr:      0.0000
[I](2022-12-20  11:19:50 am)    Taper_Ar:      0.0000
[I](2022-12-20  11:19:54 am)작업중 정지 [d:0][t:00:00:03]
[I](2022-12-20  11:19:54 am)    [LNo:0001] 000010/000144
[I](2022-12-20  11:19:54 am)작업중 M코드정지 [d:0][t:00:00:03]
[I](2022-12-20  11:20:39 am)작업중 정지 [d:0][t:00:00:49]
[I](2022-12-20  11:20:39 am)    [LNo:0001] 000021/000144
[I](2022-12-20  11:20:39 am)작업중 30sec 접촉 정지 [d:0][t:00:00:49]
[A](2022-12-20  11:23:45 am)[002] 가공액 미동작
[I](2022-12-20  11:24:48 am)작업 재시작
[I](2022-12-20  11:24:49 am)작업중 정지 [d:0][t:00:04:58]
[I](2022-12-20  11:24:49 am)    [LNo:0001] 000021/000144
[I](2022-12-20  11:27:59 am)작업중 정지 [d:0][t:00:08:08]
[I](2022-12-20  11:27:59 am)    [LNo:0001] 000009/000144
[A](2022-12-20  11:29:52 am)[091] Auto Door Sensor Abnormal
[A](2022-12-20  11:29:53 am)[091] Auto Door Sensor Abnormal
[A](2022-12-20  11:29:53 am)[091] Auto Door Sensor Abnormal
[A](2022-12-20  11:29:54 am)[091] Auto Door Sensor Abnormal
[A](2022-12-20  11:29:56 am)[091] Auto Door Sensor Abnormal
[A](2022-12-20  11:29:57 am)[091] Auto Door Sensor Abnormal
[A](2022-12-20  11:29:57 am)[091] Auto Door Sensor Abnormal
[A](2022-12-20  11:32:10 am)[091] Auto Door Sensor Abnormal
[A](2022-12-20  11:32:10 am)[091] Auto Door Sensor Abnormal
[A](2022-12-20  11:32:11 am)[091] Auto Door Sensor Abnormal
[A](2022-12-20  11:32:11 am)[091] Auto Door Sensor Abnormal
[A](2022-12-20  11:32:12 am)[091] Auto Door Sensor Abnormal
[A](2022-12-20  11:32:12 am)[091] Auto Door Sensor Abnormal
[A](2022-12-20  11:32:12 am)[091] Auto Door Sensor Abnormal
[A](2022-12-20  11:32:13 am)[091] Auto Door Sensor Abnormal
[I](2022-12-20  11:58:02 am)작업중 정지 [d:23][t:00:38:11]
[I](2022-12-20  11:58:02 am)    [LNo:0001] 000036/000144
[I](2022-12-20  11:58:02 am)작업중 M코드정지 [d:23][t:00:38:11]
[I](2022-12-20  12:01:32 pm)작업중 정지 [d:24][t:00:41:42]
[I](2022-12-20  12:01:32 pm)    [LNo:0001] 000039/000144
[I](2022-12-20  12:01:32 pm)작업중 M코드정지 [d:24][t:00:41:42]
[I](2022-12-20  12:01:38 pm)작업중 정지 [d:24][t:00:41:47]
[I](2022-12-20  12:01:38 pm)    [LNo:0001] 000041/000144
[I](2022-12-20  12:02:26 pm)작업 재시작
[I](2022-12-20  12:44:17 pm)작업중 정지 [d:65][t:01:24:27]
[I](2022-12-20  12:44:17 pm)    [LNo:0001] 000101/000144
[I](2022-12-20  12:44:17 pm)작업중 M코드정지 [d:65][t:01:24:27]
[I](2022-12-20  12:46:00 pm)작업중 정지 [d:65][t:01:26:09]
[I](2022-12-20  12:46:00 pm)    [LNo:0001] 000104/000144
[I](2022-12-20  12:46:00 pm)작업중 M코드정지 [d:65][t:01:26:09]
[I](2022-12-20  01:07:24 pm)작업중 정지 [d:84][t:01:47:34]
[I](2022-12-20  01:07:24 pm)    [LNo:0001] 000140/000144
[I](2022-12-20  01:07:24 pm)작업중 M코드정지 [d:84][t:01:47:34]
[I](2022-12-20  01:09:17 pm)Reset
[I](2022-12-20  01:09:28 pm)Reset
[I](2022-12-20  01:09:29 pm)Reset
[I](2022-12-20  01:12:56 pm)Reset
[I](2022-12-20  01:12:57 pm)Reset
[I](2022-12-20  01:16:04 pm)Reset
[I](2022-12-20  01:19:17 pm)Reset
[I](2022-12-20  01:19:17 pm)Reset
[I](2022-12-20  01:22:08 pm)Reset
[I](2022-12-20  01:23:05 pm)Reset
[I](2022-12-20  01:23:36 pm)Reset
[I](2022-12-20  01:24:18 pm)Reset
[I](2022-12-20  01:24:41 pm)Reset
[I](2022-12-20  01:24:49 pm)Reset
[I](2022-12-20  01:25:47 pm)작업 시작 [Start d:435]
[I](2022-12-20  01:25:47 pm)Nc File: [No.0001-682.NC]
[I](2022-12-20  01:25:47 pm)  * Start Machine Position
[I](2022-12-20  01:25:47 pm)    X:    397.5024
[I](2022-12-20  01:25:47 pm)    Y:   -373.1425
[I](2022-12-20  01:25:47 pm)    U:     -0.0003
[I](2022-12-20  01:25:47 pm)    V:      0.0749
[I](2022-12-20  01:25:47 pm)    Z:     90.3244
[I](2022-12-20  01:25:47 pm)  * Angle
[I](2022-12-20  01:25:47 pm)    Ar:      0.2367,Kr:      0.0000
[I](2022-12-20  01:25:47 pm)    Taper_Ar:      0.0000
[I](2022-12-20  01:25:51 pm)작업중 정지 [d:0][t:00:00:03]
[I](2022-12-20  01:25:51 pm)    [LNo:0001] 000010/000144
[I](2022-12-20  01:25:51 pm)작업중 M코드정지 [d:0][t:00:00:04]
[I](2022-12-20  01:47:10 pm)작업중 정지 [d:20][t:00:21:22]
[I](2022-12-20  01:47:10 pm)    [LNo:0001] 000036/000144
[I](2022-12-20  01:47:10 pm)작업중 M코드정지 [d:20][t:00:21:22]
[I](2022-12-20  01:48:03 pm)작업중 정지 [d:20][t:00:22:16]
[I](2022-12-20  01:48:03 pm)    [LNo:0001] 000039/000144
[I](2022-12-20  01:48:03 pm)작업중 M코드정지 [d:20][t:00:22:16]
[I](2022-12-20  02:31:12 pm)작업중 정지 [d:60][t:01:05:24]
[I](2022-12-20  02:31:12 pm)    [LNo:0001] 000101/000144
[I](2022-12-20  02:31:12 pm)작업중 M코드정지 [d:60][t:01:05:24]
[I](2022-12-20  02:31:50 pm)작업중 정지 [d:60][t:01:06:03]
[I](2022-12-20  02:31:50 pm)    [LNo:0001] 000102/000144
[I](2022-12-20  02:31:56 pm)작업 재시작
[I](2022-12-20  02:31:58 pm)작업중 정지 [d:60][t:01:06:10]
[I](2022-12-20  02:31:58 pm)    [LNo:0001] 000102/000144
[A](2022-12-20  02:32:18 pm)[053] Emergency Stop
[A](2022-12-20  02:32:18 pm)[005] READY Off(Alarm)
[I](2022-12-20  02:32:18 pm)    X:    406.7023
[I](2022-12-20  02:32:18 pm)    Y:   -380.3788
[I](2022-12-20  02:32:18 pm)    U:     -0.0003
[I](2022-12-20  02:32:18 pm)    V:      0.0749
[I](2022-12-20  02:32:18 pm)    Z:    186.3243
[I](2022-12-20  02:32:23 pm)Ready On
[A](2022-12-20  02:32:28 pm)[084] Work Tank Fluid Sensor Abnormal
[A](2022-12-20  02:32:28 pm)[084] Work Tank Fluid Sensor Abnormal
[A](2022-12-20  02:32:28 pm)[084] Work Tank Fluid Sensor Abnormal
[A](2022-12-20  02:32:51 pm)[053] Emergency Stop
[A](2022-12-20  02:32:51 pm)[005] READY Off(Alarm)
[I](2022-12-20  02:32:51 pm)    X:    406.7023
[I](2022-12-20  02:32:51 pm)    Y:   -380.3788
[I](2022-12-20  02:32:51 pm)    U:     -0.0003
[I](2022-12-20  02:32:51 pm)    V:      0.0749
[I](2022-12-20  02:32:51 pm)    Z:    186.3243
[I](2022-12-20  02:33:02 pm)SPM Device Closed.
[I](2022-12-20  02:33:20 pm)SPM Device Open Succeeded.
[I](2022-12-20  02:33:20 pm)Initialization is completed.
[I](2022-12-20  02:33:24 pm)SPM Device Closed.
[I](2022-12-20  02:36:13 pm)SPM Device Open Succeeded.
[I](2022-12-20  02:36:13 pm)Initialization is completed.
[I](2022-12-20  02:36:17 pm)Ready On
[A](2022-12-20  02:40:34 pm)[091] Auto Door Sensor Abnormal
[A](2022-12-20  02:40:34 pm)[091] Auto Door Sensor Abnormal
[A](2022-12-20  02:40:35 pm)[091] Auto Door Sensor Abnormal
[A](2022-12-20  02:40:35 pm)[091] Auto Door Sensor Abnormal
[A](2022-12-20  02:40:35 pm)[091] Auto Door Sensor Abnormal
[A](2022-12-20  03:10:37 pm)[091] Auto Door Sensor Abnormal
[A](2022-12-20  03:10:38 pm)[091] Auto Door Sensor Abnormal
[A](2022-12-20  03:10:38 pm)[091] Auto Door Sensor Abnormal
[I](2022-12-20  03:13:16 pm)작업 재시작
[I](2022-12-20  03:13:30 pm)작업중 정지 [d:496][t:15:13:30]
[I](2022-12-20  03:13:30 pm)    [LNo:0001] 000102/000144
[I](2022-12-20  03:17:35 pm)작업 재시작
[I](2022-12-20  03:17:59 pm)작업중 정지 [d:496][t:15:17:59]
[I](2022-12-20  03:17:59 pm)    [LNo:0001] 000104/000144
[I](2022-12-20  03:17:59 pm)작업중 M코드정지 [d:496][t:15:17:59]
[I](2022-12-20  03:41:08 pm)작업중 정지 [d:519][t:15:41:08]
[I](2022-12-20  03:41:08 pm)    [LNo:0001] 000140/000144
[I](2022-12-20  03:41:08 pm)작업중 M코드정지 [d:519][t:15:41:08]
[I](2022-12-20  03:42:22 pm)Reset
[I](2022-12-20  03:42:23 pm)Reset
[I](2022-12-20  03:42:36 pm)Reset
[I](2022-12-20  03:51:22 pm)Reset
[I](2022-12-20  03:51:46 pm)Reset
[I](2022-12-20  03:52:34 pm)Reset
[I](2022-12-20  03:53:08 pm)Reset
[I](2022-12-20  03:53:47 pm)Reset
[I](2022-12-20  03:54:07 pm)Reset
[I](2022-12-20  03:54:38 pm)Reset
[I](2022-12-20  03:56:31 pm)Reset
[I](2022-12-20  03:56:32 pm)Reset
[I](2022-12-20  03:57:24 pm)작업 시작 [Start d:519]
[I](2022-12-20  03:57:24 pm)Nc File: [No.0001-682.NC]
[I](2022-12-20  03:57:24 pm)  * Start Machine Position
[I](2022-12-20  03:57:24 pm)    X:    398.1995
[I](2022-12-20  03:57:24 pm)    Y:   -372.3971
[I](2022-12-20  03:57:24 pm)    U:      0.0009
[I](2022-12-20  03:57:24 pm)    V:      0.0959
[I](2022-12-20  03:57:24 pm)    Z:     90.3244
[I](2022-12-20  03:57:24 pm)  * Angle
[I](2022-12-20  03:57:24 pm)    Ar:     -0.5948,Kr:      0.0000
[I](2022-12-20  03:57:24 pm)    Taper_Ar:      0.0000
[I](2022-12-20  03:57:28 pm)작업중 정지 [d:0][t:00:00:03]
[I](2022-12-20  03:57:28 pm)    [LNo:0001] 000010/000144
[I](2022-12-20  03:57:28 pm)작업중 M코드정지 [d:0][t:00:00:03]
[I](2022-12-20  04:17:09 pm)작업중 정지 [d:19][t:00:19:45]
[I](2022-12-20  04:17:09 pm)    [LNo:0001] 000036/000144
[I](2022-12-20  04:17:10 pm)작업중 M코드정지 [d:19][t:00:19:45]
[I](2022-12-20  04:18:36 pm)작업중 정지 [d:20][t:00:21:12]
[I](2022-12-20  04:18:36 pm)    [LNo:0001] 000037/000144
[I](2022-12-20  04:18:36 pm)작업중 30sec 접촉 정지 [d:20][t:00:21:12]
[I](2022-12-20  04:22:53 pm)작업 재시작
[I](2022-12-20  04:23:13 pm)작업중 정지 [d:20][t:00:25:49]
[I](2022-12-20  04:23:13 pm)    [LNo:0001] 000039/000144
[I](2022-12-20  04:23:13 pm)작업중 M코드정지 [d:20][t:00:25:49]
[I](2022-12-20  04:43:40 pm)작업중 정지 [d:39][t:00:46:16]
[I](2022-12-20  04:43:40 pm)    [LNo:0001] 000083/000144
[I](2022-12-20  04:43:40 pm)작업중 30sec 접촉 정지 [d:39][t:00:46:16]
[A](2022-12-20  04:43:56 pm)[008] 작업중 단선(AWF Feed Motor Stop )
[I](2022-12-20  04:43:56 pm)작업중 Wire 단선 [d:39][t:00:46:31]
[A](2022-12-20  04:44:00 pm)[001] 와이어 미동작
[I](2022-12-20  04:45:06 pm)작업 재시작
[I](2022-12-20  05:03:32 pm)작업중 정지 [d:58][t:01:06:07]
[I](2022-12-20  05:03:32 pm)    [LNo:0001] 000101/000144
[I](2022-12-20  05:03:32 pm)작업중 M코드정지 [d:58][t:01:06:07]
[I](2022-12-20  05:03:59 pm)작업중 정지 [d:58][t:01:06:35]
[I](2022-12-20  05:03:59 pm)    [LNo:0001] 000102/000144
[I](2022-12-20  05:03:59 pm)작업중 30sec 접촉 정지 [d:58][t:01:06:35]
[I](2022-12-20  05:04:12 pm)작업 재시작
[I](2022-12-20  05:04:12 pm)작업중 정지 [d:58][t:01:06:48]
[I](2022-12-20  05:04:12 pm)    [LNo:0001] 000102/000144
[A](2022-12-20  05:04:12 pm)[008] 작업중 단선(AWF Feed Motor Stop )
[I](2022-12-20  05:04:12 pm)작업중 Wire 단선 [d:58][t:01:06:48]
[I](2022-12-20  05:07:02 pm)작업중 정지 [d:58][t:01:09:37]
[I](2022-12-20  05:07:02 pm)    [LNo:0001] 000074/000144
[I](2022-12-20  05:08:54 pm)작업중 정지 [d:58][t:01:11:29]
[I](2022-12-20  05:08:54 pm)    [LNo:0001] 000083/000144
[I](2022-12-20  05:08:54 pm)작업중 30sec 접촉 정지 [d:58][t:01:11:30]
[I](2022-12-20  05:09:03 pm)작업 재시작
[I](2022-12-20  05:09:08 pm)작업중 정지 [d:58][t:01:11:44]
[I](2022-12-20  05:09:08 pm)    [LNo:0001] 000083/000144
[I](2022-12-20  05:09:08 pm)작업중 30sec 접촉 정지 [d:58][t:01:11:44]
[I](2022-12-20  05:10:14 pm)작업 재시작
[I](2022-12-20  05:10:19 pm)작업중 정지 [d:58][t:01:12:54]
[I](2022-12-20  05:10:19 pm)    [LNo:0001] 000083/000144
[I](2022-12-20  05:10:19 pm)작업중 30sec 접촉 정지 [d:58][t:01:12:54]
[A](2022-12-20  05:17:30 pm)[091] Auto Door Sensor Abnormal
[A](2022-12-20  05:17:31 pm)[091] Auto Door Sensor Abnormal
[I](2022-12-20  05:19:20 pm)작업 재시작
[I](2022-12-20  05:20:42 pm)작업중 정지 [d:60][t:01:23:17]
[I](2022-12-20  05:20:42 pm)    [LNo:0001] 000091/000144
[I](2022-12-20  05:21:58 pm)작업 재시작
[I](2022-12-20  05:22:08 pm)작업중 정지 [d:60][t:01:24:44]
[I](2022-12-20  05:22:08 pm)    [LNo:0001] 000091/000144
[I](2022-12-20  05:22:08 pm)작업중 30sec 접촉 정지 [d:60][t:01:24:44]
[I](2022-12-20  05:22:20 pm)작업 재시작
[I](2022-12-20  05:22:25 pm)작업중 정지 [d:61][t:01:25:00]
[I](2022-12-20  05:22:25 pm)    [LNo:0001] 000091/000144
[I](2022-12-20  05:22:25 pm)작업중 30sec 접촉 정지 [d:61][t:01:25:00]
[I](2022-12-20  05:22:36 pm)작업 재시작
[I](2022-12-20  05:22:41 pm)작업중 정지 [d:61][t:01:25:16]
[I](2022-12-20  05:22:41 pm)    [LNo:0001] 000091/000144
[I](2022-12-20  05:22:41 pm)작업중 30sec 접촉 정지 [d:61][t:01:25:16]
[I](2022-12-20  05:26:43 pm)작업중 정지 [d:61][t:01:29:18]
[I](2022-12-20  05:26:43 pm)    [LNo:0001] 000074/000144
[I](2022-12-20  05:29:52 pm)작업중 정지 [d:63][t:01:32:28]
[I](2022-12-20  05:29:52 pm)    [LNo:0001] 000094/000144
[I](2022-12-20  05:29:52 pm)작업중 30sec 접촉 정지 [d:63][t:01:32:28]
[I](2022-12-20  05:30:05 pm)작업 재시작
[I](2022-12-20  05:31:03 pm)작업중 정지 [d:64][t:01:33:38]
[I](2022-12-20  05:31:03 pm)    [LNo:0001] 000101/000144
[I](2022-12-20  05:31:03 pm)작업중 M코드정지 [d:64][t:01:33:38]
[I](2022-12-20  05:31:23 pm)작업중 정지 [d:65][t:01:33:59]
[I](2022-12-20  05:31:23 pm)    [LNo:0001] 000102/000144
[I](2022-12-20  05:31:23 pm)작업중 30sec 접촉 정지 [d:65][t:01:33:59]
[I](2022-12-20  05:33:39 pm)작업 재시작
[I](2022-12-20  05:33:49 pm)작업중 정지 [d:65][t:01:36:24]
[I](2022-12-20  05:33:49 pm)    [LNo:0001] 000104/000144
[I](2022-12-20  05:33:49 pm)작업중 M코드정지 [d:65][t:01:36:24]
[I](2022-12-20  05:50:15 pm)작업중 정지 [d:81][t:01:52:50]
[I](2022-12-20  05:50:15 pm)    [LNo:0001] 000140/000144
[I](2022-12-20  05:50:15 pm)작업중 M코드정지 [d:81][t:01:52:50]
[I](2022-12-20  05:54:30 pm)Reset
[I](2022-12-20  05:54:41 pm)Reset
[I](2022-12-20  06:07:10 pm)Reset
[I](2022-12-20  06:07:13 pm)Reset
[I](2022-12-20  06:23:48 pm)Reset
[I](2022-12-20  06:23:48 pm)Reset
[I](2022-12-20  06:23:49 pm)Reset
[I](2022-12-20  06:25:33 pm)Reset
[I](2022-12-20  06:25:33 pm)Reset
[I](2022-12-20  06:30:38 pm)Reset
[I](2022-12-20  06:37:23 pm)Reset
[I](2022-12-20  06:37:26 pm)Reset
[I](2022-12-20  06:38:53 pm)작업 시작 [Start d:0]
[I](2022-12-20  06:38:53 pm)Nc File: [No.0002-671.NC]
[I](2022-12-20  06:38:53 pm)  * Start Machine Position
[I](2022-12-20  06:38:53 pm)    X:     92.7212
[I](2022-12-20  06:38:53 pm)    Y:   -258.8536
[I](2022-12-20  06:38:53 pm)    U:      0.0000
[I](2022-12-20  06:38:53 pm)    V:      0.0000
[I](2022-12-20  06:38:53 pm)    Z:     34.1649
[I](2022-12-20  06:38:53 pm)  * Angle
[I](2022-12-20  06:38:53 pm)    Ar:      1.0588,Kr:      0.0000
[I](2022-12-20  06:38:53 pm)    Taper_Ar:      0.0000
[I](2022-12-20  06:39:01 pm)작업중 정지 [d:0][t:00:00:07]
[I](2022-12-20  06:39:01 pm)    [LNo:0002] 000009/000975
[I](2022-12-20  06:39:14 pm)Reset
[I](2022-12-20  06:39:14 pm)Reset
[I](2022-12-20  06:39:25 pm)작업 시작 [Start d:0]
[I](2022-12-20  06:39:25 pm)Nc File: [No.0002-671.NC]
[I](2022-12-20  06:39:25 pm)  * Start Machine Position
[I](2022-12-20  06:39:25 pm)    X:     92.7219
[I](2022-12-20  06:39:25 pm)    Y:   -258.8536
[I](2022-12-20  06:39:25 pm)    U:      0.0000
[I](2022-12-20  06:39:25 pm)    V:      0.0000
[I](2022-12-20  06:39:25 pm)    Z:     34.1649
[I](2022-12-20  06:39:25 pm)  * Angle
[I](2022-12-20  06:39:25 pm)    Ar:      1.0588,Kr:      0.0000
[I](2022-12-20  06:39:25 pm)    Taper_Ar:      0.0000
[I](2022-12-20  07:07:17 pm)작업중 정지 [d:27][t:00:27:51]
[I](2022-12-20  07:07:17 pm)    [LNo:0002] 000034/000975
[I](2022-12-20  07:07:17 pm)Wire Contact Auto Stop(M52)
[I](2022-12-20  07:07:59 pm)작업 재시작
[I](2022-12-20  09:20:09 pm)작업중 정지 [d:153][t:02:40:44]
[I](2022-12-20  09:20:09 pm)    [LNo:0002] 000186/000975
[A](2022-12-20  09:20:09 pm)[008] 작업중 단선(AWF Feed Motor Stop )
[I](2022-12-20  09:20:09 pm)작업중 Wire 단선 [d:153][t:02:40:44]
[I](2022-12-20  09:21:26 pm)작업 재시작
[I](2022-12-20  09:21:26 pm)작업중 정지 [d:153][t:02:42:01]
[I](2022-12-20  09:21:26 pm)    [LNo:0002] 000186/000975
[A](2022-12-20  09:21:26 pm)[008] 작업중 단선(AWF Feed Motor Stop )
[I](2022-12-20  09:21:26 pm)작업중 Wire 단선 [d:153][t:02:42:01]
[I](2022-12-20  09:23:28 pm)작업 재시작
