[I](2023-01-11  07:10:57 am)작업중 정지 [d:685][t:11:47:36]
[I](2023-01-11  07:10:57 am)    [LNo:0002] 001147/001181
[I](2023-01-11  07:10:57 am)작업중 M코드정지 [d:685][t:11:47:36]
[I](2023-01-11  08:32:09 am)작업중 정지 [d:686][t:13:08:48]
[I](2023-01-11  08:32:09 am)    [LNo:0002] 001149/001181
[I](2023-01-11  08:32:09 am)작업중 M코드정지 [d:686][t:13:08:48]
[I](2023-01-11  08:32:14 am)작업중 정지 [d:686][t:13:08:54]
[I](2023-01-11  08:32:14 am)    [LNo:0002] 001152/001181
[I](2023-01-11  08:33:02 am)작업중 정지 [d:686][t:13:09:41]
[I](2023-01-11  08:33:02 am)    [LNo:0002] 001158/001181
[I](2023-01-11  08:36:10 am)작업중 정지 [d:689][t:13:12:49]
[I](2023-01-11  08:36:10 am)    [LNo:0002] 001169/001181
[I](2023-01-11  08:36:10 am)작업중 M코드정지 [d:689][t:13:12:49]
[A](2023-01-11  08:36:38 am)[084] Work Tank Fluid Sensor Abnormal
[A](2023-01-11  08:36:39 am)[084] Work Tank Fluid Sensor Abnormal
[I](2023-01-11  09:01:19 am)Reset
[I](2023-01-11  09:01:19 am)Reset
[I](2023-01-11  09:01:29 am)Reset
[A](2023-01-11  09:06:54 am)[037] 자동결선 잔여 WIRE 처리 실패!!
[I](2023-01-11  09:07:52 am)Reset
[I](2023-01-11  09:07:56 am)Reset
[I](2023-01-11  09:10:10 am)Reset
[I](2023-01-11  09:10:15 am)Reset
[I](2023-01-11  09:10:32 am)Reset
[I](2023-01-11  09:10:50 am)Reset
[I](2023-01-11  09:11:11 am)Reset
[I](2023-01-11  09:11:24 am)Reset
[I](2023-01-11  09:11:29 am)Reset
[I](2023-01-11  09:11:30 am)Reset
[I](2023-01-11  09:14:11 am)Reset
[A](2023-01-11  09:14:15 am)[001] 와이어 미동작
[I](2023-01-11  09:14:25 am)Reset
[I](2023-01-11  09:14:35 am)Reset
[I](2023-01-11  09:14:53 am)Reset
[I](2023-01-11  09:15:02 am)Reset
[I](2023-01-11  09:15:08 am)Reset
[I](2023-01-11  09:15:29 am)작업 시작 [Start d:740]
[I](2023-01-11  09:15:29 am)Nc File: [No.0003-665.NC]
[I](2023-01-11  09:15:29 am)  * Start Machine Position
[I](2023-01-11  09:15:29 am)    X:     45.1236
[I](2023-01-11  09:15:29 am)    Y:   -373.6596
[I](2023-01-11  09:15:29 am)    U:     -0.0818
[I](2023-01-11  09:15:29 am)    V:     -0.1389
[I](2023-01-11  09:15:29 am)    Z:     54.0272
[I](2023-01-11  09:15:29 am)  * Angle
[I](2023-01-11  09:15:29 am)    Ar:     -0.7306,Kr:      0.0000
[I](2023-01-11  09:15:29 am)    Taper_Ar:      0.0000
[I](2023-01-11  09:15:31 am)작업중 정지 [d:0][t:00:00:02]
[I](2023-01-11  09:15:31 am)    [LNo:0003] 000010/000183
[I](2023-01-11  09:15:31 am)작업중 M코드정지 [d:0][t:00:00:02]
[I](2023-01-11  09:22:20 am)작업중 정지 [d:7][t:00:06:51]
[I](2023-01-11  09:22:20 am)    [LNo:0003] 000025/000183
[I](2023-01-11  09:22:20 am)작업중 M코드정지 [d:7][t:00:06:51]
[I](2023-01-11  09:23:09 am)작업중 정지 [d:7][t:00:07:40]
[I](2023-01-11  09:23:09 am)    [LNo:0003] 000027/000183
[I](2023-01-11  09:23:09 am)작업중 M코드정지 [d:7][t:00:07:40]
[I](2023-01-11  09:23:11 am)작업중 정지 [d:7][t:00:07:42]
[I](2023-01-11  09:23:11 am)    [LNo:0003] 000029/000183
[I](2023-01-11  09:23:11 am)작업중 M코드정지 [d:7][t:00:07:42]
[I](2023-01-11  09:39:42 am)작업중 정지 [d:23][t:00:24:13]
[I](2023-01-11  09:39:42 am)    [LNo:0003] 000053/000183
[I](2023-01-11  09:39:42 am)작업중 30sec 접촉 정지 [d:23][t:00:24:13]
[I](2023-01-11  09:40:47 am)작업 재시작
[I](2023-01-11  09:41:04 am)작업중 정지 [d:23][t:00:25:35]
[I](2023-01-11  09:41:04 am)    [LNo:0003] 000054/000183
[I](2023-01-11  09:41:04 am)작업중 M코드정지 [d:23][t:00:25:35]
[I](2023-01-11  09:41:32 am)작업중 정지 [d:23][t:00:26:03]
[I](2023-01-11  09:41:32 am)    [LNo:0003] 000056/000183
[I](2023-01-11  09:41:32 am)작업중 M코드정지 [d:23][t:00:26:03]
[I](2023-01-11  09:45:39 am)작업중 정지 [d:27][t:00:30:10]
[I](2023-01-11  09:45:39 am)    [LNo:0003] 000077/000183
[I](2023-01-11  09:45:39 am)작업중 M코드정지 [d:27][t:00:30:10]
[A](2023-01-11  09:45:58 am)[084] Work Tank Fluid Sensor Abnormal
[A](2023-01-11  09:45:58 am)[084] Work Tank Fluid Sensor Abnormal
[A](2023-01-11  09:45:58 am)[084] Work Tank Fluid Sensor Abnormal
[A](2023-01-11  09:45:58 am)[084] Work Tank Fluid Sensor Abnormal
[A](2023-01-11  09:45:58 am)[084] Work Tank Fluid Sensor Abnormal
[A](2023-01-11  09:45:58 am)[084] Work Tank Fluid Sensor Abnormal
[A](2023-01-11  09:45:58 am)[084] Work Tank Fluid Sensor Abnormal
[A](2023-01-11  09:45:59 am)[084] Work Tank Fluid Sensor Abnormal
[A](2023-01-11  09:45:59 am)[084] Work Tank Fluid Sensor Abnormal
[A](2023-01-11  09:45:59 am)[084] Work Tank Fluid Sensor Abnormal
[A](2023-01-11  09:45:59 am)[084] Work Tank Fluid Sensor Abnormal
[A](2023-01-11  09:45:59 am)[084] Work Tank Fluid Sensor Abnormal
[A](2023-01-11  09:45:59 am)[084] Work Tank Fluid Sensor Abnormal
[A](2023-01-11  09:45:59 am)[084] Work Tank Fluid Sensor Abnormal
[A](2023-01-11  09:46:00 am)[084] Work Tank Fluid Sensor Abnormal
[A](2023-01-11  09:46:00 am)[084] Work Tank Fluid Sensor Abnormal
[A](2023-01-11  09:46:00 am)[084] Work Tank Fluid Sensor Abnormal
[A](2023-01-11  09:46:00 am)[084] Work Tank Fluid Sensor Abnormal
[A](2023-01-11  09:46:00 am)[084] Work Tank Fluid Sensor Abnormal
[A](2023-01-11  09:46:00 am)[084] Work Tank Fluid Sensor Abnormal
[A](2023-01-11  09:46:00 am)[084] Work Tank Fluid Sensor Abnormal
[A](2023-01-11  09:46:01 am)[084] Work Tank Fluid Sensor Abnormal
[A](2023-01-11  09:46:01 am)[084] Work Tank Fluid Sensor Abnormal
[A](2023-01-11  09:46:01 am)[084] Work Tank Fluid Sensor Abnormal
[A](2023-01-11  09:46:01 am)[084] Work Tank Fluid Sensor Abnormal
[A](2023-01-11  09:46:01 am)[084] Work Tank Fluid Sensor Abnormal
[A](2023-01-11  09:46:01 am)[084] Work Tank Fluid Sensor Abnormal
[A](2023-01-11  09:46:02 am)[084] Work Tank Fluid Sensor Abnormal
[A](2023-01-11  09:46:02 am)[084] Work Tank Fluid Sensor Abnormal
[A](2023-01-11  09:46:02 am)[084] Work Tank Fluid Sensor Abnormal
[A](2023-01-11  09:46:02 am)[084] Work Tank Fluid Sensor Abnormal
[A](2023-01-11  09:46:02 am)[084] Work Tank Fluid Sensor Abnormal
[A](2023-01-11  09:46:03 am)[084] Work Tank Fluid Sensor Abnormal
[A](2023-01-11  09:46:03 am)[084] Work Tank Fluid Sensor Abnormal
[A](2023-01-11  09:46:03 am)[084] Work Tank Fluid Sensor Abnormal
[A](2023-01-11  09:46:03 am)[084] Work Tank Fluid Sensor Abnormal
[I](2023-01-11  09:53:12 am)Reset
[I](2023-01-11  09:55:43 am)Reset
[I](2023-01-11  09:55:48 am)Reset
[I](2023-01-11  09:58:25 am)Reset
[I](2023-01-11  09:58:29 am)Reset
[I](2023-01-11  09:58:51 am)Reset
[I](2023-01-11  09:59:00 am)Reset
[I](2023-01-11  09:59:46 am)Reset
[I](2023-01-11  09:59:53 am)Reset
[I](2023-01-11  10:00:16 am)작업 시작 [Start d:767]
[I](2023-01-11  10:00:16 am)Nc File: [No.0003-665.NC]
[I](2023-01-11  10:00:16 am)  * Start Machine Position
[I](2023-01-11  10:00:16 am)    X:     68.9244
[I](2023-01-11  10:00:16 am)    Y:   -344.9555
[I](2023-01-11  10:00:16 am)    U:     -0.9379
[I](2023-01-11  10:00:16 am)    V:     -0.1344
[I](2023-01-11  10:00:16 am)    Z:     54.0272
[I](2023-01-11  10:00:16 am)  * Angle
[I](2023-01-11  10:00:16 am)    Ar:      0.8880,Kr:      0.0000
[I](2023-01-11  10:00:16 am)    Taper_Ar:      0.0000
[I](2023-01-11  10:00:16 am)작업중 정지 [d:0][t:00:00:00]
[I](2023-01-11  10:00:16 am)    [LNo:0003] 000084/000183
[I](2023-01-11  10:00:24 am)작업중 정지 [d:0][t:00:00:08]
[I](2023-01-11  10:00:24 am)    [LNo:0003] 000108/000183
[I](2023-01-11  10:08:49 am)작업중 정지 [d:8][t:00:08:32]
[I](2023-01-11  10:08:49 am)    [LNo:0003] 000121/000183
[I](2023-01-11  10:08:49 am)작업중 M코드정지 [d:8][t:00:08:33]
[I](2023-01-11  10:10:36 am)작업중 정지 [d:8][t:00:10:20]
[I](2023-01-11  10:10:36 am)    [LNo:0003] 000123/000183
[I](2023-01-11  10:10:36 am)작업중 M코드정지 [d:8][t:00:10:20]
[I](2023-01-11  10:10:38 am)작업중 정지 [d:8][t:00:10:21]
[I](2023-01-11  10:10:38 am)    [LNo:0003] 000125/000183
[I](2023-01-11  10:10:38 am)작업중 M코드정지 [d:8][t:00:10:21]
[I](2023-01-11  10:11:53 am)작업중 정지 [d:9][t:00:11:37]
[I](2023-01-11  10:11:53 am)    [LNo:0003] 000147/000183
[I](2023-01-11  10:11:58 am)작업 재시작
[I](2023-01-11  10:30:36 am)작업중 정지 [d:28][t:00:30:19]
[I](2023-01-11  10:30:36 am)    [LNo:0003] 000150/000183
[I](2023-01-11  10:30:36 am)작업중 30sec 접촉 정지 [d:28][t:00:30:19]
[I](2023-01-11  10:33:21 am)작업 재시작
[I](2023-01-11  10:33:25 am)작업중 정지 [d:28][t:00:33:08]
[I](2023-01-11  10:33:25 am)    [LNo:0003] 000150/000183
[I](2023-01-11  10:33:42 am)작업 재시작
[I](2023-01-11  10:33:53 am)작업중 정지 [d:28][t:00:33:36]
[I](2023-01-11  10:33:53 am)    [LNo:0003] 000151/000183
[I](2023-01-11  10:33:53 am)작업중 M코드정지 [d:28][t:00:33:36]
[I](2023-01-11  10:34:04 am)작업중 정지 [d:28][t:00:33:48]
[I](2023-01-11  10:34:04 am)    [LNo:0003] 000153/000183
[I](2023-01-11  10:34:04 am)작업중 M코드정지 [d:28][t:00:33:48]
[I](2023-01-11  10:38:32 am)작업중 정지 [d:32][t:00:38:16]
[I](2023-01-11  10:38:32 am)    [LNo:0003] 000175/000183
[I](2023-01-11  10:38:32 am)작업중 M코드정지 [d:32][t:00:38:16]
[I](2023-01-11  10:41:41 am)Reset
[I](2023-01-11  10:47:15 am)Reset
[I](2023-01-11  10:47:19 am)Reset
[I](2023-01-11  10:48:43 am)Reset
[A](2023-01-11  10:48:55 am)[001] 와이어 미동작
[I](2023-01-11  10:49:40 am)Reset
[I](2023-01-11  10:50:22 am)Reset
[I](2023-01-11  10:50:38 am)Reset
[I](2023-01-11  10:50:56 am)Reset
[A](2023-01-11  10:50:59 am)[002] 가공액 미동작
[I](2023-01-11  10:51:03 am)Reset
[I](2023-01-11  10:51:09 am)Reset
[I](2023-01-11  10:52:09 am)작업 시작 [Start d:0]
[I](2023-01-11  10:52:09 am)Nc File: [No.0005-667.NC]
[I](2023-01-11  10:52:09 am)  * Start Machine Position
[I](2023-01-11  10:52:09 am)    X:    176.8953
[I](2023-01-11  10:52:09 am)    Y:   -389.9168
[I](2023-01-11  10:52:09 am)    U:     -0.0399
[I](2023-01-11  10:52:09 am)    V:     -0.0004
[I](2023-01-11  10:52:09 am)    Z:     66.4957
[I](2023-01-11  10:52:09 am)  * Angle
[I](2023-01-11  10:52:09 am)    Ar:      0.5856,Kr:      0.0000
[I](2023-01-11  10:52:09 am)    Taper_Ar:      0.0000
[I](2023-01-11  10:52:13 am)작업중 정지 [d:0][t:00:00:03]
[I](2023-01-11  10:52:13 am)    [LNo:0005] 000010/000524
[I](2023-01-11  10:52:13 am)작업중 M코드정지 [d:0][t:00:00:03]
[I](2023-01-11  10:53:14 am)작업중 정지 [d:1][t:00:01:04]
[I](2023-01-11  10:53:14 am)    [LNo:0005] 000026/000524
[I](2023-01-11  10:53:14 am)작업중 30sec 접촉 정지 [d:1][t:00:01:04]
[I](2023-01-11  10:54:43 am)작업 재시작
[I](2023-01-11  10:54:44 am)작업중 정지 [d:1][t:00:02:35]
[I](2023-01-11  10:54:44 am)    [LNo:0005] 000026/000524
[I](2023-01-11  10:55:18 am)작업 재시작
[I](2023-01-11  10:55:23 am)작업중 정지 [d:1][t:00:03:13]
[I](2023-01-11  10:55:23 am)    [LNo:0005] 000026/000524
[I](2023-01-11  10:55:23 am)작업중 30sec 접촉 정지 [d:1][t:00:03:13]
[I](2023-01-11  10:55:29 am)Reset
[I](2023-01-11  10:55:37 am)작업 시작 [Start d:1]
[I](2023-01-11  10:55:37 am)Nc File: [No.0005-667.NC]
[I](2023-01-11  10:55:37 am)  * Start Machine Position
[I](2023-01-11  10:55:37 am)    X:    188.5047
[I](2023-01-11  10:55:37 am)    Y:   -386.7690
[I](2023-01-11  10:55:37 am)    U:     -0.0399
[I](2023-01-11  10:55:37 am)    V:     -0.0004
[I](2023-01-11  10:55:37 am)    Z:     66.4957
[I](2023-01-11  10:55:37 am)  * Angle
[I](2023-01-11  10:55:37 am)    Ar:      0.5856,Kr:      0.0000
[I](2023-01-11  10:55:37 am)    Taper_Ar:      0.0000
[I](2023-01-11  10:56:34 am)작업중 정지 [d:1][t:00:00:56]
[I](2023-01-11  10:56:34 am)    [LNo:0005] 000027/000524
[I](2023-01-11  10:56:34 am)작업중 M코드정지 [d:1][t:00:00:56]
[I](2023-01-11  10:56:49 am)작업중 정지 [d:1][t:00:01:12]
[I](2023-01-11  10:56:49 am)    [LNo:0005] 000030/000524
[I](2023-01-11  10:56:49 am)작업중 M코드정지 [d:1][t:00:01:12]
[I](2023-01-11  10:57:35 am)작업중 정지 [d:2][t:00:01:58]
[I](2023-01-11  10:57:35 am)    [LNo:0005] 000052/000524
[I](2023-01-11  10:57:35 am)작업중 M코드정지 [d:2][t:00:01:58]
[I](2023-01-11  11:04:22 am)작업중 정지 [d:6][t:00:08:45]
[I](2023-01-11  11:04:22 am)    [LNo:0005] 000074/000524
[I](2023-01-11  11:04:22 am)작업중 M코드정지 [d:6][t:00:08:45]
[I](2023-01-11  11:05:11 am)작업중 정지 [d:7][t:00:09:34]
[I](2023-01-11  11:05:11 am)    [LNo:0005] 000077/000524
[I](2023-01-11  11:05:11 am)작업중 M코드정지 [d:7][t:00:09:34]
[I](2023-01-11  11:07:16 am)작업중 정지 [d:9][t:00:11:38]
[I](2023-01-11  11:07:16 am)    [LNo:0005] 000100/000524
[I](2023-01-11  11:07:16 am)작업중 M코드정지 [d:9][t:00:11:38]
[I](2023-01-11  11:07:38 am)Reset
[I](2023-01-11  11:07:51 am)작업 시작 [Start d:10]
[I](2023-01-11  11:07:51 am)Nc File: [No.0005-667.NC]
[I](2023-01-11  11:07:51 am)  * Start Machine Position
[I](2023-01-11  11:07:51 am)    X:    176.5344
[I](2023-01-11  11:07:51 am)    Y:   -350.3935
[I](2023-01-11  11:07:51 am)    U:     -0.0399
[I](2023-01-11  11:07:51 am)    V:     -0.0004
[I](2023-01-11  11:07:51 am)    Z:     66.4957
[I](2023-01-11  11:07:51 am)  * Angle
[I](2023-01-11  11:07:51 am)    Ar:      0.5856,Kr:      0.0000
[I](2023-01-11  11:07:51 am)    Taper_Ar:      0.0000
[I](2023-01-11  11:09:00 am)작업중 정지 [d:1][t:00:01:08]
[I](2023-01-11  11:09:00 am)    [LNo:0005] 000101/000524
[I](2023-01-11  11:09:00 am)작업중 M코드정지 [d:1][t:00:01:08]
[I](2023-01-11  11:26:44 am)작업중 정지 [d:18][t:00:18:52]
[I](2023-01-11  11:26:44 am)    [LNo:0005] 000119/000524
[I](2023-01-11  11:26:44 am)작업중 30sec 접촉 정지 [d:18][t:00:18:52]
[I](2023-01-11  11:27:20 am)작업 재시작
[I](2023-01-11  11:27:42 am)작업중 정지 [d:18][t:00:19:50]
[I](2023-01-11  11:27:42 am)    [LNo:0005] 000120/000524
[I](2023-01-11  11:27:42 am)작업중 M코드정지 [d:18][t:00:19:50]
[I](2023-01-11  11:27:59 am)작업중 정지 [d:18][t:00:20:07]
[I](2023-01-11  11:27:59 am)    [LNo:0005] 000122/000524
[I](2023-01-11  11:27:59 am)작업중 M코드정지 [d:18][t:00:20:07]
[I](2023-01-11  11:31:10 am)작업중 정지 [d:22][t:00:23:18]
[I](2023-01-11  11:31:10 am)    [LNo:0005] 000138/000524
[I](2023-01-11  11:31:10 am)작업중 M코드정지 [d:22][t:00:23:18]
[I](2023-01-11  11:33:58 am)Reset
[I](2023-01-11  11:34:15 am)Reset
[I](2023-01-11  11:35:35 am)Reset
[I](2023-01-11  11:35:44 am)Reset
[I](2023-01-11  11:36:02 am)Reset
[I](2023-01-11  11:36:14 am)Reset
[I](2023-01-11  11:36:20 am)Reset
[I](2023-01-11  11:36:32 am)작업 시작 [Start d:32]
[I](2023-01-11  11:36:32 am)Nc File: [No.0005-667.NC]
[I](2023-01-11  11:36:32 am)  * Start Machine Position
[I](2023-01-11  11:36:32 am)    X:    176.0611
[I](2023-01-11  11:36:32 am)    Y:   -355.2926
[I](2023-01-11  11:36:32 am)    U:     -0.0422
[I](2023-01-11  11:36:32 am)    V:      0.0375
[I](2023-01-11  11:36:32 am)    Z:     66.4957
[I](2023-01-11  11:36:32 am)  * Angle
[I](2023-01-11  11:36:32 am)    Ar:      3.3685,Kr:      0.0000
[I](2023-01-11  11:36:32 am)    Taper_Ar:      0.0000
[I](2023-01-11  11:36:33 am)작업중 정지 [d:0][t:00:00:00]
[I](2023-01-11  11:36:33 am)    [LNo:0005] 000006/000524
[I](2023-01-11  11:37:04 am)Reset
[I](2023-01-11  11:37:10 am)Reset
[I](2023-01-11  11:37:23 am)작업 시작 [Start d:32]
[I](2023-01-11  11:37:23 am)Nc File: [No.0005-667.NC]
[I](2023-01-11  11:37:23 am)  * Start Machine Position
[I](2023-01-11  11:37:23 am)    X:    176.0614
[I](2023-01-11  11:37:23 am)    Y:   -355.2976
[I](2023-01-11  11:37:23 am)    U:     -0.0422
[I](2023-01-11  11:37:23 am)    V:      0.0375
[I](2023-01-11  11:37:23 am)    Z:     66.4957
[I](2023-01-11  11:37:23 am)  * Angle
[I](2023-01-11  11:37:23 am)    Ar:      3.3685,Kr:      0.0000
[I](2023-01-11  11:37:23 am)    Taper_Ar:      0.0000
[I](2023-01-11  11:37:32 am)작업중 정지 [d:0][t:00:00:08]
[I](2023-01-11  11:37:32 am)    [LNo:0005] 000163/000524
[I](2023-01-11  11:37:32 am)작업중 M코드정지 [d:0][t:00:00:08]
[I](2023-01-11  11:46:00 am)작업중 정지 [d:1][t:00:08:36]
[I](2023-01-11  11:46:00 am)    [LNo:0005] 000183/000524
[A](2023-01-11  11:46:00 am)[008] 작업중 단선(AWF Feed Motor Stop )
[I](2023-01-11  11:46:00 am)작업중 Wire 단선 [d:1][t:00:08:36]
[I](2023-01-11  11:47:11 am)작업 재시작
[I](2023-01-11  11:47:16 am)작업중 정지 [d:1][t:00:09:52]
[I](2023-01-11  11:47:16 am)    [LNo:0005] 000183/000524
[I](2023-01-11  11:47:16 am)작업중 30sec 접촉 정지 [d:1][t:00:09:52]
[I](2023-01-11  11:59:04 am)작업 재시작
[I](2023-01-11  11:59:09 am)작업중 정지 [d:1][t:00:21:45]
[I](2023-01-11  11:59:09 am)    [LNo:0005] 000183/000524
[I](2023-01-11  11:59:09 am)작업중 30sec 접촉 정지 [d:1][t:00:21:45]
[I](2023-01-11  11:59:12 am)작업 재시작
[I](2023-01-11  11:59:37 am)작업중 정지 [d:1][t:00:22:13]
[I](2023-01-11  11:59:37 am)    [LNo:0005] 000184/000524
[I](2023-01-11  11:59:37 am)작업중 M코드정지 [d:1][t:00:22:13]
[I](2023-01-11  12:00:04 pm)작업중 정지 [d:1][t:00:22:40]
[I](2023-01-11  12:00:04 pm)    [LNo:0005] 000187/000524
[I](2023-01-11  12:00:04 pm)작업중 M코드정지 [d:1][t:00:22:40]
[I](2023-01-11  12:00:49 pm)작업중 정지 [d:1][t:00:23:26]
[I](2023-01-11  12:00:49 pm)    [LNo:0005] 000208/000524
[I](2023-01-11  12:00:50 pm)작업중 M코드정지 [d:1][t:00:23:26]
[I](2023-01-11  12:04:48 pm)작업중 정지 [d:5][t:00:27:24]
[I](2023-01-11  12:04:48 pm)    [LNo:0005] 000231/000524
[I](2023-01-11  12:04:48 pm)작업중 M코드정지 [d:5][t:00:27:24]
[I](2023-01-11  12:05:18 pm)작업중 정지 [d:5][t:00:27:54]
[I](2023-01-11  12:05:18 pm)    [LNo:0005] 000234/000524
[I](2023-01-11  12:05:18 pm)작업중 M코드정지 [d:5][t:00:27:54]
[I](2023-01-11  12:07:17 pm)작업중 정지 [d:7][t:00:29:53]
[I](2023-01-11  12:07:17 pm)    [LNo:0005] 000258/000524
[I](2023-01-11  12:07:17 pm)작업중 M코드정지 [d:7][t:00:29:53]
[I](2023-01-11  12:09:39 pm)작업중 정지 [d:7][t:00:32:16]
[I](2023-01-11  12:09:39 pm)    [LNo:0005] 000263/000524
[I](2023-01-11  12:09:40 pm)작업중 M코드정지 [d:7][t:00:32:16]
[I](2023-01-11  12:27:55 pm)작업중 정지 [d:24][t:00:50:31]
[I](2023-01-11  12:27:55 pm)    [LNo:0005] 000277/000524
[I](2023-01-11  12:27:55 pm)작업중 M코드정지 [d:24][t:00:50:31]
[I](2023-01-11  12:28:04 pm)작업중 정지 [d:24][t:00:50:40]
[I](2023-01-11  12:28:04 pm)    [LNo:0005] 000279/000524
[I](2023-01-11  12:28:04 pm)작업중 M코드정지 [d:24][t:00:50:40]
[I](2023-01-11  12:31:16 pm)작업중 정지 [d:27][t:00:53:53]
[I](2023-01-11  12:31:16 pm)    [LNo:0005] 000296/000524
[I](2023-01-11  12:31:16 pm)작업중 M코드정지 [d:27][t:00:53:53]
[I](2023-01-11  12:35:40 pm)Reset
[I](2023-01-11  12:36:37 pm)Reset
[I](2023-01-11  12:42:28 pm)Reset
[I](2023-01-11  12:42:29 pm)Reset
[I](2023-01-11  12:43:02 pm)Reset
[I](2023-01-11  12:43:02 pm)Reset
[I](2023-01-11  12:47:25 pm)Reset
[I](2023-01-11  12:47:25 pm)Reset
[I](2023-01-11  12:47:49 pm)Reset
[I](2023-01-11  12:48:32 pm)Reset
[I](2023-01-11  12:48:57 pm)Reset
[I](2023-01-11  12:49:13 pm)Reset
[I](2023-01-11  12:49:30 pm)Reset
[I](2023-01-11  12:50:26 pm)Reset
[I](2023-01-11  12:50:38 pm)작업 시작 [Start d:59]
[I](2023-01-11  12:50:38 pm)Nc File: [No.0005-667.NC]
[I](2023-01-11  12:50:38 pm)  * Start Machine Position
[I](2023-01-11  12:50:38 pm)    X:    177.5200
[I](2023-01-11  12:50:38 pm)    Y:   -395.4704
[I](2023-01-11  12:50:38 pm)    U:     -0.0688
[I](2023-01-11  12:50:38 pm)    V:      0.0093
[I](2023-01-11  12:50:38 pm)    Z:     75.3707
[I](2023-01-11  12:50:38 pm)  * Angle
[I](2023-01-11  12:50:38 pm)    Ar:     -1.1191,Kr:      0.0000
[I](2023-01-11  12:50:38 pm)    Taper_Ar:      0.0000
[I](2023-01-11  12:50:39 pm)작업중 정지 [d:0][t:00:00:01]
[I](2023-01-11  12:50:39 pm)    [LNo:0005] 000302/000524
[I](2023-01-11  12:50:49 pm)작업중 정지 [d:0][t:00:00:11]
[I](2023-01-11  12:50:49 pm)    [LNo:0005] 000315/000524
[I](2023-01-11  12:50:49 pm)작업중 M코드정지 [d:0][t:00:00:11]
[I](2023-01-11  12:50:50 pm)작업중 정지 [d:0][t:00:00:12]
[I](2023-01-11  12:50:50 pm)    [LNo:0005] 000318/000524
[I](2023-01-11  12:50:50 pm)작업중 M코드정지 [d:0][t:00:00:12]
[I](2023-01-11  01:37:52 pm)작업중 정지 [d:45][t:00:47:13]
[I](2023-01-11  01:37:52 pm)    [LNo:0005] 000343/000524
[I](2023-01-11  01:37:52 pm)작업중 M코드정지 [d:45][t:00:47:13]
[I](2023-01-11  01:46:08 pm)작업중 정지 [d:45][t:00:55:30]
[I](2023-01-11  01:46:08 pm)    [LNo:0005] 000345/000524
[I](2023-01-11  01:46:08 pm)작업중 M코드정지 [d:45][t:00:55:30]
[I](2023-01-11  02:06:24 pm)작업중 정지 [d:65][t:01:15:46]
[I](2023-01-11  02:06:24 pm)    [LNo:0005] 000366/000524
[I](2023-01-11  02:06:24 pm)작업중 M코드정지 [d:65][t:01:15:46]
[I](2023-01-11  02:06:49 pm)Reset
[I](2023-01-11  02:07:02 pm)작업 시작 [Start d:124]
[I](2023-01-11  02:07:02 pm)Nc File: [No.0005-667.NC]
[I](2023-01-11  02:07:02 pm)  * Start Machine Position
[I](2023-01-11  02:07:02 pm)    X:    184.2224
[I](2023-01-11  02:07:02 pm)    Y:   -396.6405
[I](2023-01-11  02:07:02 pm)    U:     -0.0688
[I](2023-01-11  02:07:02 pm)    V:      0.0093
[I](2023-01-11  02:07:02 pm)    Z:     75.3707
[I](2023-01-11  02:07:02 pm)  * Angle
[I](2023-01-11  02:07:02 pm)    Ar:     -1.1191,Kr:      0.0000
[I](2023-01-11  02:07:02 pm)    Taper_Ar:      0.0000
[I](2023-01-11  02:08:35 pm)작업중 정지 [d:2][t:00:01:32]
[I](2023-01-11  02:08:35 pm)    [LNo:0005] 000367/000524
[I](2023-01-11  02:08:35 pm)작업중 M코드정지 [d:2][t:00:01:33]
[I](2023-01-11  02:50:54 pm)작업중 정지 [d:44][t:00:43:51]
[I](2023-01-11  02:50:54 pm)    [LNo:0005] 000384/000524
[I](2023-01-11  02:50:54 pm)작업중 M코드정지 [d:44][t:00:43:51]
[I](2023-01-11  02:52:09 pm)작업중 정지 [d:45][t:00:45:06]
[I](2023-01-11  02:52:09 pm)    [LNo:0005] 000386/000524
[I](2023-01-11  02:52:09 pm)작업중 M코드정지 [d:45][t:00:45:06]
[I](2023-01-11  02:56:57 pm)작업중 정지 [d:49][t:00:49:54]
[I](2023-01-11  02:56:57 pm)    [LNo:0005] 000402/000524
[I](2023-01-11  02:56:57 pm)작업중 M코드정지 [d:49][t:00:49:54]
[A](2023-01-11  02:57:31 pm)[084] Work Tank Fluid Sensor Abnormal
[A](2023-01-11  02:57:31 pm)[084] Work Tank Fluid Sensor Abnormal
[A](2023-01-11  02:57:35 pm)[084] Work Tank Fluid Sensor Abnormal
[A](2023-01-11  02:57:36 pm)[084] Work Tank Fluid Sensor Abnormal
[I](2023-01-11  02:58:48 pm)Reset
[I](2023-01-11  02:58:53 pm)Reset
[I](2023-01-11  02:59:25 pm)Reset
[I](2023-01-11  02:59:49 pm)작업 시작 [Start d:173]
[I](2023-01-11  02:59:49 pm)Nc File: [No.0006-608.NC]
[I](2023-01-11  02:59:49 pm)  * Start Machine Position
[I](2023-01-11  02:59:49 pm)    X:    155.9893
[I](2023-01-11  02:59:49 pm)    Y:   -300.8950
[I](2023-01-11  02:59:49 pm)    U:      0.0000
[I](2023-01-11  02:59:49 pm)    V:      0.0000
[I](2023-01-11  02:59:49 pm)    Z:     22.7482
[I](2023-01-11  02:59:49 pm)  * Angle
[I](2023-01-11  02:59:49 pm)    Ar:      0.0000,Kr:      0.0000
[I](2023-01-11  02:59:49 pm)    Taper_Ar:      0.0000
[I](2023-01-11  03:00:24 pm)작업중 정지 [d:0][t:00:00:35]
[I](2023-01-11  03:00:24 pm)    [LNo:0006] 000126/000660
[I](2023-01-11  03:00:25 pm)작업중 M코드정지 [d:0][t:00:00:35]
[I](2023-01-11  03:00:26 pm)Reset
[I](2023-01-11  03:00:26 pm)Reset
[A](2023-01-11  03:03:05 pm)[037] 자동결선 잔여 WIRE 처리 실패!!
[I](2023-01-11  03:03:12 pm)Reset
[I](2023-01-11  03:09:10 pm)Reset
[I](2023-01-11  03:09:32 pm)Reset
[I](2023-01-11  03:10:50 pm)Reset
[I](2023-01-11  03:10:53 pm)Reset
[I](2023-01-11  03:12:08 pm)Reset
[I](2023-01-11  03:13:38 pm)작업 시작 [Start d:0]
[I](2023-01-11  03:13:38 pm)Nc File: [No.0006-608.NC]
[I](2023-01-11  03:13:38 pm)  * Start Machine Position
[I](2023-01-11  03:13:38 pm)    X:     95.4221
[I](2023-01-11  03:13:38 pm)    Y:   -188.5345
[I](2023-01-11  03:13:38 pm)    U:      0.0000
[I](2023-01-11  03:13:38 pm)    V:      0.0000
[I](2023-01-11  03:13:38 pm)    Z:     25.2007
[I](2023-01-11  03:13:38 pm)  * Angle
[I](2023-01-11  03:13:38 pm)    Ar:      0.4092,Kr:      0.0000
[I](2023-01-11  03:13:38 pm)    Taper_Ar:      0.0000
[I](2023-01-11  03:53:04 pm)작업중 정지 [d:39][t:00:39:26]
[I](2023-01-11  03:53:04 pm)    [LNo:0006] 000126/000660
[I](2023-01-11  03:53:04 pm)작업중 M코드정지 [d:39][t:00:39:26]
[I](2023-01-11  03:53:51 pm)작업중 정지 [d:39][t:00:40:12]
[I](2023-01-11  03:53:51 pm)    [LNo:0006] 000127/000660
[I](2023-01-11  03:54:20 pm)작업 재시작
[I](2023-01-11  03:54:25 pm)작업중 정지 [d:39][t:00:40:46]
[I](2023-01-11  03:54:25 pm)    [LNo:0006] 000129/000660
[I](2023-01-11  03:54:25 pm)작업중 M코드정지 [d:39][t:00:40:46]
[I](2023-01-11  04:07:05 pm)작업중 정지 [d:51][t:00:53:26]
[I](2023-01-11  04:07:05 pm)    [LNo:0006] 000254/000660
[A](2023-01-11  04:10:09 pm)[037] 자동결선 잔여 WIRE 처리 실패!!
[A](2023-01-11  04:11:04 pm)[059] 가공조 Water Full 센서 동작 이상 - 점검(청소)요망
[I](2023-01-11  05:06:20 pm)작업중 정지 [d:106][t:01:52:41]
[I](2023-01-11  05:06:20 pm)    [LNo:0006] 000298/000660
[I](2023-01-11  05:06:20 pm)작업중 30sec 접촉 정지 [d:106][t:01:52:41]
[I](2023-01-11  05:06:36 pm)작업 재시작
[I](2023-01-11  05:31:23 pm)작업중 정지 [d:131][t:02:17:44]
[I](2023-01-11  05:31:23 pm)    [LNo:0006] 000334/000660
[I](2023-01-11  05:31:23 pm)작업중 M코드정지 [d:131][t:02:17:44]
[I](2023-01-11  05:34:36 pm)작업중 정지 [d:131][t:02:20:58]
[I](2023-01-11  05:34:36 pm)    [LNo:0006] 000335/000660
[I](2023-01-11  05:34:36 pm)Wire Contact Auto Stop(M52)
[I](2023-01-11  05:35:04 pm)작업 재시작
[I](2023-01-11  05:35:05 pm)작업중 정지 [d:131][t:02:21:27]
[I](2023-01-11  05:35:05 pm)    [LNo:0006] 000336/000660
[I](2023-01-11  05:35:06 pm)작업중 M코드정지 [d:131][t:02:21:27]
[I](2023-01-11  06:23:09 pm)작업중 정지 [d:178][t:03:09:30]
[I](2023-01-11  06:23:09 pm)    [LNo:0006] 000452/000660
[I](2023-01-11  06:23:09 pm)작업중 M코드정지 [d:178][t:03:09:30]
[I](2023-01-11  06:23:39 pm)작업중 정지 [d:178][t:03:10:00]
[I](2023-01-11  06:23:39 pm)    [LNo:0006] 000455/000660
[I](2023-01-11  06:23:39 pm)작업중 M코드정지 [d:178][t:03:10:00]
[I](2023-01-11  06:39:16 pm)작업중 정지 [d:192][t:03:25:37]
[I](2023-01-11  06:39:16 pm)    [LNo:0006] 000585/000660
[I](2023-01-11  06:39:16 pm)작업중 30sec 접촉 정지 [d:192][t:03:25:37]
[I](2023-01-11  06:41:51 pm)작업 재시작
[I](2023-01-11  07:54:05 pm)작업중 정지 [d:264][t:04:40:26]
[I](2023-01-11  07:54:05 pm)    [LNo:0006] 000625/000660
[I](2023-01-11  07:54:05 pm)작업중 30sec 접촉 정지 [d:264][t:04:40:27]
[I](2023-01-11  07:55:27 pm)작업 재시작
[I](2023-01-11  07:55:40 pm)작업중 정지 [d:264][t:04:42:01]
[I](2023-01-11  07:55:40 pm)    [LNo:0006] 000625/000660
[I](2023-01-11  07:55:40 pm)작업중 30sec 접촉 정지 [d:264][t:04:42:01]
[I](2023-01-11  07:55:43 pm)작업 재시작
[I](2023-01-11  08:05:14 pm)작업중 정지 [d:1][t:04:51:35]
[I](2023-01-11  08:05:14 pm)    [LNo:0006] 000649/000660
[I](2023-01-11  08:05:14 pm)Wire Contact Auto Stop(M52)
[A](2023-01-11  08:06:00 pm)[037] 자동결선 잔여 WIRE 처리 실패!!
[I](2023-01-11  08:08:15 pm)Reset
[I](2023-01-11  08:12:13 pm)Reset
[I](2023-01-11  08:12:18 pm)Reset
[A](2023-01-11  08:16:44 pm)[037] 자동결선 잔여 WIRE 처리 실패!!
[I](2023-01-11  08:17:00 pm)Reset
[I](2023-01-11  08:17:33 pm)작업 시작 [Start d:1]
[I](2023-01-11  08:17:33 pm)Nc File: [No.0003-683.NC *]
[I](2023-01-11  08:17:33 pm)  * Start Machine Position
[I](2023-01-11  08:17:33 pm)    X:    577.6839
[I](2023-01-11  08:17:33 pm)    Y:   -381.0177
[I](2023-01-11  08:17:33 pm)    U:      0.0000
[I](2023-01-11  08:17:33 pm)    V:      0.0000
[I](2023-01-11  08:17:33 pm)    Z:     45.7497
[I](2023-01-11  08:17:33 pm)  * Angle
[I](2023-01-11  08:17:33 pm)    Ar:     -0.2458,Kr:      0.0000
[I](2023-01-11  08:17:33 pm)    Taper_Ar:      0.0000
[I](2023-01-11  08:18:11 pm)작업중 정지 [d:0][t:00:00:37]
[I](2023-01-11  08:18:11 pm)    [LNo:0003] 000032/001545
[I](2023-01-11  08:18:52 pm)작업중 정지 [d:0][t:00:01:19]
[I](2023-01-11  08:18:52 pm)    [LNo:0003] 000037/001545
[I](2023-01-11  08:19:00 pm)작업중 정지 [d:0][t:00:01:27]
[I](2023-01-11  08:19:00 pm)    [LNo:0003] 000061/001545
[I](2023-01-11  08:19:55 pm)작업중 정지 [d:0][t:00:02:22]
[I](2023-01-11  08:19:55 pm)    [LNo:0003] 000064/001545
[I](2023-01-11  08:20:03 pm)작업중 정지 [d:0][t:00:02:30]
[I](2023-01-11  08:20:03 pm)    [LNo:0003] 000088/001545
[I](2023-01-11  08:21:09 pm)작업중 정지 [d:0][t:00:03:36]
[I](2023-01-11  08:21:09 pm)    [LNo:0003] 000091/001545
[I](2023-01-11  08:21:29 pm)작업중 정지 [d:0][t:00:03:56]
[I](2023-01-11  08:21:29 pm)    [LNo:0003] 000385/001545
[I](2023-01-11  08:22:26 pm)작업중 정지 [d:0][t:00:04:53]
[I](2023-01-11  08:22:26 pm)    [LNo:0003] 000388/001545
[I](2023-01-11  08:22:31 pm)작업중 정지 [d:0][t:00:04:58]
[I](2023-01-11  08:22:31 pm)    [LNo:0003] 000389/001545
[I](2023-01-11  08:22:50 pm)작업중 정지 [d:0][t:00:05:17]
[I](2023-01-11  08:22:50 pm)    [LNo:0003] 000655/001545
[I](2023-01-11  08:23:46 pm)작업중 정지 [d:0][t:00:06:13]
[I](2023-01-11  08:23:46 pm)    [LNo:0003] 000658/001545
[I](2023-01-11  08:24:10 pm)작업중 정지 [d:0][t:00:06:37]
[I](2023-01-11  08:24:10 pm)    [LNo:0003] 000790/001545
[I](2023-01-11  08:25:17 pm)Reset
[I](2023-01-11  08:25:18 pm)Reset
[I](2023-01-11  08:25:42 pm)Reset
[I](2023-01-11  08:25:46 pm)작업 시작 [Start d:1]
[I](2023-01-11  08:25:46 pm)Nc File: [No.0003-683.NC *]
[I](2023-01-11  08:25:46 pm)  * Start Machine Position
[I](2023-01-11  08:25:46 pm)    X:    577.6839
[I](2023-01-11  08:25:46 pm)    Y:   -381.0177
[I](2023-01-11  08:25:46 pm)    U:      0.0000
[I](2023-01-11  08:25:46 pm)    V:      0.0000
[I](2023-01-11  08:25:46 pm)    Z:     45.7497
[I](2023-01-11  08:25:46 pm)  * Angle
[I](2023-01-11  08:25:46 pm)    Ar:     -0.2458,Kr:      0.0000
[I](2023-01-11  08:25:46 pm)    Taper_Ar:      0.0000
