[I](2022-12-11  01:22:32 am)작업중 정지 [d:350][t:06:03:11]
[I](2022-12-11  01:22:32 am)    [LNo:0003] 000215/000655
[I](2022-12-11  01:22:32 am)작업중 M코드정지 [d:350][t:06:03:11]
[A](2022-12-11  08:26:55 am)[036] 자동결선 절단 공정 실패!!
[I](2022-12-11  08:35:31 am)작업중 정지 [d:350][t:13:16:10]
[I](2022-12-11  08:35:31 am)    [LNo:0003] 000220/000655
[I](2022-12-11  08:35:31 am)작업중 M코드정지 [d:350][t:13:16:10]
[I](2022-12-11  08:48:18 am)작업중 정지 [d:351][t:13:28:56]
[I](2022-12-11  08:48:18 am)    [LNo:0003] 000235/000655
[I](2022-12-11  08:48:18 am)작업중 M코드정지 [d:351][t:13:28:56]
[I](2022-12-11  08:58:09 am)작업중 정지 [d:351][t:13:38:48]
[I](2022-12-11  08:58:09 am)    [LNo:0003] 000236/000655
[I](2022-12-11  08:58:09 am)Wire Contact Auto Stop(M52)
[A](2022-12-11  08:58:31 am)[001] 와이어 미동작
[I](2022-12-11  08:58:33 am)작업 재시작
[I](2022-12-11  09:01:37 am)작업중 정지 [d:352][t:13:42:16]
[I](2022-12-11  09:01:37 am)    [LNo:0003] 000258/000655
[I](2022-12-11  09:01:38 am)작업중 M코드정지 [d:352][t:13:42:16]
[I](2022-12-11  09:03:11 am)작업중 정지 [d:352][t:13:43:49]
[I](2022-12-11  09:03:11 am)    [LNo:0003] 000259/000655
[I](2022-12-11  09:03:11 am)Wire Contact Auto Stop(M52)
[I](2022-12-11  09:03:35 am)작업 재시작
[I](2022-12-11  09:06:14 am)작업중 정지 [d:353][t:13:46:52]
[I](2022-12-11  09:06:14 am)    [LNo:0003] 000281/000655
[I](2022-12-11  09:06:14 am)작업중 M코드정지 [d:353][t:13:46:52]
[I](2022-12-11  09:06:30 am)작업중 정지 [d:353][t:13:47:09]
[I](2022-12-11  09:06:30 am)    [LNo:0003] 000282/000655
[I](2022-12-11  09:06:30 am)Wire Contact Auto Stop(M52)
[I](2022-12-11  09:06:52 am)작업 재시작
[I](2022-12-11  09:09:57 am)작업중 정지 [d:354][t:13:50:35]
[I](2022-12-11  09:09:57 am)    [LNo:0003] 000304/000655
[I](2022-12-11  09:09:57 am)작업중 M코드정지 [d:354][t:13:50:35]
[I](2022-12-11  09:11:37 am)작업중 정지 [d:354][t:13:52:16]
[I](2022-12-11  09:11:37 am)    [LNo:0003] 000305/000655
[I](2022-12-11  09:11:37 am)Wire Contact Auto Stop(M52)
[I](2022-12-11  09:12:03 am)작업 재시작
[I](2022-12-11  09:14:37 am)작업중 정지 [d:355][t:13:55:15]
[I](2022-12-11  09:14:37 am)    [LNo:0003] 000327/000655
[I](2022-12-11  09:14:37 am)작업중 M코드정지 [d:355][t:13:55:15]
[I](2022-12-11  09:14:55 am)작업중 정지 [d:356][t:13:55:33]
[I](2022-12-11  09:14:55 am)    [LNo:0003] 000328/000655
[I](2022-12-11  09:14:55 am)Wire Contact Auto Stop(M52)
[I](2022-12-11  09:15:23 am)작업 재시작
[I](2022-12-11  09:18:36 am)작업중 정지 [d:357][t:13:59:14]
[I](2022-12-11  09:18:36 am)    [LNo:0003] 000350/000655
[I](2022-12-11  09:18:36 am)작업중 M코드정지 [d:357][t:13:59:14]
[I](2022-12-11  09:19:43 am)작업중 정지 [d:357][t:14:00:21]
[I](2022-12-11  09:19:43 am)    [LNo:0003] 000351/000655
[I](2022-12-11  09:19:43 am)Wire Contact Auto Stop(M52)
[I](2022-12-11  09:20:32 am)작업 재시작
[I](2022-12-11  09:24:05 am)작업중 정지 [d:358][t:14:04:44]
[I](2022-12-11  09:24:05 am)    [LNo:0003] 000373/000655
[I](2022-12-11  09:24:05 am)작업중 M코드정지 [d:358][t:14:04:44]
[I](2022-12-11  09:24:57 am)작업중 정지 [d:358][t:14:05:36]
[I](2022-12-11  09:24:57 am)    [LNo:0003] 000374/000655
[I](2022-12-11  09:25:25 am)작업 재시작
[I](2022-12-11  09:28:45 am)작업중 정지 [d:359][t:14:09:23]
[I](2022-12-11  09:28:45 am)    [LNo:0003] 000396/000655
[I](2022-12-11  09:28:45 am)작업중 M코드정지 [d:359][t:14:09:23]
[I](2022-12-11  09:29:17 am)작업중 정지 [d:359][t:14:09:55]
[I](2022-12-11  09:29:17 am)    [LNo:0003] 000400/000655
[A](2022-12-11  09:30:57 am)[084] Work Tank Fluid Sensor Abnormal
[A](2022-12-11  09:30:58 am)[084] Work Tank Fluid Sensor Abnormal
[A](2022-12-11  09:31:02 am)[084] Work Tank Fluid Sensor Abnormal
[I](2022-12-11  09:38:42 am)Reset
[I](2022-12-11  09:38:43 am)Reset
[I](2022-12-11  09:39:47 am)작업 시작 [Start d:609]
[I](2022-12-11  09:39:47 am)Nc File: [No.0002-459.NC]
[I](2022-12-11  09:39:47 am)  * Start Machine Position
[I](2022-12-11  09:39:47 am)    X:    285.6741
[I](2022-12-11  09:39:47 am)    Y:   -375.4534
[I](2022-12-11  09:39:47 am)    U:      0.0000
[I](2022-12-11  09:39:47 am)    V:      0.0000
[I](2022-12-11  09:39:47 am)    Z:     30.2691
[I](2022-12-11  09:39:47 am)  * Angle
[I](2022-12-11  09:39:47 am)    Ar:      0.0584,Kr:      0.0000
[I](2022-12-11  09:39:47 am)    Taper_Ar:      0.0000
[I](2022-12-11  09:40:11 am)작업중 정지 [d:0][t:00:00:24]
[I](2022-12-11  09:40:11 am)    [LNo:0002] 000210/000442
[I](2022-12-11  09:47:55 am)작업중 정지 [d:-602][t:00:08:08]
[I](2022-12-11  09:47:55 am)    [LNo:0002] 000226/000442
[I](2022-12-11  09:47:55 am)작업중 M코드정지 [d:-602][t:00:08:08]
[I](2022-12-11  09:48:24 am)작업중 정지 [d:-602][t:00:08:37]
[I](2022-12-11  09:48:24 am)    [LNo:0002] 000228/000442
[I](2022-12-11  09:48:56 am)작업 재시작
[I](2022-12-11  09:49:00 am)작업중 정지 [d:-602][t:00:09:13]
[I](2022-12-11  09:49:00 am)    [LNo:0002] 000230/000442
[I](2022-12-11  09:49:00 am)작업중 M코드정지 [d:-602][t:00:09:13]
[I](2022-12-11  09:57:32 am)작업중 정지 [d:-596][t:00:17:44]
[I](2022-12-11  09:57:32 am)    [LNo:0002] 000254/000442
[I](2022-12-11  09:57:32 am)작업중 M코드정지 [d:-596][t:00:17:44]
[I](2022-12-11  09:57:52 am)작업중 정지 [d:-596][t:00:18:05]
[I](2022-12-11  09:57:52 am)    [LNo:0002] 000256/000442
[I](2022-12-11  09:58:22 am)작업 재시작
[I](2022-12-11  09:58:25 am)작업중 정지 [d:-596][t:00:18:38]
[I](2022-12-11  09:58:25 am)    [LNo:0002] 000258/000442
[I](2022-12-11  09:58:25 am)작업중 M코드정지 [d:-596][t:00:18:38]
[I](2022-12-11  10:06:10 am)작업중 정지 [d:-590][t:00:26:23]
[I](2022-12-11  10:06:10 am)    [LNo:0002] 000282/000442
[I](2022-12-11  10:06:10 am)작업중 M코드정지 [d:-590][t:00:26:23]
[I](2022-12-11  10:06:29 am)작업중 정지 [d:-590][t:00:26:42]
[I](2022-12-11  10:06:29 am)    [LNo:0002] 000286/000442
[I](2022-12-11  10:06:29 am)작업중 M코드정지 [d:-590][t:00:26:42]
[I](2022-12-11  10:07:56 am)Reset
[I](2022-12-11  10:08:20 am)작업 시작 [Start d:19]
[I](2022-12-11  10:08:20 am)Nc File: [No.0001-460.NC]
[I](2022-12-11  10:08:20 am)  * Start Machine Position
[I](2022-12-11  10:08:20 am)    X:    285.6741
[I](2022-12-11  10:08:20 am)    Y:   -375.4534
[I](2022-12-11  10:08:20 am)    U:      0.0000
[I](2022-12-11  10:08:20 am)    V:      0.0000
[I](2022-12-11  10:08:20 am)    Z:     30.2691
[I](2022-12-11  10:08:20 am)  * Angle
[I](2022-12-11  10:08:20 am)    Ar:      0.0584,Kr:      0.0000
[I](2022-12-11  10:08:20 am)    Taper_Ar:      0.0000
[I](2022-12-11  10:08:50 am)작업중 정지 [d:0][t:00:00:29]
[I](2022-12-11  10:08:50 am)    [LNo:0001] 000010/000655
[I](2022-12-11  10:08:50 am)작업중 M코드정지 [d:0][t:00:00:29]
[I](2022-12-11  10:09:58 am)작업중 정지 [d:0][t:00:01:37]
[I](2022-12-11  10:09:58 am)    [LNo:0001] 000010/000655
[I](2022-12-11  10:09:58 am)작업중 M코드정지 [d:0][t:00:01:37]
[I](2022-12-11  11:29:43 am)작업중 정지 [d:79][t:01:21:22]
[I](2022-12-11  11:29:43 am)    [LNo:0001] 000105/000655
[I](2022-12-11  11:29:43 am)작업중 M코드정지 [d:79][t:01:21:22]
[I](2022-12-11  12:46:35 pm)작업중 정지 [d:150][t:02:38:14]
[I](2022-12-11  12:46:35 pm)    [LNo:0001] 000190/000655
[I](2022-12-11  12:46:35 pm)작업중 M코드정지 [d:150][t:02:38:14]
[I](2022-12-11  12:48:43 pm)작업중 정지 [d:150][t:02:40:22]
[I](2022-12-11  12:48:43 pm)    [LNo:0001] 000165/000655
[I](2022-12-11  12:51:46 pm)작업중 정지 [d:153][t:02:43:25]
[I](2022-12-11  12:51:46 pm)    [LNo:0001] 000190/000655
[I](2022-12-11  12:51:46 pm)작업중 M코드정지 [d:153][t:02:43:25]
[I](2022-12-11  01:03:06 pm)작업중 정지 [d:163][t:02:54:45]
[I](2022-12-11  01:03:06 pm)    [LNo:0001] 000218/000655
[I](2022-12-11  01:03:06 pm)작업중 M코드정지 [d:163][t:02:54:45]
[I](2022-12-11  01:36:09 pm)작업중 정지 [d:190][t:03:27:48]
[I](2022-12-11  01:36:09 pm)    [LNo:0001] 000298/000655
[I](2022-12-11  01:36:09 pm)작업중 M코드정지 [d:190][t:03:27:48]
[I](2022-12-11  01:41:48 pm)작업중 정지 [d:191][t:03:33:27]
[I](2022-12-11  01:41:48 pm)    [LNo:0001] 000329/000655
[I](2022-12-11  02:01:43 pm)작업중 정지 [d:204][t:03:53:22]
[I](2022-12-11  02:01:43 pm)    [LNo:0001] 000430/000655
[I](2022-12-11  02:02:36 pm)작업 재시작
[I](2022-12-11  02:23:04 pm)작업중 정지 [d:219][t:04:14:43]
[I](2022-12-11  02:23:04 pm)    [LNo:0001] 000536/000655
[I](2022-12-11  02:23:04 pm)작업중 M코드정지 [d:219][t:04:14:43]
[I](2022-12-11  03:01:43 pm)작업중 정지 [d:250][t:04:53:22]
[I](2022-12-11  03:01:43 pm)    [LNo:0001] 000647/000655
[I](2022-12-11  03:01:43 pm)작업중 M코드정지 [d:250][t:04:53:22]
[I](2022-12-11  03:03:36 pm)작업중 정지 [d:250][t:04:55:15]
[I](2022-12-11  03:03:36 pm)    [LNo:0001] 000633/000655
[I](2022-12-11  03:05:42 pm)작업중 정지 [d:251][t:04:57:21]
[I](2022-12-11  03:05:42 pm)    [LNo:0001] 000648/000655
[I](2022-12-11  03:05:42 pm)작업중 Single Block Stop [d:251][t:04:57:21]
[I](2022-12-11  03:06:37 pm)작업중 정지 [d:251][t:04:58:16]
[I](2022-12-11  03:06:37 pm)    [LNo:0001] 000596/000655
[I](2022-12-11  03:12:00 pm)작업중 정지 [d:255][t:05:03:39]
[I](2022-12-11  03:12:00 pm)    [LNo:0001] 000611/000655
[I](2022-12-11  03:12:00 pm)작업중 Single Block Stop [d:255][t:05:03:39]
[I](2022-12-11  03:13:01 pm)작업중 정지 [d:255][t:05:04:40]
[I](2022-12-11  03:13:01 pm)    [LNo:0001] 000596/000655
[I](2022-12-11  03:18:20 pm)작업중 정지 [d:260][t:05:09:59]
[I](2022-12-11  03:18:20 pm)    [LNo:0001] 000614/000655
[I](2022-12-11  03:19:42 pm)작업중 정지 [d:260][t:05:11:21]
[I](2022-12-11  03:19:42 pm)    [LNo:0001] 000559/000655
[I](2022-12-11  03:26:14 pm)작업중 정지 [d:266][t:05:17:53]
[I](2022-12-11  03:26:14 pm)    [LNo:0001] 000574/000655
[I](2022-12-11  03:26:15 pm)작업중 M코드정지 [d:266][t:05:17:54]
[I](2022-12-11  03:28:06 pm)Reset
[I](2022-12-11  03:28:07 pm)Reset
[I](2022-12-11  03:28:24 pm)작업 시작 [Start d:285]
[I](2022-12-11  03:28:24 pm)Nc File: [No.0002-459.NC]
[I](2022-12-11  03:28:24 pm)  * Start Machine Position
[I](2022-12-11  03:28:24 pm)    X:    285.6741
[I](2022-12-11  03:28:24 pm)    Y:   -375.4534
[I](2022-12-11  03:28:24 pm)    U:      0.0000
[I](2022-12-11  03:28:24 pm)    V:      0.0000
[I](2022-12-11  03:28:24 pm)    Z:     30.2691
[I](2022-12-11  03:28:24 pm)  * Angle
[I](2022-12-11  03:28:24 pm)    Ar:      0.0584,Kr:      0.0000
[I](2022-12-11  03:28:24 pm)    Taper_Ar:      0.0000
[I](2022-12-11  03:28:55 pm)작업중 정지 [d:0][t:00:00:30]
[I](2022-12-11  03:28:55 pm)    [LNo:0002] 000412/000442
[I](2022-12-11  03:33:19 pm)Reset
[I](2022-12-11  03:33:42 pm)작업 시작 [Start d:285]
[I](2022-12-11  03:33:42 pm)Nc File: [No.0004-547.NC]
[I](2022-12-11  03:33:42 pm)  * Start Machine Position
[I](2022-12-11  03:33:42 pm)    X:    285.6741
[I](2022-12-11  03:33:42 pm)    Y:   -375.4534
[I](2022-12-11  03:33:42 pm)    U:      0.0000
[I](2022-12-11  03:33:42 pm)    V:      0.0000
[I](2022-12-11  03:33:42 pm)    Z:     30.2691
[I](2022-12-11  03:33:42 pm)  * Angle
[I](2022-12-11  03:33:42 pm)    Ar:      0.0584,Kr:      0.0000
[I](2022-12-11  03:33:42 pm)    Taper_Ar:      0.0000
[I](2022-12-11  03:34:34 pm)작업중 정지 [d:0][t:00:00:52]
[I](2022-12-11  03:34:34 pm)    [LNo:0004] 000010/000058
[I](2022-12-11  03:34:34 pm)작업중 M코드정지 [d:0][t:00:00:52]
[I](2022-12-11  03:42:58 pm)작업중 정지 [d:7][t:00:09:16]
[I](2022-12-11  03:42:58 pm)    [LNo:0004] 000028/000058
[I](2022-12-11  03:42:58 pm)작업중 M코드정지 [d:7][t:00:09:16]
[I](2022-12-11  03:43:19 pm)작업중 정지 [d:7][t:00:09:37]
[I](2022-12-11  03:43:19 pm)    [LNo:0004] 000032/000058
[I](2022-12-11  03:43:19 pm)작업중 M코드정지 [d:7][t:00:09:37]
[I](2022-12-11  03:45:36 pm)작업중 정지 [d:8][t:00:11:54]
[I](2022-12-11  03:45:36 pm)    [LNo:0004] 000050/000058
[I](2022-12-11  03:45:36 pm)작업중 M코드정지 [d:8][t:00:11:54]
[I](2022-12-11  03:52:03 pm)Reset
[I](2022-12-11  03:52:07 pm)Reset
[I](2022-12-11  03:52:12 pm)Reset
[I](2022-12-11  03:55:31 pm)Reset
[I](2022-12-11  03:57:04 pm)Reset
[I](2022-12-11  03:57:05 pm)Reset
[I](2022-12-11  04:23:03 pm)Reset
[I](2022-12-11  04:23:03 pm)Reset
[I](2022-12-11  04:24:48 pm)Reset
[I](2022-12-11  04:25:44 pm)Reset
[I](2022-12-11  04:25:45 pm)Reset
[I](2022-12-11  04:26:45 pm)Reset
[I](2022-12-11  04:27:43 pm)Reset
[I](2022-12-11  04:27:43 pm)Reset
[I](2022-12-11  04:28:39 pm)Reset
[I](2022-12-11  04:29:02 pm)Reset
[I](2022-12-11  04:29:47 pm)Reset
[I](2022-12-11  04:30:35 pm)작업 시작 [Start d:0]
[I](2022-12-11  04:30:35 pm)Nc File: [No.0006-536.NC]
[I](2022-12-11  04:30:35 pm)  * Start Machine Position
[I](2022-12-11  04:30:35 pm)    X:    285.3155
[I](2022-12-11  04:30:35 pm)    Y:   -381.9161
[I](2022-12-11  04:30:35 pm)    U:      0.0000
[I](2022-12-11  04:30:35 pm)    V:      0.0000
[I](2022-12-11  04:30:35 pm)    Z:     23.2235
[I](2022-12-11  04:30:35 pm)  * Angle
[I](2022-12-11  04:30:35 pm)    Ar:     -0.0849,Kr:      0.0000
[I](2022-12-11  04:30:35 pm)    Taper_Ar:      0.0000
[I](2022-12-11  04:30:38 pm)작업중 정지 [d:0][t:00:00:02]
[I](2022-12-11  04:30:38 pm)    [LNo:0006] 000009/000244
[I](2022-12-11  04:31:09 pm)Reset
[I](2022-12-11  04:31:09 pm)Reset
[I](2022-12-11  04:31:25 pm)작업 시작 [Start d:0]
[I](2022-12-11  04:31:25 pm)Nc File: [No.0006-536.NC]
[I](2022-12-11  04:31:25 pm)  * Start Machine Position
[I](2022-12-11  04:31:25 pm)    X:    285.3155
[I](2022-12-11  04:31:25 pm)    Y:   -381.9161
[I](2022-12-11  04:31:25 pm)    U:      0.0000
[I](2022-12-11  04:31:25 pm)    V:      0.0000
[I](2022-12-11  04:31:25 pm)    Z:     23.2235
[I](2022-12-11  04:31:25 pm)  * Angle
[I](2022-12-11  04:31:25 pm)    Ar:     -0.0849,Kr:      0.0000
[I](2022-12-11  04:31:25 pm)    Taper_Ar:      0.0000
[I](2022-12-11  04:32:03 pm)작업중 정지 [d:0][t:00:00:37]
[I](2022-12-11  04:32:03 pm)    [LNo:0006] 000010/000244
[I](2022-12-11  04:32:03 pm)작업중 M코드정지 [d:0][t:00:00:37]
[I](2022-12-11  04:34:09 pm)작업중 정지 [d:2][t:00:02:43]
[I](2022-12-11  04:34:09 pm)    [LNo:0006] 000032/000244
[I](2022-12-11  04:34:09 pm)작업중 M코드정지 [d:2][t:00:02:43]
[I](2022-12-11  04:34:21 pm)작업중 정지 [d:2][t:00:02:55]
[I](2022-12-11  04:34:21 pm)    [LNo:0006] 000035/000244
[I](2022-12-11  04:34:21 pm)작업중 M코드정지 [d:2][t:00:02:55]
[I](2022-12-11  04:38:15 pm)작업중 정지 [d:3][t:00:06:49]
[I](2022-12-11  04:38:15 pm)    [LNo:0006] 000063/000244
[I](2022-12-11  04:38:15 pm)작업중 M코드정지 [d:3][t:00:06:49]
[I](2022-12-11  04:38:27 pm)작업중 정지 [d:3][t:00:07:01]
[I](2022-12-11  04:38:27 pm)    [LNo:0006] 000066/000244
[I](2022-12-11  04:38:27 pm)작업중 M코드정지 [d:3][t:00:07:01]
[I](2022-12-11  04:39:31 pm)작업중 정지 [d:3][t:00:08:05]
[I](2022-12-11  04:39:31 pm)    [LNo:0006] 000072/000244
[I](2022-12-11  04:39:31 pm)작업중 M코드정지 [d:3][t:00:08:05]
[I](2022-12-11  04:53:09 pm)작업중 정지 [d:15][t:00:21:44]
[I](2022-12-11  04:53:09 pm)    [LNo:0006] 000091/000244
[I](2022-12-11  04:53:09 pm)작업중 M코드정지 [d:15][t:00:21:44]
[I](2022-12-11  04:54:40 pm)작업중 정지 [d:15][t:00:23:14]
[I](2022-12-11  04:54:40 pm)    [LNo:0006] 000092/000244
[I](2022-12-11  04:55:27 pm)작업 재시작
[I](2022-12-11  04:55:38 pm)작업중 정지 [d:15][t:00:24:12]
[I](2022-12-11  04:55:38 pm)    [LNo:0006] 000094/000244
[I](2022-12-11  04:55:38 pm)작업중 M코드정지 [d:15][t:00:24:13]
[I](2022-12-11  04:56:37 pm)작업중 정지 [d:15][t:00:25:11]
[I](2022-12-11  04:56:37 pm)    [LNo:0006] 000100/000244
[I](2022-12-11  04:56:37 pm)작업중 M코드정지 [d:15][t:00:25:11]
[I](2022-12-11  04:58:34 pm)Reset
[I](2022-12-11  04:58:47 pm)작업 시작 [Start d:15]
[I](2022-12-11  04:58:47 pm)Nc File: [No.0005-537.NC]
[I](2022-12-11  04:58:47 pm)  * Start Machine Position
[I](2022-12-11  04:58:47 pm)    X:    285.3155
[I](2022-12-11  04:58:47 pm)    Y:   -381.9161
[I](2022-12-11  04:58:47 pm)    U:      0.0000
[I](2022-12-11  04:58:47 pm)    V:      0.0000
[I](2022-12-11  04:58:47 pm)    Z:     26.2235
[I](2022-12-11  04:58:47 pm)  * Angle
[I](2022-12-11  04:58:47 pm)    Ar:     -0.0849,Kr:      0.0000
[I](2022-12-11  04:58:47 pm)    Taper_Ar:      0.0000
[I](2022-12-11  04:59:17 pm)작업중 정지 [d:0][t:00:00:29]
[I](2022-12-11  04:59:17 pm)    [LNo:0005] 000010/000702
[I](2022-12-11  04:59:17 pm)작업중 M코드정지 [d:0][t:00:00:29]
[I](2022-12-11  05:00:45 pm)작업중 정지 [d:0][t:00:01:57]
[I](2022-12-11  05:00:45 pm)    [LNo:0005] 000013/000702
