[I](2022-11-28  05:01:16 am)작업중 정지 [d:587][t:10:05:25]
[I](2022-11-28  05:01:16 am)    [LNo:0016] 000623/002311
[A](2022-11-28  05:01:16 am)[008] 작업중 단선(AWF Feed Motor Stop )
[I](2022-11-28  05:01:16 am)작업중 Wire 단선 [d:587][t:10:05:25]
[I](2022-11-28  05:03:52 am)작업 재시작
[I](2022-11-28  08:42:41 am)작업중 정지 [d:800][t:13:46:50]
[I](2022-11-28  08:42:41 am)    [LNo:0016] 000828/002311
[A](2022-11-28  08:46:06 am)[037] 자동결선 잔여 WIRE 처리 실패!!
[I](2022-11-28  08:46:42 am)작업 재시작
[I](2022-11-28  09:15:23 am)작업중 정지 [d:828][t:14:19:32]
[I](2022-11-28  09:15:23 am)    [LNo:0016] 000840/002311
[I](2022-11-28  09:16:14 am)작업중 정지 [d:828][t:14:20:23]
[I](2022-11-28  09:16:14 am)    [LNo:0016] 000083/002311
[I](2022-11-28  09:16:23 am)작업중 정지 [d:828][t:14:20:32]
[I](2022-11-28  09:16:23 am)    [LNo:0016] 000086/002311
[I](2022-11-28  09:16:25 am)작업중 정지 [d:828][t:14:20:34]
[I](2022-11-28  09:16:25 am)    [LNo:0016] 000086/002311
[I](2022-11-28  09:16:27 am)작업중 정지 [d:828][t:14:20:36]
[I](2022-11-28  09:16:27 am)    [LNo:0016] 000086/002311
[I](2022-11-28  09:16:27 am)작업중 정지 [d:828][t:14:20:37]
[I](2022-11-28  09:16:27 am)    [LNo:0016] 000086/002311
[I](2022-11-28  09:16:31 am)작업중 정지 [d:828][t:14:20:40]
[I](2022-11-28  09:16:31 am)    [LNo:0016] 000088/002311
[A](2022-11-28  09:16:31 am)[001] 와이어 미동작
[I](2022-11-28  09:17:12 am)작업중 정지 [d:828][t:14:21:21]
[I](2022-11-28  09:17:12 am)    [LNo:0016] 000156/002311
[I](2022-11-28  09:19:30 am)작업 재시작
[I](2022-11-28  09:19:31 am)작업중 정지 [d:828][t:14:23:40]
[I](2022-11-28  09:19:31 am)    [LNo:0016] 000159/002311
[I](2022-11-28  09:20:18 am)작업 재시작
[I](2022-11-28  09:20:36 am)작업중 정지 [d:829][t:14:24:45]
[I](2022-11-28  09:20:36 am)    [LNo:0016] 000159/002311
[I](2022-11-28  09:22:42 am)Reset
[I](2022-11-28  09:22:43 am)Reset
[I](2022-11-28  09:29:18 am)Reset
[I](2022-11-28  09:29:19 am)Reset
[I](2022-11-28  09:29:27 am)작업 시작 [Start d:965]
[I](2022-11-28  09:29:27 am)Nc File: [No.0016-255.NC]
[I](2022-11-28  09:29:27 am)  * Start Machine Position
[I](2022-11-28  09:29:27 am)    X:    776.4103
[I](2022-11-28  09:29:27 am)    Y:   -370.2633
[I](2022-11-28  09:29:27 am)    U:      0.0000
[I](2022-11-28  09:29:27 am)    V:      0.0000
[I](2022-11-28  09:29:27 am)    Z:     30.2771
[I](2022-11-28  09:29:27 am)  * Angle
[I](2022-11-28  09:29:27 am)    Ar:     -0.0352,Kr:      0.0000
[I](2022-11-28  09:29:27 am)    Taper_Ar:      0.0000
[I](2022-11-28  09:29:34 am)작업중 정지 [d:0][t:00:00:06]
[I](2022-11-28  09:29:34 am)    [LNo:0016] 000083/002311
[I](2022-11-28  10:26:20 am)작업중 정지 [d:-933][t:00:56:52]
[I](2022-11-28  10:26:20 am)    [LNo:0016] 000165/002311
[I](2022-11-28  10:26:20 am)작업중 M코드정지 [d:-933][t:00:56:53]
[I](2022-11-28  10:29:28 am)작업중 정지 [d:-933][t:01:00:00]
[I](2022-11-28  10:29:28 am)    [LNo:0016] 001012/002311
[I](2022-11-28  10:31:30 am)작업중 정지 [d:-931][t:01:02:02]
[I](2022-11-28  10:31:30 am)    [LNo:0016] 001025/002311
[I](2022-11-28  10:31:30 am)작업중 M코드정지 [d:-931][t:01:02:02]
[I](2022-11-28  10:32:16 am)작업중 정지 [d:-931][t:01:02:49]
[I](2022-11-28  10:32:16 am)    [LNo:0016] 001026/002311
[I](2022-11-28  10:32:54 am)작업 재시작
[I](2022-11-28  10:35:33 am)작업중 정지 [d:-929][t:01:06:05]
[I](2022-11-28  10:35:33 am)    [LNo:0016] 001048/002311
[I](2022-11-28  10:35:33 am)작업중 M코드정지 [d:-929][t:01:06:05]
[I](2022-11-28  10:37:29 am)작업중 정지 [d:-928][t:01:08:01]
[I](2022-11-28  10:37:29 am)    [LNo:0016] 001049/002311
[I](2022-11-28  10:38:01 am)작업 재시작
[I](2022-11-28  10:40:33 am)작업중 정지 [d:-926][t:01:11:06]
[I](2022-11-28  10:40:33 am)    [LNo:0016] 001071/002311
[I](2022-11-28  10:40:33 am)작업중 M코드정지 [d:-926][t:01:11:06]
[I](2022-11-28  10:44:13 am)작업중 정지 [d:-926][t:01:14:45]
[I](2022-11-28  10:44:13 am)    [LNo:0016] 001072/002311
[I](2022-11-28  10:44:41 am)작업 재시작
[I](2022-11-28  10:47:16 am)작업중 정지 [d:-925][t:01:17:48]
[I](2022-11-28  10:47:16 am)    [LNo:0016] 001093/002311
[I](2022-11-28  10:47:16 am)작업중 M코드정지 [d:-925][t:01:17:48]
[I](2022-11-28  10:47:52 am)작업중 정지 [d:-925][t:01:18:25]
[I](2022-11-28  10:47:52 am)    [LNo:0016] 001094/002311
[I](2022-11-28  10:47:52 am)Wire Contact Auto Stop(M52)
[I](2022-11-28  10:48:13 am)작업 재시작
[I](2022-11-28  10:50:57 am)작업중 정지 [d:-924][t:01:21:29]
[I](2022-11-28  10:50:57 am)    [LNo:0016] 001114/002311
[I](2022-11-28  10:50:57 am)작업중 M코드정지 [d:-924][t:01:21:29]
[I](2022-11-28  10:52:51 am)작업중 정지 [d:-924][t:01:23:23]
[I](2022-11-28  10:52:51 am)    [LNo:0016] 001115/002311
[I](2022-11-28  10:53:11 am)작업 재시작
[I](2022-11-28  10:55:35 am)작업중 정지 [d:-922][t:01:26:08]
[I](2022-11-28  10:55:35 am)    [LNo:0016] 001135/002311
[I](2022-11-28  10:55:35 am)작업중 M코드정지 [d:-922][t:01:26:08]
[I](2022-11-28  10:57:03 am)작업중 정지 [d:-922][t:01:27:36]
[I](2022-11-28  10:57:03 am)    [LNo:0016] 001136/002311
[I](2022-11-28  10:57:03 am)Wire Contact Auto Stop(M52)
[I](2022-11-28  10:57:08 am)작업 재시작
[I](2022-11-28  10:57:08 am)작업중 정지 [d:-922][t:01:27:41]
[I](2022-11-28  10:57:08 am)    [LNo:0016] 001136/002311
[I](2022-11-28  10:57:31 am)작업 재시작
[I](2022-11-28  10:59:58 am)작업중 정지 [d:-921][t:01:30:30]
[I](2022-11-28  10:59:58 am)    [LNo:0016] 001156/002311
[I](2022-11-28  10:59:58 am)작업중 M코드정지 [d:-921][t:01:30:30]
[I](2022-11-28  11:01:43 am)작업중 정지 [d:-921][t:01:32:15]
[I](2022-11-28  11:01:43 am)    [LNo:0016] 001157/002311
[I](2022-11-28  11:02:07 am)작업 재시작
[I](2022-11-28  11:04:28 am)작업중 정지 [d:-919][t:01:35:00]
[I](2022-11-28  11:04:28 am)    [LNo:0016] 001177/002311
[I](2022-11-28  11:04:28 am)작업중 M코드정지 [d:-919][t:01:35:00]
[I](2022-11-28  11:09:07 am)작업중 정지 [d:-919][t:01:39:39]
[I](2022-11-28  11:09:07 am)    [LNo:0016] 001178/002311
[I](2022-11-28  11:09:07 am)Wire Contact Auto Stop(M52)
[I](2022-11-28  11:09:37 am)작업 재시작
[I](2022-11-28  11:12:18 am)작업중 정지 [d:-918][t:01:42:50]
[I](2022-11-28  11:12:18 am)    [LNo:0016] 001199/002311
[I](2022-11-28  11:12:18 am)작업중 M코드정지 [d:-918][t:01:42:50]
[I](2022-11-28  11:15:36 am)작업중 정지 [d:-918][t:01:46:08]
[I](2022-11-28  11:15:36 am)    [LNo:0016] 001200/002311
[I](2022-11-28  11:15:57 am)작업 재시작
[I](2022-11-28  11:18:34 am)작업중 정지 [d:-916][t:01:49:06]
[I](2022-11-28  11:18:34 am)    [LNo:0016] 001221/002311
[I](2022-11-28  11:18:34 am)작업중 M코드정지 [d:-916][t:01:49:06]
[I](2022-11-28  11:19:10 am)작업중 정지 [d:-916][t:01:49:42]
[I](2022-11-28  11:19:10 am)    [LNo:0016] 001222/002311
[I](2022-11-28  11:19:33 am)작업 재시작
[I](2022-11-28  11:22:05 am)작업중 정지 [d:-915][t:01:52:37]
[I](2022-11-28  11:22:05 am)    [LNo:0016] 001242/002311
[I](2022-11-28  11:22:05 am)작업중 M코드정지 [d:-915][t:01:52:37]
[I](2022-11-28  11:23:01 am)작업중 정지 [d:-915][t:01:53:33]
[I](2022-11-28  11:23:01 am)    [LNo:0016] 001243/002311
[I](2022-11-28  11:23:27 am)작업 재시작
[I](2022-11-28  11:25:47 am)작업중 정지 [d:-914][t:01:56:19]
[I](2022-11-28  11:25:47 am)    [LNo:0016] 001263/002311
[I](2022-11-28  11:25:47 am)작업중 M코드정지 [d:-914][t:01:56:19]
[I](2022-11-28  11:26:15 am)작업중 정지 [d:-914][t:01:56:47]
[I](2022-11-28  11:26:15 am)    [LNo:0016] 001264/002311
[I](2022-11-28  11:26:39 am)작업 재시작
[I](2022-11-28  11:28:06 am)작업중 정지 [d:-914][t:01:58:38]
[I](2022-11-28  11:28:06 am)    [LNo:0016] 001282/002311
[I](2022-11-28  11:28:46 am)작업 재시작
[I](2022-11-28  11:28:56 am)작업중 정지 [d:-914][t:01:59:28]
[I](2022-11-28  11:28:56 am)    [LNo:0016] 001285/002311
[I](2022-11-28  11:28:56 am)작업중 M코드정지 [d:-914][t:01:59:28]
[I](2022-11-28  11:28:59 am)작업중 정지 [d:-914][t:01:59:31]
[I](2022-11-28  11:28:59 am)    [LNo:0016] 001289/002311
[I](2022-11-28  11:29:01 am)작업중 정지 [d:-914][t:01:59:34]
[I](2022-11-28  11:29:01 am)    [LNo:0016] 001289/002311
[A](2022-11-28  11:29:02 am)[010] 자동결선 Error(M21-절단실패)
[I](2022-11-28  11:29:25 am)작업중 정지 [d:-914][t:01:59:57]
[I](2022-11-28  11:29:25 am)    [LNo:0016] 001307/002311
[I](2022-11-28  11:29:25 am)작업중 M코드정지 [d:-914][t:01:59:57]
[I](2022-11-28  01:13:19 pm)작업중 정지 [d:-818][t:03:43:51]
[I](2022-11-28  01:13:19 pm)    [LNo:0016] 002166/002311
[I](2022-11-28  01:13:19 pm)작업중 M코드정지 [d:-818][t:03:43:51]
[I](2022-11-28  01:13:23 pm)작업중 정지 [d:-818][t:03:43:55]
[I](2022-11-28  01:13:23 pm)    [LNo:0016] 002184/002311
[I](2022-11-28  01:13:23 pm)작업중 M코드정지 [d:-818][t:03:43:55]
[I](2022-11-28  01:28:21 pm)작업중 정지 [d:-803][t:03:58:53]
[I](2022-11-28  01:28:21 pm)    [LNo:0016] 002206/002311
[I](2022-11-28  01:28:21 pm)작업중 M코드정지 [d:-803][t:03:58:53]
[I](2022-11-28  01:28:51 pm)작업중 정지 [d:-803][t:03:59:24]
[I](2022-11-28  01:28:51 pm)    [LNo:0016] 002207/002311
[I](2022-11-28  01:28:51 pm)Wire Contact Auto Stop(M52)
[I](2022-11-28  01:29:52 pm)작업 재시작
[I](2022-11-28  01:29:55 pm)작업중 정지 [d:-803][t:04:00:27]
[I](2022-11-28  01:29:55 pm)    [LNo:0016] 002208/002311
[I](2022-11-28  01:29:55 pm)작업중 M코드정지 [d:-803][t:04:00:27]
[I](2022-11-28  01:35:47 pm)작업중 정지 [d:-799][t:04:06:19]
[I](2022-11-28  01:35:47 pm)    [LNo:0016] 002227/002311
[I](2022-11-28  01:35:47 pm)작업중 M코드정지 [d:-799][t:04:06:19]
[I](2022-11-28  01:38:55 pm)작업중 정지 [d:-799][t:04:09:27]
[I](2022-11-28  01:38:55 pm)    [LNo:0016] 002228/002311
[I](2022-11-28  01:38:55 pm)Wire Contact Auto Stop(M52)
[I](2022-11-28  01:39:22 pm)작업 재시작
[I](2022-11-28  01:39:25 pm)작업중 정지 [d:-799][t:04:09:57]
[I](2022-11-28  01:39:25 pm)    [LNo:0016] 002229/002311
[I](2022-11-28  01:39:25 pm)작업중 M코드정지 [d:-799][t:04:09:57]
[I](2022-11-28  01:50:45 pm)작업중 정지 [d:-789][t:04:21:17]
[I](2022-11-28  01:50:45 pm)    [LNo:0016] 002251/002311
[I](2022-11-28  01:50:45 pm)작업중 M코드정지 [d:-789][t:04:21:17]
[I](2022-11-28  01:51:29 pm)작업중 정지 [d:-789][t:04:22:01]
[I](2022-11-28  01:51:29 pm)    [LNo:0016] 002252/002311
[I](2022-11-28  01:51:29 pm)Wire Contact Auto Stop(M52)
[I](2022-11-28  01:51:51 pm)작업 재시작
[I](2022-11-28  01:51:54 pm)작업중 정지 [d:-789][t:04:22:26]
[I](2022-11-28  01:51:54 pm)    [LNo:0016] 002252/002311
[A](2022-11-28  01:52:27 pm)[037] 자동결선 잔여 WIRE 처리 실패!!
[I](2022-11-28  01:53:02 pm)Reset
[I](2022-11-28  01:53:03 pm)Reset
[I](2022-11-28  01:53:22 pm)작업 시작 [Start d:176]
[I](2022-11-28  01:53:22 pm)Nc File: [No.0017-256.NC]
[I](2022-11-28  01:53:22 pm)  * Start Machine Position
[I](2022-11-28  01:53:22 pm)    X:    776.4103
[I](2022-11-28  01:53:22 pm)    Y:   -370.2633
[I](2022-11-28  01:53:22 pm)    U:      0.0000
[I](2022-11-28  01:53:22 pm)    V:      0.0000
[I](2022-11-28  01:53:22 pm)    Z:     30.2771
[I](2022-11-28  01:53:22 pm)  * Angle
[I](2022-11-28  01:53:22 pm)    Ar:     -0.0352,Kr:      0.0000
[I](2022-11-28  01:53:22 pm)    Taper_Ar:      0.0000
[I](2022-11-28  01:56:45 pm)작업중 정지 [d:2][t:00:03:22]
[I](2022-11-28  01:56:45 pm)    [LNo:0017] 001739/002005
[A](2022-11-28  01:56:45 pm)[008] 작업중 단선(AWF Feed Motor Stop )
[I](2022-11-28  01:56:45 pm)작업중 Wire 단선 [d:2][t:00:03:22]
[I](2022-11-28  01:57:54 pm)작업 재시작
[I](2022-11-28  02:06:14 pm)작업중 정지 [d:10][t:00:12:52]
[I](2022-11-28  02:06:14 pm)    [LNo:0017] 001742/002005
[I](2022-11-28  02:06:14 pm)작업중 M코드정지 [d:10][t:00:12:52]
[I](2022-11-28  02:07:03 pm)작업중 정지 [d:10][t:00:13:41]
[I](2022-11-28  02:07:03 pm)    [LNo:0017] 001743/002005
[I](2022-11-28  02:07:42 pm)작업 재시작
[I](2022-11-28  02:07:48 pm)작업중 정지 [d:10][t:00:14:25]
[I](2022-11-28  02:07:48 pm)    [LNo:0017] 001745/002005
[I](2022-11-28  02:07:48 pm)작업중 M코드정지 [d:10][t:00:14:26]
[I](2022-11-28  02:54:26 pm)작업중 정지 [d:56][t:01:01:04]
[I](2022-11-28  02:54:26 pm)    [LNo:0017] 001855/002005
[I](2022-11-28  02:54:26 pm)작업중 M코드정지 [d:56][t:01:01:04]
[I](2022-11-28  02:58:31 pm)작업중 정지 [d:57][t:01:05:09]
[I](2022-11-28  02:58:31 pm)    [LNo:0017] 001857/002005
[I](2022-11-28  02:58:31 pm)작업중 M코드정지 [d:57][t:01:05:09]
[I](2022-11-28  03:09:46 pm)작업중 정지 [d:67][t:01:16:24]
[I](2022-11-28  03:09:46 pm)    [LNo:0017] 001880/002005
[I](2022-11-28  03:09:46 pm)작업중 M코드정지 [d:67][t:01:16:24]
[I](2022-11-28  03:13:06 pm)작업중 정지 [d:67][t:01:19:44]
[I](2022-11-28  03:13:06 pm)    [LNo:0017] 001882/002005
[I](2022-11-28  03:13:31 pm)작업 재시작
[I](2022-11-28  03:13:32 pm)작업중 정지 [d:67][t:01:20:09]
[I](2022-11-28  03:13:32 pm)    [LNo:0017] 001883/002005
[I](2022-11-28  03:13:32 pm)작업중 M코드정지 [d:67][t:01:20:09]
[I](2022-11-28  03:17:25 pm)작업중 정지 [d:70][t:01:24:03]
[I](2022-11-28  03:17:25 pm)    [LNo:0017] 001932/002005
[A](2022-11-28  03:17:25 pm)[008] 작업중 단선(AWF Feed Motor Stop )
[I](2022-11-28  03:17:25 pm)작업중 Wire 단선 [d:70][t:01:24:03]
[I](2022-11-28  03:18:31 pm)작업 재시작
[I](2022-11-28  04:01:15 pm)작업중 정지 [d:112][t:02:07:53]
[I](2022-11-28  04:01:15 pm)    [LNo:0017] 001993/002005
[I](2022-11-28  04:01:15 pm)작업중 M코드정지 [d:112][t:02:07:53]
[I](2022-11-28  04:02:29 pm)작업중 정지 [d:112][t:02:09:07]
[I](2022-11-28  04:02:29 pm)    [LNo:0017] 001995/002005
[I](2022-11-28  04:02:29 pm)작업중 M코드정지 [d:112][t:02:09:07]
[I](2022-11-28  04:06:26 pm)Reset
[I](2022-11-28  04:06:35 pm)Reset
[I](2022-11-28  04:06:35 pm)Reset
[I](2022-11-28  04:06:35 pm)Reset
[I](2022-11-28  04:06:36 pm)Reset
[I](2022-11-28  04:06:36 pm)Reset
[I](2022-11-28  04:06:37 pm)Reset
[I](2022-11-28  04:06:37 pm)Reset
[I](2022-11-28  04:09:02 pm)Reset
[I](2022-11-28  04:09:18 pm)Reset
[I](2022-11-28  04:09:27 pm)작업 시작 [Start d:288]
[I](2022-11-28  04:09:27 pm)Nc File: [No.0015-683.NC]
[I](2022-11-28  04:09:27 pm)  * Start Machine Position
[I](2022-11-28  04:09:27 pm)    X:    158.1615
[I](2022-11-28  04:09:27 pm)    Y:   -453.7112
[I](2022-11-28  04:09:27 pm)    U:      0.0000
[I](2022-11-28  04:09:27 pm)    V:      0.0000
[I](2022-11-28  04:09:27 pm)    Z:     30.1826
[I](2022-11-28  04:09:27 pm)  * Angle
[I](2022-11-28  04:09:27 pm)    Ar:      0.3175,Kr:      0.0000
[I](2022-11-28  04:09:27 pm)    Taper_Ar:      0.0000
[I](2022-11-28  04:09:28 pm)작업중 정지 [d:0][t:00:00:00]
[I](2022-11-28  04:09:28 pm)    [LNo:0015] 000005/003694
[I](2022-11-28  04:10:00 pm)작업중 정지 [d:0][t:00:00:33]
[I](2022-11-28  04:10:00 pm)    [LNo:0015] 000010/003694
[I](2022-11-28  04:10:28 pm)작업중 정지 [d:0][t:00:01:00]
[I](2022-11-28  04:10:28 pm)    [LNo:0015] 002188/003694
[I](2022-11-28  04:10:31 pm)Reset
[I](2022-11-28  04:10:36 pm)Reset
[I](2022-11-28  04:10:40 pm)작업 시작 [Start d:288]
[I](2022-11-28  04:10:40 pm)Nc File: [No.0015-683.NC]
[I](2022-11-28  04:10:40 pm)  * Start Machine Position
[I](2022-11-28  04:10:40 pm)    X:    158.1615
[I](2022-11-28  04:10:40 pm)    Y:   -453.7112
[I](2022-11-28  04:10:40 pm)    U:      0.0000
[I](2022-11-28  04:10:40 pm)    V:      0.0000
[I](2022-11-28  04:10:40 pm)    Z:     30.1826
[I](2022-11-28  04:10:40 pm)  * Angle
[I](2022-11-28  04:10:40 pm)    Ar:      0.3175,Kr:      0.0000
[I](2022-11-28  04:10:40 pm)    Taper_Ar:      0.0000
[I](2022-11-28  04:10:40 pm)작업중 정지 [d:0][t:00:00:00]
[I](2022-11-28  04:10:40 pm)    [LNo:0015] 000005/003694
[I](2022-11-28  04:11:57 pm)작업중 정지 [d:0][t:00:01:17]
[I](2022-11-28  04:11:57 pm)    [LNo:0015] 002942/003694
[I](2022-11-28  04:19:21 pm)작업중 정지 [d:7][t:00:08:40]
[I](2022-11-28  04:19:21 pm)    [LNo:0015] 002956/003694
[I](2022-11-28  04:19:21 pm)작업중 M코드정지 [d:7][t:00:08:40]
[I](2022-11-28  04:20:24 pm)작업중 정지 [d:8][t:00:09:44]
[I](2022-11-28  04:20:24 pm)    [LNo:0015] 002958/003694
[I](2022-11-28  04:20:24 pm)작업중 M코드정지 [d:8][t:00:09:44]
[I](2022-11-28  04:28:29 pm)작업중 정지 [d:15][t:00:17:48]
[I](2022-11-28  04:28:29 pm)    [LNo:0015] 002980/003694
[I](2022-11-28  04:28:29 pm)작업중 M코드정지 [d:15][t:00:17:48]
[I](2022-11-28  04:31:00 pm)작업중 정지 [d:15][t:00:20:20]
[I](2022-11-28  04:31:00 pm)    [LNo:0015] 002981/003694
[I](2022-11-28  04:31:00 pm)Wire Contact Auto Stop(M52)
[I](2022-11-28  04:31:31 pm)작업 재시작
[I](2022-11-28  04:31:33 pm)작업중 정지 [d:15][t:00:20:53]
[I](2022-11-28  04:31:33 pm)    [LNo:0015] 002982/003694
[I](2022-11-28  04:31:33 pm)작업중 M코드정지 [d:15][t:00:20:53]
[I](2022-11-28  04:39:46 pm)작업중 정지 [d:22][t:00:29:05]
[I](2022-11-28  04:39:46 pm)    [LNo:0015] 003004/003694
[I](2022-11-28  04:39:46 pm)작업중 M코드정지 [d:22][t:00:29:05]
[I](2022-11-28  04:43:37 pm)작업중 정지 [d:22][t:00:32:56]
[I](2022-11-28  04:43:37 pm)    [LNo:0015] 003005/003694
[I](2022-11-28  04:43:37 pm)Wire Contact Auto Stop(M52)
[I](2022-11-28  04:44:09 pm)작업 재시작
[I](2022-11-28  04:44:11 pm)작업중 정지 [d:22][t:00:33:31]
[I](2022-11-28  04:44:11 pm)    [LNo:0015] 003006/003694
[I](2022-11-28  04:44:11 pm)작업중 M코드정지 [d:22][t:00:33:31]
[I](2022-11-28  04:48:03 pm)작업중 정지 [d:24][t:00:37:22]
[I](2022-11-28  04:48:03 pm)    [LNo:0015] 003025/003694
[I](2022-11-28  04:48:03 pm)작업중 M코드정지 [d:24][t:00:37:23]
[I](2022-11-28  04:49:45 pm)작업중 정지 [d:24][t:00:39:05]
[I](2022-11-28  04:49:45 pm)    [LNo:0015] 003026/003694
[I](2022-11-28  04:49:45 pm)Wire Contact Auto Stop(M52)
[I](2022-11-28  04:50:36 pm)작업 재시작
[I](2022-11-28  04:50:39 pm)작업중 정지 [d:24][t:00:39:58]
[I](2022-11-28  04:50:39 pm)    [LNo:0015] 003027/003694
[I](2022-11-28  04:50:39 pm)작업중 M코드정지 [d:24][t:00:39:58]
[I](2022-11-28  04:53:50 pm)작업중 정지 [d:26][t:00:43:09]
[I](2022-11-28  04:53:50 pm)    [LNo:0015] 003046/003694
[I](2022-11-28  04:53:50 pm)작업중 M코드정지 [d:26][t:00:43:09]
[I](2022-11-28  04:56:07 pm)작업중 정지 [d:26][t:00:45:26]
[I](2022-11-28  04:56:07 pm)    [LNo:0015] 003047/003694
[I](2022-11-28  04:56:07 pm)Wire Contact Auto Stop(M52)
[I](2022-11-28  04:56:31 pm)작업 재시작
[I](2022-11-28  04:56:34 pm)작업중 정지 [d:26][t:00:45:54]
[I](2022-11-28  04:56:34 pm)    [LNo:0015] 003048/003694
[I](2022-11-28  04:56:34 pm)작업중 M코드정지 [d:26][t:00:45:54]
[I](2022-11-28  05:01:15 pm)작업중 정지 [d:29][t:00:50:35]
[I](2022-11-28  05:01:15 pm)    [LNo:0015] 003070/003694
[I](2022-11-28  05:01:15 pm)작업중 M코드정지 [d:29][t:00:50:35]
[I](2022-11-28  05:01:45 pm)작업중 정지 [d:29][t:00:51:04]
[I](2022-11-28  05:01:45 pm)    [LNo:0015] 003071/003694
[I](2022-11-28  05:01:45 pm)Wire Contact Auto Stop(M52)
[I](2022-11-28  05:02:05 pm)작업 재시작
[I](2022-11-28  05:02:07 pm)작업중 정지 [d:29][t:00:51:27]
[I](2022-11-28  05:02:07 pm)    [LNo:0015] 003072/003694
[I](2022-11-28  05:02:07 pm)작업중 M코드정지 [d:29][t:00:51:27]
[I](2022-11-28  05:06:45 pm)작업중 정지 [d:33][t:00:56:04]
[I](2022-11-28  05:06:45 pm)    [LNo:0015] 003094/003694
[I](2022-11-28  05:06:45 pm)작업중 M코드정지 [d:33][t:00:56:04]
[I](2022-11-28  05:08:26 pm)작업중 정지 [d:33][t:00:57:46]
[I](2022-11-28  05:08:26 pm)    [LNo:0015] 003095/003694
[I](2022-11-28  05:08:26 pm)Wire Contact Auto Stop(M52)
[I](2022-11-28  05:08:57 pm)작업 재시작
[I](2022-11-28  05:09:00 pm)작업중 정지 [d:33][t:00:58:19]
[I](2022-11-28  05:09:00 pm)    [LNo:0015] 003096/003694
[I](2022-11-28  05:09:00 pm)작업중 M코드정지 [d:33][t:00:58:19]
[I](2022-11-28  05:14:49 pm)작업중 정지 [d:38][t:01:04:09]
[I](2022-11-28  05:14:49 pm)    [LNo:0015] 003118/003694
[I](2022-11-28  05:14:49 pm)작업중 M코드정지 [d:38][t:01:04:09]
[I](2022-11-28  05:15:03 pm)작업중 정지 [d:38][t:01:04:22]
[I](2022-11-28  05:15:03 pm)    [LNo:0015] 003119/003694
[I](2022-11-28  05:15:03 pm)Wire Contact Auto Stop(M52)
[I](2022-11-28  05:15:35 pm)작업 재시작
[I](2022-11-28  05:15:39 pm)작업중 정지 [d:38][t:01:04:58]
[I](2022-11-28  05:15:39 pm)    [LNo:0015] 003120/003694
[I](2022-11-28  05:15:39 pm)작업중 M코드정지 [d:38][t:01:04:58]
[I](2022-11-28  05:22:00 pm)작업중 정지 [d:42][t:01:11:20]
[I](2022-11-28  05:22:00 pm)    [LNo:0015] 003142/003694
[I](2022-11-28  05:22:00 pm)작업중 M코드정지 [d:42][t:01:11:20]
[I](2022-11-28  05:22:41 pm)작업중 정지 [d:42][t:01:12:00]
[I](2022-11-28  05:22:41 pm)    [LNo:0015] 003143/003694
[I](2022-11-28  05:22:41 pm)Wire Contact Auto Stop(M52)
[I](2022-11-28  05:23:01 pm)작업 재시작
[I](2022-11-28  05:23:03 pm)작업중 정지 [d:42][t:01:12:23]
[I](2022-11-28  05:23:03 pm)    [LNo:0015] 003144/003694
[I](2022-11-28  05:23:03 pm)작업중 M코드정지 [d:42][t:01:12:23]
[I](2022-11-28  05:28:53 pm)작업중 정지 [d:47][t:01:18:13]
[I](2022-11-28  05:28:53 pm)    [LNo:0015] 003166/003694
[I](2022-11-28  05:28:53 pm)작업중 M코드정지 [d:47][t:01:18:13]
[I](2022-11-28  05:30:37 pm)작업중 정지 [d:47][t:01:19:57]
[I](2022-11-28  05:30:37 pm)    [LNo:0015] 003167/003694
[I](2022-11-28  05:30:37 pm)Wire Contact Auto Stop(M52)
[I](2022-11-28  05:31:01 pm)작업 재시작
[I](2022-11-28  05:31:04 pm)작업중 정지 [d:47][t:01:20:23]
[I](2022-11-28  05:31:04 pm)    [LNo:0015] 003168/003694
[I](2022-11-28  05:31:04 pm)작업중 M코드정지 [d:47][t:01:20:23]
[I](2022-11-28  05:35:57 pm)작업중 정지 [d:51][t:01:25:16]
[I](2022-11-28  05:35:57 pm)    [LNo:0015] 003190/003694
[I](2022-11-28  05:35:57 pm)작업중 M코드정지 [d:51][t:01:25:16]
[I](2022-11-28  05:39:24 pm)작업중 정지 [d:51][t:01:28:44]
[I](2022-11-28  05:39:24 pm)    [LNo:0015] 003191/003694
[I](2022-11-28  05:39:24 pm)Wire Contact Auto Stop(M52)
[I](2022-11-28  05:39:55 pm)작업 재시작
[I](2022-11-28  05:39:57 pm)작업중 정지 [d:51][t:01:29:17]
[I](2022-11-28  05:39:57 pm)    [LNo:0015] 003192/003694
[I](2022-11-28  05:39:57 pm)작업중 M코드정지 [d:51][t:01:29:17]
[I](2022-11-28  05:44:47 pm)작업중 정지 [d:55][t:01:34:06]
[I](2022-11-28  05:44:47 pm)    [LNo:0015] 003214/003694
[I](2022-11-28  05:44:47 pm)작업중 M코드정지 [d:55][t:01:34:06]
[I](2022-11-28  05:45:02 pm)작업중 정지 [d:55][t:01:34:22]
[I](2022-11-28  05:45:02 pm)    [LNo:0015] 003215/003694
[I](2022-11-28  05:45:02 pm)Wire Contact Auto Stop(M52)
[I](2022-11-28  05:45:08 pm)작업 재시작
[I](2022-11-28  05:45:11 pm)작업중 정지 [d:55][t:01:34:30]
[I](2022-11-28  05:45:11 pm)    [LNo:0015] 003215/003694
[I](2022-11-28  05:45:33 pm)작업 재시작
[I](2022-11-28  05:45:38 pm)작업중 정지 [d:55][t:01:34:58]
[I](2022-11-28  05:45:38 pm)    [LNo:0015] 003216/003694
[I](2022-11-28  05:45:38 pm)작업중 M코드정지 [d:55][t:01:34:58]
[I](2022-11-28  05:51:05 pm)작업중 정지 [d:59][t:01:40:25]
[I](2022-11-28  05:51:05 pm)    [LNo:0015] 003240/003694
[I](2022-11-28  05:51:05 pm)작업중 M코드정지 [d:59][t:01:40:25]
[I](2022-11-28  05:52:39 pm)작업중 정지 [d:59][t:01:41:59]
[I](2022-11-28  05:52:39 pm)    [LNo:0015] 003241/003694
[I](2022-11-28  05:52:40 pm)Wire Contact Auto Stop(M52)
[I](2022-11-28  05:53:06 pm)작업 재시작
[I](2022-11-28  05:53:08 pm)작업중 정지 [d:59][t:01:42:28]
[I](2022-11-28  05:53:08 pm)    [LNo:0015] 003242/003694
[I](2022-11-28  05:53:08 pm)작업중 M코드정지 [d:59][t:01:42:28]
[I](2022-11-28  05:58:58 pm)작업중 정지 [d:63][t:01:48:18]
[I](2022-11-28  05:58:58 pm)    [LNo:0015] 003266/003694
[I](2022-11-28  05:58:58 pm)작업중 M코드정지 [d:63][t:01:48:18]
[I](2022-11-28  05:59:18 pm)작업중 정지 [d:64][t:01:48:37]
[I](2022-11-28  05:59:18 pm)    [LNo:0015] 003267/003694
[I](2022-11-28  05:59:18 pm)Wire Contact Auto Stop(M52)
[I](2022-11-28  05:59:58 pm)작업 재시작
[I](2022-11-28  06:00:00 pm)작업중 정지 [d:64][t:01:49:19]
[I](2022-11-28  06:00:00 pm)    [LNo:0015] 003268/003694
[I](2022-11-28  06:00:00 pm)작업중 M코드정지 [d:64][t:01:49:20]
[I](2022-11-28  06:05:28 pm)작업중 정지 [d:69][t:01:54:48]
[I](2022-11-28  06:05:28 pm)    [LNo:0015] 003292/003694
[I](2022-11-28  06:05:28 pm)작업중 M코드정지 [d:69][t:01:54:48]
[I](2022-11-28  06:07:02 pm)작업중 정지 [d:69][t:01:56:21]
[I](2022-11-28  06:07:02 pm)    [LNo:0015] 003293/003694
[I](2022-11-28  06:07:02 pm)Wire Contact Auto Stop(M52)
[I](2022-11-28  06:07:26 pm)작업 재시작
[I](2022-11-28  06:07:30 pm)작업중 정지 [d:69][t:01:56:49]
[I](2022-11-28  06:07:30 pm)    [LNo:0015] 003294/003694
[I](2022-11-28  06:07:30 pm)작업중 M코드정지 [d:69][t:01:56:49]
[I](2022-11-28  06:13:15 pm)작업중 정지 [d:73][t:02:02:35]
[I](2022-11-28  06:13:15 pm)    [LNo:0015] 003319/003694
[I](2022-11-28  06:13:15 pm)작업중 M코드정지 [d:73][t:02:02:35]
[I](2022-11-28  06:16:42 pm)작업중 정지 [d:73][t:02:06:02]
[I](2022-11-28  06:16:42 pm)    [LNo:0015] 003320/003694
[I](2022-11-28  06:16:42 pm)Wire Contact Auto Stop(M52)
[I](2022-11-28  06:17:04 pm)작업 재시작
[I](2022-11-28  06:17:06 pm)작업중 정지 [d:73][t:02:06:26]
[I](2022-11-28  06:17:06 pm)    [LNo:0015] 003321/003694
[I](2022-11-28  06:17:06 pm)작업중 M코드정지 [d:73][t:02:06:26]
[I](2022-11-28  06:24:11 pm)작업중 정지 [d:78][t:02:13:31]
[I](2022-11-28  06:24:11 pm)    [LNo:0015] 003349/003694
[I](2022-11-28  06:24:11 pm)작업중 M코드정지 [d:78][t:02:13:31]
[I](2022-11-28  06:24:29 pm)작업중 정지 [d:78][t:02:13:48]
[I](2022-11-28  06:24:29 pm)    [LNo:0015] 003350/003694
[I](2022-11-28  06:24:29 pm)Wire Contact Auto Stop(M52)
[I](2022-11-28  06:24:36 pm)작업 재시작
[I](2022-11-28  06:24:39 pm)작업중 정지 [d:78][t:02:13:59]
[I](2022-11-28  06:24:39 pm)    [LNo:0015] 003350/003694
[I](2022-11-28  06:25:00 pm)작업 재시작
[I](2022-11-28  06:25:06 pm)작업중 정지 [d:78][t:02:14:25]
[I](2022-11-28  06:25:06 pm)    [LNo:0015] 003351/003694
[I](2022-11-28  06:25:06 pm)작업중 M코드정지 [d:78][t:02:14:26]
[I](2022-11-28  06:31:20 pm)작업중 정지 [d:84][t:02:20:39]
[I](2022-11-28  06:31:20 pm)    [LNo:0015] 003379/003694
[I](2022-11-28  06:31:20 pm)작업중 M코드정지 [d:84][t:02:20:39]
[I](2022-11-28  06:32:01 pm)작업중 정지 [d:84][t:02:21:21]
[I](2022-11-28  06:32:01 pm)    [LNo:0015] 003380/003694
[I](2022-11-28  06:32:02 pm)Wire Contact Auto Stop(M52)
[I](2022-11-28  06:32:07 pm)작업 재시작
[I](2022-11-28  06:32:10 pm)작업중 정지 [d:84][t:02:21:30]
[I](2022-11-28  06:32:10 pm)    [LNo:0015] 003380/003694
[I](2022-11-28  06:32:37 pm)작업 재시작
[I](2022-11-28  06:32:42 pm)작업중 정지 [d:84][t:02:22:02]
[I](2022-11-28  06:32:42 pm)    [LNo:0015] 003381/003694
[I](2022-11-28  06:32:42 pm)작업중 M코드정지 [d:84][t:02:22:02]
[I](2022-11-28  06:39:41 pm)작업중 정지 [d:90][t:02:29:01]
[I](2022-11-28  06:39:41 pm)    [LNo:0015] 003409/003694
[I](2022-11-28  06:39:41 pm)작업중 M코드정지 [d:90][t:02:29:01]
[I](2022-11-28  06:40:53 pm)작업중 정지 [d:90][t:02:30:12]
[I](2022-11-28  06:40:53 pm)    [LNo:0015] 003410/003694
[I](2022-11-28  06:40:53 pm)Wire Contact Auto Stop(M52)
[I](2022-11-28  06:41:19 pm)작업 재시작
[I](2022-11-28  06:41:22 pm)작업중 정지 [d:90][t:02:30:41]
[I](2022-11-28  06:41:22 pm)    [LNo:0015] 003411/003694
[I](2022-11-28  06:41:22 pm)작업중 M코드정지 [d:90][t:02:30:42]
[I](2022-11-28  06:47:19 pm)작업중 정지 [d:95][t:02:36:39]
[I](2022-11-28  06:47:19 pm)    [LNo:0015] 003439/003694
[I](2022-11-28  06:47:19 pm)작업중 M코드정지 [d:95][t:02:36:39]
[I](2022-11-28  06:47:38 pm)작업중 정지 [d:95][t:02:36:57]
[I](2022-11-28  06:47:38 pm)    [LNo:0015] 003440/003694
[I](2022-11-28  06:47:38 pm)Wire Contact Auto Stop(M52)
[I](2022-11-28  06:48:07 pm)작업 재시작
[I](2022-11-28  06:48:09 pm)작업중 정지 [d:95][t:02:37:29]
[I](2022-11-28  06:48:09 pm)    [LNo:0015] 003441/003694
[I](2022-11-28  06:48:09 pm)작업중 M코드정지 [d:95][t:02:37:29]
[I](2022-11-28  06:55:21 pm)작업중 정지 [d:102][t:02:44:41]
[I](2022-11-28  06:55:21 pm)    [LNo:0015] 003470/003694
[I](2022-11-28  06:55:21 pm)Wire Contact Auto Stop(M52)
[I](2022-11-28  06:55:27 pm)작업 재시작
[I](2022-11-28  06:55:28 pm)작업중 정지 [d:102][t:02:44:48]
[I](2022-11-28  06:55:28 pm)    [LNo:0015] 003470/003694
[A](2022-11-28  06:56:23 pm)[037] 자동결선 잔여 WIRE 처리 실패!!
[I](2022-11-28  07:02:01 pm)Reset
[I](2022-11-28  07:08:34 pm)Reset
[I](2022-11-28  07:10:36 pm)Reset
[A](2022-11-28  07:11:05 pm)[037] 자동결선 잔여 WIRE 처리 실패!!
[I](2022-11-28  07:11:20 pm)Reset
[I](2022-11-28  07:12:19 pm)Reset
[I](2022-11-28  07:12:54 pm)작업 시작 [Start d:0]
[I](2022-11-28  07:12:54 pm)Nc File: [No.0018-267.NC *]
[I](2022-11-28  07:12:54 pm)  * Start Machine Position
[I](2022-11-28  07:12:54 pm)    X:    725.5018
[I](2022-11-28  07:12:54 pm)    Y:   -539.5108
[I](2022-11-28  07:12:54 pm)    U:      0.0000
[I](2022-11-28  07:12:54 pm)    V:      0.0000
[I](2022-11-28  07:12:54 pm)    Z:     11.0026
[I](2022-11-28  07:12:54 pm)  * Angle
[I](2022-11-28  07:12:54 pm)    Ar:     -0.2070,Kr:      0.0000
[I](2022-11-28  07:12:54 pm)    Taper_Ar:      0.0000
[I](2022-11-28  07:13:35 pm)작업중 정지 [d:0][t:00:00:40]
[I](2022-11-28  07:13:35 pm)    [LNo:0018] 000187/007139
[I](2022-11-28  07:14:07 pm)작업중 정지 [d:0][t:00:01:13]
[I](2022-11-28  07:14:07 pm)    [LNo:0018] 000189/007139
[I](2022-11-28  07:14:34 pm)작업중 정지 [d:0][t:00:01:40]
[I](2022-11-28  07:14:34 pm)    [LNo:0018] 002111/007139
[I](2022-11-28  07:15:23 pm)작업중 정지 [d:0][t:00:02:29]
[I](2022-11-28  07:15:23 pm)    [LNo:0018] 002112/007139
[I](2022-11-28  07:16:24 pm)작업중 정지 [d:0][t:00:03:29]
[I](2022-11-28  07:16:24 pm)    [LNo:0018] 005422/007139
[I](2022-11-28  07:18:22 pm)Reset
[I](2022-11-28  07:18:30 pm)작업 시작 [Start d:0]
[I](2022-11-28  07:18:30 pm)Nc File: [No.0018-267.NC *]
[I](2022-11-28  07:18:30 pm)  * Start Machine Position
[I](2022-11-28  07:18:30 pm)    X:    725.5018
[I](2022-11-28  07:18:30 pm)    Y:   -539.5108
[I](2022-11-28  07:18:30 pm)    U:      0.0000
[I](2022-11-28  07:18:30 pm)    V:      0.0000
[I](2022-11-28  07:18:30 pm)    Z:     11.0026
[I](2022-11-28  07:18:30 pm)  * Angle
[I](2022-11-28  07:18:30 pm)    Ar:     -0.2070,Kr:      0.0000
[I](2022-11-28  07:18:30 pm)    Taper_Ar:      0.0000
[I](2022-11-28  07:19:07 pm)작업중 정지 [d:0][t:00:00:36]
[I](2022-11-28  07:19:07 pm)    [LNo:0018] 006809/007139
[I](2022-11-28  07:20:49 pm)작업중 정지 [d:0][t:00:02:19]
[I](2022-11-28  07:20:49 pm)    [LNo:0018] 006817/007139
[I](2022-11-28  07:21:24 pm)Reset
[I](2022-11-28  07:21:24 pm)Reset
[I](2022-11-28  07:21:45 pm)Reset
[I](2022-11-28  07:21:45 pm)Reset
[I](2022-11-28  07:21:49 pm)작업 시작 [Start d:0]
[I](2022-11-28  07:21:49 pm)Nc File: [No.0018-267.NC *]
[I](2022-11-28  07:21:49 pm)  * Start Machine Position
[I](2022-11-28  07:21:49 pm)    X:    725.5018
[I](2022-11-28  07:21:49 pm)    Y:   -539.5108
[I](2022-11-28  07:21:49 pm)    U:      0.0000
[I](2022-11-28  07:21:49 pm)    V:      0.0000
[I](2022-11-28  07:21:49 pm)    Z:     11.0026
[I](2022-11-28  07:21:49 pm)  * Angle
[I](2022-11-28  07:21:49 pm)    Ar:     -0.2070,Kr:      0.0000
[I](2022-11-28  07:21:49 pm)    Taper_Ar:      0.0000
[I](2022-11-28  07:29:48 pm)작업중 정지 [d:8][t:00:07:59]
[I](2022-11-28  07:29:48 pm)    [LNo:0018] 000023/007139
[A](2022-11-28  07:30:28 pm)[037] 자동결선 잔여 WIRE 처리 실패!!
[I](2022-11-28  07:31:56 pm)작업 재시작
[I](2022-11-28  07:32:07 pm)작업중 정지 [d:8][t:00:10:18]
[I](2022-11-28  07:32:07 pm)    [LNo:0018] 000024/007139
[I](2022-11-28  07:32:07 pm)작업중 M코드정지 [d:8][t:00:10:18]
[I](2022-11-28  07:32:15 pm)작업중 정지 [d:8][t:00:10:26]
[I](2022-11-28  07:32:15 pm)    [LNo:0018] 000027/007139
[I](2022-11-28  07:36:00 pm)작업중 정지 [d:11][t:00:14:11]
[I](2022-11-28  07:36:00 pm)    [LNo:0018] 000104/007139
[I](2022-11-28  07:36:00 pm)작업중 M코드정지 [d:11][t:00:14:11]
[A](2022-11-28  07:36:19 pm)[037] 자동결선 잔여 WIRE 처리 실패!!
[I](2022-11-28  09:28:03 pm)작업중 정지 [d:92][t:02:06:14]
[I](2022-11-28  09:28:03 pm)    [LNo:0018] 002354/007139
[A](2022-11-28  09:28:03 pm)[008] 작업중 단선(AWF Feed Motor Stop )
[I](2022-11-28  09:28:03 pm)작업중 Wire 단선 [d:92][t:02:06:14]
[I](2022-11-28  09:29:05 pm)작업 재시작
