[I](2022-10-30  12:14:52 am)작업중 정지 [d:513][t:09:04:14]
[I](2022-10-30  12:14:52 am)    [LNo:0010] 000476/001642
[A](2022-10-30  12:14:52 am)[008] 작업중 단선(AWF Feed Motor Stop )
[I](2022-10-30  12:14:52 am)작업중 Wire 단선 [d:513][t:09:04:14]
[I](2022-10-30  12:16:06 am)작업 재시작
[I](2022-10-30  02:20:29 am)작업중 정지 [d:633][t:11:09:51]
[I](2022-10-30  02:20:29 am)    [LNo:0010] 000584/001642
[A](2022-10-30  02:20:29 am)[008] 작업중 단선(AWF Feed Motor Stop )
[I](2022-10-30  02:20:29 am)작업중 Wire 단선 [d:633][t:11:09:51]
[A](2022-10-30  08:26:10 am)[082] 냉각기 이상 발생 - 점검 요망
[I](2022-10-30  08:32:35 am)작업 재시작
[I](2022-10-30  08:32:39 am)작업중 정지 [d:633][t:17:22:01]
[I](2022-10-30  08:32:39 am)    [LNo:0010] 000584/001642
[A](2022-10-30  08:32:39 am)[008] 작업중 단선(AWF Feed Motor Stop )
[I](2022-10-30  08:32:39 am)작업중 Wire 단선 [d:633][t:17:22:01]
[A](2022-10-30  08:36:10 am)[041] AWF 명령끝날때까지 센서감지(타임아웃) 안됨
[I](2022-10-30  09:08:51 am)작업 재시작
[I](2022-10-30  09:08:51 am)작업중 정지 [d:633][t:17:58:13]
[I](2022-10-30  09:08:51 am)    [LNo:0010] 000584/001642
[A](2022-10-30  09:08:51 am)[008] 작업중 단선(AWF Feed Motor Stop )
[I](2022-10-30  09:08:51 am)작업중 Wire 단선 [d:633][t:17:58:13]
[I](2022-10-30  09:14:53 am)작업 재시작
[I](2022-10-30  09:14:55 am)작업중 정지 [d:633][t:18:04:17]
[I](2022-10-30  09:14:55 am)    [LNo:0010] 000584/001642
[A](2022-10-30  09:14:55 am)[008] 작업중 단선(AWF Feed Motor Stop )
[I](2022-10-30  09:14:55 am)작업중 Wire 단선 [d:633][t:18:04:17]
[A](2022-10-30  09:15:30 am)[001] 와이어 미동작
[I](2022-10-30  09:17:04 am)작업 재시작
[I](2022-10-30  09:17:10 am)작업중 정지 [d:633][t:18:06:32]
[I](2022-10-30  09:17:10 am)    [LNo:0010] 000584/001642
[I](2022-10-30  09:17:14 am)작업 재시작
[I](2022-10-30  09:17:16 am)작업중 정지 [d:633][t:18:06:38]
[I](2022-10-30  09:17:16 am)    [LNo:0010] 000584/001642
[I](2022-10-30  09:17:37 am)작업 재시작
[I](2022-10-30  09:18:06 am)작업중 정지 [d:633][t:18:07:28]
[I](2022-10-30  09:18:06 am)    [LNo:0010] 000593/001642
[I](2022-10-30  09:22:36 am)작업중 정지 [d:4][t:18:11:58]
[I](2022-10-30  09:22:36 am)    [LNo:0010] 000611/001642
[A](2022-10-30  09:22:36 am)[008] 작업중 단선(AWF Feed Motor Stop )
[I](2022-10-30  09:22:36 am)작업중 Wire 단선 [d:4][t:18:11:58]
[I](2022-10-30  09:23:44 am)작업 재시작
[I](2022-10-30  09:52:23 am)작업중 정지 [d:32][t:18:41:45]
[I](2022-10-30  09:52:23 am)    [LNo:0010] 000638/001642
[A](2022-10-30  09:52:23 am)[008] 작업중 단선(AWF Feed Motor Stop )
[I](2022-10-30  09:52:23 am)작업중 Wire 단선 [d:32][t:18:41:45]
[I](2022-10-30  09:53:30 am)작업 재시작
[I](2022-10-30  10:24:01 am)작업중 정지 [d:62][t:19:13:23]
[I](2022-10-30  10:24:01 am)    [LNo:0010] 000665/001642
[A](2022-10-30  10:24:01 am)[008] 작업중 단선(AWF Feed Motor Stop )
[I](2022-10-30  10:24:01 am)작업중 Wire 단선 [d:62][t:19:13:23]
[I](2022-10-30  10:25:12 am)작업 재시작
[I](2022-10-30  10:43:02 am)작업중 정지 [d:80][t:19:32:24]
[I](2022-10-30  10:43:02 am)    [LNo:0010] 000673/001642
[A](2022-10-30  10:43:02 am)[008] 작업중 단선(AWF Feed Motor Stop )
[I](2022-10-30  10:43:02 am)작업중 Wire 단선 [d:80][t:19:32:24]
[I](2022-10-30  10:44:14 am)작업 재시작
[I](2022-10-30  10:55:56 am)작업중 정지 [d:91][t:19:45:18]
[I](2022-10-30  10:55:56 am)    [LNo:0010] 000692/001642
[A](2022-10-30  10:55:56 am)[008] 작업중 단선(AWF Feed Motor Stop )
[I](2022-10-30  10:55:56 am)작업중 Wire 단선 [d:91][t:19:45:18]
[I](2022-10-30  10:57:54 am)작업 재시작
[I](2022-10-30  11:29:20 am)작업중 정지 [d:121][t:20:18:42]
[I](2022-10-30  11:29:20 am)    [LNo:0010] 000719/001642
[A](2022-10-30  11:29:20 am)[008] 작업중 단선(AWF Feed Motor Stop )
[I](2022-10-30  11:29:20 am)작업중 Wire 단선 [d:121][t:20:18:42]
[I](2022-10-30  11:30:43 am)작업 재시작
[I](2022-10-30  12:22:24 pm)작업중 정지 [d:172][t:21:11:45]
[I](2022-10-30  12:22:24 pm)    [LNo:0010] 000754/001642
[A](2022-10-30  12:22:24 pm)[008] 작업중 단선(AWF Feed Motor Stop )
[I](2022-10-30  12:22:24 pm)작업중 Wire 단선 [d:172][t:21:11:46]
[I](2022-10-30  12:28:45 pm)작업 재시작
[I](2022-10-30  01:21:25 pm)작업중 정지 [d:223][t:22:10:47]
[I](2022-10-30  01:21:25 pm)    [LNo:0010] 000804/001642
[A](2022-10-30  01:21:25 pm)[008] 작업중 단선(AWF Feed Motor Stop )
[I](2022-10-30  01:21:25 pm)작업중 Wire 단선 [d:223][t:22:10:47]
[I](2022-10-30  01:22:33 pm)작업 재시작
[I](2022-10-30  02:10:52 pm)작업중 정지 [d:270][t:23:00:13]
[I](2022-10-30  02:10:52 pm)    [LNo:0010] 000856/001642
[A](2022-10-30  02:10:52 pm)[008] 작업중 단선(AWF Feed Motor Stop )
[I](2022-10-30  02:10:52 pm)작업중 Wire 단선 [d:270][t:23:00:13]
[I](2022-10-30  02:12:04 pm)작업 재시작
[I](2022-10-30  02:25:52 pm)작업중 정지 [d:284][t:23:15:14]
[I](2022-10-30  02:25:52 pm)    [LNo:0010] 000860/001642
[A](2022-10-30  02:25:52 pm)[008] 작업중 단선(AWF Feed Motor Stop )
[I](2022-10-30  02:25:52 pm)작업중 Wire 단선 [d:284][t:23:15:14]
[I](2022-10-30  02:28:28 pm)작업 재시작
[I](2022-10-30  02:57:39 pm)작업중 정지 [d:312][t:23:47:01]
[I](2022-10-30  02:57:39 pm)    [LNo:0010] 000887/001642
[I](2022-10-30  02:59:59 pm)작업 재시작
[I](2022-10-30  03:16:19 pm)작업중 정지 [d:327][t:00:05:41]
[I](2022-10-30  03:16:19 pm)    [LNo:0010] 000908/001642
[A](2022-10-30  03:16:19 pm)[008] 작업중 단선(AWF Feed Motor Stop )
[I](2022-10-30  03:16:19 pm)작업중 Wire 단선 [d:327][t:00:05:41]
[I](2022-10-30  03:17:25 pm)작업 재시작
[I](2022-10-30  03:36:59 pm)작업중 정지 [d:347][t:00:26:21]
[I](2022-10-30  03:36:59 pm)    [LNo:0010] 000916/001642
[A](2022-10-30  03:36:59 pm)[008] 작업중 단선(AWF Feed Motor Stop )
[I](2022-10-30  03:36:59 pm)작업중 Wire 단선 [d:347][t:00:26:21]
[I](2022-10-30  03:37:10 pm)작업 재시작
[I](2022-10-30  03:44:39 pm)작업중 정지 [d:354][t:00:34:00]
[I](2022-10-30  03:44:39 pm)    [LNo:0010] 000916/001642
[I](2022-10-30  03:44:39 pm)작업중 M코드정지 [d:354][t:00:34:00]
[I](2022-10-30  03:45:38 pm)작업중 정지 [d:354][t:00:35:00]
[I](2022-10-30  03:45:38 pm)    [LNo:0010] 000493/001642
[I](2022-10-30  03:48:35 pm)작업중 정지 [d:356][t:00:37:57]
[I](2022-10-30  03:48:35 pm)    [LNo:0010] 000507/001642
[I](2022-10-30  03:48:35 pm)작업중 30sec 접촉 정지 [d:356][t:00:37:57]
[I](2022-10-30  03:49:27 pm)작업 재시작
[I](2022-10-30  03:49:44 pm)작업중 정지 [d:356][t:00:39:05]
[I](2022-10-30  03:49:44 pm)    [LNo:0010] 000507/001642
[I](2022-10-30  03:49:44 pm)작업 재시작
[I](2022-10-30  03:49:54 pm)작업중 정지 [d:356][t:00:39:16]
[I](2022-10-30  03:49:54 pm)    [LNo:0010] 000512/001642
[I](2022-10-30  03:49:58 pm)작업중 정지 [d:356][t:00:39:19]
[I](2022-10-30  03:49:58 pm)    [LNo:0010] 000512/001642
[A](2022-10-30  03:49:58 pm)[010] 자동결선 Error(M21-절단실패)
[I](2022-10-30  03:49:59 pm)작업중 정지 [d:356][t:00:39:21]
[I](2022-10-30  03:49:59 pm)    [LNo:0010] 000517/001642
[I](2022-10-30  03:50:02 pm)작업 재시작
[I](2022-10-30  03:50:05 pm)작업중 정지 [d:356][t:00:39:27]
[I](2022-10-30  03:50:05 pm)    [LNo:0010] 000518/001642
[I](2022-10-30  03:50:18 pm)작업중 정지 [d:356][t:00:39:40]
[I](2022-10-30  03:50:18 pm)    [LNo:0010] 000547/001642
[I](2022-10-30  03:50:36 pm)작업중 정지 [d:356][t:00:39:57]
[I](2022-10-30  03:50:36 pm)    [LNo:0010] 000574/001642
[I](2022-10-30  03:53:31 pm)작업중 정지 [d:358][t:00:42:53]
[I](2022-10-30  03:53:31 pm)    [LNo:0010] 000584/001642
[A](2022-10-30  03:53:31 pm)[008] 작업중 단선(AWF Feed Motor Stop )
[I](2022-10-30  03:53:31 pm)작업중 Wire 단선 [d:358][t:00:42:53]
[I](2022-10-30  03:54:33 pm)작업 재시작
[I](2022-10-30  03:54:36 pm)작업중 정지 [d:358][t:00:43:58]
[I](2022-10-30  03:54:36 pm)    [LNo:0010] 000584/001642
[A](2022-10-30  03:54:36 pm)[008] 작업중 단선(AWF Feed Motor Stop )
[I](2022-10-30  03:54:36 pm)작업중 Wire 단선 [d:358][t:00:43:58]
[I](2022-10-30  03:55:42 pm)작업 재시작
[I](2022-10-30  04:22:04 pm)작업중 정지 [d:385][t:01:11:26]
[I](2022-10-30  04:22:04 pm)    [LNo:0010] 000592/001642
[I](2022-10-30  04:22:04 pm)작업중 M코드정지 [d:385][t:01:11:26]
[I](2022-10-30  04:57:23 pm)Reset
[I](2022-10-30  04:57:23 pm)Reset
[I](2022-10-30  04:57:28 pm)Reset
[I](2022-10-30  04:57:28 pm)Reset
[I](2022-10-30  05:00:31 pm)Reset
[I](2022-10-30  05:00:32 pm)Reset
[I](2022-10-30  05:02:08 pm)Reset
[I](2022-10-30  05:02:08 pm)Reset
[I](2022-10-30  05:02:25 pm)Reset
[I](2022-10-30  05:03:07 pm)Reset
[I](2022-10-30  05:03:08 pm)Reset
[I](2022-10-30  05:04:46 pm)Reset
[I](2022-10-30  05:04:46 pm)Reset
[I](2022-10-30  05:04:50 pm)Reset
[I](2022-10-30  05:04:50 pm)Reset
[I](2022-10-30  05:07:21 pm)Reset
[I](2022-10-30  05:07:22 pm)Reset
[I](2022-10-30  05:08:08 pm)Reset
[I](2022-10-30  05:08:09 pm)Reset
[I](2022-10-30  05:09:32 pm)Reset
[I](2022-10-30  05:09:53 pm)Reset
[I](2022-10-30  05:09:54 pm)Reset
[I](2022-10-30  05:10:22 pm)Reset
[I](2022-10-30  05:11:02 pm)Reset
[I](2022-10-30  05:11:25 pm)Reset
[A](2022-10-30  05:12:27 pm)[041] AWF 명령끝날때까지 센서감지(타임아웃) 안됨
[A](2022-10-30  05:12:38 pm)[041] AWF 명령끝날때까지 센서감지(타임아웃) 안됨
[I](2022-10-30  05:15:24 pm)Reset
[I](2022-10-30  05:15:45 pm)Reset
[I](2022-10-30  05:17:27 pm)Reset
[I](2022-10-30  05:17:45 pm)Reset
[I](2022-10-30  05:21:33 pm)작업 시작 [Start d:385]
[I](2022-10-30  05:21:33 pm)Nc File: [No.0011-FFX  WALL  황.정삭.NC]
[I](2022-10-30  05:21:33 pm)  * Start Machine Position
[I](2022-10-30  05:21:33 pm)    X:    842.3069
[I](2022-10-30  05:21:33 pm)    Y:   -550.2664
[I](2022-10-30  05:21:33 pm)    U:      0.0000
[I](2022-10-30  05:21:33 pm)    V:      0.0000
[I](2022-10-30  05:21:33 pm)    Z:     44.0533
[I](2022-10-30  05:21:33 pm)  * Angle
[I](2022-10-30  05:21:33 pm)    Ar:      0.0320,Kr:      0.0000
[I](2022-10-30  05:21:33 pm)    Taper_Ar:      0.0000
[I](2022-10-30  05:21:47 pm)작업중 정지 [d:0][t:00:00:13]
[I](2022-10-30  05:21:47 pm)    [LNo:0011] 000010/002313
[I](2022-10-30  05:21:47 pm)작업중 M코드정지 [d:0][t:00:00:13]
[I](2022-10-30  05:22:07 pm)작업중 정지 [d:0][t:00:00:34]
[I](2022-10-30  05:22:07 pm)    [LNo:0011] 000013/002313
[I](2022-10-30  05:33:47 pm)작업중 정지 [d:11][t:00:12:14]
[I](2022-10-30  05:33:47 pm)    [LNo:0011] 000031/002313
[I](2022-10-30  05:33:47 pm)작업중 M코드정지 [d:11][t:00:12:14]
[I](2022-10-30  07:04:48 pm)작업중 정지 [d:33][t:01:43:15]
[I](2022-10-30  07:04:48 pm)    [LNo:0011] 000129/002313
[I](2022-10-30  07:15:55 pm)작업 재시작
[A](2022-10-30  07:58:48 pm)[003] 배전반 이상
[I](2022-10-30  07:58:48 pm)작업중 정지 [d:-346][t:02:37:15]
[I](2022-10-30  07:58:48 pm)    [LNo:0011] 000289/002313
[I](2022-10-30  08:11:07 pm)작업 재시작
[I](2022-10-30  11:43:42 pm)작업중 정지 [d:-149][t:06:22:09]
[I](2022-10-30  11:43:42 pm)    [LNo:0011] 001090/002313
[A](2022-10-30  11:43:43 pm)[008] 작업중 단선(AWF Feed Motor Stop )
[I](2022-10-30  11:43:43 pm)작업중 Wire 단선 [d:-149][t:06:22:09]
[I](2022-10-30  11:43:54 pm)작업 재시작
