[I](2022-11-04  02:51:19 am)작업중 정지 [d:401][t:07:32:20]
[I](2022-11-04  02:51:19 am)    [LNo:0011] 002301/002313
[I](2022-11-04  02:51:19 am)작업중 M코드정지 [d:401][t:07:32:20]
[I](2022-11-04  08:20:51 am)작업중 정지 [d:401][t:13:01:52]
[I](2022-11-04  08:20:51 am)    [LNo:0011] 002302/002313
[A](2022-11-04  08:20:51 am)[008] 작업중 단선(AWF Feed Motor Stop )
[I](2022-11-04  08:20:51 am)작업중 Wire 단선 [d:401][t:13:01:53]
[I](2022-11-04  08:21:03 am)작업 재시작
[I](2022-11-04  08:21:33 am)작업중 정지 [d:402][t:13:02:34]
[I](2022-11-04  08:21:33 am)    [LNo:0011] 002302/002313
[I](2022-11-04  08:21:33 am)작업중 30sec 접촉 정지 [d:402][t:13:02:34]
[I](2022-11-04  08:23:47 am)작업 재시작
[I](2022-11-04  08:23:51 am)작업중 정지 [d:402][t:13:04:52]
[I](2022-11-04  08:23:51 am)    [LNo:0011] 002302/002313
[I](2022-11-04  08:33:46 am)Reset
[I](2022-11-04  09:44:31 am)Reset
[I](2022-11-04  09:44:31 am)Reset
[I](2022-11-04  09:50:40 am)Reset
[I](2022-11-04  09:50:40 am)Reset
[I](2022-11-04  10:12:04 am)Reset
[I](2022-11-04  10:12:05 am)Reset
[I](2022-11-04  10:12:23 am)Reset
[I](2022-11-04  10:12:23 am)Reset
[I](2022-11-04  10:31:58 am)Reset
[I](2022-11-04  10:34:44 am)Reset
[I](2022-11-04  10:34:54 am)Reset
[I](2022-11-04  10:34:58 am)Reset
[I](2022-11-04  10:35:15 am)Reset
[I](2022-11-04  10:35:28 am)Reset
[A](2022-11-04  10:35:50 am)[037] 자동결선 잔여 WIRE 처리 실패!!
[I](2022-11-04  10:36:17 am)Reset
[I](2022-11-04  10:36:25 am)Reset
[I](2022-11-04  10:37:53 am)작업 시작 [Start d:0]
[I](2022-11-04  10:37:53 am)Nc File: [No.0012-381.NC]
[I](2022-11-04  10:37:53 am)  * Start Machine Position
[I](2022-11-04  10:37:53 am)    X:     72.2503
[I](2022-11-04  10:37:53 am)    Y:   -491.9930
[I](2022-11-04  10:37:53 am)    U:      0.0000
[I](2022-11-04  10:37:53 am)    V:      0.0000
[I](2022-11-04  10:37:53 am)    Z:     27.6088
[I](2022-11-04  10:37:53 am)  * Angle
[I](2022-11-04  10:37:53 am)    Ar:     -0.9741,Kr:      0.0000
[I](2022-11-04  10:37:53 am)    Taper_Ar:      0.0000
[I](2022-11-04  11:28:11 am)작업중 정지 [d:49][t:00:50:18]
[I](2022-11-04  11:28:11 am)    [LNo:0012] 000038/000158
[I](2022-11-04  11:28:11 am)작업중 M코드정지 [d:49][t:00:50:18]
[I](2022-11-04  11:31:08 am)작업중 정지 [d:49][t:00:53:14]
[I](2022-11-04  11:31:08 am)    [LNo:0012] 000042/000158
[I](2022-11-04  11:31:08 am)작업중 M코드정지 [d:49][t:00:53:14]
[I](2022-11-04  12:00:45 pm)작업중 정지 [d:78][t:01:22:52]
[I](2022-11-04  12:00:45 pm)    [LNo:0012] 000062/000158
[I](2022-11-04  12:00:46 pm)작업중 M코드정지 [d:78][t:01:22:52]
[A](2022-11-04  12:02:32 pm)[037] 자동결선 잔여 WIRE 처리 실패!!
[I](2022-11-04  12:14:20 pm)작업중 정지 [d:89][t:01:36:27]
[I](2022-11-04  12:14:20 pm)    [LNo:0012] 000084/000158
[I](2022-11-04  12:14:20 pm)작업중 M코드정지 [d:89][t:01:36:27]
[I](2022-11-04  12:16:45 pm)작업중 정지 [d:89][t:01:38:51]
[I](2022-11-04  12:16:45 pm)    [LNo:0012] 000086/000158
[I](2022-11-04  12:17:11 pm)작업 재시작
[I](2022-11-04  12:17:16 pm)작업중 정지 [d:89][t:01:39:23]
[I](2022-11-04  12:17:16 pm)    [LNo:0012] 000088/000158
[I](2022-11-04  12:17:16 pm)작업중 M코드정지 [d:89][t:01:39:23]
[I](2022-11-04  12:22:19 pm)작업중 정지 [d:93][t:01:44:26]
[I](2022-11-04  12:22:19 pm)    [LNo:0012] 000106/000158
[I](2022-11-04  12:22:19 pm)작업중 M코드정지 [d:93][t:01:44:26]
[I](2022-11-04  12:45:33 pm)작업중 정지 [d:104][t:02:07:40]
[I](2022-11-04  12:45:33 pm)    [LNo:0012] 000128/000158
[I](2022-11-04  12:45:33 pm)작업중 M코드정지 [d:104][t:02:07:40]
[I](2022-11-04  12:46:22 pm)작업중 정지 [d:105][t:02:08:28]
[I](2022-11-04  12:46:22 pm)    [LNo:0012] 000130/000158
[I](2022-11-04  12:46:43 pm)작업 재시작
[I](2022-11-04  12:46:49 pm)작업중 정지 [d:105][t:02:08:56]
[I](2022-11-04  12:46:49 pm)    [LNo:0012] 000132/000158
[I](2022-11-04  12:46:49 pm)작업중 M코드정지 [d:105][t:02:08:56]
[I](2022-11-04  12:51:45 pm)작업중 정지 [d:110][t:02:13:52]
[I](2022-11-04  12:51:45 pm)    [LNo:0012] 000151/000158
[I](2022-11-04  12:59:26 pm)Reset
[I](2022-11-04  12:59:27 pm)Reset
[I](2022-11-04  12:59:34 pm)Reset
[I](2022-11-04  12:59:34 pm)Reset
[I](2022-11-04  12:59:58 pm)Reset
[I](2022-11-04  12:59:59 pm)Reset
[I](2022-11-04  01:00:49 pm)Reset
[I](2022-11-04  01:00:49 pm)Reset
[I](2022-11-04  01:00:54 pm)Reset
[I](2022-11-04  01:00:54 pm)Reset
[I](2022-11-04  01:06:42 pm)Reset
[I](2022-11-04  01:07:04 pm)Reset
[I](2022-11-04  01:07:23 pm)Reset
[I](2022-11-04  01:07:27 pm)Reset
[I](2022-11-04  01:08:20 pm)작업 시작 [Start d:110]
[I](2022-11-04  01:08:20 pm)Nc File: [No.0012-381.NC]
[I](2022-11-04  01:08:20 pm)  * Start Machine Position
[I](2022-11-04  01:08:20 pm)    X:     69.7255
[I](2022-11-04  01:08:20 pm)    Y:   -493.1854
[I](2022-11-04  01:08:20 pm)    U:      0.0000
[I](2022-11-04  01:08:20 pm)    V:      0.0000
[I](2022-11-04  01:08:20 pm)    Z:     27.7268
[I](2022-11-04  01:08:20 pm)  * Angle
[I](2022-11-04  01:08:20 pm)    Ar:      0.0495,Kr:      0.0000
[I](2022-11-04  01:08:20 pm)    Taper_Ar:      0.0000
[I](2022-11-04  01:08:21 pm)작업중 정지 [d:0][t:00:00:01]
[I](2022-11-04  01:08:21 pm)    [LNo:0012] 000009/000158
[I](2022-11-04  01:08:21 pm)작업 재시작
[I](2022-11-04  01:59:39 pm)작업중 정지 [d:51][t:00:51:19]
[I](2022-11-04  01:59:39 pm)    [LNo:0012] 000038/000158
[I](2022-11-04  01:59:39 pm)작업중 M코드정지 [d:51][t:00:51:19]
[I](2022-11-04  02:00:34 pm)작업중 정지 [d:51][t:00:52:14]
[I](2022-11-04  02:00:34 pm)    [LNo:0012] 000042/000158
[I](2022-11-04  02:00:34 pm)작업중 M코드정지 [d:51][t:00:52:14]
[I](2022-11-04  02:42:01 pm)작업중 정지 [d:91][t:01:33:40]
[I](2022-11-04  02:42:01 pm)    [LNo:0012] 000084/000158
[I](2022-11-04  02:42:01 pm)작업중 M코드정지 [d:91][t:01:33:40]
[I](2022-11-04  02:43:41 pm)작업중 정지 [d:91][t:01:35:21]
[I](2022-11-04  02:43:41 pm)    [LNo:0012] 000086/000158
[I](2022-11-04  02:44:00 pm)작업 재시작
[I](2022-11-04  02:44:08 pm)작업중 정지 [d:91][t:01:35:48]
[I](2022-11-04  02:44:08 pm)    [LNo:0012] 000088/000158
[I](2022-11-04  02:44:08 pm)작업중 M코드정지 [d:91][t:01:35:48]
[I](2022-11-04  03:00:13 pm)작업중 정지 [d:106][t:01:51:53]
[I](2022-11-04  03:00:13 pm)    [LNo:0012] 000128/000158
[I](2022-11-04  03:00:13 pm)작업중 M코드정지 [d:106][t:01:51:53]
[I](2022-11-04  03:01:29 pm)작업중 정지 [d:107][t:01:53:09]
[I](2022-11-04  03:01:29 pm)    [LNo:0012] 000131/000158
[I](2022-11-04  03:01:49 pm)작업 재시작
[I](2022-11-04  03:01:50 pm)작업중 정지 [d:107][t:01:53:29]
[I](2022-11-04  03:01:50 pm)    [LNo:0012] 000132/000158
[I](2022-11-04  03:01:50 pm)작업중 M코드정지 [d:107][t:01:53:29]
[I](2022-11-04  03:06:58 pm)작업중 정지 [d:111][t:01:58:38]
[I](2022-11-04  03:06:58 pm)    [LNo:0012] 000154/000158
[I](2022-11-04  03:06:58 pm)작업중 M코드정지 [d:111][t:01:58:38]
[I](2022-11-04  03:14:52 pm)Reset
[I](2022-11-04  03:17:01 pm)Reset
[I](2022-11-04  03:17:31 pm)Reset
[I](2022-11-04  03:19:43 pm)Reset
[I](2022-11-04  03:20:39 pm)Reset
[I](2022-11-04  03:20:40 pm)Reset
[I](2022-11-04  03:20:48 pm)Reset
[I](2022-11-04  03:22:06 pm)Reset
[I](2022-11-04  03:22:22 pm)Reset
[I](2022-11-04  03:22:22 pm)Reset
[I](2022-11-04  03:22:25 pm)Reset
[I](2022-11-04  03:22:25 pm)Reset
[I](2022-11-04  03:22:35 pm)Reset
[I](2022-11-04  03:23:44 pm)작업 시작 [Start d:221]
[I](2022-11-04  03:23:44 pm)Nc File: [No.0013-405.NC]
[I](2022-11-04  03:23:44 pm)  * Start Machine Position
[I](2022-11-04  03:23:44 pm)    X:    214.5445
[I](2022-11-04  03:23:44 pm)    Y:   -579.4240
[I](2022-11-04  03:23:44 pm)    U:      0.0000
[I](2022-11-04  03:23:44 pm)    V:      0.0000
[I](2022-11-04  03:23:44 pm)    Z:     28.1468
[I](2022-11-04  03:23:44 pm)  * Angle
[I](2022-11-04  03:23:44 pm)    Ar:     -0.0588,Kr:      0.0000
[I](2022-11-04  03:23:44 pm)    Taper_Ar:      0.0000
[I](2022-11-04  03:39:06 pm)작업중 정지 [d:14][t:00:15:22]
[I](2022-11-04  03:39:06 pm)    [LNo:0013] 000025/000576
[I](2022-11-04  03:39:06 pm)작업중 M코드정지 [d:14][t:00:15:22]
[I](2022-11-04  03:39:35 pm)작업중 정지 [d:14][t:00:15:50]
[I](2022-11-04  03:39:35 pm)    [LNo:0013] 000028/000576
[I](2022-11-04  03:39:35 pm)작업중 M코드정지 [d:14][t:00:15:50]
[I](2022-11-04  03:41:03 pm)Reset
[I](2022-11-04  03:41:19 pm)작업 시작 [Start d:235]
[I](2022-11-04  03:41:19 pm)Nc File: [No.0012-409.NC]
[I](2022-11-04  03:41:19 pm)  * Start Machine Position
[I](2022-11-04  03:41:19 pm)    X:    214.5445
[I](2022-11-04  03:41:19 pm)    Y:   -579.4240
[I](2022-11-04  03:41:19 pm)    U:      0.0000
[I](2022-11-04  03:41:19 pm)    V:      0.0000
[I](2022-11-04  03:41:19 pm)    Z:     28.1468
[I](2022-11-04  03:41:19 pm)  * Angle
[I](2022-11-04  03:41:19 pm)    Ar:     -0.0588,Kr:      0.0000
[I](2022-11-04  03:41:19 pm)    Taper_Ar:      0.0000
[I](2022-11-04  03:42:03 pm)작업중 정지 [d:0][t:00:00:44]
[I](2022-11-04  03:42:03 pm)    [LNo:0012] 000013/000637
[I](2022-11-04  03:42:09 pm)작업중 정지 [d:0][t:00:00:49]
[I](2022-11-04  03:42:09 pm)    [LNo:0012] 000031/000637
[I](2022-11-04  03:42:12 pm)작업 재시작
[I](2022-11-04  03:45:25 pm)작업중 정지 [d:3][t:00:04:06]
[I](2022-11-04  03:45:25 pm)    [LNo:0012] 000049/000637
[I](2022-11-04  03:53:55 pm)작업중 정지 [d:10][t:00:12:36]
[I](2022-11-04  03:53:55 pm)    [LNo:0012] 000068/000637
[I](2022-11-04  03:53:55 pm)작업중 M코드정지 [d:10][t:00:12:36]
[I](2022-11-04  03:54:09 pm)작업중 정지 [d:10][t:00:12:50]
[I](2022-11-04  03:54:09 pm)    [LNo:0012] 000071/000637
[I](2022-11-04  03:54:09 pm)작업중 M코드정지 [d:10][t:00:12:50]
[I](2022-11-04  04:05:46 pm)작업중 정지 [d:20][t:00:24:26]
[I](2022-11-04  04:05:46 pm)    [LNo:0012] 000110/000637
[I](2022-11-04  04:05:46 pm)작업중 M코드정지 [d:20][t:00:24:26]
[I](2022-11-04  04:06:57 pm)작업중 정지 [d:20][t:00:25:37]
[I](2022-11-04  04:06:57 pm)    [LNo:0012] 000113/000637
[I](2022-11-04  04:06:57 pm)작업중 M코드정지 [d:20][t:00:25:37]
[I](2022-11-04  04:19:18 pm)작업중 정지 [d:30][t:00:37:58]
[I](2022-11-04  04:19:18 pm)    [LNo:0012] 000152/000637
[I](2022-11-04  04:19:18 pm)작업중 M코드정지 [d:30][t:00:37:58]
[I](2022-11-04  04:19:52 pm)작업중 정지 [d:30][t:00:38:32]
[I](2022-11-04  04:19:52 pm)    [LNo:0012] 000154/000637
[I](2022-11-04  04:19:52 pm)작업중 M코드정지 [d:30][t:00:38:33]
[I](2022-11-04  04:32:19 pm)작업중 정지 [d:41][t:00:50:59]
[I](2022-11-04  04:32:19 pm)    [LNo:0012] 000194/000637
[I](2022-11-04  04:32:19 pm)작업중 M코드정지 [d:41][t:00:50:59]
[I](2022-11-04  04:35:17 pm)작업중 정지 [d:41][t:00:53:57]
[I](2022-11-04  04:35:17 pm)    [LNo:0012] 000197/000637
[I](2022-11-04  04:35:17 pm)작업중 M코드정지 [d:41][t:00:53:57]
[I](2022-11-04  04:47:29 pm)작업중 정지 [d:52][t:01:06:10]
[I](2022-11-04  04:47:29 pm)    [LNo:0012] 000236/000637
[I](2022-11-04  04:47:29 pm)작업중 M코드정지 [d:52][t:01:06:10]
[I](2022-11-04  04:52:38 pm)작업중 정지 [d:52][t:01:11:19]
[I](2022-11-04  04:52:38 pm)    [LNo:0012] 000239/000637
[I](2022-11-04  04:52:38 pm)작업중 M코드정지 [d:52][t:01:11:19]
[I](2022-11-04  05:05:22 pm)작업중 정지 [d:64][t:01:24:03]
[I](2022-11-04  05:05:22 pm)    [LNo:0012] 000278/000637
[I](2022-11-04  05:05:22 pm)작업중 M코드정지 [d:64][t:01:24:03]
[I](2022-11-04  05:07:14 pm)작업중 정지 [d:64][t:01:25:55]
[I](2022-11-04  05:07:14 pm)    [LNo:0012] 000281/000637
[I](2022-11-04  05:07:14 pm)작업중 M코드정지 [d:64][t:01:25:55]
[I](2022-11-04  05:11:18 pm)작업중 정지 [d:67][t:01:29:59]
[I](2022-11-04  05:11:18 pm)    [LNo:0012] 000301/000637
[A](2022-11-04  05:22:10 pm)[037] 자동결선 잔여 WIRE 처리 실패!!
[I](2022-11-04  05:35:01 pm)작업중 정지 [d:79][t:01:53:42]
[I](2022-11-04  05:35:01 pm)    [LNo:0012] 000318/000637
[I](2022-11-04  05:35:01 pm)Wire Contact Auto Stop(M52)
[I](2022-11-04  05:41:14 pm)작업 재시작
[I](2022-11-04  05:41:16 pm)작업중 정지 [d:79][t:01:59:57]
[I](2022-11-04  05:41:16 pm)    [LNo:0012] 000318/000637
[I](2022-11-04  05:41:34 pm)작업 재시작
[I](2022-11-04  05:41:38 pm)작업중 정지 [d:79][t:02:00:19]
[I](2022-11-04  05:41:38 pm)    [LNo:0012] 000319/000637
[I](2022-11-04  05:41:38 pm)작업중 M코드정지 [d:79][t:02:00:19]
[I](2022-11-04  05:41:51 pm)작업중 정지 [d:79][t:02:00:32]
[I](2022-11-04  05:41:51 pm)    [LNo:0012] 000321/000637
[I](2022-11-04  05:41:51 pm)작업중 M코드정지 [d:79][t:02:00:32]
[I](2022-11-04  05:41:53 pm)작업중 정지 [d:79][t:02:00:34]
[I](2022-11-04  05:41:53 pm)    [LNo:0012] 000324/000637
[I](2022-11-04  05:41:54 pm)작업중 정지 [d:79][t:02:00:35]
[I](2022-11-04  05:41:54 pm)    [LNo:0012] 000324/000637
[I](2022-11-04  05:41:56 pm)작업중 정지 [d:79][t:02:00:37]
[I](2022-11-04  05:41:56 pm)    [LNo:0012] 000324/000637
[A](2022-11-04  05:41:56 pm)[010] 자동결선 Error(M21-절단실패)
[I](2022-11-04  06:08:31 pm)작업중 정지 [d:106][t:02:27:11]
[I](2022-11-04  06:08:31 pm)    [LNo:0012] 000342/000637
[I](2022-11-04  06:08:31 pm)Wire Contact Auto Stop(M52)
[I](2022-11-04  06:13:18 pm)작업 재시작
[I](2022-11-04  06:13:22 pm)작업중 정지 [d:107][t:02:32:03]
[I](2022-11-04  06:13:22 pm)    [LNo:0012] 000343/000637
[I](2022-11-04  06:13:22 pm)작업중 M코드정지 [d:107][t:02:32:03]
[I](2022-11-04  06:13:38 pm)작업중 정지 [d:107][t:02:32:18]
[I](2022-11-04  06:13:38 pm)    [LNo:0012] 000345/000637
[I](2022-11-04  06:13:38 pm)작업중 M코드정지 [d:107][t:02:32:18]
[I](2022-11-04  06:13:41 pm)작업중 정지 [d:107][t:02:32:22]
[I](2022-11-04  06:13:41 pm)    [LNo:0012] 000348/000637
[I](2022-11-04  06:13:43 pm)작업중 정지 [d:107][t:02:32:24]
[I](2022-11-04  06:13:43 pm)    [LNo:0012] 000348/000637
[A](2022-11-04  06:13:43 pm)[010] 자동결선 Error(M21-절단실패)
[I](2022-11-04  06:14:46 pm)작업중 정지 [d:107][t:02:33:27]
[I](2022-11-04  06:14:46 pm)    [LNo:0012] 000354/000637
[A](2022-11-04  06:16:07 pm)[084] Work Tank Fluid Sensor Abnormal
[A](2022-11-04  06:16:08 pm)[084] Work Tank Fluid Sensor Abnormal
[A](2022-11-04  06:16:09 pm)[084] Work Tank Fluid Sensor Abnormal
[A](2022-11-04  06:16:21 pm)[084] Work Tank Fluid Sensor Abnormal
[A](2022-11-04  06:16:23 pm)[084] Work Tank Fluid Sensor Abnormal
[A](2022-11-04  06:16:23 pm)[084] Work Tank Fluid Sensor Abnormal
[A](2022-11-04  06:16:23 pm)[084] Work Tank Fluid Sensor Abnormal
[A](2022-11-04  06:16:23 pm)[084] Work Tank Fluid Sensor Abnormal
[A](2022-11-04  06:16:26 pm)[084] Work Tank Fluid Sensor Abnormal
[A](2022-11-04  06:16:27 pm)[084] Work Tank Fluid Sensor Abnormal
[A](2022-11-04  06:16:27 pm)[084] Work Tank Fluid Sensor Abnormal
[A](2022-11-04  06:16:27 pm)[084] Work Tank Fluid Sensor Abnormal
[A](2022-11-04  06:16:27 pm)[084] Work Tank Fluid Sensor Abnormal
[A](2022-11-04  06:16:27 pm)[084] Work Tank Fluid Sensor Abnormal
[A](2022-11-04  06:16:27 pm)[084] Work Tank Fluid Sensor Abnormal
[A](2022-11-04  06:16:27 pm)[084] Work Tank Fluid Sensor Abnormal
[A](2022-11-04  06:16:28 pm)[084] Work Tank Fluid Sensor Abnormal
[A](2022-11-04  06:16:28 pm)[084] Work Tank Fluid Sensor Abnormal
[A](2022-11-04  06:16:28 pm)[084] Work Tank Fluid Sensor Abnormal
[A](2022-11-04  06:16:28 pm)[084] Work Tank Fluid Sensor Abnormal
[A](2022-11-04  06:16:28 pm)[084] Work Tank Fluid Sensor Abnormal
[A](2022-11-04  06:16:28 pm)[084] Work Tank Fluid Sensor Abnormal
[A](2022-11-04  06:16:29 pm)[084] Work Tank Fluid Sensor Abnormal
[A](2022-11-04  06:16:29 pm)[084] Work Tank Fluid Sensor Abnormal
[A](2022-11-04  06:16:29 pm)[084] Work Tank Fluid Sensor Abnormal
[A](2022-11-04  06:16:29 pm)[084] Work Tank Fluid Sensor Abnormal
[A](2022-11-04  06:16:29 pm)[084] Work Tank Fluid Sensor Abnormal
[A](2022-11-04  06:16:29 pm)[084] Work Tank Fluid Sensor Abnormal
[A](2022-11-04  06:16:29 pm)[084] Work Tank Fluid Sensor Abnormal
[A](2022-11-04  06:16:30 pm)[084] Work Tank Fluid Sensor Abnormal
[A](2022-11-04  06:16:30 pm)[084] Work Tank Fluid Sensor Abnormal
[A](2022-11-04  06:16:30 pm)[084] Work Tank Fluid Sensor Abnormal
[I](2022-11-04  06:19:28 pm)Reset
[I](2022-11-04  06:28:55 pm)Reset
[I](2022-11-04  06:29:23 pm)Reset
[I](2022-11-04  06:30:56 pm)Reset
[I](2022-11-04  06:31:00 pm)Reset
[I](2022-11-04  06:31:00 pm)Reset
[I](2022-11-04  06:31:01 pm)Reset
[I](2022-11-04  06:31:11 pm)Reset
[I](2022-11-04  06:33:32 pm)Reset
[I](2022-11-04  06:33:35 pm)Reset
[I](2022-11-04  06:34:53 pm)Reset
[I](2022-11-04  06:34:56 pm)작업 시작 [Start d:342]
[I](2022-11-04  06:34:56 pm)Nc File: [No.0010-0.31  3호기  FFX  WALL.NC *]
[I](2022-11-04  06:34:56 pm)  * Start Machine Position
[I](2022-11-04  06:34:56 pm)    X:    930.3588
[I](2022-11-04  06:34:56 pm)    Y:   -554.5422
[I](2022-11-04  06:34:56 pm)    U:      0.0000
[I](2022-11-04  06:34:56 pm)    V:      0.0000
[I](2022-11-04  06:34:56 pm)    Z:     44.1038
[I](2022-11-04  06:34:56 pm)  * Angle
[I](2022-11-04  06:34:56 pm)    Ar:     -0.4082,Kr:      0.0000
[I](2022-11-04  06:34:56 pm)    Taper_Ar:      0.0000
[I](2022-11-04  06:34:56 pm)작업중 정지 [d:0][t:00:00:00]
[I](2022-11-04  06:34:56 pm)    [LNo:0010] 000005/001641
[I](2022-11-04  06:35:16 pm)Reset
[I](2022-11-04  06:35:26 pm)작업 시작 [Start d:342]
[I](2022-11-04  06:35:26 pm)Nc File: [No.0010-0.31  3호기  FFX  WALL.NC *]
[I](2022-11-04  06:35:26 pm)  * Start Machine Position
[I](2022-11-04  06:35:26 pm)    X:    930.3588
[I](2022-11-04  06:35:26 pm)    Y:   -554.5422
[I](2022-11-04  06:35:26 pm)    U:      0.0000
[I](2022-11-04  06:35:26 pm)    V:      0.0000
[I](2022-11-04  06:35:26 pm)    Z:     44.1038
[I](2022-11-04  06:35:26 pm)  * Angle
[I](2022-11-04  06:35:26 pm)    Ar:     -0.4082,Kr:      0.0000
[I](2022-11-04  06:35:26 pm)    Taper_Ar:      0.0000
[I](2022-11-04  06:35:45 pm)작업중 정지 [d:0][t:00:00:18]
[I](2022-11-04  06:35:45 pm)    [LNo:0010] 000086/001641
[I](2022-11-04  06:36:15 pm)작업중 정지 [d:0][t:00:00:49]
[I](2022-11-04  06:36:15 pm)    [LNo:0010] 000091/001641
[I](2022-11-04  06:36:22 pm)작업중 정지 [d:0][t:00:00:56]
[I](2022-11-04  06:36:22 pm)    [LNo:0010] 000115/001641
[I](2022-11-04  06:37:13 pm)작업중 정지 [d:-342][t:00:01:46]
[I](2022-11-04  06:37:13 pm)    [LNo:0010] 000118/001641
[I](2022-11-04  06:37:25 pm)작업중 정지 [d:-342][t:00:01:58]
[I](2022-11-04  06:37:25 pm)    [LNo:0010] 000250/001641
[I](2022-11-04  06:38:12 pm)작업중 정지 [d:-342][t:00:02:46]
[I](2022-11-04  06:38:12 pm)    [LNo:0010] 000253/001641
[I](2022-11-04  06:38:27 pm)작업중 정지 [d:-342][t:00:03:01]
[I](2022-11-04  06:38:27 pm)    [LNo:0010] 000520/001641
[I](2022-11-04  06:39:16 pm)작업중 정지 [d:-342][t:00:03:49]
[I](2022-11-04  06:39:16 pm)    [LNo:0010] 000523/001641
[I](2022-11-04  06:39:17 pm)작업중 정지 [d:-342][t:00:03:50]
[I](2022-11-04  06:39:17 pm)    [LNo:0010] 000523/001641
[I](2022-11-04  06:39:36 pm)작업중 정지 [d:-342][t:00:04:10]
[I](2022-11-04  06:39:36 pm)    [LNo:0010] 000790/001641
[I](2022-11-04  06:42:36 pm)Reset
[I](2022-11-04  06:42:37 pm)Reset
[I](2022-11-04  06:42:37 pm)Reset
[I](2022-11-04  06:43:02 pm)Reset
[I](2022-11-04  06:43:03 pm)Reset
[I](2022-11-04  06:43:10 pm)작업 시작 [Start d:0]
[I](2022-11-04  06:43:10 pm)Nc File: [No.0010-0.31  3호기  FFX  WALL.NC *]
[I](2022-11-04  06:43:10 pm)  * Start Machine Position
[I](2022-11-04  06:43:10 pm)    X:    930.3588
[I](2022-11-04  06:43:10 pm)    Y:   -554.5422
[I](2022-11-04  06:43:10 pm)    U:      0.0000
[I](2022-11-04  06:43:10 pm)    V:      0.0000
[I](2022-11-04  06:43:10 pm)    Z:     44.1038
[I](2022-11-04  06:43:10 pm)  * Angle
[I](2022-11-04  06:43:10 pm)    Ar:     -0.4082,Kr:      0.0000
[I](2022-11-04  06:43:10 pm)    Taper_Ar:      0.0000
[I](2022-11-04  07:37:45 pm)작업중 정지 [d:53][t:00:54:35]
[I](2022-11-04  07:37:45 pm)    [LNo:0010] 000069/001641
[A](2022-11-04  07:37:45 pm)[008] 작업중 단선(AWF Feed Motor Stop )
[I](2022-11-04  07:37:45 pm)작업중 Wire 단선 [d:53][t:00:54:35]
[I](2022-11-04  07:38:50 pm)작업 재시작
[I](2022-11-04  08:35:14 pm)작업중 정지 [d:107][t:01:52:04]
[I](2022-11-04  08:35:14 pm)    [LNo:0010] 000123/001641
[A](2022-11-04  08:35:15 pm)[008] 작업중 단선(AWF Feed Motor Stop )
[I](2022-11-04  08:35:15 pm)작업중 Wire 단선 [d:107][t:01:52:04]
[I](2022-11-04  08:36:20 pm)작업 재시작
[I](2022-11-04  08:37:05 pm)작업중 정지 [d:107][t:01:53:55]
[I](2022-11-04  08:37:05 pm)    [LNo:0010] 000123/001641
[A](2022-11-04  08:37:05 pm)[008] 작업중 단선(AWF Feed Motor Stop )
[I](2022-11-04  08:37:05 pm)작업중 Wire 단선 [d:107][t:01:53:55]
[I](2022-11-04  08:38:16 pm)작업 재시작
[I](2022-11-04  10:03:51 pm)작업중 정지 [d:190][t:03:20:41]
[I](2022-11-04  10:03:51 pm)    [LNo:0010] 000204/001641
[A](2022-11-04  10:03:52 pm)[008] 작업중 단선(AWF Feed Motor Stop )
[I](2022-11-04  10:03:52 pm)작업중 Wire 단선 [d:190][t:03:20:41]
[I](2022-11-04  10:04:57 pm)작업 재시작
[I](2022-11-04  10:05:23 pm)작업중 정지 [d:191][t:03:22:13]
[I](2022-11-04  10:05:23 pm)    [LNo:0010] 000204/001641
[A](2022-11-04  10:05:23 pm)[008] 작업중 단선(AWF Feed Motor Stop )
[I](2022-11-04  10:05:23 pm)작업중 Wire 단선 [d:191][t:03:22:13]
[I](2022-11-04  10:08:06 pm)작업 재시작
[I](2022-11-04  10:39:12 pm)작업중 정지 [d:221][t:03:56:02]
[I](2022-11-04  10:39:12 pm)    [LNo:0010] 000231/001641
[A](2022-11-04  10:39:12 pm)[008] 작업중 단선(AWF Feed Motor Stop )
[I](2022-11-04  10:39:12 pm)작업중 Wire 단선 [d:221][t:03:56:02]
[I](2022-11-04  10:40:15 pm)작업 재시작
