[I](2022-12-09  02:22:31 am)작업중 정지 [d:332][t:05:35:04]
[I](2022-12-09  02:22:31 am)    [LNo:0007] 000290/002421
[A](2022-12-09  02:22:31 am)[008] 작업중 단선(AWF Feed Motor Stop )
[I](2022-12-09  02:22:31 am)작업중 Wire 단선 [d:332][t:05:35:04]
[I](2022-12-09  02:23:47 am)작업 재시작
[I](2022-12-09  04:14:14 am)작업중 정지 [d:443][t:07:26:47]
[I](2022-12-09  04:14:14 am)    [LNo:0007] 000353/002421
[A](2022-12-09  04:14:14 am)[008] 작업중 단선(AWF Feed Motor Stop )
[I](2022-12-09  04:14:14 am)작업중 Wire 단선 [d:443][t:07:26:47]
[I](2022-12-09  04:15:17 am)작업 재시작
[I](2022-12-09  05:11:10 am)작업중 정지 [d:499][t:08:23:43]
[I](2022-12-09  05:11:10 am)    [LNo:0007] 000400/002421
[A](2022-12-09  05:11:10 am)[008] 작업중 단선(AWF Feed Motor Stop )
[I](2022-12-09  05:11:10 am)작업중 Wire 단선 [d:499][t:08:23:43]
[I](2022-12-09  05:12:15 am)작업 재시작
[I](2022-12-09  08:32:34 am)작업중 정지 [d:698][t:11:45:07]
[I](2022-12-09  08:32:34 am)    [LNo:0007] 000553/002421
[A](2022-12-09  08:32:34 am)[008] 작업중 단선(AWF Feed Motor Stop )
[I](2022-12-09  08:32:34 am)작업중 Wire 단선 [d:698][t:11:45:07]
[I](2022-12-09  08:33:37 am)작업 재시작
[I](2022-12-09  08:41:01 am)작업중 정지 [d:705][t:11:53:34]
[I](2022-12-09  08:41:01 am)    [LNo:0007] 000557/002421
[I](2022-12-09  08:41:01 am)작업중 M코드정지 [d:705][t:11:53:34]
[I](2022-12-09  08:51:28 am)작업중 정지 [d:705][t:12:04:01]
[I](2022-12-09  08:51:28 am)    [LNo:0007] 001043/002421
[I](2022-12-09  08:53:32 am)작업중 정지 [d:706][t:12:06:06]
[I](2022-12-09  08:53:32 am)    [LNo:0007] 001056/002421
[I](2022-12-09  08:53:33 am)작업중 M코드정지 [d:706][t:12:06:06]
[I](2022-12-09  08:54:29 am)작업중 정지 [d:706][t:12:07:02]
[I](2022-12-09  08:54:29 am)    [LNo:0007] 001057/002421
[A](2022-12-09  08:54:29 am)[008] 작업중 단선(AWF Feed Motor Stop )
[I](2022-12-09  08:54:29 am)작업중 Wire 단선 [d:706][t:12:07:02]
[I](2022-12-09  08:58:34 am)작업 재시작
[I](2022-12-09  08:58:38 am)작업중 정지 [d:706][t:12:11:11]
[I](2022-12-09  08:58:38 am)    [LNo:0007] 001060/002421
[I](2022-12-09  08:58:38 am)작업중 M코드정지 [d:706][t:12:11:11]
[I](2022-12-09  09:01:37 am)작업중 정지 [d:708][t:12:14:11]
[I](2022-12-09  09:01:37 am)    [LNo:0007] 001079/002421
[I](2022-12-09  09:01:38 am)작업중 M코드정지 [d:708][t:12:14:11]
[I](2022-12-09  09:01:54 am)작업중 정지 [d:708][t:12:14:27]
[I](2022-12-09  09:01:54 am)    [LNo:0007] 001080/002421
[A](2022-12-09  09:01:54 am)[008] 작업중 단선(AWF Feed Motor Stop )
[I](2022-12-09  09:01:54 am)작업중 Wire 단선 [d:708][t:12:14:27]
[I](2022-12-09  09:04:37 am)작업 재시작
[I](2022-12-09  09:06:56 am)작업중 정지 [d:709][t:12:19:29]
[I](2022-12-09  09:06:56 am)    [LNo:0007] 001102/002421
[I](2022-12-09  09:06:56 am)작업중 M코드정지 [d:709][t:12:19:29]
[I](2022-12-09  09:08:12 am)작업중 정지 [d:709][t:12:20:45]
[I](2022-12-09  09:08:12 am)    [LNo:0007] 001104/002421
[I](2022-12-09  09:08:45 am)작업 재시작
[I](2022-12-09  09:09:11 am)작업중 정지 [d:709][t:12:21:44]
[I](2022-12-09  09:09:11 am)    [LNo:0007] 001107/002421
[I](2022-12-09  09:09:11 am)작업중 Single Block Stop [d:709][t:12:21:44]
[I](2022-12-09  09:22:58 am)Reset
[I](2022-12-09  09:22:59 am)Reset
[I](2022-12-09  09:23:09 am)Reset
[I](2022-12-09  09:23:19 am)작업 시작 [Start d:0]
[I](2022-12-09  09:23:19 am)Nc File: [No.0006-498.NC]
[I](2022-12-09  09:23:19 am)  * Start Machine Position
[I](2022-12-09  09:23:19 am)    X:    188.7582
[I](2022-12-09  09:23:19 am)    Y:   -314.3817
[I](2022-12-09  09:23:19 am)    U:      0.0000
[I](2022-12-09  09:23:19 am)    V:      0.0000
[I](2022-12-09  09:23:19 am)    Z:     23.2696
[I](2022-12-09  09:23:19 am)  * Angle
[I](2022-12-09  09:23:19 am)    Ar:      0.0547,Kr:      0.0000
[I](2022-12-09  09:23:19 am)    Taper_Ar:      0.0000
[I](2022-12-09  09:23:41 am)작업중 정지 [d:0][t:00:00:22]
[I](2022-12-09  09:23:41 am)    [LNo:0006] 000581/002178
[I](2022-12-09  09:42:24 am)작업중 정지 [d:18][t:00:19:04]
[I](2022-12-09  09:42:24 am)    [LNo:0006] 000605/002178
[I](2022-12-09  09:42:24 am)작업중 M코드정지 [d:18][t:00:19:04]
[I](2022-12-09  09:48:51 am)작업중 정지 [d:18][t:00:25:31]
[I](2022-12-09  09:48:51 am)    [LNo:0006] 000607/002178
[I](2022-12-09  09:49:20 am)작업 재시작
[I](2022-12-09  09:49:24 am)작업중 정지 [d:18][t:00:26:05]
[I](2022-12-09  09:49:24 am)    [LNo:0006] 000609/002178
[I](2022-12-09  09:49:25 am)작업중 M코드정지 [d:18][t:00:26:05]
[I](2022-12-09  10:15:32 am)작업중 정지 [d:43][t:00:52:12]
[I](2022-12-09  10:15:32 am)    [LNo:0006] 000641/002178
[I](2022-12-09  10:15:32 am)작업중 M코드정지 [d:43][t:00:52:12]
[I](2022-12-09  10:18:47 am)작업중 정지 [d:43][t:00:55:27]
[I](2022-12-09  10:18:47 am)    [LNo:0006] 000645/002178
[I](2022-12-09  10:18:47 am)작업중 M코드정지 [d:43][t:00:55:27]
[I](2022-12-09  10:46:25 am)작업중 정지 [d:69][t:01:23:05]
[I](2022-12-09  10:46:25 am)    [LNo:0006] 000677/002178
[I](2022-12-09  10:46:25 am)작업중 M코드정지 [d:69][t:01:23:05]
[I](2022-12-09  10:47:01 am)작업중 정지 [d:69][t:01:23:41]
[I](2022-12-09  10:47:01 am)    [LNo:0006] 000679/002178
[I](2022-12-09  10:47:32 am)작업 재시작
[I](2022-12-09  10:47:36 am)작업중 정지 [d:69][t:01:24:16]
[I](2022-12-09  10:47:36 am)    [LNo:0006] 000681/002178
[I](2022-12-09  10:47:36 am)작업중 M코드정지 [d:69][t:01:24:16]
[I](2022-12-09  10:54:40 am)작업중 정지 [d:74][t:01:31:21]
[I](2022-12-09  10:54:40 am)    [LNo:0006] 000705/002178
[I](2022-12-09  10:54:40 am)작업중 M코드정지 [d:74][t:01:31:21]
[I](2022-12-09  10:55:03 am)작업중 정지 [d:74][t:01:31:43]
[I](2022-12-09  10:55:03 am)    [LNo:0006] 000707/002178
[I](2022-12-09  10:55:35 am)작업 재시작
[I](2022-12-09  10:55:39 am)작업중 정지 [d:74][t:01:32:19]
[I](2022-12-09  10:55:39 am)    [LNo:0006] 000709/002178
[I](2022-12-09  10:55:39 am)작업중 M코드정지 [d:74][t:01:32:19]
[I](2022-12-09  11:23:59 am)작업중 정지 [d:100][t:02:00:39]
[I](2022-12-09  11:23:59 am)    [LNo:0006] 000741/002178
[I](2022-12-09  11:23:59 am)작업중 M코드정지 [d:100][t:02:00:39]
[I](2022-12-09  11:24:33 am)작업중 정지 [d:100][t:02:01:13]
[I](2022-12-09  11:24:33 am)    [LNo:0006] 000745/002178
[I](2022-12-09  11:24:33 am)작업중 M코드정지 [d:100][t:02:01:13]
[I](2022-12-09  11:57:25 am)작업중 정지 [d:129][t:02:34:05]
[I](2022-12-09  11:57:25 am)    [LNo:0006] 000777/002178
[I](2022-12-09  11:57:25 am)작업중 M코드정지 [d:129][t:02:34:05]
[I](2022-12-09  11:57:53 am)작업중 정지 [d:129][t:02:34:33]
[I](2022-12-09  11:57:53 am)    [LNo:0006] 000781/002178
[I](2022-12-09  11:57:53 am)작업중 M코드정지 [d:129][t:02:34:33]
[I](2022-12-09  12:25:30 pm)작업중 정지 [d:155][t:03:02:10]
[I](2022-12-09  12:25:30 pm)    [LNo:0006] 000813/002178
[I](2022-12-09  12:25:30 pm)작업중 M코드정지 [d:155][t:03:02:10]
[I](2022-12-09  12:25:45 pm)작업중 정지 [d:155][t:03:02:25]
[I](2022-12-09  12:25:45 pm)    [LNo:0006] 000817/002178
[I](2022-12-09  12:25:45 pm)작업중 M코드정지 [d:155][t:03:02:25]
[I](2022-12-09  12:27:57 pm)작업중 정지 [d:155][t:03:04:37]
[I](2022-12-09  12:27:57 pm)    [LNo:0006] 000834/002178
[A](2022-12-09  12:27:57 pm)[008] 작업중 단선(AWF Feed Motor Stop )
[I](2022-12-09  12:27:57 pm)작업중 Wire 단선 [d:155][t:03:04:37]
[I](2022-12-09  12:28:59 pm)작업 재시작
[I](2022-12-09  12:56:24 pm)작업중 정지 [d:183][t:03:33:04]
[I](2022-12-09  12:56:24 pm)    [LNo:0006] 000849/002178
[I](2022-12-09  12:56:24 pm)작업중 M코드정지 [d:183][t:03:33:04]
[I](2022-12-09  12:57:58 pm)작업중 정지 [d:183][t:03:34:39]
[I](2022-12-09  12:57:58 pm)    [LNo:0006] 000853/002178
[I](2022-12-09  12:57:58 pm)작업중 M코드정지 [d:183][t:03:34:39]
[I](2022-12-09  12:59:59 pm)작업중 정지 [d:183][t:03:36:39]
[I](2022-12-09  12:59:59 pm)    [LNo:0006] 000870/002178
[A](2022-12-09  12:59:59 pm)[008] 작업중 단선(AWF Feed Motor Stop )
[I](2022-12-09  12:59:59 pm)작업중 Wire 단선 [d:183][t:03:36:39]
[I](2022-12-09  01:01:04 pm)작업 재시작
[I](2022-12-09  01:19:55 pm)작업중 정지 [d:201][t:03:56:35]
[I](2022-12-09  01:19:55 pm)    [LNo:0006] 000885/002178
[I](2022-12-09  01:19:55 pm)작업중 M코드정지 [d:201][t:03:56:35]
[I](2022-12-09  01:20:23 pm)작업중 정지 [d:201][t:03:57:03]
[I](2022-12-09  01:20:23 pm)    [LNo:0006] 000889/002178
[I](2022-12-09  01:20:23 pm)작업중 M코드정지 [d:201][t:03:57:03]
[I](2022-12-09  01:22:12 pm)작업중 정지 [d:201][t:03:58:52]
[I](2022-12-09  01:22:12 pm)    [LNo:0006] 000906/002178
[A](2022-12-09  01:22:12 pm)[008] 작업중 단선(AWF Feed Motor Stop )
[I](2022-12-09  01:22:12 pm)작업중 Wire 단선 [d:201][t:03:58:52]
[I](2022-12-09  01:23:16 pm)작업 재시작
[I](2022-12-09  01:41:26 pm)작업중 정지 [d:219][t:04:18:06]
[I](2022-12-09  01:41:26 pm)    [LNo:0006] 000921/002178
[I](2022-12-09  01:41:26 pm)작업중 M코드정지 [d:219][t:04:18:06]
[I](2022-12-09  01:41:55 pm)작업중 정지 [d:219][t:04:18:35]
[I](2022-12-09  01:41:55 pm)    [LNo:0006] 000925/002178
[I](2022-12-09  01:41:55 pm)작업중 M코드정지 [d:219][t:04:18:35]
[I](2022-12-09  02:04:29 pm)작업중 정지 [d:240][t:04:41:09]
[I](2022-12-09  02:04:29 pm)    [LNo:0006] 000957/002178
[I](2022-12-09  02:04:29 pm)작업중 M코드정지 [d:240][t:04:41:09]
[I](2022-12-09  02:05:22 pm)작업중 정지 [d:240][t:04:42:02]
[I](2022-12-09  02:05:22 pm)    [LNo:0006] 000961/002178
[I](2022-12-09  02:05:22 pm)작업중 M코드정지 [d:240][t:04:42:02]
[I](2022-12-09  02:30:20 pm)작업중 정지 [d:264][t:05:07:00]
[I](2022-12-09  02:30:20 pm)    [LNo:0006] 000993/002178
[I](2022-12-09  02:30:20 pm)작업중 M코드정지 [d:264][t:05:07:00]
[I](2022-12-09  02:30:46 pm)작업중 정지 [d:264][t:05:07:26]
[I](2022-12-09  02:30:46 pm)    [LNo:0006] 000997/002178
[I](2022-12-09  02:30:46 pm)작업중 M코드정지 [d:264][t:05:07:26]
[I](2022-12-09  02:37:13 pm)작업중 정지 [d:269][t:05:13:53]
[I](2022-12-09  02:37:13 pm)    [LNo:0006] 001021/002178
[I](2022-12-09  02:37:13 pm)작업중 M코드정지 [d:269][t:05:13:53]
[I](2022-12-09  02:37:36 pm)작업중 정지 [d:269][t:05:14:16]
[I](2022-12-09  02:37:36 pm)    [LNo:0006] 001023/002178
[I](2022-12-09  02:38:08 pm)작업 재시작
[I](2022-12-09  02:38:12 pm)작업중 정지 [d:269][t:05:14:52]
[I](2022-12-09  02:38:12 pm)    [LNo:0006] 001025/002178
[I](2022-12-09  02:38:12 pm)작업중 M코드정지 [d:269][t:05:14:52]
[I](2022-12-09  02:49:52 pm)작업중 정지 [d:279][t:05:26:32]
[I](2022-12-09  02:49:52 pm)    [LNo:0006] 001050/002178
[I](2022-12-09  02:49:52 pm)작업중 M코드정지 [d:279][t:05:26:32]
[I](2022-12-09  02:50:19 pm)작업중 정지 [d:279][t:05:26:59]
[I](2022-12-09  02:50:19 pm)    [LNo:0006] 001053/002178
[I](2022-12-09  02:50:19 pm)작업중 M코드정지 [d:279][t:05:26:59]
[I](2022-12-09  03:09:29 pm)작업중 정지 [d:297][t:05:46:09]
[I](2022-12-09  03:09:29 pm)    [LNo:0006] 001078/002178
[I](2022-12-09  03:09:29 pm)작업중 M코드정지 [d:297][t:05:46:09]
[I](2022-12-09  03:12:14 pm)작업중 정지 [d:297][t:05:48:54]
[I](2022-12-09  03:12:14 pm)    [LNo:0006] 001081/002178
[I](2022-12-09  03:12:14 pm)작업중 M코드정지 [d:297][t:05:48:54]
[I](2022-12-09  03:31:51 pm)작업중 정지 [d:314][t:06:08:31]
[I](2022-12-09  03:31:51 pm)    [LNo:0006] 001106/002178
[I](2022-12-09  03:31:51 pm)작업중 M코드정지 [d:314][t:06:08:31]
[I](2022-12-09  03:32:08 pm)작업중 정지 [d:315][t:06:08:49]
[I](2022-12-09  03:32:08 pm)    [LNo:0006] 001107/002178
[I](2022-12-09  03:32:55 pm)작업 재시작
[I](2022-12-09  03:33:00 pm)작업중 정지 [d:315][t:06:09:40]
[I](2022-12-09  03:33:00 pm)    [LNo:0006] 001109/002178
[I](2022-12-09  03:33:00 pm)작업중 M코드정지 [d:315][t:06:09:40]
[I](2022-12-09  03:45:10 pm)작업중 정지 [d:325][t:06:21:50]
[I](2022-12-09  03:45:10 pm)    [LNo:0006] 001134/002178
[I](2022-12-09  03:45:10 pm)작업중 M코드정지 [d:325][t:06:21:50]
[I](2022-12-09  03:45:41 pm)작업중 정지 [d:325][t:06:22:21]
[I](2022-12-09  03:45:41 pm)    [LNo:0006] 001135/002178
[I](2022-12-09  03:47:26 pm)작업 재시작
[I](2022-12-09  03:47:32 pm)작업중 정지 [d:325][t:06:24:12]
[I](2022-12-09  03:47:32 pm)    [LNo:0006] 001137/002178
[I](2022-12-09  03:47:32 pm)작업중 M코드정지 [d:325][t:06:24:12]
[I](2022-12-09  04:06:08 pm)작업중 정지 [d:343][t:06:42:48]
[I](2022-12-09  04:06:08 pm)    [LNo:0006] 001162/002178
[I](2022-12-09  04:06:08 pm)작업중 M코드정지 [d:343][t:06:42:48]
[I](2022-12-09  04:07:40 pm)작업중 정지 [d:343][t:06:44:20]
[I](2022-12-09  04:07:40 pm)    [LNo:0006] 001163/002178
[I](2022-12-09  04:08:03 pm)작업 재시작
[I](2022-12-09  04:08:11 pm)작업중 정지 [d:343][t:06:44:51]
[I](2022-12-09  04:08:11 pm)    [LNo:0006] 001165/002178
[I](2022-12-09  04:08:11 pm)작업중 M코드정지 [d:343][t:06:44:51]
[I](2022-12-09  04:29:19 pm)작업중 정지 [d:362][t:07:05:59]
[I](2022-12-09  04:29:19 pm)    [LNo:0006] 001190/002178
[I](2022-12-09  04:29:19 pm)작업중 M코드정지 [d:362][t:07:05:59]
[I](2022-12-09  04:29:43 pm)작업중 정지 [d:362][t:07:06:23]
[I](2022-12-09  04:29:43 pm)    [LNo:0006] 001193/002178
[I](2022-12-09  04:29:43 pm)작업중 M코드정지 [d:362][t:07:06:23]
[I](2022-12-09  04:39:05 pm)작업중 정지 [d:362][t:07:15:45]
[I](2022-12-09  04:39:05 pm)    [LNo:0006] 001661/002178
[I](2022-12-09  04:50:20 pm)작업중 정지 [d:368][t:07:27:00]
[I](2022-12-09  04:50:20 pm)    [LNo:0006] 001684/002178
[I](2022-12-09  04:50:20 pm)작업중 Single Block Stop [d:368][t:07:27:00]
[I](2022-12-09  04:51:25 pm)작업중 정지 [d:368][t:07:28:06]
[I](2022-12-09  04:51:25 pm)    [LNo:0006] 001684/002178
[I](2022-12-09  04:51:25 pm)작업중 Single Block Stop [d:368][t:07:28:06]
[I](2022-12-09  04:58:48 pm)작업중 정지 [d:374][t:07:35:28]
[I](2022-12-09  04:58:48 pm)    [LNo:0006] 001711/002178
[I](2022-12-09  04:58:48 pm)작업중 M코드정지 [d:374][t:07:35:28]
[I](2022-12-09  06:07:36 pm)작업중 정지 [d:430][t:08:44:16]
[I](2022-12-09  06:07:36 pm)    [LNo:0006] 001978/002178
[I](2022-12-09  06:07:36 pm)작업중 Single Block Stop [d:430][t:08:44:16]
[I](2022-12-09  06:08:38 pm)작업중 정지 [d:430][t:08:45:18]
[I](2022-12-09  06:08:38 pm)    [LNo:0006] 001603/002178
[I](2022-12-09  06:19:07 pm)작업중 정지 [d:439][t:08:55:47]
[I](2022-12-09  06:19:07 pm)    [LNo:0006] 001655/002178
[I](2022-12-09  06:19:07 pm)작업중 M코드정지 [d:439][t:08:55:47]
[I](2022-12-09  06:21:30 pm)Reset
[I](2022-12-09  06:21:30 pm)Reset
[I](2022-12-09  06:22:26 pm)작업 시작 [Start d:439]
[I](2022-12-09  06:22:26 pm)Nc File: [No.0010-498.NC *]
[I](2022-12-09  06:22:26 pm)  * Start Machine Position
[I](2022-12-09  06:22:26 pm)    X:    188.7582
[I](2022-12-09  06:22:26 pm)    Y:   -314.3817
[I](2022-12-09  06:22:26 pm)    U:      0.0000
[I](2022-12-09  06:22:26 pm)    V:      0.0000
[I](2022-12-09  06:22:26 pm)    Z:     23.2696
[I](2022-12-09  06:22:26 pm)  * Angle
[I](2022-12-09  06:22:26 pm)    Ar:      0.0547,Kr:      0.0000
[I](2022-12-09  06:22:26 pm)    Taper_Ar:      0.0000
[I](2022-12-09  06:22:51 pm)작업중 정지 [d:0][t:00:00:24]
[I](2022-12-09  06:22:51 pm)    [LNo:0010] 001201/001797
[I](2022-12-09  09:15:11 pm)작업중 정지 [d:171][t:02:52:45]
[I](2022-12-09  09:15:11 pm)    [LNo:0010] 001346/001797
[I](2022-12-09  09:15:11 pm)작업중 30sec 접촉 정지 [d:171][t:02:52:45]
