[I](2022-12-25  12:12:05 am)작업중 정지 [d:448][t:07:42:02]
[I](2022-12-25  12:12:05 am)    [LNo:0002] 000272/000490
[I](2022-12-25  12:12:05 am)작업중 M코드정지 [d:448][t:07:42:02]
[A](2022-12-25  08:31:32 am)[041] AWF 명령끝날때까지 센서감지(타임아웃) 안됨
[I](2022-12-25  08:31:32 am)작업중 정지 [d:448][t:16:01:28]
[I](2022-12-25  08:31:32 am)    [LNo:0002] 000276/000490
[A](2022-12-25  08:31:32 am)[009] 자동결선 Error(M20-삽입실패)
[I](2022-12-25  08:32:51 am)작업중 정지 [d:448][t:16:02:48]
[I](2022-12-25  08:32:52 am)    [LNo:0002] 000277/000490
[I](2022-12-25  08:32:52 am)작업중 M코드정지 [d:448][t:16:02:48]
[I](2022-12-25  08:36:03 am)작업중 정지 [d:450][t:16:06:00]
[I](2022-12-25  08:36:03 am)    [LNo:0002] 000290/000490
[I](2022-12-25  08:36:03 am)작업중 M코드정지 [d:450][t:16:06:00]
[I](2022-12-25  08:37:07 am)작업중 정지 [d:450][t:16:07:03]
[I](2022-12-25  08:37:07 am)    [LNo:0002] 000291/000490
[I](2022-12-25  08:38:24 am)작업 재시작
[I](2022-12-25  08:41:42 am)작업중 정지 [d:453][t:16:11:38]
[I](2022-12-25  08:41:42 am)    [LNo:0002] 000311/000490
[I](2022-12-25  08:41:42 am)작업중 M코드정지 [d:453][t:16:11:39]
[I](2022-12-25  08:57:00 am)작업중 정지 [d:453][t:16:26:56]
[I](2022-12-25  08:57:00 am)    [LNo:0002] 000312/000490
[I](2022-12-25  08:57:49 am)작업 재시작
[I](2022-12-25  09:01:05 am)작업중 정지 [d:455][t:16:31:02]
[I](2022-12-25  09:01:05 am)    [LNo:0002] 000332/000490
[I](2022-12-25  09:01:05 am)작업중 M코드정지 [d:455][t:16:31:02]
[I](2022-12-25  09:02:22 am)작업중 정지 [d:455][t:16:32:18]
[I](2022-12-25  09:02:22 am)    [LNo:0002] 000333/000490
[I](2022-12-25  09:03:18 am)작업 재시작
[I](2022-12-25  09:06:36 am)작업중 정지 [d:458][t:16:36:33]
[I](2022-12-25  09:06:36 am)    [LNo:0002] 000353/000490
[I](2022-12-25  09:06:36 am)작업중 M코드정지 [d:458][t:16:36:33]
[I](2022-12-25  09:11:10 am)작업중 정지 [d:458][t:16:41:06]
[I](2022-12-25  09:11:10 am)    [LNo:0002] 000354/000490
[I](2022-12-25  09:11:37 am)작업 재시작
[I](2022-12-25  09:14:59 am)작업중 정지 [d:460][t:16:44:56]
[I](2022-12-25  09:14:59 am)    [LNo:0002] 000374/000490
[I](2022-12-25  09:15:00 am)작업중 M코드정지 [d:460][t:16:44:56]
[I](2022-12-25  09:15:13 am)작업중 정지 [d:460][t:16:45:10]
[I](2022-12-25  09:15:13 am)    [LNo:0002] 000375/000490
[I](2022-12-25  09:15:51 am)작업 재시작
[I](2022-12-25  09:18:40 am)작업중 정지 [d:462][t:16:48:37]
[I](2022-12-25  09:18:40 am)    [LNo:0002] 000394/000490
[A](2022-12-25  09:18:40 am)[008] 작업중 단선(AWF Feed Motor Stop )
[I](2022-12-25  09:18:40 am)작업중 Wire 단선 [d:462][t:16:48:37]
[I](2022-12-25  09:19:13 am)작업 재시작
[I](2022-12-25  09:19:52 am)작업중 정지 [d:463][t:16:49:49]
[I](2022-12-25  09:19:52 am)    [LNo:0002] 000395/000490
[I](2022-12-25  09:19:52 am)작업중 M코드정지 [d:463][t:16:49:49]
[I](2022-12-25  09:20:10 am)작업중 정지 [d:463][t:16:50:07]
[I](2022-12-25  09:20:10 am)    [LNo:0002] 000396/000490
[I](2022-12-25  09:20:41 am)작업 재시작
[I](2022-12-25  09:24:02 am)작업중 정지 [d:465][t:16:53:59]
[I](2022-12-25  09:24:02 am)    [LNo:0002] 000416/000490
[I](2022-12-25  09:24:02 am)작업중 M코드정지 [d:465][t:16:53:59]
[I](2022-12-25  09:25:55 am)작업중 정지 [d:465][t:16:55:51]
[I](2022-12-25  09:25:55 am)    [LNo:0002] 000417/000490
[I](2022-12-25  09:26:25 am)작업 재시작
[I](2022-12-25  09:29:47 am)작업중 정지 [d:468][t:16:59:44]
[I](2022-12-25  09:29:47 am)    [LNo:0002] 000437/000490
[I](2022-12-25  09:29:47 am)작업중 M코드정지 [d:468][t:16:59:44]
[I](2022-12-25  09:30:04 am)작업중 정지 [d:468][t:17:00:01]
[I](2022-12-25  09:30:04 am)    [LNo:0002] 000438/000490
[I](2022-12-25  09:30:30 am)작업 재시작
[I](2022-12-25  09:33:48 am)작업중 정지 [d:471][t:17:03:45]
[I](2022-12-25  09:33:48 am)    [LNo:0002] 000458/000490
[I](2022-12-25  09:33:48 am)작업중 M코드정지 [d:471][t:17:03:45]
[I](2022-12-25  09:34:16 am)작업중 정지 [d:471][t:17:04:13]
[I](2022-12-25  09:34:16 am)    [LNo:0002] 000459/000490
[I](2022-12-25  09:35:17 am)작업 재시작
[I](2022-12-25  09:38:37 am)작업중 정지 [d:474][t:17:08:34]
[I](2022-12-25  09:38:37 am)    [LNo:0002] 000479/000490
[I](2022-12-25  09:38:37 am)작업중 M코드정지 [d:474][t:17:08:34]
[I](2022-12-25  09:39:46 am)작업중 정지 [d:474][t:17:09:43]
[I](2022-12-25  09:39:46 am)    [LNo:0002] 000480/000490
[I](2022-12-25  09:40:44 am)작업 재시작
[I](2022-12-25  09:41:13 am)작업중 정지 [d:474][t:17:11:10]
[I](2022-12-25  09:41:13 am)    [LNo:0002] 000483/000490
[I](2022-12-25  09:41:13 am)작업중 Single Block Stop [d:474][t:17:11:10]
[A](2022-12-25  09:42:29 am)[084] Work Tank Fluid Sensor Abnormal
[I](2022-12-25  09:48:46 am)Reset
[I](2022-12-25  09:48:47 am)Reset
[I](2022-12-25  09:48:54 am)Reset
[I](2022-12-25  09:55:50 am)Reset
[I](2022-12-25  09:56:56 am)Reset
[I](2022-12-25  10:15:00 am)Reset
[I](2022-12-25  10:15:00 am)Reset
[A](2022-12-25  10:19:33 am)[033] 자동결선 회수 롤러 WIRE CONTACT!!
[I](2022-12-25  10:20:50 am)Reset
[I](2022-12-25  10:21:08 am)Reset
[I](2022-12-25  10:21:08 am)Reset
[I](2022-12-25  10:21:24 am)Reset
[I](2022-12-25  10:21:24 am)Reset
[I](2022-12-25  10:24:04 am)Reset
[I](2022-12-25  10:26:57 am)작업 시작 [Start d:474]
[I](2022-12-25  10:26:57 am)Nc File: [No.0004-320.NC]
[I](2022-12-25  10:26:57 am)  * Start Machine Position
[I](2022-12-25  10:26:57 am)    X:     39.6803
[I](2022-12-25  10:26:57 am)    Y:   -564.1292
[I](2022-12-25  10:26:57 am)    U:      0.0000
[I](2022-12-25  10:26:57 am)    V:      0.0000
[I](2022-12-25  10:26:57 am)    Z:     65.4003
[I](2022-12-25  10:26:57 am)  * Angle
[I](2022-12-25  10:26:57 am)    Ar:      1.8225,Kr:      0.0000
[I](2022-12-25  10:26:57 am)    Taper_Ar:      0.0000
[I](2022-12-25  10:27:02 am)작업중 정지 [d:0][t:00:00:05]
[I](2022-12-25  10:27:02 am)    [LNo:0004] 000242/000640
[I](2022-12-25  10:28:36 am)Reset
[I](2022-12-25  10:28:46 am)작업 시작 [Start d:0]
[I](2022-12-25  10:28:46 am)Nc File: [No.0004-320.NC]
[I](2022-12-25  10:28:46 am)  * Start Machine Position
[I](2022-12-25  10:28:46 am)    X:     39.6803
[I](2022-12-25  10:28:46 am)    Y:   -564.1292
[I](2022-12-25  10:28:46 am)    U:      0.0000
[I](2022-12-25  10:28:46 am)    V:      0.0000
[I](2022-12-25  10:28:46 am)    Z:     65.4003
[I](2022-12-25  10:28:46 am)  * Angle
[I](2022-12-25  10:28:46 am)    Ar:      1.8225,Kr:      0.0000
[I](2022-12-25  10:28:46 am)    Taper_Ar:      0.0000
[I](2022-12-25  10:28:52 am)작업중 정지 [d:0][t:00:00:06]
[I](2022-12-25  10:28:52 am)    [LNo:0004] 000010/000640
[I](2022-12-25  10:28:52 am)작업중 M코드정지 [d:0][t:00:00:06]
[I](2022-12-25  10:35:04 am)작업중 정지 [d:5][t:00:06:17]
[I](2022-12-25  10:35:04 am)    [LNo:0004] 000023/000640
[A](2022-12-25  10:35:04 am)[008] 작업중 단선(AWF Feed Motor Stop )
[I](2022-12-25  10:35:04 am)작업중 Wire 단선 [d:5][t:00:06:17]
[I](2022-12-25  10:36:09 am)작업 재시작
[I](2022-12-25  11:54:52 am)작업중 정지 [d:84][t:01:26:06]
[I](2022-12-25  11:54:52 am)    [LNo:0004] 000032/000640
[I](2022-12-25  11:54:53 am)작업중 M코드정지 [d:84][t:01:26:06]
[I](2022-12-25  11:55:25 am)작업중 정지 [d:84][t:01:26:39]
[I](2022-12-25  11:55:25 am)    [LNo:0004] 000033/000640
[I](2022-12-25  11:56:08 am)작업 재시작
[I](2022-12-25  11:56:12 am)작업중 정지 [d:84][t:01:27:25]
[I](2022-12-25  11:56:12 am)    [LNo:0004] 000035/000640
[I](2022-12-25  11:56:12 am)작업중 M코드정지 [d:84][t:01:27:25]
[I](2022-12-25  12:23:14 pm)작업중 정지 [d:111][t:01:54:28]
[I](2022-12-25  12:23:14 pm)    [LNo:0004] 000060/000640
[I](2022-12-25  12:23:14 pm)작업중 M코드정지 [d:111][t:01:54:28]
[I](2022-12-25  12:29:38 pm)작업중 정지 [d:115][t:02:00:52]
[I](2022-12-25  12:29:38 pm)    [LNo:0004] 000078/000640
[A](2022-12-25  12:29:39 pm)[008] 작업중 단선(AWF Feed Motor Stop )
[I](2022-12-25  12:29:39 pm)작업중 Wire 단선 [d:115][t:02:00:52]
[I](2022-12-25  12:31:43 pm)작업 재시작
[I](2022-12-25  12:31:49 pm)작업중 정지 [d:115][t:02:03:03]
[I](2022-12-25  12:31:49 pm)    [LNo:0004] 000079/000640
[A](2022-12-25  12:31:49 pm)[008] 작업중 단선(AWF Feed Motor Stop )
[I](2022-12-25  12:31:49 pm)작업중 Wire 단선 [d:115][t:02:03:03]
[I](2022-12-25  12:33:06 pm)작업 재시작
[I](2022-12-25  12:46:32 pm)작업중 정지 [d:129][t:02:17:46]
[I](2022-12-25  12:46:32 pm)    [LNo:0004] 000082/000640
[I](2022-12-25  12:46:32 pm)작업중 M코드정지 [d:129][t:02:17:46]
[I](2022-12-25  12:47:00 pm)작업중 정지 [d:129][t:02:18:14]
[I](2022-12-25  12:47:00 pm)    [LNo:0004] 000084/000640
[I](2022-12-25  12:50:03 pm)작업 재시작
[I](2022-12-25  12:50:07 pm)작업중 정지 [d:129][t:02:21:20]
[I](2022-12-25  12:50:07 pm)    [LNo:0004] 000086/000640
[I](2022-12-25  12:50:07 pm)작업중 M코드정지 [d:129][t:02:21:20]
[I](2022-12-25  12:54:04 pm)작업중 정지 [d:132][t:02:25:18]
[I](2022-12-25  12:54:04 pm)    [LNo:0004] 000104/000640
[I](2022-12-25  12:54:04 pm)작업중 M코드정지 [d:132][t:02:25:18]
[I](2022-12-25  12:59:14 pm)작업중 정지 [d:136][t:02:30:28]
[I](2022-12-25  12:59:14 pm)    [LNo:0004] 000123/000640
[A](2022-12-25  12:59:14 pm)[008] 작업중 단선(AWF Feed Motor Stop )
[I](2022-12-25  12:59:14 pm)작업중 Wire 단선 [d:136][t:02:30:28]
[I](2022-12-25  01:00:18 pm)작업 재시작
[I](2022-12-25  01:12:34 pm)작업중 정지 [d:149][t:02:43:48]
[I](2022-12-25  01:12:34 pm)    [LNo:0004] 000126/000640
[I](2022-12-25  01:12:34 pm)작업중 M코드정지 [d:149][t:02:43:48]
[I](2022-12-25  01:13:25 pm)작업중 정지 [d:149][t:02:44:38]
[I](2022-12-25  01:13:25 pm)    [LNo:0004] 000128/000640
[I](2022-12-25  01:14:04 pm)작업 재시작
[I](2022-12-25  01:14:11 pm)작업중 정지 [d:149][t:02:45:24]
[I](2022-12-25  01:14:11 pm)    [LNo:0004] 000130/000640
[I](2022-12-25  01:14:11 pm)작업중 M코드정지 [d:149][t:02:45:24]
[I](2022-12-25  01:21:48 pm)작업중 정지 [d:156][t:02:53:02]
[I](2022-12-25  01:21:48 pm)    [LNo:0004] 000167/000640
[A](2022-12-25  01:21:48 pm)[008] 작업중 단선(AWF Feed Motor Stop )
[I](2022-12-25  01:21:48 pm)작업중 Wire 단선 [d:156][t:02:53:02]
[I](2022-12-25  01:23:09 pm)작업 재시작
[I](2022-12-25  01:35:58 pm)작업중 정지 [d:169][t:03:07:11]
[I](2022-12-25  01:35:58 pm)    [LNo:0004] 000170/000640
[I](2022-12-25  01:35:58 pm)작업중 M코드정지 [d:169][t:03:07:11]
[I](2022-12-25  01:36:26 pm)작업중 정지 [d:169][t:03:07:40]
[I](2022-12-25  01:36:26 pm)    [LNo:0004] 000172/000640
[I](2022-12-25  01:37:02 pm)작업 재시작
[I](2022-12-25  01:37:08 pm)작업중 정지 [d:169][t:03:08:21]
[I](2022-12-25  01:37:08 pm)    [LNo:0004] 000174/000640
[I](2022-12-25  01:37:08 pm)작업중 M코드정지 [d:169][t:03:08:21]
[I](2022-12-25  01:55:05 pm)작업중 정지 [d:186][t:03:26:19]
[I](2022-12-25  01:55:05 pm)    [LNo:0004] 000214/000640
[I](2022-12-25  01:55:05 pm)작업중 M코드정지 [d:186][t:03:26:19]
[I](2022-12-25  01:55:55 pm)작업중 정지 [d:187][t:03:27:08]
[I](2022-12-25  01:55:55 pm)    [LNo:0004] 000218/000640
[I](2022-12-25  01:55:55 pm)작업중 M코드정지 [d:187][t:03:27:08]
[I](2022-12-25  01:59:15 pm)작업중 정지 [d:190][t:03:30:29]
[I](2022-12-25  01:59:15 pm)    [LNo:0004] 000236/000640
[I](2022-12-25  01:59:15 pm)작업중 M코드정지 [d:190][t:03:30:29]
[I](2022-12-25  01:59:49 pm)Reset
[I](2022-12-25  01:59:49 pm)Reset
[I](2022-12-25  02:00:07 pm)작업 시작 [Start d:190]
[I](2022-12-25  02:00:07 pm)Nc File: [No.0004-320.NC]
[I](2022-12-25  02:00:07 pm)  * Start Machine Position
[I](2022-12-25  02:00:07 pm)    X:     36.5719
[I](2022-12-25  02:00:07 pm)    Y:   -466.4387
[I](2022-12-25  02:00:07 pm)    U:      0.0000
[I](2022-12-25  02:00:07 pm)    V:      0.0000
[I](2022-12-25  02:00:07 pm)    Z:     65.4003
[I](2022-12-25  02:00:07 pm)  * Angle
[I](2022-12-25  02:00:07 pm)    Ar:      1.8225,Kr:      0.0000
[I](2022-12-25  02:00:07 pm)    Taper_Ar:      0.0000
[I](2022-12-25  02:00:09 pm)작업중 정지 [d:0][t:00:00:01]
[I](2022-12-25  02:00:09 pm)    [LNo:0004] 000009/000640
[I](2022-12-25  02:00:13 pm)Reset
[I](2022-12-25  02:01:10 pm)작업 시작 [Start d:190]
[I](2022-12-25  02:01:10 pm)Nc File: [No.0005-342.NC]
[I](2022-12-25  02:01:10 pm)  * Start Machine Position
[I](2022-12-25  02:01:10 pm)    X:     39.6802
[I](2022-12-25  02:01:10 pm)    Y:   -564.1292
[I](2022-12-25  02:01:10 pm)    U:      0.0000
[I](2022-12-25  02:01:10 pm)    V:      0.0000
[I](2022-12-25  02:01:10 pm)    Z:     65.4003
[I](2022-12-25  02:01:10 pm)  * Angle
[I](2022-12-25  02:01:10 pm)    Ar:      1.8225,Kr:      0.0000
[I](2022-12-25  02:01:10 pm)    Taper_Ar:      0.0000
[I](2022-12-25  02:01:15 pm)작업중 정지 [d:0][t:00:00:05]
[I](2022-12-25  02:01:15 pm)    [LNo:0005] 000242/000420
[I](2022-12-25  02:05:19 pm)작업중 정지 [d:3][t:00:04:08]
[I](2022-12-25  02:05:19 pm)    [LNo:0005] 000258/000420
[I](2022-12-25  02:05:19 pm)작업중 M코드정지 [d:3][t:00:04:08]
[I](2022-12-25  02:05:35 pm)작업중 정지 [d:4][t:00:04:25]
[I](2022-12-25  02:05:35 pm)    [LNo:0005] 000262/000420
[I](2022-12-25  02:05:36 pm)작업중 M코드정지 [d:4][t:00:04:25]
[I](2022-12-25  02:07:46 pm)작업중 정지 [d:5][t:00:06:35]
[I](2022-12-25  02:07:46 pm)    [LNo:0005] 000280/000420
[I](2022-12-25  02:07:46 pm)작업중 M코드정지 [d:5][t:00:06:35]
[I](2022-12-25  02:13:04 pm)작업중 정지 [d:8][t:00:11:54]
[I](2022-12-25  02:13:04 pm)    [LNo:0005] 000302/000420
[I](2022-12-25  02:13:04 pm)작업중 M코드정지 [d:8][t:00:11:54]
[I](2022-12-25  02:13:25 pm)작업중 정지 [d:8][t:00:12:14]
[I](2022-12-25  02:13:25 pm)    [LNo:0005] 000306/000420
[I](2022-12-25  02:13:25 pm)작업중 M코드정지 [d:8][t:00:12:14]
[I](2022-12-25  02:19:18 pm)작업중 정지 [d:12][t:00:18:07]
[I](2022-12-25  02:19:18 pm)    [LNo:0005] 000346/000420
[I](2022-12-25  02:19:18 pm)작업중 M코드정지 [d:12][t:00:18:07]
[I](2022-12-25  02:19:38 pm)작업중 정지 [d:12][t:00:18:27]
[I](2022-12-25  02:19:38 pm)    [LNo:0005] 000350/000420
[I](2022-12-25  02:19:39 pm)작업중 M코드정지 [d:12][t:00:18:28]
[I](2022-12-25  02:24:53 pm)작업중 정지 [d:16][t:00:23:42]
[I](2022-12-25  02:24:53 pm)    [LNo:0005] 000390/000420
[I](2022-12-25  02:24:53 pm)작업중 M코드정지 [d:16][t:00:23:42]
[I](2022-12-25  02:25:17 pm)작업중 정지 [d:16][t:00:24:06]
[I](2022-12-25  02:25:17 pm)    [LNo:0005] 000394/000420
[I](2022-12-25  02:25:17 pm)작업중 M코드정지 [d:16][t:00:24:06]
[I](2022-12-25  02:27:33 pm)작업중 정지 [d:17][t:00:26:22]
[I](2022-12-25  02:27:33 pm)    [LNo:0005] 000416/000420
[I](2022-12-25  02:27:33 pm)작업중 M코드정지 [d:17][t:00:26:22]
[A](2022-12-25  02:29:06 pm)[084] Work Tank Fluid Sensor Abnormal
[I](2022-12-25  02:33:01 pm)Reset
[I](2022-12-25  02:33:11 pm)Reset
[I](2022-12-25  02:34:56 pm)Reset
[I](2022-12-25  02:37:07 pm)Reset
[I](2022-12-25  02:37:11 pm)Reset
[I](2022-12-25  02:41:18 pm)Reset
[I](2022-12-25  02:41:18 pm)Reset
[I](2022-12-25  02:42:45 pm)Reset
[I](2022-12-25  02:43:04 pm)Reset
[I](2022-12-25  02:43:39 pm)Reset
[I](2022-12-25  02:44:39 pm)Reset
[I](2022-12-25  02:44:56 pm)Reset
[I](2022-12-25  02:45:21 pm)Reset
[I](2022-12-25  02:46:24 pm)Reset
[I](2022-12-25  02:46:43 pm)Reset
[I](2022-12-25  02:46:43 pm)Reset
[I](2022-12-25  02:48:31 pm)작업 시작 [Start d:207]
[I](2022-12-25  02:48:31 pm)Nc File: [No.0003-327.NC]
[I](2022-12-25  02:48:31 pm)  * Start Machine Position
[I](2022-12-25  02:48:31 pm)    X:    947.0500
[I](2022-12-25  02:48:31 pm)    Y:   -507.5201
[I](2022-12-25  02:48:31 pm)    U:      0.0000
[I](2022-12-25  02:48:31 pm)    V:      0.0000
[I](2022-12-25  02:48:31 pm)    Z:     30.8982
[I](2022-12-25  02:48:31 pm)  * Angle
[I](2022-12-25  02:48:31 pm)    Ar:     -0.3086,Kr:      0.0000
[I](2022-12-25  02:48:31 pm)    Taper_Ar:      0.0000
[I](2022-12-25  02:48:39 pm)작업중 정지 [d:0][t:00:00:08]
[I](2022-12-25  02:48:39 pm)    [LNo:0003] 000532/000702
[I](2022-12-25  02:49:42 pm)작업중 정지 [d:0][t:00:01:11]
[I](2022-12-25  02:49:42 pm)    [LNo:0003] 000574/000702
[I](2022-12-25  02:50:48 pm)작업중 정지 [d:0][t:00:02:16]
[I](2022-12-25  02:50:48 pm)    [LNo:0003] 000637/000702
[I](2022-12-25  02:51:56 pm)작업중 정지 [d:0][t:00:03:25]
[I](2022-12-25  02:51:56 pm)    [LNo:0003] 000428/000702
[I](2022-12-25  02:54:50 pm)작업중 정지 [d:2][t:00:06:18]
[I](2022-12-25  02:54:50 pm)    [LNo:0003] 000447/000702
[I](2022-12-25  02:54:50 pm)작업중 M코드정지 [d:2][t:00:06:18]
[I](2022-12-25  02:55:06 pm)작업중 정지 [d:2][t:00:06:34]
[I](2022-12-25  02:55:06 pm)    [LNo:0003] 000461/000702
[I](2022-12-25  02:56:03 pm)작업중 정지 [d:2][t:00:07:32]
[I](2022-12-25  02:56:03 pm)    [LNo:0003] 000012/000702
[I](2022-12-25  04:47:14 pm)작업중 정지 [d:109][t:01:58:42]
[I](2022-12-25  04:47:14 pm)    [LNo:0003] 000221/000702
[I](2022-12-25  04:47:14 pm)작업중 M코드정지 [d:109][t:01:58:42]
[I](2022-12-25  04:47:49 pm)Reset
[I](2022-12-25  04:51:04 pm)작업 시작 [Start d:316]
[I](2022-12-25  04:51:04 pm)Nc File: [No.0001-343.NC]
[I](2022-12-25  04:51:04 pm)  * Start Machine Position
[I](2022-12-25  04:51:04 pm)    X:    947.0500
[I](2022-12-25  04:51:04 pm)    Y:   -507.5201
[I](2022-12-25  04:51:04 pm)    U:      0.0000
[I](2022-12-25  04:51:04 pm)    V:      0.0000
[I](2022-12-25  04:51:04 pm)    Z:     30.8982
[I](2022-12-25  04:51:04 pm)  * Angle
[I](2022-12-25  04:51:04 pm)    Ar:     -0.3086,Kr:      0.0000
[I](2022-12-25  04:51:04 pm)    Taper_Ar:      0.0000
[I](2022-12-25  04:51:42 pm)작업중 정지 [d:0][t:00:00:38]
[I](2022-12-25  04:51:42 pm)    [LNo:0001] 000016/000237
[I](2022-12-25  04:58:46 pm)Reset
[I](2022-12-25  04:58:46 pm)Reset
[I](2022-12-25  04:58:58 pm)작업 시작 [Start d:316]
[I](2022-12-25  04:58:58 pm)Nc File: [No.0003-327.NC]
[I](2022-12-25  04:58:58 pm)  * Start Machine Position
[I](2022-12-25  04:58:58 pm)    X:    947.0500
[I](2022-12-25  04:58:58 pm)    Y:   -507.5201
[I](2022-12-25  04:58:58 pm)    U:      0.0000
[I](2022-12-25  04:58:58 pm)    V:      0.0000
[I](2022-12-25  04:58:58 pm)    Z:     30.8982
[I](2022-12-25  04:58:58 pm)  * Angle
[I](2022-12-25  04:58:58 pm)    Ar:     -0.3086,Kr:      0.0000
[I](2022-12-25  04:58:58 pm)    Taper_Ar:      0.0000
[I](2022-12-25  04:59:09 pm)작업중 정지 [d:0][t:00:00:10]
[I](2022-12-25  04:59:09 pm)    [LNo:0003] 000009/000702
[I](2022-12-25  04:59:09 pm)작업중 M코드정지 [d:0][t:00:00:10]
[I](2022-12-25  04:59:30 pm)작업중 정지 [d:0][t:00:00:32]
[I](2022-12-25  04:59:30 pm)    [LNo:0003] 000220/000702
[I](2022-12-25  06:06:57 pm)작업중 정지 [d:65][t:01:07:58]
[I](2022-12-25  06:06:57 pm)    [LNo:0003] 000325/000702
[I](2022-12-25  08:42:02 pm)작업중 정지 [d:207][t:03:43:03]
[I](2022-12-25  08:42:02 pm)    [LNo:0003] 000533/000702
[I](2022-12-25  08:43:12 pm)Reset
[I](2022-12-25  08:46:10 pm)작업 시작 [Start d:523]
[I](2022-12-25  08:46:10 pm)Nc File: [No.0001-343.NC]
[I](2022-12-25  08:46:10 pm)  * Start Machine Position
[I](2022-12-25  08:46:10 pm)    X:    947.0500
[I](2022-12-25  08:46:10 pm)    Y:   -507.5201
[I](2022-12-25  08:46:10 pm)    U:      0.0000
[I](2022-12-25  08:46:10 pm)    V:      0.0000
[I](2022-12-25  08:46:10 pm)    Z:     30.8982
[I](2022-12-25  08:46:10 pm)  * Angle
[I](2022-12-25  08:46:10 pm)    Ar:     -0.3086,Kr:      0.0000
[I](2022-12-25  08:46:10 pm)    Taper_Ar:      0.0000
[A](2022-12-25  09:26:09 pm)[003] 배전반 이상
[I](2022-12-25  09:26:09 pm)작업중 정지 [d:39][t:00:39:58]
[I](2022-12-25  09:26:09 pm)    [LNo:0001] 000027/000237
