[A](2022-12-26  07:02:49 am)[082] 냉각기 이상 발생 - 점검 요망
[A](2022-12-26  07:02:52 am)[082] 냉각기 이상 발생 - 점검 요망
[A](2022-12-26  07:02:54 am)[082] 냉각기 이상 발생 - 점검 요망
[A](2022-12-26  07:02:55 am)[082] 냉각기 이상 발생 - 점검 요망
[I](2022-12-26  08:18:34 am)작업 재시작
[A](2022-12-26  08:44:06 am)[003] 배전반 이상
[I](2022-12-26  08:44:06 am)작업중 정지 [d:65][t:11:57:55]
[I](2022-12-26  08:44:06 am)    [LNo:0001] 000036/000237
[I](2022-12-26  08:44:58 am)작업 재시작
[I](2022-12-26  09:00:40 am)작업중 정지 [d:81][t:12:14:29]
[I](2022-12-26  09:00:40 am)    [LNo:0001] 000037/000237
[A](2022-12-26  09:00:40 am)[008] 작업중 단선(AWF Feed Motor Stop )
[I](2022-12-26  09:00:40 am)작업중 Wire 단선 [d:81][t:12:14:29]
[I](2022-12-26  09:00:53 am)작업 재시작
[I](2022-12-26  09:01:02 am)작업중 정지 [d:81][t:12:14:51]
[I](2022-12-26  09:01:02 am)    [LNo:0001] 000037/000237
[A](2022-12-26  09:01:02 am)[008] 작업중 단선(AWF Feed Motor Stop )
[I](2022-12-26  09:01:02 am)작업중 Wire 단선 [d:81][t:12:14:51]
[I](2022-12-26  09:01:13 am)작업 재시작
[I](2022-12-26  09:12:16 am)작업중 정지 [d:92][t:12:26:06]
[I](2022-12-26  09:12:16 am)    [LNo:0001] 000038/000237
[A](2022-12-26  09:17:11 am)[037] 자동결선 잔여 WIRE 처리 실패!!
[I](2022-12-26  09:18:17 am)작업 재시작
[I](2022-12-26  11:47:31 am)작업중 정지 [d:-374][t:15:01:20]
[I](2022-12-26  11:47:31 am)    [LNo:0001] 000062/000237
[I](2022-12-26  11:47:31 am)작업중 M코드정지 [d:-374][t:15:01:20]
[I](2022-12-26  11:48:13 am)작업중 정지 [d:-374][t:15:02:02]
[I](2022-12-26  11:48:13 am)    [LNo:0001] 000069/000237
[I](2022-12-26  11:48:14 am)작업중 정지 [d:-374][t:15:02:03]
[I](2022-12-26  11:48:14 am)    [LNo:0001] 000074/000237
[I](2022-12-26  11:48:29 am)작업중 정지 [d:-374][t:15:02:18]
[I](2022-12-26  11:48:29 am)    [LNo:0001] 000170/000237
[I](2022-12-26  11:52:33 am)작업중 정지 [d:-373][t:15:06:22]
[I](2022-12-26  11:52:33 am)    [LNo:0001] 000182/000237
[I](2022-12-26  11:52:33 am)작업중 M코드정지 [d:-373][t:15:06:22]
[I](2022-12-26  11:52:49 am)작업중 정지 [d:-373][t:15:06:38]
[I](2022-12-26  11:52:49 am)    [LNo:0001] 000183/000237
[I](2022-12-26  11:52:49 am)Wire Contact Auto Stop(M52)
[I](2022-12-26  11:55:41 am)Reset
[I](2022-12-26  11:55:57 am)작업 시작 [Start d:150]
[I](2022-12-26  11:55:57 am)Nc File: [No.0003-327.NC]
[I](2022-12-26  11:55:57 am)  * Start Machine Position
[I](2022-12-26  11:55:57 am)    X:    947.0500
[I](2022-12-26  11:55:57 am)    Y:   -507.5201
[I](2022-12-26  11:55:57 am)    U:      0.0000
[I](2022-12-26  11:55:57 am)    V:      0.0000
[I](2022-12-26  11:55:57 am)    Z:     30.8982
[I](2022-12-26  11:55:57 am)  * Angle
[I](2022-12-26  11:55:57 am)    Ar:     -0.3086,Kr:      0.0000
[I](2022-12-26  11:55:57 am)    Taper_Ar:      0.0000
[I](2022-12-26  12:52:09 pm)작업중 정지 [d:55][t:00:56:12]
[I](2022-12-26  12:52:09 pm)    [LNo:0003] 000557/000702
[A](2022-12-26  12:52:09 pm)[008] 작업중 단선(AWF Feed Motor Stop )
[I](2022-12-26  12:52:09 pm)작업중 Wire 단선 [d:55][t:00:56:12]
[I](2022-12-26  12:53:17 pm)작업 재시작
[I](2022-12-26  01:44:45 pm)작업중 정지 [d:107][t:01:48:47]
[I](2022-12-26  01:44:45 pm)    [LNo:0003] 000564/000702
[I](2022-12-26  01:44:45 pm)작업중 M코드정지 [d:107][t:01:48:47]
[I](2022-12-26  01:45:19 pm)작업중 정지 [d:107][t:01:49:21]
[I](2022-12-26  01:45:19 pm)    [LNo:0003] 000565/000702
[I](2022-12-26  01:46:04 pm)작업 재시작
[I](2022-12-26  01:46:05 pm)작업중 정지 [d:107][t:01:50:07]
[I](2022-12-26  01:46:05 pm)    [LNo:0003] 000566/000702
[I](2022-12-26  01:46:05 pm)작업중 M코드정지 [d:107][t:01:50:07]
[I](2022-12-26  01:48:14 pm)작업중 정지 [d:107][t:01:52:16]
[I](2022-12-26  01:48:14 pm)    [LNo:0003] 000585/000702
[I](2022-12-26  01:48:49 pm)작업중 정지 [d:107][t:01:52:51]
[I](2022-12-26  01:48:49 pm)    [LNo:0003] 000637/000702
[I](2022-12-26  05:15:51 pm)작업중 정지 [d:314][t:05:19:53]
[I](2022-12-26  05:15:51 pm)    [LNo:0003] 000694/000702
[I](2022-12-26  05:15:51 pm)작업중 M코드정지 [d:314][t:05:19:53]
[A](2022-12-26  05:16:16 pm)[037] 자동결선 잔여 WIRE 처리 실패!!
[A](2022-12-26  05:16:39 pm)[084] Work Tank Fluid Sensor Abnormal
[A](2022-12-26  05:16:39 pm)[084] Work Tank Fluid Sensor Abnormal
[A](2022-12-26  05:16:39 pm)[084] Work Tank Fluid Sensor Abnormal
[A](2022-12-26  05:16:40 pm)[084] Work Tank Fluid Sensor Abnormal
[A](2022-12-26  05:16:40 pm)[084] Work Tank Fluid Sensor Abnormal
[A](2022-12-26  05:16:40 pm)[084] Work Tank Fluid Sensor Abnormal
[A](2022-12-26  05:16:41 pm)[084] Work Tank Fluid Sensor Abnormal
[A](2022-12-26  05:16:42 pm)[084] Work Tank Fluid Sensor Abnormal
[A](2022-12-26  05:16:42 pm)[084] Work Tank Fluid Sensor Abnormal
[A](2022-12-26  05:16:42 pm)[084] Work Tank Fluid Sensor Abnormal
[A](2022-12-26  05:16:43 pm)[084] Work Tank Fluid Sensor Abnormal
[A](2022-12-26  05:16:43 pm)[084] Work Tank Fluid Sensor Abnormal
[A](2022-12-26  05:16:43 pm)[084] Work Tank Fluid Sensor Abnormal
[A](2022-12-26  05:16:43 pm)[084] Work Tank Fluid Sensor Abnormal
[A](2022-12-26  05:16:44 pm)[084] Work Tank Fluid Sensor Abnormal
[A](2022-12-26  05:16:44 pm)[084] Work Tank Fluid Sensor Abnormal
[I](2022-12-26  05:17:55 pm)Reset
[I](2022-12-26  05:22:41 pm)Reset
[I](2022-12-26  05:22:58 pm)Reset
[I](2022-12-26  05:26:52 pm)Reset
[I](2022-12-26  05:27:12 pm)Reset
[I](2022-12-26  05:28:21 pm)작업 시작 [Start d:0]
[I](2022-12-26  05:28:21 pm)Nc File: [No.0002-356.NC]
[I](2022-12-26  05:28:21 pm)  * Start Machine Position
[I](2022-12-26  05:28:21 pm)    X:     81.4745
[I](2022-12-26  05:28:21 pm)    Y:   -353.1245
[I](2022-12-26  05:28:21 pm)    U:      0.0000
[I](2022-12-26  05:28:21 pm)    V:      0.0000
[I](2022-12-26  05:28:21 pm)    Z:     26.3121
[I](2022-12-26  05:28:21 pm)  * Angle
[I](2022-12-26  05:28:21 pm)    Ar:      0.1145,Kr:      0.0000
[I](2022-12-26  05:28:21 pm)    Taper_Ar:      0.0000
[I](2022-12-26  05:37:27 pm)작업중 정지 [d:9][t:00:09:06]
[I](2022-12-26  05:37:27 pm)    [LNo:0002] 000022/000256
[I](2022-12-26  05:37:27 pm)작업중 M코드정지 [d:9][t:00:09:06]
[I](2022-12-26  05:40:30 pm)작업중 정지 [d:9][t:00:12:08]
[I](2022-12-26  05:40:30 pm)    [LNo:0002] 000024/000256
[I](2022-12-26  05:41:01 pm)작업 재시작
[I](2022-12-26  05:41:07 pm)작업중 정지 [d:9][t:00:12:45]
[I](2022-12-26  05:41:07 pm)    [LNo:0002] 000026/000256
[I](2022-12-26  05:41:07 pm)작업중 M코드정지 [d:9][t:00:12:45]
[I](2022-12-26  05:43:25 pm)작업중 정지 [d:11][t:00:15:03]
[I](2022-12-26  05:43:25 pm)    [LNo:0002] 000045/000256
[I](2022-12-26  05:43:25 pm)작업중 M코드정지 [d:11][t:00:15:04]
[I](2022-12-26  05:46:51 pm)작업중 정지 [d:11][t:00:18:29]
[I](2022-12-26  05:46:51 pm)    [LNo:0002] 000051/000256
[A](2022-12-26  05:49:07 pm)[037] 자동결선 잔여 WIRE 처리 실패!!
[I](2022-12-26  06:22:04 pm)작업중 정지 [d:43][t:00:53:42]
[I](2022-12-26  06:22:04 pm)    [LNo:0002] 000126/000256
[I](2022-12-26  06:22:04 pm)작업중 M코드정지 [d:43][t:00:53:42]
[I](2022-12-26  06:24:41 pm)작업중 정지 [d:43][t:00:56:19]
[I](2022-12-26  06:24:41 pm)    [LNo:0002] 000127/000256
[I](2022-12-26  06:24:41 pm)Wire Contact Auto Stop(M52)
[I](2022-12-26  06:25:10 pm)작업 재시작
[I](2022-12-26  06:25:13 pm)작업중 정지 [d:43][t:00:56:51]
[I](2022-12-26  06:25:13 pm)    [LNo:0002] 000128/000256
[I](2022-12-26  06:25:13 pm)작업중 M코드정지 [d:43][t:00:56:51]
[I](2022-12-26  06:34:42 pm)작업중 정지 [d:52][t:01:06:20]
[I](2022-12-26  06:34:42 pm)    [LNo:0002] 000152/000256
[I](2022-12-26  06:34:42 pm)작업중 M코드정지 [d:52][t:01:06:20]
[I](2022-12-26  06:36:27 pm)작업중 정지 [d:52][t:01:08:06]
[I](2022-12-26  06:36:27 pm)    [LNo:0002] 000154/000256
[I](2022-12-26  06:37:00 pm)작업 재시작
[I](2022-12-26  06:37:05 pm)작업중 정지 [d:52][t:01:08:43]
[I](2022-12-26  06:37:05 pm)    [LNo:0002] 000156/000256
[I](2022-12-26  06:37:05 pm)작업중 M코드정지 [d:52][t:01:08:43]
[I](2022-12-26  07:10:07 pm)작업중 정지 [d:84][t:01:41:46]
[I](2022-12-26  07:10:07 pm)    [LNo:0002] 000244/000256
[I](2022-12-26  07:10:07 pm)작업중 M코드정지 [d:84][t:01:41:46]
[I](2022-12-26  07:10:22 pm)작업중 정지 [d:84][t:01:42:01]
[I](2022-12-26  07:10:22 pm)    [LNo:0002] 000245/000256
[I](2022-12-26  07:10:22 pm)Wire Contact Auto Stop(M52)
[I](2022-12-26  07:12:22 pm)Reset
[I](2022-12-26  07:12:27 pm)Reset
[I](2022-12-26  07:16:18 pm)Reset
[I](2022-12-26  07:31:55 pm)Reset
[I](2022-12-26  07:31:58 pm)Reset
[I](2022-12-26  07:33:43 pm)Reset
[I](2022-12-26  07:35:38 pm)Reset
[I](2022-12-26  07:35:40 pm)Reset
[I](2022-12-26  07:35:45 pm)Reset
[I](2022-12-26  07:35:45 pm)Reset
[I](2022-12-26  07:37:32 pm)작업 시작 [Start d:84]
[I](2022-12-26  07:37:32 pm)Nc File: [No.0006-330.NC]
[I](2022-12-26  07:37:32 pm)  * Start Machine Position
[I](2022-12-26  07:37:32 pm)    X:    399.2592
[I](2022-12-26  07:37:32 pm)    Y:   -275.1446
[I](2022-12-26  07:37:32 pm)    U:      0.0000
[I](2022-12-26  07:37:32 pm)    V:      0.0000
[I](2022-12-26  07:37:32 pm)    Z:     23.1616
[I](2022-12-26  07:37:32 pm)  * Angle
[I](2022-12-26  07:37:32 pm)    Ar:     -0.0586,Kr:      0.0000
[I](2022-12-26  07:37:32 pm)    Taper_Ar:      0.0000
[I](2022-12-26  07:37:49 pm)작업중 정지 [d:0][t:00:00:17]
[I](2022-12-26  07:37:49 pm)    [LNo:0006] 000010/001424
[I](2022-12-26  07:37:50 pm)작업중 정지 [d:0][t:00:00:18]
[I](2022-12-26  07:37:50 pm)    [LNo:0006] 000015/001424
[I](2022-12-26  07:38:02 pm)작업중 정지 [d:0][t:00:00:29]
[I](2022-12-26  07:38:02 pm)    [LNo:0006] 000076/001424
[A](2022-12-26  07:38:45 pm)[037] 자동결선 잔여 WIRE 처리 실패!!
[I](2022-12-26  07:38:46 pm)작업중 정지 [d:0][t:00:01:14]
[I](2022-12-26  07:38:46 pm)    [LNo:0006] 000079/001424
[I](2022-12-26  07:39:00 pm)작업중 정지 [d:0][t:00:01:28]
[I](2022-12-26  07:39:00 pm)    [LNo:0006] 000111/001424
[I](2022-12-26  07:39:50 pm)작업중 정지 [d:0][t:00:02:17]
[I](2022-12-26  07:39:50 pm)    [LNo:0006] 000114/001424
[I](2022-12-26  07:40:00 pm)작업중 정지 [d:0][t:00:02:28]
[I](2022-12-26  07:40:00 pm)    [LNo:0006] 000140/001424
[I](2022-12-26  07:40:47 pm)작업중 정지 [d:0][t:00:03:15]
[I](2022-12-26  07:40:47 pm)    [LNo:0006] 000143/001424
[I](2022-12-26  07:41:02 pm)작업중 정지 [d:0][t:00:03:30]
[I](2022-12-26  07:41:02 pm)    [LNo:0006] 000169/001424
[A](2022-12-26  07:41:42 pm)[037] 자동결선 잔여 WIRE 처리 실패!!
[I](2022-12-26  07:41:43 pm)작업중 정지 [d:0][t:00:04:11]
[I](2022-12-26  07:41:43 pm)    [LNo:0006] 000172/001424
[I](2022-12-26  07:41:55 pm)작업중 정지 [d:0][t:00:04:23]
[I](2022-12-26  07:41:55 pm)    [LNo:0006] 000198/001424
[A](2022-12-26  07:42:38 pm)[037] 자동결선 잔여 WIRE 처리 실패!!
[I](2022-12-26  07:42:39 pm)작업중 정지 [d:0][t:00:05:07]
[I](2022-12-26  07:42:39 pm)    [LNo:0006] 000201/001424
[I](2022-12-26  07:42:53 pm)작업중 정지 [d:0][t:00:05:21]
[I](2022-12-26  07:42:53 pm)    [LNo:0006] 000227/001424
[A](2022-12-26  07:43:35 pm)[037] 자동결선 잔여 WIRE 처리 실패!!
[I](2022-12-26  07:43:36 pm)작업중 정지 [d:0][t:00:06:04]
[I](2022-12-26  07:43:36 pm)    [LNo:0006] 000230/001424
[I](2022-12-26  07:43:47 pm)작업중 정지 [d:0][t:00:06:15]
[I](2022-12-26  07:43:47 pm)    [LNo:0006] 000268/001424
[A](2022-12-26  07:44:30 pm)[037] 자동결선 잔여 WIRE 처리 실패!!
[I](2022-12-26  07:44:30 pm)작업중 정지 [d:0][t:00:06:58]
[I](2022-12-26  07:44:30 pm)    [LNo:0006] 000271/001424
[I](2022-12-26  07:44:50 pm)작업중 정지 [d:0][t:00:07:18]
[I](2022-12-26  07:44:50 pm)    [LNo:0006] 000297/001424
[A](2022-12-26  07:45:31 pm)[037] 자동결선 잔여 WIRE 처리 실패!!
[I](2022-12-26  07:46:08 pm)Reset
[I](2022-12-26  07:46:08 pm)Reset
[I](2022-12-26  07:46:11 pm)작업 시작 [Start d:84]
[I](2022-12-26  07:46:11 pm)Nc File: [No.0006-330.NC]
[I](2022-12-26  07:46:11 pm)  * Start Machine Position
[I](2022-12-26  07:46:11 pm)    X:    399.2592
[I](2022-12-26  07:46:11 pm)    Y:   -275.1446
[I](2022-12-26  07:46:11 pm)    U:      0.0000
[I](2022-12-26  07:46:11 pm)    V:      0.0000
[I](2022-12-26  07:46:11 pm)    Z:     23.1616
[I](2022-12-26  07:46:11 pm)  * Angle
[I](2022-12-26  07:46:11 pm)    Ar:     -0.0586,Kr:      0.0000
[I](2022-12-26  07:46:11 pm)    Taper_Ar:      0.0000
