[I](2022-11-08  05:53:32 am)작업중 정지 [d:552][t:09:24:10]
[I](2022-11-08  05:53:32 am)    [LNo:0014] 000698/001822
[I](2022-11-08  05:53:32 am)작업중 M코드정지 [d:552][t:09:24:10]
[I](2022-11-08  08:21:36 am)작업중 정지 [d:553][t:11:52:15]
[I](2022-11-08  08:21:36 am)    [LNo:0014] 000713/001822
[I](2022-11-08  08:21:36 am)작업중 M코드정지 [d:553][t:11:52:15]
[I](2022-11-08  08:21:56 am)작업중 정지 [d:553][t:11:52:35]
[I](2022-11-08  08:21:56 am)    [LNo:0014] 000717/001822
[I](2022-11-08  08:23:06 am)작업중 정지 [d:553][t:11:53:44]
[I](2022-11-08  08:23:06 am)    [LNo:0014] 000837/001822
[I](2022-11-08  08:23:33 am)작업중 정지 [d:553][t:11:54:11]
[I](2022-11-08  08:23:33 am)    [LNo:0014] 000841/001822
[I](2022-11-08  08:27:10 am)작업중 정지 [d:554][t:11:57:48]
[I](2022-11-08  08:27:10 am)    [LNo:0014] 000848/001822
[A](2022-11-08  08:27:10 am)[008] 작업중 단선(AWF Feed Motor Stop )
[I](2022-11-08  08:27:10 am)작업중 Wire 단선 [d:554][t:11:57:48]
[I](2022-11-08  08:28:20 am)작업 재시작
[I](2022-11-08  08:29:57 am)작업중 정지 [d:555][t:12:00:36]
[I](2022-11-08  08:29:57 am)    [LNo:0014] 000850/001822
[I](2022-11-08  08:29:57 am)작업중 M코드정지 [d:555][t:12:00:36]
[I](2022-11-08  08:30:32 am)작업중 정지 [d:555][t:12:01:10]
[I](2022-11-08  08:30:32 am)    [LNo:0014] 000852/001822
[I](2022-11-08  08:31:49 am)작업 재시작
[I](2022-11-08  08:35:01 am)작업중 정지 [d:556][t:12:05:39]
[I](2022-11-08  08:35:01 am)    [LNo:0014] 000874/001822
[I](2022-11-08  08:35:01 am)작업중 M코드정지 [d:556][t:12:05:39]
[I](2022-11-08  08:37:11 am)작업중 정지 [d:557][t:12:07:49]
[I](2022-11-08  08:37:11 am)    [LNo:0014] 000876/001822
[I](2022-11-08  08:37:30 am)작업 재시작
[I](2022-11-08  08:37:31 am)작업중 정지 [d:557][t:12:08:09]
[I](2022-11-08  08:37:31 am)    [LNo:0014] 000876/001822
[I](2022-11-08  08:37:31 am)Wire Contact Auto Stop(M52)
[I](2022-11-08  08:37:36 am)작업 재시작
[I](2022-11-08  08:40:39 am)작업중 정지 [d:559][t:12:11:17]
[I](2022-11-08  08:40:39 am)    [LNo:0014] 000898/001822
[I](2022-11-08  08:40:39 am)작업중 M코드정지 [d:559][t:12:11:17]
[I](2022-11-08  08:41:30 am)작업중 정지 [d:559][t:12:12:08]
[I](2022-11-08  08:41:30 am)    [LNo:0014] 000900/001822
[I](2022-11-08  08:41:53 am)작업 재시작
[I](2022-11-08  08:45:08 am)작업중 정지 [d:562][t:12:15:46]
[I](2022-11-08  08:45:08 am)    [LNo:0014] 000922/001822
[I](2022-11-08  08:45:08 am)작업중 M코드정지 [d:562][t:12:15:46]
[I](2022-11-08  08:47:19 am)작업중 정지 [d:562][t:12:17:57]
[I](2022-11-08  08:47:19 am)    [LNo:0014] 000923/001822
[I](2022-11-08  08:47:40 am)작업 재시작
[I](2022-11-08  08:50:47 am)작업중 정지 [d:564][t:12:21:25]
[I](2022-11-08  08:50:47 am)    [LNo:0014] 000946/001822
[I](2022-11-08  08:50:47 am)작업중 M코드정지 [d:564][t:12:21:25]
[I](2022-11-08  08:51:44 am)작업중 정지 [d:564][t:12:22:22]
[I](2022-11-08  08:51:44 am)    [LNo:0014] 000947/001822
[I](2022-11-08  08:52:05 am)작업 재시작
[I](2022-11-08  08:55:11 am)작업중 정지 [d:566][t:12:25:49]
[I](2022-11-08  08:55:11 am)    [LNo:0014] 000969/001822
[I](2022-11-08  08:55:11 am)작업중 M코드정지 [d:566][t:12:25:49]
[I](2022-11-08  08:55:34 am)작업중 정지 [d:566][t:12:26:12]
[I](2022-11-08  08:55:34 am)    [LNo:0014] 000971/001822
[I](2022-11-08  08:55:54 am)작업 재시작
[I](2022-11-08  08:56:41 am)작업중 정지 [d:567][t:12:27:19]
[I](2022-11-08  08:56:41 am)    [LNo:0014] 000976/001822
[I](2022-11-08  08:56:41 am)작업중 M코드정지 [d:567][t:12:27:19]
[I](2022-11-08  08:57:24 am)작업중 정지 [d:567][t:12:28:02]
[I](2022-11-08  08:57:24 am)    [LNo:0014] 001214/001822
[I](2022-11-08  08:57:50 am)작업중 정지 [d:567][t:12:28:28]
[I](2022-11-08  08:57:50 am)    [LNo:0014] 001219/001822
[I](2022-11-08  09:10:39 am)작업중 정지 [d:580][t:12:41:18]
[I](2022-11-08  09:10:39 am)    [LNo:0014] 001289/001822
[I](2022-11-08  09:10:58 am)작업 재시작
[I](2022-11-08  09:12:50 am)작업중 정지 [d:582][t:12:43:28]
[I](2022-11-08  09:12:50 am)    [LNo:0014] 001298/001822
[I](2022-11-08  09:12:50 am)작업중 M코드정지 [d:582][t:12:43:28]
[I](2022-11-08  09:14:32 am)작업중 정지 [d:582][t:12:45:10]
[I](2022-11-08  09:14:32 am)    [LNo:0014] 001257/001822
[I](2022-11-08  09:29:22 am)작업중 정지 [d:596][t:13:00:00]
[I](2022-11-08  09:29:22 am)    [LNo:0014] 001387/001822
[I](2022-11-08  10:23:14 am)작업중 정지 [d:643][t:13:53:52]
[I](2022-11-08  10:23:14 am)    [LNo:0014] 001746/001822
[I](2022-11-08  10:23:14 am)작업중 M코드정지 [d:643][t:13:53:53]
[I](2022-11-08  10:25:36 am)작업중 정지 [d:643][t:13:56:14]
[I](2022-11-08  10:25:36 am)    [LNo:0014] 001759/001822
[A](2022-11-08  10:25:36 am)[008] 작업중 단선(AWF Feed Motor Stop )
[I](2022-11-08  10:25:36 am)작업중 Wire 단선 [d:643][t:13:56:14]
[I](2022-11-08  10:26:36 am)작업 재시작
[I](2022-11-08  10:35:47 am)작업중 정지 [d:652][t:14:06:25]
[I](2022-11-08  10:35:47 am)    [LNo:0014] 001762/001822
[I](2022-11-08  10:35:47 am)작업중 M코드정지 [d:652][t:14:06:25]
[I](2022-11-08  10:35:58 am)작업중 정지 [d:652][t:14:06:36]
[I](2022-11-08  10:35:58 am)    [LNo:0014] 001764/001822
[I](2022-11-08  10:35:58 am)작업중 M코드정지 [d:652][t:14:06:36]
[I](2022-11-08  10:45:01 am)작업중 정지 [d:660][t:14:15:39]
[I](2022-11-08  10:45:01 am)    [LNo:0014] 001786/001822
[I](2022-11-08  10:45:01 am)작업중 M코드정지 [d:660][t:14:15:39]
[I](2022-11-08  10:46:08 am)작업중 정지 [d:660][t:14:16:46]
[I](2022-11-08  10:46:08 am)    [LNo:0014] 001788/001822
[I](2022-11-08  10:46:09 am)작업중 M코드정지 [d:660][t:14:16:47]
[I](2022-11-08  10:54:53 am)작업중 정지 [d:667][t:14:25:31]
[I](2022-11-08  10:54:53 am)    [LNo:0014] 001810/001822
[I](2022-11-08  10:54:53 am)작업중 M코드정지 [d:667][t:14:25:32]
[I](2022-11-08  10:59:58 am)작업중 정지 [d:667][t:14:30:37]
[I](2022-11-08  10:59:58 am)    [LNo:0014] 001811/001822
[I](2022-11-08  10:59:58 am)Wire Contact Auto Stop(M52)
[A](2022-11-08  11:00:48 am)[084] Work Tank Fluid Sensor Abnormal
[I](2022-11-08  11:02:04 am)Reset
[I](2022-11-08  11:08:03 am)Reset
[I](2022-11-08  11:08:03 am)Reset
[I](2022-11-08  11:09:07 am)Reset
[I](2022-11-08  11:09:36 am)Reset
[I](2022-11-08  11:09:43 am)Reset
[I](2022-11-08  11:09:45 am)Reset
[A](2022-11-08  11:10:08 am)[037] 자동결선 잔여 WIRE 처리 실패!!
[I](2022-11-08  11:19:13 am)Reset
[I](2022-11-08  11:19:15 am)Reset
[I](2022-11-08  11:19:19 am)Reset
[I](2022-11-08  11:22:53 am)Reset
[I](2022-11-08  11:26:53 am)Reset
[I](2022-11-08  11:26:56 am)Reset
[I](2022-11-08  11:26:56 am)Reset
[I](2022-11-08  11:27:17 am)Reset
[I](2022-11-08  11:27:18 am)Reset
[I](2022-11-08  11:27:18 am)Reset
[I](2022-11-08  11:30:33 am)Reset
[I](2022-11-08  11:32:33 am)Reset
[I](2022-11-08  11:33:03 am)Reset
[I](2022-11-08  11:33:03 am)Reset
[I](2022-11-08  11:33:27 am)Reset
[I](2022-11-08  11:33:38 am)Reset
[I](2022-11-08  11:36:27 am)Reset
[I](2022-11-08  11:38:22 am)Reset
[I](2022-11-08  11:38:47 am)Reset
[I](2022-11-08  11:39:02 am)Reset
[I](2022-11-08  11:39:19 am)Reset
[I](2022-11-08  11:39:34 am)Reset
[I](2022-11-08  11:40:29 am)작업 시작 [Start d:0]
[I](2022-11-08  11:40:29 am)Nc File: [No.0012-445.NC *]
[I](2022-11-08  11:40:29 am)  * Start Machine Position
[I](2022-11-08  11:40:29 am)    X:    177.1774
[I](2022-11-08  11:40:29 am)    Y:   -514.1502
[I](2022-11-08  11:40:29 am)    U:      0.0000
[I](2022-11-08  11:40:29 am)    V:      0.0000
[I](2022-11-08  11:40:29 am)    Z:     28.2898
[I](2022-11-08  11:40:29 am)  * Angle
[I](2022-11-08  11:40:29 am)    Ar:     -0.2170,Kr:      0.0000
[I](2022-11-08  11:40:29 am)    Taper_Ar:      0.0000
[I](2022-11-08  11:41:01 am)작업중 정지 [d:0][t:00:00:32]
[I](2022-11-08  11:41:01 am)    [LNo:0012] 000013/000483
[A](2022-11-08  11:45:15 am)[037] 자동결선 잔여 WIRE 처리 실패!!
[I](2022-11-08  11:46:28 am)작업중 정지 [d:0][t:00:05:59]
[I](2022-11-08  11:46:28 am)    [LNo:0012] 000054/000483
[I](2022-11-08  11:59:55 am)Reset
[I](2022-11-08  11:59:55 am)Reset
[I](2022-11-08  12:00:28 pm)작업 시작 [Start d:0]
[I](2022-11-08  12:00:28 pm)Nc File: [No.0012-448.NC]
[I](2022-11-08  12:00:28 pm)  * Start Machine Position
[I](2022-11-08  12:00:28 pm)    X:    177.1774
[I](2022-11-08  12:00:28 pm)    Y:   -514.1502
[I](2022-11-08  12:00:28 pm)    U:      0.0000
[I](2022-11-08  12:00:28 pm)    V:      0.0000
[I](2022-11-08  12:00:28 pm)    Z:     28.2898
[I](2022-11-08  12:00:28 pm)  * Angle
[I](2022-11-08  12:00:28 pm)    Ar:     -0.2170,Kr:      0.0000
[I](2022-11-08  12:00:28 pm)    Taper_Ar:      0.0000
[I](2022-11-08  12:01:05 pm)작업중 정지 [d:0][t:00:00:36]
[I](2022-11-08  12:01:05 pm)    [LNo:0012] 000013/000484
[I](2022-11-08  12:10:46 pm)작업중 정지 [d:4][t:00:10:17]
[I](2022-11-08  12:10:46 pm)    [LNo:0012] 000054/000484
[I](2022-11-08  12:56:20 pm)
[I](2022-11-08  12:56:20 pm)Work completed.
[I](2022-11-08  12:56:20 pm)작업 끝.(M02) [d:43][t:00:55:51]
[I](2022-11-08  12:57:24 pm)작업 시작 [Start d:43]
[I](2022-11-08  12:57:24 pm)Nc File: [No.0012-448.NC]
[I](2022-11-08  12:57:24 pm)  * Start Machine Position
[I](2022-11-08  12:57:24 pm)    X:    177.2236
[I](2022-11-08  12:57:24 pm)    Y:   -501.9463
[I](2022-11-08  12:57:24 pm)    U:      0.0000
[I](2022-11-08  12:57:24 pm)    V:      0.0000
[I](2022-11-08  12:57:24 pm)    Z:     32.0113
[I](2022-11-08  12:57:24 pm)  * Angle
[I](2022-11-08  12:57:24 pm)    Ar:     -0.2170,Kr:      0.0000
[I](2022-11-08  12:57:24 pm)    Taper_Ar:      0.0000
[I](2022-11-08  12:57:24 pm)작업 끝.(M02) [d:0][t:00:00:00]
[I](2022-11-08  12:57:49 pm)작업 시작 [Start d:43]
[I](2022-11-08  12:57:49 pm)Nc File: [No.0012-448.NC]
[I](2022-11-08  12:57:49 pm)  * Start Machine Position
[I](2022-11-08  12:57:49 pm)    X:    177.2628
[I](2022-11-08  12:57:49 pm)    Y:   -491.5784
[I](2022-11-08  12:57:49 pm)    U:      0.0000
[I](2022-11-08  12:57:49 pm)    V:      0.0000
[I](2022-11-08  12:57:49 pm)    Z:     32.0113
[I](2022-11-08  12:57:49 pm)  * Angle
[I](2022-11-08  12:57:49 pm)    Ar:     -0.2170,Kr:      0.0000
[I](2022-11-08  12:57:49 pm)    Taper_Ar:      0.0000
[I](2022-11-08  12:57:54 pm)작업중 정지 [d:0][t:00:00:04]
[I](2022-11-08  12:57:54 pm)    [LNo:0012] 000009/000484
[I](2022-11-08  12:58:06 pm)Reset
[I](2022-11-08  12:58:06 pm)Reset
[I](2022-11-08  12:58:21 pm)Reset
[I](2022-11-08  12:59:12 pm)작업 시작 [Start d:43]
[I](2022-11-08  12:59:12 pm)Nc File: [No.0012-448.NC]
[I](2022-11-08  12:59:12 pm)  * Start Machine Position
[I](2022-11-08  12:59:12 pm)    X:    177.1774
[I](2022-11-08  12:59:12 pm)    Y:   -514.1502
[I](2022-11-08  12:59:12 pm)    U:      0.0000
[I](2022-11-08  12:59:12 pm)    V:      0.0000
[I](2022-11-08  12:59:12 pm)    Z:     32.0113
[I](2022-11-08  12:59:12 pm)  * Angle
[I](2022-11-08  12:59:12 pm)    Ar:     -0.2170,Kr:      0.0000
[I](2022-11-08  12:59:12 pm)    Taper_Ar:      0.0000
[I](2022-11-08  12:59:21 pm)작업중 정지 [d:0][t:00:00:08]
[I](2022-11-08  12:59:21 pm)    [LNo:0012] 000217/000484
[I](2022-11-08  01:00:53 pm)작업중 정지 [d:1][t:00:01:41]
[I](2022-11-08  01:00:53 pm)    [LNo:0012] 000247/000484
[I](2022-11-08  01:01:30 pm)작업중 정지 [d:1][t:00:02:17]
[I](2022-11-08  01:01:30 pm)    [LNo:0012] 000424/000484
[I](2022-11-08  01:05:43 pm)작업중 정지 [d:4][t:00:06:31]
[I](2022-11-08  01:05:43 pm)    [LNo:0012] 000479/000484
[I](2022-11-08  01:14:05 pm)Reset
[I](2022-11-08  01:14:05 pm)Reset
[I](2022-11-08  01:14:51 pm)Reset
[I](2022-11-08  01:16:08 pm)Reset
[A](2022-11-08  01:16:40 pm)[001] 와이어 미동작
[I](2022-11-08  01:17:10 pm)Reset
[I](2022-11-08  01:18:16 pm)Reset
[I](2022-11-08  01:19:31 pm)작업 시작 [Start d:47]
[I](2022-11-08  01:19:31 pm)Nc File: [No.0013-447.NC]
[I](2022-11-08  01:19:31 pm)  * Start Machine Position
[I](2022-11-08  01:19:31 pm)    X:    180.9614
[I](2022-11-08  01:19:31 pm)    Y:   -561.5651
[I](2022-11-08  01:19:31 pm)    U:      0.0000
[I](2022-11-08  01:19:31 pm)    V:      0.0000
[I](2022-11-08  01:19:31 pm)    Z:     11.4868
[I](2022-11-08  01:19:31 pm)  * Angle
[I](2022-11-08  01:19:31 pm)    Ar:      1.0621,Kr:      0.0000
[I](2022-11-08  01:19:31 pm)    Taper_Ar:      0.0000
[I](2022-11-08  01:19:40 pm)작업중 정지 [d:0][t:00:00:08]
[I](2022-11-08  01:19:40 pm)    [LNo:0013] 000010/000104
[I](2022-11-08  01:19:40 pm)작업중 M코드정지 [d:0][t:00:00:08]
[I](2022-11-08  01:59:57 pm)작업중 정지 [d:40][t:00:40:26]
[I](2022-11-08  01:59:57 pm)    [LNo:0013] 000031/000104
[A](2022-11-08  01:59:57 pm)[008] 작업중 단선(AWF Feed Motor Stop )
[I](2022-11-08  01:59:57 pm)작업중 Wire 단선 [d:40][t:00:40:26]
[I](2022-11-08  02:00:18 pm)작업 재시작
[I](2022-11-08  02:00:40 pm)작업중 정지 [d:40][t:00:41:09]
[I](2022-11-08  02:00:40 pm)    [LNo:0013] 000032/000104
[I](2022-11-08  02:00:40 pm)작업중 M코드정지 [d:40][t:00:41:09]
[I](2022-11-08  02:00:51 pm)작업중 정지 [d:40][t:00:41:20]
[I](2022-11-08  02:00:51 pm)    [LNo:0013] 000034/000104
[I](2022-11-08  02:00:51 pm)작업중 M코드정지 [d:40][t:00:41:20]
[I](2022-11-08  02:00:52 pm)작업중 정지 [d:40][t:00:41:21]
[I](2022-11-08  02:00:52 pm)    [LNo:0013] 000036/000104
[I](2022-11-08  02:00:52 pm)작업중 M코드정지 [d:40][t:00:41:21]
[I](2022-11-08  02:34:32 pm)작업중 정지 [d:73][t:01:15:01]
[I](2022-11-08  02:34:32 pm)    [LNo:0013] 000063/000104
[A](2022-11-08  02:34:32 pm)[008] 작업중 단선(AWF Feed Motor Stop )
[I](2022-11-08  02:34:32 pm)작업중 Wire 단선 [d:73][t:01:15:01]
[A](2022-11-08  02:34:48 pm)[041] AWF 명령끝날때까지 센서감지(타임아웃) 안됨
[A](2022-11-08  02:35:22 pm)[001] 와이어 미동작
[A](2022-11-08  02:35:25 pm)[001] 와이어 미동작
[A](2022-11-08  02:35:26 pm)[001] 와이어 미동작
[A](2022-11-08  02:35:26 pm)[001] 와이어 미동작
[I](2022-11-08  02:36:07 pm)작업 재시작
[I](2022-11-08  02:36:30 pm)작업중 정지 [d:73][t:01:16:59]
[I](2022-11-08  02:36:30 pm)    [LNo:0013] 000064/000104
[I](2022-11-08  02:36:30 pm)작업중 M코드정지 [d:73][t:01:16:59]
[I](2022-11-08  02:39:56 pm)작업중 정지 [d:73][t:01:20:25]
[I](2022-11-08  02:39:56 pm)    [LNo:0013] 000066/000104
[I](2022-11-08  02:39:56 pm)작업중 M코드정지 [d:73][t:01:20:25]
[I](2022-11-08  02:39:58 pm)작업중 정지 [d:73][t:01:20:26]
[I](2022-11-08  02:39:58 pm)    [LNo:0013] 000068/000104
[I](2022-11-08  02:39:58 pm)작업중 M코드정지 [d:73][t:01:20:26]
[I](2022-11-08  03:21:07 pm)작업중 정지 [d:114][t:02:01:35]
[I](2022-11-08  03:21:07 pm)    [LNo:0013] 000091/000104
[I](2022-11-08  03:21:07 pm)Wire Contact Auto Stop(M52)
[I](2022-11-08  03:25:28 pm)Reset
[I](2022-11-08  03:29:05 pm)Reset
[I](2022-11-08  03:30:09 pm)Reset
[I](2022-11-08  03:30:12 pm)Reset
[I](2022-11-08  03:30:13 pm)Reset
[I](2022-11-08  03:31:31 pm)Reset
[I](2022-11-08  03:31:44 pm)Reset
[I](2022-11-08  03:35:21 pm)작업 시작 [Start d:161]
[I](2022-11-08  03:35:21 pm)Nc File: [No.0015-443.NC]
[I](2022-11-08  03:35:21 pm)  * Start Machine Position
[I](2022-11-08  03:35:21 pm)    X:    136.3439
[I](2022-11-08  03:35:21 pm)    Y:   -365.9723
[I](2022-11-08  03:35:21 pm)    U:      0.0000
[I](2022-11-08  03:35:21 pm)    V:      0.0000
[I](2022-11-08  03:35:21 pm)    Z:     26.2974
[I](2022-11-08  03:35:21 pm)  * Angle
[I](2022-11-08  03:35:21 pm)    Ar:      0.2266,Kr:      0.0000
[I](2022-11-08  03:35:21 pm)    Taper_Ar:      0.0000
[I](2022-11-08  03:35:22 pm)작업중 정지 [d:0][t:00:00:00]
[I](2022-11-08  03:35:22 pm)    [LNo:0015] 000007/000548
[I](2022-11-08  03:42:06 pm)작업중 정지 [d:7][t:00:06:45]
[I](2022-11-08  03:42:06 pm)    [LNo:0015] 000021/000548
[I](2022-11-08  03:42:06 pm)작업중 M코드정지 [d:7][t:00:06:45]
[I](2022-11-08  03:44:53 pm)작업중 정지 [d:7][t:00:09:31]
[I](2022-11-08  03:44:53 pm)    [LNo:0015] 000022/000548
[A](2022-11-08  03:44:53 pm)[008] 작업중 단선(AWF Feed Motor Stop )
[I](2022-11-08  03:44:53 pm)작업중 Wire 단선 [d:7][t:00:09:32]
[A](2022-11-08  03:45:15 pm)[037] 자동결선 잔여 WIRE 처리 실패!!
[I](2022-11-08  03:46:24 pm)작업 재시작
[I](2022-11-08  03:46:44 pm)작업중 정지 [d:7][t:00:11:23]
[I](2022-11-08  03:46:44 pm)    [LNo:0015] 000024/000548
[I](2022-11-08  03:46:45 pm)작업중 M코드정지 [d:7][t:00:11:23]
[I](2022-11-08  04:18:15 pm)작업중 정지 [d:37][t:00:42:53]
[I](2022-11-08  04:18:15 pm)    [LNo:0015] 000131/000548
[I](2022-11-08  04:18:15 pm)작업중 M코드정지 [d:37][t:00:42:53]
[I](2022-11-08  04:18:51 pm)작업중 정지 [d:37][t:00:43:29]
[I](2022-11-08  04:18:51 pm)    [LNo:0015] 000132/000548
[I](2022-11-08  04:18:51 pm)Wire Contact Auto Stop(M52)
[I](2022-11-08  04:19:13 pm)작업 재시작
[I](2022-11-08  04:19:16 pm)작업중 정지 [d:37][t:00:43:54]
[I](2022-11-08  04:19:16 pm)    [LNo:0015] 000133/000548
[I](2022-11-08  04:19:16 pm)작업중 M코드정지 [d:37][t:00:43:54]
[I](2022-11-08  04:27:00 pm)작업중 정지 [d:44][t:00:51:38]
[I](2022-11-08  04:27:00 pm)    [LNo:0015] 000156/000548
[I](2022-11-08  04:27:00 pm)작업중 M코드정지 [d:44][t:00:51:38]
[I](2022-11-08  04:27:55 pm)작업중 정지 [d:44][t:00:52:33]
[I](2022-11-08  04:27:55 pm)    [LNo:0015] 000159/000548
[I](2022-11-08  04:27:55 pm)작업중 M코드정지 [d:44][t:00:52:33]
[I](2022-11-08  04:59:25 pm)작업중 정지 [d:74][t:01:24:03]
[I](2022-11-08  04:59:25 pm)    [LNo:0015] 000266/000548
[I](2022-11-08  04:59:25 pm)작업중 M코드정지 [d:74][t:01:24:03]
[I](2022-11-08  04:59:43 pm)작업중 정지 [d:74][t:01:24:21]
[I](2022-11-08  04:59:43 pm)    [LNo:0015] 000267/000548
[I](2022-11-08  04:59:43 pm)Wire Contact Auto Stop(M52)
[I](2022-11-08  05:00:08 pm)작업 재시작
[I](2022-11-08  05:00:11 pm)작업중 정지 [d:74][t:01:24:49]
[I](2022-11-08  05:00:11 pm)    [LNo:0015] 000268/000548
[I](2022-11-08  05:00:11 pm)작업중 M코드정지 [d:74][t:01:24:49]
[I](2022-11-08  05:07:57 pm)작업중 정지 [d:80][t:01:32:36]
[I](2022-11-08  05:07:57 pm)    [LNo:0015] 000291/000548
[I](2022-11-08  05:07:57 pm)작업중 M코드정지 [d:80][t:01:32:36]
[I](2022-11-08  05:08:19 pm)작업중 정지 [d:80][t:01:32:57]
[I](2022-11-08  05:08:19 pm)    [LNo:0015] 000294/000548
[I](2022-11-08  05:08:19 pm)작업중 M코드정지 [d:80][t:01:32:58]
[I](2022-11-08  05:39:46 pm)작업중 정지 [d:110][t:02:04:24]
[I](2022-11-08  05:39:46 pm)    [LNo:0015] 000401/000548
[I](2022-11-08  05:39:46 pm)작업중 M코드정지 [d:110][t:02:04:24]
[I](2022-11-08  05:41:33 pm)작업중 정지 [d:110][t:02:06:11]
[I](2022-11-08  05:41:33 pm)    [LNo:0015] 000402/000548
[I](2022-11-08  05:41:33 pm)Wire Contact Auto Stop(M52)
[I](2022-11-08  05:41:54 pm)작업 재시작
[I](2022-11-08  05:41:58 pm)작업중 정지 [d:110][t:02:06:36]
[I](2022-11-08  05:41:58 pm)    [LNo:0015] 000403/000548
[I](2022-11-08  05:41:58 pm)작업중 M코드정지 [d:110][t:02:06:36]
[I](2022-11-08  05:49:47 pm)작업중 정지 [d:116][t:02:14:25]
[I](2022-11-08  05:49:47 pm)    [LNo:0015] 000426/000548
[I](2022-11-08  05:49:47 pm)작업중 M코드정지 [d:116][t:02:14:25]
[I](2022-11-08  05:50:09 pm)작업중 정지 [d:117][t:02:14:48]
[I](2022-11-08  05:50:09 pm)    [LNo:0015] 000428/000548
[I](2022-11-08  05:50:29 pm)작업 재시작
[I](2022-11-08  05:50:30 pm)작업중 정지 [d:117][t:02:15:08]
[I](2022-11-08  05:50:30 pm)    [LNo:0015] 000429/000548
[I](2022-11-08  05:50:30 pm)작업중 M코드정지 [d:117][t:02:15:08]
[I](2022-11-08  06:23:00 pm)작업중 정지 [d:149][t:02:47:38]
[I](2022-11-08  06:23:00 pm)    [LNo:0015] 000536/000548
[I](2022-11-08  06:23:00 pm)작업중 M코드정지 [d:149][t:02:47:38]
[I](2022-11-08  06:44:43 pm)작업중 정지 [d:149][t:03:09:21]
[I](2022-11-08  06:44:43 pm)    [LNo:0015] 000537/000548
[A](2022-11-08  06:44:43 pm)[008] 작업중 단선(AWF Feed Motor Stop )
[I](2022-11-08  06:44:43 pm)작업중 Wire 단선 [d:149][t:03:09:21]
[I](2022-11-08  06:45:38 pm)작업 재시작
[I](2022-11-08  06:45:48 pm)작업중 정지 [d:149][t:03:10:26]
[I](2022-11-08  06:45:48 pm)    [LNo:0015] 000537/000548
[I](2022-11-08  06:45:48 pm)Wire Contact Auto Stop(M52)
[I](2022-11-08  06:59:02 pm)Reset
[I](2022-11-08  06:59:06 pm)Reset
[I](2022-11-08  07:00:28 pm)Reset
[I](2022-11-08  07:00:29 pm)Reset
[I](2022-11-08  07:00:29 pm)Reset
[I](2022-11-08  07:00:29 pm)Reset
[I](2022-11-08  07:00:30 pm)Reset
[I](2022-11-08  07:00:30 pm)Reset
[I](2022-11-08  07:00:31 pm)Reset
[A](2022-11-08  07:04:25 pm)[037] 자동결선 잔여 WIRE 처리 실패!!
[I](2022-11-08  07:04:55 pm)Reset
[I](2022-11-08  07:05:18 pm)Reset
[I](2022-11-08  07:05:18 pm)Reset
[I](2022-11-08  07:05:19 pm)Reset
[I](2022-11-08  07:05:36 pm)작업 시작 [Start d:310]
[I](2022-11-08  07:05:36 pm)Nc File: [No.0003-0.31   3호기  FFX  WALL - 1.NC *]
[I](2022-11-08  07:05:36 pm)  * Start Machine Position
[I](2022-11-08  07:05:36 pm)    X:    972.5655
[I](2022-11-08  07:05:36 pm)    Y:   -559.1378
[I](2022-11-08  07:05:36 pm)    U:      0.0000
[I](2022-11-08  07:05:36 pm)    V:      0.0000
[I](2022-11-08  07:05:36 pm)    Z:     44.2224
[I](2022-11-08  07:05:36 pm)  * Angle
[I](2022-11-08  07:05:36 pm)    Ar:     -0.3661,Kr:      0.0000
[I](2022-11-08  07:05:36 pm)    Taper_Ar:      0.0000
[I](2022-11-08  07:05:58 pm)작업중 정지 [d:0][t:00:00:22]
[I](2022-11-08  07:05:58 pm)    [LNo:0003] 000086/000825
[I](2022-11-08  07:07:29 pm)작업중 정지 [d:0][t:00:01:53]
[I](2022-11-08  07:07:29 pm)    [LNo:0003] 000091/000825
[I](2022-11-08  07:07:46 pm)작업중 정지 [d:0][t:00:02:10]
[I](2022-11-08  07:07:46 pm)    [LNo:0003] 000250/000825
[I](2022-11-08  07:08:38 pm)작업중 정지 [d:0][t:00:03:01]
[I](2022-11-08  07:08:38 pm)    [LNo:0003] 000253/000825
[I](2022-11-08  07:08:54 pm)작업중 정지 [d:0][t:00:03:17]
[I](2022-11-08  07:08:54 pm)    [LNo:0003] 000439/000825
[I](2022-11-08  07:10:08 pm)Reset
[I](2022-11-08  07:10:16 pm)작업 시작 [Start d:310]
[I](2022-11-08  07:10:16 pm)Nc File: [No.0003-0.31   3호기  FFX  WALL - 1.NC *]
[I](2022-11-08  07:10:16 pm)  * Start Machine Position
[I](2022-11-08  07:10:16 pm)    X:    972.5655
[I](2022-11-08  07:10:16 pm)    Y:   -559.1378
[I](2022-11-08  07:10:16 pm)    U:      0.0000
[I](2022-11-08  07:10:16 pm)    V:      0.0000
[I](2022-11-08  07:10:16 pm)    Z:     44.2224
[I](2022-11-08  07:10:16 pm)  * Angle
[I](2022-11-08  07:10:16 pm)    Ar:     -0.3661,Kr:      0.0000
[I](2022-11-08  07:10:16 pm)    Taper_Ar:      0.0000
[I](2022-11-08  07:14:16 pm)작업중 정지 [d:3][t:00:03:59]
[I](2022-11-08  07:14:16 pm)    [LNo:0003] 000231/000825
[I](2022-11-08  07:14:51 pm)Reset
[I](2022-11-08  07:14:51 pm)Reset
[I](2022-11-08  07:15:14 pm)Reset
[I](2022-11-08  07:15:19 pm)작업 시작 [Start d:313]
[I](2022-11-08  07:15:19 pm)Nc File: [No.0003-0.31   3호기  FFX  WALL - 1.NC *]
[I](2022-11-08  07:15:19 pm)  * Start Machine Position
[I](2022-11-08  07:15:19 pm)    X:    972.5655
[I](2022-11-08  07:15:19 pm)    Y:   -559.1378
[I](2022-11-08  07:15:19 pm)    U:      0.0000
[I](2022-11-08  07:15:19 pm)    V:      0.0000
[I](2022-11-08  07:15:19 pm)    Z:     44.2224
[I](2022-11-08  07:15:19 pm)  * Angle
[I](2022-11-08  07:15:19 pm)    Ar:     -0.3661,Kr:      0.0000
[I](2022-11-08  07:15:19 pm)    Taper_Ar:      0.0000
[I](2022-11-08  07:15:32 pm)작업중 정지 [d:0][t:00:00:13]
[I](2022-11-08  07:15:32 pm)    [LNo:0003] 000015/000825
[A](2022-11-08  07:15:32 pm)[008] 작업중 단선(AWF Feed Motor Stop )
[I](2022-11-08  07:15:32 pm)작업중 Wire 단선 [d:0][t:00:00:13]
[I](2022-11-08  07:16:38 pm)작업 재시작
[I](2022-11-08  07:46:59 pm)작업중 정지 [d:30][t:00:31:40]
[I](2022-11-08  07:46:59 pm)    [LNo:0003] 000042/000825
[A](2022-11-08  07:47:00 pm)[008] 작업중 단선(AWF Feed Motor Stop )
[I](2022-11-08  07:47:00 pm)작업중 Wire 단선 [d:30][t:00:31:40]
[I](2022-11-08  07:48:06 pm)작업 재시작
[I](2022-11-08  09:18:25 pm)작업중 정지 [d:117][t:02:03:06]
[I](2022-11-08  09:18:25 pm)    [LNo:0003] 000123/000825
[A](2022-11-08  09:18:25 pm)[008] 작업중 단선(AWF Feed Motor Stop )
[I](2022-11-08  09:18:25 pm)작업중 Wire 단선 [d:117][t:02:03:06]
[I](2022-11-08  09:19:31 pm)작업 재시작
[I](2022-11-08  09:50:44 pm)작업중 정지 [d:147][t:02:35:25]
[I](2022-11-08  09:50:44 pm)    [LNo:0003] 000150/000825
[A](2022-11-08  09:50:44 pm)[008] 작업중 단선(AWF Feed Motor Stop )
[I](2022-11-08  09:50:44 pm)작업중 Wire 단선 [d:147][t:02:35:25]
[I](2022-11-08  09:51:49 pm)작업 재시작
[I](2022-11-08  10:23:12 pm)작업중 정지 [d:178][t:03:07:53]
[I](2022-11-08  10:23:12 pm)    [LNo:0003] 000177/000825
[A](2022-11-08  10:23:12 pm)[008] 작업중 단선(AWF Feed Motor Stop )
[I](2022-11-08  10:23:12 pm)작업중 Wire 단선 [d:178][t:03:07:53]
[I](2022-11-08  10:24:17 pm)작업 재시작
[I](2022-11-08  10:55:55 pm)작업중 정지 [d:208][t:03:40:35]
[I](2022-11-08  10:55:55 pm)    [LNo:0003] 000204/000825
[A](2022-11-08  10:55:55 pm)[008] 작업중 단선(AWF Feed Motor Stop )
[I](2022-11-08  10:55:55 pm)작업중 Wire 단선 [d:208][t:03:40:35]
[I](2022-11-08  10:57:03 pm)작업 재시작
[I](2022-11-08  11:56:48 pm)작업중 정지 [d:265][t:04:41:29]
[I](2022-11-08  11:56:48 pm)    [LNo:0003] 000258/000825
[A](2022-11-08  11:56:48 pm)[008] 작업중 단선(AWF Feed Motor Stop )
[I](2022-11-08  11:56:48 pm)작업중 Wire 단선 [d:265][t:04:41:29]
[I](2022-11-08  11:57:51 pm)작업 재시작
[I](2022-11-08  11:57:53 pm)작업중 정지 [d:265][t:04:42:34]
[I](2022-11-08  11:57:53 pm)    [LNo:0003] 000258/000825
[A](2022-11-08  11:57:54 pm)[008] 작업중 단선(AWF Feed Motor Stop )
[I](2022-11-08  11:57:54 pm)작업중 Wire 단선 [d:265][t:04:42:34]
