[I](2022-11-22  06:28:55 am)작업중 정지 [d:679][t:11:37:40]
[I](2022-11-22  06:28:55 am)    [LNo:0010] 000829/001641
[A](2022-11-22  06:28:55 am)[008] 작업중 단선(AWF Feed Motor Stop )
[I](2022-11-22  06:28:55 am)작업중 Wire 단선 [d:679][t:11:37:40]
[I](2022-11-22  06:29:07 am)작업 재시작
[I](2022-11-22  08:57:53 am)작업중 정지 [d:-257][t:14:06:39]
[I](2022-11-22  08:57:53 am)    [LNo:0010] 000920/001641
[I](2022-11-22  08:57:53 am)작업중 M코드정지 [d:-257][t:14:06:39]
[I](2022-11-22  09:06:29 am)Reset
[I](2022-11-22  09:06:35 am)Reset
[I](2022-11-22  09:06:36 am)Reset
[I](2022-11-22  09:07:55 am)Reset
[I](2022-11-22  09:08:21 am)작업 시작 [Start d:1]
[I](2022-11-22  09:08:21 am)Nc File: [No.0009-489.NC]
[I](2022-11-22  09:08:21 am)  * Start Machine Position
[I](2022-11-22  09:08:21 am)    X:     34.6793
[I](2022-11-22  09:08:21 am)    Y:   -573.7963
[I](2022-11-22  09:08:21 am)    U:      0.0000
[I](2022-11-22  09:08:21 am)    V:      0.0000
[I](2022-11-22  09:08:21 am)    Z:     32.7861
[I](2022-11-22  09:08:21 am)  * Angle
[I](2022-11-22  09:08:21 am)    Ar:     -0.5657,Kr:      0.0000
[I](2022-11-22  09:08:21 am)    Taper_Ar:      0.0000
[A](2022-11-22  09:08:42 am)[091] Auto Door Sensor Abnormal
[I](2022-11-22  09:10:27 am)작업중 정지 [d:0][t:00:02:05]
[I](2022-11-22  09:10:27 am)    [LNo:0009] 001141/001793
[I](2022-11-22  09:18:30 am)작업중 정지 [d:8][t:00:10:08]
[I](2022-11-22  09:18:30 am)    [LNo:0009] 001158/001793
[I](2022-11-22  09:18:39 am)작업 재시작
[I](2022-11-22  09:20:04 am)작업중 정지 [d:10][t:00:11:43]
[I](2022-11-22  09:20:04 am)    [LNo:0009] 001161/001793
[I](2022-11-22  09:20:04 am)작업중 M코드정지 [d:10][t:00:11:43]
[I](2022-11-22  09:57:24 am)작업중 정지 [d:40][t:00:49:02]
[I](2022-11-22  09:57:24 am)    [LNo:0009] 001270/001793
[A](2022-11-22  09:57:24 am)[008] 작업중 단선(AWF Feed Motor Stop )
[I](2022-11-22  09:57:24 am)작업중 Wire 단선 [d:40][t:00:49:02]
[I](2022-11-22  01:11:39 pm)
[I](2022-11-22  01:11:39 pm)Work completed.
[I](2022-11-22  01:11:39 pm)작업 끝.(M02) [d:218][t:04:03:17]
[I](2022-11-22  01:24:55 pm)Reset
[I](2022-11-22  01:33:42 pm)Reset
[I](2022-11-22  01:33:48 pm)Reset
[I](2022-11-22  01:37:49 pm)Reset
[I](2022-11-22  01:37:53 pm)Reset
[I](2022-11-22  01:37:54 pm)Reset
[I](2022-11-22  01:37:54 pm)Reset
[I](2022-11-22  01:38:24 pm)Reset
[I](2022-11-22  01:39:17 pm)Reset
[I](2022-11-22  01:41:23 pm)Reset
[I](2022-11-22  01:41:44 pm)Reset
[I](2022-11-22  01:43:13 pm)Reset
[A](2022-11-22  01:44:08 pm)[002] 가공액 미동작
[I](2022-11-22  01:44:49 pm)Reset
[I](2022-11-22  01:44:58 pm)Reset
[I](2022-11-22  01:45:03 pm)Reset
[I](2022-11-22  01:45:03 pm)Reset
[I](2022-11-22  01:45:25 pm)작업 시작 [Start d:219]
[I](2022-11-22  01:45:25 pm)Nc File: [No.0007-FFX  WALL  황.정삭.NC]
[I](2022-11-22  01:45:25 pm)  * Start Machine Position
[I](2022-11-22  01:45:25 pm)    X:    855.6795
[I](2022-11-22  01:45:25 pm)    Y:   -551.7524
[I](2022-11-22  01:45:25 pm)    U:      0.0000
[I](2022-11-22  01:45:25 pm)    V:      0.0000
[I](2022-11-22  01:45:25 pm)    Z:     44.6810
[I](2022-11-22  01:45:25 pm)  * Angle
[I](2022-11-22  01:45:25 pm)    Ar:      0.1639,Kr:      0.0000
[I](2022-11-22  01:45:25 pm)    Taper_Ar:      0.0000
[I](2022-11-22  01:45:55 pm)작업중 정지 [d:0][t:00:00:30]
[I](2022-11-22  01:45:55 pm)    [LNo:0007] 000013/002313
[I](2022-11-22  01:47:43 pm)작업중 정지 [d:1][t:00:02:17]
[I](2022-11-22  01:47:43 pm)    [LNo:0007] 000024/002313
[I](2022-11-22  01:48:34 pm)Reset
[I](2022-11-22  01:48:52 pm)Reset
[I](2022-11-22  01:49:08 pm)작업 시작 [Start d:220]
[I](2022-11-22  01:49:08 pm)Nc File: [No.0007-FFX  WALL  황.정삭.NC]
[I](2022-11-22  01:49:08 pm)  * Start Machine Position
[I](2022-11-22  01:49:08 pm)    X:    855.6994
[I](2022-11-22  01:49:08 pm)    Y:   -551.7224
[I](2022-11-22  01:49:08 pm)    U:      0.0000
[I](2022-11-22  01:49:08 pm)    V:      0.0000
[I](2022-11-22  01:49:08 pm)    Z:     44.6810
[I](2022-11-22  01:49:08 pm)  * Angle
[I](2022-11-22  01:49:08 pm)    Ar:      0.1639,Kr:      0.0000
[I](2022-11-22  01:49:08 pm)    Taper_Ar:      0.0000
[I](2022-11-22  01:49:39 pm)작업중 정지 [d:0][t:00:00:30]
[I](2022-11-22  01:49:39 pm)    [LNo:0007] 000066/002313
[I](2022-11-22  01:51:15 pm)작업중 정지 [d:2][t:00:02:06]
[I](2022-11-22  01:51:15 pm)    [LNo:0007] 000079/002313
[I](2022-11-22  01:51:54 pm)Reset
[I](2022-11-22  01:52:08 pm)작업 시작 [Start d:222]
[I](2022-11-22  01:52:08 pm)Nc File: [No.0007-FFX  WALL  황.정삭.NC]
[I](2022-11-22  01:52:08 pm)  * Start Machine Position
[I](2022-11-22  01:52:08 pm)    X:    855.6895
[I](2022-11-22  01:52:08 pm)    Y:   -551.7224
[I](2022-11-22  01:52:08 pm)    U:      0.0000
[I](2022-11-22  01:52:08 pm)    V:      0.0000
[I](2022-11-22  01:52:08 pm)    Z:     44.6810
[I](2022-11-22  01:52:08 pm)  * Angle
[I](2022-11-22  01:52:08 pm)    Ar:      0.1639,Kr:      0.0000
[I](2022-11-22  01:52:08 pm)    Taper_Ar:      0.0000
[I](2022-11-22  01:52:35 pm)작업중 정지 [d:0][t:00:00:27]
[I](2022-11-22  01:52:35 pm)    [LNo:0007] 000119/002313
[I](2022-11-22  01:53:29 pm)작업중 정지 [d:1][t:00:01:21]
[I](2022-11-22  01:53:29 pm)    [LNo:0007] 000134/002313
[I](2022-11-22  01:54:11 pm)Reset
[I](2022-11-22  01:54:24 pm)작업 시작 [Start d:223]
[I](2022-11-22  01:54:24 pm)Nc File: [No.0007-FFX  WALL  황.정삭.NC]
[I](2022-11-22  01:54:24 pm)  * Start Machine Position
[I](2022-11-22  01:54:24 pm)    X:    855.6846
[I](2022-11-22  01:54:24 pm)    Y:   -551.7324
[I](2022-11-22  01:54:24 pm)    U:      0.0000
[I](2022-11-22  01:54:24 pm)    V:      0.0000
[I](2022-11-22  01:54:24 pm)    Z:     44.6810
[I](2022-11-22  01:54:24 pm)  * Angle
[I](2022-11-22  01:54:24 pm)    Ar:      0.1639,Kr:      0.0000
[I](2022-11-22  01:54:24 pm)    Taper_Ar:      0.0000
[I](2022-11-22  01:54:54 pm)작업중 정지 [d:0][t:00:00:30]
[I](2022-11-22  01:54:54 pm)    [LNo:0007] 000278/002313
[I](2022-11-22  01:55:51 pm)작업중 정지 [d:0][t:00:01:26]
[I](2022-11-22  01:55:51 pm)    [LNo:0007] 000291/002313
[I](2022-11-22  01:55:58 pm)작업 재시작
[I](2022-11-22  01:57:18 pm)작업중 정지 [d:1][t:00:02:54]
[I](2022-11-22  01:57:18 pm)    [LNo:0007] 000295/002313
[I](2022-11-22  01:57:42 pm)작업 재시작
[I](2022-11-22  01:57:43 pm)작업중 정지 [d:1][t:00:03:18]
[I](2022-11-22  01:57:43 pm)    [LNo:0007] 000295/002313
[I](2022-11-22  01:57:56 pm)작업중 정지 [d:1][t:00:03:31]
[I](2022-11-22  01:57:56 pm)    [LNo:0007] 000807/002313
[I](2022-11-22  01:59:31 pm)작업중 정지 [d:2][t:00:05:06]
[I](2022-11-22  01:59:31 pm)    [LNo:0007] 000825/002313
[A](2022-11-22  01:59:53 pm)[037] 자동결선 잔여 WIRE 처리 실패!!
[I](2022-11-22  02:00:07 pm)Reset
[I](2022-11-22  02:00:20 pm)Reset
[I](2022-11-22  02:00:32 pm)작업 시작 [Start d:225]
[I](2022-11-22  02:00:32 pm)Nc File: [No.0007-FFX  WALL  황.정삭.NC]
[I](2022-11-22  02:00:32 pm)  * Start Machine Position
[I](2022-11-22  02:00:32 pm)    X:    855.6797
[I](2022-11-22  02:00:32 pm)    Y:   -551.7394
[I](2022-11-22  02:00:32 pm)    U:      0.0000
[I](2022-11-22  02:00:32 pm)    V:      0.0000
[I](2022-11-22  02:00:32 pm)    Z:     44.6810
[I](2022-11-22  02:00:32 pm)  * Angle
[I](2022-11-22  02:00:32 pm)    Ar:      0.1639,Kr:      0.0000
[I](2022-11-22  02:00:32 pm)    Taper_Ar:      0.0000
[I](2022-11-22  02:01:06 pm)작업중 정지 [d:0][t:00:00:33]
[I](2022-11-22  02:01:06 pm)    [LNo:0007] 001762/002313
[I](2022-11-22  02:02:12 pm)작업중 정지 [d:1][t:00:01:39]
[I](2022-11-22  02:02:12 pm)    [LNo:0007] 001779/002313
[I](2022-11-22  02:02:13 pm)작업 재시작
[I](2022-11-22  02:05:06 pm)작업중 정지 [d:3][t:00:04:33]
[I](2022-11-22  02:05:06 pm)    [LNo:0007] 001823/002313
[I](2022-11-22  02:05:50 pm)Reset
[I](2022-11-22  02:05:54 pm)작업 시작 [Start d:228]
[I](2022-11-22  02:05:54 pm)Nc File: [No.0007-FFX  WALL  황.정삭.NC]
[I](2022-11-22  02:05:54 pm)  * Start Machine Position
[I](2022-11-22  02:05:54 pm)    X:    855.6797
[I](2022-11-22  02:05:54 pm)    Y:   -551.7394
[I](2022-11-22  02:05:54 pm)    U:      0.0000
[I](2022-11-22  02:05:54 pm)    V:      0.0000
[I](2022-11-22  02:05:54 pm)    Z:     44.6810
[I](2022-11-22  02:05:54 pm)  * Angle
[I](2022-11-22  02:05:54 pm)    Ar:      0.1639,Kr:      0.0000
[I](2022-11-22  02:05:54 pm)    Taper_Ar:      0.0000
[I](2022-11-22  02:05:56 pm)작업중 정지 [d:0][t:00:00:01]
[I](2022-11-22  02:05:56 pm)    [LNo:0007] 000009/002313
[I](2022-11-22  02:06:01 pm)작업 재시작
[I](2022-11-22  02:10:16 pm)작업중 정지 [d:3][t:00:04:21]
[I](2022-11-22  02:10:16 pm)    [LNo:0007] 000024/002313
[I](2022-11-22  02:10:23 pm)작업 재시작
[I](2022-11-22  05:20:46 pm)작업중 정지 [d:177][t:03:14:52]
[I](2022-11-22  05:20:46 pm)    [LNo:0007] 000855/002313
[A](2022-11-22  05:27:24 pm)[037] 자동결선 잔여 WIRE 처리 실패!!
[I](2022-11-22  05:51:36 pm)작업중 정지 [d:177][t:03:45:41]
[I](2022-11-22  05:51:36 pm)    [LNo:0007] 000858/002313
[I](2022-11-22  05:52:36 pm)작업 재시작
