[I](2023-01-10  08:26:36 am)작업중 정지 [d:745][t:12:53:11]
[I](2023-01-10  08:26:36 am)    [LNo:0001] 001326/001488
[A](2023-01-10  08:27:17 am)[037] 자동결선 잔여 WIRE 처리 실패!!
[A](2023-01-10  08:31:52 am)[037] 자동결선 잔여 WIRE 처리 실패!!
[A](2023-01-10  08:32:31 am)[034] 자동결선 하부 뭉치 WIRE CONTACT!!
[A](2023-01-10  08:32:34 am)[034] 자동결선 하부 뭉치 WIRE CONTACT!!
[A](2023-01-10  08:32:45 am)[034] 자동결선 하부 뭉치 WIRE CONTACT!!
[A](2023-01-10  08:32:49 am)[034] 자동결선 하부 뭉치 WIRE CONTACT!!
[I](2023-01-10  08:33:57 am)작업 재시작
[I](2023-01-10  03:45:11 pm)작업중 정지 [d:421][t:20:11:46]
[I](2023-01-10  03:45:11 pm)    [LNo:0001] 001477/001488
[A](2023-01-10  03:45:11 pm)[008] 작업중 단선(AWF Feed Motor Stop )
[I](2023-01-10  03:45:11 pm)작업중 Wire 단선 [d:421][t:20:11:46]
[I](2023-01-10  03:45:23 pm)작업 재시작
[I](2023-01-10  03:45:24 pm)작업중 정지 [d:421][t:20:11:59]
[I](2023-01-10  03:45:24 pm)    [LNo:0001] 001477/001488
[A](2023-01-10  03:46:05 pm)[084] Work Tank Fluid Sensor Abnormal
[A](2023-01-10  03:46:05 pm)[084] Work Tank Fluid Sensor Abnormal
[A](2023-01-10  03:46:05 pm)[084] Work Tank Fluid Sensor Abnormal
[A](2023-01-10  03:46:06 pm)[084] Work Tank Fluid Sensor Abnormal
[A](2023-01-10  03:46:06 pm)[084] Work Tank Fluid Sensor Abnormal
[A](2023-01-10  03:46:06 pm)[084] Work Tank Fluid Sensor Abnormal
[A](2023-01-10  03:46:06 pm)[084] Work Tank Fluid Sensor Abnormal
[A](2023-01-10  03:46:07 pm)[084] Work Tank Fluid Sensor Abnormal
[A](2023-01-10  03:46:07 pm)[084] Work Tank Fluid Sensor Abnormal
[A](2023-01-10  03:46:07 pm)[084] Work Tank Fluid Sensor Abnormal
[A](2023-01-10  03:46:07 pm)[084] Work Tank Fluid Sensor Abnormal
[A](2023-01-10  03:46:08 pm)[084] Work Tank Fluid Sensor Abnormal
[A](2023-01-10  03:46:08 pm)[084] Work Tank Fluid Sensor Abnormal
[A](2023-01-10  03:46:08 pm)[084] Work Tank Fluid Sensor Abnormal
[A](2023-01-10  03:46:09 pm)[084] Work Tank Fluid Sensor Abnormal
[A](2023-01-10  03:46:09 pm)[084] Work Tank Fluid Sensor Abnormal
[A](2023-01-10  03:46:09 pm)[084] Work Tank Fluid Sensor Abnormal
[A](2023-01-10  03:46:09 pm)[084] Work Tank Fluid Sensor Abnormal
[A](2023-01-10  03:46:10 pm)[084] Work Tank Fluid Sensor Abnormal
[A](2023-01-10  03:46:10 pm)[084] Work Tank Fluid Sensor Abnormal
[A](2023-01-10  03:46:10 pm)[084] Work Tank Fluid Sensor Abnormal
[A](2023-01-10  03:46:11 pm)[084] Work Tank Fluid Sensor Abnormal
[A](2023-01-10  03:46:11 pm)[084] Work Tank Fluid Sensor Abnormal
[A](2023-01-10  03:46:11 pm)[084] Work Tank Fluid Sensor Abnormal
[A](2023-01-10  03:46:11 pm)[084] Work Tank Fluid Sensor Abnormal
[A](2023-01-10  03:46:12 pm)[084] Work Tank Fluid Sensor Abnormal
[A](2023-01-10  03:46:12 pm)[084] Work Tank Fluid Sensor Abnormal
[A](2023-01-10  03:46:12 pm)[084] Work Tank Fluid Sensor Abnormal
[A](2023-01-10  03:46:13 pm)[084] Work Tank Fluid Sensor Abnormal
[A](2023-01-10  03:46:13 pm)[084] Work Tank Fluid Sensor Abnormal
[A](2023-01-10  03:46:13 pm)[084] Work Tank Fluid Sensor Abnormal
[A](2023-01-10  03:46:13 pm)[084] Work Tank Fluid Sensor Abnormal
[A](2023-01-10  03:46:13 pm)[084] Work Tank Fluid Sensor Abnormal
[A](2023-01-10  03:46:14 pm)[084] Work Tank Fluid Sensor Abnormal
[A](2023-01-10  03:46:14 pm)[084] Work Tank Fluid Sensor Abnormal
[A](2023-01-10  03:46:14 pm)[084] Work Tank Fluid Sensor Abnormal
[A](2023-01-10  03:46:14 pm)[084] Work Tank Fluid Sensor Abnormal
[A](2023-01-10  03:46:15 pm)[084] Work Tank Fluid Sensor Abnormal
[A](2023-01-10  03:46:15 pm)[084] Work Tank Fluid Sensor Abnormal
[A](2023-01-10  03:46:15 pm)[084] Work Tank Fluid Sensor Abnormal
[A](2023-01-10  03:46:15 pm)[084] Work Tank Fluid Sensor Abnormal
[A](2023-01-10  03:46:16 pm)[084] Work Tank Fluid Sensor Abnormal
[A](2023-01-10  03:46:16 pm)[084] Work Tank Fluid Sensor Abnormal
[A](2023-01-10  03:46:16 pm)[084] Work Tank Fluid Sensor Abnormal
[A](2023-01-10  03:46:17 pm)[084] Work Tank Fluid Sensor Abnormal
[A](2023-01-10  03:46:18 pm)[084] Work Tank Fluid Sensor Abnormal
[A](2023-01-10  03:46:19 pm)[084] Work Tank Fluid Sensor Abnormal
[I](2023-01-10  03:50:26 pm)Reset
[I](2023-01-10  03:50:51 pm)Reset
[I](2023-01-10  03:52:07 pm)Reset
[A](2023-01-10  03:53:29 pm)[037] 자동결선 잔여 WIRE 처리 실패!!
[I](2023-01-10  04:00:39 pm)Reset
[I](2023-01-10  04:00:42 pm)Reset
[I](2023-01-10  04:00:42 pm)Reset
[I](2023-01-10  04:02:56 pm)Reset
[I](2023-01-10  04:05:38 pm)Reset
[I](2023-01-10  04:07:27 pm)Reset
[I](2023-01-10  04:10:54 pm)Reset
[I](2023-01-10  04:15:48 pm)Reset
[I](2023-01-10  04:15:53 pm)Reset
[I](2023-01-10  04:16:22 pm)Reset
[I](2023-01-10  04:17:08 pm)Reset
[I](2023-01-10  04:17:14 pm)Reset
[I](2023-01-10  04:17:35 pm)작업 시작 [Start d:431]
[I](2023-01-10  04:17:35 pm)Nc File: [No.0003-656.NC]
[I](2023-01-10  04:17:35 pm)  * Start Machine Position
[I](2023-01-10  04:17:35 pm)    X:    728.4130
[I](2023-01-10  04:17:35 pm)    Y:   -362.1181
[I](2023-01-10  04:17:35 pm)    U:      0.0000
[I](2023-01-10  04:17:35 pm)    V:      0.0000
[I](2023-01-10  04:17:35 pm)    Z:     26.3148
[I](2023-01-10  04:17:35 pm)  * Angle
[I](2023-01-10  04:17:35 pm)    Ar:     -0.1462,Kr:      0.0000
[I](2023-01-10  04:17:35 pm)    Taper_Ar:      0.0000
[I](2023-01-10  04:18:10 pm)작업중 정지 [d:0][t:00:00:35]
[I](2023-01-10  04:18:10 pm)    [LNo:0003] 000010/000236
[I](2023-01-10  04:18:10 pm)작업중 M코드정지 [d:0][t:00:00:35]
[I](2023-01-10  04:44:18 pm)작업중 정지 [d:24][t:00:26:43]
[I](2023-01-10  04:44:18 pm)    [LNo:0003] 000072/000236
[I](2023-01-10  04:44:18 pm)작업중 M코드정지 [d:24][t:00:26:43]
[A](2023-01-10  04:48:31 pm)[037] 자동결선 잔여 WIRE 처리 실패!!
[I](2023-01-10  04:53:09 pm)Reset
[I](2023-01-10  04:53:24 pm)작업 시작 [Start d:455]
[I](2023-01-10  04:53:24 pm)Nc File: [No.0003-656.NC]
[I](2023-01-10  04:53:24 pm)  * Start Machine Position
[I](2023-01-10  04:53:24 pm)    X:    728.4130
[I](2023-01-10  04:53:24 pm)    Y:   -362.1181
[I](2023-01-10  04:53:24 pm)    U:      0.0000
[I](2023-01-10  04:53:24 pm)    V:      0.0000
[I](2023-01-10  04:53:24 pm)    Z:     49.3478
[I](2023-01-10  04:53:24 pm)  * Angle
[I](2023-01-10  04:53:24 pm)    Ar:     -0.1462,Kr:      0.0000
[I](2023-01-10  04:53:24 pm)    Taper_Ar:      0.0000
[I](2023-01-10  05:24:54 pm)작업중 정지 [d:30][t:00:31:29]
[I](2023-01-10  05:24:54 pm)    [LNo:0003] 000106/000236
[A](2023-01-10  05:24:54 pm)[008] 작업중 단선(AWF Feed Motor Stop )
[I](2023-01-10  05:24:54 pm)작업중 Wire 단선 [d:30][t:00:31:29]
[A](2023-01-10  05:25:05 pm)[041] AWF 명령끝날때까지 센서감지(타임아웃) 안됨
[I](2023-01-10  05:33:31 pm)작업 재시작
[I](2023-01-10  05:39:50 pm)작업중 정지 [d:36][t:00:46:26]
[I](2023-01-10  05:39:50 pm)    [LNo:0003] 000108/000236
[I](2023-01-10  05:39:51 pm)Wire Contact Auto Stop(M52)
[I](2023-01-10  05:41:42 pm)작업 재시작
[I](2023-01-10  05:41:46 pm)작업중 정지 [d:36][t:00:48:22]
[I](2023-01-10  05:41:46 pm)    [LNo:0003] 000109/000236
[I](2023-01-10  05:41:46 pm)작업중 M코드정지 [d:36][t:00:48:22]
[I](2023-01-10  05:42:05 pm)작업중 정지 [d:37][t:00:48:40]
[I](2023-01-10  05:42:05 pm)    [LNo:0003] 000112/000236
[I](2023-01-10  05:42:05 pm)작업중 M코드정지 [d:37][t:00:48:40]
[I](2023-01-10  05:58:14 pm)작업중 정지 [d:52][t:01:04:49]
[I](2023-01-10  05:58:14 pm)    [LNo:0003] 000161/000236
[I](2023-01-10  05:58:14 pm)Wire Contact Auto Stop(M52)
[I](2023-01-10  05:59:38 pm)작업 재시작
[I](2023-01-10  05:59:41 pm)작업중 정지 [d:52][t:01:06:16]
[I](2023-01-10  05:59:41 pm)    [LNo:0003] 000162/000236
[I](2023-01-10  05:59:41 pm)작업중 M코드정지 [d:52][t:01:06:16]
[I](2023-01-10  06:00:25 pm)작업중 정지 [d:52][t:01:07:00]
[I](2023-01-10  06:00:25 pm)    [LNo:0003] 000164/000236
[I](2023-01-10  06:00:25 pm)작업중 M코드정지 [d:52][t:01:07:00]
[I](2023-01-10  06:18:38 pm)작업중 정지 [d:63][t:01:25:13]
[I](2023-01-10  06:18:38 pm)    [LNo:0003] 000205/000236
[I](2023-01-10  06:18:38 pm)Wire Contact Auto Stop(M52)
[I](2023-01-10  06:27:16 pm)작업 재시작
[I](2023-01-10  06:27:25 pm)작업중 정지 [d:63][t:01:34:00]
[I](2023-01-10  06:27:25 pm)    [LNo:0003] 000206/000236
[I](2023-01-10  06:27:25 pm)작업중 M코드정지 [d:63][t:01:34:00]
[I](2023-01-10  06:27:36 pm)작업중 정지 [d:63][t:01:34:12]
[I](2023-01-10  06:27:36 pm)    [LNo:0003] 000208/000236
[I](2023-01-10  06:27:36 pm)작업중 M코드정지 [d:63][t:01:34:12]
[I](2023-01-10  06:28:27 pm)작업중 정지 [d:64][t:01:35:02]
[I](2023-01-10  06:28:27 pm)    [LNo:0003] 000222/000236
[I](2023-01-10  06:30:44 pm)작업 재시작
[I](2023-01-10  06:33:18 pm)작업중 정지 [d:66][t:01:39:53]
[I](2023-01-10  06:33:18 pm)    [LNo:0003] 000231/000236
[A](2023-01-10  06:33:54 pm)[084] Work Tank Fluid Sensor Abnormal
[I](2023-01-10  06:48:23 pm)Reset
[I](2023-01-10  06:51:42 pm)Reset
[A](2023-01-10  06:52:25 pm)[002] 가공액 미동작
[I](2023-01-10  06:53:07 pm)Reset
[A](2023-01-10  06:53:25 pm)[037] 자동결선 잔여 WIRE 처리 실패!!
[I](2023-01-10  06:53:45 pm)Reset
[I](2023-01-10  06:53:46 pm)Reset
[I](2023-01-10  06:54:01 pm)Reset
[I](2023-01-10  06:54:02 pm)Reset
[I](2023-01-10  06:55:36 pm)Reset
[I](2023-01-10  06:55:49 pm)Reset
[I](2023-01-10  06:56:02 pm)작업 시작 [Start d:0]
[I](2023-01-10  06:56:02 pm)Nc File: [No.0002-646.NC]
[I](2023-01-10  06:56:02 pm)  * Start Machine Position
[I](2023-01-10  06:56:02 pm)    X:    217.6755
[I](2023-01-10  06:56:02 pm)    Y:   -481.4305
[I](2023-01-10  06:56:02 pm)    U:      0.0000
[I](2023-01-10  06:56:02 pm)    V:      0.0000
[I](2023-01-10  06:56:02 pm)    Z:     43.3043
[I](2023-01-10  06:56:02 pm)  * Angle
[I](2023-01-10  06:56:02 pm)    Ar:     -0.1447,Kr:      0.0000
[I](2023-01-10  06:56:02 pm)    Taper_Ar:      0.0000
[I](2023-01-10  06:56:57 pm)작업중 정지 [d:0][t:00:00:54]
[I](2023-01-10  06:56:57 pm)    [LNo:0002] 000059/001066
[A](2023-01-10  06:56:59 pm)[002] 가공액 미동작
[I](2023-01-10  06:57:27 pm)작업중 정지 [d:0][t:00:01:25]
[I](2023-01-10  06:57:27 pm)    [LNo:0002] 000064/001066
[I](2023-01-10  06:57:34 pm)작업중 정지 [d:0][t:00:01:32]
[I](2023-01-10  06:57:34 pm)    [LNo:0002] 000088/001066
[A](2023-01-10  06:58:46 pm)[037] 자동결선 잔여 WIRE 처리 실패!!
[I](2023-01-10  06:58:48 pm)작업중 정지 [d:0][t:00:02:46]
[I](2023-01-10  06:58:48 pm)    [LNo:0002] 000091/001066
[I](2023-01-10  06:58:56 pm)작업중 정지 [d:0][t:00:02:54]
[I](2023-01-10  06:58:57 pm)    [LNo:0002] 000115/001066
[I](2023-01-10  06:59:43 pm)작업중 정지 [d:0][t:00:03:41]
[I](2023-01-10  06:59:43 pm)    [LNo:0002] 000118/001066
[I](2023-01-10  06:59:52 pm)작업중 정지 [d:0][t:00:03:49]
[I](2023-01-10  06:59:52 pm)    [LNo:0002] 000142/001066
[A](2023-01-10  07:00:13 pm)[002] 가공액 미동작
[I](2023-01-10  07:00:40 pm)작업중 정지 [d:0][t:00:04:37]
[I](2023-01-10  07:00:40 pm)    [LNo:0002] 000145/001066
[I](2023-01-10  07:00:54 pm)작업중 정지 [d:0][t:00:04:52]
[I](2023-01-10  07:00:54 pm)    [LNo:0002] 000358/001066
[I](2023-01-10  07:01:45 pm)작업중 정지 [d:0][t:00:05:43]
[I](2023-01-10  07:01:45 pm)    [LNo:0002] 000361/001066
[I](2023-01-10  07:02:07 pm)작업중 정지 [d:0][t:00:06:05]
[I](2023-01-10  07:02:07 pm)    [LNo:0002] 000574/001066
[I](2023-01-10  07:03:17 pm)Reset
[I](2023-01-10  07:03:18 pm)Reset
[I](2023-01-10  07:03:38 pm)Reset
[I](2023-01-10  07:03:38 pm)Reset
[I](2023-01-10  07:03:39 pm)Reset
[I](2023-01-10  07:03:39 pm)Reset
[I](2023-01-10  07:03:51 pm)작업 시작 [Start d:0]
[I](2023-01-10  07:03:51 pm)Nc File: [No.0002-646.NC]
[I](2023-01-10  07:03:51 pm)  * Start Machine Position
[I](2023-01-10  07:03:51 pm)    X:    217.6755
[I](2023-01-10  07:03:51 pm)    Y:   -481.4305
[I](2023-01-10  07:03:51 pm)    U:      0.0000
[I](2023-01-10  07:03:51 pm)    V:      0.0000
[I](2023-01-10  07:03:51 pm)    Z:     43.3043
[I](2023-01-10  07:03:51 pm)  * Angle
[I](2023-01-10  07:03:51 pm)    Ar:     -0.1447,Kr:      0.0000
[I](2023-01-10  07:03:51 pm)    Taper_Ar:      0.0000
