[A](2023-01-06  08:38:43 am)[037] 자동결선 잔여 WIRE 처리 실패!!
[I](2023-01-06  08:39:16 am)Reset
[I](2023-01-06  08:39:16 am)Reset
[I](2023-01-06  08:39:17 am)Reset
[I](2023-01-06  08:39:34 am)작업 시작 [Start d:294]
[I](2023-01-06  08:39:34 am)Nc File: [No.0002-481.NC]
[I](2023-01-06  08:39:34 am)  * Start Machine Position
[I](2023-01-06  08:39:34 am)    X:    465.2144
[I](2023-01-06  08:39:34 am)    Y:   -458.3478
[I](2023-01-06  08:39:34 am)    U:      0.0000
[I](2023-01-06  08:39:34 am)    V:      0.0000
[I](2023-01-06  08:39:34 am)    Z:     30.1390
[I](2023-01-06  08:39:34 am)  * Angle
[I](2023-01-06  08:39:34 am)    Ar:      0.0710,Kr:      0.0000
[I](2023-01-06  08:39:34 am)    Taper_Ar:      0.0000
[I](2023-01-06  08:39:43 am)작업중 정지 [d:0][t:00:00:09]
[I](2023-01-06  08:39:43 am)    [LNo:0002] 000353/002190
[I](2023-01-06  08:40:30 am)작업중 정지 [d:0][t:00:00:56]
[I](2023-01-06  08:40:30 am)    [LNo:0002] 000381/002190
[A](2023-01-06  08:40:56 am)[041] AWF 명령끝날때까지 센서감지(타임아웃) 안됨
[I](2023-01-06  08:41:03 am)작업 재시작
[I](2023-01-06  08:43:26 am)작업중 정지 [d:3][t:00:03:52]
[I](2023-01-06  08:43:26 am)    [LNo:0002] 000383/002190
[A](2023-01-06  08:43:26 am)[008] 작업중 단선(AWF Feed Motor Stop )
[I](2023-01-06  08:43:26 am)작업중 Wire 단선 [d:3][t:00:03:52]
[I](2023-01-06  08:44:41 am)Reset
[I](2023-01-06  08:44:41 am)Reset
[I](2023-01-06  08:44:53 am)작업 시작 [Start d:297]
[I](2023-01-06  08:44:53 am)Nc File: [No.0002-481.NC]
[I](2023-01-06  08:44:53 am)  * Start Machine Position
[I](2023-01-06  08:44:53 am)    X:    465.2144
[I](2023-01-06  08:44:53 am)    Y:   -458.3478
[I](2023-01-06  08:44:53 am)    U:      0.0000
[I](2023-01-06  08:44:53 am)    V:      0.0000
[I](2023-01-06  08:44:53 am)    Z:     30.1390
[I](2023-01-06  08:44:53 am)  * Angle
[I](2023-01-06  08:44:53 am)    Ar:      0.0710,Kr:      0.0000
[I](2023-01-06  08:44:53 am)    Taper_Ar:      0.0000
[I](2023-01-06  08:58:33 am)작업중 정지 [d:13][t:00:13:40]
[I](2023-01-06  08:58:33 am)    [LNo:0002] 000170/002190
[I](2023-01-06  08:58:33 am)작업중 M코드정지 [d:13][t:00:13:40]
[I](2023-01-06  09:00:58 am)작업중 정지 [d:13][t:00:16:04]
[I](2023-01-06  09:00:58 am)    [LNo:0002] 000172/002190
[I](2023-01-06  09:01:15 am)작업 재시작
[I](2023-01-06  09:01:22 am)작업중 정지 [d:14][t:00:16:28]
[I](2023-01-06  09:01:22 am)    [LNo:0002] 000174/002190
[I](2023-01-06  09:01:22 am)작업중 M코드정지 [d:14][t:00:16:28]
[I](2023-01-06  09:15:36 am)작업중 정지 [d:27][t:00:30:42]
[I](2023-01-06  09:15:36 am)    [LNo:0002] 000204/002190
[I](2023-01-06  09:15:36 am)작업중 M코드정지 [d:27][t:00:30:42]
[I](2023-01-06  09:16:13 am)작업중 정지 [d:27][t:00:31:19]
[I](2023-01-06  09:16:13 am)    [LNo:0002] 000206/002190
[I](2023-01-06  09:16:33 am)작업 재시작
[I](2023-01-06  09:16:41 am)작업중 정지 [d:27][t:00:31:47]
[I](2023-01-06  09:16:41 am)    [LNo:0002] 000208/002190
[I](2023-01-06  09:16:41 am)작업중 M코드정지 [d:27][t:00:31:47]
[I](2023-01-06  09:30:53 am)작업중 정지 [d:40][t:00:46:00]
[I](2023-01-06  09:30:53 am)    [LNo:0002] 000238/002190
[I](2023-01-06  09:30:53 am)작업중 M코드정지 [d:40][t:00:46:00]
[I](2023-01-06  09:31:58 am)작업중 정지 [d:40][t:00:47:04]
[I](2023-01-06  09:31:58 am)    [LNo:0002] 000240/002190
[I](2023-01-06  09:32:23 am)작업 재시작
[I](2023-01-06  09:32:31 am)작업중 정지 [d:40][t:00:47:37]
[I](2023-01-06  09:32:31 am)    [LNo:0002] 000242/002190
[I](2023-01-06  09:32:31 am)작업중 M코드정지 [d:40][t:00:47:37]
[I](2023-01-06  09:46:42 am)작업중 정지 [d:53][t:01:01:48]
[I](2023-01-06  09:46:42 am)    [LNo:0002] 000272/002190
[I](2023-01-06  09:46:42 am)작업중 M코드정지 [d:53][t:01:01:48]
[I](2023-01-06  09:47:45 am)작업중 정지 [d:53][t:01:02:51]
[I](2023-01-06  09:47:45 am)    [LNo:0002] 000274/002190
[I](2023-01-06  09:48:03 am)작업 재시작
[I](2023-01-06  09:48:09 am)작업중 정지 [d:53][t:01:03:15]
[I](2023-01-06  09:48:09 am)    [LNo:0002] 000276/002190
[I](2023-01-06  09:48:09 am)작업중 M코드정지 [d:53][t:01:03:15]
[I](2023-01-06  10:03:00 am)작업중 정지 [d:66][t:01:18:06]
[I](2023-01-06  10:03:00 am)    [LNo:0002] 000305/002190
[A](2023-01-06  10:03:00 am)[008] 작업중 단선(AWF Feed Motor Stop )
[I](2023-01-06  10:03:00 am)작업중 Wire 단선 [d:66][t:01:18:06]
[I](2023-01-06  10:04:02 am)작업 재시작
[I](2023-01-06  10:04:57 am)작업중 정지 [d:67][t:01:20:03]
[I](2023-01-06  10:04:57 am)    [LNo:0002] 000306/002190
[I](2023-01-06  10:04:57 am)작업중 M코드정지 [d:67][t:01:20:03]
[I](2023-01-06  10:06:23 am)작업중 정지 [d:68][t:01:21:29]
[I](2023-01-06  10:06:23 am)    [LNo:0002] 000308/002190
[I](2023-01-06  10:06:52 am)작업 재시작
[I](2023-01-06  10:07:01 am)작업중 정지 [d:68][t:01:22:07]
[I](2023-01-06  10:07:01 am)    [LNo:0002] 000310/002190
[I](2023-01-06  10:07:01 am)작업중 M코드정지 [d:68][t:01:22:07]
[I](2023-01-06  10:09:25 am)작업중 정지 [d:70][t:01:24:32]
[I](2023-01-06  10:09:25 am)    [LNo:0002] 000330/002190
[A](2023-01-06  10:09:26 am)[008] 작업중 단선(AWF Feed Motor Stop )
[I](2023-01-06  10:09:26 am)작업중 Wire 단선 [d:70][t:01:24:32]
[I](2023-01-06  10:10:33 am)작업 재시작
[I](2023-01-06  10:11:06 am)작업중 정지 [d:70][t:01:26:12]
[I](2023-01-06  10:11:06 am)    [LNo:0002] 000331/002190
[A](2023-01-06  10:11:06 am)[008] 작업중 단선(AWF Feed Motor Stop )
[I](2023-01-06  10:11:06 am)작업중 Wire 단선 [d:70][t:01:26:12]
[I](2023-01-06  10:12:10 am)작업 재시작
[I](2023-01-06  10:17:15 am)작업중 정지 [d:75][t:01:32:21]
[I](2023-01-06  10:17:15 am)    [LNo:0002] 000335/002190
[A](2023-01-06  10:17:15 am)[008] 작업중 단선(AWF Feed Motor Stop )
[I](2023-01-06  10:17:15 am)작업중 Wire 단선 [d:75][t:01:32:21]
[I](2023-01-06  10:18:19 am)작업 재시작
[I](2023-01-06  10:28:48 am)작업중 정지 [d:85][t:01:43:54]
[I](2023-01-06  10:28:48 am)    [LNo:0002] 000340/002190
[I](2023-01-06  10:28:48 am)작업중 M코드정지 [d:85][t:01:43:54]
[I](2023-01-06  10:30:44 am)작업중 정지 [d:85][t:01:45:51]
[I](2023-01-06  10:30:44 am)    [LNo:0002] 000342/002190
[I](2023-01-06  10:31:04 am)작업 재시작
[I](2023-01-06  10:31:19 am)작업중 정지 [d:85][t:01:46:25]
[I](2023-01-06  10:31:19 am)    [LNo:0002] 000344/002190
[I](2023-01-06  10:31:19 am)작업중 M코드정지 [d:85][t:01:46:25]
[A](2023-01-06  10:31:33 am)[037] 자동결선 잔여 WIRE 처리 실패!!
[A](2023-01-06  10:42:07 am)[091] Auto Door Sensor Abnormal
[I](2023-01-06  10:42:18 am)작업중 정지 [d:-297][t:01:57:24]
[I](2023-01-06  10:42:18 am)    [LNo:0002] 000347/002190
[I](2023-01-06  10:42:21 am)작업중 정지 [d:-297][t:01:57:27]
[I](2023-01-06  10:42:21 am)    [LNo:0002] 000347/002190
[A](2023-01-06  10:42:21 am)[010] 자동결선 Error(M21-절단실패)
[I](2023-01-06  10:42:34 am)작업중 정지 [d:-297][t:01:57:41]
[I](2023-01-06  10:42:34 am)    [LNo:0002] 000350/002190
[I](2023-01-06  10:42:34 am)작업중 M코드정지 [d:-297][t:01:57:41]
[I](2023-01-06  10:42:36 am)작업중 정지 [d:-297][t:01:57:42]
[I](2023-01-06  10:42:36 am)    [LNo:0002] 000356/002190
[I](2023-01-06  10:42:56 am)작업중 정지 [d:-297][t:01:58:02]
[I](2023-01-06  10:42:56 am)    [LNo:0002] 000462/002190
[I](2023-01-06  11:22:00 am)작업중 정지 [d:-259][t:02:37:06]
[I](2023-01-06  11:22:00 am)    [LNo:0002] 000486/002190
[I](2023-01-06  11:22:00 am)작업중 M코드정지 [d:-259][t:02:37:06]
[I](2023-01-06  11:23:45 am)작업중 정지 [d:-259][t:02:38:51]
[I](2023-01-06  11:23:45 am)    [LNo:0002] 000488/002190
[I](2023-01-06  11:24:20 am)작업 재시작
[I](2023-01-06  11:24:24 am)작업중 정지 [d:-259][t:02:39:31]
[I](2023-01-06  11:24:25 am)    [LNo:0002] 000490/002190
[I](2023-01-06  11:24:25 am)작업중 M코드정지 [d:-259][t:02:39:31]
[I](2023-01-06  11:49:14 am)작업중 정지 [d:-236][t:03:04:21]
[I](2023-01-06  11:49:14 am)    [LNo:0002] 000522/002190
[I](2023-01-06  11:49:14 am)작업중 M코드정지 [d:-236][t:03:04:21]
[I](2023-01-06  11:49:33 am)작업중 정지 [d:-236][t:03:04:40]
[I](2023-01-06  11:49:33 am)    [LNo:0002] 000524/002190
[I](2023-01-06  11:49:53 am)작업 재시작
[I](2023-01-06  11:50:00 am)작업중 정지 [d:-236][t:03:05:06]
[I](2023-01-06  11:50:00 am)    [LNo:0002] 000526/002190
[I](2023-01-06  11:50:00 am)작업중 M코드정지 [d:-236][t:03:05:06]
[I](2023-01-06  12:29:57 pm)작업중 정지 [d:-197][t:03:45:03]
[I](2023-01-06  12:29:57 pm)    [LNo:0002] 000574/002190
[I](2023-01-06  12:29:57 pm)작업중 M코드정지 [d:-197][t:03:45:03]
[I](2023-01-06  12:30:57 pm)작업중 정지 [d:-197][t:03:46:04]
[I](2023-01-06  12:30:57 pm)    [LNo:0002] 000577/002190
[I](2023-01-06  12:30:57 pm)작업중 M코드정지 [d:-197][t:03:46:04]
[I](2023-01-06  01:05:55 pm)작업중 정지 [d:-164][t:04:21:01]
[I](2023-01-06  01:05:55 pm)    [LNo:0002] 000633/002190
[I](2023-01-06  01:05:55 pm)작업중 M코드정지 [d:-164][t:04:21:01]
[I](2023-01-06  01:06:47 pm)작업중 정지 [d:-164][t:04:21:53]
[I](2023-01-06  01:06:47 pm)    [LNo:0002] 000637/002190
[I](2023-01-06  01:06:47 pm)작업중 M코드정지 [d:-164][t:04:21:53]
[I](2023-01-06  01:25:06 pm)작업중 정지 [d:-148][t:04:40:12]
[I](2023-01-06  01:25:06 pm)    [LNo:0002] 000661/002190
[I](2023-01-06  01:25:06 pm)작업중 M코드정지 [d:-148][t:04:40:12]
[I](2023-01-06  01:27:38 pm)작업중 정지 [d:-148][t:04:42:45]
[I](2023-01-06  01:27:38 pm)    [LNo:0002] 000663/002190
[I](2023-01-06  01:28:09 pm)작업 재시작
[I](2023-01-06  01:28:14 pm)작업중 정지 [d:-148][t:04:43:20]
[I](2023-01-06  01:28:14 pm)    [LNo:0002] 000665/002190
[I](2023-01-06  01:28:14 pm)작업중 M코드정지 [d:-148][t:04:43:20]
[I](2023-01-06  02:23:59 pm)작업중 정지 [d:-94][t:05:39:06]
[I](2023-01-06  02:23:59 pm)    [LNo:0002] 000713/002190
[I](2023-01-06  02:23:59 pm)작업중 M코드정지 [d:-94][t:05:39:06]
[I](2023-01-06  02:24:17 pm)작업중 정지 [d:-93][t:05:39:24]
[I](2023-01-06  02:24:17 pm)    [LNo:0002] 000717/002190
[I](2023-01-06  02:24:17 pm)작업중 M코드정지 [d:-93][t:05:39:24]
[I](2023-01-06  02:41:57 pm)작업중 정지 [d:-77][t:05:57:04]
[I](2023-01-06  02:41:57 pm)    [LNo:0002] 000741/002190
[I](2023-01-06  02:41:57 pm)작업중 M코드정지 [d:-77][t:05:57:04]
[I](2023-01-06  02:44:37 pm)작업중 정지 [d:-77][t:05:59:44]
[I](2023-01-06  02:44:37 pm)    [LNo:0002] 000743/002190
[I](2023-01-06  02:44:55 pm)작업 재시작
[I](2023-01-06  02:45:06 pm)작업중 정지 [d:-77][t:06:00:12]
[I](2023-01-06  02:45:06 pm)    [LNo:0002] 000745/002190
[I](2023-01-06  02:45:06 pm)작업중 M코드정지 [d:-77][t:06:00:13]
[I](2023-01-06  02:56:28 pm)작업중 정지 [d:-67][t:06:11:34]
[I](2023-01-06  02:56:28 pm)    [LNo:0002] 000775/002190
[I](2023-01-06  02:56:28 pm)작업중 M코드정지 [d:-67][t:06:11:34]
[I](2023-01-06  02:57:33 pm)작업중 정지 [d:-66][t:06:12:39]
[I](2023-01-06  02:57:33 pm)    [LNo:0002] 000778/002190
[I](2023-01-06  02:57:33 pm)작업중 M코드정지 [d:-66][t:06:12:39]
[I](2023-01-06  03:22:15 pm)작업중 정지 [d:-43][t:06:37:22]
[I](2023-01-06  03:22:15 pm)    [LNo:0002] 000824/002190
[I](2023-01-06  03:22:15 pm)작업중 M코드정지 [d:-43][t:06:37:22]
[I](2023-01-06  03:23:16 pm)작업중 정지 [d:-43][t:06:38:23]
[I](2023-01-06  03:23:16 pm)    [LNo:0002] 000826/002190
[I](2023-01-06  03:23:34 pm)작업 재시작
[I](2023-01-06  03:23:37 pm)작업중 정지 [d:-43][t:06:38:44]
[I](2023-01-06  03:23:37 pm)    [LNo:0002] 000827/002190
[I](2023-01-06  03:23:37 pm)작업중 M코드정지 [d:-43][t:06:38:44]
[I](2023-01-06  03:50:49 pm)작업중 정지 [d:-17][t:07:05:56]
[I](2023-01-06  03:50:49 pm)    [LNo:0002] 000883/002190
[I](2023-01-06  03:50:49 pm)작업중 M코드정지 [d:-17][t:07:05:56]
[I](2023-01-06  03:52:55 pm)작업중 정지 [d:-17][t:07:08:01]
[I](2023-01-06  03:52:55 pm)    [LNo:0002] 000885/002190
[I](2023-01-06  03:52:55 pm)작업중 M코드정지 [d:-17][t:07:08:01]
[I](2023-01-06  04:31:07 pm)작업중 정지 [d:19][t:07:46:14]
[I](2023-01-06  04:31:07 pm)    [LNo:0002] 000933/002190
[I](2023-01-06  04:31:07 pm)작업중 M코드정지 [d:19][t:07:46:14]
[I](2023-01-06  04:31:18 pm)작업중 정지 [d:20][t:07:46:25]
[I](2023-01-06  04:31:18 pm)    [LNo:0002] 000934/002190
[I](2023-01-06  04:31:39 pm)작업 재시작
[I](2023-01-06  04:31:41 pm)작업중 정지 [d:20][t:07:46:47]
[I](2023-01-06  04:31:41 pm)    [LNo:0002] 000935/002190
[I](2023-01-06  04:31:41 pm)작업중 M코드정지 [d:20][t:07:46:47]
[I](2023-01-06  05:17:03 pm)작업중 정지 [d:64][t:08:32:09]
[I](2023-01-06  05:17:03 pm)    [LNo:0002] 000999/002190
[I](2023-01-06  05:17:03 pm)작업중 M코드정지 [d:64][t:08:32:09]
[I](2023-01-06  05:18:31 pm)작업중 정지 [d:65][t:08:33:37]
[I](2023-01-06  05:18:31 pm)    [LNo:0002] 001001/002190
[I](2023-01-06  05:18:31 pm)작업중 M코드정지 [d:65][t:08:33:38]
[I](2023-01-06  05:19:36 pm)작업중 정지 [d:65][t:08:34:43]
[I](2023-01-06  05:19:36 pm)    [LNo:0002] 001010/002190
[I](2023-01-06  05:19:36 pm)작업중 M코드정지 [d:65][t:08:34:43]
[I](2023-01-06  05:19:39 pm)작업중 정지 [d:65][t:08:34:45]
[I](2023-01-06  05:19:39 pm)    [LNo:0002] 001013/002190
[I](2023-01-06  05:20:12 pm)작업중 정지 [d:65][t:08:35:18]
[I](2023-01-06  05:20:12 pm)    [LNo:0002] 001186/002190
[I](2023-01-06  05:41:39 pm)작업중 정지 [d:86][t:08:56:45]
[I](2023-01-06  05:41:39 pm)    [LNo:0002] 001204/002190
[I](2023-01-06  05:41:56 pm)작업 재시작
[I](2023-01-06  05:42:00 pm)작업중 정지 [d:86][t:08:57:06]
[I](2023-01-06  05:42:00 pm)    [LNo:0002] 001206/002190
[I](2023-01-06  05:42:00 pm)작업중 M코드정지 [d:86][t:08:57:06]
[I](2023-01-06  05:56:00 pm)작업중 정지 [d:99][t:09:11:06]
[I](2023-01-06  05:56:00 pm)    [LNo:0002] 001231/002190
[I](2023-01-06  05:56:00 pm)작업중 M코드정지 [d:99][t:09:11:06]
[I](2023-01-06  05:56:14 pm)작업중 정지 [d:99][t:09:11:21]
[I](2023-01-06  05:56:14 pm)    [LNo:0002] 001232/002190
[I](2023-01-06  05:56:38 pm)작업 재시작
[I](2023-01-06  05:56:44 pm)작업중 정지 [d:99][t:09:11:50]
[I](2023-01-06  05:56:44 pm)    [LNo:0002] 001234/002190
[I](2023-01-06  05:56:44 pm)작업중 M코드정지 [d:99][t:09:11:50]
[I](2023-01-06  06:19:08 pm)작업중 정지 [d:119][t:09:34:14]
[I](2023-01-06  06:19:08 pm)    [LNo:0002] 001262/002190
[I](2023-01-06  06:19:08 pm)작업중 M코드정지 [d:119][t:09:34:14]
[I](2023-01-06  06:40:56 pm)작업중 정지 [d:139][t:09:56:03]
[I](2023-01-06  06:40:56 pm)    [LNo:0002] 001287/002190
[I](2023-01-06  06:40:56 pm)작업중 M코드정지 [d:139][t:09:56:03]
[I](2023-01-06  06:41:33 pm)작업중 정지 [d:140][t:09:56:39]
[I](2023-01-06  06:41:33 pm)    [LNo:0002] 001290/002190
[I](2023-01-06  06:41:33 pm)작업중 M코드정지 [d:140][t:09:56:39]
[I](2023-01-06  06:54:59 pm)작업중 정지 [d:152][t:10:10:06]
[I](2023-01-06  06:54:59 pm)    [LNo:0002] 001315/002190
[I](2023-01-06  06:54:59 pm)작업중 M코드정지 [d:152][t:10:10:06]
[I](2023-01-06  06:55:12 pm)작업중 정지 [d:152][t:10:10:18]
[I](2023-01-06  06:55:12 pm)    [LNo:0002] 001316/002190
[I](2023-01-06  06:55:31 pm)작업 재시작
[I](2023-01-06  06:55:39 pm)작업중 정지 [d:152][t:10:10:45]
[I](2023-01-06  06:55:39 pm)    [LNo:0002] 001318/002190
[I](2023-01-06  06:55:39 pm)작업중 M코드정지 [d:152][t:10:10:45]
[I](2023-01-06  07:17:57 pm)작업중 정지 [d:172][t:10:33:04]
[I](2023-01-06  07:17:57 pm)    [LNo:0002] 001343/002190
[I](2023-01-06  07:17:57 pm)작업중 M코드정지 [d:172][t:10:33:04]
[I](2023-01-06  07:18:13 pm)작업중 정지 [d:172][t:10:33:20]
[I](2023-01-06  07:18:13 pm)    [LNo:0002] 001344/002190
[I](2023-01-06  07:18:33 pm)작업 재시작
[I](2023-01-06  07:18:39 pm)작업중 정지 [d:172][t:10:33:45]
[I](2023-01-06  07:18:39 pm)    [LNo:0002] 001346/002190
[I](2023-01-06  07:18:39 pm)작업중 M코드정지 [d:172][t:10:33:45]
[I](2023-01-06  07:18:46 pm)작업중 정지 [d:172][t:10:33:52]
[I](2023-01-06  07:18:46 pm)    [LNo:0002] 001349/002190
[I](2023-01-06  07:19:41 pm)작업중 정지 [d:172][t:10:34:48]
[I](2023-01-06  07:19:41 pm)    [LNo:0002] 001009/002190
[I](2023-01-06  07:53:37 pm)작업중 정지 [d:205][t:11:08:44]
[I](2023-01-06  07:53:37 pm)    [LNo:0002] 001057/002190
[I](2023-01-06  07:53:37 pm)작업중 M코드정지 [d:205][t:11:08:44]
[I](2023-01-06  07:53:47 pm)작업중 정지 [d:205][t:11:08:54]
[I](2023-01-06  07:53:47 pm)    [LNo:0002] 001058/002190
[I](2023-01-06  07:54:19 pm)작업 재시작
[I](2023-01-06  07:54:29 pm)작업중 정지 [d:205][t:11:09:36]
[I](2023-01-06  07:54:29 pm)    [LNo:0002] 001059/002190
[I](2023-01-06  07:54:29 pm)작업중 M코드정지 [d:205][t:11:09:36]
[I](2023-01-06  07:55:10 pm)작업중 정지 [d:205][t:11:10:17]
[I](2023-01-06  07:55:10 pm)    [LNo:0002] 001065/002190
[I](2023-01-06  08:01:21 pm)Reset
[I](2023-01-06  08:01:22 pm)Reset
[I](2023-01-06  08:01:33 pm)작업 시작 [Start d:502]
[I](2023-01-06  08:01:33 pm)Nc File: [No.0005-571.NC]
[I](2023-01-06  08:01:33 pm)  * Start Machine Position
[I](2023-01-06  08:01:33 pm)    X:    465.2144
[I](2023-01-06  08:01:33 pm)    Y:   -458.3478
[I](2023-01-06  08:01:33 pm)    U:      0.0000
[I](2023-01-06  08:01:33 pm)    V:      0.0000
[I](2023-01-06  08:01:33 pm)    Z:     33.1390
[I](2023-01-06  08:01:33 pm)  * Angle
[I](2023-01-06  08:01:33 pm)    Ar:      0.0710,Kr:      0.0000
[I](2023-01-06  08:01:33 pm)    Taper_Ar:      0.0000
[I](2023-01-06  08:01:45 pm)작업중 정지 [d:0][t:00:00:12]
[I](2023-01-06  08:01:45 pm)    [LNo:0005] 000010/000752
[I](2023-01-06  08:01:45 pm)작업중 M코드정지 [d:0][t:00:00:12]
[I](2023-01-06  08:02:14 pm)작업중 정지 [d:0][t:00:00:40]
[I](2023-01-06  08:02:14 pm)    [LNo:0005] 000013/000752
[I](2023-01-06  10:56:05 pm)작업중 정지 [d:146][t:02:54:32]
[I](2023-01-06  10:56:05 pm)    [LNo:0005] 000748/000752
[I](2023-01-06  10:56:05 pm)작업중 M코드정지 [d:146][t:02:54:32]
