[A](2023-01-12  04:31:23 am)[050] 청수조 물부족(필터 점검)
[I](2023-01-12  04:31:23 am)작업중 정지 [d:450][t:07:52:43]
[I](2023-01-12  04:31:23 am)    [LNo:0001] 001214/001488
[I](2023-01-12  04:31:23 am)Ready Off
[I](2023-01-12  04:31:23 am)    X:     65.7521
[I](2023-01-12  04:31:23 am)    Y:   -499.4226
[I](2023-01-12  04:31:23 am)    U:      0.0000
[I](2023-01-12  04:31:23 am)    V:      0.0000
[I](2023-01-12  04:31:23 am)    Z:     43.9433
[I](2023-01-12  08:23:42 am)Ready On
[A](2023-01-12  08:29:37 am)[053] Emergency Stop
[I](2023-01-12  08:29:37 am)Ready Off
[I](2023-01-12  08:29:37 am)    X:     65.7521
[I](2023-01-12  08:29:37 am)    Y:   -499.4226
[I](2023-01-12  08:29:37 am)    U:      0.0000
[I](2023-01-12  08:29:37 am)    V:      0.0000
[I](2023-01-12  08:29:37 am)    Z:    143.9433
[I](2023-01-12  08:38:57 am)Ready On
[I](2023-01-12  08:40:04 am)작업 재시작
[I](2023-01-12  09:10:30 am)작업중 정지 [d:480][t:12:31:50]
[I](2023-01-12  09:10:30 am)    [LNo:0001] 001226/001488
[I](2023-01-12  09:10:49 am)작업 재시작
[I](2023-01-12  09:40:07 am)작업중 정지 [d:509][t:13:01:27]
[I](2023-01-12  09:40:07 am)    [LNo:0001] 001237/001488
[A](2023-01-12  09:41:12 am)[037] 자동결선 잔여 WIRE 처리 실패!!
[I](2023-01-12  09:41:18 am)Reset
[I](2023-01-12  09:41:18 am)Reset
[I](2023-01-12  09:41:18 am)Reset
[I](2023-01-12  09:41:19 am)Reset
[I](2023-01-12  09:41:19 am)Reset
[I](2023-01-12  09:44:41 am)Reset
[I](2023-01-12  09:47:24 am)Reset
[I](2023-01-12  09:58:19 am)Reset
[I](2023-01-12  10:00:30 am)Reset
[I](2023-01-12  10:00:34 am)Reset
[I](2023-01-12  10:00:34 am)Reset
[I](2023-01-12  10:02:49 am)Reset
[I](2023-01-12  10:03:09 am)Reset
[I](2023-01-12  10:04:58 am)Reset
[I](2023-01-12  10:05:08 am)Reset
[I](2023-01-12  10:05:08 am)Reset
[A](2023-01-12  10:05:43 am)[037] 자동결선 잔여 WIRE 처리 실패!!
[I](2023-01-12  10:06:11 am)Reset
[I](2023-01-12  10:07:54 am)작업 시작 [Start d:0]
[I](2023-01-12  10:07:54 am)Nc File: [No.0005-681.NC]
[I](2023-01-12  10:07:54 am)  * Start Machine Position
[I](2023-01-12  10:07:54 am)    X:    792.3835
[I](2023-01-12  10:07:54 am)    Y:   -435.2584
[I](2023-01-12  10:07:54 am)    U:      0.0000
[I](2023-01-12  10:07:54 am)    V:      0.0000
[I](2023-01-12  10:07:54 am)    Z:     26.2318
[I](2023-01-12  10:07:54 am)  * Angle
[I](2023-01-12  10:07:54 am)    Ar:     -0.0203,Kr:      0.0000
[I](2023-01-12  10:07:54 am)    Taper_Ar:      0.0000
[I](2023-01-12  10:08:45 am)작업중 정지 [d:0][t:00:00:50]
[I](2023-01-12  10:08:45 am)    [LNo:0005] 000611/001371
[I](2023-01-12  10:09:22 am)작업중 정지 [d:0][t:00:01:27]
[I](2023-01-12  10:09:22 am)    [LNo:0005] 000614/001371
[I](2023-01-12  10:09:39 am)작업중 정지 [d:0][t:00:01:45]
[I](2023-01-12  10:09:39 am)    [LNo:0005] 000638/001371
[I](2023-01-12  10:10:49 am)Reset
[I](2023-01-12  10:10:49 am)Reset
[I](2023-01-12  10:10:51 am)작업 시작 [Start d:0]
[I](2023-01-12  10:10:51 am)Nc File: [No.0005-681.NC]
[I](2023-01-12  10:10:51 am)  * Start Machine Position
[I](2023-01-12  10:10:51 am)    X:    792.3835
[I](2023-01-12  10:10:51 am)    Y:   -435.2584
[I](2023-01-12  10:10:51 am)    U:      0.0000
[I](2023-01-12  10:10:51 am)    V:      0.0000
[I](2023-01-12  10:10:51 am)    Z:     26.2318
[I](2023-01-12  10:10:51 am)  * Angle
[I](2023-01-12  10:10:51 am)    Ar:     -0.0203,Kr:      0.0000
[I](2023-01-12  10:10:51 am)    Taper_Ar:      0.0000
[I](2023-01-12  10:24:31 am)작업중 정지 [d:12][t:00:13:39]
[I](2023-01-12  10:24:31 am)    [LNo:0005] 000026/001371
[I](2023-01-12  10:24:31 am)Wire Contact Auto Stop(M52)
[I](2023-01-12  10:26:18 am)작업 재시작
[I](2023-01-12  10:26:21 am)작업중 정지 [d:12][t:00:15:29]
[I](2023-01-12  10:26:21 am)    [LNo:0005] 000027/001371
[I](2023-01-12  10:26:21 am)작업중 M코드정지 [d:12][t:00:15:29]
[I](2023-01-12  10:27:03 am)작업중 정지 [d:12][t:00:16:11]
[I](2023-01-12  10:27:03 am)    [LNo:0005] 000030/001371
[I](2023-01-12  10:27:03 am)작업중 M코드정지 [d:12][t:00:16:11]
[I](2023-01-12  10:42:12 am)작업중 정지 [d:26][t:00:31:20]
[I](2023-01-12  10:42:12 am)    [LNo:0005] 000063/001371
[I](2023-01-12  10:42:12 am)작업중 M코드정지 [d:26][t:00:31:20]
[I](2023-01-12  10:42:34 am)작업중 정지 [d:26][t:00:31:42]
[I](2023-01-12  10:42:34 am)    [LNo:0005] 000064/001371
[I](2023-01-12  10:43:03 am)작업 재시작
[I](2023-01-12  10:43:08 am)작업중 정지 [d:26][t:00:32:16]
[I](2023-01-12  10:43:08 am)    [LNo:0005] 000065/001371
[I](2023-01-12  10:43:08 am)작업중 M코드정지 [d:26][t:00:32:16]
[I](2023-01-12  10:57:02 am)작업중 정지 [d:39][t:00:46:10]
[I](2023-01-12  10:57:02 am)    [LNo:0005] 000087/001371
[I](2023-01-12  10:57:02 am)Wire Contact Auto Stop(M52)
[I](2023-01-12  10:58:06 am)작업 재시작
[I](2023-01-12  10:58:20 am)작업중 정지 [d:39][t:00:47:28]
[I](2023-01-12  10:58:20 am)    [LNo:0005] 000087/001371
[I](2023-01-12  10:58:40 am)작업 재시작
[I](2023-01-12  10:58:46 am)작업중 정지 [d:39][t:00:47:54]
[I](2023-01-12  10:58:46 am)    [LNo:0005] 000088/001371
[I](2023-01-12  10:58:46 am)작업중 M코드정지 [d:39][t:00:47:54]
[I](2023-01-12  10:58:56 am)작업중 정지 [d:39][t:00:48:04]
[I](2023-01-12  10:58:56 am)    [LNo:0005] 000091/001371
[I](2023-01-12  10:58:56 am)작업중 M코드정지 [d:39][t:00:48:04]
[I](2023-01-12  11:12:51 am)작업중 정지 [d:52][t:01:01:59]
[I](2023-01-12  11:12:51 am)    [LNo:0005] 000114/001371
[I](2023-01-12  11:12:51 am)Wire Contact Auto Stop(M52)
[I](2023-01-12  11:17:07 am)작업 재시작
[I](2023-01-12  11:17:11 am)작업중 정지 [d:52][t:01:06:19]
[I](2023-01-12  11:17:11 am)    [LNo:0005] 000115/001371
[I](2023-01-12  11:17:11 am)작업중 M코드정지 [d:52][t:01:06:19]
[I](2023-01-12  11:17:40 am)작업중 정지 [d:52][t:01:06:48]
[I](2023-01-12  11:17:40 am)    [LNo:0005] 000118/001371
[I](2023-01-12  11:17:40 am)작업중 M코드정지 [d:52][t:01:06:48]
[I](2023-01-12  11:32:25 am)작업중 정지 [d:65][t:01:21:33]
[I](2023-01-12  11:32:25 am)    [LNo:0005] 000151/001371
[I](2023-01-12  11:32:25 am)작업중 M코드정지 [d:65][t:01:21:33]
[I](2023-01-12  11:33:19 am)작업중 정지 [d:65][t:01:22:27]
[I](2023-01-12  11:33:19 am)    [LNo:0005] 000153/001371
[I](2023-01-12  11:33:19 am)작업중 M코드정지 [d:65][t:01:22:27]
[I](2023-01-12  11:47:06 am)작업중 정지 [d:78][t:01:36:15]
[I](2023-01-12  11:47:06 am)    [LNo:0005] 000175/001371
[I](2023-01-12  11:47:07 am)Wire Contact Auto Stop(M52)
[I](2023-01-12  11:51:15 am)작업 재시작
[I](2023-01-12  11:51:23 am)작업중 정지 [d:78][t:01:40:31]
[I](2023-01-12  11:51:23 am)    [LNo:0005] 000176/001371
[I](2023-01-12  11:51:23 am)작업중 M코드정지 [d:78][t:01:40:31]
[I](2023-01-12  11:51:49 am)작업중 정지 [d:79][t:01:40:57]
[I](2023-01-12  11:51:49 am)    [LNo:0005] 000179/001371
[I](2023-01-12  11:51:49 am)작업중 M코드정지 [d:79][t:01:40:57]
[I](2023-01-12  12:51:47 pm)작업중 정지 [d:138][t:02:40:55]
[I](2023-01-12  12:51:47 pm)    [LNo:0005] 000218/001371
[I](2023-01-12  12:51:47 pm)작업중 M코드정지 [d:138][t:02:40:55]
[I](2023-01-12  12:52:06 pm)작업중 정지 [d:138][t:02:41:14]
[I](2023-01-12  12:52:06 pm)    [LNo:0005] 000221/001371
[I](2023-01-12  12:52:06 pm)작업중 M코드정지 [d:138][t:02:41:14]
[I](2023-01-12  12:53:22 pm)작업중 정지 [d:138][t:02:42:30]
[I](2023-01-12  12:53:22 pm)    [LNo:0005] 000227/001371
[I](2023-01-12  12:53:22 pm)작업중 M코드정지 [d:138][t:02:42:30]
[I](2023-01-12  12:54:29 pm)Reset
[I](2023-01-12  12:56:51 pm)작업 시작 [Start d:138]
[I](2023-01-12  12:56:51 pm)Nc File: [No.0005-258.NC]
[I](2023-01-12  12:56:51 pm)  * Start Machine Position
[I](2023-01-12  12:56:51 pm)    X:    792.3835
[I](2023-01-12  12:56:51 pm)    Y:   -435.2584
[I](2023-01-12  12:56:51 pm)    U:      0.0000
[I](2023-01-12  12:56:51 pm)    V:      0.0000
[I](2023-01-12  12:56:51 pm)    Z:     26.2318
[I](2023-01-12  12:56:51 pm)  * Angle
[I](2023-01-12  12:56:51 pm)    Ar:     -0.0203,Kr:      0.0000
[I](2023-01-12  12:56:51 pm)    Taper_Ar:      0.0000
[I](2023-01-12  12:57:05 pm)작업중 정지 [d:0][t:00:00:14]
[I](2023-01-12  12:57:05 pm)    [LNo:0005] 000232/001398
[I](2023-01-12  01:19:58 pm)작업중 정지 [d:22][t:00:23:06]
[I](2023-01-12  01:19:58 pm)    [LNo:0005] 000256/001398
[I](2023-01-12  01:19:58 pm)작업중 M코드정지 [d:22][t:00:23:06]
[I](2023-01-12  01:20:27 pm)작업중 정지 [d:22][t:00:23:36]
[I](2023-01-12  01:20:27 pm)    [LNo:0005] 000257/001398
[I](2023-01-12  01:20:50 pm)작업 재시작
[I](2023-01-12  01:21:02 pm)작업중 정지 [d:22][t:00:24:11]
[I](2023-01-12  01:21:02 pm)    [LNo:0005] 000260/001398
[I](2023-01-12  01:21:03 pm)작업중 M코드정지 [d:22][t:00:24:11]
[I](2023-01-12  01:37:50 pm)작업중 정지 [d:37][t:00:40:58]
[I](2023-01-12  01:37:50 pm)    [LNo:0005] 000290/001398
[I](2023-01-12  01:37:50 pm)작업중 M코드정지 [d:37][t:00:40:58]
[I](2023-01-12  01:38:34 pm)작업중 정지 [d:37][t:00:41:43]
[I](2023-01-12  01:38:34 pm)    [LNo:0005] 000294/001398
[I](2023-01-12  01:38:34 pm)작업중 M코드정지 [d:37][t:00:41:43]
[I](2023-01-12  01:54:54 pm)작업중 정지 [d:52][t:00:58:02]
[I](2023-01-12  01:54:54 pm)    [LNo:0005] 000324/001398
[I](2023-01-12  01:54:54 pm)작업중 M코드정지 [d:52][t:00:58:02]
[I](2023-01-12  01:56:21 pm)작업중 정지 [d:52][t:00:59:29]
[I](2023-01-12  01:56:21 pm)    [LNo:0005] 000328/001398
[I](2023-01-12  01:56:21 pm)작업중 M코드정지 [d:52][t:00:59:29]
[I](2023-01-12  02:11:45 pm)작업중 정지 [d:65][t:01:14:54]
[I](2023-01-12  02:11:45 pm)    [LNo:0005] 000360/001398
[I](2023-01-12  02:11:45 pm)작업중 M코드정지 [d:66][t:01:14:54]
[I](2023-01-12  02:12:06 pm)작업중 정지 [d:66][t:01:15:15]
[I](2023-01-12  02:12:06 pm)    [LNo:0005] 000364/001398
[I](2023-01-12  02:12:06 pm)작업중 M코드정지 [d:66][t:01:15:15]
[I](2023-01-12  02:14:28 pm)작업중 정지 [d:67][t:01:17:36]
[I](2023-01-12  02:14:28 pm)    [LNo:0005] 000386/001398
[A](2023-01-12  02:14:28 pm)[008] 작업중 단선(AWF Feed Motor Stop )
[I](2023-01-12  02:14:28 pm)작업중 Wire 단선 [d:67][t:01:17:36]
[I](2023-01-12  02:15:32 pm)작업 재시작
[I](2023-01-12  02:15:35 pm)작업중 정지 [d:67][t:01:18:43]
[I](2023-01-12  02:15:35 pm)    [LNo:0005] 000387/001398
[A](2023-01-12  02:15:35 pm)[008] 작업중 단선(AWF Feed Motor Stop )
[I](2023-01-12  02:15:35 pm)작업중 Wire 단선 [d:67][t:01:18:43]
[I](2023-01-12  02:16:59 pm)작업 재시작
[I](2023-01-12  02:30:54 pm)작업중 정지 [d:81][t:01:34:03]
[I](2023-01-12  02:30:54 pm)    [LNo:0005] 000396/001398
[I](2023-01-12  02:30:54 pm)작업중 M코드정지 [d:81][t:01:34:03]
[I](2023-01-12  02:31:31 pm)작업중 정지 [d:81][t:01:34:40]
[I](2023-01-12  02:31:31 pm)    [LNo:0005] 000397/001398
[I](2023-01-12  02:31:54 pm)작업 재시작
[I](2023-01-12  02:32:03 pm)작업중 정지 [d:81][t:01:35:12]
[I](2023-01-12  02:32:03 pm)    [LNo:0005] 000400/001398
[I](2023-01-12  02:32:03 pm)작업중 M코드정지 [d:81][t:01:35:12]
[I](2023-01-12  02:33:48 pm)작업중 정지 [d:82][t:01:36:57]
[I](2023-01-12  02:33:48 pm)    [LNo:0005] 000421/001398
[A](2023-01-12  02:33:48 pm)[008] 작업중 단선(AWF Feed Motor Stop )
[I](2023-01-12  02:33:48 pm)작업중 Wire 단선 [d:82][t:01:36:57]
[I](2023-01-12  02:34:57 pm)작업 재시작
[I](2023-01-12  02:34:58 pm)작업중 정지 [d:82][t:01:38:06]
[I](2023-01-12  02:34:58 pm)    [LNo:0005] 000421/001398
[A](2023-01-12  02:34:58 pm)[008] 작업중 단선(AWF Feed Motor Stop )
[I](2023-01-12  02:34:58 pm)작업중 Wire 단선 [d:82][t:01:38:06]
[I](2023-01-12  02:36:01 pm)작업 재시작
[I](2023-01-12  02:46:07 pm)작업중 정지 [d:92][t:01:49:15]
[I](2023-01-12  02:46:07 pm)    [LNo:0005] 000432/001398
[I](2023-01-12  02:46:07 pm)작업중 M코드정지 [d:92][t:01:49:15]
[I](2023-01-12  02:46:37 pm)작업중 정지 [d:92][t:01:49:45]
[I](2023-01-12  02:46:37 pm)    [LNo:0005] 000434/001398
[I](2023-01-12  02:47:00 pm)작업 재시작
[I](2023-01-12  02:47:10 pm)작업중 정지 [d:92][t:01:50:18]
[I](2023-01-12  02:47:10 pm)    [LNo:0005] 000436/001398
[I](2023-01-12  02:47:10 pm)작업중 M코드정지 [d:92][t:01:50:19]
[I](2023-01-12  02:55:15 pm)작업중 정지 [d:99][t:01:58:23]
[I](2023-01-12  02:55:15 pm)    [LNo:0005] 000460/001398
[I](2023-01-12  02:55:15 pm)작업중 M코드정지 [d:99][t:01:58:23]
[I](2023-01-12  02:55:35 pm)작업중 정지 [d:99][t:01:58:43]
[I](2023-01-12  02:55:35 pm)    [LNo:0005] 000464/001398
[I](2023-01-12  02:55:35 pm)작업중 M코드정지 [d:99][t:01:58:43]
[I](2023-01-12  02:57:42 pm)작업중 정지 [d:99][t:02:00:51]
[I](2023-01-12  02:57:42 pm)    [LNo:0005] 000484/001398
[A](2023-01-12  02:57:42 pm)[008] 작업중 단선(AWF Feed Motor Stop )
[I](2023-01-12  02:57:42 pm)작업중 Wire 단선 [d:99][t:02:00:51]
[I](2023-01-12  02:58:46 pm)작업 재시작
[I](2023-01-12  02:58:47 pm)작업중 정지 [d:99][t:02:01:56]
[I](2023-01-12  02:58:47 pm)    [LNo:0005] 000485/001398
[A](2023-01-12  02:58:47 pm)[008] 작업중 단선(AWF Feed Motor Stop )
[I](2023-01-12  02:58:47 pm)작업중 Wire 단선 [d:99][t:02:01:56]
[I](2023-01-12  03:00:40 pm)작업 재시작
[I](2023-01-12  03:11:05 pm)작업중 정지 [d:110][t:02:14:14]
[I](2023-01-12  03:11:05 pm)    [LNo:0005] 000500/001398
[I](2023-01-12  03:11:05 pm)작업중 M코드정지 [d:110][t:02:14:14]
[I](2023-01-12  03:19:24 pm)작업중 정지 [d:117][t:02:22:32]
[I](2023-01-12  03:19:24 pm)    [LNo:0005] 000522/001398
[I](2023-01-12  03:19:24 pm)작업중 M코드정지 [d:117][t:02:22:32]
[I](2023-01-12  03:21:39 pm)작업중 정지 [d:117][t:02:24:47]
[I](2023-01-12  03:21:39 pm)    [LNo:0005] 000523/001398
[I](2023-01-12  03:22:04 pm)작업 재시작
[I](2023-01-12  03:22:13 pm)작업중 정지 [d:117][t:02:25:21]
[I](2023-01-12  03:22:13 pm)    [LNo:0005] 000525/001398
[I](2023-01-12  03:22:13 pm)작업중 M코드정지 [d:117][t:02:25:21]
[I](2023-01-12  04:00:22 pm)작업중 정지 [d:154][t:03:03:30]
[I](2023-01-12  04:00:22 pm)    [LNo:0005] 000569/001398
[I](2023-01-12  04:00:22 pm)작업중 M코드정지 [d:154][t:03:03:30]
[I](2023-01-12  04:00:50 pm)작업중 정지 [d:155][t:03:03:58]
[I](2023-01-12  04:00:50 pm)    [LNo:0005] 000573/001398
[I](2023-01-12  04:00:50 pm)작업중 M코드정지 [d:155][t:03:03:58]
[I](2023-01-12  04:15:01 pm)작업중 정지 [d:167][t:03:18:09]
[I](2023-01-12  04:15:01 pm)    [LNo:0005] 000598/001398
[I](2023-01-12  04:15:01 pm)작업중 M코드정지 [d:167][t:03:18:09]
[I](2023-01-12  04:16:10 pm)작업중 정지 [d:167][t:03:19:19]
[I](2023-01-12  04:16:10 pm)    [LNo:0005] 000601/001398
[I](2023-01-12  04:16:10 pm)작업중 M코드정지 [d:167][t:03:19:19]
[I](2023-01-12  04:36:32 pm)작업중 정지 [d:186][t:03:39:40]
[I](2023-01-12  04:36:32 pm)    [LNo:0005] 000626/001398
[I](2023-01-12  04:36:32 pm)작업중 M코드정지 [d:186][t:03:39:40]
[I](2023-01-12  04:37:11 pm)작업중 정지 [d:186][t:03:40:19]
[I](2023-01-12  04:37:11 pm)    [LNo:0005] 000627/001398
[I](2023-01-12  04:37:39 pm)작업 재시작
[I](2023-01-12  04:37:44 pm)작업중 정지 [d:186][t:03:40:52]
[I](2023-01-12  04:37:44 pm)    [LNo:0005] 000629/001398
[I](2023-01-12  04:37:44 pm)작업중 M코드정지 [d:186][t:03:40:52]
[I](2023-01-12  04:39:23 pm)작업중 정지 [d:186][t:03:42:31]
[I](2023-01-12  04:39:23 pm)    [LNo:0005] 000643/001398
[A](2023-01-12  04:39:23 pm)[008] 작업중 단선(AWF Feed Motor Stop )
[I](2023-01-12  04:39:23 pm)작업중 Wire 단선 [d:186][t:03:42:31]
[I](2023-01-12  04:40:20 pm)작업중 정지 [d:187][t:03:43:28]
[I](2023-01-12  04:40:20 pm)    [LNo:0005] 000646/001398
[A](2023-01-12  04:40:20 pm)[008] 작업중 단선(AWF Feed Motor Stop )
[I](2023-01-12  04:40:20 pm)작업중 Wire 단선 [d:187][t:03:43:28]
[I](2023-01-12  04:40:31 pm)작업 재시작
[I](2023-01-12  04:58:14 pm)작업중 정지 [d:205][t:04:01:23]
[I](2023-01-12  04:58:14 pm)    [LNo:0005] 000654/001398
[I](2023-01-12  04:58:14 pm)작업중 M코드정지 [d:205][t:04:01:23]
[I](2023-01-12  04:58:57 pm)작업중 정지 [d:206][t:04:02:06]
[I](2023-01-12  04:58:57 pm)    [LNo:0005] 000655/001398
[I](2023-01-12  04:59:20 pm)작업 재시작
[I](2023-01-12  04:59:30 pm)작업중 정지 [d:206][t:04:02:38]
[I](2023-01-12  04:59:30 pm)    [LNo:0005] 000657/001398
[I](2023-01-12  04:59:30 pm)작업중 M코드정지 [d:206][t:04:02:38]
[I](2023-01-12  05:19:22 pm)작업중 정지 [d:224][t:04:22:31]
[I](2023-01-12  05:19:22 pm)    [LNo:0005] 000682/001398
[I](2023-01-12  05:19:22 pm)작업중 M코드정지 [d:224][t:04:22:31]
[I](2023-01-12  05:22:44 pm)작업중 정지 [d:225][t:04:25:53]
[I](2023-01-12  05:22:44 pm)    [LNo:0005] 000683/001398
[I](2023-01-12  05:23:13 pm)작업 재시작
[I](2023-01-12  05:23:17 pm)작업중 정지 [d:225][t:04:26:26]
[I](2023-01-12  05:23:17 pm)    [LNo:0005] 000685/001398
[I](2023-01-12  05:23:17 pm)작업중 M코드정지 [d:225][t:04:26:26]
[I](2023-01-12  05:36:21 pm)작업중 정지 [d:236][t:04:39:29]
[I](2023-01-12  05:36:21 pm)    [LNo:0005] 000710/001398
[I](2023-01-12  05:36:21 pm)작업중 M코드정지 [d:236][t:04:39:29]
[I](2023-01-12  05:38:13 pm)작업중 정지 [d:236][t:04:41:22]
[I](2023-01-12  05:38:13 pm)    [LNo:0005] 000713/001398
[I](2023-01-12  05:38:13 pm)작업중 M코드정지 [d:236][t:04:41:22]
[I](2023-01-12  06:00:12 pm)작업중 정지 [d:256][t:05:03:20]
[I](2023-01-12  06:00:12 pm)    [LNo:0005] 000741/001398
[I](2023-01-12  06:00:12 pm)작업중 M코드정지 [d:256][t:05:03:20]
[I](2023-01-12  06:03:12 pm)Reset
[I](2023-01-12  06:03:18 pm)작업 시작 [Start d:394]
[I](2023-01-12  06:03:18 pm)Nc File: [No.0006-682.NC]
[I](2023-01-12  06:03:18 pm)  * Start Machine Position
[I](2023-01-12  06:03:18 pm)    X:    792.3835
[I](2023-01-12  06:03:18 pm)    Y:   -435.2584
[I](2023-01-12  06:03:18 pm)    U:      0.0000
[I](2023-01-12  06:03:18 pm)    V:      0.0000
[I](2023-01-12  06:03:18 pm)    Z:     26.2318
[I](2023-01-12  06:03:18 pm)  * Angle
[I](2023-01-12  06:03:18 pm)    Ar:     -0.0203,Kr:      0.0000
[I](2023-01-12  06:03:18 pm)    Taper_Ar:      0.0000
[I](2023-01-12  06:03:46 pm)작업중 정지 [d:0][t:00:00:28]
[I](2023-01-12  06:03:46 pm)    [LNo:0006] 000010/000098
[I](2023-01-12  06:03:46 pm)작업중 M코드정지 [d:0][t:00:00:28]
[I](2023-01-12  06:04:48 pm)작업중 정지 [d:0][t:00:01:29]
[I](2023-01-12  06:04:48 pm)    [LNo:0006] 000010/000098
[I](2023-01-12  06:04:48 pm)작업중 M코드정지 [d:0][t:00:01:30]
[I](2023-01-12  06:35:02 pm)작업중 정지 [d:30][t:00:31:43]
[I](2023-01-12  06:35:02 pm)    [LNo:0006] 000054/000098
[A](2023-01-12  06:35:02 pm)[008] 작업중 단선(AWF Feed Motor Stop )
[I](2023-01-12  06:35:02 pm)작업중 Wire 단선 [d:30][t:00:31:43]
[I](2023-01-12  06:37:01 pm)작업 재시작
[I](2023-01-12  06:49:06 pm)작업중 정지 [d:42][t:00:45:47]
[I](2023-01-12  06:49:06 pm)    [LNo:0006] 000085/000098
[A](2023-01-12  06:49:06 pm)[008] 작업중 단선(AWF Feed Motor Stop )
[I](2023-01-12  06:49:06 pm)작업중 Wire 단선 [d:42][t:00:45:47]
[I](2023-01-12  06:51:22 pm)작업 재시작
[I](2023-01-12  07:03:15 pm)작업중 정지 [d:54][t:00:59:57]
[I](2023-01-12  07:03:15 pm)    [LNo:0006] 000085/000098
[I](2023-01-12  07:03:15 pm)Wire Contact Auto Stop(M52)
[I](2023-01-12  07:06:49 pm)Reset
[I](2023-01-12  07:06:49 pm)Reset
[I](2023-01-12  07:06:50 pm)Reset
[I](2023-01-12  07:06:50 pm)Reset
[I](2023-01-12  07:06:51 pm)Reset
[I](2023-01-12  07:14:34 pm)Reset
[A](2023-01-12  07:15:31 pm)[001] 와이어 미동작
[I](2023-01-12  07:16:44 pm)Reset
[I](2023-01-12  07:16:50 pm)Reset
[I](2023-01-12  07:17:07 pm)Reset
[I](2023-01-12  07:17:15 pm)Reset
[I](2023-01-12  07:17:15 pm)Reset
[I](2023-01-12  07:17:22 pm)Reset
[I](2023-01-12  07:17:25 pm)Reset
[I](2023-01-12  07:18:01 pm)작업 시작 [Start d:448]
[I](2023-01-12  07:18:01 pm)Nc File: [No.0001-645.NC *]
[I](2023-01-12  07:18:01 pm)  * Start Machine Position
[I](2023-01-12  07:18:01 pm)    X:    113.9333
[I](2023-01-12  07:18:01 pm)    Y:   -490.4046
[I](2023-01-12  07:18:01 pm)    U:      0.0000
[I](2023-01-12  07:18:01 pm)    V:      0.0000
[I](2023-01-12  07:18:01 pm)    Z:     44.1913
[I](2023-01-12  07:18:01 pm)  * Angle
[I](2023-01-12  07:18:01 pm)    Ar:     -0.1343,Kr:      0.0000
[I](2023-01-12  07:18:01 pm)    Taper_Ar:      0.0000
[I](2023-01-12  07:18:17 pm)작업중 정지 [d:-448][t:00:00:16]
[I](2023-01-12  07:18:17 pm)    [LNo:0001] 001157/001488
[I](2023-01-12  07:19:20 pm)작업중 정지 [d:-448][t:00:01:19]
[I](2023-01-12  07:19:20 pm)    [LNo:0001] 001236/001488
[A](2023-01-12  07:19:46 pm)[002] 가공액 미동작
[I](2023-01-12  07:19:48 pm)작업 재시작
