[I](2023-01-14  07:11:41 am)작업중 정지 [d:678][t:11:41:24]
[I](2023-01-14  07:11:41 am)    [LNo:0002] 000588/001066
[A](2023-01-14  07:11:41 am)[008] 작업중 단선(AWF Feed Motor Stop )
[I](2023-01-14  07:11:41 am)작업중 Wire 단선 [d:678][t:11:41:24]
[I](2023-01-14  07:12:47 am)작업 재시작
[I](2023-01-14  07:28:37 am)작업중 정지 [d:693][t:11:58:20]
[I](2023-01-14  07:28:37 am)    [LNo:0002] 000596/001066
[I](2023-01-14  07:28:37 am)작업중 M코드정지 [d:693][t:11:58:20]
[I](2023-01-14  08:51:29 am)Reset
[I](2023-01-14  08:51:29 am)Reset
[I](2023-01-14  08:52:41 am)Reset
[I](2023-01-14  08:53:40 am)Reset
[I](2023-01-14  08:53:46 am)Reset
[I](2023-01-14  08:54:25 am)Reset
[I](2023-01-14  08:58:09 am)Reset
[I](2023-01-14  08:58:09 am)Reset
[I](2023-01-14  08:58:16 am)Reset
[I](2023-01-14  08:59:28 am)Reset
[I](2023-01-14  09:03:15 am)Reset
[I](2023-01-14  09:03:32 am)Reset
[I](2023-01-14  09:04:07 am)Reset
[I](2023-01-14  09:05:23 am)Reset
[I](2023-01-14  09:06:09 am)Reset
[I](2023-01-14  09:09:22 am)Reset
[I](2023-01-14  09:12:41 am)Reset
[I](2023-01-14  09:13:00 am)Reset
[I](2023-01-14  09:14:02 am)Reset
[I](2023-01-14  09:14:11 am)Reset
[I](2023-01-14  09:35:16 am)Reset
[I](2023-01-14  09:38:54 am)Reset
[I](2023-01-14  09:38:54 am)Reset
[I](2023-01-14  09:39:40 am)작업 시작 [Start d:0]
[I](2023-01-14  09:39:40 am)Nc File: [No.0005-303.NC]
[I](2023-01-14  09:39:40 am)  * Start Machine Position
[I](2023-01-14  09:39:40 am)    X:    113.8524
[I](2023-01-14  09:39:40 am)    Y:   -533.5148
[I](2023-01-14  09:39:40 am)    U:      0.0000
[I](2023-01-14  09:39:40 am)    V:      0.0000
[I](2023-01-14  09:39:40 am)    Z:     44.1550
[I](2023-01-14  09:39:40 am)  * Angle
[I](2023-01-14  09:39:40 am)    Ar:     -0.1360,Kr:      0.0000
[I](2023-01-14  09:39:40 am)    Taper_Ar:      0.0000
[I](2023-01-14  09:39:56 am)작업중 정지 [d:0][t:00:00:15]
[I](2023-01-14  09:39:56 am)    [LNo:0005] 001104/001488
[I](2023-01-14  09:47:45 am)작업중 정지 [d:8][t:00:08:04]
[I](2023-01-14  09:47:45 am)    [LNo:0005] 001123/001488
[I](2023-01-14  09:47:45 am)작업중 M코드정지 [d:8][t:00:08:05]
[I](2023-01-14  09:48:19 am)작업중 정지 [d:8][t:00:08:39]
[I](2023-01-14  09:48:19 am)    [LNo:0005] 001138/001488
[I](2023-01-14  09:48:58 am)작업중 정지 [d:8][t:00:09:18]
[I](2023-01-14  09:48:58 am)    [LNo:0005] 001154/001488
[I](2023-01-14  09:48:59 am)작업중 M코드정지 [d:8][t:00:09:18]
[A](2023-01-14  09:49:02 am)[036] 자동결선 절단 공정 실패!!
[I](2023-01-14  09:51:11 am)작업중 정지 [d:9][t:00:11:31]
[I](2023-01-14  09:51:11 am)    [LNo:0005] 001167/001488
[I](2023-01-14  09:51:48 am)Reset
[I](2023-01-14  09:52:18 am)Reset
[I](2023-01-14  09:52:40 am)Reset
[I](2023-01-14  09:52:41 am)작업 시작 [Start d:9]
[I](2023-01-14  09:52:41 am)Nc File: [No.0005-303.NC *]
[I](2023-01-14  09:52:41 am)  * Start Machine Position
[I](2023-01-14  09:52:41 am)    X:    113.8524
[I](2023-01-14  09:52:41 am)    Y:   -533.5148
[I](2023-01-14  09:52:41 am)    U:      0.0000
[I](2023-01-14  09:52:41 am)    V:      0.0000
[I](2023-01-14  09:52:41 am)    Z:     44.1550
[I](2023-01-14  09:52:41 am)  * Angle
[I](2023-01-14  09:52:41 am)    Ar:     -0.1360,Kr:      0.0000
[I](2023-01-14  09:52:41 am)    Taper_Ar:      0.0000
[I](2023-01-14  12:13:46 pm)작업중 정지 [d:133][t:02:21:04]
[I](2023-01-14  12:13:46 pm)    [LNo:0005] 000440/001488
[A](2023-01-14  12:13:46 pm)[008] 작업중 단선(AWF Feed Motor Stop )
[I](2023-01-14  12:13:46 pm)작업중 Wire 단선 [d:133][t:02:21:04]
[I](2023-01-14  12:13:57 pm)작업 재시작
[I](2023-01-14  12:17:40 pm)작업중 정지 [d:137][t:02:24:58]
[I](2023-01-14  12:17:40 pm)    [LNo:0005] 000444/001488
[A](2023-01-14  12:17:40 pm)[093] 보빈 와이어 단선
[I](2023-01-14  12:17:40 pm)작업중 Wire 단선 [d:137][t:02:24:58]
[I](2023-01-14  12:25:23 pm)작업 재시작
[I](2023-01-14  01:25:22 pm)작업중 정지 [d:190][t:03:32:40]
[I](2023-01-14  01:25:22 pm)    [LNo:0005] 000637/001488
[A](2023-01-14  01:28:58 pm)[041] AWF 명령끝날때까지 센서감지(타임아웃) 안됨
[I](2023-01-14  06:56:26 pm)작업중 정지 [d:505][t:09:03:44]
[I](2023-01-14  06:56:26 pm)    [LNo:0005] 001218/001488
[I](2023-01-14  07:16:24 pm)작업 재시작
