[I](2023-01-11  06:20:14 am)작업중 정지 [d:651][t:11:16:23]
[I](2023-01-11  06:20:14 am)    [LNo:0002] 000588/001066
[A](2023-01-11  06:20:14 am)[008] 작업중 단선(AWF Feed Motor Stop )
[I](2023-01-11  06:20:14 am)작업중 Wire 단선 [d:651][t:11:16:23]
[I](2023-01-11  06:21:20 am)작업 재시작
[I](2023-01-11  06:42:16 am)작업중 정지 [d:671][t:11:38:25]
[I](2023-01-11  06:42:16 am)    [LNo:0002] 000596/001066
[I](2023-01-11  06:42:16 am)작업중 M코드정지 [d:671][t:11:38:25]
[I](2023-01-11  08:32:50 am)Reset
[I](2023-01-11  08:48:38 am)Reset
[I](2023-01-11  08:48:38 am)Reset
[I](2023-01-11  08:48:59 am)Reset
[I](2023-01-11  08:48:59 am)Reset
[I](2023-01-11  08:50:58 am)Reset
[I](2023-01-11  08:50:58 am)Reset
[I](2023-01-11  09:08:35 am)Reset
[I](2023-01-11  09:11:11 am)Reset
[I](2023-01-11  09:11:11 am)Reset
[A](2023-01-11  09:11:16 am)[036] 자동결선 절단 공정 실패!!
[I](2023-01-11  09:11:19 am)Reset
[I](2023-01-11  09:13:47 am)Reset
[I](2023-01-11  09:13:47 am)Reset
[I](2023-01-11  09:17:14 am)Reset
[I](2023-01-11  09:19:02 am)Reset
[I](2023-01-11  09:20:17 am)Reset
[I](2023-01-11  09:21:11 am)Reset
[I](2023-01-11  09:25:59 am)작업 시작 [Start d:0]
[I](2023-01-11  09:25:59 am)Nc File: [No.0004-672.NC]
[I](2023-01-11  09:25:59 am)  * Start Machine Position
[I](2023-01-11  09:25:59 am)    X:    716.1046
[I](2023-01-11  09:25:59 am)    Y:   -347.6449
[I](2023-01-11  09:25:59 am)    U:      0.0000
[I](2023-01-11  09:25:59 am)    V:      0.0000
[I](2023-01-11  09:25:59 am)    Z:     26.2693
[I](2023-01-11  09:25:59 am)  * Angle
[I](2023-01-11  09:25:59 am)    Ar:      0.0204,Kr:      0.0000
[I](2023-01-11  09:25:59 am)    Taper_Ar:      0.0000
[I](2023-01-11  09:26:42 am)작업중 정지 [d:0][t:00:00:43]
[I](2023-01-11  09:26:42 am)    [LNo:0004] 000010/000239
[I](2023-01-11  09:26:42 am)작업중 M코드정지 [d:0][t:00:00:43]
[I](2023-01-11  09:28:16 am)작업중 정지 [d:1][t:00:02:16]
[I](2023-01-11  09:28:16 am)    [LNo:0004] 000036/000239
[I](2023-01-11  09:28:16 am)작업중 M코드정지 [d:1][t:00:02:17]
[I](2023-01-11  09:28:38 am)작업중 정지 [d:1][t:00:02:39]
[I](2023-01-11  09:28:38 am)    [LNo:0004] 000037/000239
[I](2023-01-11  09:28:48 am)작업 재시작
[I](2023-01-11  09:28:55 am)작업중 정지 [d:2][t:00:02:56]
[I](2023-01-11  09:28:55 am)    [LNo:0004] 000039/000239
[I](2023-01-11  09:28:55 am)작업중 M코드정지 [d:2][t:00:02:56]
[I](2023-01-11  09:29:21 am)작업중 정지 [d:2][t:00:03:21]
[I](2023-01-11  09:29:21 am)    [LNo:0004] 000042/000239
[I](2023-01-11  09:29:32 am)작업중 정지 [d:2][t:00:03:33]
[I](2023-01-11  09:29:32 am)    [LNo:0004] 000045/000239
[I](2023-01-11  09:30:05 am)작업 재시작
[I](2023-01-11  09:32:56 am)작업중 정지 [d:4][t:00:06:57]
[I](2023-01-11  09:32:56 am)    [LNo:0004] 000061/000239
[I](2023-01-11  09:33:13 am)작업 재시작
[I](2023-01-11  10:05:09 am)작업중 정지 [d:36][t:00:39:10]
[I](2023-01-11  10:05:09 am)    [LNo:0004] 000070/000239
[I](2023-01-11  10:05:09 am)Wire Contact Auto Stop(M52)
[I](2023-01-11  10:06:19 am)작업 재시작
[I](2023-01-11  10:06:58 am)작업중 정지 [d:37][t:00:40:58]
[I](2023-01-11  10:06:58 am)    [LNo:0004] 000071/000239
[I](2023-01-11  10:06:58 am)작업중 M코드정지 [d:37][t:00:40:58]
[I](2023-01-11  10:07:14 am)작업중 정지 [d:37][t:00:41:14]
[I](2023-01-11  10:07:14 am)    [LNo:0004] 000074/000239
[I](2023-01-11  10:07:14 am)작업중 M코드정지 [d:37][t:00:41:14]
[I](2023-01-11  10:07:53 am)작업중 정지 [d:37][t:00:41:54]
[I](2023-01-11  10:07:53 am)    [LNo:0004] 000077/000239
[I](2023-01-11  10:07:53 am)작업중 Single Block Stop [d:37][t:00:41:54]
[I](2023-01-11  10:18:22 am)Reset
[I](2023-01-11  10:18:59 am)Reset
[I](2023-01-11  10:19:36 am)작업 시작 [Start d:37]
[I](2023-01-11  10:19:36 am)Nc File: [No.0004-672.NC]
[I](2023-01-11  10:19:36 am)  * Start Machine Position
[I](2023-01-11  10:19:36 am)    X:    716.1046
[I](2023-01-11  10:19:36 am)    Y:   -347.6449
[I](2023-01-11  10:19:36 am)    U:      0.0000
[I](2023-01-11  10:19:36 am)    V:      0.0000
[I](2023-01-11  10:19:36 am)    Z:     49.2783
[I](2023-01-11  10:19:36 am)  * Angle
[I](2023-01-11  10:19:36 am)    Ar:      0.0204,Kr:      0.0000
[I](2023-01-11  10:19:36 am)    Taper_Ar:      0.0000
[I](2023-01-11  10:19:53 am)작업중 정지 [d:0][t:00:00:16]
[I](2023-01-11  10:19:53 am)    [LNo:0004] 000082/000239
[I](2023-01-11  10:55:07 am)작업중 정지 [d:34][t:00:35:30]
[I](2023-01-11  10:55:07 am)    [LNo:0004] 000109/000239
[I](2023-01-11  10:55:07 am)Wire Contact Auto Stop(M52)
[I](2023-01-11  10:59:04 am)작업 재시작
[I](2023-01-11  10:59:10 am)작업중 정지 [d:34][t:00:39:34]
[I](2023-01-11  10:59:10 am)    [LNo:0004] 000109/000239
[I](2023-01-11  11:00:43 am)작업 재시작
[I](2023-01-11  11:00:49 am)작업중 정지 [d:34][t:00:41:12]
[I](2023-01-11  11:00:49 am)    [LNo:0004] 000110/000239
[I](2023-01-11  11:00:49 am)작업중 M코드정지 [d:34][t:00:41:12]
[I](2023-01-11  11:02:45 am)작업중 정지 [d:34][t:00:43:09]
[I](2023-01-11  11:02:45 am)    [LNo:0004] 000112/000239
[I](2023-01-11  11:02:45 am)작업중 M코드정지 [d:34][t:00:43:09]
[I](2023-01-11  11:03:10 am)작업중 정지 [d:34][t:00:43:34]
[I](2023-01-11  11:03:10 am)    [LNo:0004] 000114/000239
[I](2023-01-11  11:03:10 am)작업중 M코드정지 [d:34][t:00:43:34]
[I](2023-01-11  11:20:40 am)작업중 정지 [d:47][t:01:01:04]
[I](2023-01-11  11:20:40 am)    [LNo:0004] 000143/000239
[I](2023-01-11  11:20:40 am)작업중 M코드정지 [d:47][t:01:01:04]
[I](2023-01-11  11:38:59 am)작업중 정지 [d:56][t:01:19:23]
[I](2023-01-11  11:38:59 am)    [LNo:0004] 000164/000239
[I](2023-01-11  11:38:59 am)Wire Contact Auto Stop(M52)
[I](2023-01-11  11:46:49 am)작업 재시작
[I](2023-01-11  11:47:17 am)작업중 정지 [d:57][t:01:27:41]
[I](2023-01-11  11:47:17 am)    [LNo:0004] 000164/000239
[I](2023-01-11  11:47:47 am)작업 재시작
[I](2023-01-11  11:47:52 am)작업중 정지 [d:57][t:01:28:15]
[I](2023-01-11  11:47:52 am)    [LNo:0004] 000165/000239
[I](2023-01-11  11:47:52 am)작업중 M코드정지 [d:57][t:01:28:15]
[I](2023-01-11  11:48:07 am)작업중 정지 [d:57][t:01:28:31]
[I](2023-01-11  11:48:07 am)    [LNo:0004] 000167/000239
[I](2023-01-11  11:48:07 am)작업중 M코드정지 [d:57][t:01:28:31]
[I](2023-01-11  12:00:53 pm)작업중 정지 [d:68][t:01:41:16]
[I](2023-01-11  12:00:53 pm)    [LNo:0004] 000208/000239
[I](2023-01-11  12:00:53 pm)Wire Contact Auto Stop(M52)
[I](2023-01-11  12:01:38 pm)작업 재시작
[I](2023-01-11  12:01:42 pm)작업중 정지 [d:68][t:01:42:06]
[I](2023-01-11  12:01:42 pm)    [LNo:0004] 000208/000239
[I](2023-01-11  12:08:59 pm)작업 재시작
[I](2023-01-11  12:09:05 pm)작업중 정지 [d:68][t:01:49:29]
[I](2023-01-11  12:09:05 pm)    [LNo:0004] 000209/000239
[I](2023-01-11  12:09:05 pm)작업중 M코드정지 [d:68][t:01:49:29]
[I](2023-01-11  12:10:59 pm)작업중 정지 [d:69][t:01:51:22]
[I](2023-01-11  12:10:59 pm)    [LNo:0004] 000211/000239
[I](2023-01-11  12:10:59 pm)작업중 M코드정지 [d:69][t:01:51:22]
[I](2023-01-11  12:16:09 pm)작업중 정지 [d:73][t:01:56:32]
[I](2023-01-11  12:16:09 pm)    [LNo:0004] 000235/000239
[I](2023-01-11  12:16:09 pm)작업중 M코드정지 [d:73][t:01:56:32]
[I](2023-01-11  01:15:12 pm)Reset
[I](2023-01-11  01:15:12 pm)Reset
[I](2023-01-11  01:15:16 pm)Reset
[I](2023-01-11  01:15:22 pm)Reset
[A](2023-01-11  01:21:15 pm)[040] Air Pressure abnormal !!
[I](2023-01-11  01:24:26 pm)작업 시작 [Start d:110]
[I](2023-01-11  01:24:26 pm)Nc File: [No.0006-607.NC]
[I](2023-01-11  01:24:26 pm)  * Start Machine Position
[I](2023-01-11  01:24:26 pm)    X:    933.4476
[I](2023-01-11  01:24:26 pm)    Y:   -416.6530
[I](2023-01-11  01:24:26 pm)    U:      0.0000
[I](2023-01-11  01:24:26 pm)    V:      0.0000
[I](2023-01-11  01:24:26 pm)    Z:     30.0407
[I](2023-01-11  01:24:26 pm)  * Angle
[I](2023-01-11  01:24:26 pm)    Ar:      0.1778,Kr:      0.0000
[I](2023-01-11  01:24:26 pm)    Taper_Ar:      0.0000
[I](2023-01-11  03:25:39 pm)작업중 정지 [d:121][t:02:01:13]
[I](2023-01-11  03:25:39 pm)    [LNo:0006] 000347/000722
[I](2023-01-11  03:25:39 pm)작업중 M코드정지 [d:121][t:02:01:13]
[I](2023-01-11  03:30:27 pm)작업중 정지 [d:121][t:02:06:01]
[I](2023-01-11  03:30:27 pm)    [LNo:0006] 000355/000722
[I](2023-01-11  03:30:27 pm)작업중 M코드정지 [d:121][t:02:06:01]
[I](2023-01-11  03:32:59 pm)작업중 정지 [d:122][t:02:08:32]
[I](2023-01-11  03:32:59 pm)    [LNo:0006] 000372/000722
[I](2023-01-11  03:32:59 pm)작업중 30sec 접촉 정지 [d:122][t:02:08:32]
[I](2023-01-11  03:33:26 pm)작업 재시작
[I](2023-01-11  06:05:49 pm)작업중 정지 [d:274][t:04:41:22]
[I](2023-01-11  06:05:49 pm)    [LNo:0006] 000704/000722
[I](2023-01-11  06:05:49 pm)작업중 M코드정지 [d:274][t:04:41:22]
[I](2023-01-11  06:07:43 pm)작업중 정지 [d:274][t:04:43:17]
[I](2023-01-11  06:07:43 pm)    [LNo:0006] 000712/000722
[I](2023-01-11  06:07:43 pm)작업중 M코드정지 [d:274][t:04:43:17]
[I](2023-01-11  06:12:09 pm)Reset
[I](2023-01-11  06:12:17 pm)Reset
[I](2023-01-11  06:13:20 pm)Reset
[A](2023-01-11  06:20:13 pm)[040] Air Pressure abnormal !!
[I](2023-01-11  06:21:32 pm)Reset
[I](2023-01-11  06:26:28 pm)작업 시작 [Start d:384]
[I](2023-01-11  06:26:28 pm)Nc File: [No.0003-677.NC]
[I](2023-01-11  06:26:28 pm)  * Start Machine Position
[I](2023-01-11  06:26:28 pm)    X:    931.4821
[I](2023-01-11  06:26:28 pm)    Y:   -488.0745
[I](2023-01-11  06:26:28 pm)    U:      0.0000
[I](2023-01-11  06:26:28 pm)    V:      0.0000
[I](2023-01-11  06:26:28 pm)    Z:     30.3382
[I](2023-01-11  06:26:28 pm)  * Angle
[I](2023-01-11  06:26:28 pm)    Ar:      0.1891,Kr:      0.0000
[I](2023-01-11  06:26:28 pm)    Taper_Ar:      0.0000
[I](2023-01-11  06:33:57 pm)작업중 정지 [d:8][t:00:07:29]
[I](2023-01-11  06:33:57 pm)    [LNo:0003] 000021/000243
[I](2023-01-11  06:33:57 pm)작업중 M코드정지 [d:8][t:00:07:29]
[I](2023-01-11  06:34:59 pm)작업중 정지 [d:9][t:00:08:31]
[I](2023-01-11  06:34:59 pm)    [LNo:0003] 000024/000243
[I](2023-01-11  06:34:59 pm)작업중 M코드정지 [d:9][t:00:08:31]
[I](2023-01-11  07:00:45 pm)작업중 정지 [d:33][t:00:34:17]
[I](2023-01-11  07:00:45 pm)    [LNo:0003] 000089/000243
[A](2023-01-11  07:00:45 pm)[093] 보빈 와이어 단선
[I](2023-01-11  07:00:45 pm)작업중 Wire 단선 [d:33][t:00:34:17]
[I](2023-01-11  07:03:59 pm)작업 재시작
[I](2023-01-11  07:11:43 pm)작업중 정지 [d:40][t:00:45:15]
[I](2023-01-11  07:11:43 pm)    [LNo:0003] 000113/000243
[I](2023-01-11  07:11:43 pm)작업중 M코드정지 [d:40][t:00:45:15]
[I](2023-01-11  07:12:03 pm)작업중 정지 [d:40][t:00:45:35]
[I](2023-01-11  07:12:03 pm)    [LNo:0003] 000114/000243
[I](2023-01-11  07:12:03 pm)Wire Contact Auto Stop(M52)
[I](2023-01-11  07:12:35 pm)작업 재시작
[I](2023-01-11  07:12:37 pm)작업중 정지 [d:40][t:00:46:09]
[I](2023-01-11  07:12:37 pm)    [LNo:0003] 000115/000243
[I](2023-01-11  07:12:37 pm)작업중 M코드정지 [d:40][t:00:46:09]
[I](2023-01-11  07:20:12 pm)작업중 정지 [d:47][t:00:53:44]
[I](2023-01-11  07:20:12 pm)    [LNo:0003] 000138/000243
[I](2023-01-11  07:20:12 pm)작업중 M코드정지 [d:47][t:00:53:44]
[I](2023-01-11  07:20:49 pm)작업중 정지 [d:47][t:00:54:21]
[I](2023-01-11  07:20:49 pm)    [LNo:0003] 000141/000243
[I](2023-01-11  07:20:49 pm)작업중 M코드정지 [d:47][t:00:54:21]
[I](2023-01-11  07:53:50 pm)작업중 정지 [d:77][t:01:27:22]
[I](2023-01-11  07:53:50 pm)    [LNo:0003] 000231/000243
[I](2023-01-11  07:53:50 pm)작업중 M코드정지 [d:77][t:01:27:22]
[I](2023-01-11  07:55:35 pm)작업중 정지 [d:77][t:01:29:07]
[I](2023-01-11  07:55:35 pm)    [LNo:0003] 000232/000243
[I](2023-01-11  07:55:35 pm)Wire Contact Auto Stop(M52)
[I](2023-01-11  08:01:41 pm)Reset
[I](2023-01-11  08:06:49 pm)Reset
[I](2023-01-11  08:06:50 pm)Reset
[I](2023-01-11  08:08:01 pm)Reset
[I](2023-01-11  08:26:23 pm)Reset
[A](2023-01-11  08:27:49 pm)[036] 자동결선 절단 공정 실패!!
[I](2023-01-11  08:29:17 pm)Reset
[I](2023-01-11  08:30:08 pm)작업 시작 [Start d:0]
[I](2023-01-11  08:30:08 pm)Nc File: [No.0001-645.NC *]
[I](2023-01-11  08:30:08 pm)  * Start Machine Position
[I](2023-01-11  08:30:08 pm)    X:    113.9333
[I](2023-01-11  08:30:08 pm)    Y:   -490.4046
[I](2023-01-11  08:30:08 pm)    U:      0.0000
[I](2023-01-11  08:30:08 pm)    V:      0.0000
[I](2023-01-11  08:30:08 pm)    Z:     43.9433
[I](2023-01-11  08:30:08 pm)  * Angle
[I](2023-01-11  08:30:08 pm)    Ar:     -0.1343,Kr:      0.0000
[I](2023-01-11  08:30:08 pm)    Taper_Ar:      0.0000
[I](2023-01-11  08:30:24 pm)작업중 정지 [d:0][t:00:00:15]
[I](2023-01-11  08:30:24 pm)    [LNo:0001] 001104/001488
[A](2023-01-11  08:30:28 pm)[091] Auto Door Sensor Abnormal
[I](2023-01-11  08:35:19 pm)작업중 정지 [d:2][t:00:05:10]
[I](2023-01-11  08:35:19 pm)    [LNo:0001] 001128/001488
[I](2023-01-11  08:35:55 pm)작업중 정지 [d:2][t:00:05:46]
[I](2023-01-11  08:35:55 pm)    [LNo:0001] 001156/001488
[I](2023-01-11  08:37:29 pm)작업중 정지 [d:3][t:00:07:20]
[I](2023-01-11  08:37:29 pm)    [LNo:0001] 001165/001488
[I](2023-01-11  08:38:13 pm)Reset
[I](2023-01-11  08:38:18 pm)작업 시작 [Start d:3]
[I](2023-01-11  08:38:18 pm)Nc File: [No.0001-645.NC *]
[I](2023-01-11  08:38:18 pm)  * Start Machine Position
[I](2023-01-11  08:38:18 pm)    X:    113.9333
[I](2023-01-11  08:38:18 pm)    Y:   -490.4046
[I](2023-01-11  08:38:18 pm)    U:      0.0000
[I](2023-01-11  08:38:18 pm)    V:      0.0000
[I](2023-01-11  08:38:18 pm)    Z:     43.9433
[I](2023-01-11  08:38:18 pm)  * Angle
[I](2023-01-11  08:38:18 pm)    Ar:     -0.1343,Kr:      0.0000
[I](2023-01-11  08:38:18 pm)    Taper_Ar:      0.0000
[I](2023-01-11  08:38:21 pm)작업중 정지 [d:0][t:00:00:02]
[I](2023-01-11  08:38:21 pm)    [LNo:0001] 000009/001488
[I](2023-01-11  08:38:28 pm)Reset
[I](2023-01-11  08:38:35 pm)Reset
[I](2023-01-11  08:38:39 pm)작업 시작 [Start d:3]
[I](2023-01-11  08:38:39 pm)Nc File: [No.0001-645.NC *]
[I](2023-01-11  08:38:39 pm)  * Start Machine Position
[I](2023-01-11  08:38:39 pm)    X:    113.9333
[I](2023-01-11  08:38:39 pm)    Y:   -490.4046
[I](2023-01-11  08:38:39 pm)    U:      0.0000
[I](2023-01-11  08:38:39 pm)    V:      0.0000
[I](2023-01-11  08:38:39 pm)    Z:     43.9433
[I](2023-01-11  08:38:39 pm)  * Angle
[I](2023-01-11  08:38:39 pm)    Ar:     -0.1343,Kr:      0.0000
[I](2023-01-11  08:38:39 pm)    Taper_Ar:      0.0000
